12709   0.000000 libjli.so->getenv("_JAVA_LAUNCHER_DEBUG") = nil
12709   0.002052 libjli.so->getenv("_JAVA_VERSION_SET") = nil
12709   0.001181 libjli.so->fopen("/usr/lib/jvm/java-1.8.0-openjdk-1.8.0.252.b09-2.el7_8.x86_64/jre/lib/amd64/jvm.cfg", "r") = 0x556dd8b200e0
12709   0.000796 libjli.so->getenv("JDK_ALTERNATE_VM") = nil
12709   0.000322 libjli.so->__xstat(1, "/usr/lib/jvm/java-1.8.0-openjdk-1.8.0.252.b09-2.el7_8.x86_64/jre/lib/amd64/server/libjvm.so", 0x7ffcddbaa770) = 0
12709   0.000583 libjli.so->getenv("LD_LIBRARY_PATH") = "/afs/crc.nd.edu/group/ccl/software/x86_64/redhat7/ruby/current/lib:/afs/crc.nd.edu/group/ccl/software/x86_64/redhat7/graphviz/current/lib:/afs/crc.nd.edu/group/ccl/software/x86_64/redhat7/git/current/lib:/afs/crc.nd.edu/group/ccl/software/x86_64/redhat7/condor/current/lib:/afs/crc.nd.edu/group/ccl/software/x86_64/redhat7/clang/current/lib:/afs/crc.nd.edu/group/ccl/software/x86_64/redhat7/condor/current/lib:/afs/crc.nd.edu/group/ccl/software/x86_64/redhat7/cctools/current/lib:/opt/crc/usr/local/lib"
12709   0.002105 libjli.so->dlopen("/usr/lib/jvm/java-1.8.0-openjdk-1.8.0.252.b09-2.el7_8.x86_64/jre/lib/amd64/server/libjvm.so", 258 <unfinished ...>
12709   0.036994 libjvm.so->getenv("NMT_LEVEL_12709") = nil
12709   0.001886 <... dlopen resumed> )          = 0x556dd8b204b0
12709   0.000068 libjli.so->getenv("CLASSPATH")  = nil
12709   0.000348 libjli.so->getenv("_JAVA_SPLASH_JAR") = nil
12709   0.000313 libjli.so->getenv("_JAVA_SPLASH_FILE") = nil
12709   0.000308 libjli.so->pthread_attr_setdetachstate(0x7ffcddbaa720, 0, 0x7ffcddbaa7b0, 0) = 0
12709   0.000610 libpthread.so.0->__clone(0x2b60e876cde0, 0x2b60e867ffc0, 0x3d0f00, 0x2b60e8680700) = 0x31a6
12710   0.001751 libjvm.so->dlopen(0x2b60e9ecc52e, 1, 0xfffffffffff42c48, 4096) = 0x2b60ec000990
12710   0.002694 libjvm.so->getenv(0x2b60e9ee72c0, 0, 115, 0x65737361) = 0x7ffcddbb1674
12710   0.000543 libjvm.so->fopen(0x2b60e867ebe0, 0x2b60e9e869ab, 0x6f732e79666972, 0x2b60e9044ab0) = 0x2b60ec001440
12710   0.001680 libjvm.so->dlopen(0x2b60e867ebe0, 1, 0xffffffff, 0x2b60ec002b00) = 0x2b60ec001440
12710   0.001596 libjvm.so->fopen(0x2b60e867ebe0, 0x2b60e9e869ab, 111, 0x732e6176) = 0x2b60ec001b10
12710   0.001992 libjvm.so->dlopen(0x2b60e867ebe0, 1, 0xffffffff, 0x2b60ec001a00) = 0x2b60ec001b10
12710   0.001751 libjvm.so->__xstat(1, 0x2b60e867f330, 0x2b60e867fb70, 0x637274) = -1
12710   0.000504 libjvm.so->getenv(0x2b60e9e7f226, 0x2b60e867f6a0, 1024, 0x2b60ea3235db) = 0
12710   0.000567 libjvm.so->getenv(0x2b60e9e7f218, 0x2b60e867f6a0, 1024, 0) = 0
12710   0.000524 libjvm.so->fopen(0x2b60e9ecbe95, 0x2b60e9e869ab, 4095, 24) = 0x2b60ec0032b0
12710   0.001239 libjvm.so->fopen(0x2b60e9ecbee1, 0x2b60e9e869ab, 0x2b60ec000078, 0x2b60ec0032a0) = 0x2b60ec0032b0
12710   0.000792 libjvm.so->fopen(0x2b60e8679980, 0x2b60e9e869ab, 4016, 3997) = 0x2b60ec0032b0
12710   0.000713 libjvm.so->opendir(0x2b60ec002b40, 0x2b60ec002b40, 13, 16) = 0
12710   0.000541 libjvm.so->__xstat(1, 0x2b60e867e8c0, 0x2b60e867d830, 0x6f732e7477616d62) = -1
12710   0.000479 libjvm.so->__xstat(1, 0x2b60e867e8c0, 0x2b60e867d830, 0x5f74776162696c2f) = 0
12710   0.000649 libjvm.so->fopen(0x2b60e867db60, 0x2b60e9e869ab, 4011, 3996) = 0x2b60ec003790
12710   0.000712 libjvm.so->fopen(0x2b60e867db60, 0x2b60e9e869ab, 4011, 3996) = 0x2b60ec003790
12710   0.000775 libjvm.so->fopen(0x2b60e867db60, 0x2b60e9e869ab, 4011, 4004) = 0x2b60ec003790
12710   0.000829 libjvm.so->fopen(0x2b60e867daf0, 0x2b60e9e869ab, 4011, 3996) = 0x2b60ec003790
12710   0.000721 libjvm.so->fopen(0x2b60e867daf0, 0x2b60e9e869ab, 4011, 3996) = 0x2b60ec003790
12710   0.000629 libjvm.so->fopen(0x2b60e867daf0, 0x2b60e9e869ab, 4011, 4004) = 0x2b60ec003790
12710   0.000637 libjvm.so->fopen(0x2b60e867db20, 0x2b60e9e869ab, 4016, 3997) = 0x2b60ec003790
12710   0.001287 libjvm.so->getenv(0x2b60e9eccc5e, 4096, 3, -1) = 0
12710   0.000939 libjvm.so->fopen(0x2b60e9ecc518, 0x2b60e9e869ab, 0x2b60e8763908, 0x2b60e8762df0) = 0x2b60ec003790
12710   0.004775 libjvm.so->open(0x2b60ec04a580, 0x20000, 0, 0x2b60ec04a5c9) = 3
12710   0.000480 libjvm.so->__fxstat(1, 3, 0x2b60e867f9d0, -1) = 0
12710   0.000495 libjvm.so->opendir(0x2b60ec04a580, 0x2b60e867f9d0, 0x4000, -1) = 0x2b60ec04b490
12710   0.000612 libjvm.so->__fxstat(1, 3, 0x2b60e867f870, 0x2b60ec04b490) = 0
12710   0.000458 libjvm.so->__fxstat(1, 5, 0x2b60e867f900, -1) = 0
12710   0.000592 libjvm.so->open(0x2b60e9e9d85c, 0, 0, 0) = 3
12710   0.000677 libjvm.so->__lxstat(1, 0x2b60ec04a580, 0x2b60e867fb20, -144) = 0
12710   0.000486 libjvm.so->open(0x2b60ec04a580, 0x20000, 0x4000, -1) = 3
12710   0.000472 libjvm.so->__fxstat(1, 3, 0x2b60e867f9d0, -1) = 0
12710   0.000532 libjvm.so->opendir(0x2b60ec04a580, 0x2b60e867f9d0, 0x4000, -1) = 0x2b60ec04b490
12710   0.000433 libjvm.so->__fxstat(1, 3, 0x2b60e867f870, 0x2b60ec04b490) = 0
12710   0.000517 libjvm.so->__fxstat(1, 5, 0x2b60e867f900, -1) = 0
12710   0.000528 libjvm.so->open(0x2b60e9e9d85c, 0, 0, 0) = 3
12710   0.000531 libjvm.so->open(0x2b60ec04a5c9, 0x20042, 384, -1) = 7
12710   0.000758 libjvm.so->__fxstat(1, 7, 0x2b60e867fb20, -1) = 0
12710   0.002128 libjvm.so->fopen(0x2b60e867eb30, 0x2b60e9e869ab, 4, 0x6f732e70) = 0x2b60ec057b70
12710   0.001571 libjvm.so->dlopen(0x2b60e867eb30, 1, 0xffffffff, 0x2b60ec057b00) = 0x2b60ec057b70
12710   0.001631 libjvm.so->__xstat(1, 0x2b60e867f0f0, 0x2b60e867f920, 2048) = 0
12710   0.000952 libjvm.so->__xstat(1, 0x2b60e867f0f0, 0x2b60e867f920, 2048) = 0
12710   0.000640 libjvm.so->__xstat(1, 0x2b60e867f0f0, 0x2b60e867f920, 2048) = -1
12710   0.000515 libjvm.so->__xstat(1, 0x2b60e867f0f0, 0x2b60e867f920, 2048) = 0
12710   0.000612 libjvm.so->__xstat(1, 0x2b60e867f0f0, 0x2b60e867f920, 2048) = 0
12710   0.000507 libjvm.so->__xstat(1, 0x2b60e867f0f0, 0x2b60e867f920, 2048) = 0
12710   0.000619 libjvm.so->__xstat(1, 0x2b60e867f0f0, 0x2b60e867f920, 2048) = -1
12710   0.000536 libjvm.so->__xstat(1, 0x2b60e867f0f0, 0x2b60e867f920, 2048) = -1
12710   0.000553 libjvm.so->fopen(0x2b60ec002520, 0x2b60e9e869ab, 0, 0) = 0x2b60ec0588e0
12710   0.008557 libjvm.so->open64(0x2b60e867e490, 0, 0, 16) = 3
12710   0.000654 libjvm.so->__fxstat64(1, 3, 0x2b60e867e2c0, -1) = 0
12710   0.036095 libjvm.so->__xstat(1, 0x2b60e867eef0, 0x2b60e867f720, 2048) = -1
12710   0.000594 libjvm.so->fopen(0x2b60e867daf0, 0x2b60e9e869ab, 4011, 3996) = 0x2b60ec0b5b60
12710   0.000690 libjvm.so->fopen(0x2b60e867daf0, 0x2b60e9e869ab, 4011, 3996) = 0x2b60ec0b5b60
12710   0.000641 libjvm.so->fopen(0x2b60e867daf0, 0x2b60e9e869ab, 4011, 4004) = 0x2b60ec0b5b60
12710   0.004304 libjvm.so->pthread_attr_setdetachstate(0x2b60e867fbd0, 1, 0, 0) = 0
12710   0.000758 libpthread.so.0->__clone(0x2b60e876cde0, 0x2b60ebd4ffc0, 0x3d0f00, 0x2b60ebd50700) = 0x31a7
12710   0.015860 libjvm.so->pthread_attr_setdetachstate(0x2b60e867f260, 1, 0, 0) = 0
12710   0.000726 libpthread.so.0->__clone(0x2b60e876cde0, 0x2b60ebe50fc0, 0x3d0f00, 0x2b60ebe51700) = 0x31a8
12710   0.006934 libjvm.so->pthread_attr_setdetachstate(0x2b60e867f5e0, 1, 0, 0) = 0
12710   0.000826 libpthread.so.0->__clone(0x2b60e876cde0, 0x2b60ebf51fc0, 0x3d0f00, 0x2b60ebf52700) = 0x31a9
12710   0.039291 libjvm.so->fopen(0x2b60ec0e8b80, 0x2b60e9e869ab, 4, 0x6f732e70) = 0x2b60ec0f16e0
12710   0.002012 libjvm.so->dlopen(0x2b60ec0e8b80, 1, 0xffffffff, 0x2b60ec0e8600) = 0x2b60ec057b70
12710   0.022543 libjvm.so->fopen(0x2b60e867b130, 0x2b60e9e869ab, 4011, 3996) = 0x2b60ec0f8fb0
12710   0.001131 libjvm.so->fopen(0x2b60e867b130, 0x2b60e9e869ab, 4011, 3996) = 0x2b60ec0f8fb0
12710   0.001107 libjvm.so->fopen(0x2b60e867b130, 0x2b60e9e869ab, 4011, 4004) = 0x2b60ec0f8fb0
12710   0.015057 libjvm.so->pthread_attr_setdetachstate(0x2b60e867fb20, 1, 0, 0) = 0
12710   0.001025 libpthread.so.0->__clone(0x2b60e876cde0, 0x2b610130bfc0, 0x3d0f00, 0x2b610130c700) = 0x31aa
12710   0.001739 libjvm.so->__xstat64(1, 0x2b60e867fbb0, 0x2b60e867fb20, 19) = -1
12710   0.001202 libjvm.so->pthread_attr_setdetachstate(0x2b60e867f920, 1, 0, 0) = 0
12710   0.001138 libpthread.so.0->__clone(0x2b60e876cde0, 0x2b610140cfc0, 0x3d0f00, 0x2b610140d700) = 0x31ab
12710   0.001865 libjvm.so->pthread_attr_setdetachstate(0x2b60e867f920, 1, 0, 0) = 0
12710   0.001320 libpthread.so.0->__clone(0x2b60e876cde0, 0x2b610150dfc0, 0x3d0f00, 0x2b610150e700) = 0x31ac
12710   0.007540 libjvm.so->pthread_attr_setdetachstate(0x2b60e867fa70, 1, 0, 0) = 0
12710   0.001393 libpthread.so.0->__clone(0x2b60e876cde0, 0x2b610160efc0, 0x3d0f00, 0x2b610160f700) = 0x31ad
12710   0.002099 libjvm.so->pthread_attr_setdetachstate(0x2b60e867fb80, 1, 0, 0) = 0
12710   0.001599 libpthread.so.0->__clone(0x2b60e876cde0, 0x2b610170ffc0, 0x3d0f00, 0x2b6101710700) = 0x31ae
12710   0.015301 libjvm.so->open64(0x2b60ec134540, 0, 0, 0) = 5
12710   0.001744 libjvm.so->__fxstat64(1, 5, 0x2b60e867cf90, -1) = 0
12710   0.026532 libjvm.so->fopen(0x2b60ec15a780, 0x2b60e9e869ab, 4, 0x6f732e6f) = 0x2b60ec15a840
12710   0.003437 libjvm.so->dlopen(0x2b60ec15a780, 1, 0xffffffff, 0x2b60ec15a700) = 0x2b60ec15a840
12716   0.048411 --- SIGSEGV (Segmentation fault) ---
12710   0.052506 libjvm.so->fopen(0x2b60e8679e90, 0x2b60e9e869ab, 0x6f732e, 0x6d766a62696c2f72) = 0x2b60ec16e8b0
12710   0.005746 libjvm.so->dlopen(0x2b60e8679e90, 1, 0xffffffff, 0x2b60ec16e800) = 0x556dd8b204b0
12710   0.001783 libjvm.so->fopen(0x2b60e8679e90, 0x2b60e9e869ab, 0x6f732e, 0x6d766a62696c2f72) = 0x2b60ec16eb60
12710   0.004758 libjvm.so->dlopen(0x2b60e8679e90, 1, 0xffffffff, 0x2b60ec16e800) = 0x556dd8b204b0
12710   0.001630 libjvm.so->fopen(0x2b60e8679e90, 0x2b60e9e869ab, 0x6f732e, 0x6d766a62696c2f72) = 0x2b60ec16e8b0
12710   0.003302 libjvm.so->dlopen(0x2b60e8679e90, 1, 0xffffffff, 0x2b60ec16e800) = 0x556dd8b204b0
12710   0.001638 libjvm.so->fopen(0x2b60e8679e90, 0x2b60e9e869ab, 0x6f732e, 0x6d766a62696c2f72) = 0x2b60ec16e8b0
12710   0.003321 libjvm.so->dlopen(0x2b60e8679e90, 1, 0xffffffff, 0x2b60ec16e800) = 0x556dd8b204b0
12710   0.044989 libjvm.so->fopen(0x2b60ec1cf260, 0x2b60e9e869ab, 4, 0x6f732e74) = 0x2b60ec1cb330
12710   0.003025 libjvm.so->dlopen(0x2b60ec1cf260, 1, 0xffffffff, 0x2b60ec1c5e00) = 0x2b60ec1cb330
12710   0.134029 libjvm.so->fopen(0x2b60ec242a90, 0x2b60e9e869ab, 0x6f732e7373656c, 0x656c646165685f74) = 0x2b60ec2464e0
12710   0.002935 libjvm.so->dlopen(0x2b60ec242a90, 1, 0xffffffff, 0x2b60ec246400) = 0x2b60ec2464e0
12710   3.666111 --- SIGSEGV (Segmentation fault) ---
12710   0.556695 --- SIGSEGV (Segmentation fault) ---
12710   0.000624 --- SIGSEGV (Segmentation fault) ---
12710   0.908508 --- SIGSEGV (Segmentation fault) ---
12710   0.000699 --- SIGSEGV (Segmentation fault) ---
12710   0.000439 --- SIGSEGV (Segmentation fault) ---
12710   0.992456 --- SIGSEGV (Segmentation fault) ---
12710   0.001634 --- SIGSEGV (Segmentation fault) ---
12710   0.000579 --- SIGSEGV (Segmentation fault) ---
12710   0.001167 --- SIGSEGV (Segmentation fault) ---
12710   0.826439 --- SIGSEGV (Segmentation fault) ---
12710   0.001378 --- SIGSEGV (Segmentation fault) ---
12710   0.000491 --- SIGSEGV (Segmentation fault) ---
12710   0.970497 --- SIGSEGV (Segmentation fault) ---
12710   0.001448 --- SIGSEGV (Segmentation fault) ---
12710   0.000800 --- SIGSEGV (Segmentation fault) ---
12710   0.000454 --- SIGSEGV (Segmentation fault) ---
12710   0.643151 --- SIGSEGV (Segmentation fault) ---
12710   0.000937 --- SIGSEGV (Segmentation fault) ---
12710   0.889284 --- SIGSEGV (Segmentation fault) ---
12710   0.001976 --- SIGSEGV (Segmentation fault) ---
12710   0.000585 --- SIGSEGV (Segmentation fault) ---
12710   0.965604 --- SIGSEGV (Segmentation fault) ---
12710   0.000580 --- SIGSEGV (Segmentation fault) ---
12710   0.873667 --- SIGSEGV (Segmentation fault) ---
12710   0.000559 --- SIGSEGV (Segmentation fault) ---
12710   1.206044 --- SIGSEGV (Segmentation fault) ---
12710   0.000509 --- SIGSEGV (Segmentation fault) ---
12710   0.001325 --- SIGSEGV (Segmentation fault) ---
12716   0.748442 --- SIGSEGV (Segmentation fault) ---
12710   0.000046 --- SIGSEGV (Segmentation fault) ---
12716   0.000696 --- SIGSEGV (Segmentation fault) ---
12710   0.000561 --- SIGSEGV (Segmentation fault) ---
12710   0.000447 --- SIGSEGV (Segmentation fault) ---
12710   0.873336 --- SIGSEGV (Segmentation fault) ---
12710   0.000495 --- SIGSEGV (Segmentation fault) ---
12710   0.000619 --- SIGSEGV (Segmentation fault) ---
12710   0.656333 --- SIGSEGV (Segmentation fault) ---
12710   0.000515 --- SIGSEGV (Segmentation fault) ---
12710   0.000504 --- SIGSEGV (Segmentation fault) ---
12710   0.000435 --- SIGSEGV (Segmentation fault) ---
12710   0.909672 --- SIGSEGV (Segmentation fault) ---
12710   0.860511 --- SIGSEGV (Segmentation fault) ---
12710   0.875056 --- SIGSEGV (Segmentation fault) ---
12710   0.939895 libjvm.so->fopen(0x2b60e867d0e0, 0x2b60e9e869ab, 111, 0x732e6176) = 0x2b60ec183ba0
12710   0.003026 libjvm.so->dlopen(0x2b60e867d0e0, 1, 0xffffffff, 0x2b60ec172e00) = 0x2b60ec001b10
12710   0.001611 libjvm.so->fopen(0x2b60e867d0e0, 0x2b60e9e869ab, 111, 0x732e6176) = 0x2b60ec183e50
12710   0.002621 libjvm.so->dlopen(0x2b60e867d0e0, 1, 0xffffffff, 0x2b60ec172e00) = 0x2b60ec001b10
12710   0.001679 libjvm.so->fopen(0x2b60e867d0e0, 0x2b60e9e869ab, 111, 0x732e6176) = 0x2b60ec183e50
12710   0.002592 libjvm.so->dlopen(0x2b60e867d0e0, 1, 0xffffffff, 0x2b60ec172e00) = 0x2b60ec001b10
12710   0.001567 libjvm.so->fopen(0x2b60e867d0e0, 0x2b60e9e869ab, 111, 0x732e6176) = 0x2b60ec183ba0
12710   0.002673 libjvm.so->dlopen(0x2b60e867d0e0, 1, 0xffffffff, 0x2b60ec172e00) = 0x2b60ec001b10
12710   0.015821 libjvm.so->fopen(0x2b60e867ce50, 0x2b60e9e869ab, 111, 0x732e6176) = 0x2b60ec189a20
12710   0.002740 libjvm.so->dlopen(0x2b60e867ce50, 1, 0xffffffff, 0x2b60ec22ae00) = 0x2b60ec001b10
12710   0.001572 libjvm.so->fopen(0x2b60e867ce50, 0x2b60e9e869ab, 111, 0x732e6176) = 0x2b60ec189a20
12710   0.002670 libjvm.so->dlopen(0x2b60e867ce50, 1, 0xffffffff, 0x2b60ec25a100) = 0x2b60ec001b10
12710   0.001569 libjvm.so->fopen(0x2b60e867ce50, 0x2b60e9e869ab, 111, 0x732e6176) = 0x2b60ec189a20
12710   0.002868 libjvm.so->dlopen(0x2b60e867ce50, 1, 0xffffffff, 0x2b60ec25a100) = 0x2b60ec001b10
12710   0.001542 libjvm.so->fopen(0x2b60e867ce50, 0x2b60e9e869ab, 111, 0x732e6176) = 0x2b60ec189a20
12710   0.002654 libjvm.so->dlopen(0x2b60e867ce50, 1, 0xffffffff, 0x2b60ec25a100) = 0x2b60ec001b10
12710   0.239780 --- SIGSEGV (Segmentation fault) ---
12710   3.548795 --- SIGSEGV (Segmentation fault) ---
12710   1.911805 --- SIGSEGV (Segmentation fault) ---
12718   0.568921 +++ exited (status 0) +++
12714   0.000397 --- SIGSEGV (Segmentation fault) ---
12711   0.000626 +++ exited (status 0) +++
12710   0.000479 +++ exited (status 0) +++
12717   0.000794 +++ exited (status 0) +++
12716   0.000031 +++ exited (status 0) +++
12715   0.000029 +++ exited (status 0) +++
12714   0.000021 +++ exited (status 0) +++
12713   0.000021 +++ exited (status 0) +++
12712   0.023659 +++ exited (status 0) +++
12709   0.000064 +++ exited (status 0) +++
Wrote an ltrace for command: "java -cp ./tools/maxent.jar density.Project outputs/Odontomyia_ornata/Odontomyia_ornata.lambdas data/layers/worldclim outputs/Odontomyia_ornata_worldclim.asc nowarnings nocache autorun -z" with PID 12707 from PPID 12690 on disc25.crc.nd.edu with result 0
REMOTEHOST=10.17.144.144
_CONDOR_ANCESTOR_24525=24530:1594671055:2748281650
_CONDOR_JOB_PIDS=
MANPATH=/afs/crc.nd.edu/user/n/nkremerh/cctools/share/man/:/afs/crc.nd.edu/group/ccl/software/x86_64/redhat7/ruby/current/share/man:/afs/crc.nd.edu/group/ccl/software/x86_64/redhat7/graphviz/current/share/man:/afs/crc.nd.edu/group/ccl/software/x86_64/redhat7/gnuplot/current/share/man:/afs/crc.nd.edu/group/ccl/software/x86_64/redhat7/git/current/share/man:/afs/crc.nd.edu/group/ccl/software/x86_64/redhat7/condor/current/share/man:/afs/crc.nd.edu/group/ccl/software/x86_64/redhat7/clang/current/share/man:/afs/crc.nd.edu/group/ccl/software/x86_64/redhat7/condor/current/share/man:/afs/crc.nd.edu/group/ccl/software/x86_64/redhat7/cctools/current/share/man:/afs/crc.nd.edu/group/ccl/software/x86_64/redhat7/cctools/current/share/man:/afs/crc.nd.edu/x86_64_linux/Modules/4.5.0/share/man:/opt/crc/usr/local/man:/opt/sge/man:/usr/share/man/overrides:/usr/share/man:/usr/local/share/man
XDG_SESSION_ID=2735
HOSTNAME=disc01.crc.nd.edu
_LMFILES__modshare=/afs/crc.nd.edu/x86_64_linux/Modules/modules/system_modules/CRC_default/1.1:1
MODULEPATH_modshare=/afs/crc.nd.edu/x86_64_linux/Modules/modules/general_software:1:/afs/crc.nd.edu/x86_64_linux/Modules/modules/development_tools_and_libraries:1:/afs/crc.nd.edu/x86_64_linux/Modules/modules/system_modules:1:/afs/crc.nd.edu/x86_64_linux/Modules/current/modulefiles:1:/afs/crc.nd.edu/x86_64_linux/Modules/modules/restricted_software:1:/afs/crc.nd.edu/x86_64_linux/Modules/modules/deprecated_software:1
MODULES_CMD=/afs/crc.nd.edu/x86_64_linux/Modules/4.5.0/libexec/modulecmd.tcl
HOST=disc01.crc.nd.edu
SHELL=/bin/tcsh
TERM=xterm-256color
MAKEFLAGS=
HISTSIZE=5000
TMPDIR=/var/condor/execute/dir_24525/worker-213124-24553/t.1462/cctools-temp-t.1462.q7B6d4
SSH_CLIENT=10.17.144.144 39924 22
PERL5LIB=/afs/crc.nd.edu/user/n/nkremerh/cctools/lib/perl5/site_perl/5.16.3:/afs/crc.nd.edu/user/n/nkremerh/.perl5/lib/perl5
SGE_CELL=crc
_CONDOR_SCRATCH_DIR=/var/condor/execute/dir_24525
PERL_MB_OPT=--install_base '/afs/crc.nd.edu/user/n/nkremerh/.perl5/'
SSH_TTY=/dev/pts/0
SGE_LOAD_AVG=load_avg
MAKEFLOW_MAX_LOCAL_JOBS=2
HISTFILESIZE=10000
_CHIRP_DELAYED_UPDATE_PREFIX=Chirp*
USER=nkremerh
GROUP=campus
LD_LIBRARY_PATH=/afs/crc.nd.edu/group/ccl/software/x86_64/redhat7/ruby/current/lib:/afs/crc.nd.edu/group/ccl/software/x86_64/redhat7/graphviz/current/lib:/afs/crc.nd.edu/group/ccl/software/x86_64/redhat7/git/current/lib:/afs/crc.nd.edu/group/ccl/software/x86_64/redhat7/condor/current/lib:/afs/crc.nd.edu/group/ccl/software/x86_64/redhat7/clang/current/lib:/afs/crc.nd.edu/group/ccl/software/x86_64/redhat7/condor/current/lib:/afs/crc.nd.edu/group/ccl/software/x86_64/redhat7/cctools/current/lib:/opt/crc/usr/local/lib
TEMP=/var/condor/execute/dir_24525/worker-213124-24553/t.1462/cctools-temp-t.1462.q7B6d4
BATCH_SYSTEM=HTCondor
WORKER_TMPDIR=/var/condor/execute/dir_24525/worker-213124-24553/cache/tmp
ENV=/afs/crc.nd.edu/x86_64_linux/Modules/4.5.0/init/profile.sh
MODULES_LMALTNAME=CRC_default/1.1&CRC_default/default&CRC_default
_CONDOR_CHIRP_CONFIG=/var/condor/execute/dir_24525/.chirp.config
GLOBUS_GSSAPI_MAX_TLS_PROTOCOL=0
_CONDOR_HIGHPORT=9999
HOSTTYPE=x86_64-linux
MAKELEVEL=1
MFLAGS=
CCLSOFTWARE=/afs/crc.nd.edu/group/ccl/software/x86_64/redhat7
PATH=/afs/crc.nd.edu/user/n/nkremerh/cctools/bin:/afs/crc.nd.edu/user/n/nkremerh/miniconda/bin:/afs/crc.nd.edu/group/ccl/software/git:/afs/crc.nd.edu/user/n/nkremerh/.local/bin:/afs/crc.nd.edu/group/ccl/software/x86_64/redhat7/povray/3.7/bin:/afs/crc.nd.edu/user/n/nkremerh/.perl5/bin:/afs/crc.nd.edu/user/n/nkremerh/pegasus/bin:/afs/crc.nd.edu/user/n/nkremerh/nodejs/bin:/afs/crc.nd.edu/user/n/nkremerh/montage/bin:/afs/crc.nd.edu/user/n/nkremerh/latexdiff:/afs/crc.nd.edu/user/n/nkremerh/envtrace:/afs/crc.nd.edu/user/n/nkremerh/endlines:/afs/crc.nd.edu/user/n/nkremerh/cctools/bin:/afs/crc.nd.edu/user/n/nkremerh/.cargo/bin:/afs/crc.nd.edu/group/ccl/software/x86_64/redhat7/ruby/current/bin:/afs/crc.nd.edu/group/ccl/software/x86_64/redhat7/graphviz/current/bin:/afs/crc.nd.edu/group/ccl/software/x86_64/redhat7/gnuplot/current/bin:/afs/crc.nd.edu/group/ccl/software/x86_64/redhat7/git/current/bin:/afs/crc.nd.edu/group/ccl/software/x86_64/redhat7/condor/current/sbin:/afs/crc.nd.edu/group/ccl/software/x86_64/redhat7/condor/current/bin:/afs/crc.nd.edu/group/ccl/software/x86_64/redhat7/cmake/current/bin:/afs/crc.nd.edu/group/ccl/software/x86_64/redhat7/clang/current/bin:/afs/crc.nd.edu/group/ccl/software/x86_64/redhat7/condor/current/sbin:/afs/crc.nd.edu/group/ccl/software/x86_64/redhat7/condor/current/bin:/afs/crc.nd.edu/group/ccl/software/x86_64/redhat7/cctools/current/bin:/afs/crc.nd.edu/x86_64_linux/Modules/4.5.0/bin:/opt/crc/usr/local/bin:/opt/sge/bin/lx-amd64:/usr/local/bin:/usr/bin:/usr/local/sbin:/usr/sbin:/afs/crc.nd.edu/user/c/condor/software/bin:/afs/crc.nd.edu/user/c/condor/software/sbin
MAIL=/var/spool/mail/nkremerh
PWD=/var/condor/execute/dir_24525/worker-213124-24553/t.1462
_LMFILES_=/afs/crc.nd.edu/x86_64_linux/Modules/modules/system_modules/CRC_default/1.1
SGE_EXECD_PORT=6445
EDITOR=vim
LANG=en_US.UTF-8
MODULEPATH=/afs/crc.nd.edu/x86_64_linux/Modules/modules/development_tools_and_libraries:/afs/crc.nd.edu/x86_64_linux/Modules/modules/general_software:/afs/crc.nd.edu/x86_64_linux/Modules/modules/restricted_software:/afs/crc.nd.edu/x86_64_linux/Modules/modules/system_modules:/afs/crc.nd.edu/x86_64_linux/Modules/modules/deprecated_software:/afs/crc.nd.edu/x86_64_linux/Modules/current/modulefiles
SGE_QMASTER_PORT=6444
SGE_ROOT=/opt/sge
LOADEDMODULES=CRC_default/1.1
WORK_QUEUE_SANDBOX=/var/condor/execute/dir_24525/worker-213124-24553
_CONDOR_SLOT=slot1
CCLPLATFORM=x86_64/redhat7
USE_SYSTEMD=true
_CONDOR_ANCESTOR_4261=24525:1594671054:4145456440
_CONDOR_LOWPORT=9100
KRB5CCNAME=FILE:/tmp/krb5cc_213124_ZwXmib
HISTCONTROL=ignoreboth:erasedups
PATH_modshare=/opt/crc/usr/local/bin:1:/opt/sge/bin/lx-amd64:1:/usr/sbin:1:/usr/bin:1:/afs/crc.nd.edu/user/c/condor/software/sbin:1:/usr/local/sbin:1:/afs/crc.nd.edu/user/c/condor/software/bin:1:/usr/local/bin:1
SHLVL=7
HOME=/afs/crc.nd.edu/user/n/nkremerh
GLOBUS_GSSAPI_NAME_COMPATIBILITY=STRICT_RFC2818
_CONDOR_ANCESTOR_3989=4261:1593343483:4184216969
_CONDOR_MACHINE_AD=/var/condor/execute/dir_24525/.machine.ad
OSTYPE=linux
DISK=916727
GREP_OPTIONS=--color=auto
GLOBUS_GSSAPI_MIN_TLS_PROTOCOL=TLS1_VERSION
MEMORY=15899
MANPATH_modshare=/usr/share/man/overrides:1:/usr/local/share/man:1:/usr/share/man:1:/opt/crc/usr/local/man:1:/opt/sge/man:1
VENDOR=unknown
BASH_ENV=/afs/crc.nd.edu/x86_64_linux/Modules/4.5.0/init/bash
PERL_LOCAL_LIB_ROOT=/afs/crc.nd.edu/user/n/nkremerh/.perl5/
PYTHONPATH=/afs/crc.nd.edu/user/n/nkremerh/cctools/lib/python3.6/site-packages/
CCLHOME=/afs/crc.nd.edu/group/ccl
MACHTYPE=x86_64
LOGNAME=nkremerh
TMP=/var/condor/execute/dir_24525/worker-213124-24553/t.1462/cctools-temp-t.1462.q7B6d4
LD_LIBRARY_PATH_modshare=/opt/crc/usr/local/lib:1
MODULES_LMALTNAME_modshare=CRC_default/1.1&CRC_default/default&CRC_default:1
SSH_CONNECTION=10.17.144.144 39924 129.74.128.103 22
MODULESHOME=/afs/crc.nd.edu/x86_64_linux/Modules/4.5.0
OMP_NUM_THREADS=1
LESSOPEN=||/usr/bin/lesspipe.sh %s
GLOBUS_GSSAPI_BACKWARD_COMPATIBLE_MIC=true
GLOBUS_GSSAPI_CIPHERS=HIGH
LOADEDMODULES_modshare=CRC_default/1.1:1
_CONDOR_JOB_AD=/var/condor/execute/dir_24525/.job.ad
SGE_CLUSTER_NAME=CRC
XDG_RUNTIME_DIR=/run/user/213124
CCTOOLS=../cctools
CORES=4
_CONDOR_JOB_IWD=/var/condor/execute/dir_24525
PERL_MM_OPT=INSTALL_BASE=/afs/crc.nd.edu/user/n/nkremerh/.perl5/
GLOBUS_GSSAPI_SERVER_CIPHER_ORDER=true
BASH_FUNC_module()=() {  unset _mlshdbg;
 if [ "${MODULES_SILENT_SHELL_DEBUG:-0}" = '1' ]; then
 case "$-" in 
 *v*x*)
 set +vx;
 _mlshdbg='vx'
 ;;
 *v*)
 set +v;
 _mlshdbg='v'
 ;;
 *x*)
 set +x;
 _mlshdbg='x'
 ;;
 *)
 _mlshdbg=''
 ;;
 esac;
 fi;
 unset _mlre _mlIFS;
 if [ -n "${IFS+x}" ]; then
 _mlIFS=$IFS;
 fi;
 IFS=' ';
 for _mlv in ${MODULES_RUN_QUARANTINE:-};
 do
 if [ "${_mlv}" = "${_mlv##*[!A-Za-z0-9_]}" -a "${_mlv}" = "${_mlv#[0-9]}" ]; then
 if [ -n "`eval 'echo ${'$_mlv'+x}'`" ]; then
 _mlre="${_mlre:-}${_mlv}_modquar='`eval 'echo ${'$_mlv'}'`' ";
 fi;
 _mlrv="MODULES_RUNENV_${_mlv}";
 _mlre="${_mlre:-}${_mlv}='`eval 'echo ${'$_mlrv':-}'`' ";
 fi;
 done;
 if [ -n "${_mlre:-}" ]; then
 eval `eval ${_mlre}/usr/bin/tclsh /afs/crc.nd.edu/x86_64_linux/Modules/4.5.0/libexec/modulecmd.tcl bash '"$@"'`;
 else
 eval `/usr/bin/tclsh /afs/crc.nd.edu/x86_64_linux/Modules/4.5.0/libexec/modulecmd.tcl bash "$@"`;
 fi;
 _mlstatus=$?;
 if [ -n "${_mlIFS+x}" ]; then
 IFS=$_mlIFS;
 else
 unset IFS;
 fi;
 unset _mlre _mlv _mlrv _mlIFS;
 if [ -n "${_mlshdbg:-}" ]; then
 set -$_mlshdbg;
 fi;
 unset _mlshdbg;
 return $_mlstatus
}
BASH_FUNC_ml()=() {  module ml "$@"
}
_=/usr/bin/printenv
