24136   0.000000 libjli.so->getenv("_JAVA_LAUNCHER_DEBUG") = nil
24136   0.001862 libjli.so->getenv("_JAVA_VERSION_SET") = nil
24136   0.000750 libjli.so->fopen("/usr/lib/jvm/java-1.8.0-openjdk-1.8.0.252.b09-2.el7_8.x86_64/jre/lib/amd64/jvm.cfg", "r") = 0x55fe1ee9d0f0
24136   0.000770 libjli.so->getenv("JDK_ALTERNATE_VM") = nil
24136   0.000316 libjli.so->__xstat(1, "/usr/lib/jvm/java-1.8.0-openjdk-1.8.0.252.b09-2.el7_8.x86_64/jre/lib/amd64/server/libjvm.so", 0x7ffd16b17670) = 0
24136   0.000561 libjli.so->getenv("LD_LIBRARY_PATH") = "/afs/crc.nd.edu/group/ccl/software/x86_64/redhat7/ruby/current/lib:/afs/crc.nd.edu/group/ccl/software/x86_64/redhat7/graphviz/current/lib:/afs/crc.nd.edu/group/ccl/software/x86_64/redhat7/git/current/lib:/afs/crc.nd.edu/group/ccl/software/x86_64/redhat7/condor/current/lib:/afs/crc.nd.edu/group/ccl/software/x86_64/redhat7/clang/current/lib:/afs/crc.nd.edu/group/ccl/software/x86_64/redhat7/condor/current/lib:/afs/crc.nd.edu/group/ccl/software/x86_64/redhat7/cctools/current/lib:/opt/crc/usr/local/lib"
24136   0.002061 libjli.so->dlopen("/usr/lib/jvm/java-1.8.0-openjdk-1.8.0.252.b09-2.el7_8.x86_64/jre/lib/amd64/server/libjvm.so", 258 <unfinished ...>
24136   0.036605 libjvm.so->getenv("NMT_LEVEL_24136") = nil
24136   0.001683 <... dlopen resumed> )          = 0x55fe1ee9d4c0
24136   0.000082 libjli.so->getenv("CLASSPATH")  = nil
24136   0.000307 libjli.so->getenv("_JAVA_SPLASH_JAR") = nil
24136   0.000292 libjli.so->getenv("_JAVA_SPLASH_FILE") = nil
24136   0.000300 libjli.so->pthread_attr_setdetachstate(0x7ffd16b17620, 0, 0x7ffd16b176b0, 0) = 0
24136   0.000523 libpthread.so.0->__clone(0x2af8d78dfde0, 0x2af8d77f2fc0, 0x3d0f00, 0x2af8d77f3700) = 0x5e4a
24138   0.001496 libjvm.so->dlopen(0x2af8d903f52e, 1, 0xfffffffffff42c48, 4096) = 0x2af8dc000990
24138   0.002782 libjvm.so->getenv(0x2af8d905a2c0, 0, 115, 0x65737361) = 0x7ffd16b1e6cd
24138   0.000546 libjvm.so->fopen(0x2af8d77f1be0, 0x2af8d8ff99ab, 0x6f732e79666972, 0x2af8d81b7ab0) = 0x2af8dc001440
24138   0.001684 libjvm.so->dlopen(0x2af8d77f1be0, 1, 0xffffffff, 0x2af8dc002b00) = 0x2af8dc001440
24138   0.001585 libjvm.so->fopen(0x2af8d77f1be0, 0x2af8d8ff99ab, 111, 0x732e6176) = 0x2af8dc001b10
24138   0.001968 libjvm.so->dlopen(0x2af8d77f1be0, 1, 0xffffffff, 0x2af8dc001a00) = 0x2af8dc001b10
24138   0.001832 libjvm.so->__xstat(1, 0x2af8d77f2330, 0x2af8d77f2b70, 0x637274) = -1
24138   0.000534 libjvm.so->getenv(0x2af8d8ff2226, 0x2af8d77f26a0, 1024, 0x2af8d94965db) = 0
24138   0.000619 libjvm.so->getenv(0x2af8d8ff2218, 0x2af8d77f26a0, 1024, 0) = 0
24138   0.000518 libjvm.so->fopen(0x2af8d903ee95, 0x2af8d8ff99ab, 4095, 24) = 0x2af8dc003270
24138   0.001138 libjvm.so->fopen(0x2af8d903eee1, 0x2af8d8ff99ab, 0x2af8dc000078, 0x2af8dc003260) = 0x2af8dc003270
24138   0.000821 libjvm.so->fopen(0x2af8d77ec980, 0x2af8d8ff99ab, 4016, 3997) = 0x2af8dc003270
24138   0.000652 libjvm.so->opendir(0x2af8dc002b40, 0x2af8dc002b40, 13, 16) = 0
24138   0.000520 libjvm.so->__xstat(1, 0x2af8d77f18c0, 0x2af8d77f0830, 0x6f732e7477616d62) = -1
24138   0.000458 libjvm.so->__xstat(1, 0x2af8d77f18c0, 0x2af8d77f0830, 0x5f74776162696c2f) = 0
24138   0.000513 libjvm.so->fopen(0x2af8d77f0b60, 0x2af8d8ff99ab, 4011, 3996) = 0x2af8dc003750
24138   0.000631 libjvm.so->fopen(0x2af8d77f0b60, 0x2af8d8ff99ab, 4011, 3996) = 0x2af8dc003750
24138   0.000604 libjvm.so->fopen(0x2af8d77f0b60, 0x2af8d8ff99ab, 4011, 4004) = 0x2af8dc003750
24138   0.000623 libjvm.so->fopen(0x2af8d77f0af0, 0x2af8d8ff99ab, 4011, 3996) = 0x2af8dc003750
24138   0.000756 libjvm.so->fopen(0x2af8d77f0af0, 0x2af8d8ff99ab, 4011, 3996) = 0x2af8dc003750
24138   0.000692 libjvm.so->fopen(0x2af8d77f0af0, 0x2af8d8ff99ab, 4011, 4004) = 0x2af8dc003750
24138   0.000746 libjvm.so->fopen(0x2af8d77f0b20, 0x2af8d8ff99ab, 4016, 3997) = 0x2af8dc003750
24138   0.000938 libjvm.so->getenv(0x2af8d903fc5e, 4096, 3, -1) = 0
24138   0.000926 libjvm.so->fopen(0x2af8d903f518, 0x2af8d8ff99ab, 0x2af8d78d6908, 0x2af8d78d5df0) = 0x2af8dc003750
24138   0.004691 libjvm.so->open(0x2af8dc04a540, 0x20000, 0, 0x2af8dc04a589) = 3
24138   0.000494 libjvm.so->__fxstat(1, 3, 0x2af8d77f29d0, -1) = 0
24138   0.000490 libjvm.so->opendir(0x2af8dc04a540, 0x2af8d77f29d0, 0x4000, -1) = 0x2af8dc04b450
24138   0.000607 libjvm.so->__fxstat(1, 3, 0x2af8d77f2870, 0x2af8dc04b450) = 0
24138   0.000453 libjvm.so->__fxstat(1, 5, 0x2af8d77f2900, -1) = 0
24138   0.000557 libjvm.so->open(0x2af8d901085c, 0, 0, 0) = 3
24138   0.000683 libjvm.so->__lxstat(1, 0x2af8dc04a540, 0x2af8d77f2b20, -144) = 0
24138   0.000621 libjvm.so->open(0x2af8dc04a540, 0x20000, 0x4000, -1) = 3
24138   0.000555 libjvm.so->__fxstat(1, 3, 0x2af8d77f29d0, -1) = 0
24138   0.000454 libjvm.so->opendir(0x2af8dc04a540, 0x2af8d77f29d0, 0x4000, -1) = 0x2af8dc04b450
24138   0.000435 libjvm.so->__fxstat(1, 3, 0x2af8d77f2870, 0x2af8dc04b450) = 0
24138   0.000419 libjvm.so->__fxstat(1, 5, 0x2af8d77f2900, -1) = 0
24138   0.000454 libjvm.so->open(0x2af8d901085c, 0, 0, 0) = 3
24138   0.000449 libjvm.so->open(0x2af8dc04a589, 0x20042, 384, -1) = 7
24138   0.000561 libjvm.so->__fxstat(1, 7, 0x2af8d77f2b20, -1) = 0
24138   0.001631 libjvm.so->fopen(0x2af8d77f1b30, 0x2af8d8ff99ab, 4, 0x6f732e70) = 0x2af8dc057b30
24138   0.001439 libjvm.so->dlopen(0x2af8d77f1b30, 1, 0xffffffff, 0x2af8dc057a00) = 0x2af8dc057b30
24138   0.001588 libjvm.so->__xstat(1, 0x2af8d77f20f0, 0x2af8d77f2920, 2048) = 0
24138   0.000721 libjvm.so->__xstat(1, 0x2af8d77f20f0, 0x2af8d77f2920, 2048) = 0
24138   0.000478 libjvm.so->__xstat(1, 0x2af8d77f20f0, 0x2af8d77f2920, 2048) = -1
24138   0.000577 libjvm.so->__xstat(1, 0x2af8d77f20f0, 0x2af8d77f2920, 2048) = 0
24138   0.000466 libjvm.so->__xstat(1, 0x2af8d77f20f0, 0x2af8d77f2920, 2048) = 0
24138   0.000475 libjvm.so->__xstat(1, 0x2af8d77f20f0, 0x2af8d77f2920, 2048) = 0
24138   0.000420 libjvm.so->__xstat(1, 0x2af8d77f20f0, 0x2af8d77f2920, 2048) = -1
24138   0.000470 libjvm.so->__xstat(1, 0x2af8d77f20f0, 0x2af8d77f2920, 2048) = -1
24138   0.000428 libjvm.so->fopen(0x2af8dc002520, 0x2af8d8ff99ab, 0, 0) = 0x2af8dc0588a0
24138   0.009019 libjvm.so->open64(0x2af8d77f1490, 0, 0, 16) = 3
24138   0.000670 libjvm.so->__fxstat64(1, 3, 0x2af8d77f12c0, -1) = 0
24138   0.035680 libjvm.so->__xstat(1, 0x2af8d77f1ef0, 0x2af8d77f2720, 2048) = -1
24138   0.000574 libjvm.so->fopen(0x2af8d77f0af0, 0x2af8d8ff99ab, 4011, 3996) = 0x2af8dc0b5b20
24138   0.000723 libjvm.so->fopen(0x2af8d77f0af0, 0x2af8d8ff99ab, 4011, 3996) = 0x2af8dc0b5b20
24138   0.000616 libjvm.so->fopen(0x2af8d77f0af0, 0x2af8d8ff99ab, 4011, 4004) = 0x2af8dc0b5b20
24138   0.004301 libjvm.so->pthread_attr_setdetachstate(0x2af8d77f2bd0, 1, 0, 0) = 0
24138   0.000545 libpthread.so.0->__clone(0x2af8d78dfde0, 0x2af8dbe63fc0, 0x3d0f00, 0x2af8dbe64700) = 0x5e4b
24138   0.015740 libjvm.so->pthread_attr_setdetachstate(0x2af8d77f2260, 1, 0, 0) = 0
24138   0.000726 libpthread.so.0->__clone(0x2af8d78dfde0, 0x2af8dbf64fc0, 0x3d0f00, 0x2af8dbf65700) = 0x5e4c
24138   0.006856 libjvm.so->pthread_attr_setdetachstate(0x2af8d77f25e0, 1, 0, 0) = 0
24138   0.000792 libpthread.so.0->__clone(0x2af8d78dfde0, 0x2af8f036afc0, 0x3d0f00, 0x2af8f036b700) = 0x5e4d
24138   0.039657 libjvm.so->fopen(0x2af8dc0e8680, 0x2af8d8ff99ab, 4, 0x6f732e70) = 0x2af8dc0f1700
24138   0.002049 libjvm.so->dlopen(0x2af8dc0e8680, 1, 0xffffffff, 0x2af8dc0e8b00) = 0x2af8dc057b30
24138   0.022021 libjvm.so->fopen(0x2af8d77ee130, 0x2af8d8ff99ab, 4011, 3996) = 0x2af8dc0f9080
24138   0.001140 libjvm.so->fopen(0x2af8d77ee130, 0x2af8d8ff99ab, 4011, 3996) = 0x2af8dc0f9080
24138   0.001089 libjvm.so->fopen(0x2af8d77ee130, 0x2af8d8ff99ab, 4011, 4004) = 0x2af8dc0f9080
24138   0.014541 libjvm.so->pthread_attr_setdetachstate(0x2af8d77f2b20, 1, 0, 0) = 0
24138   0.000973 libpthread.so.0->__clone(0x2af8d78dfde0, 0x2af8f046bfc0, 0x3d0f00, 0x2af8f046c700) = 0x5e4e
24138   0.001874 libjvm.so->__xstat64(1, 0x2af8d77f2bb0, 0x2af8d77f2b20, 19) = -1
24138   0.001189 libjvm.so->pthread_attr_setdetachstate(0x2af8d77f2920, 1, 0, 0) = 0
24138   0.001151 libpthread.so.0->__clone(0x2af8d78dfde0, 0x2af8f056cfc0, 0x3d0f00, 0x2af8f056d700) = 0x5e4f
24138   0.001711 libjvm.so->pthread_attr_setdetachstate(0x2af8d77f2920, 1, 0, 0) = 0
24138   0.001349 libpthread.so.0->__clone(0x2af8d78dfde0, 0x2af8f066dfc0, 0x3d0f00, 0x2af8f066e700) = 0x5e50
24138   0.007217 libjvm.so->pthread_attr_setdetachstate(0x2af8d77f2a70, 1, 0, 0) = 0
24138   0.001396 libpthread.so.0->__clone(0x2af8d78dfde0, 0x2af8f076efc0, 0x3d0f00, 0x2af8f076f700) = 0x5e51
24138   0.002140 libjvm.so->pthread_attr_setdetachstate(0x2af8d77f2b80, 1, 0, 0) = 0
24138   0.001690 libpthread.so.0->__clone(0x2af8d78dfde0, 0x2af8f086ffc0, 0x3d0f00, 0x2af8f0870700) = 0x5e52
24138   0.013958 libjvm.so->open64(0x2af8dc134620, 0, 0, 32) = 5
24138   0.001692 libjvm.so->__fxstat64(1, 5, 0x2af8d77eff90, -1) = 0
24138   0.024525 libjvm.so->fopen(0x2af8dc15a7a0, 0x2af8d8ff99ab, 4, 0x6f732e6f) = 0x2af8dc15a860
24138   0.003169 libjvm.so->dlopen(0x2af8dc15a7a0, 1, 0xffffffff, 0x2af8dc15a700) = 0x2af8dc15a860
24138   0.121178 libjvm.so->fopen(0x2af8dc1a8080, 0x2af8d8ff99ab, 4, 0x6f732e74) = 0x2af8dc1b3890
24138   0.003443 libjvm.so->dlopen(0x2af8dc1a8080, 1, 0xffffffff, 0x2af8dc1a5000) = 0x2af8dc1b38f0
24138   0.130063 libjvm.so->fopen(0x2af8dc22ec50, 0x2af8d8ff99ab, 0x6f732e7373656c, 0x656c646165685f74) = 0x2af8dc22ed30
24138   0.002862 libjvm.so->dlopen(0x2af8dc22ec50, 1, 0xffffffff, 0x2af8dc22ec00) = 0x2af8dc22ed30
24138   0.018524 libjvm.so->fopen(0x2af8d77eba30, 0x2af8d8ff99ab, 0x6f732e, 0x6d766a62696c2f72) = 0x2af8dc238ba0
24138   0.005860 libjvm.so->dlopen(0x2af8d77eba30, 1, 0xffffffff, 0x2af8dc238100) = 0x55fe1ee9d4c0
24138   0.001685 libjvm.so->fopen(0x2af8d77eba30, 0x2af8d8ff99ab, 0x6f732e, 0x6d766a62696c2f72) = 0x2af8dc238b40
24138   0.004864 libjvm.so->dlopen(0x2af8d77eba30, 1, 0xffffffff, 0x2af8dc238100) = 0x55fe1ee9d4c0
24138   0.001746 libjvm.so->fopen(0x2af8d77eba30, 0x2af8d8ff99ab, 0x6f732e, 0x6d766a62696c2f72) = 0x2af8dc238b40
24138   0.003392 libjvm.so->dlopen(0x2af8d77eba30, 1, 0xffffffff, 0x2af8dc238100) = 0x55fe1ee9d4c0
24138   0.001671 libjvm.so->fopen(0x2af8d77eba30, 0x2af8d8ff99ab, 0x6f732e, 0x6d766a62696c2f72) = 0x2af8dc238b40
24138   0.003403 libjvm.so->dlopen(0x2af8d77eba30, 1, 0xffffffff, 0x2af8dc238100) = 0x55fe1ee9d4c0
24138   0.534429 --- SIGSEGV (Segmentation fault) ---
24138   3.143420 --- SIGSEGV (Segmentation fault) ---
24138   9.497997 libjvm.so->fopen(0x2af8d77eca10, 0x2af8d8ff99ab, 4, 0x6f732e70) = 0x2af8dc273110
24138   0.002997 libjvm.so->dlopen(0x2af8d77eca10, 1, 0xffffffff, 0x2af8dc273000) = 0x2af8dc057b30
24138   0.001749 libjvm.so->fopen(0x2af8d77eca10, 0x2af8d8ff99ab, 4, 0x6f732e70) = 0x2af8dc2736b0
24138   0.002871 libjvm.so->dlopen(0x2af8d77eca10, 1, 0xffffffff, 0x2af8dc273000) = 0x2af8dc057b30
24138   0.001730 libjvm.so->fopen(0x2af8d77eca10, 0x2af8d8ff99ab, 4, 0x6f732e70) = 0x2af8dc2736b0
24138   0.002729 libjvm.so->dlopen(0x2af8d77eca10, 1, 0xffffffff, 0x2af8dc273000) = 0x2af8dc057b30
24138   0.001683 libjvm.so->fopen(0x2af8d77eca10, 0x2af8d8ff99ab, 4, 0x6f732e70) = 0x2af8dc2736b0
24138   0.003014 libjvm.so->dlopen(0x2af8d77eca10, 1, 0xffffffff, 0x2af8dc273000) = 0x2af8dc057b30
24138   0.001823 libjvm.so->fopen(0x2af8d77eca10, 0x2af8d8ff99ab, 4, 0x6f732e70) = 0x2af8dc2736b0
24138   0.002885 libjvm.so->dlopen(0x2af8d77eca10, 1, 0xffffffff, 0x2af8dc273400) = 0x2af8dc057b30
24138   0.001707 libjvm.so->fopen(0x2af8d77eca10, 0x2af8d8ff99ab, 4, 0x6f732e70) = 0x2af8dc2736b0
24138   0.002939 libjvm.so->dlopen(0x2af8d77eca10, 1, 0xffffffff, 0x2af8dc273400) = 0x2af8dc057b30
24138   0.001597 libjvm.so->fopen(0x2af8d77eca10, 0x2af8d8ff99ab, 4, 0x6f732e70) = 0x2af8dc2736b0
24138   0.002895 libjvm.so->dlopen(0x2af8d77eca10, 1, 0xffffffff, 0x2af8dc273400) = 0x2af8dc057b30
24138   0.001671 libjvm.so->fopen(0x2af8d77eca10, 0x2af8d8ff99ab, 4, 0x6f732e70) = 0x2af8dc2736b0
24138   0.002806 libjvm.so->dlopen(0x2af8d77eca10, 1, 0xffffffff, 0x2af8dc273400) = 0x2af8dc057b30
24138   0.362797 libjvm.so->fopen(0x2af8d77efcb0, 0x2af8d8ff99ab, 111, 0x732e6176) = 0x2af8dc13a620
24138   0.003305 libjvm.so->dlopen(0x2af8d77efcb0, 1, 0xffffffff, 0x2af8dc13a500) = 0x2af8dc001b10
24138   0.001692 libjvm.so->fopen(0x2af8d77efcb0, 0x2af8d8ff99ab, 111, 0x732e6176) = 0x2af8dc13a620
24138   0.003070 libjvm.so->dlopen(0x2af8d77efcb0, 1, 0xffffffff, 0x2af8dc13a500) = 0x2af8dc001b10
24138   0.001880 libjvm.so->fopen(0x2af8d77efcb0, 0x2af8d8ff99ab, 111, 0x732e6176) = 0x2af8dc13a620
24138   0.003194 libjvm.so->dlopen(0x2af8d77efcb0, 1, 0xffffffff, 0x2af8dc13a500) = 0x2af8dc001b10
24138   0.001710 libjvm.so->fopen(0x2af8d77efcb0, 0x2af8d8ff99ab, 111, 0x732e6176) = 0x2af8dc13a620
24138   0.003255 libjvm.so->dlopen(0x2af8d77efcb0, 1, 0xffffffff, 0x2af8dc13a500) = 0x2af8dc001b10
24138   0.244340 libjvm.so->fopen(0x2af8d77efc40, 0x2af8d8ff99ab, 111, 0x732e6176) = 0x2af8dc13a620
24138   0.003278 libjvm.so->dlopen(0x2af8d77efc40, 1, 0xffffffff, 0x2af8dc273200) = 0x2af8dc001b10
24138   0.001764 libjvm.so->fopen(0x2af8d77efc40, 0x2af8d8ff99ab, 111, 0x732e6176) = 0x2af8dc13a620
24138   0.003166 libjvm.so->dlopen(0x2af8d77efc40, 1, 0xffffffff, 0x2af8dc273200) = 0x2af8dc001b10
24138   0.001661 libjvm.so->fopen(0x2af8d77efc40, 0x2af8d8ff99ab, 111, 0x732e6176) = 0x2af8dc13a6d0
24138   0.004015 libjvm.so->dlopen(0x2af8d77efc40, 1, 0xffffffff, 0x2af8dc273200) = 0x2af8dc001b10
24138   0.001671 libjvm.so->fopen(0x2af8d77efc40, 0x2af8d8ff99ab, 111, 0x732e6176) = 0x2af8dc13a620
24138   0.003224 libjvm.so->dlopen(0x2af8d77efc40, 1, 0xffffffff, 0x2af8dc273200) = 0x2af8dc001b10
24138   0.383290 libjvm.so->fopen(0x2af8dc1fbc80, 0x2af8d8ff99ab, 0x6f732e72656761, 0x6567616e616d746e) = 0x2af8dc1e0eb0
24138   0.003152 libjvm.so->dlopen(0x2af8dc1fbc80, 1, 0xffffffff, 0x2af8dc1fbd00) = 0x2af8dc1e0eb0
24138   0.018698 libjvm.so->pthread_attr_setdetachstate(0x2af8d77eee30, 1, 0, 0) = 0
24138   0.001836 libpthread.so.0->__clone(0x2af8d78dfde0, 0x2af8f1bc6fc0, 0x3d0f00, 0x2af8f1bc7700) = 0x5e5e
24138   0.021483 libjvm.so->fopen(0x2af8dc141ad0, 0x2af8d8ff99ab, 4, 0x6f732e74) = 0x2af8dc141b90
24138   0.003246 libjvm.so->dlopen(0x2af8dc141ad0, 1, 0xffffffff, 0x2af8dc141b00) = 0x2af8dc15af00
24138   0.114171 libjvm.so->open64(0x2af8d77ed140, 0, 0, 0) = 13
24138   0.001860 libjvm.so->__fxstat64(1, 13, 0x2af8d77ecf70, -1) = 0
24138   0.111052 libjvm.so->fopen(0x2af8d77eea90, 0x2af8d8ff99ab, 0x6f732e, 0x6d766a62696c2f72) = 0x2af8dc31bf20
24138   0.005188 libjvm.so->dlopen(0x2af8d77eea90, 1, 0xffffffff, 0x2af8dc342800) = 0x55fe1ee9d4c0
24138   0.001829 libjvm.so->fopen(0x2af8d77eea90, 0x2af8d8ff99ab, 0x6f732e, 0x6d766a62696c2f72) = 0x2af8dc31bf20
24138   0.003566 libjvm.so->dlopen(0x2af8d77eea90, 1, 0xffffffff, 0x2af8dc342800) = 0x55fe1ee9d4c0
24138   0.001945 libjvm.so->fopen(0x2af8d77eea90, 0x2af8d8ff99ab, 0x6f732e, 0x6d766a62696c2f72) = 0x2af8dc31bf20
24138   0.003621 libjvm.so->dlopen(0x2af8d77eea90, 1, 0xffffffff, 0x2af8dc342800) = 0x55fe1ee9d4c0
24138   0.001859 libjvm.so->fopen(0x2af8d77eea90, 0x2af8d8ff99ab, 0x6f732e, 0x6d766a62696c2f72) = 0x2af8dc31bf20
24138   0.003525 libjvm.so->dlopen(0x2af8d77eea90, 1, 0xffffffff, 0x2af8dc342800) = 0x55fe1ee9d4c0
24138   0.024217 libjvm.so->fopen(0x2af8d77ee6f0, 0x2af8d8ff99ab, 4, 0x6f732e6f) = 0x2af8dc31bf20
24138   0.003286 libjvm.so->dlopen(0x2af8d77ee6f0, 1, 0xffffffff, 0x2af8dc342200) = 0x2af8dc15a860
24138   0.001811 libjvm.so->fopen(0x2af8d77ee6f0, 0x2af8d8ff99ab, 4, 0x6f732e6f) = 0x2af8dc31bf20
24138   0.002984 libjvm.so->dlopen(0x2af8d77ee6f0, 1, 0xffffffff, 0x2af8dc342200) = 0x2af8dc15a860
24138   0.001887 libjvm.so->fopen(0x2af8d77ee6f0, 0x2af8d8ff99ab, 4, 0x6f732e6f) = 0x2af8dc31bf20
24138   0.003102 libjvm.so->dlopen(0x2af8d77ee6f0, 1, 0xffffffff, 0x2af8dc342200) = 0x2af8dc15a860
24138   0.001855 libjvm.so->fopen(0x2af8d77ee6f0, 0x2af8d8ff99ab, 4, 0x6f732e6f) = 0x2af8dc31bf20
24138   0.003099 libjvm.so->dlopen(0x2af8d77ee6f0, 1, 0xffffffff, 0x2af8dc342200) = 0x2af8dc15a860
24143   0.013102 --- SIGSEGV (Segmentation fault) ---
24138   0.172363 libjvm.so->open64(0x2af8dc3e7600, 0, 0, 0) = 22
24138   0.001944 libjvm.so->__fxstat64(1, 22, 0x2af8d77ef7b0, -1) = 0
24138   0.843735 --- SIGSEGV (Segmentation fault) ---
24138   0.001542 --- SIGSEGV (Segmentation fault) ---
24138   0.000499 --- SIGSEGV (Segmentation fault) ---
24138  13.313781 libjvm.so->fopen(0x2af8d77eff10, 0x2af8d8ff99ab, 111, 0x732e6176) = 0x2af8dc447220
24138   0.003726 libjvm.so->dlopen(0x2af8d77eff10, 1, 0xffffffff, 0x2af8dc131b00) = 0x2af8dc001b10
24138   0.001849 libjvm.so->fopen(0x2af8d77eff10, 0x2af8d8ff99ab, 111, 0x732e6176) = 0x2af8dc447750
24138   0.003250 libjvm.so->dlopen(0x2af8d77eff10, 1, 0xffffffff, 0x2af8dc131b00) = 0x2af8dc001b10
24138   0.001889 libjvm.so->fopen(0x2af8d77eff10, 0x2af8d8ff99ab, 111, 0x732e6176) = 0x2af8dc447750
24138   0.003633 libjvm.so->dlopen(0x2af8d77eff10, 1, 0xffffffff, 0x2af8dc131b00) = 0x2af8dc001b10
24138   0.001933 libjvm.so->fopen(0x2af8d77eff10, 0x2af8d8ff99ab, 111, 0x732e6176) = 0x2af8dc447750
24138   0.003026 libjvm.so->dlopen(0x2af8d77eff10, 1, 0xffffffff, 0x2af8dc131b00) = 0x2af8dc001b10
24138   0.002065 libjvm.so->fopen(0x2af8d77eff10, 0x2af8d8ff99ab, 111, 0x732e6176) = 0x2af8dc447750
24138   0.002986 libjvm.so->dlopen(0x2af8d77eff10, 1, 0xffffffff, 0x2af8dc447400) = 0x2af8dc001b10
24138   0.001876 libjvm.so->fopen(0x2af8d77eff10, 0x2af8d8ff99ab, 111, 0x732e6176) = 0x2af8dc447750
24138   0.003170 libjvm.so->dlopen(0x2af8d77eff10, 1, 0xffffffff, 0x2af8dc447400) = 0x2af8dc001b10
24138   0.001856 libjvm.so->fopen(0x2af8d77eff10, 0x2af8d8ff99ab, 111, 0x732e6176) = 0x2af8dc447750
24138   0.003027 libjvm.so->dlopen(0x2af8d77eff10, 1, 0xffffffff, 0x2af8dc447400) = 0x2af8dc001b10
24138   0.001897 libjvm.so->fopen(0x2af8d77eff10, 0x2af8d8ff99ab, 111, 0x732e6176) = 0x2af8dc447750
24138   0.002997 libjvm.so->dlopen(0x2af8d77eff10, 1, 0xffffffff, 0x2af8dc447400) = 0x2af8dc001b10
24138   2.726583 --- SIGSEGV (Segmentation fault) ---
24138   0.000720 --- SIGSEGV (Segmentation fault) ---
24138   0.001215 --- SIGSEGV (Segmentation fault) ---
24138   0.000594 --- SIGSEGV (Segmentation fault) ---
24146   0.921215 +++ exited (status 0) +++
24142   0.000414 +++ exited (status 0) +++
24139   0.000229 +++ exited (status 0) +++
24138   0.000258 +++ exited (status 0) +++
24158   0.000470 +++ exited (status 0) +++
24145   0.000027 +++ exited (status 0) +++
24144   0.000017 +++ exited (status 0) +++
24141   0.000024 +++ exited (status 0) +++
24140   0.000016 +++ exited (status 0) +++
24143   0.028275 +++ exited (status 0) +++
24136   0.000068 +++ exited (status 0) +++
Wrote an ltrace for command: "java -cp ./tools/maxent.jar density.MaxEnt -s outputs/Pegomya_notabilis.csv -e data/layers/worldclim -o outputs/Pegomya_notabilis nowarnings nocache autorun -z" with PID 24134 from PPID 24115 on disc25.crc.nd.edu with result 0
REMOTEHOST=10.17.144.144
MANPATH=/afs/crc.nd.edu/user/n/nkremerh/cctools/share/man/:/afs/crc.nd.edu/group/ccl/software/x86_64/redhat7/ruby/current/share/man:/afs/crc.nd.edu/group/ccl/software/x86_64/redhat7/graphviz/current/share/man:/afs/crc.nd.edu/group/ccl/software/x86_64/redhat7/gnuplot/current/share/man:/afs/crc.nd.edu/group/ccl/software/x86_64/redhat7/git/current/share/man:/afs/crc.nd.edu/group/ccl/software/x86_64/redhat7/condor/current/share/man:/afs/crc.nd.edu/group/ccl/software/x86_64/redhat7/clang/current/share/man:/afs/crc.nd.edu/group/ccl/software/x86_64/redhat7/condor/current/share/man:/afs/crc.nd.edu/group/ccl/software/x86_64/redhat7/cctools/current/share/man:/afs/crc.nd.edu/group/ccl/software/x86_64/redhat7/cctools/current/share/man:/afs/crc.nd.edu/x86_64_linux/Modules/4.5.0/share/man:/opt/crc/usr/local/man:/opt/sge/man:/usr/share/man/overrides:/usr/share/man:/usr/local/share/man
_CONDOR_JOB_PIDS=
_CONDOR_ANCESTOR_24525=24530:1594671055:2748281650
XDG_SESSION_ID=2735
HOSTNAME=disc01.crc.nd.edu
_LMFILES__modshare=/afs/crc.nd.edu/x86_64_linux/Modules/modules/system_modules/CRC_default/1.1:1
MODULEPATH_modshare=/afs/crc.nd.edu/x86_64_linux/Modules/modules/general_software:1:/afs/crc.nd.edu/x86_64_linux/Modules/modules/development_tools_and_libraries:1:/afs/crc.nd.edu/x86_64_linux/Modules/modules/system_modules:1:/afs/crc.nd.edu/x86_64_linux/Modules/current/modulefiles:1:/afs/crc.nd.edu/x86_64_linux/Modules/modules/restricted_software:1:/afs/crc.nd.edu/x86_64_linux/Modules/modules/deprecated_software:1
TERM=xterm-256color
SHELL=/bin/tcsh
HOST=disc01.crc.nd.edu
MODULES_CMD=/afs/crc.nd.edu/x86_64_linux/Modules/4.5.0/libexec/modulecmd.tcl
HISTSIZE=5000
MAKEFLAGS=
SSH_CLIENT=10.17.144.144 39924 22
TMPDIR=/var/condor/execute/dir_24525/worker-213124-24553/t.1137/cctools-temp-t.1137.OqItF7
PERL5LIB=/afs/crc.nd.edu/user/n/nkremerh/cctools/lib/perl5/site_perl/5.16.3:/afs/crc.nd.edu/user/n/nkremerh/.perl5/lib/perl5
SGE_CELL=crc
_CONDOR_SCRATCH_DIR=/var/condor/execute/dir_24525
PERL_MB_OPT=--install_base '/afs/crc.nd.edu/user/n/nkremerh/.perl5/'
SSH_TTY=/dev/pts/0
SGE_LOAD_AVG=load_avg
MAKEFLOW_MAX_LOCAL_JOBS=2
GROUP=campus
USER=nkremerh
_CHIRP_DELAYED_UPDATE_PREFIX=Chirp*
HISTFILESIZE=10000
TEMP=/var/condor/execute/dir_24525/worker-213124-24553/t.1137/cctools-temp-t.1137.OqItF7
LD_LIBRARY_PATH=/afs/crc.nd.edu/group/ccl/software/x86_64/redhat7/ruby/current/lib:/afs/crc.nd.edu/group/ccl/software/x86_64/redhat7/graphviz/current/lib:/afs/crc.nd.edu/group/ccl/software/x86_64/redhat7/git/current/lib:/afs/crc.nd.edu/group/ccl/software/x86_64/redhat7/condor/current/lib:/afs/crc.nd.edu/group/ccl/software/x86_64/redhat7/clang/current/lib:/afs/crc.nd.edu/group/ccl/software/x86_64/redhat7/condor/current/lib:/afs/crc.nd.edu/group/ccl/software/x86_64/redhat7/cctools/current/lib:/opt/crc/usr/local/lib
BATCH_SYSTEM=HTCondor
MODULES_LMALTNAME=CRC_default/1.1&CRC_default/default&CRC_default
ENV=/afs/crc.nd.edu/x86_64_linux/Modules/4.5.0/init/profile.sh
WORKER_TMPDIR=/var/condor/execute/dir_24525/worker-213124-24553/cache/tmp
HOSTTYPE=x86_64-linux
_CONDOR_HIGHPORT=9999
GLOBUS_GSSAPI_MAX_TLS_PROTOCOL=0
_CONDOR_CHIRP_CONFIG=/var/condor/execute/dir_24525/.chirp.config
MAKELEVEL=1
MFLAGS=
MAIL=/var/spool/mail/nkremerh
PATH=/afs/crc.nd.edu/user/n/nkremerh/cctools/bin:/afs/crc.nd.edu/user/n/nkremerh/miniconda/bin:/afs/crc.nd.edu/group/ccl/software/git:/afs/crc.nd.edu/user/n/nkremerh/.local/bin:/afs/crc.nd.edu/group/ccl/software/x86_64/redhat7/povray/3.7/bin:/afs/crc.nd.edu/user/n/nkremerh/.perl5/bin:/afs/crc.nd.edu/user/n/nkremerh/pegasus/bin:/afs/crc.nd.edu/user/n/nkremerh/nodejs/bin:/afs/crc.nd.edu/user/n/nkremerh/montage/bin:/afs/crc.nd.edu/user/n/nkremerh/latexdiff:/afs/crc.nd.edu/user/n/nkremerh/envtrace:/afs/crc.nd.edu/user/n/nkremerh/endlines:/afs/crc.nd.edu/user/n/nkremerh/cctools/bin:/afs/crc.nd.edu/user/n/nkremerh/.cargo/bin:/afs/crc.nd.edu/group/ccl/software/x86_64/redhat7/ruby/current/bin:/afs/crc.nd.edu/group/ccl/software/x86_64/redhat7/graphviz/current/bin:/afs/crc.nd.edu/group/ccl/software/x86_64/redhat7/gnuplot/current/bin:/afs/crc.nd.edu/group/ccl/software/x86_64/redhat7/git/current/bin:/afs/crc.nd.edu/group/ccl/software/x86_64/redhat7/condor/current/sbin:/afs/crc.nd.edu/group/ccl/software/x86_64/redhat7/condor/current/bin:/afs/crc.nd.edu/group/ccl/software/x86_64/redhat7/cmake/current/bin:/afs/crc.nd.edu/group/ccl/software/x86_64/redhat7/clang/current/bin:/afs/crc.nd.edu/group/ccl/software/x86_64/redhat7/condor/current/sbin:/afs/crc.nd.edu/group/ccl/software/x86_64/redhat7/condor/current/bin:/afs/crc.nd.edu/group/ccl/software/x86_64/redhat7/cctools/current/bin:/afs/crc.nd.edu/x86_64_linux/Modules/4.5.0/bin:/opt/crc/usr/local/bin:/opt/sge/bin/lx-amd64:/usr/local/bin:/usr/bin:/usr/local/sbin:/usr/sbin:/afs/crc.nd.edu/user/c/condor/software/bin:/afs/crc.nd.edu/user/c/condor/software/sbin
CCLSOFTWARE=/afs/crc.nd.edu/group/ccl/software/x86_64/redhat7
PWD=/var/condor/execute/dir_24525/worker-213124-24553/t.1137
_LMFILES_=/afs/crc.nd.edu/x86_64_linux/Modules/modules/system_modules/CRC_default/1.1
EDITOR=vim
SGE_EXECD_PORT=6445
LANG=en_US.UTF-8
SGE_QMASTER_PORT=6444
MODULEPATH=/afs/crc.nd.edu/x86_64_linux/Modules/modules/development_tools_and_libraries:/afs/crc.nd.edu/x86_64_linux/Modules/modules/general_software:/afs/crc.nd.edu/x86_64_linux/Modules/modules/restricted_software:/afs/crc.nd.edu/x86_64_linux/Modules/modules/system_modules:/afs/crc.nd.edu/x86_64_linux/Modules/modules/deprecated_software:/afs/crc.nd.edu/x86_64_linux/Modules/current/modulefiles
LOADEDMODULES=CRC_default/1.1
SGE_ROOT=/opt/sge
CCLPLATFORM=x86_64/redhat7
_CONDOR_SLOT=slot1
WORK_QUEUE_SANDBOX=/var/condor/execute/dir_24525/worker-213124-24553
USE_SYSTEMD=true
_CONDOR_LOWPORT=9100
_CONDOR_ANCESTOR_4261=24525:1594671054:4145456440
HISTCONTROL=ignoreboth:erasedups
KRB5CCNAME=FILE:/tmp/krb5cc_213124_ZwXmib
GLOBUS_GSSAPI_NAME_COMPATIBILITY=STRICT_RFC2818
HOME=/afs/crc.nd.edu/user/n/nkremerh
SHLVL=6
PATH_modshare=/opt/crc/usr/local/bin:1:/opt/sge/bin/lx-amd64:1:/usr/sbin:1:/usr/bin:1:/afs/crc.nd.edu/user/c/condor/software/sbin:1:/usr/local/sbin:1:/afs/crc.nd.edu/user/c/condor/software/bin:1:/usr/local/bin:1
OSTYPE=linux
_CONDOR_MACHINE_AD=/var/condor/execute/dir_24525/.machine.ad
_CONDOR_ANCESTOR_3989=4261:1593343483:4184216969
GREP_OPTIONS=--color=auto
DISK=916727
GLOBUS_GSSAPI_MIN_TLS_PROTOCOL=TLS1_VERSION
MANPATH_modshare=/usr/share/man/overrides:1:/usr/local/share/man:1:/usr/share/man:1:/opt/crc/usr/local/man:1:/opt/sge/man:1
MEMORY=15899
PERL_LOCAL_LIB_ROOT=/afs/crc.nd.edu/user/n/nkremerh/.perl5/
BASH_ENV=/afs/crc.nd.edu/x86_64_linux/Modules/4.5.0/init/bash
VENDOR=unknown
TMP=/var/condor/execute/dir_24525/worker-213124-24553/t.1137/cctools-temp-t.1137.OqItF7
LOGNAME=nkremerh
MACHTYPE=x86_64
CCLHOME=/afs/crc.nd.edu/group/ccl
PYTHONPATH=/afs/crc.nd.edu/user/n/nkremerh/cctools/lib/python3.6/site-packages/
LD_LIBRARY_PATH_modshare=/opt/crc/usr/local/lib:1
SSH_CONNECTION=10.17.144.144 39924 129.74.128.103 22
MODULES_LMALTNAME_modshare=CRC_default/1.1&CRC_default/default&CRC_default:1
MODULESHOME=/afs/crc.nd.edu/x86_64_linux/Modules/4.5.0
GLOBUS_GSSAPI_CIPHERS=HIGH
GLOBUS_GSSAPI_BACKWARD_COMPATIBLE_MIC=true
LESSOPEN=||/usr/bin/lesspipe.sh %s
OMP_NUM_THREADS=1
_CONDOR_JOB_AD=/var/condor/execute/dir_24525/.job.ad
LOADEDMODULES_modshare=CRC_default/1.1:1
XDG_RUNTIME_DIR=/run/user/213124
SGE_CLUSTER_NAME=CRC
CCTOOLS=../cctools
CORES=4
_CONDOR_JOB_IWD=/var/condor/execute/dir_24525
PERL_MM_OPT=INSTALL_BASE=/afs/crc.nd.edu/user/n/nkremerh/.perl5/
GLOBUS_GSSAPI_SERVER_CIPHER_ORDER=true
BASH_FUNC_module()=() {  unset _mlshdbg;
 if [ "${MODULES_SILENT_SHELL_DEBUG:-0}" = '1' ]; then
 case "$-" in 
 *v*x*)
 set +vx;
 _mlshdbg='vx'
 ;;
 *v*)
 set +v;
 _mlshdbg='v'
 ;;
 *x*)
 set +x;
 _mlshdbg='x'
 ;;
 *)
 _mlshdbg=''
 ;;
 esac;
 fi;
 unset _mlre _mlIFS;
 if [ -n "${IFS+x}" ]; then
 _mlIFS=$IFS;
 fi;
 IFS=' ';
 for _mlv in ${MODULES_RUN_QUARANTINE:-};
 do
 if [ "${_mlv}" = "${_mlv##*[!A-Za-z0-9_]}" -a "${_mlv}" = "${_mlv#[0-9]}" ]; then
 if [ -n "`eval 'echo ${'$_mlv'+x}'`" ]; then
 _mlre="${_mlre:-}${_mlv}_modquar='`eval 'echo ${'$_mlv'}'`' ";
 fi;
 _mlrv="MODULES_RUNENV_${_mlv}";
 _mlre="${_mlre:-}${_mlv}='`eval 'echo ${'$_mlrv':-}'`' ";
 fi;
 done;
 if [ -n "${_mlre:-}" ]; then
 eval `eval ${_mlre}/usr/bin/tclsh /afs/crc.nd.edu/x86_64_linux/Modules/4.5.0/libexec/modulecmd.tcl bash '"$@"'`;
 else
 eval `/usr/bin/tclsh /afs/crc.nd.edu/x86_64_linux/Modules/4.5.0/libexec/modulecmd.tcl bash "$@"`;
 fi;
 _mlstatus=$?;
 if [ -n "${_mlIFS+x}" ]; then
 IFS=$_mlIFS;
 else
 unset IFS;
 fi;
 unset _mlre _mlv _mlrv _mlIFS;
 if [ -n "${_mlshdbg:-}" ]; then
 set -$_mlshdbg;
 fi;
 unset _mlshdbg;
 return $_mlstatus
}
BASH_FUNC_ml()=() {  module ml "$@"
}
_=/usr/bin/printenv
