29263   0.000000 libjli.so->getenv("_JAVA_LAUNCHER_DEBUG") = nil
29263   0.001887 libjli.so->getenv("_JAVA_VERSION_SET") = nil
29263   0.000743 libjli.so->fopen("/usr/lib/jvm/java-1.8.0-openjdk-1.8.0.262.b10-0.el7_8.x86_64/jre/lib/amd64/jvm.cfg", "r") = 0x555a5d0d80e0
29263   0.000891 libjli.so->getenv("JDK_ALTERNATE_VM") = nil
29263   0.000345 libjli.so->__xstat(1, "/usr/lib/jvm/java-1.8.0-openjdk-1.8.0.262.b10-0.el7_8.x86_64/jre/lib/amd64/server/libjvm.so", 0x7fff9e08d1e0) = 0
29263   0.000734 libjli.so->getenv("LD_LIBRARY_PATH") = "/afs/crc.nd.edu/group/ccl/software/x86_64/redhat7/ruby/current/lib:/afs/crc.nd.edu/group/ccl/software/x86_64/redhat7/graphviz/current/lib:/afs/crc.nd.edu/group/ccl/software/x86_64/redhat7/git/current/lib:/afs/crc.nd.edu/group/ccl/software/x86_64/redhat7/condor/current/lib:/afs/crc.nd.edu/group/ccl/software/x86_64/redhat7/clang/current/lib:/afs/crc.nd.edu/group/ccl/software/x86_64/redhat7/condor/current/lib:/afs/crc.nd.edu/group/ccl/software/x86_64/redhat7/cctools/current/lib:/opt/crc/usr/local/lib"
29263   0.002378 libjli.so->dlopen("/usr/lib/jvm/java-1.8.0-openjdk-1.8.0.262.b10-0.el7_8.x86_64/jre/lib/amd64/server/libjvm.so", 258 <unfinished ...>
29263   0.040208 libjvm.so->getenv("NMT_LEVEL_29263") = nil
29263   0.001851 <... dlopen resumed> )          = 0x555a5d0d84b0
29263   0.000064 libjli.so->getenv("CLASSPATH")  = nil
29263   0.000322 libjli.so->getenv("_JAVA_SPLASH_JAR") = nil
29263   0.000329 libjli.so->getenv("_JAVA_SPLASH_FILE") = nil
29263   0.000325 libjli.so->pthread_attr_setdetachstate(0x7fff9e08d190, 0, 0x7fff9e08d220, 0) = 0
29263   0.000597 libpthread.so.0->__clone(0x2b52f4c40de0, 0x2b52f4b53fc0, 0x3d0f00, 0x2b52f4b54700) = 0x7250
29264   0.002334 libjvm.so->dlopen(0x2b52f641f9ae, 1, 0xfffffffffff42c48, 4096) = 0x2b52f8000990
29264   0.003998 libjvm.so->getenv(0x2b52f643a83e, 0, 115, 0x65737361) = 0x7fff9e093654
29264   0.000454 libjvm.so->fopen(0x2b52f4b52c10, 0x2b52f63d6ccb, 0x6f732e79666972, 0x2b52f5518ab0) = 0x2b52f8001440
29264   0.001860 libjvm.so->dlopen(0x2b52f4b52c10, 1, 0xffffffff, 0x2b52f8002b00) = 0x2b52f8001440
29264   0.001682 libjvm.so->fopen(0x2b52f4b52c10, 0x2b52f63d6ccb, 111, 0x732e6176) = 0x2b52f8001b10
29264   0.001632 libjvm.so->dlopen(0x2b52f4b52c10, 1, 0xffffffff, 0x2b52f8001a00) = 0x2b52f8001b10
29264   0.001505 libjvm.so->__xstat(1, 0x2b52f4b53360, 0x2b52f4b53ba0, 0x746f7073746f682e) = -1
29264   0.000481 libjvm.so->getenv(0x2b52f63cf541, 0x2b52f4b536d0, 1024, 0x2b52f688961b) = 0
29264   0.000479 libjvm.so->getenv(0x2b52f63cf533, 0x2b52f4b536d0, 1024, 0) = 0
29264   0.000490 libjvm.so->fopen(0x2b52f641f315, 0x2b52f63d6ccb, 4095, 0xffffd4ad09c30b03) = 0x2b52f80032f0
29264   0.001315 libjvm.so->fopen(0x2b52f641f361, 0x2b52f63d6ccb, 0x2b52f8000078, 0x2b52f80032e0) = 0x2b52f80032f0
29264   0.000840 libjvm.so->fopen(0x2b52f4b4d9b0, 0x2b52f63d6ccb, 4014, 3995) = 0x2b52f80032f0
29264   0.000766 libjvm.so->opendir(0x2b52f8002b40, 0x2b52f8002b40, 13, 16) = 0
29264   0.000483 libjvm.so->__xstat(1, 0x2b52f4b528f0, 0x2b52f4b51860, 0x6f732e7477616d62) = -1
29264   0.000615 libjvm.so->__xstat(1, 0x2b52f4b528f0, 0x2b52f4b51860, 0x5f74776162696c2f) = 0
29264   0.000556 libjvm.so->fopen(0x2b52f4b51b90, 0x2b52f63d6ccb, 4009, 3994) = 0x2b52f80037d0
29264   0.000686 libjvm.so->fopen(0x2b52f4b51b90, 0x2b52f63d6ccb, 4009, 3994) = 0x2b52f80037d0
29264   0.000763 libjvm.so->fopen(0x2b52f4b51b90, 0x2b52f63d6ccb, 4009, 4002) = 0x2b52f80037d0
29264   0.001101 libjvm.so->fopen(0x2b52f4b51b20, 0x2b52f63d6ccb, 4009, 3994) = 0x2b52f80037d0
29264   0.000884 libjvm.so->fopen(0x2b52f4b51b20, 0x2b52f63d6ccb, 4009, 3994) = 0x2b52f80037d0
29264   0.000609 libjvm.so->fopen(0x2b52f4b51b20, 0x2b52f63d6ccb, 4009, 4002) = 0x2b52f80037d0
29264   0.000599 libjvm.so->fopen(0x2b52f4b51b50, 0x2b52f63d6ccb, 4014, 3995) = 0x2b52f80037d0
29264   0.000797 libjvm.so->getenv(0x2b52f64200ff, 4096, 3, -1) = 0
29264   0.000951 libjvm.so->fopen(0x2b52f641f998, 0x2b52f63d6ccb, 0x2b52f4c37908, 0x2b52f4c36df0) = 0x2b52f80037d0
29264   0.006298 libjvm.so->open(0x2b52f804a5c0, 0x20000, 0, 0x2b52f804a609) = 3
29264   0.000561 libjvm.so->__fxstat(1, 3, 0x2b52f4b53a00, -1) = 0
29264   0.000669 libjvm.so->opendir(0x2b52f804a5c0, 0x2b52f4b53a00, 0x4000, -1) = 0x2b52f804b4d0
29264   0.000717 libjvm.so->__fxstat(1, 3, 0x2b52f4b538a0, 0x2b52f804b4d0) = 0
29264   0.000657 libjvm.so->__fxstat(1, 5, 0x2b52f4b53930, -1) = 0
29264   0.000530 libjvm.so->open(0x2b52f63ed9dc, 0, 0, 0) = 3
29264   0.001585 libjvm.so->__lxstat(1, 0x2b52f804a5c0, 0x2b52f4b53b50, -144) = 0
29264   0.000467 libjvm.so->open(0x2b52f804a5c0, 0x20000, 0x4000, -1) = 3
29264   0.000441 libjvm.so->__fxstat(1, 3, 0x2b52f4b53a00, -1) = 0
29264   0.000450 libjvm.so->opendir(0x2b52f804a5c0, 0x2b52f4b53a00, 0x4000, -1) = 0x2b52f804b4d0
29264   0.000490 libjvm.so->__fxstat(1, 3, 0x2b52f4b538a0, 0x2b52f804b4d0) = 0
29264   0.000420 libjvm.so->__fxstat(1, 5, 0x2b52f4b53930, -1) = 0
29264   0.000608 libjvm.so->open(0x2b52f63ed9dc, 0, 0, 0) = 3
29264   0.000531 libjvm.so->open(0x2b52f804a609, 0x20042, 384, -1) = 7
29264   0.000765 libjvm.so->__fxstat(1, 7, 0x2b52f4b53b50, -1) = 0
29264   0.002336 libjvm.so->fopen(0x2b52f4b52b60, 0x2b52f63d6ccb, 4, 0x6f732e70) = 0x2b52f8057c20
29264   0.001443 libjvm.so->dlopen(0x2b52f4b52b60, 1, 0xffffffff, 0x2b52f8057b00) = 0x2b52f8057c20
29264   0.001999 libjvm.so->__xstat(1, 0x2b52f4b53120, 0x2b52f4b53950, 2048) = 0
29264   0.000613 libjvm.so->__xstat(1, 0x2b52f4b53120, 0x2b52f4b53950, 2048) = 0
29264   0.000645 libjvm.so->__xstat(1, 0x2b52f4b53120, 0x2b52f4b53950, 2048) = -1
29264   0.000663 libjvm.so->__xstat(1, 0x2b52f4b53120, 0x2b52f4b53950, 2048) = 0
29264   0.000639 libjvm.so->__xstat(1, 0x2b52f4b53120, 0x2b52f4b53950, 2048) = 0
29264   0.000573 libjvm.so->__xstat(1, 0x2b52f4b53120, 0x2b52f4b53950, 2048) = 0
29264   0.000556 libjvm.so->__xstat(1, 0x2b52f4b53120, 0x2b52f4b53950, 2048) = 0
29264   0.000549 libjvm.so->__xstat(1, 0x2b52f4b53120, 0x2b52f4b53950, 2048) = -1
29264   0.000559 libjvm.so->fopen(0x2b52f8002520, 0x2b52f63d6ccb, 0, 0) = 0x2b52f8058ac0
29264   0.010217 libjvm.so->open64(0x2b52f4b52410, 0, 0, 16) = 3
29264   0.000550 libjvm.so->__fxstat64(1, 3, 0x2b52f4b52240, -1) = 0
29264   0.044323 libjvm.so->__xstat(1, 0x2b52f4b52f20, 0x2b52f4b53750, 2048) = -1
29264   0.000556 libjvm.so->fopen(0x2b52f4b51b20, 0x2b52f63d6ccb, 4009, 3994) = 0x2b52f80b5d40
29264   0.000686 libjvm.so->fopen(0x2b52f4b51b20, 0x2b52f63d6ccb, 4009, 3994) = 0x2b52f80b5d40
29264   0.000634 libjvm.so->fopen(0x2b52f4b51b20, 0x2b52f63d6ccb, 4009, 4002) = 0x2b52f80b5d40
29264   0.005736 libjvm.so->pthread_attr_setdetachstate(0x2b52f4b53c00, 1, 0, 0) = 0
29264   0.000579 libpthread.so.0->__clone(0x2b52f4c40de0, 0x2b530d4dcfc0, 0x3d0f00, 0x2b530d4dd700) = 0x7251
29264   0.016289 libjvm.so->pthread_attr_setdetachstate(0x2b52f4b53290, 1, 0, 0) = 0
29264   0.000909 libpthread.so.0->__clone(0x2b52f4c40de0, 0x2b530d5ddfc0, 0x3d0f00, 0x2b530d5de700) = 0x7253
29264   0.007618 libjvm.so->pthread_attr_setdetachstate(0x2b52f4b53610, 1, 0, 0) = 0
29264   0.001233 libpthread.so.0->__clone(0x2b52f4c40de0, 0x2b530d6defc0, 0x3d0f00, 0x2b530d6df700) = 0x7254
29264   0.041044 libjvm.so->fopen(0x2b52f80f17f0, 0x2b52f63d6ccb, 4, 0x6f732e70) = 0x2b52f80f1cf0
29264   0.002416 libjvm.so->dlopen(0x2b52f80f17f0, 1, 0xffffffff, 0x2b52f80e8c00) = 0x2b52f8057c20
29264   0.006210 libjvm.so->open64(0x2b52f4b52510, 0, 0, 16) = 5
29264   0.001256 libjvm.so->__fxstat64(1, 5, 0x2b52f4b52340, -1) = 0
29264   0.021210 libjvm.so->fopen(0x2b52f4b4f130, 0x2b52f63d6ccb, 4009, 3994) = 0x2b52f80fccc0
29264   0.001289 libjvm.so->fopen(0x2b52f4b4f130, 0x2b52f63d6ccb, 4009, 3994) = 0x2b52f80fccc0
29264   0.001533 libjvm.so->fopen(0x2b52f4b4f130, 0x2b52f63d6ccb, 4009, 4002) = 0x2b52f80fccc0
29264   0.016153 libjvm.so->pthread_attr_setdetachstate(0x2b52f4b53b50, 1, 0, 0) = 0
29264   0.001553 libpthread.so.0->__clone(0x2b52f4c40de0, 0x2b530d7dffc0, 0x3d0f00, 0x2b530d7e0700) = 0x7255
29264   0.001537 libjvm.so->__xstat64(1, 0x2b52f4b53be0, 0x2b52f4b53b50, 19) = -1
29264   0.001222 libjvm.so->pthread_attr_setdetachstate(0x2b52f4b53950, 1, 0, 0) = 0
29264   0.001135 libpthread.so.0->__clone(0x2b52f4c40de0, 0x2b530d8e0fc0, 0x3d0f00, 0x2b530d8e1700) = 0x7256
29264   0.002329 libjvm.so->pthread_attr_setdetachstate(0x2b52f4b53950, 1, 0, 0) = 0
29264   0.002909 libpthread.so.0->__clone(0x2b52f4c40de0, 0x2b530d9e1fc0, 0x3d0f00, 0x2b530d9e2700) = 0x7257
29264   0.010028 libjvm.so->pthread_attr_setdetachstate(0x2b52f4b53aa0, 1, 0, 0) = 0
29264   0.001647 libpthread.so.0->__clone(0x2b52f4c40de0, 0x2b530dae2fc0, 0x3d0f00, 0x2b530dae3700) = 0x7258
29264   0.003120 libjvm.so->pthread_attr_setdetachstate(0x2b52f4b53bb0, 1, 0, 0) = 0
29264   0.002498 libpthread.so.0->__clone(0x2b52f4c40de0, 0x2b530dbe3fc0, 0x3d0f00, 0x2b530dbe4700) = 0x7259
29264   0.018788 libjvm.so->open64(0x2b52f8128890, 0, 0, 16) = 7
29264   0.002065 libjvm.so->__fxstat64(1, 7, 0x2b52f4b50f60, -1) = 0
29264   0.038675 libjvm.so->fopen(0x2b52f8154760, 0x2b52f63d6ccb, 4, 0x6f732e6f) = 0x2b52f8154820
29264   0.003415 libjvm.so->dlopen(0x2b52f8154760, 1, 0xffffffff, 0x2b52f8154700) = 0x2b52f8154820
29264   0.130671 libjvm.so->fopen(0x2b52f4b4de40, 0x2b52f63d6ccb, 0x6f732e, 0x6d766a62696c2f72) = 0x2b52f8169f60
29264   0.014208 libjvm.so->dlopen(0x2b52f4b4de40, 1, 0xffffffff, 0x2b52f8169e00) = 0x555a5d0d84b0
29264   0.001648 libjvm.so->fopen(0x2b52f4b4de40, 0x2b52f63d6ccb, 0x6f732e, 0x6d766a62696c2f72) = 0x2b52f816a360
29264   0.005073 libjvm.so->dlopen(0x2b52f4b4de40, 1, 0xffffffff, 0x2b52f8169e00) = 0x555a5d0d84b0
29264   0.001646 libjvm.so->fopen(0x2b52f4b4de40, 0x2b52f63d6ccb, 0x6f732e, 0x6d766a62696c2f72) = 0x2b52f8169f60
29264   0.004012 libjvm.so->dlopen(0x2b52f4b4de40, 1, 0xffffffff, 0x2b52f8169e00) = 0x555a5d0d84b0
29264   0.001612 libjvm.so->fopen(0x2b52f4b4de40, 0x2b52f63d6ccb, 0x6f732e, 0x6d766a62696c2f72) = 0x2b52f8169f60
29264   0.003301 libjvm.so->dlopen(0x2b52f4b4de40, 1, 0xffffffff, 0x2b52f8169e00) = 0x555a5d0d84b0
29264   0.047501 libjvm.so->fopen(0x2b52f81a7e50, 0x2b52f63d6ccb, 4, 0x6f732e74) = 0x2b52f81b72f0
29264   0.003312 libjvm.so->dlopen(0x2b52f81a7e50, 1, 0xffffffff, 0x2b52f81a7400) = 0x2b52f81c7620
29264   0.178971 libjvm.so->fopen(0x2b52f8238680, 0x2b52f63d6ccb, 0x6f732e7373656c, 0x656c646165685f74) = 0x2b52f8238760
29264   0.002916 libjvm.so->dlopen(0x2b52f8238680, 1, 0xffffffff, 0x2b52f8238600) = 0x2b52f8238760
29273   0.040503 +++ exited (status 0) +++
29265   0.000595 +++ exited (status 0) +++
29264   0.000282 +++ exited (status 0) +++
29271   0.000291 +++ exited (status 1) +++
29272   0.000025 +++ exited (status 1) +++
29269   0.000017 +++ exited (status 1) +++
29268   0.000015 +++ exited (status 1) +++
29267   0.000014 +++ exited (status 1) +++
29270   0.004675 +++ exited (status 1) +++
29263   0.000041 +++ exited (status 1) +++
Wrote an ltrace for command: "java -cp ./tools/maxent.jar density.Project outputs/Bryachus_squamicollis_Pascoe/Bryachus_squamicollis_Pascoe.lambdas data/layers/worldclim outputs/Bryachus_squamicollis_Pascoe_worldclim.asc nowarnings nocache autorun -z" with PID 29261 from PPID 29245 on disc25.crc.nd.edu with result 1
REMOTEHOST=10.17.145.58
_CONDOR_JOB_PIDS=
MANPATH=/afs/crc.nd.edu/user/n/nkremerh/cctools/share/man/:/afs/crc.nd.edu/group/ccl/software/x86_64/redhat7/ruby/current/share/man:/afs/crc.nd.edu/group/ccl/software/x86_64/redhat7/graphviz/current/share/man:/afs/crc.nd.edu/group/ccl/software/x86_64/redhat7/gnuplot/current/share/man:/afs/crc.nd.edu/group/ccl/software/x86_64/redhat7/git/current/share/man:/afs/crc.nd.edu/group/ccl/software/x86_64/redhat7/condor/current/share/man:/afs/crc.nd.edu/group/ccl/software/x86_64/redhat7/clang/current/share/man:/afs/crc.nd.edu/group/ccl/software/x86_64/redhat7/condor/current/share/man:/afs/crc.nd.edu/group/ccl/software/x86_64/redhat7/cctools/current/share/man:/afs/crc.nd.edu/group/ccl/software/x86_64/redhat7/cctools/current/share/man:/afs/crc.nd.edu/x86_64_linux/Modules/4.5.0/share/man:/opt/crc/usr/local/man:/opt/sge/man:/usr/share/man/overrides:/usr/share/man:/usr/local/share/man
XDG_SESSION_ID=3301
HOSTNAME=disc01.crc.nd.edu
_LMFILES__modshare=/afs/crc.nd.edu/x86_64_linux/Modules/modules/system_modules/CRC_default/1.1:1
MODULEPATH_modshare=/afs/crc.nd.edu/x86_64_linux/Modules/modules/general_software:1:/afs/crc.nd.edu/x86_64_linux/Modules/modules/development_tools_and_libraries:1:/afs/crc.nd.edu/x86_64_linux/Modules/modules/system_modules:1:/afs/crc.nd.edu/x86_64_linux/Modules/current/modulefiles:1:/afs/crc.nd.edu/x86_64_linux/Modules/modules/restricted_software:1:/afs/crc.nd.edu/x86_64_linux/Modules/modules/deprecated_software:1
MODULES_CMD=/afs/crc.nd.edu/x86_64_linux/Modules/4.5.0/libexec/modulecmd.tcl
HOST=disc01.crc.nd.edu
SHELL=/bin/tcsh
TERM=xterm-256color
MAKEFLAGS=
HISTSIZE=5000
TMPDIR=/var/condor/execute/dir_3437/worker-213124-3579/t.1306/cctools-temp-t.1306.jms89L
SSH_CLIENT=10.17.145.58 38176 22
PERL5LIB=/afs/crc.nd.edu/user/n/nkremerh/cctools/lib/perl5/site_perl/5.16.3:/afs/crc.nd.edu/user/n/nkremerh/.perl5/lib/perl5
SGE_CELL=crc
_CONDOR_SCRATCH_DIR=/var/condor/execute/dir_3437
PERL_MB_OPT=--install_base '/afs/crc.nd.edu/user/n/nkremerh/.perl5/'
SSH_TTY=/dev/pts/0
SGE_LOAD_AVG=load_avg
MAKEFLOW_MAX_LOCAL_JOBS=2
HISTFILESIZE=10000
_CHIRP_DELAYED_UPDATE_PREFIX=Chirp*
USER=nkremerh
GROUP=campus
LD_LIBRARY_PATH=/afs/crc.nd.edu/group/ccl/software/x86_64/redhat7/ruby/current/lib:/afs/crc.nd.edu/group/ccl/software/x86_64/redhat7/graphviz/current/lib:/afs/crc.nd.edu/group/ccl/software/x86_64/redhat7/git/current/lib:/afs/crc.nd.edu/group/ccl/software/x86_64/redhat7/condor/current/lib:/afs/crc.nd.edu/group/ccl/software/x86_64/redhat7/clang/current/lib:/afs/crc.nd.edu/group/ccl/software/x86_64/redhat7/condor/current/lib:/afs/crc.nd.edu/group/ccl/software/x86_64/redhat7/cctools/current/lib:/opt/crc/usr/local/lib
TEMP=/var/condor/execute/dir_3437/worker-213124-3579/t.1306/cctools-temp-t.1306.jms89L
BATCH_SYSTEM=HTCondor
WORKER_TMPDIR=/var/condor/execute/dir_3437/worker-213124-3579/cache/tmp
ENV=/afs/crc.nd.edu/x86_64_linux/Modules/4.5.0/init/profile.sh
MODULES_LMALTNAME=CRC_default/1.1&CRC_default/default&CRC_default
_CONDOR_CHIRP_CONFIG=/var/condor/execute/dir_3437/.chirp.config
GLOBUS_GSSAPI_MAX_TLS_PROTOCOL=0
_CONDOR_HIGHPORT=9999
HOSTTYPE=x86_64-linux
MAKELEVEL=1
MFLAGS=
CCLSOFTWARE=/afs/crc.nd.edu/group/ccl/software/x86_64/redhat7
PATH=/afs/crc.nd.edu/user/n/nkremerh/cctools/bin:/afs/crc.nd.edu/user/n/nkremerh/miniconda/bin:/afs/crc.nd.edu/group/ccl/software/git:/afs/crc.nd.edu/user/n/nkremerh/.local/bin:/afs/crc.nd.edu/group/ccl/software/x86_64/redhat7/povray/3.7/bin:/afs/crc.nd.edu/user/n/nkremerh/.perl5/bin:/afs/crc.nd.edu/user/n/nkremerh/pegasus/bin:/afs/crc.nd.edu/user/n/nkremerh/nodejs/bin:/afs/crc.nd.edu/user/n/nkremerh/montage/bin:/afs/crc.nd.edu/user/n/nkremerh/latexdiff:/afs/crc.nd.edu/user/n/nkremerh/envtrace:/afs/crc.nd.edu/user/n/nkremerh/endlines:/afs/crc.nd.edu/user/n/nkremerh/cctools/bin:/afs/crc.nd.edu/user/n/nkremerh/.cargo/bin:/afs/crc.nd.edu/group/ccl/software/x86_64/redhat7/ruby/current/bin:/afs/crc.nd.edu/group/ccl/software/x86_64/redhat7/graphviz/current/bin:/afs/crc.nd.edu/group/ccl/software/x86_64/redhat7/gnuplot/current/bin:/afs/crc.nd.edu/group/ccl/software/x86_64/redhat7/git/current/bin:/afs/crc.nd.edu/group/ccl/software/x86_64/redhat7/condor/current/sbin:/afs/crc.nd.edu/group/ccl/software/x86_64/redhat7/condor/current/bin:/afs/crc.nd.edu/group/ccl/software/x86_64/redhat7/cmake/current/bin:/afs/crc.nd.edu/group/ccl/software/x86_64/redhat7/clang/current/bin:/afs/crc.nd.edu/group/ccl/software/x86_64/redhat7/condor/current/sbin:/afs/crc.nd.edu/group/ccl/software/x86_64/redhat7/condor/current/bin:/afs/crc.nd.edu/group/ccl/software/x86_64/redhat7/cctools/current/bin:/afs/crc.nd.edu/x86_64_linux/Modules/4.5.0/bin:/opt/crc/usr/local/bin:/opt/sge/bin/lx-amd64:/usr/local/bin:/usr/bin:/usr/local/sbin:/usr/sbin:/afs/crc.nd.edu/user/c/condor/software/bin:/afs/crc.nd.edu/user/c/condor/software/sbin
MAIL=/var/spool/mail/nkremerh
PWD=/var/condor/execute/dir_3437/worker-213124-3579/t.1306
_LMFILES_=/afs/crc.nd.edu/x86_64_linux/Modules/modules/system_modules/CRC_default/1.1
SGE_EXECD_PORT=6445
EDITOR=vim
LANG=en_US.UTF-8
MODULEPATH=/afs/crc.nd.edu/x86_64_linux/Modules/modules/development_tools_and_libraries:/afs/crc.nd.edu/x86_64_linux/Modules/modules/general_software:/afs/crc.nd.edu/x86_64_linux/Modules/modules/restricted_software:/afs/crc.nd.edu/x86_64_linux/Modules/modules/system_modules:/afs/crc.nd.edu/x86_64_linux/Modules/modules/deprecated_software:/afs/crc.nd.edu/x86_64_linux/Modules/current/modulefiles
SGE_QMASTER_PORT=6444
SGE_ROOT=/opt/sge
LOADEDMODULES=CRC_default/1.1
WORK_QUEUE_SANDBOX=/var/condor/execute/dir_3437/worker-213124-3579
_CONDOR_SLOT=slot2_3
CCLPLATFORM=x86_64/redhat7
USE_SYSTEMD=true
_CONDOR_ANCESTOR_4261=3437:1594946670:4145456539
_CONDOR_LOWPORT=9100
KRB5CCNAME=FILE:/tmp/krb5cc_213124_0wTNSp
HISTCONTROL=ignoreboth:erasedups
PATH_modshare=/opt/crc/usr/local/bin:1:/opt/sge/bin/lx-amd64:1:/usr/sbin:1:/usr/bin:1:/afs/crc.nd.edu/user/c/condor/software/sbin:1:/usr/local/sbin:1:/afs/crc.nd.edu/user/c/condor/software/bin:1:/usr/local/bin:1
SHLVL=7
HOME=/afs/crc.nd.edu/user/n/nkremerh
GLOBUS_GSSAPI_NAME_COMPATIBILITY=STRICT_RFC2818
_CONDOR_ANCESTOR_3989=4261:1593343483:4184216969
_CONDOR_MACHINE_AD=/var/condor/execute/dir_3437/.machine.ad
OSTYPE=linux
DISK=18236
GREP_OPTIONS=--color=auto
_CONDOR_ANCESTOR_3437=3498:1594946671:905281026
GLOBUS_GSSAPI_MIN_TLS_PROTOCOL=TLS1_VERSION
MEMORY=1948
MANPATH_modshare=/usr/share/man/overrides:1:/usr/local/share/man:1:/usr/share/man:1:/opt/crc/usr/local/man:1:/opt/sge/man:1
VENDOR=unknown
BASH_ENV=/afs/crc.nd.edu/x86_64_linux/Modules/4.5.0/init/bash
PERL_LOCAL_LIB_ROOT=/afs/crc.nd.edu/user/n/nkremerh/.perl5/
PYTHONPATH=/afs/crc.nd.edu/user/n/nkremerh/cctools/lib/python3.6/site-packages/
CCLHOME=/afs/crc.nd.edu/group/ccl
MACHTYPE=x86_64
LOGNAME=nkremerh
TMP=/var/condor/execute/dir_3437/worker-213124-3579/t.1306/cctools-temp-t.1306.jms89L
LD_LIBRARY_PATH_modshare=/opt/crc/usr/local/lib:1
MODULES_LMALTNAME_modshare=CRC_default/1.1&CRC_default/default&CRC_default:1
SSH_CONNECTION=10.17.145.58 38176 129.74.128.103 22
MODULESHOME=/afs/crc.nd.edu/x86_64_linux/Modules/4.5.0
OMP_NUM_THREADS=1
LESSOPEN=||/usr/bin/lesspipe.sh %s
GLOBUS_GSSAPI_BACKWARD_COMPATIBLE_MIC=true
GLOBUS_GSSAPI_CIPHERS=HIGH
LOADEDMODULES_modshare=CRC_default/1.1:1
_CONDOR_JOB_AD=/var/condor/execute/dir_3437/.job.ad
SGE_CLUSTER_NAME=CRC
XDG_RUNTIME_DIR=/run/user/213124
CCTOOLS=../cctools
CORES=1
_CONDOR_JOB_IWD=/var/condor/execute/dir_3437
PERL_MM_OPT=INSTALL_BASE=/afs/crc.nd.edu/user/n/nkremerh/.perl5/
GLOBUS_GSSAPI_SERVER_CIPHER_ORDER=true
BASH_FUNC_module()=() {  unset _mlshdbg;
 if [ "${MODULES_SILENT_SHELL_DEBUG:-0}" = '1' ]; then
 case "$-" in 
 *v*x*)
 set +vx;
 _mlshdbg='vx'
 ;;
 *v*)
 set +v;
 _mlshdbg='v'
 ;;
 *x*)
 set +x;
 _mlshdbg='x'
 ;;
 *)
 _mlshdbg=''
 ;;
 esac;
 fi;
 unset _mlre _mlIFS;
 if [ -n "${IFS+x}" ]; then
 _mlIFS=$IFS;
 fi;
 IFS=' ';
 for _mlv in ${MODULES_RUN_QUARANTINE:-};
 do
 if [ "${_mlv}" = "${_mlv##*[!A-Za-z0-9_]}" -a "${_mlv}" = "${_mlv#[0-9]}" ]; then
 if [ -n "`eval 'echo ${'$_mlv'+x}'`" ]; then
 _mlre="${_mlre:-}${_mlv}_modquar='`eval 'echo ${'$_mlv'}'`' ";
 fi;
 _mlrv="MODULES_RUNENV_${_mlv}";
 _mlre="${_mlre:-}${_mlv}='`eval 'echo ${'$_mlrv':-}'`' ";
 fi;
 done;
 if [ -n "${_mlre:-}" ]; then
 eval `eval ${_mlre}/usr/bin/tclsh /afs/crc.nd.edu/x86_64_linux/Modules/4.5.0/libexec/modulecmd.tcl bash '"$@"'`;
 else
 eval `/usr/bin/tclsh /afs/crc.nd.edu/x86_64_linux/Modules/4.5.0/libexec/modulecmd.tcl bash "$@"`;
 fi;
 _mlstatus=$?;
 if [ -n "${_mlIFS+x}" ]; then
 IFS=$_mlIFS;
 else
 unset IFS;
 fi;
 unset _mlre _mlv _mlrv _mlIFS;
 if [ -n "${_mlshdbg:-}" ]; then
 set -$_mlshdbg;
 fi;
 unset _mlshdbg;
 return $_mlstatus
}
BASH_FUNC_ml()=() {  module ml "$@"
}
_=/usr/bin/printenv
