17485   0.000000 libjli.so->getenv("_JAVA_LAUNCHER_DEBUG") = nil
17485   0.001917 libjli.so->getenv("_JAVA_VERSION_SET") = nil
17485   0.000923 libjli.so->fopen("/usr/lib/jvm/java-1.8.0-openjdk-1.8.0.252.b09-2.el7_8.x86_64/jre/lib/amd64/jvm.cfg", "r") = 0x55a2767910f0
17485   0.000802 libjli.so->getenv("JDK_ALTERNATE_VM") = nil
17485   0.000303 libjli.so->__xstat(1, "/usr/lib/jvm/java-1.8.0-openjdk-1.8.0.252.b09-2.el7_8.x86_64/jre/lib/amd64/server/libjvm.so", 0x7ffc81242820) = 0
17485   0.000616 libjli.so->getenv("LD_LIBRARY_PATH") = "/afs/crc.nd.edu/group/ccl/software/x86_64/redhat7/ruby/current/lib:/afs/crc.nd.edu/group/ccl/software/x86_64/redhat7/graphviz/current/lib:/afs/crc.nd.edu/group/ccl/software/x86_64/redhat7/git/current/lib:/afs/crc.nd.edu/group/ccl/software/x86_64/redhat7/condor/current/lib:/afs/crc.nd.edu/group/ccl/software/x86_64/redhat7/clang/current/lib:/afs/crc.nd.edu/group/ccl/software/x86_64/redhat7/condor/current/lib:/afs/crc.nd.edu/group/ccl/software/x86_64/redhat7/cctools/current/lib:/opt/crc/usr/local/lib"
17485   0.002125 libjli.so->dlopen("/usr/lib/jvm/java-1.8.0-openjdk-1.8.0.252.b09-2.el7_8.x86_64/jre/lib/amd64/server/libjvm.so", 258 <unfinished ...>
17485   0.036430 libjvm.so->getenv("NMT_LEVEL_17485") = nil
17485   0.001678 <... dlopen resumed> )          = 0x55a2767914c0
17485   0.000066 libjli.so->getenv("CLASSPATH")  = nil
17485   0.000299 libjli.so->getenv("_JAVA_SPLASH_JAR") = nil
17485   0.000355 libjli.so->getenv("_JAVA_SPLASH_FILE") = nil
17485   0.000382 libjli.so->pthread_attr_setdetachstate(0x7ffc812427d0, 0, 0x7ffc81242860, 0) = 0
17485   0.000607 libpthread.so.0->__clone(0x2b23fb66bde0, 0x2b23fb57efc0, 0x3d0f00, 0x2b23fb57f700) = 0x444e
17486   0.001497 libjvm.so->dlopen(0x2b23fcdcb52e, 1, 0xfffffffffff42c48, 4096) = 0x2b2400000990
17486   0.002760 libjvm.so->getenv(0x2b23fcde62c0, 0, 115, 0x65737361) = 0x7ffc812486cd
17486   0.000479 libjvm.so->fopen(0x2b23fb57dbe0, 0x2b23fcd859ab, 0x6f732e79666972, 0x2b23fbf43ab0) = 0x2b2400001440
17486   0.001683 libjvm.so->dlopen(0x2b23fb57dbe0, 1, 0xffffffff, 0x2b2400002b00) = 0x2b2400001440
17486   0.001666 libjvm.so->fopen(0x2b23fb57dbe0, 0x2b23fcd859ab, 111, 0x732e6176) = 0x2b2400001b10
17486   0.001949 libjvm.so->dlopen(0x2b23fb57dbe0, 1, 0xffffffff, 0x2b2400001a00) = 0x2b2400001b10
17486   0.001740 libjvm.so->__xstat(1, 0x2b23fb57e330, 0x2b23fb57eb70, 0x637274) = -1
17486   0.000502 libjvm.so->getenv(0x2b23fcd7e226, 0x2b23fb57e6a0, 1024, 0x2b23fd2225db) = 0
17486   0.000481 libjvm.so->getenv(0x2b23fcd7e218, 0x2b23fb57e6a0, 1024, 0) = 0
17486   0.000504 libjvm.so->fopen(0x2b23fcdcae95, 0x2b23fcd859ab, 4095, 24) = 0x2b2400003290
17486   0.001154 libjvm.so->fopen(0x2b23fcdcaee1, 0x2b23fcd859ab, 0x2b2400000078, 0x2b2400003280) = 0x2b2400003290
17486   0.001057 libjvm.so->fopen(0x2b23fb578980, 0x2b23fcd859ab, 4016, 3997) = 0x2b2400003290
17486   0.000693 libjvm.so->opendir(0x2b2400002b40, 0x2b2400002b40, 13, 16) = 0
17486   0.000470 libjvm.so->__xstat(1, 0x2b23fb57d8c0, 0x2b23fb57c830, 0x6f732e7477616d62) = -1
17486   0.000555 libjvm.so->__xstat(1, 0x2b23fb57d8c0, 0x2b23fb57c830, 0x5f74776162696c2f) = 0
17486   0.000517 libjvm.so->fopen(0x2b23fb57cb60, 0x2b23fcd859ab, 4011, 3996) = 0x2b2400003770
17486   0.000816 libjvm.so->fopen(0x2b23fb57cb60, 0x2b23fcd859ab, 4011, 3996) = 0x2b2400003770
17486   0.000773 libjvm.so->fopen(0x2b23fb57cb60, 0x2b23fcd859ab, 4011, 4004) = 0x2b2400003770
17486   0.000637 libjvm.so->fopen(0x2b23fb57caf0, 0x2b23fcd859ab, 4011, 3996) = 0x2b2400003770
17486   0.000586 libjvm.so->fopen(0x2b23fb57caf0, 0x2b23fcd859ab, 4011, 3996) = 0x2b2400003770
17486   0.000598 libjvm.so->fopen(0x2b23fb57caf0, 0x2b23fcd859ab, 4011, 4004) = 0x2b2400003770
17486   0.000600 libjvm.so->fopen(0x2b23fb57cb20, 0x2b23fcd859ab, 4016, 3997) = 0x2b2400003770
17486   0.000779 libjvm.so->getenv(0x2b23fcdcbc5e, 4096, 3, -1) = 0
17486   0.000909 libjvm.so->fopen(0x2b23fcdcb518, 0x2b23fcd859ab, 0x2b23fb662908, 0x2b23fb661df0) = 0x2b2400003770
17486   0.004774 libjvm.so->open(0x2b240004a560, 0x20000, 0, 0x2b240004a5a9) = 3
17486   0.000465 libjvm.so->__fxstat(1, 3, 0x2b23fb57e9d0, -1) = 0
17486   0.000590 libjvm.so->opendir(0x2b240004a560, 0x2b23fb57e9d0, 0x4000, -1) = 0x2b240004b470
17486   0.000502 libjvm.so->__fxstat(1, 3, 0x2b23fb57e870, 0x2b240004b470) = 0
17486   0.000469 libjvm.so->__fxstat(1, 5, 0x2b23fb57e900, -1) = 0
17486   0.000476 libjvm.so->open(0x2b23fcd9c85c, 0, 0, 0) = 3
17486   0.000630 libjvm.so->__lxstat(1, 0x2b240004a560, 0x2b23fb57eb20, -144) = 0
17486   0.000484 libjvm.so->open(0x2b240004a560, 0x20000, 0x4000, -1) = 3
17486   0.000425 libjvm.so->__fxstat(1, 3, 0x2b23fb57e9d0, -1) = 0
17486   0.000442 libjvm.so->opendir(0x2b240004a560, 0x2b23fb57e9d0, 0x4000, -1) = 0x2b240004b470
17486   0.000440 libjvm.so->__fxstat(1, 3, 0x2b23fb57e870, 0x2b240004b470) = 0
17486   0.000418 libjvm.so->__fxstat(1, 5, 0x2b23fb57e900, -1) = 0
17486   0.000565 libjvm.so->open(0x2b23fcd9c85c, 0, 0, 0) = 3
17486   0.000447 libjvm.so->open(0x2b240004a5a9, 0x20042, 384, -1) = 7
17486   0.000641 libjvm.so->__fxstat(1, 7, 0x2b23fb57eb20, -1) = 0
17486   0.001714 libjvm.so->fopen(0x2b23fb57db30, 0x2b23fcd859ab, 4, 0x6f732e70) = 0x2b2400057b50
17486   0.001922 libjvm.so->dlopen(0x2b23fb57db30, 1, 0xffffffff, 0x2b2400057a00) = 0x2b2400057b50
17486   0.001594 libjvm.so->__xstat(1, 0x2b23fb57e0f0, 0x2b23fb57e920, 2048) = 0
17486   0.000507 libjvm.so->__xstat(1, 0x2b23fb57e0f0, 0x2b23fb57e920, 2048) = 0
17486   0.000483 libjvm.so->__xstat(1, 0x2b23fb57e0f0, 0x2b23fb57e920, 2048) = -1
17486   0.000478 libjvm.so->__xstat(1, 0x2b23fb57e0f0, 0x2b23fb57e920, 2048) = 0
17486   0.000447 libjvm.so->__xstat(1, 0x2b23fb57e0f0, 0x2b23fb57e920, 2048) = 0
17486   0.000448 libjvm.so->__xstat(1, 0x2b23fb57e0f0, 0x2b23fb57e920, 2048) = 0
17486   0.000450 libjvm.so->__xstat(1, 0x2b23fb57e0f0, 0x2b23fb57e920, 2048) = -1
17486   0.000446 libjvm.so->__xstat(1, 0x2b23fb57e0f0, 0x2b23fb57e920, 2048) = -1
17486   0.000528 libjvm.so->fopen(0x2b2400002520, 0x2b23fcd859ab, 0, 0) = 0x2b24000588c0
17486   0.009370 libjvm.so->open64(0x2b23fb57d490, 0, 0, 16) = 3
17486   0.000807 libjvm.so->__fxstat64(1, 3, 0x2b23fb57d2c0, -1) = 0
17486   0.038604 libjvm.so->__xstat(1, 0x2b23fb57def0, 0x2b23fb57e720, 2048) = -1
17486   0.000746 libjvm.so->fopen(0x2b23fb57caf0, 0x2b23fcd859ab, 4011, 3996) = 0x2b24000b5b40
17486   0.000970 libjvm.so->fopen(0x2b23fb57caf0, 0x2b23fcd859ab, 4011, 3996) = 0x2b24000b5b40
17486   0.000875 libjvm.so->fopen(0x2b23fb57caf0, 0x2b23fcd859ab, 4011, 4004) = 0x2b24000b5b40
17486   0.004520 libjvm.so->pthread_attr_setdetachstate(0x2b23fb57ebd0, 1, 0, 0) = 0
17486   0.000614 libpthread.so.0->__clone(0x2b23fb66bde0, 0x2b23ffbeffc0, 0x3d0f00, 0x2b23ffbf0700) = 0x444f
17486   0.015841 libjvm.so->pthread_attr_setdetachstate(0x2b23fb57e260, 1, 0, 0) = 0
17486   0.000719 libpthread.so.0->__clone(0x2b23fb66bde0, 0x2b23ffcf0fc0, 0x3d0f00, 0x2b23ffcf1700) = 0x4450
17486   0.006839 libjvm.so->pthread_attr_setdetachstate(0x2b23fb57e5e0, 1, 0, 0) = 0
17486   0.000800 libpthread.so.0->__clone(0x2b23fb66bde0, 0x2b23ffdf1fc0, 0x3d0f00, 0x2b23ffdf2700) = 0x4451
17486   0.039846 libjvm.so->fopen(0x2b24000e8b70, 0x2b23fcd859ab, 4, 0x6f732e70) = 0x2b24000f16d0
17486   0.001978 libjvm.so->dlopen(0x2b24000e8b70, 1, 0xffffffff, 0x2b24000e8600) = 0x2b2400057b50
17486   0.021750 libjvm.so->fopen(0x2b23fb57a130, 0x2b23fcd859ab, 4011, 3996) = 0x2b24000f8fa0
17486   0.001151 libjvm.so->fopen(0x2b23fb57a130, 0x2b23fcd859ab, 4011, 3996) = 0x2b24000f8fa0
17486   0.001107 libjvm.so->fopen(0x2b23fb57a130, 0x2b23fcd859ab, 4011, 4004) = 0x2b24000f8fa0
17486   0.014721 libjvm.so->pthread_attr_setdetachstate(0x2b23fb57eb20, 1, 0, 0) = 0
17486   0.000961 libpthread.so.0->__clone(0x2b23fb66bde0, 0x2b23ffef2fc0, 0x3d0f00, 0x2b23ffef3700) = 0x4452
17486   0.001889 libjvm.so->__xstat64(1, 0x2b23fb57ebb0, 0x2b23fb57eb20, 19) = -1
17486   0.001202 libjvm.so->pthread_attr_setdetachstate(0x2b23fb57e920, 1, 0, 0) = 0
17486   0.001241 libpthread.so.0->__clone(0x2b23fb66bde0, 0x2b23ffff3fc0, 0x3d0f00, 0x2b23ffff4700) = 0x4453
17486   0.001887 libjvm.so->pthread_attr_setdetachstate(0x2b23fb57e920, 1, 0, 0) = 0
17486   0.001410 libpthread.so.0->__clone(0x2b23fb66bde0, 0x2b241436afc0, 0x3d0f00, 0x2b241436b700) = 0x4454
17486   0.007239 libjvm.so->pthread_attr_setdetachstate(0x2b23fb57ea70, 1, 0, 0) = 0
17486   0.001387 libpthread.so.0->__clone(0x2b23fb66bde0, 0x2b241446bfc0, 0x3d0f00, 0x2b241446c700) = 0x4455
17486   0.002224 libjvm.so->pthread_attr_setdetachstate(0x2b23fb57eb80, 1, 0, 0) = 0
17486   0.001651 libpthread.so.0->__clone(0x2b23fb66bde0, 0x2b241456cfc0, 0x3d0f00, 0x2b241456d700) = 0x4456
17486   0.014002 libjvm.so->open64(0x2b240012c640, 0, 0, 0) = 5
17486   0.001702 libjvm.so->__fxstat64(1, 5, 0x2b23fb57bf90, -1) = 0
17486   0.024140 libjvm.so->fopen(0x2b24001527c0, 0x2b23fcd859ab, 4, 0x6f732e6f) = 0x2b2400152880
17486   0.003279 libjvm.so->dlopen(0x2b24001527c0, 1, 0xffffffff, 0x2b2400152800) = 0x2b2400152880
17486   0.121677 libjvm.so->fopen(0x2b24001ab830, 0x2b23fcd859ab, 4, 0x6f732e74) = 0x2b24001ab8f0
17486   0.003318 libjvm.so->dlopen(0x2b24001ab830, 1, 0xffffffff, 0x2b24001ab800) = 0x2b24001ab8f0
17486   0.129499 libjvm.so->fopen(0x2b240020ec80, 0x2b23fcd859ab, 0x6f732e7373656c, 0x656c646165685f74) = 0x2b240020ed60
17486   0.002888 libjvm.so->dlopen(0x2b240020ec80, 1, 0xffffffff, 0x2b240020ec00) = 0x2b240020ed60
17486   0.018260 libjvm.so->fopen(0x2b23fb577a30, 0x2b23fcd859ab, 0x6f732e, 0x6d766a62696c2f72) = 0x2b2400218bc0
17486   0.005851 libjvm.so->dlopen(0x2b23fb577a30, 1, 0xffffffff, 0x2b2400218100) = 0x55a2767914c0
17486   0.001700 libjvm.so->fopen(0x2b23fb577a30, 0x2b23fcd859ab, 0x6f732e, 0x6d766a62696c2f72) = 0x2b2400218b60
17486   0.004984 libjvm.so->dlopen(0x2b23fb577a30, 1, 0xffffffff, 0x2b2400218100) = 0x55a2767914c0
17486   0.001641 libjvm.so->fopen(0x2b23fb577a30, 0x2b23fcd859ab, 0x6f732e, 0x6d766a62696c2f72) = 0x2b2400218b60
17486   0.003494 libjvm.so->dlopen(0x2b23fb577a30, 1, 0xffffffff, 0x2b2400218100) = 0x55a2767914c0
17486   0.001648 libjvm.so->fopen(0x2b23fb577a30, 0x2b23fcd859ab, 0x6f732e, 0x6d766a62696c2f72) = 0x2b2400218b60
17486   0.003381 libjvm.so->dlopen(0x2b23fb577a30, 1, 0xffffffff, 0x2b2400218100) = 0x55a2767914c0
17486   0.534667 --- SIGSEGV (Segmentation fault) ---
17486   3.143392 --- SIGSEGV (Segmentation fault) ---
17494   7.442004 +++ exited (status 0) +++
17490   0.000292 +++ exited (status 0) +++
17487   0.000238 +++ exited (status 0) +++
17486   0.000262 +++ exited (status 0) +++
17492   0.000320 +++ exited (status 0) +++
17491   0.000025 +++ exited (status 0) +++
17489   0.000016 +++ exited (status 0) +++
17488   0.000014 +++ exited (status 0) +++
17493   0.020316 +++ exited (status 0) +++
17485   0.000083 +++ exited (status 0) +++
Wrote an ltrace for command: "java -cp ./tools/maxent.jar density.MaxEnt -s outputs/Philidris_myrmecodiae.csv -e data/layers/worldclim -o outputs/Philidris_myrmecodiae nowarnings nocache autorun -z" with PID 17483 from PPID 17464 on disc25.crc.nd.edu with result 0
REMOTEHOST=10.17.144.144
MANPATH=/afs/crc.nd.edu/user/n/nkremerh/cctools/share/man/:/afs/crc.nd.edu/group/ccl/software/x86_64/redhat7/ruby/current/share/man:/afs/crc.nd.edu/group/ccl/software/x86_64/redhat7/graphviz/current/share/man:/afs/crc.nd.edu/group/ccl/software/x86_64/redhat7/gnuplot/current/share/man:/afs/crc.nd.edu/group/ccl/software/x86_64/redhat7/git/current/share/man:/afs/crc.nd.edu/group/ccl/software/x86_64/redhat7/condor/current/share/man:/afs/crc.nd.edu/group/ccl/software/x86_64/redhat7/clang/current/share/man:/afs/crc.nd.edu/group/ccl/software/x86_64/redhat7/condor/current/share/man:/afs/crc.nd.edu/group/ccl/software/x86_64/redhat7/cctools/current/share/man:/afs/crc.nd.edu/group/ccl/software/x86_64/redhat7/cctools/current/share/man:/afs/crc.nd.edu/x86_64_linux/Modules/4.5.0/share/man:/opt/crc/usr/local/man:/opt/sge/man:/usr/share/man/overrides:/usr/share/man:/usr/local/share/man
_CONDOR_JOB_PIDS=
_CONDOR_ANCESTOR_24525=24530:1594671055:2748281650
XDG_SESSION_ID=2735
HOSTNAME=disc01.crc.nd.edu
_LMFILES__modshare=/afs/crc.nd.edu/x86_64_linux/Modules/modules/system_modules/CRC_default/1.1:1
MODULEPATH_modshare=/afs/crc.nd.edu/x86_64_linux/Modules/modules/general_software:1:/afs/crc.nd.edu/x86_64_linux/Modules/modules/development_tools_and_libraries:1:/afs/crc.nd.edu/x86_64_linux/Modules/modules/system_modules:1:/afs/crc.nd.edu/x86_64_linux/Modules/current/modulefiles:1:/afs/crc.nd.edu/x86_64_linux/Modules/modules/restricted_software:1:/afs/crc.nd.edu/x86_64_linux/Modules/modules/deprecated_software:1
TERM=xterm-256color
SHELL=/bin/tcsh
HOST=disc01.crc.nd.edu
MODULES_CMD=/afs/crc.nd.edu/x86_64_linux/Modules/4.5.0/libexec/modulecmd.tcl
HISTSIZE=5000
MAKEFLAGS=
SSH_CLIENT=10.17.144.144 39924 22
TMPDIR=/var/condor/execute/dir_24525/worker-213124-24553/t.1053/cctools-temp-t.1053.WpevLA
PERL5LIB=/afs/crc.nd.edu/user/n/nkremerh/cctools/lib/perl5/site_perl/5.16.3:/afs/crc.nd.edu/user/n/nkremerh/.perl5/lib/perl5
SGE_CELL=crc
_CONDOR_SCRATCH_DIR=/var/condor/execute/dir_24525
PERL_MB_OPT=--install_base '/afs/crc.nd.edu/user/n/nkremerh/.perl5/'
SSH_TTY=/dev/pts/0
SGE_LOAD_AVG=load_avg
MAKEFLOW_MAX_LOCAL_JOBS=2
GROUP=campus
USER=nkremerh
_CHIRP_DELAYED_UPDATE_PREFIX=Chirp*
HISTFILESIZE=10000
TEMP=/var/condor/execute/dir_24525/worker-213124-24553/t.1053/cctools-temp-t.1053.WpevLA
LD_LIBRARY_PATH=/afs/crc.nd.edu/group/ccl/software/x86_64/redhat7/ruby/current/lib:/afs/crc.nd.edu/group/ccl/software/x86_64/redhat7/graphviz/current/lib:/afs/crc.nd.edu/group/ccl/software/x86_64/redhat7/git/current/lib:/afs/crc.nd.edu/group/ccl/software/x86_64/redhat7/condor/current/lib:/afs/crc.nd.edu/group/ccl/software/x86_64/redhat7/clang/current/lib:/afs/crc.nd.edu/group/ccl/software/x86_64/redhat7/condor/current/lib:/afs/crc.nd.edu/group/ccl/software/x86_64/redhat7/cctools/current/lib:/opt/crc/usr/local/lib
BATCH_SYSTEM=HTCondor
MODULES_LMALTNAME=CRC_default/1.1&CRC_default/default&CRC_default
ENV=/afs/crc.nd.edu/x86_64_linux/Modules/4.5.0/init/profile.sh
WORKER_TMPDIR=/var/condor/execute/dir_24525/worker-213124-24553/cache/tmp
HOSTTYPE=x86_64-linux
_CONDOR_HIGHPORT=9999
GLOBUS_GSSAPI_MAX_TLS_PROTOCOL=0
_CONDOR_CHIRP_CONFIG=/var/condor/execute/dir_24525/.chirp.config
MAKELEVEL=1
MFLAGS=
MAIL=/var/spool/mail/nkremerh
PATH=/afs/crc.nd.edu/user/n/nkremerh/cctools/bin:/afs/crc.nd.edu/user/n/nkremerh/miniconda/bin:/afs/crc.nd.edu/group/ccl/software/git:/afs/crc.nd.edu/user/n/nkremerh/.local/bin:/afs/crc.nd.edu/group/ccl/software/x86_64/redhat7/povray/3.7/bin:/afs/crc.nd.edu/user/n/nkremerh/.perl5/bin:/afs/crc.nd.edu/user/n/nkremerh/pegasus/bin:/afs/crc.nd.edu/user/n/nkremerh/nodejs/bin:/afs/crc.nd.edu/user/n/nkremerh/montage/bin:/afs/crc.nd.edu/user/n/nkremerh/latexdiff:/afs/crc.nd.edu/user/n/nkremerh/envtrace:/afs/crc.nd.edu/user/n/nkremerh/endlines:/afs/crc.nd.edu/user/n/nkremerh/cctools/bin:/afs/crc.nd.edu/user/n/nkremerh/.cargo/bin:/afs/crc.nd.edu/group/ccl/software/x86_64/redhat7/ruby/current/bin:/afs/crc.nd.edu/group/ccl/software/x86_64/redhat7/graphviz/current/bin:/afs/crc.nd.edu/group/ccl/software/x86_64/redhat7/gnuplot/current/bin:/afs/crc.nd.edu/group/ccl/software/x86_64/redhat7/git/current/bin:/afs/crc.nd.edu/group/ccl/software/x86_64/redhat7/condor/current/sbin:/afs/crc.nd.edu/group/ccl/software/x86_64/redhat7/condor/current/bin:/afs/crc.nd.edu/group/ccl/software/x86_64/redhat7/cmake/current/bin:/afs/crc.nd.edu/group/ccl/software/x86_64/redhat7/clang/current/bin:/afs/crc.nd.edu/group/ccl/software/x86_64/redhat7/condor/current/sbin:/afs/crc.nd.edu/group/ccl/software/x86_64/redhat7/condor/current/bin:/afs/crc.nd.edu/group/ccl/software/x86_64/redhat7/cctools/current/bin:/afs/crc.nd.edu/x86_64_linux/Modules/4.5.0/bin:/opt/crc/usr/local/bin:/opt/sge/bin/lx-amd64:/usr/local/bin:/usr/bin:/usr/local/sbin:/usr/sbin:/afs/crc.nd.edu/user/c/condor/software/bin:/afs/crc.nd.edu/user/c/condor/software/sbin
CCLSOFTWARE=/afs/crc.nd.edu/group/ccl/software/x86_64/redhat7
PWD=/var/condor/execute/dir_24525/worker-213124-24553/t.1053
_LMFILES_=/afs/crc.nd.edu/x86_64_linux/Modules/modules/system_modules/CRC_default/1.1
EDITOR=vim
SGE_EXECD_PORT=6445
LANG=en_US.UTF-8
SGE_QMASTER_PORT=6444
MODULEPATH=/afs/crc.nd.edu/x86_64_linux/Modules/modules/development_tools_and_libraries:/afs/crc.nd.edu/x86_64_linux/Modules/modules/general_software:/afs/crc.nd.edu/x86_64_linux/Modules/modules/restricted_software:/afs/crc.nd.edu/x86_64_linux/Modules/modules/system_modules:/afs/crc.nd.edu/x86_64_linux/Modules/modules/deprecated_software:/afs/crc.nd.edu/x86_64_linux/Modules/current/modulefiles
LOADEDMODULES=CRC_default/1.1
SGE_ROOT=/opt/sge
CCLPLATFORM=x86_64/redhat7
_CONDOR_SLOT=slot1
WORK_QUEUE_SANDBOX=/var/condor/execute/dir_24525/worker-213124-24553
USE_SYSTEMD=true
_CONDOR_LOWPORT=9100
_CONDOR_ANCESTOR_4261=24525:1594671054:4145456440
HISTCONTROL=ignoreboth:erasedups
KRB5CCNAME=FILE:/tmp/krb5cc_213124_ZwXmib
GLOBUS_GSSAPI_NAME_COMPATIBILITY=STRICT_RFC2818
HOME=/afs/crc.nd.edu/user/n/nkremerh
SHLVL=6
PATH_modshare=/opt/crc/usr/local/bin:1:/opt/sge/bin/lx-amd64:1:/usr/sbin:1:/usr/bin:1:/afs/crc.nd.edu/user/c/condor/software/sbin:1:/usr/local/sbin:1:/afs/crc.nd.edu/user/c/condor/software/bin:1:/usr/local/bin:1
OSTYPE=linux
_CONDOR_MACHINE_AD=/var/condor/execute/dir_24525/.machine.ad
_CONDOR_ANCESTOR_3989=4261:1593343483:4184216969
GREP_OPTIONS=--color=auto
DISK=916727
GLOBUS_GSSAPI_MIN_TLS_PROTOCOL=TLS1_VERSION
MANPATH_modshare=/usr/share/man/overrides:1:/usr/local/share/man:1:/usr/share/man:1:/opt/crc/usr/local/man:1:/opt/sge/man:1
MEMORY=15899
PERL_LOCAL_LIB_ROOT=/afs/crc.nd.edu/user/n/nkremerh/.perl5/
BASH_ENV=/afs/crc.nd.edu/x86_64_linux/Modules/4.5.0/init/bash
VENDOR=unknown
TMP=/var/condor/execute/dir_24525/worker-213124-24553/t.1053/cctools-temp-t.1053.WpevLA
LOGNAME=nkremerh
MACHTYPE=x86_64
CCLHOME=/afs/crc.nd.edu/group/ccl
PYTHONPATH=/afs/crc.nd.edu/user/n/nkremerh/cctools/lib/python3.6/site-packages/
LD_LIBRARY_PATH_modshare=/opt/crc/usr/local/lib:1
SSH_CONNECTION=10.17.144.144 39924 129.74.128.103 22
MODULES_LMALTNAME_modshare=CRC_default/1.1&CRC_default/default&CRC_default:1
MODULESHOME=/afs/crc.nd.edu/x86_64_linux/Modules/4.5.0
GLOBUS_GSSAPI_CIPHERS=HIGH
GLOBUS_GSSAPI_BACKWARD_COMPATIBLE_MIC=true
LESSOPEN=||/usr/bin/lesspipe.sh %s
OMP_NUM_THREADS=1
_CONDOR_JOB_AD=/var/condor/execute/dir_24525/.job.ad
LOADEDMODULES_modshare=CRC_default/1.1:1
XDG_RUNTIME_DIR=/run/user/213124
SGE_CLUSTER_NAME=CRC
CCTOOLS=../cctools
CORES=4
_CONDOR_JOB_IWD=/var/condor/execute/dir_24525
PERL_MM_OPT=INSTALL_BASE=/afs/crc.nd.edu/user/n/nkremerh/.perl5/
GLOBUS_GSSAPI_SERVER_CIPHER_ORDER=true
BASH_FUNC_module()=() {  unset _mlshdbg;
 if [ "${MODULES_SILENT_SHELL_DEBUG:-0}" = '1' ]; then
 case "$-" in 
 *v*x*)
 set +vx;
 _mlshdbg='vx'
 ;;
 *v*)
 set +v;
 _mlshdbg='v'
 ;;
 *x*)
 set +x;
 _mlshdbg='x'
 ;;
 *)
 _mlshdbg=''
 ;;
 esac;
 fi;
 unset _mlre _mlIFS;
 if [ -n "${IFS+x}" ]; then
 _mlIFS=$IFS;
 fi;
 IFS=' ';
 for _mlv in ${MODULES_RUN_QUARANTINE:-};
 do
 if [ "${_mlv}" = "${_mlv##*[!A-Za-z0-9_]}" -a "${_mlv}" = "${_mlv#[0-9]}" ]; then
 if [ -n "`eval 'echo ${'$_mlv'+x}'`" ]; then
 _mlre="${_mlre:-}${_mlv}_modquar='`eval 'echo ${'$_mlv'}'`' ";
 fi;
 _mlrv="MODULES_RUNENV_${_mlv}";
 _mlre="${_mlre:-}${_mlv}='`eval 'echo ${'$_mlrv':-}'`' ";
 fi;
 done;
 if [ -n "${_mlre:-}" ]; then
 eval `eval ${_mlre}/usr/bin/tclsh /afs/crc.nd.edu/x86_64_linux/Modules/4.5.0/libexec/modulecmd.tcl bash '"$@"'`;
 else
 eval `/usr/bin/tclsh /afs/crc.nd.edu/x86_64_linux/Modules/4.5.0/libexec/modulecmd.tcl bash "$@"`;
 fi;
 _mlstatus=$?;
 if [ -n "${_mlIFS+x}" ]; then
 IFS=$_mlIFS;
 else
 unset IFS;
 fi;
 unset _mlre _mlv _mlrv _mlIFS;
 if [ -n "${_mlshdbg:-}" ]; then
 set -$_mlshdbg;
 fi;
 unset _mlshdbg;
 return $_mlstatus
}
BASH_FUNC_ml()=() {  module ml "$@"
}
_=/usr/bin/printenv
