12656   0.000000 libjli.so->getenv("_JAVA_LAUNCHER_DEBUG") = nil
12656   0.001920 libjli.so->getenv("_JAVA_VERSION_SET") = nil
12656   0.000879 libjli.so->fopen("/usr/lib/jvm/java-1.8.0-openjdk-1.8.0.252.b09-2.el7_8.x86_64/jre/lib/amd64/jvm.cfg", "r") = 0x55962b4c80f0
12656   0.000801 libjli.so->getenv("JDK_ALTERNATE_VM") = nil
12656   0.000314 libjli.so->__xstat(1, "/usr/lib/jvm/java-1.8.0-openjdk-1.8.0.252.b09-2.el7_8.x86_64/jre/lib/amd64/server/libjvm.so", 0x7ffcedd238f0) = 0
12656   0.000592 libjli.so->getenv("LD_LIBRARY_PATH") = "/afs/crc.nd.edu/group/ccl/software/x86_64/redhat7/ruby/current/lib:/afs/crc.nd.edu/group/ccl/software/x86_64/redhat7/graphviz/current/lib:/afs/crc.nd.edu/group/ccl/software/x86_64/redhat7/git/current/lib:/afs/crc.nd.edu/group/ccl/software/x86_64/redhat7/condor/current/lib:/afs/crc.nd.edu/group/ccl/software/x86_64/redhat7/clang/current/lib:/afs/crc.nd.edu/group/ccl/software/x86_64/redhat7/condor/current/lib:/afs/crc.nd.edu/group/ccl/software/x86_64/redhat7/cctools/current/lib:/opt/crc/usr/local/lib"
12656   0.002019 libjli.so->dlopen("/usr/lib/jvm/java-1.8.0-openjdk-1.8.0.252.b09-2.el7_8.x86_64/jre/lib/amd64/server/libjvm.so", 258 <unfinished ...>
12656   0.036885 libjvm.so->getenv("NMT_LEVEL_12656") = nil
12656   0.001716 <... dlopen resumed> )          = 0x55962b4c84c0
12656   0.000066 libjli.so->getenv("CLASSPATH")  = nil
12656   0.000310 libjli.so->getenv("_JAVA_SPLASH_JAR") = nil
12656   0.000295 libjli.so->getenv("_JAVA_SPLASH_FILE") = nil
12656   0.000352 libjli.so->pthread_attr_setdetachstate(0x7ffcedd238a0, 0, 0x7ffcedd23930, 0) = 0
12656   0.000512 libpthread.so.0->__clone(0x2b73a7bfade0, 0x2b73a7b0dfc0, 0x3d0f00, 0x2b73a7b0e700) = 0x3171
12657   0.001565 libjvm.so->dlopen(0x2b73a935a52e, 1, 0xfffffffffff42c48, 4096) = 0x2b73ac000990
12657   0.002761 libjvm.so->getenv(0x2b73a93752c0, 0, 115, 0x65737361) = 0x7ffcedd296d0
12657   0.000488 libjvm.so->fopen(0x2b73a7b0cbe0, 0x2b73a93149ab, 0x6f732e79666972, 0x2b73a84d2ab0) = 0x2b73ac001440
12657   0.001668 libjvm.so->dlopen(0x2b73a7b0cbe0, 1, 0xffffffff, 0x2b73ac002b00) = 0x2b73ac001440
12657   0.001582 libjvm.so->fopen(0x2b73a7b0cbe0, 0x2b73a93149ab, 111, 0x732e6176) = 0x2b73ac001b10
12657   0.001972 libjvm.so->dlopen(0x2b73a7b0cbe0, 1, 0xffffffff, 0x2b73ac001a00) = 0x2b73ac001b10
12657   0.001714 libjvm.so->__xstat(1, 0x2b73a7b0d330, 0x2b73a7b0db70, 0x637274) = -1
12657   0.000536 libjvm.so->getenv(0x2b73a930d226, 0x2b73a7b0d6a0, 1024, 0x2b73a97b15db) = 0
12657   0.000443 libjvm.so->getenv(0x2b73a930d218, 0x2b73a7b0d6a0, 1024, 0) = 0
12657   0.000544 libjvm.so->fopen(0x2b73a9359e95, 0x2b73a93149ab, 4095, 24) = 0x2b73ac0032b0
12657   0.001461 libjvm.so->fopen(0x2b73a9359ee1, 0x2b73a93149ab, 0x2b73ac000078, 0x2b73ac0032a0) = 0x2b73ac0032b0
12657   0.000762 libjvm.so->fopen(0x2b73a7b07980, 0x2b73a93149ab, 4016, 3997) = 0x2b73ac0032b0
12657   0.000711 libjvm.so->opendir(0x2b73ac002b40, 0x2b73ac002b40, 13, 16) = 0
12657   0.000472 libjvm.so->__xstat(1, 0x2b73a7b0c8c0, 0x2b73a7b0b830, 0x6f732e7477616d62) = -1
12657   0.000466 libjvm.so->__xstat(1, 0x2b73a7b0c8c0, 0x2b73a7b0b830, 0x5f74776162696c2f) = 0
12657   0.000475 libjvm.so->fopen(0x2b73a7b0bb60, 0x2b73a93149ab, 4011, 3996) = 0x2b73ac003790
12657   0.000609 libjvm.so->fopen(0x2b73a7b0bb60, 0x2b73a93149ab, 4011, 3996) = 0x2b73ac003790
12657   0.000592 libjvm.so->fopen(0x2b73a7b0bb60, 0x2b73a93149ab, 4011, 4004) = 0x2b73ac003790
12657   0.000621 libjvm.so->fopen(0x2b73a7b0baf0, 0x2b73a93149ab, 4011, 3996) = 0x2b73ac003790
12657   0.000647 libjvm.so->fopen(0x2b73a7b0baf0, 0x2b73a93149ab, 4011, 3996) = 0x2b73ac003790
12657   0.000586 libjvm.so->fopen(0x2b73a7b0baf0, 0x2b73a93149ab, 4011, 4004) = 0x2b73ac003790
12657   0.000615 libjvm.so->fopen(0x2b73a7b0bb20, 0x2b73a93149ab, 4016, 3997) = 0x2b73ac003790
12657   0.000779 libjvm.so->getenv(0x2b73a935ac5e, 4096, 3, -1) = 0
12657   0.001207 libjvm.so->fopen(0x2b73a935a518, 0x2b73a93149ab, 0x2b73a7bf1908, 0x2b73a7bf0df0) = 0x2b73ac003790
12657   0.005525 libjvm.so->open(0x2b73ac04a580, 0x20000, 0, 0x2b73ac04a5c9) = 3
12657   0.000618 libjvm.so->__fxstat(1, 3, 0x2b73a7b0d9d0, -1) = 0
12657   0.000729 libjvm.so->opendir(0x2b73ac04a580, 0x2b73a7b0d9d0, 0x4000, -1) = 0x2b73ac04b490
12657   0.000557 libjvm.so->__fxstat(1, 3, 0x2b73a7b0d870, 0x2b73ac04b490) = 0
12657   0.000603 libjvm.so->__fxstat(1, 5, 0x2b73a7b0d900, -1) = 0
12657   0.000527 libjvm.so->open(0x2b73a932b85c, 0, 0, 0) = 3
12657   0.000785 libjvm.so->__lxstat(1, 0x2b73ac04a580, 0x2b73a7b0db20, -144) = 0
12657   0.000553 libjvm.so->open(0x2b73ac04a580, 0x20000, 0x4000, -1) = 3
12657   0.000486 libjvm.so->__fxstat(1, 3, 0x2b73a7b0d9d0, -1) = 0
12657   0.000616 libjvm.so->opendir(0x2b73ac04a580, 0x2b73a7b0d9d0, 0x4000, -1) = 0x2b73ac04b490
12657   0.000457 libjvm.so->__fxstat(1, 3, 0x2b73a7b0d870, 0x2b73ac04b490) = 0
12657   0.000518 libjvm.so->__fxstat(1, 5, 0x2b73a7b0d900, -1) = 0
12657   0.000475 libjvm.so->open(0x2b73a932b85c, 0, 0, 0) = 3
12657   0.000496 libjvm.so->open(0x2b73ac04a5c9, 0x20042, 384, -1) = 7
12657   0.000710 libjvm.so->__fxstat(1, 7, 0x2b73a7b0db20, -1) = 0
12657   0.001709 libjvm.so->fopen(0x2b73a7b0cb30, 0x2b73a93149ab, 4, 0x6f732e70) = 0x2b73ac057b70
12657   0.001963 libjvm.so->dlopen(0x2b73a7b0cb30, 1, 0xffffffff, 0x2b73ac057b00) = 0x2b73ac057b70
12657   0.002027 libjvm.so->__xstat(1, 0x2b73a7b0d0f0, 0x2b73a7b0d920, 2048) = 0
12657   0.000633 libjvm.so->__xstat(1, 0x2b73a7b0d0f0, 0x2b73a7b0d920, 2048) = 0
12657   0.000492 libjvm.so->__xstat(1, 0x2b73a7b0d0f0, 0x2b73a7b0d920, 2048) = -1
12657   0.000577 libjvm.so->__xstat(1, 0x2b73a7b0d0f0, 0x2b73a7b0d920, 2048) = 0
12657   0.000506 libjvm.so->__xstat(1, 0x2b73a7b0d0f0, 0x2b73a7b0d920, 2048) = 0
12657   0.000545 libjvm.so->__xstat(1, 0x2b73a7b0d0f0, 0x2b73a7b0d920, 2048) = 0
12657   0.000523 libjvm.so->__xstat(1, 0x2b73a7b0d0f0, 0x2b73a7b0d920, 2048) = -1
12657   0.000535 libjvm.so->__xstat(1, 0x2b73a7b0d0f0, 0x2b73a7b0d920, 2048) = -1
12657   0.000518 libjvm.so->fopen(0x2b73ac002520, 0x2b73a93149ab, 0, 0) = 0x2b73ac0588e0
12657   0.009202 libjvm.so->open64(0x2b73a7b0c490, 0, 0, 16) = 3
12657   0.000647 libjvm.so->__fxstat64(1, 3, 0x2b73a7b0c2c0, -1) = 0
12657   0.036760 libjvm.so->__xstat(1, 0x2b73a7b0cef0, 0x2b73a7b0d720, 2048) = -1
12657   0.000803 libjvm.so->fopen(0x2b73a7b0baf0, 0x2b73a93149ab, 4011, 3996) = 0x2b73ac0b5b60
12657   0.000848 libjvm.so->fopen(0x2b73a7b0baf0, 0x2b73a93149ab, 4011, 3996) = 0x2b73ac0b5b60
12657   0.000675 libjvm.so->fopen(0x2b73a7b0baf0, 0x2b73a93149ab, 4011, 4004) = 0x2b73ac0b5b60
12657   0.004261 libjvm.so->pthread_attr_setdetachstate(0x2b73a7b0dbd0, 1, 0, 0) = 0
12657   0.000576 libpthread.so.0->__clone(0x2b73a7bfade0, 0x2b73abfacfc0, 0x3d0f00, 0x2b73abfad700) = 0x3172
12657   0.015668 libjvm.so->pthread_attr_setdetachstate(0x2b73a7b0d260, 1, 0, 0) = 0
12657   0.000708 libpthread.so.0->__clone(0x2b73a7bfade0, 0x2b73c053cfc0, 0x3d0f00, 0x2b73c053d700) = 0x3173
12657   0.007956 libjvm.so->pthread_attr_setdetachstate(0x2b73a7b0d5e0, 1, 0, 0) = 0
12657   0.000841 libpthread.so.0->__clone(0x2b73a7bfade0, 0x2b73c063dfc0, 0x3d0f00, 0x2b73c063e700) = 0x3174
12657   0.041837 libjvm.so->fopen(0x2b73ac0e8690, 0x2b73a93149ab, 4, 0x6f732e70) = 0x2b73ac0f1710
12657   0.002230 libjvm.so->dlopen(0x2b73ac0e8690, 1, 0xffffffff, 0x2b73ac0e8b00) = 0x2b73ac057b70
12657   0.022109 libjvm.so->fopen(0x2b73a7b09130, 0x2b73a93149ab, 4011, 3996) = 0x2b73ac0f9090
12657   0.001183 libjvm.so->fopen(0x2b73a7b09130, 0x2b73a93149ab, 4011, 3996) = 0x2b73ac0f9090
12657   0.001169 libjvm.so->fopen(0x2b73a7b09130, 0x2b73a93149ab, 4011, 4004) = 0x2b73ac0f9090
12657   0.014869 libjvm.so->pthread_attr_setdetachstate(0x2b73a7b0db20, 1, 0, 0) = 0
12657   0.001032 libpthread.so.0->__clone(0x2b73a7bfade0, 0x2b73c073efc0, 0x3d0f00, 0x2b73c073f700) = 0x3175
12657   0.001683 libjvm.so->__xstat64(1, 0x2b73a7b0dbb0, 0x2b73a7b0db20, 19) = -1
12657   0.001261 libjvm.so->pthread_attr_setdetachstate(0x2b73a7b0d920, 1, 0, 0) = 0
12657   0.001222 libpthread.so.0->__clone(0x2b73a7bfade0, 0x2b73c083ffc0, 0x3d0f00, 0x2b73c0840700) = 0x3176
12657   0.001811 libjvm.so->pthread_attr_setdetachstate(0x2b73a7b0d920, 1, 0, 0) = 0
12657   0.001327 libpthread.so.0->__clone(0x2b73a7bfade0, 0x2b73c0940fc0, 0x3d0f00, 0x2b73c0941700) = 0x3177
12657   0.007166 libjvm.so->pthread_attr_setdetachstate(0x2b73a7b0da70, 1, 0, 0) = 0
12657   0.001437 libpthread.so.0->__clone(0x2b73a7bfade0, 0x2b73c0a41fc0, 0x3d0f00, 0x2b73c0a42700) = 0x3178
12657   0.002104 libjvm.so->pthread_attr_setdetachstate(0x2b73a7b0db80, 1, 0, 0) = 0
12657   0.001612 libpthread.so.0->__clone(0x2b73a7bfade0, 0x2b73c0b42fc0, 0x3d0f00, 0x2b73c0b43700) = 0x3179
12657   0.014124 libjvm.so->open64(0x2b73ac134530, 0, 0, 48) = 5
12657   0.001766 libjvm.so->__fxstat64(1, 5, 0x2b73a7b0af90, -1) = 0
12657   0.024324 libjvm.so->fopen(0x2b73ac15a790, 0x2b73a93149ab, 4, 0x6f732e6f) = 0x2b73ac15a850
12657   0.003375 libjvm.so->dlopen(0x2b73ac15a790, 1, 0xffffffff, 0x2b73ac15a700) = 0x2b73ac15a850
12657   0.122812 libjvm.so->fopen(0x2b73ac1a6cc0, 0x2b73a93149ab, 4, 0x6f732e74) = 0x2b73ac1abaa0
12657   0.003218 libjvm.so->dlopen(0x2b73ac1a6cc0, 1, 0xffffffff, 0x2b73ac1a0c00) = 0x2b73ac1abaa0
12657   0.129966 libjvm.so->fopen(0x2b73ac246ef0, 0x2b73a93149ab, 0x6f732e7373656c, 0x656c646165685f74) = 0x2b73ac246fd0
12657   0.002884 libjvm.so->dlopen(0x2b73ac246ef0, 1, 0xffffffff, 0x2b73ac246f00) = 0x2b73ac246fd0
12657   0.019897 libjvm.so->fopen(0x2b73a7b06a30, 0x2b73a93149ab, 0x6f732e, 0x6d766a62696c2f72) = 0x2b73ac250db0
12657   0.005949 libjvm.so->dlopen(0x2b73a7b06a30, 1, 0xffffffff, 0x2b73ac250300) = 0x55962b4c84c0
12657   0.001791 libjvm.so->fopen(0x2b73a7b06a30, 0x2b73a93149ab, 0x6f732e, 0x6d766a62696c2f72) = 0x2b73ac250d50
12657   0.005046 libjvm.so->dlopen(0x2b73a7b06a30, 1, 0xffffffff, 0x2b73ac250300) = 0x55962b4c84c0
12657   0.001673 libjvm.so->fopen(0x2b73a7b06a30, 0x2b73a93149ab, 0x6f732e, 0x6d766a62696c2f72) = 0x2b73ac250d50
12657   0.003840 libjvm.so->dlopen(0x2b73a7b06a30, 1, 0xffffffff, 0x2b73ac250300) = 0x55962b4c84c0
12657   0.001745 libjvm.so->fopen(0x2b73a7b06a30, 0x2b73a93149ab, 0x6f732e, 0x6d766a62696c2f72) = 0x2b73ac250d50
12657   0.003804 libjvm.so->dlopen(0x2b73a7b06a30, 1, 0xffffffff, 0x2b73ac250300) = 0x55962b4c84c0
12657   0.526397 --- SIGSEGV (Segmentation fault) ---
12665  12.203404 +++ exited (status 0) +++
12661   0.000237 +++ exited (status 0) +++
12658   0.000288 +++ exited (status 0) +++
12657   0.000227 +++ exited (status 0) +++
12664   0.000404 +++ exited (status 0) +++
12662   0.000038 +++ exited (status 0) +++
12660   0.000017 +++ exited (status 0) +++
12659   0.000013 +++ exited (status 0) +++
12663   0.021636 +++ exited (status 0) +++
12656   0.000079 +++ exited (status 0) +++
Wrote an ltrace for command: "java -cp ./tools/maxent.jar density.MaxEnt -s outputs/Coccophagus_margaritatus_Compere.csv -e data/layers/worldclim -o outputs/Coccophagus_margaritatus_Compere nowarnings nocache autorun -z" with PID 12654 from PPID 12635 on disc25.crc.nd.edu with result 0
REMOTEHOST=10.17.144.144
MANPATH=/afs/crc.nd.edu/user/n/nkremerh/cctools/share/man/:/afs/crc.nd.edu/group/ccl/software/x86_64/redhat7/ruby/current/share/man:/afs/crc.nd.edu/group/ccl/software/x86_64/redhat7/graphviz/current/share/man:/afs/crc.nd.edu/group/ccl/software/x86_64/redhat7/gnuplot/current/share/man:/afs/crc.nd.edu/group/ccl/software/x86_64/redhat7/git/current/share/man:/afs/crc.nd.edu/group/ccl/software/x86_64/redhat7/condor/current/share/man:/afs/crc.nd.edu/group/ccl/software/x86_64/redhat7/clang/current/share/man:/afs/crc.nd.edu/group/ccl/software/x86_64/redhat7/condor/current/share/man:/afs/crc.nd.edu/group/ccl/software/x86_64/redhat7/cctools/current/share/man:/afs/crc.nd.edu/group/ccl/software/x86_64/redhat7/cctools/current/share/man:/afs/crc.nd.edu/x86_64_linux/Modules/4.5.0/share/man:/opt/crc/usr/local/man:/opt/sge/man:/usr/share/man/overrides:/usr/share/man:/usr/local/share/man
_CONDOR_JOB_PIDS=
_CONDOR_ANCESTOR_24525=24530:1594671055:2748281650
XDG_SESSION_ID=2735
HOSTNAME=disc01.crc.nd.edu
_LMFILES__modshare=/afs/crc.nd.edu/x86_64_linux/Modules/modules/system_modules/CRC_default/1.1:1
MODULEPATH_modshare=/afs/crc.nd.edu/x86_64_linux/Modules/modules/general_software:1:/afs/crc.nd.edu/x86_64_linux/Modules/modules/development_tools_and_libraries:1:/afs/crc.nd.edu/x86_64_linux/Modules/modules/system_modules:1:/afs/crc.nd.edu/x86_64_linux/Modules/current/modulefiles:1:/afs/crc.nd.edu/x86_64_linux/Modules/modules/restricted_software:1:/afs/crc.nd.edu/x86_64_linux/Modules/modules/deprecated_software:1
TERM=xterm-256color
SHELL=/bin/tcsh
HOST=disc01.crc.nd.edu
MODULES_CMD=/afs/crc.nd.edu/x86_64_linux/Modules/4.5.0/libexec/modulecmd.tcl
HISTSIZE=5000
MAKEFLAGS=
SSH_CLIENT=10.17.144.144 39924 22
TMPDIR=/var/condor/execute/dir_24525/worker-213124-24553/t.993/cctools-temp-t.993.UgmX8E
PERL5LIB=/afs/crc.nd.edu/user/n/nkremerh/cctools/lib/perl5/site_perl/5.16.3:/afs/crc.nd.edu/user/n/nkremerh/.perl5/lib/perl5
SGE_CELL=crc
_CONDOR_SCRATCH_DIR=/var/condor/execute/dir_24525
PERL_MB_OPT=--install_base '/afs/crc.nd.edu/user/n/nkremerh/.perl5/'
SSH_TTY=/dev/pts/0
SGE_LOAD_AVG=load_avg
MAKEFLOW_MAX_LOCAL_JOBS=2
GROUP=campus
USER=nkremerh
_CHIRP_DELAYED_UPDATE_PREFIX=Chirp*
HISTFILESIZE=10000
TEMP=/var/condor/execute/dir_24525/worker-213124-24553/t.993/cctools-temp-t.993.UgmX8E
LD_LIBRARY_PATH=/afs/crc.nd.edu/group/ccl/software/x86_64/redhat7/ruby/current/lib:/afs/crc.nd.edu/group/ccl/software/x86_64/redhat7/graphviz/current/lib:/afs/crc.nd.edu/group/ccl/software/x86_64/redhat7/git/current/lib:/afs/crc.nd.edu/group/ccl/software/x86_64/redhat7/condor/current/lib:/afs/crc.nd.edu/group/ccl/software/x86_64/redhat7/clang/current/lib:/afs/crc.nd.edu/group/ccl/software/x86_64/redhat7/condor/current/lib:/afs/crc.nd.edu/group/ccl/software/x86_64/redhat7/cctools/current/lib:/opt/crc/usr/local/lib
BATCH_SYSTEM=HTCondor
MODULES_LMALTNAME=CRC_default/1.1&CRC_default/default&CRC_default
ENV=/afs/crc.nd.edu/x86_64_linux/Modules/4.5.0/init/profile.sh
WORKER_TMPDIR=/var/condor/execute/dir_24525/worker-213124-24553/cache/tmp
HOSTTYPE=x86_64-linux
_CONDOR_HIGHPORT=9999
GLOBUS_GSSAPI_MAX_TLS_PROTOCOL=0
_CONDOR_CHIRP_CONFIG=/var/condor/execute/dir_24525/.chirp.config
MAKELEVEL=1
MFLAGS=
MAIL=/var/spool/mail/nkremerh
PATH=/afs/crc.nd.edu/user/n/nkremerh/cctools/bin:/afs/crc.nd.edu/user/n/nkremerh/miniconda/bin:/afs/crc.nd.edu/group/ccl/software/git:/afs/crc.nd.edu/user/n/nkremerh/.local/bin:/afs/crc.nd.edu/group/ccl/software/x86_64/redhat7/povray/3.7/bin:/afs/crc.nd.edu/user/n/nkremerh/.perl5/bin:/afs/crc.nd.edu/user/n/nkremerh/pegasus/bin:/afs/crc.nd.edu/user/n/nkremerh/nodejs/bin:/afs/crc.nd.edu/user/n/nkremerh/montage/bin:/afs/crc.nd.edu/user/n/nkremerh/latexdiff:/afs/crc.nd.edu/user/n/nkremerh/envtrace:/afs/crc.nd.edu/user/n/nkremerh/endlines:/afs/crc.nd.edu/user/n/nkremerh/cctools/bin:/afs/crc.nd.edu/user/n/nkremerh/.cargo/bin:/afs/crc.nd.edu/group/ccl/software/x86_64/redhat7/ruby/current/bin:/afs/crc.nd.edu/group/ccl/software/x86_64/redhat7/graphviz/current/bin:/afs/crc.nd.edu/group/ccl/software/x86_64/redhat7/gnuplot/current/bin:/afs/crc.nd.edu/group/ccl/software/x86_64/redhat7/git/current/bin:/afs/crc.nd.edu/group/ccl/software/x86_64/redhat7/condor/current/sbin:/afs/crc.nd.edu/group/ccl/software/x86_64/redhat7/condor/current/bin:/afs/crc.nd.edu/group/ccl/software/x86_64/redhat7/cmake/current/bin:/afs/crc.nd.edu/group/ccl/software/x86_64/redhat7/clang/current/bin:/afs/crc.nd.edu/group/ccl/software/x86_64/redhat7/condor/current/sbin:/afs/crc.nd.edu/group/ccl/software/x86_64/redhat7/condor/current/bin:/afs/crc.nd.edu/group/ccl/software/x86_64/redhat7/cctools/current/bin:/afs/crc.nd.edu/x86_64_linux/Modules/4.5.0/bin:/opt/crc/usr/local/bin:/opt/sge/bin/lx-amd64:/usr/local/bin:/usr/bin:/usr/local/sbin:/usr/sbin:/afs/crc.nd.edu/user/c/condor/software/bin:/afs/crc.nd.edu/user/c/condor/software/sbin
CCLSOFTWARE=/afs/crc.nd.edu/group/ccl/software/x86_64/redhat7
PWD=/var/condor/execute/dir_24525/worker-213124-24553/t.993
_LMFILES_=/afs/crc.nd.edu/x86_64_linux/Modules/modules/system_modules/CRC_default/1.1
EDITOR=vim
SGE_EXECD_PORT=6445
LANG=en_US.UTF-8
SGE_QMASTER_PORT=6444
MODULEPATH=/afs/crc.nd.edu/x86_64_linux/Modules/modules/development_tools_and_libraries:/afs/crc.nd.edu/x86_64_linux/Modules/modules/general_software:/afs/crc.nd.edu/x86_64_linux/Modules/modules/restricted_software:/afs/crc.nd.edu/x86_64_linux/Modules/modules/system_modules:/afs/crc.nd.edu/x86_64_linux/Modules/modules/deprecated_software:/afs/crc.nd.edu/x86_64_linux/Modules/current/modulefiles
LOADEDMODULES=CRC_default/1.1
SGE_ROOT=/opt/sge
CCLPLATFORM=x86_64/redhat7
_CONDOR_SLOT=slot1
WORK_QUEUE_SANDBOX=/var/condor/execute/dir_24525/worker-213124-24553
USE_SYSTEMD=true
_CONDOR_LOWPORT=9100
_CONDOR_ANCESTOR_4261=24525:1594671054:4145456440
HISTCONTROL=ignoreboth:erasedups
KRB5CCNAME=FILE:/tmp/krb5cc_213124_ZwXmib
GLOBUS_GSSAPI_NAME_COMPATIBILITY=STRICT_RFC2818
HOME=/afs/crc.nd.edu/user/n/nkremerh
SHLVL=6
PATH_modshare=/opt/crc/usr/local/bin:1:/opt/sge/bin/lx-amd64:1:/usr/sbin:1:/usr/bin:1:/afs/crc.nd.edu/user/c/condor/software/sbin:1:/usr/local/sbin:1:/afs/crc.nd.edu/user/c/condor/software/bin:1:/usr/local/bin:1
OSTYPE=linux
_CONDOR_MACHINE_AD=/var/condor/execute/dir_24525/.machine.ad
_CONDOR_ANCESTOR_3989=4261:1593343483:4184216969
GREP_OPTIONS=--color=auto
DISK=916727
GLOBUS_GSSAPI_MIN_TLS_PROTOCOL=TLS1_VERSION
MANPATH_modshare=/usr/share/man/overrides:1:/usr/local/share/man:1:/usr/share/man:1:/opt/crc/usr/local/man:1:/opt/sge/man:1
MEMORY=15899
PERL_LOCAL_LIB_ROOT=/afs/crc.nd.edu/user/n/nkremerh/.perl5/
BASH_ENV=/afs/crc.nd.edu/x86_64_linux/Modules/4.5.0/init/bash
VENDOR=unknown
TMP=/var/condor/execute/dir_24525/worker-213124-24553/t.993/cctools-temp-t.993.UgmX8E
LOGNAME=nkremerh
MACHTYPE=x86_64
CCLHOME=/afs/crc.nd.edu/group/ccl
PYTHONPATH=/afs/crc.nd.edu/user/n/nkremerh/cctools/lib/python3.6/site-packages/
LD_LIBRARY_PATH_modshare=/opt/crc/usr/local/lib:1
SSH_CONNECTION=10.17.144.144 39924 129.74.128.103 22
MODULES_LMALTNAME_modshare=CRC_default/1.1&CRC_default/default&CRC_default:1
MODULESHOME=/afs/crc.nd.edu/x86_64_linux/Modules/4.5.0
GLOBUS_GSSAPI_CIPHERS=HIGH
GLOBUS_GSSAPI_BACKWARD_COMPATIBLE_MIC=true
LESSOPEN=||/usr/bin/lesspipe.sh %s
OMP_NUM_THREADS=1
_CONDOR_JOB_AD=/var/condor/execute/dir_24525/.job.ad
LOADEDMODULES_modshare=CRC_default/1.1:1
XDG_RUNTIME_DIR=/run/user/213124
SGE_CLUSTER_NAME=CRC
CCTOOLS=../cctools
CORES=4
_CONDOR_JOB_IWD=/var/condor/execute/dir_24525
PERL_MM_OPT=INSTALL_BASE=/afs/crc.nd.edu/user/n/nkremerh/.perl5/
GLOBUS_GSSAPI_SERVER_CIPHER_ORDER=true
BASH_FUNC_module()=() {  unset _mlshdbg;
 if [ "${MODULES_SILENT_SHELL_DEBUG:-0}" = '1' ]; then
 case "$-" in 
 *v*x*)
 set +vx;
 _mlshdbg='vx'
 ;;
 *v*)
 set +v;
 _mlshdbg='v'
 ;;
 *x*)
 set +x;
 _mlshdbg='x'
 ;;
 *)
 _mlshdbg=''
 ;;
 esac;
 fi;
 unset _mlre _mlIFS;
 if [ -n "${IFS+x}" ]; then
 _mlIFS=$IFS;
 fi;
 IFS=' ';
 for _mlv in ${MODULES_RUN_QUARANTINE:-};
 do
 if [ "${_mlv}" = "${_mlv##*[!A-Za-z0-9_]}" -a "${_mlv}" = "${_mlv#[0-9]}" ]; then
 if [ -n "`eval 'echo ${'$_mlv'+x}'`" ]; then
 _mlre="${_mlre:-}${_mlv}_modquar='`eval 'echo ${'$_mlv'}'`' ";
 fi;
 _mlrv="MODULES_RUNENV_${_mlv}";
 _mlre="${_mlre:-}${_mlv}='`eval 'echo ${'$_mlrv':-}'`' ";
 fi;
 done;
 if [ -n "${_mlre:-}" ]; then
 eval `eval ${_mlre}/usr/bin/tclsh /afs/crc.nd.edu/x86_64_linux/Modules/4.5.0/libexec/modulecmd.tcl bash '"$@"'`;
 else
 eval `/usr/bin/tclsh /afs/crc.nd.edu/x86_64_linux/Modules/4.5.0/libexec/modulecmd.tcl bash "$@"`;
 fi;
 _mlstatus=$?;
 if [ -n "${_mlIFS+x}" ]; then
 IFS=$_mlIFS;
 else
 unset IFS;
 fi;
 unset _mlre _mlv _mlrv _mlIFS;
 if [ -n "${_mlshdbg:-}" ]; then
 set -$_mlshdbg;
 fi;
 unset _mlshdbg;
 return $_mlstatus
}
BASH_FUNC_ml()=() {  module ml "$@"
}
_=/usr/bin/printenv
