27703   0.000000 libjli.so->getenv("_JAVA_LAUNCHER_DEBUG") = nil
27703   0.001873 libjli.so->getenv("_JAVA_VERSION_SET") = nil
27703   0.000791 libjli.so->fopen("/usr/lib/jvm/java-1.8.0-openjdk-1.8.0.252.b09-2.el7_8.x86_64/jre/lib/amd64/jvm.cfg", "r") = 0x555f1c43e0f0
27703   0.000802 libjli.so->getenv("JDK_ALTERNATE_VM") = nil
27703   0.000308 libjli.so->__xstat(1, "/usr/lib/jvm/java-1.8.0-openjdk-1.8.0.252.b09-2.el7_8.x86_64/jre/lib/amd64/server/libjvm.so", 0x7ffe2eee24a0) = 0
27703   0.000574 libjli.so->getenv("LD_LIBRARY_PATH") = "/afs/crc.nd.edu/group/ccl/software/x86_64/redhat7/ruby/current/lib:/afs/crc.nd.edu/group/ccl/software/x86_64/redhat7/graphviz/current/lib:/afs/crc.nd.edu/group/ccl/software/x86_64/redhat7/git/current/lib:/afs/crc.nd.edu/group/ccl/software/x86_64/redhat7/condor/current/lib:/afs/crc.nd.edu/group/ccl/software/x86_64/redhat7/clang/current/lib:/afs/crc.nd.edu/group/ccl/software/x86_64/redhat7/condor/current/lib:/afs/crc.nd.edu/group/ccl/software/x86_64/redhat7/cctools/current/lib:/opt/crc/usr/local/lib"
27703   0.002051 libjli.so->dlopen("/usr/lib/jvm/java-1.8.0-openjdk-1.8.0.252.b09-2.el7_8.x86_64/jre/lib/amd64/server/libjvm.so", 258 <unfinished ...>
27703   0.036831 libjvm.so->getenv("NMT_LEVEL_27703") = nil
27703   0.001720 <... dlopen resumed> )          = 0x555f1c43e4c0
27703   0.000067 libjli.so->getenv("CLASSPATH")  = nil
27703   0.000298 libjli.so->getenv("_JAVA_SPLASH_JAR") = nil
27703   0.000309 libjli.so->getenv("_JAVA_SPLASH_FILE") = nil
27703   0.000319 libjli.so->pthread_attr_setdetachstate(0x7ffe2eee2450, 0, 0x7ffe2eee24e0, 0) = 0
27703   0.000499 libpthread.so.0->__clone(0x2adac8cf6de0, 0x2adac8c09fc0, 0x3d0f00, 0x2adac8c0a700) = 0x6c39
27705   0.001745 libjvm.so->dlopen(0x2adaca45652e, 1, 0xfffffffffff42c48, 4096) = 0x2adacc000990
27705   0.002709 libjvm.so->getenv(0x2adaca4712c0, 0, 115, 0x65737361) = 0x7ffe2eee76d0
27705   0.000496 libjvm.so->fopen(0x2adac8c08be0, 0x2adaca4109ab, 0x6f732e79666972, 0x2adac95ceab0) = 0x2adacc001440
27705   0.001587 libjvm.so->dlopen(0x2adac8c08be0, 1, 0xffffffff, 0x2adacc002b00) = 0x2adacc001440
27705   0.001548 libjvm.so->fopen(0x2adac8c08be0, 0x2adaca4109ab, 111, 0x732e6176) = 0x2adacc001b10
27705   0.001851 libjvm.so->dlopen(0x2adac8c08be0, 1, 0xffffffff, 0x2adacc001a00) = 0x2adacc001b10
27705   0.001648 libjvm.so->__xstat(1, 0x2adac8c09330, 0x2adac8c09b70, 0x637274) = -1
27705   0.000500 libjvm.so->getenv(0x2adaca409226, 0x2adac8c096a0, 1024, 0x2adaca8ad5db) = 0
27705   0.000461 libjvm.so->getenv(0x2adaca409218, 0x2adac8c096a0, 1024, 0) = 0
27705   0.000506 libjvm.so->fopen(0x2adaca455e95, 0x2adaca4109ab, 4095, 24) = 0x2adacc003290
27705   0.001173 libjvm.so->fopen(0x2adaca455ee1, 0x2adaca4109ab, 0x2adacc000078, 0x2adacc003280) = 0x2adacc003290
27705   0.000779 libjvm.so->fopen(0x2adac8c03980, 0x2adaca4109ab, 4016, 3997) = 0x2adacc003290
27705   0.000699 libjvm.so->opendir(0x2adacc002b40, 0x2adacc002b40, 13, 16) = 0
27705   0.000511 libjvm.so->__xstat(1, 0x2adac8c088c0, 0x2adac8c07830, 0x6f732e7477616d62) = -1
27705   0.000474 libjvm.so->__xstat(1, 0x2adac8c088c0, 0x2adac8c07830, 0x5f74776162696c2f) = 0
27705   0.000670 libjvm.so->fopen(0x2adac8c07b60, 0x2adaca4109ab, 4011, 3996) = 0x2adacc003770
27705   0.000848 libjvm.so->fopen(0x2adac8c07b60, 0x2adaca4109ab, 4011, 3996) = 0x2adacc003770
27705   0.000759 libjvm.so->fopen(0x2adac8c07b60, 0x2adaca4109ab, 4011, 4004) = 0x2adacc003770
27705   0.000683 libjvm.so->fopen(0x2adac8c07af0, 0x2adaca4109ab, 4011, 3996) = 0x2adacc003770
27705   0.000648 libjvm.so->fopen(0x2adac8c07af0, 0x2adaca4109ab, 4011, 3996) = 0x2adacc003770
27705   0.000611 libjvm.so->fopen(0x2adac8c07af0, 0x2adaca4109ab, 4011, 4004) = 0x2adacc003770
27705   0.000641 libjvm.so->fopen(0x2adac8c07b20, 0x2adaca4109ab, 4016, 3997) = 0x2adacc003770
27705   0.000861 libjvm.so->getenv(0x2adaca456c5e, 4096, 3, -1) = 0
27705   0.001037 libjvm.so->fopen(0x2adaca456518, 0x2adaca4109ab, 0x2adac8ced908, 0x2adac8cecdf0) = 0x2adacc003770
27705   0.004730 libjvm.so->open(0x2adacc04a560, 0x20000, 0, 0x2adacc04a5a9) = 3
27705   0.000462 libjvm.so->__fxstat(1, 3, 0x2adac8c099d0, -1) = 0
27705   0.000523 libjvm.so->opendir(0x2adacc04a560, 0x2adac8c099d0, 0x4000, -1) = 0x2adacc04b470
27705   0.000490 libjvm.so->__fxstat(1, 3, 0x2adac8c09870, 0x2adacc04b470) = 0
27705   0.000465 libjvm.so->__fxstat(1, 5, 0x2adac8c09900, -1) = 0
27705   0.000471 libjvm.so->open(0x2adaca42785c, 0, 0, 0) = 3
27705   0.000654 libjvm.so->__lxstat(1, 0x2adacc04a560, 0x2adac8c09b20, -144) = 0
27705   0.000475 libjvm.so->open(0x2adacc04a560, 0x20000, 0x4000, -1) = 3
27705   0.000432 libjvm.so->__fxstat(1, 3, 0x2adac8c099d0, -1) = 0
27705   0.000439 libjvm.so->opendir(0x2adacc04a560, 0x2adac8c099d0, 0x4000, -1) = 0x2adacc04b470
27705   0.000477 libjvm.so->__fxstat(1, 3, 0x2adac8c09870, 0x2adacc04b470) = 0
27705   0.000533 libjvm.so->__fxstat(1, 5, 0x2adac8c09900, -1) = 0
27705   0.000635 libjvm.so->open(0x2adaca42785c, 0, 0, 0) = 3
27705   0.000522 libjvm.so->open(0x2adacc04a5a9, 0x20042, 384, -1) = 7
27705   0.000779 libjvm.so->__fxstat(1, 7, 0x2adac8c09b20, -1) = 0
27705   0.001880 libjvm.so->fopen(0x2adac8c08b30, 0x2adaca4109ab, 4, 0x6f732e70) = 0x2adacc057b50
27705   0.001755 libjvm.so->dlopen(0x2adac8c08b30, 1, 0xffffffff, 0x2adacc057a00) = 0x2adacc057b50
27705   0.001498 libjvm.so->__xstat(1, 0x2adac8c090f0, 0x2adac8c09920, 2048) = 0
27705   0.000833 libjvm.so->__xstat(1, 0x2adac8c090f0, 0x2adac8c09920, 2048) = 0
27705   0.000632 libjvm.so->__xstat(1, 0x2adac8c090f0, 0x2adac8c09920, 2048) = -1
27705   0.000562 libjvm.so->__xstat(1, 0x2adac8c090f0, 0x2adac8c09920, 2048) = 0
27705   0.000609 libjvm.so->__xstat(1, 0x2adac8c090f0, 0x2adac8c09920, 2048) = 0
27705   0.000511 libjvm.so->__xstat(1, 0x2adac8c090f0, 0x2adac8c09920, 2048) = 0
27705   0.000607 libjvm.so->__xstat(1, 0x2adac8c090f0, 0x2adac8c09920, 2048) = -1
27705   0.000519 libjvm.so->__xstat(1, 0x2adac8c090f0, 0x2adac8c09920, 2048) = -1
27705   0.000553 libjvm.so->fopen(0x2adacc002520, 0x2adaca4109ab, 0, 0) = 0x2adacc0588c0
27705   0.009221 libjvm.so->open64(0x2adac8c08490, 0, 0, 16) = 3
27705   0.000669 libjvm.so->__fxstat64(1, 3, 0x2adac8c082c0, -1) = 0
27705   0.035916 libjvm.so->__xstat(1, 0x2adac8c08ef0, 0x2adac8c09720, 2048) = -1
27705   0.000597 libjvm.so->fopen(0x2adac8c07af0, 0x2adaca4109ab, 4011, 3996) = 0x2adacc0b5b40
27705   0.000699 libjvm.so->fopen(0x2adac8c07af0, 0x2adaca4109ab, 4011, 3996) = 0x2adacc0b5b40
27705   0.000647 libjvm.so->fopen(0x2adac8c07af0, 0x2adaca4109ab, 4011, 4004) = 0x2adacc0b5b40
27705   0.004267 libjvm.so->pthread_attr_setdetachstate(0x2adac8c09bd0, 1, 0, 0) = 0
27705   0.000774 libpthread.so.0->__clone(0x2adac8cf6de0, 0x2adae152bfc0, 0x3d0f00, 0x2adae152c700) = 0x6c3a
27705   0.015699 libjvm.so->pthread_attr_setdetachstate(0x2adac8c09260, 1, 0, 0) = 0
27705   0.000696 libpthread.so.0->__clone(0x2adac8cf6de0, 0x2adae162cfc0, 0x3d0f00, 0x2adae162d700) = 0x6c3b
27705   0.006732 libjvm.so->pthread_attr_setdetachstate(0x2adac8c095e0, 1, 0, 0) = 0
27705   0.000786 libpthread.so.0->__clone(0x2adac8cf6de0, 0x2adae172dfc0, 0x3d0f00, 0x2adae172e700) = 0x6c3c
27705   0.039250 libjvm.so->fopen(0x2adacc0e8680, 0x2adaca4109ab, 4, 0x6f732e70) = 0x2adacc0f1700
27705   0.001999 libjvm.so->dlopen(0x2adacc0e8680, 1, 0xffffffff, 0x2adacc0e8b00) = 0x2adacc057b50
27705   0.022799 libjvm.so->fopen(0x2adac8c05130, 0x2adaca4109ab, 4011, 3996) = 0x2adacc0f9080
27705   0.001174 libjvm.so->fopen(0x2adac8c05130, 0x2adaca4109ab, 4011, 3996) = 0x2adacc0f9080
27705   0.001207 libjvm.so->fopen(0x2adac8c05130, 0x2adaca4109ab, 4011, 4004) = 0x2adacc0f9080
27705   0.015214 libjvm.so->pthread_attr_setdetachstate(0x2adac8c09b20, 1, 0, 0) = 0
27705   0.000972 libpthread.so.0->__clone(0x2adac8cf6de0, 0x2adae182efc0, 0x3d0f00, 0x2adae182f700) = 0x6c3d
27705   0.001703 libjvm.so->__xstat64(1, 0x2adac8c09bb0, 0x2adac8c09b20, 19) = -1
27705   0.001191 libjvm.so->pthread_attr_setdetachstate(0x2adac8c09920, 1, 0, 0) = 0
27705   0.001186 libpthread.so.0->__clone(0x2adac8cf6de0, 0x2adae192ffc0, 0x3d0f00, 0x2adae1930700) = 0x6c3e
27705   0.001840 libjvm.so->pthread_attr_setdetachstate(0x2adac8c09920, 1, 0, 0) = 0
27705   0.001438 libpthread.so.0->__clone(0x2adac8cf6de0, 0x2adae1a30fc0, 0x3d0f00, 0x2adae1a31700) = 0x6c3f
27705   0.007075 libjvm.so->pthread_attr_setdetachstate(0x2adac8c09a70, 1, 0, 0) = 0
27705   0.001452 libpthread.so.0->__clone(0x2adac8cf6de0, 0x2adae1b31fc0, 0x3d0f00, 0x2adae1b32700) = 0x6c40
27705   0.002087 libjvm.so->pthread_attr_setdetachstate(0x2adac8c09b80, 1, 0, 0) = 0
27705   0.001668 libpthread.so.0->__clone(0x2adac8cf6de0, 0x2adae1c32fc0, 0x3d0f00, 0x2adae1c33700) = 0x6c41
27705   0.014061 libjvm.so->open64(0x2adacc12c530, 0, 0, 48) = 5
27705   0.001686 libjvm.so->__fxstat64(1, 5, 0x2adac8c06f90, -1) = 0
27705   0.024133 libjvm.so->fopen(0x2adacc152790, 0x2adaca4109ab, 4, 0x6f732e6f) = 0x2adacc152850
27705   0.003398 libjvm.so->dlopen(0x2adacc152790, 1, 0xffffffff, 0x2adacc152700) = 0x2adacc152850
27705   0.124225 libjvm.so->fopen(0x2adacc19e7c0, 0x2adaca4109ab, 4, 0x6f732e74) = 0x2adacc1a3740
27705   0.003318 libjvm.so->dlopen(0x2adacc19e7c0, 1, 0xffffffff, 0x2adacc199d00) = 0x2adacc1abb10
27705   0.131133 libjvm.so->fopen(0x2adacc226b60, 0x2adaca4109ab, 0x6f732e7373656c, 0x656c646165685f74) = 0x2adacc226c40
27705   0.002887 libjvm.so->dlopen(0x2adacc226b60, 1, 0xffffffff, 0x2adacc226b00) = 0x2adacc226c40
27705   0.018264 libjvm.so->fopen(0x2adac8c02a30, 0x2adaca4109ab, 0x6f732e, 0x6d766a62696c2f72) = 0x2adacc230b50
27705   0.005556 libjvm.so->dlopen(0x2adac8c02a30, 1, 0xffffffff, 0x2adacc230100) = 0x555f1c43e4c0
27705   0.001722 libjvm.so->fopen(0x2adac8c02a30, 0x2adaca4109ab, 0x6f732e, 0x6d766a62696c2f72) = 0x2adacc230af0
27705   0.004824 libjvm.so->dlopen(0x2adac8c02a30, 1, 0xffffffff, 0x2adacc230100) = 0x555f1c43e4c0
27705   0.001758 libjvm.so->fopen(0x2adac8c02a30, 0x2adaca4109ab, 0x6f732e, 0x6d766a62696c2f72) = 0x2adacc230af0
27705   0.003390 libjvm.so->dlopen(0x2adac8c02a30, 1, 0xffffffff, 0x2adacc230100) = 0x555f1c43e4c0
27705   0.001780 libjvm.so->fopen(0x2adac8c02a30, 0x2adaca4109ab, 0x6f732e, 0x6d766a62696c2f72) = 0x2adacc230af0
27705   0.003800 libjvm.so->dlopen(0x2adac8c02a30, 1, 0xffffffff, 0x2adacc230100) = 0x555f1c43e4c0
27705   3.678077 --- SIGSEGV (Segmentation fault) ---
27713   9.086420 +++ exited (status 0) +++
27709   0.000326 +++ exited (status 0) +++
27706   0.000182 +++ exited (status 0) +++
27705   0.000191 +++ exited (status 0) +++
27711   0.000430 +++ exited (status 0) +++
27712   0.000020 +++ exited (status 0) +++
27710   0.000042 +++ exited (status 0) +++
27708   0.000023 +++ exited (status 0) +++
27707   0.020324 +++ exited (status 0) +++
27703   0.000073 +++ exited (status 0) +++
Wrote an ltrace for command: "java -cp ./tools/maxent.jar density.MaxEnt -s outputs/Chersonesia_cyanee_Nic.csv -e data/layers/worldclim -o outputs/Chersonesia_cyanee_Nic nowarnings nocache autorun -z" with PID 27701 from PPID 27681 on disc25.crc.nd.edu with result 0
REMOTEHOST=10.17.144.144
MANPATH=/afs/crc.nd.edu/user/n/nkremerh/cctools/share/man/:/afs/crc.nd.edu/group/ccl/software/x86_64/redhat7/ruby/current/share/man:/afs/crc.nd.edu/group/ccl/software/x86_64/redhat7/graphviz/current/share/man:/afs/crc.nd.edu/group/ccl/software/x86_64/redhat7/gnuplot/current/share/man:/afs/crc.nd.edu/group/ccl/software/x86_64/redhat7/git/current/share/man:/afs/crc.nd.edu/group/ccl/software/x86_64/redhat7/condor/current/share/man:/afs/crc.nd.edu/group/ccl/software/x86_64/redhat7/clang/current/share/man:/afs/crc.nd.edu/group/ccl/software/x86_64/redhat7/condor/current/share/man:/afs/crc.nd.edu/group/ccl/software/x86_64/redhat7/cctools/current/share/man:/afs/crc.nd.edu/group/ccl/software/x86_64/redhat7/cctools/current/share/man:/afs/crc.nd.edu/x86_64_linux/Modules/4.5.0/share/man:/opt/crc/usr/local/man:/opt/sge/man:/usr/share/man/overrides:/usr/share/man:/usr/local/share/man
_CONDOR_JOB_PIDS=
_CONDOR_ANCESTOR_24525=24530:1594671055:2748281650
XDG_SESSION_ID=2735
HOSTNAME=disc01.crc.nd.edu
_LMFILES__modshare=/afs/crc.nd.edu/x86_64_linux/Modules/modules/system_modules/CRC_default/1.1:1
MODULEPATH_modshare=/afs/crc.nd.edu/x86_64_linux/Modules/modules/general_software:1:/afs/crc.nd.edu/x86_64_linux/Modules/modules/development_tools_and_libraries:1:/afs/crc.nd.edu/x86_64_linux/Modules/modules/system_modules:1:/afs/crc.nd.edu/x86_64_linux/Modules/current/modulefiles:1:/afs/crc.nd.edu/x86_64_linux/Modules/modules/restricted_software:1:/afs/crc.nd.edu/x86_64_linux/Modules/modules/deprecated_software:1
TERM=xterm-256color
SHELL=/bin/tcsh
HOST=disc01.crc.nd.edu
MODULES_CMD=/afs/crc.nd.edu/x86_64_linux/Modules/4.5.0/libexec/modulecmd.tcl
HISTSIZE=5000
MAKEFLAGS=
SSH_CLIENT=10.17.144.144 39924 22
TMPDIR=/var/condor/execute/dir_24525/worker-213124-24553/t.783/cctools-temp-t.783.Bksn2A
PERL5LIB=/afs/crc.nd.edu/user/n/nkremerh/cctools/lib/perl5/site_perl/5.16.3:/afs/crc.nd.edu/user/n/nkremerh/.perl5/lib/perl5
SGE_CELL=crc
_CONDOR_SCRATCH_DIR=/var/condor/execute/dir_24525
PERL_MB_OPT=--install_base '/afs/crc.nd.edu/user/n/nkremerh/.perl5/'
SSH_TTY=/dev/pts/0
SGE_LOAD_AVG=load_avg
MAKEFLOW_MAX_LOCAL_JOBS=2
GROUP=campus
USER=nkremerh
_CHIRP_DELAYED_UPDATE_PREFIX=Chirp*
HISTFILESIZE=10000
TEMP=/var/condor/execute/dir_24525/worker-213124-24553/t.783/cctools-temp-t.783.Bksn2A
LD_LIBRARY_PATH=/afs/crc.nd.edu/group/ccl/software/x86_64/redhat7/ruby/current/lib:/afs/crc.nd.edu/group/ccl/software/x86_64/redhat7/graphviz/current/lib:/afs/crc.nd.edu/group/ccl/software/x86_64/redhat7/git/current/lib:/afs/crc.nd.edu/group/ccl/software/x86_64/redhat7/condor/current/lib:/afs/crc.nd.edu/group/ccl/software/x86_64/redhat7/clang/current/lib:/afs/crc.nd.edu/group/ccl/software/x86_64/redhat7/condor/current/lib:/afs/crc.nd.edu/group/ccl/software/x86_64/redhat7/cctools/current/lib:/opt/crc/usr/local/lib
BATCH_SYSTEM=HTCondor
MODULES_LMALTNAME=CRC_default/1.1&CRC_default/default&CRC_default
ENV=/afs/crc.nd.edu/x86_64_linux/Modules/4.5.0/init/profile.sh
WORKER_TMPDIR=/var/condor/execute/dir_24525/worker-213124-24553/cache/tmp
HOSTTYPE=x86_64-linux
_CONDOR_HIGHPORT=9999
GLOBUS_GSSAPI_MAX_TLS_PROTOCOL=0
_CONDOR_CHIRP_CONFIG=/var/condor/execute/dir_24525/.chirp.config
MAKELEVEL=1
MFLAGS=
MAIL=/var/spool/mail/nkremerh
PATH=/afs/crc.nd.edu/user/n/nkremerh/cctools/bin:/afs/crc.nd.edu/user/n/nkremerh/miniconda/bin:/afs/crc.nd.edu/group/ccl/software/git:/afs/crc.nd.edu/user/n/nkremerh/.local/bin:/afs/crc.nd.edu/group/ccl/software/x86_64/redhat7/povray/3.7/bin:/afs/crc.nd.edu/user/n/nkremerh/.perl5/bin:/afs/crc.nd.edu/user/n/nkremerh/pegasus/bin:/afs/crc.nd.edu/user/n/nkremerh/nodejs/bin:/afs/crc.nd.edu/user/n/nkremerh/montage/bin:/afs/crc.nd.edu/user/n/nkremerh/latexdiff:/afs/crc.nd.edu/user/n/nkremerh/envtrace:/afs/crc.nd.edu/user/n/nkremerh/endlines:/afs/crc.nd.edu/user/n/nkremerh/cctools/bin:/afs/crc.nd.edu/user/n/nkremerh/.cargo/bin:/afs/crc.nd.edu/group/ccl/software/x86_64/redhat7/ruby/current/bin:/afs/crc.nd.edu/group/ccl/software/x86_64/redhat7/graphviz/current/bin:/afs/crc.nd.edu/group/ccl/software/x86_64/redhat7/gnuplot/current/bin:/afs/crc.nd.edu/group/ccl/software/x86_64/redhat7/git/current/bin:/afs/crc.nd.edu/group/ccl/software/x86_64/redhat7/condor/current/sbin:/afs/crc.nd.edu/group/ccl/software/x86_64/redhat7/condor/current/bin:/afs/crc.nd.edu/group/ccl/software/x86_64/redhat7/cmake/current/bin:/afs/crc.nd.edu/group/ccl/software/x86_64/redhat7/clang/current/bin:/afs/crc.nd.edu/group/ccl/software/x86_64/redhat7/condor/current/sbin:/afs/crc.nd.edu/group/ccl/software/x86_64/redhat7/condor/current/bin:/afs/crc.nd.edu/group/ccl/software/x86_64/redhat7/cctools/current/bin:/afs/crc.nd.edu/x86_64_linux/Modules/4.5.0/bin:/opt/crc/usr/local/bin:/opt/sge/bin/lx-amd64:/usr/local/bin:/usr/bin:/usr/local/sbin:/usr/sbin:/afs/crc.nd.edu/user/c/condor/software/bin:/afs/crc.nd.edu/user/c/condor/software/sbin
CCLSOFTWARE=/afs/crc.nd.edu/group/ccl/software/x86_64/redhat7
PWD=/var/condor/execute/dir_24525/worker-213124-24553/t.783
_LMFILES_=/afs/crc.nd.edu/x86_64_linux/Modules/modules/system_modules/CRC_default/1.1
EDITOR=vim
SGE_EXECD_PORT=6445
LANG=en_US.UTF-8
SGE_QMASTER_PORT=6444
MODULEPATH=/afs/crc.nd.edu/x86_64_linux/Modules/modules/development_tools_and_libraries:/afs/crc.nd.edu/x86_64_linux/Modules/modules/general_software:/afs/crc.nd.edu/x86_64_linux/Modules/modules/restricted_software:/afs/crc.nd.edu/x86_64_linux/Modules/modules/system_modules:/afs/crc.nd.edu/x86_64_linux/Modules/modules/deprecated_software:/afs/crc.nd.edu/x86_64_linux/Modules/current/modulefiles
LOADEDMODULES=CRC_default/1.1
SGE_ROOT=/opt/sge
CCLPLATFORM=x86_64/redhat7
_CONDOR_SLOT=slot1
WORK_QUEUE_SANDBOX=/var/condor/execute/dir_24525/worker-213124-24553
USE_SYSTEMD=true
_CONDOR_LOWPORT=9100
_CONDOR_ANCESTOR_4261=24525:1594671054:4145456440
HISTCONTROL=ignoreboth:erasedups
KRB5CCNAME=FILE:/tmp/krb5cc_213124_ZwXmib
GLOBUS_GSSAPI_NAME_COMPATIBILITY=STRICT_RFC2818
HOME=/afs/crc.nd.edu/user/n/nkremerh
SHLVL=6
PATH_modshare=/opt/crc/usr/local/bin:1:/opt/sge/bin/lx-amd64:1:/usr/sbin:1:/usr/bin:1:/afs/crc.nd.edu/user/c/condor/software/sbin:1:/usr/local/sbin:1:/afs/crc.nd.edu/user/c/condor/software/bin:1:/usr/local/bin:1
OSTYPE=linux
_CONDOR_MACHINE_AD=/var/condor/execute/dir_24525/.machine.ad
_CONDOR_ANCESTOR_3989=4261:1593343483:4184216969
GREP_OPTIONS=--color=auto
DISK=916727
GLOBUS_GSSAPI_MIN_TLS_PROTOCOL=TLS1_VERSION
MANPATH_modshare=/usr/share/man/overrides:1:/usr/local/share/man:1:/usr/share/man:1:/opt/crc/usr/local/man:1:/opt/sge/man:1
MEMORY=15899
PERL_LOCAL_LIB_ROOT=/afs/crc.nd.edu/user/n/nkremerh/.perl5/
BASH_ENV=/afs/crc.nd.edu/x86_64_linux/Modules/4.5.0/init/bash
VENDOR=unknown
TMP=/var/condor/execute/dir_24525/worker-213124-24553/t.783/cctools-temp-t.783.Bksn2A
LOGNAME=nkremerh
MACHTYPE=x86_64
CCLHOME=/afs/crc.nd.edu/group/ccl
PYTHONPATH=/afs/crc.nd.edu/user/n/nkremerh/cctools/lib/python3.6/site-packages/
LD_LIBRARY_PATH_modshare=/opt/crc/usr/local/lib:1
SSH_CONNECTION=10.17.144.144 39924 129.74.128.103 22
MODULES_LMALTNAME_modshare=CRC_default/1.1&CRC_default/default&CRC_default:1
MODULESHOME=/afs/crc.nd.edu/x86_64_linux/Modules/4.5.0
GLOBUS_GSSAPI_CIPHERS=HIGH
GLOBUS_GSSAPI_BACKWARD_COMPATIBLE_MIC=true
LESSOPEN=||/usr/bin/lesspipe.sh %s
OMP_NUM_THREADS=1
_CONDOR_JOB_AD=/var/condor/execute/dir_24525/.job.ad
LOADEDMODULES_modshare=CRC_default/1.1:1
XDG_RUNTIME_DIR=/run/user/213124
SGE_CLUSTER_NAME=CRC
CCTOOLS=../cctools
CORES=4
_CONDOR_JOB_IWD=/var/condor/execute/dir_24525
PERL_MM_OPT=INSTALL_BASE=/afs/crc.nd.edu/user/n/nkremerh/.perl5/
GLOBUS_GSSAPI_SERVER_CIPHER_ORDER=true
BASH_FUNC_module()=() {  unset _mlshdbg;
 if [ "${MODULES_SILENT_SHELL_DEBUG:-0}" = '1' ]; then
 case "$-" in 
 *v*x*)
 set +vx;
 _mlshdbg='vx'
 ;;
 *v*)
 set +v;
 _mlshdbg='v'
 ;;
 *x*)
 set +x;
 _mlshdbg='x'
 ;;
 *)
 _mlshdbg=''
 ;;
 esac;
 fi;
 unset _mlre _mlIFS;
 if [ -n "${IFS+x}" ]; then
 _mlIFS=$IFS;
 fi;
 IFS=' ';
 for _mlv in ${MODULES_RUN_QUARANTINE:-};
 do
 if [ "${_mlv}" = "${_mlv##*[!A-Za-z0-9_]}" -a "${_mlv}" = "${_mlv#[0-9]}" ]; then
 if [ -n "`eval 'echo ${'$_mlv'+x}'`" ]; then
 _mlre="${_mlre:-}${_mlv}_modquar='`eval 'echo ${'$_mlv'}'`' ";
 fi;
 _mlrv="MODULES_RUNENV_${_mlv}";
 _mlre="${_mlre:-}${_mlv}='`eval 'echo ${'$_mlrv':-}'`' ";
 fi;
 done;
 if [ -n "${_mlre:-}" ]; then
 eval `eval ${_mlre}/usr/bin/tclsh /afs/crc.nd.edu/x86_64_linux/Modules/4.5.0/libexec/modulecmd.tcl bash '"$@"'`;
 else
 eval `/usr/bin/tclsh /afs/crc.nd.edu/x86_64_linux/Modules/4.5.0/libexec/modulecmd.tcl bash "$@"`;
 fi;
 _mlstatus=$?;
 if [ -n "${_mlIFS+x}" ]; then
 IFS=$_mlIFS;
 else
 unset IFS;
 fi;
 unset _mlre _mlv _mlrv _mlIFS;
 if [ -n "${_mlshdbg:-}" ]; then
 set -$_mlshdbg;
 fi;
 unset _mlshdbg;
 return $_mlstatus
}
BASH_FUNC_ml()=() {  module ml "$@"
}
_=/usr/bin/printenv
