10464   0.000000 libjli.so->getenv("_JAVA_LAUNCHER_DEBUG") = nil
10464   0.001903 libjli.so->getenv("_JAVA_VERSION_SET") = nil
10464   0.000911 libjli.so->fopen("/usr/lib/jvm/java-1.8.0-openjdk-1.8.0.252.b09-2.el7_8.x86_64/jre/lib/amd64/jvm.cfg", "r") = 0x55ce4f0370f0
10464   0.000946 libjli.so->getenv("JDK_ALTERNATE_VM") = nil
10464   0.000327 libjli.so->__xstat(1, "/usr/lib/jvm/java-1.8.0-openjdk-1.8.0.252.b09-2.el7_8.x86_64/jre/lib/amd64/server/libjvm.so", 0x7ffeacdc2520) = 0
10464   0.000609 libjli.so->getenv("LD_LIBRARY_PATH") = "/afs/crc.nd.edu/group/ccl/software/x86_64/redhat7/ruby/current/lib:/afs/crc.nd.edu/group/ccl/software/x86_64/redhat7/graphviz/current/lib:/afs/crc.nd.edu/group/ccl/software/x86_64/redhat7/git/current/lib:/afs/crc.nd.edu/group/ccl/software/x86_64/redhat7/condor/current/lib:/afs/crc.nd.edu/group/ccl/software/x86_64/redhat7/clang/current/lib:/afs/crc.nd.edu/group/ccl/software/x86_64/redhat7/condor/current/lib:/afs/crc.nd.edu/group/ccl/software/x86_64/redhat7/cctools/current/lib:/opt/crc/usr/local/lib"
10464   0.002071 libjli.so->dlopen("/usr/lib/jvm/java-1.8.0-openjdk-1.8.0.252.b09-2.el7_8.x86_64/jre/lib/amd64/server/libjvm.so", 258 <unfinished ...>
10464   0.036394 libjvm.so->getenv("NMT_LEVEL_10464") = nil
10464   0.001727 <... dlopen resumed> )          = 0x55ce4f0374c0
10464   0.000066 libjli.so->getenv("CLASSPATH")  = nil
10464   0.000297 libjli.so->getenv("_JAVA_SPLASH_JAR") = nil
10464   0.000306 libjli.so->getenv("_JAVA_SPLASH_FILE") = nil
10464   0.000318 libjli.so->pthread_attr_setdetachstate(0x7ffeacdc24d0, 0, 0x7ffeacdc2560, 0) = 0
10464   0.000499 libpthread.so.0->__clone(0x2b645d690de0, 0x2b645d5a3fc0, 0x3d0f00, 0x2b645d5a4700) = 0x28e1
10465   0.001581 libjvm.so->dlopen(0x2b645edf052e, 1, 0xfffffffffff42c48, 4096) = 0x2b6460000990
10465   0.002612 libjvm.so->getenv(0x2b645ee0b2c0, 0, 115, 0x65737361) = 0x7ffeacdc86d0
10465   0.000463 libjvm.so->fopen(0x2b645d5a2be0, 0x2b645edaa9ab, 0x6f732e79666972, 0x2b645df68ab0) = 0x2b6460001440
10465   0.001458 libjvm.so->dlopen(0x2b645d5a2be0, 1, 0xffffffff, 0x2b6460002b00) = 0x2b6460001440
10465   0.001444 libjvm.so->fopen(0x2b645d5a2be0, 0x2b645edaa9ab, 111, 0x732e6176) = 0x2b6460001b10
10465   0.001563 libjvm.so->dlopen(0x2b645d5a2be0, 1, 0xffffffff, 0x2b6460001a00) = 0x2b6460001b10
10465   0.001546 libjvm.so->__xstat(1, 0x2b645d5a3330, 0x2b645d5a3b70, 0x637274) = -1
10465   0.000480 libjvm.so->getenv(0x2b645eda3226, 0x2b645d5a36a0, 1024, 0x2b645f2475db) = 0
10465   0.000414 libjvm.so->getenv(0x2b645eda3218, 0x2b645d5a36a0, 1024, 0) = 0
10465   0.000413 libjvm.so->fopen(0x2b645edefe95, 0x2b645edaa9ab, 4095, 24) = 0x2b64600032b0
10465   0.001050 libjvm.so->fopen(0x2b645edefee1, 0x2b645edaa9ab, 0x2b6460000078, 0x2b64600032a0) = 0x2b64600032b0
10465   0.000689 libjvm.so->fopen(0x2b645d59d980, 0x2b645edaa9ab, 4016, 3997) = 0x2b64600032b0
10465   0.000648 libjvm.so->opendir(0x2b6460002b40, 0x2b6460002b40, 13, 16) = 0
10465   0.000465 libjvm.so->__xstat(1, 0x2b645d5a28c0, 0x2b645d5a1830, 0x6f732e7477616d62) = -1
10465   0.000510 libjvm.so->__xstat(1, 0x2b645d5a28c0, 0x2b645d5a1830, 0x5f74776162696c2f) = 0
10465   0.000504 libjvm.so->fopen(0x2b645d5a1b60, 0x2b645edaa9ab, 4011, 3996) = 0x2b6460003790
10465   0.000630 libjvm.so->fopen(0x2b645d5a1b60, 0x2b645edaa9ab, 4011, 3996) = 0x2b6460003790
10465   0.000620 libjvm.so->fopen(0x2b645d5a1b60, 0x2b645edaa9ab, 4011, 4004) = 0x2b6460003790
10465   0.000598 libjvm.so->fopen(0x2b645d5a1af0, 0x2b645edaa9ab, 4011, 3996) = 0x2b6460003790
10465   0.000594 libjvm.so->fopen(0x2b645d5a1af0, 0x2b645edaa9ab, 4011, 3996) = 0x2b6460003790
10465   0.000567 libjvm.so->fopen(0x2b645d5a1af0, 0x2b645edaa9ab, 4011, 4004) = 0x2b6460003790
10465   0.000598 libjvm.so->fopen(0x2b645d5a1b20, 0x2b645edaa9ab, 4016, 3997) = 0x2b6460003790
10465   0.000805 libjvm.so->getenv(0x2b645edf0c5e, 4096, 3, -1) = 0
10465   0.000911 libjvm.so->fopen(0x2b645edf0518, 0x2b645edaa9ab, 0x2b645d687908, 0x2b645d686df0) = 0x2b6460003790
10465   0.004680 libjvm.so->open(0x2b646004a580, 0x20000, 0, 0x2b646004a5c9) = 3
10465   0.000481 libjvm.so->__fxstat(1, 3, 0x2b645d5a39d0, -1) = 0
10465   0.000482 libjvm.so->opendir(0x2b646004a580, 0x2b645d5a39d0, 0x4000, -1) = 0x2b646004b490
10465   0.000583 libjvm.so->__fxstat(1, 3, 0x2b645d5a3870, 0x2b646004b490) = 0
10465   0.000447 libjvm.so->__fxstat(1, 5, 0x2b645d5a3900, -1) = 0
10465   0.000530 libjvm.so->open(0x2b645edc185c, 0, 0, 0) = 3
10465   0.000661 libjvm.so->__lxstat(1, 0x2b646004a580, 0x2b645d5a3b20, -144) = 0
10465   0.000474 libjvm.so->open(0x2b646004a580, 0x20000, 0x4000, -1) = 3
10465   0.000536 libjvm.so->__fxstat(1, 3, 0x2b645d5a39d0, -1) = 0
10465   0.000471 libjvm.so->opendir(0x2b646004a580, 0x2b645d5a39d0, 0x4000, -1) = 0x2b646004b490
10465   0.000423 libjvm.so->__fxstat(1, 3, 0x2b645d5a3870, 0x2b646004b490) = 0
10465   0.000414 libjvm.so->__fxstat(1, 5, 0x2b645d5a3900, -1) = 0
10465   0.000436 libjvm.so->open(0x2b645edc185c, 0, 0, 0) = 3
10465   0.000452 libjvm.so->open(0x2b646004a5c9, 0x20042, 384, -1) = 7
10465   0.000545 libjvm.so->__fxstat(1, 7, 0x2b645d5a3b20, -1) = 0
10465   0.001623 libjvm.so->fopen(0x2b645d5a2b30, 0x2b645edaa9ab, 4, 0x6f732e70) = 0x2b6460057b70
10465   0.001457 libjvm.so->dlopen(0x2b645d5a2b30, 1, 0xffffffff, 0x2b6460057b00) = 0x2b6460057b70
10465   0.001477 libjvm.so->__xstat(1, 0x2b645d5a30f0, 0x2b645d5a3920, 2048) = 0
10465   0.000459 libjvm.so->__xstat(1, 0x2b645d5a30f0, 0x2b645d5a3920, 2048) = 0
10465   0.000516 libjvm.so->__xstat(1, 0x2b645d5a30f0, 0x2b645d5a3920, 2048) = -1
10465   0.000447 libjvm.so->__xstat(1, 0x2b645d5a30f0, 0x2b645d5a3920, 2048) = 0
10465   0.000478 libjvm.so->__xstat(1, 0x2b645d5a30f0, 0x2b645d5a3920, 2048) = 0
10465   0.000417 libjvm.so->__xstat(1, 0x2b645d5a30f0, 0x2b645d5a3920, 2048) = 0
10465   0.000429 libjvm.so->__xstat(1, 0x2b645d5a30f0, 0x2b645d5a3920, 2048) = -1
10465   0.000411 libjvm.so->__xstat(1, 0x2b645d5a30f0, 0x2b645d5a3920, 2048) = -1
10465   0.000472 libjvm.so->fopen(0x2b6460002520, 0x2b645edaa9ab, 0, 0) = 0x2b64600588e0
10465   0.008825 libjvm.so->open64(0x2b645d5a2490, 0, 0, 16) = 3
10465   0.000495 libjvm.so->__fxstat64(1, 3, 0x2b645d5a22c0, -1) = 0
10465   0.035690 libjvm.so->__xstat(1, 0x2b645d5a2ef0, 0x2b645d5a3720, 2048) = -1
10465   0.000651 libjvm.so->fopen(0x2b645d5a1af0, 0x2b645edaa9ab, 4011, 3996) = 0x2b64600b5b60
10465   0.000846 libjvm.so->fopen(0x2b645d5a1af0, 0x2b645edaa9ab, 4011, 3996) = 0x2b64600b5b60
10465   0.000639 libjvm.so->fopen(0x2b645d5a1af0, 0x2b645edaa9ab, 4011, 4004) = 0x2b64600b5b60
10465   0.004315 libjvm.so->pthread_attr_setdetachstate(0x2b645d5a3bd0, 1, 0, 0) = 0
10465   0.000548 libpthread.so.0->__clone(0x2b645d690de0, 0x2b6475ee5fc0, 0x3d0f00, 0x2b6475ee6700) = 0x28e2
10465   0.015597 libjvm.so->pthread_attr_setdetachstate(0x2b645d5a3260, 1, 0, 0) = 0
10465   0.000726 libpthread.so.0->__clone(0x2b645d690de0, 0x2b6475fe6fc0, 0x3d0f00, 0x2b6475fe7700) = 0x28e3
10465   0.006930 libjvm.so->pthread_attr_setdetachstate(0x2b645d5a35e0, 1, 0, 0) = 0
10465   0.000859 libpthread.so.0->__clone(0x2b645d690de0, 0x2b64760e7fc0, 0x3d0f00, 0x2b64760e8700) = 0x28e4
10465   0.039439 libjvm.so->fopen(0x2b64600e8690, 0x2b645edaa9ab, 4, 0x6f732e70) = 0x2b64600f1710
10465   0.002037 libjvm.so->dlopen(0x2b64600e8690, 1, 0xffffffff, 0x2b64600e8b00) = 0x2b6460057b70
10465   0.023102 libjvm.so->fopen(0x2b645d59f130, 0x2b645edaa9ab, 4011, 3996) = 0x2b64600f9090
10465   0.001249 libjvm.so->fopen(0x2b645d59f130, 0x2b645edaa9ab, 4011, 3996) = 0x2b64600f9090
10465   0.001088 libjvm.so->fopen(0x2b645d59f130, 0x2b645edaa9ab, 4011, 4004) = 0x2b64600f9090
10465   0.014834 libjvm.so->pthread_attr_setdetachstate(0x2b645d5a3b20, 1, 0, 0) = 0
10465   0.000942 libpthread.so.0->__clone(0x2b645d690de0, 0x2b64761e8fc0, 0x3d0f00, 0x2b64761e9700) = 0x28e5
10465   0.001880 libjvm.so->__xstat64(1, 0x2b645d5a3bb0, 0x2b645d5a3b20, 19) = -1
10465   0.001173 libjvm.so->pthread_attr_setdetachstate(0x2b645d5a3920, 1, 0, 0) = 0
10465   0.001231 libpthread.so.0->__clone(0x2b645d690de0, 0x2b64762e9fc0, 0x3d0f00, 0x2b64762ea700) = 0x28e6
10465   0.001908 libjvm.so->pthread_attr_setdetachstate(0x2b645d5a3920, 1, 0, 0) = 0
10465   0.001298 libpthread.so.0->__clone(0x2b645d690de0, 0x2b64763eafc0, 0x3d0f00, 0x2b64763eb700) = 0x28e7
10465   0.007327 libjvm.so->pthread_attr_setdetachstate(0x2b645d5a3a70, 1, 0, 0) = 0
10465   0.001436 libpthread.so.0->__clone(0x2b645d690de0, 0x2b64764ebfc0, 0x3d0f00, 0x2b64764ec700) = 0x28e8
10465   0.002237 libjvm.so->pthread_attr_setdetachstate(0x2b645d5a3b80, 1, 0, 0) = 0
10465   0.001575 libpthread.so.0->__clone(0x2b645d690de0, 0x2b64765ecfc0, 0x3d0f00, 0x2b64765ed700) = 0x28e9
10465   0.014372 libjvm.so->open64(0x2b646012c640, 0, 0, 0) = 5
10465   0.001780 libjvm.so->__fxstat64(1, 5, 0x2b645d5a0f90, -1) = 0
10465   0.024377 libjvm.so->fopen(0x2b64601527c0, 0x2b645edaa9ab, 4, 0x6f732e6f) = 0x2b6460152880
10465   0.003153 libjvm.so->dlopen(0x2b64601527c0, 1, 0xffffffff, 0x2b6460152800) = 0x2b6460152880
10465   0.121370 libjvm.so->fopen(0x2b646019e810, 0x2b645edaa9ab, 4, 0x6f732e74) = 0x2b64601a3790
10465   0.003138 libjvm.so->dlopen(0x2b646019e810, 1, 0xffffffff, 0x2b6460199d00) = 0x2b64601abb60
10465   0.132431 libjvm.so->fopen(0x2b64601fec50, 0x2b645edaa9ab, 0x6f732e7373656c, 0x656c646165685f74) = 0x2b64601fed30
10465   0.002953 libjvm.so->dlopen(0x2b64601fec50, 1, 0xffffffff, 0x2b64601fec00) = 0x2b64601fed30
10465   0.018550 libjvm.so->fopen(0x2b645d59ca30, 0x2b645edaa9ab, 0x6f732e, 0x6d766a62696c2f72) = 0x2b6460208bf0
10465   0.006037 libjvm.so->dlopen(0x2b645d59ca30, 1, 0xffffffff, 0x2b6460208100) = 0x55ce4f0374c0
10465   0.001674 libjvm.so->fopen(0x2b645d59ca30, 0x2b645edaa9ab, 0x6f732e, 0x6d766a62696c2f72) = 0x2b6460208b90
10465   0.005000 libjvm.so->dlopen(0x2b645d59ca30, 1, 0xffffffff, 0x2b6460208100) = 0x55ce4f0374c0
10465   0.001804 libjvm.so->fopen(0x2b645d59ca30, 0x2b645edaa9ab, 0x6f732e, 0x6d766a62696c2f72) = 0x2b6460208b90
10465   0.003368 libjvm.so->dlopen(0x2b645d59ca30, 1, 0xffffffff, 0x2b6460208100) = 0x55ce4f0374c0
10465   0.001684 libjvm.so->fopen(0x2b645d59ca30, 0x2b645edaa9ab, 0x6f732e, 0x6d766a62696c2f72) = 0x2b6460208b90
10465   0.003512 libjvm.so->dlopen(0x2b645d59ca30, 1, 0xffffffff, 0x2b6460208100) = 0x55ce4f0374c0
10465   3.679008 --- SIGSEGV (Segmentation fault) ---
10473   8.641923 +++ exited (status 0) +++
10469   0.000241 +++ exited (status 0) +++
10466   0.000262 +++ exited (status 0) +++
10465   0.000291 +++ exited (status 0) +++
10472   0.000502 +++ exited (status 0) +++
10470   0.000028 +++ exited (status 0) +++
10468   0.000016 +++ exited (status 0) +++
10467   0.000015 +++ exited (status 0) +++
10471   0.020750 +++ exited (status 0) +++
10464   0.000087 +++ exited (status 0) +++
Wrote an ltrace for command: "java -cp ./tools/maxent.jar density.MaxEnt -s outputs/Rhaphiomidas_painteri_Cazier.csv -e data/layers/worldclim -o outputs/Rhaphiomidas_painteri_Cazier nowarnings nocache autorun -z" with PID 10462 from PPID 10443 on disc25.crc.nd.edu with result 0
REMOTEHOST=10.17.144.144
MANPATH=/afs/crc.nd.edu/user/n/nkremerh/cctools/share/man/:/afs/crc.nd.edu/group/ccl/software/x86_64/redhat7/ruby/current/share/man:/afs/crc.nd.edu/group/ccl/software/x86_64/redhat7/graphviz/current/share/man:/afs/crc.nd.edu/group/ccl/software/x86_64/redhat7/gnuplot/current/share/man:/afs/crc.nd.edu/group/ccl/software/x86_64/redhat7/git/current/share/man:/afs/crc.nd.edu/group/ccl/software/x86_64/redhat7/condor/current/share/man:/afs/crc.nd.edu/group/ccl/software/x86_64/redhat7/clang/current/share/man:/afs/crc.nd.edu/group/ccl/software/x86_64/redhat7/condor/current/share/man:/afs/crc.nd.edu/group/ccl/software/x86_64/redhat7/cctools/current/share/man:/afs/crc.nd.edu/group/ccl/software/x86_64/redhat7/cctools/current/share/man:/afs/crc.nd.edu/x86_64_linux/Modules/4.5.0/share/man:/opt/crc/usr/local/man:/opt/sge/man:/usr/share/man/overrides:/usr/share/man:/usr/local/share/man
_CONDOR_JOB_PIDS=
_CONDOR_ANCESTOR_24525=24530:1594671055:2748281650
XDG_SESSION_ID=2735
HOSTNAME=disc01.crc.nd.edu
_LMFILES__modshare=/afs/crc.nd.edu/x86_64_linux/Modules/modules/system_modules/CRC_default/1.1:1
MODULEPATH_modshare=/afs/crc.nd.edu/x86_64_linux/Modules/modules/general_software:1:/afs/crc.nd.edu/x86_64_linux/Modules/modules/development_tools_and_libraries:1:/afs/crc.nd.edu/x86_64_linux/Modules/modules/system_modules:1:/afs/crc.nd.edu/x86_64_linux/Modules/current/modulefiles:1:/afs/crc.nd.edu/x86_64_linux/Modules/modules/restricted_software:1:/afs/crc.nd.edu/x86_64_linux/Modules/modules/deprecated_software:1
TERM=xterm-256color
SHELL=/bin/tcsh
HOST=disc01.crc.nd.edu
MODULES_CMD=/afs/crc.nd.edu/x86_64_linux/Modules/4.5.0/libexec/modulecmd.tcl
HISTSIZE=5000
MAKEFLAGS=
SSH_CLIENT=10.17.144.144 39924 22
TMPDIR=/var/condor/execute/dir_24525/worker-213124-24553/t.965/cctools-temp-t.965.jqjBoa
PERL5LIB=/afs/crc.nd.edu/user/n/nkremerh/cctools/lib/perl5/site_perl/5.16.3:/afs/crc.nd.edu/user/n/nkremerh/.perl5/lib/perl5
SGE_CELL=crc
_CONDOR_SCRATCH_DIR=/var/condor/execute/dir_24525
PERL_MB_OPT=--install_base '/afs/crc.nd.edu/user/n/nkremerh/.perl5/'
SSH_TTY=/dev/pts/0
SGE_LOAD_AVG=load_avg
MAKEFLOW_MAX_LOCAL_JOBS=2
GROUP=campus
USER=nkremerh
_CHIRP_DELAYED_UPDATE_PREFIX=Chirp*
HISTFILESIZE=10000
TEMP=/var/condor/execute/dir_24525/worker-213124-24553/t.965/cctools-temp-t.965.jqjBoa
LD_LIBRARY_PATH=/afs/crc.nd.edu/group/ccl/software/x86_64/redhat7/ruby/current/lib:/afs/crc.nd.edu/group/ccl/software/x86_64/redhat7/graphviz/current/lib:/afs/crc.nd.edu/group/ccl/software/x86_64/redhat7/git/current/lib:/afs/crc.nd.edu/group/ccl/software/x86_64/redhat7/condor/current/lib:/afs/crc.nd.edu/group/ccl/software/x86_64/redhat7/clang/current/lib:/afs/crc.nd.edu/group/ccl/software/x86_64/redhat7/condor/current/lib:/afs/crc.nd.edu/group/ccl/software/x86_64/redhat7/cctools/current/lib:/opt/crc/usr/local/lib
BATCH_SYSTEM=HTCondor
MODULES_LMALTNAME=CRC_default/1.1&CRC_default/default&CRC_default
ENV=/afs/crc.nd.edu/x86_64_linux/Modules/4.5.0/init/profile.sh
WORKER_TMPDIR=/var/condor/execute/dir_24525/worker-213124-24553/cache/tmp
HOSTTYPE=x86_64-linux
_CONDOR_HIGHPORT=9999
GLOBUS_GSSAPI_MAX_TLS_PROTOCOL=0
_CONDOR_CHIRP_CONFIG=/var/condor/execute/dir_24525/.chirp.config
MAKELEVEL=1
MFLAGS=
MAIL=/var/spool/mail/nkremerh
PATH=/afs/crc.nd.edu/user/n/nkremerh/cctools/bin:/afs/crc.nd.edu/user/n/nkremerh/miniconda/bin:/afs/crc.nd.edu/group/ccl/software/git:/afs/crc.nd.edu/user/n/nkremerh/.local/bin:/afs/crc.nd.edu/group/ccl/software/x86_64/redhat7/povray/3.7/bin:/afs/crc.nd.edu/user/n/nkremerh/.perl5/bin:/afs/crc.nd.edu/user/n/nkremerh/pegasus/bin:/afs/crc.nd.edu/user/n/nkremerh/nodejs/bin:/afs/crc.nd.edu/user/n/nkremerh/montage/bin:/afs/crc.nd.edu/user/n/nkremerh/latexdiff:/afs/crc.nd.edu/user/n/nkremerh/envtrace:/afs/crc.nd.edu/user/n/nkremerh/endlines:/afs/crc.nd.edu/user/n/nkremerh/cctools/bin:/afs/crc.nd.edu/user/n/nkremerh/.cargo/bin:/afs/crc.nd.edu/group/ccl/software/x86_64/redhat7/ruby/current/bin:/afs/crc.nd.edu/group/ccl/software/x86_64/redhat7/graphviz/current/bin:/afs/crc.nd.edu/group/ccl/software/x86_64/redhat7/gnuplot/current/bin:/afs/crc.nd.edu/group/ccl/software/x86_64/redhat7/git/current/bin:/afs/crc.nd.edu/group/ccl/software/x86_64/redhat7/condor/current/sbin:/afs/crc.nd.edu/group/ccl/software/x86_64/redhat7/condor/current/bin:/afs/crc.nd.edu/group/ccl/software/x86_64/redhat7/cmake/current/bin:/afs/crc.nd.edu/group/ccl/software/x86_64/redhat7/clang/current/bin:/afs/crc.nd.edu/group/ccl/software/x86_64/redhat7/condor/current/sbin:/afs/crc.nd.edu/group/ccl/software/x86_64/redhat7/condor/current/bin:/afs/crc.nd.edu/group/ccl/software/x86_64/redhat7/cctools/current/bin:/afs/crc.nd.edu/x86_64_linux/Modules/4.5.0/bin:/opt/crc/usr/local/bin:/opt/sge/bin/lx-amd64:/usr/local/bin:/usr/bin:/usr/local/sbin:/usr/sbin:/afs/crc.nd.edu/user/c/condor/software/bin:/afs/crc.nd.edu/user/c/condor/software/sbin
CCLSOFTWARE=/afs/crc.nd.edu/group/ccl/software/x86_64/redhat7
PWD=/var/condor/execute/dir_24525/worker-213124-24553/t.965
_LMFILES_=/afs/crc.nd.edu/x86_64_linux/Modules/modules/system_modules/CRC_default/1.1
EDITOR=vim
SGE_EXECD_PORT=6445
LANG=en_US.UTF-8
SGE_QMASTER_PORT=6444
MODULEPATH=/afs/crc.nd.edu/x86_64_linux/Modules/modules/development_tools_and_libraries:/afs/crc.nd.edu/x86_64_linux/Modules/modules/general_software:/afs/crc.nd.edu/x86_64_linux/Modules/modules/restricted_software:/afs/crc.nd.edu/x86_64_linux/Modules/modules/system_modules:/afs/crc.nd.edu/x86_64_linux/Modules/modules/deprecated_software:/afs/crc.nd.edu/x86_64_linux/Modules/current/modulefiles
LOADEDMODULES=CRC_default/1.1
SGE_ROOT=/opt/sge
CCLPLATFORM=x86_64/redhat7
_CONDOR_SLOT=slot1
WORK_QUEUE_SANDBOX=/var/condor/execute/dir_24525/worker-213124-24553
USE_SYSTEMD=true
_CONDOR_LOWPORT=9100
_CONDOR_ANCESTOR_4261=24525:1594671054:4145456440
HISTCONTROL=ignoreboth:erasedups
KRB5CCNAME=FILE:/tmp/krb5cc_213124_ZwXmib
GLOBUS_GSSAPI_NAME_COMPATIBILITY=STRICT_RFC2818
HOME=/afs/crc.nd.edu/user/n/nkremerh
SHLVL=6
PATH_modshare=/opt/crc/usr/local/bin:1:/opt/sge/bin/lx-amd64:1:/usr/sbin:1:/usr/bin:1:/afs/crc.nd.edu/user/c/condor/software/sbin:1:/usr/local/sbin:1:/afs/crc.nd.edu/user/c/condor/software/bin:1:/usr/local/bin:1
OSTYPE=linux
_CONDOR_MACHINE_AD=/var/condor/execute/dir_24525/.machine.ad
_CONDOR_ANCESTOR_3989=4261:1593343483:4184216969
GREP_OPTIONS=--color=auto
DISK=916727
GLOBUS_GSSAPI_MIN_TLS_PROTOCOL=TLS1_VERSION
MANPATH_modshare=/usr/share/man/overrides:1:/usr/local/share/man:1:/usr/share/man:1:/opt/crc/usr/local/man:1:/opt/sge/man:1
MEMORY=15899
PERL_LOCAL_LIB_ROOT=/afs/crc.nd.edu/user/n/nkremerh/.perl5/
BASH_ENV=/afs/crc.nd.edu/x86_64_linux/Modules/4.5.0/init/bash
VENDOR=unknown
TMP=/var/condor/execute/dir_24525/worker-213124-24553/t.965/cctools-temp-t.965.jqjBoa
LOGNAME=nkremerh
MACHTYPE=x86_64
CCLHOME=/afs/crc.nd.edu/group/ccl
PYTHONPATH=/afs/crc.nd.edu/user/n/nkremerh/cctools/lib/python3.6/site-packages/
LD_LIBRARY_PATH_modshare=/opt/crc/usr/local/lib:1
SSH_CONNECTION=10.17.144.144 39924 129.74.128.103 22
MODULES_LMALTNAME_modshare=CRC_default/1.1&CRC_default/default&CRC_default:1
MODULESHOME=/afs/crc.nd.edu/x86_64_linux/Modules/4.5.0
GLOBUS_GSSAPI_CIPHERS=HIGH
GLOBUS_GSSAPI_BACKWARD_COMPATIBLE_MIC=true
LESSOPEN=||/usr/bin/lesspipe.sh %s
OMP_NUM_THREADS=1
_CONDOR_JOB_AD=/var/condor/execute/dir_24525/.job.ad
LOADEDMODULES_modshare=CRC_default/1.1:1
XDG_RUNTIME_DIR=/run/user/213124
SGE_CLUSTER_NAME=CRC
CCTOOLS=../cctools
CORES=4
_CONDOR_JOB_IWD=/var/condor/execute/dir_24525
PERL_MM_OPT=INSTALL_BASE=/afs/crc.nd.edu/user/n/nkremerh/.perl5/
GLOBUS_GSSAPI_SERVER_CIPHER_ORDER=true
BASH_FUNC_module()=() {  unset _mlshdbg;
 if [ "${MODULES_SILENT_SHELL_DEBUG:-0}" = '1' ]; then
 case "$-" in 
 *v*x*)
 set +vx;
 _mlshdbg='vx'
 ;;
 *v*)
 set +v;
 _mlshdbg='v'
 ;;
 *x*)
 set +x;
 _mlshdbg='x'
 ;;
 *)
 _mlshdbg=''
 ;;
 esac;
 fi;
 unset _mlre _mlIFS;
 if [ -n "${IFS+x}" ]; then
 _mlIFS=$IFS;
 fi;
 IFS=' ';
 for _mlv in ${MODULES_RUN_QUARANTINE:-};
 do
 if [ "${_mlv}" = "${_mlv##*[!A-Za-z0-9_]}" -a "${_mlv}" = "${_mlv#[0-9]}" ]; then
 if [ -n "`eval 'echo ${'$_mlv'+x}'`" ]; then
 _mlre="${_mlre:-}${_mlv}_modquar='`eval 'echo ${'$_mlv'}'`' ";
 fi;
 _mlrv="MODULES_RUNENV_${_mlv}";
 _mlre="${_mlre:-}${_mlv}='`eval 'echo ${'$_mlrv':-}'`' ";
 fi;
 done;
 if [ -n "${_mlre:-}" ]; then
 eval `eval ${_mlre}/usr/bin/tclsh /afs/crc.nd.edu/x86_64_linux/Modules/4.5.0/libexec/modulecmd.tcl bash '"$@"'`;
 else
 eval `/usr/bin/tclsh /afs/crc.nd.edu/x86_64_linux/Modules/4.5.0/libexec/modulecmd.tcl bash "$@"`;
 fi;
 _mlstatus=$?;
 if [ -n "${_mlIFS+x}" ]; then
 IFS=$_mlIFS;
 else
 unset IFS;
 fi;
 unset _mlre _mlv _mlrv _mlIFS;
 if [ -n "${_mlshdbg:-}" ]; then
 set -$_mlshdbg;
 fi;
 unset _mlshdbg;
 return $_mlstatus
}
BASH_FUNC_ml()=() {  module ml "$@"
}
_=/usr/bin/printenv
