13408   0.000000 libjli.so->getenv("_JAVA_LAUNCHER_DEBUG") = nil
13408   0.001925 libjli.so->getenv("_JAVA_VERSION_SET") = nil
13408   0.000907 libjli.so->fopen("/usr/lib/jvm/java-1.8.0-openjdk-1.8.0.252.b09-2.el7_8.x86_64/jre/lib/amd64/jvm.cfg", "r") = 0x559ac3e180e0
13408   0.000801 libjli.so->getenv("JDK_ALTERNATE_VM") = nil
13408   0.000306 libjli.so->__xstat(1, "/usr/lib/jvm/java-1.8.0-openjdk-1.8.0.252.b09-2.el7_8.x86_64/jre/lib/amd64/server/libjvm.so", 0x7ffc0b3c1880) = 0
13408   0.000580 libjli.so->getenv("LD_LIBRARY_PATH") = "/afs/crc.nd.edu/group/ccl/software/x86_64/redhat7/ruby/current/lib:/afs/crc.nd.edu/group/ccl/software/x86_64/redhat7/graphviz/current/lib:/afs/crc.nd.edu/group/ccl/software/x86_64/redhat7/git/current/lib:/afs/crc.nd.edu/group/ccl/software/x86_64/redhat7/condor/current/lib:/afs/crc.nd.edu/group/ccl/software/x86_64/redhat7/clang/current/lib:/afs/crc.nd.edu/group/ccl/software/x86_64/redhat7/condor/current/lib:/afs/crc.nd.edu/group/ccl/software/x86_64/redhat7/cctools/current/lib:/opt/crc/usr/local/lib"
13408   0.002172 libjli.so->dlopen("/usr/lib/jvm/java-1.8.0-openjdk-1.8.0.252.b09-2.el7_8.x86_64/jre/lib/amd64/server/libjvm.so", 258 <unfinished ...>
13408   0.036374 libjvm.so->getenv("NMT_LEVEL_13408") = nil
13408   0.001721 <... dlopen resumed> )          = 0x559ac3e184b0
13408   0.000069 libjli.so->getenv("CLASSPATH")  = nil
13408   0.000299 libjli.so->getenv("_JAVA_SPLASH_JAR") = nil
13408   0.000292 libjli.so->getenv("_JAVA_SPLASH_FILE") = nil
13408   0.000332 libjli.so->pthread_attr_setdetachstate(0x7ffc0b3c1830, 0, 0x7ffc0b3c18c0, 0) = 0
13408   0.000513 libpthread.so.0->__clone(0x2b32efa51de0, 0x2b32ef964fc0, 0x3d0f00, 0x2b32ef965700) = 0x3461
13409   0.001526 libjvm.so->dlopen(0x2b32f11b152e, 1, 0xfffffffffff42c48, 4096) = 0x2b32f4000990
13409   0.002735 libjvm.so->getenv(0x2b32f11cc2c0, 0, 115, 0x65737361) = 0x7ffc0b3c7674
13409   0.000486 libjvm.so->fopen(0x2b32ef963be0, 0x2b32f116b9ab, 0x6f732e79666972, 0x2b32f0329ab0) = 0x2b32f4001440
13409   0.001638 libjvm.so->dlopen(0x2b32ef963be0, 1, 0xffffffff, 0x2b32f4002b00) = 0x2b32f4001440
13409   0.001585 libjvm.so->fopen(0x2b32ef963be0, 0x2b32f116b9ab, 111, 0x732e6176) = 0x2b32f4001b10
13409   0.002092 libjvm.so->dlopen(0x2b32ef963be0, 1, 0xffffffff, 0x2b32f4001a00) = 0x2b32f4001b10
13409   0.001943 libjvm.so->__xstat(1, 0x2b32ef964330, 0x2b32ef964b70, 0x637274) = -1
13409   0.000692 libjvm.so->getenv(0x2b32f1164226, 0x2b32ef9646a0, 1024, 0x2b32f16085db) = 0
13409   0.000494 libjvm.so->getenv(0x2b32f1164218, 0x2b32ef9646a0, 1024, 0) = 0
13409   0.000556 libjvm.so->fopen(0x2b32f11b0e95, 0x2b32f116b9ab, 4095, 24) = 0x2b32f40032d0
13409   0.001218 libjvm.so->fopen(0x2b32f11b0ee1, 0x2b32f116b9ab, 0x2b32f4000078, 0x2b32f40032c0) = 0x2b32f40032d0
13409   0.000827 libjvm.so->fopen(0x2b32ef95e980, 0x2b32f116b9ab, 4016, 3997) = 0x2b32f40032d0
13409   0.000772 libjvm.so->opendir(0x2b32f4002b40, 0x2b32f4002b40, 13, 16) = 0
13409   0.000498 libjvm.so->__xstat(1, 0x2b32ef9638c0, 0x2b32ef962830, 0x6f732e7477616d62) = -1
13409   0.000557 libjvm.so->__xstat(1, 0x2b32ef9638c0, 0x2b32ef962830, 0x5f74776162696c2f) = 0
13409   0.000515 libjvm.so->fopen(0x2b32ef962b60, 0x2b32f116b9ab, 4011, 3996) = 0x2b32f40037b0
13409   0.000636 libjvm.so->fopen(0x2b32ef962b60, 0x2b32f116b9ab, 4011, 3996) = 0x2b32f40037b0
13409   0.000663 libjvm.so->fopen(0x2b32ef962b60, 0x2b32f116b9ab, 4011, 4004) = 0x2b32f40037b0
13409   0.000645 libjvm.so->fopen(0x2b32ef962af0, 0x2b32f116b9ab, 4011, 3996) = 0x2b32f40037b0
13409   0.000818 libjvm.so->fopen(0x2b32ef962af0, 0x2b32f116b9ab, 4011, 3996) = 0x2b32f40037b0
13409   0.000717 libjvm.so->fopen(0x2b32ef962af0, 0x2b32f116b9ab, 4011, 4004) = 0x2b32f40037b0
13409   0.000712 libjvm.so->fopen(0x2b32ef962b20, 0x2b32f116b9ab, 4016, 3997) = 0x2b32f40037b0
13409   0.000940 libjvm.so->getenv(0x2b32f11b1c5e, 4096, 3, -1) = 0
13409   0.001096 libjvm.so->fopen(0x2b32f11b1518, 0x2b32f116b9ab, 0x2b32efa48908, 0x2b32efa47df0) = 0x2b32f40037b0
13409   0.004745 libjvm.so->open(0x2b32f404a5a0, 0x20000, 0, 0x2b32f404a5e9) = 3
13409   0.000556 libjvm.so->__fxstat(1, 3, 0x2b32ef9649d0, -1) = 0
13409   0.000548 libjvm.so->opendir(0x2b32f404a5a0, 0x2b32ef9649d0, 0x4000, -1) = 0x2b32f404b4b0
13409   0.000572 libjvm.so->__fxstat(1, 3, 0x2b32ef964870, 0x2b32f404b4b0) = 0
13409   0.000511 libjvm.so->__fxstat(1, 5, 0x2b32ef964900, -1) = 0
13409   0.000517 libjvm.so->open(0x2b32f118285c, 0, 0, 0) = 3
13409   0.000744 libjvm.so->__lxstat(1, 0x2b32f404a5a0, 0x2b32ef964b20, -144) = 0
13409   0.000494 libjvm.so->open(0x2b32f404a5a0, 0x20000, 0x4000, -1) = 3
13409   0.000496 libjvm.so->__fxstat(1, 3, 0x2b32ef9649d0, -1) = 0
13409   0.000478 libjvm.so->opendir(0x2b32f404a5a0, 0x2b32ef9649d0, 0x4000, -1) = 0x2b32f404b4b0
13409   0.000591 libjvm.so->__fxstat(1, 3, 0x2b32ef964870, 0x2b32f404b4b0) = 0
13409   0.000454 libjvm.so->__fxstat(1, 5, 0x2b32ef964900, -1) = 0
13409   0.000615 libjvm.so->open(0x2b32f118285c, 0, 0, 0) = 3
13409   0.000489 libjvm.so->open(0x2b32f404a5e9, 0x20042, 384, -1) = 7
13409   0.000833 libjvm.so->__fxstat(1, 7, 0x2b32ef964b20, -1) = 0
13409   0.002055 libjvm.so->fopen(0x2b32ef963b30, 0x2b32f116b9ab, 4, 0x6f732e70) = 0x2b32f4057b90
13409   0.001714 libjvm.so->dlopen(0x2b32ef963b30, 1, 0xffffffff, 0x2b32f4057b00) = 0x2b32f4057b90
13409   0.001465 libjvm.so->__xstat(1, 0x2b32ef9640f0, 0x2b32ef964920, 2048) = 0
13409   0.000428 libjvm.so->__xstat(1, 0x2b32ef9640f0, 0x2b32ef964920, 2048) = 0
13409   0.000412 libjvm.so->__xstat(1, 0x2b32ef9640f0, 0x2b32ef964920, 2048) = -1
13409   0.000448 libjvm.so->__xstat(1, 0x2b32ef9640f0, 0x2b32ef964920, 2048) = 0
13409   0.000416 libjvm.so->__xstat(1, 0x2b32ef9640f0, 0x2b32ef964920, 2048) = 0
13409   0.000452 libjvm.so->__xstat(1, 0x2b32ef9640f0, 0x2b32ef964920, 2048) = 0
13409   0.000415 libjvm.so->__xstat(1, 0x2b32ef9640f0, 0x2b32ef964920, 2048) = -1
13409   0.000469 libjvm.so->__xstat(1, 0x2b32ef9640f0, 0x2b32ef964920, 2048) = -1
13409   0.000454 libjvm.so->fopen(0x2b32f4002520, 0x2b32f116b9ab, 0, 0) = 0x2b32f4058900
13409   0.009135 libjvm.so->open64(0x2b32ef963490, 0, 0, 16) = 3
13409   0.000535 libjvm.so->__fxstat64(1, 3, 0x2b32ef9632c0, -1) = 0
13409   0.035562 libjvm.so->__xstat(1, 0x2b32ef963ef0, 0x2b32ef964720, 2048) = -1
13409   0.000584 libjvm.so->fopen(0x2b32ef962af0, 0x2b32f116b9ab, 4011, 3996) = 0x2b32f40b5b80
13409   0.000655 libjvm.so->fopen(0x2b32ef962af0, 0x2b32f116b9ab, 4011, 3996) = 0x2b32f40b5b80
13409   0.000615 libjvm.so->fopen(0x2b32ef962af0, 0x2b32f116b9ab, 4011, 4004) = 0x2b32f40b5b80
13409   0.004159 libjvm.so->pthread_attr_setdetachstate(0x2b32ef964bd0, 1, 0, 0) = 0
13409   0.000641 libpthread.so.0->__clone(0x2b32efa51de0, 0x2b32f3fd5fc0, 0x3d0f00, 0x2b32f3fd6700) = 0x3462
13409   0.015629 libjvm.so->pthread_attr_setdetachstate(0x2b32ef964260, 1, 0, 0) = 0
13409   0.000692 libpthread.so.0->__clone(0x2b32efa51de0, 0x2b330836afc0, 0x3d0f00, 0x2b330836b700) = 0x3463
13409   0.006805 libjvm.so->pthread_attr_setdetachstate(0x2b32ef9645e0, 1, 0, 0) = 0
13409   0.000797 libpthread.so.0->__clone(0x2b32efa51de0, 0x2b330846bfc0, 0x3d0f00, 0x2b330846c700) = 0x3464
13409   0.042242 libjvm.so->fopen(0x2b32f40e8740, 0x2b32f116b9ab, 4, 0x6f732e70) = 0x2b32f40f1750
13409   0.002234 libjvm.so->dlopen(0x2b32f40e8740, 1, 0xffffffff, 0x2b32f40e8b00) = 0x2b32f4057b90
13409   0.023699 libjvm.so->fopen(0x2b32ef960130, 0x2b32f116b9ab, 4011, 3996) = 0x2b32f40f9030
13409   0.001186 libjvm.so->fopen(0x2b32ef960130, 0x2b32f116b9ab, 4011, 3996) = 0x2b32f40f9030
13409   0.001163 libjvm.so->fopen(0x2b32ef960130, 0x2b32f116b9ab, 4011, 4004) = 0x2b32f40f9030
13409   0.015148 libjvm.so->pthread_attr_setdetachstate(0x2b32ef964b20, 1, 0, 0) = 0
13409   0.001088 libpthread.so.0->__clone(0x2b32efa51de0, 0x2b330856cfc0, 0x3d0f00, 0x2b330856d700) = 0x3465
13409   0.001782 libjvm.so->__xstat64(1, 0x2b32ef964bb0, 0x2b32ef964b20, 19) = -1
13409   0.001214 libjvm.so->pthread_attr_setdetachstate(0x2b32ef964920, 1, 0, 0) = 0
13409   0.001166 libpthread.so.0->__clone(0x2b32efa51de0, 0x2b330866dfc0, 0x3d0f00, 0x2b330866e700) = 0x3466
13409   0.001897 libjvm.so->pthread_attr_setdetachstate(0x2b32ef964920, 1, 0, 0) = 0
13409   0.001339 libpthread.so.0->__clone(0x2b32efa51de0, 0x2b330876efc0, 0x3d0f00, 0x2b330876f700) = 0x3467
13409   0.007738 libjvm.so->pthread_attr_setdetachstate(0x2b32ef964a70, 1, 0, 0) = 0
13409   0.001410 libpthread.so.0->__clone(0x2b32efa51de0, 0x2b330886ffc0, 0x3d0f00, 0x2b3308870700) = 0x3468
13409   0.002376 libjvm.so->pthread_attr_setdetachstate(0x2b32ef964b80, 1, 0, 0) = 0
13409   0.001546 libpthread.so.0->__clone(0x2b32efa51de0, 0x2b3308970fc0, 0x3d0f00, 0x2b3308971700) = 0x3469
13409   0.015125 libjvm.so->open64(0x2b32f412c5e0, 0, 0, 32) = 5
13409   0.001878 libjvm.so->__fxstat64(1, 5, 0x2b32ef961f90, -1) = 0
13409   0.026305 libjvm.so->fopen(0x2b32f4152830, 0x2b32f116b9ab, 4, 0x6f732e6f) = 0x2b32f41528f0
13409   0.003607 libjvm.so->dlopen(0x2b32f4152830, 1, 0xffffffff, 0x2b32f4152800) = 0x2b32f41528f0
13415   0.046826 --- SIGSEGV (Segmentation fault) ---
13409   0.050314 libjvm.so->fopen(0x2b32ef95ee90, 0x2b32f116b9ab, 0x6f732e, 0x6d766a62696c2f72) = 0x2b32f4166b70
13409   0.005958 libjvm.so->dlopen(0x2b32ef95ee90, 1, 0xffffffff, 0x2b32f4166a00) = 0x559ac3e184b0
13409   0.001841 libjvm.so->fopen(0x2b32ef95ee90, 0x2b32f116b9ab, 0x6f732e, 0x6d766a62696c2f72) = 0x2b32f4166b70
13409   0.006134 libjvm.so->dlopen(0x2b32ef95ee90, 1, 0xffffffff, 0x2b32f4166a00) = 0x559ac3e184b0
13409   0.001845 libjvm.so->fopen(0x2b32ef95ee90, 0x2b32f116b9ab, 0x6f732e, 0x6d766a62696c2f72) = 0x2b32f4166b70
13409   0.003472 libjvm.so->dlopen(0x2b32ef95ee90, 1, 0xffffffff, 0x2b32f4166a00) = 0x559ac3e184b0
13409   0.001648 libjvm.so->fopen(0x2b32ef95ee90, 0x2b32f116b9ab, 0x6f732e, 0x6d766a62696c2f72) = 0x2b32f4166b70
13409   0.003356 libjvm.so->dlopen(0x2b32ef95ee90, 1, 0xffffffff, 0x2b32f4166a00) = 0x559ac3e184b0
13409   0.044871 libjvm.so->fopen(0x2b32f41a5af0, 0x2b32f116b9ab, 4, 0x6f732e74) = 0x2b32f41ab5a0
13409   0.002934 libjvm.so->dlopen(0x2b32f41a5af0, 1, 0xffffffff, 0x2b32f41afb00) = 0x2b32f41ab5a0
13409   0.127343 libjvm.so->fopen(0x2b32f421e7b0, 0x2b32f116b9ab, 0x6f732e7373656c, 0x656c646165685f74) = 0x2b32f421e890
13409   0.002686 libjvm.so->dlopen(0x2b32f421e7b0, 1, 0xffffffff, 0x2b32f421e800) = 0x2b32f421e890
13417   0.036069 +++ exited (status 0) +++
13413   0.000497 +++ exited (status 0) +++
13410   0.000227 +++ exited (status 0) +++
13409   0.000217 +++ exited (status 0) +++
13416   0.000249 +++ exited (status 1) +++
13415   0.000021 +++ exited (status 1) +++
13414   0.000015 +++ exited (status 1) +++
13412   0.000013 +++ exited (status 1) +++
13411   0.000014 +++ exited (status 1) +++
13408   0.003943 +++ exited (status 1) +++
Wrote an ltrace for command: "java -cp ./tools/maxent.jar density.Project outputs/Microstylum_braunsi_Engel/Microstylum_braunsi_Engel.lambdas data/layers/worldclim outputs/Microstylum_braunsi_Engel_worldclim.asc nowarnings nocache autorun -z" with PID 13405 from PPID 13388 on disc25.crc.nd.edu with result 1
REMOTEHOST=10.17.144.144
_CONDOR_ANCESTOR_24525=24530:1594671055:2748281650
_CONDOR_JOB_PIDS=
MANPATH=/afs/crc.nd.edu/user/n/nkremerh/cctools/share/man/:/afs/crc.nd.edu/group/ccl/software/x86_64/redhat7/ruby/current/share/man:/afs/crc.nd.edu/group/ccl/software/x86_64/redhat7/graphviz/current/share/man:/afs/crc.nd.edu/group/ccl/software/x86_64/redhat7/gnuplot/current/share/man:/afs/crc.nd.edu/group/ccl/software/x86_64/redhat7/git/current/share/man:/afs/crc.nd.edu/group/ccl/software/x86_64/redhat7/condor/current/share/man:/afs/crc.nd.edu/group/ccl/software/x86_64/redhat7/clang/current/share/man:/afs/crc.nd.edu/group/ccl/software/x86_64/redhat7/condor/current/share/man:/afs/crc.nd.edu/group/ccl/software/x86_64/redhat7/cctools/current/share/man:/afs/crc.nd.edu/group/ccl/software/x86_64/redhat7/cctools/current/share/man:/afs/crc.nd.edu/x86_64_linux/Modules/4.5.0/share/man:/opt/crc/usr/local/man:/opt/sge/man:/usr/share/man/overrides:/usr/share/man:/usr/local/share/man
XDG_SESSION_ID=2735
HOSTNAME=disc01.crc.nd.edu
_LMFILES__modshare=/afs/crc.nd.edu/x86_64_linux/Modules/modules/system_modules/CRC_default/1.1:1
MODULEPATH_modshare=/afs/crc.nd.edu/x86_64_linux/Modules/modules/general_software:1:/afs/crc.nd.edu/x86_64_linux/Modules/modules/development_tools_and_libraries:1:/afs/crc.nd.edu/x86_64_linux/Modules/modules/system_modules:1:/afs/crc.nd.edu/x86_64_linux/Modules/current/modulefiles:1:/afs/crc.nd.edu/x86_64_linux/Modules/modules/restricted_software:1:/afs/crc.nd.edu/x86_64_linux/Modules/modules/deprecated_software:1
MODULES_CMD=/afs/crc.nd.edu/x86_64_linux/Modules/4.5.0/libexec/modulecmd.tcl
HOST=disc01.crc.nd.edu
SHELL=/bin/tcsh
TERM=xterm-256color
MAKEFLAGS=
HISTSIZE=5000
TMPDIR=/var/condor/execute/dir_24525/worker-213124-24553/t.1473/cctools-temp-t.1473.gpw1lh
SSH_CLIENT=10.17.144.144 39924 22
PERL5LIB=/afs/crc.nd.edu/user/n/nkremerh/cctools/lib/perl5/site_perl/5.16.3:/afs/crc.nd.edu/user/n/nkremerh/.perl5/lib/perl5
SGE_CELL=crc
_CONDOR_SCRATCH_DIR=/var/condor/execute/dir_24525
PERL_MB_OPT=--install_base '/afs/crc.nd.edu/user/n/nkremerh/.perl5/'
SSH_TTY=/dev/pts/0
SGE_LOAD_AVG=load_avg
MAKEFLOW_MAX_LOCAL_JOBS=2
HISTFILESIZE=10000
_CHIRP_DELAYED_UPDATE_PREFIX=Chirp*
USER=nkremerh
GROUP=campus
LD_LIBRARY_PATH=/afs/crc.nd.edu/group/ccl/software/x86_64/redhat7/ruby/current/lib:/afs/crc.nd.edu/group/ccl/software/x86_64/redhat7/graphviz/current/lib:/afs/crc.nd.edu/group/ccl/software/x86_64/redhat7/git/current/lib:/afs/crc.nd.edu/group/ccl/software/x86_64/redhat7/condor/current/lib:/afs/crc.nd.edu/group/ccl/software/x86_64/redhat7/clang/current/lib:/afs/crc.nd.edu/group/ccl/software/x86_64/redhat7/condor/current/lib:/afs/crc.nd.edu/group/ccl/software/x86_64/redhat7/cctools/current/lib:/opt/crc/usr/local/lib
TEMP=/var/condor/execute/dir_24525/worker-213124-24553/t.1473/cctools-temp-t.1473.gpw1lh
BATCH_SYSTEM=HTCondor
WORKER_TMPDIR=/var/condor/execute/dir_24525/worker-213124-24553/cache/tmp
ENV=/afs/crc.nd.edu/x86_64_linux/Modules/4.5.0/init/profile.sh
MODULES_LMALTNAME=CRC_default/1.1&CRC_default/default&CRC_default
_CONDOR_CHIRP_CONFIG=/var/condor/execute/dir_24525/.chirp.config
GLOBUS_GSSAPI_MAX_TLS_PROTOCOL=0
_CONDOR_HIGHPORT=9999
HOSTTYPE=x86_64-linux
MAKELEVEL=1
MFLAGS=
CCLSOFTWARE=/afs/crc.nd.edu/group/ccl/software/x86_64/redhat7
PATH=/afs/crc.nd.edu/user/n/nkremerh/cctools/bin:/afs/crc.nd.edu/user/n/nkremerh/miniconda/bin:/afs/crc.nd.edu/group/ccl/software/git:/afs/crc.nd.edu/user/n/nkremerh/.local/bin:/afs/crc.nd.edu/group/ccl/software/x86_64/redhat7/povray/3.7/bin:/afs/crc.nd.edu/user/n/nkremerh/.perl5/bin:/afs/crc.nd.edu/user/n/nkremerh/pegasus/bin:/afs/crc.nd.edu/user/n/nkremerh/nodejs/bin:/afs/crc.nd.edu/user/n/nkremerh/montage/bin:/afs/crc.nd.edu/user/n/nkremerh/latexdiff:/afs/crc.nd.edu/user/n/nkremerh/envtrace:/afs/crc.nd.edu/user/n/nkremerh/endlines:/afs/crc.nd.edu/user/n/nkremerh/cctools/bin:/afs/crc.nd.edu/user/n/nkremerh/.cargo/bin:/afs/crc.nd.edu/group/ccl/software/x86_64/redhat7/ruby/current/bin:/afs/crc.nd.edu/group/ccl/software/x86_64/redhat7/graphviz/current/bin:/afs/crc.nd.edu/group/ccl/software/x86_64/redhat7/gnuplot/current/bin:/afs/crc.nd.edu/group/ccl/software/x86_64/redhat7/git/current/bin:/afs/crc.nd.edu/group/ccl/software/x86_64/redhat7/condor/current/sbin:/afs/crc.nd.edu/group/ccl/software/x86_64/redhat7/condor/current/bin:/afs/crc.nd.edu/group/ccl/software/x86_64/redhat7/cmake/current/bin:/afs/crc.nd.edu/group/ccl/software/x86_64/redhat7/clang/current/bin:/afs/crc.nd.edu/group/ccl/software/x86_64/redhat7/condor/current/sbin:/afs/crc.nd.edu/group/ccl/software/x86_64/redhat7/condor/current/bin:/afs/crc.nd.edu/group/ccl/software/x86_64/redhat7/cctools/current/bin:/afs/crc.nd.edu/x86_64_linux/Modules/4.5.0/bin:/opt/crc/usr/local/bin:/opt/sge/bin/lx-amd64:/usr/local/bin:/usr/bin:/usr/local/sbin:/usr/sbin:/afs/crc.nd.edu/user/c/condor/software/bin:/afs/crc.nd.edu/user/c/condor/software/sbin
MAIL=/var/spool/mail/nkremerh
PWD=/var/condor/execute/dir_24525/worker-213124-24553/t.1473
_LMFILES_=/afs/crc.nd.edu/x86_64_linux/Modules/modules/system_modules/CRC_default/1.1
SGE_EXECD_PORT=6445
EDITOR=vim
LANG=en_US.UTF-8
MODULEPATH=/afs/crc.nd.edu/x86_64_linux/Modules/modules/development_tools_and_libraries:/afs/crc.nd.edu/x86_64_linux/Modules/modules/general_software:/afs/crc.nd.edu/x86_64_linux/Modules/modules/restricted_software:/afs/crc.nd.edu/x86_64_linux/Modules/modules/system_modules:/afs/crc.nd.edu/x86_64_linux/Modules/modules/deprecated_software:/afs/crc.nd.edu/x86_64_linux/Modules/current/modulefiles
SGE_QMASTER_PORT=6444
SGE_ROOT=/opt/sge
LOADEDMODULES=CRC_default/1.1
WORK_QUEUE_SANDBOX=/var/condor/execute/dir_24525/worker-213124-24553
_CONDOR_SLOT=slot1
CCLPLATFORM=x86_64/redhat7
USE_SYSTEMD=true
_CONDOR_ANCESTOR_4261=24525:1594671054:4145456440
_CONDOR_LOWPORT=9100
KRB5CCNAME=FILE:/tmp/krb5cc_213124_ZwXmib
HISTCONTROL=ignoreboth:erasedups
PATH_modshare=/opt/crc/usr/local/bin:1:/opt/sge/bin/lx-amd64:1:/usr/sbin:1:/usr/bin:1:/afs/crc.nd.edu/user/c/condor/software/sbin:1:/usr/local/sbin:1:/afs/crc.nd.edu/user/c/condor/software/bin:1:/usr/local/bin:1
SHLVL=7
HOME=/afs/crc.nd.edu/user/n/nkremerh
GLOBUS_GSSAPI_NAME_COMPATIBILITY=STRICT_RFC2818
_CONDOR_ANCESTOR_3989=4261:1593343483:4184216969
_CONDOR_MACHINE_AD=/var/condor/execute/dir_24525/.machine.ad
OSTYPE=linux
DISK=916727
GREP_OPTIONS=--color=auto
GLOBUS_GSSAPI_MIN_TLS_PROTOCOL=TLS1_VERSION
MEMORY=15899
MANPATH_modshare=/usr/share/man/overrides:1:/usr/local/share/man:1:/usr/share/man:1:/opt/crc/usr/local/man:1:/opt/sge/man:1
VENDOR=unknown
BASH_ENV=/afs/crc.nd.edu/x86_64_linux/Modules/4.5.0/init/bash
PERL_LOCAL_LIB_ROOT=/afs/crc.nd.edu/user/n/nkremerh/.perl5/
PYTHONPATH=/afs/crc.nd.edu/user/n/nkremerh/cctools/lib/python3.6/site-packages/
CCLHOME=/afs/crc.nd.edu/group/ccl
MACHTYPE=x86_64
LOGNAME=nkremerh
TMP=/var/condor/execute/dir_24525/worker-213124-24553/t.1473/cctools-temp-t.1473.gpw1lh
LD_LIBRARY_PATH_modshare=/opt/crc/usr/local/lib:1
MODULES_LMALTNAME_modshare=CRC_default/1.1&CRC_default/default&CRC_default:1
SSH_CONNECTION=10.17.144.144 39924 129.74.128.103 22
MODULESHOME=/afs/crc.nd.edu/x86_64_linux/Modules/4.5.0
OMP_NUM_THREADS=1
LESSOPEN=||/usr/bin/lesspipe.sh %s
GLOBUS_GSSAPI_BACKWARD_COMPATIBLE_MIC=true
GLOBUS_GSSAPI_CIPHERS=HIGH
LOADEDMODULES_modshare=CRC_default/1.1:1
_CONDOR_JOB_AD=/var/condor/execute/dir_24525/.job.ad
SGE_CLUSTER_NAME=CRC
XDG_RUNTIME_DIR=/run/user/213124
CCTOOLS=../cctools
CORES=4
_CONDOR_JOB_IWD=/var/condor/execute/dir_24525
PERL_MM_OPT=INSTALL_BASE=/afs/crc.nd.edu/user/n/nkremerh/.perl5/
GLOBUS_GSSAPI_SERVER_CIPHER_ORDER=true
BASH_FUNC_module()=() {  unset _mlshdbg;
 if [ "${MODULES_SILENT_SHELL_DEBUG:-0}" = '1' ]; then
 case "$-" in 
 *v*x*)
 set +vx;
 _mlshdbg='vx'
 ;;
 *v*)
 set +v;
 _mlshdbg='v'
 ;;
 *x*)
 set +x;
 _mlshdbg='x'
 ;;
 *)
 _mlshdbg=''
 ;;
 esac;
 fi;
 unset _mlre _mlIFS;
 if [ -n "${IFS+x}" ]; then
 _mlIFS=$IFS;
 fi;
 IFS=' ';
 for _mlv in ${MODULES_RUN_QUARANTINE:-};
 do
 if [ "${_mlv}" = "${_mlv##*[!A-Za-z0-9_]}" -a "${_mlv}" = "${_mlv#[0-9]}" ]; then
 if [ -n "`eval 'echo ${'$_mlv'+x}'`" ]; then
 _mlre="${_mlre:-}${_mlv}_modquar='`eval 'echo ${'$_mlv'}'`' ";
 fi;
 _mlrv="MODULES_RUNENV_${_mlv}";
 _mlre="${_mlre:-}${_mlv}='`eval 'echo ${'$_mlrv':-}'`' ";
 fi;
 done;
 if [ -n "${_mlre:-}" ]; then
 eval `eval ${_mlre}/usr/bin/tclsh /afs/crc.nd.edu/x86_64_linux/Modules/4.5.0/libexec/modulecmd.tcl bash '"$@"'`;
 else
 eval `/usr/bin/tclsh /afs/crc.nd.edu/x86_64_linux/Modules/4.5.0/libexec/modulecmd.tcl bash "$@"`;
 fi;
 _mlstatus=$?;
 if [ -n "${_mlIFS+x}" ]; then
 IFS=$_mlIFS;
 else
 unset IFS;
 fi;
 unset _mlre _mlv _mlrv _mlIFS;
 if [ -n "${_mlshdbg:-}" ]; then
 set -$_mlshdbg;
 fi;
 unset _mlshdbg;
 return $_mlstatus
}
BASH_FUNC_ml()=() {  module ml "$@"
}
_=/usr/bin/printenv
