21636   0.000000 libjli.so->getenv("_JAVA_LAUNCHER_DEBUG") = nil
21636   0.001864 libjli.so->getenv("_JAVA_VERSION_SET") = nil
21636   0.000736 libjli.so->fopen("/usr/lib/jvm/java-1.8.0-openjdk-1.8.0.252.b09-2.el7_8.x86_64/jre/lib/amd64/jvm.cfg", "r") = 0x55d406d6b0f0
21636   0.000783 libjli.so->getenv("JDK_ALTERNATE_VM") = nil
21636   0.000361 libjli.so->__xstat(1, "/usr/lib/jvm/java-1.8.0-openjdk-1.8.0.252.b09-2.el7_8.x86_64/jre/lib/amd64/server/libjvm.so", 0x7ffe6d323c00) = 0
21636   0.000583 libjli.so->getenv("LD_LIBRARY_PATH") = "/afs/crc.nd.edu/group/ccl/software/x86_64/redhat7/ruby/current/lib:/afs/crc.nd.edu/group/ccl/software/x86_64/redhat7/graphviz/current/lib:/afs/crc.nd.edu/group/ccl/software/x86_64/redhat7/git/current/lib:/afs/crc.nd.edu/group/ccl/software/x86_64/redhat7/condor/current/lib:/afs/crc.nd.edu/group/ccl/software/x86_64/redhat7/clang/current/lib:/afs/crc.nd.edu/group/ccl/software/x86_64/redhat7/condor/current/lib:/afs/crc.nd.edu/group/ccl/software/x86_64/redhat7/cctools/current/lib:/opt/crc/usr/local/lib"
21636   0.002064 libjli.so->dlopen("/usr/lib/jvm/java-1.8.0-openjdk-1.8.0.252.b09-2.el7_8.x86_64/jre/lib/amd64/server/libjvm.so", 258 <unfinished ...>
21636   0.036855 libjvm.so->getenv("NMT_LEVEL_21636") = nil
21636   0.001951 <... dlopen resumed> )          = 0x55d406d6b4c0
21636   0.000118 libjli.so->getenv("CLASSPATH")  = nil
21636   0.000365 libjli.so->getenv("_JAVA_SPLASH_JAR") = nil
21636   0.000346 libjli.so->getenv("_JAVA_SPLASH_FILE") = nil
21636   0.000346 libjli.so->pthread_attr_setdetachstate(0x7ffe6d323bb0, 0, 0x7ffe6d323c40, 0) = 0
21636   0.000529 libpthread.so.0->__clone(0x2afaf6adbde0, 0x2afaf69eefc0, 0x3d0f00, 0x2afaf69ef700) = 0x5485
21637   0.001564 libjvm.so->dlopen(0x2afaf823b52e, 1, 0xfffffffffff42c48, 4096) = 0x2afafc000990
21637   0.002631 libjvm.so->getenv(0x2afaf82562c0, 0, 115, 0x65737361) = 0x7ffe6d3296d0
21637   0.000477 libjvm.so->fopen(0x2afaf69edbe0, 0x2afaf81f59ab, 0x6f732e79666972, 0x2afaf73b3ab0) = 0x2afafc001440
21637   0.001593 libjvm.so->dlopen(0x2afaf69edbe0, 1, 0xffffffff, 0x2afafc002b00) = 0x2afafc001440
21637   0.001555 libjvm.so->fopen(0x2afaf69edbe0, 0x2afaf81f59ab, 111, 0x732e6176) = 0x2afafc001b10
21637   0.001829 libjvm.so->dlopen(0x2afaf69edbe0, 1, 0xffffffff, 0x2afafc001a00) = 0x2afafc001b10
21637   0.001658 libjvm.so->__xstat(1, 0x2afaf69ee330, 0x2afaf69eeb70, 0x637274) = -1
21637   0.000589 libjvm.so->getenv(0x2afaf81ee226, 0x2afaf69ee6a0, 1024, 0x2afaf86925db) = 0
21637   0.000580 libjvm.so->getenv(0x2afaf81ee218, 0x2afaf69ee6a0, 1024, 0) = 0
21637   0.000685 libjvm.so->fopen(0x2afaf823ae95, 0x2afaf81f59ab, 4095, 24) = 0x2afafc003290
21637   0.001246 libjvm.so->fopen(0x2afaf823aee1, 0x2afaf81f59ab, 0x2afafc000078, 0x2afafc003280) = 0x2afafc003290
21637   0.000719 libjvm.so->fopen(0x2afaf69e8980, 0x2afaf81f59ab, 4016, 3997) = 0x2afafc003290
21637   0.000631 libjvm.so->opendir(0x2afafc002b40, 0x2afafc002b40, 13, 16) = 0
21637   0.000483 libjvm.so->__xstat(1, 0x2afaf69ed8c0, 0x2afaf69ec830, 0x6f732e7477616d62) = -1
21637   0.000449 libjvm.so->__xstat(1, 0x2afaf69ed8c0, 0x2afaf69ec830, 0x5f74776162696c2f) = 0
21637   0.000562 libjvm.so->fopen(0x2afaf69ecb60, 0x2afaf81f59ab, 4011, 3996) = 0x2afafc003770
21637   0.000632 libjvm.so->fopen(0x2afaf69ecb60, 0x2afaf81f59ab, 4011, 3996) = 0x2afafc003770
21637   0.000608 libjvm.so->fopen(0x2afaf69ecb60, 0x2afaf81f59ab, 4011, 4004) = 0x2afafc003770
21637   0.000623 libjvm.so->fopen(0x2afaf69ecaf0, 0x2afaf81f59ab, 4011, 3996) = 0x2afafc003770
21637   0.000606 libjvm.so->fopen(0x2afaf69ecaf0, 0x2afaf81f59ab, 4011, 3996) = 0x2afafc003770
21637   0.000582 libjvm.so->fopen(0x2afaf69ecaf0, 0x2afaf81f59ab, 4011, 4004) = 0x2afafc003770
21637   0.000604 libjvm.so->fopen(0x2afaf69ecb20, 0x2afaf81f59ab, 4016, 3997) = 0x2afafc003770
21637   0.000795 libjvm.so->getenv(0x2afaf823bc5e, 4096, 3, -1) = 0
21637   0.000917 libjvm.so->fopen(0x2afaf823b518, 0x2afaf81f59ab, 0x2afaf6ad2908, 0x2afaf6ad1df0) = 0x2afafc003770
21637   0.004655 libjvm.so->open(0x2afafc04a560, 0x20000, 0, 0x2afafc04a5a9) = 3
21637   0.000455 libjvm.so->__fxstat(1, 3, 0x2afaf69ee9d0, -1) = 0
21637   0.000494 libjvm.so->opendir(0x2afafc04a560, 0x2afaf69ee9d0, 0x4000, -1) = 0x2afafc04b470
21637   0.000482 libjvm.so->__fxstat(1, 3, 0x2afaf69ee870, 0x2afafc04b470) = 0
21637   0.000461 libjvm.so->__fxstat(1, 5, 0x2afaf69ee900, -1) = 0
21637   0.000474 libjvm.so->open(0x2afaf820c85c, 0, 0, 0) = 3
21637   0.000669 libjvm.so->__lxstat(1, 0x2afafc04a560, 0x2afaf69eeb20, -144) = 0
21637   0.000530 libjvm.so->open(0x2afafc04a560, 0x20000, 0x4000, -1) = 3
21637   0.000572 libjvm.so->__fxstat(1, 3, 0x2afaf69ee9d0, -1) = 0
21637   0.000624 libjvm.so->opendir(0x2afafc04a560, 0x2afaf69ee9d0, 0x4000, -1) = 0x2afafc04b470
21637   0.000476 libjvm.so->__fxstat(1, 3, 0x2afaf69ee870, 0x2afafc04b470) = 0
21637   0.000580 libjvm.so->__fxstat(1, 5, 0x2afaf69ee900, -1) = 0
21637   0.000514 libjvm.so->open(0x2afaf820c85c, 0, 0, 0) = 3
21637   0.000491 libjvm.so->open(0x2afafc04a5a9, 0x20042, 384, -1) = 7
21637   0.000618 libjvm.so->__fxstat(1, 7, 0x2afaf69eeb20, -1) = 0
21637   0.001662 libjvm.so->fopen(0x2afaf69edb30, 0x2afaf81f59ab, 4, 0x6f732e70) = 0x2afafc057b50
21637   0.001444 libjvm.so->dlopen(0x2afaf69edb30, 1, 0xffffffff, 0x2afafc057a00) = 0x2afafc057b50
21637   0.001671 libjvm.so->__xstat(1, 0x2afaf69ee0f0, 0x2afaf69ee920, 2048) = 0
21637   0.000914 libjvm.so->__xstat(1, 0x2afaf69ee0f0, 0x2afaf69ee920, 2048) = 0
21637   0.000617 libjvm.so->__xstat(1, 0x2afaf69ee0f0, 0x2afaf69ee920, 2048) = -1
21637   0.000518 libjvm.so->__xstat(1, 0x2afaf69ee0f0, 0x2afaf69ee920, 2048) = 0
21637   0.000598 libjvm.so->__xstat(1, 0x2afaf69ee0f0, 0x2afaf69ee920, 2048) = 0
21637   0.000465 libjvm.so->__xstat(1, 0x2afaf69ee0f0, 0x2afaf69ee920, 2048) = 0
21637   0.000636 libjvm.so->__xstat(1, 0x2afaf69ee0f0, 0x2afaf69ee920, 2048) = -1
21637   0.000520 libjvm.so->__xstat(1, 0x2afaf69ee0f0, 0x2afaf69ee920, 2048) = -1
21637   0.000565 libjvm.so->fopen(0x2afafc002520, 0x2afaf81f59ab, 0, 0) = 0x2afafc0588c0
21637   0.009050 libjvm.so->open64(0x2afaf69ed490, 0, 0, 16) = 3
21637   0.000520 libjvm.so->__fxstat64(1, 3, 0x2afaf69ed2c0, -1) = 0
21637   0.035246 libjvm.so->__xstat(1, 0x2afaf69edef0, 0x2afaf69ee720, 2048) = -1
21637   0.000562 libjvm.so->fopen(0x2afaf69ecaf0, 0x2afaf81f59ab, 4011, 3996) = 0x2afafc0b5b40
21637   0.000685 libjvm.so->fopen(0x2afaf69ecaf0, 0x2afaf81f59ab, 4011, 3996) = 0x2afafc0b5b40
21637   0.000646 libjvm.so->fopen(0x2afaf69ecaf0, 0x2afaf81f59ab, 4011, 4004) = 0x2afafc0b5b40
21637   0.004302 libjvm.so->pthread_attr_setdetachstate(0x2afaf69eebd0, 1, 0, 0) = 0
21637   0.000764 libpthread.so.0->__clone(0x2afaf6adbde0, 0x2afb0f2d1fc0, 0x3d0f00, 0x2afb0f2d2700) = 0x5486
21637   0.016131 libjvm.so->pthread_attr_setdetachstate(0x2afaf69ee260, 1, 0, 0) = 0
21637   0.000652 libpthread.so.0->__clone(0x2afaf6adbde0, 0x2afb0f3d2fc0, 0x3d0f00, 0x2afb0f3d3700) = 0x5487
21637   0.006779 libjvm.so->pthread_attr_setdetachstate(0x2afaf69ee5e0, 1, 0, 0) = 0
21637   0.000815 libpthread.so.0->__clone(0x2afaf6adbde0, 0x2afb0f4d3fc0, 0x3d0f00, 0x2afb0f4d4700) = 0x5488
21637   0.039089 libjvm.so->fopen(0x2afafc0e8680, 0x2afaf81f59ab, 4, 0x6f732e70) = 0x2afafc0f1700
21637   0.002173 libjvm.so->dlopen(0x2afafc0e8680, 1, 0xffffffff, 0x2afafc0e8b00) = 0x2afafc057b50
21637   0.023381 libjvm.so->fopen(0x2afaf69ea130, 0x2afaf81f59ab, 4011, 3996) = 0x2afafc0f9080
21637   0.001150 libjvm.so->fopen(0x2afaf69ea130, 0x2afaf81f59ab, 4011, 3996) = 0x2afafc0f9080
21637   0.001183 libjvm.so->fopen(0x2afaf69ea130, 0x2afaf81f59ab, 4011, 4004) = 0x2afafc0f9080
21637   0.015279 libjvm.so->pthread_attr_setdetachstate(0x2afaf69eeb20, 1, 0, 0) = 0
21637   0.000964 libpthread.so.0->__clone(0x2afaf6adbde0, 0x2afb0f5d4fc0, 0x3d0f00, 0x2afb0f5d5700) = 0x5489
21637   0.001756 libjvm.so->__xstat64(1, 0x2afaf69eebb0, 0x2afaf69eeb20, 19) = -1
21637   0.001175 libjvm.so->pthread_attr_setdetachstate(0x2afaf69ee920, 1, 0, 0) = 0
21637   0.001191 libpthread.so.0->__clone(0x2afaf6adbde0, 0x2afb0f6d5fc0, 0x3d0f00, 0x2afb0f6d6700) = 0x548a
21637   0.001822 libjvm.so->pthread_attr_setdetachstate(0x2afaf69ee920, 1, 0, 0) = 0
21637   0.001348 libpthread.so.0->__clone(0x2afaf6adbde0, 0x2afb0f7d6fc0, 0x3d0f00, 0x2afb0f7d7700) = 0x548b
21637   0.007486 libjvm.so->pthread_attr_setdetachstate(0x2afaf69eea70, 1, 0, 0) = 0
21637   0.001420 libpthread.so.0->__clone(0x2afaf6adbde0, 0x2afb0f8d7fc0, 0x3d0f00, 0x2afb0f8d8700) = 0x548c
21637   0.002514 libjvm.so->pthread_attr_setdetachstate(0x2afaf69eeb80, 1, 0, 0) = 0
21637   0.001764 libpthread.so.0->__clone(0x2afaf6adbde0, 0x2afb0f9d8fc0, 0x3d0f00, 0x2afb0f9d9700) = 0x548d
21637   0.016763 libjvm.so->open64(0x2afafc1344d0, 0, 0, 16) = 5
21637   0.001802 libjvm.so->__fxstat64(1, 5, 0x2afaf69ebf90, -1) = 0
21637   0.025647 libjvm.so->fopen(0x2afafc15a710, 0x2afaf81f59ab, 4, 0x6f732e6f) = 0x2afafc15a7d0
21637   0.003142 libjvm.so->dlopen(0x2afafc15a710, 1, 0xffffffff, 0x2afafc15a700) = 0x2afafc15a7d0
21637   0.127327 libjvm.so->fopen(0x2afafc196650, 0x2afaf81f59ab, 4, 0x6f732e74) = 0x2afafc196710
21637   0.003334 libjvm.so->dlopen(0x2afafc196650, 1, 0xffffffff, 0x2afafc196600) = 0x2afafc1aba40
21637   0.135097 libjvm.so->fopen(0x2afafc22eca0, 0x2afaf81f59ab, 0x6f732e7373656c, 0x656c646165685f74) = 0x2afafc22ed80
21637   0.002967 libjvm.so->dlopen(0x2afafc22eca0, 1, 0xffffffff, 0x2afafc22ed00) = 0x2afafc22ed80
21637   0.018602 libjvm.so->fopen(0x2afaf69e7a30, 0x2afaf81f59ab, 0x6f732e, 0x6d766a62696c2f72) = 0x2afafc238bf0
21637   0.005552 libjvm.so->dlopen(0x2afaf69e7a30, 1, 0xffffffff, 0x2afafc238100) = 0x55d406d6b4c0
21637   0.001753 libjvm.so->fopen(0x2afaf69e7a30, 0x2afaf81f59ab, 0x6f732e, 0x6d766a62696c2f72) = 0x2afafc238b90
21637   0.004644 libjvm.so->dlopen(0x2afaf69e7a30, 1, 0xffffffff, 0x2afafc238100) = 0x55d406d6b4c0
21637   0.001706 libjvm.so->fopen(0x2afaf69e7a30, 0x2afaf81f59ab, 0x6f732e, 0x6d766a62696c2f72) = 0x2afafc238b90
21637   0.003499 libjvm.so->dlopen(0x2afaf69e7a30, 1, 0xffffffff, 0x2afafc238100) = 0x55d406d6b4c0
21637   0.001685 libjvm.so->fopen(0x2afaf69e7a30, 0x2afaf81f59ab, 0x6f732e, 0x6d766a62696c2f72) = 0x2afafc238b90
21637   0.003466 libjvm.so->dlopen(0x2afaf69e7a30, 1, 0xffffffff, 0x2afafc238100) = 0x55d406d6b4c0
21637   0.517114 --- SIGSEGV (Segmentation fault) ---
21637   3.149093 --- SIGSEGV (Segmentation fault) ---
21645   8.888182 +++ exited (status 0) +++
21641   0.000394 +++ exited (status 0) +++
21638   0.000309 +++ exited (status 0) +++
21637   0.000271 +++ exited (status 0) +++
21644   0.000446 +++ exited (status 0) +++
21643   0.000028 +++ exited (status 0) +++
21642   0.000041 +++ exited (status 0) +++
21640   0.000022 +++ exited (status 0) +++
21639   0.022495 +++ exited (status 0) +++
21636   0.000062 +++ exited (status 0) +++
Wrote an ltrace for command: "java -cp ./tools/maxent.jar density.MaxEnt -s outputs/Geckomima_brevirostris.csv -e data/layers/worldclim -o outputs/Geckomima_brevirostris nowarnings nocache autorun -z" with PID 21634 from PPID 21615 on disc25.crc.nd.edu with result 0
REMOTEHOST=10.17.144.144
MANPATH=/afs/crc.nd.edu/user/n/nkremerh/cctools/share/man/:/afs/crc.nd.edu/group/ccl/software/x86_64/redhat7/ruby/current/share/man:/afs/crc.nd.edu/group/ccl/software/x86_64/redhat7/graphviz/current/share/man:/afs/crc.nd.edu/group/ccl/software/x86_64/redhat7/gnuplot/current/share/man:/afs/crc.nd.edu/group/ccl/software/x86_64/redhat7/git/current/share/man:/afs/crc.nd.edu/group/ccl/software/x86_64/redhat7/condor/current/share/man:/afs/crc.nd.edu/group/ccl/software/x86_64/redhat7/clang/current/share/man:/afs/crc.nd.edu/group/ccl/software/x86_64/redhat7/condor/current/share/man:/afs/crc.nd.edu/group/ccl/software/x86_64/redhat7/cctools/current/share/man:/afs/crc.nd.edu/group/ccl/software/x86_64/redhat7/cctools/current/share/man:/afs/crc.nd.edu/x86_64_linux/Modules/4.5.0/share/man:/opt/crc/usr/local/man:/opt/sge/man:/usr/share/man/overrides:/usr/share/man:/usr/local/share/man
_CONDOR_JOB_PIDS=
_CONDOR_ANCESTOR_24525=24530:1594671055:2748281650
XDG_SESSION_ID=2735
HOSTNAME=disc01.crc.nd.edu
_LMFILES__modshare=/afs/crc.nd.edu/x86_64_linux/Modules/modules/system_modules/CRC_default/1.1:1
MODULEPATH_modshare=/afs/crc.nd.edu/x86_64_linux/Modules/modules/general_software:1:/afs/crc.nd.edu/x86_64_linux/Modules/modules/development_tools_and_libraries:1:/afs/crc.nd.edu/x86_64_linux/Modules/modules/system_modules:1:/afs/crc.nd.edu/x86_64_linux/Modules/current/modulefiles:1:/afs/crc.nd.edu/x86_64_linux/Modules/modules/restricted_software:1:/afs/crc.nd.edu/x86_64_linux/Modules/modules/deprecated_software:1
TERM=xterm-256color
SHELL=/bin/tcsh
HOST=disc01.crc.nd.edu
MODULES_CMD=/afs/crc.nd.edu/x86_64_linux/Modules/4.5.0/libexec/modulecmd.tcl
HISTSIZE=5000
MAKEFLAGS=
SSH_CLIENT=10.17.144.144 39924 22
TMPDIR=/var/condor/execute/dir_24525/worker-213124-24553/t.708/cctools-temp-t.708.etg0ny
PERL5LIB=/afs/crc.nd.edu/user/n/nkremerh/cctools/lib/perl5/site_perl/5.16.3:/afs/crc.nd.edu/user/n/nkremerh/.perl5/lib/perl5
SGE_CELL=crc
_CONDOR_SCRATCH_DIR=/var/condor/execute/dir_24525
PERL_MB_OPT=--install_base '/afs/crc.nd.edu/user/n/nkremerh/.perl5/'
SSH_TTY=/dev/pts/0
SGE_LOAD_AVG=load_avg
MAKEFLOW_MAX_LOCAL_JOBS=2
GROUP=campus
USER=nkremerh
_CHIRP_DELAYED_UPDATE_PREFIX=Chirp*
HISTFILESIZE=10000
TEMP=/var/condor/execute/dir_24525/worker-213124-24553/t.708/cctools-temp-t.708.etg0ny
LD_LIBRARY_PATH=/afs/crc.nd.edu/group/ccl/software/x86_64/redhat7/ruby/current/lib:/afs/crc.nd.edu/group/ccl/software/x86_64/redhat7/graphviz/current/lib:/afs/crc.nd.edu/group/ccl/software/x86_64/redhat7/git/current/lib:/afs/crc.nd.edu/group/ccl/software/x86_64/redhat7/condor/current/lib:/afs/crc.nd.edu/group/ccl/software/x86_64/redhat7/clang/current/lib:/afs/crc.nd.edu/group/ccl/software/x86_64/redhat7/condor/current/lib:/afs/crc.nd.edu/group/ccl/software/x86_64/redhat7/cctools/current/lib:/opt/crc/usr/local/lib
BATCH_SYSTEM=HTCondor
MODULES_LMALTNAME=CRC_default/1.1&CRC_default/default&CRC_default
ENV=/afs/crc.nd.edu/x86_64_linux/Modules/4.5.0/init/profile.sh
WORKER_TMPDIR=/var/condor/execute/dir_24525/worker-213124-24553/cache/tmp
HOSTTYPE=x86_64-linux
_CONDOR_HIGHPORT=9999
GLOBUS_GSSAPI_MAX_TLS_PROTOCOL=0
_CONDOR_CHIRP_CONFIG=/var/condor/execute/dir_24525/.chirp.config
MAKELEVEL=1
MFLAGS=
MAIL=/var/spool/mail/nkremerh
PATH=/afs/crc.nd.edu/user/n/nkremerh/cctools/bin:/afs/crc.nd.edu/user/n/nkremerh/miniconda/bin:/afs/crc.nd.edu/group/ccl/software/git:/afs/crc.nd.edu/user/n/nkremerh/.local/bin:/afs/crc.nd.edu/group/ccl/software/x86_64/redhat7/povray/3.7/bin:/afs/crc.nd.edu/user/n/nkremerh/.perl5/bin:/afs/crc.nd.edu/user/n/nkremerh/pegasus/bin:/afs/crc.nd.edu/user/n/nkremerh/nodejs/bin:/afs/crc.nd.edu/user/n/nkremerh/montage/bin:/afs/crc.nd.edu/user/n/nkremerh/latexdiff:/afs/crc.nd.edu/user/n/nkremerh/envtrace:/afs/crc.nd.edu/user/n/nkremerh/endlines:/afs/crc.nd.edu/user/n/nkremerh/cctools/bin:/afs/crc.nd.edu/user/n/nkremerh/.cargo/bin:/afs/crc.nd.edu/group/ccl/software/x86_64/redhat7/ruby/current/bin:/afs/crc.nd.edu/group/ccl/software/x86_64/redhat7/graphviz/current/bin:/afs/crc.nd.edu/group/ccl/software/x86_64/redhat7/gnuplot/current/bin:/afs/crc.nd.edu/group/ccl/software/x86_64/redhat7/git/current/bin:/afs/crc.nd.edu/group/ccl/software/x86_64/redhat7/condor/current/sbin:/afs/crc.nd.edu/group/ccl/software/x86_64/redhat7/condor/current/bin:/afs/crc.nd.edu/group/ccl/software/x86_64/redhat7/cmake/current/bin:/afs/crc.nd.edu/group/ccl/software/x86_64/redhat7/clang/current/bin:/afs/crc.nd.edu/group/ccl/software/x86_64/redhat7/condor/current/sbin:/afs/crc.nd.edu/group/ccl/software/x86_64/redhat7/condor/current/bin:/afs/crc.nd.edu/group/ccl/software/x86_64/redhat7/cctools/current/bin:/afs/crc.nd.edu/x86_64_linux/Modules/4.5.0/bin:/opt/crc/usr/local/bin:/opt/sge/bin/lx-amd64:/usr/local/bin:/usr/bin:/usr/local/sbin:/usr/sbin:/afs/crc.nd.edu/user/c/condor/software/bin:/afs/crc.nd.edu/user/c/condor/software/sbin
CCLSOFTWARE=/afs/crc.nd.edu/group/ccl/software/x86_64/redhat7
PWD=/var/condor/execute/dir_24525/worker-213124-24553/t.708
_LMFILES_=/afs/crc.nd.edu/x86_64_linux/Modules/modules/system_modules/CRC_default/1.1
EDITOR=vim
SGE_EXECD_PORT=6445
LANG=en_US.UTF-8
SGE_QMASTER_PORT=6444
MODULEPATH=/afs/crc.nd.edu/x86_64_linux/Modules/modules/development_tools_and_libraries:/afs/crc.nd.edu/x86_64_linux/Modules/modules/general_software:/afs/crc.nd.edu/x86_64_linux/Modules/modules/restricted_software:/afs/crc.nd.edu/x86_64_linux/Modules/modules/system_modules:/afs/crc.nd.edu/x86_64_linux/Modules/modules/deprecated_software:/afs/crc.nd.edu/x86_64_linux/Modules/current/modulefiles
LOADEDMODULES=CRC_default/1.1
SGE_ROOT=/opt/sge
CCLPLATFORM=x86_64/redhat7
_CONDOR_SLOT=slot1
WORK_QUEUE_SANDBOX=/var/condor/execute/dir_24525/worker-213124-24553
USE_SYSTEMD=true
_CONDOR_LOWPORT=9100
_CONDOR_ANCESTOR_4261=24525:1594671054:4145456440
HISTCONTROL=ignoreboth:erasedups
KRB5CCNAME=FILE:/tmp/krb5cc_213124_ZwXmib
GLOBUS_GSSAPI_NAME_COMPATIBILITY=STRICT_RFC2818
HOME=/afs/crc.nd.edu/user/n/nkremerh
SHLVL=6
PATH_modshare=/opt/crc/usr/local/bin:1:/opt/sge/bin/lx-amd64:1:/usr/sbin:1:/usr/bin:1:/afs/crc.nd.edu/user/c/condor/software/sbin:1:/usr/local/sbin:1:/afs/crc.nd.edu/user/c/condor/software/bin:1:/usr/local/bin:1
OSTYPE=linux
_CONDOR_MACHINE_AD=/var/condor/execute/dir_24525/.machine.ad
_CONDOR_ANCESTOR_3989=4261:1593343483:4184216969
GREP_OPTIONS=--color=auto
DISK=916727
GLOBUS_GSSAPI_MIN_TLS_PROTOCOL=TLS1_VERSION
MANPATH_modshare=/usr/share/man/overrides:1:/usr/local/share/man:1:/usr/share/man:1:/opt/crc/usr/local/man:1:/opt/sge/man:1
MEMORY=15899
PERL_LOCAL_LIB_ROOT=/afs/crc.nd.edu/user/n/nkremerh/.perl5/
BASH_ENV=/afs/crc.nd.edu/x86_64_linux/Modules/4.5.0/init/bash
VENDOR=unknown
TMP=/var/condor/execute/dir_24525/worker-213124-24553/t.708/cctools-temp-t.708.etg0ny
LOGNAME=nkremerh
MACHTYPE=x86_64
CCLHOME=/afs/crc.nd.edu/group/ccl
PYTHONPATH=/afs/crc.nd.edu/user/n/nkremerh/cctools/lib/python3.6/site-packages/
LD_LIBRARY_PATH_modshare=/opt/crc/usr/local/lib:1
SSH_CONNECTION=10.17.144.144 39924 129.74.128.103 22
MODULES_LMALTNAME_modshare=CRC_default/1.1&CRC_default/default&CRC_default:1
MODULESHOME=/afs/crc.nd.edu/x86_64_linux/Modules/4.5.0
GLOBUS_GSSAPI_CIPHERS=HIGH
GLOBUS_GSSAPI_BACKWARD_COMPATIBLE_MIC=true
LESSOPEN=||/usr/bin/lesspipe.sh %s
OMP_NUM_THREADS=1
_CONDOR_JOB_AD=/var/condor/execute/dir_24525/.job.ad
LOADEDMODULES_modshare=CRC_default/1.1:1
XDG_RUNTIME_DIR=/run/user/213124
SGE_CLUSTER_NAME=CRC
CCTOOLS=../cctools
CORES=4
_CONDOR_JOB_IWD=/var/condor/execute/dir_24525
PERL_MM_OPT=INSTALL_BASE=/afs/crc.nd.edu/user/n/nkremerh/.perl5/
GLOBUS_GSSAPI_SERVER_CIPHER_ORDER=true
BASH_FUNC_module()=() {  unset _mlshdbg;
 if [ "${MODULES_SILENT_SHELL_DEBUG:-0}" = '1' ]; then
 case "$-" in 
 *v*x*)
 set +vx;
 _mlshdbg='vx'
 ;;
 *v*)
 set +v;
 _mlshdbg='v'
 ;;
 *x*)
 set +x;
 _mlshdbg='x'
 ;;
 *)
 _mlshdbg=''
 ;;
 esac;
 fi;
 unset _mlre _mlIFS;
 if [ -n "${IFS+x}" ]; then
 _mlIFS=$IFS;
 fi;
 IFS=' ';
 for _mlv in ${MODULES_RUN_QUARANTINE:-};
 do
 if [ "${_mlv}" = "${_mlv##*[!A-Za-z0-9_]}" -a "${_mlv}" = "${_mlv#[0-9]}" ]; then
 if [ -n "`eval 'echo ${'$_mlv'+x}'`" ]; then
 _mlre="${_mlre:-}${_mlv}_modquar='`eval 'echo ${'$_mlv'}'`' ";
 fi;
 _mlrv="MODULES_RUNENV_${_mlv}";
 _mlre="${_mlre:-}${_mlv}='`eval 'echo ${'$_mlrv':-}'`' ";
 fi;
 done;
 if [ -n "${_mlre:-}" ]; then
 eval `eval ${_mlre}/usr/bin/tclsh /afs/crc.nd.edu/x86_64_linux/Modules/4.5.0/libexec/modulecmd.tcl bash '"$@"'`;
 else
 eval `/usr/bin/tclsh /afs/crc.nd.edu/x86_64_linux/Modules/4.5.0/libexec/modulecmd.tcl bash "$@"`;
 fi;
 _mlstatus=$?;
 if [ -n "${_mlIFS+x}" ]; then
 IFS=$_mlIFS;
 else
 unset IFS;
 fi;
 unset _mlre _mlv _mlrv _mlIFS;
 if [ -n "${_mlshdbg:-}" ]; then
 set -$_mlshdbg;
 fi;
 unset _mlshdbg;
 return $_mlstatus
}
BASH_FUNC_ml()=() {  module ml "$@"
}
_=/usr/bin/printenv
