11965   0.000000 libjli.so->getenv("_JAVA_LAUNCHER_DEBUG") = nil
11965   0.001954 libjli.so->getenv("_JAVA_VERSION_SET") = nil
11965   0.000831 libjli.so->fopen("/usr/lib/jvm/java-1.8.0-openjdk-1.8.0.252.b09-2.el7_8.x86_64/jre/lib/amd64/jvm.cfg", "r") = 0x55ed856c80e0
11965   0.000785 libjli.so->getenv("JDK_ALTERNATE_VM") = nil
11965   0.000319 libjli.so->__xstat(1, "/usr/lib/jvm/java-1.8.0-openjdk-1.8.0.252.b09-2.el7_8.x86_64/jre/lib/amd64/server/libjvm.so", 0x7ffc4c3ed9a0) = 0
11965   0.000569 libjli.so->getenv("LD_LIBRARY_PATH") = "/afs/crc.nd.edu/group/ccl/software/x86_64/redhat7/ruby/current/lib:/afs/crc.nd.edu/group/ccl/software/x86_64/redhat7/graphviz/current/lib:/afs/crc.nd.edu/group/ccl/software/x86_64/redhat7/git/current/lib:/afs/crc.nd.edu/group/ccl/software/x86_64/redhat7/condor/current/lib:/afs/crc.nd.edu/group/ccl/software/x86_64/redhat7/clang/current/lib:/afs/crc.nd.edu/group/ccl/software/x86_64/redhat7/condor/current/lib:/afs/crc.nd.edu/group/ccl/software/x86_64/redhat7/cctools/current/lib:/opt/crc/usr/local/lib"
11965   0.002146 libjli.so->dlopen("/usr/lib/jvm/java-1.8.0-openjdk-1.8.0.252.b09-2.el7_8.x86_64/jre/lib/amd64/server/libjvm.so", 258 <unfinished ...>
11965   0.036811 libjvm.so->getenv("NMT_LEVEL_11965") = nil
11965   0.001726 <... dlopen resumed> )          = 0x55ed856c84b0
11965   0.000066 libjli.so->getenv("CLASSPATH")  = nil
11965   0.000298 libjli.so->getenv("_JAVA_SPLASH_JAR") = nil
11965   0.000313 libjli.so->getenv("_JAVA_SPLASH_FILE") = nil
11965   0.000319 libjli.so->pthread_attr_setdetachstate(0x7ffc4c3ed950, 0, 0x7ffc4c3ed9e0, 0) = 0
11965   0.000489 libpthread.so.0->__clone(0x2b9e93635de0, 0x2b9e93548fc0, 0x3d0f00, 0x2b9e93549700) = 0x2ebf
11967   0.001570 libjvm.so->dlopen(0x2b9e94d9552e, 1, 0xfffffffffff42c48, 4096) = 0x2b9e98000990
11967   0.002401 libjvm.so->getenv(0x2b9e94db02c0, 0, 115, 0x65737361) = 0x7ffc4c3f3674
11967   0.000547 libjvm.so->fopen(0x2b9e93547be0, 0x2b9e94d4f9ab, 0x6f732e79666972, 0x2b9e93f0dab0) = 0x2b9e98001440
11967   0.001337 libjvm.so->dlopen(0x2b9e93547be0, 1, 0xffffffff, 0x2b9e98002b00) = 0x2b9e98001440
11967   0.001465 libjvm.so->fopen(0x2b9e93547be0, 0x2b9e94d4f9ab, 111, 0x732e6176) = 0x2b9e98001b10
11967   0.001547 libjvm.so->dlopen(0x2b9e93547be0, 1, 0xffffffff, 0x2b9e98001a00) = 0x2b9e98001b10
11967   0.001570 libjvm.so->__xstat(1, 0x2b9e93548330, 0x2b9e93548b70, 0x637274) = -1
11967   0.000469 libjvm.so->getenv(0x2b9e94d48226, 0x2b9e935486a0, 1024, 0x2b9e951ec5db) = 0
11967   0.000555 libjvm.so->getenv(0x2b9e94d48218, 0x2b9e935486a0, 1024, 0) = 0
11967   0.000474 libjvm.so->fopen(0x2b9e94d94e95, 0x2b9e94d4f9ab, 4095, 24) = 0x2b9e980032f0
11967   0.001251 libjvm.so->fopen(0x2b9e94d94ee1, 0x2b9e94d4f9ab, 0x2b9e98000078, 0x2b9e980032e0) = 0x2b9e980032f0
11967   0.000715 libjvm.so->fopen(0x2b9e93542980, 0x2b9e94d4f9ab, 4016, 3997) = 0x2b9e980032f0
11967   0.000713 libjvm.so->opendir(0x2b9e98002b40, 0x2b9e98002b40, 13, 16) = 0
11967   0.000480 libjvm.so->__xstat(1, 0x2b9e935478c0, 0x2b9e93546830, 0x6f732e7477616d62) = -1
11967   0.000473 libjvm.so->__xstat(1, 0x2b9e935478c0, 0x2b9e93546830, 0x5f74776162696c2f) = 0
11967   0.000510 libjvm.so->fopen(0x2b9e93546b60, 0x2b9e94d4f9ab, 4011, 3996) = 0x2b9e980037d0
11967   0.000620 libjvm.so->fopen(0x2b9e93546b60, 0x2b9e94d4f9ab, 4011, 3996) = 0x2b9e980037d0
11967   0.000670 libjvm.so->fopen(0x2b9e93546b60, 0x2b9e94d4f9ab, 4011, 4004) = 0x2b9e980037d0
11967   0.000636 libjvm.so->fopen(0x2b9e93546af0, 0x2b9e94d4f9ab, 4011, 3996) = 0x2b9e980037d0
11967   0.000617 libjvm.so->fopen(0x2b9e93546af0, 0x2b9e94d4f9ab, 4011, 3996) = 0x2b9e980037d0
11967   0.000658 libjvm.so->fopen(0x2b9e93546af0, 0x2b9e94d4f9ab, 4011, 4004) = 0x2b9e980037d0
11967   0.000624 libjvm.so->fopen(0x2b9e93546b20, 0x2b9e94d4f9ab, 4016, 3997) = 0x2b9e980037d0
11967   0.000807 libjvm.so->getenv(0x2b9e94d95c5e, 4096, 3, -1) = 0
11967   0.000909 libjvm.so->fopen(0x2b9e94d95518, 0x2b9e94d4f9ab, 0x2b9e9362c908, 0x2b9e9362bdf0) = 0x2b9e980037d0
11967   0.004626 libjvm.so->open(0x2b9e9804a5c0, 0x20000, 0, 0x2b9e9804a609) = 3
11967   0.000458 libjvm.so->__fxstat(1, 3, 0x2b9e935489d0, -1) = 0
11967   0.000553 libjvm.so->opendir(0x2b9e9804a5c0, 0x2b9e935489d0, 0x4000, -1) = 0x2b9e9804b4d0
11967   0.000521 libjvm.so->__fxstat(1, 3, 0x2b9e93548870, 0x2b9e9804b4d0) = 0
11967   0.000461 libjvm.so->__fxstat(1, 5, 0x2b9e93548900, -1) = 0
11967   0.000472 libjvm.so->open(0x2b9e94d6685c, 0, 0, 0) = 3
11967   0.000661 libjvm.so->__lxstat(1, 0x2b9e9804a5c0, 0x2b9e93548b20, -144) = 0
11967   0.000470 libjvm.so->open(0x2b9e9804a5c0, 0x20000, 0x4000, -1) = 3
11967   0.000462 libjvm.so->__fxstat(1, 3, 0x2b9e935489d0, -1) = 0
11967   0.000471 libjvm.so->opendir(0x2b9e9804a5c0, 0x2b9e935489d0, 0x4000, -1) = 0x2b9e9804b4d0
11967   0.000460 libjvm.so->__fxstat(1, 3, 0x2b9e93548870, 0x2b9e9804b4d0) = 0
11967   0.000449 libjvm.so->__fxstat(1, 5, 0x2b9e93548900, -1) = 0
11967   0.000451 libjvm.so->open(0x2b9e94d6685c, 0, 0, 0) = 3
11967   0.000453 libjvm.so->open(0x2b9e9804a609, 0x20042, 384, -1) = 7
11967   0.000690 libjvm.so->__fxstat(1, 7, 0x2b9e93548b20, -1) = 0
11967   0.001635 libjvm.so->fopen(0x2b9e93547b30, 0x2b9e94d4f9ab, 4, 0x6f732e70) = 0x2b9e98057bb0
11967   0.001478 libjvm.so->dlopen(0x2b9e93547b30, 1, 0xffffffff, 0x2b9e98057b00) = 0x2b9e98057bb0
11967   0.001395 libjvm.so->__xstat(1, 0x2b9e935480f0, 0x2b9e93548920, 2048) = 0
11967   0.000446 libjvm.so->__xstat(1, 0x2b9e935480f0, 0x2b9e93548920, 2048) = 0
11967   0.000412 libjvm.so->__xstat(1, 0x2b9e935480f0, 0x2b9e93548920, 2048) = -1
11967   0.000411 libjvm.so->__xstat(1, 0x2b9e935480f0, 0x2b9e93548920, 2048) = 0
11967   0.000426 libjvm.so->__xstat(1, 0x2b9e935480f0, 0x2b9e93548920, 2048) = 0
11967   0.000410 libjvm.so->__xstat(1, 0x2b9e935480f0, 0x2b9e93548920, 2048) = 0
11967   0.000452 libjvm.so->__xstat(1, 0x2b9e935480f0, 0x2b9e93548920, 2048) = -1
11967   0.000412 libjvm.so->__xstat(1, 0x2b9e935480f0, 0x2b9e93548920, 2048) = -1
11967   0.000429 libjvm.so->fopen(0x2b9e98002520, 0x2b9e94d4f9ab, 0, 0) = 0x2b9e98058920
11967   0.008942 libjvm.so->open64(0x2b9e93547490, 0, 0, 16) = 3
11967   0.000505 libjvm.so->__fxstat64(1, 3, 0x2b9e935472c0, -1) = 0
11967   0.035321 libjvm.so->__xstat(1, 0x2b9e93547ef0, 0x2b9e93548720, 2048) = -1
11967   0.000583 libjvm.so->fopen(0x2b9e93546af0, 0x2b9e94d4f9ab, 4011, 3996) = 0x2b9e980b5ba0
11967   0.000652 libjvm.so->fopen(0x2b9e93546af0, 0x2b9e94d4f9ab, 4011, 3996) = 0x2b9e980b5ba0
11967   0.000637 libjvm.so->fopen(0x2b9e93546af0, 0x2b9e94d4f9ab, 4011, 4004) = 0x2b9e980b5ba0
11967   0.004140 libjvm.so->pthread_attr_setdetachstate(0x2b9e93548bd0, 1, 0, 0) = 0
11967   0.000557 libpthread.so.0->__clone(0x2b9e93635de0, 0x2b9e97bb9fc0, 0x3d0f00, 0x2b9e97bba700) = 0x2ec0
11967   0.015472 libjvm.so->pthread_attr_setdetachstate(0x2b9e93548260, 1, 0, 0) = 0
11967   0.000701 libpthread.so.0->__clone(0x2b9e93635de0, 0x2b9e97cbafc0, 0x3d0f00, 0x2b9e97cbb700) = 0x2ec1
11967   0.007077 libjvm.so->pthread_attr_setdetachstate(0x2b9e935485e0, 1, 0, 0) = 0
11967   0.000811 libpthread.so.0->__clone(0x2b9e93635de0, 0x2b9e97dbbfc0, 0x3d0f00, 0x2b9e97dbc700) = 0x2ec2
11967   0.039321 libjvm.so->fopen(0x2b9e980e8750, 0x2b9e94d4f9ab, 4, 0x6f732e70) = 0x2b9e980f1760
11967   0.002080 libjvm.so->dlopen(0x2b9e980e8750, 1, 0xffffffff, 0x2b9e980e8c00) = 0x2b9e98057bb0
11967   0.022503 libjvm.so->fopen(0x2b9e93544130, 0x2b9e94d4f9ab, 4011, 3996) = 0x2b9e980f9040
11967   0.001149 libjvm.so->fopen(0x2b9e93544130, 0x2b9e94d4f9ab, 4011, 3996) = 0x2b9e980f9040
11967   0.001152 libjvm.so->fopen(0x2b9e93544130, 0x2b9e94d4f9ab, 4011, 4004) = 0x2b9e980f9040
11967   0.015086 libjvm.so->pthread_attr_setdetachstate(0x2b9e93548b20, 1, 0, 0) = 0
11967   0.000964 libpthread.so.0->__clone(0x2b9e93635de0, 0x2b9e97ebcfc0, 0x3d0f00, 0x2b9e97ebd700) = 0x2ec3
11967   0.001662 libjvm.so->__xstat64(1, 0x2b9e93548bb0, 0x2b9e93548b20, 19) = -1
11967   0.001274 libjvm.so->pthread_attr_setdetachstate(0x2b9e93548920, 1, 0, 0) = 0
11967   0.001279 libpthread.so.0->__clone(0x2b9e93635de0, 0x2b9e97fbdfc0, 0x3d0f00, 0x2b9e97fbe700) = 0x2ec4
11967   0.001906 libjvm.so->pthread_attr_setdetachstate(0x2b9e93548920, 1, 0, 0) = 0
11967   0.001308 libpthread.so.0->__clone(0x2b9e93635de0, 0x2b9eac36afc0, 0x3d0f00, 0x2b9eac36b700) = 0x2ec5
11967   0.007298 libjvm.so->pthread_attr_setdetachstate(0x2b9e93548a70, 1, 0, 0) = 0
11967   0.001382 libpthread.so.0->__clone(0x2b9e93635de0, 0x2b9eac46bfc0, 0x3d0f00, 0x2b9eac46c700) = 0x2ec6
11967   0.002104 libjvm.so->pthread_attr_setdetachstate(0x2b9e93548b80, 1, 0, 0) = 0
11967   0.001590 libpthread.so.0->__clone(0x2b9e93635de0, 0x2b9eac56cfc0, 0x3d0f00, 0x2b9eac56d700) = 0x2ec7
11967   0.014541 libjvm.so->open64(0x2b9e9812c5d0, 0, 0, 16) = 5
11967   0.001679 libjvm.so->__fxstat64(1, 5, 0x2b9e93545f90, -1) = 0
11967   0.024882 libjvm.so->fopen(0x2b9e98152770, 0x2b9e94d4f9ab, 4, 0x6f732e6f) = 0x2b9e98152830
11967   0.003126 libjvm.so->dlopen(0x2b9e98152770, 1, 0xffffffff, 0x2b9e98152700) = 0x2b9e98152830
11967   0.093616 libjvm.so->fopen(0x2b9e93542e90, 0x2b9e94d4f9ab, 0x6f732e, 0x6d766a62696c2f72) = 0x2b9e981668c0
11967   0.005839 libjvm.so->dlopen(0x2b9e93542e90, 1, 0xffffffff, 0x2b9e98166800) = 0x55ed856c84b0
11967   0.001665 libjvm.so->fopen(0x2b9e93542e90, 0x2b9e94d4f9ab, 0x6f732e, 0x6d766a62696c2f72) = 0x2b9e98166b70
11967   0.004690 libjvm.so->dlopen(0x2b9e93542e90, 1, 0xffffffff, 0x2b9e98166800) = 0x55ed856c84b0
11967   0.001640 libjvm.so->fopen(0x2b9e93542e90, 0x2b9e94d4f9ab, 0x6f732e, 0x6d766a62696c2f72) = 0x2b9e981668c0
11967   0.003387 libjvm.so->dlopen(0x2b9e93542e90, 1, 0xffffffff, 0x2b9e98166800) = 0x55ed856c84b0
11967   0.001704 libjvm.so->fopen(0x2b9e93542e90, 0x2b9e94d4f9ab, 0x6f732e, 0x6d766a62696c2f72) = 0x2b9e981668c0
11967   0.003272 libjvm.so->dlopen(0x2b9e93542e90, 1, 0xffffffff, 0x2b9e98166800) = 0x55ed856c84b0
11967   0.044244 libjvm.so->fopen(0x2b9e981ca5f0, 0x2b9e94d4f9ab, 4, 0x6f732e74) = 0x2b9e981cb390
11967   0.002989 libjvm.so->dlopen(0x2b9e981ca5f0, 1, 0xffffffff, 0x2b9e981c5a00) = 0x2b9e981cb390
11967   0.131104 libjvm.so->fopen(0x2b9e9822e4c0, 0x2b9e94d4f9ab, 0x6f732e7373656c, 0x656c646165685f74) = 0x2b9e9822e5a0
11967   0.002703 libjvm.so->dlopen(0x2b9e9822e4c0, 1, 0xffffffff, 0x2b9e9822e500) = 0x2b9e9822e5a0
11975   0.035621 +++ exited (status 0) +++
11971   0.000428 +++ exited (status 0) +++
11968   0.000264 +++ exited (status 0) +++
11967   0.000208 +++ exited (status 0) +++
11974   0.000224 +++ exited (status 1) +++
11973   0.000018 +++ exited (status 1) +++
11970   0.000024 +++ exited (status 1) +++
11969   0.000014 +++ exited (status 1) +++
11972   0.005158 +++ exited (status 1) +++
11965   0.000063 +++ exited (status 1) +++
Wrote an ltrace for command: "java -cp ./tools/maxent.jar density.Project outputs/Amerohelea_fasciata_Grogan/Amerohelea_fasciata_Grogan.lambdas data/layers/worldclim outputs/Amerohelea_fasciata_Grogan_worldclim.asc nowarnings nocache autorun -z" with PID 11963 from PPID 11946 on disc25.crc.nd.edu with result 1
REMOTEHOST=10.17.144.144
_CONDOR_ANCESTOR_24525=24530:1594671055:2748281650
_CONDOR_JOB_PIDS=
MANPATH=/afs/crc.nd.edu/user/n/nkremerh/cctools/share/man/:/afs/crc.nd.edu/group/ccl/software/x86_64/redhat7/ruby/current/share/man:/afs/crc.nd.edu/group/ccl/software/x86_64/redhat7/graphviz/current/share/man:/afs/crc.nd.edu/group/ccl/software/x86_64/redhat7/gnuplot/current/share/man:/afs/crc.nd.edu/group/ccl/software/x86_64/redhat7/git/current/share/man:/afs/crc.nd.edu/group/ccl/software/x86_64/redhat7/condor/current/share/man:/afs/crc.nd.edu/group/ccl/software/x86_64/redhat7/clang/current/share/man:/afs/crc.nd.edu/group/ccl/software/x86_64/redhat7/condor/current/share/man:/afs/crc.nd.edu/group/ccl/software/x86_64/redhat7/cctools/current/share/man:/afs/crc.nd.edu/group/ccl/software/x86_64/redhat7/cctools/current/share/man:/afs/crc.nd.edu/x86_64_linux/Modules/4.5.0/share/man:/opt/crc/usr/local/man:/opt/sge/man:/usr/share/man/overrides:/usr/share/man:/usr/local/share/man
XDG_SESSION_ID=2735
HOSTNAME=disc01.crc.nd.edu
_LMFILES__modshare=/afs/crc.nd.edu/x86_64_linux/Modules/modules/system_modules/CRC_default/1.1:1
MODULEPATH_modshare=/afs/crc.nd.edu/x86_64_linux/Modules/modules/general_software:1:/afs/crc.nd.edu/x86_64_linux/Modules/modules/development_tools_and_libraries:1:/afs/crc.nd.edu/x86_64_linux/Modules/modules/system_modules:1:/afs/crc.nd.edu/x86_64_linux/Modules/current/modulefiles:1:/afs/crc.nd.edu/x86_64_linux/Modules/modules/restricted_software:1:/afs/crc.nd.edu/x86_64_linux/Modules/modules/deprecated_software:1
MODULES_CMD=/afs/crc.nd.edu/x86_64_linux/Modules/4.5.0/libexec/modulecmd.tcl
HOST=disc01.crc.nd.edu
SHELL=/bin/tcsh
TERM=xterm-256color
MAKEFLAGS=
HISTSIZE=5000
TMPDIR=/var/condor/execute/dir_24525/worker-213124-24553/t.1449/cctools-temp-t.1449.WmljGl
SSH_CLIENT=10.17.144.144 39924 22
PERL5LIB=/afs/crc.nd.edu/user/n/nkremerh/cctools/lib/perl5/site_perl/5.16.3:/afs/crc.nd.edu/user/n/nkremerh/.perl5/lib/perl5
SGE_CELL=crc
_CONDOR_SCRATCH_DIR=/var/condor/execute/dir_24525
PERL_MB_OPT=--install_base '/afs/crc.nd.edu/user/n/nkremerh/.perl5/'
SSH_TTY=/dev/pts/0
SGE_LOAD_AVG=load_avg
MAKEFLOW_MAX_LOCAL_JOBS=2
HISTFILESIZE=10000
_CHIRP_DELAYED_UPDATE_PREFIX=Chirp*
USER=nkremerh
GROUP=campus
LD_LIBRARY_PATH=/afs/crc.nd.edu/group/ccl/software/x86_64/redhat7/ruby/current/lib:/afs/crc.nd.edu/group/ccl/software/x86_64/redhat7/graphviz/current/lib:/afs/crc.nd.edu/group/ccl/software/x86_64/redhat7/git/current/lib:/afs/crc.nd.edu/group/ccl/software/x86_64/redhat7/condor/current/lib:/afs/crc.nd.edu/group/ccl/software/x86_64/redhat7/clang/current/lib:/afs/crc.nd.edu/group/ccl/software/x86_64/redhat7/condor/current/lib:/afs/crc.nd.edu/group/ccl/software/x86_64/redhat7/cctools/current/lib:/opt/crc/usr/local/lib
TEMP=/var/condor/execute/dir_24525/worker-213124-24553/t.1449/cctools-temp-t.1449.WmljGl
BATCH_SYSTEM=HTCondor
WORKER_TMPDIR=/var/condor/execute/dir_24525/worker-213124-24553/cache/tmp
ENV=/afs/crc.nd.edu/x86_64_linux/Modules/4.5.0/init/profile.sh
MODULES_LMALTNAME=CRC_default/1.1&CRC_default/default&CRC_default
_CONDOR_CHIRP_CONFIG=/var/condor/execute/dir_24525/.chirp.config
GLOBUS_GSSAPI_MAX_TLS_PROTOCOL=0
_CONDOR_HIGHPORT=9999
HOSTTYPE=x86_64-linux
MAKELEVEL=1
MFLAGS=
CCLSOFTWARE=/afs/crc.nd.edu/group/ccl/software/x86_64/redhat7
PATH=/afs/crc.nd.edu/user/n/nkremerh/cctools/bin:/afs/crc.nd.edu/user/n/nkremerh/miniconda/bin:/afs/crc.nd.edu/group/ccl/software/git:/afs/crc.nd.edu/user/n/nkremerh/.local/bin:/afs/crc.nd.edu/group/ccl/software/x86_64/redhat7/povray/3.7/bin:/afs/crc.nd.edu/user/n/nkremerh/.perl5/bin:/afs/crc.nd.edu/user/n/nkremerh/pegasus/bin:/afs/crc.nd.edu/user/n/nkremerh/nodejs/bin:/afs/crc.nd.edu/user/n/nkremerh/montage/bin:/afs/crc.nd.edu/user/n/nkremerh/latexdiff:/afs/crc.nd.edu/user/n/nkremerh/envtrace:/afs/crc.nd.edu/user/n/nkremerh/endlines:/afs/crc.nd.edu/user/n/nkremerh/cctools/bin:/afs/crc.nd.edu/user/n/nkremerh/.cargo/bin:/afs/crc.nd.edu/group/ccl/software/x86_64/redhat7/ruby/current/bin:/afs/crc.nd.edu/group/ccl/software/x86_64/redhat7/graphviz/current/bin:/afs/crc.nd.edu/group/ccl/software/x86_64/redhat7/gnuplot/current/bin:/afs/crc.nd.edu/group/ccl/software/x86_64/redhat7/git/current/bin:/afs/crc.nd.edu/group/ccl/software/x86_64/redhat7/condor/current/sbin:/afs/crc.nd.edu/group/ccl/software/x86_64/redhat7/condor/current/bin:/afs/crc.nd.edu/group/ccl/software/x86_64/redhat7/cmake/current/bin:/afs/crc.nd.edu/group/ccl/software/x86_64/redhat7/clang/current/bin:/afs/crc.nd.edu/group/ccl/software/x86_64/redhat7/condor/current/sbin:/afs/crc.nd.edu/group/ccl/software/x86_64/redhat7/condor/current/bin:/afs/crc.nd.edu/group/ccl/software/x86_64/redhat7/cctools/current/bin:/afs/crc.nd.edu/x86_64_linux/Modules/4.5.0/bin:/opt/crc/usr/local/bin:/opt/sge/bin/lx-amd64:/usr/local/bin:/usr/bin:/usr/local/sbin:/usr/sbin:/afs/crc.nd.edu/user/c/condor/software/bin:/afs/crc.nd.edu/user/c/condor/software/sbin
MAIL=/var/spool/mail/nkremerh
PWD=/var/condor/execute/dir_24525/worker-213124-24553/t.1449
_LMFILES_=/afs/crc.nd.edu/x86_64_linux/Modules/modules/system_modules/CRC_default/1.1
SGE_EXECD_PORT=6445
EDITOR=vim
LANG=en_US.UTF-8
MODULEPATH=/afs/crc.nd.edu/x86_64_linux/Modules/modules/development_tools_and_libraries:/afs/crc.nd.edu/x86_64_linux/Modules/modules/general_software:/afs/crc.nd.edu/x86_64_linux/Modules/modules/restricted_software:/afs/crc.nd.edu/x86_64_linux/Modules/modules/system_modules:/afs/crc.nd.edu/x86_64_linux/Modules/modules/deprecated_software:/afs/crc.nd.edu/x86_64_linux/Modules/current/modulefiles
SGE_QMASTER_PORT=6444
SGE_ROOT=/opt/sge
LOADEDMODULES=CRC_default/1.1
WORK_QUEUE_SANDBOX=/var/condor/execute/dir_24525/worker-213124-24553
_CONDOR_SLOT=slot1
CCLPLATFORM=x86_64/redhat7
USE_SYSTEMD=true
_CONDOR_ANCESTOR_4261=24525:1594671054:4145456440
_CONDOR_LOWPORT=9100
KRB5CCNAME=FILE:/tmp/krb5cc_213124_ZwXmib
HISTCONTROL=ignoreboth:erasedups
PATH_modshare=/opt/crc/usr/local/bin:1:/opt/sge/bin/lx-amd64:1:/usr/sbin:1:/usr/bin:1:/afs/crc.nd.edu/user/c/condor/software/sbin:1:/usr/local/sbin:1:/afs/crc.nd.edu/user/c/condor/software/bin:1:/usr/local/bin:1
SHLVL=7
HOME=/afs/crc.nd.edu/user/n/nkremerh
GLOBUS_GSSAPI_NAME_COMPATIBILITY=STRICT_RFC2818
_CONDOR_ANCESTOR_3989=4261:1593343483:4184216969
_CONDOR_MACHINE_AD=/var/condor/execute/dir_24525/.machine.ad
OSTYPE=linux
DISK=916727
GREP_OPTIONS=--color=auto
GLOBUS_GSSAPI_MIN_TLS_PROTOCOL=TLS1_VERSION
MEMORY=15899
MANPATH_modshare=/usr/share/man/overrides:1:/usr/local/share/man:1:/usr/share/man:1:/opt/crc/usr/local/man:1:/opt/sge/man:1
VENDOR=unknown
BASH_ENV=/afs/crc.nd.edu/x86_64_linux/Modules/4.5.0/init/bash
PERL_LOCAL_LIB_ROOT=/afs/crc.nd.edu/user/n/nkremerh/.perl5/
PYTHONPATH=/afs/crc.nd.edu/user/n/nkremerh/cctools/lib/python3.6/site-packages/
CCLHOME=/afs/crc.nd.edu/group/ccl
MACHTYPE=x86_64
LOGNAME=nkremerh
TMP=/var/condor/execute/dir_24525/worker-213124-24553/t.1449/cctools-temp-t.1449.WmljGl
LD_LIBRARY_PATH_modshare=/opt/crc/usr/local/lib:1
MODULES_LMALTNAME_modshare=CRC_default/1.1&CRC_default/default&CRC_default:1
SSH_CONNECTION=10.17.144.144 39924 129.74.128.103 22
MODULESHOME=/afs/crc.nd.edu/x86_64_linux/Modules/4.5.0
OMP_NUM_THREADS=1
LESSOPEN=||/usr/bin/lesspipe.sh %s
GLOBUS_GSSAPI_BACKWARD_COMPATIBLE_MIC=true
GLOBUS_GSSAPI_CIPHERS=HIGH
LOADEDMODULES_modshare=CRC_default/1.1:1
_CONDOR_JOB_AD=/var/condor/execute/dir_24525/.job.ad
SGE_CLUSTER_NAME=CRC
XDG_RUNTIME_DIR=/run/user/213124
CCTOOLS=../cctools
CORES=4
_CONDOR_JOB_IWD=/var/condor/execute/dir_24525
PERL_MM_OPT=INSTALL_BASE=/afs/crc.nd.edu/user/n/nkremerh/.perl5/
GLOBUS_GSSAPI_SERVER_CIPHER_ORDER=true
BASH_FUNC_module()=() {  unset _mlshdbg;
 if [ "${MODULES_SILENT_SHELL_DEBUG:-0}" = '1' ]; then
 case "$-" in 
 *v*x*)
 set +vx;
 _mlshdbg='vx'
 ;;
 *v*)
 set +v;
 _mlshdbg='v'
 ;;
 *x*)
 set +x;
 _mlshdbg='x'
 ;;
 *)
 _mlshdbg=''
 ;;
 esac;
 fi;
 unset _mlre _mlIFS;
 if [ -n "${IFS+x}" ]; then
 _mlIFS=$IFS;
 fi;
 IFS=' ';
 for _mlv in ${MODULES_RUN_QUARANTINE:-};
 do
 if [ "${_mlv}" = "${_mlv##*[!A-Za-z0-9_]}" -a "${_mlv}" = "${_mlv#[0-9]}" ]; then
 if [ -n "`eval 'echo ${'$_mlv'+x}'`" ]; then
 _mlre="${_mlre:-}${_mlv}_modquar='`eval 'echo ${'$_mlv'}'`' ";
 fi;
 _mlrv="MODULES_RUNENV_${_mlv}";
 _mlre="${_mlre:-}${_mlv}='`eval 'echo ${'$_mlrv':-}'`' ";
 fi;
 done;
 if [ -n "${_mlre:-}" ]; then
 eval `eval ${_mlre}/usr/bin/tclsh /afs/crc.nd.edu/x86_64_linux/Modules/4.5.0/libexec/modulecmd.tcl bash '"$@"'`;
 else
 eval `/usr/bin/tclsh /afs/crc.nd.edu/x86_64_linux/Modules/4.5.0/libexec/modulecmd.tcl bash "$@"`;
 fi;
 _mlstatus=$?;
 if [ -n "${_mlIFS+x}" ]; then
 IFS=$_mlIFS;
 else
 unset IFS;
 fi;
 unset _mlre _mlv _mlrv _mlIFS;
 if [ -n "${_mlshdbg:-}" ]; then
 set -$_mlshdbg;
 fi;
 unset _mlshdbg;
 return $_mlstatus
}
BASH_FUNC_ml()=() {  module ml "$@"
}
_=/usr/bin/printenv
