16991   0.000000 libjli.so->getenv("_JAVA_LAUNCHER_DEBUG") = nil
16991   0.001897 libjli.so->getenv("_JAVA_VERSION_SET") = nil
16991   0.000785 libjli.so->fopen("/usr/lib/jvm/java-1.8.0-openjdk-1.8.0.262.b10-0.el7_8.x86_64/jre/lib/amd64/jvm.cfg", "r") = 0x5617efe5e0e0
16991   0.000820 libjli.so->getenv("JDK_ALTERNATE_VM") = nil
16991   0.000311 libjli.so->__xstat(1, "/usr/lib/jvm/java-1.8.0-openjdk-1.8.0.262.b10-0.el7_8.x86_64/jre/lib/amd64/server/libjvm.so", 0x7fff0bf1a680) = 0
16991   0.000602 libjli.so->getenv("LD_LIBRARY_PATH") = "/afs/crc.nd.edu/group/ccl/software/x86_64/redhat7/ruby/current/lib:/afs/crc.nd.edu/group/ccl/software/x86_64/redhat7/graphviz/current/lib:/afs/crc.nd.edu/group/ccl/software/x86_64/redhat7/git/current/lib:/afs/crc.nd.edu/group/ccl/software/x86_64/redhat7/condor/current/lib:/afs/crc.nd.edu/group/ccl/software/x86_64/redhat7/clang/current/lib:/afs/crc.nd.edu/group/ccl/software/x86_64/redhat7/condor/current/lib:/afs/crc.nd.edu/group/ccl/software/x86_64/redhat7/cctools/current/lib:/opt/crc/usr/local/lib"
16991   0.002191 libjli.so->dlopen("/usr/lib/jvm/java-1.8.0-openjdk-1.8.0.262.b10-0.el7_8.x86_64/jre/lib/amd64/server/libjvm.so", 258 <unfinished ...>
16991   0.038930 libjvm.so->getenv("NMT_LEVEL_16991") = nil
16991   0.002156 <... dlopen resumed> )          = 0x5617efe5e4b0
16991   0.000096 libjli.so->getenv("CLASSPATH")  = nil
16991   0.000316 libjli.so->getenv("_JAVA_SPLASH_JAR") = nil
16991   0.000318 libjli.so->getenv("_JAVA_SPLASH_FILE") = nil
16991   0.000327 libjli.so->pthread_attr_setdetachstate(0x7fff0bf1a630, 0, 0x7fff0bf1a6c0, 0) = 0
16991   0.000524 libpthread.so.0->__clone(0x2b6dc81cbde0, 0x2b6dc80defc0, 0x3d0f00, 0x2b6dc80df700) = 0x4260
16992   0.001788 libjvm.so->dlopen(0x2b6dc99aa9ae, 1, 0xfffffffffff42c48, 4096) = 0x2b6dcc000990
16992   0.002505 libjvm.so->getenv(0x2b6dc99c583e, 0, 115, 0x65737361) = 0x7fff0bf20653
16992   0.000449 libjvm.so->fopen(0x2b6dc80ddc10, 0x2b6dc9961ccb, 0x6f732e79666972, 0x2b6dc8aa3ab0) = 0x2b6dcc001440
16992   0.001388 libjvm.so->dlopen(0x2b6dc80ddc10, 1, 0xffffffff, 0x2b6dcc002b00) = 0x2b6dcc001440
16992   0.001523 libjvm.so->fopen(0x2b6dc80ddc10, 0x2b6dc9961ccb, 111, 0x732e6176) = 0x2b6dcc001b10
16992   0.001549 libjvm.so->dlopen(0x2b6dc80ddc10, 1, 0xffffffff, 0x2b6dcc001a00) = 0x2b6dcc001b10
16992   0.001540 libjvm.so->__xstat(1, 0x2b6dc80de360, 0x2b6dc80deba0, 0x746f7073746f682e) = -1
16992   0.000469 libjvm.so->getenv(0x2b6dc995a541, 0x2b6dc80de6d0, 1024, 0x2b6dc9e1461b) = 0
16992   0.000444 libjvm.so->getenv(0x2b6dc995a533, 0x2b6dc80de6d0, 1024, 0) = 0
16992   0.000431 libjvm.so->fopen(0x2b6dc99aa315, 0x2b6dc9961ccb, 4095, 0xffffd492366a5b03) = 0x2b6dcc0032d0
16992   0.001079 libjvm.so->fopen(0x2b6dc99aa361, 0x2b6dc9961ccb, 0x2b6dcc000078, 0x2b6dcc0032c0) = 0x2b6dcc0032d0
16992   0.000726 libjvm.so->fopen(0x2b6dc80d89b0, 0x2b6dc9961ccb, 4014, 3995) = 0x2b6dcc0032d0
16992   0.000666 libjvm.so->opendir(0x2b6dcc002b40, 0x2b6dcc002b40, 13, 16) = 0
16992   0.000462 libjvm.so->__xstat(1, 0x2b6dc80dd8f0, 0x2b6dc80dc860, 0x6f732e7477616d62) = -1
16992   0.000482 libjvm.so->__xstat(1, 0x2b6dc80dd8f0, 0x2b6dc80dc860, 0x5f74776162696c2f) = 0
16992   0.000475 libjvm.so->fopen(0x2b6dc80dcb90, 0x2b6dc9961ccb, 4009, 3994) = 0x2b6dcc0037b0
16992   0.000646 libjvm.so->fopen(0x2b6dc80dcb90, 0x2b6dc9961ccb, 4009, 3994) = 0x2b6dcc0037b0
16992   0.000591 libjvm.so->fopen(0x2b6dc80dcb90, 0x2b6dc9961ccb, 4009, 4002) = 0x2b6dcc0037b0
16992   0.000620 libjvm.so->fopen(0x2b6dc80dcb20, 0x2b6dc9961ccb, 4009, 3994) = 0x2b6dcc0037b0
16992   0.000662 libjvm.so->fopen(0x2b6dc80dcb20, 0x2b6dc9961ccb, 4009, 3994) = 0x2b6dcc0037b0
16992   0.000671 libjvm.so->fopen(0x2b6dc80dcb20, 0x2b6dc9961ccb, 4009, 4002) = 0x2b6dcc0037b0
16992   0.000622 libjvm.so->fopen(0x2b6dc80dcb50, 0x2b6dc9961ccb, 4014, 3995) = 0x2b6dcc0037b0
16992   0.000801 libjvm.so->getenv(0x2b6dc99ab0ff, 4096, 3, -1) = 0
16992   0.000887 libjvm.so->fopen(0x2b6dc99aa998, 0x2b6dc9961ccb, 0x2b6dc81c2908, 0x2b6dc81c1df0) = 0x2b6dcc0037b0
16992   0.004777 libjvm.so->open(0x2b6dcc04a5a0, 0x20000, 0, 0x2b6dcc04a5e9) = 3
16992   0.000446 libjvm.so->__fxstat(1, 3, 0x2b6dc80dea00, -1) = 0
16992   0.000513 libjvm.so->opendir(0x2b6dcc04a5a0, 0x2b6dc80dea00, 0x4000, -1) = 0x2b6dcc04b4b0
16992   0.000511 libjvm.so->__fxstat(1, 3, 0x2b6dc80de8a0, 0x2b6dcc04b4b0) = 0
16992   0.000455 libjvm.so->__fxstat(1, 5, 0x2b6dc80de930, -1) = 0
16992   0.000499 libjvm.so->open(0x2b6dc99789dc, 0, 0, 0) = 3
16992   0.000720 libjvm.so->__lxstat(1, 0x2b6dcc04a5a0, 0x2b6dc80deb50, -144) = 0
16992   0.000482 libjvm.so->open(0x2b6dcc04a5a0, 0x20000, 0x4000, -1) = 3
16992   0.000484 libjvm.so->__fxstat(1, 3, 0x2b6dc80dea00, -1) = 0
16992   0.000466 libjvm.so->opendir(0x2b6dcc04a5a0, 0x2b6dc80dea00, 0x4000, -1) = 0x2b6dcc04b4b0
16992   0.000453 libjvm.so->__fxstat(1, 3, 0x2b6dc80de8a0, 0x2b6dcc04b4b0) = 0
16992   0.000462 libjvm.so->__fxstat(1, 5, 0x2b6dc80de930, -1) = 0
16992   0.000501 libjvm.so->open(0x2b6dc99789dc, 0, 0, 0) = 3
16992   0.000487 libjvm.so->open(0x2b6dcc04a5e9, 0x20042, 384, -1) = 7
16992   0.000711 libjvm.so->__fxstat(1, 7, 0x2b6dc80deb50, -1) = 0
16992   0.001695 libjvm.so->fopen(0x2b6dc80ddb60, 0x2b6dc9961ccb, 4, 0x6f732e70) = 0x2b6dcc057c00
16992   0.001429 libjvm.so->dlopen(0x2b6dc80ddb60, 1, 0xffffffff, 0x2b6dcc057b00) = 0x2b6dcc057c00
16992   0.001487 libjvm.so->__xstat(1, 0x2b6dc80de120, 0x2b6dc80de950, 2048) = 0
16992   0.000453 libjvm.so->__xstat(1, 0x2b6dc80de120, 0x2b6dc80de950, 2048) = 0
16992   0.000421 libjvm.so->__xstat(1, 0x2b6dc80de120, 0x2b6dc80de950, 2048) = -1
16992   0.000479 libjvm.so->__xstat(1, 0x2b6dc80de120, 0x2b6dc80de950, 2048) = 0
16992   0.000440 libjvm.so->__xstat(1, 0x2b6dc80de120, 0x2b6dc80de950, 2048) = 0
16992   0.000465 libjvm.so->__xstat(1, 0x2b6dc80de120, 0x2b6dc80de950, 2048) = 0
16992   0.000464 libjvm.so->__xstat(1, 0x2b6dc80de120, 0x2b6dc80de950, 2048) = 0
16992   0.000468 libjvm.so->__xstat(1, 0x2b6dc80de120, 0x2b6dc80de950, 2048) = -1
16992   0.000481 libjvm.so->fopen(0x2b6dcc002520, 0x2b6dc9961ccb, 0, 0) = 0x2b6dcc058aa0
16992   0.008951 libjvm.so->open64(0x2b6dc80dd410, 0, 0, 16) = 3
16992   0.000484 libjvm.so->__fxstat64(1, 3, 0x2b6dc80dd240, -1) = 0
16992   0.039577 libjvm.so->__xstat(1, 0x2b6dc80ddf20, 0x2b6dc80de750, 2048) = -1
16992   0.000676 libjvm.so->fopen(0x2b6dc80dcb20, 0x2b6dc9961ccb, 4009, 3994) = 0x2b6dcc0b1fb0
16992   0.001051 libjvm.so->fopen(0x2b6dc80dcb20, 0x2b6dc9961ccb, 4009, 3994) = 0x2b6dcc0b1fb0
16992   0.000683 libjvm.so->fopen(0x2b6dc80dcb20, 0x2b6dc9961ccb, 4009, 4002) = 0x2b6dcc0b1fb0
16992   0.004704 libjvm.so->pthread_attr_setdetachstate(0x2b6dc80dec00, 1, 0, 0) = 0
16992   0.000596 libpthread.so.0->__clone(0x2b6dc81cbde0, 0x2b6de0a71fc0, 0x3d0f00, 0x2b6de0a72700) = 0x4262
16992   0.022564 libjvm.so->pthread_attr_setdetachstate(0x2b6dc80de290, 1, 0, 0) = 0
16992   0.000708 libpthread.so.0->__clone(0x2b6dc81cbde0, 0x2b6de0b72fc0, 0x3d0f00, 0x2b6de0b73700) = 0x4263
16992   0.007608 libjvm.so->pthread_attr_setdetachstate(0x2b6dc80de610, 1, 0, 0) = 0
16992   0.000794 libpthread.so.0->__clone(0x2b6dc81cbde0, 0x2b6de0c73fc0, 0x3d0f00, 0x2b6de0c74700) = 0x4264
16992   0.049060 libjvm.so->fopen(0x2b6dcc0f17f0, 0x2b6dc9961ccb, 4, 0x6f732e70) = 0x2b6dcc0f1cf0
16992   0.002447 libjvm.so->dlopen(0x2b6dcc0f17f0, 1, 0xffffffff, 0x2b6dcc0e8c00) = 0x2b6dcc057c00
16992   0.006252 libjvm.so->open64(0x2b6dc80dd510, 0, 0, 16) = 5
16992   0.000951 libjvm.so->__fxstat64(1, 5, 0x2b6dc80dd340, -1) = 0
16992   0.022262 libjvm.so->fopen(0x2b6dc80da130, 0x2b6dc9961ccb, 4009, 3994) = 0x2b6dcc0fccc0
16992   0.001168 libjvm.so->fopen(0x2b6dc80da130, 0x2b6dc9961ccb, 4009, 3994) = 0x2b6dcc0fccc0
16992   0.001111 libjvm.so->fopen(0x2b6dc80da130, 0x2b6dc9961ccb, 4009, 4002) = 0x2b6dcc0fccc0
16992   0.015911 libjvm.so->pthread_attr_setdetachstate(0x2b6dc80deb50, 1, 0, 0) = 0
16992   0.001070 libpthread.so.0->__clone(0x2b6dc81cbde0, 0x2b6de0d74fc0, 0x3d0f00, 0x2b6de0d75700) = 0x4265
16992   0.001638 libjvm.so->__xstat64(1, 0x2b6dc80debe0, 0x2b6dc80deb50, 19) = -1
16992   0.002323 libjvm.so->pthread_attr_setdetachstate(0x2b6dc80de950, 1, 0, 0) = 0
16992   0.001217 libpthread.so.0->__clone(0x2b6dc81cbde0, 0x2b6de0e75fc0, 0x3d0f00, 0x2b6de0e76700) = 0x4266
16992   0.001831 libjvm.so->pthread_attr_setdetachstate(0x2b6dc80de950, 1, 0, 0) = 0
16992   0.001292 libpthread.so.0->__clone(0x2b6dc81cbde0, 0x2b6de0f76fc0, 0x3d0f00, 0x2b6de0f77700) = 0x4267
16992   0.009676 libjvm.so->pthread_attr_setdetachstate(0x2b6dc80deaa0, 1, 0, 0) = 0
16992   0.001588 libpthread.so.0->__clone(0x2b6dc81cbde0, 0x2b6de1077fc0, 0x3d0f00, 0x2b6de1078700) = 0x4268
16992   0.002295 libjvm.so->pthread_attr_setdetachstate(0x2b6dc80debb0, 1, 0, 0) = 0
16992   0.001631 libpthread.so.0->__clone(0x2b6dc81cbde0, 0x2b6de1178fc0, 0x3d0f00, 0x2b6de1179700) = 0x4269
16992   0.016961 libjvm.so->open64(0x2b6dcc128890, 0, 0, 16) = 7
16992   0.001759 libjvm.so->__fxstat64(1, 7, 0x2b6dc80dbf60, -1) = 0
16992   0.026895 libjvm.so->fopen(0x2b6dcc1546e0, 0x2b6dc9961ccb, 4, 0x6f732e6f) = 0x2b6dcc1547a0
16992   0.003464 libjvm.so->dlopen(0x2b6dcc1546e0, 1, 0xffffffff, 0x2b6dcc154700) = 0x2b6dcc1547a0
16992   0.116922 libjvm.so->fopen(0x2b6dc80d8e40, 0x2b6dc9961ccb, 0x6f732e, 0x6d766a62696c2f72) = 0x2b6dcc16c580
16992   0.006937 libjvm.so->dlopen(0x2b6dc80d8e40, 1, 0xffffffff, 0x2b6dcc16c500) = 0x5617efe5e4b0
16992   0.001754 libjvm.so->fopen(0x2b6dc80d8e40, 0x2b6dc9961ccb, 0x6f732e, 0x6d766a62696c2f72) = 0x2b6dcc16c980
16992   0.005058 libjvm.so->dlopen(0x2b6dc80d8e40, 1, 0xffffffff, 0x2b6dcc16c500) = 0x5617efe5e4b0
16992   0.001799 libjvm.so->fopen(0x2b6dc80d8e40, 0x2b6dc9961ccb, 0x6f732e, 0x6d766a62696c2f72) = 0x2b6dcc16c580
16992   0.003611 libjvm.so->dlopen(0x2b6dc80d8e40, 1, 0xffffffff, 0x2b6dcc16c500) = 0x5617efe5e4b0
16992   0.004245 libjvm.so->fopen(0x2b6dc80d8e40, 0x2b6dc9961ccb, 0x6f732e, 0x6d766a62696c2f72) = 0x2b6dcc16c580
16992   0.004701 libjvm.so->dlopen(0x2b6dc80d8e40, 1, 0xffffffff, 0x2b6dcc16c500) = 0x5617efe5e4b0
16992   0.047374 libjvm.so->fopen(0x2b6dcc1bf380, 0x2b6dc9961ccb, 4, 0x6f732e74) = 0x2b6dcc1cd2d0
16992   0.004841 libjvm.so->dlopen(0x2b6dcc1bf380, 1, 0xffffffff, 0x2b6dcc1b5600) = 0x2b6dcc1cd2d0
16992   0.152908 libjvm.so->fopen(0x2b6dcc210530, 0x2b6dc9961ccb, 0x6f732e7373656c, 0x656c646165685f74) = 0x2b6dcc210610
16992   0.003246 libjvm.so->dlopen(0x2b6dcc210530, 1, 0xffffffff, 0x2b6dcc210500) = 0x2b6dcc210610
17001   0.049151 +++ exited (status 0) +++
16997   0.000271 +++ exited (status 0) +++
16994   0.000343 +++ exited (status 0) +++
16992   0.000297 +++ exited (status 0) +++
16996   0.000335 +++ exited (status 1) +++
16999   0.000059 +++ exited (status 1) +++
16998   0.000016 +++ exited (status 1) +++
16995   0.000014 +++ exited (status 1) +++
17000   0.005740 +++ exited (status 1) +++
16991   0.000038 +++ exited (status 1) +++
Wrote an ltrace for command: "java -cp ./tools/maxent.jar density.Project outputs/Cicindela_fera_Chevrolat/Cicindela_fera_Chevrolat.lambdas data/layers/worldclim outputs/Cicindela_fera_Chevrolat_worldclim.asc nowarnings nocache autorun -z" with PID 16989 from PPID 16972 on disc25.crc.nd.edu with result 1
REMOTEHOST=10.17.145.58
_CONDOR_JOB_PIDS=
MANPATH=/afs/crc.nd.edu/user/n/nkremerh/cctools/share/man/:/afs/crc.nd.edu/group/ccl/software/x86_64/redhat7/ruby/current/share/man:/afs/crc.nd.edu/group/ccl/software/x86_64/redhat7/graphviz/current/share/man:/afs/crc.nd.edu/group/ccl/software/x86_64/redhat7/gnuplot/current/share/man:/afs/crc.nd.edu/group/ccl/software/x86_64/redhat7/git/current/share/man:/afs/crc.nd.edu/group/ccl/software/x86_64/redhat7/condor/current/share/man:/afs/crc.nd.edu/group/ccl/software/x86_64/redhat7/clang/current/share/man:/afs/crc.nd.edu/group/ccl/software/x86_64/redhat7/condor/current/share/man:/afs/crc.nd.edu/group/ccl/software/x86_64/redhat7/cctools/current/share/man:/afs/crc.nd.edu/group/ccl/software/x86_64/redhat7/cctools/current/share/man:/afs/crc.nd.edu/x86_64_linux/Modules/4.5.0/share/man:/opt/crc/usr/local/man:/opt/sge/man:/usr/share/man/overrides:/usr/share/man:/usr/local/share/man
XDG_SESSION_ID=3301
HOSTNAME=disc01.crc.nd.edu
_LMFILES__modshare=/afs/crc.nd.edu/x86_64_linux/Modules/modules/system_modules/CRC_default/1.1:1
MODULEPATH_modshare=/afs/crc.nd.edu/x86_64_linux/Modules/modules/general_software:1:/afs/crc.nd.edu/x86_64_linux/Modules/modules/development_tools_and_libraries:1:/afs/crc.nd.edu/x86_64_linux/Modules/modules/system_modules:1:/afs/crc.nd.edu/x86_64_linux/Modules/current/modulefiles:1:/afs/crc.nd.edu/x86_64_linux/Modules/modules/restricted_software:1:/afs/crc.nd.edu/x86_64_linux/Modules/modules/deprecated_software:1
MODULES_CMD=/afs/crc.nd.edu/x86_64_linux/Modules/4.5.0/libexec/modulecmd.tcl
HOST=disc01.crc.nd.edu
SHELL=/bin/tcsh
TERM=xterm-256color
MAKEFLAGS=
HISTSIZE=5000
TMPDIR=/var/condor/execute/dir_3434/worker-213124-3537/t.1737/cctools-temp-t.1737.kk5uHE
SSH_CLIENT=10.17.145.58 38176 22
PERL5LIB=/afs/crc.nd.edu/user/n/nkremerh/cctools/lib/perl5/site_perl/5.16.3:/afs/crc.nd.edu/user/n/nkremerh/.perl5/lib/perl5
SGE_CELL=crc
_CONDOR_SCRATCH_DIR=/var/condor/execute/dir_3434
PERL_MB_OPT=--install_base '/afs/crc.nd.edu/user/n/nkremerh/.perl5/'
SSH_TTY=/dev/pts/0
SGE_LOAD_AVG=load_avg
MAKEFLOW_MAX_LOCAL_JOBS=2
HISTFILESIZE=10000
_CHIRP_DELAYED_UPDATE_PREFIX=Chirp*
USER=nkremerh
GROUP=campus
LD_LIBRARY_PATH=/afs/crc.nd.edu/group/ccl/software/x86_64/redhat7/ruby/current/lib:/afs/crc.nd.edu/group/ccl/software/x86_64/redhat7/graphviz/current/lib:/afs/crc.nd.edu/group/ccl/software/x86_64/redhat7/git/current/lib:/afs/crc.nd.edu/group/ccl/software/x86_64/redhat7/condor/current/lib:/afs/crc.nd.edu/group/ccl/software/x86_64/redhat7/clang/current/lib:/afs/crc.nd.edu/group/ccl/software/x86_64/redhat7/condor/current/lib:/afs/crc.nd.edu/group/ccl/software/x86_64/redhat7/cctools/current/lib:/opt/crc/usr/local/lib
TEMP=/var/condor/execute/dir_3434/worker-213124-3537/t.1737/cctools-temp-t.1737.kk5uHE
BATCH_SYSTEM=HTCondor
WORKER_TMPDIR=/var/condor/execute/dir_3434/worker-213124-3537/cache/tmp
ENV=/afs/crc.nd.edu/x86_64_linux/Modules/4.5.0/init/profile.sh
MODULES_LMALTNAME=CRC_default/1.1&CRC_default/default&CRC_default
_CONDOR_CHIRP_CONFIG=/var/condor/execute/dir_3434/.chirp.config
GLOBUS_GSSAPI_MAX_TLS_PROTOCOL=0
_CONDOR_HIGHPORT=9999
HOSTTYPE=x86_64-linux
MAKELEVEL=1
MFLAGS=
CCLSOFTWARE=/afs/crc.nd.edu/group/ccl/software/x86_64/redhat7
PATH=/afs/crc.nd.edu/user/n/nkremerh/cctools/bin:/afs/crc.nd.edu/user/n/nkremerh/miniconda/bin:/afs/crc.nd.edu/group/ccl/software/git:/afs/crc.nd.edu/user/n/nkremerh/.local/bin:/afs/crc.nd.edu/group/ccl/software/x86_64/redhat7/povray/3.7/bin:/afs/crc.nd.edu/user/n/nkremerh/.perl5/bin:/afs/crc.nd.edu/user/n/nkremerh/pegasus/bin:/afs/crc.nd.edu/user/n/nkremerh/nodejs/bin:/afs/crc.nd.edu/user/n/nkremerh/montage/bin:/afs/crc.nd.edu/user/n/nkremerh/latexdiff:/afs/crc.nd.edu/user/n/nkremerh/envtrace:/afs/crc.nd.edu/user/n/nkremerh/endlines:/afs/crc.nd.edu/user/n/nkremerh/cctools/bin:/afs/crc.nd.edu/user/n/nkremerh/.cargo/bin:/afs/crc.nd.edu/group/ccl/software/x86_64/redhat7/ruby/current/bin:/afs/crc.nd.edu/group/ccl/software/x86_64/redhat7/graphviz/current/bin:/afs/crc.nd.edu/group/ccl/software/x86_64/redhat7/gnuplot/current/bin:/afs/crc.nd.edu/group/ccl/software/x86_64/redhat7/git/current/bin:/afs/crc.nd.edu/group/ccl/software/x86_64/redhat7/condor/current/sbin:/afs/crc.nd.edu/group/ccl/software/x86_64/redhat7/condor/current/bin:/afs/crc.nd.edu/group/ccl/software/x86_64/redhat7/cmake/current/bin:/afs/crc.nd.edu/group/ccl/software/x86_64/redhat7/clang/current/bin:/afs/crc.nd.edu/group/ccl/software/x86_64/redhat7/condor/current/sbin:/afs/crc.nd.edu/group/ccl/software/x86_64/redhat7/condor/current/bin:/afs/crc.nd.edu/group/ccl/software/x86_64/redhat7/cctools/current/bin:/afs/crc.nd.edu/x86_64_linux/Modules/4.5.0/bin:/opt/crc/usr/local/bin:/opt/sge/bin/lx-amd64:/usr/local/bin:/usr/bin:/usr/local/sbin:/usr/sbin:/afs/crc.nd.edu/user/c/condor/software/bin:/afs/crc.nd.edu/user/c/condor/software/sbin
MAIL=/var/spool/mail/nkremerh
PWD=/var/condor/execute/dir_3434/worker-213124-3537/t.1737
_LMFILES_=/afs/crc.nd.edu/x86_64_linux/Modules/modules/system_modules/CRC_default/1.1
SGE_EXECD_PORT=6445
EDITOR=vim
LANG=en_US.UTF-8
MODULEPATH=/afs/crc.nd.edu/x86_64_linux/Modules/modules/development_tools_and_libraries:/afs/crc.nd.edu/x86_64_linux/Modules/modules/general_software:/afs/crc.nd.edu/x86_64_linux/Modules/modules/restricted_software:/afs/crc.nd.edu/x86_64_linux/Modules/modules/system_modules:/afs/crc.nd.edu/x86_64_linux/Modules/modules/deprecated_software:/afs/crc.nd.edu/x86_64_linux/Modules/current/modulefiles
SGE_QMASTER_PORT=6444
SGE_ROOT=/opt/sge
LOADEDMODULES=CRC_default/1.1
WORK_QUEUE_SANDBOX=/var/condor/execute/dir_3434/worker-213124-3537
_CONDOR_SLOT=slot2_2
CCLPLATFORM=x86_64/redhat7
USE_SYSTEMD=true
_CONDOR_ANCESTOR_4261=3434:1594946670:4145456538
_CONDOR_LOWPORT=9100
KRB5CCNAME=FILE:/tmp/krb5cc_213124_0wTNSp
HISTCONTROL=ignoreboth:erasedups
PATH_modshare=/opt/crc/usr/local/bin:1:/opt/sge/bin/lx-amd64:1:/usr/sbin:1:/usr/bin:1:/afs/crc.nd.edu/user/c/condor/software/sbin:1:/usr/local/sbin:1:/afs/crc.nd.edu/user/c/condor/software/bin:1:/usr/local/bin:1
SHLVL=7
HOME=/afs/crc.nd.edu/user/n/nkremerh
GLOBUS_GSSAPI_NAME_COMPATIBILITY=STRICT_RFC2818
_CONDOR_ANCESTOR_3989=4261:1593343483:4184216969
_CONDOR_MACHINE_AD=/var/condor/execute/dir_3434/.machine.ad
OSTYPE=linux
DISK=18236
GREP_OPTIONS=--color=auto
GLOBUS_GSSAPI_MIN_TLS_PROTOCOL=TLS1_VERSION
MEMORY=1948
MANPATH_modshare=/usr/share/man/overrides:1:/usr/local/share/man:1:/usr/share/man:1:/opt/crc/usr/local/man:1:/opt/sge/man:1
VENDOR=unknown
BASH_ENV=/afs/crc.nd.edu/x86_64_linux/Modules/4.5.0/init/bash
PERL_LOCAL_LIB_ROOT=/afs/crc.nd.edu/user/n/nkremerh/.perl5/
_CONDOR_ANCESTOR_3434=3465:1594946671:1802231298
PYTHONPATH=/afs/crc.nd.edu/user/n/nkremerh/cctools/lib/python3.6/site-packages/
CCLHOME=/afs/crc.nd.edu/group/ccl
MACHTYPE=x86_64
LOGNAME=nkremerh
TMP=/var/condor/execute/dir_3434/worker-213124-3537/t.1737/cctools-temp-t.1737.kk5uHE
LD_LIBRARY_PATH_modshare=/opt/crc/usr/local/lib:1
MODULES_LMALTNAME_modshare=CRC_default/1.1&CRC_default/default&CRC_default:1
SSH_CONNECTION=10.17.145.58 38176 129.74.128.103 22
MODULESHOME=/afs/crc.nd.edu/x86_64_linux/Modules/4.5.0
OMP_NUM_THREADS=1
LESSOPEN=||/usr/bin/lesspipe.sh %s
GLOBUS_GSSAPI_BACKWARD_COMPATIBLE_MIC=true
GLOBUS_GSSAPI_CIPHERS=HIGH
LOADEDMODULES_modshare=CRC_default/1.1:1
_CONDOR_JOB_AD=/var/condor/execute/dir_3434/.job.ad
SGE_CLUSTER_NAME=CRC
XDG_RUNTIME_DIR=/run/user/213124
CCTOOLS=../cctools
CORES=1
_CONDOR_JOB_IWD=/var/condor/execute/dir_3434
PERL_MM_OPT=INSTALL_BASE=/afs/crc.nd.edu/user/n/nkremerh/.perl5/
GLOBUS_GSSAPI_SERVER_CIPHER_ORDER=true
BASH_FUNC_module()=() {  unset _mlshdbg;
 if [ "${MODULES_SILENT_SHELL_DEBUG:-0}" = '1' ]; then
 case "$-" in 
 *v*x*)
 set +vx;
 _mlshdbg='vx'
 ;;
 *v*)
 set +v;
 _mlshdbg='v'
 ;;
 *x*)
 set +x;
 _mlshdbg='x'
 ;;
 *)
 _mlshdbg=''
 ;;
 esac;
 fi;
 unset _mlre _mlIFS;
 if [ -n "${IFS+x}" ]; then
 _mlIFS=$IFS;
 fi;
 IFS=' ';
 for _mlv in ${MODULES_RUN_QUARANTINE:-};
 do
 if [ "${_mlv}" = "${_mlv##*[!A-Za-z0-9_]}" -a "${_mlv}" = "${_mlv#[0-9]}" ]; then
 if [ -n "`eval 'echo ${'$_mlv'+x}'`" ]; then
 _mlre="${_mlre:-}${_mlv}_modquar='`eval 'echo ${'$_mlv'}'`' ";
 fi;
 _mlrv="MODULES_RUNENV_${_mlv}";
 _mlre="${_mlre:-}${_mlv}='`eval 'echo ${'$_mlrv':-}'`' ";
 fi;
 done;
 if [ -n "${_mlre:-}" ]; then
 eval `eval ${_mlre}/usr/bin/tclsh /afs/crc.nd.edu/x86_64_linux/Modules/4.5.0/libexec/modulecmd.tcl bash '"$@"'`;
 else
 eval `/usr/bin/tclsh /afs/crc.nd.edu/x86_64_linux/Modules/4.5.0/libexec/modulecmd.tcl bash "$@"`;
 fi;
 _mlstatus=$?;
 if [ -n "${_mlIFS+x}" ]; then
 IFS=$_mlIFS;
 else
 unset IFS;
 fi;
 unset _mlre _mlv _mlrv _mlIFS;
 if [ -n "${_mlshdbg:-}" ]; then
 set -$_mlshdbg;
 fi;
 unset _mlshdbg;
 return $_mlstatus
}
BASH_FUNC_ml()=() {  module ml "$@"
}
_=/usr/bin/printenv
