999   0.000000 libjli.so->getenv("_JAVA_LAUNCHER_DEBUG") = nil
999   0.001914 libjli.so->getenv("_JAVA_VERSION_SET") = nil
999   0.000822 libjli.so->fopen("/usr/lib/jvm/java-1.8.0-openjdk-1.8.0.252.b09-2.el7_8.x86_64/jre/lib/amd64/jvm.cfg", "r") = 0x555a063e20f0
999   0.000855 libjli.so->getenv("JDK_ALTERNATE_VM") = nil
999   0.000308 libjli.so->__xstat(1, "/usr/lib/jvm/java-1.8.0-openjdk-1.8.0.252.b09-2.el7_8.x86_64/jre/lib/amd64/server/libjvm.so", 0x7ffc7a100930) = 0
999   0.000588 libjli.so->getenv("LD_LIBRARY_PATH") = "/afs/crc.nd.edu/group/ccl/software/x86_64/redhat7/ruby/current/lib:/afs/crc.nd.edu/group/ccl/software/x86_64/redhat7/graphviz/current/lib:/afs/crc.nd.edu/group/ccl/software/x86_64/redhat7/git/current/lib:/afs/crc.nd.edu/group/ccl/software/x86_64/redhat7/condor/current/lib:/afs/crc.nd.edu/group/ccl/software/x86_64/redhat7/clang/current/lib:/afs/crc.nd.edu/group/ccl/software/x86_64/redhat7/condor/current/lib:/afs/crc.nd.edu/group/ccl/software/x86_64/redhat7/cctools/current/lib:/opt/crc/usr/local/lib"
999   0.002073 libjli.so->dlopen("/usr/lib/jvm/java-1.8.0-openjdk-1.8.0.252.b09-2.el7_8.x86_64/jre/lib/amd64/server/libjvm.so", 258 <unfinished ...>
999   0.036647 libjvm.so->getenv("NMT_LEVEL_999") = nil
999   0.001715 <... dlopen resumed> )            = 0x555a063e24c0
999   0.000066 libjli.so->getenv("CLASSPATH")    = nil
999   0.000298 libjli.so->getenv("_JAVA_SPLASH_JAR") = nil
999   0.000310 libjli.so->getenv("_JAVA_SPLASH_FILE") = nil
999   0.000320 libjli.so->pthread_attr_setdetachstate(0x7ffc7a1008e0, 0, 0x7ffc7a100970, 0) = 0
999   0.000498 libpthread.so.0->__clone(0x2adfab8efde0, 0x2adfab802fc0, 0x3d0f00, 0x2adfab803700) = 1000
1000   0.001590 libjvm.so->dlopen(0x2adfad04f52e, 1, 0xfffffffffff42c48, 4096) = 0x2adfb0000990
1000   0.002777 libjvm.so->getenv(0x2adfad06a2c0, 0, 115, 0x65737361) = 0x7ffc7a1076cd
1000   0.000486 libjvm.so->fopen(0x2adfab801be0, 0x2adfad0099ab, 0x6f732e79666972, 0x2adfac1c7ab0) = 0x2adfb0001440
1000   0.001765 libjvm.so->dlopen(0x2adfab801be0, 1, 0xffffffff, 0x2adfb0002b00) = 0x2adfb0001440
1000   0.001565 libjvm.so->fopen(0x2adfab801be0, 0x2adfad0099ab, 111, 0x732e6176) = 0x2adfb0001b10
1000   0.001597 libjvm.so->dlopen(0x2adfab801be0, 1, 0xffffffff, 0x2adfb0001a00) = 0x2adfb0001b10
1000   0.001764 libjvm.so->__xstat(1, 0x2adfab802330, 0x2adfab802b70, 0x637274) = -1
1000   0.000599 libjvm.so->getenv(0x2adfad002226, 0x2adfab8026a0, 1024, 0x2adfad4a65db) = 0
1000   0.000444 libjvm.so->getenv(0x2adfad002218, 0x2adfab8026a0, 1024, 0) = 0
1000   0.000428 libjvm.so->fopen(0x2adfad04ee95, 0x2adfad0099ab, 4095, 24) = 0x2adfb0003290
1000   0.001004 libjvm.so->fopen(0x2adfad04eee1, 0x2adfad0099ab, 0x2adfb0000078, 0x2adfb0003280) = 0x2adfb0003290
1000   0.000815 libjvm.so->fopen(0x2adfab7fc980, 0x2adfad0099ab, 4016, 3997) = 0x2adfb0003290
1000   0.000689 libjvm.so->opendir(0x2adfb0002b40, 0x2adfb0002b40, 13, 16) = 0
1000   0.000473 libjvm.so->__xstat(1, 0x2adfab8018c0, 0x2adfab800830, 0x6f732e7477616d62) = -1
1000   0.000441 libjvm.so->__xstat(1, 0x2adfab8018c0, 0x2adfab800830, 0x5f74776162696c2f) = 0
1000   0.000493 libjvm.so->fopen(0x2adfab800b60, 0x2adfad0099ab, 4011, 3996) = 0x2adfb0003770
1000   0.000641 libjvm.so->fopen(0x2adfab800b60, 0x2adfad0099ab, 4011, 3996) = 0x2adfb0003770
1000   0.000694 libjvm.so->fopen(0x2adfab800b60, 0x2adfad0099ab, 4011, 4004) = 0x2adfb0003770
1000   0.000687 libjvm.so->fopen(0x2adfab800af0, 0x2adfad0099ab, 4011, 3996) = 0x2adfb0003770
1000   0.000633 libjvm.so->fopen(0x2adfab800af0, 0x2adfad0099ab, 4011, 3996) = 0x2adfb0003770
1000   0.000758 libjvm.so->fopen(0x2adfab800af0, 0x2adfad0099ab, 4011, 4004) = 0x2adfb0003770
1000   0.000640 libjvm.so->fopen(0x2adfab800b20, 0x2adfad0099ab, 4016, 3997) = 0x2adfb0003770
1000   0.000772 libjvm.so->getenv(0x2adfad04fc5e, 4096, 3, -1) = 0
1000   0.001136 libjvm.so->fopen(0x2adfad04f518, 0x2adfad0099ab, 0x2adfab8e6908, 0x2adfab8e5df0) = 0x2adfb0003770
1000   0.005443 libjvm.so->open(0x2adfb004a560, 0x20000, 0, 0x2adfb004a5a9) = 3
1000   0.000546 libjvm.so->__fxstat(1, 3, 0x2adfab8029d0, -1) = 0
1000   0.000536 libjvm.so->opendir(0x2adfb004a560, 0x2adfab8029d0, 0x4000, -1) = 0x2adfb004b470
1000   0.000520 libjvm.so->__fxstat(1, 3, 0x2adfab802870, 0x2adfb004b470) = 0
1000   0.000502 libjvm.so->__fxstat(1, 5, 0x2adfab802900, -1) = 0
1000   0.000488 libjvm.so->open(0x2adfad02085c, 0, 0, 0) = 3
1000   0.000686 libjvm.so->__lxstat(1, 0x2adfb004a560, 0x2adfab802b20, -144) = 0
1000   0.000469 libjvm.so->open(0x2adfb004a560, 0x20000, 0x4000, -1) = 3
1000   0.000428 libjvm.so->__fxstat(1, 3, 0x2adfab8029d0, -1) = 0
1000   0.000466 libjvm.so->opendir(0x2adfb004a560, 0x2adfab8029d0, 0x4000, -1) = 0x2adfb004b470
1000   0.000427 libjvm.so->__fxstat(1, 3, 0x2adfab802870, 0x2adfb004b470) = 0
1000   0.000424 libjvm.so->__fxstat(1, 5, 0x2adfab802900, -1) = 0
1000   0.000605 libjvm.so->open(0x2adfad02085c, 0, 0, 0) = 3
1000   0.000475 libjvm.so->open(0x2adfb004a5a9, 0x20042, 384, -1) = 7
1000   0.000611 libjvm.so->__fxstat(1, 7, 0x2adfab802b20, -1) = 0
1000   0.001672 libjvm.so->fopen(0x2adfab801b30, 0x2adfad0099ab, 4, 0x6f732e70) = 0x2adfb0057b50
1000   0.001494 libjvm.so->dlopen(0x2adfab801b30, 1, 0xffffffff, 0x2adfb0057a00) = 0x2adfb0057b50
1000   0.001709 libjvm.so->__xstat(1, 0x2adfab8020f0, 0x2adfab802920, 2048) = 0
1000   0.000442 libjvm.so->__xstat(1, 0x2adfab8020f0, 0x2adfab802920, 2048) = 0
1000   0.000512 libjvm.so->__xstat(1, 0x2adfab8020f0, 0x2adfab802920, 2048) = -1
1000   0.000437 libjvm.so->__xstat(1, 0x2adfab8020f0, 0x2adfab802920, 2048) = 0
1000   0.000510 libjvm.so->__xstat(1, 0x2adfab8020f0, 0x2adfab802920, 2048) = 0
1000   0.000445 libjvm.so->__xstat(1, 0x2adfab8020f0, 0x2adfab802920, 2048) = 0
1000   0.000570 libjvm.so->__xstat(1, 0x2adfab8020f0, 0x2adfab802920, 2048) = -1
1000   0.000471 libjvm.so->__xstat(1, 0x2adfab8020f0, 0x2adfab802920, 2048) = -1
1000   0.000649 libjvm.so->fopen(0x2adfb0002520, 0x2adfad0099ab, 0, 0) = 0x2adfb00588c0
1000   0.008338 libjvm.so->open64(0x2adfab801490, 0, 0, 16) = 3
1000   0.000649 libjvm.so->__fxstat64(1, 3, 0x2adfab8012c0, -1) = 0
1000   0.035865 libjvm.so->__xstat(1, 0x2adfab801ef0, 0x2adfab802720, 2048) = -1
1000   0.000711 libjvm.so->fopen(0x2adfab800af0, 0x2adfad0099ab, 4011, 3996) = 0x2adfb00b5b40
1000   0.000700 libjvm.so->fopen(0x2adfab800af0, 0x2adfad0099ab, 4011, 3996) = 0x2adfb00b5b40
1000   0.000666 libjvm.so->fopen(0x2adfab800af0, 0x2adfad0099ab, 4011, 4004) = 0x2adfb00b5b40
1000   0.004193 libjvm.so->pthread_attr_setdetachstate(0x2adfab802bd0, 1, 0, 0) = 0
1000   0.000728 libpthread.so.0->__clone(0x2adfab8efde0, 0x2adfafe73fc0, 0x3d0f00, 0x2adfafe74700) = 1002
1000   0.015979 libjvm.so->pthread_attr_setdetachstate(0x2adfab802260, 1, 0, 0) = 0
1000   0.000843 libpthread.so.0->__clone(0x2adfab8efde0, 0x2adfaff74fc0, 0x3d0f00, 0x2adfaff75700) = 1003
1000   0.007214 libjvm.so->pthread_attr_setdetachstate(0x2adfab8025e0, 1, 0, 0) = 0
1000   0.000825 libpthread.so.0->__clone(0x2adfab8efde0, 0x2adfc436afc0, 0x3d0f00, 0x2adfc436b700) = 1004
1000   0.041617 libjvm.so->fopen(0x2adfb00e8b70, 0x2adfad0099ab, 4, 0x6f732e70) = 0x2adfb00f16d0
1000   0.002030 libjvm.so->dlopen(0x2adfb00e8b70, 1, 0xffffffff, 0x2adfb00e8600) = 0x2adfb0057b50
1000   0.022559 libjvm.so->fopen(0x2adfab7fe130, 0x2adfad0099ab, 4011, 3996) = 0x2adfb00f8fa0
1000   0.001161 libjvm.so->fopen(0x2adfab7fe130, 0x2adfad0099ab, 4011, 3996) = 0x2adfb00f8fa0
1000   0.001131 libjvm.so->fopen(0x2adfab7fe130, 0x2adfad0099ab, 4011, 4004) = 0x2adfb00f8fa0
1000   0.015049 libjvm.so->pthread_attr_setdetachstate(0x2adfab802b20, 1, 0, 0) = 0
1000   0.000971 libpthread.so.0->__clone(0x2adfab8efde0, 0x2adfc446bfc0, 0x3d0f00, 0x2adfc446c700) = 1005
1000   0.001681 libjvm.so->__xstat64(1, 0x2adfab802bb0, 0x2adfab802b20, 17) = -1
1000   0.001236 libjvm.so->pthread_attr_setdetachstate(0x2adfab802920, 1, 0, 0) = 0
1000   0.001121 libpthread.so.0->__clone(0x2adfab8efde0, 0x2adfc456cfc0, 0x3d0f00, 0x2adfc456d700) = 1006
1000   0.001635 libjvm.so->pthread_attr_setdetachstate(0x2adfab802920, 1, 0, 0) = 0
1000   0.001335 libpthread.so.0->__clone(0x2adfab8efde0, 0x2adfc466dfc0, 0x3d0f00, 0x2adfc466e700) = 1007
1000   0.007496 libjvm.so->pthread_attr_setdetachstate(0x2adfab802a70, 1, 0, 0) = 0
1000   0.001409 libpthread.so.0->__clone(0x2adfab8efde0, 0x2adfc476efc0, 0x3d0f00, 0x2adfc476f700) = 1008
1000   0.002174 libjvm.so->pthread_attr_setdetachstate(0x2adfab802b80, 1, 0, 0) = 0
1000   0.001603 libpthread.so.0->__clone(0x2adfab8efde0, 0x2adfc486ffc0, 0x3d0f00, 0x2adfc4870700) = 1009
1000   0.014258 libjvm.so->open64(0x2adfb0134530, 0, 0, 48) = 5
1000   0.001694 libjvm.so->__fxstat64(1, 5, 0x2adfab7fff90, -1) = 0
1000   0.025013 libjvm.so->fopen(0x2adfb015a790, 0x2adfad0099ab, 4, 0x6f732e6f) = 0x2adfb015a850
1000   0.003063 libjvm.so->dlopen(0x2adfb015a790, 1, 0xffffffff, 0x2adfb015a700) = 0x2adfb015a850
1000   0.129639 libjvm.so->fopen(0x2adfb019e7d0, 0x2adfad0099ab, 4, 0x6f732e74) = 0x2adfb01a3750
1000   0.003188 libjvm.so->dlopen(0x2adfb019e7d0, 1, 0xffffffff, 0x2adfb0199d00) = 0x2adfb01abb20
1000   0.131474 libjvm.so->fopen(0x2adfb0216bb0, 0x2adfad0099ab, 0x6f732e7373656c, 0x656c646165685f74) = 0x2adfb0216c90
1000   0.002883 libjvm.so->dlopen(0x2adfb0216bb0, 1, 0xffffffff, 0x2adfb0216c00) = 0x2adfb0216c90
1000   0.018475 libjvm.so->fopen(0x2adfab7fba30, 0x2adfad0099ab, 0x6f732e, 0x6d766a62696c2f72) = 0x2adfb0220b90
1000   0.005646 libjvm.so->dlopen(0x2adfab7fba30, 1, 0xffffffff, 0x2adfb0220100) = 0x555a063e24c0
1000   0.001712 libjvm.so->fopen(0x2adfab7fba30, 0x2adfad0099ab, 0x6f732e, 0x6d766a62696c2f72) = 0x2adfb0220b30
1000   0.004718 libjvm.so->dlopen(0x2adfab7fba30, 1, 0xffffffff, 0x2adfb0220100) = 0x555a063e24c0
1000   0.001647 libjvm.so->fopen(0x2adfab7fba30, 0x2adfad0099ab, 0x6f732e, 0x6d766a62696c2f72) = 0x2adfb0220b30
1000   0.003505 libjvm.so->dlopen(0x2adfab7fba30, 1, 0xffffffff, 0x2adfb0220100) = 0x555a063e24c0
1000   0.001640 libjvm.so->fopen(0x2adfab7fba30, 0x2adfad0099ab, 0x6f732e, 0x6d766a62696c2f72) = 0x2adfb0220b30
1000   0.003390 libjvm.so->dlopen(0x2adfab7fba30, 1, 0xffffffff, 0x2adfb0220100) = 0x555a063e24c0
1000   0.521062 --- SIGSEGV (Segmentation fault) ---
1009  11.520948 +++ exited (status 0) +++
1005   0.000271 +++ exited (status 0) +++
1002   0.000537 +++ exited (status 0) +++
1000   0.000321 +++ exited (status 0) +++
1008   0.000451 +++ exited (status 0) +++
1006   0.000028 +++ exited (status 0) +++
1004   0.000027 +++ exited (status 0) +++
1003   0.000017 +++ exited (status 0) +++
1007   0.022010 +++ exited (status 0) +++
999   0.000070 +++ exited (status 0) +++
Wrote an ltrace for command: "java -cp ./tools/maxent.jar density.MaxEnt -s outputs/Chramesus_mimosae_Blackman.csv -e data/layers/worldclim -o outputs/Chramesus_mimosae_Blackman nowarnings nocache autorun -z" with PID 997 from PPID 956 on disc25.crc.nd.edu with result 0
REMOTEHOST=10.17.144.144
MANPATH=/afs/crc.nd.edu/user/n/nkremerh/cctools/share/man/:/afs/crc.nd.edu/group/ccl/software/x86_64/redhat7/ruby/current/share/man:/afs/crc.nd.edu/group/ccl/software/x86_64/redhat7/graphviz/current/share/man:/afs/crc.nd.edu/group/ccl/software/x86_64/redhat7/gnuplot/current/share/man:/afs/crc.nd.edu/group/ccl/software/x86_64/redhat7/git/current/share/man:/afs/crc.nd.edu/group/ccl/software/x86_64/redhat7/condor/current/share/man:/afs/crc.nd.edu/group/ccl/software/x86_64/redhat7/clang/current/share/man:/afs/crc.nd.edu/group/ccl/software/x86_64/redhat7/condor/current/share/man:/afs/crc.nd.edu/group/ccl/software/x86_64/redhat7/cctools/current/share/man:/afs/crc.nd.edu/group/ccl/software/x86_64/redhat7/cctools/current/share/man:/afs/crc.nd.edu/x86_64_linux/Modules/4.5.0/share/man:/opt/crc/usr/local/man:/opt/sge/man:/usr/share/man/overrides:/usr/share/man:/usr/local/share/man
_CONDOR_JOB_PIDS=
_CONDOR_ANCESTOR_24525=24530:1594671055:2748281650
XDG_SESSION_ID=2735
HOSTNAME=disc01.crc.nd.edu
_LMFILES__modshare=/afs/crc.nd.edu/x86_64_linux/Modules/modules/system_modules/CRC_default/1.1:1
MODULEPATH_modshare=/afs/crc.nd.edu/x86_64_linux/Modules/modules/general_software:1:/afs/crc.nd.edu/x86_64_linux/Modules/modules/development_tools_and_libraries:1:/afs/crc.nd.edu/x86_64_linux/Modules/modules/system_modules:1:/afs/crc.nd.edu/x86_64_linux/Modules/current/modulefiles:1:/afs/crc.nd.edu/x86_64_linux/Modules/modules/restricted_software:1:/afs/crc.nd.edu/x86_64_linux/Modules/modules/deprecated_software:1
TERM=xterm-256color
SHELL=/bin/tcsh
HOST=disc01.crc.nd.edu
MODULES_CMD=/afs/crc.nd.edu/x86_64_linux/Modules/4.5.0/libexec/modulecmd.tcl
HISTSIZE=5000
MAKEFLAGS=
SSH_CLIENT=10.17.144.144 39924 22
TMPDIR=/var/condor/execute/dir_24525/worker-213124-24553/t.1258/cctools-temp-t.1258.YAHiFf
PERL5LIB=/afs/crc.nd.edu/user/n/nkremerh/cctools/lib/perl5/site_perl/5.16.3:/afs/crc.nd.edu/user/n/nkremerh/.perl5/lib/perl5
SGE_CELL=crc
_CONDOR_SCRATCH_DIR=/var/condor/execute/dir_24525
PERL_MB_OPT=--install_base '/afs/crc.nd.edu/user/n/nkremerh/.perl5/'
SSH_TTY=/dev/pts/0
SGE_LOAD_AVG=load_avg
MAKEFLOW_MAX_LOCAL_JOBS=2
GROUP=campus
USER=nkremerh
_CHIRP_DELAYED_UPDATE_PREFIX=Chirp*
HISTFILESIZE=10000
TEMP=/var/condor/execute/dir_24525/worker-213124-24553/t.1258/cctools-temp-t.1258.YAHiFf
LD_LIBRARY_PATH=/afs/crc.nd.edu/group/ccl/software/x86_64/redhat7/ruby/current/lib:/afs/crc.nd.edu/group/ccl/software/x86_64/redhat7/graphviz/current/lib:/afs/crc.nd.edu/group/ccl/software/x86_64/redhat7/git/current/lib:/afs/crc.nd.edu/group/ccl/software/x86_64/redhat7/condor/current/lib:/afs/crc.nd.edu/group/ccl/software/x86_64/redhat7/clang/current/lib:/afs/crc.nd.edu/group/ccl/software/x86_64/redhat7/condor/current/lib:/afs/crc.nd.edu/group/ccl/software/x86_64/redhat7/cctools/current/lib:/opt/crc/usr/local/lib
BATCH_SYSTEM=HTCondor
MODULES_LMALTNAME=CRC_default/1.1&CRC_default/default&CRC_default
ENV=/afs/crc.nd.edu/x86_64_linux/Modules/4.5.0/init/profile.sh
WORKER_TMPDIR=/var/condor/execute/dir_24525/worker-213124-24553/cache/tmp
HOSTTYPE=x86_64-linux
_CONDOR_HIGHPORT=9999
GLOBUS_GSSAPI_MAX_TLS_PROTOCOL=0
_CONDOR_CHIRP_CONFIG=/var/condor/execute/dir_24525/.chirp.config
MAKELEVEL=1
MFLAGS=
MAIL=/var/spool/mail/nkremerh
PATH=/afs/crc.nd.edu/user/n/nkremerh/cctools/bin:/afs/crc.nd.edu/user/n/nkremerh/miniconda/bin:/afs/crc.nd.edu/group/ccl/software/git:/afs/crc.nd.edu/user/n/nkremerh/.local/bin:/afs/crc.nd.edu/group/ccl/software/x86_64/redhat7/povray/3.7/bin:/afs/crc.nd.edu/user/n/nkremerh/.perl5/bin:/afs/crc.nd.edu/user/n/nkremerh/pegasus/bin:/afs/crc.nd.edu/user/n/nkremerh/nodejs/bin:/afs/crc.nd.edu/user/n/nkremerh/montage/bin:/afs/crc.nd.edu/user/n/nkremerh/latexdiff:/afs/crc.nd.edu/user/n/nkremerh/envtrace:/afs/crc.nd.edu/user/n/nkremerh/endlines:/afs/crc.nd.edu/user/n/nkremerh/cctools/bin:/afs/crc.nd.edu/user/n/nkremerh/.cargo/bin:/afs/crc.nd.edu/group/ccl/software/x86_64/redhat7/ruby/current/bin:/afs/crc.nd.edu/group/ccl/software/x86_64/redhat7/graphviz/current/bin:/afs/crc.nd.edu/group/ccl/software/x86_64/redhat7/gnuplot/current/bin:/afs/crc.nd.edu/group/ccl/software/x86_64/redhat7/git/current/bin:/afs/crc.nd.edu/group/ccl/software/x86_64/redhat7/condor/current/sbin:/afs/crc.nd.edu/group/ccl/software/x86_64/redhat7/condor/current/bin:/afs/crc.nd.edu/group/ccl/software/x86_64/redhat7/cmake/current/bin:/afs/crc.nd.edu/group/ccl/software/x86_64/redhat7/clang/current/bin:/afs/crc.nd.edu/group/ccl/software/x86_64/redhat7/condor/current/sbin:/afs/crc.nd.edu/group/ccl/software/x86_64/redhat7/condor/current/bin:/afs/crc.nd.edu/group/ccl/software/x86_64/redhat7/cctools/current/bin:/afs/crc.nd.edu/x86_64_linux/Modules/4.5.0/bin:/opt/crc/usr/local/bin:/opt/sge/bin/lx-amd64:/usr/local/bin:/usr/bin:/usr/local/sbin:/usr/sbin:/afs/crc.nd.edu/user/c/condor/software/bin:/afs/crc.nd.edu/user/c/condor/software/sbin
CCLSOFTWARE=/afs/crc.nd.edu/group/ccl/software/x86_64/redhat7
PWD=/var/condor/execute/dir_24525/worker-213124-24553/t.1258
_LMFILES_=/afs/crc.nd.edu/x86_64_linux/Modules/modules/system_modules/CRC_default/1.1
EDITOR=vim
SGE_EXECD_PORT=6445
LANG=en_US.UTF-8
SGE_QMASTER_PORT=6444
MODULEPATH=/afs/crc.nd.edu/x86_64_linux/Modules/modules/development_tools_and_libraries:/afs/crc.nd.edu/x86_64_linux/Modules/modules/general_software:/afs/crc.nd.edu/x86_64_linux/Modules/modules/restricted_software:/afs/crc.nd.edu/x86_64_linux/Modules/modules/system_modules:/afs/crc.nd.edu/x86_64_linux/Modules/modules/deprecated_software:/afs/crc.nd.edu/x86_64_linux/Modules/current/modulefiles
LOADEDMODULES=CRC_default/1.1
SGE_ROOT=/opt/sge
CCLPLATFORM=x86_64/redhat7
_CONDOR_SLOT=slot1
WORK_QUEUE_SANDBOX=/var/condor/execute/dir_24525/worker-213124-24553
USE_SYSTEMD=true
_CONDOR_LOWPORT=9100
_CONDOR_ANCESTOR_4261=24525:1594671054:4145456440
HISTCONTROL=ignoreboth:erasedups
KRB5CCNAME=FILE:/tmp/krb5cc_213124_ZwXmib
GLOBUS_GSSAPI_NAME_COMPATIBILITY=STRICT_RFC2818
HOME=/afs/crc.nd.edu/user/n/nkremerh
SHLVL=6
PATH_modshare=/opt/crc/usr/local/bin:1:/opt/sge/bin/lx-amd64:1:/usr/sbin:1:/usr/bin:1:/afs/crc.nd.edu/user/c/condor/software/sbin:1:/usr/local/sbin:1:/afs/crc.nd.edu/user/c/condor/software/bin:1:/usr/local/bin:1
OSTYPE=linux
_CONDOR_MACHINE_AD=/var/condor/execute/dir_24525/.machine.ad
_CONDOR_ANCESTOR_3989=4261:1593343483:4184216969
GREP_OPTIONS=--color=auto
DISK=916727
GLOBUS_GSSAPI_MIN_TLS_PROTOCOL=TLS1_VERSION
MANPATH_modshare=/usr/share/man/overrides:1:/usr/local/share/man:1:/usr/share/man:1:/opt/crc/usr/local/man:1:/opt/sge/man:1
MEMORY=15899
PERL_LOCAL_LIB_ROOT=/afs/crc.nd.edu/user/n/nkremerh/.perl5/
BASH_ENV=/afs/crc.nd.edu/x86_64_linux/Modules/4.5.0/init/bash
VENDOR=unknown
TMP=/var/condor/execute/dir_24525/worker-213124-24553/t.1258/cctools-temp-t.1258.YAHiFf
LOGNAME=nkremerh
MACHTYPE=x86_64
CCLHOME=/afs/crc.nd.edu/group/ccl
PYTHONPATH=/afs/crc.nd.edu/user/n/nkremerh/cctools/lib/python3.6/site-packages/
LD_LIBRARY_PATH_modshare=/opt/crc/usr/local/lib:1
SSH_CONNECTION=10.17.144.144 39924 129.74.128.103 22
MODULES_LMALTNAME_modshare=CRC_default/1.1&CRC_default/default&CRC_default:1
MODULESHOME=/afs/crc.nd.edu/x86_64_linux/Modules/4.5.0
GLOBUS_GSSAPI_CIPHERS=HIGH
GLOBUS_GSSAPI_BACKWARD_COMPATIBLE_MIC=true
LESSOPEN=||/usr/bin/lesspipe.sh %s
OMP_NUM_THREADS=1
_CONDOR_JOB_AD=/var/condor/execute/dir_24525/.job.ad
LOADEDMODULES_modshare=CRC_default/1.1:1
XDG_RUNTIME_DIR=/run/user/213124
SGE_CLUSTER_NAME=CRC
CCTOOLS=../cctools
CORES=4
_CONDOR_JOB_IWD=/var/condor/execute/dir_24525
PERL_MM_OPT=INSTALL_BASE=/afs/crc.nd.edu/user/n/nkremerh/.perl5/
GLOBUS_GSSAPI_SERVER_CIPHER_ORDER=true
BASH_FUNC_module()=() {  unset _mlshdbg;
 if [ "${MODULES_SILENT_SHELL_DEBUG:-0}" = '1' ]; then
 case "$-" in 
 *v*x*)
 set +vx;
 _mlshdbg='vx'
 ;;
 *v*)
 set +v;
 _mlshdbg='v'
 ;;
 *x*)
 set +x;
 _mlshdbg='x'
 ;;
 *)
 _mlshdbg=''
 ;;
 esac;
 fi;
 unset _mlre _mlIFS;
 if [ -n "${IFS+x}" ]; then
 _mlIFS=$IFS;
 fi;
 IFS=' ';
 for _mlv in ${MODULES_RUN_QUARANTINE:-};
 do
 if [ "${_mlv}" = "${_mlv##*[!A-Za-z0-9_]}" -a "${_mlv}" = "${_mlv#[0-9]}" ]; then
 if [ -n "`eval 'echo ${'$_mlv'+x}'`" ]; then
 _mlre="${_mlre:-}${_mlv}_modquar='`eval 'echo ${'$_mlv'}'`' ";
 fi;
 _mlrv="MODULES_RUNENV_${_mlv}";
 _mlre="${_mlre:-}${_mlv}='`eval 'echo ${'$_mlrv':-}'`' ";
 fi;
 done;
 if [ -n "${_mlre:-}" ]; then
 eval `eval ${_mlre}/usr/bin/tclsh /afs/crc.nd.edu/x86_64_linux/Modules/4.5.0/libexec/modulecmd.tcl bash '"$@"'`;
 else
 eval `/usr/bin/tclsh /afs/crc.nd.edu/x86_64_linux/Modules/4.5.0/libexec/modulecmd.tcl bash "$@"`;
 fi;
 _mlstatus=$?;
 if [ -n "${_mlIFS+x}" ]; then
 IFS=$_mlIFS;
 else
 unset IFS;
 fi;
 unset _mlre _mlv _mlrv _mlIFS;
 if [ -n "${_mlshdbg:-}" ]; then
 set -$_mlshdbg;
 fi;
 unset _mlshdbg;
 return $_mlstatus
}
BASH_FUNC_ml()=() {  module ml "$@"
}
_=/usr/bin/printenv
