19354   0.000000 libjli.so->getenv("_JAVA_LAUNCHER_DEBUG") = nil
19354   0.001853 libjli.so->getenv("_JAVA_VERSION_SET") = nil
19354   0.000686 libjli.so->fopen("/usr/lib/jvm/java-1.8.0-openjdk-1.8.0.262.b10-0.el7_8.x86_64/jre/lib/amd64/jvm.cfg", "r") = 0x55cb3d13d0e0
19354   0.000906 libjli.so->getenv("JDK_ALTERNATE_VM") = nil
19354   0.000319 libjli.so->__xstat(1, "/usr/lib/jvm/java-1.8.0-openjdk-1.8.0.262.b10-0.el7_8.x86_64/jre/lib/amd64/server/libjvm.so", 0x7ffdfa227c80) = 0
19354   0.000606 libjli.so->getenv("LD_LIBRARY_PATH") = "/afs/crc.nd.edu/group/ccl/software/x86_64/redhat7/ruby/current/lib:/afs/crc.nd.edu/group/ccl/software/x86_64/redhat7/graphviz/current/lib:/afs/crc.nd.edu/group/ccl/software/x86_64/redhat7/git/current/lib:/afs/crc.nd.edu/group/ccl/software/x86_64/redhat7/condor/current/lib:/afs/crc.nd.edu/group/ccl/software/x86_64/redhat7/clang/current/lib:/afs/crc.nd.edu/group/ccl/software/x86_64/redhat7/condor/current/lib:/afs/crc.nd.edu/group/ccl/software/x86_64/redhat7/cctools/current/lib:/opt/crc/usr/local/lib"
19354   0.002163 libjli.so->dlopen("/usr/lib/jvm/java-1.8.0-openjdk-1.8.0.262.b10-0.el7_8.x86_64/jre/lib/amd64/server/libjvm.so", 258 <unfinished ...>
19354   0.038879 libjvm.so->getenv("NMT_LEVEL_19354") = nil
19354   0.001759 <... dlopen resumed> )          = 0x55cb3d13d4b0
19354   0.000077 libjli.so->getenv("CLASSPATH")  = nil
19354   0.000321 libjli.so->getenv("_JAVA_SPLASH_JAR") = nil
19354   0.000322 libjli.so->getenv("_JAVA_SPLASH_FILE") = nil
19354   0.000381 libjli.so->pthread_attr_setdetachstate(0x7ffdfa227c30, 0, 0x7ffdfa227cc0, 0) = 0
19354   0.000548 libpthread.so.0->__clone(0x2b07a1f90de0, 0x2b07a1ea3fc0, 0x3d0f00, 0x2b07a1ea4700) = 0x4b9b
19355   0.001671 libjvm.so->dlopen(0x2b07a376f9ae, 1, 0xfffffffffff42c48, 4096) = 0x2b07a8000990
19355   0.004396 libjvm.so->getenv(0x2b07a378a83e, 0, 115, 0x65737361) = 0x7ffdfa22e653
19355   0.000489 libjvm.so->fopen(0x2b07a1ea2c10, 0x2b07a3726ccb, 0x6f732e79666972, 0x2b07a2868ab0) = 0x2b07a8001440
19355   0.001430 libjvm.so->dlopen(0x2b07a1ea2c10, 1, 0xffffffff, 0x2b07a8002b00) = 0x2b07a8001440
19355   0.002023 libjvm.so->fopen(0x2b07a1ea2c10, 0x2b07a3726ccb, 111, 0x732e6176) = 0x2b07a8001b10
19355   0.001619 libjvm.so->dlopen(0x2b07a1ea2c10, 1, 0xffffffff, 0x2b07a8001a00) = 0x2b07a8001b10
19355   0.001802 libjvm.so->__xstat(1, 0x2b07a1ea3360, 0x2b07a1ea3ba0, 0x746f7073746f682e) = -1
19355   0.000450 libjvm.so->getenv(0x2b07a371f541, 0x2b07a1ea36d0, 1024, 0x2b07a3bd961b) = 0
19355   0.000444 libjvm.so->getenv(0x2b07a371f533, 0x2b07a1ea36d0, 1024, 0) = 0
19355   0.000416 libjvm.so->fopen(0x2b07a376f315, 0x2b07a3726ccb, 4095, 0xffffd4f85c8e0b03) = 0x2b07a80032f0
19355   0.001171 libjvm.so->fopen(0x2b07a376f361, 0x2b07a3726ccb, 0x2b07a8000078, 0x2b07a80032e0) = 0x2b07a80032f0
19355   0.000846 libjvm.so->fopen(0x2b07a1e9d9b0, 0x2b07a3726ccb, 4014, 3995) = 0x2b07a80032f0
19355   0.000970 libjvm.so->opendir(0x2b07a8002b40, 0x2b07a8002b40, 13, 16) = 0
19355   0.001536 libjvm.so->__xstat(1, 0x2b07a1ea28f0, 0x2b07a1ea1860, 0x6f732e7477616d62) = -1
19355   0.000571 libjvm.so->__xstat(1, 0x2b07a1ea28f0, 0x2b07a1ea1860, 0x5f74776162696c2f) = 0
19355   0.000636 libjvm.so->fopen(0x2b07a1ea1b90, 0x2b07a3726ccb, 4009, 3994) = 0x2b07a80037d0
19355   0.000772 libjvm.so->fopen(0x2b07a1ea1b90, 0x2b07a3726ccb, 4009, 3994) = 0x2b07a80037d0
19355   0.000752 libjvm.so->fopen(0x2b07a1ea1b90, 0x2b07a3726ccb, 4009, 4002) = 0x2b07a80037d0
19355   0.000771 libjvm.so->fopen(0x2b07a1ea1b20, 0x2b07a3726ccb, 4009, 3994) = 0x2b07a80037d0
19355   0.000746 libjvm.so->fopen(0x2b07a1ea1b20, 0x2b07a3726ccb, 4009, 3994) = 0x2b07a80037d0
19355   0.000753 libjvm.so->fopen(0x2b07a1ea1b20, 0x2b07a3726ccb, 4009, 4002) = 0x2b07a80037d0
19355   0.000765 libjvm.so->fopen(0x2b07a1ea1b50, 0x2b07a3726ccb, 4014, 3995) = 0x2b07a80037d0
19355   0.000950 libjvm.so->getenv(0x2b07a37700ff, 4096, 3, -1) = 0
19355   0.001079 libjvm.so->fopen(0x2b07a376f998, 0x2b07a3726ccb, 0x2b07a1f87908, 0x2b07a1f86df0) = 0x2b07a80037d0
19355   0.006651 libjvm.so->open(0x2b07a804a5c0, 0x20000, 0, 0x2b07a804a609) = 3
19355   0.000455 libjvm.so->__fxstat(1, 3, 0x2b07a1ea3a00, -1) = 0
19355   0.000470 libjvm.so->opendir(0x2b07a804a5c0, 0x2b07a1ea3a00, 0x4000, -1) = 0x2b07a804b4d0
19355   0.000483 libjvm.so->__fxstat(1, 3, 0x2b07a1ea38a0, 0x2b07a804b4d0) = 0
19355   0.000428 libjvm.so->__fxstat(1, 5, 0x2b07a1ea3930, -1) = 0
19355   0.000458 libjvm.so->open(0x2b07a373d9dc, 0, 0, 0) = 3
19355   0.000664 libjvm.so->__lxstat(1, 0x2b07a804a5c0, 0x2b07a1ea3b50, -144) = 0
19355   0.000544 libjvm.so->open(0x2b07a804a5c0, 0x20000, 0x4000, -1) = 3
19355   0.000459 libjvm.so->__fxstat(1, 3, 0x2b07a1ea3a00, -1) = 0
19355   0.000480 libjvm.so->opendir(0x2b07a804a5c0, 0x2b07a1ea3a00, 0x4000, -1) = 0x2b07a804b4d0
19355   0.000510 libjvm.so->__fxstat(1, 3, 0x2b07a1ea38a0, 0x2b07a804b4d0) = 0
19355   0.000466 libjvm.so->__fxstat(1, 5, 0x2b07a1ea3930, -1) = 0
19355   0.000459 libjvm.so->open(0x2b07a373d9dc, 0, 0, 0) = 3
19355   0.000470 libjvm.so->open(0x2b07a804a609, 0x20042, 384, -1) = 7
19355   0.002869 libjvm.so->__fxstat(1, 7, 0x2b07a1ea3b50, -1) = 0
19355   0.001985 libjvm.so->fopen(0x2b07a1ea2b60, 0x2b07a3726ccb, 4, 0x6f732e70) = 0x2b07a8057c20
19355   0.001681 libjvm.so->dlopen(0x2b07a1ea2b60, 1, 0xffffffff, 0x2b07a8057b00) = 0x2b07a8057c20
19355   0.004030 libjvm.so->__xstat(1, 0x2b07a1ea3120, 0x2b07a1ea3950, 2048) = 0
19355   0.000815 libjvm.so->__xstat(1, 0x2b07a1ea3120, 0x2b07a1ea3950, 2048) = 0
19355   0.000709 libjvm.so->__xstat(1, 0x2b07a1ea3120, 0x2b07a1ea3950, 2048) = -1
19355   0.000511 libjvm.so->__xstat(1, 0x2b07a1ea3120, 0x2b07a1ea3950, 2048) = 0
19355   0.000536 libjvm.so->__xstat(1, 0x2b07a1ea3120, 0x2b07a1ea3950, 2048) = 0
19355   0.000491 libjvm.so->__xstat(1, 0x2b07a1ea3120, 0x2b07a1ea3950, 2048) = 0
19355   0.000506 libjvm.so->__xstat(1, 0x2b07a1ea3120, 0x2b07a1ea3950, 2048) = 0
19355   0.000577 libjvm.so->__xstat(1, 0x2b07a1ea3120, 0x2b07a1ea3950, 2048) = -1
19355   0.000525 libjvm.so->fopen(0x2b07a8002520, 0x2b07a3726ccb, 0, 0) = 0x2b07a8058ac0
19355   0.009964 libjvm.so->open64(0x2b07a1ea2410, 0, 0, 16) = 3
19355   0.000526 libjvm.so->__fxstat64(1, 3, 0x2b07a1ea2240, -1) = 0
19355   0.046985 libjvm.so->__xstat(1, 0x2b07a1ea2f20, 0x2b07a1ea3750, 2048) = -1
19355   0.000594 libjvm.so->fopen(0x2b07a1ea1b20, 0x2b07a3726ccb, 4009, 3994) = 0x2b07a80b5d40
19355   0.000648 libjvm.so->fopen(0x2b07a1ea1b20, 0x2b07a3726ccb, 4009, 3994) = 0x2b07a80b5d40
19355   0.000589 libjvm.so->fopen(0x2b07a1ea1b20, 0x2b07a3726ccb, 4009, 4002) = 0x2b07a80b5d40
19355   0.004400 libjvm.so->pthread_attr_setdetachstate(0x2b07a1ea3c00, 1, 0, 0) = 0
19355   0.000606 libpthread.so.0->__clone(0x2b07a1f90de0, 0x2b07a7814fc0, 0x3d0f00, 0x2b07a7815700) = 0x4b9c
19355   0.019510 libjvm.so->pthread_attr_setdetachstate(0x2b07a1ea3290, 1, 0, 0) = 0
19355   0.000622 libpthread.so.0->__clone(0x2b07a1f90de0, 0x2b07a7915fc0, 0x3d0f00, 0x2b07a7916700) = 0x4b9d
19355   0.007895 libjvm.so->pthread_attr_setdetachstate(0x2b07a1ea3610, 1, 0, 0) = 0
19355   0.000898 libpthread.so.0->__clone(0x2b07a1f90de0, 0x2b07a7a16fc0, 0x3d0f00, 0x2b07a7a17700) = 0x4b9e
19355   0.050197 libjvm.so->fopen(0x2b07a80f17f0, 0x2b07a3726ccb, 4, 0x6f732e70) = 0x2b07a80f1cf0
19355   0.002866 libjvm.so->dlopen(0x2b07a80f17f0, 1, 0xffffffff, 0x2b07a80e8c00) = 0x2b07a8057c20
19355   0.007879 libjvm.so->open64(0x2b07a1ea2510, 0, 0, 16) = 5
19355   0.001019 libjvm.so->__fxstat64(1, 5, 0x2b07a1ea2340, -1) = 0
19355   0.021857 libjvm.so->fopen(0x2b07a1e9f130, 0x2b07a3726ccb, 4009, 3994) = 0x2b07a80fccc0
19355   0.001350 libjvm.so->fopen(0x2b07a1e9f130, 0x2b07a3726ccb, 4009, 3994) = 0x2b07a80fccc0
19355   0.001242 libjvm.so->fopen(0x2b07a1e9f130, 0x2b07a3726ccb, 4009, 4002) = 0x2b07a80fccc0
19355   0.017116 libjvm.so->pthread_attr_setdetachstate(0x2b07a1ea3b50, 1, 0, 0) = 0
19355   0.001014 libpthread.so.0->__clone(0x2b07a1f90de0, 0x2b07a7b17fc0, 0x3d0f00, 0x2b07a7b18700) = 0x4b9f
19355   0.001493 libjvm.so->__xstat64(1, 0x2b07a1ea3be0, 0x2b07a1ea3b50, 19) = -1
19355   0.002367 libjvm.so->pthread_attr_setdetachstate(0x2b07a1ea3950, 1, 0, 0) = 0
19355   0.001198 libpthread.so.0->__clone(0x2b07a1f90de0, 0x2b07a7c18fc0, 0x3d0f00, 0x2b07a7c19700) = 0x4ba0
19355   0.001784 libjvm.so->pthread_attr_setdetachstate(0x2b07a1ea3950, 1, 0, 0) = 0
19355   0.001405 libpthread.so.0->__clone(0x2b07a1f90de0, 0x2b07a7d19fc0, 0x3d0f00, 0x2b07a7d1a700) = 0x4ba1
19355   0.010552 libjvm.so->pthread_attr_setdetachstate(0x2b07a1ea3aa0, 1, 0, 0) = 0
19355   0.001449 libpthread.so.0->__clone(0x2b07a1f90de0, 0x2b07a7e1afc0, 0x3d0f00, 0x2b07a7e1b700) = 0x4ba2
19355   0.002301 libjvm.so->pthread_attr_setdetachstate(0x2b07a1ea3bb0, 1, 0, 0) = 0
19355   0.001673 libpthread.so.0->__clone(0x2b07a1f90de0, 0x2b07a7f1bfc0, 0x3d0f00, 0x2b07a7f1c700) = 0x4ba3
19355   0.016970 libjvm.so->open64(0x2b07a81208a0, 0, 0, 32) = 7
19355   0.001750 libjvm.so->__fxstat64(1, 7, 0x2b07a1ea0f60, -1) = 0
19355   0.030666 libjvm.so->fopen(0x2b07a814c6f0, 0x2b07a3726ccb, 4, 0x6f732e6f) = 0x2b07a814c7b0
19355   0.003158 libjvm.so->dlopen(0x2b07a814c6f0, 1, 0xffffffff, 0x2b07a814c700) = 0x2b07a814c7b0
19355   0.121106 libjvm.so->fopen(0x2b07a1e9de40, 0x2b07a3726ccb, 0x6f732e, 0x6d766a62696c2f72) = 0x2b07a8161e30
19355   0.006130 libjvm.so->dlopen(0x2b07a1e9de40, 1, 0xffffffff, 0x2b07a8161d00) = 0x55cb3d13d4b0
19355   0.001733 libjvm.so->fopen(0x2b07a1e9de40, 0x2b07a3726ccb, 0x6f732e, 0x6d766a62696c2f72) = 0x2b07a8162230
19355   0.006337 libjvm.so->dlopen(0x2b07a1e9de40, 1, 0xffffffff, 0x2b07a8161d00) = 0x55cb3d13d4b0
19355   0.003991 libjvm.so->fopen(0x2b07a1e9de40, 0x2b07a3726ccb, 0x6f732e, 0x6d766a62696c2f72) = 0x2b07a8161e30
19355   0.003811 libjvm.so->dlopen(0x2b07a1e9de40, 1, 0xffffffff, 0x2b07a8161d00) = 0x55cb3d13d4b0
19355   0.001709 libjvm.so->fopen(0x2b07a1e9de40, 0x2b07a3726ccb, 0x6f732e, 0x6d766a62696c2f72) = 0x2b07a8161e30
19355   0.003548 libjvm.so->dlopen(0x2b07a1e9de40, 1, 0xffffffff, 0x2b07a8161d00) = 0x55cb3d13d4b0
19355   0.047122 libjvm.so->fopen(0x2b07a819f3c0, 0x2b07a3726ccb, 4, 0x6f732e74) = 0x2b07a81af230
19355   0.003175 libjvm.so->dlopen(0x2b07a819f3c0, 1, 0xffffffff, 0x2b07a819fd00) = 0x2b07a81bf530
19355   0.146840 libjvm.so->fopen(0x2b07a82305a0, 0x2b07a3726ccb, 0x6f732e7373656c, 0x656c646165685f74) = 0x2b07a8230680
19355   0.002959 libjvm.so->dlopen(0x2b07a82305a0, 1, 0xffffffff, 0x2b07a8230600) = 0x2b07a8230680
19363   0.044299 +++ exited (status 0) +++
19356   0.000744 +++ exited (status 0) +++
19355   0.000311 +++ exited (status 0) +++
19362   0.000256 +++ exited (status 1) +++
19361   0.000031 +++ exited (status 1) +++
19358   0.000038 +++ exited (status 1) +++
19359   0.000017 +++ exited (status 1) +++
19357   0.000017 +++ exited (status 1) +++
19360   0.005142 +++ exited (status 1) +++
19354   0.000055 +++ exited (status 1) +++
Wrote an ltrace for command: "java -cp ./tools/maxent.jar density.Project outputs/Amphipoea_americana_Speyer/Amphipoea_americana_Speyer.lambdas data/layers/worldclim outputs/Amphipoea_americana_Speyer_worldclim.asc nowarnings nocache autorun -z" with PID 19352 from PPID 19331 on disc25.crc.nd.edu with result 1
REMOTEHOST=10.17.145.58
_CONDOR_JOB_PIDS=
MANPATH=/afs/crc.nd.edu/user/n/nkremerh/cctools/share/man/:/afs/crc.nd.edu/group/ccl/software/x86_64/redhat7/ruby/current/share/man:/afs/crc.nd.edu/group/ccl/software/x86_64/redhat7/graphviz/current/share/man:/afs/crc.nd.edu/group/ccl/software/x86_64/redhat7/gnuplot/current/share/man:/afs/crc.nd.edu/group/ccl/software/x86_64/redhat7/git/current/share/man:/afs/crc.nd.edu/group/ccl/software/x86_64/redhat7/condor/current/share/man:/afs/crc.nd.edu/group/ccl/software/x86_64/redhat7/clang/current/share/man:/afs/crc.nd.edu/group/ccl/software/x86_64/redhat7/condor/current/share/man:/afs/crc.nd.edu/group/ccl/software/x86_64/redhat7/cctools/current/share/man:/afs/crc.nd.edu/group/ccl/software/x86_64/redhat7/cctools/current/share/man:/afs/crc.nd.edu/x86_64_linux/Modules/4.5.0/share/man:/opt/crc/usr/local/man:/opt/sge/man:/usr/share/man/overrides:/usr/share/man:/usr/local/share/man
XDG_SESSION_ID=3301
HOSTNAME=disc01.crc.nd.edu
_LMFILES__modshare=/afs/crc.nd.edu/x86_64_linux/Modules/modules/system_modules/CRC_default/1.1:1
MODULEPATH_modshare=/afs/crc.nd.edu/x86_64_linux/Modules/modules/general_software:1:/afs/crc.nd.edu/x86_64_linux/Modules/modules/development_tools_and_libraries:1:/afs/crc.nd.edu/x86_64_linux/Modules/modules/system_modules:1:/afs/crc.nd.edu/x86_64_linux/Modules/current/modulefiles:1:/afs/crc.nd.edu/x86_64_linux/Modules/modules/restricted_software:1:/afs/crc.nd.edu/x86_64_linux/Modules/modules/deprecated_software:1
MODULES_CMD=/afs/crc.nd.edu/x86_64_linux/Modules/4.5.0/libexec/modulecmd.tcl
HOST=disc01.crc.nd.edu
SHELL=/bin/tcsh
TERM=xterm-256color
MAKEFLAGS=
HISTSIZE=5000
TMPDIR=/var/condor/execute/dir_3432/worker-213124-3506/t.1789/cctools-temp-t.1789.MfhgjD
SSH_CLIENT=10.17.145.58 38176 22
PERL5LIB=/afs/crc.nd.edu/user/n/nkremerh/cctools/lib/perl5/site_perl/5.16.3:/afs/crc.nd.edu/user/n/nkremerh/.perl5/lib/perl5
SGE_CELL=crc
_CONDOR_SCRATCH_DIR=/var/condor/execute/dir_3432
PERL_MB_OPT=--install_base '/afs/crc.nd.edu/user/n/nkremerh/.perl5/'
SSH_TTY=/dev/pts/0
SGE_LOAD_AVG=load_avg
MAKEFLOW_MAX_LOCAL_JOBS=2
HISTFILESIZE=10000
_CHIRP_DELAYED_UPDATE_PREFIX=Chirp*
USER=nkremerh
GROUP=campus
LD_LIBRARY_PATH=/afs/crc.nd.edu/group/ccl/software/x86_64/redhat7/ruby/current/lib:/afs/crc.nd.edu/group/ccl/software/x86_64/redhat7/graphviz/current/lib:/afs/crc.nd.edu/group/ccl/software/x86_64/redhat7/git/current/lib:/afs/crc.nd.edu/group/ccl/software/x86_64/redhat7/condor/current/lib:/afs/crc.nd.edu/group/ccl/software/x86_64/redhat7/clang/current/lib:/afs/crc.nd.edu/group/ccl/software/x86_64/redhat7/condor/current/lib:/afs/crc.nd.edu/group/ccl/software/x86_64/redhat7/cctools/current/lib:/opt/crc/usr/local/lib
TEMP=/var/condor/execute/dir_3432/worker-213124-3506/t.1789/cctools-temp-t.1789.MfhgjD
BATCH_SYSTEM=HTCondor
WORKER_TMPDIR=/var/condor/execute/dir_3432/worker-213124-3506/cache/tmp
ENV=/afs/crc.nd.edu/x86_64_linux/Modules/4.5.0/init/profile.sh
MODULES_LMALTNAME=CRC_default/1.1&CRC_default/default&CRC_default
_CONDOR_CHIRP_CONFIG=/var/condor/execute/dir_3432/.chirp.config
GLOBUS_GSSAPI_MAX_TLS_PROTOCOL=0
_CONDOR_HIGHPORT=9999
HOSTTYPE=x86_64-linux
MAKELEVEL=1
MFLAGS=
CCLSOFTWARE=/afs/crc.nd.edu/group/ccl/software/x86_64/redhat7
PATH=/afs/crc.nd.edu/user/n/nkremerh/cctools/bin:/afs/crc.nd.edu/user/n/nkremerh/miniconda/bin:/afs/crc.nd.edu/group/ccl/software/git:/afs/crc.nd.edu/user/n/nkremerh/.local/bin:/afs/crc.nd.edu/group/ccl/software/x86_64/redhat7/povray/3.7/bin:/afs/crc.nd.edu/user/n/nkremerh/.perl5/bin:/afs/crc.nd.edu/user/n/nkremerh/pegasus/bin:/afs/crc.nd.edu/user/n/nkremerh/nodejs/bin:/afs/crc.nd.edu/user/n/nkremerh/montage/bin:/afs/crc.nd.edu/user/n/nkremerh/latexdiff:/afs/crc.nd.edu/user/n/nkremerh/envtrace:/afs/crc.nd.edu/user/n/nkremerh/endlines:/afs/crc.nd.edu/user/n/nkremerh/cctools/bin:/afs/crc.nd.edu/user/n/nkremerh/.cargo/bin:/afs/crc.nd.edu/group/ccl/software/x86_64/redhat7/ruby/current/bin:/afs/crc.nd.edu/group/ccl/software/x86_64/redhat7/graphviz/current/bin:/afs/crc.nd.edu/group/ccl/software/x86_64/redhat7/gnuplot/current/bin:/afs/crc.nd.edu/group/ccl/software/x86_64/redhat7/git/current/bin:/afs/crc.nd.edu/group/ccl/software/x86_64/redhat7/condor/current/sbin:/afs/crc.nd.edu/group/ccl/software/x86_64/redhat7/condor/current/bin:/afs/crc.nd.edu/group/ccl/software/x86_64/redhat7/cmake/current/bin:/afs/crc.nd.edu/group/ccl/software/x86_64/redhat7/clang/current/bin:/afs/crc.nd.edu/group/ccl/software/x86_64/redhat7/condor/current/sbin:/afs/crc.nd.edu/group/ccl/software/x86_64/redhat7/condor/current/bin:/afs/crc.nd.edu/group/ccl/software/x86_64/redhat7/cctools/current/bin:/afs/crc.nd.edu/x86_64_linux/Modules/4.5.0/bin:/opt/crc/usr/local/bin:/opt/sge/bin/lx-amd64:/usr/local/bin:/usr/bin:/usr/local/sbin:/usr/sbin:/afs/crc.nd.edu/user/c/condor/software/bin:/afs/crc.nd.edu/user/c/condor/software/sbin
MAIL=/var/spool/mail/nkremerh
PWD=/var/condor/execute/dir_3432/worker-213124-3506/t.1789
_LMFILES_=/afs/crc.nd.edu/x86_64_linux/Modules/modules/system_modules/CRC_default/1.1
SGE_EXECD_PORT=6445
EDITOR=vim
LANG=en_US.UTF-8
MODULEPATH=/afs/crc.nd.edu/x86_64_linux/Modules/modules/development_tools_and_libraries:/afs/crc.nd.edu/x86_64_linux/Modules/modules/general_software:/afs/crc.nd.edu/x86_64_linux/Modules/modules/restricted_software:/afs/crc.nd.edu/x86_64_linux/Modules/modules/system_modules:/afs/crc.nd.edu/x86_64_linux/Modules/modules/deprecated_software:/afs/crc.nd.edu/x86_64_linux/Modules/current/modulefiles
SGE_QMASTER_PORT=6444
SGE_ROOT=/opt/sge
LOADEDMODULES=CRC_default/1.1
WORK_QUEUE_SANDBOX=/var/condor/execute/dir_3432/worker-213124-3506
_CONDOR_SLOT=slot2_1
CCLPLATFORM=x86_64/redhat7
USE_SYSTEMD=true
_CONDOR_ANCESTOR_4261=3432:1594946670:4145456537
_CONDOR_LOWPORT=9100
KRB5CCNAME=FILE:/tmp/krb5cc_213124_0wTNSp
HISTCONTROL=ignoreboth:erasedups
PATH_modshare=/opt/crc/usr/local/bin:1:/opt/sge/bin/lx-amd64:1:/usr/sbin:1:/usr/bin:1:/afs/crc.nd.edu/user/c/condor/software/sbin:1:/usr/local/sbin:1:/afs/crc.nd.edu/user/c/condor/software/bin:1:/usr/local/bin:1
SHLVL=7
HOME=/afs/crc.nd.edu/user/n/nkremerh
GLOBUS_GSSAPI_NAME_COMPATIBILITY=STRICT_RFC2818
_CONDOR_ANCESTOR_3989=4261:1593343483:4184216969
_CONDOR_MACHINE_AD=/var/condor/execute/dir_3432/.machine.ad
OSTYPE=linux
DISK=18236
GREP_OPTIONS=--color=auto
GLOBUS_GSSAPI_MIN_TLS_PROTOCOL=TLS1_VERSION
MEMORY=1948
MANPATH_modshare=/usr/share/man/overrides:1:/usr/local/share/man:1:/usr/share/man:1:/opt/crc/usr/local/man:1:/opt/sge/man:1
VENDOR=unknown
BASH_ENV=/afs/crc.nd.edu/x86_64_linux/Modules/4.5.0/init/bash
PERL_LOCAL_LIB_ROOT=/afs/crc.nd.edu/user/n/nkremerh/.perl5/
PYTHONPATH=/afs/crc.nd.edu/user/n/nkremerh/cctools/lib/python3.6/site-packages/
CCLHOME=/afs/crc.nd.edu/group/ccl
MACHTYPE=x86_64
LOGNAME=nkremerh
TMP=/var/condor/execute/dir_3432/worker-213124-3506/t.1789/cctools-temp-t.1789.MfhgjD
LD_LIBRARY_PATH_modshare=/opt/crc/usr/local/lib:1
_CONDOR_ANCESTOR_3432=3449:1594946671:1383377506
MODULES_LMALTNAME_modshare=CRC_default/1.1&CRC_default/default&CRC_default:1
SSH_CONNECTION=10.17.145.58 38176 129.74.128.103 22
MODULESHOME=/afs/crc.nd.edu/x86_64_linux/Modules/4.5.0
OMP_NUM_THREADS=1
LESSOPEN=||/usr/bin/lesspipe.sh %s
GLOBUS_GSSAPI_BACKWARD_COMPATIBLE_MIC=true
GLOBUS_GSSAPI_CIPHERS=HIGH
LOADEDMODULES_modshare=CRC_default/1.1:1
_CONDOR_JOB_AD=/var/condor/execute/dir_3432/.job.ad
SGE_CLUSTER_NAME=CRC
XDG_RUNTIME_DIR=/run/user/213124
CCTOOLS=../cctools
CORES=1
_CONDOR_JOB_IWD=/var/condor/execute/dir_3432
PERL_MM_OPT=INSTALL_BASE=/afs/crc.nd.edu/user/n/nkremerh/.perl5/
GLOBUS_GSSAPI_SERVER_CIPHER_ORDER=true
BASH_FUNC_module()=() {  unset _mlshdbg;
 if [ "${MODULES_SILENT_SHELL_DEBUG:-0}" = '1' ]; then
 case "$-" in 
 *v*x*)
 set +vx;
 _mlshdbg='vx'
 ;;
 *v*)
 set +v;
 _mlshdbg='v'
 ;;
 *x*)
 set +x;
 _mlshdbg='x'
 ;;
 *)
 _mlshdbg=''
 ;;
 esac;
 fi;
 unset _mlre _mlIFS;
 if [ -n "${IFS+x}" ]; then
 _mlIFS=$IFS;
 fi;
 IFS=' ';
 for _mlv in ${MODULES_RUN_QUARANTINE:-};
 do
 if [ "${_mlv}" = "${_mlv##*[!A-Za-z0-9_]}" -a "${_mlv}" = "${_mlv#[0-9]}" ]; then
 if [ -n "`eval 'echo ${'$_mlv'+x}'`" ]; then
 _mlre="${_mlre:-}${_mlv}_modquar='`eval 'echo ${'$_mlv'}'`' ";
 fi;
 _mlrv="MODULES_RUNENV_${_mlv}";
 _mlre="${_mlre:-}${_mlv}='`eval 'echo ${'$_mlrv':-}'`' ";
 fi;
 done;
 if [ -n "${_mlre:-}" ]; then
 eval `eval ${_mlre}/usr/bin/tclsh /afs/crc.nd.edu/x86_64_linux/Modules/4.5.0/libexec/modulecmd.tcl bash '"$@"'`;
 else
 eval `/usr/bin/tclsh /afs/crc.nd.edu/x86_64_linux/Modules/4.5.0/libexec/modulecmd.tcl bash "$@"`;
 fi;
 _mlstatus=$?;
 if [ -n "${_mlIFS+x}" ]; then
 IFS=$_mlIFS;
 else
 unset IFS;
 fi;
 unset _mlre _mlv _mlrv _mlIFS;
 if [ -n "${_mlshdbg:-}" ]; then
 set -$_mlshdbg;
 fi;
 unset _mlshdbg;
 return $_mlstatus
}
BASH_FUNC_ml()=() {  module ml "$@"
}
_=/usr/bin/printenv
