15041   0.000000 libjli.so->getenv("_JAVA_LAUNCHER_DEBUG") = nil
15041   0.001897 libjli.so->getenv("_JAVA_VERSION_SET") = nil
15041   0.000825 libjli.so->fopen("/usr/lib/jvm/java-1.8.0-openjdk-1.8.0.252.b09-2.el7_8.x86_64/jre/lib/amd64/jvm.cfg", "r") = 0x55dcd56150f0
15041   0.000791 libjli.so->getenv("JDK_ALTERNATE_VM") = nil
15041   0.000304 libjli.so->__xstat(1, "/usr/lib/jvm/java-1.8.0-openjdk-1.8.0.252.b09-2.el7_8.x86_64/jre/lib/amd64/server/libjvm.so", 0x7ffc58d865c0) = 0
15041   0.000580 libjli.so->getenv("LD_LIBRARY_PATH") = "/afs/crc.nd.edu/group/ccl/software/x86_64/redhat7/ruby/current/lib:/afs/crc.nd.edu/group/ccl/software/x86_64/redhat7/graphviz/current/lib:/afs/crc.nd.edu/group/ccl/software/x86_64/redhat7/git/current/lib:/afs/crc.nd.edu/group/ccl/software/x86_64/redhat7/condor/current/lib:/afs/crc.nd.edu/group/ccl/software/x86_64/redhat7/clang/current/lib:/afs/crc.nd.edu/group/ccl/software/x86_64/redhat7/condor/current/lib:/afs/crc.nd.edu/group/ccl/software/x86_64/redhat7/cctools/current/lib:/opt/crc/usr/local/lib"
15041   0.002083 libjli.so->dlopen("/usr/lib/jvm/java-1.8.0-openjdk-1.8.0.252.b09-2.el7_8.x86_64/jre/lib/amd64/server/libjvm.so", 258 <unfinished ...>
15041   0.036669 libjvm.so->getenv("NMT_LEVEL_15041") = nil
15041   0.001973 <... dlopen resumed> )          = 0x55dcd56154c0
15041   0.000099 libjli.so->getenv("CLASSPATH")  = nil
15041   0.000412 libjli.so->getenv("_JAVA_SPLASH_JAR") = nil
15041   0.000379 libjli.so->getenv("_JAVA_SPLASH_FILE") = nil
15041   0.000382 libjli.so->pthread_attr_setdetachstate(0x7ffc58d86570, 0, 0x7ffc58d86600, 0) = 0
15041   0.000608 libpthread.so.0->__clone(0x2b2028ff6de0, 0x2b2028f09fc0, 0x3d0f00, 0x2b2028f0a700) = 0x3ac2
15042   0.001531 libjvm.so->dlopen(0x2b202a75652e, 1, 0xfffffffffff42c48, 4096) = 0x2b202c000990
15042   0.002733 libjvm.so->getenv(0x2b202a7712c0, 0, 115, 0x65737361) = 0x7ffc58d8d6cd
15042   0.000534 libjvm.so->fopen(0x2b2028f08be0, 0x2b202a7109ab, 0x6f732e79666972, 0x2b20298ceab0) = 0x2b202c001440
15042   0.001669 libjvm.so->dlopen(0x2b2028f08be0, 1, 0xffffffff, 0x2b202c002b00) = 0x2b202c001440
15042   0.001623 libjvm.so->fopen(0x2b2028f08be0, 0x2b202a7109ab, 111, 0x732e6176) = 0x2b202c001b10
15042   0.001967 libjvm.so->dlopen(0x2b2028f08be0, 1, 0xffffffff, 0x2b202c001a00) = 0x2b202c001b10
15042   0.001715 libjvm.so->__xstat(1, 0x2b2028f09330, 0x2b2028f09b70, 0x637274) = -1
15042   0.000494 libjvm.so->getenv(0x2b202a709226, 0x2b2028f096a0, 1024, 0x2b202abad5db) = 0
15042   0.000553 libjvm.so->getenv(0x2b202a709218, 0x2b2028f096a0, 1024, 0) = 0
15042   0.000461 libjvm.so->fopen(0x2b202a755e95, 0x2b202a7109ab, 4095, 24) = 0x2b202c0032d0
15042   0.001229 libjvm.so->fopen(0x2b202a755ee1, 0x2b202a7109ab, 0x2b202c000078, 0x2b202c0032c0) = 0x2b202c0032d0
15042   0.000748 libjvm.so->fopen(0x2b2028f03980, 0x2b202a7109ab, 4016, 3997) = 0x2b202c0032d0
15042   0.000705 libjvm.so->opendir(0x2b202c002b40, 0x2b202c002b40, 13, 16) = 0
15042   0.000527 libjvm.so->__xstat(1, 0x2b2028f088c0, 0x2b2028f07830, 0x6f732e7477616d62) = -1
15042   0.000500 libjvm.so->__xstat(1, 0x2b2028f088c0, 0x2b2028f07830, 0x5f74776162696c2f) = 0
15042   0.000550 libjvm.so->fopen(0x2b2028f07b60, 0x2b202a7109ab, 4011, 3996) = 0x2b202c0037b0
15042   0.000672 libjvm.so->fopen(0x2b2028f07b60, 0x2b202a7109ab, 4011, 3996) = 0x2b202c0037b0
15042   0.000672 libjvm.so->fopen(0x2b2028f07b60, 0x2b202a7109ab, 4011, 4004) = 0x2b202c0037b0
15042   0.000715 libjvm.so->fopen(0x2b2028f07af0, 0x2b202a7109ab, 4011, 3996) = 0x2b202c0037b0
15042   0.000673 libjvm.so->fopen(0x2b2028f07af0, 0x2b202a7109ab, 4011, 3996) = 0x2b202c0037b0
15042   0.000637 libjvm.so->fopen(0x2b2028f07af0, 0x2b202a7109ab, 4011, 4004) = 0x2b202c0037b0
15042   0.000646 libjvm.so->fopen(0x2b2028f07b20, 0x2b202a7109ab, 4016, 3997) = 0x2b202c0037b0
15042   0.000872 libjvm.so->getenv(0x2b202a756c5e, 4096, 3, -1) = 0
15042   0.001012 libjvm.so->fopen(0x2b202a756518, 0x2b202a7109ab, 0x2b2028fed908, 0x2b2028fecdf0) = 0x2b202c0037b0
15042   0.005193 libjvm.so->open(0x2b202c04a5a0, 0x20000, 0, 0x2b202c04a5e9) = 3
15042   0.000487 libjvm.so->__fxstat(1, 3, 0x2b2028f099d0, -1) = 0
15042   0.000641 libjvm.so->opendir(0x2b202c04a5a0, 0x2b2028f099d0, 0x4000, -1) = 0x2b202c04b4b0
15042   0.000526 libjvm.so->__fxstat(1, 3, 0x2b2028f09870, 0x2b202c04b4b0) = 0
15042   0.000439 libjvm.so->__fxstat(1, 5, 0x2b2028f09900, -1) = 0
15042   0.000457 libjvm.so->open(0x2b202a72785c, 0, 0, 0) = 3
15042   0.000702 libjvm.so->__lxstat(1, 0x2b202c04a5a0, 0x2b2028f09b20, -144) = 0
15042   0.000465 libjvm.so->open(0x2b202c04a5a0, 0x20000, 0x4000, -1) = 3
15042   0.000440 libjvm.so->__fxstat(1, 3, 0x2b2028f099d0, -1) = 0
15042   0.000455 libjvm.so->opendir(0x2b202c04a5a0, 0x2b2028f099d0, 0x4000, -1) = 0x2b202c04b4b0
15042   0.000442 libjvm.so->__fxstat(1, 3, 0x2b2028f09870, 0x2b202c04b4b0) = 0
15042   0.000425 libjvm.so->__fxstat(1, 5, 0x2b2028f09900, -1) = 0
15042   0.000518 libjvm.so->open(0x2b202a72785c, 0, 0, 0) = 3
15042   0.000459 libjvm.so->open(0x2b202c04a5e9, 0x20042, 384, -1) = 7
15042   0.000672 libjvm.so->__fxstat(1, 7, 0x2b2028f09b20, -1) = 0
15042   0.001812 libjvm.so->fopen(0x2b2028f08b30, 0x2b202a7109ab, 4, 0x6f732e70) = 0x2b202c057b90
15042   0.001775 libjvm.so->dlopen(0x2b2028f08b30, 1, 0xffffffff, 0x2b202c057b00) = 0x2b202c057b90
15042   0.001488 libjvm.so->__xstat(1, 0x2b2028f090f0, 0x2b2028f09920, 2048) = 0
15042   0.000434 libjvm.so->__xstat(1, 0x2b2028f090f0, 0x2b2028f09920, 2048) = 0
15042   0.000437 libjvm.so->__xstat(1, 0x2b2028f090f0, 0x2b2028f09920, 2048) = -1
15042   0.000419 libjvm.so->__xstat(1, 0x2b2028f090f0, 0x2b2028f09920, 2048) = 0
15042   0.000537 libjvm.so->__xstat(1, 0x2b2028f090f0, 0x2b2028f09920, 2048) = 0
15042   0.000467 libjvm.so->__xstat(1, 0x2b2028f090f0, 0x2b2028f09920, 2048) = 0
15042   0.000542 libjvm.so->__xstat(1, 0x2b2028f090f0, 0x2b2028f09920, 2048) = -1
15042   0.000458 libjvm.so->__xstat(1, 0x2b2028f090f0, 0x2b2028f09920, 2048) = -1
15042   0.000481 libjvm.so->fopen(0x2b202c002520, 0x2b202a7109ab, 0, 0) = 0x2b202c058900
15042   0.009311 libjvm.so->open64(0x2b2028f08490, 0, 0, 16) = 3
15042   0.000543 libjvm.so->__fxstat64(1, 3, 0x2b2028f082c0, -1) = 0
15042   0.035759 libjvm.so->__xstat(1, 0x2b2028f08ef0, 0x2b2028f09720, 2048) = -1
15042   0.000756 libjvm.so->fopen(0x2b2028f07af0, 0x2b202a7109ab, 4011, 3996) = 0x2b202c0b5b80
15042   0.000841 libjvm.so->fopen(0x2b2028f07af0, 0x2b202a7109ab, 4011, 3996) = 0x2b202c0b5b80
15042   0.000714 libjvm.so->fopen(0x2b2028f07af0, 0x2b202a7109ab, 4011, 4004) = 0x2b202c0b5b80
15042   0.004442 libjvm.so->pthread_attr_setdetachstate(0x2b2028f09bd0, 1, 0, 0) = 0
15042   0.000622 libpthread.so.0->__clone(0x2b2028ff6de0, 0x2b204189dfc0, 0x3d0f00, 0x2b204189e700) = 0x3ac3
15042   0.015522 libjvm.so->pthread_attr_setdetachstate(0x2b2028f09260, 1, 0, 0) = 0
15042   0.000716 libpthread.so.0->__clone(0x2b2028ff6de0, 0x2b204199efc0, 0x3d0f00, 0x2b204199f700) = 0x3ac4
15042   0.007862 libjvm.so->pthread_attr_setdetachstate(0x2b2028f095e0, 1, 0, 0) = 0
15042   0.000824 libpthread.so.0->__clone(0x2b2028ff6de0, 0x2b2041a9ffc0, 0x3d0f00, 0x2b2041aa0700) = 0x3ac5
15042   0.042063 libjvm.so->fopen(0x2b202c0e8740, 0x2b202a7109ab, 4, 0x6f732e70) = 0x2b202c0f1750
15042   0.002224 libjvm.so->dlopen(0x2b202c0e8740, 1, 0xffffffff, 0x2b202c0e8b00) = 0x2b202c057b90
15042   0.024174 libjvm.so->fopen(0x2b2028f05130, 0x2b202a7109ab, 4011, 3996) = 0x2b202c0f9030
15042   0.001384 libjvm.so->fopen(0x2b2028f05130, 0x2b202a7109ab, 4011, 3996) = 0x2b202c0f9030
15042   0.001150 libjvm.so->fopen(0x2b2028f05130, 0x2b202a7109ab, 4011, 4004) = 0x2b202c0f9030
15042   0.016114 libjvm.so->pthread_attr_setdetachstate(0x2b2028f09b20, 1, 0, 0) = 0
15042   0.000986 libpthread.so.0->__clone(0x2b2028ff6de0, 0x2b2041ba0fc0, 0x3d0f00, 0x2b2041ba1700) = 0x3ac6
15042   0.001558 libjvm.so->__xstat64(1, 0x2b2028f09bb0, 0x2b2028f09b20, 19) = -1
15042   0.001174 libjvm.so->pthread_attr_setdetachstate(0x2b2028f09920, 1, 0, 0) = 0
15042   0.001216 libpthread.so.0->__clone(0x2b2028ff6de0, 0x2b2041ca1fc0, 0x3d0f00, 0x2b2041ca2700) = 0x3ac7
15042   0.001884 libjvm.so->pthread_attr_setdetachstate(0x2b2028f09920, 1, 0, 0) = 0
15042   0.001326 libpthread.so.0->__clone(0x2b2028ff6de0, 0x2b2041da2fc0, 0x3d0f00, 0x2b2041da3700) = 0x3ac8
15042   0.007843 libjvm.so->pthread_attr_setdetachstate(0x2b2028f09a70, 1, 0, 0) = 0
15042   0.001420 libpthread.so.0->__clone(0x2b2028ff6de0, 0x2b2041ea3fc0, 0x3d0f00, 0x2b2041ea4700) = 0x3ac9
15042   0.002273 libjvm.so->pthread_attr_setdetachstate(0x2b2028f09b80, 1, 0, 0) = 0
15042   0.001597 libpthread.so.0->__clone(0x2b2028ff6de0, 0x2b2041fa4fc0, 0x3d0f00, 0x2b2041fa5700) = 0x3aca
15042   0.015010 libjvm.so->open64(0x2b202c12c5e0, 0, 0, 32) = 5
15042   0.001801 libjvm.so->__fxstat64(1, 5, 0x2b2028f06f90, -1) = 0
15042   0.026298 libjvm.so->fopen(0x2b202c152830, 0x2b202a7109ab, 4, 0x6f732e6f) = 0x2b202c1528f0
15042   0.003686 libjvm.so->dlopen(0x2b202c152830, 1, 0xffffffff, 0x2b202c152800) = 0x2b202c1528f0
15042   0.129011 libjvm.so->fopen(0x2b202c18e7e0, 0x2b202a7109ab, 4, 0x6f732e74) = 0x2b202c193760
15042   0.003291 libjvm.so->dlopen(0x2b202c18e7e0, 1, 0xffffffff, 0x2b202c189d00) = 0x2b202c19bb30
15042   0.129278 libjvm.so->fopen(0x2b202c226ae0, 0x2b202a7109ab, 0x6f732e7373656c, 0x656c646165685f74) = 0x2b202c226bc0
15042   0.002843 libjvm.so->dlopen(0x2b202c226ae0, 1, 0xffffffff, 0x2b202c226b00) = 0x2b202c226bc0
15042   0.017691 libjvm.so->fopen(0x2b2028f02a30, 0x2b202a7109ab, 0x6f732e, 0x6d766a62696c2f72) = 0x2b202c230a20
15042   0.005711 libjvm.so->dlopen(0x2b2028f02a30, 1, 0xffffffff, 0x2b202c230000) = 0x55dcd56154c0
15042   0.001721 libjvm.so->fopen(0x2b2028f02a30, 0x2b202a7109ab, 0x6f732e, 0x6d766a62696c2f72) = 0x2b202c2309c0
15042   0.004629 libjvm.so->dlopen(0x2b2028f02a30, 1, 0xffffffff, 0x2b202c230000) = 0x55dcd56154c0
15042   0.001706 libjvm.so->fopen(0x2b2028f02a30, 0x2b202a7109ab, 0x6f732e, 0x6d766a62696c2f72) = 0x2b202c2309c0
15042   0.003338 libjvm.so->dlopen(0x2b2028f02a30, 1, 0xffffffff, 0x2b202c230000) = 0x55dcd56154c0
15042   0.001743 libjvm.so->fopen(0x2b2028f02a30, 0x2b202a7109ab, 0x6f732e, 0x6d766a62696c2f72) = 0x2b202c2309c0
15042   0.003265 libjvm.so->dlopen(0x2b2028f02a30, 1, 0xffffffff, 0x2b202c230000) = 0x55dcd56154c0
15042  12.503489 libjvm.so->fopen(0x2b2028f07220, 0x2b202a7109ab, 111, 0x732e6176) = 0x2b202c26c560
15042   0.003252 libjvm.so->dlopen(0x2b2028f07220, 1, 0xffffffff, 0x2b202c26c400) = 0x2b202c001b10
15042   0.001841 libjvm.so->fopen(0x2b2028f07220, 0x2b202a7109ab, 111, 0x732e6176) = 0x2b202c131db0
15042   0.002985 libjvm.so->dlopen(0x2b2028f07220, 1, 0xffffffff, 0x2b202c26c400) = 0x2b202c001b10
15042   0.001715 libjvm.so->fopen(0x2b2028f07220, 0x2b202a7109ab, 111, 0x732e6176) = 0x2b202c131db0
15042   0.003371 libjvm.so->dlopen(0x2b2028f07220, 1, 0xffffffff, 0x2b202c26c400) = 0x2b202c001b10
15042   0.001659 libjvm.so->fopen(0x2b2028f07220, 0x2b202a7109ab, 111, 0x732e6176) = 0x2b202c131db0
15042   0.002980 libjvm.so->dlopen(0x2b2028f07220, 1, 0xffffffff, 0x2b202c26c400) = 0x2b202c001b10
15050   0.010281 +++ exited (status 0) +++
15043   0.000374 +++ exited (status 0) +++
15042   0.000205 +++ exited (status 0) +++
15049   0.000328 +++ exited (status 0) +++
15047   0.000023 +++ exited (status 0) +++
15046   0.000014 +++ exited (status 0) +++
15045   0.000014 +++ exited (status 0) +++
15044   0.000014 +++ exited (status 0) +++
15048   0.020720 +++ exited (status 0) +++
15041   0.000048 +++ exited (status 0) +++
Wrote an ltrace for command: "java -cp ./tools/maxent.jar density.MaxEnt -s outputs/Atrichopogon_seudoobfuscatus_Spinelli.csv -e data/layers/worldclim -o outputs/Atrichopogon_seudoobfuscatus_Spinelli nowarnings nocache autorun -z" with PID 15038 from PPID 15017 on disc25.crc.nd.edu with result 0
REMOTEHOST=10.17.144.144
MANPATH=/afs/crc.nd.edu/user/n/nkremerh/cctools/share/man/:/afs/crc.nd.edu/group/ccl/software/x86_64/redhat7/ruby/current/share/man:/afs/crc.nd.edu/group/ccl/software/x86_64/redhat7/graphviz/current/share/man:/afs/crc.nd.edu/group/ccl/software/x86_64/redhat7/gnuplot/current/share/man:/afs/crc.nd.edu/group/ccl/software/x86_64/redhat7/git/current/share/man:/afs/crc.nd.edu/group/ccl/software/x86_64/redhat7/condor/current/share/man:/afs/crc.nd.edu/group/ccl/software/x86_64/redhat7/clang/current/share/man:/afs/crc.nd.edu/group/ccl/software/x86_64/redhat7/condor/current/share/man:/afs/crc.nd.edu/group/ccl/software/x86_64/redhat7/cctools/current/share/man:/afs/crc.nd.edu/group/ccl/software/x86_64/redhat7/cctools/current/share/man:/afs/crc.nd.edu/x86_64_linux/Modules/4.5.0/share/man:/opt/crc/usr/local/man:/opt/sge/man:/usr/share/man/overrides:/usr/share/man:/usr/local/share/man
_CONDOR_JOB_PIDS=
_CONDOR_ANCESTOR_24525=24530:1594671055:2748281650
XDG_SESSION_ID=2735
HOSTNAME=disc01.crc.nd.edu
_LMFILES__modshare=/afs/crc.nd.edu/x86_64_linux/Modules/modules/system_modules/CRC_default/1.1:1
MODULEPATH_modshare=/afs/crc.nd.edu/x86_64_linux/Modules/modules/general_software:1:/afs/crc.nd.edu/x86_64_linux/Modules/modules/development_tools_and_libraries:1:/afs/crc.nd.edu/x86_64_linux/Modules/modules/system_modules:1:/afs/crc.nd.edu/x86_64_linux/Modules/current/modulefiles:1:/afs/crc.nd.edu/x86_64_linux/Modules/modules/restricted_software:1:/afs/crc.nd.edu/x86_64_linux/Modules/modules/deprecated_software:1
TERM=xterm-256color
SHELL=/bin/tcsh
HOST=disc01.crc.nd.edu
MODULES_CMD=/afs/crc.nd.edu/x86_64_linux/Modules/4.5.0/libexec/modulecmd.tcl
HISTSIZE=5000
MAKEFLAGS=
SSH_CLIENT=10.17.144.144 39924 22
TMPDIR=/var/condor/execute/dir_24525/worker-213124-24553/t.1021/cctools-temp-t.1021.xwIyjM
PERL5LIB=/afs/crc.nd.edu/user/n/nkremerh/cctools/lib/perl5/site_perl/5.16.3:/afs/crc.nd.edu/user/n/nkremerh/.perl5/lib/perl5
SGE_CELL=crc
_CONDOR_SCRATCH_DIR=/var/condor/execute/dir_24525
PERL_MB_OPT=--install_base '/afs/crc.nd.edu/user/n/nkremerh/.perl5/'
SSH_TTY=/dev/pts/0
SGE_LOAD_AVG=load_avg
MAKEFLOW_MAX_LOCAL_JOBS=2
GROUP=campus
USER=nkremerh
_CHIRP_DELAYED_UPDATE_PREFIX=Chirp*
HISTFILESIZE=10000
TEMP=/var/condor/execute/dir_24525/worker-213124-24553/t.1021/cctools-temp-t.1021.xwIyjM
LD_LIBRARY_PATH=/afs/crc.nd.edu/group/ccl/software/x86_64/redhat7/ruby/current/lib:/afs/crc.nd.edu/group/ccl/software/x86_64/redhat7/graphviz/current/lib:/afs/crc.nd.edu/group/ccl/software/x86_64/redhat7/git/current/lib:/afs/crc.nd.edu/group/ccl/software/x86_64/redhat7/condor/current/lib:/afs/crc.nd.edu/group/ccl/software/x86_64/redhat7/clang/current/lib:/afs/crc.nd.edu/group/ccl/software/x86_64/redhat7/condor/current/lib:/afs/crc.nd.edu/group/ccl/software/x86_64/redhat7/cctools/current/lib:/opt/crc/usr/local/lib
BATCH_SYSTEM=HTCondor
MODULES_LMALTNAME=CRC_default/1.1&CRC_default/default&CRC_default
ENV=/afs/crc.nd.edu/x86_64_linux/Modules/4.5.0/init/profile.sh
WORKER_TMPDIR=/var/condor/execute/dir_24525/worker-213124-24553/cache/tmp
HOSTTYPE=x86_64-linux
_CONDOR_HIGHPORT=9999
GLOBUS_GSSAPI_MAX_TLS_PROTOCOL=0
_CONDOR_CHIRP_CONFIG=/var/condor/execute/dir_24525/.chirp.config
MAKELEVEL=1
MFLAGS=
MAIL=/var/spool/mail/nkremerh
PATH=/afs/crc.nd.edu/user/n/nkremerh/cctools/bin:/afs/crc.nd.edu/user/n/nkremerh/miniconda/bin:/afs/crc.nd.edu/group/ccl/software/git:/afs/crc.nd.edu/user/n/nkremerh/.local/bin:/afs/crc.nd.edu/group/ccl/software/x86_64/redhat7/povray/3.7/bin:/afs/crc.nd.edu/user/n/nkremerh/.perl5/bin:/afs/crc.nd.edu/user/n/nkremerh/pegasus/bin:/afs/crc.nd.edu/user/n/nkremerh/nodejs/bin:/afs/crc.nd.edu/user/n/nkremerh/montage/bin:/afs/crc.nd.edu/user/n/nkremerh/latexdiff:/afs/crc.nd.edu/user/n/nkremerh/envtrace:/afs/crc.nd.edu/user/n/nkremerh/endlines:/afs/crc.nd.edu/user/n/nkremerh/cctools/bin:/afs/crc.nd.edu/user/n/nkremerh/.cargo/bin:/afs/crc.nd.edu/group/ccl/software/x86_64/redhat7/ruby/current/bin:/afs/crc.nd.edu/group/ccl/software/x86_64/redhat7/graphviz/current/bin:/afs/crc.nd.edu/group/ccl/software/x86_64/redhat7/gnuplot/current/bin:/afs/crc.nd.edu/group/ccl/software/x86_64/redhat7/git/current/bin:/afs/crc.nd.edu/group/ccl/software/x86_64/redhat7/condor/current/sbin:/afs/crc.nd.edu/group/ccl/software/x86_64/redhat7/condor/current/bin:/afs/crc.nd.edu/group/ccl/software/x86_64/redhat7/cmake/current/bin:/afs/crc.nd.edu/group/ccl/software/x86_64/redhat7/clang/current/bin:/afs/crc.nd.edu/group/ccl/software/x86_64/redhat7/condor/current/sbin:/afs/crc.nd.edu/group/ccl/software/x86_64/redhat7/condor/current/bin:/afs/crc.nd.edu/group/ccl/software/x86_64/redhat7/cctools/current/bin:/afs/crc.nd.edu/x86_64_linux/Modules/4.5.0/bin:/opt/crc/usr/local/bin:/opt/sge/bin/lx-amd64:/usr/local/bin:/usr/bin:/usr/local/sbin:/usr/sbin:/afs/crc.nd.edu/user/c/condor/software/bin:/afs/crc.nd.edu/user/c/condor/software/sbin
CCLSOFTWARE=/afs/crc.nd.edu/group/ccl/software/x86_64/redhat7
PWD=/var/condor/execute/dir_24525/worker-213124-24553/t.1021
_LMFILES_=/afs/crc.nd.edu/x86_64_linux/Modules/modules/system_modules/CRC_default/1.1
EDITOR=vim
SGE_EXECD_PORT=6445
LANG=en_US.UTF-8
SGE_QMASTER_PORT=6444
MODULEPATH=/afs/crc.nd.edu/x86_64_linux/Modules/modules/development_tools_and_libraries:/afs/crc.nd.edu/x86_64_linux/Modules/modules/general_software:/afs/crc.nd.edu/x86_64_linux/Modules/modules/restricted_software:/afs/crc.nd.edu/x86_64_linux/Modules/modules/system_modules:/afs/crc.nd.edu/x86_64_linux/Modules/modules/deprecated_software:/afs/crc.nd.edu/x86_64_linux/Modules/current/modulefiles
LOADEDMODULES=CRC_default/1.1
SGE_ROOT=/opt/sge
CCLPLATFORM=x86_64/redhat7
_CONDOR_SLOT=slot1
WORK_QUEUE_SANDBOX=/var/condor/execute/dir_24525/worker-213124-24553
USE_SYSTEMD=true
_CONDOR_LOWPORT=9100
_CONDOR_ANCESTOR_4261=24525:1594671054:4145456440
HISTCONTROL=ignoreboth:erasedups
KRB5CCNAME=FILE:/tmp/krb5cc_213124_ZwXmib
GLOBUS_GSSAPI_NAME_COMPATIBILITY=STRICT_RFC2818
HOME=/afs/crc.nd.edu/user/n/nkremerh
SHLVL=6
PATH_modshare=/opt/crc/usr/local/bin:1:/opt/sge/bin/lx-amd64:1:/usr/sbin:1:/usr/bin:1:/afs/crc.nd.edu/user/c/condor/software/sbin:1:/usr/local/sbin:1:/afs/crc.nd.edu/user/c/condor/software/bin:1:/usr/local/bin:1
OSTYPE=linux
_CONDOR_MACHINE_AD=/var/condor/execute/dir_24525/.machine.ad
_CONDOR_ANCESTOR_3989=4261:1593343483:4184216969
GREP_OPTIONS=--color=auto
DISK=916727
GLOBUS_GSSAPI_MIN_TLS_PROTOCOL=TLS1_VERSION
MANPATH_modshare=/usr/share/man/overrides:1:/usr/local/share/man:1:/usr/share/man:1:/opt/crc/usr/local/man:1:/opt/sge/man:1
MEMORY=15899
PERL_LOCAL_LIB_ROOT=/afs/crc.nd.edu/user/n/nkremerh/.perl5/
BASH_ENV=/afs/crc.nd.edu/x86_64_linux/Modules/4.5.0/init/bash
VENDOR=unknown
TMP=/var/condor/execute/dir_24525/worker-213124-24553/t.1021/cctools-temp-t.1021.xwIyjM
LOGNAME=nkremerh
MACHTYPE=x86_64
CCLHOME=/afs/crc.nd.edu/group/ccl
PYTHONPATH=/afs/crc.nd.edu/user/n/nkremerh/cctools/lib/python3.6/site-packages/
LD_LIBRARY_PATH_modshare=/opt/crc/usr/local/lib:1
SSH_CONNECTION=10.17.144.144 39924 129.74.128.103 22
MODULES_LMALTNAME_modshare=CRC_default/1.1&CRC_default/default&CRC_default:1
MODULESHOME=/afs/crc.nd.edu/x86_64_linux/Modules/4.5.0
GLOBUS_GSSAPI_CIPHERS=HIGH
GLOBUS_GSSAPI_BACKWARD_COMPATIBLE_MIC=true
LESSOPEN=||/usr/bin/lesspipe.sh %s
OMP_NUM_THREADS=1
_CONDOR_JOB_AD=/var/condor/execute/dir_24525/.job.ad
LOADEDMODULES_modshare=CRC_default/1.1:1
XDG_RUNTIME_DIR=/run/user/213124
SGE_CLUSTER_NAME=CRC
CCTOOLS=../cctools
CORES=4
_CONDOR_JOB_IWD=/var/condor/execute/dir_24525
PERL_MM_OPT=INSTALL_BASE=/afs/crc.nd.edu/user/n/nkremerh/.perl5/
GLOBUS_GSSAPI_SERVER_CIPHER_ORDER=true
BASH_FUNC_module()=() {  unset _mlshdbg;
 if [ "${MODULES_SILENT_SHELL_DEBUG:-0}" = '1' ]; then
 case "$-" in 
 *v*x*)
 set +vx;
 _mlshdbg='vx'
 ;;
 *v*)
 set +v;
 _mlshdbg='v'
 ;;
 *x*)
 set +x;
 _mlshdbg='x'
 ;;
 *)
 _mlshdbg=''
 ;;
 esac;
 fi;
 unset _mlre _mlIFS;
 if [ -n "${IFS+x}" ]; then
 _mlIFS=$IFS;
 fi;
 IFS=' ';
 for _mlv in ${MODULES_RUN_QUARANTINE:-};
 do
 if [ "${_mlv}" = "${_mlv##*[!A-Za-z0-9_]}" -a "${_mlv}" = "${_mlv#[0-9]}" ]; then
 if [ -n "`eval 'echo ${'$_mlv'+x}'`" ]; then
 _mlre="${_mlre:-}${_mlv}_modquar='`eval 'echo ${'$_mlv'}'`' ";
 fi;
 _mlrv="MODULES_RUNENV_${_mlv}";
 _mlre="${_mlre:-}${_mlv}='`eval 'echo ${'$_mlrv':-}'`' ";
 fi;
 done;
 if [ -n "${_mlre:-}" ]; then
 eval `eval ${_mlre}/usr/bin/tclsh /afs/crc.nd.edu/x86_64_linux/Modules/4.5.0/libexec/modulecmd.tcl bash '"$@"'`;
 else
 eval `/usr/bin/tclsh /afs/crc.nd.edu/x86_64_linux/Modules/4.5.0/libexec/modulecmd.tcl bash "$@"`;
 fi;
 _mlstatus=$?;
 if [ -n "${_mlIFS+x}" ]; then
 IFS=$_mlIFS;
 else
 unset IFS;
 fi;
 unset _mlre _mlv _mlrv _mlIFS;
 if [ -n "${_mlshdbg:-}" ]; then
 set -$_mlshdbg;
 fi;
 unset _mlshdbg;
 return $_mlstatus
}
BASH_FUNC_ml()=() {  module ml "$@"
}
_=/usr/bin/printenv
