648   0.000000 libjli.so->getenv("_JAVA_LAUNCHER_DEBUG") = nil
648   0.001923 libjli.so->getenv("_JAVA_VERSION_SET") = nil
648   0.000806 libjli.so->fopen("/usr/lib/jvm/java-1.8.0-openjdk-1.8.0.252.b09-2.el7_8.x86_64/jre/lib/amd64/jvm.cfg", "r") = 0x55a5970980f0
648   0.000794 libjli.so->getenv("JDK_ALTERNATE_VM") = nil
648   0.000302 libjli.so->__xstat(1, "/usr/lib/jvm/java-1.8.0-openjdk-1.8.0.252.b09-2.el7_8.x86_64/jre/lib/amd64/server/libjvm.so", 0x7fff57ae20b0) = 0
648   0.000586 libjli.so->getenv("LD_LIBRARY_PATH") = "/afs/crc.nd.edu/group/ccl/software/x86_64/redhat7/ruby/current/lib:/afs/crc.nd.edu/group/ccl/software/x86_64/redhat7/graphviz/current/lib:/afs/crc.nd.edu/group/ccl/software/x86_64/redhat7/git/current/lib:/afs/crc.nd.edu/group/ccl/software/x86_64/redhat7/condor/current/lib:/afs/crc.nd.edu/group/ccl/software/x86_64/redhat7/clang/current/lib:/afs/crc.nd.edu/group/ccl/software/x86_64/redhat7/condor/current/lib:/afs/crc.nd.edu/group/ccl/software/x86_64/redhat7/cctools/current/lib:/opt/crc/usr/local/lib"
648   0.002111 libjli.so->dlopen("/usr/lib/jvm/java-1.8.0-openjdk-1.8.0.252.b09-2.el7_8.x86_64/jre/lib/amd64/server/libjvm.so", 258 <unfinished ...>
648   0.037528 libjvm.so->getenv("NMT_LEVEL_648") = nil
648   0.001987 <... dlopen resumed> )            = 0x55a5970984c0
648   0.000114 libjli.so->getenv("CLASSPATH")    = nil
648   0.000381 libjli.so->getenv("_JAVA_SPLASH_JAR") = nil
648   0.000293 libjli.so->getenv("_JAVA_SPLASH_FILE") = nil
648   0.000361 libjli.so->pthread_attr_setdetachstate(0x7fff57ae2060, 0, 0x7fff57ae20f0, 0) = 0
648   0.000529 libpthread.so.0->__clone(0x2ac2d8f8cde0, 0x2ac2d8e9ffc0, 0x3d0f00, 0x2ac2d8ea0700) = 650
650   0.001529 libjvm.so->dlopen(0x2ac2da6ec52e, 1, 0xfffffffffff42c48, 4096) = 0x2ac2dc000990
650   0.002689 libjvm.so->getenv(0x2ac2da7072c0, 0, 115, 0x65737361) = 0x7fff57ae76cd
650   0.000514 libjvm.so->fopen(0x2ac2d8e9ebe0, 0x2ac2da6a69ab, 0x6f732e79666972, 0x2ac2d9864ab0) = 0x2ac2dc001440
650   0.001636 libjvm.so->dlopen(0x2ac2d8e9ebe0, 1, 0xffffffff, 0x2ac2dc002b00) = 0x2ac2dc001440
650   0.001555 libjvm.so->fopen(0x2ac2d8e9ebe0, 0x2ac2da6a69ab, 111, 0x732e6176) = 0x2ac2dc001b10
650   0.001951 libjvm.so->dlopen(0x2ac2d8e9ebe0, 1, 0xffffffff, 0x2ac2dc001a00) = 0x2ac2dc001b10
650   0.001676 libjvm.so->__xstat(1, 0x2ac2d8e9f330, 0x2ac2d8e9fb70, 0x637274) = -1
650   0.000519 libjvm.so->getenv(0x2ac2da69f226, 0x2ac2d8e9f6a0, 1024, 0x2ac2dab435db) = 0
650   0.000875 libjvm.so->getenv(0x2ac2da69f218, 0x2ac2d8e9f6a0, 1024, 0) = 0
650   0.000715 libjvm.so->fopen(0x2ac2da6ebe95, 0x2ac2da6a69ab, 4095, 24) = 0x2ac2dc003290
650   0.001204 libjvm.so->fopen(0x2ac2da6ebee1, 0x2ac2da6a69ab, 0x2ac2dc000078, 0x2ac2dc003280) = 0x2ac2dc003290
650   0.000776 libjvm.so->fopen(0x2ac2d8e99980, 0x2ac2da6a69ab, 4016, 3997) = 0x2ac2dc003290
650   0.000705 libjvm.so->opendir(0x2ac2dc002b40, 0x2ac2dc002b40, 13, 16) = 0
650   0.000506 libjvm.so->__xstat(1, 0x2ac2d8e9e8c0, 0x2ac2d8e9d830, 0x6f732e7477616d62) = -1
650   0.000497 libjvm.so->__xstat(1, 0x2ac2d8e9e8c0, 0x2ac2d8e9d830, 0x5f74776162696c2f) = 0
650   0.000560 libjvm.so->fopen(0x2ac2d8e9db60, 0x2ac2da6a69ab, 4011, 3996) = 0x2ac2dc003770
650   0.000835 libjvm.so->fopen(0x2ac2d8e9db60, 0x2ac2da6a69ab, 4011, 3996) = 0x2ac2dc003770
650   0.000704 libjvm.so->fopen(0x2ac2d8e9db60, 0x2ac2da6a69ab, 4011, 4004) = 0x2ac2dc003770
650   0.000741 libjvm.so->fopen(0x2ac2d8e9daf0, 0x2ac2da6a69ab, 4011, 3996) = 0x2ac2dc003770
650   0.000766 libjvm.so->fopen(0x2ac2d8e9daf0, 0x2ac2da6a69ab, 4011, 3996) = 0x2ac2dc003770
650   0.000778 libjvm.so->fopen(0x2ac2d8e9daf0, 0x2ac2da6a69ab, 4011, 4004) = 0x2ac2dc003770
650   0.000717 libjvm.so->fopen(0x2ac2d8e9db20, 0x2ac2da6a69ab, 4016, 3997) = 0x2ac2dc003770
650   0.000899 libjvm.so->getenv(0x2ac2da6ecc5e, 4096, 3, -1) = 0
650   0.001039 libjvm.so->fopen(0x2ac2da6ec518, 0x2ac2da6a69ab, 0x2ac2d8f83908, 0x2ac2d8f82df0) = 0x2ac2dc003770
650   0.005403 libjvm.so->open(0x2ac2dc04a560, 0x20000, 0, 0x2ac2dc04a5a9) = 3
650   0.000555 libjvm.so->__fxstat(1, 3, 0x2ac2d8e9f9d0, -1) = 0
650   0.000535 libjvm.so->opendir(0x2ac2dc04a560, 0x2ac2d8e9f9d0, 0x4000, -1) = 0x2ac2dc04b470
650   0.000671 libjvm.so->__fxstat(1, 3, 0x2ac2d8e9f870, 0x2ac2dc04b470) = 0
650   0.000500 libjvm.so->__fxstat(1, 5, 0x2ac2d8e9f900, -1) = 0
650   0.000629 libjvm.so->open(0x2ac2da6bd85c, 0, 0, 0) = 3
650   0.000763 libjvm.so->__lxstat(1, 0x2ac2dc04a560, 0x2ac2d8e9fb20, -144) = 0
650   0.000495 libjvm.so->open(0x2ac2dc04a560, 0x20000, 0x4000, -1) = 3
650   0.000487 libjvm.so->__fxstat(1, 3, 0x2ac2d8e9f9d0, -1) = 0
650   0.000490 libjvm.so->opendir(0x2ac2dc04a560, 0x2ac2d8e9f9d0, 0x4000, -1) = 0x2ac2dc04b470
650   0.000486 libjvm.so->__fxstat(1, 3, 0x2ac2d8e9f870, 0x2ac2dc04b470) = 0
650   0.000501 libjvm.so->__fxstat(1, 5, 0x2ac2d8e9f900, -1) = 0
650   0.000805 libjvm.so->open(0x2ac2da6bd85c, 0, 0, 0) = 3
650   0.000642 libjvm.so->open(0x2ac2dc04a5a9, 0x20042, 384, -1) = 7
650   0.000695 libjvm.so->__fxstat(1, 7, 0x2ac2d8e9fb20, -1) = 0
650   0.001961 libjvm.so->fopen(0x2ac2d8e9eb30, 0x2ac2da6a69ab, 4, 0x6f732e70) = 0x2ac2dc057b50
650   0.001715 libjvm.so->dlopen(0x2ac2d8e9eb30, 1, 0xffffffff, 0x2ac2dc057a00) = 0x2ac2dc057b50
650   0.001587 libjvm.so->__xstat(1, 0x2ac2d8e9f0f0, 0x2ac2d8e9f920, 2048) = 0
650   0.000488 libjvm.so->__xstat(1, 0x2ac2d8e9f0f0, 0x2ac2d8e9f920, 2048) = 0
650   0.000484 libjvm.so->__xstat(1, 0x2ac2d8e9f0f0, 0x2ac2d8e9f920, 2048) = -1
650   0.000437 libjvm.so->__xstat(1, 0x2ac2d8e9f0f0, 0x2ac2d8e9f920, 2048) = 0
650   0.000448 libjvm.so->__xstat(1, 0x2ac2d8e9f0f0, 0x2ac2d8e9f920, 2048) = 0
650   0.000440 libjvm.so->__xstat(1, 0x2ac2d8e9f0f0, 0x2ac2d8e9f920, 2048) = 0
650   0.000427 libjvm.so->__xstat(1, 0x2ac2d8e9f0f0, 0x2ac2d8e9f920, 2048) = -1
650   0.000477 libjvm.so->__xstat(1, 0x2ac2d8e9f0f0, 0x2ac2d8e9f920, 2048) = -1
650   0.000444 libjvm.so->fopen(0x2ac2dc002520, 0x2ac2da6a69ab, 0, 0) = 0x2ac2dc0588c0
650   0.011070 libjvm.so->open64(0x2ac2d8e9e490, 0, 0, 16) = 3
650   0.000582 libjvm.so->__fxstat64(1, 3, 0x2ac2d8e9e2c0, -1) = 0
650   0.036078 libjvm.so->__xstat(1, 0x2ac2d8e9eef0, 0x2ac2d8e9f720, 2048) = -1
650   0.000646 libjvm.so->fopen(0x2ac2d8e9daf0, 0x2ac2da6a69ab, 4011, 3996) = 0x2ac2dc0b5b40
650   0.000671 libjvm.so->fopen(0x2ac2d8e9daf0, 0x2ac2da6a69ab, 4011, 3996) = 0x2ac2dc0b5b40
650   0.000696 libjvm.so->fopen(0x2ac2d8e9daf0, 0x2ac2da6a69ab, 4011, 4004) = 0x2ac2dc0b5b40
650   0.004158 libjvm.so->pthread_attr_setdetachstate(0x2ac2d8e9fbd0, 1, 0, 0) = 0
650   0.000606 libpthread.so.0->__clone(0x2ac2d8f8cde0, 0x2ac2dbfddfc0, 0x3d0f00, 0x2ac2dbfde700) = 651
650   0.015386 libjvm.so->pthread_attr_setdetachstate(0x2ac2d8e9f260, 1, 0, 0) = 0
650   0.000694 libpthread.so.0->__clone(0x2ac2d8f8cde0, 0x2ac2f189dfc0, 0x3d0f00, 0x2ac2f189e700) = 652
650   0.006670 libjvm.so->pthread_attr_setdetachstate(0x2ac2d8e9f5e0, 1, 0, 0) = 0
650   0.000773 libpthread.so.0->__clone(0x2ac2d8f8cde0, 0x2ac2f199efc0, 0x3d0f00, 0x2ac2f199f700) = 653
650   0.039660 libjvm.so->fopen(0x2ac2dc0e8b70, 0x2ac2da6a69ab, 4, 0x6f732e70) = 0x2ac2dc0f16d0
650   0.002049 libjvm.so->dlopen(0x2ac2dc0e8b70, 1, 0xffffffff, 0x2ac2dc0e8600) = 0x2ac2dc057b50
650   0.022168 libjvm.so->fopen(0x2ac2d8e9b130, 0x2ac2da6a69ab, 4011, 3996) = 0x2ac2dc0f8fa0
650   0.001131 libjvm.so->fopen(0x2ac2d8e9b130, 0x2ac2da6a69ab, 4011, 3996) = 0x2ac2dc0f8fa0
650   0.001103 libjvm.so->fopen(0x2ac2d8e9b130, 0x2ac2da6a69ab, 4011, 4004) = 0x2ac2dc0f8fa0
650   0.015060 libjvm.so->pthread_attr_setdetachstate(0x2ac2d8e9fb20, 1, 0, 0) = 0
650   0.001090 libpthread.so.0->__clone(0x2ac2d8f8cde0, 0x2ac2f1a9ffc0, 0x3d0f00, 0x2ac2f1aa0700) = 654
650   0.001857 libjvm.so->__xstat64(1, 0x2ac2d8e9fbb0, 0x2ac2d8e9fb20, 17) = -1
650   0.001165 libjvm.so->pthread_attr_setdetachstate(0x2ac2d8e9f920, 1, 0, 0) = 0
650   0.001189 libpthread.so.0->__clone(0x2ac2d8f8cde0, 0x2ac2f1ba0fc0, 0x3d0f00, 0x2ac2f1ba1700) = 655
650   0.001903 libjvm.so->pthread_attr_setdetachstate(0x2ac2d8e9f920, 1, 0, 0) = 0
650   0.001354 libpthread.so.0->__clone(0x2ac2d8f8cde0, 0x2ac2f1ca1fc0, 0x3d0f00, 0x2ac2f1ca2700) = 656
650   0.007319 libjvm.so->pthread_attr_setdetachstate(0x2ac2d8e9fa70, 1, 0, 0) = 0
650   0.001442 libpthread.so.0->__clone(0x2ac2d8f8cde0, 0x2ac2f1da2fc0, 0x3d0f00, 0x2ac2f1da3700) = 657
650   0.002338 libjvm.so->pthread_attr_setdetachstate(0x2ac2d8e9fb80, 1, 0, 0) = 0
650   0.001590 libpthread.so.0->__clone(0x2ac2d8f8cde0, 0x2ac2f1ea3fc0, 0x3d0f00, 0x2ac2f1ea4700) = 658
650   0.014575 libjvm.so->open64(0x2ac2dc12c540, 0, 0, 0) = 5
650   0.001724 libjvm.so->__fxstat64(1, 5, 0x2ac2d8e9cf90, -1) = 0
650   0.025091 libjvm.so->fopen(0x2ac2dc152780, 0x2ac2da6a69ab, 4, 0x6f732e6f) = 0x2ac2dc152840
650   0.003153 libjvm.so->dlopen(0x2ac2dc152780, 1, 0xffffffff, 0x2ac2dc152700) = 0x2ac2dc152840
650   0.123769 libjvm.so->fopen(0x2ac2dc1967f0, 0x2ac2da6a69ab, 4, 0x6f732e74) = 0x2ac2dc19b770
650   0.003139 libjvm.so->dlopen(0x2ac2dc1967f0, 1, 0xffffffff, 0x2ac2dc191d00) = 0x2ac2dc1a3b40
650   0.129977 libjvm.so->fopen(0x2ac2dc226b90, 0x2ac2da6a69ab, 0x6f732e7373656c, 0x656c646165685f74) = 0x2ac2dc226c70
650   0.002923 libjvm.so->dlopen(0x2ac2dc226b90, 1, 0xffffffff, 0x2ac2dc226b00) = 0x2ac2dc226c70
650   0.018325 libjvm.so->fopen(0x2ac2d8e98a30, 0x2ac2da6a69ab, 0x6f732e, 0x6d766a62696c2f72) = 0x2ac2dc230b80
650   0.005840 libjvm.so->dlopen(0x2ac2d8e98a30, 1, 0xffffffff, 0x2ac2dc230100) = 0x55a5970984c0
650   0.001755 libjvm.so->fopen(0x2ac2d8e98a30, 0x2ac2da6a69ab, 0x6f732e, 0x6d766a62696c2f72) = 0x2ac2dc230b20
650   0.004972 libjvm.so->dlopen(0x2ac2d8e98a30, 1, 0xffffffff, 0x2ac2dc230100) = 0x55a5970984c0
650   0.001683 libjvm.so->fopen(0x2ac2d8e98a30, 0x2ac2da6a69ab, 0x6f732e, 0x6d766a62696c2f72) = 0x2ac2dc230b20
650   0.003530 libjvm.so->dlopen(0x2ac2d8e98a30, 1, 0xffffffff, 0x2ac2dc230100) = 0x55a5970984c0
650   0.001783 libjvm.so->fopen(0x2ac2d8e98a30, 0x2ac2da6a69ab, 0x6f732e, 0x6d766a62696c2f72) = 0x2ac2dc230b20
650   0.003314 libjvm.so->dlopen(0x2ac2d8e98a30, 1, 0xffffffff, 0x2ac2dc230100) = 0x55a5970984c0
650   0.211743 libjvm.so->fopen(0x2ac2d8e9ced0, 0x2ac2da6a69ab, 111, 0x732e6176) = 0x2ac2dc26c430
650   0.003005 libjvm.so->dlopen(0x2ac2d8e9ced0, 1, 0xffffffff, 0x2ac2dc26c300) = 0x2ac2dc001b10
650   0.001727 libjvm.so->fopen(0x2ac2d8e9ced0, 0x2ac2da6a69ab, 111, 0x732e6176) = 0x2ac2dc26c430
650   0.002829 libjvm.so->dlopen(0x2ac2d8e9ced0, 1, 0xffffffff, 0x2ac2dc26c300) = 0x2ac2dc001b10
650   0.001673 libjvm.so->fopen(0x2ac2d8e9ced0, 0x2ac2da6a69ab, 111, 0x732e6176) = 0x2ac2dc26c430
650   0.002880 libjvm.so->dlopen(0x2ac2d8e9ced0, 1, 0xffffffff, 0x2ac2dc26c300) = 0x2ac2dc001b10
650   0.001750 libjvm.so->fopen(0x2ac2d8e9ced0, 0x2ac2da6a69ab, 111, 0x732e6176) = 0x2ac2dc26c430
650   0.002762 libjvm.so->dlopen(0x2ac2d8e9ced0, 1, 0xffffffff, 0x2ac2dc26c300) = 0x2ac2dc001b10
650   0.301868 --- SIGSEGV (Segmentation fault) ---
658  12.238049 +++ exited (status 0) +++
654   0.000280 +++ exited (status 0) +++
651   0.000300 +++ exited (status 0) +++
650   0.000283 +++ exited (status 0) +++
656   0.000404 +++ exited (status 0) +++
655   0.000029 +++ exited (status 0) +++
653   0.000022 +++ exited (status 0) +++
652   0.000014 +++ exited (status 0) +++
657   0.022039 +++ exited (status 0) +++
648   0.000086 +++ exited (status 0) +++
Wrote an ltrace for command: "java -cp ./tools/maxent.jar density.MaxEnt -s outputs/Neotrichobius_delicatus.csv -e data/layers/worldclim -o outputs/Neotrichobius_delicatus nowarnings nocache autorun -z" with PID 646 from PPID 627 on disc25.crc.nd.edu with result 0
REMOTEHOST=10.17.144.144
MANPATH=/afs/crc.nd.edu/user/n/nkremerh/cctools/share/man/:/afs/crc.nd.edu/group/ccl/software/x86_64/redhat7/ruby/current/share/man:/afs/crc.nd.edu/group/ccl/software/x86_64/redhat7/graphviz/current/share/man:/afs/crc.nd.edu/group/ccl/software/x86_64/redhat7/gnuplot/current/share/man:/afs/crc.nd.edu/group/ccl/software/x86_64/redhat7/git/current/share/man:/afs/crc.nd.edu/group/ccl/software/x86_64/redhat7/condor/current/share/man:/afs/crc.nd.edu/group/ccl/software/x86_64/redhat7/clang/current/share/man:/afs/crc.nd.edu/group/ccl/software/x86_64/redhat7/condor/current/share/man:/afs/crc.nd.edu/group/ccl/software/x86_64/redhat7/cctools/current/share/man:/afs/crc.nd.edu/group/ccl/software/x86_64/redhat7/cctools/current/share/man:/afs/crc.nd.edu/x86_64_linux/Modules/4.5.0/share/man:/opt/crc/usr/local/man:/opt/sge/man:/usr/share/man/overrides:/usr/share/man:/usr/local/share/man
_CONDOR_JOB_PIDS=
_CONDOR_ANCESTOR_24525=24530:1594671055:2748281650
XDG_SESSION_ID=2735
HOSTNAME=disc01.crc.nd.edu
_LMFILES__modshare=/afs/crc.nd.edu/x86_64_linux/Modules/modules/system_modules/CRC_default/1.1:1
MODULEPATH_modshare=/afs/crc.nd.edu/x86_64_linux/Modules/modules/general_software:1:/afs/crc.nd.edu/x86_64_linux/Modules/modules/development_tools_and_libraries:1:/afs/crc.nd.edu/x86_64_linux/Modules/modules/system_modules:1:/afs/crc.nd.edu/x86_64_linux/Modules/current/modulefiles:1:/afs/crc.nd.edu/x86_64_linux/Modules/modules/restricted_software:1:/afs/crc.nd.edu/x86_64_linux/Modules/modules/deprecated_software:1
TERM=xterm-256color
SHELL=/bin/tcsh
HOST=disc01.crc.nd.edu
MODULES_CMD=/afs/crc.nd.edu/x86_64_linux/Modules/4.5.0/libexec/modulecmd.tcl
HISTSIZE=5000
MAKEFLAGS=
SSH_CLIENT=10.17.144.144 39924 22
TMPDIR=/var/condor/execute/dir_24525/worker-213124-24553/t.1254/cctools-temp-t.1254.CKIOv5
PERL5LIB=/afs/crc.nd.edu/user/n/nkremerh/cctools/lib/perl5/site_perl/5.16.3:/afs/crc.nd.edu/user/n/nkremerh/.perl5/lib/perl5
SGE_CELL=crc
_CONDOR_SCRATCH_DIR=/var/condor/execute/dir_24525
PERL_MB_OPT=--install_base '/afs/crc.nd.edu/user/n/nkremerh/.perl5/'
SSH_TTY=/dev/pts/0
SGE_LOAD_AVG=load_avg
MAKEFLOW_MAX_LOCAL_JOBS=2
GROUP=campus
USER=nkremerh
_CHIRP_DELAYED_UPDATE_PREFIX=Chirp*
HISTFILESIZE=10000
TEMP=/var/condor/execute/dir_24525/worker-213124-24553/t.1254/cctools-temp-t.1254.CKIOv5
LD_LIBRARY_PATH=/afs/crc.nd.edu/group/ccl/software/x86_64/redhat7/ruby/current/lib:/afs/crc.nd.edu/group/ccl/software/x86_64/redhat7/graphviz/current/lib:/afs/crc.nd.edu/group/ccl/software/x86_64/redhat7/git/current/lib:/afs/crc.nd.edu/group/ccl/software/x86_64/redhat7/condor/current/lib:/afs/crc.nd.edu/group/ccl/software/x86_64/redhat7/clang/current/lib:/afs/crc.nd.edu/group/ccl/software/x86_64/redhat7/condor/current/lib:/afs/crc.nd.edu/group/ccl/software/x86_64/redhat7/cctools/current/lib:/opt/crc/usr/local/lib
BATCH_SYSTEM=HTCondor
MODULES_LMALTNAME=CRC_default/1.1&CRC_default/default&CRC_default
ENV=/afs/crc.nd.edu/x86_64_linux/Modules/4.5.0/init/profile.sh
WORKER_TMPDIR=/var/condor/execute/dir_24525/worker-213124-24553/cache/tmp
HOSTTYPE=x86_64-linux
_CONDOR_HIGHPORT=9999
GLOBUS_GSSAPI_MAX_TLS_PROTOCOL=0
_CONDOR_CHIRP_CONFIG=/var/condor/execute/dir_24525/.chirp.config
MAKELEVEL=1
MFLAGS=
MAIL=/var/spool/mail/nkremerh
PATH=/afs/crc.nd.edu/user/n/nkremerh/cctools/bin:/afs/crc.nd.edu/user/n/nkremerh/miniconda/bin:/afs/crc.nd.edu/group/ccl/software/git:/afs/crc.nd.edu/user/n/nkremerh/.local/bin:/afs/crc.nd.edu/group/ccl/software/x86_64/redhat7/povray/3.7/bin:/afs/crc.nd.edu/user/n/nkremerh/.perl5/bin:/afs/crc.nd.edu/user/n/nkremerh/pegasus/bin:/afs/crc.nd.edu/user/n/nkremerh/nodejs/bin:/afs/crc.nd.edu/user/n/nkremerh/montage/bin:/afs/crc.nd.edu/user/n/nkremerh/latexdiff:/afs/crc.nd.edu/user/n/nkremerh/envtrace:/afs/crc.nd.edu/user/n/nkremerh/endlines:/afs/crc.nd.edu/user/n/nkremerh/cctools/bin:/afs/crc.nd.edu/user/n/nkremerh/.cargo/bin:/afs/crc.nd.edu/group/ccl/software/x86_64/redhat7/ruby/current/bin:/afs/crc.nd.edu/group/ccl/software/x86_64/redhat7/graphviz/current/bin:/afs/crc.nd.edu/group/ccl/software/x86_64/redhat7/gnuplot/current/bin:/afs/crc.nd.edu/group/ccl/software/x86_64/redhat7/git/current/bin:/afs/crc.nd.edu/group/ccl/software/x86_64/redhat7/condor/current/sbin:/afs/crc.nd.edu/group/ccl/software/x86_64/redhat7/condor/current/bin:/afs/crc.nd.edu/group/ccl/software/x86_64/redhat7/cmake/current/bin:/afs/crc.nd.edu/group/ccl/software/x86_64/redhat7/clang/current/bin:/afs/crc.nd.edu/group/ccl/software/x86_64/redhat7/condor/current/sbin:/afs/crc.nd.edu/group/ccl/software/x86_64/redhat7/condor/current/bin:/afs/crc.nd.edu/group/ccl/software/x86_64/redhat7/cctools/current/bin:/afs/crc.nd.edu/x86_64_linux/Modules/4.5.0/bin:/opt/crc/usr/local/bin:/opt/sge/bin/lx-amd64:/usr/local/bin:/usr/bin:/usr/local/sbin:/usr/sbin:/afs/crc.nd.edu/user/c/condor/software/bin:/afs/crc.nd.edu/user/c/condor/software/sbin
CCLSOFTWARE=/afs/crc.nd.edu/group/ccl/software/x86_64/redhat7
PWD=/var/condor/execute/dir_24525/worker-213124-24553/t.1254
_LMFILES_=/afs/crc.nd.edu/x86_64_linux/Modules/modules/system_modules/CRC_default/1.1
EDITOR=vim
SGE_EXECD_PORT=6445
LANG=en_US.UTF-8
SGE_QMASTER_PORT=6444
MODULEPATH=/afs/crc.nd.edu/x86_64_linux/Modules/modules/development_tools_and_libraries:/afs/crc.nd.edu/x86_64_linux/Modules/modules/general_software:/afs/crc.nd.edu/x86_64_linux/Modules/modules/restricted_software:/afs/crc.nd.edu/x86_64_linux/Modules/modules/system_modules:/afs/crc.nd.edu/x86_64_linux/Modules/modules/deprecated_software:/afs/crc.nd.edu/x86_64_linux/Modules/current/modulefiles
LOADEDMODULES=CRC_default/1.1
SGE_ROOT=/opt/sge
CCLPLATFORM=x86_64/redhat7
_CONDOR_SLOT=slot1
WORK_QUEUE_SANDBOX=/var/condor/execute/dir_24525/worker-213124-24553
USE_SYSTEMD=true
_CONDOR_LOWPORT=9100
_CONDOR_ANCESTOR_4261=24525:1594671054:4145456440
HISTCONTROL=ignoreboth:erasedups
KRB5CCNAME=FILE:/tmp/krb5cc_213124_ZwXmib
GLOBUS_GSSAPI_NAME_COMPATIBILITY=STRICT_RFC2818
HOME=/afs/crc.nd.edu/user/n/nkremerh
SHLVL=6
PATH_modshare=/opt/crc/usr/local/bin:1:/opt/sge/bin/lx-amd64:1:/usr/sbin:1:/usr/bin:1:/afs/crc.nd.edu/user/c/condor/software/sbin:1:/usr/local/sbin:1:/afs/crc.nd.edu/user/c/condor/software/bin:1:/usr/local/bin:1
OSTYPE=linux
_CONDOR_MACHINE_AD=/var/condor/execute/dir_24525/.machine.ad
_CONDOR_ANCESTOR_3989=4261:1593343483:4184216969
GREP_OPTIONS=--color=auto
DISK=916727
GLOBUS_GSSAPI_MIN_TLS_PROTOCOL=TLS1_VERSION
MANPATH_modshare=/usr/share/man/overrides:1:/usr/local/share/man:1:/usr/share/man:1:/opt/crc/usr/local/man:1:/opt/sge/man:1
MEMORY=15899
PERL_LOCAL_LIB_ROOT=/afs/crc.nd.edu/user/n/nkremerh/.perl5/
BASH_ENV=/afs/crc.nd.edu/x86_64_linux/Modules/4.5.0/init/bash
VENDOR=unknown
TMP=/var/condor/execute/dir_24525/worker-213124-24553/t.1254/cctools-temp-t.1254.CKIOv5
LOGNAME=nkremerh
MACHTYPE=x86_64
CCLHOME=/afs/crc.nd.edu/group/ccl
PYTHONPATH=/afs/crc.nd.edu/user/n/nkremerh/cctools/lib/python3.6/site-packages/
LD_LIBRARY_PATH_modshare=/opt/crc/usr/local/lib:1
SSH_CONNECTION=10.17.144.144 39924 129.74.128.103 22
MODULES_LMALTNAME_modshare=CRC_default/1.1&CRC_default/default&CRC_default:1
MODULESHOME=/afs/crc.nd.edu/x86_64_linux/Modules/4.5.0
GLOBUS_GSSAPI_CIPHERS=HIGH
GLOBUS_GSSAPI_BACKWARD_COMPATIBLE_MIC=true
LESSOPEN=||/usr/bin/lesspipe.sh %s
OMP_NUM_THREADS=1
_CONDOR_JOB_AD=/var/condor/execute/dir_24525/.job.ad
LOADEDMODULES_modshare=CRC_default/1.1:1
XDG_RUNTIME_DIR=/run/user/213124
SGE_CLUSTER_NAME=CRC
CCTOOLS=../cctools
CORES=4
_CONDOR_JOB_IWD=/var/condor/execute/dir_24525
PERL_MM_OPT=INSTALL_BASE=/afs/crc.nd.edu/user/n/nkremerh/.perl5/
GLOBUS_GSSAPI_SERVER_CIPHER_ORDER=true
BASH_FUNC_module()=() {  unset _mlshdbg;
 if [ "${MODULES_SILENT_SHELL_DEBUG:-0}" = '1' ]; then
 case "$-" in 
 *v*x*)
 set +vx;
 _mlshdbg='vx'
 ;;
 *v*)
 set +v;
 _mlshdbg='v'
 ;;
 *x*)
 set +x;
 _mlshdbg='x'
 ;;
 *)
 _mlshdbg=''
 ;;
 esac;
 fi;
 unset _mlre _mlIFS;
 if [ -n "${IFS+x}" ]; then
 _mlIFS=$IFS;
 fi;
 IFS=' ';
 for _mlv in ${MODULES_RUN_QUARANTINE:-};
 do
 if [ "${_mlv}" = "${_mlv##*[!A-Za-z0-9_]}" -a "${_mlv}" = "${_mlv#[0-9]}" ]; then
 if [ -n "`eval 'echo ${'$_mlv'+x}'`" ]; then
 _mlre="${_mlre:-}${_mlv}_modquar='`eval 'echo ${'$_mlv'}'`' ";
 fi;
 _mlrv="MODULES_RUNENV_${_mlv}";
 _mlre="${_mlre:-}${_mlv}='`eval 'echo ${'$_mlrv':-}'`' ";
 fi;
 done;
 if [ -n "${_mlre:-}" ]; then
 eval `eval ${_mlre}/usr/bin/tclsh /afs/crc.nd.edu/x86_64_linux/Modules/4.5.0/libexec/modulecmd.tcl bash '"$@"'`;
 else
 eval `/usr/bin/tclsh /afs/crc.nd.edu/x86_64_linux/Modules/4.5.0/libexec/modulecmd.tcl bash "$@"`;
 fi;
 _mlstatus=$?;
 if [ -n "${_mlIFS+x}" ]; then
 IFS=$_mlIFS;
 else
 unset IFS;
 fi;
 unset _mlre _mlv _mlrv _mlIFS;
 if [ -n "${_mlshdbg:-}" ]; then
 set -$_mlshdbg;
 fi;
 unset _mlshdbg;
 return $_mlstatus
}
BASH_FUNC_ml()=() {  module ml "$@"
}
_=/usr/bin/printenv
