24317   0.000000 libjli.so->getenv("_JAVA_LAUNCHER_DEBUG") = nil
24317   0.001941 libjli.so->getenv("_JAVA_VERSION_SET") = nil
24317   0.000872 libjli.so->fopen("/usr/lib/jvm/java-1.8.0-openjdk-1.8.0.252.b09-2.el7_8.x86_64/jre/lib/amd64/jvm.cfg", "r") = 0x558501bb90e0
24317   0.000793 libjli.so->getenv("JDK_ALTERNATE_VM") = nil
24317   0.000306 libjli.so->__xstat(1, "/usr/lib/jvm/java-1.8.0-openjdk-1.8.0.252.b09-2.el7_8.x86_64/jre/lib/amd64/server/libjvm.so", 0x7fff2efaafd0) = 0
24317   0.000611 libjli.so->getenv("LD_LIBRARY_PATH") = "/afs/crc.nd.edu/group/ccl/software/x86_64/redhat7/ruby/current/lib:/afs/crc.nd.edu/group/ccl/software/x86_64/redhat7/graphviz/current/lib:/afs/crc.nd.edu/group/ccl/software/x86_64/redhat7/git/current/lib:/afs/crc.nd.edu/group/ccl/software/x86_64/redhat7/condor/current/lib:/afs/crc.nd.edu/group/ccl/software/x86_64/redhat7/clang/current/lib:/afs/crc.nd.edu/group/ccl/software/x86_64/redhat7/condor/current/lib:/afs/crc.nd.edu/group/ccl/software/x86_64/redhat7/cctools/current/lib:/opt/crc/usr/local/lib"
24317   0.002086 libjli.so->dlopen("/usr/lib/jvm/java-1.8.0-openjdk-1.8.0.252.b09-2.el7_8.x86_64/jre/lib/amd64/server/libjvm.so", 258 <unfinished ...>
24317   0.036689 libjvm.so->getenv("NMT_LEVEL_24317") = nil
24317   0.001759 <... dlopen resumed> )          = 0x558501bb94b0
24317   0.000066 libjli.so->getenv("CLASSPATH")  = nil
24317   0.000297 libjli.so->getenv("_JAVA_SPLASH_JAR") = nil
24317   0.000307 libjli.so->getenv("_JAVA_SPLASH_FILE") = nil
24317   0.000317 libjli.so->pthread_attr_setdetachstate(0x7fff2efaaf80, 0, 0x7fff2efab010, 0) = 0
24317   0.000515 libpthread.so.0->__clone(0x2b40aaa38de0, 0x2b40aa94bfc0, 0x3d0f00, 0x2b40aa94c700) = 0x5efe
24318   0.001578 libjvm.so->dlopen(0x2b40ac19852e, 1, 0xfffffffffff42c48, 4096) = 0x2b40b0000990
24318   0.002778 libjvm.so->getenv(0x2b40ac1b32c0, 0, 115, 0x65737361) = 0x7fff2efb1674
24318   0.000480 libjvm.so->fopen(0x2b40aa94abe0, 0x2b40ac1529ab, 0x6f732e79666972, 0x2b40ab310ab0) = 0x2b40b0001440
24318   0.001636 libjvm.so->dlopen(0x2b40aa94abe0, 1, 0xffffffff, 0x2b40b0002b00) = 0x2b40b0001440
24318   0.001517 libjvm.so->fopen(0x2b40aa94abe0, 0x2b40ac1529ab, 111, 0x732e6176) = 0x2b40b0001b10
24318   0.001836 libjvm.so->dlopen(0x2b40aa94abe0, 1, 0xffffffff, 0x2b40b0001a00) = 0x2b40b0001b10
24318   0.001671 libjvm.so->__xstat(1, 0x2b40aa94b330, 0x2b40aa94bb70, 0x637274) = -1
24318   0.000621 libjvm.so->getenv(0x2b40ac14b226, 0x2b40aa94b6a0, 1024, 0x2b40ac5ef5db) = 0
24318   0.000560 libjvm.so->getenv(0x2b40ac14b218, 0x2b40aa94b6a0, 1024, 0) = 0
24318   0.000578 libjvm.so->fopen(0x2b40ac197e95, 0x2b40ac1529ab, 4095, 24) = 0x2b40b00032f0
24318   0.001041 libjvm.so->fopen(0x2b40ac197ee1, 0x2b40ac1529ab, 0x2b40b0000078, 0x2b40b00032e0) = 0x2b40b00032f0
24318   0.000818 libjvm.so->fopen(0x2b40aa945980, 0x2b40ac1529ab, 4016, 3997) = 0x2b40b00032f0
24318   0.000678 libjvm.so->opendir(0x2b40b0002b40, 0x2b40b0002b40, 13, 16) = 0
24318   0.000490 libjvm.so->__xstat(1, 0x2b40aa94a8c0, 0x2b40aa949830, 0x6f732e7477616d62) = -1
24318   0.000448 libjvm.so->__xstat(1, 0x2b40aa94a8c0, 0x2b40aa949830, 0x5f74776162696c2f) = 0
24318   0.000816 libjvm.so->fopen(0x2b40aa949b60, 0x2b40ac1529ab, 4011, 3996) = 0x2b40b00037d0
24318   0.000670 libjvm.so->fopen(0x2b40aa949b60, 0x2b40ac1529ab, 4011, 3996) = 0x2b40b00037d0
24318   0.000587 libjvm.so->fopen(0x2b40aa949b60, 0x2b40ac1529ab, 4011, 4004) = 0x2b40b00037d0
24318   0.000624 libjvm.so->fopen(0x2b40aa949af0, 0x2b40ac1529ab, 4011, 3996) = 0x2b40b00037d0
24318   0.000643 libjvm.so->fopen(0x2b40aa949af0, 0x2b40ac1529ab, 4011, 3996) = 0x2b40b00037d0
24318   0.000578 libjvm.so->fopen(0x2b40aa949af0, 0x2b40ac1529ab, 4011, 4004) = 0x2b40b00037d0
24318   0.000666 libjvm.so->fopen(0x2b40aa949b20, 0x2b40ac1529ab, 4016, 3997) = 0x2b40b00037d0
24318   0.000829 libjvm.so->getenv(0x2b40ac198c5e, 4096, 3, -1) = 0
24318   0.001175 libjvm.so->fopen(0x2b40ac198518, 0x2b40ac1529ab, 0x2b40aaa2f908, 0x2b40aaa2edf0) = 0x2b40b00037d0
24318   0.005068 libjvm.so->open(0x2b40b004a5c0, 0x20000, 0, 0x2b40b004a609) = 3
24318   0.000495 libjvm.so->__fxstat(1, 3, 0x2b40aa94b9d0, -1) = 0
24318   0.000545 libjvm.so->opendir(0x2b40b004a5c0, 0x2b40aa94b9d0, 0x4000, -1) = 0x2b40b004b4d0
24318   0.000503 libjvm.so->__fxstat(1, 3, 0x2b40aa94b870, 0x2b40b004b4d0) = 0
24318   0.000551 libjvm.so->__fxstat(1, 5, 0x2b40aa94b900, -1) = 0
24318   0.000595 libjvm.so->open(0x2b40ac16985c, 0, 0, 0) = 3
24318   0.000796 libjvm.so->__lxstat(1, 0x2b40b004a5c0, 0x2b40aa94bb20, -144) = 0
24318   0.000516 libjvm.so->open(0x2b40b004a5c0, 0x20000, 0x4000, -1) = 3
24318   0.000464 libjvm.so->__fxstat(1, 3, 0x2b40aa94b9d0, -1) = 0
24318   0.000591 libjvm.so->opendir(0x2b40b004a5c0, 0x2b40aa94b9d0, 0x4000, -1) = 0x2b40b004b4d0
24318   0.000432 libjvm.so->__fxstat(1, 3, 0x2b40aa94b870, 0x2b40b004b4d0) = 0
24318   0.000430 libjvm.so->__fxstat(1, 5, 0x2b40aa94b900, -1) = 0
24318   0.000452 libjvm.so->open(0x2b40ac16985c, 0, 0, 0) = 3
24318   0.000458 libjvm.so->open(0x2b40b004a609, 0x20042, 384, -1) = 7
24318   0.000631 libjvm.so->__fxstat(1, 7, 0x2b40aa94bb20, -1) = 0
24318   0.001616 libjvm.so->fopen(0x2b40aa94ab30, 0x2b40ac1529ab, 4, 0x6f732e70) = 0x2b40b0057bb0
24318   0.001407 libjvm.so->dlopen(0x2b40aa94ab30, 1, 0xffffffff, 0x2b40b0057b00) = 0x2b40b0057bb0
24318   0.001696 libjvm.so->__xstat(1, 0x2b40aa94b0f0, 0x2b40aa94b920, 2048) = 0
24318   0.000489 libjvm.so->__xstat(1, 0x2b40aa94b0f0, 0x2b40aa94b920, 2048) = 0
24318   0.000428 libjvm.so->__xstat(1, 0x2b40aa94b0f0, 0x2b40aa94b920, 2048) = -1
24318   0.000450 libjvm.so->__xstat(1, 0x2b40aa94b0f0, 0x2b40aa94b920, 2048) = 0
24318   0.000477 libjvm.so->__xstat(1, 0x2b40aa94b0f0, 0x2b40aa94b920, 2048) = 0
24318   0.000434 libjvm.so->__xstat(1, 0x2b40aa94b0f0, 0x2b40aa94b920, 2048) = 0
24318   0.000500 libjvm.so->__xstat(1, 0x2b40aa94b0f0, 0x2b40aa94b920, 2048) = -1
24318   0.000431 libjvm.so->__xstat(1, 0x2b40aa94b0f0, 0x2b40aa94b920, 2048) = -1
24318   0.000478 libjvm.so->fopen(0x2b40b0002520, 0x2b40ac1529ab, 0, 0) = 0x2b40b0058920
24318   0.008496 libjvm.so->open64(0x2b40aa94a490, 0, 0, 16) = 3
24318   0.000701 libjvm.so->__fxstat64(1, 3, 0x2b40aa94a2c0, -1) = 0
24318   0.035508 libjvm.so->__xstat(1, 0x2b40aa94aef0, 0x2b40aa94b720, 2048) = -1
24318   0.000684 libjvm.so->fopen(0x2b40aa949af0, 0x2b40ac1529ab, 4011, 3996) = 0x2b40b00b5ba0
24318   0.000771 libjvm.so->fopen(0x2b40aa949af0, 0x2b40ac1529ab, 4011, 3996) = 0x2b40b00b5ba0
24318   0.000715 libjvm.so->fopen(0x2b40aa949af0, 0x2b40ac1529ab, 4011, 4004) = 0x2b40b00b5ba0
24318   0.004373 libjvm.so->pthread_attr_setdetachstate(0x2b40aa94bbd0, 1, 0, 0) = 0
24318   0.000691 libpthread.so.0->__clone(0x2b40aaa38de0, 0x2b40c32d1fc0, 0x3d0f00, 0x2b40c32d2700) = 0x5eff
24318   0.015486 libjvm.so->pthread_attr_setdetachstate(0x2b40aa94b260, 1, 0, 0) = 0
24318   0.000714 libpthread.so.0->__clone(0x2b40aaa38de0, 0x2b40c33d2fc0, 0x3d0f00, 0x2b40c33d3700) = 0x5f00
24318   0.006765 libjvm.so->pthread_attr_setdetachstate(0x2b40aa94b5e0, 1, 0, 0) = 0
24318   0.000802 libpthread.so.0->__clone(0x2b40aaa38de0, 0x2b40c34d3fc0, 0x3d0f00, 0x2b40c34d4700) = 0x5f01
24318   0.039251 libjvm.so->fopen(0x2b40b00e8750, 0x2b40ac1529ab, 4, 0x6f732e70) = 0x2b40b00f1760
24318   0.001999 libjvm.so->dlopen(0x2b40b00e8750, 1, 0xffffffff, 0x2b40b00e8c00) = 0x2b40b0057bb0
24318   0.022142 libjvm.so->fopen(0x2b40aa947130, 0x2b40ac1529ab, 4011, 3996) = 0x2b40b00f9040
24318   0.001141 libjvm.so->fopen(0x2b40aa947130, 0x2b40ac1529ab, 4011, 3996) = 0x2b40b00f9040
24318   0.001158 libjvm.so->fopen(0x2b40aa947130, 0x2b40ac1529ab, 4011, 4004) = 0x2b40b00f9040
24318   0.014889 libjvm.so->pthread_attr_setdetachstate(0x2b40aa94bb20, 1, 0, 0) = 0
24318   0.000959 libpthread.so.0->__clone(0x2b40aaa38de0, 0x2b40c35d4fc0, 0x3d0f00, 0x2b40c35d5700) = 0x5f02
24318   0.001581 libjvm.so->__xstat64(1, 0x2b40aa94bbb0, 0x2b40aa94bb20, 19) = -1
24318   0.001209 libjvm.so->pthread_attr_setdetachstate(0x2b40aa94b920, 1, 0, 0) = 0
24318   0.001132 libpthread.so.0->__clone(0x2b40aaa38de0, 0x2b40c36d5fc0, 0x3d0f00, 0x2b40c36d6700) = 0x5f03
24318   0.001720 libjvm.so->pthread_attr_setdetachstate(0x2b40aa94b920, 1, 0, 0) = 0
24318   0.001331 libpthread.so.0->__clone(0x2b40aaa38de0, 0x2b40c37d6fc0, 0x3d0f00, 0x2b40c37d7700) = 0x5f04
24318   0.007487 libjvm.so->pthread_attr_setdetachstate(0x2b40aa94ba70, 1, 0, 0) = 0
24318   0.001396 libpthread.so.0->__clone(0x2b40aaa38de0, 0x2b40c38d7fc0, 0x3d0f00, 0x2b40c38d8700) = 0x5f05
24318   0.002201 libjvm.so->pthread_attr_setdetachstate(0x2b40aa94bb80, 1, 0, 0) = 0
24318   0.001560 libpthread.so.0->__clone(0x2b40aaa38de0, 0x2b40c39d8fc0, 0x3d0f00, 0x2b40c39d9700) = 0x5f06
24318   0.014214 libjvm.so->open64(0x2b40b012c5d0, 0, 0, 16) = 5
24318   0.001779 libjvm.so->__fxstat64(1, 5, 0x2b40aa948f90, -1) = 0
24318   0.025112 libjvm.so->fopen(0x2b40b0152770, 0x2b40ac1529ab, 4, 0x6f732e6f) = 0x2b40b0152830
24318   0.003165 libjvm.so->dlopen(0x2b40b0152770, 1, 0xffffffff, 0x2b40b0152700) = 0x2b40b0152830
24323   0.045230 --- SIGSEGV (Segmentation fault) ---
24324   0.000029 --- SIGSEGV (Segmentation fault) ---
24318   0.051394 libjvm.so->fopen(0x2b40aa945e90, 0x2b40ac1529ab, 0x6f732e, 0x6d766a62696c2f72) = 0x2b40b0166b30
24318   0.005596 libjvm.so->dlopen(0x2b40aa945e90, 1, 0xffffffff, 0x2b40b0166a00) = 0x558501bb94b0
24318   0.001711 libjvm.so->fopen(0x2b40aa945e90, 0x2b40ac1529ab, 0x6f732e, 0x6d766a62696c2f72) = 0x2b40b0166b30
24318   0.004685 libjvm.so->dlopen(0x2b40aa945e90, 1, 0xffffffff, 0x2b40b0166a00) = 0x558501bb94b0
24318   0.001700 libjvm.so->fopen(0x2b40aa945e90, 0x2b40ac1529ab, 0x6f732e, 0x6d766a62696c2f72) = 0x2b40b0166b30
24318   0.003399 libjvm.so->dlopen(0x2b40aa945e90, 1, 0xffffffff, 0x2b40b0166a00) = 0x558501bb94b0
24318   0.001601 libjvm.so->fopen(0x2b40aa945e90, 0x2b40ac1529ab, 0x6f732e, 0x6d766a62696c2f72) = 0x2b40b0166b30
24318   0.003353 libjvm.so->dlopen(0x2b40aa945e90, 1, 0xffffffff, 0x2b40b0166a00) = 0x558501bb94b0
24318   0.044398 libjvm.so->fopen(0x2b40b01afc50, 0x2b40ac1529ab, 4, 0x6f732e74) = 0x2b40b01ab4d0
24318   0.002963 libjvm.so->dlopen(0x2b40b01afc50, 1, 0xffffffff, 0x2b40b0166700) = 0x2b40b01ab4d0
24318   0.129974 libjvm.so->fopen(0x2b40b0216730, 0x2b40ac1529ab, 0x6f732e7373656c, 0x656c646165685f74) = 0x2b40b0216810
24318   0.002669 libjvm.so->dlopen(0x2b40b0216730, 1, 0xffffffff, 0x2b40b0216700) = 0x2b40b0216810
24326   0.036497 +++ exited (status 0) +++
24322   0.000447 +++ exited (status 0) +++
24319   0.000307 +++ exited (status 0) +++
24318   0.000257 +++ exited (status 0) +++
24325   0.000247 +++ exited (status 1) +++
24324   0.000027 +++ exited (status 1) +++
24323   0.000038 +++ exited (status 1) +++
24321   0.000025 +++ exited (status 1) +++
24320   0.004938 +++ exited (status 1) +++
24317   0.000068 +++ exited (status 1) +++
Wrote an ltrace for command: "java -cp ./tools/maxent.jar density.Project outputs/Estola_hirsutella_Aurivillius/Estola_hirsutella_Aurivillius.lambdas data/layers/worldclim outputs/Estola_hirsutella_Aurivillius_worldclim.asc nowarnings nocache autorun -z" with PID 24315 from PPID 24297 on disc25.crc.nd.edu with result 1
REMOTEHOST=10.17.144.144
_CONDOR_ANCESTOR_24525=24530:1594671055:2748281650
_CONDOR_JOB_PIDS=
MANPATH=/afs/crc.nd.edu/user/n/nkremerh/cctools/share/man/:/afs/crc.nd.edu/group/ccl/software/x86_64/redhat7/ruby/current/share/man:/afs/crc.nd.edu/group/ccl/software/x86_64/redhat7/graphviz/current/share/man:/afs/crc.nd.edu/group/ccl/software/x86_64/redhat7/gnuplot/current/share/man:/afs/crc.nd.edu/group/ccl/software/x86_64/redhat7/git/current/share/man:/afs/crc.nd.edu/group/ccl/software/x86_64/redhat7/condor/current/share/man:/afs/crc.nd.edu/group/ccl/software/x86_64/redhat7/clang/current/share/man:/afs/crc.nd.edu/group/ccl/software/x86_64/redhat7/condor/current/share/man:/afs/crc.nd.edu/group/ccl/software/x86_64/redhat7/cctools/current/share/man:/afs/crc.nd.edu/group/ccl/software/x86_64/redhat7/cctools/current/share/man:/afs/crc.nd.edu/x86_64_linux/Modules/4.5.0/share/man:/opt/crc/usr/local/man:/opt/sge/man:/usr/share/man/overrides:/usr/share/man:/usr/local/share/man
XDG_SESSION_ID=2735
HOSTNAME=disc01.crc.nd.edu
_LMFILES__modshare=/afs/crc.nd.edu/x86_64_linux/Modules/modules/system_modules/CRC_default/1.1:1
MODULEPATH_modshare=/afs/crc.nd.edu/x86_64_linux/Modules/modules/general_software:1:/afs/crc.nd.edu/x86_64_linux/Modules/modules/development_tools_and_libraries:1:/afs/crc.nd.edu/x86_64_linux/Modules/modules/system_modules:1:/afs/crc.nd.edu/x86_64_linux/Modules/current/modulefiles:1:/afs/crc.nd.edu/x86_64_linux/Modules/modules/restricted_software:1:/afs/crc.nd.edu/x86_64_linux/Modules/modules/deprecated_software:1
MODULES_CMD=/afs/crc.nd.edu/x86_64_linux/Modules/4.5.0/libexec/modulecmd.tcl
HOST=disc01.crc.nd.edu
SHELL=/bin/tcsh
TERM=xterm-256color
MAKEFLAGS=
HISTSIZE=5000
TMPDIR=/var/condor/execute/dir_24525/worker-213124-24553/t.1669/cctools-temp-t.1669.rKIIZR
SSH_CLIENT=10.17.144.144 39924 22
PERL5LIB=/afs/crc.nd.edu/user/n/nkremerh/cctools/lib/perl5/site_perl/5.16.3:/afs/crc.nd.edu/user/n/nkremerh/.perl5/lib/perl5
SGE_CELL=crc
_CONDOR_SCRATCH_DIR=/var/condor/execute/dir_24525
PERL_MB_OPT=--install_base '/afs/crc.nd.edu/user/n/nkremerh/.perl5/'
SSH_TTY=/dev/pts/0
SGE_LOAD_AVG=load_avg
MAKEFLOW_MAX_LOCAL_JOBS=2
HISTFILESIZE=10000
_CHIRP_DELAYED_UPDATE_PREFIX=Chirp*
USER=nkremerh
GROUP=campus
LD_LIBRARY_PATH=/afs/crc.nd.edu/group/ccl/software/x86_64/redhat7/ruby/current/lib:/afs/crc.nd.edu/group/ccl/software/x86_64/redhat7/graphviz/current/lib:/afs/crc.nd.edu/group/ccl/software/x86_64/redhat7/git/current/lib:/afs/crc.nd.edu/group/ccl/software/x86_64/redhat7/condor/current/lib:/afs/crc.nd.edu/group/ccl/software/x86_64/redhat7/clang/current/lib:/afs/crc.nd.edu/group/ccl/software/x86_64/redhat7/condor/current/lib:/afs/crc.nd.edu/group/ccl/software/x86_64/redhat7/cctools/current/lib:/opt/crc/usr/local/lib
TEMP=/var/condor/execute/dir_24525/worker-213124-24553/t.1669/cctools-temp-t.1669.rKIIZR
BATCH_SYSTEM=HTCondor
WORKER_TMPDIR=/var/condor/execute/dir_24525/worker-213124-24553/cache/tmp
ENV=/afs/crc.nd.edu/x86_64_linux/Modules/4.5.0/init/profile.sh
MODULES_LMALTNAME=CRC_default/1.1&CRC_default/default&CRC_default
_CONDOR_CHIRP_CONFIG=/var/condor/execute/dir_24525/.chirp.config
GLOBUS_GSSAPI_MAX_TLS_PROTOCOL=0
_CONDOR_HIGHPORT=9999
HOSTTYPE=x86_64-linux
MAKELEVEL=1
MFLAGS=
CCLSOFTWARE=/afs/crc.nd.edu/group/ccl/software/x86_64/redhat7
PATH=/afs/crc.nd.edu/user/n/nkremerh/cctools/bin:/afs/crc.nd.edu/user/n/nkremerh/miniconda/bin:/afs/crc.nd.edu/group/ccl/software/git:/afs/crc.nd.edu/user/n/nkremerh/.local/bin:/afs/crc.nd.edu/group/ccl/software/x86_64/redhat7/povray/3.7/bin:/afs/crc.nd.edu/user/n/nkremerh/.perl5/bin:/afs/crc.nd.edu/user/n/nkremerh/pegasus/bin:/afs/crc.nd.edu/user/n/nkremerh/nodejs/bin:/afs/crc.nd.edu/user/n/nkremerh/montage/bin:/afs/crc.nd.edu/user/n/nkremerh/latexdiff:/afs/crc.nd.edu/user/n/nkremerh/envtrace:/afs/crc.nd.edu/user/n/nkremerh/endlines:/afs/crc.nd.edu/user/n/nkremerh/cctools/bin:/afs/crc.nd.edu/user/n/nkremerh/.cargo/bin:/afs/crc.nd.edu/group/ccl/software/x86_64/redhat7/ruby/current/bin:/afs/crc.nd.edu/group/ccl/software/x86_64/redhat7/graphviz/current/bin:/afs/crc.nd.edu/group/ccl/software/x86_64/redhat7/gnuplot/current/bin:/afs/crc.nd.edu/group/ccl/software/x86_64/redhat7/git/current/bin:/afs/crc.nd.edu/group/ccl/software/x86_64/redhat7/condor/current/sbin:/afs/crc.nd.edu/group/ccl/software/x86_64/redhat7/condor/current/bin:/afs/crc.nd.edu/group/ccl/software/x86_64/redhat7/cmake/current/bin:/afs/crc.nd.edu/group/ccl/software/x86_64/redhat7/clang/current/bin:/afs/crc.nd.edu/group/ccl/software/x86_64/redhat7/condor/current/sbin:/afs/crc.nd.edu/group/ccl/software/x86_64/redhat7/condor/current/bin:/afs/crc.nd.edu/group/ccl/software/x86_64/redhat7/cctools/current/bin:/afs/crc.nd.edu/x86_64_linux/Modules/4.5.0/bin:/opt/crc/usr/local/bin:/opt/sge/bin/lx-amd64:/usr/local/bin:/usr/bin:/usr/local/sbin:/usr/sbin:/afs/crc.nd.edu/user/c/condor/software/bin:/afs/crc.nd.edu/user/c/condor/software/sbin
MAIL=/var/spool/mail/nkremerh
PWD=/var/condor/execute/dir_24525/worker-213124-24553/t.1669
_LMFILES_=/afs/crc.nd.edu/x86_64_linux/Modules/modules/system_modules/CRC_default/1.1
SGE_EXECD_PORT=6445
EDITOR=vim
LANG=en_US.UTF-8
MODULEPATH=/afs/crc.nd.edu/x86_64_linux/Modules/modules/development_tools_and_libraries:/afs/crc.nd.edu/x86_64_linux/Modules/modules/general_software:/afs/crc.nd.edu/x86_64_linux/Modules/modules/restricted_software:/afs/crc.nd.edu/x86_64_linux/Modules/modules/system_modules:/afs/crc.nd.edu/x86_64_linux/Modules/modules/deprecated_software:/afs/crc.nd.edu/x86_64_linux/Modules/current/modulefiles
SGE_QMASTER_PORT=6444
SGE_ROOT=/opt/sge
LOADEDMODULES=CRC_default/1.1
WORK_QUEUE_SANDBOX=/var/condor/execute/dir_24525/worker-213124-24553
_CONDOR_SLOT=slot1
CCLPLATFORM=x86_64/redhat7
USE_SYSTEMD=true
_CONDOR_ANCESTOR_4261=24525:1594671054:4145456440
_CONDOR_LOWPORT=9100
KRB5CCNAME=FILE:/tmp/krb5cc_213124_ZwXmib
HISTCONTROL=ignoreboth:erasedups
PATH_modshare=/opt/crc/usr/local/bin:1:/opt/sge/bin/lx-amd64:1:/usr/sbin:1:/usr/bin:1:/afs/crc.nd.edu/user/c/condor/software/sbin:1:/usr/local/sbin:1:/afs/crc.nd.edu/user/c/condor/software/bin:1:/usr/local/bin:1
SHLVL=7
HOME=/afs/crc.nd.edu/user/n/nkremerh
GLOBUS_GSSAPI_NAME_COMPATIBILITY=STRICT_RFC2818
_CONDOR_ANCESTOR_3989=4261:1593343483:4184216969
_CONDOR_MACHINE_AD=/var/condor/execute/dir_24525/.machine.ad
OSTYPE=linux
DISK=916727
GREP_OPTIONS=--color=auto
GLOBUS_GSSAPI_MIN_TLS_PROTOCOL=TLS1_VERSION
MEMORY=15899
MANPATH_modshare=/usr/share/man/overrides:1:/usr/local/share/man:1:/usr/share/man:1:/opt/crc/usr/local/man:1:/opt/sge/man:1
VENDOR=unknown
BASH_ENV=/afs/crc.nd.edu/x86_64_linux/Modules/4.5.0/init/bash
PERL_LOCAL_LIB_ROOT=/afs/crc.nd.edu/user/n/nkremerh/.perl5/
PYTHONPATH=/afs/crc.nd.edu/user/n/nkremerh/cctools/lib/python3.6/site-packages/
CCLHOME=/afs/crc.nd.edu/group/ccl
MACHTYPE=x86_64
LOGNAME=nkremerh
TMP=/var/condor/execute/dir_24525/worker-213124-24553/t.1669/cctools-temp-t.1669.rKIIZR
LD_LIBRARY_PATH_modshare=/opt/crc/usr/local/lib:1
MODULES_LMALTNAME_modshare=CRC_default/1.1&CRC_default/default&CRC_default:1
SSH_CONNECTION=10.17.144.144 39924 129.74.128.103 22
MODULESHOME=/afs/crc.nd.edu/x86_64_linux/Modules/4.5.0
OMP_NUM_THREADS=1
LESSOPEN=||/usr/bin/lesspipe.sh %s
GLOBUS_GSSAPI_BACKWARD_COMPATIBLE_MIC=true
GLOBUS_GSSAPI_CIPHERS=HIGH
LOADEDMODULES_modshare=CRC_default/1.1:1
_CONDOR_JOB_AD=/var/condor/execute/dir_24525/.job.ad
SGE_CLUSTER_NAME=CRC
XDG_RUNTIME_DIR=/run/user/213124
CCTOOLS=../cctools
CORES=4
_CONDOR_JOB_IWD=/var/condor/execute/dir_24525
PERL_MM_OPT=INSTALL_BASE=/afs/crc.nd.edu/user/n/nkremerh/.perl5/
GLOBUS_GSSAPI_SERVER_CIPHER_ORDER=true
BASH_FUNC_module()=() {  unset _mlshdbg;
 if [ "${MODULES_SILENT_SHELL_DEBUG:-0}" = '1' ]; then
 case "$-" in 
 *v*x*)
 set +vx;
 _mlshdbg='vx'
 ;;
 *v*)
 set +v;
 _mlshdbg='v'
 ;;
 *x*)
 set +x;
 _mlshdbg='x'
 ;;
 *)
 _mlshdbg=''
 ;;
 esac;
 fi;
 unset _mlre _mlIFS;
 if [ -n "${IFS+x}" ]; then
 _mlIFS=$IFS;
 fi;
 IFS=' ';
 for _mlv in ${MODULES_RUN_QUARANTINE:-};
 do
 if [ "${_mlv}" = "${_mlv##*[!A-Za-z0-9_]}" -a "${_mlv}" = "${_mlv#[0-9]}" ]; then
 if [ -n "`eval 'echo ${'$_mlv'+x}'`" ]; then
 _mlre="${_mlre:-}${_mlv}_modquar='`eval 'echo ${'$_mlv'}'`' ";
 fi;
 _mlrv="MODULES_RUNENV_${_mlv}";
 _mlre="${_mlre:-}${_mlv}='`eval 'echo ${'$_mlrv':-}'`' ";
 fi;
 done;
 if [ -n "${_mlre:-}" ]; then
 eval `eval ${_mlre}/usr/bin/tclsh /afs/crc.nd.edu/x86_64_linux/Modules/4.5.0/libexec/modulecmd.tcl bash '"$@"'`;
 else
 eval `/usr/bin/tclsh /afs/crc.nd.edu/x86_64_linux/Modules/4.5.0/libexec/modulecmd.tcl bash "$@"`;
 fi;
 _mlstatus=$?;
 if [ -n "${_mlIFS+x}" ]; then
 IFS=$_mlIFS;
 else
 unset IFS;
 fi;
 unset _mlre _mlv _mlrv _mlIFS;
 if [ -n "${_mlshdbg:-}" ]; then
 set -$_mlshdbg;
 fi;
 unset _mlshdbg;
 return $_mlstatus
}
BASH_FUNC_ml()=() {  module ml "$@"
}
_=/usr/bin/printenv
