21522   0.000000 libjli.so->getenv("_JAVA_LAUNCHER_DEBUG") = nil
21522   0.001907 libjli.so->getenv("_JAVA_VERSION_SET") = nil
21522   0.000773 libjli.so->fopen("/usr/lib/jvm/java-1.8.0-openjdk-1.8.0.252.b09-2.el7_8.x86_64/jre/lib/amd64/jvm.cfg", "r") = 0x555b198e00f0
21522   0.000837 libjli.so->getenv("JDK_ALTERNATE_VM") = nil
21522   0.000305 libjli.so->__xstat(1, "/usr/lib/jvm/java-1.8.0-openjdk-1.8.0.252.b09-2.el7_8.x86_64/jre/lib/amd64/server/libjvm.so", 0x7ffdd3f572d0) = 0
21522   0.000609 libjli.so->getenv("LD_LIBRARY_PATH") = "/afs/crc.nd.edu/group/ccl/software/x86_64/redhat7/ruby/current/lib:/afs/crc.nd.edu/group/ccl/software/x86_64/redhat7/graphviz/current/lib:/afs/crc.nd.edu/group/ccl/software/x86_64/redhat7/git/current/lib:/afs/crc.nd.edu/group/ccl/software/x86_64/redhat7/condor/current/lib:/afs/crc.nd.edu/group/ccl/software/x86_64/redhat7/clang/current/lib:/afs/crc.nd.edu/group/ccl/software/x86_64/redhat7/condor/current/lib:/afs/crc.nd.edu/group/ccl/software/x86_64/redhat7/cctools/current/lib:/opt/crc/usr/local/lib"
21522   0.002117 libjli.so->dlopen("/usr/lib/jvm/java-1.8.0-openjdk-1.8.0.252.b09-2.el7_8.x86_64/jre/lib/amd64/server/libjvm.so", 258 <unfinished ...>
21522   0.036526 libjvm.so->getenv("NMT_LEVEL_21522") = nil
21522   0.001699 <... dlopen resumed> )          = 0x555b198e04c0
21522   0.000065 libjli.so->getenv("CLASSPATH")  = nil
21522   0.000359 libjli.so->getenv("_JAVA_SPLASH_JAR") = nil
21522   0.000296 libjli.so->getenv("_JAVA_SPLASH_FILE") = nil
21522   0.000352 libjli.so->pthread_attr_setdetachstate(0x7ffdd3f57280, 0, 0x7ffdd3f57310, 0) = 0
21522   0.000616 libpthread.so.0->__clone(0x2b86c3e6dde0, 0x2b86c3d80fc0, 0x3d0f00, 0x2b86c3d81700) = 0x5413
21523   0.001772 libjvm.so->dlopen(0x2b86c55cd52e, 1, 0xfffffffffff42c48, 4096) = 0x2b86c8000990
21523   0.002762 libjvm.so->getenv(0x2b86c55e82c0, 0, 115, 0x65737361) = 0x7ffdd3f5c6cd
21523   0.000558 libjvm.so->fopen(0x2b86c3d7fbe0, 0x2b86c55879ab, 0x6f732e79666972, 0x2b86c4745ab0) = 0x2b86c8001440
21523   0.001656 libjvm.so->dlopen(0x2b86c3d7fbe0, 1, 0xffffffff, 0x2b86c8002b00) = 0x2b86c8001440
21523   0.001595 libjvm.so->fopen(0x2b86c3d7fbe0, 0x2b86c55879ab, 111, 0x732e6176) = 0x2b86c8001b10
21523   0.002031 libjvm.so->dlopen(0x2b86c3d7fbe0, 1, 0xffffffff, 0x2b86c8001a00) = 0x2b86c8001b10
21523   0.002096 libjvm.so->__xstat(1, 0x2b86c3d80330, 0x2b86c3d80b70, 0x637274) = -1
21523   0.000843 libjvm.so->getenv(0x2b86c5580226, 0x2b86c3d806a0, 1024, 0x2b86c5a245db) = 0
21523   0.000679 libjvm.so->getenv(0x2b86c5580218, 0x2b86c3d806a0, 1024, 0) = 0
21523   0.000626 libjvm.so->fopen(0x2b86c55cce95, 0x2b86c55879ab, 4095, 24) = 0x2b86c8003270
21523   0.001319 libjvm.so->fopen(0x2b86c55ccee1, 0x2b86c55879ab, 0x2b86c8000078, 0x2b86c8003260) = 0x2b86c8003270
21523   0.000703 libjvm.so->fopen(0x2b86c3d7a980, 0x2b86c55879ab, 4016, 3997) = 0x2b86c8003270
21523   0.000656 libjvm.so->opendir(0x2b86c8002b40, 0x2b86c8002b40, 13, 16) = 0
21523   0.000485 libjvm.so->__xstat(1, 0x2b86c3d7f8c0, 0x2b86c3d7e830, 0x6f732e7477616d62) = -1
21523   0.000453 libjvm.so->__xstat(1, 0x2b86c3d7f8c0, 0x2b86c3d7e830, 0x5f74776162696c2f) = 0
21523   0.000486 libjvm.so->fopen(0x2b86c3d7eb60, 0x2b86c55879ab, 4011, 3996) = 0x2b86c8003750
21523   0.000822 libjvm.so->fopen(0x2b86c3d7eb60, 0x2b86c55879ab, 4011, 3996) = 0x2b86c8003750
21523   0.000763 libjvm.so->fopen(0x2b86c3d7eb60, 0x2b86c55879ab, 4011, 4004) = 0x2b86c8003750
21523   0.000745 libjvm.so->fopen(0x2b86c3d7eaf0, 0x2b86c55879ab, 4011, 3996) = 0x2b86c8003750
21523   0.000738 libjvm.so->fopen(0x2b86c3d7eaf0, 0x2b86c55879ab, 4011, 3996) = 0x2b86c8003750
21523   0.000684 libjvm.so->fopen(0x2b86c3d7eaf0, 0x2b86c55879ab, 4011, 4004) = 0x2b86c8003750
21523   0.000618 libjvm.so->fopen(0x2b86c3d7eb20, 0x2b86c55879ab, 4016, 3997) = 0x2b86c8003750
21523   0.000835 libjvm.so->getenv(0x2b86c55cdc5e, 4096, 3, -1) = 0
21523   0.000935 libjvm.so->fopen(0x2b86c55cd518, 0x2b86c55879ab, 0x2b86c3e64908, 0x2b86c3e63df0) = 0x2b86c8003750
21523   0.005682 libjvm.so->open(0x2b86c804a540, 0x20000, 0, 0x2b86c804a589) = 3
21523   0.000492 libjvm.so->__fxstat(1, 3, 0x2b86c3d809d0, -1) = 0
21523   0.000494 libjvm.so->opendir(0x2b86c804a540, 0x2b86c3d809d0, 0x4000, -1) = 0x2b86c804b450
21523   0.000603 libjvm.so->__fxstat(1, 3, 0x2b86c3d80870, 0x2b86c804b450) = 0
21523   0.000452 libjvm.so->__fxstat(1, 5, 0x2b86c3d80900, -1) = 0
21523   0.000545 libjvm.so->open(0x2b86c559e85c, 0, 0, 0) = 3
21523   0.000676 libjvm.so->__lxstat(1, 0x2b86c804a540, 0x2b86c3d80b20, -144) = 0
21523   0.000483 libjvm.so->open(0x2b86c804a540, 0x20000, 0x4000, -1) = 3
21523   0.000467 libjvm.so->__fxstat(1, 3, 0x2b86c3d809d0, -1) = 0
21523   0.000444 libjvm.so->opendir(0x2b86c804a540, 0x2b86c3d809d0, 0x4000, -1) = 0x2b86c804b450
21523   0.000421 libjvm.so->__fxstat(1, 3, 0x2b86c3d80870, 0x2b86c804b450) = 0
21523   0.000433 libjvm.so->__fxstat(1, 5, 0x2b86c3d80900, -1) = 0
21523   0.000446 libjvm.so->open(0x2b86c559e85c, 0, 0, 0) = 3
21523   0.000460 libjvm.so->open(0x2b86c804a589, 0x20042, 384, -1) = 7
21523   0.000630 libjvm.so->__fxstat(1, 7, 0x2b86c3d80b20, -1) = 0
21523   0.001679 libjvm.so->fopen(0x2b86c3d7fb30, 0x2b86c55879ab, 4, 0x6f732e70) = 0x2b86c8057b30
21523   0.001510 libjvm.so->dlopen(0x2b86c3d7fb30, 1, 0xffffffff, 0x2b86c8057a00) = 0x2b86c8057b30
21523   0.001763 libjvm.so->__xstat(1, 0x2b86c3d800f0, 0x2b86c3d80920, 2048) = 0
21523   0.000626 libjvm.so->__xstat(1, 0x2b86c3d800f0, 0x2b86c3d80920, 2048) = 0
21523   0.000490 libjvm.so->__xstat(1, 0x2b86c3d800f0, 0x2b86c3d80920, 2048) = -1
21523   0.000539 libjvm.so->__xstat(1, 0x2b86c3d800f0, 0x2b86c3d80920, 2048) = 0
21523   0.000493 libjvm.so->__xstat(1, 0x2b86c3d800f0, 0x2b86c3d80920, 2048) = 0
21523   0.000515 libjvm.so->__xstat(1, 0x2b86c3d800f0, 0x2b86c3d80920, 2048) = 0
21523   0.000500 libjvm.so->__xstat(1, 0x2b86c3d800f0, 0x2b86c3d80920, 2048) = -1
21523   0.000451 libjvm.so->__xstat(1, 0x2b86c3d800f0, 0x2b86c3d80920, 2048) = -1
21523   0.000456 libjvm.so->fopen(0x2b86c8002520, 0x2b86c55879ab, 0, 0) = 0x2b86c80588a0
21523   0.009750 libjvm.so->open64(0x2b86c3d7f490, 0, 0, 16) = 3
21523   0.000564 libjvm.so->__fxstat64(1, 3, 0x2b86c3d7f2c0, -1) = 0
21523   0.035582 libjvm.so->__xstat(1, 0x2b86c3d7fef0, 0x2b86c3d80720, 2048) = -1
21523   0.000587 libjvm.so->fopen(0x2b86c3d7eaf0, 0x2b86c55879ab, 4011, 3996) = 0x2b86c80b5b20
21523   0.000685 libjvm.so->fopen(0x2b86c3d7eaf0, 0x2b86c55879ab, 4011, 3996) = 0x2b86c80b5b20
21523   0.000653 libjvm.so->fopen(0x2b86c3d7eaf0, 0x2b86c55879ab, 4011, 4004) = 0x2b86c80b5b20
21523   0.004178 libjvm.so->pthread_attr_setdetachstate(0x2b86c3d80bd0, 1, 0, 0) = 0
21523   0.000578 libpthread.so.0->__clone(0x2b86c3e6dde0, 0x2b86c7ebbfc0, 0x3d0f00, 0x2b86c7ebc700) = 0x5414
21523   0.015686 libjvm.so->pthread_attr_setdetachstate(0x2b86c3d80260, 1, 0, 0) = 0
21523   0.000641 libpthread.so.0->__clone(0x2b86c3e6dde0, 0x2b86c7fbcfc0, 0x3d0f00, 0x2b86c7fbd700) = 0x5415
21523   0.006781 libjvm.so->pthread_attr_setdetachstate(0x2b86c3d805e0, 1, 0, 0) = 0
21523   0.000795 libpthread.so.0->__clone(0x2b86c3e6dde0, 0x2b86dc8a0fc0, 0x3d0f00, 0x2b86dc8a1700) = 0x5416
21523   0.038922 libjvm.so->fopen(0x2b86c80e8680, 0x2b86c55879ab, 4, 0x6f732e70) = 0x2b86c80f1700
21523   0.001977 libjvm.so->dlopen(0x2b86c80e8680, 1, 0xffffffff, 0x2b86c80e8b00) = 0x2b86c8057b30
21523   0.022429 libjvm.so->fopen(0x2b86c3d7c130, 0x2b86c55879ab, 4011, 3996) = 0x2b86c80f9080
21523   0.001130 libjvm.so->fopen(0x2b86c3d7c130, 0x2b86c55879ab, 4011, 3996) = 0x2b86c80f9080
21523   0.001131 libjvm.so->fopen(0x2b86c3d7c130, 0x2b86c55879ab, 4011, 4004) = 0x2b86c80f9080
21523   0.014656 libjvm.so->pthread_attr_setdetachstate(0x2b86c3d80b20, 1, 0, 0) = 0
21523   0.001107 libpthread.so.0->__clone(0x2b86c3e6dde0, 0x2b86dc9a1fc0, 0x3d0f00, 0x2b86dc9a2700) = 0x5417
21523   0.001881 libjvm.so->__xstat64(1, 0x2b86c3d80bb0, 0x2b86c3d80b20, 19) = -1
21523   0.001173 libjvm.so->pthread_attr_setdetachstate(0x2b86c3d80920, 1, 0, 0) = 0
21523   0.001207 libpthread.so.0->__clone(0x2b86c3e6dde0, 0x2b86dcaa2fc0, 0x3d0f00, 0x2b86dcaa3700) = 0x5418
21523   0.001695 libjvm.so->pthread_attr_setdetachstate(0x2b86c3d80920, 1, 0, 0) = 0
21523   0.001323 libpthread.so.0->__clone(0x2b86c3e6dde0, 0x2b86dcba3fc0, 0x3d0f00, 0x2b86dcba4700) = 0x5419
21523   0.007306 libjvm.so->pthread_attr_setdetachstate(0x2b86c3d80a70, 1, 0, 0) = 0
21523   0.001387 libpthread.so.0->__clone(0x2b86c3e6dde0, 0x2b86dcca4fc0, 0x3d0f00, 0x2b86dcca5700) = 0x541a
21523   0.002336 libjvm.so->pthread_attr_setdetachstate(0x2b86c3d80b80, 1, 0, 0) = 0
21523   0.001568 libpthread.so.0->__clone(0x2b86c3e6dde0, 0x2b86dcda5fc0, 0x3d0f00, 0x2b86dcda6700) = 0x541b
21523   0.014199 libjvm.so->open64(0x2b86c8134620, 0, 0, 32) = 5
21523   0.001708 libjvm.so->__fxstat64(1, 5, 0x2b86c3d7df90, -1) = 0
21523   0.025232 libjvm.so->fopen(0x2b86c815a7a0, 0x2b86c55879ab, 4, 0x6f732e6f) = 0x2b86c815a860
21523   0.003123 libjvm.so->dlopen(0x2b86c815a7a0, 1, 0xffffffff, 0x2b86c815a700) = 0x2b86c815a860
21523   0.124192 libjvm.so->fopen(0x2b86c819ecd0, 0x2b86c55879ab, 4, 0x6f732e74) = 0x2b86c81a3ab0
21523   0.003313 libjvm.so->dlopen(0x2b86c819ecd0, 1, 0xffffffff, 0x2b86c8198c00) = 0x2b86c81a3ab0
21523   0.133087 libjvm.so->fopen(0x2b86c8216f80, 0x2b86c55879ab, 0x6f732e7373656c, 0x656c646165685f74) = 0x2b86c8216ff0
21523   0.003173 libjvm.so->dlopen(0x2b86c8216f80, 1, 0xffffffff, 0x2b86c8213500) = 0x2b86c8216ff0
21523   0.019396 libjvm.so->fopen(0x2b86c3d79a30, 0x2b86c55879ab, 0x6f732e, 0x6d766a62696c2f72) = 0x2b86c8220e30
21523   0.006130 libjvm.so->dlopen(0x2b86c3d79a30, 1, 0xffffffff, 0x2b86c8220400) = 0x555b198e04c0
21523   0.001647 libjvm.so->fopen(0x2b86c3d79a30, 0x2b86c55879ab, 0x6f732e, 0x6d766a62696c2f72) = 0x2b86c8220dd0
21523   0.005087 libjvm.so->dlopen(0x2b86c3d79a30, 1, 0xffffffff, 0x2b86c8220400) = 0x555b198e04c0
21523   0.001717 libjvm.so->fopen(0x2b86c3d79a30, 0x2b86c55879ab, 0x6f732e, 0x6d766a62696c2f72) = 0x2b86c8220dd0
21523   0.003790 libjvm.so->dlopen(0x2b86c3d79a30, 1, 0xffffffff, 0x2b86c8220400) = 0x555b198e04c0
21523   0.001725 libjvm.so->fopen(0x2b86c3d79a30, 0x2b86c55879ab, 0x6f732e, 0x6d766a62696c2f72) = 0x2b86c8220dd0
21523   0.003623 libjvm.so->dlopen(0x2b86c3d79a30, 1, 0xffffffff, 0x2b86c8220400) = 0x555b198e04c0
21523   0.525491 --- SIGSEGV (Segmentation fault) ---
21523   4.828694 libjvm.so->fopen(0x2b86c3d7de90, 0x2b86c55879ab, 111, 0x732e6176) = 0x2b86c825c860
21523   0.003106 libjvm.so->dlopen(0x2b86c3d7de90, 1, 0xffffffff, 0x2b86c8241e00) = 0x2b86c8001b10
21523   0.001991 libjvm.so->fopen(0x2b86c3d7de90, 0x2b86c55879ab, 111, 0x732e6176) = 0x2b86c81392d0
21523   0.002804 libjvm.so->dlopen(0x2b86c3d7de90, 1, 0xffffffff, 0x2b86c8241e00) = 0x2b86c8001b10
21523   0.001682 libjvm.so->fopen(0x2b86c3d7de90, 0x2b86c55879ab, 111, 0x732e6176) = 0x2b86c81392d0
21523   0.003113 libjvm.so->dlopen(0x2b86c3d7de90, 1, 0xffffffff, 0x2b86c8241e00) = 0x2b86c8001b10
21523   0.001873 libjvm.so->fopen(0x2b86c3d7de90, 0x2b86c55879ab, 111, 0x732e6176) = 0x2b86c81392d0
21523   0.003306 libjvm.so->dlopen(0x2b86c3d7de90, 1, 0xffffffff, 0x2b86c8241e00) = 0x2b86c8001b10
21523   7.909564 libjvm.so->fopen(0x2b86c3d7a960, 0x2b86c55879ab, 4, 0x6f732e70) = 0x2b86c81c4b40
21523   0.003133 libjvm.so->dlopen(0x2b86c3d7a960, 1, 0xffffffff, 0x2b86c825b500) = 0x2b86c8057b30
21523   0.001735 libjvm.so->fopen(0x2b86c3d7a960, 0x2b86c55879ab, 4, 0x6f732e70) = 0x2b86c81c4b40
21523   0.002762 libjvm.so->dlopen(0x2b86c3d7a960, 1, 0xffffffff, 0x2b86c825b500) = 0x2b86c8057b30
21523   0.001654 libjvm.so->fopen(0x2b86c3d7a960, 0x2b86c55879ab, 4, 0x6f732e70) = 0x2b86c81c7630
21523   0.002692 libjvm.so->dlopen(0x2b86c3d7a960, 1, 0xffffffff, 0x2b86c825b500) = 0x2b86c8057b30
21523   0.001642 libjvm.so->fopen(0x2b86c3d7a960, 0x2b86c55879ab, 4, 0x6f732e70) = 0x2b86c81c6280
21523   0.002599 libjvm.so->dlopen(0x2b86c3d7a960, 1, 0xffffffff, 0x2b86c825b500) = 0x2b86c8057b30
21523   0.001826 libjvm.so->fopen(0x2b86c3d7a960, 0x2b86c55879ab, 4, 0x6f732e70) = 0x2b86c81c6180
21523   0.002673 libjvm.so->dlopen(0x2b86c3d7a960, 1, 0xffffffff, 0x2b86c81c6100) = 0x2b86c8057b30
21523   0.001651 libjvm.so->fopen(0x2b86c3d7a960, 0x2b86c55879ab, 4, 0x6f732e70) = 0x2b86c81c4b40
21523   0.002618 libjvm.so->dlopen(0x2b86c3d7a960, 1, 0xffffffff, 0x2b86c81c6100) = 0x2b86c8057b30
21523   0.001659 libjvm.so->fopen(0x2b86c3d7a960, 0x2b86c55879ab, 4, 0x6f732e70) = 0x2b86c81c58c0
21523   0.002624 libjvm.so->dlopen(0x2b86c3d7a960, 1, 0xffffffff, 0x2b86c81c6100) = 0x2b86c8057b30
21523   0.001784 libjvm.so->fopen(0x2b86c3d7a960, 0x2b86c55879ab, 4, 0x6f732e70) = 0x2b86c81c5760
21523   0.002692 libjvm.so->dlopen(0x2b86c3d7a960, 1, 0xffffffff, 0x2b86c81c6100) = 0x2b86c8057b30
21523   0.265228 libjvm.so->fopen(0x2b86c3d7dcb0, 0x2b86c55879ab, 111, 0x732e6176) = 0x2b86c81c5280
21523   0.003331 libjvm.so->dlopen(0x2b86c3d7dcb0, 1, 0xffffffff, 0x2b86c81c4d00) = 0x2b86c8001b10
21523   0.001762 libjvm.so->fopen(0x2b86c3d7dcb0, 0x2b86c55879ab, 111, 0x732e6176) = 0x2b86c81c5280
21523   0.003143 libjvm.so->dlopen(0x2b86c3d7dcb0, 1, 0xffffffff, 0x2b86c81c4d00) = 0x2b86c8001b10
21523   0.001703 libjvm.so->fopen(0x2b86c3d7dcb0, 0x2b86c55879ab, 111, 0x732e6176) = 0x2b86c81c5280
21523   0.003258 libjvm.so->dlopen(0x2b86c3d7dcb0, 1, 0xffffffff, 0x2b86c81c4d00) = 0x2b86c8001b10
21523   0.001669 libjvm.so->fopen(0x2b86c3d7dcb0, 0x2b86c55879ab, 111, 0x732e6176) = 0x2b86c81c5280
21523   0.003081 libjvm.so->dlopen(0x2b86c3d7dcb0, 1, 0xffffffff, 0x2b86c81c4d00) = 0x2b86c8001b10
21523   0.339741 libjvm.so->fopen(0x2b86c820a520, 0x2b86c55879ab, 0x6f732e72656761, 0x6567616e616d746e) = 0x2b86c81da8f0
21523   0.003066 libjvm.so->dlopen(0x2b86c820a520, 1, 0xffffffff, 0x2b86c81da800) = 0x2b86c81da8f0
21523   0.017118 libjvm.so->pthread_attr_setdetachstate(0x2b86c3d7ce30, 1, 0, 0) = 0
21523   0.001765 libpthread.so.0->__clone(0x2b86c3e6dde0, 0x2b86de0fcfc0, 0x3d0f00, 0x2b86de0fd700) = 0x5438
21523   0.021229 libjvm.so->fopen(0x2b86c828e870, 0x2b86c55879ab, 4, 0x6f732e74) = 0x2b86c828e930
21523   0.003239 libjvm.so->dlopen(0x2b86c828e870, 1, 0xffffffff, 0x2b86c828e800) = 0x2b86c815af00
21523   0.117441 libjvm.so->open64(0x2b86c3d7b140, 0, 0, 0) = 13
21523   0.001927 libjvm.so->__fxstat64(1, 13, 0x2b86c3d7af70, -1) = 0
21523   0.115599 libjvm.so->fopen(0x2b86c3d7ca90, 0x2b86c55879ab, 0x6f732e, 0x6d766a62696c2f72) = 0x2b86c8323240
21523   0.005479 libjvm.so->dlopen(0x2b86c3d7ca90, 1, 0xffffffff, 0x2b86c8345600) = 0x555b198e04c0
21523   0.001894 libjvm.so->fopen(0x2b86c3d7ca90, 0x2b86c55879ab, 0x6f732e, 0x6d766a62696c2f72) = 0x2b86c8296d50
21523   0.003821 libjvm.so->dlopen(0x2b86c3d7ca90, 1, 0xffffffff, 0x2b86c8345600) = 0x555b198e04c0
21523   0.001866 libjvm.so->fopen(0x2b86c3d7ca90, 0x2b86c55879ab, 0x6f732e, 0x6d766a62696c2f72) = 0x2b86c8296d50
21523   0.003980 libjvm.so->dlopen(0x2b86c3d7ca90, 1, 0xffffffff, 0x2b86c8345600) = 0x555b198e04c0
21523   0.001908 libjvm.so->fopen(0x2b86c3d7ca90, 0x2b86c55879ab, 0x6f732e, 0x6d766a62696c2f72) = 0x2b86c8296d50
21523   0.003968 libjvm.so->dlopen(0x2b86c3d7ca90, 1, 0xffffffff, 0x2b86c8345600) = 0x555b198e04c0
21523   0.025188 libjvm.so->fopen(0x2b86c3d7c6f0, 0x2b86c55879ab, 4, 0x6f732e6f) = 0x2b86c8296d50
21523   0.003111 libjvm.so->dlopen(0x2b86c3d7c6f0, 1, 0xffffffff, 0x2b86c8345600) = 0x2b86c815a860
21523   0.001853 libjvm.so->fopen(0x2b86c3d7c6f0, 0x2b86c55879ab, 4, 0x6f732e6f) = 0x2b86c8296d50
21523   0.003206 libjvm.so->dlopen(0x2b86c3d7c6f0, 1, 0xffffffff, 0x2b86c832b200) = 0x2b86c815a860
21523   0.001870 libjvm.so->fopen(0x2b86c3d7c6f0, 0x2b86c55879ab, 4, 0x6f732e6f) = 0x2b86c8296d50
21523   0.003487 libjvm.so->dlopen(0x2b86c3d7c6f0, 1, 0xffffffff, 0x2b86c832b200) = 0x2b86c815a860
21523   0.001803 libjvm.so->fopen(0x2b86c3d7c6f0, 0x2b86c55879ab, 4, 0x6f732e6f) = 0x2b86c8296d50
21523   0.003480 libjvm.so->dlopen(0x2b86c3d7c6f0, 1, 0xffffffff, 0x2b86c832b200) = 0x2b86c815a860
21528   0.174417 --- SIGSEGV (Segmentation fault) ---
21523   0.100457 libjvm.so->open64(0x2b86c839f880, 0, 0, 0) = 22
21523   0.002014 libjvm.so->__fxstat64(1, 22, 0x2b86c3d7d7b0, -1) = 0
21523   0.893408 --- SIGSEGV (Segmentation fault) ---
21523   0.000759 --- SIGSEGV (Segmentation fault) ---
21523   0.000657 --- SIGSEGV (Segmentation fault) ---
21523   0.000632 --- SIGSEGV (Segmentation fault) ---
21523   0.000549 --- SIGSEGV (Segmentation fault) ---
21523  16.443846 --- SIGSEGV (Segmentation fault) ---
21531   0.197913 +++ exited (status 0) +++
21524   0.000577 +++ exited (status 0) +++
21523   0.000150 +++ exited (status 0) +++
21560   0.000258 +++ exited (status 0) +++
21530   0.000022 +++ exited (status 0) +++
21529   0.000013 +++ exited (status 0) +++
21528   0.000010 +++ exited (status 0) +++
21527   0.000009 +++ exited (status 0) +++
21525   0.000009 +++ exited (status 0) +++
21526   0.019180 +++ exited (status 0) +++
21522   0.000046 +++ exited (status 0) +++
Wrote an ltrace for command: "java -cp ./tools/maxent.jar density.MaxEnt -s outputs/Tithoes_confinis.csv -e data/layers/worldclim -o outputs/Tithoes_confinis nowarnings nocache autorun -z" with PID 21520 from PPID 21501 on disc25.crc.nd.edu with result 0
REMOTEHOST=10.17.144.144
MANPATH=/afs/crc.nd.edu/user/n/nkremerh/cctools/share/man/:/afs/crc.nd.edu/group/ccl/software/x86_64/redhat7/ruby/current/share/man:/afs/crc.nd.edu/group/ccl/software/x86_64/redhat7/graphviz/current/share/man:/afs/crc.nd.edu/group/ccl/software/x86_64/redhat7/gnuplot/current/share/man:/afs/crc.nd.edu/group/ccl/software/x86_64/redhat7/git/current/share/man:/afs/crc.nd.edu/group/ccl/software/x86_64/redhat7/condor/current/share/man:/afs/crc.nd.edu/group/ccl/software/x86_64/redhat7/clang/current/share/man:/afs/crc.nd.edu/group/ccl/software/x86_64/redhat7/condor/current/share/man:/afs/crc.nd.edu/group/ccl/software/x86_64/redhat7/cctools/current/share/man:/afs/crc.nd.edu/group/ccl/software/x86_64/redhat7/cctools/current/share/man:/afs/crc.nd.edu/x86_64_linux/Modules/4.5.0/share/man:/opt/crc/usr/local/man:/opt/sge/man:/usr/share/man/overrides:/usr/share/man:/usr/local/share/man
_CONDOR_JOB_PIDS=
_CONDOR_ANCESTOR_24525=24530:1594671055:2748281650
XDG_SESSION_ID=2735
HOSTNAME=disc01.crc.nd.edu
_LMFILES__modshare=/afs/crc.nd.edu/x86_64_linux/Modules/modules/system_modules/CRC_default/1.1:1
MODULEPATH_modshare=/afs/crc.nd.edu/x86_64_linux/Modules/modules/general_software:1:/afs/crc.nd.edu/x86_64_linux/Modules/modules/development_tools_and_libraries:1:/afs/crc.nd.edu/x86_64_linux/Modules/modules/system_modules:1:/afs/crc.nd.edu/x86_64_linux/Modules/current/modulefiles:1:/afs/crc.nd.edu/x86_64_linux/Modules/modules/restricted_software:1:/afs/crc.nd.edu/x86_64_linux/Modules/modules/deprecated_software:1
TERM=xterm-256color
SHELL=/bin/tcsh
HOST=disc01.crc.nd.edu
MODULES_CMD=/afs/crc.nd.edu/x86_64_linux/Modules/4.5.0/libexec/modulecmd.tcl
HISTSIZE=5000
MAKEFLAGS=
SSH_CLIENT=10.17.144.144 39924 22
TMPDIR=/var/condor/execute/dir_24525/worker-213124-24553/t.1105/cctools-temp-t.1105.3tbnyw
PERL5LIB=/afs/crc.nd.edu/user/n/nkremerh/cctools/lib/perl5/site_perl/5.16.3:/afs/crc.nd.edu/user/n/nkremerh/.perl5/lib/perl5
SGE_CELL=crc
_CONDOR_SCRATCH_DIR=/var/condor/execute/dir_24525
PERL_MB_OPT=--install_base '/afs/crc.nd.edu/user/n/nkremerh/.perl5/'
SSH_TTY=/dev/pts/0
SGE_LOAD_AVG=load_avg
MAKEFLOW_MAX_LOCAL_JOBS=2
GROUP=campus
USER=nkremerh
_CHIRP_DELAYED_UPDATE_PREFIX=Chirp*
HISTFILESIZE=10000
TEMP=/var/condor/execute/dir_24525/worker-213124-24553/t.1105/cctools-temp-t.1105.3tbnyw
LD_LIBRARY_PATH=/afs/crc.nd.edu/group/ccl/software/x86_64/redhat7/ruby/current/lib:/afs/crc.nd.edu/group/ccl/software/x86_64/redhat7/graphviz/current/lib:/afs/crc.nd.edu/group/ccl/software/x86_64/redhat7/git/current/lib:/afs/crc.nd.edu/group/ccl/software/x86_64/redhat7/condor/current/lib:/afs/crc.nd.edu/group/ccl/software/x86_64/redhat7/clang/current/lib:/afs/crc.nd.edu/group/ccl/software/x86_64/redhat7/condor/current/lib:/afs/crc.nd.edu/group/ccl/software/x86_64/redhat7/cctools/current/lib:/opt/crc/usr/local/lib
BATCH_SYSTEM=HTCondor
MODULES_LMALTNAME=CRC_default/1.1&CRC_default/default&CRC_default
ENV=/afs/crc.nd.edu/x86_64_linux/Modules/4.5.0/init/profile.sh
WORKER_TMPDIR=/var/condor/execute/dir_24525/worker-213124-24553/cache/tmp
HOSTTYPE=x86_64-linux
_CONDOR_HIGHPORT=9999
GLOBUS_GSSAPI_MAX_TLS_PROTOCOL=0
_CONDOR_CHIRP_CONFIG=/var/condor/execute/dir_24525/.chirp.config
MAKELEVEL=1
MFLAGS=
MAIL=/var/spool/mail/nkremerh
PATH=/afs/crc.nd.edu/user/n/nkremerh/cctools/bin:/afs/crc.nd.edu/user/n/nkremerh/miniconda/bin:/afs/crc.nd.edu/group/ccl/software/git:/afs/crc.nd.edu/user/n/nkremerh/.local/bin:/afs/crc.nd.edu/group/ccl/software/x86_64/redhat7/povray/3.7/bin:/afs/crc.nd.edu/user/n/nkremerh/.perl5/bin:/afs/crc.nd.edu/user/n/nkremerh/pegasus/bin:/afs/crc.nd.edu/user/n/nkremerh/nodejs/bin:/afs/crc.nd.edu/user/n/nkremerh/montage/bin:/afs/crc.nd.edu/user/n/nkremerh/latexdiff:/afs/crc.nd.edu/user/n/nkremerh/envtrace:/afs/crc.nd.edu/user/n/nkremerh/endlines:/afs/crc.nd.edu/user/n/nkremerh/cctools/bin:/afs/crc.nd.edu/user/n/nkremerh/.cargo/bin:/afs/crc.nd.edu/group/ccl/software/x86_64/redhat7/ruby/current/bin:/afs/crc.nd.edu/group/ccl/software/x86_64/redhat7/graphviz/current/bin:/afs/crc.nd.edu/group/ccl/software/x86_64/redhat7/gnuplot/current/bin:/afs/crc.nd.edu/group/ccl/software/x86_64/redhat7/git/current/bin:/afs/crc.nd.edu/group/ccl/software/x86_64/redhat7/condor/current/sbin:/afs/crc.nd.edu/group/ccl/software/x86_64/redhat7/condor/current/bin:/afs/crc.nd.edu/group/ccl/software/x86_64/redhat7/cmake/current/bin:/afs/crc.nd.edu/group/ccl/software/x86_64/redhat7/clang/current/bin:/afs/crc.nd.edu/group/ccl/software/x86_64/redhat7/condor/current/sbin:/afs/crc.nd.edu/group/ccl/software/x86_64/redhat7/condor/current/bin:/afs/crc.nd.edu/group/ccl/software/x86_64/redhat7/cctools/current/bin:/afs/crc.nd.edu/x86_64_linux/Modules/4.5.0/bin:/opt/crc/usr/local/bin:/opt/sge/bin/lx-amd64:/usr/local/bin:/usr/bin:/usr/local/sbin:/usr/sbin:/afs/crc.nd.edu/user/c/condor/software/bin:/afs/crc.nd.edu/user/c/condor/software/sbin
CCLSOFTWARE=/afs/crc.nd.edu/group/ccl/software/x86_64/redhat7
PWD=/var/condor/execute/dir_24525/worker-213124-24553/t.1105
_LMFILES_=/afs/crc.nd.edu/x86_64_linux/Modules/modules/system_modules/CRC_default/1.1
EDITOR=vim
SGE_EXECD_PORT=6445
LANG=en_US.UTF-8
SGE_QMASTER_PORT=6444
MODULEPATH=/afs/crc.nd.edu/x86_64_linux/Modules/modules/development_tools_and_libraries:/afs/crc.nd.edu/x86_64_linux/Modules/modules/general_software:/afs/crc.nd.edu/x86_64_linux/Modules/modules/restricted_software:/afs/crc.nd.edu/x86_64_linux/Modules/modules/system_modules:/afs/crc.nd.edu/x86_64_linux/Modules/modules/deprecated_software:/afs/crc.nd.edu/x86_64_linux/Modules/current/modulefiles
LOADEDMODULES=CRC_default/1.1
SGE_ROOT=/opt/sge
CCLPLATFORM=x86_64/redhat7
_CONDOR_SLOT=slot1
WORK_QUEUE_SANDBOX=/var/condor/execute/dir_24525/worker-213124-24553
USE_SYSTEMD=true
_CONDOR_LOWPORT=9100
_CONDOR_ANCESTOR_4261=24525:1594671054:4145456440
HISTCONTROL=ignoreboth:erasedups
KRB5CCNAME=FILE:/tmp/krb5cc_213124_ZwXmib
GLOBUS_GSSAPI_NAME_COMPATIBILITY=STRICT_RFC2818
HOME=/afs/crc.nd.edu/user/n/nkremerh
SHLVL=6
PATH_modshare=/opt/crc/usr/local/bin:1:/opt/sge/bin/lx-amd64:1:/usr/sbin:1:/usr/bin:1:/afs/crc.nd.edu/user/c/condor/software/sbin:1:/usr/local/sbin:1:/afs/crc.nd.edu/user/c/condor/software/bin:1:/usr/local/bin:1
OSTYPE=linux
_CONDOR_MACHINE_AD=/var/condor/execute/dir_24525/.machine.ad
_CONDOR_ANCESTOR_3989=4261:1593343483:4184216969
GREP_OPTIONS=--color=auto
DISK=916727
GLOBUS_GSSAPI_MIN_TLS_PROTOCOL=TLS1_VERSION
MANPATH_modshare=/usr/share/man/overrides:1:/usr/local/share/man:1:/usr/share/man:1:/opt/crc/usr/local/man:1:/opt/sge/man:1
MEMORY=15899
PERL_LOCAL_LIB_ROOT=/afs/crc.nd.edu/user/n/nkremerh/.perl5/
BASH_ENV=/afs/crc.nd.edu/x86_64_linux/Modules/4.5.0/init/bash
VENDOR=unknown
TMP=/var/condor/execute/dir_24525/worker-213124-24553/t.1105/cctools-temp-t.1105.3tbnyw
LOGNAME=nkremerh
MACHTYPE=x86_64
CCLHOME=/afs/crc.nd.edu/group/ccl
PYTHONPATH=/afs/crc.nd.edu/user/n/nkremerh/cctools/lib/python3.6/site-packages/
LD_LIBRARY_PATH_modshare=/opt/crc/usr/local/lib:1
SSH_CONNECTION=10.17.144.144 39924 129.74.128.103 22
MODULES_LMALTNAME_modshare=CRC_default/1.1&CRC_default/default&CRC_default:1
MODULESHOME=/afs/crc.nd.edu/x86_64_linux/Modules/4.5.0
GLOBUS_GSSAPI_CIPHERS=HIGH
GLOBUS_GSSAPI_BACKWARD_COMPATIBLE_MIC=true
LESSOPEN=||/usr/bin/lesspipe.sh %s
OMP_NUM_THREADS=1
_CONDOR_JOB_AD=/var/condor/execute/dir_24525/.job.ad
LOADEDMODULES_modshare=CRC_default/1.1:1
XDG_RUNTIME_DIR=/run/user/213124
SGE_CLUSTER_NAME=CRC
CCTOOLS=../cctools
CORES=4
_CONDOR_JOB_IWD=/var/condor/execute/dir_24525
PERL_MM_OPT=INSTALL_BASE=/afs/crc.nd.edu/user/n/nkremerh/.perl5/
GLOBUS_GSSAPI_SERVER_CIPHER_ORDER=true
BASH_FUNC_module()=() {  unset _mlshdbg;
 if [ "${MODULES_SILENT_SHELL_DEBUG:-0}" = '1' ]; then
 case "$-" in 
 *v*x*)
 set +vx;
 _mlshdbg='vx'
 ;;
 *v*)
 set +v;
 _mlshdbg='v'
 ;;
 *x*)
 set +x;
 _mlshdbg='x'
 ;;
 *)
 _mlshdbg=''
 ;;
 esac;
 fi;
 unset _mlre _mlIFS;
 if [ -n "${IFS+x}" ]; then
 _mlIFS=$IFS;
 fi;
 IFS=' ';
 for _mlv in ${MODULES_RUN_QUARANTINE:-};
 do
 if [ "${_mlv}" = "${_mlv##*[!A-Za-z0-9_]}" -a "${_mlv}" = "${_mlv#[0-9]}" ]; then
 if [ -n "`eval 'echo ${'$_mlv'+x}'`" ]; then
 _mlre="${_mlre:-}${_mlv}_modquar='`eval 'echo ${'$_mlv'}'`' ";
 fi;
 _mlrv="MODULES_RUNENV_${_mlv}";
 _mlre="${_mlre:-}${_mlv}='`eval 'echo ${'$_mlrv':-}'`' ";
 fi;
 done;
 if [ -n "${_mlre:-}" ]; then
 eval `eval ${_mlre}/usr/bin/tclsh /afs/crc.nd.edu/x86_64_linux/Modules/4.5.0/libexec/modulecmd.tcl bash '"$@"'`;
 else
 eval `/usr/bin/tclsh /afs/crc.nd.edu/x86_64_linux/Modules/4.5.0/libexec/modulecmd.tcl bash "$@"`;
 fi;
 _mlstatus=$?;
 if [ -n "${_mlIFS+x}" ]; then
 IFS=$_mlIFS;
 else
 unset IFS;
 fi;
 unset _mlre _mlv _mlrv _mlIFS;
 if [ -n "${_mlshdbg:-}" ]; then
 set -$_mlshdbg;
 fi;
 unset _mlshdbg;
 return $_mlstatus
}
BASH_FUNC_ml()=() {  module ml "$@"
}
_=/usr/bin/printenv
