18259   0.000000 libjli.so->getenv("_JAVA_LAUNCHER_DEBUG") = nil
18259   0.001872 libjli.so->getenv("_JAVA_VERSION_SET") = nil
18259   0.000770 libjli.so->fopen("/usr/lib/jvm/java-1.8.0-openjdk-1.8.0.252.b09-2.el7_8.x86_64/jre/lib/amd64/jvm.cfg", "r") = 0x561b7ce190e0
18259   0.000835 libjli.so->getenv("JDK_ALTERNATE_VM") = nil
18259   0.000308 libjli.so->__xstat(1, "/usr/lib/jvm/java-1.8.0-openjdk-1.8.0.252.b09-2.el7_8.x86_64/jre/lib/amd64/server/libjvm.so", 0x7ffe4f3b24e0) = 0
18259   0.000580 libjli.so->getenv("LD_LIBRARY_PATH") = "/afs/crc.nd.edu/group/ccl/software/x86_64/redhat7/ruby/current/lib:/afs/crc.nd.edu/group/ccl/software/x86_64/redhat7/graphviz/current/lib:/afs/crc.nd.edu/group/ccl/software/x86_64/redhat7/git/current/lib:/afs/crc.nd.edu/group/ccl/software/x86_64/redhat7/condor/current/lib:/afs/crc.nd.edu/group/ccl/software/x86_64/redhat7/clang/current/lib:/afs/crc.nd.edu/group/ccl/software/x86_64/redhat7/condor/current/lib:/afs/crc.nd.edu/group/ccl/software/x86_64/redhat7/cctools/current/lib:/opt/crc/usr/local/lib"
18259   0.002133 libjli.so->dlopen("/usr/lib/jvm/java-1.8.0-openjdk-1.8.0.252.b09-2.el7_8.x86_64/jre/lib/amd64/server/libjvm.so", 258 <unfinished ...>
18259   0.036870 libjvm.so->getenv("NMT_LEVEL_18259") = nil
18259   0.001701 <... dlopen resumed> )          = 0x561b7ce194b0
18259   0.000063 libjli.so->getenv("CLASSPATH")  = nil
18259   0.000318 libjli.so->getenv("_JAVA_SPLASH_JAR") = nil
18259   0.000344 libjli.so->getenv("_JAVA_SPLASH_FILE") = nil
18259   0.000342 libjli.so->pthread_attr_setdetachstate(0x7ffe4f3b2490, 0, 0x7ffe4f3b2520, 0) = 0
18259   0.000608 libpthread.so.0->__clone(0x2b6fccd82de0, 0x2b6fccc95fc0, 0x3d0f00, 0x2b6fccc96700) = 0x4754
18260   0.001609 libjvm.so->dlopen(0x2b6fce4e252e, 1, 0xfffffffffff42c48, 4096) = 0x2b6fd0000990
18260   0.002755 libjvm.so->getenv(0x2b6fce4fd2c0, 0, 115, 0x65737361) = 0x7ffe4f3b7674
18260   0.000580 libjvm.so->fopen(0x2b6fccc94be0, 0x2b6fce49c9ab, 0x6f732e79666972, 0x2b6fcd65aab0) = 0x2b6fd0001440
18260   0.001686 libjvm.so->dlopen(0x2b6fccc94be0, 1, 0xffffffff, 0x2b6fd0002b00) = 0x2b6fd0001440
18260   0.001599 libjvm.so->fopen(0x2b6fccc94be0, 0x2b6fce49c9ab, 111, 0x732e6176) = 0x2b6fd0001b10
18260   0.002036 libjvm.so->dlopen(0x2b6fccc94be0, 1, 0xffffffff, 0x2b6fd0001a00) = 0x2b6fd0001b10
18260   0.002053 libjvm.so->__xstat(1, 0x2b6fccc95330, 0x2b6fccc95b70, 0x637274) = -1
18260   0.000720 libjvm.so->getenv(0x2b6fce495226, 0x2b6fccc956a0, 1024, 0x2b6fce9395db) = 0
18260   0.000598 libjvm.so->getenv(0x2b6fce495218, 0x2b6fccc956a0, 1024, 0) = 0
18260   0.000590 libjvm.so->fopen(0x2b6fce4e1e95, 0x2b6fce49c9ab, 4095, 24) = 0x2b6fd00032b0
18260   0.001166 libjvm.so->fopen(0x2b6fce4e1ee1, 0x2b6fce49c9ab, 0x2b6fd0000078, 0x2b6fd00032a0) = 0x2b6fd00032b0
18260   0.000744 libjvm.so->fopen(0x2b6fccc8f980, 0x2b6fce49c9ab, 4016, 3997) = 0x2b6fd00032b0
18260   0.000637 libjvm.so->opendir(0x2b6fd0002b40, 0x2b6fd0002b40, 13, 16) = 0
18260   0.000458 libjvm.so->__xstat(1, 0x2b6fccc948c0, 0x2b6fccc93830, 0x6f732e7477616d62) = -1
18260   0.000485 libjvm.so->__xstat(1, 0x2b6fccc948c0, 0x2b6fccc93830, 0x5f74776162696c2f) = 0
18260   0.000473 libjvm.so->fopen(0x2b6fccc93b60, 0x2b6fce49c9ab, 4011, 3996) = 0x2b6fd0003790
18260   0.000599 libjvm.so->fopen(0x2b6fccc93b60, 0x2b6fce49c9ab, 4011, 3996) = 0x2b6fd0003790
18260   0.000586 libjvm.so->fopen(0x2b6fccc93b60, 0x2b6fce49c9ab, 4011, 4004) = 0x2b6fd0003790
18260   0.000630 libjvm.so->fopen(0x2b6fccc93af0, 0x2b6fce49c9ab, 4011, 3996) = 0x2b6fd0003790
18260   0.000594 libjvm.so->fopen(0x2b6fccc93af0, 0x2b6fce49c9ab, 4011, 3996) = 0x2b6fd0003790
18260   0.000748 libjvm.so->fopen(0x2b6fccc93af0, 0x2b6fce49c9ab, 4011, 4004) = 0x2b6fd0003790
18260   0.000654 libjvm.so->fopen(0x2b6fccc93b20, 0x2b6fce49c9ab, 4016, 3997) = 0x2b6fd0003790
18260   0.000788 libjvm.so->getenv(0x2b6fce4e2c5e, 4096, 3, -1) = 0
18260   0.000981 libjvm.so->fopen(0x2b6fce4e2518, 0x2b6fce49c9ab, 0x2b6fccd79908, 0x2b6fccd78df0) = 0x2b6fd0003790
18260   0.005104 libjvm.so->open(0x2b6fd004a580, 0x20000, 0, 0x2b6fd004a5c9) = 3
18260   0.000495 libjvm.so->__fxstat(1, 3, 0x2b6fccc959d0, -1) = 0
18260   0.000748 libjvm.so->opendir(0x2b6fd004a580, 0x2b6fccc959d0, 0x4000, -1) = 0x2b6fd004b490
18260   0.000543 libjvm.so->__fxstat(1, 3, 0x2b6fccc95870, 0x2b6fd004b490) = 0
18260   0.000457 libjvm.so->__fxstat(1, 5, 0x2b6fccc95900, -1) = 0
18260   0.000628 libjvm.so->open(0x2b6fce4b385c, 0, 0, 0) = 3
18260   0.000663 libjvm.so->__lxstat(1, 0x2b6fd004a580, 0x2b6fccc95b20, -144) = 0
18260   0.000491 libjvm.so->open(0x2b6fd004a580, 0x20000, 0x4000, -1) = 3
18260   0.000422 libjvm.so->__fxstat(1, 3, 0x2b6fccc959d0, -1) = 0
18260   0.000566 libjvm.so->opendir(0x2b6fd004a580, 0x2b6fccc959d0, 0x4000, -1) = 0x2b6fd004b490
18260   0.000424 libjvm.so->__fxstat(1, 3, 0x2b6fccc95870, 0x2b6fd004b490) = 0
18260   0.000524 libjvm.so->__fxstat(1, 5, 0x2b6fccc95900, -1) = 0
18260   0.000486 libjvm.so->open(0x2b6fce4b385c, 0, 0, 0) = 3
18260   0.000465 libjvm.so->open(0x2b6fd004a5c9, 0x20042, 384, -1) = 7
18260   0.000635 libjvm.so->__fxstat(1, 7, 0x2b6fccc95b20, -1) = 0
18260   0.001936 libjvm.so->fopen(0x2b6fccc94b30, 0x2b6fce49c9ab, 4, 0x6f732e70) = 0x2b6fd0057b70
18260   0.001534 libjvm.so->dlopen(0x2b6fccc94b30, 1, 0xffffffff, 0x2b6fd0057b00) = 0x2b6fd0057b70
18260   0.001528 libjvm.so->__xstat(1, 0x2b6fccc950f0, 0x2b6fccc95920, 2048) = 0
18260   0.000681 libjvm.so->__xstat(1, 0x2b6fccc950f0, 0x2b6fccc95920, 2048) = 0
18260   0.000512 libjvm.so->__xstat(1, 0x2b6fccc950f0, 0x2b6fccc95920, 2048) = -1
18260   0.000463 libjvm.so->__xstat(1, 0x2b6fccc950f0, 0x2b6fccc95920, 2048) = 0
18260   0.000421 libjvm.so->__xstat(1, 0x2b6fccc950f0, 0x2b6fccc95920, 2048) = 0
18260   0.000436 libjvm.so->__xstat(1, 0x2b6fccc950f0, 0x2b6fccc95920, 2048) = 0
18260   0.000420 libjvm.so->__xstat(1, 0x2b6fccc950f0, 0x2b6fccc95920, 2048) = -1
18260   0.000530 libjvm.so->__xstat(1, 0x2b6fccc950f0, 0x2b6fccc95920, 2048) = -1
18260   0.000463 libjvm.so->fopen(0x2b6fd0002520, 0x2b6fce49c9ab, 0, 0) = 0x2b6fd00588e0
18260   0.008911 libjvm.so->open64(0x2b6fccc94490, 0, 0, 16) = 3
18260   0.000571 libjvm.so->__fxstat64(1, 3, 0x2b6fccc942c0, -1) = 0
18260   0.035600 libjvm.so->__xstat(1, 0x2b6fccc94ef0, 0x2b6fccc95720, 2048) = -1
18260   0.000732 libjvm.so->fopen(0x2b6fccc93af0, 0x2b6fce49c9ab, 4011, 3996) = 0x2b6fd00b5b60
18260   0.000826 libjvm.so->fopen(0x2b6fccc93af0, 0x2b6fce49c9ab, 4011, 3996) = 0x2b6fd00b5b60
18260   0.000644 libjvm.so->fopen(0x2b6fccc93af0, 0x2b6fce49c9ab, 4011, 4004) = 0x2b6fd00b5b60
18260   0.004559 libjvm.so->pthread_attr_setdetachstate(0x2b6fccc95bd0, 1, 0, 0) = 0
18260   0.000624 libpthread.so.0->__clone(0x2b6fccd82de0, 0x2b6fe55a1fc0, 0x3d0f00, 0x2b6fe55a2700) = 0x4755
18260   0.016253 libjvm.so->pthread_attr_setdetachstate(0x2b6fccc95260, 1, 0, 0) = 0
18260   0.000678 libpthread.so.0->__clone(0x2b6fccd82de0, 0x2b6fe56a2fc0, 0x3d0f00, 0x2b6fe56a3700) = 0x4756
18260   0.006821 libjvm.so->pthread_attr_setdetachstate(0x2b6fccc955e0, 1, 0, 0) = 0
18260   0.000795 libpthread.so.0->__clone(0x2b6fccd82de0, 0x2b6fe57a3fc0, 0x3d0f00, 0x2b6fe57a4700) = 0x4757
18260   0.039018 libjvm.so->fopen(0x2b6fd00e8b80, 0x2b6fce49c9ab, 4, 0x6f732e70) = 0x2b6fd00f16e0
18260   0.001992 libjvm.so->dlopen(0x2b6fd00e8b80, 1, 0xffffffff, 0x2b6fd00e8600) = 0x2b6fd0057b70
18260   0.022435 libjvm.so->fopen(0x2b6fccc91130, 0x2b6fce49c9ab, 4011, 3996) = 0x2b6fd00f8fb0
18260   0.001149 libjvm.so->fopen(0x2b6fccc91130, 0x2b6fce49c9ab, 4011, 3996) = 0x2b6fd00f8fb0
18260   0.001181 libjvm.so->fopen(0x2b6fccc91130, 0x2b6fce49c9ab, 4011, 4004) = 0x2b6fd00f8fb0
18260   0.015343 libjvm.so->pthread_attr_setdetachstate(0x2b6fccc95b20, 1, 0, 0) = 0
18260   0.000959 libpthread.so.0->__clone(0x2b6fccd82de0, 0x2b6fe58a4fc0, 0x3d0f00, 0x2b6fe58a5700) = 0x4758
18260   0.001521 libjvm.so->__xstat64(1, 0x2b6fccc95bb0, 0x2b6fccc95b20, 19) = -1
18260   0.001205 libjvm.so->pthread_attr_setdetachstate(0x2b6fccc95920, 1, 0, 0) = 0
18260   0.001258 libpthread.so.0->__clone(0x2b6fccd82de0, 0x2b6fe59a5fc0, 0x3d0f00, 0x2b6fe59a6700) = 0x4759
18260   0.001894 libjvm.so->pthread_attr_setdetachstate(0x2b6fccc95920, 1, 0, 0) = 0
18260   0.001338 libpthread.so.0->__clone(0x2b6fccd82de0, 0x2b6fe5aa6fc0, 0x3d0f00, 0x2b6fe5aa7700) = 0x475a
18260   0.008139 libjvm.so->pthread_attr_setdetachstate(0x2b6fccc95a70, 1, 0, 0) = 0
18260   0.001393 libpthread.so.0->__clone(0x2b6fccd82de0, 0x2b6fe5ba7fc0, 0x3d0f00, 0x2b6fe5ba8700) = 0x475b
18260   0.002244 libjvm.so->pthread_attr_setdetachstate(0x2b6fccc95b80, 1, 0, 0) = 0
18260   0.001622 libpthread.so.0->__clone(0x2b6fccd82de0, 0x2b6fe5ca8fc0, 0x3d0f00, 0x2b6fe5ca9700) = 0x475c
18260   0.014552 libjvm.so->open64(0x2b6fd012c650, 0, 0, 16) = 5
18260   0.001711 libjvm.so->__fxstat64(1, 5, 0x2b6fccc92f90, -1) = 0
18260   0.025485 libjvm.so->fopen(0x2b6fd0152740, 0x2b6fce49c9ab, 4, 0x6f732e6f) = 0x2b6fd0152800
18260   0.003133 libjvm.so->dlopen(0x2b6fd0152740, 1, 0xffffffff, 0x2b6fd0152700) = 0x2b6fd0152800
18266   0.045119 --- SIGSEGV (Segmentation fault) ---
18260   0.050887 libjvm.so->fopen(0x2b6fccc8fe90, 0x2b6fce49c9ab, 0x6f732e, 0x6d766a62696c2f72) = 0x2b6fd0166af0
18260   0.005695 libjvm.so->dlopen(0x2b6fccc8fe90, 1, 0xffffffff, 0x2b6fd0166a00) = 0x561b7ce194b0
18260   0.001702 libjvm.so->fopen(0x2b6fccc8fe90, 0x2b6fce49c9ab, 0x6f732e, 0x6d766a62696c2f72) = 0x2b6fd0166af0
18260   0.004696 libjvm.so->dlopen(0x2b6fccc8fe90, 1, 0xffffffff, 0x2b6fd0166a00) = 0x561b7ce194b0
18260   0.001727 libjvm.so->fopen(0x2b6fccc8fe90, 0x2b6fce49c9ab, 0x6f732e, 0x6d766a62696c2f72) = 0x2b6fd0166af0
18260   0.003296 libjvm.so->dlopen(0x2b6fccc8fe90, 1, 0xffffffff, 0x2b6fd0166a00) = 0x561b7ce194b0
18260   0.001724 libjvm.so->fopen(0x2b6fccc8fe90, 0x2b6fce49c9ab, 0x6f732e, 0x6d766a62696c2f72) = 0x2b6fd0166af0
18260   0.003310 libjvm.so->dlopen(0x2b6fccc8fe90, 1, 0xffffffff, 0x2b6fd0166a00) = 0x561b7ce194b0
18260   0.044675 libjvm.so->fopen(0x2b6fd01a5a70, 0x2b6fce49c9ab, 4, 0x6f732e74) = 0x2b6fd01ab520
18260   0.002957 libjvm.so->dlopen(0x2b6fd01a5a70, 1, 0xffffffff, 0x2b6fd01afb00) = 0x2b6fd01ab520
18260   0.137130 libjvm.so->fopen(0x2b6fd02366c0, 0x2b6fce49c9ab, 0x6f732e7373656c, 0x656c646165685f74) = 0x2b6fd02367a0
18260   0.002729 libjvm.so->dlopen(0x2b6fd02366c0, 1, 0xffffffff, 0x2b6fd0236700) = 0x2b6fd02367a0
18265   3.632104 --- SIGSEGV (Segmentation fault) ---
18260   0.038399 --- SIGSEGV (Segmentation fault) ---
18260   0.749538 --- SIGSEGV (Segmentation fault) ---
18260   0.001230 --- SIGSEGV (Segmentation fault) ---
18260   0.896263 --- SIGSEGV (Segmentation fault) ---
18260   0.000593 --- SIGSEGV (Segmentation fault) ---
18260   0.000561 --- SIGSEGV (Segmentation fault) ---
18260   0.909030 --- SIGSEGV (Segmentation fault) ---
18260   0.000484 --- SIGSEGV (Segmentation fault) ---
18260   0.000460 --- SIGSEGV (Segmentation fault) ---
18260   0.875081 --- SIGSEGV (Segmentation fault) ---
18260   0.000574 --- SIGSEGV (Segmentation fault) ---
18260   0.631478 --- SIGSEGV (Segmentation fault) ---
18260   0.000634 --- SIGSEGV (Segmentation fault) ---
18260   0.000861 --- SIGSEGV (Segmentation fault) ---
18260   0.881601 --- SIGSEGV (Segmentation fault) ---
18260   0.000721 --- SIGSEGV (Segmentation fault) ---
18260   0.946311 --- SIGSEGV (Segmentation fault) ---
18260   0.001621 --- SIGSEGV (Segmentation fault) ---
18260   0.881399 --- SIGSEGV (Segmentation fault) ---
18260   0.001068 --- SIGSEGV (Segmentation fault) ---
18260   0.000614 --- SIGSEGV (Segmentation fault) ---
18260   1.158577 --- SIGSEGV (Segmentation fault) ---
18260   0.000884 --- SIGSEGV (Segmentation fault) ---
18260   0.000415 --- SIGSEGV (Segmentation fault) ---
18266   0.888620 --- SIGSEGV (Segmentation fault) ---
18266   0.001156 --- SIGSEGV (Segmentation fault) ---
18260   0.000026 --- SIGSEGV (Segmentation fault) ---
18260   0.000866 --- SIGSEGV (Segmentation fault) ---
18260   0.866266 --- SIGSEGV (Segmentation fault) ---
18260   0.000524 --- SIGSEGV (Segmentation fault) ---
18260   0.620984 --- SIGSEGV (Segmentation fault) ---
18260   0.001025 --- SIGSEGV (Segmentation fault) ---
18260   0.851785 --- SIGSEGV (Segmentation fault) ---
18260   0.000666 --- SIGSEGV (Segmentation fault) ---
18260   0.000598 --- SIGSEGV (Segmentation fault) ---
18265   0.935471 --- SIGSEGV (Segmentation fault) ---
18260   0.000077 --- SIGSEGV (Segmentation fault) ---
18260   0.866722 --- SIGSEGV (Segmentation fault) ---
18260   0.862273 libjvm.so->fopen(0x2b6fccc930e0, 0x2b6fce49c9ab, 111, 0x732e6176) = 0x2b6fd022d010
18260   0.002610 libjvm.so->dlopen(0x2b6fccc930e0, 1, 0xffffffff, 0x2b6fd016ac00) = 0x2b6fd0001b10
18260   0.001388 libjvm.so->fopen(0x2b6fccc930e0, 0x2b6fce49c9ab, 111, 0x732e6176) = 0x2b6fd0213200
18260   0.002261 libjvm.so->dlopen(0x2b6fccc930e0, 1, 0xffffffff, 0x2b6fd016ac00) = 0x2b6fd0001b10
18260   0.001380 libjvm.so->fopen(0x2b6fccc930e0, 0x2b6fce49c9ab, 111, 0x732e6176) = 0x2b6fd0213200
18260   0.002266 libjvm.so->dlopen(0x2b6fccc930e0, 1, 0xffffffff, 0x2b6fd016ac00) = 0x2b6fd0001b10
18260   0.001328 libjvm.so->fopen(0x2b6fccc930e0, 0x2b6fce49c9ab, 111, 0x732e6176) = 0x2b6fd0213200
18260   0.002405 libjvm.so->dlopen(0x2b6fccc930e0, 1, 0xffffffff, 0x2b6fd016ac00) = 0x2b6fd0001b10
18260   0.044193 libjvm.so->fopen(0x2b6fccc92e90, 0x2b6fce49c9ab, 111, 0x732e6176) = 0x2b6fd022cc80
18260   0.002455 libjvm.so->dlopen(0x2b6fccc92e90, 1, 0xffffffff, 0x2b6fd022cc00) = 0x2b6fd0001b10
18260   0.001413 libjvm.so->fopen(0x2b6fccc92e90, 0x2b6fce49c9ab, 111, 0x732e6176) = 0x2b6fd022cc80
18260   0.002322 libjvm.so->dlopen(0x2b6fccc92e90, 1, 0xffffffff, 0x2b6fd022cc00) = 0x2b6fd0001b10
18260   0.001331 libjvm.so->fopen(0x2b6fccc92e90, 0x2b6fce49c9ab, 111, 0x732e6176) = 0x2b6fd022cc80
18260   0.002341 libjvm.so->dlopen(0x2b6fccc92e90, 1, 0xffffffff, 0x2b6fd022cc00) = 0x2b6fd0001b10
18260   0.001399 libjvm.so->fopen(0x2b6fccc92e90, 0x2b6fce49c9ab, 111, 0x732e6176) = 0x2b6fd022cc80
18260   0.002434 libjvm.so->dlopen(0x2b6fccc92e90, 1, 0xffffffff, 0x2b6fd022cc00) = 0x2b6fd0001b10
18260   1.220090 --- SIGSEGV (Segmentation fault) ---
18268   6.087270 +++ exited (status 0) +++
18264   0.001260 +++ exited (status 0) +++
18261   0.000836 +++ exited (status 0) +++
18260   0.000294 +++ exited (status 0) +++
18267   0.000509 +++ exited (status 0) +++
18266   0.000034 +++ exited (status 0) +++
18265   0.000030 +++ exited (status 0) +++
18262   0.000022 +++ exited (status 0) +++
18263   0.022773 +++ exited (status 0) +++
18259   0.000060 +++ exited (status 0) +++
Wrote an ltrace for command: "java -cp ./tools/maxent.jar density.Project outputs/Cheilosia_vernalis/Cheilosia_vernalis.lambdas data/layers/worldclim outputs/Cheilosia_vernalis_worldclim.asc nowarnings nocache autorun -z" with PID 18257 from PPID 18240 on disc25.crc.nd.edu with result 0
REMOTEHOST=10.17.144.144
_CONDOR_ANCESTOR_24525=24530:1594671055:2748281650
_CONDOR_JOB_PIDS=
MANPATH=/afs/crc.nd.edu/user/n/nkremerh/cctools/share/man/:/afs/crc.nd.edu/group/ccl/software/x86_64/redhat7/ruby/current/share/man:/afs/crc.nd.edu/group/ccl/software/x86_64/redhat7/graphviz/current/share/man:/afs/crc.nd.edu/group/ccl/software/x86_64/redhat7/gnuplot/current/share/man:/afs/crc.nd.edu/group/ccl/software/x86_64/redhat7/git/current/share/man:/afs/crc.nd.edu/group/ccl/software/x86_64/redhat7/condor/current/share/man:/afs/crc.nd.edu/group/ccl/software/x86_64/redhat7/clang/current/share/man:/afs/crc.nd.edu/group/ccl/software/x86_64/redhat7/condor/current/share/man:/afs/crc.nd.edu/group/ccl/software/x86_64/redhat7/cctools/current/share/man:/afs/crc.nd.edu/group/ccl/software/x86_64/redhat7/cctools/current/share/man:/afs/crc.nd.edu/x86_64_linux/Modules/4.5.0/share/man:/opt/crc/usr/local/man:/opt/sge/man:/usr/share/man/overrides:/usr/share/man:/usr/local/share/man
XDG_SESSION_ID=2735
HOSTNAME=disc01.crc.nd.edu
_LMFILES__modshare=/afs/crc.nd.edu/x86_64_linux/Modules/modules/system_modules/CRC_default/1.1:1
MODULEPATH_modshare=/afs/crc.nd.edu/x86_64_linux/Modules/modules/general_software:1:/afs/crc.nd.edu/x86_64_linux/Modules/modules/development_tools_and_libraries:1:/afs/crc.nd.edu/x86_64_linux/Modules/modules/system_modules:1:/afs/crc.nd.edu/x86_64_linux/Modules/current/modulefiles:1:/afs/crc.nd.edu/x86_64_linux/Modules/modules/restricted_software:1:/afs/crc.nd.edu/x86_64_linux/Modules/modules/deprecated_software:1
MODULES_CMD=/afs/crc.nd.edu/x86_64_linux/Modules/4.5.0/libexec/modulecmd.tcl
HOST=disc01.crc.nd.edu
SHELL=/bin/tcsh
TERM=xterm-256color
MAKEFLAGS=
HISTSIZE=5000
TMPDIR=/var/condor/execute/dir_24525/worker-213124-24553/t.1557/cctools-temp-t.1557.6YtwQ9
SSH_CLIENT=10.17.144.144 39924 22
PERL5LIB=/afs/crc.nd.edu/user/n/nkremerh/cctools/lib/perl5/site_perl/5.16.3:/afs/crc.nd.edu/user/n/nkremerh/.perl5/lib/perl5
SGE_CELL=crc
_CONDOR_SCRATCH_DIR=/var/condor/execute/dir_24525
PERL_MB_OPT=--install_base '/afs/crc.nd.edu/user/n/nkremerh/.perl5/'
SSH_TTY=/dev/pts/0
SGE_LOAD_AVG=load_avg
MAKEFLOW_MAX_LOCAL_JOBS=2
HISTFILESIZE=10000
_CHIRP_DELAYED_UPDATE_PREFIX=Chirp*
USER=nkremerh
GROUP=campus
LD_LIBRARY_PATH=/afs/crc.nd.edu/group/ccl/software/x86_64/redhat7/ruby/current/lib:/afs/crc.nd.edu/group/ccl/software/x86_64/redhat7/graphviz/current/lib:/afs/crc.nd.edu/group/ccl/software/x86_64/redhat7/git/current/lib:/afs/crc.nd.edu/group/ccl/software/x86_64/redhat7/condor/current/lib:/afs/crc.nd.edu/group/ccl/software/x86_64/redhat7/clang/current/lib:/afs/crc.nd.edu/group/ccl/software/x86_64/redhat7/condor/current/lib:/afs/crc.nd.edu/group/ccl/software/x86_64/redhat7/cctools/current/lib:/opt/crc/usr/local/lib
TEMP=/var/condor/execute/dir_24525/worker-213124-24553/t.1557/cctools-temp-t.1557.6YtwQ9
BATCH_SYSTEM=HTCondor
WORKER_TMPDIR=/var/condor/execute/dir_24525/worker-213124-24553/cache/tmp
ENV=/afs/crc.nd.edu/x86_64_linux/Modules/4.5.0/init/profile.sh
MODULES_LMALTNAME=CRC_default/1.1&CRC_default/default&CRC_default
_CONDOR_CHIRP_CONFIG=/var/condor/execute/dir_24525/.chirp.config
GLOBUS_GSSAPI_MAX_TLS_PROTOCOL=0
_CONDOR_HIGHPORT=9999
HOSTTYPE=x86_64-linux
MAKELEVEL=1
MFLAGS=
CCLSOFTWARE=/afs/crc.nd.edu/group/ccl/software/x86_64/redhat7
PATH=/afs/crc.nd.edu/user/n/nkremerh/cctools/bin:/afs/crc.nd.edu/user/n/nkremerh/miniconda/bin:/afs/crc.nd.edu/group/ccl/software/git:/afs/crc.nd.edu/user/n/nkremerh/.local/bin:/afs/crc.nd.edu/group/ccl/software/x86_64/redhat7/povray/3.7/bin:/afs/crc.nd.edu/user/n/nkremerh/.perl5/bin:/afs/crc.nd.edu/user/n/nkremerh/pegasus/bin:/afs/crc.nd.edu/user/n/nkremerh/nodejs/bin:/afs/crc.nd.edu/user/n/nkremerh/montage/bin:/afs/crc.nd.edu/user/n/nkremerh/latexdiff:/afs/crc.nd.edu/user/n/nkremerh/envtrace:/afs/crc.nd.edu/user/n/nkremerh/endlines:/afs/crc.nd.edu/user/n/nkremerh/cctools/bin:/afs/crc.nd.edu/user/n/nkremerh/.cargo/bin:/afs/crc.nd.edu/group/ccl/software/x86_64/redhat7/ruby/current/bin:/afs/crc.nd.edu/group/ccl/software/x86_64/redhat7/graphviz/current/bin:/afs/crc.nd.edu/group/ccl/software/x86_64/redhat7/gnuplot/current/bin:/afs/crc.nd.edu/group/ccl/software/x86_64/redhat7/git/current/bin:/afs/crc.nd.edu/group/ccl/software/x86_64/redhat7/condor/current/sbin:/afs/crc.nd.edu/group/ccl/software/x86_64/redhat7/condor/current/bin:/afs/crc.nd.edu/group/ccl/software/x86_64/redhat7/cmake/current/bin:/afs/crc.nd.edu/group/ccl/software/x86_64/redhat7/clang/current/bin:/afs/crc.nd.edu/group/ccl/software/x86_64/redhat7/condor/current/sbin:/afs/crc.nd.edu/group/ccl/software/x86_64/redhat7/condor/current/bin:/afs/crc.nd.edu/group/ccl/software/x86_64/redhat7/cctools/current/bin:/afs/crc.nd.edu/x86_64_linux/Modules/4.5.0/bin:/opt/crc/usr/local/bin:/opt/sge/bin/lx-amd64:/usr/local/bin:/usr/bin:/usr/local/sbin:/usr/sbin:/afs/crc.nd.edu/user/c/condor/software/bin:/afs/crc.nd.edu/user/c/condor/software/sbin
MAIL=/var/spool/mail/nkremerh
PWD=/var/condor/execute/dir_24525/worker-213124-24553/t.1557
_LMFILES_=/afs/crc.nd.edu/x86_64_linux/Modules/modules/system_modules/CRC_default/1.1
SGE_EXECD_PORT=6445
EDITOR=vim
LANG=en_US.UTF-8
MODULEPATH=/afs/crc.nd.edu/x86_64_linux/Modules/modules/development_tools_and_libraries:/afs/crc.nd.edu/x86_64_linux/Modules/modules/general_software:/afs/crc.nd.edu/x86_64_linux/Modules/modules/restricted_software:/afs/crc.nd.edu/x86_64_linux/Modules/modules/system_modules:/afs/crc.nd.edu/x86_64_linux/Modules/modules/deprecated_software:/afs/crc.nd.edu/x86_64_linux/Modules/current/modulefiles
SGE_QMASTER_PORT=6444
SGE_ROOT=/opt/sge
LOADEDMODULES=CRC_default/1.1
WORK_QUEUE_SANDBOX=/var/condor/execute/dir_24525/worker-213124-24553
_CONDOR_SLOT=slot1
CCLPLATFORM=x86_64/redhat7
USE_SYSTEMD=true
_CONDOR_ANCESTOR_4261=24525:1594671054:4145456440
_CONDOR_LOWPORT=9100
KRB5CCNAME=FILE:/tmp/krb5cc_213124_ZwXmib
HISTCONTROL=ignoreboth:erasedups
PATH_modshare=/opt/crc/usr/local/bin:1:/opt/sge/bin/lx-amd64:1:/usr/sbin:1:/usr/bin:1:/afs/crc.nd.edu/user/c/condor/software/sbin:1:/usr/local/sbin:1:/afs/crc.nd.edu/user/c/condor/software/bin:1:/usr/local/bin:1
SHLVL=7
HOME=/afs/crc.nd.edu/user/n/nkremerh
GLOBUS_GSSAPI_NAME_COMPATIBILITY=STRICT_RFC2818
_CONDOR_ANCESTOR_3989=4261:1593343483:4184216969
_CONDOR_MACHINE_AD=/var/condor/execute/dir_24525/.machine.ad
OSTYPE=linux
DISK=916727
GREP_OPTIONS=--color=auto
GLOBUS_GSSAPI_MIN_TLS_PROTOCOL=TLS1_VERSION
MEMORY=15899
MANPATH_modshare=/usr/share/man/overrides:1:/usr/local/share/man:1:/usr/share/man:1:/opt/crc/usr/local/man:1:/opt/sge/man:1
VENDOR=unknown
BASH_ENV=/afs/crc.nd.edu/x86_64_linux/Modules/4.5.0/init/bash
PERL_LOCAL_LIB_ROOT=/afs/crc.nd.edu/user/n/nkremerh/.perl5/
PYTHONPATH=/afs/crc.nd.edu/user/n/nkremerh/cctools/lib/python3.6/site-packages/
CCLHOME=/afs/crc.nd.edu/group/ccl
MACHTYPE=x86_64
LOGNAME=nkremerh
TMP=/var/condor/execute/dir_24525/worker-213124-24553/t.1557/cctools-temp-t.1557.6YtwQ9
LD_LIBRARY_PATH_modshare=/opt/crc/usr/local/lib:1
MODULES_LMALTNAME_modshare=CRC_default/1.1&CRC_default/default&CRC_default:1
SSH_CONNECTION=10.17.144.144 39924 129.74.128.103 22
MODULESHOME=/afs/crc.nd.edu/x86_64_linux/Modules/4.5.0
OMP_NUM_THREADS=1
LESSOPEN=||/usr/bin/lesspipe.sh %s
GLOBUS_GSSAPI_BACKWARD_COMPATIBLE_MIC=true
GLOBUS_GSSAPI_CIPHERS=HIGH
LOADEDMODULES_modshare=CRC_default/1.1:1
_CONDOR_JOB_AD=/var/condor/execute/dir_24525/.job.ad
SGE_CLUSTER_NAME=CRC
XDG_RUNTIME_DIR=/run/user/213124
CCTOOLS=../cctools
CORES=4
_CONDOR_JOB_IWD=/var/condor/execute/dir_24525
PERL_MM_OPT=INSTALL_BASE=/afs/crc.nd.edu/user/n/nkremerh/.perl5/
GLOBUS_GSSAPI_SERVER_CIPHER_ORDER=true
BASH_FUNC_module()=() {  unset _mlshdbg;
 if [ "${MODULES_SILENT_SHELL_DEBUG:-0}" = '1' ]; then
 case "$-" in 
 *v*x*)
 set +vx;
 _mlshdbg='vx'
 ;;
 *v*)
 set +v;
 _mlshdbg='v'
 ;;
 *x*)
 set +x;
 _mlshdbg='x'
 ;;
 *)
 _mlshdbg=''
 ;;
 esac;
 fi;
 unset _mlre _mlIFS;
 if [ -n "${IFS+x}" ]; then
 _mlIFS=$IFS;
 fi;
 IFS=' ';
 for _mlv in ${MODULES_RUN_QUARANTINE:-};
 do
 if [ "${_mlv}" = "${_mlv##*[!A-Za-z0-9_]}" -a "${_mlv}" = "${_mlv#[0-9]}" ]; then
 if [ -n "`eval 'echo ${'$_mlv'+x}'`" ]; then
 _mlre="${_mlre:-}${_mlv}_modquar='`eval 'echo ${'$_mlv'}'`' ";
 fi;
 _mlrv="MODULES_RUNENV_${_mlv}";
 _mlre="${_mlre:-}${_mlv}='`eval 'echo ${'$_mlrv':-}'`' ";
 fi;
 done;
 if [ -n "${_mlre:-}" ]; then
 eval `eval ${_mlre}/usr/bin/tclsh /afs/crc.nd.edu/x86_64_linux/Modules/4.5.0/libexec/modulecmd.tcl bash '"$@"'`;
 else
 eval `/usr/bin/tclsh /afs/crc.nd.edu/x86_64_linux/Modules/4.5.0/libexec/modulecmd.tcl bash "$@"`;
 fi;
 _mlstatus=$?;
 if [ -n "${_mlIFS+x}" ]; then
 IFS=$_mlIFS;
 else
 unset IFS;
 fi;
 unset _mlre _mlv _mlrv _mlIFS;
 if [ -n "${_mlshdbg:-}" ]; then
 set -$_mlshdbg;
 fi;
 unset _mlshdbg;
 return $_mlstatus
}
BASH_FUNC_ml()=() {  module ml "$@"
}
_=/usr/bin/printenv
