9120   0.000000 libjli.so->getenv("_JAVA_LAUNCHER_DEBUG") = nil
9120   0.001928 libjli.so->getenv("_JAVA_VERSION_SET") = nil
9120   0.000804 libjli.so->fopen("/usr/lib/jvm/java-1.8.0-openjdk-1.8.0.252.b09-2.el7_8.x86_64/jre/lib/amd64/jvm.cfg", "r") = 0x55eb76a430f0
9120   0.000773 libjli.so->getenv("JDK_ALTERNATE_VM") = nil
9120   0.000317 libjli.so->__xstat(1, "/usr/lib/jvm/java-1.8.0-openjdk-1.8.0.252.b09-2.el7_8.x86_64/jre/lib/amd64/server/libjvm.so", 0x7ffe40b0c0b0) = 0
9120   0.000566 libjli.so->getenv("LD_LIBRARY_PATH") = "/afs/crc.nd.edu/group/ccl/software/x86_64/redhat7/ruby/current/lib:/afs/crc.nd.edu/group/ccl/software/x86_64/redhat7/graphviz/current/lib:/afs/crc.nd.edu/group/ccl/software/x86_64/redhat7/git/current/lib:/afs/crc.nd.edu/group/ccl/software/x86_64/redhat7/condor/current/lib:/afs/crc.nd.edu/group/ccl/software/x86_64/redhat7/clang/current/lib:/afs/crc.nd.edu/group/ccl/software/x86_64/redhat7/condor/current/lib:/afs/crc.nd.edu/group/ccl/software/x86_64/redhat7/cctools/current/lib:/opt/crc/usr/local/lib"
9120   0.002069 libjli.so->dlopen("/usr/lib/jvm/java-1.8.0-openjdk-1.8.0.252.b09-2.el7_8.x86_64/jre/lib/amd64/server/libjvm.so", 258 <unfinished ...>
9120   0.036517 libjvm.so->getenv("NMT_LEVEL_9120") = nil
9120   0.001656 <... dlopen resumed> )           = 0x55eb76a434c0
9120   0.000069 libjli.so->getenv("CLASSPATH")   = nil
9120   0.000297 libjli.so->getenv("_JAVA_SPLASH_JAR") = nil
9120   0.000291 libjli.so->getenv("_JAVA_SPLASH_FILE") = nil
9120   0.000312 libjli.so->pthread_attr_setdetachstate(0x7ffe40b0c060, 0, 0x7ffe40b0c0f0, 0) = 0
9120   0.000507 libpthread.so.0->__clone(0x2b362d90ede0, 0x2b362d821fc0, 0x3d0f00, 0x2b362d822700) = 9121
9121   0.001614 libjvm.so->dlopen(0x2b362f06e52e, 1, 0xfffffffffff42c48, 4096) = 0x2b3630000990
9121   0.002799 libjvm.so->getenv(0x2b362f0892c0, 0, 115, 0x65737361) = 0x7ffe40b116d0
9121   0.000494 libjvm.so->fopen(0x2b362d820be0, 0x2b362f0289ab, 0x6f732e79666972, 0x2b362e1e6ab0) = 0x2b3630001440
9121   0.001688 libjvm.so->dlopen(0x2b362d820be0, 1, 0xffffffff, 0x2b3630002b00) = 0x2b3630001440
9121   0.001593 libjvm.so->fopen(0x2b362d820be0, 0x2b362f0289ab, 111, 0x732e6176) = 0x2b3630001b10
9121   0.002060 libjvm.so->dlopen(0x2b362d820be0, 1, 0xffffffff, 0x2b3630001a00) = 0x2b3630001b10
9121   0.001757 libjvm.so->__xstat(1, 0x2b362d821330, 0x2b362d821b70, 0x637274) = -1
9121   0.000511 libjvm.so->getenv(0x2b362f021226, 0x2b362d8216a0, 1024, 0x2b362f4c55db) = 0
9121   0.000477 libjvm.so->getenv(0x2b362f021218, 0x2b362d8216a0, 1024, 0) = 0
9121   0.000471 libjvm.so->fopen(0x2b362f06de95, 0x2b362f0289ab, 4095, 24) = 0x2b3630003290
9121   0.001231 libjvm.so->fopen(0x2b362f06dee1, 0x2b362f0289ab, 0x2b3630000078, 0x2b3630003280) = 0x2b3630003290
9121   0.000794 libjvm.so->fopen(0x2b362d81b980, 0x2b362f0289ab, 4016, 3997) = 0x2b3630003290
9121   0.000723 libjvm.so->opendir(0x2b3630002b40, 0x2b3630002b40, 13, 16) = 0
9121   0.000534 libjvm.so->__xstat(1, 0x2b362d8208c0, 0x2b362d81f830, 0x6f732e7477616d62) = -1
9121   0.000480 libjvm.so->__xstat(1, 0x2b362d8208c0, 0x2b362d81f830, 0x5f74776162696c2f) = 0
9121   0.000674 libjvm.so->fopen(0x2b362d81fb60, 0x2b362f0289ab, 4011, 3996) = 0x2b3630003770
9121   0.000714 libjvm.so->fopen(0x2b362d81fb60, 0x2b362f0289ab, 4011, 3996) = 0x2b3630003770
9121   0.000692 libjvm.so->fopen(0x2b362d81fb60, 0x2b362f0289ab, 4011, 4004) = 0x2b3630003770
9121   0.000797 libjvm.so->fopen(0x2b362d81faf0, 0x2b362f0289ab, 4011, 3996) = 0x2b3630003770
9121   0.000746 libjvm.so->fopen(0x2b362d81faf0, 0x2b362f0289ab, 4011, 3996) = 0x2b3630003770
9121   0.000727 libjvm.so->fopen(0x2b362d81faf0, 0x2b362f0289ab, 4011, 4004) = 0x2b3630003770
9121   0.000728 libjvm.so->fopen(0x2b362d81fb20, 0x2b362f0289ab, 4016, 3997) = 0x2b3630003770
9121   0.001013 libjvm.so->getenv(0x2b362f06ec5e, 4096, 3, -1) = 0
9121   0.001123 libjvm.so->fopen(0x2b362f06e518, 0x2b362f0289ab, 0x2b362d905908, 0x2b362d904df0) = 0x2b3630003770
9121   0.005196 libjvm.so->open(0x2b363004a560, 0x20000, 0, 0x2b363004a5a9) = 3
9121   0.000488 libjvm.so->__fxstat(1, 3, 0x2b362d8219d0, -1) = 0
9121   0.000616 libjvm.so->opendir(0x2b363004a560, 0x2b362d8219d0, 0x4000, -1) = 0x2b363004b470
9121   0.000542 libjvm.so->__fxstat(1, 3, 0x2b362d821870, 0x2b363004b470) = 0
9121   0.000620 libjvm.so->__fxstat(1, 5, 0x2b362d821900, -1) = 0
9121   0.000487 libjvm.so->open(0x2b362f03f85c, 0, 0, 0) = 3
9121   0.000675 libjvm.so->__lxstat(1, 0x2b363004a560, 0x2b362d821b20, -144) = 0
9121   0.000494 libjvm.so->open(0x2b363004a560, 0x20000, 0x4000, -1) = 3
9121   0.000453 libjvm.so->__fxstat(1, 3, 0x2b362d8219d0, -1) = 0
9121   0.000501 libjvm.so->opendir(0x2b363004a560, 0x2b362d8219d0, 0x4000, -1) = 0x2b363004b470
9121   0.000504 libjvm.so->__fxstat(1, 3, 0x2b362d821870, 0x2b363004b470) = 0
9121   0.000463 libjvm.so->__fxstat(1, 5, 0x2b362d821900, -1) = 0
9121   0.000447 libjvm.so->open(0x2b362f03f85c, 0, 0, 0) = 3
9121   0.000449 libjvm.so->open(0x2b363004a5a9, 0x20042, 384, -1) = 7
9121   0.000578 libjvm.so->__fxstat(1, 7, 0x2b362d821b20, -1) = 0
9121   0.001652 libjvm.so->fopen(0x2b362d820b30, 0x2b362f0289ab, 4, 0x6f732e70) = 0x2b3630057b50
9121   0.002032 libjvm.so->dlopen(0x2b362d820b30, 1, 0xffffffff, 0x2b3630057a00) = 0x2b3630057b50
9121   0.001884 libjvm.so->__xstat(1, 0x2b362d8210f0, 0x2b362d821920, 2048) = 0
9121   0.000565 libjvm.so->__xstat(1, 0x2b362d8210f0, 0x2b362d821920, 2048) = 0
9121   0.000583 libjvm.so->__xstat(1, 0x2b362d8210f0, 0x2b362d821920, 2048) = -1
9121   0.000510 libjvm.so->__xstat(1, 0x2b362d8210f0, 0x2b362d821920, 2048) = 0
9121   0.000586 libjvm.so->__xstat(1, 0x2b362d8210f0, 0x2b362d821920, 2048) = 0
9121   0.000520 libjvm.so->__xstat(1, 0x2b362d8210f0, 0x2b362d821920, 2048) = 0
9121   0.000933 libjvm.so->__xstat(1, 0x2b362d8210f0, 0x2b362d821920, 2048) = -1
9121   0.000797 libjvm.so->__xstat(1, 0x2b362d8210f0, 0x2b362d821920, 2048) = -1
9121   0.000602 libjvm.so->fopen(0x2b3630002520, 0x2b362f0289ab, 0, 0) = 0x2b36300588c0
9121   0.008638 libjvm.so->open64(0x2b362d820490, 0, 0, 16) = 3
9121   0.000681 libjvm.so->__fxstat64(1, 3, 0x2b362d8202c0, -1) = 0
9121   0.035857 libjvm.so->__xstat(1, 0x2b362d820ef0, 0x2b362d821720, 2048) = -1
9121   0.000586 libjvm.so->fopen(0x2b362d81faf0, 0x2b362f0289ab, 4011, 3996) = 0x2b36300b5b40
9121   0.000689 libjvm.so->fopen(0x2b362d81faf0, 0x2b362f0289ab, 4011, 3996) = 0x2b36300b5b40
9121   0.000665 libjvm.so->fopen(0x2b362d81faf0, 0x2b362f0289ab, 4011, 4004) = 0x2b36300b5b40
9121   0.004226 libjvm.so->pthread_attr_setdetachstate(0x2b362d821bd0, 1, 0, 0) = 0
9121   0.000551 libpthread.so.0->__clone(0x2b362d90ede0, 0x2b3646142fc0, 0x3d0f00, 0x2b3646143700) = 9122
9121   0.015585 libjvm.so->pthread_attr_setdetachstate(0x2b362d821260, 1, 0, 0) = 0
9121   0.000713 libpthread.so.0->__clone(0x2b362d90ede0, 0x2b3646243fc0, 0x3d0f00, 0x2b3646244700) = 9123
9121   0.006712 libjvm.so->pthread_attr_setdetachstate(0x2b362d8215e0, 1, 0, 0) = 0
9121   0.000793 libpthread.so.0->__clone(0x2b362d90ede0, 0x2b3646344fc0, 0x3d0f00, 0x2b3646345700) = 9124
9121   0.038875 libjvm.so->fopen(0x2b36300e8680, 0x2b362f0289ab, 4, 0x6f732e70) = 0x2b36300f1700
9121   0.002035 libjvm.so->dlopen(0x2b36300e8680, 1, 0xffffffff, 0x2b36300e8b00) = 0x2b3630057b50
9121   0.022215 libjvm.so->fopen(0x2b362d81d130, 0x2b362f0289ab, 4011, 3996) = 0x2b36300f9080
9121   0.001123 libjvm.so->fopen(0x2b362d81d130, 0x2b362f0289ab, 4011, 3996) = 0x2b36300f9080
9121   0.001089 libjvm.so->fopen(0x2b362d81d130, 0x2b362f0289ab, 4011, 4004) = 0x2b36300f9080
9121   0.014788 libjvm.so->pthread_attr_setdetachstate(0x2b362d821b20, 1, 0, 0) = 0
9121   0.000944 libpthread.so.0->__clone(0x2b362d90ede0, 0x2b3646445fc0, 0x3d0f00, 0x2b3646446700) = 9125
9121   0.001549 libjvm.so->__xstat64(1, 0x2b362d821bb0, 0x2b362d821b20, 18) = -1
9121   0.001198 libjvm.so->pthread_attr_setdetachstate(0x2b362d821920, 1, 0, 0) = 0
9121   0.001193 libpthread.so.0->__clone(0x2b362d90ede0, 0x2b3646546fc0, 0x3d0f00, 0x2b3646547700) = 9126
9121   0.001773 libjvm.so->pthread_attr_setdetachstate(0x2b362d821920, 1, 0, 0) = 0
9121   0.001306 libpthread.so.0->__clone(0x2b362d90ede0, 0x2b3646647fc0, 0x3d0f00, 0x2b3646648700) = 9127
9121   0.007296 libjvm.so->pthread_attr_setdetachstate(0x2b362d821a70, 1, 0, 0) = 0
9121   0.001407 libpthread.so.0->__clone(0x2b362d90ede0, 0x2b3646748fc0, 0x3d0f00, 0x2b3646749700) = 9128
9121   0.002293 libjvm.so->pthread_attr_setdetachstate(0x2b362d821b80, 1, 0, 0) = 0
9121   0.001624 libpthread.so.0->__clone(0x2b362d90ede0, 0x2b3646849fc0, 0x3d0f00, 0x2b364684a700) = 9129
9121   0.014939 libjvm.so->open64(0x2b3630134520, 0, 0, 32) = 5
9121   0.001736 libjvm.so->__fxstat64(1, 5, 0x2b362d81ef90, -1) = 0
9121   0.026790 libjvm.so->fopen(0x2b363015a780, 0x2b362f0289ab, 4, 0x6f732e6f) = 0x2b363015a840
9121   0.003824 libjvm.so->dlopen(0x2b363015a780, 1, 0xffffffff, 0x2b363015a700) = 0x2b363015a840
9121   0.133042 libjvm.so->fopen(0x2b36301969f0, 0x2b362f0289ab, 4, 0x6f732e74) = 0x2b363019b970
9121   0.003438 libjvm.so->dlopen(0x2b36301969f0, 1, 0xffffffff, 0x2b3630191f00) = 0x2b36301a3d40
9121   0.136938 libjvm.so->fopen(0x2b3630226db0, 0x2b362f0289ab, 0x6f732e7373656c, 0x656c646165685f74) = 0x2b3630226e90
9121   0.003153 libjvm.so->dlopen(0x2b3630226db0, 1, 0xffffffff, 0x2b3630226e00) = 0x2b3630226e90
9121   0.019454 libjvm.so->fopen(0x2b362d81aa30, 0x2b362f0289ab, 0x6f732e, 0x6d766a62696c2f72) = 0x2b3630230cc0
9121   0.006002 libjvm.so->dlopen(0x2b362d81aa30, 1, 0xffffffff, 0x2b3630230200) = 0x55eb76a434c0
9121   0.001763 libjvm.so->fopen(0x2b362d81aa30, 0x2b362f0289ab, 0x6f732e, 0x6d766a62696c2f72) = 0x2b3630230c60
9121   0.005182 libjvm.so->dlopen(0x2b362d81aa30, 1, 0xffffffff, 0x2b3630230200) = 0x55eb76a434c0
9121   0.001745 libjvm.so->fopen(0x2b362d81aa30, 0x2b362f0289ab, 0x6f732e, 0x6d766a62696c2f72) = 0x2b3630230c60
9121   0.003801 libjvm.so->dlopen(0x2b362d81aa30, 1, 0xffffffff, 0x2b3630230200) = 0x55eb76a434c0
9121   0.001664 libjvm.so->fopen(0x2b362d81aa30, 0x2b362f0289ab, 0x6f732e, 0x6d766a62696c2f72) = 0x2b3630230c60
9121   0.003640 libjvm.so->dlopen(0x2b362d81aa30, 1, 0xffffffff, 0x2b3630230200) = 0x55eb76a434c0
9129  12.599628 +++ exited (status 0) +++
9125   0.000311 --- SIGSEGV (Segmentation fault) ---
9122   0.000341 +++ exited (status 0) +++
9121   0.000241 +++ exited (status 0) +++
9128   0.000480 +++ exited (status 0) +++
9127   0.000048 +++ exited (status 0) +++
9126   0.000032 +++ exited (status 0) +++
9125   0.000021 +++ exited (status 0) +++
9123   0.000022 +++ exited (status 0) +++
9124   0.020996 +++ exited (status 0) +++
9120   0.000070 +++ exited (status 0) +++
Wrote an ltrace for command: "java -cp ./tools/maxent.jar density.MaxEnt -s outputs/Aeolothrips_wetmorei_Hood.csv -e data/layers/worldclim -o outputs/Aeolothrips_wetmorei_Hood nowarnings nocache autorun -z" with PID 9118 from PPID 9098 on disc25.crc.nd.edu with result 0
REMOTEHOST=10.17.144.144
MANPATH=/afs/crc.nd.edu/user/n/nkremerh/cctools/share/man/:/afs/crc.nd.edu/group/ccl/software/x86_64/redhat7/ruby/current/share/man:/afs/crc.nd.edu/group/ccl/software/x86_64/redhat7/graphviz/current/share/man:/afs/crc.nd.edu/group/ccl/software/x86_64/redhat7/gnuplot/current/share/man:/afs/crc.nd.edu/group/ccl/software/x86_64/redhat7/git/current/share/man:/afs/crc.nd.edu/group/ccl/software/x86_64/redhat7/condor/current/share/man:/afs/crc.nd.edu/group/ccl/software/x86_64/redhat7/clang/current/share/man:/afs/crc.nd.edu/group/ccl/software/x86_64/redhat7/condor/current/share/man:/afs/crc.nd.edu/group/ccl/software/x86_64/redhat7/cctools/current/share/man:/afs/crc.nd.edu/group/ccl/software/x86_64/redhat7/cctools/current/share/man:/afs/crc.nd.edu/x86_64_linux/Modules/4.5.0/share/man:/opt/crc/usr/local/man:/opt/sge/man:/usr/share/man/overrides:/usr/share/man:/usr/local/share/man
_CONDOR_JOB_PIDS=
_CONDOR_ANCESTOR_24525=24530:1594671055:2748281650
XDG_SESSION_ID=2735
HOSTNAME=disc01.crc.nd.edu
_LMFILES__modshare=/afs/crc.nd.edu/x86_64_linux/Modules/modules/system_modules/CRC_default/1.1:1
MODULEPATH_modshare=/afs/crc.nd.edu/x86_64_linux/Modules/modules/general_software:1:/afs/crc.nd.edu/x86_64_linux/Modules/modules/development_tools_and_libraries:1:/afs/crc.nd.edu/x86_64_linux/Modules/modules/system_modules:1:/afs/crc.nd.edu/x86_64_linux/Modules/current/modulefiles:1:/afs/crc.nd.edu/x86_64_linux/Modules/modules/restricted_software:1:/afs/crc.nd.edu/x86_64_linux/Modules/modules/deprecated_software:1
TERM=xterm-256color
SHELL=/bin/tcsh
HOST=disc01.crc.nd.edu
MODULES_CMD=/afs/crc.nd.edu/x86_64_linux/Modules/4.5.0/libexec/modulecmd.tcl
HISTSIZE=5000
MAKEFLAGS=
SSH_CLIENT=10.17.144.144 39924 22
TMPDIR=/var/condor/execute/dir_24525/worker-213124-24553/t.947/cctools-temp-t.947.XvkKOJ
PERL5LIB=/afs/crc.nd.edu/user/n/nkremerh/cctools/lib/perl5/site_perl/5.16.3:/afs/crc.nd.edu/user/n/nkremerh/.perl5/lib/perl5
SGE_CELL=crc
_CONDOR_SCRATCH_DIR=/var/condor/execute/dir_24525
PERL_MB_OPT=--install_base '/afs/crc.nd.edu/user/n/nkremerh/.perl5/'
SSH_TTY=/dev/pts/0
SGE_LOAD_AVG=load_avg
MAKEFLOW_MAX_LOCAL_JOBS=2
GROUP=campus
USER=nkremerh
_CHIRP_DELAYED_UPDATE_PREFIX=Chirp*
HISTFILESIZE=10000
TEMP=/var/condor/execute/dir_24525/worker-213124-24553/t.947/cctools-temp-t.947.XvkKOJ
LD_LIBRARY_PATH=/afs/crc.nd.edu/group/ccl/software/x86_64/redhat7/ruby/current/lib:/afs/crc.nd.edu/group/ccl/software/x86_64/redhat7/graphviz/current/lib:/afs/crc.nd.edu/group/ccl/software/x86_64/redhat7/git/current/lib:/afs/crc.nd.edu/group/ccl/software/x86_64/redhat7/condor/current/lib:/afs/crc.nd.edu/group/ccl/software/x86_64/redhat7/clang/current/lib:/afs/crc.nd.edu/group/ccl/software/x86_64/redhat7/condor/current/lib:/afs/crc.nd.edu/group/ccl/software/x86_64/redhat7/cctools/current/lib:/opt/crc/usr/local/lib
BATCH_SYSTEM=HTCondor
MODULES_LMALTNAME=CRC_default/1.1&CRC_default/default&CRC_default
ENV=/afs/crc.nd.edu/x86_64_linux/Modules/4.5.0/init/profile.sh
WORKER_TMPDIR=/var/condor/execute/dir_24525/worker-213124-24553/cache/tmp
HOSTTYPE=x86_64-linux
_CONDOR_HIGHPORT=9999
GLOBUS_GSSAPI_MAX_TLS_PROTOCOL=0
_CONDOR_CHIRP_CONFIG=/var/condor/execute/dir_24525/.chirp.config
MAKELEVEL=1
MFLAGS=
MAIL=/var/spool/mail/nkremerh
PATH=/afs/crc.nd.edu/user/n/nkremerh/cctools/bin:/afs/crc.nd.edu/user/n/nkremerh/miniconda/bin:/afs/crc.nd.edu/group/ccl/software/git:/afs/crc.nd.edu/user/n/nkremerh/.local/bin:/afs/crc.nd.edu/group/ccl/software/x86_64/redhat7/povray/3.7/bin:/afs/crc.nd.edu/user/n/nkremerh/.perl5/bin:/afs/crc.nd.edu/user/n/nkremerh/pegasus/bin:/afs/crc.nd.edu/user/n/nkremerh/nodejs/bin:/afs/crc.nd.edu/user/n/nkremerh/montage/bin:/afs/crc.nd.edu/user/n/nkremerh/latexdiff:/afs/crc.nd.edu/user/n/nkremerh/envtrace:/afs/crc.nd.edu/user/n/nkremerh/endlines:/afs/crc.nd.edu/user/n/nkremerh/cctools/bin:/afs/crc.nd.edu/user/n/nkremerh/.cargo/bin:/afs/crc.nd.edu/group/ccl/software/x86_64/redhat7/ruby/current/bin:/afs/crc.nd.edu/group/ccl/software/x86_64/redhat7/graphviz/current/bin:/afs/crc.nd.edu/group/ccl/software/x86_64/redhat7/gnuplot/current/bin:/afs/crc.nd.edu/group/ccl/software/x86_64/redhat7/git/current/bin:/afs/crc.nd.edu/group/ccl/software/x86_64/redhat7/condor/current/sbin:/afs/crc.nd.edu/group/ccl/software/x86_64/redhat7/condor/current/bin:/afs/crc.nd.edu/group/ccl/software/x86_64/redhat7/cmake/current/bin:/afs/crc.nd.edu/group/ccl/software/x86_64/redhat7/clang/current/bin:/afs/crc.nd.edu/group/ccl/software/x86_64/redhat7/condor/current/sbin:/afs/crc.nd.edu/group/ccl/software/x86_64/redhat7/condor/current/bin:/afs/crc.nd.edu/group/ccl/software/x86_64/redhat7/cctools/current/bin:/afs/crc.nd.edu/x86_64_linux/Modules/4.5.0/bin:/opt/crc/usr/local/bin:/opt/sge/bin/lx-amd64:/usr/local/bin:/usr/bin:/usr/local/sbin:/usr/sbin:/afs/crc.nd.edu/user/c/condor/software/bin:/afs/crc.nd.edu/user/c/condor/software/sbin
CCLSOFTWARE=/afs/crc.nd.edu/group/ccl/software/x86_64/redhat7
PWD=/var/condor/execute/dir_24525/worker-213124-24553/t.947
_LMFILES_=/afs/crc.nd.edu/x86_64_linux/Modules/modules/system_modules/CRC_default/1.1
EDITOR=vim
SGE_EXECD_PORT=6445
LANG=en_US.UTF-8
SGE_QMASTER_PORT=6444
MODULEPATH=/afs/crc.nd.edu/x86_64_linux/Modules/modules/development_tools_and_libraries:/afs/crc.nd.edu/x86_64_linux/Modules/modules/general_software:/afs/crc.nd.edu/x86_64_linux/Modules/modules/restricted_software:/afs/crc.nd.edu/x86_64_linux/Modules/modules/system_modules:/afs/crc.nd.edu/x86_64_linux/Modules/modules/deprecated_software:/afs/crc.nd.edu/x86_64_linux/Modules/current/modulefiles
LOADEDMODULES=CRC_default/1.1
SGE_ROOT=/opt/sge
CCLPLATFORM=x86_64/redhat7
_CONDOR_SLOT=slot1
WORK_QUEUE_SANDBOX=/var/condor/execute/dir_24525/worker-213124-24553
USE_SYSTEMD=true
_CONDOR_LOWPORT=9100
_CONDOR_ANCESTOR_4261=24525:1594671054:4145456440
HISTCONTROL=ignoreboth:erasedups
KRB5CCNAME=FILE:/tmp/krb5cc_213124_ZwXmib
GLOBUS_GSSAPI_NAME_COMPATIBILITY=STRICT_RFC2818
HOME=/afs/crc.nd.edu/user/n/nkremerh
SHLVL=6
PATH_modshare=/opt/crc/usr/local/bin:1:/opt/sge/bin/lx-amd64:1:/usr/sbin:1:/usr/bin:1:/afs/crc.nd.edu/user/c/condor/software/sbin:1:/usr/local/sbin:1:/afs/crc.nd.edu/user/c/condor/software/bin:1:/usr/local/bin:1
OSTYPE=linux
_CONDOR_MACHINE_AD=/var/condor/execute/dir_24525/.machine.ad
_CONDOR_ANCESTOR_3989=4261:1593343483:4184216969
GREP_OPTIONS=--color=auto
DISK=916727
GLOBUS_GSSAPI_MIN_TLS_PROTOCOL=TLS1_VERSION
MANPATH_modshare=/usr/share/man/overrides:1:/usr/local/share/man:1:/usr/share/man:1:/opt/crc/usr/local/man:1:/opt/sge/man:1
MEMORY=15899
PERL_LOCAL_LIB_ROOT=/afs/crc.nd.edu/user/n/nkremerh/.perl5/
BASH_ENV=/afs/crc.nd.edu/x86_64_linux/Modules/4.5.0/init/bash
VENDOR=unknown
TMP=/var/condor/execute/dir_24525/worker-213124-24553/t.947/cctools-temp-t.947.XvkKOJ
LOGNAME=nkremerh
MACHTYPE=x86_64
CCLHOME=/afs/crc.nd.edu/group/ccl
PYTHONPATH=/afs/crc.nd.edu/user/n/nkremerh/cctools/lib/python3.6/site-packages/
LD_LIBRARY_PATH_modshare=/opt/crc/usr/local/lib:1
SSH_CONNECTION=10.17.144.144 39924 129.74.128.103 22
MODULES_LMALTNAME_modshare=CRC_default/1.1&CRC_default/default&CRC_default:1
MODULESHOME=/afs/crc.nd.edu/x86_64_linux/Modules/4.5.0
GLOBUS_GSSAPI_CIPHERS=HIGH
GLOBUS_GSSAPI_BACKWARD_COMPATIBLE_MIC=true
LESSOPEN=||/usr/bin/lesspipe.sh %s
OMP_NUM_THREADS=1
_CONDOR_JOB_AD=/var/condor/execute/dir_24525/.job.ad
LOADEDMODULES_modshare=CRC_default/1.1:1
XDG_RUNTIME_DIR=/run/user/213124
SGE_CLUSTER_NAME=CRC
CCTOOLS=../cctools
CORES=4
_CONDOR_JOB_IWD=/var/condor/execute/dir_24525
PERL_MM_OPT=INSTALL_BASE=/afs/crc.nd.edu/user/n/nkremerh/.perl5/
GLOBUS_GSSAPI_SERVER_CIPHER_ORDER=true
BASH_FUNC_module()=() {  unset _mlshdbg;
 if [ "${MODULES_SILENT_SHELL_DEBUG:-0}" = '1' ]; then
 case "$-" in 
 *v*x*)
 set +vx;
 _mlshdbg='vx'
 ;;
 *v*)
 set +v;
 _mlshdbg='v'
 ;;
 *x*)
 set +x;
 _mlshdbg='x'
 ;;
 *)
 _mlshdbg=''
 ;;
 esac;
 fi;
 unset _mlre _mlIFS;
 if [ -n "${IFS+x}" ]; then
 _mlIFS=$IFS;
 fi;
 IFS=' ';
 for _mlv in ${MODULES_RUN_QUARANTINE:-};
 do
 if [ "${_mlv}" = "${_mlv##*[!A-Za-z0-9_]}" -a "${_mlv}" = "${_mlv#[0-9]}" ]; then
 if [ -n "`eval 'echo ${'$_mlv'+x}'`" ]; then
 _mlre="${_mlre:-}${_mlv}_modquar='`eval 'echo ${'$_mlv'}'`' ";
 fi;
 _mlrv="MODULES_RUNENV_${_mlv}";
 _mlre="${_mlre:-}${_mlv}='`eval 'echo ${'$_mlrv':-}'`' ";
 fi;
 done;
 if [ -n "${_mlre:-}" ]; then
 eval `eval ${_mlre}/usr/bin/tclsh /afs/crc.nd.edu/x86_64_linux/Modules/4.5.0/libexec/modulecmd.tcl bash '"$@"'`;
 else
 eval `/usr/bin/tclsh /afs/crc.nd.edu/x86_64_linux/Modules/4.5.0/libexec/modulecmd.tcl bash "$@"`;
 fi;
 _mlstatus=$?;
 if [ -n "${_mlIFS+x}" ]; then
 IFS=$_mlIFS;
 else
 unset IFS;
 fi;
 unset _mlre _mlv _mlrv _mlIFS;
 if [ -n "${_mlshdbg:-}" ]; then
 set -$_mlshdbg;
 fi;
 unset _mlshdbg;
 return $_mlstatus
}
BASH_FUNC_ml()=() {  module ml "$@"
}
_=/usr/bin/printenv
