6997   0.000000 libjli.so->getenv("_JAVA_LAUNCHER_DEBUG") = nil
6997   0.001931 libjli.so->getenv("_JAVA_VERSION_SET") = nil
6997   0.000812 libjli.so->fopen("/usr/lib/jvm/java-1.8.0-openjdk-1.8.0.262.b10-0.el7_8.x86_64/jre/lib/amd64/jvm.cfg", "r") = 0x55fa0cc8e0e0
6997   0.000815 libjli.so->getenv("JDK_ALTERNATE_VM") = nil
6997   0.000306 libjli.so->__xstat(1, "/usr/lib/jvm/java-1.8.0-openjdk-1.8.0.262.b10-0.el7_8.x86_64/jre/lib/amd64/server/libjvm.so", 0x7fff6e11b940) = 0
6997   0.000620 libjli.so->getenv("LD_LIBRARY_PATH") = "/afs/crc.nd.edu/group/ccl/software/x86_64/redhat7/ruby/current/lib:/afs/crc.nd.edu/group/ccl/software/x86_64/redhat7/graphviz/current/lib:/afs/crc.nd.edu/group/ccl/software/x86_64/redhat7/git/current/lib:/afs/crc.nd.edu/group/ccl/software/x86_64/redhat7/condor/current/lib:/afs/crc.nd.edu/group/ccl/software/x86_64/redhat7/clang/current/lib:/afs/crc.nd.edu/group/ccl/software/x86_64/redhat7/condor/current/lib:/afs/crc.nd.edu/group/ccl/software/x86_64/redhat7/cctools/current/lib:/opt/crc/usr/local/lib"
6997   0.002161 libjli.so->dlopen("/usr/lib/jvm/java-1.8.0-openjdk-1.8.0.262.b10-0.el7_8.x86_64/jre/lib/amd64/server/libjvm.so", 258 <unfinished ...>
6997   0.037911 libjvm.so->getenv("NMT_LEVEL_6997") = nil
6997   0.001706 <... dlopen resumed> )           = 0x55fa0cc8e4b0
6997   0.000080 libjli.so->getenv("CLASSPATH")   = nil
6997   0.000307 libjli.so->getenv("_JAVA_SPLASH_JAR") = nil
6997   0.000297 libjli.so->getenv("_JAVA_SPLASH_FILE") = nil
6997   0.000318 libjli.so->pthread_attr_setdetachstate(0x7fff6e11b8f0, 0, 0x7fff6e11b980, 0) = 0
6997   0.000500 libpthread.so.0->__clone(0x2b94a6797de0, 0x2b94a66aafc0, 0x3d0f00, 0x2b94a66ab700) = 6998
6998   0.001887 libjvm.so->dlopen(0x2b94a7f769ae, 1, 0xfffffffffff42c48, 4096) = 0x2b94ac000990
6998   0.003037 libjvm.so->getenv(0x2b94a7f9183e, 0, 115, 0x65737361) = 0x7fff6e121653
6998   0.000482 libjvm.so->fopen(0x2b94a66a9c10, 0x2b94a7f2dccb, 0x6f732e79666972, 0x2b94a706fab0) = 0x2b94ac001440
6998   0.001738 libjvm.so->dlopen(0x2b94a66a9c10, 1, 0xffffffff, 0x2b94ac002b00) = 0x2b94ac001440
6998   0.001748 libjvm.so->fopen(0x2b94a66a9c10, 0x2b94a7f2dccb, 111, 0x732e6176) = 0x2b94ac001b10
6998   0.002162 libjvm.so->dlopen(0x2b94a66a9c10, 1, 0xffffffff, 0x2b94ac001a00) = 0x2b94ac001b10
6998   0.001921 libjvm.so->__xstat(1, 0x2b94a66aa360, 0x2b94a66aaba0, 0x746f7073746f682e) = -1
6998   0.000522 libjvm.so->getenv(0x2b94a7f26541, 0x2b94a66aa6d0, 1024, 0x2b94a83e061b) = 0
6998   0.000490 libjvm.so->getenv(0x2b94a7f26533, 0x2b94a66aa6d0, 1024, 0) = 0
6998   0.000432 libjvm.so->fopen(0x2b94a7f76315, 0x2b94a7f2dccb, 4095, 0xffffd46b580d9b03) = 0x2b94ac0032d0
6998   0.001234 libjvm.so->fopen(0x2b94a7f76361, 0x2b94a7f2dccb, 0x2b94ac000078, 0x2b94ac0032c0) = 0x2b94ac0032d0
6998   0.000808 libjvm.so->fopen(0x2b94a66a49b0, 0x2b94a7f2dccb, 4016, 3997) = 0x2b94ac0032d0
6998   0.000737 libjvm.so->opendir(0x2b94ac002b40, 0x2b94ac002b40, 13, 16) = 0
6998   0.000520 libjvm.so->__xstat(1, 0x2b94a66a98f0, 0x2b94a66a8860, 0x6f732e7477616d62) = -1
6998   0.000477 libjvm.so->__xstat(1, 0x2b94a66a98f0, 0x2b94a66a8860, 0x5f74776162696c2f) = 0
6998   0.000628 libjvm.so->fopen(0x2b94a66a8b90, 0x2b94a7f2dccb, 4011, 3996) = 0x2b94ac0037b0
6998   0.000719 libjvm.so->fopen(0x2b94a66a8b90, 0x2b94a7f2dccb, 4011, 3996) = 0x2b94ac0037b0
6998   0.000713 libjvm.so->fopen(0x2b94a66a8b90, 0x2b94a7f2dccb, 4011, 4004) = 0x2b94ac0037b0
6998   0.000727 libjvm.so->fopen(0x2b94a66a8b20, 0x2b94a7f2dccb, 4011, 3996) = 0x2b94ac0037b0
6998   0.000685 libjvm.so->fopen(0x2b94a66a8b20, 0x2b94a7f2dccb, 4011, 3996) = 0x2b94ac0037b0
6998   0.000721 libjvm.so->fopen(0x2b94a66a8b20, 0x2b94a7f2dccb, 4011, 4004) = 0x2b94ac0037b0
6998   0.000684 libjvm.so->fopen(0x2b94a66a8b50, 0x2b94a7f2dccb, 4016, 3997) = 0x2b94ac0037b0
6998   0.000907 libjvm.so->getenv(0x2b94a7f770ff, 4096, 3, -1) = 0
6998   0.001274 libjvm.so->fopen(0x2b94a7f76998, 0x2b94a7f2dccb, 0x2b94a678e908, 0x2b94a678ddf0) = 0x2b94ac0037b0
6998   0.006497 libjvm.so->open(0x2b94ac04a5a0, 0x20000, 0, 0x2b94ac04a5e9) = 3
6998   0.000517 libjvm.so->__fxstat(1, 3, 0x2b94a66aaa00, -1) = 0
6998   0.000593 libjvm.so->opendir(0x2b94ac04a5a0, 0x2b94a66aaa00, 0x4000, -1) = 0x2b94ac04b4b0
6998   0.000515 libjvm.so->__fxstat(1, 3, 0x2b94a66aa8a0, 0x2b94ac04b4b0) = 0
6998   0.000585 libjvm.so->__fxstat(1, 5, 0x2b94a66aa930, -1) = 0
6998   0.000531 libjvm.so->open(0x2b94a7f449dc, 0, 0, 0) = 3
6998   0.000792 libjvm.so->__lxstat(1, 0x2b94ac04a5a0, 0x2b94a66aab50, -144) = 0
6998   0.000910 libjvm.so->open(0x2b94ac04a5a0, 0x20000, 0x4000, -1) = 3
6998   0.000498 libjvm.so->__fxstat(1, 3, 0x2b94a66aaa00, -1) = 0
6998   0.000489 libjvm.so->opendir(0x2b94ac04a5a0, 0x2b94a66aaa00, 0x4000, -1) = 0x2b94ac04b4b0
6998   0.000472 libjvm.so->__fxstat(1, 3, 0x2b94a66aa8a0, 0x2b94ac04b4b0) = 0
6998   0.000467 libjvm.so->__fxstat(1, 5, 0x2b94a66aa930, -1) = 0
6998   0.000615 libjvm.so->open(0x2b94a7f449dc, 0, 0, 0) = 3
6998   0.000491 libjvm.so->open(0x2b94ac04a5e9, 0x20042, 384, -1) = 7
6998   0.000801 libjvm.so->__fxstat(1, 7, 0x2b94a66aab50, -1) = 0
6998   0.001990 libjvm.so->fopen(0x2b94a66a9b60, 0x2b94a7f2dccb, 4, 0x6f732e70) = 0x2b94ac057c00
6998   0.001851 libjvm.so->dlopen(0x2b94a66a9b60, 1, 0xffffffff, 0x2b94ac057b00) = 0x2b94ac057c00
6998   0.001652 libjvm.so->__xstat(1, 0x2b94a66aa120, 0x2b94a66aa950, 2048) = 0
6998   0.000544 libjvm.so->__xstat(1, 0x2b94a66aa120, 0x2b94a66aa950, 2048) = 0
6998   0.000497 libjvm.so->__xstat(1, 0x2b94a66aa120, 0x2b94a66aa950, 2048) = -1
6998   0.000484 libjvm.so->__xstat(1, 0x2b94a66aa120, 0x2b94a66aa950, 2048) = 0
6998   0.000500 libjvm.so->__xstat(1, 0x2b94a66aa120, 0x2b94a66aa950, 2048) = 0
6998   0.000483 libjvm.so->__xstat(1, 0x2b94a66aa120, 0x2b94a66aa950, 2048) = 0
6998   0.000462 libjvm.so->__xstat(1, 0x2b94a66aa120, 0x2b94a66aa950, 2048) = 0
6998   0.000501 libjvm.so->__xstat(1, 0x2b94a66aa120, 0x2b94a66aa950, 2048) = -1
6998   0.000520 libjvm.so->fopen(0x2b94ac002520, 0x2b94a7f2dccb, 0, 0) = 0x2b94ac058aa0
6998   0.009811 libjvm.so->open64(0x2b94a66a9410, 0, 0, 16) = 3
6998   0.000640 libjvm.so->__fxstat64(1, 3, 0x2b94a66a9240, -1) = 0
6998   0.043716 libjvm.so->__xstat(1, 0x2b94a66a9f20, 0x2b94a66aa750, 2048) = -1
6998   0.000741 libjvm.so->fopen(0x2b94a66a8b20, 0x2b94a7f2dccb, 4011, 3996) = 0x2b94ac0b1fb0
6998   0.001234 libjvm.so->fopen(0x2b94a66a8b20, 0x2b94a7f2dccb, 4011, 3996) = 0x2b94ac0b1fb0
6998   0.000826 libjvm.so->fopen(0x2b94a66a8b20, 0x2b94a7f2dccb, 4011, 4004) = 0x2b94ac0b1fb0
6998   0.006119 libjvm.so->pthread_attr_setdetachstate(0x2b94a66aac00, 1, 0, 0) = 0
6998   0.000641 libpthread.so.0->__clone(0x2b94a6797de0, 0x2b94bf0fffc0, 0x3d0f00, 0x2b94bf100700) = 6999
6998   0.017669 libjvm.so->pthread_attr_setdetachstate(0x2b94a66aa290, 1, 0, 0) = 0
6998   0.000733 libpthread.so.0->__clone(0x2b94a6797de0, 0x2b94bf200fc0, 0x3d0f00, 0x2b94bf201700) = 7000
6998   0.007711 libjvm.so->pthread_attr_setdetachstate(0x2b94a66aa610, 1, 0, 0) = 0
6998   0.000810 libpthread.so.0->__clone(0x2b94a6797de0, 0x2b94bf301fc0, 0x3d0f00, 0x2b94bf302700) = 7001
6998   0.048213 libjvm.so->fopen(0x2b94ac0f17f0, 0x2b94a7f2dccb, 4, 0x6f732e70) = 0x2b94ac0f1cf0
6998   0.002913 libjvm.so->dlopen(0x2b94ac0f17f0, 1, 0xffffffff, 0x2b94ac0e8c00) = 0x2b94ac057c00
6998   0.005986 libjvm.so->open64(0x2b94a66a9510, 0, 0, 16) = 5
6998   0.001150 libjvm.so->__fxstat64(1, 5, 0x2b94a66a9340, -1) = 0
6998   0.020506 libjvm.so->fopen(0x2b94a66a6130, 0x2b94a7f2dccb, 4011, 3996) = 0x2b94ac0fccc0
6998   0.001352 libjvm.so->fopen(0x2b94a66a6130, 0x2b94a7f2dccb, 4011, 3996) = 0x2b94ac0fccc0
6998   0.001222 libjvm.so->fopen(0x2b94a66a6130, 0x2b94a7f2dccb, 4011, 4004) = 0x2b94ac0fccc0
6998   0.015590 libjvm.so->pthread_attr_setdetachstate(0x2b94a66aab50, 1, 0, 0) = 0
6998   0.000992 libpthread.so.0->__clone(0x2b94a6797de0, 0x2b94bf402fc0, 0x3d0f00, 0x2b94bf403700) = 7002
6998   0.001664 libjvm.so->__xstat64(1, 0x2b94a66aabe0, 0x2b94a66aab50, 18) = -1
6998   0.001186 libjvm.so->pthread_attr_setdetachstate(0x2b94a66aa950, 1, 0, 0) = 0
6998   0.001180 libpthread.so.0->__clone(0x2b94a6797de0, 0x2b94bf503fc0, 0x3d0f00, 0x2b94bf504700) = 7003
6998   0.001724 libjvm.so->pthread_attr_setdetachstate(0x2b94a66aa950, 1, 0, 0) = 0
6998   0.001334 libpthread.so.0->__clone(0x2b94a6797de0, 0x2b94bf604fc0, 0x3d0f00, 0x2b94bf605700) = 7004
6998   0.009350 libjvm.so->pthread_attr_setdetachstate(0x2b94a66aaaa0, 1, 0, 0) = 0
6998   0.001361 libpthread.so.0->__clone(0x2b94a6797de0, 0x2b94bf705fc0, 0x3d0f00, 0x2b94bf706700) = 7005
6998   0.002214 libjvm.so->pthread_attr_setdetachstate(0x2b94a66aabb0, 1, 0, 0) = 0
6998   0.002030 libpthread.so.0->__clone(0x2b94a6797de0, 0x2b94bf806fc0, 0x3d0f00, 0x2b94bf807700) = 7006
6998   0.014875 libjvm.so->open64(0x2b94ac128890, 0, 0, 16) = 7
6998   0.001825 libjvm.so->__fxstat64(1, 7, 0x2b94a66a7f60, -1) = 0
6998   0.025918 libjvm.so->fopen(0x2b94ac1545e0, 0x2b94a7f2dccb, 4, 0x6f732e6f) = 0x2b94ac1546a0
6998   0.005125 libjvm.so->dlopen(0x2b94ac1545e0, 1, 0xffffffff, 0x2b94ac154600) = 0x2b94ac1546a0
6998   0.104447 libjvm.so->fopen(0x2b94a66a4e40, 0x2b94a7f2dccb, 0x6f732e, 0x6d766a62696c2f72) = 0x2b94ac169f10
6998   0.006274 libjvm.so->dlopen(0x2b94a66a4e40, 1, 0xffffffff, 0x2b94ac169e00) = 0x55fa0cc8e4b0
6998   0.001685 libjvm.so->fopen(0x2b94a66a4e40, 0x2b94a7f2dccb, 0x6f732e, 0x6d766a62696c2f72) = 0x2b94ac16a310
6998   0.005192 libjvm.so->dlopen(0x2b94a66a4e40, 1, 0xffffffff, 0x2b94ac169e00) = 0x55fa0cc8e4b0
6998   0.001676 libjvm.so->fopen(0x2b94a66a4e40, 0x2b94a7f2dccb, 0x6f732e, 0x6d766a62696c2f72) = 0x2b94ac169f10
6998   0.003938 libjvm.so->dlopen(0x2b94a66a4e40, 1, 0xffffffff, 0x2b94ac169e00) = 0x55fa0cc8e4b0
6998   0.001674 libjvm.so->fopen(0x2b94a66a4e40, 0x2b94a7f2dccb, 0x6f732e, 0x6d766a62696c2f72) = 0x2b94ac169f10
6998   0.007211 libjvm.so->dlopen(0x2b94a66a4e40, 1, 0xffffffff, 0x2b94ac169e00) = 0x55fa0cc8e4b0
6998   0.050214 libjvm.so->fopen(0x2b94ac19f4f0, 0x2b94a7f2dccb, 4, 0x6f732e74) = 0x2b94ac1ad380
6998   0.003560 libjvm.so->dlopen(0x2b94ac19f4f0, 1, 0xffffffff, 0x2b94ac195600) = 0x2b94ac1ad380
6998   0.138656 libjvm.so->fopen(0x2b94ac228600, 0x2b94a7f2dccb, 0x6f732e7373656c, 0x656c646165685f74) = 0x2b94ac2286e0
6998   0.002701 libjvm.so->dlopen(0x2b94ac228600, 1, 0xffffffff, 0x2b94ac228600) = 0x2b94ac2286e0
7003   1.482873 --- SIGSEGV (Segmentation fault) ---
6998   2.161073 --- SIGSEGV (Segmentation fault) ---
6998   0.833222 --- SIGSEGV (Segmentation fault) ---
6998   0.000709 --- SIGSEGV (Segmentation fault) ---
6998   0.000731 --- SIGSEGV (Segmentation fault) ---
6998   0.938125 --- SIGSEGV (Segmentation fault) ---
6998   0.000863 --- SIGSEGV (Segmentation fault) ---
6998   1.007705 --- SIGSEGV (Segmentation fault) ---
6998   0.001068 --- SIGSEGV (Segmentation fault) ---
6998   0.854477 --- SIGSEGV (Segmentation fault) ---
6998   0.004020 --- SIGSEGV (Segmentation fault) ---
6998   0.000861 --- SIGSEGV (Segmentation fault) ---
6998   0.938678 --- SIGSEGV (Segmentation fault) ---
6998   0.000926 --- SIGSEGV (Segmentation fault) ---
6998   0.001066 --- SIGSEGV (Segmentation fault) ---
6998   0.671804 --- SIGSEGV (Segmentation fault) ---
6998   0.856722 --- SIGSEGV (Segmentation fault) ---
6998   0.000778 --- SIGSEGV (Segmentation fault) ---
6998   0.000620 --- SIGSEGV (Segmentation fault) ---
6998   0.897838 --- SIGSEGV (Segmentation fault) ---
6998   0.995531 --- SIGSEGV (Segmentation fault) ---
6998   0.000826 --- SIGSEGV (Segmentation fault) ---
6998   0.000754 --- SIGSEGV (Segmentation fault) ---
6998   1.626208 --- SIGSEGV (Segmentation fault) ---
6998   0.000648 --- SIGSEGV (Segmentation fault) ---
6998   0.984120 --- SIGSEGV (Segmentation fault) ---
6998   0.000829 --- SIGSEGV (Segmentation fault) ---
6998   0.970563 --- SIGSEGV (Segmentation fault) ---
6998   0.000582 --- SIGSEGV (Segmentation fault) ---
6998   0.001263 --- SIGSEGV (Segmentation fault) ---
6998   0.673284 --- SIGSEGV (Segmentation fault) ---
6998   0.000792 --- SIGSEGV (Segmentation fault) ---
6998   0.000369 --- SIGSEGV (Segmentation fault) ---
6998   1.063667 --- SIGSEGV (Segmentation fault) ---
6998   0.902816 --- SIGSEGV (Segmentation fault) ---
6998   0.917361 --- SIGSEGV (Segmentation fault) ---
6998   1.156640 libjvm.so->fopen(0x2b94a66a80e0, 0x2b94a7f2dccb, 111, 0x732e6176) = 0x2b94ac20d1c0
6998   0.003385 libjvm.so->dlopen(0x2b94a66a80e0, 1, 0xffffffff, 0x2b94ac246e00) = 0x2b94ac001b10
6998   0.001703 libjvm.so->fopen(0x2b94a66a80e0, 0x2b94a7f2dccb, 111, 0x732e6176) = 0x2b94ac20d1c0
6998   0.002748 libjvm.so->dlopen(0x2b94a66a80e0, 1, 0xffffffff, 0x2b94ac246e00) = 0x2b94ac001b10
6998   0.001636 libjvm.so->fopen(0x2b94a66a80e0, 0x2b94a7f2dccb, 111, 0x732e6176) = 0x2b94ac20d1c0
6998   0.002803 libjvm.so->dlopen(0x2b94a66a80e0, 1, 0xffffffff, 0x2b94ac246e00) = 0x2b94ac001b10
6998   0.001693 libjvm.so->fopen(0x2b94a66a80e0, 0x2b94a7f2dccb, 111, 0x732e6176) = 0x2b94ac20d1c0
6998   0.002845 libjvm.so->dlopen(0x2b94a66a80e0, 1, 0xffffffff, 0x2b94ac246e00) = 0x2b94ac001b10
6998   0.017235 libjvm.so->fopen(0x2b94a66a7e40, 0x2b94a7f2dccb, 111, 0x732e6176) = 0x2b94ac21e0d0
6998   0.003147 libjvm.so->dlopen(0x2b94a66a7e40, 1, 0xffffffff, 0x2b94ac22a700) = 0x2b94ac001b10
6998   0.001646 libjvm.so->fopen(0x2b94a66a7e40, 0x2b94a7f2dccb, 111, 0x732e6176) = 0x2b94ac21e0d0
6998   0.002745 libjvm.so->dlopen(0x2b94a66a7e40, 1, 0xffffffff, 0x2b94ac22a700) = 0x2b94ac001b10
6998   0.001602 libjvm.so->fopen(0x2b94a66a7e40, 0x2b94a7f2dccb, 111, 0x732e6176) = 0x2b94ac21e0d0
6998   0.002698 libjvm.so->dlopen(0x2b94a66a7e40, 1, 0xffffffff, 0x2b94ac22a700) = 0x2b94ac001b10
6998   0.001634 libjvm.so->fopen(0x2b94a66a7e40, 0x2b94a7f2dccb, 111, 0x732e6176) = 0x2b94ac21e0d0
6998   0.002895 libjvm.so->dlopen(0x2b94a66a7e40, 1, 0xffffffff, 0x2b94ac22a700) = 0x2b94ac001b10
6998   0.166769 --- SIGSEGV (Segmentation fault) ---
6998   1.316218 --- SIGSEGV (Segmentation fault) ---
6998   1.000720 --- SIGSEGV (Segmentation fault) ---
7006   4.267229 +++ exited (status 0) +++
7002   0.000312 --- SIGSEGV (Segmentation fault) ---
6999   0.000283 +++ exited (status 0) +++
6998   0.000318 +++ exited (status 0) +++
7003   0.000548 +++ exited (status 0) +++
7002   0.000046 +++ exited (status 0) +++
7004   0.000018 +++ exited (status 0) +++
7001   0.000016 +++ exited (status 0) +++
7000   0.000015 +++ exited (status 0) +++
7005   0.026267 +++ exited (status 0) +++
6997   0.000129 +++ exited (status 0) +++
Wrote an ltrace for command: "java -cp ./tools/maxent.jar density.Project outputs/Phumosia_wittei_Zumpt/Phumosia_wittei_Zumpt.lambdas data/layers/worldclim outputs/Phumosia_wittei_Zumpt_worldclim.asc nowarnings nocache autorun -z" with PID 6995 from PPID 6979 on disc25.crc.nd.edu with result 0
REMOTEHOST=10.17.145.58
_CONDOR_JOB_PIDS=
MANPATH=/afs/crc.nd.edu/user/n/nkremerh/cctools/share/man/:/afs/crc.nd.edu/group/ccl/software/x86_64/redhat7/ruby/current/share/man:/afs/crc.nd.edu/group/ccl/software/x86_64/redhat7/graphviz/current/share/man:/afs/crc.nd.edu/group/ccl/software/x86_64/redhat7/gnuplot/current/share/man:/afs/crc.nd.edu/group/ccl/software/x86_64/redhat7/git/current/share/man:/afs/crc.nd.edu/group/ccl/software/x86_64/redhat7/condor/current/share/man:/afs/crc.nd.edu/group/ccl/software/x86_64/redhat7/clang/current/share/man:/afs/crc.nd.edu/group/ccl/software/x86_64/redhat7/condor/current/share/man:/afs/crc.nd.edu/group/ccl/software/x86_64/redhat7/cctools/current/share/man:/afs/crc.nd.edu/group/ccl/software/x86_64/redhat7/cctools/current/share/man:/afs/crc.nd.edu/x86_64_linux/Modules/4.5.0/share/man:/opt/crc/usr/local/man:/opt/sge/man:/usr/share/man/overrides:/usr/share/man:/usr/local/share/man
XDG_SESSION_ID=3301
HOSTNAME=disc01.crc.nd.edu
_LMFILES__modshare=/afs/crc.nd.edu/x86_64_linux/Modules/modules/system_modules/CRC_default/1.1:1
MODULEPATH_modshare=/afs/crc.nd.edu/x86_64_linux/Modules/modules/general_software:1:/afs/crc.nd.edu/x86_64_linux/Modules/modules/development_tools_and_libraries:1:/afs/crc.nd.edu/x86_64_linux/Modules/modules/system_modules:1:/afs/crc.nd.edu/x86_64_linux/Modules/current/modulefiles:1:/afs/crc.nd.edu/x86_64_linux/Modules/modules/restricted_software:1:/afs/crc.nd.edu/x86_64_linux/Modules/modules/deprecated_software:1
MODULES_CMD=/afs/crc.nd.edu/x86_64_linux/Modules/4.5.0/libexec/modulecmd.tcl
HOST=disc01.crc.nd.edu
SHELL=/bin/tcsh
TERM=xterm-256color
MAKEFLAGS=
HISTSIZE=5000
TMPDIR=/var/condor/execute/dir_3431/worker-213124-3484/t.1521/cctools-temp-t.1521.ZkbGb1
SSH_CLIENT=10.17.145.58 38176 22
PERL5LIB=/afs/crc.nd.edu/user/n/nkremerh/cctools/lib/perl5/site_perl/5.16.3:/afs/crc.nd.edu/user/n/nkremerh/.perl5/lib/perl5
SGE_CELL=crc
_CONDOR_SCRATCH_DIR=/var/condor/execute/dir_3431
PERL_MB_OPT=--install_base '/afs/crc.nd.edu/user/n/nkremerh/.perl5/'
SSH_TTY=/dev/pts/0
SGE_LOAD_AVG=load_avg
MAKEFLOW_MAX_LOCAL_JOBS=2
HISTFILESIZE=10000
_CHIRP_DELAYED_UPDATE_PREFIX=Chirp*
USER=nkremerh
GROUP=campus
LD_LIBRARY_PATH=/afs/crc.nd.edu/group/ccl/software/x86_64/redhat7/ruby/current/lib:/afs/crc.nd.edu/group/ccl/software/x86_64/redhat7/graphviz/current/lib:/afs/crc.nd.edu/group/ccl/software/x86_64/redhat7/git/current/lib:/afs/crc.nd.edu/group/ccl/software/x86_64/redhat7/condor/current/lib:/afs/crc.nd.edu/group/ccl/software/x86_64/redhat7/clang/current/lib:/afs/crc.nd.edu/group/ccl/software/x86_64/redhat7/condor/current/lib:/afs/crc.nd.edu/group/ccl/software/x86_64/redhat7/cctools/current/lib:/opt/crc/usr/local/lib
TEMP=/var/condor/execute/dir_3431/worker-213124-3484/t.1521/cctools-temp-t.1521.ZkbGb1
BATCH_SYSTEM=HTCondor
WORKER_TMPDIR=/var/condor/execute/dir_3431/worker-213124-3484/cache/tmp
ENV=/afs/crc.nd.edu/x86_64_linux/Modules/4.5.0/init/profile.sh
MODULES_LMALTNAME=CRC_default/1.1&CRC_default/default&CRC_default
_CONDOR_CHIRP_CONFIG=/var/condor/execute/dir_3431/.chirp.config
GLOBUS_GSSAPI_MAX_TLS_PROTOCOL=0
_CONDOR_HIGHPORT=9999
HOSTTYPE=x86_64-linux
MAKELEVEL=1
MFLAGS=
CCLSOFTWARE=/afs/crc.nd.edu/group/ccl/software/x86_64/redhat7
PATH=/afs/crc.nd.edu/user/n/nkremerh/cctools/bin:/afs/crc.nd.edu/user/n/nkremerh/miniconda/bin:/afs/crc.nd.edu/group/ccl/software/git:/afs/crc.nd.edu/user/n/nkremerh/.local/bin:/afs/crc.nd.edu/group/ccl/software/x86_64/redhat7/povray/3.7/bin:/afs/crc.nd.edu/user/n/nkremerh/.perl5/bin:/afs/crc.nd.edu/user/n/nkremerh/pegasus/bin:/afs/crc.nd.edu/user/n/nkremerh/nodejs/bin:/afs/crc.nd.edu/user/n/nkremerh/montage/bin:/afs/crc.nd.edu/user/n/nkremerh/latexdiff:/afs/crc.nd.edu/user/n/nkremerh/envtrace:/afs/crc.nd.edu/user/n/nkremerh/endlines:/afs/crc.nd.edu/user/n/nkremerh/cctools/bin:/afs/crc.nd.edu/user/n/nkremerh/.cargo/bin:/afs/crc.nd.edu/group/ccl/software/x86_64/redhat7/ruby/current/bin:/afs/crc.nd.edu/group/ccl/software/x86_64/redhat7/graphviz/current/bin:/afs/crc.nd.edu/group/ccl/software/x86_64/redhat7/gnuplot/current/bin:/afs/crc.nd.edu/group/ccl/software/x86_64/redhat7/git/current/bin:/afs/crc.nd.edu/group/ccl/software/x86_64/redhat7/condor/current/sbin:/afs/crc.nd.edu/group/ccl/software/x86_64/redhat7/condor/current/bin:/afs/crc.nd.edu/group/ccl/software/x86_64/redhat7/cmake/current/bin:/afs/crc.nd.edu/group/ccl/software/x86_64/redhat7/clang/current/bin:/afs/crc.nd.edu/group/ccl/software/x86_64/redhat7/condor/current/sbin:/afs/crc.nd.edu/group/ccl/software/x86_64/redhat7/condor/current/bin:/afs/crc.nd.edu/group/ccl/software/x86_64/redhat7/cctools/current/bin:/afs/crc.nd.edu/x86_64_linux/Modules/4.5.0/bin:/opt/crc/usr/local/bin:/opt/sge/bin/lx-amd64:/usr/local/bin:/usr/bin:/usr/local/sbin:/usr/sbin:/afs/crc.nd.edu/user/c/condor/software/bin:/afs/crc.nd.edu/user/c/condor/software/sbin
MAIL=/var/spool/mail/nkremerh
PWD=/var/condor/execute/dir_3431/worker-213124-3484/t.1521
_LMFILES_=/afs/crc.nd.edu/x86_64_linux/Modules/modules/system_modules/CRC_default/1.1
SGE_EXECD_PORT=6445
EDITOR=vim
LANG=en_US.UTF-8
MODULEPATH=/afs/crc.nd.edu/x86_64_linux/Modules/modules/development_tools_and_libraries:/afs/crc.nd.edu/x86_64_linux/Modules/modules/general_software:/afs/crc.nd.edu/x86_64_linux/Modules/modules/restricted_software:/afs/crc.nd.edu/x86_64_linux/Modules/modules/system_modules:/afs/crc.nd.edu/x86_64_linux/Modules/modules/deprecated_software:/afs/crc.nd.edu/x86_64_linux/Modules/current/modulefiles
SGE_QMASTER_PORT=6444
SGE_ROOT=/opt/sge
LOADEDMODULES=CRC_default/1.1
WORK_QUEUE_SANDBOX=/var/condor/execute/dir_3431/worker-213124-3484
_CONDOR_SLOT=slot1
CCLPLATFORM=x86_64/redhat7
USE_SYSTEMD=true
_CONDOR_ANCESTOR_4261=3431:1594946670:4145456536
_CONDOR_LOWPORT=9100
KRB5CCNAME=FILE:/tmp/krb5cc_213124_0wTNSp
HISTCONTROL=ignoreboth:erasedups
PATH_modshare=/opt/crc/usr/local/bin:1:/opt/sge/bin/lx-amd64:1:/usr/sbin:1:/usr/bin:1:/afs/crc.nd.edu/user/c/condor/software/sbin:1:/usr/local/sbin:1:/afs/crc.nd.edu/user/c/condor/software/bin:1:/usr/local/bin:1
SHLVL=7
HOME=/afs/crc.nd.edu/user/n/nkremerh
GLOBUS_GSSAPI_NAME_COMPATIBILITY=STRICT_RFC2818
_CONDOR_ANCESTOR_3989=4261:1593343483:4184216969
_CONDOR_MACHINE_AD=/var/condor/execute/dir_3431/.machine.ad
OSTYPE=linux
DISK=916727
GREP_OPTIONS=--color=auto
GLOBUS_GSSAPI_MIN_TLS_PROTOCOL=TLS1_VERSION
MEMORY=15899
MANPATH_modshare=/usr/share/man/overrides:1:/usr/local/share/man:1:/usr/share/man:1:/opt/crc/usr/local/man:1:/opt/sge/man:1
VENDOR=unknown
BASH_ENV=/afs/crc.nd.edu/x86_64_linux/Modules/4.5.0/init/bash
PERL_LOCAL_LIB_ROOT=/afs/crc.nd.edu/user/n/nkremerh/.perl5/
PYTHONPATH=/afs/crc.nd.edu/user/n/nkremerh/cctools/lib/python3.6/site-packages/
CCLHOME=/afs/crc.nd.edu/group/ccl
MACHTYPE=x86_64
LOGNAME=nkremerh
TMP=/var/condor/execute/dir_3431/worker-213124-3484/t.1521/cctools-temp-t.1521.ZkbGb1
LD_LIBRARY_PATH_modshare=/opt/crc/usr/local/lib:1
MODULES_LMALTNAME_modshare=CRC_default/1.1&CRC_default/default&CRC_default:1
SSH_CONNECTION=10.17.145.58 38176 129.74.128.103 22
_CONDOR_ANCESTOR_3431=3448:1594946671:2687029234
MODULESHOME=/afs/crc.nd.edu/x86_64_linux/Modules/4.5.0
OMP_NUM_THREADS=1
LESSOPEN=||/usr/bin/lesspipe.sh %s
GLOBUS_GSSAPI_BACKWARD_COMPATIBLE_MIC=true
GLOBUS_GSSAPI_CIPHERS=HIGH
LOADEDMODULES_modshare=CRC_default/1.1:1
_CONDOR_JOB_AD=/var/condor/execute/dir_3431/.job.ad
SGE_CLUSTER_NAME=CRC
XDG_RUNTIME_DIR=/run/user/213124
CCTOOLS=../cctools
CORES=4
_CONDOR_JOB_IWD=/var/condor/execute/dir_3431
PERL_MM_OPT=INSTALL_BASE=/afs/crc.nd.edu/user/n/nkremerh/.perl5/
GLOBUS_GSSAPI_SERVER_CIPHER_ORDER=true
BASH_FUNC_module()=() {  unset _mlshdbg;
 if [ "${MODULES_SILENT_SHELL_DEBUG:-0}" = '1' ]; then
 case "$-" in 
 *v*x*)
 set +vx;
 _mlshdbg='vx'
 ;;
 *v*)
 set +v;
 _mlshdbg='v'
 ;;
 *x*)
 set +x;
 _mlshdbg='x'
 ;;
 *)
 _mlshdbg=''
 ;;
 esac;
 fi;
 unset _mlre _mlIFS;
 if [ -n "${IFS+x}" ]; then
 _mlIFS=$IFS;
 fi;
 IFS=' ';
 for _mlv in ${MODULES_RUN_QUARANTINE:-};
 do
 if [ "${_mlv}" = "${_mlv##*[!A-Za-z0-9_]}" -a "${_mlv}" = "${_mlv#[0-9]}" ]; then
 if [ -n "`eval 'echo ${'$_mlv'+x}'`" ]; then
 _mlre="${_mlre:-}${_mlv}_modquar='`eval 'echo ${'$_mlv'}'`' ";
 fi;
 _mlrv="MODULES_RUNENV_${_mlv}";
 _mlre="${_mlre:-}${_mlv}='`eval 'echo ${'$_mlrv':-}'`' ";
 fi;
 done;
 if [ -n "${_mlre:-}" ]; then
 eval `eval ${_mlre}/usr/bin/tclsh /afs/crc.nd.edu/x86_64_linux/Modules/4.5.0/libexec/modulecmd.tcl bash '"$@"'`;
 else
 eval `/usr/bin/tclsh /afs/crc.nd.edu/x86_64_linux/Modules/4.5.0/libexec/modulecmd.tcl bash "$@"`;
 fi;
 _mlstatus=$?;
 if [ -n "${_mlIFS+x}" ]; then
 IFS=$_mlIFS;
 else
 unset IFS;
 fi;
 unset _mlre _mlv _mlrv _mlIFS;
 if [ -n "${_mlshdbg:-}" ]; then
 set -$_mlshdbg;
 fi;
 unset _mlshdbg;
 return $_mlstatus
}
BASH_FUNC_ml()=() {  module ml "$@"
}
_=/usr/bin/printenv
