16380   0.000000 libjli.so->getenv("_JAVA_LAUNCHER_DEBUG") = nil
16380   0.001845 libjli.so->getenv("_JAVA_VERSION_SET") = nil
16380   0.000778 libjli.so->fopen("/usr/lib/jvm/java-1.8.0-openjdk-1.8.0.252.b09-2.el7_8.x86_64/jre/lib/amd64/jvm.cfg", "r") = 0x559f059b80f0
16380   0.000779 libjli.so->getenv("JDK_ALTERNATE_VM") = nil
16380   0.000320 libjli.so->__xstat(1, "/usr/lib/jvm/java-1.8.0-openjdk-1.8.0.252.b09-2.el7_8.x86_64/jre/lib/amd64/server/libjvm.so", 0x7ffd914f89a0) = 0
16380   0.000564 libjli.so->getenv("LD_LIBRARY_PATH") = "/afs/crc.nd.edu/group/ccl/software/x86_64/redhat7/ruby/current/lib:/afs/crc.nd.edu/group/ccl/software/x86_64/redhat7/graphviz/current/lib:/afs/crc.nd.edu/group/ccl/software/x86_64/redhat7/git/current/lib:/afs/crc.nd.edu/group/ccl/software/x86_64/redhat7/condor/current/lib:/afs/crc.nd.edu/group/ccl/software/x86_64/redhat7/clang/current/lib:/afs/crc.nd.edu/group/ccl/software/x86_64/redhat7/condor/current/lib:/afs/crc.nd.edu/group/ccl/software/x86_64/redhat7/cctools/current/lib:/opt/crc/usr/local/lib"
16380   0.002078 libjli.so->dlopen("/usr/lib/jvm/java-1.8.0-openjdk-1.8.0.252.b09-2.el7_8.x86_64/jre/lib/amd64/server/libjvm.so", 258 <unfinished ...>
16380   0.036721 libjvm.so->getenv("NMT_LEVEL_16380") = nil
16380   0.002083 <... dlopen resumed> )          = 0x559f059b84c0
16380   0.000098 libjli.so->getenv("CLASSPATH")  = nil
16380   0.000421 libjli.so->getenv("_JAVA_SPLASH_JAR") = nil
16380   0.000383 libjli.so->getenv("_JAVA_SPLASH_FILE") = nil
16380   0.000342 libjli.so->pthread_attr_setdetachstate(0x7ffd914f8950, 0, 0x7ffd914f89e0, 0) = 0
16380   0.000609 libpthread.so.0->__clone(0x2ac08006fde0, 0x2ac07ff82fc0, 0x3d0f00, 0x2ac07ff83700) = 0x3ffd
16381   0.001450 libjvm.so->dlopen(0x2ac0817cf52e, 1, 0xfffffffffff42c48, 4096) = 0x2ac084000990
16381   0.002639 libjvm.so->getenv(0x2ac0817ea2c0, 0, 115, 0x65737361) = 0x7ffd914ff6cd
16381   0.000493 libjvm.so->fopen(0x2ac07ff81be0, 0x2ac0817899ab, 0x6f732e79666972, 0x2ac080947ab0) = 0x2ac084001440
16381   0.001566 libjvm.so->dlopen(0x2ac07ff81be0, 1, 0xffffffff, 0x2ac084002b00) = 0x2ac084001440
16381   0.001503 libjvm.so->fopen(0x2ac07ff81be0, 0x2ac0817899ab, 111, 0x732e6176) = 0x2ac084001b10
16381   0.001843 libjvm.so->dlopen(0x2ac07ff81be0, 1, 0xffffffff, 0x2ac084001a00) = 0x2ac084001b10
16381   0.001712 libjvm.so->__xstat(1, 0x2ac07ff82330, 0x2ac07ff82b70, 0x637274) = -1
16381   0.000504 libjvm.so->getenv(0x2ac081782226, 0x2ac07ff826a0, 1024, 0x2ac081c265db) = 0
16381   0.000470 libjvm.so->getenv(0x2ac081782218, 0x2ac07ff826a0, 1024, 0) = 0
16381   0.000536 libjvm.so->fopen(0x2ac0817cee95, 0x2ac0817899ab, 4095, 24) = 0x2ac0840032b0
16381   0.001187 libjvm.so->fopen(0x2ac0817ceee1, 0x2ac0817899ab, 0x2ac084000078, 0x2ac0840032a0) = 0x2ac0840032b0
16381   0.000776 libjvm.so->fopen(0x2ac07ff7c980, 0x2ac0817899ab, 4016, 3997) = 0x2ac0840032b0
16381   0.000896 libjvm.so->opendir(0x2ac084002b40, 0x2ac084002b40, 13, 16) = 0
16381   0.000512 libjvm.so->__xstat(1, 0x2ac07ff818c0, 0x2ac07ff80830, 0x6f732e7477616d62) = -1
16381   0.000463 libjvm.so->__xstat(1, 0x2ac07ff818c0, 0x2ac07ff80830, 0x5f74776162696c2f) = 0
16381   0.000532 libjvm.so->fopen(0x2ac07ff80b60, 0x2ac0817899ab, 4011, 3996) = 0x2ac084003790
16381   0.000603 libjvm.so->fopen(0x2ac07ff80b60, 0x2ac0817899ab, 4011, 3996) = 0x2ac084003790
16381   0.000584 libjvm.so->fopen(0x2ac07ff80b60, 0x2ac0817899ab, 4011, 4004) = 0x2ac084003790
16381   0.000626 libjvm.so->fopen(0x2ac07ff80af0, 0x2ac0817899ab, 4011, 3996) = 0x2ac084003790
16381   0.000580 libjvm.so->fopen(0x2ac07ff80af0, 0x2ac0817899ab, 4011, 3996) = 0x2ac084003790
16381   0.000594 libjvm.so->fopen(0x2ac07ff80af0, 0x2ac0817899ab, 4011, 4004) = 0x2ac084003790
16381   0.000610 libjvm.so->fopen(0x2ac07ff80b20, 0x2ac0817899ab, 4016, 3997) = 0x2ac084003790
16381   0.000762 libjvm.so->getenv(0x2ac0817cfc5e, 4096, 3, -1) = 0
16381   0.000922 libjvm.so->fopen(0x2ac0817cf518, 0x2ac0817899ab, 0x2ac080066908, 0x2ac080065df0) = 0x2ac084003790
16381   0.004939 libjvm.so->open(0x2ac08404a580, 0x20000, 0, 0x2ac08404a5c9) = 3
16381   0.000510 libjvm.so->__fxstat(1, 3, 0x2ac07ff829d0, -1) = 0
16381   0.000486 libjvm.so->opendir(0x2ac08404a580, 0x2ac07ff829d0, 0x4000, -1) = 0x2ac08404b490
16381   0.000604 libjvm.so->__fxstat(1, 3, 0x2ac07ff82870, 0x2ac08404b490) = 0
16381   0.000452 libjvm.so->__fxstat(1, 5, 0x2ac07ff82900, -1) = 0
16381   0.000591 libjvm.so->open(0x2ac0817a085c, 0, 0, 0) = 3
16381   0.000667 libjvm.so->__lxstat(1, 0x2ac08404a580, 0x2ac07ff82b20, -144) = 0
16381   0.000478 libjvm.so->open(0x2ac08404a580, 0x20000, 0x4000, -1) = 3
16381   0.000429 libjvm.so->__fxstat(1, 3, 0x2ac07ff829d0, -1) = 0
16381   0.000444 libjvm.so->opendir(0x2ac08404a580, 0x2ac07ff829d0, 0x4000, -1) = 0x2ac08404b490
16381   0.000417 libjvm.so->__fxstat(1, 3, 0x2ac07ff82870, 0x2ac08404b490) = 0
16381   0.000469 libjvm.so->__fxstat(1, 5, 0x2ac07ff82900, -1) = 0
16381   0.000445 libjvm.so->open(0x2ac0817a085c, 0, 0, 0) = 3
16381   0.000464 libjvm.so->open(0x2ac08404a5c9, 0x20042, 384, -1) = 7
16381   0.000615 libjvm.so->__fxstat(1, 7, 0x2ac07ff82b20, -1) = 0
16381   0.001665 libjvm.so->fopen(0x2ac07ff81b30, 0x2ac0817899ab, 4, 0x6f732e70) = 0x2ac084057b70
16381   0.001410 libjvm.so->dlopen(0x2ac07ff81b30, 1, 0xffffffff, 0x2ac084057b00) = 0x2ac084057b70
16381   0.001488 libjvm.so->__xstat(1, 0x2ac07ff820f0, 0x2ac07ff82920, 2048) = 0
16381   0.000459 libjvm.so->__xstat(1, 0x2ac07ff820f0, 0x2ac07ff82920, 2048) = 0
16381   0.000562 libjvm.so->__xstat(1, 0x2ac07ff820f0, 0x2ac07ff82920, 2048) = -1
16381   0.000452 libjvm.so->__xstat(1, 0x2ac07ff820f0, 0x2ac07ff82920, 2048) = 0
16381   0.000526 libjvm.so->__xstat(1, 0x2ac07ff820f0, 0x2ac07ff82920, 2048) = 0
16381   0.000419 libjvm.so->__xstat(1, 0x2ac07ff820f0, 0x2ac07ff82920, 2048) = 0
16381   0.000538 libjvm.so->__xstat(1, 0x2ac07ff820f0, 0x2ac07ff82920, 2048) = -1
16381   0.000458 libjvm.so->__xstat(1, 0x2ac07ff820f0, 0x2ac07ff82920, 2048) = -1
16381   0.000477 libjvm.so->fopen(0x2ac084002520, 0x2ac0817899ab, 0, 0) = 0x2ac0840588e0
16381   0.009082 libjvm.so->open64(0x2ac07ff81490, 0, 0, 16) = 3
16381   0.000522 libjvm.so->__fxstat64(1, 3, 0x2ac07ff812c0, -1) = 0
16381   0.035333 libjvm.so->__xstat(1, 0x2ac07ff81ef0, 0x2ac07ff82720, 2048) = -1
16381   0.000575 libjvm.so->fopen(0x2ac07ff80af0, 0x2ac0817899ab, 4011, 3996) = 0x2ac0840b5b60
16381   0.000697 libjvm.so->fopen(0x2ac07ff80af0, 0x2ac0817899ab, 4011, 3996) = 0x2ac0840b5b60
16381   0.000650 libjvm.so->fopen(0x2ac07ff80af0, 0x2ac0817899ab, 4011, 4004) = 0x2ac0840b5b60
16381   0.004279 libjvm.so->pthread_attr_setdetachstate(0x2ac07ff82bd0, 1, 0, 0) = 0
16381   0.000580 libpthread.so.0->__clone(0x2ac08006fde0, 0x2ac0988a0fc0, 0x3d0f00, 0x2ac0988a1700) = 0x3ffe
16381   0.015311 libjvm.so->pthread_attr_setdetachstate(0x2ac07ff82260, 1, 0, 0) = 0
16381   0.000703 libpthread.so.0->__clone(0x2ac08006fde0, 0x2ac0989a1fc0, 0x3d0f00, 0x2ac0989a2700) = 0x3fff
16381   0.006577 libjvm.so->pthread_attr_setdetachstate(0x2ac07ff825e0, 1, 0, 0) = 0
16381   0.000794 libpthread.so.0->__clone(0x2ac08006fde0, 0x2ac098aa2fc0, 0x3d0f00, 0x2ac098aa3700) = 0x4000
16381   0.038434 libjvm.so->fopen(0x2ac0840e8b80, 0x2ac0817899ab, 4, 0x6f732e70) = 0x2ac0840f16e0
16381   0.002010 libjvm.so->dlopen(0x2ac0840e8b80, 1, 0xffffffff, 0x2ac0840e8600) = 0x2ac084057b70
16381   0.021835 libjvm.so->fopen(0x2ac07ff7e130, 0x2ac0817899ab, 4011, 3996) = 0x2ac0840f8fb0
16381   0.001116 libjvm.so->fopen(0x2ac07ff7e130, 0x2ac0817899ab, 4011, 3996) = 0x2ac0840f8fb0
16381   0.001101 libjvm.so->fopen(0x2ac07ff7e130, 0x2ac0817899ab, 4011, 4004) = 0x2ac0840f8fb0
16381   0.014503 libjvm.so->pthread_attr_setdetachstate(0x2ac07ff82b20, 1, 0, 0) = 0
16381   0.001029 libpthread.so.0->__clone(0x2ac08006fde0, 0x2ac098ba3fc0, 0x3d0f00, 0x2ac098ba4700) = 0x4001
16381   0.001788 libjvm.so->__xstat64(1, 0x2ac07ff82bb0, 0x2ac07ff82b20, 19) = -1
16381   0.001199 libjvm.so->pthread_attr_setdetachstate(0x2ac07ff82920, 1, 0, 0) = 0
16381   0.001180 libpthread.so.0->__clone(0x2ac08006fde0, 0x2ac098ca4fc0, 0x3d0f00, 0x2ac098ca5700) = 0x4002
16381   0.001887 libjvm.so->pthread_attr_setdetachstate(0x2ac07ff82920, 1, 0, 0) = 0
16381   0.001367 libpthread.so.0->__clone(0x2ac08006fde0, 0x2ac098da5fc0, 0x3d0f00, 0x2ac098da6700) = 0x4003
16381   0.007259 libjvm.so->pthread_attr_setdetachstate(0x2ac07ff82a70, 1, 0, 0) = 0
16381   0.001448 libpthread.so.0->__clone(0x2ac08006fde0, 0x2ac098ea6fc0, 0x3d0f00, 0x2ac098ea7700) = 0x4004
16381   0.002396 libjvm.so->pthread_attr_setdetachstate(0x2ac07ff82b80, 1, 0, 0) = 0
16381   0.001633 libpthread.so.0->__clone(0x2ac08006fde0, 0x2ac098fa7fc0, 0x3d0f00, 0x2ac098fa8700) = 0x4005
16381   0.014060 libjvm.so->open64(0x2ac08412c650, 0, 0, 16) = 5
16381   0.001736 libjvm.so->__fxstat64(1, 5, 0x2ac07ff7ff90, -1) = 0
16381   0.024384 libjvm.so->fopen(0x2ac084152740, 0x2ac0817899ab, 4, 0x6f732e6f) = 0x2ac084152800
16381   0.003527 libjvm.so->dlopen(0x2ac084152740, 1, 0xffffffff, 0x2ac084152700) = 0x2ac084152800
16381   0.121897 libjvm.so->fopen(0x2ac0841a3840, 0x2ac0817899ab, 4, 0x6f732e74) = 0x2ac0841a3900
16381   0.003187 libjvm.so->dlopen(0x2ac0841a3840, 1, 0xffffffff, 0x2ac0841a3800) = 0x2ac0841a3900
16381   0.129865 libjvm.so->fopen(0x2ac084206ca0, 0x2ac0817899ab, 0x6f732e7373656c, 0x656c646165685f74) = 0x2ac084206d80
16381   0.003103 libjvm.so->dlopen(0x2ac084206ca0, 1, 0xffffffff, 0x2ac084206d00) = 0x2ac084206d80
16381   0.019123 libjvm.so->fopen(0x2ac07ff7ba30, 0x2ac0817899ab, 0x6f732e, 0x6d766a62696c2f72) = 0x2ac084210bf0
16381   0.005946 libjvm.so->dlopen(0x2ac07ff7ba30, 1, 0xffffffff, 0x2ac084210100) = 0x559f059b84c0
16381   0.001698 libjvm.so->fopen(0x2ac07ff7ba30, 0x2ac0817899ab, 0x6f732e, 0x6d766a62696c2f72) = 0x2ac084210b90
16381   0.004883 libjvm.so->dlopen(0x2ac07ff7ba30, 1, 0xffffffff, 0x2ac084210100) = 0x559f059b84c0
16381   0.001697 libjvm.so->fopen(0x2ac07ff7ba30, 0x2ac0817899ab, 0x6f732e, 0x6d766a62696c2f72) = 0x2ac084210b90
16381   0.003919 libjvm.so->dlopen(0x2ac07ff7ba30, 1, 0xffffffff, 0x2ac084210100) = 0x559f059b84c0
16381   0.001675 libjvm.so->fopen(0x2ac07ff7ba30, 0x2ac0817899ab, 0x6f732e, 0x6d766a62696c2f72) = 0x2ac084210b90
16381   0.003659 libjvm.so->dlopen(0x2ac07ff7ba30, 1, 0xffffffff, 0x2ac084210100) = 0x559f059b84c0
16381   0.227406 libjvm.so->fopen(0x2ac07ff7fed0, 0x2ac0817899ab, 111, 0x732e6176) = 0x2ac08424e480
16381   0.003098 libjvm.so->dlopen(0x2ac07ff7fed0, 1, 0xffffffff, 0x2ac08424e400) = 0x2ac084001b10
16381   0.001661 libjvm.so->fopen(0x2ac07ff7fed0, 0x2ac0817899ab, 111, 0x732e6176) = 0x2ac08424e480
16381   0.002939 libjvm.so->dlopen(0x2ac07ff7fed0, 1, 0xffffffff, 0x2ac08424e400) = 0x2ac084001b10
16381   0.001666 libjvm.so->fopen(0x2ac07ff7fed0, 0x2ac0817899ab, 111, 0x732e6176) = 0x2ac08424e480
16381   0.003118 libjvm.so->dlopen(0x2ac07ff7fed0, 1, 0xffffffff, 0x2ac08424e400) = 0x2ac084001b10
16381   0.001721 libjvm.so->fopen(0x2ac07ff7fed0, 0x2ac0817899ab, 111, 0x732e6176) = 0x2ac08424e480
16381   0.002831 libjvm.so->dlopen(0x2ac07ff7fed0, 1, 0xffffffff, 0x2ac08424e400) = 0x2ac084001b10
16381   0.023935 libjvm.so->fopen(0x2ac07ff7feb0, 0x2ac0817899ab, 111, 0x732e6176) = 0x2ac08424e840
16381   0.002871 libjvm.so->dlopen(0x2ac07ff7feb0, 1, 0xffffffff, 0x2ac08424f800) = 0x2ac084001b10
16381   0.003215 libjvm.so->fopen(0x2ac07ff7feb0, 0x2ac0817899ab, 111, 0x732e6176) = 0x2ac08424e840
16381   0.002807 libjvm.so->dlopen(0x2ac07ff7feb0, 1, 0xffffffff, 0x2ac08424f800) = 0x2ac084001b10
16381   0.001640 libjvm.so->fopen(0x2ac07ff7feb0, 0x2ac0817899ab, 111, 0x732e6176) = 0x2ac08424e840
16381   0.002809 libjvm.so->dlopen(0x2ac07ff7feb0, 1, 0xffffffff, 0x2ac08424f800) = 0x2ac084001b10
16381   0.001677 libjvm.so->fopen(0x2ac07ff7feb0, 0x2ac0817899ab, 111, 0x732e6176) = 0x2ac08424e840
16381   0.002734 libjvm.so->dlopen(0x2ac07ff7feb0, 1, 0xffffffff, 0x2ac08424f800) = 0x2ac084001b10
16387   0.247787 --- SIGSEGV (Segmentation fault) ---
16381   0.000301 --- SIGSEGV (Segmentation fault) ---
16381   3.142251 --- SIGSEGV (Segmentation fault) ---
16389   8.827664 +++ exited (status 0) +++
16385   0.000283 +++ exited (status 0) +++
16382   0.011152 +++ exited (status 0) +++
16381   0.000442 +++ exited (status 0) +++
16388   0.000609 +++ exited (status 0) +++
16387   0.000026 +++ exited (status 0) +++
16386   0.000016 +++ exited (status 0) +++
16383   0.000029 +++ exited (status 0) +++
16384   0.020431 +++ exited (status 0) +++
16380   0.000053 +++ exited (status 0) +++
Wrote an ltrace for command: "java -cp ./tools/maxent.jar density.MaxEnt -s outputs/Estola_hirsutella_Aurivillius.csv -e data/layers/worldclim -o outputs/Estola_hirsutella_Aurivillius nowarnings nocache autorun -z" with PID 16378 from PPID 16359 on disc25.crc.nd.edu with result 0
REMOTEHOST=10.17.144.144
MANPATH=/afs/crc.nd.edu/user/n/nkremerh/cctools/share/man/:/afs/crc.nd.edu/group/ccl/software/x86_64/redhat7/ruby/current/share/man:/afs/crc.nd.edu/group/ccl/software/x86_64/redhat7/graphviz/current/share/man:/afs/crc.nd.edu/group/ccl/software/x86_64/redhat7/gnuplot/current/share/man:/afs/crc.nd.edu/group/ccl/software/x86_64/redhat7/git/current/share/man:/afs/crc.nd.edu/group/ccl/software/x86_64/redhat7/condor/current/share/man:/afs/crc.nd.edu/group/ccl/software/x86_64/redhat7/clang/current/share/man:/afs/crc.nd.edu/group/ccl/software/x86_64/redhat7/condor/current/share/man:/afs/crc.nd.edu/group/ccl/software/x86_64/redhat7/cctools/current/share/man:/afs/crc.nd.edu/group/ccl/software/x86_64/redhat7/cctools/current/share/man:/afs/crc.nd.edu/x86_64_linux/Modules/4.5.0/share/man:/opt/crc/usr/local/man:/opt/sge/man:/usr/share/man/overrides:/usr/share/man:/usr/local/share/man
_CONDOR_JOB_PIDS=
_CONDOR_ANCESTOR_24525=24530:1594671055:2748281650
XDG_SESSION_ID=2735
HOSTNAME=disc01.crc.nd.edu
_LMFILES__modshare=/afs/crc.nd.edu/x86_64_linux/Modules/modules/system_modules/CRC_default/1.1:1
MODULEPATH_modshare=/afs/crc.nd.edu/x86_64_linux/Modules/modules/general_software:1:/afs/crc.nd.edu/x86_64_linux/Modules/modules/development_tools_and_libraries:1:/afs/crc.nd.edu/x86_64_linux/Modules/modules/system_modules:1:/afs/crc.nd.edu/x86_64_linux/Modules/current/modulefiles:1:/afs/crc.nd.edu/x86_64_linux/Modules/modules/restricted_software:1:/afs/crc.nd.edu/x86_64_linux/Modules/modules/deprecated_software:1
TERM=xterm-256color
SHELL=/bin/tcsh
HOST=disc01.crc.nd.edu
MODULES_CMD=/afs/crc.nd.edu/x86_64_linux/Modules/4.5.0/libexec/modulecmd.tcl
HISTSIZE=5000
MAKEFLAGS=
SSH_CLIENT=10.17.144.144 39924 22
TMPDIR=/var/condor/execute/dir_24525/worker-213124-24553/t.1040/cctools-temp-t.1040.xtOyfE
PERL5LIB=/afs/crc.nd.edu/user/n/nkremerh/cctools/lib/perl5/site_perl/5.16.3:/afs/crc.nd.edu/user/n/nkremerh/.perl5/lib/perl5
SGE_CELL=crc
_CONDOR_SCRATCH_DIR=/var/condor/execute/dir_24525
PERL_MB_OPT=--install_base '/afs/crc.nd.edu/user/n/nkremerh/.perl5/'
SSH_TTY=/dev/pts/0
SGE_LOAD_AVG=load_avg
MAKEFLOW_MAX_LOCAL_JOBS=2
GROUP=campus
USER=nkremerh
_CHIRP_DELAYED_UPDATE_PREFIX=Chirp*
HISTFILESIZE=10000
TEMP=/var/condor/execute/dir_24525/worker-213124-24553/t.1040/cctools-temp-t.1040.xtOyfE
LD_LIBRARY_PATH=/afs/crc.nd.edu/group/ccl/software/x86_64/redhat7/ruby/current/lib:/afs/crc.nd.edu/group/ccl/software/x86_64/redhat7/graphviz/current/lib:/afs/crc.nd.edu/group/ccl/software/x86_64/redhat7/git/current/lib:/afs/crc.nd.edu/group/ccl/software/x86_64/redhat7/condor/current/lib:/afs/crc.nd.edu/group/ccl/software/x86_64/redhat7/clang/current/lib:/afs/crc.nd.edu/group/ccl/software/x86_64/redhat7/condor/current/lib:/afs/crc.nd.edu/group/ccl/software/x86_64/redhat7/cctools/current/lib:/opt/crc/usr/local/lib
BATCH_SYSTEM=HTCondor
MODULES_LMALTNAME=CRC_default/1.1&CRC_default/default&CRC_default
ENV=/afs/crc.nd.edu/x86_64_linux/Modules/4.5.0/init/profile.sh
WORKER_TMPDIR=/var/condor/execute/dir_24525/worker-213124-24553/cache/tmp
HOSTTYPE=x86_64-linux
_CONDOR_HIGHPORT=9999
GLOBUS_GSSAPI_MAX_TLS_PROTOCOL=0
_CONDOR_CHIRP_CONFIG=/var/condor/execute/dir_24525/.chirp.config
MAKELEVEL=1
MFLAGS=
MAIL=/var/spool/mail/nkremerh
PATH=/afs/crc.nd.edu/user/n/nkremerh/cctools/bin:/afs/crc.nd.edu/user/n/nkremerh/miniconda/bin:/afs/crc.nd.edu/group/ccl/software/git:/afs/crc.nd.edu/user/n/nkremerh/.local/bin:/afs/crc.nd.edu/group/ccl/software/x86_64/redhat7/povray/3.7/bin:/afs/crc.nd.edu/user/n/nkremerh/.perl5/bin:/afs/crc.nd.edu/user/n/nkremerh/pegasus/bin:/afs/crc.nd.edu/user/n/nkremerh/nodejs/bin:/afs/crc.nd.edu/user/n/nkremerh/montage/bin:/afs/crc.nd.edu/user/n/nkremerh/latexdiff:/afs/crc.nd.edu/user/n/nkremerh/envtrace:/afs/crc.nd.edu/user/n/nkremerh/endlines:/afs/crc.nd.edu/user/n/nkremerh/cctools/bin:/afs/crc.nd.edu/user/n/nkremerh/.cargo/bin:/afs/crc.nd.edu/group/ccl/software/x86_64/redhat7/ruby/current/bin:/afs/crc.nd.edu/group/ccl/software/x86_64/redhat7/graphviz/current/bin:/afs/crc.nd.edu/group/ccl/software/x86_64/redhat7/gnuplot/current/bin:/afs/crc.nd.edu/group/ccl/software/x86_64/redhat7/git/current/bin:/afs/crc.nd.edu/group/ccl/software/x86_64/redhat7/condor/current/sbin:/afs/crc.nd.edu/group/ccl/software/x86_64/redhat7/condor/current/bin:/afs/crc.nd.edu/group/ccl/software/x86_64/redhat7/cmake/current/bin:/afs/crc.nd.edu/group/ccl/software/x86_64/redhat7/clang/current/bin:/afs/crc.nd.edu/group/ccl/software/x86_64/redhat7/condor/current/sbin:/afs/crc.nd.edu/group/ccl/software/x86_64/redhat7/condor/current/bin:/afs/crc.nd.edu/group/ccl/software/x86_64/redhat7/cctools/current/bin:/afs/crc.nd.edu/x86_64_linux/Modules/4.5.0/bin:/opt/crc/usr/local/bin:/opt/sge/bin/lx-amd64:/usr/local/bin:/usr/bin:/usr/local/sbin:/usr/sbin:/afs/crc.nd.edu/user/c/condor/software/bin:/afs/crc.nd.edu/user/c/condor/software/sbin
CCLSOFTWARE=/afs/crc.nd.edu/group/ccl/software/x86_64/redhat7
PWD=/var/condor/execute/dir_24525/worker-213124-24553/t.1040
_LMFILES_=/afs/crc.nd.edu/x86_64_linux/Modules/modules/system_modules/CRC_default/1.1
EDITOR=vim
SGE_EXECD_PORT=6445
LANG=en_US.UTF-8
SGE_QMASTER_PORT=6444
MODULEPATH=/afs/crc.nd.edu/x86_64_linux/Modules/modules/development_tools_and_libraries:/afs/crc.nd.edu/x86_64_linux/Modules/modules/general_software:/afs/crc.nd.edu/x86_64_linux/Modules/modules/restricted_software:/afs/crc.nd.edu/x86_64_linux/Modules/modules/system_modules:/afs/crc.nd.edu/x86_64_linux/Modules/modules/deprecated_software:/afs/crc.nd.edu/x86_64_linux/Modules/current/modulefiles
LOADEDMODULES=CRC_default/1.1
SGE_ROOT=/opt/sge
CCLPLATFORM=x86_64/redhat7
_CONDOR_SLOT=slot1
WORK_QUEUE_SANDBOX=/var/condor/execute/dir_24525/worker-213124-24553
USE_SYSTEMD=true
_CONDOR_LOWPORT=9100
_CONDOR_ANCESTOR_4261=24525:1594671054:4145456440
HISTCONTROL=ignoreboth:erasedups
KRB5CCNAME=FILE:/tmp/krb5cc_213124_ZwXmib
GLOBUS_GSSAPI_NAME_COMPATIBILITY=STRICT_RFC2818
HOME=/afs/crc.nd.edu/user/n/nkremerh
SHLVL=6
PATH_modshare=/opt/crc/usr/local/bin:1:/opt/sge/bin/lx-amd64:1:/usr/sbin:1:/usr/bin:1:/afs/crc.nd.edu/user/c/condor/software/sbin:1:/usr/local/sbin:1:/afs/crc.nd.edu/user/c/condor/software/bin:1:/usr/local/bin:1
OSTYPE=linux
_CONDOR_MACHINE_AD=/var/condor/execute/dir_24525/.machine.ad
_CONDOR_ANCESTOR_3989=4261:1593343483:4184216969
GREP_OPTIONS=--color=auto
DISK=916727
GLOBUS_GSSAPI_MIN_TLS_PROTOCOL=TLS1_VERSION
MANPATH_modshare=/usr/share/man/overrides:1:/usr/local/share/man:1:/usr/share/man:1:/opt/crc/usr/local/man:1:/opt/sge/man:1
MEMORY=15899
PERL_LOCAL_LIB_ROOT=/afs/crc.nd.edu/user/n/nkremerh/.perl5/
BASH_ENV=/afs/crc.nd.edu/x86_64_linux/Modules/4.5.0/init/bash
VENDOR=unknown
TMP=/var/condor/execute/dir_24525/worker-213124-24553/t.1040/cctools-temp-t.1040.xtOyfE
LOGNAME=nkremerh
MACHTYPE=x86_64
CCLHOME=/afs/crc.nd.edu/group/ccl
PYTHONPATH=/afs/crc.nd.edu/user/n/nkremerh/cctools/lib/python3.6/site-packages/
LD_LIBRARY_PATH_modshare=/opt/crc/usr/local/lib:1
SSH_CONNECTION=10.17.144.144 39924 129.74.128.103 22
MODULES_LMALTNAME_modshare=CRC_default/1.1&CRC_default/default&CRC_default:1
MODULESHOME=/afs/crc.nd.edu/x86_64_linux/Modules/4.5.0
GLOBUS_GSSAPI_CIPHERS=HIGH
GLOBUS_GSSAPI_BACKWARD_COMPATIBLE_MIC=true
LESSOPEN=||/usr/bin/lesspipe.sh %s
OMP_NUM_THREADS=1
_CONDOR_JOB_AD=/var/condor/execute/dir_24525/.job.ad
LOADEDMODULES_modshare=CRC_default/1.1:1
XDG_RUNTIME_DIR=/run/user/213124
SGE_CLUSTER_NAME=CRC
CCTOOLS=../cctools
CORES=4
_CONDOR_JOB_IWD=/var/condor/execute/dir_24525
PERL_MM_OPT=INSTALL_BASE=/afs/crc.nd.edu/user/n/nkremerh/.perl5/
GLOBUS_GSSAPI_SERVER_CIPHER_ORDER=true
BASH_FUNC_module()=() {  unset _mlshdbg;
 if [ "${MODULES_SILENT_SHELL_DEBUG:-0}" = '1' ]; then
 case "$-" in 
 *v*x*)
 set +vx;
 _mlshdbg='vx'
 ;;
 *v*)
 set +v;
 _mlshdbg='v'
 ;;
 *x*)
 set +x;
 _mlshdbg='x'
 ;;
 *)
 _mlshdbg=''
 ;;
 esac;
 fi;
 unset _mlre _mlIFS;
 if [ -n "${IFS+x}" ]; then
 _mlIFS=$IFS;
 fi;
 IFS=' ';
 for _mlv in ${MODULES_RUN_QUARANTINE:-};
 do
 if [ "${_mlv}" = "${_mlv##*[!A-Za-z0-9_]}" -a "${_mlv}" = "${_mlv#[0-9]}" ]; then
 if [ -n "`eval 'echo ${'$_mlv'+x}'`" ]; then
 _mlre="${_mlre:-}${_mlv}_modquar='`eval 'echo ${'$_mlv'}'`' ";
 fi;
 _mlrv="MODULES_RUNENV_${_mlv}";
 _mlre="${_mlre:-}${_mlv}='`eval 'echo ${'$_mlrv':-}'`' ";
 fi;
 done;
 if [ -n "${_mlre:-}" ]; then
 eval `eval ${_mlre}/usr/bin/tclsh /afs/crc.nd.edu/x86_64_linux/Modules/4.5.0/libexec/modulecmd.tcl bash '"$@"'`;
 else
 eval `/usr/bin/tclsh /afs/crc.nd.edu/x86_64_linux/Modules/4.5.0/libexec/modulecmd.tcl bash "$@"`;
 fi;
 _mlstatus=$?;
 if [ -n "${_mlIFS+x}" ]; then
 IFS=$_mlIFS;
 else
 unset IFS;
 fi;
 unset _mlre _mlv _mlrv _mlIFS;
 if [ -n "${_mlshdbg:-}" ]; then
 set -$_mlshdbg;
 fi;
 unset _mlshdbg;
 return $_mlstatus
}
BASH_FUNC_ml()=() {  module ml "$@"
}
_=/usr/bin/printenv
