17695   0.000000 libjli.so->getenv("_JAVA_LAUNCHER_DEBUG") = nil
17695   0.001855 libjli.so->getenv("_JAVA_VERSION_SET") = nil
17695   0.000728 libjli.so->fopen("/usr/lib/jvm/java-1.8.0-openjdk-1.8.0.262.b10-0.el7_8.x86_64/jre/lib/amd64/jvm.cfg", "r") = 0x561b4a02f0e0
17695   0.000853 libjli.so->getenv("JDK_ALTERNATE_VM") = nil
17695   0.000326 libjli.so->__xstat(1, "/usr/lib/jvm/java-1.8.0-openjdk-1.8.0.262.b10-0.el7_8.x86_64/jre/lib/amd64/server/libjvm.so", 0x7ffe2c9cf940) = 0
17695   0.000692 libjli.so->getenv("LD_LIBRARY_PATH") = "/afs/crc.nd.edu/group/ccl/software/x86_64/redhat7/ruby/current/lib:/afs/crc.nd.edu/group/ccl/software/x86_64/redhat7/graphviz/current/lib:/afs/crc.nd.edu/group/ccl/software/x86_64/redhat7/git/current/lib:/afs/crc.nd.edu/group/ccl/software/x86_64/redhat7/condor/current/lib:/afs/crc.nd.edu/group/ccl/software/x86_64/redhat7/clang/current/lib:/afs/crc.nd.edu/group/ccl/software/x86_64/redhat7/condor/current/lib:/afs/crc.nd.edu/group/ccl/software/x86_64/redhat7/cctools/current/lib:/opt/crc/usr/local/lib"
17695   0.002471 libjli.so->dlopen("/usr/lib/jvm/java-1.8.0-openjdk-1.8.0.262.b10-0.el7_8.x86_64/jre/lib/amd64/server/libjvm.so", 258 <unfinished ...>
17695   0.039367 libjvm.so->getenv("NMT_LEVEL_17695") = nil
17695   0.001721 <... dlopen resumed> )          = 0x561b4a02f4b0
17695   0.000063 libjli.so->getenv("CLASSPATH")  = nil
17695   0.000321 libjli.so->getenv("_JAVA_SPLASH_JAR") = nil
17695   0.000315 libjli.so->getenv("_JAVA_SPLASH_FILE") = nil
17695   0.000308 libjli.so->pthread_attr_setdetachstate(0x7ffe2c9cf8f0, 0, 0x7ffe2c9cf980, 0) = 0
17695   0.000591 libpthread.so.0->__clone(0x2b57e50ffde0, 0x2b57e5012fc0, 0x3d0f00, 0x2b57e5013700) = 0x4525
17701   0.001658 libjvm.so->dlopen(0x2b57e68de9ae, 1, 0xfffffffffff42c48, 4096) = 0x2b57e8000990
17701   0.002384 libjvm.so->getenv(0x2b57e68f983e, 0, 115, 0x65737361) = 0x7ffe2c9d6654
17701   0.000452 libjvm.so->fopen(0x2b57e5011c10, 0x2b57e6895ccb, 0x6f732e79666972, 0x2b57e59d7ab0) = 0x2b57e8001440
17701   0.001354 libjvm.so->dlopen(0x2b57e5011c10, 1, 0xffffffff, 0x2b57e8002b00) = 0x2b57e8001440
17701   0.001483 libjvm.so->fopen(0x2b57e5011c10, 0x2b57e6895ccb, 111, 0x732e6176) = 0x2b57e8001b10
17701   0.001721 libjvm.so->dlopen(0x2b57e5011c10, 1, 0xffffffff, 0x2b57e8001a00) = 0x2b57e8001b10
17701   0.001504 libjvm.so->__xstat(1, 0x2b57e5012360, 0x2b57e5012ba0, 0x746f7073746f682e) = -1
17701   0.000529 libjvm.so->getenv(0x2b57e688e541, 0x2b57e50126d0, 1024, 0x2b57e6d4861b) = 0
17701   0.000498 libjvm.so->getenv(0x2b57e688e533, 0x2b57e50126d0, 1024, 0) = 0
17701   0.000449 libjvm.so->fopen(0x2b57e68de315, 0x2b57e6895ccb, 4095, 0xffffd4a819771b03) = 0x2b57e80032f0
17701   0.001099 libjvm.so->fopen(0x2b57e68de361, 0x2b57e6895ccb, 0x2b57e8000078, 0x2b57e80032e0) = 0x2b57e80032f0
17701   0.000730 libjvm.so->fopen(0x2b57e500c9b0, 0x2b57e6895ccb, 4014, 3995) = 0x2b57e80032f0
17701   0.000715 libjvm.so->opendir(0x2b57e8002b40, 0x2b57e8002b40, 13, 16) = 0
17701   0.000473 libjvm.so->__xstat(1, 0x2b57e50118f0, 0x2b57e5010860, 0x6f732e7477616d62) = -1
17701   0.000417 libjvm.so->__xstat(1, 0x2b57e50118f0, 0x2b57e5010860, 0x5f74776162696c2f) = 0
17701   0.000582 libjvm.so->fopen(0x2b57e5010b90, 0x2b57e6895ccb, 4009, 3994) = 0x2b57e80037d0
17701   0.000676 libjvm.so->fopen(0x2b57e5010b90, 0x2b57e6895ccb, 4009, 3994) = 0x2b57e80037d0
17701   0.000615 libjvm.so->fopen(0x2b57e5010b90, 0x2b57e6895ccb, 4009, 4002) = 0x2b57e80037d0
17701   0.000663 libjvm.so->fopen(0x2b57e5010b20, 0x2b57e6895ccb, 4009, 3994) = 0x2b57e80037d0
17701   0.000616 libjvm.so->fopen(0x2b57e5010b20, 0x2b57e6895ccb, 4009, 3994) = 0x2b57e80037d0
17701   0.000582 libjvm.so->fopen(0x2b57e5010b20, 0x2b57e6895ccb, 4009, 4002) = 0x2b57e80037d0
17701   0.000660 libjvm.so->fopen(0x2b57e5010b50, 0x2b57e6895ccb, 4014, 3995) = 0x2b57e80037d0
17701   0.000863 libjvm.so->getenv(0x2b57e68df0ff, 4096, 3, -1) = 0
17701   0.000916 libjvm.so->fopen(0x2b57e68de998, 0x2b57e6895ccb, 0x2b57e50f6908, 0x2b57e50f5df0) = 0x2b57e80037d0
17701   0.004812 libjvm.so->open(0x2b57e804a5c0, 0x20000, 0, 0x2b57e804a609) = 3
17701   0.000457 libjvm.so->__fxstat(1, 3, 0x2b57e5012a00, -1) = 0
17701   0.000469 libjvm.so->opendir(0x2b57e804a5c0, 0x2b57e5012a00, 0x4000, -1) = 0x2b57e804b4d0
17701   0.000552 libjvm.so->__fxstat(1, 3, 0x2b57e50128a0, 0x2b57e804b4d0) = 0
17701   0.000431 libjvm.so->__fxstat(1, 5, 0x2b57e5012930, -1) = 0
17701   0.000486 libjvm.so->open(0x2b57e68ac9dc, 0, 0, 0) = 3
17701   0.000680 libjvm.so->__lxstat(1, 0x2b57e804a5c0, 0x2b57e5012b50, -144) = 0
17701   0.000468 libjvm.so->open(0x2b57e804a5c0, 0x20000, 0x4000, -1) = 3
17701   0.000433 libjvm.so->__fxstat(1, 3, 0x2b57e5012a00, -1) = 0
17701   0.000499 libjvm.so->opendir(0x2b57e804a5c0, 0x2b57e5012a00, 0x4000, -1) = 0x2b57e804b4d0
17701   0.000603 libjvm.so->__fxstat(1, 3, 0x2b57e50128a0, 0x2b57e804b4d0) = 0
17701   0.000486 libjvm.so->__fxstat(1, 5, 0x2b57e5012930, -1) = 0
17701   0.000465 libjvm.so->open(0x2b57e68ac9dc, 0, 0, 0) = 3
17701   0.000471 libjvm.so->open(0x2b57e804a609, 0x20042, 384, -1) = 7
17701   0.001250 libjvm.so->__fxstat(1, 7, 0x2b57e5012b50, -1) = 0
17701   0.001807 libjvm.so->fopen(0x2b57e5011b60, 0x2b57e6895ccb, 4, 0x6f732e70) = 0x2b57e8057c20
17701   0.002067 libjvm.so->dlopen(0x2b57e5011b60, 1, 0xffffffff, 0x2b57e8057b00) = 0x2b57e8057c20
17701   0.001560 libjvm.so->__xstat(1, 0x2b57e5012120, 0x2b57e5012950, 2048) = 0
17701   0.000459 libjvm.so->__xstat(1, 0x2b57e5012120, 0x2b57e5012950, 2048) = 0
17701   0.000442 libjvm.so->__xstat(1, 0x2b57e5012120, 0x2b57e5012950, 2048) = -1
17701   0.000452 libjvm.so->__xstat(1, 0x2b57e5012120, 0x2b57e5012950, 2048) = 0
17701   0.000435 libjvm.so->__xstat(1, 0x2b57e5012120, 0x2b57e5012950, 2048) = 0
17701   0.000462 libjvm.so->__xstat(1, 0x2b57e5012120, 0x2b57e5012950, 2048) = 0
17701   0.000440 libjvm.so->__xstat(1, 0x2b57e5012120, 0x2b57e5012950, 2048) = 0
17701   0.000469 libjvm.so->__xstat(1, 0x2b57e5012120, 0x2b57e5012950, 2048) = -1
17701   0.000445 libjvm.so->fopen(0x2b57e8002520, 0x2b57e6895ccb, 0, 0) = 0x2b57e8058ac0
17701   0.009333 libjvm.so->open64(0x2b57e5011410, 0, 0, 16) = 3
17701   0.001122 libjvm.so->__fxstat64(1, 3, 0x2b57e5011240, -1) = 0
17701   0.040981 libjvm.so->__xstat(1, 0x2b57e5011f20, 0x2b57e5012750, 2048) = -1
17701   0.005212 libjvm.so->fopen(0x2b57e5010b20, 0x2b57e6895ccb, 4009, 3994) = 0x2b57e80b5d40
17701   0.000671 libjvm.so->fopen(0x2b57e5010b20, 0x2b57e6895ccb, 4009, 3994) = 0x2b57e80b5d40
17701   0.000679 libjvm.so->fopen(0x2b57e5010b20, 0x2b57e6895ccb, 4009, 4002) = 0x2b57e80b5d40
17701   0.005003 libjvm.so->pthread_attr_setdetachstate(0x2b57e5012c00, 1, 0, 0) = 0
17701   0.000842 libpthread.so.0->__clone(0x2b57e50ffde0, 0x2b57e7fddfc0, 0x3d0f00, 0x2b57e7fde700) = 0x4526
17701   0.016767 libjvm.so->pthread_attr_setdetachstate(0x2b57e5012290, 1, 0, 0) = 0
17701   0.001832 libpthread.so.0->__clone(0x2b57e50ffde0, 0x2b57fdaa5fc0, 0x3d0f00, 0x2b57fdaa6700) = 0x4527
17701   0.011637 libjvm.so->pthread_attr_setdetachstate(0x2b57e5012610, 1, 0, 0) = 0
17701   0.000831 libpthread.so.0->__clone(0x2b57e50ffde0, 0x2b57fdba6fc0, 0x3d0f00, 0x2b57fdba7700) = 0x4528
17701   0.044034 libjvm.so->fopen(0x2b57e80f17f0, 0x2b57e6895ccb, 4, 0x6f732e70) = 0x2b57e80f1cf0
17701   0.001973 libjvm.so->dlopen(0x2b57e80f17f0, 1, 0xffffffff, 0x2b57e80e8c00) = 0x2b57e8057c20
17701   0.005455 libjvm.so->open64(0x2b57e5011510, 0, 0, 16) = 5
17701   0.000922 libjvm.so->__fxstat64(1, 5, 0x2b57e5011340, -1) = 0
17701   0.020518 libjvm.so->fopen(0x2b57e500e130, 0x2b57e6895ccb, 4009, 3994) = 0x2b57e80fccc0
17701   0.005446 libjvm.so->fopen(0x2b57e500e130, 0x2b57e6895ccb, 4009, 3994) = 0x2b57e80fccc0
17701   0.001987 libjvm.so->fopen(0x2b57e500e130, 0x2b57e6895ccb, 4009, 4002) = 0x2b57e80fccc0
17701   0.019225 libjvm.so->pthread_attr_setdetachstate(0x2b57e5012b50, 1, 0, 0) = 0
17701   0.000933 libpthread.so.0->__clone(0x2b57e50ffde0, 0x2b57fdca7fc0, 0x3d0f00, 0x2b57fdca8700) = 0x452a
17701   0.002038 libjvm.so->__xstat64(1, 0x2b57e5012be0, 0x2b57e5012b50, 19) = -1
17701   0.001154 libjvm.so->pthread_attr_setdetachstate(0x2b57e5012950, 1, 0, 0) = 0
17701   0.001876 libpthread.so.0->__clone(0x2b57e50ffde0, 0x2b57fdda8fc0, 0x3d0f00, 0x2b57fdda9700) = 0x452b
17701   0.001680 libjvm.so->pthread_attr_setdetachstate(0x2b57e5012950, 1, 0, 0) = 0
17701   0.002006 libpthread.so.0->__clone(0x2b57e50ffde0, 0x2b57fdea9fc0, 0x3d0f00, 0x2b57fdeaa700) = 0x452c
17701   0.013524 libjvm.so->pthread_attr_setdetachstate(0x2b57e5012aa0, 1, 0, 0) = 0
17701   0.003139 libpthread.so.0->__clone(0x2b57e50ffde0, 0x2b57fdfaafc0, 0x3d0f00, 0x2b57fdfab700) = 0x452d
17701   0.002614 libjvm.so->pthread_attr_setdetachstate(0x2b57e5012bb0, 1, 0, 0) = 0
17701   0.001859 libpthread.so.0->__clone(0x2b57e50ffde0, 0x2b57fe0abfc0, 0x3d0f00, 0x2b57fe0ac700) = 0x452e
17701   0.019598 libjvm.so->open64(0x2b57e8128890, 0, 0, 16) = 7
17701   0.007931 libjvm.so->__fxstat64(1, 7, 0x2b57e500ff60, -1) = 0
17701   0.029264 libjvm.so->fopen(0x2b57e8154680, 0x2b57e6895ccb, 4, 0x6f732e6f) = 0x2b57e8154740
17701   0.003255 libjvm.so->dlopen(0x2b57e8154680, 1, 0xffffffff, 0x2b57e8154600) = 0x2b57e8154740
17701   0.117546 libjvm.so->fopen(0x2b57e500ce40, 0x2b57e6895ccb, 0x6f732e, 0x6d766a62696c2f72) = 0x2b57e8169e40
17701   0.007186 libjvm.so->dlopen(0x2b57e500ce40, 1, 0xffffffff, 0x2b57e8169d00) = 0x561b4a02f4b0
17701   0.001740 libjvm.so->fopen(0x2b57e500ce40, 0x2b57e6895ccb, 0x6f732e, 0x6d766a62696c2f72) = 0x2b57e816a240
17701   0.006290 libjvm.so->dlopen(0x2b57e500ce40, 1, 0xffffffff, 0x2b57e8169d00) = 0x561b4a02f4b0
17701   0.001704 libjvm.so->fopen(0x2b57e500ce40, 0x2b57e6895ccb, 0x6f732e, 0x6d766a62696c2f72) = 0x2b57e8169e40
17701   0.004090 libjvm.so->dlopen(0x2b57e500ce40, 1, 0xffffffff, 0x2b57e8169d00) = 0x561b4a02f4b0
17701   0.001705 libjvm.so->fopen(0x2b57e500ce40, 0x2b57e6895ccb, 0x6f732e, 0x6d766a62696c2f72) = 0x2b57e8169e40
17701   0.004903 libjvm.so->dlopen(0x2b57e500ce40, 1, 0xffffffff, 0x2b57e8169d00) = 0x561b4a02f4b0
17701   0.053317 libjvm.so->fopen(0x2b57e81a71b0, 0x2b57e6895ccb, 4, 0x6f732e74) = 0x2b57e81cf410
17701   0.003303 libjvm.so->dlopen(0x2b57e81a71b0, 1, 0xffffffff, 0x2b57e81a7400) = 0x2b57e81cf410
17701   0.142335 libjvm.so->fopen(0x2b57e82405f0, 0x2b57e6895ccb, 0x6f732e7373656c, 0x656c646165685f74) = 0x2b57e82406d0
17701   0.003044 libjvm.so->dlopen(0x2b57e82405f0, 1, 0xffffffff, 0x2b57e8240600) = 0x2b57e82406d0
17710   0.041806 +++ exited (status 0) +++
17706   0.000287 +++ exited (status 0) +++
17702   0.000304 +++ exited (status 0) +++
17701   0.000233 +++ exited (status 0) +++
17709   0.000276 +++ exited (status 1) +++
17707   0.000024 +++ exited (status 1) +++
17704   0.000015 +++ exited (status 1) +++
17703   0.000014 +++ exited (status 1) +++
17708   0.005154 +++ exited (status 1) +++
17695   0.000064 +++ exited (status 1) +++
Wrote an ltrace for command: "java -cp ./tools/maxent.jar density.Project outputs/Polysphincta_gutfreundi_Gauld/Polysphincta_gutfreundi_Gauld.lambdas data/layers/worldclim outputs/Polysphincta_gutfreundi_Gauld_worldclim.asc nowarnings nocache autorun -z" with PID 17693 from PPID 17676 on disc25.crc.nd.edu with result 1
REMOTEHOST=10.17.145.58
_CONDOR_JOB_PIDS=
MANPATH=/afs/crc.nd.edu/user/n/nkremerh/cctools/share/man/:/afs/crc.nd.edu/group/ccl/software/x86_64/redhat7/ruby/current/share/man:/afs/crc.nd.edu/group/ccl/software/x86_64/redhat7/graphviz/current/share/man:/afs/crc.nd.edu/group/ccl/software/x86_64/redhat7/gnuplot/current/share/man:/afs/crc.nd.edu/group/ccl/software/x86_64/redhat7/git/current/share/man:/afs/crc.nd.edu/group/ccl/software/x86_64/redhat7/condor/current/share/man:/afs/crc.nd.edu/group/ccl/software/x86_64/redhat7/clang/current/share/man:/afs/crc.nd.edu/group/ccl/software/x86_64/redhat7/condor/current/share/man:/afs/crc.nd.edu/group/ccl/software/x86_64/redhat7/cctools/current/share/man:/afs/crc.nd.edu/group/ccl/software/x86_64/redhat7/cctools/current/share/man:/afs/crc.nd.edu/x86_64_linux/Modules/4.5.0/share/man:/opt/crc/usr/local/man:/opt/sge/man:/usr/share/man/overrides:/usr/share/man:/usr/local/share/man
XDG_SESSION_ID=3301
HOSTNAME=disc01.crc.nd.edu
_LMFILES__modshare=/afs/crc.nd.edu/x86_64_linux/Modules/modules/system_modules/CRC_default/1.1:1
MODULEPATH_modshare=/afs/crc.nd.edu/x86_64_linux/Modules/modules/general_software:1:/afs/crc.nd.edu/x86_64_linux/Modules/modules/development_tools_and_libraries:1:/afs/crc.nd.edu/x86_64_linux/Modules/modules/system_modules:1:/afs/crc.nd.edu/x86_64_linux/Modules/current/modulefiles:1:/afs/crc.nd.edu/x86_64_linux/Modules/modules/restricted_software:1:/afs/crc.nd.edu/x86_64_linux/Modules/modules/deprecated_software:1
MODULES_CMD=/afs/crc.nd.edu/x86_64_linux/Modules/4.5.0/libexec/modulecmd.tcl
HOST=disc01.crc.nd.edu
SHELL=/bin/tcsh
TERM=xterm-256color
MAKEFLAGS=
HISTSIZE=5000
TMPDIR=/var/condor/execute/dir_3437/worker-213124-3579/t.1752/cctools-temp-t.1752.BqzwSq
SSH_CLIENT=10.17.145.58 38176 22
PERL5LIB=/afs/crc.nd.edu/user/n/nkremerh/cctools/lib/perl5/site_perl/5.16.3:/afs/crc.nd.edu/user/n/nkremerh/.perl5/lib/perl5
SGE_CELL=crc
_CONDOR_SCRATCH_DIR=/var/condor/execute/dir_3437
PERL_MB_OPT=--install_base '/afs/crc.nd.edu/user/n/nkremerh/.perl5/'
SSH_TTY=/dev/pts/0
SGE_LOAD_AVG=load_avg
MAKEFLOW_MAX_LOCAL_JOBS=2
HISTFILESIZE=10000
_CHIRP_DELAYED_UPDATE_PREFIX=Chirp*
USER=nkremerh
GROUP=campus
LD_LIBRARY_PATH=/afs/crc.nd.edu/group/ccl/software/x86_64/redhat7/ruby/current/lib:/afs/crc.nd.edu/group/ccl/software/x86_64/redhat7/graphviz/current/lib:/afs/crc.nd.edu/group/ccl/software/x86_64/redhat7/git/current/lib:/afs/crc.nd.edu/group/ccl/software/x86_64/redhat7/condor/current/lib:/afs/crc.nd.edu/group/ccl/software/x86_64/redhat7/clang/current/lib:/afs/crc.nd.edu/group/ccl/software/x86_64/redhat7/condor/current/lib:/afs/crc.nd.edu/group/ccl/software/x86_64/redhat7/cctools/current/lib:/opt/crc/usr/local/lib
TEMP=/var/condor/execute/dir_3437/worker-213124-3579/t.1752/cctools-temp-t.1752.BqzwSq
BATCH_SYSTEM=HTCondor
WORKER_TMPDIR=/var/condor/execute/dir_3437/worker-213124-3579/cache/tmp
ENV=/afs/crc.nd.edu/x86_64_linux/Modules/4.5.0/init/profile.sh
MODULES_LMALTNAME=CRC_default/1.1&CRC_default/default&CRC_default
_CONDOR_CHIRP_CONFIG=/var/condor/execute/dir_3437/.chirp.config
GLOBUS_GSSAPI_MAX_TLS_PROTOCOL=0
_CONDOR_HIGHPORT=9999
HOSTTYPE=x86_64-linux
MAKELEVEL=1
MFLAGS=
CCLSOFTWARE=/afs/crc.nd.edu/group/ccl/software/x86_64/redhat7
PATH=/afs/crc.nd.edu/user/n/nkremerh/cctools/bin:/afs/crc.nd.edu/user/n/nkremerh/miniconda/bin:/afs/crc.nd.edu/group/ccl/software/git:/afs/crc.nd.edu/user/n/nkremerh/.local/bin:/afs/crc.nd.edu/group/ccl/software/x86_64/redhat7/povray/3.7/bin:/afs/crc.nd.edu/user/n/nkremerh/.perl5/bin:/afs/crc.nd.edu/user/n/nkremerh/pegasus/bin:/afs/crc.nd.edu/user/n/nkremerh/nodejs/bin:/afs/crc.nd.edu/user/n/nkremerh/montage/bin:/afs/crc.nd.edu/user/n/nkremerh/latexdiff:/afs/crc.nd.edu/user/n/nkremerh/envtrace:/afs/crc.nd.edu/user/n/nkremerh/endlines:/afs/crc.nd.edu/user/n/nkremerh/cctools/bin:/afs/crc.nd.edu/user/n/nkremerh/.cargo/bin:/afs/crc.nd.edu/group/ccl/software/x86_64/redhat7/ruby/current/bin:/afs/crc.nd.edu/group/ccl/software/x86_64/redhat7/graphviz/current/bin:/afs/crc.nd.edu/group/ccl/software/x86_64/redhat7/gnuplot/current/bin:/afs/crc.nd.edu/group/ccl/software/x86_64/redhat7/git/current/bin:/afs/crc.nd.edu/group/ccl/software/x86_64/redhat7/condor/current/sbin:/afs/crc.nd.edu/group/ccl/software/x86_64/redhat7/condor/current/bin:/afs/crc.nd.edu/group/ccl/software/x86_64/redhat7/cmake/current/bin:/afs/crc.nd.edu/group/ccl/software/x86_64/redhat7/clang/current/bin:/afs/crc.nd.edu/group/ccl/software/x86_64/redhat7/condor/current/sbin:/afs/crc.nd.edu/group/ccl/software/x86_64/redhat7/condor/current/bin:/afs/crc.nd.edu/group/ccl/software/x86_64/redhat7/cctools/current/bin:/afs/crc.nd.edu/x86_64_linux/Modules/4.5.0/bin:/opt/crc/usr/local/bin:/opt/sge/bin/lx-amd64:/usr/local/bin:/usr/bin:/usr/local/sbin:/usr/sbin:/afs/crc.nd.edu/user/c/condor/software/bin:/afs/crc.nd.edu/user/c/condor/software/sbin
MAIL=/var/spool/mail/nkremerh
PWD=/var/condor/execute/dir_3437/worker-213124-3579/t.1752
_LMFILES_=/afs/crc.nd.edu/x86_64_linux/Modules/modules/system_modules/CRC_default/1.1
SGE_EXECD_PORT=6445
EDITOR=vim
LANG=en_US.UTF-8
MODULEPATH=/afs/crc.nd.edu/x86_64_linux/Modules/modules/development_tools_and_libraries:/afs/crc.nd.edu/x86_64_linux/Modules/modules/general_software:/afs/crc.nd.edu/x86_64_linux/Modules/modules/restricted_software:/afs/crc.nd.edu/x86_64_linux/Modules/modules/system_modules:/afs/crc.nd.edu/x86_64_linux/Modules/modules/deprecated_software:/afs/crc.nd.edu/x86_64_linux/Modules/current/modulefiles
SGE_QMASTER_PORT=6444
SGE_ROOT=/opt/sge
LOADEDMODULES=CRC_default/1.1
WORK_QUEUE_SANDBOX=/var/condor/execute/dir_3437/worker-213124-3579
_CONDOR_SLOT=slot2_3
CCLPLATFORM=x86_64/redhat7
USE_SYSTEMD=true
_CONDOR_ANCESTOR_4261=3437:1594946670:4145456539
_CONDOR_LOWPORT=9100
KRB5CCNAME=FILE:/tmp/krb5cc_213124_0wTNSp
HISTCONTROL=ignoreboth:erasedups
PATH_modshare=/opt/crc/usr/local/bin:1:/opt/sge/bin/lx-amd64:1:/usr/sbin:1:/usr/bin:1:/afs/crc.nd.edu/user/c/condor/software/sbin:1:/usr/local/sbin:1:/afs/crc.nd.edu/user/c/condor/software/bin:1:/usr/local/bin:1
SHLVL=7
HOME=/afs/crc.nd.edu/user/n/nkremerh
GLOBUS_GSSAPI_NAME_COMPATIBILITY=STRICT_RFC2818
_CONDOR_ANCESTOR_3989=4261:1593343483:4184216969
_CONDOR_MACHINE_AD=/var/condor/execute/dir_3437/.machine.ad
OSTYPE=linux
DISK=18236
GREP_OPTIONS=--color=auto
_CONDOR_ANCESTOR_3437=3498:1594946671:905281026
GLOBUS_GSSAPI_MIN_TLS_PROTOCOL=TLS1_VERSION
MEMORY=1948
MANPATH_modshare=/usr/share/man/overrides:1:/usr/local/share/man:1:/usr/share/man:1:/opt/crc/usr/local/man:1:/opt/sge/man:1
VENDOR=unknown
BASH_ENV=/afs/crc.nd.edu/x86_64_linux/Modules/4.5.0/init/bash
PERL_LOCAL_LIB_ROOT=/afs/crc.nd.edu/user/n/nkremerh/.perl5/
PYTHONPATH=/afs/crc.nd.edu/user/n/nkremerh/cctools/lib/python3.6/site-packages/
CCLHOME=/afs/crc.nd.edu/group/ccl
MACHTYPE=x86_64
LOGNAME=nkremerh
TMP=/var/condor/execute/dir_3437/worker-213124-3579/t.1752/cctools-temp-t.1752.BqzwSq
LD_LIBRARY_PATH_modshare=/opt/crc/usr/local/lib:1
MODULES_LMALTNAME_modshare=CRC_default/1.1&CRC_default/default&CRC_default:1
SSH_CONNECTION=10.17.145.58 38176 129.74.128.103 22
MODULESHOME=/afs/crc.nd.edu/x86_64_linux/Modules/4.5.0
OMP_NUM_THREADS=1
LESSOPEN=||/usr/bin/lesspipe.sh %s
GLOBUS_GSSAPI_BACKWARD_COMPATIBLE_MIC=true
GLOBUS_GSSAPI_CIPHERS=HIGH
LOADEDMODULES_modshare=CRC_default/1.1:1
_CONDOR_JOB_AD=/var/condor/execute/dir_3437/.job.ad
SGE_CLUSTER_NAME=CRC
XDG_RUNTIME_DIR=/run/user/213124
CCTOOLS=../cctools
CORES=1
_CONDOR_JOB_IWD=/var/condor/execute/dir_3437
PERL_MM_OPT=INSTALL_BASE=/afs/crc.nd.edu/user/n/nkremerh/.perl5/
GLOBUS_GSSAPI_SERVER_CIPHER_ORDER=true
BASH_FUNC_module()=() {  unset _mlshdbg;
 if [ "${MODULES_SILENT_SHELL_DEBUG:-0}" = '1' ]; then
 case "$-" in 
 *v*x*)
 set +vx;
 _mlshdbg='vx'
 ;;
 *v*)
 set +v;
 _mlshdbg='v'
 ;;
 *x*)
 set +x;
 _mlshdbg='x'
 ;;
 *)
 _mlshdbg=''
 ;;
 esac;
 fi;
 unset _mlre _mlIFS;
 if [ -n "${IFS+x}" ]; then
 _mlIFS=$IFS;
 fi;
 IFS=' ';
 for _mlv in ${MODULES_RUN_QUARANTINE:-};
 do
 if [ "${_mlv}" = "${_mlv##*[!A-Za-z0-9_]}" -a "${_mlv}" = "${_mlv#[0-9]}" ]; then
 if [ -n "`eval 'echo ${'$_mlv'+x}'`" ]; then
 _mlre="${_mlre:-}${_mlv}_modquar='`eval 'echo ${'$_mlv'}'`' ";
 fi;
 _mlrv="MODULES_RUNENV_${_mlv}";
 _mlre="${_mlre:-}${_mlv}='`eval 'echo ${'$_mlrv':-}'`' ";
 fi;
 done;
 if [ -n "${_mlre:-}" ]; then
 eval `eval ${_mlre}/usr/bin/tclsh /afs/crc.nd.edu/x86_64_linux/Modules/4.5.0/libexec/modulecmd.tcl bash '"$@"'`;
 else
 eval `/usr/bin/tclsh /afs/crc.nd.edu/x86_64_linux/Modules/4.5.0/libexec/modulecmd.tcl bash "$@"`;
 fi;
 _mlstatus=$?;
 if [ -n "${_mlIFS+x}" ]; then
 IFS=$_mlIFS;
 else
 unset IFS;
 fi;
 unset _mlre _mlv _mlrv _mlIFS;
 if [ -n "${_mlshdbg:-}" ]; then
 set -$_mlshdbg;
 fi;
 unset _mlshdbg;
 return $_mlstatus
}
BASH_FUNC_ml()=() {  module ml "$@"
}
_=/usr/bin/printenv
