5089   0.000000 libjli.so->getenv("_JAVA_LAUNCHER_DEBUG") = nil
5089   0.001854 libjli.so->getenv("_JAVA_VERSION_SET") = nil
5089   0.000775 libjli.so->fopen("/usr/lib/jvm/java-1.8.0-openjdk-1.8.0.262.b10-0.el7_8.x86_64/jre/lib/amd64/jvm.cfg", "r") = 0x55b0761120e0
5089   0.000801 libjli.so->getenv("JDK_ALTERNATE_VM") = nil
5089   0.000309 libjli.so->__xstat(1, "/usr/lib/jvm/java-1.8.0-openjdk-1.8.0.262.b10-0.el7_8.x86_64/jre/lib/amd64/server/libjvm.so", 0x7ffc7a06c650) = 0
5089   0.000596 libjli.so->getenv("LD_LIBRARY_PATH") = "/afs/crc.nd.edu/group/ccl/software/x86_64/redhat7/ruby/current/lib:/afs/crc.nd.edu/group/ccl/software/x86_64/redhat7/graphviz/current/lib:/afs/crc.nd.edu/group/ccl/software/x86_64/redhat7/git/current/lib:/afs/crc.nd.edu/group/ccl/software/x86_64/redhat7/condor/current/lib:/afs/crc.nd.edu/group/ccl/software/x86_64/redhat7/clang/current/lib:/afs/crc.nd.edu/group/ccl/software/x86_64/redhat7/condor/current/lib:/afs/crc.nd.edu/group/ccl/software/x86_64/redhat7/cctools/current/lib:/opt/crc/usr/local/lib"
5089   0.002185 libjli.so->dlopen("/usr/lib/jvm/java-1.8.0-openjdk-1.8.0.262.b10-0.el7_8.x86_64/jre/lib/amd64/server/libjvm.so", 258 <unfinished ...>
5089   0.037806 libjvm.so->getenv("NMT_LEVEL_5089") = nil
5089   0.001703 <... dlopen resumed> )           = 0x55b0761124b0
5089   0.000065 libjli.so->getenv("CLASSPATH")   = nil
5089   0.000358 libjli.so->getenv("_JAVA_SPLASH_JAR") = nil
5089   0.000321 libjli.so->getenv("_JAVA_SPLASH_FILE") = nil
5089   0.000310 libjli.so->pthread_attr_setdetachstate(0x7ffc7a06c600, 0, 0x7ffc7a06c690, 0) = 0
5089   0.000576 libpthread.so.0->__clone(0x2b6aa1f62de0, 0x2b6aa1e75fc0, 0x3d0f00, 0x2b6aa1e76700) = 5090
5090   0.001535 libjvm.so->dlopen(0x2b6aa37419ae, 1, 0xfffffffffff42c48, 4096) = 0x2b6aa8000990
5090   0.002353 libjvm.so->getenv(0x2b6aa375c83e, 0, 115, 0x65737361) = 0x7ffc7a072653
5090   0.000427 libjvm.so->fopen(0x2b6aa1e74c10, 0x2b6aa36f8ccb, 0x6f732e79666972, 0x2b6aa283aab0) = 0x2b6aa8001440
5090   0.004512 libjvm.so->dlopen(0x2b6aa1e74c10, 1, 0xffffffff, 0x2b6aa8002b00) = 0x2b6aa8001440
5090   0.003388 libjvm.so->fopen(0x2b6aa1e74c10, 0x2b6aa36f8ccb, 111, 0x732e6176) = 0x2b6aa8001b10
5090   0.003786 libjvm.so->dlopen(0x2b6aa1e74c10, 1, 0xffffffff, 0x2b6aa8001a00) = 0x2b6aa8001b10
5090   0.008207 libjvm.so->__xstat(1, 0x2b6aa1e75360, 0x2b6aa1e75ba0, 0x746f7073746f682e) = -1
5090   0.000491 libjvm.so->getenv(0x2b6aa36f1541, 0x2b6aa1e756d0, 1024, 0x2b6aa3bab61b) = 0
5090   0.000424 libjvm.so->getenv(0x2b6aa36f1533, 0x2b6aa1e756d0, 1024, 0) = 0
5090   0.000424 libjvm.so->fopen(0x2b6aa3741315, 0x2b6aa36f8ccb, 4095, 0xffffd4955c90eb03) = 0x2b6aa80032d0
5090   0.001072 libjvm.so->fopen(0x2b6aa3741361, 0x2b6aa36f8ccb, 0x2b6aa8000078, 0x2b6aa80032c0) = 0x2b6aa80032d0
5090   0.000769 libjvm.so->fopen(0x2b6aa1e6f9b0, 0x2b6aa36f8ccb, 4014, 3995) = 0x2b6aa80032d0
5090   0.000940 libjvm.so->opendir(0x2b6aa8002b40, 0x2b6aa8002b40, 13, 16) = 0
5090   0.000525 libjvm.so->__xstat(1, 0x2b6aa1e748f0, 0x2b6aa1e73860, 0x6f732e7477616d62) = -1
5090   0.000468 libjvm.so->__xstat(1, 0x2b6aa1e748f0, 0x2b6aa1e73860, 0x5f74776162696c2f) = 0
5090   0.000510 libjvm.so->fopen(0x2b6aa1e73b90, 0x2b6aa36f8ccb, 4009, 3994) = 0x2b6aa80037b0
5090   0.000593 libjvm.so->fopen(0x2b6aa1e73b90, 0x2b6aa36f8ccb, 4009, 3994) = 0x2b6aa80037b0
5090   0.000598 libjvm.so->fopen(0x2b6aa1e73b90, 0x2b6aa36f8ccb, 4009, 4002) = 0x2b6aa80037b0
5090   0.000619 libjvm.so->fopen(0x2b6aa1e73b20, 0x2b6aa36f8ccb, 4009, 3994) = 0x2b6aa80037b0
5090   0.000645 libjvm.so->fopen(0x2b6aa1e73b20, 0x2b6aa36f8ccb, 4009, 3994) = 0x2b6aa80037b0
5090   0.000638 libjvm.so->fopen(0x2b6aa1e73b20, 0x2b6aa36f8ccb, 4009, 4002) = 0x2b6aa80037b0
5090   0.000681 libjvm.so->fopen(0x2b6aa1e73b50, 0x2b6aa36f8ccb, 4014, 3995) = 0x2b6aa80037b0
5090   0.000847 libjvm.so->getenv(0x2b6aa37420ff, 4096, 3, -1) = 0
5090   0.001498 libjvm.so->fopen(0x2b6aa3741998, 0x2b6aa36f8ccb, 0x2b6aa1f59908, 0x2b6aa1f58df0) = 0x2b6aa80037b0
5090   0.005739 libjvm.so->open(0x2b6aa804a5a0, 0x20000, 0, 0x2b6aa804a5e9) = 3
5090   0.000456 libjvm.so->__fxstat(1, 3, 0x2b6aa1e75a00, -1) = 0
5090   0.000583 libjvm.so->opendir(0x2b6aa804a5a0, 0x2b6aa1e75a00, 0x4000, -1) = 0x2b6aa804b4b0
5090   0.000619 libjvm.so->__fxstat(1, 3, 0x2b6aa1e758a0, 0x2b6aa804b4b0) = 0
5090   0.000533 libjvm.so->__fxstat(1, 5, 0x2b6aa1e75930, -1) = 0
5090   0.000460 libjvm.so->open(0x2b6aa370f9dc, 0, 0, 0) = 3
5090   0.000708 libjvm.so->__lxstat(1, 0x2b6aa804a5a0, 0x2b6aa1e75b50, -144) = 0
5090   0.000490 libjvm.so->open(0x2b6aa804a5a0, 0x20000, 0x4000, -1) = 3
5090   0.000425 libjvm.so->__fxstat(1, 3, 0x2b6aa1e75a00, -1) = 0
5090   0.000496 libjvm.so->opendir(0x2b6aa804a5a0, 0x2b6aa1e75a00, 0x4000, -1) = 0x2b6aa804b4b0
5090   0.000451 libjvm.so->__fxstat(1, 3, 0x2b6aa1e758a0, 0x2b6aa804b4b0) = 0
5090   0.000419 libjvm.so->__fxstat(1, 5, 0x2b6aa1e75930, -1) = 0
5090   0.000492 libjvm.so->open(0x2b6aa370f9dc, 0, 0, 0) = 3
5090   0.000505 libjvm.so->open(0x2b6aa804a5e9, 0x20042, 384, -1) = 7
5090   0.000716 libjvm.so->__fxstat(1, 7, 0x2b6aa1e75b50, -1) = 0
5090   0.002519 libjvm.so->fopen(0x2b6aa1e74b60, 0x2b6aa36f8ccb, 4, 0x6f732e70) = 0x2b6aa8057c00
5090   0.001540 libjvm.so->dlopen(0x2b6aa1e74b60, 1, 0xffffffff, 0x2b6aa8057b00) = 0x2b6aa8057c00
5090   0.001438 libjvm.so->__xstat(1, 0x2b6aa1e75120, 0x2b6aa1e75950, 2048) = 0
5090   0.000466 libjvm.so->__xstat(1, 0x2b6aa1e75120, 0x2b6aa1e75950, 2048) = 0
5090   0.000410 libjvm.so->__xstat(1, 0x2b6aa1e75120, 0x2b6aa1e75950, 2048) = -1
5090   0.000520 libjvm.so->__xstat(1, 0x2b6aa1e75120, 0x2b6aa1e75950, 2048) = 0
5090   0.000414 libjvm.so->__xstat(1, 0x2b6aa1e75120, 0x2b6aa1e75950, 2048) = 0
5090   0.000555 libjvm.so->__xstat(1, 0x2b6aa1e75120, 0x2b6aa1e75950, 2048) = 0
5090   0.000479 libjvm.so->__xstat(1, 0x2b6aa1e75120, 0x2b6aa1e75950, 2048) = 0
5090   0.000453 libjvm.so->__xstat(1, 0x2b6aa1e75120, 0x2b6aa1e75950, 2048) = -1
5090   0.000440 libjvm.so->fopen(0x2b6aa8002520, 0x2b6aa36f8ccb, 0, 0) = 0x2b6aa8058aa0
5090   0.008846 libjvm.so->open64(0x2b6aa1e74410, 0, 0, 16) = 3
5090   0.000466 libjvm.so->__fxstat64(1, 3, 0x2b6aa1e74240, -1) = 0
5090   0.043863 libjvm.so->__xstat(1, 0x2b6aa1e74f20, 0x2b6aa1e75750, 2048) = -1
5090   0.001042 libjvm.so->fopen(0x2b6aa1e73b20, 0x2b6aa36f8ccb, 4009, 3994) = 0x2b6aa80b1fb0
5090   0.000623 libjvm.so->fopen(0x2b6aa1e73b20, 0x2b6aa36f8ccb, 4009, 3994) = 0x2b6aa80b1fb0
5090   0.000943 libjvm.so->fopen(0x2b6aa1e73b20, 0x2b6aa36f8ccb, 4009, 4002) = 0x2b6aa80b1fb0
5090   0.004464 libjvm.so->pthread_attr_setdetachstate(0x2b6aa1e75c00, 1, 0, 0) = 0
5090   0.000510 libpthread.so.0->__clone(0x2b6aa1f62de0, 0x2b6aa77e6fc0, 0x3d0f00, 0x2b6aa77e7700) = 5092
5090   0.018009 libjvm.so->pthread_attr_setdetachstate(0x2b6aa1e75290, 1, 0, 0) = 0
5090   0.000719 libpthread.so.0->__clone(0x2b6aa1f62de0, 0x2b6aa78e7fc0, 0x3d0f00, 0x2b6aa78e8700) = 5093
5090   0.016717 libjvm.so->pthread_attr_setdetachstate(0x2b6aa1e75610, 1, 0, 0) = 0
5090   0.002612 libpthread.so.0->__clone(0x2b6aa1f62de0, 0x2b6aa79e8fc0, 0x3d0f00, 0x2b6aa79e9700) = 5094
5090   0.040253 libjvm.so->fopen(0x2b6aa80f17f0, 0x2b6aa36f8ccb, 4, 0x6f732e70) = 0x2b6aa80f1cf0
5090   0.002803 libjvm.so->dlopen(0x2b6aa80f17f0, 1, 0xffffffff, 0x2b6aa80e8c00) = 0x2b6aa8057c00
5090   0.005070 libjvm.so->open64(0x2b6aa1e74510, 0, 0, 16) = 5
5090   0.004238 libjvm.so->__fxstat64(1, 5, 0x2b6aa1e74340, -1) = 0
5090   0.023378 libjvm.so->fopen(0x2b6aa1e71130, 0x2b6aa36f8ccb, 4009, 3994) = 0x2b6aa80fccc0
5090   0.001516 libjvm.so->fopen(0x2b6aa1e71130, 0x2b6aa36f8ccb, 4009, 3994) = 0x2b6aa80fccc0
5090   0.001076 libjvm.so->fopen(0x2b6aa1e71130, 0x2b6aa36f8ccb, 4009, 4002) = 0x2b6aa80fccc0
5090   0.015653 libjvm.so->pthread_attr_setdetachstate(0x2b6aa1e75b50, 1, 0, 0) = 0
5090   0.000940 libpthread.so.0->__clone(0x2b6aa1f62de0, 0x2b6aa7ae9fc0, 0x3d0f00, 0x2b6aa7aea700) = 5095
5090   0.001430 libjvm.so->__xstat64(1, 0x2b6aa1e75be0, 0x2b6aa1e75b50, 18) = -1
5090   0.001160 libjvm.so->pthread_attr_setdetachstate(0x2b6aa1e75950, 1, 0, 0) = 0
5090   0.001082 libpthread.so.0->__clone(0x2b6aa1f62de0, 0x2b6aa7beafc0, 0x3d0f00, 0x2b6aa7beb700) = 5096
5090   0.001729 libjvm.so->pthread_attr_setdetachstate(0x2b6aa1e75950, 1, 0, 0) = 0
5090   0.001314 libpthread.so.0->__clone(0x2b6aa1f62de0, 0x2b6aa7cebfc0, 0x3d0f00, 0x2b6aa7cec700) = 5097
5090   0.009675 libjvm.so->pthread_attr_setdetachstate(0x2b6aa1e75aa0, 1, 0, 0) = 0
5090   0.001457 libpthread.so.0->__clone(0x2b6aa1f62de0, 0x2b6aa7decfc0, 0x3d0f00, 0x2b6aa7ded700) = 5098
5090   0.002351 libjvm.so->pthread_attr_setdetachstate(0x2b6aa1e75bb0, 1, 0, 0) = 0
5090   0.001600 libpthread.so.0->__clone(0x2b6aa1f62de0, 0x2b6aa7eedfc0, 0x3d0f00, 0x2b6aa7eee700) = 5099
5090   0.021591 libjvm.so->open64(0x2b6aa8128890, 0, 0, 16) = 7
5090   0.007068 libjvm.so->__fxstat64(1, 7, 0x2b6aa1e72f60, -1) = 0
5090   0.037115 libjvm.so->fopen(0x2b6aa81546e0, 0x2b6aa36f8ccb, 4, 0x6f732e6f) = 0x2b6aa81547a0
5090   0.007862 libjvm.so->dlopen(0x2b6aa81546e0, 1, 0xffffffff, 0x2b6aa8154700) = 0x2b6aa81547a0
5090   0.143900 libjvm.so->fopen(0x2b6aa1e6fe40, 0x2b6aa36f8ccb, 0x6f732e, 0x6d766a62696c2f72) = 0x2b6aa816c3d0
5090   0.007114 libjvm.so->dlopen(0x2b6aa1e6fe40, 1, 0xffffffff, 0x2b6aa8174800) = 0x55b0761124b0
5090   0.002704 libjvm.so->fopen(0x2b6aa1e6fe40, 0x2b6aa36f8ccb, 0x6f732e, 0x6d766a62696c2f72) = 0x2b6aa816c7d0
5090   0.011112 libjvm.so->dlopen(0x2b6aa1e6fe40, 1, 0xffffffff, 0x2b6aa8174800) = 0x55b0761124b0
5090   0.001705 libjvm.so->fopen(0x2b6aa1e6fe40, 0x2b6aa36f8ccb, 0x6f732e, 0x6d766a62696c2f72) = 0x2b6aa816c3d0
5090   0.003685 libjvm.so->dlopen(0x2b6aa1e6fe40, 1, 0xffffffff, 0x2b6aa8174800) = 0x55b0761124b0
5090   0.002334 libjvm.so->fopen(0x2b6aa1e6fe40, 0x2b6aa36f8ccb, 0x6f732e, 0x6d766a62696c2f72) = 0x2b6aa816c3d0
5090   0.003659 libjvm.so->dlopen(0x2b6aa1e6fe40, 1, 0xffffffff, 0x2b6aa8174800) = 0x55b0761124b0
5090   0.048428 libjvm.so->fopen(0x2b6aa81bf220, 0x2b6aa36f8ccb, 4, 0x6f732e74) = 0x2b6aa81cd0f0
5090   0.004619 libjvm.so->dlopen(0x2b6aa81bf220, 1, 0xffffffff, 0x2b6aa81b5600) = 0x2b6aa81cd0f0
5090   0.147552 libjvm.so->fopen(0x2b6aa82283e0, 0x2b6aa36f8ccb, 0x6f732e7373656c, 0x656c646165685f74) = 0x2b6aa82284f0
5090   0.003124 libjvm.so->dlopen(0x2b6aa82283e0, 1, 0xffffffff, 0x2b6aa8228400) = 0x2b6aa82284f0
5099   0.041091 +++ exited (status 0) +++
5095   0.000267 --- SIGSEGV (Segmentation fault) ---
5092   0.000573 +++ exited (status 0) +++
5090   0.000294 +++ exited (status 0) +++
5098   0.000312 +++ exited (status 1) +++
5097   0.000034 +++ exited (status 1) +++
5095   0.000016 +++ exited (status 1) +++
5094   0.000015 +++ exited (status 1) +++
5093   0.000014 +++ exited (status 1) +++
5096   0.004979 +++ exited (status 1) +++
5089   0.000034 +++ exited (status 1) +++
Wrote an ltrace for command: "java -cp ./tools/maxent.jar density.Project outputs/Herona_sumatrana_Moore/Herona_sumatrana_Moore.lambdas data/layers/worldclim outputs/Herona_sumatrana_Moore_worldclim.asc nowarnings nocache autorun -z" with PID 5087 from PPID 5068 on disc25.crc.nd.edu with result 1
REMOTEHOST=10.17.145.58
_CONDOR_JOB_PIDS=
MANPATH=/afs/crc.nd.edu/user/n/nkremerh/cctools/share/man/:/afs/crc.nd.edu/group/ccl/software/x86_64/redhat7/ruby/current/share/man:/afs/crc.nd.edu/group/ccl/software/x86_64/redhat7/graphviz/current/share/man:/afs/crc.nd.edu/group/ccl/software/x86_64/redhat7/gnuplot/current/share/man:/afs/crc.nd.edu/group/ccl/software/x86_64/redhat7/git/current/share/man:/afs/crc.nd.edu/group/ccl/software/x86_64/redhat7/condor/current/share/man:/afs/crc.nd.edu/group/ccl/software/x86_64/redhat7/clang/current/share/man:/afs/crc.nd.edu/group/ccl/software/x86_64/redhat7/condor/current/share/man:/afs/crc.nd.edu/group/ccl/software/x86_64/redhat7/cctools/current/share/man:/afs/crc.nd.edu/group/ccl/software/x86_64/redhat7/cctools/current/share/man:/afs/crc.nd.edu/x86_64_linux/Modules/4.5.0/share/man:/opt/crc/usr/local/man:/opt/sge/man:/usr/share/man/overrides:/usr/share/man:/usr/local/share/man
XDG_SESSION_ID=3301
HOSTNAME=disc01.crc.nd.edu
_LMFILES__modshare=/afs/crc.nd.edu/x86_64_linux/Modules/modules/system_modules/CRC_default/1.1:1
MODULEPATH_modshare=/afs/crc.nd.edu/x86_64_linux/Modules/modules/general_software:1:/afs/crc.nd.edu/x86_64_linux/Modules/modules/development_tools_and_libraries:1:/afs/crc.nd.edu/x86_64_linux/Modules/modules/system_modules:1:/afs/crc.nd.edu/x86_64_linux/Modules/current/modulefiles:1:/afs/crc.nd.edu/x86_64_linux/Modules/modules/restricted_software:1:/afs/crc.nd.edu/x86_64_linux/Modules/modules/deprecated_software:1
MODULES_CMD=/afs/crc.nd.edu/x86_64_linux/Modules/4.5.0/libexec/modulecmd.tcl
HOST=disc01.crc.nd.edu
SHELL=/bin/tcsh
TERM=xterm-256color
MAKEFLAGS=
HISTSIZE=5000
TMPDIR=/var/condor/execute/dir_3434/worker-213124-3537/t.1480/cctools-temp-t.1480.ZxvdR4
SSH_CLIENT=10.17.145.58 38176 22
PERL5LIB=/afs/crc.nd.edu/user/n/nkremerh/cctools/lib/perl5/site_perl/5.16.3:/afs/crc.nd.edu/user/n/nkremerh/.perl5/lib/perl5
SGE_CELL=crc
_CONDOR_SCRATCH_DIR=/var/condor/execute/dir_3434
PERL_MB_OPT=--install_base '/afs/crc.nd.edu/user/n/nkremerh/.perl5/'
SSH_TTY=/dev/pts/0
SGE_LOAD_AVG=load_avg
MAKEFLOW_MAX_LOCAL_JOBS=2
HISTFILESIZE=10000
_CHIRP_DELAYED_UPDATE_PREFIX=Chirp*
USER=nkremerh
GROUP=campus
LD_LIBRARY_PATH=/afs/crc.nd.edu/group/ccl/software/x86_64/redhat7/ruby/current/lib:/afs/crc.nd.edu/group/ccl/software/x86_64/redhat7/graphviz/current/lib:/afs/crc.nd.edu/group/ccl/software/x86_64/redhat7/git/current/lib:/afs/crc.nd.edu/group/ccl/software/x86_64/redhat7/condor/current/lib:/afs/crc.nd.edu/group/ccl/software/x86_64/redhat7/clang/current/lib:/afs/crc.nd.edu/group/ccl/software/x86_64/redhat7/condor/current/lib:/afs/crc.nd.edu/group/ccl/software/x86_64/redhat7/cctools/current/lib:/opt/crc/usr/local/lib
TEMP=/var/condor/execute/dir_3434/worker-213124-3537/t.1480/cctools-temp-t.1480.ZxvdR4
BATCH_SYSTEM=HTCondor
WORKER_TMPDIR=/var/condor/execute/dir_3434/worker-213124-3537/cache/tmp
ENV=/afs/crc.nd.edu/x86_64_linux/Modules/4.5.0/init/profile.sh
MODULES_LMALTNAME=CRC_default/1.1&CRC_default/default&CRC_default
_CONDOR_CHIRP_CONFIG=/var/condor/execute/dir_3434/.chirp.config
GLOBUS_GSSAPI_MAX_TLS_PROTOCOL=0
_CONDOR_HIGHPORT=9999
HOSTTYPE=x86_64-linux
MAKELEVEL=1
MFLAGS=
CCLSOFTWARE=/afs/crc.nd.edu/group/ccl/software/x86_64/redhat7
PATH=/afs/crc.nd.edu/user/n/nkremerh/cctools/bin:/afs/crc.nd.edu/user/n/nkremerh/miniconda/bin:/afs/crc.nd.edu/group/ccl/software/git:/afs/crc.nd.edu/user/n/nkremerh/.local/bin:/afs/crc.nd.edu/group/ccl/software/x86_64/redhat7/povray/3.7/bin:/afs/crc.nd.edu/user/n/nkremerh/.perl5/bin:/afs/crc.nd.edu/user/n/nkremerh/pegasus/bin:/afs/crc.nd.edu/user/n/nkremerh/nodejs/bin:/afs/crc.nd.edu/user/n/nkremerh/montage/bin:/afs/crc.nd.edu/user/n/nkremerh/latexdiff:/afs/crc.nd.edu/user/n/nkremerh/envtrace:/afs/crc.nd.edu/user/n/nkremerh/endlines:/afs/crc.nd.edu/user/n/nkremerh/cctools/bin:/afs/crc.nd.edu/user/n/nkremerh/.cargo/bin:/afs/crc.nd.edu/group/ccl/software/x86_64/redhat7/ruby/current/bin:/afs/crc.nd.edu/group/ccl/software/x86_64/redhat7/graphviz/current/bin:/afs/crc.nd.edu/group/ccl/software/x86_64/redhat7/gnuplot/current/bin:/afs/crc.nd.edu/group/ccl/software/x86_64/redhat7/git/current/bin:/afs/crc.nd.edu/group/ccl/software/x86_64/redhat7/condor/current/sbin:/afs/crc.nd.edu/group/ccl/software/x86_64/redhat7/condor/current/bin:/afs/crc.nd.edu/group/ccl/software/x86_64/redhat7/cmake/current/bin:/afs/crc.nd.edu/group/ccl/software/x86_64/redhat7/clang/current/bin:/afs/crc.nd.edu/group/ccl/software/x86_64/redhat7/condor/current/sbin:/afs/crc.nd.edu/group/ccl/software/x86_64/redhat7/condor/current/bin:/afs/crc.nd.edu/group/ccl/software/x86_64/redhat7/cctools/current/bin:/afs/crc.nd.edu/x86_64_linux/Modules/4.5.0/bin:/opt/crc/usr/local/bin:/opt/sge/bin/lx-amd64:/usr/local/bin:/usr/bin:/usr/local/sbin:/usr/sbin:/afs/crc.nd.edu/user/c/condor/software/bin:/afs/crc.nd.edu/user/c/condor/software/sbin
MAIL=/var/spool/mail/nkremerh
PWD=/var/condor/execute/dir_3434/worker-213124-3537/t.1480
_LMFILES_=/afs/crc.nd.edu/x86_64_linux/Modules/modules/system_modules/CRC_default/1.1
SGE_EXECD_PORT=6445
EDITOR=vim
LANG=en_US.UTF-8
MODULEPATH=/afs/crc.nd.edu/x86_64_linux/Modules/modules/development_tools_and_libraries:/afs/crc.nd.edu/x86_64_linux/Modules/modules/general_software:/afs/crc.nd.edu/x86_64_linux/Modules/modules/restricted_software:/afs/crc.nd.edu/x86_64_linux/Modules/modules/system_modules:/afs/crc.nd.edu/x86_64_linux/Modules/modules/deprecated_software:/afs/crc.nd.edu/x86_64_linux/Modules/current/modulefiles
SGE_QMASTER_PORT=6444
SGE_ROOT=/opt/sge
LOADEDMODULES=CRC_default/1.1
WORK_QUEUE_SANDBOX=/var/condor/execute/dir_3434/worker-213124-3537
_CONDOR_SLOT=slot2_2
CCLPLATFORM=x86_64/redhat7
USE_SYSTEMD=true
_CONDOR_ANCESTOR_4261=3434:1594946670:4145456538
_CONDOR_LOWPORT=9100
KRB5CCNAME=FILE:/tmp/krb5cc_213124_0wTNSp
HISTCONTROL=ignoreboth:erasedups
PATH_modshare=/opt/crc/usr/local/bin:1:/opt/sge/bin/lx-amd64:1:/usr/sbin:1:/usr/bin:1:/afs/crc.nd.edu/user/c/condor/software/sbin:1:/usr/local/sbin:1:/afs/crc.nd.edu/user/c/condor/software/bin:1:/usr/local/bin:1
SHLVL=7
HOME=/afs/crc.nd.edu/user/n/nkremerh
GLOBUS_GSSAPI_NAME_COMPATIBILITY=STRICT_RFC2818
_CONDOR_ANCESTOR_3989=4261:1593343483:4184216969
_CONDOR_MACHINE_AD=/var/condor/execute/dir_3434/.machine.ad
OSTYPE=linux
DISK=18236
GREP_OPTIONS=--color=auto
GLOBUS_GSSAPI_MIN_TLS_PROTOCOL=TLS1_VERSION
MEMORY=1948
MANPATH_modshare=/usr/share/man/overrides:1:/usr/local/share/man:1:/usr/share/man:1:/opt/crc/usr/local/man:1:/opt/sge/man:1
VENDOR=unknown
BASH_ENV=/afs/crc.nd.edu/x86_64_linux/Modules/4.5.0/init/bash
PERL_LOCAL_LIB_ROOT=/afs/crc.nd.edu/user/n/nkremerh/.perl5/
_CONDOR_ANCESTOR_3434=3465:1594946671:1802231298
PYTHONPATH=/afs/crc.nd.edu/user/n/nkremerh/cctools/lib/python3.6/site-packages/
CCLHOME=/afs/crc.nd.edu/group/ccl
MACHTYPE=x86_64
LOGNAME=nkremerh
TMP=/var/condor/execute/dir_3434/worker-213124-3537/t.1480/cctools-temp-t.1480.ZxvdR4
LD_LIBRARY_PATH_modshare=/opt/crc/usr/local/lib:1
MODULES_LMALTNAME_modshare=CRC_default/1.1&CRC_default/default&CRC_default:1
SSH_CONNECTION=10.17.145.58 38176 129.74.128.103 22
MODULESHOME=/afs/crc.nd.edu/x86_64_linux/Modules/4.5.0
OMP_NUM_THREADS=1
LESSOPEN=||/usr/bin/lesspipe.sh %s
GLOBUS_GSSAPI_BACKWARD_COMPATIBLE_MIC=true
GLOBUS_GSSAPI_CIPHERS=HIGH
LOADEDMODULES_modshare=CRC_default/1.1:1
_CONDOR_JOB_AD=/var/condor/execute/dir_3434/.job.ad
SGE_CLUSTER_NAME=CRC
XDG_RUNTIME_DIR=/run/user/213124
CCTOOLS=../cctools
CORES=1
_CONDOR_JOB_IWD=/var/condor/execute/dir_3434
PERL_MM_OPT=INSTALL_BASE=/afs/crc.nd.edu/user/n/nkremerh/.perl5/
GLOBUS_GSSAPI_SERVER_CIPHER_ORDER=true
BASH_FUNC_module()=() {  unset _mlshdbg;
 if [ "${MODULES_SILENT_SHELL_DEBUG:-0}" = '1' ]; then
 case "$-" in 
 *v*x*)
 set +vx;
 _mlshdbg='vx'
 ;;
 *v*)
 set +v;
 _mlshdbg='v'
 ;;
 *x*)
 set +x;
 _mlshdbg='x'
 ;;
 *)
 _mlshdbg=''
 ;;
 esac;
 fi;
 unset _mlre _mlIFS;
 if [ -n "${IFS+x}" ]; then
 _mlIFS=$IFS;
 fi;
 IFS=' ';
 for _mlv in ${MODULES_RUN_QUARANTINE:-};
 do
 if [ "${_mlv}" = "${_mlv##*[!A-Za-z0-9_]}" -a "${_mlv}" = "${_mlv#[0-9]}" ]; then
 if [ -n "`eval 'echo ${'$_mlv'+x}'`" ]; then
 _mlre="${_mlre:-}${_mlv}_modquar='`eval 'echo ${'$_mlv'}'`' ";
 fi;
 _mlrv="MODULES_RUNENV_${_mlv}";
 _mlre="${_mlre:-}${_mlv}='`eval 'echo ${'$_mlrv':-}'`' ";
 fi;
 done;
 if [ -n "${_mlre:-}" ]; then
 eval `eval ${_mlre}/usr/bin/tclsh /afs/crc.nd.edu/x86_64_linux/Modules/4.5.0/libexec/modulecmd.tcl bash '"$@"'`;
 else
 eval `/usr/bin/tclsh /afs/crc.nd.edu/x86_64_linux/Modules/4.5.0/libexec/modulecmd.tcl bash "$@"`;
 fi;
 _mlstatus=$?;
 if [ -n "${_mlIFS+x}" ]; then
 IFS=$_mlIFS;
 else
 unset IFS;
 fi;
 unset _mlre _mlv _mlrv _mlIFS;
 if [ -n "${_mlshdbg:-}" ]; then
 set -$_mlshdbg;
 fi;
 unset _mlshdbg;
 return $_mlstatus
}
BASH_FUNC_ml()=() {  module ml "$@"
}
_=/usr/bin/printenv
