25239   0.000000 libjli.so->getenv("_JAVA_LAUNCHER_DEBUG") = nil
25239   0.001912 libjli.so->getenv("_JAVA_VERSION_SET") = nil
25239   0.000844 libjli.so->fopen("/usr/lib/jvm/java-1.8.0-openjdk-1.8.0.252.b09-2.el7_8.x86_64/jre/lib/amd64/jvm.cfg", "r") = 0x55cdb08d60e0
25239   0.000788 libjli.so->getenv("JDK_ALTERNATE_VM") = nil
25239   0.000309 libjli.so->__xstat(1, "/usr/lib/jvm/java-1.8.0-openjdk-1.8.0.252.b09-2.el7_8.x86_64/jre/lib/amd64/server/libjvm.so", 0x7ffcb3ac2c30) = 0
25239   0.000564 libjli.so->getenv("LD_LIBRARY_PATH") = "/afs/crc.nd.edu/group/ccl/software/x86_64/redhat7/ruby/current/lib:/afs/crc.nd.edu/group/ccl/software/x86_64/redhat7/graphviz/current/lib:/afs/crc.nd.edu/group/ccl/software/x86_64/redhat7/git/current/lib:/afs/crc.nd.edu/group/ccl/software/x86_64/redhat7/condor/current/lib:/afs/crc.nd.edu/group/ccl/software/x86_64/redhat7/clang/current/lib:/afs/crc.nd.edu/group/ccl/software/x86_64/redhat7/condor/current/lib:/afs/crc.nd.edu/group/ccl/software/x86_64/redhat7/cctools/current/lib:/opt/crc/usr/local/lib"
25239   0.002100 libjli.so->dlopen("/usr/lib/jvm/java-1.8.0-openjdk-1.8.0.252.b09-2.el7_8.x86_64/jre/lib/amd64/server/libjvm.so", 258 <unfinished ...>
25239   0.036032 libjvm.so->getenv("NMT_LEVEL_25239") = nil
25239   0.001705 <... dlopen resumed> )          = 0x55cdb08d64b0
25239   0.000066 libjli.so->getenv("CLASSPATH")  = nil
25239   0.000296 libjli.so->getenv("_JAVA_SPLASH_JAR") = nil
25239   0.000428 libjli.so->getenv("_JAVA_SPLASH_FILE") = nil
25239   0.000425 libjli.so->pthread_attr_setdetachstate(0x7ffcb3ac2be0, 0, 0x7ffcb3ac2c70, 0) = 0
25239   0.000665 libpthread.so.0->__clone(0x2ad298173de0, 0x2ad298086fc0, 0x3d0f00, 0x2ad298087700) = 0x6298
25240   0.001514 libjvm.so->dlopen(0x2ad2998d352e, 1, 0xfffffffffff42c48, 4096) = 0x2ad29c000990
25240   0.002726 libjvm.so->getenv(0x2ad2998ee2c0, 0, 115, 0x65737361) = 0x7ffcb3ac8674
25240   0.000492 libjvm.so->fopen(0x2ad298085be0, 0x2ad29988d9ab, 0x6f732e79666972, 0x2ad298a4bab0) = 0x2ad29c001440
25240   0.001580 libjvm.so->dlopen(0x2ad298085be0, 1, 0xffffffff, 0x2ad29c002b00) = 0x2ad29c001440
25240   0.001640 libjvm.so->fopen(0x2ad298085be0, 0x2ad29988d9ab, 111, 0x732e6176) = 0x2ad29c001b10
25240   0.001869 libjvm.so->dlopen(0x2ad298085be0, 1, 0xffffffff, 0x2ad29c001a00) = 0x2ad29c001b10
25240   0.001691 libjvm.so->__xstat(1, 0x2ad298086330, 0x2ad298086b70, 0x637274) = -1
25240   0.000600 libjvm.so->getenv(0x2ad299886226, 0x2ad2980866a0, 1024, 0x2ad299d2a5db) = 0
25240   0.000468 libjvm.so->getenv(0x2ad299886218, 0x2ad2980866a0, 1024, 0) = 0
25240   0.000565 libjvm.so->fopen(0x2ad2998d2e95, 0x2ad29988d9ab, 4095, 24) = 0x2ad29c0032d0
25240   0.001195 libjvm.so->fopen(0x2ad2998d2ee1, 0x2ad29988d9ab, 0x2ad29c000078, 0x2ad29c0032c0) = 0x2ad29c0032d0
25240   0.000748 libjvm.so->fopen(0x2ad298080980, 0x2ad29988d9ab, 4016, 3997) = 0x2ad29c0032d0
25240   0.000692 libjvm.so->opendir(0x2ad29c002b40, 0x2ad29c002b40, 13, 16) = 0
25240   0.000495 libjvm.so->__xstat(1, 0x2ad2980858c0, 0x2ad298084830, 0x6f732e7477616d62) = -1
25240   0.000486 libjvm.so->__xstat(1, 0x2ad2980858c0, 0x2ad298084830, 0x5f74776162696c2f) = 0
25240   0.000565 libjvm.so->fopen(0x2ad298084b60, 0x2ad29988d9ab, 4011, 3996) = 0x2ad29c0037b0
25240   0.000969 libjvm.so->fopen(0x2ad298084b60, 0x2ad29988d9ab, 4011, 3996) = 0x2ad29c0037b0
25240   0.000713 libjvm.so->fopen(0x2ad298084b60, 0x2ad29988d9ab, 4011, 4004) = 0x2ad29c0037b0
25240   0.000842 libjvm.so->fopen(0x2ad298084af0, 0x2ad29988d9ab, 4011, 3996) = 0x2ad29c0037b0
25240   0.000623 libjvm.so->fopen(0x2ad298084af0, 0x2ad29988d9ab, 4011, 3996) = 0x2ad29c0037b0
25240   0.000622 libjvm.so->fopen(0x2ad298084af0, 0x2ad29988d9ab, 4011, 4004) = 0x2ad29c0037b0
25240   0.000634 libjvm.so->fopen(0x2ad298084b20, 0x2ad29988d9ab, 4016, 3997) = 0x2ad29c0037b0
25240   0.000792 libjvm.so->getenv(0x2ad2998d3c5e, 4096, 3, -1) = 0
25240   0.000920 libjvm.so->fopen(0x2ad2998d3518, 0x2ad29988d9ab, 0x2ad29816a908, 0x2ad298169df0) = 0x2ad29c0037b0
25240   0.004682 libjvm.so->open(0x2ad29c04a5a0, 0x20000, 0, 0x2ad29c04a5e9) = 3
25240   0.000468 libjvm.so->__fxstat(1, 3, 0x2ad2980869d0, -1) = 0
25240   0.000594 libjvm.so->opendir(0x2ad29c04a5a0, 0x2ad2980869d0, 0x4000, -1) = 0x2ad29c04b4b0
25240   0.000498 libjvm.so->__fxstat(1, 3, 0x2ad298086870, 0x2ad29c04b4b0) = 0
25240   0.000466 libjvm.so->__fxstat(1, 5, 0x2ad298086900, -1) = 0
25240   0.000477 libjvm.so->open(0x2ad2998a485c, 0, 0, 0) = 3
25240   0.000686 libjvm.so->__lxstat(1, 0x2ad29c04a5a0, 0x2ad298086b20, -144) = 0
25240   0.000531 libjvm.so->open(0x2ad29c04a5a0, 0x20000, 0x4000, -1) = 3
25240   0.000558 libjvm.so->__fxstat(1, 3, 0x2ad2980869d0, -1) = 0
25240   0.000665 libjvm.so->opendir(0x2ad29c04a5a0, 0x2ad2980869d0, 0x4000, -1) = 0x2ad29c04b4b0
25240   0.000478 libjvm.so->__fxstat(1, 3, 0x2ad298086870, 0x2ad29c04b4b0) = 0
25240   0.000579 libjvm.so->__fxstat(1, 5, 0x2ad298086900, -1) = 0
25240   0.000532 libjvm.so->open(0x2ad2998a485c, 0, 0, 0) = 3
25240   0.000525 libjvm.so->open(0x2ad29c04a5e9, 0x20042, 384, -1) = 7
25240   0.000773 libjvm.so->__fxstat(1, 7, 0x2ad298086b20, -1) = 0
25240   0.001662 libjvm.so->fopen(0x2ad298085b30, 0x2ad29988d9ab, 4, 0x6f732e70) = 0x2ad29c057b90
25240   0.001428 libjvm.so->dlopen(0x2ad298085b30, 1, 0xffffffff, 0x2ad29c057b00) = 0x2ad29c057b90
25240   0.001694 libjvm.so->__xstat(1, 0x2ad2980860f0, 0x2ad298086920, 2048) = 0
25240   0.000517 libjvm.so->__xstat(1, 0x2ad2980860f0, 0x2ad298086920, 2048) = 0
25240   0.000500 libjvm.so->__xstat(1, 0x2ad2980860f0, 0x2ad298086920, 2048) = -1
25240   0.000523 libjvm.so->__xstat(1, 0x2ad2980860f0, 0x2ad298086920, 2048) = 0
25240   0.000485 libjvm.so->__xstat(1, 0x2ad2980860f0, 0x2ad298086920, 2048) = 0
25240   0.000504 libjvm.so->__xstat(1, 0x2ad2980860f0, 0x2ad298086920, 2048) = 0
25240   0.000500 libjvm.so->__xstat(1, 0x2ad2980860f0, 0x2ad298086920, 2048) = -1
25240   0.000572 libjvm.so->__xstat(1, 0x2ad2980860f0, 0x2ad298086920, 2048) = -1
25240   0.000538 libjvm.so->fopen(0x2ad29c002520, 0x2ad29988d9ab, 0, 0) = 0x2ad29c058900
25240   0.009110 libjvm.so->open64(0x2ad298085490, 0, 0, 16) = 3
25240   0.000599 libjvm.so->__fxstat64(1, 3, 0x2ad2980852c0, -1) = 0
25240   0.037239 libjvm.so->__xstat(1, 0x2ad298085ef0, 0x2ad298086720, 2048) = -1
25240   0.000624 libjvm.so->fopen(0x2ad298084af0, 0x2ad29988d9ab, 4011, 3996) = 0x2ad29c0b5b80
25240   0.000872 libjvm.so->fopen(0x2ad298084af0, 0x2ad29988d9ab, 4011, 3996) = 0x2ad29c0b5b80
25240   0.000643 libjvm.so->fopen(0x2ad298084af0, 0x2ad29988d9ab, 4011, 4004) = 0x2ad29c0b5b80
25240   0.004225 libjvm.so->pthread_attr_setdetachstate(0x2ad298086bd0, 1, 0, 0) = 0
25240   0.000580 libpthread.so.0->__clone(0x2ad298173de0, 0x2ad29bfeffc0, 0x3d0f00, 0x2ad29bff0700) = 0x6299
25240   0.016234 libjvm.so->pthread_attr_setdetachstate(0x2ad298086260, 1, 0, 0) = 0
25240   0.000717 libpthread.so.0->__clone(0x2ad298173de0, 0x2ad2b0a72fc0, 0x3d0f00, 0x2ad2b0a73700) = 0x629a
25240   0.007127 libjvm.so->pthread_attr_setdetachstate(0x2ad2980865e0, 1, 0, 0) = 0
25240   0.000831 libpthread.so.0->__clone(0x2ad298173de0, 0x2ad2b0b73fc0, 0x3d0f00, 0x2ad2b0b74700) = 0x629b
25240   0.038347 libjvm.so->fopen(0x2ad29c0e8740, 0x2ad29988d9ab, 4, 0x6f732e70) = 0x2ad29c0f1750
25240   0.001991 libjvm.so->dlopen(0x2ad29c0e8740, 1, 0xffffffff, 0x2ad29c0e8b00) = 0x2ad29c057b90
25240   0.022058 libjvm.so->fopen(0x2ad298082130, 0x2ad29988d9ab, 4011, 3996) = 0x2ad29c0f9030
25240   0.001125 libjvm.so->fopen(0x2ad298082130, 0x2ad29988d9ab, 4011, 3996) = 0x2ad29c0f9030
25240   0.001232 libjvm.so->fopen(0x2ad298082130, 0x2ad29988d9ab, 4011, 4004) = 0x2ad29c0f9030
25240   0.014548 libjvm.so->pthread_attr_setdetachstate(0x2ad298086b20, 1, 0, 0) = 0
25240   0.000938 libpthread.so.0->__clone(0x2ad298173de0, 0x2ad2b0c74fc0, 0x3d0f00, 0x2ad2b0c75700) = 0x629c
25240   0.001509 libjvm.so->__xstat64(1, 0x2ad298086bb0, 0x2ad298086b20, 19) = -1
25240   0.001155 libjvm.so->pthread_attr_setdetachstate(0x2ad298086920, 1, 0, 0) = 0
25240   0.001175 libpthread.so.0->__clone(0x2ad298173de0, 0x2ad2b0d75fc0, 0x3d0f00, 0x2ad2b0d76700) = 0x629d
25240   0.001755 libjvm.so->pthread_attr_setdetachstate(0x2ad298086920, 1, 0, 0) = 0
25240   0.001339 libpthread.so.0->__clone(0x2ad298173de0, 0x2ad2b0e76fc0, 0x3d0f00, 0x2ad2b0e77700) = 0x629e
25240   0.007147 libjvm.so->pthread_attr_setdetachstate(0x2ad298086a70, 1, 0, 0) = 0
25240   0.001385 libpthread.so.0->__clone(0x2ad298173de0, 0x2ad2b0f77fc0, 0x3d0f00, 0x2ad2b0f78700) = 0x629f
25240   0.002131 libjvm.so->pthread_attr_setdetachstate(0x2ad298086b80, 1, 0, 0) = 0
25240   0.001600 libpthread.so.0->__clone(0x2ad298173de0, 0x2ad2b1078fc0, 0x3d0f00, 0x2ad2b1079700) = 0x62a0
25240   0.013839 libjvm.so->open64(0x2ad29c12c6e0, 0, 0, 32) = 5
25240   0.001661 libjvm.so->__fxstat64(1, 5, 0x2ad298083f90, -1) = 0
25240   0.024805 libjvm.so->fopen(0x2ad29c152800, 0x2ad29988d9ab, 4, 0x6f732e6f) = 0x2ad29c1528c0
25240   0.003139 libjvm.so->dlopen(0x2ad29c152800, 1, 0xffffffff, 0x2ad29c152800) = 0x2ad29c1528c0
25240   0.091679 libjvm.so->fopen(0x2ad298080e90, 0x2ad29988d9ab, 0x6f732e, 0x6d766a62696c2f72) = 0x2ad29c1727c0
25240   0.006039 libjvm.so->dlopen(0x2ad298080e90, 1, 0xffffffff, 0x2ad29c172700) = 0x55cdb08d64b0
25240   0.001689 libjvm.so->fopen(0x2ad298080e90, 0x2ad29988d9ab, 0x6f732e, 0x6d766a62696c2f72) = 0x2ad29c16a530
25240   0.004708 libjvm.so->dlopen(0x2ad298080e90, 1, 0xffffffff, 0x2ad29c172700) = 0x55cdb08d64b0
25240   0.001687 libjvm.so->fopen(0x2ad298080e90, 0x2ad29988d9ab, 0x6f732e, 0x6d766a62696c2f72) = 0x2ad29c1727c0
25240   0.003796 libjvm.so->dlopen(0x2ad298080e90, 1, 0xffffffff, 0x2ad29c172700) = 0x55cdb08d64b0
25240   0.001745 libjvm.so->fopen(0x2ad298080e90, 0x2ad29988d9ab, 0x6f732e, 0x6d766a62696c2f72) = 0x2ad29c1727c0
25240   0.003482 libjvm.so->dlopen(0x2ad298080e90, 1, 0xffffffff, 0x2ad29c172700) = 0x55cdb08d64b0
25240   0.045478 libjvm.so->fopen(0x2ad29c195780, 0x2ad29988d9ab, 4, 0x6f732e74) = 0x2ad29c1bb150
25240   0.003051 libjvm.so->dlopen(0x2ad29c195780, 1, 0xffffffff, 0x2ad29c190000) = 0x2ad29c1bb150
25240   0.129439 libjvm.so->fopen(0x2ad29c22e470, 0x2ad29988d9ab, 0x6f732e7373656c, 0x656c646165685f74) = 0x2ad29c22e550
25240   0.002747 libjvm.so->dlopen(0x2ad29c22e470, 1, 0xffffffff, 0x2ad29c22e400) = 0x2ad29c22e550
25240   3.682437 --- SIGSEGV (Segmentation fault) ---
25240   0.488834 --- SIGSEGV (Segmentation fault) ---
25240   0.000512 --- SIGSEGV (Segmentation fault) ---
25240   0.923127 --- SIGSEGV (Segmentation fault) ---
25240   0.000694 --- SIGSEGV (Segmentation fault) ---
25240   0.978720 --- SIGSEGV (Segmentation fault) ---
25240   0.000944 --- SIGSEGV (Segmentation fault) ---
25240   0.000537 --- SIGSEGV (Segmentation fault) ---
25240   0.862440 --- SIGSEGV (Segmentation fault) ---
25240   0.000613 --- SIGSEGV (Segmentation fault) ---
25240   0.000844 --- SIGSEGV (Segmentation fault) ---
25240   0.912900 --- SIGSEGV (Segmentation fault) ---
25240   0.000636 --- SIGSEGV (Segmentation fault) ---
25240   0.669984 --- SIGSEGV (Segmentation fault) ---
25240   0.000645 --- SIGSEGV (Segmentation fault) ---
25240   0.874505 --- SIGSEGV (Segmentation fault) ---
25240   0.000654 --- SIGSEGV (Segmentation fault) ---
25240   0.000916 --- SIGSEGV (Segmentation fault) ---
25240   0.897364 --- SIGSEGV (Segmentation fault) ---
25240   0.000613 --- SIGSEGV (Segmentation fault) ---
25240   0.922188 --- SIGSEGV (Segmentation fault) ---
25240   0.000648 --- SIGSEGV (Segmentation fault) ---
25240   0.000492 --- SIGSEGV (Segmentation fault) ---
25240   0.000546 --- SIGSEGV (Segmentation fault) ---
25240   1.039164 --- SIGSEGV (Segmentation fault) ---
25240   0.001122 --- SIGSEGV (Segmentation fault) ---
25246   0.885618 --- SIGSEGV (Segmentation fault) ---
25240   0.912858 --- SIGSEGV (Segmentation fault) ---
25240   0.001335 --- SIGSEGV (Segmentation fault) ---
25240   0.658922 --- SIGSEGV (Segmentation fault) ---
25240   0.001386 --- SIGSEGV (Segmentation fault) ---
25240   0.926215 --- SIGSEGV (Segmentation fault) ---
25240   0.000466 --- SIGSEGV (Segmentation fault) ---
25240   0.000522 --- SIGSEGV (Segmentation fault) ---
25240   0.945586 --- SIGSEGV (Segmentation fault) ---
25240   0.894458 --- SIGSEGV (Segmentation fault) ---
25240   0.970402 libjvm.so->fopen(0x2ad2980840e0, 0x2ad29988d9ab, 111, 0x732e6176) = 0x2ad29c1a73f0
25240   0.003566 libjvm.so->dlopen(0x2ad2980840e0, 1, 0xffffffff, 0x2ad29c212b00) = 0x2ad29c001b10
25240   0.001747 libjvm.so->fopen(0x2ad2980840e0, 0x2ad29988d9ab, 111, 0x732e6176) = 0x2ad29c1a73f0
25240   0.003229 libjvm.so->dlopen(0x2ad2980840e0, 1, 0xffffffff, 0x2ad29c212b00) = 0x2ad29c001b10
25240   0.001765 libjvm.so->fopen(0x2ad2980840e0, 0x2ad29988d9ab, 111, 0x732e6176) = 0x2ad29c1a73f0
25240   0.003171 libjvm.so->dlopen(0x2ad2980840e0, 1, 0xffffffff, 0x2ad29c212b00) = 0x2ad29c001b10
25240   0.001723 libjvm.so->fopen(0x2ad2980840e0, 0x2ad29988d9ab, 111, 0x732e6176) = 0x2ad29c1a73f0
25240   0.003056 libjvm.so->dlopen(0x2ad2980840e0, 1, 0xffffffff, 0x2ad29c212b00) = 0x2ad29c001b10
25240   0.043448 libjvm.so->fopen(0x2ad298083e90, 0x2ad29988d9ab, 111, 0x732e6176) = 0x2ad29c24c4b0
25240   0.003359 libjvm.so->dlopen(0x2ad298083e90, 1, 0xffffffff, 0x2ad29c24d000) = 0x2ad29c001b10
25240   0.001713 libjvm.so->fopen(0x2ad298083e90, 0x2ad29988d9ab, 111, 0x732e6176) = 0x2ad29c24c4b0
25240   0.003121 libjvm.so->dlopen(0x2ad298083e90, 1, 0xffffffff, 0x2ad29c241b00) = 0x2ad29c001b10
25240   0.001647 libjvm.so->fopen(0x2ad298083e90, 0x2ad29988d9ab, 111, 0x732e6176) = 0x2ad29c24c4b0
25240   0.003129 libjvm.so->dlopen(0x2ad298083e90, 1, 0xffffffff, 0x2ad29c24cf00) = 0x2ad29c001b10
25240   0.001704 libjvm.so->fopen(0x2ad298083e90, 0x2ad29988d9ab, 111, 0x732e6176) = 0x2ad29c24c4b0
25240   0.003303 libjvm.so->dlopen(0x2ad298083e90, 1, 0xffffffff, 0x2ad29c166400) = 0x2ad29c001b10
25240   0.182464 --- SIGSEGV (Segmentation fault) ---
25240   0.901699 --- SIGSEGV (Segmentation fault) ---
25240   3.014718 --- SIGSEGV (Segmentation fault) ---
25248   1.037028 +++ exited (status 0) +++
25244   0.000377 --- SIGSEGV (Segmentation fault) ---
25241   0.000537 +++ exited (status 0) +++
25240   0.000349 +++ exited (status 0) +++
25247   0.000296 +++ exited (status 0) +++
25246   0.000024 +++ exited (status 0) +++
25245   0.000028 +++ exited (status 0) +++
25244   0.000021 +++ exited (status 0) +++
25243   0.000019 +++ exited (status 0) +++
25242   0.020451 +++ exited (status 0) +++
25239   0.000058 +++ exited (status 0) +++
Wrote an ltrace for command: "java -cp ./tools/maxent.jar density.Project outputs/Sergentomyia_mangana/Sergentomyia_mangana.lambdas data/layers/worldclim outputs/Sergentomyia_mangana_worldclim.asc nowarnings nocache autorun -z" with PID 25237 from PPID 25220 on disc25.crc.nd.edu with result 0
REMOTEHOST=10.17.144.144
_CONDOR_ANCESTOR_24525=24530:1594671055:2748281650
_CONDOR_JOB_PIDS=
MANPATH=/afs/crc.nd.edu/user/n/nkremerh/cctools/share/man/:/afs/crc.nd.edu/group/ccl/software/x86_64/redhat7/ruby/current/share/man:/afs/crc.nd.edu/group/ccl/software/x86_64/redhat7/graphviz/current/share/man:/afs/crc.nd.edu/group/ccl/software/x86_64/redhat7/gnuplot/current/share/man:/afs/crc.nd.edu/group/ccl/software/x86_64/redhat7/git/current/share/man:/afs/crc.nd.edu/group/ccl/software/x86_64/redhat7/condor/current/share/man:/afs/crc.nd.edu/group/ccl/software/x86_64/redhat7/clang/current/share/man:/afs/crc.nd.edu/group/ccl/software/x86_64/redhat7/condor/current/share/man:/afs/crc.nd.edu/group/ccl/software/x86_64/redhat7/cctools/current/share/man:/afs/crc.nd.edu/group/ccl/software/x86_64/redhat7/cctools/current/share/man:/afs/crc.nd.edu/x86_64_linux/Modules/4.5.0/share/man:/opt/crc/usr/local/man:/opt/sge/man:/usr/share/man/overrides:/usr/share/man:/usr/local/share/man
XDG_SESSION_ID=2735
HOSTNAME=disc01.crc.nd.edu
_LMFILES__modshare=/afs/crc.nd.edu/x86_64_linux/Modules/modules/system_modules/CRC_default/1.1:1
MODULEPATH_modshare=/afs/crc.nd.edu/x86_64_linux/Modules/modules/general_software:1:/afs/crc.nd.edu/x86_64_linux/Modules/modules/development_tools_and_libraries:1:/afs/crc.nd.edu/x86_64_linux/Modules/modules/system_modules:1:/afs/crc.nd.edu/x86_64_linux/Modules/current/modulefiles:1:/afs/crc.nd.edu/x86_64_linux/Modules/modules/restricted_software:1:/afs/crc.nd.edu/x86_64_linux/Modules/modules/deprecated_software:1
MODULES_CMD=/afs/crc.nd.edu/x86_64_linux/Modules/4.5.0/libexec/modulecmd.tcl
HOST=disc01.crc.nd.edu
SHELL=/bin/tcsh
TERM=xterm-256color
MAKEFLAGS=
HISTSIZE=5000
TMPDIR=/var/condor/execute/dir_24525/worker-213124-24553/t.1686/cctools-temp-t.1686.6AM1P7
SSH_CLIENT=10.17.144.144 39924 22
PERL5LIB=/afs/crc.nd.edu/user/n/nkremerh/cctools/lib/perl5/site_perl/5.16.3:/afs/crc.nd.edu/user/n/nkremerh/.perl5/lib/perl5
SGE_CELL=crc
_CONDOR_SCRATCH_DIR=/var/condor/execute/dir_24525
PERL_MB_OPT=--install_base '/afs/crc.nd.edu/user/n/nkremerh/.perl5/'
SSH_TTY=/dev/pts/0
SGE_LOAD_AVG=load_avg
MAKEFLOW_MAX_LOCAL_JOBS=2
HISTFILESIZE=10000
_CHIRP_DELAYED_UPDATE_PREFIX=Chirp*
USER=nkremerh
GROUP=campus
LD_LIBRARY_PATH=/afs/crc.nd.edu/group/ccl/software/x86_64/redhat7/ruby/current/lib:/afs/crc.nd.edu/group/ccl/software/x86_64/redhat7/graphviz/current/lib:/afs/crc.nd.edu/group/ccl/software/x86_64/redhat7/git/current/lib:/afs/crc.nd.edu/group/ccl/software/x86_64/redhat7/condor/current/lib:/afs/crc.nd.edu/group/ccl/software/x86_64/redhat7/clang/current/lib:/afs/crc.nd.edu/group/ccl/software/x86_64/redhat7/condor/current/lib:/afs/crc.nd.edu/group/ccl/software/x86_64/redhat7/cctools/current/lib:/opt/crc/usr/local/lib
TEMP=/var/condor/execute/dir_24525/worker-213124-24553/t.1686/cctools-temp-t.1686.6AM1P7
BATCH_SYSTEM=HTCondor
WORKER_TMPDIR=/var/condor/execute/dir_24525/worker-213124-24553/cache/tmp
ENV=/afs/crc.nd.edu/x86_64_linux/Modules/4.5.0/init/profile.sh
MODULES_LMALTNAME=CRC_default/1.1&CRC_default/default&CRC_default
_CONDOR_CHIRP_CONFIG=/var/condor/execute/dir_24525/.chirp.config
GLOBUS_GSSAPI_MAX_TLS_PROTOCOL=0
_CONDOR_HIGHPORT=9999
HOSTTYPE=x86_64-linux
MAKELEVEL=1
MFLAGS=
CCLSOFTWARE=/afs/crc.nd.edu/group/ccl/software/x86_64/redhat7
PATH=/afs/crc.nd.edu/user/n/nkremerh/cctools/bin:/afs/crc.nd.edu/user/n/nkremerh/miniconda/bin:/afs/crc.nd.edu/group/ccl/software/git:/afs/crc.nd.edu/user/n/nkremerh/.local/bin:/afs/crc.nd.edu/group/ccl/software/x86_64/redhat7/povray/3.7/bin:/afs/crc.nd.edu/user/n/nkremerh/.perl5/bin:/afs/crc.nd.edu/user/n/nkremerh/pegasus/bin:/afs/crc.nd.edu/user/n/nkremerh/nodejs/bin:/afs/crc.nd.edu/user/n/nkremerh/montage/bin:/afs/crc.nd.edu/user/n/nkremerh/latexdiff:/afs/crc.nd.edu/user/n/nkremerh/envtrace:/afs/crc.nd.edu/user/n/nkremerh/endlines:/afs/crc.nd.edu/user/n/nkremerh/cctools/bin:/afs/crc.nd.edu/user/n/nkremerh/.cargo/bin:/afs/crc.nd.edu/group/ccl/software/x86_64/redhat7/ruby/current/bin:/afs/crc.nd.edu/group/ccl/software/x86_64/redhat7/graphviz/current/bin:/afs/crc.nd.edu/group/ccl/software/x86_64/redhat7/gnuplot/current/bin:/afs/crc.nd.edu/group/ccl/software/x86_64/redhat7/git/current/bin:/afs/crc.nd.edu/group/ccl/software/x86_64/redhat7/condor/current/sbin:/afs/crc.nd.edu/group/ccl/software/x86_64/redhat7/condor/current/bin:/afs/crc.nd.edu/group/ccl/software/x86_64/redhat7/cmake/current/bin:/afs/crc.nd.edu/group/ccl/software/x86_64/redhat7/clang/current/bin:/afs/crc.nd.edu/group/ccl/software/x86_64/redhat7/condor/current/sbin:/afs/crc.nd.edu/group/ccl/software/x86_64/redhat7/condor/current/bin:/afs/crc.nd.edu/group/ccl/software/x86_64/redhat7/cctools/current/bin:/afs/crc.nd.edu/x86_64_linux/Modules/4.5.0/bin:/opt/crc/usr/local/bin:/opt/sge/bin/lx-amd64:/usr/local/bin:/usr/bin:/usr/local/sbin:/usr/sbin:/afs/crc.nd.edu/user/c/condor/software/bin:/afs/crc.nd.edu/user/c/condor/software/sbin
MAIL=/var/spool/mail/nkremerh
PWD=/var/condor/execute/dir_24525/worker-213124-24553/t.1686
_LMFILES_=/afs/crc.nd.edu/x86_64_linux/Modules/modules/system_modules/CRC_default/1.1
SGE_EXECD_PORT=6445
EDITOR=vim
LANG=en_US.UTF-8
MODULEPATH=/afs/crc.nd.edu/x86_64_linux/Modules/modules/development_tools_and_libraries:/afs/crc.nd.edu/x86_64_linux/Modules/modules/general_software:/afs/crc.nd.edu/x86_64_linux/Modules/modules/restricted_software:/afs/crc.nd.edu/x86_64_linux/Modules/modules/system_modules:/afs/crc.nd.edu/x86_64_linux/Modules/modules/deprecated_software:/afs/crc.nd.edu/x86_64_linux/Modules/current/modulefiles
SGE_QMASTER_PORT=6444
SGE_ROOT=/opt/sge
LOADEDMODULES=CRC_default/1.1
WORK_QUEUE_SANDBOX=/var/condor/execute/dir_24525/worker-213124-24553
_CONDOR_SLOT=slot1
CCLPLATFORM=x86_64/redhat7
USE_SYSTEMD=true
_CONDOR_ANCESTOR_4261=24525:1594671054:4145456440
_CONDOR_LOWPORT=9100
KRB5CCNAME=FILE:/tmp/krb5cc_213124_ZwXmib
HISTCONTROL=ignoreboth:erasedups
PATH_modshare=/opt/crc/usr/local/bin:1:/opt/sge/bin/lx-amd64:1:/usr/sbin:1:/usr/bin:1:/afs/crc.nd.edu/user/c/condor/software/sbin:1:/usr/local/sbin:1:/afs/crc.nd.edu/user/c/condor/software/bin:1:/usr/local/bin:1
SHLVL=7
HOME=/afs/crc.nd.edu/user/n/nkremerh
GLOBUS_GSSAPI_NAME_COMPATIBILITY=STRICT_RFC2818
_CONDOR_ANCESTOR_3989=4261:1593343483:4184216969
_CONDOR_MACHINE_AD=/var/condor/execute/dir_24525/.machine.ad
OSTYPE=linux
DISK=916727
GREP_OPTIONS=--color=auto
GLOBUS_GSSAPI_MIN_TLS_PROTOCOL=TLS1_VERSION
MEMORY=15899
MANPATH_modshare=/usr/share/man/overrides:1:/usr/local/share/man:1:/usr/share/man:1:/opt/crc/usr/local/man:1:/opt/sge/man:1
VENDOR=unknown
BASH_ENV=/afs/crc.nd.edu/x86_64_linux/Modules/4.5.0/init/bash
PERL_LOCAL_LIB_ROOT=/afs/crc.nd.edu/user/n/nkremerh/.perl5/
PYTHONPATH=/afs/crc.nd.edu/user/n/nkremerh/cctools/lib/python3.6/site-packages/
CCLHOME=/afs/crc.nd.edu/group/ccl
MACHTYPE=x86_64
LOGNAME=nkremerh
TMP=/var/condor/execute/dir_24525/worker-213124-24553/t.1686/cctools-temp-t.1686.6AM1P7
LD_LIBRARY_PATH_modshare=/opt/crc/usr/local/lib:1
MODULES_LMALTNAME_modshare=CRC_default/1.1&CRC_default/default&CRC_default:1
SSH_CONNECTION=10.17.144.144 39924 129.74.128.103 22
MODULESHOME=/afs/crc.nd.edu/x86_64_linux/Modules/4.5.0
OMP_NUM_THREADS=1
LESSOPEN=||/usr/bin/lesspipe.sh %s
GLOBUS_GSSAPI_BACKWARD_COMPATIBLE_MIC=true
GLOBUS_GSSAPI_CIPHERS=HIGH
LOADEDMODULES_modshare=CRC_default/1.1:1
_CONDOR_JOB_AD=/var/condor/execute/dir_24525/.job.ad
SGE_CLUSTER_NAME=CRC
XDG_RUNTIME_DIR=/run/user/213124
CCTOOLS=../cctools
CORES=4
_CONDOR_JOB_IWD=/var/condor/execute/dir_24525
PERL_MM_OPT=INSTALL_BASE=/afs/crc.nd.edu/user/n/nkremerh/.perl5/
GLOBUS_GSSAPI_SERVER_CIPHER_ORDER=true
BASH_FUNC_module()=() {  unset _mlshdbg;
 if [ "${MODULES_SILENT_SHELL_DEBUG:-0}" = '1' ]; then
 case "$-" in 
 *v*x*)
 set +vx;
 _mlshdbg='vx'
 ;;
 *v*)
 set +v;
 _mlshdbg='v'
 ;;
 *x*)
 set +x;
 _mlshdbg='x'
 ;;
 *)
 _mlshdbg=''
 ;;
 esac;
 fi;
 unset _mlre _mlIFS;
 if [ -n "${IFS+x}" ]; then
 _mlIFS=$IFS;
 fi;
 IFS=' ';
 for _mlv in ${MODULES_RUN_QUARANTINE:-};
 do
 if [ "${_mlv}" = "${_mlv##*[!A-Za-z0-9_]}" -a "${_mlv}" = "${_mlv#[0-9]}" ]; then
 if [ -n "`eval 'echo ${'$_mlv'+x}'`" ]; then
 _mlre="${_mlre:-}${_mlv}_modquar='`eval 'echo ${'$_mlv'}'`' ";
 fi;
 _mlrv="MODULES_RUNENV_${_mlv}";
 _mlre="${_mlre:-}${_mlv}='`eval 'echo ${'$_mlrv':-}'`' ";
 fi;
 done;
 if [ -n "${_mlre:-}" ]; then
 eval `eval ${_mlre}/usr/bin/tclsh /afs/crc.nd.edu/x86_64_linux/Modules/4.5.0/libexec/modulecmd.tcl bash '"$@"'`;
 else
 eval `/usr/bin/tclsh /afs/crc.nd.edu/x86_64_linux/Modules/4.5.0/libexec/modulecmd.tcl bash "$@"`;
 fi;
 _mlstatus=$?;
 if [ -n "${_mlIFS+x}" ]; then
 IFS=$_mlIFS;
 else
 unset IFS;
 fi;
 unset _mlre _mlv _mlrv _mlIFS;
 if [ -n "${_mlshdbg:-}" ]; then
 set -$_mlshdbg;
 fi;
 unset _mlshdbg;
 return $_mlstatus
}
BASH_FUNC_ml()=() {  module ml "$@"
}
_=/usr/bin/printenv
