4873   0.000000 libjli.so->getenv("_JAVA_LAUNCHER_DEBUG") = nil
4873   0.001914 libjli.so->getenv("_JAVA_VERSION_SET") = nil
4873   0.000809 libjli.so->fopen("/usr/lib/jvm/java-1.8.0-openjdk-1.8.0.252.b09-2.el7_8.x86_64/jre/lib/amd64/jvm.cfg", "r") = 0x563b6814a0e0
4873   0.000802 libjli.so->getenv("JDK_ALTERNATE_VM") = nil
4873   0.000310 libjli.so->__xstat(1, "/usr/lib/jvm/java-1.8.0-openjdk-1.8.0.252.b09-2.el7_8.x86_64/jre/lib/amd64/server/libjvm.so", 0x7ffd51fa1210) = 0
4873   0.000619 libjli.so->getenv("LD_LIBRARY_PATH") = "/afs/crc.nd.edu/group/ccl/software/x86_64/redhat7/ruby/current/lib:/afs/crc.nd.edu/group/ccl/software/x86_64/redhat7/graphviz/current/lib:/afs/crc.nd.edu/group/ccl/software/x86_64/redhat7/git/current/lib:/afs/crc.nd.edu/group/ccl/software/x86_64/redhat7/condor/current/lib:/afs/crc.nd.edu/group/ccl/software/x86_64/redhat7/clang/current/lib:/afs/crc.nd.edu/group/ccl/software/x86_64/redhat7/condor/current/lib:/afs/crc.nd.edu/group/ccl/software/x86_64/redhat7/cctools/current/lib:/opt/crc/usr/local/lib"
4873   0.002110 libjli.so->dlopen("/usr/lib/jvm/java-1.8.0-openjdk-1.8.0.252.b09-2.el7_8.x86_64/jre/lib/amd64/server/libjvm.so", 258 <unfinished ...>
4873   0.036887 libjvm.so->getenv("NMT_LEVEL_4873") = nil
4873   0.001663 <... dlopen resumed> )           = 0x563b6814a4b0
4873   0.000080 libjli.so->getenv("CLASSPATH")   = nil
4873   0.000308 libjli.so->getenv("_JAVA_SPLASH_JAR") = nil
4873   0.000293 libjli.so->getenv("_JAVA_SPLASH_FILE") = nil
4873   0.000302 libjli.so->pthread_attr_setdetachstate(0x7ffd51fa11c0, 0, 0x7ffd51fa1250, 0) = 0
4873   0.000542 libpthread.so.0->__clone(0x2b7178a2dde0, 0x2b7178940fc0, 0x3d0f00, 0x2b7178941700) = 4874
4874   0.001597 libjvm.so->dlopen(0x2b717a18d52e, 1, 0xfffffffffff42c48, 4096) = 0x2b717c000990
4874   0.002757 libjvm.so->getenv(0x2b717a1a82c0, 0, 115, 0x65737361) = 0x7ffd51fa6674
4874   0.000559 libjvm.so->fopen(0x2b717893fbe0, 0x2b717a1479ab, 0x6f732e79666972, 0x2b7179305ab0) = 0x2b717c001440
4874   0.001576 libjvm.so->dlopen(0x2b717893fbe0, 1, 0xffffffff, 0x2b717c002b00) = 0x2b717c001440
4874   0.001543 libjvm.so->fopen(0x2b717893fbe0, 0x2b717a1479ab, 111, 0x732e6176) = 0x2b717c001b10
4874   0.001792 libjvm.so->dlopen(0x2b717893fbe0, 1, 0xffffffff, 0x2b717c001a00) = 0x2b717c001b10
4874   0.001674 libjvm.so->__xstat(1, 0x2b7178940330, 0x2b7178940b70, 0x637274) = -1
4874   0.000680 libjvm.so->getenv(0x2b717a140226, 0x2b71789406a0, 1024, 0x2b717a5e45db) = 0
4874   0.000792 libjvm.so->getenv(0x2b717a140218, 0x2b71789406a0, 1024, 0) = 0
4874   0.000512 libjvm.so->fopen(0x2b717a18ce95, 0x2b717a1479ab, 4095, 24) = 0x2b717c0032d0
4874   0.001316 libjvm.so->fopen(0x2b717a18cee1, 0x2b717a1479ab, 0x2b717c000078, 0x2b717c0032c0) = 0x2b717c0032d0
4874   0.000778 libjvm.so->fopen(0x2b717893a980, 0x2b717a1479ab, 4016, 3997) = 0x2b717c0032d0
4874   0.000642 libjvm.so->opendir(0x2b717c002b40, 0x2b717c002b40, 13, 16) = 0
4874   0.000499 libjvm.so->__xstat(1, 0x2b717893f8c0, 0x2b717893e830, 0x6f732e7477616d62) = -1
4874   0.000462 libjvm.so->__xstat(1, 0x2b717893f8c0, 0x2b717893e830, 0x5f74776162696c2f) = 0
4874   0.000542 libjvm.so->fopen(0x2b717893eb60, 0x2b717a1479ab, 4011, 3996) = 0x2b717c0037b0
4874   0.000626 libjvm.so->fopen(0x2b717893eb60, 0x2b717a1479ab, 4011, 3996) = 0x2b717c0037b0
4874   0.000662 libjvm.so->fopen(0x2b717893eb60, 0x2b717a1479ab, 4011, 4004) = 0x2b717c0037b0
4874   0.000655 libjvm.so->fopen(0x2b717893eaf0, 0x2b717a1479ab, 4011, 3996) = 0x2b717c0037b0
4874   0.000615 libjvm.so->fopen(0x2b717893eaf0, 0x2b717a1479ab, 4011, 3996) = 0x2b717c0037b0
4874   0.000811 libjvm.so->fopen(0x2b717893eaf0, 0x2b717a1479ab, 4011, 4004) = 0x2b717c0037b0
4874   0.000688 libjvm.so->fopen(0x2b717893eb20, 0x2b717a1479ab, 4016, 3997) = 0x2b717c0037b0
4874   0.000846 libjvm.so->getenv(0x2b717a18dc5e, 4096, 3, -1) = 0
4874   0.000919 libjvm.so->fopen(0x2b717a18d518, 0x2b717a1479ab, 0x2b7178a24908, 0x2b7178a23df0) = 0x2b717c0037b0
4874   0.005158 libjvm.so->open(0x2b717c04a5a0, 0x20000, 0, 0x2b717c04a5e9) = 3
4874   0.000466 libjvm.so->__fxstat(1, 3, 0x2b71789409d0, -1) = 0
4874   0.000530 libjvm.so->opendir(0x2b717c04a5a0, 0x2b71789409d0, 0x4000, -1) = 0x2b717c04b4b0
4874   0.000545 libjvm.so->__fxstat(1, 3, 0x2b7178940870, 0x2b717c04b4b0) = 0
4874   0.000890 libjvm.so->__fxstat(1, 5, 0x2b7178940900, -1) = 0
4874   0.000822 libjvm.so->open(0x2b717a15e85c, 0, 0, 0) = 3
4874   0.000688 libjvm.so->__lxstat(1, 0x2b717c04a5a0, 0x2b7178940b20, -144) = 0
4874   0.000479 libjvm.so->open(0x2b717c04a5a0, 0x20000, 0x4000, -1) = 3
4874   0.000461 libjvm.so->__fxstat(1, 3, 0x2b71789409d0, -1) = 0
4874   0.000474 libjvm.so->opendir(0x2b717c04a5a0, 0x2b71789409d0, 0x4000, -1) = 0x2b717c04b4b0
4874   0.000459 libjvm.so->__fxstat(1, 3, 0x2b7178940870, 0x2b717c04b4b0) = 0
4874   0.000470 libjvm.so->__fxstat(1, 5, 0x2b7178940900, -1) = 0
4874   0.000475 libjvm.so->open(0x2b717a15e85c, 0, 0, 0) = 3
4874   0.000459 libjvm.so->open(0x2b717c04a5e9, 0x20042, 384, -1) = 7
4874   0.000682 libjvm.so->__fxstat(1, 7, 0x2b7178940b20, -1) = 0
4874   0.001823 libjvm.so->fopen(0x2b717893fb30, 0x2b717a1479ab, 4, 0x6f732e70) = 0x2b717c057b90
4874   0.001438 libjvm.so->dlopen(0x2b717893fb30, 1, 0xffffffff, 0x2b717c057b00) = 0x2b717c057b90
4874   0.001540 libjvm.so->__xstat(1, 0x2b71789400f0, 0x2b7178940920, 2048) = 0
4874   0.000553 libjvm.so->__xstat(1, 0x2b71789400f0, 0x2b7178940920, 2048) = 0
4874   0.000452 libjvm.so->__xstat(1, 0x2b71789400f0, 0x2b7178940920, 2048) = -1
4874   0.000517 libjvm.so->__xstat(1, 0x2b71789400f0, 0x2b7178940920, 2048) = 0
4874   0.000452 libjvm.so->__xstat(1, 0x2b71789400f0, 0x2b7178940920, 2048) = 0
4874   0.000520 libjvm.so->__xstat(1, 0x2b71789400f0, 0x2b7178940920, 2048) = 0
4874   0.000448 libjvm.so->__xstat(1, 0x2b71789400f0, 0x2b7178940920, 2048) = -1
4874   0.000558 libjvm.so->__xstat(1, 0x2b71789400f0, 0x2b7178940920, 2048) = -1
4874   0.000505 libjvm.so->fopen(0x2b717c002520, 0x2b717a1479ab, 0, 0) = 0x2b717c058900
4874   0.008380 libjvm.so->open64(0x2b717893f490, 0, 0, 16) = 3
4874   0.000621 libjvm.so->__fxstat64(1, 3, 0x2b717893f2c0, -1) = 0
4874   0.035487 libjvm.so->__xstat(1, 0x2b717893fef0, 0x2b7178940720, 2048) = -1
4874   0.000721 libjvm.so->fopen(0x2b717893eaf0, 0x2b717a1479ab, 4011, 3996) = 0x2b717c0b5b80
4874   0.000839 libjvm.so->fopen(0x2b717893eaf0, 0x2b717a1479ab, 4011, 3996) = 0x2b717c0b5b80
4874   0.000720 libjvm.so->fopen(0x2b717893eaf0, 0x2b717a1479ab, 4011, 4004) = 0x2b717c0b5b80
4874   0.004466 libjvm.so->pthread_attr_setdetachstate(0x2b7178940bd0, 1, 0, 0) = 0
4874   0.000664 libpthread.so.0->__clone(0x2b7178a2dde0, 0x2b719130bfc0, 0x3d0f00, 0x2b719130c700) = 4875
4874   0.015851 libjvm.so->pthread_attr_setdetachstate(0x2b7178940260, 1, 0, 0) = 0
4874   0.000736 libpthread.so.0->__clone(0x2b7178a2dde0, 0x2b719140cfc0, 0x3d0f00, 0x2b719140d700) = 4876
4874   0.006854 libjvm.so->pthread_attr_setdetachstate(0x2b71789405e0, 1, 0, 0) = 0
4874   0.000862 libpthread.so.0->__clone(0x2b7178a2dde0, 0x2b719150dfc0, 0x3d0f00, 0x2b719150e700) = 4877
4874   0.039799 libjvm.so->fopen(0x2b717c0e8740, 0x2b717a1479ab, 4, 0x6f732e70) = 0x2b717c0f1750
4874   0.002020 libjvm.so->dlopen(0x2b717c0e8740, 1, 0xffffffff, 0x2b717c0e8b00) = 0x2b717c057b90
4874   0.022483 libjvm.so->fopen(0x2b717893c130, 0x2b717a1479ab, 4011, 3996) = 0x2b717c0f9030
4874   0.001164 libjvm.so->fopen(0x2b717893c130, 0x2b717a1479ab, 4011, 3996) = 0x2b717c0f9030
4874   0.001173 libjvm.so->fopen(0x2b717893c130, 0x2b717a1479ab, 4011, 4004) = 0x2b717c0f9030
4874   0.015120 libjvm.so->pthread_attr_setdetachstate(0x2b7178940b20, 1, 0, 0) = 0
4874   0.001057 libpthread.so.0->__clone(0x2b7178a2dde0, 0x2b719160efc0, 0x3d0f00, 0x2b719160f700) = 4878
4874   0.001619 libjvm.so->__xstat64(1, 0x2b7178940bb0, 0x2b7178940b20, 18) = -1
4874   0.001169 libjvm.so->pthread_attr_setdetachstate(0x2b7178940920, 1, 0, 0) = 0
4874   0.001199 libpthread.so.0->__clone(0x2b7178a2dde0, 0x2b719170ffc0, 0x3d0f00, 0x2b7191710700) = 4879
4874   0.001784 libjvm.so->pthread_attr_setdetachstate(0x2b7178940920, 1, 0, 0) = 0
4874   0.001364 libpthread.so.0->__clone(0x2b7178a2dde0, 0x2b7191810fc0, 0x3d0f00, 0x2b7191811700) = 4880
4874   0.007686 libjvm.so->pthread_attr_setdetachstate(0x2b7178940a70, 1, 0, 0) = 0
4874   0.001404 libpthread.so.0->__clone(0x2b7178a2dde0, 0x2b7191911fc0, 0x3d0f00, 0x2b7191912700) = 4881
4874   0.002185 libjvm.so->pthread_attr_setdetachstate(0x2b7178940b80, 1, 0, 0) = 0
4874   0.001534 libpthread.so.0->__clone(0x2b7178a2dde0, 0x2b7191a12fc0, 0x3d0f00, 0x2b7191a13700) = 4882
4874   0.014555 libjvm.so->open64(0x2b717c1345d0, 0, 0, 16) = 5
4874   0.001710 libjvm.so->__fxstat64(1, 5, 0x2b717893df90, -1) = 0
4874   0.025106 libjvm.so->fopen(0x2b717c15a820, 0x2b717a1479ab, 4, 0x6f732e6f) = 0x2b717c15a8e0
4874   0.003021 libjvm.so->dlopen(0x2b717c15a820, 1, 0xffffffff, 0x2b717c15a800) = 0x2b717c15a8e0
4880   0.045217 --- SIGSEGV (Segmentation fault) ---
4874   0.051874 libjvm.so->fopen(0x2b717893ae90, 0x2b717a1479ab, 0x6f732e, 0x6d766a62696c2f72) = 0x2b717c16e8d0
4874   0.005849 libjvm.so->dlopen(0x2b717893ae90, 1, 0xffffffff, 0x2b717c16e500) = 0x563b6814a4b0
4874   0.001691 libjvm.so->fopen(0x2b717893ae90, 0x2b717a1479ab, 0x6f732e, 0x6d766a62696c2f72) = 0x2b717c16eb80
4874   0.004842 libjvm.so->dlopen(0x2b717893ae90, 1, 0xffffffff, 0x2b717c16e500) = 0x563b6814a4b0
4874   0.001714 libjvm.so->fopen(0x2b717893ae90, 0x2b717a1479ab, 0x6f732e, 0x6d766a62696c2f72) = 0x2b717c16e8d0
4874   0.003493 libjvm.so->dlopen(0x2b717893ae90, 1, 0xffffffff, 0x2b717c16e500) = 0x563b6814a4b0
4874   0.001712 libjvm.so->fopen(0x2b717893ae90, 0x2b717a1479ab, 0x6f732e, 0x6d766a62696c2f72) = 0x2b717c16e8d0
4874   0.003419 libjvm.so->dlopen(0x2b717893ae90, 1, 0xffffffff, 0x2b717c16e500) = 0x563b6814a4b0
4874   0.044349 libjvm.so->fopen(0x2b717c1c7bd0, 0x2b717a1479ab, 4, 0x6f732e74) = 0x2b717c1c32d0
4874   0.002947 libjvm.so->dlopen(0x2b717c1c7bd0, 1, 0xffffffff, 0x2b717c198000) = 0x2b717c1c32d0
4874   0.131151 libjvm.so->fopen(0x2b717c236660, 0x2b717a1479ab, 0x6f732e7373656c, 0x656c646165685f74) = 0x2b717c236740
4874   0.002947 libjvm.so->dlopen(0x2b717c236660, 1, 0xffffffff, 0x2b717c236600) = 0x2b717c236740
4882   0.036979 +++ exited (status 0) +++
4878   0.000383 +++ exited (status 0) +++
4875   0.000208 +++ exited (status 0) +++
4874   0.000218 +++ exited (status 0) +++
4881   0.000318 +++ exited (status 1) +++
4880   0.000027 +++ exited (status 1) +++
4879   0.000016 +++ exited (status 1) +++
4877   0.000014 +++ exited (status 1) +++
4876   0.000013 +++ exited (status 1) +++
4873   0.005143 +++ exited (status 1) +++
Wrote an ltrace for command: "java -cp ./tools/maxent.jar density.Project outputs/Diomea_discisigna_Sugi/Diomea_discisigna_Sugi.lambdas data/layers/worldclim outputs/Diomea_discisigna_Sugi_worldclim.asc nowarnings nocache autorun -z" with PID 4871 from PPID 4853 on disc25.crc.nd.edu with result 1
REMOTEHOST=10.17.144.144
_CONDOR_ANCESTOR_24525=24530:1594671055:2748281650
_CONDOR_JOB_PIDS=
MANPATH=/afs/crc.nd.edu/user/n/nkremerh/cctools/share/man/:/afs/crc.nd.edu/group/ccl/software/x86_64/redhat7/ruby/current/share/man:/afs/crc.nd.edu/group/ccl/software/x86_64/redhat7/graphviz/current/share/man:/afs/crc.nd.edu/group/ccl/software/x86_64/redhat7/gnuplot/current/share/man:/afs/crc.nd.edu/group/ccl/software/x86_64/redhat7/git/current/share/man:/afs/crc.nd.edu/group/ccl/software/x86_64/redhat7/condor/current/share/man:/afs/crc.nd.edu/group/ccl/software/x86_64/redhat7/clang/current/share/man:/afs/crc.nd.edu/group/ccl/software/x86_64/redhat7/condor/current/share/man:/afs/crc.nd.edu/group/ccl/software/x86_64/redhat7/cctools/current/share/man:/afs/crc.nd.edu/group/ccl/software/x86_64/redhat7/cctools/current/share/man:/afs/crc.nd.edu/x86_64_linux/Modules/4.5.0/share/man:/opt/crc/usr/local/man:/opt/sge/man:/usr/share/man/overrides:/usr/share/man:/usr/local/share/man
XDG_SESSION_ID=2735
HOSTNAME=disc01.crc.nd.edu
_LMFILES__modshare=/afs/crc.nd.edu/x86_64_linux/Modules/modules/system_modules/CRC_default/1.1:1
MODULEPATH_modshare=/afs/crc.nd.edu/x86_64_linux/Modules/modules/general_software:1:/afs/crc.nd.edu/x86_64_linux/Modules/modules/development_tools_and_libraries:1:/afs/crc.nd.edu/x86_64_linux/Modules/modules/system_modules:1:/afs/crc.nd.edu/x86_64_linux/Modules/current/modulefiles:1:/afs/crc.nd.edu/x86_64_linux/Modules/modules/restricted_software:1:/afs/crc.nd.edu/x86_64_linux/Modules/modules/deprecated_software:1
MODULES_CMD=/afs/crc.nd.edu/x86_64_linux/Modules/4.5.0/libexec/modulecmd.tcl
HOST=disc01.crc.nd.edu
SHELL=/bin/tcsh
TERM=xterm-256color
MAKEFLAGS=
HISTSIZE=5000
TMPDIR=/var/condor/execute/dir_24525/worker-213124-24553/t.1324/cctools-temp-t.1324.46Ak2o
SSH_CLIENT=10.17.144.144 39924 22
PERL5LIB=/afs/crc.nd.edu/user/n/nkremerh/cctools/lib/perl5/site_perl/5.16.3:/afs/crc.nd.edu/user/n/nkremerh/.perl5/lib/perl5
SGE_CELL=crc
_CONDOR_SCRATCH_DIR=/var/condor/execute/dir_24525
PERL_MB_OPT=--install_base '/afs/crc.nd.edu/user/n/nkremerh/.perl5/'
SSH_TTY=/dev/pts/0
SGE_LOAD_AVG=load_avg
MAKEFLOW_MAX_LOCAL_JOBS=2
HISTFILESIZE=10000
_CHIRP_DELAYED_UPDATE_PREFIX=Chirp*
USER=nkremerh
GROUP=campus
LD_LIBRARY_PATH=/afs/crc.nd.edu/group/ccl/software/x86_64/redhat7/ruby/current/lib:/afs/crc.nd.edu/group/ccl/software/x86_64/redhat7/graphviz/current/lib:/afs/crc.nd.edu/group/ccl/software/x86_64/redhat7/git/current/lib:/afs/crc.nd.edu/group/ccl/software/x86_64/redhat7/condor/current/lib:/afs/crc.nd.edu/group/ccl/software/x86_64/redhat7/clang/current/lib:/afs/crc.nd.edu/group/ccl/software/x86_64/redhat7/condor/current/lib:/afs/crc.nd.edu/group/ccl/software/x86_64/redhat7/cctools/current/lib:/opt/crc/usr/local/lib
TEMP=/var/condor/execute/dir_24525/worker-213124-24553/t.1324/cctools-temp-t.1324.46Ak2o
BATCH_SYSTEM=HTCondor
WORKER_TMPDIR=/var/condor/execute/dir_24525/worker-213124-24553/cache/tmp
ENV=/afs/crc.nd.edu/x86_64_linux/Modules/4.5.0/init/profile.sh
MODULES_LMALTNAME=CRC_default/1.1&CRC_default/default&CRC_default
_CONDOR_CHIRP_CONFIG=/var/condor/execute/dir_24525/.chirp.config
GLOBUS_GSSAPI_MAX_TLS_PROTOCOL=0
_CONDOR_HIGHPORT=9999
HOSTTYPE=x86_64-linux
MAKELEVEL=1
MFLAGS=
CCLSOFTWARE=/afs/crc.nd.edu/group/ccl/software/x86_64/redhat7
PATH=/afs/crc.nd.edu/user/n/nkremerh/cctools/bin:/afs/crc.nd.edu/user/n/nkremerh/miniconda/bin:/afs/crc.nd.edu/group/ccl/software/git:/afs/crc.nd.edu/user/n/nkremerh/.local/bin:/afs/crc.nd.edu/group/ccl/software/x86_64/redhat7/povray/3.7/bin:/afs/crc.nd.edu/user/n/nkremerh/.perl5/bin:/afs/crc.nd.edu/user/n/nkremerh/pegasus/bin:/afs/crc.nd.edu/user/n/nkremerh/nodejs/bin:/afs/crc.nd.edu/user/n/nkremerh/montage/bin:/afs/crc.nd.edu/user/n/nkremerh/latexdiff:/afs/crc.nd.edu/user/n/nkremerh/envtrace:/afs/crc.nd.edu/user/n/nkremerh/endlines:/afs/crc.nd.edu/user/n/nkremerh/cctools/bin:/afs/crc.nd.edu/user/n/nkremerh/.cargo/bin:/afs/crc.nd.edu/group/ccl/software/x86_64/redhat7/ruby/current/bin:/afs/crc.nd.edu/group/ccl/software/x86_64/redhat7/graphviz/current/bin:/afs/crc.nd.edu/group/ccl/software/x86_64/redhat7/gnuplot/current/bin:/afs/crc.nd.edu/group/ccl/software/x86_64/redhat7/git/current/bin:/afs/crc.nd.edu/group/ccl/software/x86_64/redhat7/condor/current/sbin:/afs/crc.nd.edu/group/ccl/software/x86_64/redhat7/condor/current/bin:/afs/crc.nd.edu/group/ccl/software/x86_64/redhat7/cmake/current/bin:/afs/crc.nd.edu/group/ccl/software/x86_64/redhat7/clang/current/bin:/afs/crc.nd.edu/group/ccl/software/x86_64/redhat7/condor/current/sbin:/afs/crc.nd.edu/group/ccl/software/x86_64/redhat7/condor/current/bin:/afs/crc.nd.edu/group/ccl/software/x86_64/redhat7/cctools/current/bin:/afs/crc.nd.edu/x86_64_linux/Modules/4.5.0/bin:/opt/crc/usr/local/bin:/opt/sge/bin/lx-amd64:/usr/local/bin:/usr/bin:/usr/local/sbin:/usr/sbin:/afs/crc.nd.edu/user/c/condor/software/bin:/afs/crc.nd.edu/user/c/condor/software/sbin
MAIL=/var/spool/mail/nkremerh
PWD=/var/condor/execute/dir_24525/worker-213124-24553/t.1324
_LMFILES_=/afs/crc.nd.edu/x86_64_linux/Modules/modules/system_modules/CRC_default/1.1
SGE_EXECD_PORT=6445
EDITOR=vim
LANG=en_US.UTF-8
MODULEPATH=/afs/crc.nd.edu/x86_64_linux/Modules/modules/development_tools_and_libraries:/afs/crc.nd.edu/x86_64_linux/Modules/modules/general_software:/afs/crc.nd.edu/x86_64_linux/Modules/modules/restricted_software:/afs/crc.nd.edu/x86_64_linux/Modules/modules/system_modules:/afs/crc.nd.edu/x86_64_linux/Modules/modules/deprecated_software:/afs/crc.nd.edu/x86_64_linux/Modules/current/modulefiles
SGE_QMASTER_PORT=6444
SGE_ROOT=/opt/sge
LOADEDMODULES=CRC_default/1.1
WORK_QUEUE_SANDBOX=/var/condor/execute/dir_24525/worker-213124-24553
_CONDOR_SLOT=slot1
CCLPLATFORM=x86_64/redhat7
USE_SYSTEMD=true
_CONDOR_ANCESTOR_4261=24525:1594671054:4145456440
_CONDOR_LOWPORT=9100
KRB5CCNAME=FILE:/tmp/krb5cc_213124_ZwXmib
HISTCONTROL=ignoreboth:erasedups
PATH_modshare=/opt/crc/usr/local/bin:1:/opt/sge/bin/lx-amd64:1:/usr/sbin:1:/usr/bin:1:/afs/crc.nd.edu/user/c/condor/software/sbin:1:/usr/local/sbin:1:/afs/crc.nd.edu/user/c/condor/software/bin:1:/usr/local/bin:1
SHLVL=7
HOME=/afs/crc.nd.edu/user/n/nkremerh
GLOBUS_GSSAPI_NAME_COMPATIBILITY=STRICT_RFC2818
_CONDOR_ANCESTOR_3989=4261:1593343483:4184216969
_CONDOR_MACHINE_AD=/var/condor/execute/dir_24525/.machine.ad
OSTYPE=linux
DISK=916727
GREP_OPTIONS=--color=auto
GLOBUS_GSSAPI_MIN_TLS_PROTOCOL=TLS1_VERSION
MEMORY=15899
MANPATH_modshare=/usr/share/man/overrides:1:/usr/local/share/man:1:/usr/share/man:1:/opt/crc/usr/local/man:1:/opt/sge/man:1
VENDOR=unknown
BASH_ENV=/afs/crc.nd.edu/x86_64_linux/Modules/4.5.0/init/bash
PERL_LOCAL_LIB_ROOT=/afs/crc.nd.edu/user/n/nkremerh/.perl5/
PYTHONPATH=/afs/crc.nd.edu/user/n/nkremerh/cctools/lib/python3.6/site-packages/
CCLHOME=/afs/crc.nd.edu/group/ccl
MACHTYPE=x86_64
LOGNAME=nkremerh
TMP=/var/condor/execute/dir_24525/worker-213124-24553/t.1324/cctools-temp-t.1324.46Ak2o
LD_LIBRARY_PATH_modshare=/opt/crc/usr/local/lib:1
MODULES_LMALTNAME_modshare=CRC_default/1.1&CRC_default/default&CRC_default:1
SSH_CONNECTION=10.17.144.144 39924 129.74.128.103 22
MODULESHOME=/afs/crc.nd.edu/x86_64_linux/Modules/4.5.0
OMP_NUM_THREADS=1
LESSOPEN=||/usr/bin/lesspipe.sh %s
GLOBUS_GSSAPI_BACKWARD_COMPATIBLE_MIC=true
GLOBUS_GSSAPI_CIPHERS=HIGH
LOADEDMODULES_modshare=CRC_default/1.1:1
_CONDOR_JOB_AD=/var/condor/execute/dir_24525/.job.ad
SGE_CLUSTER_NAME=CRC
XDG_RUNTIME_DIR=/run/user/213124
CCTOOLS=../cctools
CORES=4
_CONDOR_JOB_IWD=/var/condor/execute/dir_24525
PERL_MM_OPT=INSTALL_BASE=/afs/crc.nd.edu/user/n/nkremerh/.perl5/
GLOBUS_GSSAPI_SERVER_CIPHER_ORDER=true
BASH_FUNC_module()=() {  unset _mlshdbg;
 if [ "${MODULES_SILENT_SHELL_DEBUG:-0}" = '1' ]; then
 case "$-" in 
 *v*x*)
 set +vx;
 _mlshdbg='vx'
 ;;
 *v*)
 set +v;
 _mlshdbg='v'
 ;;
 *x*)
 set +x;
 _mlshdbg='x'
 ;;
 *)
 _mlshdbg=''
 ;;
 esac;
 fi;
 unset _mlre _mlIFS;
 if [ -n "${IFS+x}" ]; then
 _mlIFS=$IFS;
 fi;
 IFS=' ';
 for _mlv in ${MODULES_RUN_QUARANTINE:-};
 do
 if [ "${_mlv}" = "${_mlv##*[!A-Za-z0-9_]}" -a "${_mlv}" = "${_mlv#[0-9]}" ]; then
 if [ -n "`eval 'echo ${'$_mlv'+x}'`" ]; then
 _mlre="${_mlre:-}${_mlv}_modquar='`eval 'echo ${'$_mlv'}'`' ";
 fi;
 _mlrv="MODULES_RUNENV_${_mlv}";
 _mlre="${_mlre:-}${_mlv}='`eval 'echo ${'$_mlrv':-}'`' ";
 fi;
 done;
 if [ -n "${_mlre:-}" ]; then
 eval `eval ${_mlre}/usr/bin/tclsh /afs/crc.nd.edu/x86_64_linux/Modules/4.5.0/libexec/modulecmd.tcl bash '"$@"'`;
 else
 eval `/usr/bin/tclsh /afs/crc.nd.edu/x86_64_linux/Modules/4.5.0/libexec/modulecmd.tcl bash "$@"`;
 fi;
 _mlstatus=$?;
 if [ -n "${_mlIFS+x}" ]; then
 IFS=$_mlIFS;
 else
 unset IFS;
 fi;
 unset _mlre _mlv _mlrv _mlIFS;
 if [ -n "${_mlshdbg:-}" ]; then
 set -$_mlshdbg;
 fi;
 unset _mlshdbg;
 return $_mlstatus
}
BASH_FUNC_ml()=() {  module ml "$@"
}
_=/usr/bin/printenv
