928   0.000000 libjli.so->getenv("_JAVA_LAUNCHER_DEBUG") = nil
928   0.001879 libjli.so->getenv("_JAVA_VERSION_SET") = nil
928   0.000808 libjli.so->fopen("/usr/lib/jvm/java-1.8.0-openjdk-1.8.0.252.b09-2.el7_8.x86_64/jre/lib/amd64/jvm.cfg", "r") = 0x55edfbb9e0f0
928   0.000800 libjli.so->getenv("JDK_ALTERNATE_VM") = nil
928   0.000367 libjli.so->__xstat(1, "/usr/lib/jvm/java-1.8.0-openjdk-1.8.0.252.b09-2.el7_8.x86_64/jre/lib/amd64/server/libjvm.so", 0x7ffcb853fbf0) = 0
928   0.000574 libjli.so->getenv("LD_LIBRARY_PATH") = "/afs/crc.nd.edu/group/ccl/software/x86_64/redhat7/ruby/current/lib:/afs/crc.nd.edu/group/ccl/software/x86_64/redhat7/graphviz/current/lib:/afs/crc.nd.edu/group/ccl/software/x86_64/redhat7/git/current/lib:/afs/crc.nd.edu/group/ccl/software/x86_64/redhat7/condor/current/lib:/afs/crc.nd.edu/group/ccl/software/x86_64/redhat7/clang/current/lib:/afs/crc.nd.edu/group/ccl/software/x86_64/redhat7/condor/current/lib:/afs/crc.nd.edu/group/ccl/software/x86_64/redhat7/cctools/current/lib:/opt/crc/usr/local/lib"
928   0.002079 libjli.so->dlopen("/usr/lib/jvm/java-1.8.0-openjdk-1.8.0.252.b09-2.el7_8.x86_64/jre/lib/amd64/server/libjvm.so", 258 <unfinished ...>
928   0.036782 libjvm.so->getenv("NMT_LEVEL_928") = nil
928   0.001729 <... dlopen resumed> )            = 0x55edfbb9e4c0
928   0.000092 libjli.so->getenv("CLASSPATH")    = nil
928   0.000308 libjli.so->getenv("_JAVA_SPLASH_JAR") = nil
928   0.000304 libjli.so->getenv("_JAVA_SPLASH_FILE") = nil
928   0.000324 libjli.so->pthread_attr_setdetachstate(0x7ffcb853fba0, 0, 0x7ffcb853fc30, 0) = 0
928   0.000510 libpthread.so.0->__clone(0x2ba278bf9de0, 0x2ba278b0cfc0, 0x3d0f00, 0x2ba278b0d700) = 929
929   0.001481 libjvm.so->dlopen(0x2ba27a35952e, 1, 0xfffffffffff42c48, 4096) = 0x2ba27c000990
929   0.002652 libjvm.so->getenv(0x2ba27a3742c0, 0, 115, 0x65737361) = 0x7ffcb85456cd
929   0.000491 libjvm.so->fopen(0x2ba278b0bbe0, 0x2ba27a3139ab, 0x6f732e79666972, 0x2ba2794d1ab0) = 0x2ba27c001440
929   0.001584 libjvm.so->dlopen(0x2ba278b0bbe0, 1, 0xffffffff, 0x2ba27c002b00) = 0x2ba27c001440
929   0.001543 libjvm.so->fopen(0x2ba278b0bbe0, 0x2ba27a3139ab, 111, 0x732e6176) = 0x2ba27c001b10
929   0.001810 libjvm.so->dlopen(0x2ba278b0bbe0, 1, 0xffffffff, 0x2ba27c001a00) = 0x2ba27c001b10
929   0.001735 libjvm.so->__xstat(1, 0x2ba278b0c330, 0x2ba278b0cb70, 0x637274) = -1
929   0.000547 libjvm.so->getenv(0x2ba27a30c226, 0x2ba278b0c6a0, 1024, 0x2ba27a7b05db) = 0
929   0.000562 libjvm.so->getenv(0x2ba27a30c218, 0x2ba278b0c6a0, 1024, 0) = 0
929   0.000457 libjvm.so->fopen(0x2ba27a358e95, 0x2ba27a3139ab, 4095, 24) = 0x2ba27c0032b0
929   0.001134 libjvm.so->fopen(0x2ba27a358ee1, 0x2ba27a3139ab, 0x2ba27c000078, 0x2ba27c0032a0) = 0x2ba27c0032b0
929   0.000758 libjvm.so->fopen(0x2ba278b06980, 0x2ba27a3139ab, 4016, 3997) = 0x2ba27c0032b0
929   0.000629 libjvm.so->opendir(0x2ba27c002b40, 0x2ba27c002b40, 13, 16) = 0
929   0.000443 libjvm.so->__xstat(1, 0x2ba278b0b8c0, 0x2ba278b0a830, 0x6f732e7477616d62) = -1
929   0.000432 libjvm.so->__xstat(1, 0x2ba278b0b8c0, 0x2ba278b0a830, 0x5f74776162696c2f) = 0
929   0.000472 libjvm.so->fopen(0x2ba278b0ab60, 0x2ba27a3139ab, 4011, 3996) = 0x2ba27c003790
929   0.000601 libjvm.so->fopen(0x2ba278b0ab60, 0x2ba27a3139ab, 4011, 3996) = 0x2ba27c003790
929   0.000587 libjvm.so->fopen(0x2ba278b0ab60, 0x2ba27a3139ab, 4011, 4004) = 0x2ba27c003790
929   0.000632 libjvm.so->fopen(0x2ba278b0aaf0, 0x2ba27a3139ab, 4011, 3996) = 0x2ba27c003790
929   0.000582 libjvm.so->fopen(0x2ba278b0aaf0, 0x2ba27a3139ab, 4011, 3996) = 0x2ba27c003790
929   0.000596 libjvm.so->fopen(0x2ba278b0aaf0, 0x2ba27a3139ab, 4011, 4004) = 0x2ba27c003790
929   0.000615 libjvm.so->fopen(0x2ba278b0ab20, 0x2ba27a3139ab, 4016, 3997) = 0x2ba27c003790
929   0.000770 libjvm.so->getenv(0x2ba27a359c5e, 4096, 3, -1) = 0
929   0.000895 libjvm.so->fopen(0x2ba27a359518, 0x2ba27a3139ab, 0x2ba278bf0908, 0x2ba278befdf0) = 0x2ba27c003790
929   0.005355 libjvm.so->open(0x2ba27c04a580, 0x20000, 0, 0x2ba27c04a5c9) = 3
929   0.000494 libjvm.so->__fxstat(1, 3, 0x2ba278b0c9d0, -1) = 0
929   0.000468 libjvm.so->opendir(0x2ba27c04a580, 0x2ba278b0c9d0, 0x4000, -1) = 0x2ba27c04b490
929   0.000471 libjvm.so->__fxstat(1, 3, 0x2ba278b0c870, 0x2ba27c04b490) = 0
929   0.000485 libjvm.so->__fxstat(1, 5, 0x2ba278b0c900, -1) = 0
929   0.000576 libjvm.so->open(0x2ba27a32a85c, 0, 0, 0) = 3
929   0.000726 libjvm.so->__lxstat(1, 0x2ba27c04a580, 0x2ba278b0cb20, -144) = 0
929   0.000461 libjvm.so->open(0x2ba27c04a580, 0x20000, 0x4000, -1) = 3
929   0.000437 libjvm.so->__fxstat(1, 3, 0x2ba278b0c9d0, -1) = 0
929   0.000446 libjvm.so->opendir(0x2ba27c04a580, 0x2ba278b0c9d0, 0x4000, -1) = 0x2ba27c04b490
929   0.000436 libjvm.so->__fxstat(1, 3, 0x2ba278b0c870, 0x2ba27c04b490) = 0
929   0.000420 libjvm.so->__fxstat(1, 5, 0x2ba278b0c900, -1) = 0
929   0.000504 libjvm.so->open(0x2ba27a32a85c, 0, 0, 0) = 3
929   0.000568 libjvm.so->open(0x2ba27c04a5c9, 0x20042, 384, -1) = 7
929   0.000667 libjvm.so->__fxstat(1, 7, 0x2ba278b0cb20, -1) = 0
929   0.001893 libjvm.so->fopen(0x2ba278b0bb30, 0x2ba27a3139ab, 4, 0x6f732e70) = 0x2ba27c057b70
929   0.001484 libjvm.so->dlopen(0x2ba278b0bb30, 1, 0xffffffff, 0x2ba27c057b00) = 0x2ba27c057b70
929   0.001446 libjvm.so->__xstat(1, 0x2ba278b0c0f0, 0x2ba278b0c920, 2048) = 0
929   0.000431 libjvm.so->__xstat(1, 0x2ba278b0c0f0, 0x2ba278b0c920, 2048) = 0
929   0.000436 libjvm.so->__xstat(1, 0x2ba278b0c0f0, 0x2ba278b0c920, 2048) = -1
929   0.000424 libjvm.so->__xstat(1, 0x2ba278b0c0f0, 0x2ba278b0c920, 2048) = 0
929   0.000420 libjvm.so->__xstat(1, 0x2ba278b0c0f0, 0x2ba278b0c920, 2048) = 0
929   0.000787 libjvm.so->__xstat(1, 0x2ba278b0c0f0, 0x2ba278b0c920, 2048) = 0
929   0.000570 libjvm.so->__xstat(1, 0x2ba278b0c0f0, 0x2ba278b0c920, 2048) = -1
929   0.000466 libjvm.so->__xstat(1, 0x2ba278b0c0f0, 0x2ba278b0c920, 2048) = -1
929   0.000532 libjvm.so->fopen(0x2ba27c002520, 0x2ba27a3139ab, 0, 0) = 0x2ba27c0588e0
929   0.008287 libjvm.so->open64(0x2ba278b0b490, 0, 0, 16) = 3
929   0.000564 libjvm.so->__fxstat64(1, 3, 0x2ba278b0b2c0, -1) = 0
929   0.035397 libjvm.so->__xstat(1, 0x2ba278b0bef0, 0x2ba278b0c720, 2048) = -1
929   0.000734 libjvm.so->fopen(0x2ba278b0aaf0, 0x2ba27a3139ab, 4011, 3996) = 0x2ba27c0b5b60
929   0.000754 libjvm.so->fopen(0x2ba278b0aaf0, 0x2ba27a3139ab, 4011, 3996) = 0x2ba27c0b5b60
929   0.000715 libjvm.so->fopen(0x2ba278b0aaf0, 0x2ba27a3139ab, 4011, 4004) = 0x2ba27c0b5b60
929   0.004411 libjvm.so->pthread_attr_setdetachstate(0x2ba278b0cbd0, 1, 0, 0) = 0
929   0.000710 libpthread.so.0->__clone(0x2ba278bf9de0, 0x2ba2914ddfc0, 0x3d0f00, 0x2ba2914de700) = 930
929   0.016395 libjvm.so->pthread_attr_setdetachstate(0x2ba278b0c260, 1, 0, 0) = 0
929   0.000718 libpthread.so.0->__clone(0x2ba278bf9de0, 0x2ba2915defc0, 0x3d0f00, 0x2ba2915df700) = 931
929   0.006932 libjvm.so->pthread_attr_setdetachstate(0x2ba278b0c5e0, 1, 0, 0) = 0
929   0.000835 libpthread.so.0->__clone(0x2ba278bf9de0, 0x2ba2916dffc0, 0x3d0f00, 0x2ba2916e0700) = 932
929   0.039444 libjvm.so->fopen(0x2ba27c0e8b80, 0x2ba27a3139ab, 4, 0x6f732e70) = 0x2ba27c0f16e0
929   0.002020 libjvm.so->dlopen(0x2ba27c0e8b80, 1, 0xffffffff, 0x2ba27c0e8600) = 0x2ba27c057b70
929   0.023932 libjvm.so->fopen(0x2ba278b08130, 0x2ba27a3139ab, 4011, 3996) = 0x2ba27c0f8fb0
929   0.001180 libjvm.so->fopen(0x2ba278b08130, 0x2ba27a3139ab, 4011, 3996) = 0x2ba27c0f8fb0
929   0.001135 libjvm.so->fopen(0x2ba278b08130, 0x2ba27a3139ab, 4011, 4004) = 0x2ba27c0f8fb0
929   0.015401 libjvm.so->pthread_attr_setdetachstate(0x2ba278b0cb20, 1, 0, 0) = 0
929   0.000991 libpthread.so.0->__clone(0x2ba278bf9de0, 0x2ba2917e0fc0, 0x3d0f00, 0x2ba2917e1700) = 933
929   0.001801 libjvm.so->__xstat64(1, 0x2ba278b0cbb0, 0x2ba278b0cb20, 17) = -1
929   0.001184 libjvm.so->pthread_attr_setdetachstate(0x2ba278b0c920, 1, 0, 0) = 0
929   0.001265 libpthread.so.0->__clone(0x2ba278bf9de0, 0x2ba2918e1fc0, 0x3d0f00, 0x2ba2918e2700) = 934
929   0.002005 libjvm.so->pthread_attr_setdetachstate(0x2ba278b0c920, 1, 0, 0) = 0
929   0.001321 libpthread.so.0->__clone(0x2ba278bf9de0, 0x2ba2919e2fc0, 0x3d0f00, 0x2ba2919e3700) = 935
929   0.007201 libjvm.so->pthread_attr_setdetachstate(0x2ba278b0ca70, 1, 0, 0) = 0
929   0.001392 libpthread.so.0->__clone(0x2ba278bf9de0, 0x2ba291ae3fc0, 0x3d0f00, 0x2ba291ae4700) = 936
929   0.002399 libjvm.so->pthread_attr_setdetachstate(0x2ba278b0cb80, 1, 0, 0) = 0
929   0.001664 libpthread.so.0->__clone(0x2ba278bf9de0, 0x2ba291be4fc0, 0x3d0f00, 0x2ba291be5700) = 937
929   0.014876 libjvm.so->open64(0x2ba27c12c550, 0, 0, 16) = 5
929   0.001769 libjvm.so->__fxstat64(1, 5, 0x2ba278b09f90, -1) = 0
929   0.025022 libjvm.so->fopen(0x2ba27c152790, 0x2ba27a3139ab, 4, 0x6f732e6f) = 0x2ba27c152850
929   0.003587 libjvm.so->dlopen(0x2ba27c152790, 1, 0xffffffff, 0x2ba27c152700) = 0x2ba27c152850
929   0.126513 libjvm.so->fopen(0x2ba27c190ca0, 0x2ba27a3139ab, 4, 0x6f732e74) = 0x2ba27c1a3b40
929   0.003224 libjvm.so->dlopen(0x2ba27c190ca0, 1, 0xffffffff, 0x2ba27c1a3a00) = 0x2ba27c1a3b40
929   0.131351 libjvm.so->fopen(0x2ba27c22ef50, 0x2ba27a3139ab, 0x6f732e7373656c, 0x656c646165685f74) = 0x2ba27c22efc0
929   0.002800 libjvm.so->dlopen(0x2ba27c22ef50, 1, 0xffffffff, 0x2ba27c22b500) = 0x2ba27c22efc0
929   0.018492 libjvm.so->fopen(0x2ba278b05a30, 0x2ba27a3139ab, 0x6f732e, 0x6d766a62696c2f72) = 0x2ba27c238e10
929   0.005590 libjvm.so->dlopen(0x2ba278b05a30, 1, 0xffffffff, 0x2ba27c238300) = 0x55edfbb9e4c0
929   0.001667 libjvm.so->fopen(0x2ba278b05a30, 0x2ba27a3139ab, 0x6f732e, 0x6d766a62696c2f72) = 0x2ba27c238db0
929   0.004688 libjvm.so->dlopen(0x2ba278b05a30, 1, 0xffffffff, 0x2ba27c238300) = 0x55edfbb9e4c0
929   0.001755 libjvm.so->fopen(0x2ba278b05a30, 0x2ba27a3139ab, 0x6f732e, 0x6d766a62696c2f72) = 0x2ba27c238db0
929   0.003308 libjvm.so->dlopen(0x2ba278b05a30, 1, 0xffffffff, 0x2ba27c238300) = 0x55edfbb9e4c0
929   0.001761 libjvm.so->fopen(0x2ba278b05a30, 0x2ba27a3139ab, 0x6f732e, 0x6d766a62696c2f72) = 0x2ba27c238db0
929   0.003380 libjvm.so->dlopen(0x2ba278b05a30, 1, 0xffffffff, 0x2ba27c238300) = 0x55edfbb9e4c0
929   0.522796 --- SIGSEGV (Segmentation fault) ---
937  12.084140 +++ exited (status 0) +++
933   0.000241 +++ exited (status 0) +++
930   0.000382 +++ exited (status 0) +++
929   0.000193 +++ exited (status 0) +++
936   0.000396 +++ exited (status 0) +++
935   0.000046 +++ exited (status 0) +++
934   0.000018 +++ exited (status 0) +++
932   0.000014 +++ exited (status 0) +++
931   0.021993 +++ exited (status 0) +++
928   0.000049 +++ exited (status 0) +++
Wrote an ltrace for command: "java -cp ./tools/maxent.jar density.MaxEnt -s outputs/Afroestricus_eminentis_Scarbrough.csv -e data/layers/worldclim -o outputs/Afroestricus_eminentis_Scarbrough nowarnings nocache autorun -z" with PID 926 from PPID 907 on disc25.crc.nd.edu with result 0
REMOTEHOST=10.17.144.144
MANPATH=/afs/crc.nd.edu/user/n/nkremerh/cctools/share/man/:/afs/crc.nd.edu/group/ccl/software/x86_64/redhat7/ruby/current/share/man:/afs/crc.nd.edu/group/ccl/software/x86_64/redhat7/graphviz/current/share/man:/afs/crc.nd.edu/group/ccl/software/x86_64/redhat7/gnuplot/current/share/man:/afs/crc.nd.edu/group/ccl/software/x86_64/redhat7/git/current/share/man:/afs/crc.nd.edu/group/ccl/software/x86_64/redhat7/condor/current/share/man:/afs/crc.nd.edu/group/ccl/software/x86_64/redhat7/clang/current/share/man:/afs/crc.nd.edu/group/ccl/software/x86_64/redhat7/condor/current/share/man:/afs/crc.nd.edu/group/ccl/software/x86_64/redhat7/cctools/current/share/man:/afs/crc.nd.edu/group/ccl/software/x86_64/redhat7/cctools/current/share/man:/afs/crc.nd.edu/x86_64_linux/Modules/4.5.0/share/man:/opt/crc/usr/local/man:/opt/sge/man:/usr/share/man/overrides:/usr/share/man:/usr/local/share/man
_CONDOR_JOB_PIDS=
_CONDOR_ANCESTOR_24525=24530:1594671055:2748281650
XDG_SESSION_ID=2735
HOSTNAME=disc01.crc.nd.edu
_LMFILES__modshare=/afs/crc.nd.edu/x86_64_linux/Modules/modules/system_modules/CRC_default/1.1:1
MODULEPATH_modshare=/afs/crc.nd.edu/x86_64_linux/Modules/modules/general_software:1:/afs/crc.nd.edu/x86_64_linux/Modules/modules/development_tools_and_libraries:1:/afs/crc.nd.edu/x86_64_linux/Modules/modules/system_modules:1:/afs/crc.nd.edu/x86_64_linux/Modules/current/modulefiles:1:/afs/crc.nd.edu/x86_64_linux/Modules/modules/restricted_software:1:/afs/crc.nd.edu/x86_64_linux/Modules/modules/deprecated_software:1
TERM=xterm-256color
SHELL=/bin/tcsh
HOST=disc01.crc.nd.edu
MODULES_CMD=/afs/crc.nd.edu/x86_64_linux/Modules/4.5.0/libexec/modulecmd.tcl
HISTSIZE=5000
MAKEFLAGS=
SSH_CLIENT=10.17.144.144 39924 22
TMPDIR=/var/condor/execute/dir_24525/worker-213124-24553/t.1257/cctools-temp-t.1257.KA6yfu
PERL5LIB=/afs/crc.nd.edu/user/n/nkremerh/cctools/lib/perl5/site_perl/5.16.3:/afs/crc.nd.edu/user/n/nkremerh/.perl5/lib/perl5
SGE_CELL=crc
_CONDOR_SCRATCH_DIR=/var/condor/execute/dir_24525
PERL_MB_OPT=--install_base '/afs/crc.nd.edu/user/n/nkremerh/.perl5/'
SSH_TTY=/dev/pts/0
SGE_LOAD_AVG=load_avg
MAKEFLOW_MAX_LOCAL_JOBS=2
GROUP=campus
USER=nkremerh
_CHIRP_DELAYED_UPDATE_PREFIX=Chirp*
HISTFILESIZE=10000
TEMP=/var/condor/execute/dir_24525/worker-213124-24553/t.1257/cctools-temp-t.1257.KA6yfu
LD_LIBRARY_PATH=/afs/crc.nd.edu/group/ccl/software/x86_64/redhat7/ruby/current/lib:/afs/crc.nd.edu/group/ccl/software/x86_64/redhat7/graphviz/current/lib:/afs/crc.nd.edu/group/ccl/software/x86_64/redhat7/git/current/lib:/afs/crc.nd.edu/group/ccl/software/x86_64/redhat7/condor/current/lib:/afs/crc.nd.edu/group/ccl/software/x86_64/redhat7/clang/current/lib:/afs/crc.nd.edu/group/ccl/software/x86_64/redhat7/condor/current/lib:/afs/crc.nd.edu/group/ccl/software/x86_64/redhat7/cctools/current/lib:/opt/crc/usr/local/lib
BATCH_SYSTEM=HTCondor
MODULES_LMALTNAME=CRC_default/1.1&CRC_default/default&CRC_default
ENV=/afs/crc.nd.edu/x86_64_linux/Modules/4.5.0/init/profile.sh
WORKER_TMPDIR=/var/condor/execute/dir_24525/worker-213124-24553/cache/tmp
HOSTTYPE=x86_64-linux
_CONDOR_HIGHPORT=9999
GLOBUS_GSSAPI_MAX_TLS_PROTOCOL=0
_CONDOR_CHIRP_CONFIG=/var/condor/execute/dir_24525/.chirp.config
MAKELEVEL=1
MFLAGS=
MAIL=/var/spool/mail/nkremerh
PATH=/afs/crc.nd.edu/user/n/nkremerh/cctools/bin:/afs/crc.nd.edu/user/n/nkremerh/miniconda/bin:/afs/crc.nd.edu/group/ccl/software/git:/afs/crc.nd.edu/user/n/nkremerh/.local/bin:/afs/crc.nd.edu/group/ccl/software/x86_64/redhat7/povray/3.7/bin:/afs/crc.nd.edu/user/n/nkremerh/.perl5/bin:/afs/crc.nd.edu/user/n/nkremerh/pegasus/bin:/afs/crc.nd.edu/user/n/nkremerh/nodejs/bin:/afs/crc.nd.edu/user/n/nkremerh/montage/bin:/afs/crc.nd.edu/user/n/nkremerh/latexdiff:/afs/crc.nd.edu/user/n/nkremerh/envtrace:/afs/crc.nd.edu/user/n/nkremerh/endlines:/afs/crc.nd.edu/user/n/nkremerh/cctools/bin:/afs/crc.nd.edu/user/n/nkremerh/.cargo/bin:/afs/crc.nd.edu/group/ccl/software/x86_64/redhat7/ruby/current/bin:/afs/crc.nd.edu/group/ccl/software/x86_64/redhat7/graphviz/current/bin:/afs/crc.nd.edu/group/ccl/software/x86_64/redhat7/gnuplot/current/bin:/afs/crc.nd.edu/group/ccl/software/x86_64/redhat7/git/current/bin:/afs/crc.nd.edu/group/ccl/software/x86_64/redhat7/condor/current/sbin:/afs/crc.nd.edu/group/ccl/software/x86_64/redhat7/condor/current/bin:/afs/crc.nd.edu/group/ccl/software/x86_64/redhat7/cmake/current/bin:/afs/crc.nd.edu/group/ccl/software/x86_64/redhat7/clang/current/bin:/afs/crc.nd.edu/group/ccl/software/x86_64/redhat7/condor/current/sbin:/afs/crc.nd.edu/group/ccl/software/x86_64/redhat7/condor/current/bin:/afs/crc.nd.edu/group/ccl/software/x86_64/redhat7/cctools/current/bin:/afs/crc.nd.edu/x86_64_linux/Modules/4.5.0/bin:/opt/crc/usr/local/bin:/opt/sge/bin/lx-amd64:/usr/local/bin:/usr/bin:/usr/local/sbin:/usr/sbin:/afs/crc.nd.edu/user/c/condor/software/bin:/afs/crc.nd.edu/user/c/condor/software/sbin
CCLSOFTWARE=/afs/crc.nd.edu/group/ccl/software/x86_64/redhat7
PWD=/var/condor/execute/dir_24525/worker-213124-24553/t.1257
_LMFILES_=/afs/crc.nd.edu/x86_64_linux/Modules/modules/system_modules/CRC_default/1.1
EDITOR=vim
SGE_EXECD_PORT=6445
LANG=en_US.UTF-8
SGE_QMASTER_PORT=6444
MODULEPATH=/afs/crc.nd.edu/x86_64_linux/Modules/modules/development_tools_and_libraries:/afs/crc.nd.edu/x86_64_linux/Modules/modules/general_software:/afs/crc.nd.edu/x86_64_linux/Modules/modules/restricted_software:/afs/crc.nd.edu/x86_64_linux/Modules/modules/system_modules:/afs/crc.nd.edu/x86_64_linux/Modules/modules/deprecated_software:/afs/crc.nd.edu/x86_64_linux/Modules/current/modulefiles
LOADEDMODULES=CRC_default/1.1
SGE_ROOT=/opt/sge
CCLPLATFORM=x86_64/redhat7
_CONDOR_SLOT=slot1
WORK_QUEUE_SANDBOX=/var/condor/execute/dir_24525/worker-213124-24553
USE_SYSTEMD=true
_CONDOR_LOWPORT=9100
_CONDOR_ANCESTOR_4261=24525:1594671054:4145456440
HISTCONTROL=ignoreboth:erasedups
KRB5CCNAME=FILE:/tmp/krb5cc_213124_ZwXmib
GLOBUS_GSSAPI_NAME_COMPATIBILITY=STRICT_RFC2818
HOME=/afs/crc.nd.edu/user/n/nkremerh
SHLVL=6
PATH_modshare=/opt/crc/usr/local/bin:1:/opt/sge/bin/lx-amd64:1:/usr/sbin:1:/usr/bin:1:/afs/crc.nd.edu/user/c/condor/software/sbin:1:/usr/local/sbin:1:/afs/crc.nd.edu/user/c/condor/software/bin:1:/usr/local/bin:1
OSTYPE=linux
_CONDOR_MACHINE_AD=/var/condor/execute/dir_24525/.machine.ad
_CONDOR_ANCESTOR_3989=4261:1593343483:4184216969
GREP_OPTIONS=--color=auto
DISK=916727
GLOBUS_GSSAPI_MIN_TLS_PROTOCOL=TLS1_VERSION
MANPATH_modshare=/usr/share/man/overrides:1:/usr/local/share/man:1:/usr/share/man:1:/opt/crc/usr/local/man:1:/opt/sge/man:1
MEMORY=15899
PERL_LOCAL_LIB_ROOT=/afs/crc.nd.edu/user/n/nkremerh/.perl5/
BASH_ENV=/afs/crc.nd.edu/x86_64_linux/Modules/4.5.0/init/bash
VENDOR=unknown
TMP=/var/condor/execute/dir_24525/worker-213124-24553/t.1257/cctools-temp-t.1257.KA6yfu
LOGNAME=nkremerh
MACHTYPE=x86_64
CCLHOME=/afs/crc.nd.edu/group/ccl
PYTHONPATH=/afs/crc.nd.edu/user/n/nkremerh/cctools/lib/python3.6/site-packages/
LD_LIBRARY_PATH_modshare=/opt/crc/usr/local/lib:1
SSH_CONNECTION=10.17.144.144 39924 129.74.128.103 22
MODULES_LMALTNAME_modshare=CRC_default/1.1&CRC_default/default&CRC_default:1
MODULESHOME=/afs/crc.nd.edu/x86_64_linux/Modules/4.5.0
GLOBUS_GSSAPI_CIPHERS=HIGH
GLOBUS_GSSAPI_BACKWARD_COMPATIBLE_MIC=true
LESSOPEN=||/usr/bin/lesspipe.sh %s
OMP_NUM_THREADS=1
_CONDOR_JOB_AD=/var/condor/execute/dir_24525/.job.ad
LOADEDMODULES_modshare=CRC_default/1.1:1
XDG_RUNTIME_DIR=/run/user/213124
SGE_CLUSTER_NAME=CRC
CCTOOLS=../cctools
CORES=4
_CONDOR_JOB_IWD=/var/condor/execute/dir_24525
PERL_MM_OPT=INSTALL_BASE=/afs/crc.nd.edu/user/n/nkremerh/.perl5/
GLOBUS_GSSAPI_SERVER_CIPHER_ORDER=true
BASH_FUNC_module()=() {  unset _mlshdbg;
 if [ "${MODULES_SILENT_SHELL_DEBUG:-0}" = '1' ]; then
 case "$-" in 
 *v*x*)
 set +vx;
 _mlshdbg='vx'
 ;;
 *v*)
 set +v;
 _mlshdbg='v'
 ;;
 *x*)
 set +x;
 _mlshdbg='x'
 ;;
 *)
 _mlshdbg=''
 ;;
 esac;
 fi;
 unset _mlre _mlIFS;
 if [ -n "${IFS+x}" ]; then
 _mlIFS=$IFS;
 fi;
 IFS=' ';
 for _mlv in ${MODULES_RUN_QUARANTINE:-};
 do
 if [ "${_mlv}" = "${_mlv##*[!A-Za-z0-9_]}" -a "${_mlv}" = "${_mlv#[0-9]}" ]; then
 if [ -n "`eval 'echo ${'$_mlv'+x}'`" ]; then
 _mlre="${_mlre:-}${_mlv}_modquar='`eval 'echo ${'$_mlv'}'`' ";
 fi;
 _mlrv="MODULES_RUNENV_${_mlv}";
 _mlre="${_mlre:-}${_mlv}='`eval 'echo ${'$_mlrv':-}'`' ";
 fi;
 done;
 if [ -n "${_mlre:-}" ]; then
 eval `eval ${_mlre}/usr/bin/tclsh /afs/crc.nd.edu/x86_64_linux/Modules/4.5.0/libexec/modulecmd.tcl bash '"$@"'`;
 else
 eval `/usr/bin/tclsh /afs/crc.nd.edu/x86_64_linux/Modules/4.5.0/libexec/modulecmd.tcl bash "$@"`;
 fi;
 _mlstatus=$?;
 if [ -n "${_mlIFS+x}" ]; then
 IFS=$_mlIFS;
 else
 unset IFS;
 fi;
 unset _mlre _mlv _mlrv _mlIFS;
 if [ -n "${_mlshdbg:-}" ]; then
 set -$_mlshdbg;
 fi;
 unset _mlshdbg;
 return $_mlstatus
}
BASH_FUNC_ml()=() {  module ml "$@"
}
_=/usr/bin/printenv
