5151   0.000000 libjli.so->getenv("_JAVA_LAUNCHER_DEBUG") = nil
5151   0.001906 libjli.so->getenv("_JAVA_VERSION_SET") = nil
5151   0.000837 libjli.so->fopen("/usr/lib/jvm/java-1.8.0-openjdk-1.8.0.252.b09-2.el7_8.x86_64/jre/lib/amd64/jvm.cfg", "r") = 0x55d73de980e0
5151   0.000795 libjli.so->getenv("JDK_ALTERNATE_VM") = nil
5151   0.000306 libjli.so->__xstat(1, "/usr/lib/jvm/java-1.8.0-openjdk-1.8.0.252.b09-2.el7_8.x86_64/jre/lib/amd64/server/libjvm.so", 0x7ffdf1d4e620) = 0
5151   0.000621 libjli.so->getenv("LD_LIBRARY_PATH") = "/afs/crc.nd.edu/group/ccl/software/x86_64/redhat7/ruby/current/lib:/afs/crc.nd.edu/group/ccl/software/x86_64/redhat7/graphviz/current/lib:/afs/crc.nd.edu/group/ccl/software/x86_64/redhat7/git/current/lib:/afs/crc.nd.edu/group/ccl/software/x86_64/redhat7/condor/current/lib:/afs/crc.nd.edu/group/ccl/software/x86_64/redhat7/clang/current/lib:/afs/crc.nd.edu/group/ccl/software/x86_64/redhat7/condor/current/lib:/afs/crc.nd.edu/group/ccl/software/x86_64/redhat7/cctools/current/lib:/opt/crc/usr/local/lib"
5151   0.002132 libjli.so->dlopen("/usr/lib/jvm/java-1.8.0-openjdk-1.8.0.252.b09-2.el7_8.x86_64/jre/lib/amd64/server/libjvm.so", 258 <unfinished ...>
5151   0.036641 libjvm.so->getenv("NMT_LEVEL_5151") = nil
5151   0.001711 <... dlopen resumed> )           = 0x55d73de984b0
5151   0.000065 libjli.so->getenv("CLASSPATH")   = nil
5151   0.000314 libjli.so->getenv("_JAVA_SPLASH_JAR") = nil
5151   0.000295 libjli.so->getenv("_JAVA_SPLASH_FILE") = nil
5151   0.000318 libjli.so->pthread_attr_setdetachstate(0x7ffdf1d4e5d0, 0, 0x7ffdf1d4e660, 0) = 0
5151   0.000572 libpthread.so.0->__clone(0x2b3ebc9a7de0, 0x2b3ebc8bafc0, 0x3d0f00, 0x2b3ebc8bb700) = 5152
5152   0.001460 libjvm.so->dlopen(0x2b3ebe10752e, 1, 0xfffffffffff42c48, 4096) = 0x2b3ec0000990
5152   0.002845 libjvm.so->getenv(0x2b3ebe1222c0, 0, 115, 0x65737361) = 0x7ffdf1d55674
5152   0.000494 libjvm.so->fopen(0x2b3ebc8b9be0, 0x2b3ebe0c19ab, 0x6f732e79666972, 0x2b3ebd27fab0) = 0x2b3ec0001440
5152   0.001676 libjvm.so->dlopen(0x2b3ebc8b9be0, 1, 0xffffffff, 0x2b3ec0002b00) = 0x2b3ec0001440
5152   0.001653 libjvm.so->fopen(0x2b3ebc8b9be0, 0x2b3ebe0c19ab, 111, 0x732e6176) = 0x2b3ec0001b10
5152   0.001964 libjvm.so->dlopen(0x2b3ebc8b9be0, 1, 0xffffffff, 0x2b3ec0001a00) = 0x2b3ec0001b10
5152   0.001897 libjvm.so->__xstat(1, 0x2b3ebc8ba330, 0x2b3ebc8bab70, 0x637274) = -1
5152   0.000588 libjvm.so->getenv(0x2b3ebe0ba226, 0x2b3ebc8ba6a0, 1024, 0x2b3ebe55e5db) = 0
5152   0.000742 libjvm.so->getenv(0x2b3ebe0ba218, 0x2b3ebc8ba6a0, 1024, 0) = 0
5152   0.000736 libjvm.so->fopen(0x2b3ebe106e95, 0x2b3ebe0c19ab, 4095, 24) = 0x2b3ec00032d0
5152   0.001314 libjvm.so->fopen(0x2b3ebe106ee1, 0x2b3ebe0c19ab, 0x2b3ec0000078, 0x2b3ec00032c0) = 0x2b3ec00032d0
5152   0.000815 libjvm.so->fopen(0x2b3ebc8b4980, 0x2b3ebe0c19ab, 4016, 3997) = 0x2b3ec00032d0
5152   0.000719 libjvm.so->opendir(0x2b3ec0002b40, 0x2b3ec0002b40, 13, 16) = 0
5152   0.000502 libjvm.so->__xstat(1, 0x2b3ebc8b98c0, 0x2b3ebc8b8830, 0x6f732e7477616d62) = -1
5152   0.000473 libjvm.so->__xstat(1, 0x2b3ebc8b98c0, 0x2b3ebc8b8830, 0x5f74776162696c2f) = 0
5152   0.000549 libjvm.so->fopen(0x2b3ebc8b8b60, 0x2b3ebe0c19ab, 4011, 3996) = 0x2b3ec00037b0
5152   0.000761 libjvm.so->fopen(0x2b3ebc8b8b60, 0x2b3ebe0c19ab, 4011, 3996) = 0x2b3ec00037b0
5152   0.000695 libjvm.so->fopen(0x2b3ebc8b8b60, 0x2b3ebe0c19ab, 4011, 4004) = 0x2b3ec00037b0
5152   0.000651 libjvm.so->fopen(0x2b3ebc8b8af0, 0x2b3ebe0c19ab, 4011, 3996) = 0x2b3ec00037b0
5152   0.000668 libjvm.so->fopen(0x2b3ebc8b8af0, 0x2b3ebe0c19ab, 4011, 3996) = 0x2b3ec00037b0
5152   0.000625 libjvm.so->fopen(0x2b3ebc8b8af0, 0x2b3ebe0c19ab, 4011, 4004) = 0x2b3ec00037b0
5152   0.000796 libjvm.so->fopen(0x2b3ebc8b8b20, 0x2b3ebe0c19ab, 4016, 3997) = 0x2b3ec00037b0
5152   0.000881 libjvm.so->getenv(0x2b3ebe107c5e, 4096, 3, -1) = 0
5152   0.001012 libjvm.so->fopen(0x2b3ebe107518, 0x2b3ebe0c19ab, 0x2b3ebc99e908, 0x2b3ebc99ddf0) = 0x2b3ec00037b0
5152   0.004801 libjvm.so->open(0x2b3ec004a5a0, 0x20000, 0, 0x2b3ec004a5e9) = 3
5152   0.000479 libjvm.so->__fxstat(1, 3, 0x2b3ebc8ba9d0, -1) = 0
5152   0.000623 libjvm.so->opendir(0x2b3ec004a5a0, 0x2b3ebc8ba9d0, 0x4000, -1) = 0x2b3ec004b4b0
5152   0.000675 libjvm.so->__fxstat(1, 3, 0x2b3ebc8ba870, 0x2b3ec004b4b0) = 0
5152   0.000464 libjvm.so->__fxstat(1, 5, 0x2b3ebc8ba900, -1) = 0
5152   0.000624 libjvm.so->open(0x2b3ebe0d885c, 0, 0, 0) = 3
5152   0.000740 libjvm.so->__lxstat(1, 0x2b3ec004a5a0, 0x2b3ebc8bab20, -144) = 0
5152   0.000483 libjvm.so->open(0x2b3ec004a5a0, 0x20000, 0x4000, -1) = 3
5152   0.000467 libjvm.so->__fxstat(1, 3, 0x2b3ebc8ba9d0, -1) = 0
5152   0.000481 libjvm.so->opendir(0x2b3ec004a5a0, 0x2b3ebc8ba9d0, 0x4000, -1) = 0x2b3ec004b4b0
5152   0.000470 libjvm.so->__fxstat(1, 3, 0x2b3ebc8ba870, 0x2b3ec004b4b0) = 0
5152   0.000454 libjvm.so->__fxstat(1, 5, 0x2b3ebc8ba900, -1) = 0
5152   0.000491 libjvm.so->open(0x2b3ebe0d885c, 0, 0, 0) = 3
5152   0.000530 libjvm.so->open(0x2b3ec004a5e9, 0x20042, 384, -1) = 7
5152   0.000680 libjvm.so->__fxstat(1, 7, 0x2b3ebc8bab20, -1) = 0
5152   0.001642 libjvm.so->fopen(0x2b3ebc8b9b30, 0x2b3ebe0c19ab, 4, 0x6f732e70) = 0x2b3ec0057b90
5152   0.001813 libjvm.so->dlopen(0x2b3ebc8b9b30, 1, 0xffffffff, 0x2b3ec0057b00) = 0x2b3ec0057b90
5152   0.001524 libjvm.so->__xstat(1, 0x2b3ebc8ba0f0, 0x2b3ebc8ba920, 2048) = 0
5152   0.000430 libjvm.so->__xstat(1, 0x2b3ebc8ba0f0, 0x2b3ebc8ba920, 2048) = 0
5152   0.000433 libjvm.so->__xstat(1, 0x2b3ebc8ba0f0, 0x2b3ebc8ba920, 2048) = -1
5152   0.000454 libjvm.so->__xstat(1, 0x2b3ebc8ba0f0, 0x2b3ebc8ba920, 2048) = 0
5152   0.000420 libjvm.so->__xstat(1, 0x2b3ebc8ba0f0, 0x2b3ebc8ba920, 2048) = 0
5152   0.000517 libjvm.so->__xstat(1, 0x2b3ebc8ba0f0, 0x2b3ebc8ba920, 2048) = 0
5152   0.000484 libjvm.so->__xstat(1, 0x2b3ebc8ba0f0, 0x2b3ebc8ba920, 2048) = -1
5152   0.000551 libjvm.so->__xstat(1, 0x2b3ebc8ba0f0, 0x2b3ebc8ba920, 2048) = -1
5152   0.000545 libjvm.so->fopen(0x2b3ec0002520, 0x2b3ebe0c19ab, 0, 0) = 0x2b3ec0058900
5152   0.008656 libjvm.so->open64(0x2b3ebc8b9490, 0, 0, 16) = 3
5152   0.000521 libjvm.so->__fxstat64(1, 3, 0x2b3ebc8b92c0, -1) = 0
5152   0.035544 libjvm.so->__xstat(1, 0x2b3ebc8b9ef0, 0x2b3ebc8ba720, 2048) = -1
5152   0.000631 libjvm.so->fopen(0x2b3ebc8b8af0, 0x2b3ebe0c19ab, 4011, 3996) = 0x2b3ec00b5b80
5152   0.000763 libjvm.so->fopen(0x2b3ebc8b8af0, 0x2b3ebe0c19ab, 4011, 3996) = 0x2b3ec00b5b80
5152   0.000694 libjvm.so->fopen(0x2b3ebc8b8af0, 0x2b3ebe0c19ab, 4011, 4004) = 0x2b3ec00b5b80
5152   0.004495 libjvm.so->pthread_attr_setdetachstate(0x2b3ebc8babd0, 1, 0, 0) = 0
5152   0.000595 libpthread.so.0->__clone(0x2b3ebc9a7de0, 0x2b3ebff8afc0, 0x3d0f00, 0x2b3ebff8b700) = 5153
5152   0.015578 libjvm.so->pthread_attr_setdetachstate(0x2b3ebc8ba260, 1, 0, 0) = 0
5152   0.000700 libpthread.so.0->__clone(0x2b3ebc9a7de0, 0x2b3ed530bfc0, 0x3d0f00, 0x2b3ed530c700) = 5154
5152   0.006962 libjvm.so->pthread_attr_setdetachstate(0x2b3ebc8ba5e0, 1, 0, 0) = 0
5152   0.000820 libpthread.so.0->__clone(0x2b3ebc9a7de0, 0x2b3ed540cfc0, 0x3d0f00, 0x2b3ed540d700) = 5156
5152   0.039578 libjvm.so->fopen(0x2b3ec00e8740, 0x2b3ebe0c19ab, 4, 0x6f732e70) = 0x2b3ec00f1750
5152   0.001967 libjvm.so->dlopen(0x2b3ec00e8740, 1, 0xffffffff, 0x2b3ec00e8b00) = 0x2b3ec0057b90
5152   0.022655 libjvm.so->fopen(0x2b3ebc8b6130, 0x2b3ebe0c19ab, 4011, 3996) = 0x2b3ec00f9030
5152   0.001160 libjvm.so->fopen(0x2b3ebc8b6130, 0x2b3ebe0c19ab, 4011, 3996) = 0x2b3ec00f9030
5152   0.001194 libjvm.so->fopen(0x2b3ebc8b6130, 0x2b3ebe0c19ab, 4011, 4004) = 0x2b3ec00f9030
5152   0.015113 libjvm.so->pthread_attr_setdetachstate(0x2b3ebc8bab20, 1, 0, 0) = 0
5152   0.000968 libpthread.so.0->__clone(0x2b3ebc9a7de0, 0x2b3ed550dfc0, 0x3d0f00, 0x2b3ed550e700) = 5157
5152   0.001601 libjvm.so->__xstat64(1, 0x2b3ebc8babb0, 0x2b3ebc8bab20, 18) = -1
5152   0.001144 libjvm.so->pthread_attr_setdetachstate(0x2b3ebc8ba920, 1, 0, 0) = 0
5152   0.001211 libpthread.so.0->__clone(0x2b3ebc9a7de0, 0x2b3ed560efc0, 0x3d0f00, 0x2b3ed560f700) = 5158
5152   0.001734 libjvm.so->pthread_attr_setdetachstate(0x2b3ebc8ba920, 1, 0, 0) = 0
5152   0.001409 libpthread.so.0->__clone(0x2b3ebc9a7de0, 0x2b3ed570ffc0, 0x3d0f00, 0x2b3ed5710700) = 5159
5152   0.007566 libjvm.so->pthread_attr_setdetachstate(0x2b3ebc8baa70, 1, 0, 0) = 0
5152   0.001465 libpthread.so.0->__clone(0x2b3ebc9a7de0, 0x2b3ed5810fc0, 0x3d0f00, 0x2b3ed5811700) = 5160
5152   0.002246 libjvm.so->pthread_attr_setdetachstate(0x2b3ebc8bab80, 1, 0, 0) = 0
5152   0.001587 libpthread.so.0->__clone(0x2b3ebc9a7de0, 0x2b3ed5911fc0, 0x3d0f00, 0x2b3ed5912700) = 5161
5152   0.014545 libjvm.so->open64(0x2b3ec012c5e0, 0, 0, 32) = 5
5152   0.001707 libjvm.so->__fxstat64(1, 5, 0x2b3ebc8b7f90, -1) = 0
5152   0.025397 libjvm.so->fopen(0x2b3ec0152830, 0x2b3ebe0c19ab, 4, 0x6f732e6f) = 0x2b3ec01528f0
5152   0.003473 libjvm.so->dlopen(0x2b3ec0152830, 1, 0xffffffff, 0x2b3ec0152800) = 0x2b3ec01528f0
5159   0.047419 --- SIGSEGV (Segmentation fault) ---
5152   0.051860 libjvm.so->fopen(0x2b3ebc8b4e90, 0x2b3ebe0c19ab, 0x6f732e, 0x6d766a62696c2f72) = 0x2b3ec0166af0
5152   0.005669 libjvm.so->dlopen(0x2b3ebc8b4e90, 1, 0xffffffff, 0x2b3ec0166a00) = 0x55d73de984b0
5152   0.001720 libjvm.so->fopen(0x2b3ebc8b4e90, 0x2b3ebe0c19ab, 0x6f732e, 0x6d766a62696c2f72) = 0x2b3ec0166af0
5152   0.004708 libjvm.so->dlopen(0x2b3ebc8b4e90, 1, 0xffffffff, 0x2b3ec0166a00) = 0x55d73de984b0
5152   0.001624 libjvm.so->fopen(0x2b3ebc8b4e90, 0x2b3ebe0c19ab, 0x6f732e, 0x6d766a62696c2f72) = 0x2b3ec0166af0
5152   0.003381 libjvm.so->dlopen(0x2b3ebc8b4e90, 1, 0xffffffff, 0x2b3ec0166a00) = 0x55d73de984b0
5152   0.001620 libjvm.so->fopen(0x2b3ebc8b4e90, 0x2b3ebe0c19ab, 0x6f732e, 0x6d766a62696c2f72) = 0x2b3ec0166af0
5152   0.003345 libjvm.so->dlopen(0x2b3ebc8b4e90, 1, 0xffffffff, 0x2b3ec0166a00) = 0x55d73de984b0
5152   0.044576 libjvm.so->fopen(0x2b3ec0166770, 0x2b3ebe0c19ab, 4, 0x6f732e74) = 0x2b3ec01b3570
5152   0.002923 libjvm.so->dlopen(0x2b3ec0166770, 1, 0xffffffff, 0x2b3ec01b3500) = 0x2b3ec01b3570
5152   0.131883 libjvm.so->fopen(0x2b3ec021e6d0, 0x2b3ebe0c19ab, 0x6f732e7373656c, 0x656c646165685f74) = 0x2b3ec021e7b0
5152   0.002668 libjvm.so->dlopen(0x2b3ec021e6d0, 1, 0xffffffff, 0x2b3ec021e700) = 0x2b3ec021e7b0
5152   4.010774 --- SIGSEGV (Segmentation fault) ---
5152   0.895850 --- SIGSEGV (Segmentation fault) ---
5152   0.000775 --- SIGSEGV (Segmentation fault) ---
5152   0.000556 --- SIGSEGV (Segmentation fault) ---
5152   0.000604 --- SIGSEGV (Segmentation fault) ---
5152   0.938230 --- SIGSEGV (Segmentation fault) ---
5152   0.000684 --- SIGSEGV (Segmentation fault) ---
5152   0.000527 --- SIGSEGV (Segmentation fault) ---
5152   0.000509 --- SIGSEGV (Segmentation fault) ---
5152   0.861366 --- SIGSEGV (Segmentation fault) ---
5152   0.000632 --- SIGSEGV (Segmentation fault) ---
5152   0.000686 --- SIGSEGV (Segmentation fault) ---
5152   0.853324 --- SIGSEGV (Segmentation fault) ---
5152   0.000618 --- SIGSEGV (Segmentation fault) ---
5152   0.000536 --- SIGSEGV (Segmentation fault) ---
5152   0.632584 --- SIGSEGV (Segmentation fault) ---
5152   0.000661 --- SIGSEGV (Segmentation fault) ---
5152   0.000596 --- SIGSEGV (Segmentation fault) ---
5152   0.000616 --- SIGSEGV (Segmentation fault) ---
5152   0.888232 --- SIGSEGV (Segmentation fault) ---
5152   0.000878 --- SIGSEGV (Segmentation fault) ---
5152   0.000443 --- SIGSEGV (Segmentation fault) ---
5152   0.000459 --- SIGSEGV (Segmentation fault) ---
5152   0.807561 --- SIGSEGV (Segmentation fault) ---
5152   0.798390 --- SIGSEGV (Segmentation fault) ---
5152   0.000625 --- SIGSEGV (Segmentation fault) ---
5152   0.000576 --- SIGSEGV (Segmentation fault) ---
5152   0.000507 --- SIGSEGV (Segmentation fault) ---
5152   1.263532 --- SIGSEGV (Segmentation fault) ---
5152   0.000542 --- SIGSEGV (Segmentation fault) ---
5159   0.890282 --- SIGSEGV (Segmentation fault) ---
5152   0.000643 --- SIGSEGV (Segmentation fault) ---
5152   0.000515 --- SIGSEGV (Segmentation fault) ---
5152   1.523594 --- SIGSEGV (Segmentation fault) ---
5152   0.000501 --- SIGSEGV (Segmentation fault) ---
5152   0.000493 --- SIGSEGV (Segmentation fault) ---
5152   0.000489 --- SIGSEGV (Segmentation fault) ---
5152   0.868103 --- SIGSEGV (Segmentation fault) ---
5152   0.001123 --- SIGSEGV (Segmentation fault) ---
5152   0.000546 --- SIGSEGV (Segmentation fault) ---
5152   0.719106 --- SIGSEGV (Segmentation fault) ---
5152   0.000726 --- SIGSEGV (Segmentation fault) ---
5152   0.739458 --- SIGSEGV (Segmentation fault) ---
5152   1.030655 libjvm.so->fopen(0x2b3ebc8b7d80, 0x2b3ebe0c19ab, 111, 0x732e6176) = 0x2b3ec0203310
5152   0.003296 libjvm.so->dlopen(0x2b3ebc8b7d80, 1, 0xffffffff, 0x2b3ec01e1300) = 0x2b3ec0001b10
5152   0.001642 libjvm.so->fopen(0x2b3ebc8b7d80, 0x2b3ebe0c19ab, 111, 0x732e6176) = 0x2b3ec02033c0
5152   0.003060 libjvm.so->dlopen(0x2b3ebc8b7d80, 1, 0xffffffff, 0x2b3ec01e1300) = 0x2b3ec0001b10
5152   0.001503 libjvm.so->fopen(0x2b3ebc8b7d80, 0x2b3ebe0c19ab, 111, 0x732e6176) = 0x2b3ec0203310
5152   0.003719 libjvm.so->dlopen(0x2b3ebc8b7d80, 1, 0xffffffff, 0x2b3ec01e1300) = 0x2b3ec0001b10
5152   0.001550 libjvm.so->fopen(0x2b3ebc8b7d80, 0x2b3ebe0c19ab, 111, 0x732e6176) = 0x2b3ec0203310
5152   0.003038 libjvm.so->dlopen(0x2b3ebc8b7d80, 1, 0xffffffff, 0x2b3ec01e1300) = 0x2b3ec0001b10
5152   0.046965 libjvm.so->fopen(0x2b3ebc8b7dd0, 0x2b3ebe0c19ab, 111, 0x732e6176) = 0x2b3ec01e1c60
5152   0.003306 libjvm.so->dlopen(0x2b3ebc8b7dd0, 1, 0xffffffff, 0x2b3ec0231a00) = 0x2b3ec0001b10
5152   0.001693 libjvm.so->fopen(0x2b3ebc8b7dd0, 0x2b3ebe0c19ab, 111, 0x732e6176) = 0x2b3ec01e1c60
5152   0.002918 libjvm.so->dlopen(0x2b3ebc8b7dd0, 1, 0xffffffff, 0x2b3ec0231a00) = 0x2b3ec0001b10
5152   0.001986 libjvm.so->fopen(0x2b3ebc8b7dd0, 0x2b3ebe0c19ab, 111, 0x732e6176) = 0x2b3ec01e1c60
5152   0.002919 libjvm.so->dlopen(0x2b3ebc8b7dd0, 1, 0xffffffff, 0x2b3ec0231a00) = 0x2b3ec0001b10
5152   0.001710 libjvm.so->fopen(0x2b3ebc8b7dd0, 0x2b3ebe0c19ab, 111, 0x732e6176) = 0x2b3ec01e1c60
5152   0.002830 libjvm.so->dlopen(0x2b3ebc8b7dd0, 1, 0xffffffff, 0x2b3ec0231a00) = 0x2b3ec0001b10
5152   1.202695 --- SIGSEGV (Segmentation fault) ---
5152   0.140976 --- SIGSEGV (Segmentation fault) ---
5152   5.766757 --- SIGSEGV (Segmentation fault) ---
5161   0.977467 +++ exited (status 0) +++
5157   0.000983 +++ exited (status 0) +++
5153   0.001065 +++ exited (status 0) +++
5152   0.000243 +++ exited (status 0) +++
5160   0.000441 +++ exited (status 0) +++
5159   0.000030 +++ exited (status 0) +++
5158   0.000026 +++ exited (status 0) +++
5156   0.000021 +++ exited (status 0) +++
5154   0.022770 +++ exited (status 0) +++
5151   0.000061 +++ exited (status 0) +++
Wrote an ltrace for command: "java -cp ./tools/maxent.jar density.Project outputs/Eudonia_sudetica_Zeller/Eudonia_sudetica_Zeller.lambdas data/layers/worldclim outputs/Eudonia_sudetica_Zeller_worldclim.asc nowarnings nocache autorun -z" with PID 5149 from PPID 5132 on disc25.crc.nd.edu with result 0
REMOTEHOST=10.17.144.144
_CONDOR_ANCESTOR_24525=24530:1594671055:2748281650
_CONDOR_JOB_PIDS=
MANPATH=/afs/crc.nd.edu/user/n/nkremerh/cctools/share/man/:/afs/crc.nd.edu/group/ccl/software/x86_64/redhat7/ruby/current/share/man:/afs/crc.nd.edu/group/ccl/software/x86_64/redhat7/graphviz/current/share/man:/afs/crc.nd.edu/group/ccl/software/x86_64/redhat7/gnuplot/current/share/man:/afs/crc.nd.edu/group/ccl/software/x86_64/redhat7/git/current/share/man:/afs/crc.nd.edu/group/ccl/software/x86_64/redhat7/condor/current/share/man:/afs/crc.nd.edu/group/ccl/software/x86_64/redhat7/clang/current/share/man:/afs/crc.nd.edu/group/ccl/software/x86_64/redhat7/condor/current/share/man:/afs/crc.nd.edu/group/ccl/software/x86_64/redhat7/cctools/current/share/man:/afs/crc.nd.edu/group/ccl/software/x86_64/redhat7/cctools/current/share/man:/afs/crc.nd.edu/x86_64_linux/Modules/4.5.0/share/man:/opt/crc/usr/local/man:/opt/sge/man:/usr/share/man/overrides:/usr/share/man:/usr/local/share/man
XDG_SESSION_ID=2735
HOSTNAME=disc01.crc.nd.edu
_LMFILES__modshare=/afs/crc.nd.edu/x86_64_linux/Modules/modules/system_modules/CRC_default/1.1:1
MODULEPATH_modshare=/afs/crc.nd.edu/x86_64_linux/Modules/modules/general_software:1:/afs/crc.nd.edu/x86_64_linux/Modules/modules/development_tools_and_libraries:1:/afs/crc.nd.edu/x86_64_linux/Modules/modules/system_modules:1:/afs/crc.nd.edu/x86_64_linux/Modules/current/modulefiles:1:/afs/crc.nd.edu/x86_64_linux/Modules/modules/restricted_software:1:/afs/crc.nd.edu/x86_64_linux/Modules/modules/deprecated_software:1
MODULES_CMD=/afs/crc.nd.edu/x86_64_linux/Modules/4.5.0/libexec/modulecmd.tcl
HOST=disc01.crc.nd.edu
SHELL=/bin/tcsh
TERM=xterm-256color
MAKEFLAGS=
HISTSIZE=5000
TMPDIR=/var/condor/execute/dir_24525/worker-213124-24553/t.1330/cctools-temp-t.1330.e26m0y
SSH_CLIENT=10.17.144.144 39924 22
PERL5LIB=/afs/crc.nd.edu/user/n/nkremerh/cctools/lib/perl5/site_perl/5.16.3:/afs/crc.nd.edu/user/n/nkremerh/.perl5/lib/perl5
SGE_CELL=crc
_CONDOR_SCRATCH_DIR=/var/condor/execute/dir_24525
PERL_MB_OPT=--install_base '/afs/crc.nd.edu/user/n/nkremerh/.perl5/'
SSH_TTY=/dev/pts/0
SGE_LOAD_AVG=load_avg
MAKEFLOW_MAX_LOCAL_JOBS=2
HISTFILESIZE=10000
_CHIRP_DELAYED_UPDATE_PREFIX=Chirp*
USER=nkremerh
GROUP=campus
LD_LIBRARY_PATH=/afs/crc.nd.edu/group/ccl/software/x86_64/redhat7/ruby/current/lib:/afs/crc.nd.edu/group/ccl/software/x86_64/redhat7/graphviz/current/lib:/afs/crc.nd.edu/group/ccl/software/x86_64/redhat7/git/current/lib:/afs/crc.nd.edu/group/ccl/software/x86_64/redhat7/condor/current/lib:/afs/crc.nd.edu/group/ccl/software/x86_64/redhat7/clang/current/lib:/afs/crc.nd.edu/group/ccl/software/x86_64/redhat7/condor/current/lib:/afs/crc.nd.edu/group/ccl/software/x86_64/redhat7/cctools/current/lib:/opt/crc/usr/local/lib
TEMP=/var/condor/execute/dir_24525/worker-213124-24553/t.1330/cctools-temp-t.1330.e26m0y
BATCH_SYSTEM=HTCondor
WORKER_TMPDIR=/var/condor/execute/dir_24525/worker-213124-24553/cache/tmp
ENV=/afs/crc.nd.edu/x86_64_linux/Modules/4.5.0/init/profile.sh
MODULES_LMALTNAME=CRC_default/1.1&CRC_default/default&CRC_default
_CONDOR_CHIRP_CONFIG=/var/condor/execute/dir_24525/.chirp.config
GLOBUS_GSSAPI_MAX_TLS_PROTOCOL=0
_CONDOR_HIGHPORT=9999
HOSTTYPE=x86_64-linux
MAKELEVEL=1
MFLAGS=
CCLSOFTWARE=/afs/crc.nd.edu/group/ccl/software/x86_64/redhat7
PATH=/afs/crc.nd.edu/user/n/nkremerh/cctools/bin:/afs/crc.nd.edu/user/n/nkremerh/miniconda/bin:/afs/crc.nd.edu/group/ccl/software/git:/afs/crc.nd.edu/user/n/nkremerh/.local/bin:/afs/crc.nd.edu/group/ccl/software/x86_64/redhat7/povray/3.7/bin:/afs/crc.nd.edu/user/n/nkremerh/.perl5/bin:/afs/crc.nd.edu/user/n/nkremerh/pegasus/bin:/afs/crc.nd.edu/user/n/nkremerh/nodejs/bin:/afs/crc.nd.edu/user/n/nkremerh/montage/bin:/afs/crc.nd.edu/user/n/nkremerh/latexdiff:/afs/crc.nd.edu/user/n/nkremerh/envtrace:/afs/crc.nd.edu/user/n/nkremerh/endlines:/afs/crc.nd.edu/user/n/nkremerh/cctools/bin:/afs/crc.nd.edu/user/n/nkremerh/.cargo/bin:/afs/crc.nd.edu/group/ccl/software/x86_64/redhat7/ruby/current/bin:/afs/crc.nd.edu/group/ccl/software/x86_64/redhat7/graphviz/current/bin:/afs/crc.nd.edu/group/ccl/software/x86_64/redhat7/gnuplot/current/bin:/afs/crc.nd.edu/group/ccl/software/x86_64/redhat7/git/current/bin:/afs/crc.nd.edu/group/ccl/software/x86_64/redhat7/condor/current/sbin:/afs/crc.nd.edu/group/ccl/software/x86_64/redhat7/condor/current/bin:/afs/crc.nd.edu/group/ccl/software/x86_64/redhat7/cmake/current/bin:/afs/crc.nd.edu/group/ccl/software/x86_64/redhat7/clang/current/bin:/afs/crc.nd.edu/group/ccl/software/x86_64/redhat7/condor/current/sbin:/afs/crc.nd.edu/group/ccl/software/x86_64/redhat7/condor/current/bin:/afs/crc.nd.edu/group/ccl/software/x86_64/redhat7/cctools/current/bin:/afs/crc.nd.edu/x86_64_linux/Modules/4.5.0/bin:/opt/crc/usr/local/bin:/opt/sge/bin/lx-amd64:/usr/local/bin:/usr/bin:/usr/local/sbin:/usr/sbin:/afs/crc.nd.edu/user/c/condor/software/bin:/afs/crc.nd.edu/user/c/condor/software/sbin
MAIL=/var/spool/mail/nkremerh
PWD=/var/condor/execute/dir_24525/worker-213124-24553/t.1330
_LMFILES_=/afs/crc.nd.edu/x86_64_linux/Modules/modules/system_modules/CRC_default/1.1
SGE_EXECD_PORT=6445
EDITOR=vim
LANG=en_US.UTF-8
MODULEPATH=/afs/crc.nd.edu/x86_64_linux/Modules/modules/development_tools_and_libraries:/afs/crc.nd.edu/x86_64_linux/Modules/modules/general_software:/afs/crc.nd.edu/x86_64_linux/Modules/modules/restricted_software:/afs/crc.nd.edu/x86_64_linux/Modules/modules/system_modules:/afs/crc.nd.edu/x86_64_linux/Modules/modules/deprecated_software:/afs/crc.nd.edu/x86_64_linux/Modules/current/modulefiles
SGE_QMASTER_PORT=6444
SGE_ROOT=/opt/sge
LOADEDMODULES=CRC_default/1.1
WORK_QUEUE_SANDBOX=/var/condor/execute/dir_24525/worker-213124-24553
_CONDOR_SLOT=slot1
CCLPLATFORM=x86_64/redhat7
USE_SYSTEMD=true
_CONDOR_ANCESTOR_4261=24525:1594671054:4145456440
_CONDOR_LOWPORT=9100
KRB5CCNAME=FILE:/tmp/krb5cc_213124_ZwXmib
HISTCONTROL=ignoreboth:erasedups
PATH_modshare=/opt/crc/usr/local/bin:1:/opt/sge/bin/lx-amd64:1:/usr/sbin:1:/usr/bin:1:/afs/crc.nd.edu/user/c/condor/software/sbin:1:/usr/local/sbin:1:/afs/crc.nd.edu/user/c/condor/software/bin:1:/usr/local/bin:1
SHLVL=7
HOME=/afs/crc.nd.edu/user/n/nkremerh
GLOBUS_GSSAPI_NAME_COMPATIBILITY=STRICT_RFC2818
_CONDOR_ANCESTOR_3989=4261:1593343483:4184216969
_CONDOR_MACHINE_AD=/var/condor/execute/dir_24525/.machine.ad
OSTYPE=linux
DISK=916727
GREP_OPTIONS=--color=auto
GLOBUS_GSSAPI_MIN_TLS_PROTOCOL=TLS1_VERSION
MEMORY=15899
MANPATH_modshare=/usr/share/man/overrides:1:/usr/local/share/man:1:/usr/share/man:1:/opt/crc/usr/local/man:1:/opt/sge/man:1
VENDOR=unknown
BASH_ENV=/afs/crc.nd.edu/x86_64_linux/Modules/4.5.0/init/bash
PERL_LOCAL_LIB_ROOT=/afs/crc.nd.edu/user/n/nkremerh/.perl5/
PYTHONPATH=/afs/crc.nd.edu/user/n/nkremerh/cctools/lib/python3.6/site-packages/
CCLHOME=/afs/crc.nd.edu/group/ccl
MACHTYPE=x86_64
LOGNAME=nkremerh
TMP=/var/condor/execute/dir_24525/worker-213124-24553/t.1330/cctools-temp-t.1330.e26m0y
LD_LIBRARY_PATH_modshare=/opt/crc/usr/local/lib:1
MODULES_LMALTNAME_modshare=CRC_default/1.1&CRC_default/default&CRC_default:1
SSH_CONNECTION=10.17.144.144 39924 129.74.128.103 22
MODULESHOME=/afs/crc.nd.edu/x86_64_linux/Modules/4.5.0
OMP_NUM_THREADS=1
LESSOPEN=||/usr/bin/lesspipe.sh %s
GLOBUS_GSSAPI_BACKWARD_COMPATIBLE_MIC=true
GLOBUS_GSSAPI_CIPHERS=HIGH
LOADEDMODULES_modshare=CRC_default/1.1:1
_CONDOR_JOB_AD=/var/condor/execute/dir_24525/.job.ad
SGE_CLUSTER_NAME=CRC
XDG_RUNTIME_DIR=/run/user/213124
CCTOOLS=../cctools
CORES=4
_CONDOR_JOB_IWD=/var/condor/execute/dir_24525
PERL_MM_OPT=INSTALL_BASE=/afs/crc.nd.edu/user/n/nkremerh/.perl5/
GLOBUS_GSSAPI_SERVER_CIPHER_ORDER=true
BASH_FUNC_module()=() {  unset _mlshdbg;
 if [ "${MODULES_SILENT_SHELL_DEBUG:-0}" = '1' ]; then
 case "$-" in 
 *v*x*)
 set +vx;
 _mlshdbg='vx'
 ;;
 *v*)
 set +v;
 _mlshdbg='v'
 ;;
 *x*)
 set +x;
 _mlshdbg='x'
 ;;
 *)
 _mlshdbg=''
 ;;
 esac;
 fi;
 unset _mlre _mlIFS;
 if [ -n "${IFS+x}" ]; then
 _mlIFS=$IFS;
 fi;
 IFS=' ';
 for _mlv in ${MODULES_RUN_QUARANTINE:-};
 do
 if [ "${_mlv}" = "${_mlv##*[!A-Za-z0-9_]}" -a "${_mlv}" = "${_mlv#[0-9]}" ]; then
 if [ -n "`eval 'echo ${'$_mlv'+x}'`" ]; then
 _mlre="${_mlre:-}${_mlv}_modquar='`eval 'echo ${'$_mlv'}'`' ";
 fi;
 _mlrv="MODULES_RUNENV_${_mlv}";
 _mlre="${_mlre:-}${_mlv}='`eval 'echo ${'$_mlrv':-}'`' ";
 fi;
 done;
 if [ -n "${_mlre:-}" ]; then
 eval `eval ${_mlre}/usr/bin/tclsh /afs/crc.nd.edu/x86_64_linux/Modules/4.5.0/libexec/modulecmd.tcl bash '"$@"'`;
 else
 eval `/usr/bin/tclsh /afs/crc.nd.edu/x86_64_linux/Modules/4.5.0/libexec/modulecmd.tcl bash "$@"`;
 fi;
 _mlstatus=$?;
 if [ -n "${_mlIFS+x}" ]; then
 IFS=$_mlIFS;
 else
 unset IFS;
 fi;
 unset _mlre _mlv _mlrv _mlIFS;
 if [ -n "${_mlshdbg:-}" ]; then
 set -$_mlshdbg;
 fi;
 unset _mlshdbg;
 return $_mlstatus
}
BASH_FUNC_ml()=() {  module ml "$@"
}
_=/usr/bin/printenv
