16991   0.000000 libjli.so->getenv("_JAVA_LAUNCHER_DEBUG") = nil
16991   0.001913 libjli.so->getenv("_JAVA_VERSION_SET") = nil
16991   0.000803 libjli.so->fopen("/usr/lib/jvm/java-1.8.0-openjdk-1.8.0.252.b09-2.el7_8.x86_64/jre/lib/amd64/jvm.cfg", "r") = 0x55961f5ce0e0
16991   0.000779 libjli.so->getenv("JDK_ALTERNATE_VM") = nil
16991   0.000316 libjli.so->__xstat(1, "/usr/lib/jvm/java-1.8.0-openjdk-1.8.0.252.b09-2.el7_8.x86_64/jre/lib/amd64/server/libjvm.so", 0x7fffcd36efc0) = 0
16991   0.000561 libjli.so->getenv("LD_LIBRARY_PATH") = "/afs/crc.nd.edu/group/ccl/software/x86_64/redhat7/ruby/current/lib:/afs/crc.nd.edu/group/ccl/software/x86_64/redhat7/graphviz/current/lib:/afs/crc.nd.edu/group/ccl/software/x86_64/redhat7/git/current/lib:/afs/crc.nd.edu/group/ccl/software/x86_64/redhat7/condor/current/lib:/afs/crc.nd.edu/group/ccl/software/x86_64/redhat7/clang/current/lib:/afs/crc.nd.edu/group/ccl/software/x86_64/redhat7/condor/current/lib:/afs/crc.nd.edu/group/ccl/software/x86_64/redhat7/cctools/current/lib:/opt/crc/usr/local/lib"
16991   0.002037 libjli.so->dlopen("/usr/lib/jvm/java-1.8.0-openjdk-1.8.0.252.b09-2.el7_8.x86_64/jre/lib/amd64/server/libjvm.so", 258 <unfinished ...>
16991   0.036176 libjvm.so->getenv("NMT_LEVEL_16991") = nil
16991   0.001714 <... dlopen resumed> )          = 0x55961f5ce4b0
16991   0.000065 libjli.so->getenv("CLASSPATH")  = nil
16991   0.000299 libjli.so->getenv("_JAVA_SPLASH_JAR") = nil
16991   0.000354 libjli.so->getenv("_JAVA_SPLASH_FILE") = nil
16991   0.000379 libjli.so->pthread_attr_setdetachstate(0x7fffcd36ef70, 0, 0x7fffcd36f000, 0) = 0
16991   0.000604 libpthread.so.0->__clone(0x2aafdf576de0, 0x2aafdf489fc0, 0x3d0f00, 0x2aafdf48a700) = 0x4260
16992   0.001455 libjvm.so->dlopen(0x2aafe0cd652e, 1, 0xfffffffffff42c48, 4096) = 0x2aafe4000990
16992   0.002725 libjvm.so->getenv(0x2aafe0cf12c0, 0, 115, 0x65737361) = 0x7fffcd375674
16992   0.000483 libjvm.so->fopen(0x2aafdf488be0, 0x2aafe0c909ab, 0x6f732e79666972, 0x2aafdfe4eab0) = 0x2aafe4001440
16992   0.001697 libjvm.so->dlopen(0x2aafdf488be0, 1, 0xffffffff, 0x2aafe4002b00) = 0x2aafe4001440
16992   0.001544 libjvm.so->fopen(0x2aafdf488be0, 0x2aafe0c909ab, 111, 0x732e6176) = 0x2aafe4001b10
16992   0.001955 libjvm.so->dlopen(0x2aafdf488be0, 1, 0xffffffff, 0x2aafe4001a00) = 0x2aafe4001b10
16992   0.001754 libjvm.so->__xstat(1, 0x2aafdf489330, 0x2aafdf489b70, 0x637274) = -1
16992   0.000630 libjvm.so->getenv(0x2aafe0c89226, 0x2aafdf4896a0, 1024, 0x2aafe112d5db) = 0
16992   0.000476 libjvm.so->getenv(0x2aafe0c89218, 0x2aafdf4896a0, 1024, 0) = 0
16992   0.000565 libjvm.so->fopen(0x2aafe0cd5e95, 0x2aafe0c909ab, 4095, 24) = 0x2aafe40032d0
16992   0.001167 libjvm.so->fopen(0x2aafe0cd5ee1, 0x2aafe0c909ab, 0x2aafe4000078, 0x2aafe40032c0) = 0x2aafe40032d0
16992   0.000789 libjvm.so->fopen(0x2aafdf483980, 0x2aafe0c909ab, 4016, 3997) = 0x2aafe40032d0
16992   0.000715 libjvm.so->opendir(0x2aafe4002b40, 0x2aafe4002b40, 13, 16) = 0
16992   0.000497 libjvm.so->__xstat(1, 0x2aafdf4888c0, 0x2aafdf487830, 0x6f732e7477616d62) = -1
16992   0.000650 libjvm.so->__xstat(1, 0x2aafdf4888c0, 0x2aafdf487830, 0x5f74776162696c2f) = 0
16992   0.000620 libjvm.so->fopen(0x2aafdf487b60, 0x2aafe0c909ab, 4011, 3996) = 0x2aafe40037b0
16992   0.000772 libjvm.so->fopen(0x2aafdf487b60, 0x2aafe0c909ab, 4011, 3996) = 0x2aafe40037b0
16992   0.000787 libjvm.so->fopen(0x2aafdf487b60, 0x2aafe0c909ab, 4011, 4004) = 0x2aafe40037b0
16992   0.000747 libjvm.so->fopen(0x2aafdf487af0, 0x2aafe0c909ab, 4011, 3996) = 0x2aafe40037b0
16992   0.000630 libjvm.so->fopen(0x2aafdf487af0, 0x2aafe0c909ab, 4011, 3996) = 0x2aafe40037b0
16992   0.000635 libjvm.so->fopen(0x2aafdf487af0, 0x2aafe0c909ab, 4011, 4004) = 0x2aafe40037b0
16992   0.000642 libjvm.so->fopen(0x2aafdf487b20, 0x2aafe0c909ab, 4016, 3997) = 0x2aafe40037b0
16992   0.000802 libjvm.so->getenv(0x2aafe0cd6c5e, 4096, 3, -1) = 0
16992   0.000918 libjvm.so->fopen(0x2aafe0cd6518, 0x2aafe0c909ab, 0x2aafdf56d908, 0x2aafdf56cdf0) = 0x2aafe40037b0
16992   0.004953 libjvm.so->open(0x2aafe404a5a0, 0x20000, 0, 0x2aafe404a5e9) = 3
16992   0.000488 libjvm.so->__fxstat(1, 3, 0x2aafdf4899d0, -1) = 0
16992   0.000488 libjvm.so->opendir(0x2aafe404a5a0, 0x2aafdf4899d0, 0x4000, -1) = 0x2aafe404b4b0
16992   0.000608 libjvm.so->__fxstat(1, 3, 0x2aafdf489870, 0x2aafe404b4b0) = 0
16992   0.000452 libjvm.so->__fxstat(1, 5, 0x2aafdf489900, -1) = 0
16992   0.000613 libjvm.so->open(0x2aafe0ca785c, 0, 0, 0) = 3
16992   0.000668 libjvm.so->__lxstat(1, 0x2aafe404a5a0, 0x2aafdf489b20, -144) = 0
16992   0.000478 libjvm.so->open(0x2aafe404a5a0, 0x20000, 0x4000, -1) = 3
16992   0.000457 libjvm.so->__fxstat(1, 3, 0x2aafdf4899d0, -1) = 0
16992   0.000443 libjvm.so->opendir(0x2aafe404a5a0, 0x2aafdf4899d0, 0x4000, -1) = 0x2aafe404b4b0
16992   0.000419 libjvm.so->__fxstat(1, 3, 0x2aafdf489870, 0x2aafe404b4b0) = 0
16992   0.000520 libjvm.so->__fxstat(1, 5, 0x2aafdf489900, -1) = 0
16992   0.000497 libjvm.so->open(0x2aafe0ca785c, 0, 0, 0) = 3
16992   0.000530 libjvm.so->open(0x2aafe404a5e9, 0x20042, 384, -1) = 7
16992   0.000698 libjvm.so->__fxstat(1, 7, 0x2aafdf489b20, -1) = 0
16992   0.001819 libjvm.so->fopen(0x2aafdf488b30, 0x2aafe0c909ab, 4, 0x6f732e70) = 0x2aafe4057b90
16992   0.001430 libjvm.so->dlopen(0x2aafdf488b30, 1, 0xffffffff, 0x2aafe4057b00) = 0x2aafe4057b90
16992   0.001477 libjvm.so->__xstat(1, 0x2aafdf4890f0, 0x2aafdf489920, 2048) = 0
16992   0.000514 libjvm.so->__xstat(1, 0x2aafdf4890f0, 0x2aafdf489920, 2048) = 0
16992   0.000452 libjvm.so->__xstat(1, 0x2aafdf4890f0, 0x2aafdf489920, 2048) = -1
16992   0.000703 libjvm.so->__xstat(1, 0x2aafdf4890f0, 0x2aafdf489920, 2048) = 0
16992   0.000557 libjvm.so->__xstat(1, 0x2aafdf4890f0, 0x2aafdf489920, 2048) = 0
16992   0.000480 libjvm.so->__xstat(1, 0x2aafdf4890f0, 0x2aafdf489920, 2048) = 0
16992   0.000484 libjvm.so->__xstat(1, 0x2aafdf4890f0, 0x2aafdf489920, 2048) = -1
16992   0.000439 libjvm.so->__xstat(1, 0x2aafdf4890f0, 0x2aafdf489920, 2048) = -1
16992   0.000459 libjvm.so->fopen(0x2aafe4002520, 0x2aafe0c909ab, 0, 0) = 0x2aafe4058900
16992   0.009680 libjvm.so->open64(0x2aafdf488490, 0, 0, 16) = 3
16992   0.000671 libjvm.so->__fxstat64(1, 3, 0x2aafdf4882c0, -1) = 0
16992   0.035875 libjvm.so->__xstat(1, 0x2aafdf488ef0, 0x2aafdf489720, 2048) = -1
16992   0.000765 libjvm.so->fopen(0x2aafdf487af0, 0x2aafe0c909ab, 4011, 3996) = 0x2aafe40b5b80
16992   0.000830 libjvm.so->fopen(0x2aafdf487af0, 0x2aafe0c909ab, 4011, 3996) = 0x2aafe40b5b80
16992   0.000815 libjvm.so->fopen(0x2aafdf487af0, 0x2aafe0c909ab, 4011, 4004) = 0x2aafe40b5b80
16992   0.004413 libjvm.so->pthread_attr_setdetachstate(0x2aafdf489bd0, 1, 0, 0) = 0
16992   0.000609 libpthread.so.0->__clone(0x2aafdf576de0, 0x2aaff7d8afc0, 0x3d0f00, 0x2aaff7d8b700) = 0x4262
16992   0.016133 libjvm.so->pthread_attr_setdetachstate(0x2aafdf489260, 1, 0, 0) = 0
16992   0.000734 libpthread.so.0->__clone(0x2aafdf576de0, 0x2aaff7e8bfc0, 0x3d0f00, 0x2aaff7e8c700) = 0x4263
16992   0.006935 libjvm.so->pthread_attr_setdetachstate(0x2aafdf4895e0, 1, 0, 0) = 0
16992   0.000831 libpthread.so.0->__clone(0x2aafdf576de0, 0x2aaff7f8cfc0, 0x3d0f00, 0x2aaff7f8d700) = 0x4264
16992   0.038384 libjvm.so->fopen(0x2aafe40e8740, 0x2aafe0c909ab, 4, 0x6f732e70) = 0x2aafe40f1750
16992   0.002055 libjvm.so->dlopen(0x2aafe40e8740, 1, 0xffffffff, 0x2aafe40e8b00) = 0x2aafe4057b90
16992   0.021669 libjvm.so->fopen(0x2aafdf485130, 0x2aafe0c909ab, 4011, 3996) = 0x2aafe40f9030
16992   0.001137 libjvm.so->fopen(0x2aafdf485130, 0x2aafe0c909ab, 4011, 3996) = 0x2aafe40f9030
16992   0.001128 libjvm.so->fopen(0x2aafdf485130, 0x2aafe0c909ab, 4011, 4004) = 0x2aafe40f9030
16992   0.015040 libjvm.so->pthread_attr_setdetachstate(0x2aafdf489b20, 1, 0, 0) = 0
16992   0.000984 libpthread.so.0->__clone(0x2aafdf576de0, 0x2ab00a642fc0, 0x3d0f00, 0x2ab00a643700) = 0x4265
16992   0.001659 libjvm.so->__xstat64(1, 0x2aafdf489bb0, 0x2aafdf489b20, 19) = -1
16992   0.001214 libjvm.so->pthread_attr_setdetachstate(0x2aafdf489920, 1, 0, 0) = 0
16992   0.001205 libpthread.so.0->__clone(0x2aafdf576de0, 0x2ab00a743fc0, 0x3d0f00, 0x2ab00a744700) = 0x4266
16992   0.001869 libjvm.so->pthread_attr_setdetachstate(0x2aafdf489920, 1, 0, 0) = 0
16992   0.001370 libpthread.so.0->__clone(0x2aafdf576de0, 0x2ab00a844fc0, 0x3d0f00, 0x2ab00a845700) = 0x4267
16992   0.007184 libjvm.so->pthread_attr_setdetachstate(0x2aafdf489a70, 1, 0, 0) = 0
16992   0.001381 libpthread.so.0->__clone(0x2aafdf576de0, 0x2ab00a945fc0, 0x3d0f00, 0x2ab00a946700) = 0x4268
16992   0.002180 libjvm.so->pthread_attr_setdetachstate(0x2aafdf489b80, 1, 0, 0) = 0
16992   0.001597 libpthread.so.0->__clone(0x2aafdf576de0, 0x2ab00aa46fc0, 0x3d0f00, 0x2ab00aa47700) = 0x4269
16992   0.014113 libjvm.so->open64(0x2aafe412c6e0, 0, 0, 32) = 5
16992   0.001856 libjvm.so->__fxstat64(1, 5, 0x2aafdf486f90, -1) = 0
16992   0.024232 libjvm.so->fopen(0x2aafe4152800, 0x2aafe0c909ab, 4, 0x6f732e6f) = 0x2aafe41528c0
16992   0.003063 libjvm.so->dlopen(0x2aafe4152800, 1, 0xffffffff, 0x2aafe4152800) = 0x2aafe41528c0
16992   0.091977 libjvm.so->fopen(0x2aafdf483e90, 0x2aafe0c909ab, 0x6f732e, 0x6d766a62696c2f72) = 0x2aafe4166790
16992   0.005788 libjvm.so->dlopen(0x2aafdf483e90, 1, 0xffffffff, 0x2aafe4166700) = 0x55961f5ce4b0
16992   0.001618 libjvm.so->fopen(0x2aafdf483e90, 0x2aafe0c909ab, 0x6f732e, 0x6d766a62696c2f72) = 0x2aafe4166a40
16992   0.004885 libjvm.so->dlopen(0x2aafdf483e90, 1, 0xffffffff, 0x2aafe4166700) = 0x55961f5ce4b0
16992   0.001736 libjvm.so->fopen(0x2aafdf483e90, 0x2aafe0c909ab, 0x6f732e, 0x6d766a62696c2f72) = 0x2aafe4166790
16992   0.003413 libjvm.so->dlopen(0x2aafdf483e90, 1, 0xffffffff, 0x2aafe4166700) = 0x55961f5ce4b0
16992   0.001627 libjvm.so->fopen(0x2aafdf483e90, 0x2aafe0c909ab, 0x6f732e, 0x6d766a62696c2f72) = 0x2aafe4166790
16992   0.003323 libjvm.so->dlopen(0x2aafdf483e90, 1, 0xffffffff, 0x2aafe4166700) = 0x55961f5ce4b0
16992   0.044167 libjvm.so->fopen(0x2aafe41a57c0, 0x2aafe0c909ab, 4, 0x6f732e74) = 0x2aafe41d3240
16992   0.002950 libjvm.so->dlopen(0x2aafe41a57c0, 1, 0xffffffff, 0x2aafe41cde00) = 0x2aafe41d3240
16992   0.127596 libjvm.so->fopen(0x2aafe42464b0, 0x2aafe0c909ab, 0x6f732e7373656c, 0x656c646165685f74) = 0x2aafe4246590
16992   0.002686 libjvm.so->dlopen(0x2aafe42464b0, 1, 0xffffffff, 0x2aafe4246500) = 0x2aafe4246590
17001   0.035761 +++ exited (status 0) +++
16997   0.000309 --- SIGSEGV (Segmentation fault) ---
16994   0.000793 +++ exited (status 0) +++
16992   0.000194 +++ exited (status 0) +++
17000   0.000371 +++ exited (status 1) +++
16999   0.000019 +++ exited (status 1) +++
16997   0.000015 +++ exited (status 1) +++
16996   0.000012 +++ exited (status 1) +++
16995   0.000014 +++ exited (status 1) +++
16998   0.004218 +++ exited (status 1) +++
16991   0.000050 +++ exited (status 1) +++
Wrote an ltrace for command: "java -cp ./tools/maxent.jar density.Project outputs/Grammotaulius_nitidus/Grammotaulius_nitidus.lambdas data/layers/worldclim outputs/Grammotaulius_nitidus_worldclim.asc nowarnings nocache autorun -z" with PID 16989 from PPID 16971 on disc25.crc.nd.edu with result 1
REMOTEHOST=10.17.144.144
_CONDOR_ANCESTOR_24525=24530:1594671055:2748281650
_CONDOR_JOB_PIDS=
MANPATH=/afs/crc.nd.edu/user/n/nkremerh/cctools/share/man/:/afs/crc.nd.edu/group/ccl/software/x86_64/redhat7/ruby/current/share/man:/afs/crc.nd.edu/group/ccl/software/x86_64/redhat7/graphviz/current/share/man:/afs/crc.nd.edu/group/ccl/software/x86_64/redhat7/gnuplot/current/share/man:/afs/crc.nd.edu/group/ccl/software/x86_64/redhat7/git/current/share/man:/afs/crc.nd.edu/group/ccl/software/x86_64/redhat7/condor/current/share/man:/afs/crc.nd.edu/group/ccl/software/x86_64/redhat7/clang/current/share/man:/afs/crc.nd.edu/group/ccl/software/x86_64/redhat7/condor/current/share/man:/afs/crc.nd.edu/group/ccl/software/x86_64/redhat7/cctools/current/share/man:/afs/crc.nd.edu/group/ccl/software/x86_64/redhat7/cctools/current/share/man:/afs/crc.nd.edu/x86_64_linux/Modules/4.5.0/share/man:/opt/crc/usr/local/man:/opt/sge/man:/usr/share/man/overrides:/usr/share/man:/usr/local/share/man
XDG_SESSION_ID=2735
HOSTNAME=disc01.crc.nd.edu
_LMFILES__modshare=/afs/crc.nd.edu/x86_64_linux/Modules/modules/system_modules/CRC_default/1.1:1
MODULEPATH_modshare=/afs/crc.nd.edu/x86_64_linux/Modules/modules/general_software:1:/afs/crc.nd.edu/x86_64_linux/Modules/modules/development_tools_and_libraries:1:/afs/crc.nd.edu/x86_64_linux/Modules/modules/system_modules:1:/afs/crc.nd.edu/x86_64_linux/Modules/current/modulefiles:1:/afs/crc.nd.edu/x86_64_linux/Modules/modules/restricted_software:1:/afs/crc.nd.edu/x86_64_linux/Modules/modules/deprecated_software:1
MODULES_CMD=/afs/crc.nd.edu/x86_64_linux/Modules/4.5.0/libexec/modulecmd.tcl
HOST=disc01.crc.nd.edu
SHELL=/bin/tcsh
TERM=xterm-256color
MAKEFLAGS=
HISTSIZE=5000
TMPDIR=/var/condor/execute/dir_24525/worker-213124-24553/t.1535/cctools-temp-t.1535.OH15It
SSH_CLIENT=10.17.144.144 39924 22
PERL5LIB=/afs/crc.nd.edu/user/n/nkremerh/cctools/lib/perl5/site_perl/5.16.3:/afs/crc.nd.edu/user/n/nkremerh/.perl5/lib/perl5
SGE_CELL=crc
_CONDOR_SCRATCH_DIR=/var/condor/execute/dir_24525
PERL_MB_OPT=--install_base '/afs/crc.nd.edu/user/n/nkremerh/.perl5/'
SSH_TTY=/dev/pts/0
SGE_LOAD_AVG=load_avg
MAKEFLOW_MAX_LOCAL_JOBS=2
HISTFILESIZE=10000
_CHIRP_DELAYED_UPDATE_PREFIX=Chirp*
USER=nkremerh
GROUP=campus
LD_LIBRARY_PATH=/afs/crc.nd.edu/group/ccl/software/x86_64/redhat7/ruby/current/lib:/afs/crc.nd.edu/group/ccl/software/x86_64/redhat7/graphviz/current/lib:/afs/crc.nd.edu/group/ccl/software/x86_64/redhat7/git/current/lib:/afs/crc.nd.edu/group/ccl/software/x86_64/redhat7/condor/current/lib:/afs/crc.nd.edu/group/ccl/software/x86_64/redhat7/clang/current/lib:/afs/crc.nd.edu/group/ccl/software/x86_64/redhat7/condor/current/lib:/afs/crc.nd.edu/group/ccl/software/x86_64/redhat7/cctools/current/lib:/opt/crc/usr/local/lib
TEMP=/var/condor/execute/dir_24525/worker-213124-24553/t.1535/cctools-temp-t.1535.OH15It
BATCH_SYSTEM=HTCondor
WORKER_TMPDIR=/var/condor/execute/dir_24525/worker-213124-24553/cache/tmp
ENV=/afs/crc.nd.edu/x86_64_linux/Modules/4.5.0/init/profile.sh
MODULES_LMALTNAME=CRC_default/1.1&CRC_default/default&CRC_default
_CONDOR_CHIRP_CONFIG=/var/condor/execute/dir_24525/.chirp.config
GLOBUS_GSSAPI_MAX_TLS_PROTOCOL=0
_CONDOR_HIGHPORT=9999
HOSTTYPE=x86_64-linux
MAKELEVEL=1
MFLAGS=
CCLSOFTWARE=/afs/crc.nd.edu/group/ccl/software/x86_64/redhat7
PATH=/afs/crc.nd.edu/user/n/nkremerh/cctools/bin:/afs/crc.nd.edu/user/n/nkremerh/miniconda/bin:/afs/crc.nd.edu/group/ccl/software/git:/afs/crc.nd.edu/user/n/nkremerh/.local/bin:/afs/crc.nd.edu/group/ccl/software/x86_64/redhat7/povray/3.7/bin:/afs/crc.nd.edu/user/n/nkremerh/.perl5/bin:/afs/crc.nd.edu/user/n/nkremerh/pegasus/bin:/afs/crc.nd.edu/user/n/nkremerh/nodejs/bin:/afs/crc.nd.edu/user/n/nkremerh/montage/bin:/afs/crc.nd.edu/user/n/nkremerh/latexdiff:/afs/crc.nd.edu/user/n/nkremerh/envtrace:/afs/crc.nd.edu/user/n/nkremerh/endlines:/afs/crc.nd.edu/user/n/nkremerh/cctools/bin:/afs/crc.nd.edu/user/n/nkremerh/.cargo/bin:/afs/crc.nd.edu/group/ccl/software/x86_64/redhat7/ruby/current/bin:/afs/crc.nd.edu/group/ccl/software/x86_64/redhat7/graphviz/current/bin:/afs/crc.nd.edu/group/ccl/software/x86_64/redhat7/gnuplot/current/bin:/afs/crc.nd.edu/group/ccl/software/x86_64/redhat7/git/current/bin:/afs/crc.nd.edu/group/ccl/software/x86_64/redhat7/condor/current/sbin:/afs/crc.nd.edu/group/ccl/software/x86_64/redhat7/condor/current/bin:/afs/crc.nd.edu/group/ccl/software/x86_64/redhat7/cmake/current/bin:/afs/crc.nd.edu/group/ccl/software/x86_64/redhat7/clang/current/bin:/afs/crc.nd.edu/group/ccl/software/x86_64/redhat7/condor/current/sbin:/afs/crc.nd.edu/group/ccl/software/x86_64/redhat7/condor/current/bin:/afs/crc.nd.edu/group/ccl/software/x86_64/redhat7/cctools/current/bin:/afs/crc.nd.edu/x86_64_linux/Modules/4.5.0/bin:/opt/crc/usr/local/bin:/opt/sge/bin/lx-amd64:/usr/local/bin:/usr/bin:/usr/local/sbin:/usr/sbin:/afs/crc.nd.edu/user/c/condor/software/bin:/afs/crc.nd.edu/user/c/condor/software/sbin
MAIL=/var/spool/mail/nkremerh
PWD=/var/condor/execute/dir_24525/worker-213124-24553/t.1535
_LMFILES_=/afs/crc.nd.edu/x86_64_linux/Modules/modules/system_modules/CRC_default/1.1
SGE_EXECD_PORT=6445
EDITOR=vim
LANG=en_US.UTF-8
MODULEPATH=/afs/crc.nd.edu/x86_64_linux/Modules/modules/development_tools_and_libraries:/afs/crc.nd.edu/x86_64_linux/Modules/modules/general_software:/afs/crc.nd.edu/x86_64_linux/Modules/modules/restricted_software:/afs/crc.nd.edu/x86_64_linux/Modules/modules/system_modules:/afs/crc.nd.edu/x86_64_linux/Modules/modules/deprecated_software:/afs/crc.nd.edu/x86_64_linux/Modules/current/modulefiles
SGE_QMASTER_PORT=6444
SGE_ROOT=/opt/sge
LOADEDMODULES=CRC_default/1.1
WORK_QUEUE_SANDBOX=/var/condor/execute/dir_24525/worker-213124-24553
_CONDOR_SLOT=slot1
CCLPLATFORM=x86_64/redhat7
USE_SYSTEMD=true
_CONDOR_ANCESTOR_4261=24525:1594671054:4145456440
_CONDOR_LOWPORT=9100
KRB5CCNAME=FILE:/tmp/krb5cc_213124_ZwXmib
HISTCONTROL=ignoreboth:erasedups
PATH_modshare=/opt/crc/usr/local/bin:1:/opt/sge/bin/lx-amd64:1:/usr/sbin:1:/usr/bin:1:/afs/crc.nd.edu/user/c/condor/software/sbin:1:/usr/local/sbin:1:/afs/crc.nd.edu/user/c/condor/software/bin:1:/usr/local/bin:1
SHLVL=7
HOME=/afs/crc.nd.edu/user/n/nkremerh
GLOBUS_GSSAPI_NAME_COMPATIBILITY=STRICT_RFC2818
_CONDOR_ANCESTOR_3989=4261:1593343483:4184216969
_CONDOR_MACHINE_AD=/var/condor/execute/dir_24525/.machine.ad
OSTYPE=linux
DISK=916727
GREP_OPTIONS=--color=auto
GLOBUS_GSSAPI_MIN_TLS_PROTOCOL=TLS1_VERSION
MEMORY=15899
MANPATH_modshare=/usr/share/man/overrides:1:/usr/local/share/man:1:/usr/share/man:1:/opt/crc/usr/local/man:1:/opt/sge/man:1
VENDOR=unknown
BASH_ENV=/afs/crc.nd.edu/x86_64_linux/Modules/4.5.0/init/bash
PERL_LOCAL_LIB_ROOT=/afs/crc.nd.edu/user/n/nkremerh/.perl5/
PYTHONPATH=/afs/crc.nd.edu/user/n/nkremerh/cctools/lib/python3.6/site-packages/
CCLHOME=/afs/crc.nd.edu/group/ccl
MACHTYPE=x86_64
LOGNAME=nkremerh
TMP=/var/condor/execute/dir_24525/worker-213124-24553/t.1535/cctools-temp-t.1535.OH15It
LD_LIBRARY_PATH_modshare=/opt/crc/usr/local/lib:1
MODULES_LMALTNAME_modshare=CRC_default/1.1&CRC_default/default&CRC_default:1
SSH_CONNECTION=10.17.144.144 39924 129.74.128.103 22
MODULESHOME=/afs/crc.nd.edu/x86_64_linux/Modules/4.5.0
OMP_NUM_THREADS=1
LESSOPEN=||/usr/bin/lesspipe.sh %s
GLOBUS_GSSAPI_BACKWARD_COMPATIBLE_MIC=true
GLOBUS_GSSAPI_CIPHERS=HIGH
LOADEDMODULES_modshare=CRC_default/1.1:1
_CONDOR_JOB_AD=/var/condor/execute/dir_24525/.job.ad
SGE_CLUSTER_NAME=CRC
XDG_RUNTIME_DIR=/run/user/213124
CCTOOLS=../cctools
CORES=4
_CONDOR_JOB_IWD=/var/condor/execute/dir_24525
PERL_MM_OPT=INSTALL_BASE=/afs/crc.nd.edu/user/n/nkremerh/.perl5/
GLOBUS_GSSAPI_SERVER_CIPHER_ORDER=true
BASH_FUNC_module()=() {  unset _mlshdbg;
 if [ "${MODULES_SILENT_SHELL_DEBUG:-0}" = '1' ]; then
 case "$-" in 
 *v*x*)
 set +vx;
 _mlshdbg='vx'
 ;;
 *v*)
 set +v;
 _mlshdbg='v'
 ;;
 *x*)
 set +x;
 _mlshdbg='x'
 ;;
 *)
 _mlshdbg=''
 ;;
 esac;
 fi;
 unset _mlre _mlIFS;
 if [ -n "${IFS+x}" ]; then
 _mlIFS=$IFS;
 fi;
 IFS=' ';
 for _mlv in ${MODULES_RUN_QUARANTINE:-};
 do
 if [ "${_mlv}" = "${_mlv##*[!A-Za-z0-9_]}" -a "${_mlv}" = "${_mlv#[0-9]}" ]; then
 if [ -n "`eval 'echo ${'$_mlv'+x}'`" ]; then
 _mlre="${_mlre:-}${_mlv}_modquar='`eval 'echo ${'$_mlv'}'`' ";
 fi;
 _mlrv="MODULES_RUNENV_${_mlv}";
 _mlre="${_mlre:-}${_mlv}='`eval 'echo ${'$_mlrv':-}'`' ";
 fi;
 done;
 if [ -n "${_mlre:-}" ]; then
 eval `eval ${_mlre}/usr/bin/tclsh /afs/crc.nd.edu/x86_64_linux/Modules/4.5.0/libexec/modulecmd.tcl bash '"$@"'`;
 else
 eval `/usr/bin/tclsh /afs/crc.nd.edu/x86_64_linux/Modules/4.5.0/libexec/modulecmd.tcl bash "$@"`;
 fi;
 _mlstatus=$?;
 if [ -n "${_mlIFS+x}" ]; then
 IFS=$_mlIFS;
 else
 unset IFS;
 fi;
 unset _mlre _mlv _mlrv _mlIFS;
 if [ -n "${_mlshdbg:-}" ]; then
 set -$_mlshdbg;
 fi;
 unset _mlshdbg;
 return $_mlstatus
}
BASH_FUNC_ml()=() {  module ml "$@"
}
_=/usr/bin/printenv
