5473   0.000000 libjli.so->getenv("_JAVA_LAUNCHER_DEBUG") = nil
5473   0.001908 libjli.so->getenv("_JAVA_VERSION_SET") = nil
5473   0.000809 libjli.so->fopen("/usr/lib/jvm/java-1.8.0-openjdk-1.8.0.252.b09-2.el7_8.x86_64/jre/lib/amd64/jvm.cfg", "r") = 0x5651645360e0
5473   0.000833 libjli.so->getenv("JDK_ALTERNATE_VM") = nil
5473   0.000307 libjli.so->__xstat(1, "/usr/lib/jvm/java-1.8.0-openjdk-1.8.0.252.b09-2.el7_8.x86_64/jre/lib/amd64/server/libjvm.so", 0x7ffdb764b410) = 0
5473   0.000581 libjli.so->getenv("LD_LIBRARY_PATH") = "/afs/crc.nd.edu/group/ccl/software/x86_64/redhat7/ruby/current/lib:/afs/crc.nd.edu/group/ccl/software/x86_64/redhat7/graphviz/current/lib:/afs/crc.nd.edu/group/ccl/software/x86_64/redhat7/git/current/lib:/afs/crc.nd.edu/group/ccl/software/x86_64/redhat7/condor/current/lib:/afs/crc.nd.edu/group/ccl/software/x86_64/redhat7/clang/current/lib:/afs/crc.nd.edu/group/ccl/software/x86_64/redhat7/condor/current/lib:/afs/crc.nd.edu/group/ccl/software/x86_64/redhat7/cctools/current/lib:/opt/crc/usr/local/lib"
5473   0.002141 libjli.so->dlopen("/usr/lib/jvm/java-1.8.0-openjdk-1.8.0.252.b09-2.el7_8.x86_64/jre/lib/amd64/server/libjvm.so", 258 <unfinished ...>
5473   0.036984 libjvm.so->getenv("NMT_LEVEL_5473") = nil
5473   0.001641 <... dlopen resumed> )           = 0x5651645364b0
5473   0.000062 libjli.so->getenv("CLASSPATH")   = nil
5473   0.000314 libjli.so->getenv("_JAVA_SPLASH_JAR") = nil
5473   0.000340 libjli.so->getenv("_JAVA_SPLASH_FILE") = nil
5473   0.000346 libjli.so->pthread_attr_setdetachstate(0x7ffdb764b3c0, 0, 0x7ffdb764b450, 0) = 0
5473   0.000601 libpthread.so.0->__clone(0x2b2520b87de0, 0x2b2520a9afc0, 0x3d0f00, 0x2b2520a9b700) = 5474
5474   0.001727 libjvm.so->dlopen(0x2b25222e752e, 1, 0xfffffffffff42c48, 4096) = 0x2b2524000990
5474   0.002787 libjvm.so->getenv(0x2b25223022c0, 0, 115, 0x65737361) = 0x7ffdb7651674
5474   0.000493 libjvm.so->fopen(0x2b2520a99be0, 0x2b25222a19ab, 0x6f732e79666972, 0x2b252145fab0) = 0x2b2524001440
5474   0.001689 libjvm.so->dlopen(0x2b2520a99be0, 1, 0xffffffff, 0x2b2524002b00) = 0x2b2524001440
5474   0.001599 libjvm.so->fopen(0x2b2520a99be0, 0x2b25222a19ab, 111, 0x732e6176) = 0x2b2524001b10
5474   0.002095 libjvm.so->dlopen(0x2b2520a99be0, 1, 0xffffffff, 0x2b2524001a00) = 0x2b2524001b10
5474   0.001738 libjvm.so->__xstat(1, 0x2b2520a9a330, 0x2b2520a9ab70, 0x637274) = -1
5474   0.000592 libjvm.so->getenv(0x2b252229a226, 0x2b2520a9a6a0, 1024, 0x2b252273e5db) = 0
5474   0.000559 libjvm.so->getenv(0x2b252229a218, 0x2b2520a9a6a0, 1024, 0) = 0
5474   0.000701 libjvm.so->fopen(0x2b25222e6e95, 0x2b25222a19ab, 4095, 24) = 0x2b25240032f0
5474   0.001181 libjvm.so->fopen(0x2b25222e6ee1, 0x2b25222a19ab, 0x2b2524000078, 0x2b25240032e0) = 0x2b25240032f0
5474   0.000712 libjvm.so->fopen(0x2b2520a94980, 0x2b25222a19ab, 4016, 3997) = 0x2b25240032f0
5474   0.000720 libjvm.so->opendir(0x2b2524002b40, 0x2b2524002b40, 13, 16) = 0
5474   0.000588 libjvm.so->__xstat(1, 0x2b2520a998c0, 0x2b2520a98830, 0x6f732e7477616d62) = -1
5474   0.000635 libjvm.so->__xstat(1, 0x2b2520a998c0, 0x2b2520a98830, 0x5f74776162696c2f) = 0
5474   0.000510 libjvm.so->fopen(0x2b2520a98b60, 0x2b25222a19ab, 4011, 3996) = 0x2b25240037d0
5474   0.000642 libjvm.so->fopen(0x2b2520a98b60, 0x2b25222a19ab, 4011, 3996) = 0x2b25240037d0
5474   0.000640 libjvm.so->fopen(0x2b2520a98b60, 0x2b25222a19ab, 4011, 4004) = 0x2b25240037d0
5474   0.000914 libjvm.so->fopen(0x2b2520a98af0, 0x2b25222a19ab, 4011, 3996) = 0x2b25240037d0
5474   0.000746 libjvm.so->fopen(0x2b2520a98af0, 0x2b25222a19ab, 4011, 3996) = 0x2b25240037d0
5474   0.000766 libjvm.so->fopen(0x2b2520a98af0, 0x2b25222a19ab, 4011, 4004) = 0x2b25240037d0
5474   0.000874 libjvm.so->fopen(0x2b2520a98b20, 0x2b25222a19ab, 4016, 3997) = 0x2b25240037d0
5474   0.000841 libjvm.so->getenv(0x2b25222e7c5e, 4096, 3, -1) = 0
5474   0.000979 libjvm.so->fopen(0x2b25222e7518, 0x2b25222a19ab, 0x2b2520b7e908, 0x2b2520b7ddf0) = 0x2b25240037d0
5474   0.005271 libjvm.so->open(0x2b252404a5c0, 0x20000, 0, 0x2b252404a609) = 3
5474   0.000508 libjvm.so->__fxstat(1, 3, 0x2b2520a9a9d0, -1) = 0
5474   0.000563 libjvm.so->opendir(0x2b252404a5c0, 0x2b2520a9a9d0, 0x4000, -1) = 0x2b252404b4d0
5474   0.000549 libjvm.so->__fxstat(1, 3, 0x2b2520a9a870, 0x2b252404b4d0) = 0
5474   0.000522 libjvm.so->__fxstat(1, 5, 0x2b2520a9a900, -1) = 0
5474   0.000536 libjvm.so->open(0x2b25222b885c, 0, 0, 0) = 3
5474   0.000757 libjvm.so->__lxstat(1, 0x2b252404a5c0, 0x2b2520a9ab20, -144) = 0
5474   0.000629 libjvm.so->open(0x2b252404a5c0, 0x20000, 0x4000, -1) = 3
5474   0.000534 libjvm.so->__fxstat(1, 3, 0x2b2520a9a9d0, -1) = 0
5474   0.000477 libjvm.so->opendir(0x2b252404a5c0, 0x2b2520a9a9d0, 0x4000, -1) = 0x2b252404b4d0
5474   0.000428 libjvm.so->__fxstat(1, 3, 0x2b2520a9a870, 0x2b252404b4d0) = 0
5474   0.000535 libjvm.so->__fxstat(1, 5, 0x2b2520a9a900, -1) = 0
5474   0.000512 libjvm.so->open(0x2b25222b885c, 0, 0, 0) = 3
5474   0.000518 libjvm.so->open(0x2b252404a609, 0x20042, 384, -1) = 7
5474   0.000739 libjvm.so->__fxstat(1, 7, 0x2b2520a9ab20, -1) = 0
5474   0.001970 libjvm.so->fopen(0x2b2520a99b30, 0x2b25222a19ab, 4, 0x6f732e70) = 0x2b2524057bb0
5474   0.001817 libjvm.so->dlopen(0x2b2520a99b30, 1, 0xffffffff, 0x2b2524057b00) = 0x2b2524057bb0
5474   0.001557 libjvm.so->__xstat(1, 0x2b2520a9a0f0, 0x2b2520a9a920, 2048) = 0
5474   0.000465 libjvm.so->__xstat(1, 0x2b2520a9a0f0, 0x2b2520a9a920, 2048) = 0
5474   0.000453 libjvm.so->__xstat(1, 0x2b2520a9a0f0, 0x2b2520a9a920, 2048) = -1
5474   0.000428 libjvm.so->__xstat(1, 0x2b2520a9a0f0, 0x2b2520a9a920, 2048) = 0
5474   0.000544 libjvm.so->__xstat(1, 0x2b2520a9a0f0, 0x2b2520a9a920, 2048) = 0
5474   0.000532 libjvm.so->__xstat(1, 0x2b2520a9a0f0, 0x2b2520a9a920, 2048) = 0
5474   0.000519 libjvm.so->__xstat(1, 0x2b2520a9a0f0, 0x2b2520a9a920, 2048) = -1
5474   0.000506 libjvm.so->__xstat(1, 0x2b2520a9a0f0, 0x2b2520a9a920, 2048) = -1
5474   0.000502 libjvm.so->fopen(0x2b2524002520, 0x2b25222a19ab, 0, 0) = 0x2b2524058920
5474   0.008660 libjvm.so->open64(0x2b2520a99490, 0, 0, 16) = 3
5474   0.000659 libjvm.so->__fxstat64(1, 3, 0x2b2520a992c0, -1) = 0
5474   0.036128 libjvm.so->__xstat(1, 0x2b2520a99ef0, 0x2b2520a9a720, 2048) = -1
5474   0.000751 libjvm.so->fopen(0x2b2520a98af0, 0x2b25222a19ab, 4011, 3996) = 0x2b25240b5ba0
5474   0.000808 libjvm.so->fopen(0x2b2520a98af0, 0x2b25222a19ab, 4011, 3996) = 0x2b25240b5ba0
5474   0.000667 libjvm.so->fopen(0x2b2520a98af0, 0x2b25222a19ab, 4011, 4004) = 0x2b25240b5ba0
5474   0.004469 libjvm.so->pthread_attr_setdetachstate(0x2b2520a9abd0, 1, 0, 0) = 0
5474   0.000814 libpthread.so.0->__clone(0x2b2520b87de0, 0x2b2523f98fc0, 0x3d0f00, 0x2b2523f99700) = 5475
5474   0.016638 libjvm.so->pthread_attr_setdetachstate(0x2b2520a9a260, 1, 0, 0) = 0
5474   0.000715 libpthread.so.0->__clone(0x2b2520b87de0, 0x2b25394ddfc0, 0x3d0f00, 0x2b25394de700) = 5476
5474   0.007269 libjvm.so->pthread_attr_setdetachstate(0x2b2520a9a5e0, 1, 0, 0) = 0
5474   0.000818 libpthread.so.0->__clone(0x2b2520b87de0, 0x2b25395defc0, 0x3d0f00, 0x2b25395df700) = 5477
5474   0.042415 libjvm.so->fopen(0x2b25240e8750, 0x2b25222a19ab, 4, 0x6f732e70) = 0x2b25240f1760
5474   0.002215 libjvm.so->dlopen(0x2b25240e8750, 1, 0xffffffff, 0x2b25240e8c00) = 0x2b2524057bb0
5474   0.024318 libjvm.so->fopen(0x2b2520a96130, 0x2b25222a19ab, 4011, 3996) = 0x2b25240f9040
5474   0.001194 libjvm.so->fopen(0x2b2520a96130, 0x2b25222a19ab, 4011, 3996) = 0x2b25240f9040
5474   0.001151 libjvm.so->fopen(0x2b2520a96130, 0x2b25222a19ab, 4011, 4004) = 0x2b25240f9040
5474   0.016089 libjvm.so->pthread_attr_setdetachstate(0x2b2520a9ab20, 1, 0, 0) = 0
5474   0.001164 libpthread.so.0->__clone(0x2b2520b87de0, 0x2b25396dffc0, 0x3d0f00, 0x2b25396e0700) = 5478
5474   0.001826 libjvm.so->__xstat64(1, 0x2b2520a9abb0, 0x2b2520a9ab20, 18) = -1
5474   0.001360 libjvm.so->pthread_attr_setdetachstate(0x2b2520a9a920, 1, 0, 0) = 0
5474   0.001314 libpthread.so.0->__clone(0x2b2520b87de0, 0x2b25397e0fc0, 0x3d0f00, 0x2b25397e1700) = 5479
5474   0.001929 libjvm.so->pthread_attr_setdetachstate(0x2b2520a9a920, 1, 0, 0) = 0
5474   0.001316 libpthread.so.0->__clone(0x2b2520b87de0, 0x2b25398e1fc0, 0x3d0f00, 0x2b25398e2700) = 5480
5474   0.007181 libjvm.so->pthread_attr_setdetachstate(0x2b2520a9aa70, 1, 0, 0) = 0
5474   0.001439 libpthread.so.0->__clone(0x2b2520b87de0, 0x2b25399e2fc0, 0x3d0f00, 0x2b25399e3700) = 5481
5474   0.002265 libjvm.so->pthread_attr_setdetachstate(0x2b2520a9ab80, 1, 0, 0) = 0
5474   0.001541 libpthread.so.0->__clone(0x2b2520b87de0, 0x2b2539ae3fc0, 0x3d0f00, 0x2b2539ae4700) = 5482
5474   0.014868 libjvm.so->open64(0x2b252412c6f0, 0, 0, 48) = 5
5474   0.001736 libjvm.so->__fxstat64(1, 5, 0x2b2520a97f90, -1) = 0
5474   0.025383 libjvm.so->fopen(0x2b25241527a0, 0x2b25222a19ab, 4, 0x6f732e6f) = 0x2b2524152860
5474   0.003192 libjvm.so->dlopen(0x2b25241527a0, 1, 0xffffffff, 0x2b2524152700) = 0x2b2524152860
5480   0.045471 --- SIGSEGV (Segmentation fault) ---
5474   0.050481 libjvm.so->fopen(0x2b2520a94e90, 0x2b25222a19ab, 0x6f732e, 0x6d766a62696c2f72) = 0x2b2524166b40
5474   0.005550 libjvm.so->dlopen(0x2b2520a94e90, 1, 0xffffffff, 0x2b2524166a00) = 0x5651645364b0
5474   0.001709 libjvm.so->fopen(0x2b2520a94e90, 0x2b25222a19ab, 0x6f732e, 0x6d766a62696c2f72) = 0x2b2524166b40
5474   0.004932 libjvm.so->dlopen(0x2b2520a94e90, 1, 0xffffffff, 0x2b2524166a00) = 0x5651645364b0
5474   0.001747 libjvm.so->fopen(0x2b2520a94e90, 0x2b25222a19ab, 0x6f732e, 0x6d766a62696c2f72) = 0x2b2524166b40
5474   0.003434 libjvm.so->dlopen(0x2b2520a94e90, 1, 0xffffffff, 0x2b2524166a00) = 0x5651645364b0
5474   0.001671 libjvm.so->fopen(0x2b2520a94e90, 0x2b25222a19ab, 0x6f732e, 0x6d766a62696c2f72) = 0x2b2524166b40
5474   0.003396 libjvm.so->dlopen(0x2b2520a94e90, 1, 0xffffffff, 0x2b2524166a00) = 0x5651645364b0
5474   0.044130 libjvm.so->fopen(0x2b25241af4e0, 0x2b25222a19ab, 4, 0x6f732e74) = 0x2b25241ab500
5474   0.003031 libjvm.so->dlopen(0x2b25241af4e0, 1, 0xffffffff, 0x2b2524166700) = 0x2b25241ab500
5474   0.134948 libjvm.so->fopen(0x2b2524216760, 0x2b25222a19ab, 0x6f732e7373656c, 0x656c646165685f74) = 0x2b2524216840
5474   0.002656 libjvm.so->dlopen(0x2b2524216760, 1, 0xffffffff, 0x2b2524216700) = 0x2b2524216840
5482   0.036676 +++ exited (status 0) +++
5478   0.000449 +++ exited (status 0) +++
5475   0.000314 +++ exited (status 0) +++
5474   0.000197 +++ exited (status 0) +++
5481   0.000239 +++ exited (status 1) +++
5480   0.000016 +++ exited (status 1) +++
5479   0.000025 +++ exited (status 1) +++
5477   0.000032 +++ exited (status 1) +++
5476   0.000024 +++ exited (status 1) +++
5473   0.004773 +++ exited (status 1) +++
Wrote an ltrace for command: "java -cp ./tools/maxent.jar density.Project outputs/Anthidium_garleppi_Schrottky/Anthidium_garleppi_Schrottky.lambdas data/layers/worldclim outputs/Anthidium_garleppi_Schrottky_worldclim.asc nowarnings nocache autorun -z" with PID 5471 from PPID 5454 on disc25.crc.nd.edu with result 1
REMOTEHOST=10.17.144.144
_CONDOR_ANCESTOR_24525=24530:1594671055:2748281650
_CONDOR_JOB_PIDS=
MANPATH=/afs/crc.nd.edu/user/n/nkremerh/cctools/share/man/:/afs/crc.nd.edu/group/ccl/software/x86_64/redhat7/ruby/current/share/man:/afs/crc.nd.edu/group/ccl/software/x86_64/redhat7/graphviz/current/share/man:/afs/crc.nd.edu/group/ccl/software/x86_64/redhat7/gnuplot/current/share/man:/afs/crc.nd.edu/group/ccl/software/x86_64/redhat7/git/current/share/man:/afs/crc.nd.edu/group/ccl/software/x86_64/redhat7/condor/current/share/man:/afs/crc.nd.edu/group/ccl/software/x86_64/redhat7/clang/current/share/man:/afs/crc.nd.edu/group/ccl/software/x86_64/redhat7/condor/current/share/man:/afs/crc.nd.edu/group/ccl/software/x86_64/redhat7/cctools/current/share/man:/afs/crc.nd.edu/group/ccl/software/x86_64/redhat7/cctools/current/share/man:/afs/crc.nd.edu/x86_64_linux/Modules/4.5.0/share/man:/opt/crc/usr/local/man:/opt/sge/man:/usr/share/man/overrides:/usr/share/man:/usr/local/share/man
XDG_SESSION_ID=2735
HOSTNAME=disc01.crc.nd.edu
_LMFILES__modshare=/afs/crc.nd.edu/x86_64_linux/Modules/modules/system_modules/CRC_default/1.1:1
MODULEPATH_modshare=/afs/crc.nd.edu/x86_64_linux/Modules/modules/general_software:1:/afs/crc.nd.edu/x86_64_linux/Modules/modules/development_tools_and_libraries:1:/afs/crc.nd.edu/x86_64_linux/Modules/modules/system_modules:1:/afs/crc.nd.edu/x86_64_linux/Modules/current/modulefiles:1:/afs/crc.nd.edu/x86_64_linux/Modules/modules/restricted_software:1:/afs/crc.nd.edu/x86_64_linux/Modules/modules/deprecated_software:1
MODULES_CMD=/afs/crc.nd.edu/x86_64_linux/Modules/4.5.0/libexec/modulecmd.tcl
HOST=disc01.crc.nd.edu
SHELL=/bin/tcsh
TERM=xterm-256color
MAKEFLAGS=
HISTSIZE=5000
TMPDIR=/var/condor/execute/dir_24525/worker-213124-24553/t.1336/cctools-temp-t.1336.2vAmiE
SSH_CLIENT=10.17.144.144 39924 22
PERL5LIB=/afs/crc.nd.edu/user/n/nkremerh/cctools/lib/perl5/site_perl/5.16.3:/afs/crc.nd.edu/user/n/nkremerh/.perl5/lib/perl5
SGE_CELL=crc
_CONDOR_SCRATCH_DIR=/var/condor/execute/dir_24525
PERL_MB_OPT=--install_base '/afs/crc.nd.edu/user/n/nkremerh/.perl5/'
SSH_TTY=/dev/pts/0
SGE_LOAD_AVG=load_avg
MAKEFLOW_MAX_LOCAL_JOBS=2
HISTFILESIZE=10000
_CHIRP_DELAYED_UPDATE_PREFIX=Chirp*
USER=nkremerh
GROUP=campus
LD_LIBRARY_PATH=/afs/crc.nd.edu/group/ccl/software/x86_64/redhat7/ruby/current/lib:/afs/crc.nd.edu/group/ccl/software/x86_64/redhat7/graphviz/current/lib:/afs/crc.nd.edu/group/ccl/software/x86_64/redhat7/git/current/lib:/afs/crc.nd.edu/group/ccl/software/x86_64/redhat7/condor/current/lib:/afs/crc.nd.edu/group/ccl/software/x86_64/redhat7/clang/current/lib:/afs/crc.nd.edu/group/ccl/software/x86_64/redhat7/condor/current/lib:/afs/crc.nd.edu/group/ccl/software/x86_64/redhat7/cctools/current/lib:/opt/crc/usr/local/lib
TEMP=/var/condor/execute/dir_24525/worker-213124-24553/t.1336/cctools-temp-t.1336.2vAmiE
BATCH_SYSTEM=HTCondor
WORKER_TMPDIR=/var/condor/execute/dir_24525/worker-213124-24553/cache/tmp
ENV=/afs/crc.nd.edu/x86_64_linux/Modules/4.5.0/init/profile.sh
MODULES_LMALTNAME=CRC_default/1.1&CRC_default/default&CRC_default
_CONDOR_CHIRP_CONFIG=/var/condor/execute/dir_24525/.chirp.config
GLOBUS_GSSAPI_MAX_TLS_PROTOCOL=0
_CONDOR_HIGHPORT=9999
HOSTTYPE=x86_64-linux
MAKELEVEL=1
MFLAGS=
CCLSOFTWARE=/afs/crc.nd.edu/group/ccl/software/x86_64/redhat7
PATH=/afs/crc.nd.edu/user/n/nkremerh/cctools/bin:/afs/crc.nd.edu/user/n/nkremerh/miniconda/bin:/afs/crc.nd.edu/group/ccl/software/git:/afs/crc.nd.edu/user/n/nkremerh/.local/bin:/afs/crc.nd.edu/group/ccl/software/x86_64/redhat7/povray/3.7/bin:/afs/crc.nd.edu/user/n/nkremerh/.perl5/bin:/afs/crc.nd.edu/user/n/nkremerh/pegasus/bin:/afs/crc.nd.edu/user/n/nkremerh/nodejs/bin:/afs/crc.nd.edu/user/n/nkremerh/montage/bin:/afs/crc.nd.edu/user/n/nkremerh/latexdiff:/afs/crc.nd.edu/user/n/nkremerh/envtrace:/afs/crc.nd.edu/user/n/nkremerh/endlines:/afs/crc.nd.edu/user/n/nkremerh/cctools/bin:/afs/crc.nd.edu/user/n/nkremerh/.cargo/bin:/afs/crc.nd.edu/group/ccl/software/x86_64/redhat7/ruby/current/bin:/afs/crc.nd.edu/group/ccl/software/x86_64/redhat7/graphviz/current/bin:/afs/crc.nd.edu/group/ccl/software/x86_64/redhat7/gnuplot/current/bin:/afs/crc.nd.edu/group/ccl/software/x86_64/redhat7/git/current/bin:/afs/crc.nd.edu/group/ccl/software/x86_64/redhat7/condor/current/sbin:/afs/crc.nd.edu/group/ccl/software/x86_64/redhat7/condor/current/bin:/afs/crc.nd.edu/group/ccl/software/x86_64/redhat7/cmake/current/bin:/afs/crc.nd.edu/group/ccl/software/x86_64/redhat7/clang/current/bin:/afs/crc.nd.edu/group/ccl/software/x86_64/redhat7/condor/current/sbin:/afs/crc.nd.edu/group/ccl/software/x86_64/redhat7/condor/current/bin:/afs/crc.nd.edu/group/ccl/software/x86_64/redhat7/cctools/current/bin:/afs/crc.nd.edu/x86_64_linux/Modules/4.5.0/bin:/opt/crc/usr/local/bin:/opt/sge/bin/lx-amd64:/usr/local/bin:/usr/bin:/usr/local/sbin:/usr/sbin:/afs/crc.nd.edu/user/c/condor/software/bin:/afs/crc.nd.edu/user/c/condor/software/sbin
MAIL=/var/spool/mail/nkremerh
PWD=/var/condor/execute/dir_24525/worker-213124-24553/t.1336
_LMFILES_=/afs/crc.nd.edu/x86_64_linux/Modules/modules/system_modules/CRC_default/1.1
SGE_EXECD_PORT=6445
EDITOR=vim
LANG=en_US.UTF-8
MODULEPATH=/afs/crc.nd.edu/x86_64_linux/Modules/modules/development_tools_and_libraries:/afs/crc.nd.edu/x86_64_linux/Modules/modules/general_software:/afs/crc.nd.edu/x86_64_linux/Modules/modules/restricted_software:/afs/crc.nd.edu/x86_64_linux/Modules/modules/system_modules:/afs/crc.nd.edu/x86_64_linux/Modules/modules/deprecated_software:/afs/crc.nd.edu/x86_64_linux/Modules/current/modulefiles
SGE_QMASTER_PORT=6444
SGE_ROOT=/opt/sge
LOADEDMODULES=CRC_default/1.1
WORK_QUEUE_SANDBOX=/var/condor/execute/dir_24525/worker-213124-24553
_CONDOR_SLOT=slot1
CCLPLATFORM=x86_64/redhat7
USE_SYSTEMD=true
_CONDOR_ANCESTOR_4261=24525:1594671054:4145456440
_CONDOR_LOWPORT=9100
KRB5CCNAME=FILE:/tmp/krb5cc_213124_ZwXmib
HISTCONTROL=ignoreboth:erasedups
PATH_modshare=/opt/crc/usr/local/bin:1:/opt/sge/bin/lx-amd64:1:/usr/sbin:1:/usr/bin:1:/afs/crc.nd.edu/user/c/condor/software/sbin:1:/usr/local/sbin:1:/afs/crc.nd.edu/user/c/condor/software/bin:1:/usr/local/bin:1
SHLVL=7
HOME=/afs/crc.nd.edu/user/n/nkremerh
GLOBUS_GSSAPI_NAME_COMPATIBILITY=STRICT_RFC2818
_CONDOR_ANCESTOR_3989=4261:1593343483:4184216969
_CONDOR_MACHINE_AD=/var/condor/execute/dir_24525/.machine.ad
OSTYPE=linux
DISK=916727
GREP_OPTIONS=--color=auto
GLOBUS_GSSAPI_MIN_TLS_PROTOCOL=TLS1_VERSION
MEMORY=15899
MANPATH_modshare=/usr/share/man/overrides:1:/usr/local/share/man:1:/usr/share/man:1:/opt/crc/usr/local/man:1:/opt/sge/man:1
VENDOR=unknown
BASH_ENV=/afs/crc.nd.edu/x86_64_linux/Modules/4.5.0/init/bash
PERL_LOCAL_LIB_ROOT=/afs/crc.nd.edu/user/n/nkremerh/.perl5/
PYTHONPATH=/afs/crc.nd.edu/user/n/nkremerh/cctools/lib/python3.6/site-packages/
CCLHOME=/afs/crc.nd.edu/group/ccl
MACHTYPE=x86_64
LOGNAME=nkremerh
TMP=/var/condor/execute/dir_24525/worker-213124-24553/t.1336/cctools-temp-t.1336.2vAmiE
LD_LIBRARY_PATH_modshare=/opt/crc/usr/local/lib:1
MODULES_LMALTNAME_modshare=CRC_default/1.1&CRC_default/default&CRC_default:1
SSH_CONNECTION=10.17.144.144 39924 129.74.128.103 22
MODULESHOME=/afs/crc.nd.edu/x86_64_linux/Modules/4.5.0
OMP_NUM_THREADS=1
LESSOPEN=||/usr/bin/lesspipe.sh %s
GLOBUS_GSSAPI_BACKWARD_COMPATIBLE_MIC=true
GLOBUS_GSSAPI_CIPHERS=HIGH
LOADEDMODULES_modshare=CRC_default/1.1:1
_CONDOR_JOB_AD=/var/condor/execute/dir_24525/.job.ad
SGE_CLUSTER_NAME=CRC
XDG_RUNTIME_DIR=/run/user/213124
CCTOOLS=../cctools
CORES=4
_CONDOR_JOB_IWD=/var/condor/execute/dir_24525
PERL_MM_OPT=INSTALL_BASE=/afs/crc.nd.edu/user/n/nkremerh/.perl5/
GLOBUS_GSSAPI_SERVER_CIPHER_ORDER=true
BASH_FUNC_module()=() {  unset _mlshdbg;
 if [ "${MODULES_SILENT_SHELL_DEBUG:-0}" = '1' ]; then
 case "$-" in 
 *v*x*)
 set +vx;
 _mlshdbg='vx'
 ;;
 *v*)
 set +v;
 _mlshdbg='v'
 ;;
 *x*)
 set +x;
 _mlshdbg='x'
 ;;
 *)
 _mlshdbg=''
 ;;
 esac;
 fi;
 unset _mlre _mlIFS;
 if [ -n "${IFS+x}" ]; then
 _mlIFS=$IFS;
 fi;
 IFS=' ';
 for _mlv in ${MODULES_RUN_QUARANTINE:-};
 do
 if [ "${_mlv}" = "${_mlv##*[!A-Za-z0-9_]}" -a "${_mlv}" = "${_mlv#[0-9]}" ]; then
 if [ -n "`eval 'echo ${'$_mlv'+x}'`" ]; then
 _mlre="${_mlre:-}${_mlv}_modquar='`eval 'echo ${'$_mlv'}'`' ";
 fi;
 _mlrv="MODULES_RUNENV_${_mlv}";
 _mlre="${_mlre:-}${_mlv}='`eval 'echo ${'$_mlrv':-}'`' ";
 fi;
 done;
 if [ -n "${_mlre:-}" ]; then
 eval `eval ${_mlre}/usr/bin/tclsh /afs/crc.nd.edu/x86_64_linux/Modules/4.5.0/libexec/modulecmd.tcl bash '"$@"'`;
 else
 eval `/usr/bin/tclsh /afs/crc.nd.edu/x86_64_linux/Modules/4.5.0/libexec/modulecmd.tcl bash "$@"`;
 fi;
 _mlstatus=$?;
 if [ -n "${_mlIFS+x}" ]; then
 IFS=$_mlIFS;
 else
 unset IFS;
 fi;
 unset _mlre _mlv _mlrv _mlIFS;
 if [ -n "${_mlshdbg:-}" ]; then
 set -$_mlshdbg;
 fi;
 unset _mlshdbg;
 return $_mlstatus
}
BASH_FUNC_ml()=() {  module ml "$@"
}
_=/usr/bin/printenv
