16044   0.000000 libjli.so->getenv("_JAVA_LAUNCHER_DEBUG") = nil
16044   0.001841 libjli.so->getenv("_JAVA_VERSION_SET") = nil
16044   0.000695 libjli.so->fopen("/usr/lib/jvm/java-1.8.0-openjdk-1.8.0.262.b10-0.el7_8.x86_64/jre/lib/amd64/jvm.cfg", "r") = 0x560e5e4d10f0
16044   0.000824 libjli.so->getenv("JDK_ALTERNATE_VM") = nil
16044   0.000305 libjli.so->__xstat(1, "/usr/lib/jvm/java-1.8.0-openjdk-1.8.0.262.b10-0.el7_8.x86_64/jre/lib/amd64/server/libjvm.so", 0x7ffc7ad22c30) = 0
16044   0.000632 libjli.so->getenv("LD_LIBRARY_PATH") = "/afs/crc.nd.edu/group/ccl/software/x86_64/redhat7/ruby/current/lib:/afs/crc.nd.edu/group/ccl/software/x86_64/redhat7/graphviz/current/lib:/afs/crc.nd.edu/group/ccl/software/x86_64/redhat7/git/current/lib:/afs/crc.nd.edu/group/ccl/software/x86_64/redhat7/condor/current/lib:/afs/crc.nd.edu/group/ccl/software/x86_64/redhat7/clang/current/lib:/afs/crc.nd.edu/group/ccl/software/x86_64/redhat7/condor/current/lib:/afs/crc.nd.edu/group/ccl/software/x86_64/redhat7/cctools/current/lib:/opt/crc/usr/local/lib"
16044   0.002148 libjli.so->dlopen("/usr/lib/jvm/java-1.8.0-openjdk-1.8.0.262.b10-0.el7_8.x86_64/jre/lib/amd64/server/libjvm.so", 258 <unfinished ...>
16044   0.037995 libjvm.so->getenv("NMT_LEVEL_16044") = nil
16044   0.001785 <... dlopen resumed> )          = 0x560e5e4d14c0
16044   0.000080 libjli.so->getenv("CLASSPATH")  = nil
16044   0.000306 libjli.so->getenv("_JAVA_SPLASH_JAR") = nil
16044   0.000298 libjli.so->getenv("_JAVA_SPLASH_FILE") = nil
16044   0.000373 libjli.so->pthread_attr_setdetachstate(0x7ffc7ad22be0, 0, 0x7ffc7ad22c70, 0) = 0
16044   0.000561 libpthread.so.0->__clone(0x2b5fac13ade0, 0x2b5fac04dfc0, 0x3d0f00, 0x2b5fac04e700) = 0x3ead
16045   0.001726 libjvm.so->dlopen(0x2b5fad9199ae, 1, 0xfffffffffff42c48, 4096) = 0x2b5fb0000990
16045   0.002430 libjvm.so->getenv(0x2b5fad93483e, 0, 115, 0x65737361) = 0x7ffc7ad286ab
16045   0.000496 libjvm.so->fopen(0x2b5fac04cc10, 0x2b5fad8d0ccb, 0x6f732e79666972, 0x2b5faca12ab0) = 0x2b5fb0001440
16045   0.001408 libjvm.so->dlopen(0x2b5fac04cc10, 1, 0xffffffff, 0x2b5fb0002b00) = 0x2b5fb0001440
16045   0.001445 libjvm.so->fopen(0x2b5fac04cc10, 0x2b5fad8d0ccb, 111, 0x732e6176) = 0x2b5fb0001b10
16045   0.001517 libjvm.so->dlopen(0x2b5fac04cc10, 1, 0xffffffff, 0x2b5fb0001a00) = 0x2b5fb0001b10
16045   0.001533 libjvm.so->__xstat(1, 0x2b5fac04d360, 0x2b5fac04dba0, 0x746f7073746f682e) = -1
16045   0.000469 libjvm.so->getenv(0x2b5fad8c9541, 0x2b5fac04d6d0, 1024, 0x2b5fadd8361b) = 0
16045   0.000463 libjvm.so->getenv(0x2b5fad8c9533, 0x2b5fac04d6d0, 1024, 0) = 0
16045   0.000467 libjvm.so->fopen(0x2b5fad919315, 0x2b5fad8d0ccb, 4095, 0xffffd4a052736b03) = 0x2b5fb0003270
16045   0.001212 libjvm.so->fopen(0x2b5fad919361, 0x2b5fad8d0ccb, 0x2b5fb0000078, 0x2b5fb0003260) = 0x2b5fb0003270
16045   0.000704 libjvm.so->fopen(0x2b5fac0479b0, 0x2b5fad8d0ccb, 4014, 3995) = 0x2b5fb0003270
16045   0.000635 libjvm.so->opendir(0x2b5fb0002b40, 0x2b5fb0002b40, 13, 16) = 0
16045   0.000446 libjvm.so->__xstat(1, 0x2b5fac04c8f0, 0x2b5fac04b860, 0x6f732e7477616d62) = -1
16045   0.000429 libjvm.so->__xstat(1, 0x2b5fac04c8f0, 0x2b5fac04b860, 0x5f74776162696c2f) = 0
16045   0.000489 libjvm.so->fopen(0x2b5fac04bb90, 0x2b5fad8d0ccb, 4009, 3994) = 0x2b5fb0003750
16045   0.000635 libjvm.so->fopen(0x2b5fac04bb90, 0x2b5fad8d0ccb, 4009, 3994) = 0x2b5fb0003750
16045   0.000592 libjvm.so->fopen(0x2b5fac04bb90, 0x2b5fad8d0ccb, 4009, 4002) = 0x2b5fb0003750
16045   0.000679 libjvm.so->fopen(0x2b5fac04bb20, 0x2b5fad8d0ccb, 4009, 3994) = 0x2b5fb0003750
16045   0.000619 libjvm.so->fopen(0x2b5fac04bb20, 0x2b5fad8d0ccb, 4009, 3994) = 0x2b5fb0003750
16045   0.000596 libjvm.so->fopen(0x2b5fac04bb20, 0x2b5fad8d0ccb, 4009, 4002) = 0x2b5fb0003750
16045   0.000626 libjvm.so->fopen(0x2b5fac04bb50, 0x2b5fad8d0ccb, 4014, 3995) = 0x2b5fb0003750
16045   0.001282 libjvm.so->getenv(0x2b5fad91a0ff, 4096, 3, -1) = 0
16045   0.000965 libjvm.so->fopen(0x2b5fad919998, 0x2b5fad8d0ccb, 0x2b5fac131908, 0x2b5fac130df0) = 0x2b5fb0003750
16045   0.004816 libjvm.so->open(0x2b5fb004a540, 0x20000, 0, 0x2b5fb004a589) = 3
16045   0.000430 libjvm.so->__fxstat(1, 3, 0x2b5fac04da00, -1) = 0
16045   0.000511 libjvm.so->opendir(0x2b5fb004a540, 0x2b5fac04da00, 0x4000, -1) = 0x2b5fb004b450
16045   0.000487 libjvm.so->__fxstat(1, 3, 0x2b5fac04d8a0, 0x2b5fb004b450) = 0
16045   0.000461 libjvm.so->__fxstat(1, 5, 0x2b5fac04d930, -1) = 0
16045   0.000454 libjvm.so->open(0x2b5fad8e79dc, 0, 0, 0) = 3
16045   0.000711 libjvm.so->__lxstat(1, 0x2b5fb004a540, 0x2b5fac04db50, -144) = 0
16045   0.000498 libjvm.so->open(0x2b5fb004a540, 0x20000, 0x4000, -1) = 3
16045   0.000470 libjvm.so->__fxstat(1, 3, 0x2b5fac04da00, -1) = 0
16045   0.000508 libjvm.so->opendir(0x2b5fb004a540, 0x2b5fac04da00, 0x4000, -1) = 0x2b5fb004b450
16045   0.000436 libjvm.so->__fxstat(1, 3, 0x2b5fac04d8a0, 0x2b5fb004b450) = 0
16045   0.000420 libjvm.so->__fxstat(1, 5, 0x2b5fac04d930, -1) = 0
16045   0.000507 libjvm.so->open(0x2b5fad8e79dc, 0, 0, 0) = 3
16045   0.000489 libjvm.so->open(0x2b5fb004a589, 0x20042, 384, -1) = 7
16045   0.000689 libjvm.so->__fxstat(1, 7, 0x2b5fac04db50, -1) = 0
16045   0.001831 libjvm.so->fopen(0x2b5fac04cb60, 0x2b5fad8d0ccb, 4, 0x6f732e70) = 0x2b5fb0057ba0
16045   0.001597 libjvm.so->dlopen(0x2b5fac04cb60, 1, 0xffffffff, 0x2b5fb0057b00) = 0x2b5fb0057ba0
16045   0.001440 libjvm.so->__xstat(1, 0x2b5fac04d120, 0x2b5fac04d950, 2048) = 0
16045   0.000443 libjvm.so->__xstat(1, 0x2b5fac04d120, 0x2b5fac04d950, 2048) = 0
16045   0.000446 libjvm.so->__xstat(1, 0x2b5fac04d120, 0x2b5fac04d950, 2048) = -1
16045   0.000426 libjvm.so->__xstat(1, 0x2b5fac04d120, 0x2b5fac04d950, 2048) = 0
16045   0.000449 libjvm.so->__xstat(1, 0x2b5fac04d120, 0x2b5fac04d950, 2048) = 0
16045   0.000432 libjvm.so->__xstat(1, 0x2b5fac04d120, 0x2b5fac04d950, 2048) = 0
16045   0.000439 libjvm.so->__xstat(1, 0x2b5fac04d120, 0x2b5fac04d950, 2048) = 0
16045   0.000466 libjvm.so->__xstat(1, 0x2b5fac04d120, 0x2b5fac04d950, 2048) = -1
16045   0.000433 libjvm.so->fopen(0x2b5fb0002520, 0x2b5fad8d0ccb, 0, 0) = 0x2b5fb0058a40
16045   0.008838 libjvm.so->open64(0x2b5fac04c410, 0, 0, 16) = 3
16045   0.000494 libjvm.so->__fxstat64(1, 3, 0x2b5fac04c240, -1) = 0
16045   0.037942 libjvm.so->__xstat(1, 0x2b5fac04cf20, 0x2b5fac04d750, 2048) = -1
16045   0.000599 libjvm.so->fopen(0x2b5fac04bb20, 0x2b5fad8d0ccb, 4009, 3994) = 0x2b5fb00b1fd0
16045   0.000660 libjvm.so->fopen(0x2b5fac04bb20, 0x2b5fad8d0ccb, 4009, 3994) = 0x2b5fb00b1fd0
16045   0.000664 libjvm.so->fopen(0x2b5fac04bb20, 0x2b5fad8d0ccb, 4009, 4002) = 0x2b5fb00b1fd0
16045   0.004487 libjvm.so->pthread_attr_setdetachstate(0x2b5fac04dc00, 1, 0, 0) = 0
16045   0.000568 libpthread.so.0->__clone(0x2b5fac13ade0, 0x2b5fc4a71fc0, 0x3d0f00, 0x2b5fc4a72700) = 0x3eae
16045   0.015802 libjvm.so->pthread_attr_setdetachstate(0x2b5fac04d290, 1, 0, 0) = 0
16045   0.000636 libpthread.so.0->__clone(0x2b5fac13ade0, 0x2b5fc4b72fc0, 0x3d0f00, 0x2b5fc4b73700) = 0x3eaf
16045   0.007059 libjvm.so->pthread_attr_setdetachstate(0x2b5fac04d610, 1, 0, 0) = 0
16045   0.000790 libpthread.so.0->__clone(0x2b5fac13ade0, 0x2b5fc4c73fc0, 0x3d0f00, 0x2b5fc4c74700) = 0x3eb0
16045   0.040695 libjvm.so->fopen(0x2b5fb00e9160, 0x2b5fad8d0ccb, 4, 0x6f732e70) = 0x2b5fb00f1ca0
16045   0.002087 libjvm.so->dlopen(0x2b5fb00e9160, 1, 0xffffffff, 0x2b5fb00ec300) = 0x2b5fb0057ba0
16045   0.005083 libjvm.so->open64(0x2b5fac04c510, 0, 0, 16) = 5
16045   0.000933 libjvm.so->__fxstat64(1, 5, 0x2b5fac04c340, -1) = 0
16045   0.020027 libjvm.so->fopen(0x2b5fac049130, 0x2b5fad8d0ccb, 4009, 3994) = 0x2b5fb00fcbf0
16045   0.001205 libjvm.so->fopen(0x2b5fac049130, 0x2b5fad8d0ccb, 4009, 3994) = 0x2b5fb00fcbf0
16045   0.001141 libjvm.so->fopen(0x2b5fac049130, 0x2b5fad8d0ccb, 4009, 4002) = 0x2b5fb00fcbf0
16045   0.015496 libjvm.so->pthread_attr_setdetachstate(0x2b5fac04db50, 1, 0, 0) = 0
16045   0.000994 libpthread.so.0->__clone(0x2b5fac13ade0, 0x2b5fc4d74fc0, 0x3d0f00, 0x2b5fc4d75700) = 0x3eb1
16045   0.001385 libjvm.so->__xstat64(1, 0x2b5fac04dbe0, 0x2b5fac04db50, 19) = -1
16045   0.001128 libjvm.so->pthread_attr_setdetachstate(0x2b5fac04d950, 1, 0, 0) = 0
16045   0.001136 libpthread.so.0->__clone(0x2b5fac13ade0, 0x2b5fc4e75fc0, 0x3d0f00, 0x2b5fc4e76700) = 0x3eb2
16045   0.001715 libjvm.so->pthread_attr_setdetachstate(0x2b5fac04d950, 1, 0, 0) = 0
16045   0.001289 libpthread.so.0->__clone(0x2b5fac13ade0, 0x2b5fc4f76fc0, 0x3d0f00, 0x2b5fc4f77700) = 0x3eb3
16045   0.009057 libjvm.so->pthread_attr_setdetachstate(0x2b5fac04daa0, 1, 0, 0) = 0
16045   0.001470 libpthread.so.0->__clone(0x2b5fac13ade0, 0x2b5fc5077fc0, 0x3d0f00, 0x2b5fc5078700) = 0x3eb4
16045   0.002204 libjvm.so->pthread_attr_setdetachstate(0x2b5fac04dbb0, 1, 0, 0) = 0
16045   0.001908 libpthread.so.0->__clone(0x2b5fac13ade0, 0x2b5fc5178fc0, 0x3d0f00, 0x2b5fc5179700) = 0x3eb5
16045   0.015735 libjvm.so->open64(0x2b5fb0128880, 0, 0, 0) = 7
16045   0.001732 libjvm.so->__fxstat64(1, 7, 0x2b5fac04af60, -1) = 0
16045   0.025984 libjvm.so->fopen(0x2b5fb01545f0, 0x2b5fad8d0ccb, 4, 0x6f732e6f) = 0x2b5fb01546b0
16045   0.003791 libjvm.so->dlopen(0x2b5fb01545f0, 1, 0xffffffff, 0x2b5fb0154600) = 0x2b5fb01546b0
16045   0.142115 libjvm.so->fopen(0x2b5fb01927c0, 0x2b5fad8d0ccb, 4, 0x6f732e74) = 0x2b5fb0195a70
16045   0.003091 libjvm.so->dlopen(0x2b5fb01927c0, 1, 0xffffffff, 0x2b5fb0195a00) = 0x2b5fb019fe20
16045   0.142833 libjvm.so->fopen(0x2b5fb0228f60, 0x2b5fad8d0ccb, 0x6f732e7373656c, 0x656c646165685f74) = 0x2b5fb0228fd0
16045   0.003048 libjvm.so->dlopen(0x2b5fb0228f60, 1, 0xffffffff, 0x2b5fb0228000) = 0x2b5fb0228fd0
16045   0.019783 libjvm.so->fopen(0x2b5fac046990, 0x2b5fad8d0ccb, 0x6f732e, 0x6d766a62696c2f72) = 0x2b5fb0232e40
16045   0.006010 libjvm.so->dlopen(0x2b5fac046990, 1, 0xffffffff, 0x2b5fb0232400) = 0x560e5e4d14c0
16045   0.001748 libjvm.so->fopen(0x2b5fac046990, 0x2b5fad8d0ccb, 0x6f732e, 0x6d766a62696c2f72) = 0x2b5fb0232de0
16045   0.005129 libjvm.so->dlopen(0x2b5fac046990, 1, 0xffffffff, 0x2b5fb0232400) = 0x560e5e4d14c0
16045   0.001676 libjvm.so->fopen(0x2b5fac046990, 0x2b5fad8d0ccb, 0x6f732e, 0x6d766a62696c2f72) = 0x2b5fb0232de0
16045   0.003493 libjvm.so->dlopen(0x2b5fac046990, 1, 0xffffffff, 0x2b5fb0232400) = 0x560e5e4d14c0
16045   0.001695 libjvm.so->fopen(0x2b5fac046990, 0x2b5fad8d0ccb, 0x6f732e, 0x6d766a62696c2f72) = 0x2b5fb0232de0
16045   0.003433 libjvm.so->dlopen(0x2b5fac046990, 1, 0xffffffff, 0x2b5fb0232400) = 0x560e5e4d14c0
16053  14.045196 +++ exited (status 0) +++
16049   0.000248 +++ exited (status 0) +++
16046   0.000308 +++ exited (status 0) +++
16045   0.000289 +++ exited (status 0) +++
16048   0.000287 +++ exited (status 0) +++
16052   0.000028 +++ exited (status 0) +++
16051   0.000016 +++ exited (status 0) +++
16047   0.000016 +++ exited (status 0) +++
16050   0.023281 +++ exited (status 0) +++
16044   0.000101 +++ exited (status 0) +++
Wrote an ltrace for command: "java -cp ./tools/maxent.jar density.MaxEnt -s outputs/Neoceratitis_minima.csv -e data/layers/worldclim -o outputs/Neoceratitis_minima nowarnings nocache autorun -z" with PID 16042 from PPID 16024 on disc25.crc.nd.edu with result 0
REMOTEHOST=10.17.145.58
MANPATH=/afs/crc.nd.edu/user/n/nkremerh/cctools/share/man/:/afs/crc.nd.edu/group/ccl/software/x86_64/redhat7/ruby/current/share/man:/afs/crc.nd.edu/group/ccl/software/x86_64/redhat7/graphviz/current/share/man:/afs/crc.nd.edu/group/ccl/software/x86_64/redhat7/gnuplot/current/share/man:/afs/crc.nd.edu/group/ccl/software/x86_64/redhat7/git/current/share/man:/afs/crc.nd.edu/group/ccl/software/x86_64/redhat7/condor/current/share/man:/afs/crc.nd.edu/group/ccl/software/x86_64/redhat7/clang/current/share/man:/afs/crc.nd.edu/group/ccl/software/x86_64/redhat7/condor/current/share/man:/afs/crc.nd.edu/group/ccl/software/x86_64/redhat7/cctools/current/share/man:/afs/crc.nd.edu/group/ccl/software/x86_64/redhat7/cctools/current/share/man:/afs/crc.nd.edu/x86_64_linux/Modules/4.5.0/share/man:/opt/crc/usr/local/man:/opt/sge/man:/usr/share/man/overrides:/usr/share/man:/usr/local/share/man
_CONDOR_JOB_PIDS=
XDG_SESSION_ID=3301
HOSTNAME=disc01.crc.nd.edu
_LMFILES__modshare=/afs/crc.nd.edu/x86_64_linux/Modules/modules/system_modules/CRC_default/1.1:1
MODULEPATH_modshare=/afs/crc.nd.edu/x86_64_linux/Modules/modules/general_software:1:/afs/crc.nd.edu/x86_64_linux/Modules/modules/development_tools_and_libraries:1:/afs/crc.nd.edu/x86_64_linux/Modules/modules/system_modules:1:/afs/crc.nd.edu/x86_64_linux/Modules/current/modulefiles:1:/afs/crc.nd.edu/x86_64_linux/Modules/modules/restricted_software:1:/afs/crc.nd.edu/x86_64_linux/Modules/modules/deprecated_software:1
TERM=xterm-256color
SHELL=/bin/tcsh
HOST=disc01.crc.nd.edu
MODULES_CMD=/afs/crc.nd.edu/x86_64_linux/Modules/4.5.0/libexec/modulecmd.tcl
HISTSIZE=5000
MAKEFLAGS=
SSH_CLIENT=10.17.145.58 38176 22
TMPDIR=/var/condor/execute/dir_3437/worker-213124-3579/t.1052/cctools-temp-t.1052.Wlzn8U
PERL5LIB=/afs/crc.nd.edu/user/n/nkremerh/cctools/lib/perl5/site_perl/5.16.3:/afs/crc.nd.edu/user/n/nkremerh/.perl5/lib/perl5
SGE_CELL=crc
_CONDOR_SCRATCH_DIR=/var/condor/execute/dir_3437
PERL_MB_OPT=--install_base '/afs/crc.nd.edu/user/n/nkremerh/.perl5/'
SSH_TTY=/dev/pts/0
SGE_LOAD_AVG=load_avg
MAKEFLOW_MAX_LOCAL_JOBS=2
GROUP=campus
USER=nkremerh
_CHIRP_DELAYED_UPDATE_PREFIX=Chirp*
HISTFILESIZE=10000
TEMP=/var/condor/execute/dir_3437/worker-213124-3579/t.1052/cctools-temp-t.1052.Wlzn8U
LD_LIBRARY_PATH=/afs/crc.nd.edu/group/ccl/software/x86_64/redhat7/ruby/current/lib:/afs/crc.nd.edu/group/ccl/software/x86_64/redhat7/graphviz/current/lib:/afs/crc.nd.edu/group/ccl/software/x86_64/redhat7/git/current/lib:/afs/crc.nd.edu/group/ccl/software/x86_64/redhat7/condor/current/lib:/afs/crc.nd.edu/group/ccl/software/x86_64/redhat7/clang/current/lib:/afs/crc.nd.edu/group/ccl/software/x86_64/redhat7/condor/current/lib:/afs/crc.nd.edu/group/ccl/software/x86_64/redhat7/cctools/current/lib:/opt/crc/usr/local/lib
BATCH_SYSTEM=HTCondor
MODULES_LMALTNAME=CRC_default/1.1&CRC_default/default&CRC_default
ENV=/afs/crc.nd.edu/x86_64_linux/Modules/4.5.0/init/profile.sh
WORKER_TMPDIR=/var/condor/execute/dir_3437/worker-213124-3579/cache/tmp
HOSTTYPE=x86_64-linux
_CONDOR_HIGHPORT=9999
GLOBUS_GSSAPI_MAX_TLS_PROTOCOL=0
_CONDOR_CHIRP_CONFIG=/var/condor/execute/dir_3437/.chirp.config
MAKELEVEL=1
MFLAGS=
MAIL=/var/spool/mail/nkremerh
PATH=/afs/crc.nd.edu/user/n/nkremerh/cctools/bin:/afs/crc.nd.edu/user/n/nkremerh/miniconda/bin:/afs/crc.nd.edu/group/ccl/software/git:/afs/crc.nd.edu/user/n/nkremerh/.local/bin:/afs/crc.nd.edu/group/ccl/software/x86_64/redhat7/povray/3.7/bin:/afs/crc.nd.edu/user/n/nkremerh/.perl5/bin:/afs/crc.nd.edu/user/n/nkremerh/pegasus/bin:/afs/crc.nd.edu/user/n/nkremerh/nodejs/bin:/afs/crc.nd.edu/user/n/nkremerh/montage/bin:/afs/crc.nd.edu/user/n/nkremerh/latexdiff:/afs/crc.nd.edu/user/n/nkremerh/envtrace:/afs/crc.nd.edu/user/n/nkremerh/endlines:/afs/crc.nd.edu/user/n/nkremerh/cctools/bin:/afs/crc.nd.edu/user/n/nkremerh/.cargo/bin:/afs/crc.nd.edu/group/ccl/software/x86_64/redhat7/ruby/current/bin:/afs/crc.nd.edu/group/ccl/software/x86_64/redhat7/graphviz/current/bin:/afs/crc.nd.edu/group/ccl/software/x86_64/redhat7/gnuplot/current/bin:/afs/crc.nd.edu/group/ccl/software/x86_64/redhat7/git/current/bin:/afs/crc.nd.edu/group/ccl/software/x86_64/redhat7/condor/current/sbin:/afs/crc.nd.edu/group/ccl/software/x86_64/redhat7/condor/current/bin:/afs/crc.nd.edu/group/ccl/software/x86_64/redhat7/cmake/current/bin:/afs/crc.nd.edu/group/ccl/software/x86_64/redhat7/clang/current/bin:/afs/crc.nd.edu/group/ccl/software/x86_64/redhat7/condor/current/sbin:/afs/crc.nd.edu/group/ccl/software/x86_64/redhat7/condor/current/bin:/afs/crc.nd.edu/group/ccl/software/x86_64/redhat7/cctools/current/bin:/afs/crc.nd.edu/x86_64_linux/Modules/4.5.0/bin:/opt/crc/usr/local/bin:/opt/sge/bin/lx-amd64:/usr/local/bin:/usr/bin:/usr/local/sbin:/usr/sbin:/afs/crc.nd.edu/user/c/condor/software/bin:/afs/crc.nd.edu/user/c/condor/software/sbin
CCLSOFTWARE=/afs/crc.nd.edu/group/ccl/software/x86_64/redhat7
PWD=/var/condor/execute/dir_3437/worker-213124-3579/t.1052
_LMFILES_=/afs/crc.nd.edu/x86_64_linux/Modules/modules/system_modules/CRC_default/1.1
EDITOR=vim
SGE_EXECD_PORT=6445
LANG=en_US.UTF-8
SGE_QMASTER_PORT=6444
MODULEPATH=/afs/crc.nd.edu/x86_64_linux/Modules/modules/development_tools_and_libraries:/afs/crc.nd.edu/x86_64_linux/Modules/modules/general_software:/afs/crc.nd.edu/x86_64_linux/Modules/modules/restricted_software:/afs/crc.nd.edu/x86_64_linux/Modules/modules/system_modules:/afs/crc.nd.edu/x86_64_linux/Modules/modules/deprecated_software:/afs/crc.nd.edu/x86_64_linux/Modules/current/modulefiles
LOADEDMODULES=CRC_default/1.1
SGE_ROOT=/opt/sge
CCLPLATFORM=x86_64/redhat7
_CONDOR_SLOT=slot2_3
WORK_QUEUE_SANDBOX=/var/condor/execute/dir_3437/worker-213124-3579
USE_SYSTEMD=true
_CONDOR_LOWPORT=9100
_CONDOR_ANCESTOR_4261=3437:1594946670:4145456539
HISTCONTROL=ignoreboth:erasedups
KRB5CCNAME=FILE:/tmp/krb5cc_213124_0wTNSp
GLOBUS_GSSAPI_NAME_COMPATIBILITY=STRICT_RFC2818
HOME=/afs/crc.nd.edu/user/n/nkremerh
SHLVL=6
PATH_modshare=/opt/crc/usr/local/bin:1:/opt/sge/bin/lx-amd64:1:/usr/sbin:1:/usr/bin:1:/afs/crc.nd.edu/user/c/condor/software/sbin:1:/usr/local/sbin:1:/afs/crc.nd.edu/user/c/condor/software/bin:1:/usr/local/bin:1
OSTYPE=linux
_CONDOR_MACHINE_AD=/var/condor/execute/dir_3437/.machine.ad
_CONDOR_ANCESTOR_3989=4261:1593343483:4184216969
GREP_OPTIONS=--color=auto
DISK=18236
GLOBUS_GSSAPI_MIN_TLS_PROTOCOL=TLS1_VERSION
_CONDOR_ANCESTOR_3437=3498:1594946671:905281026
MANPATH_modshare=/usr/share/man/overrides:1:/usr/local/share/man:1:/usr/share/man:1:/opt/crc/usr/local/man:1:/opt/sge/man:1
MEMORY=1948
PERL_LOCAL_LIB_ROOT=/afs/crc.nd.edu/user/n/nkremerh/.perl5/
BASH_ENV=/afs/crc.nd.edu/x86_64_linux/Modules/4.5.0/init/bash
VENDOR=unknown
TMP=/var/condor/execute/dir_3437/worker-213124-3579/t.1052/cctools-temp-t.1052.Wlzn8U
LOGNAME=nkremerh
MACHTYPE=x86_64
CCLHOME=/afs/crc.nd.edu/group/ccl
PYTHONPATH=/afs/crc.nd.edu/user/n/nkremerh/cctools/lib/python3.6/site-packages/
LD_LIBRARY_PATH_modshare=/opt/crc/usr/local/lib:1
SSH_CONNECTION=10.17.145.58 38176 129.74.128.103 22
MODULES_LMALTNAME_modshare=CRC_default/1.1&CRC_default/default&CRC_default:1
MODULESHOME=/afs/crc.nd.edu/x86_64_linux/Modules/4.5.0
GLOBUS_GSSAPI_CIPHERS=HIGH
GLOBUS_GSSAPI_BACKWARD_COMPATIBLE_MIC=true
LESSOPEN=||/usr/bin/lesspipe.sh %s
OMP_NUM_THREADS=1
_CONDOR_JOB_AD=/var/condor/execute/dir_3437/.job.ad
LOADEDMODULES_modshare=CRC_default/1.1:1
XDG_RUNTIME_DIR=/run/user/213124
SGE_CLUSTER_NAME=CRC
CCTOOLS=../cctools
CORES=1
_CONDOR_JOB_IWD=/var/condor/execute/dir_3437
PERL_MM_OPT=INSTALL_BASE=/afs/crc.nd.edu/user/n/nkremerh/.perl5/
GLOBUS_GSSAPI_SERVER_CIPHER_ORDER=true
BASH_FUNC_module()=() {  unset _mlshdbg;
 if [ "${MODULES_SILENT_SHELL_DEBUG:-0}" = '1' ]; then
 case "$-" in 
 *v*x*)
 set +vx;
 _mlshdbg='vx'
 ;;
 *v*)
 set +v;
 _mlshdbg='v'
 ;;
 *x*)
 set +x;
 _mlshdbg='x'
 ;;
 *)
 _mlshdbg=''
 ;;
 esac;
 fi;
 unset _mlre _mlIFS;
 if [ -n "${IFS+x}" ]; then
 _mlIFS=$IFS;
 fi;
 IFS=' ';
 for _mlv in ${MODULES_RUN_QUARANTINE:-};
 do
 if [ "${_mlv}" = "${_mlv##*[!A-Za-z0-9_]}" -a "${_mlv}" = "${_mlv#[0-9]}" ]; then
 if [ -n "`eval 'echo ${'$_mlv'+x}'`" ]; then
 _mlre="${_mlre:-}${_mlv}_modquar='`eval 'echo ${'$_mlv'}'`' ";
 fi;
 _mlrv="MODULES_RUNENV_${_mlv}";
 _mlre="${_mlre:-}${_mlv}='`eval 'echo ${'$_mlrv':-}'`' ";
 fi;
 done;
 if [ -n "${_mlre:-}" ]; then
 eval `eval ${_mlre}/usr/bin/tclsh /afs/crc.nd.edu/x86_64_linux/Modules/4.5.0/libexec/modulecmd.tcl bash '"$@"'`;
 else
 eval `/usr/bin/tclsh /afs/crc.nd.edu/x86_64_linux/Modules/4.5.0/libexec/modulecmd.tcl bash "$@"`;
 fi;
 _mlstatus=$?;
 if [ -n "${_mlIFS+x}" ]; then
 IFS=$_mlIFS;
 else
 unset IFS;
 fi;
 unset _mlre _mlv _mlrv _mlIFS;
 if [ -n "${_mlshdbg:-}" ]; then
 set -$_mlshdbg;
 fi;
 unset _mlshdbg;
 return $_mlstatus
}
BASH_FUNC_ml()=() {  module ml "$@"
}
_=/usr/bin/printenv
