27400   0.000000 libjli.so->getenv("_JAVA_LAUNCHER_DEBUG") = nil
27400   0.001912 libjli.so->getenv("_JAVA_VERSION_SET") = nil
27400   0.000807 libjli.so->fopen("/usr/lib/jvm/java-1.8.0-openjdk-1.8.0.252.b09-2.el7_8.x86_64/jre/lib/amd64/jvm.cfg", "r") = 0x55dfab1680f0
27400   0.000779 libjli.so->getenv("JDK_ALTERNATE_VM") = nil
27400   0.000320 libjli.so->__xstat(1, "/usr/lib/jvm/java-1.8.0-openjdk-1.8.0.252.b09-2.el7_8.x86_64/jre/lib/amd64/server/libjvm.so", 0x7fff2855f4c0) = 0
27400   0.000567 libjli.so->getenv("LD_LIBRARY_PATH") = "/afs/crc.nd.edu/group/ccl/software/x86_64/redhat7/ruby/current/lib:/afs/crc.nd.edu/group/ccl/software/x86_64/redhat7/graphviz/current/lib:/afs/crc.nd.edu/group/ccl/software/x86_64/redhat7/git/current/lib:/afs/crc.nd.edu/group/ccl/software/x86_64/redhat7/condor/current/lib:/afs/crc.nd.edu/group/ccl/software/x86_64/redhat7/clang/current/lib:/afs/crc.nd.edu/group/ccl/software/x86_64/redhat7/condor/current/lib:/afs/crc.nd.edu/group/ccl/software/x86_64/redhat7/cctools/current/lib:/opt/crc/usr/local/lib"
27400   0.002042 libjli.so->dlopen("/usr/lib/jvm/java-1.8.0-openjdk-1.8.0.252.b09-2.el7_8.x86_64/jre/lib/amd64/server/libjvm.so", 258 <unfinished ...>
27400   0.036762 libjvm.so->getenv("NMT_LEVEL_27400") = nil
27400   0.001745 <... dlopen resumed> )          = 0x55dfab1684c0
27400   0.000091 libjli.so->getenv("CLASSPATH")  = nil
27400   0.000307 libjli.so->getenv("_JAVA_SPLASH_JAR") = nil
27400   0.000304 libjli.so->getenv("_JAVA_SPLASH_FILE") = nil
27400   0.000322 libjli.so->pthread_attr_setdetachstate(0x7fff2855f470, 0, 0x7fff2855f500, 0) = 0
27400   0.000512 libpthread.so.0->__clone(0x2b53be14bde0, 0x2b53be05efc0, 0x3d0f00, 0x2b53be05f700) = 0x6b09
27401   0.001516 libjvm.so->dlopen(0x2b53bf8ab52e, 1, 0xfffffffffff42c48, 4096) = 0x2b53c4000990
27401   0.002627 libjvm.so->getenv(0x2b53bf8c62c0, 0, 115, 0x65737361) = 0x7fff285656cd
27401   0.000467 libjvm.so->fopen(0x2b53be05dbe0, 0x2b53bf8659ab, 0x6f732e79666972, 0x2b53bea23ab0) = 0x2b53c4001440
27401   0.001397 libjvm.so->dlopen(0x2b53be05dbe0, 1, 0xffffffff, 0x2b53c4002b00) = 0x2b53c4001440
27401   0.001594 libjvm.so->fopen(0x2b53be05dbe0, 0x2b53bf8659ab, 111, 0x732e6176) = 0x2b53c4001b10
27401   0.001568 libjvm.so->dlopen(0x2b53be05dbe0, 1, 0xffffffff, 0x2b53c4001a00) = 0x2b53c4001b10
27401   0.001572 libjvm.so->__xstat(1, 0x2b53be05e330, 0x2b53be05eb70, 0x637274) = -1
27401   0.000488 libjvm.so->getenv(0x2b53bf85e226, 0x2b53be05e6a0, 1024, 0x2b53bfd025db) = 0
27401   0.000414 libjvm.so->getenv(0x2b53bf85e218, 0x2b53be05e6a0, 1024, 0) = 0
27401   0.000441 libjvm.so->fopen(0x2b53bf8aae95, 0x2b53bf8659ab, 4095, 24) = 0x2b53c4003290
27401   0.001109 libjvm.so->fopen(0x2b53bf8aaee1, 0x2b53bf8659ab, 0x2b53c4000078, 0x2b53c4003280) = 0x2b53c4003290
27401   0.000692 libjvm.so->fopen(0x2b53be058980, 0x2b53bf8659ab, 4016, 3997) = 0x2b53c4003290
27401   0.000687 libjvm.so->opendir(0x2b53c4002b40, 0x2b53c4002b40, 13, 16) = 0
27401   0.000469 libjvm.so->__xstat(1, 0x2b53be05d8c0, 0x2b53be05c830, 0x6f732e7477616d62) = -1
27401   0.000559 libjvm.so->__xstat(1, 0x2b53be05d8c0, 0x2b53be05c830, 0x5f74776162696c2f) = 0
27401   0.000707 libjvm.so->fopen(0x2b53be05cb60, 0x2b53bf8659ab, 4011, 3996) = 0x2b53c4003770
27401   0.000617 libjvm.so->fopen(0x2b53be05cb60, 0x2b53bf8659ab, 4011, 3996) = 0x2b53c4003770
27401   0.000747 libjvm.so->fopen(0x2b53be05cb60, 0x2b53bf8659ab, 4011, 4004) = 0x2b53c4003770
27401   0.000663 libjvm.so->fopen(0x2b53be05caf0, 0x2b53bf8659ab, 4011, 3996) = 0x2b53c4003770
27401   0.000614 libjvm.so->fopen(0x2b53be05caf0, 0x2b53bf8659ab, 4011, 3996) = 0x2b53c4003770
27401   0.000662 libjvm.so->fopen(0x2b53be05caf0, 0x2b53bf8659ab, 4011, 4004) = 0x2b53c4003770
27401   0.000595 libjvm.so->fopen(0x2b53be05cb20, 0x2b53bf8659ab, 4016, 3997) = 0x2b53c4003770
27401   0.000790 libjvm.so->getenv(0x2b53bf8abc5e, 4096, 3, -1) = 0
27401   0.000918 libjvm.so->fopen(0x2b53bf8ab518, 0x2b53bf8659ab, 0x2b53be142908, 0x2b53be141df0) = 0x2b53c4003770
27401   0.004719 libjvm.so->open(0x2b53c404a560, 0x20000, 0, 0x2b53c404a5a9) = 3
27401   0.000499 libjvm.so->__fxstat(1, 3, 0x2b53be05e9d0, -1) = 0
27401   0.000540 libjvm.so->opendir(0x2b53c404a560, 0x2b53be05e9d0, 0x4000, -1) = 0x2b53c404b470
27401   0.000504 libjvm.so->__fxstat(1, 3, 0x2b53be05e870, 0x2b53c404b470) = 0
27401   0.000442 libjvm.so->__fxstat(1, 5, 0x2b53be05e900, -1) = 0
27401   0.000471 libjvm.so->open(0x2b53bf87c85c, 0, 0, 0) = 3
27401   0.000665 libjvm.so->__lxstat(1, 0x2b53c404a560, 0x2b53be05eb20, -144) = 0
27401   0.000505 libjvm.so->open(0x2b53c404a560, 0x20000, 0x4000, -1) = 3
27401   0.000448 libjvm.so->__fxstat(1, 3, 0x2b53be05e9d0, -1) = 0
27401   0.000485 libjvm.so->opendir(0x2b53c404a560, 0x2b53be05e9d0, 0x4000, -1) = 0x2b53c404b470
27401   0.000447 libjvm.so->__fxstat(1, 3, 0x2b53be05e870, 0x2b53c404b470) = 0
27401   0.000444 libjvm.so->__fxstat(1, 5, 0x2b53be05e900, -1) = 0
27401   0.000510 libjvm.so->open(0x2b53bf87c85c, 0, 0, 0) = 3
27401   0.000474 libjvm.so->open(0x2b53c404a5a9, 0x20042, 384, -1) = 7
27401   0.000681 libjvm.so->__fxstat(1, 7, 0x2b53be05eb20, -1) = 0
27401   0.001670 libjvm.so->fopen(0x2b53be05db30, 0x2b53bf8659ab, 4, 0x6f732e70) = 0x2b53c4057b50
27401   0.001411 libjvm.so->dlopen(0x2b53be05db30, 1, 0xffffffff, 0x2b53c4057a00) = 0x2b53c4057b50
27401   0.001430 libjvm.so->__xstat(1, 0x2b53be05e0f0, 0x2b53be05e920, 2048) = 0
27401   0.000487 libjvm.so->__xstat(1, 0x2b53be05e0f0, 0x2b53be05e920, 2048) = 0
27401   0.000512 libjvm.so->__xstat(1, 0x2b53be05e0f0, 0x2b53be05e920, 2048) = -1
27401   0.000474 libjvm.so->__xstat(1, 0x2b53be05e0f0, 0x2b53be05e920, 2048) = 0
27401   0.000461 libjvm.so->__xstat(1, 0x2b53be05e0f0, 0x2b53be05e920, 2048) = 0
27401   0.000474 libjvm.so->__xstat(1, 0x2b53be05e0f0, 0x2b53be05e920, 2048) = 0
27401   0.000446 libjvm.so->__xstat(1, 0x2b53be05e0f0, 0x2b53be05e920, 2048) = -1
27401   0.000482 libjvm.so->__xstat(1, 0x2b53be05e0f0, 0x2b53be05e920, 2048) = -1
27401   0.000450 libjvm.so->fopen(0x2b53c4002520, 0x2b53bf8659ab, 0, 0) = 0x2b53c40588c0
27401   0.009859 libjvm.so->open64(0x2b53be05d490, 0, 0, 16) = 3
27401   0.000583 libjvm.so->__fxstat64(1, 3, 0x2b53be05d2c0, -1) = 0
27401   0.035277 libjvm.so->__xstat(1, 0x2b53be05def0, 0x2b53be05e720, 2048) = -1
27401   0.000567 libjvm.so->fopen(0x2b53be05caf0, 0x2b53bf8659ab, 4011, 3996) = 0x2b53c40b5b40
27401   0.000669 libjvm.so->fopen(0x2b53be05caf0, 0x2b53bf8659ab, 4011, 3996) = 0x2b53c40b5b40
27401   0.000654 libjvm.so->fopen(0x2b53be05caf0, 0x2b53bf8659ab, 4011, 4004) = 0x2b53c40b5b40
27401   0.004107 libjvm.so->pthread_attr_setdetachstate(0x2b53be05ebd0, 1, 0, 0) = 0
27401   0.000588 libpthread.so.0->__clone(0x2b53be14bde0, 0x2b53c393afc0, 0x3d0f00, 0x2b53c393b700) = 0x6b0b
27401   0.015496 libjvm.so->pthread_attr_setdetachstate(0x2b53be05e260, 1, 0, 0) = 0
27401   0.000734 libpthread.so.0->__clone(0x2b53be14bde0, 0x2b53c3a3bfc0, 0x3d0f00, 0x2b53c3a3c700) = 0x6b0c
27401   0.006770 libjvm.so->pthread_attr_setdetachstate(0x2b53be05e5e0, 1, 0, 0) = 0
27401   0.000943 libpthread.so.0->__clone(0x2b53be14bde0, 0x2b53c3b3cfc0, 0x3d0f00, 0x2b53c3b3d700) = 0x6b0d
27401   0.042404 libjvm.so->fopen(0x2b53c40e8b70, 0x2b53bf8659ab, 4, 0x6f732e70) = 0x2b53c40f16d0
27401   0.002288 libjvm.so->dlopen(0x2b53c40e8b70, 1, 0xffffffff, 0x2b53c40e8600) = 0x2b53c4057b50
27401   0.023842 libjvm.so->fopen(0x2b53be05a130, 0x2b53bf8659ab, 4011, 3996) = 0x2b53c40f8fa0
27401   0.001316 libjvm.so->fopen(0x2b53be05a130, 0x2b53bf8659ab, 4011, 3996) = 0x2b53c40f8fa0
27401   0.001142 libjvm.so->fopen(0x2b53be05a130, 0x2b53bf8659ab, 4011, 4004) = 0x2b53c40f8fa0
27401   0.015090 libjvm.so->pthread_attr_setdetachstate(0x2b53be05eb20, 1, 0, 0) = 0
27401   0.001070 libpthread.so.0->__clone(0x2b53be14bde0, 0x2b53c3c3dfc0, 0x3d0f00, 0x2b53c3c3e700) = 0x6b0e
27401   0.001820 libjvm.so->__xstat64(1, 0x2b53be05ebb0, 0x2b53be05eb20, 19) = -1
27401   0.001166 libjvm.so->pthread_attr_setdetachstate(0x2b53be05e920, 1, 0, 0) = 0
27401   0.001279 libpthread.so.0->__clone(0x2b53be14bde0, 0x2b53c3d3efc0, 0x3d0f00, 0x2b53c3d3f700) = 0x6b0f
27401   0.001950 libjvm.so->pthread_attr_setdetachstate(0x2b53be05e920, 1, 0, 0) = 0
27401   0.001440 libpthread.so.0->__clone(0x2b53be14bde0, 0x2b53c3e3ffc0, 0x3d0f00, 0x2b53c3e40700) = 0x6b10
27401   0.007163 libjvm.so->pthread_attr_setdetachstate(0x2b53be05ea70, 1, 0, 0) = 0
27401   0.001419 libpthread.so.0->__clone(0x2b53be14bde0, 0x2b53c3f40fc0, 0x3d0f00, 0x2b53c3f41700) = 0x6b11
27401   0.002224 libjvm.so->pthread_attr_setdetachstate(0x2b53be05eb80, 1, 0, 0) = 0
27401   0.001593 libpthread.so.0->__clone(0x2b53be14bde0, 0x2b53d70fffc0, 0x3d0f00, 0x2b53d7100700) = 0x6b12
27401   0.014781 libjvm.so->open64(0x2b53c412c640, 0, 0, 0) = 5
27401   0.001796 libjvm.so->__fxstat64(1, 5, 0x2b53be05bf90, -1) = 0
27401   0.026506 libjvm.so->fopen(0x2b53c41527c0, 0x2b53bf8659ab, 4, 0x6f732e6f) = 0x2b53c4152880
27401   0.003416 libjvm.so->dlopen(0x2b53c41527c0, 1, 0xffffffff, 0x2b53c4152800) = 0x2b53c4152880
27401   0.128039 libjvm.so->fopen(0x2b53c41980b0, 0x2b53bf8659ab, 4, 0x6f732e74) = 0x2b53c41a38c0
27401   0.003544 libjvm.so->dlopen(0x2b53c41980b0, 1, 0xffffffff, 0x2b53c4195000) = 0x2b53c41a3920
27401   0.135956 libjvm.so->fopen(0x2b53c4216c50, 0x2b53bf8659ab, 0x6f732e7373656c, 0x656c646165685f74) = 0x2b53c4216d30
27401   0.003174 libjvm.so->dlopen(0x2b53c4216c50, 1, 0xffffffff, 0x2b53c4216c00) = 0x2b53c4216d30
27401   0.019472 libjvm.so->fopen(0x2b53be057a30, 0x2b53bf8659ab, 0x6f732e, 0x6d766a62696c2f72) = 0x2b53c4220c20
27401   0.006151 libjvm.so->dlopen(0x2b53be057a30, 1, 0xffffffff, 0x2b53c4220200) = 0x55dfab1684c0
27401   0.001652 libjvm.so->fopen(0x2b53be057a30, 0x2b53bf8659ab, 0x6f732e, 0x6d766a62696c2f72) = 0x2b53c4220bc0
27401   0.005240 libjvm.so->dlopen(0x2b53be057a30, 1, 0xffffffff, 0x2b53c4220200) = 0x55dfab1684c0
27401   0.001703 libjvm.so->fopen(0x2b53be057a30, 0x2b53bf8659ab, 0x6f732e, 0x6d766a62696c2f72) = 0x2b53c4220bc0
27401   0.003670 libjvm.so->dlopen(0x2b53be057a30, 1, 0xffffffff, 0x2b53c4220200) = 0x55dfab1684c0
27401   0.001684 libjvm.so->fopen(0x2b53be057a30, 0x2b53bf8659ab, 0x6f732e, 0x6d766a62696c2f72) = 0x2b53c4220bc0
27401   0.003710 libjvm.so->dlopen(0x2b53be057a30, 1, 0xffffffff, 0x2b53c4220200) = 0x55dfab1684c0
27401   5.727301 libjvm.so->fopen(0x2b53be05bf40, 0x2b53bf8659ab, 111, 0x732e6176) = 0x2b53c425c7f0
27401   0.003374 libjvm.so->dlopen(0x2b53be05bf40, 1, 0xffffffff, 0x2b53c425f800) = 0x2b53c4001b10
27401   0.001789 libjvm.so->fopen(0x2b53be05bf40, 0x2b53bf8659ab, 111, 0x732e6176) = 0x2b53c425bb80
27401   0.003065 libjvm.so->dlopen(0x2b53be05bf40, 1, 0xffffffff, 0x2b53c425f800) = 0x2b53c4001b10
27401   0.001824 libjvm.so->fopen(0x2b53be05bf40, 0x2b53bf8659ab, 111, 0x732e6176) = 0x2b53c425bb80
27401   0.002871 libjvm.so->dlopen(0x2b53be05bf40, 1, 0xffffffff, 0x2b53c425f800) = 0x2b53c4001b10
27401   0.001778 libjvm.so->fopen(0x2b53be05bf40, 0x2b53bf8659ab, 111, 0x732e6176) = 0x2b53c425bb80
27401   0.003395 libjvm.so->dlopen(0x2b53be05bf40, 1, 0xffffffff, 0x2b53c425f800) = 0x2b53c4001b10
27401   0.025076 libjvm.so->fopen(0x2b53be05baf0, 0x2b53bf8659ab, 111, 0x732e6176) = 0x2b53c425bb80
27401   0.002998 libjvm.so->dlopen(0x2b53be05baf0, 1, 0xffffffff, 0x2b53c425fb00) = 0x2b53c4001b10
27401   0.001683 libjvm.so->fopen(0x2b53be05baf0, 0x2b53bf8659ab, 111, 0x732e6176) = 0x2b53c425bb80
27401   0.002905 libjvm.so->dlopen(0x2b53be05baf0, 1, 0xffffffff, 0x2b53c425fb00) = 0x2b53c4001b10
27401   0.001757 libjvm.so->fopen(0x2b53be05baf0, 0x2b53bf8659ab, 111, 0x732e6176) = 0x2b53c425bb80
27401   0.002974 libjvm.so->dlopen(0x2b53be05baf0, 1, 0xffffffff, 0x2b53c425fb00) = 0x2b53c4001b10
27401   0.001670 libjvm.so->fopen(0x2b53be05baf0, 0x2b53bf8659ab, 111, 0x732e6176) = 0x2b53c425bb80
27401   0.002946 libjvm.so->dlopen(0x2b53be05baf0, 1, 0xffffffff, 0x2b53c425fb00) = 0x2b53c4001b10
27410   7.111959 +++ exited (status 0) +++
27406   0.000447 +++ exited (status 0) +++
27403   0.000213 +++ exited (status 0) +++
27401   0.000215 +++ exited (status 0) +++
27408   0.000371 +++ exited (status 0) +++
27409   0.000034 +++ exited (status 0) +++
27407   0.000015 +++ exited (status 0) +++
27404   0.000015 +++ exited (status 0) +++
27405   0.020213 +++ exited (status 0) +++
27400   0.000046 +++ exited (status 0) +++
Wrote an ltrace for command: "java -cp ./tools/maxent.jar density.MaxEnt -s outputs/Ampulex_bantuae_Gess.csv -e data/layers/worldclim -o outputs/Ampulex_bantuae_Gess nowarnings nocache autorun -z" with PID 27398 from PPID 27379 on disc25.crc.nd.edu with result 0
REMOTEHOST=10.17.144.144
MANPATH=/afs/crc.nd.edu/user/n/nkremerh/cctools/share/man/:/afs/crc.nd.edu/group/ccl/software/x86_64/redhat7/ruby/current/share/man:/afs/crc.nd.edu/group/ccl/software/x86_64/redhat7/graphviz/current/share/man:/afs/crc.nd.edu/group/ccl/software/x86_64/redhat7/gnuplot/current/share/man:/afs/crc.nd.edu/group/ccl/software/x86_64/redhat7/git/current/share/man:/afs/crc.nd.edu/group/ccl/software/x86_64/redhat7/condor/current/share/man:/afs/crc.nd.edu/group/ccl/software/x86_64/redhat7/clang/current/share/man:/afs/crc.nd.edu/group/ccl/software/x86_64/redhat7/condor/current/share/man:/afs/crc.nd.edu/group/ccl/software/x86_64/redhat7/cctools/current/share/man:/afs/crc.nd.edu/group/ccl/software/x86_64/redhat7/cctools/current/share/man:/afs/crc.nd.edu/x86_64_linux/Modules/4.5.0/share/man:/opt/crc/usr/local/man:/opt/sge/man:/usr/share/man/overrides:/usr/share/man:/usr/local/share/man
_CONDOR_JOB_PIDS=
_CONDOR_ANCESTOR_24525=24530:1594671055:2748281650
XDG_SESSION_ID=2735
HOSTNAME=disc01.crc.nd.edu
_LMFILES__modshare=/afs/crc.nd.edu/x86_64_linux/Modules/modules/system_modules/CRC_default/1.1:1
MODULEPATH_modshare=/afs/crc.nd.edu/x86_64_linux/Modules/modules/general_software:1:/afs/crc.nd.edu/x86_64_linux/Modules/modules/development_tools_and_libraries:1:/afs/crc.nd.edu/x86_64_linux/Modules/modules/system_modules:1:/afs/crc.nd.edu/x86_64_linux/Modules/current/modulefiles:1:/afs/crc.nd.edu/x86_64_linux/Modules/modules/restricted_software:1:/afs/crc.nd.edu/x86_64_linux/Modules/modules/deprecated_software:1
TERM=xterm-256color
SHELL=/bin/tcsh
HOST=disc01.crc.nd.edu
MODULES_CMD=/afs/crc.nd.edu/x86_64_linux/Modules/4.5.0/libexec/modulecmd.tcl
HISTSIZE=5000
MAKEFLAGS=
SSH_CLIENT=10.17.144.144 39924 22
TMPDIR=/var/condor/execute/dir_24525/worker-213124-24553/t.1179/cctools-temp-t.1179.iBBiHj
PERL5LIB=/afs/crc.nd.edu/user/n/nkremerh/cctools/lib/perl5/site_perl/5.16.3:/afs/crc.nd.edu/user/n/nkremerh/.perl5/lib/perl5
SGE_CELL=crc
_CONDOR_SCRATCH_DIR=/var/condor/execute/dir_24525
PERL_MB_OPT=--install_base '/afs/crc.nd.edu/user/n/nkremerh/.perl5/'
SSH_TTY=/dev/pts/0
SGE_LOAD_AVG=load_avg
MAKEFLOW_MAX_LOCAL_JOBS=2
GROUP=campus
USER=nkremerh
_CHIRP_DELAYED_UPDATE_PREFIX=Chirp*
HISTFILESIZE=10000
TEMP=/var/condor/execute/dir_24525/worker-213124-24553/t.1179/cctools-temp-t.1179.iBBiHj
LD_LIBRARY_PATH=/afs/crc.nd.edu/group/ccl/software/x86_64/redhat7/ruby/current/lib:/afs/crc.nd.edu/group/ccl/software/x86_64/redhat7/graphviz/current/lib:/afs/crc.nd.edu/group/ccl/software/x86_64/redhat7/git/current/lib:/afs/crc.nd.edu/group/ccl/software/x86_64/redhat7/condor/current/lib:/afs/crc.nd.edu/group/ccl/software/x86_64/redhat7/clang/current/lib:/afs/crc.nd.edu/group/ccl/software/x86_64/redhat7/condor/current/lib:/afs/crc.nd.edu/group/ccl/software/x86_64/redhat7/cctools/current/lib:/opt/crc/usr/local/lib
BATCH_SYSTEM=HTCondor
MODULES_LMALTNAME=CRC_default/1.1&CRC_default/default&CRC_default
ENV=/afs/crc.nd.edu/x86_64_linux/Modules/4.5.0/init/profile.sh
WORKER_TMPDIR=/var/condor/execute/dir_24525/worker-213124-24553/cache/tmp
HOSTTYPE=x86_64-linux
_CONDOR_HIGHPORT=9999
GLOBUS_GSSAPI_MAX_TLS_PROTOCOL=0
_CONDOR_CHIRP_CONFIG=/var/condor/execute/dir_24525/.chirp.config
MAKELEVEL=1
MFLAGS=
MAIL=/var/spool/mail/nkremerh
PATH=/afs/crc.nd.edu/user/n/nkremerh/cctools/bin:/afs/crc.nd.edu/user/n/nkremerh/miniconda/bin:/afs/crc.nd.edu/group/ccl/software/git:/afs/crc.nd.edu/user/n/nkremerh/.local/bin:/afs/crc.nd.edu/group/ccl/software/x86_64/redhat7/povray/3.7/bin:/afs/crc.nd.edu/user/n/nkremerh/.perl5/bin:/afs/crc.nd.edu/user/n/nkremerh/pegasus/bin:/afs/crc.nd.edu/user/n/nkremerh/nodejs/bin:/afs/crc.nd.edu/user/n/nkremerh/montage/bin:/afs/crc.nd.edu/user/n/nkremerh/latexdiff:/afs/crc.nd.edu/user/n/nkremerh/envtrace:/afs/crc.nd.edu/user/n/nkremerh/endlines:/afs/crc.nd.edu/user/n/nkremerh/cctools/bin:/afs/crc.nd.edu/user/n/nkremerh/.cargo/bin:/afs/crc.nd.edu/group/ccl/software/x86_64/redhat7/ruby/current/bin:/afs/crc.nd.edu/group/ccl/software/x86_64/redhat7/graphviz/current/bin:/afs/crc.nd.edu/group/ccl/software/x86_64/redhat7/gnuplot/current/bin:/afs/crc.nd.edu/group/ccl/software/x86_64/redhat7/git/current/bin:/afs/crc.nd.edu/group/ccl/software/x86_64/redhat7/condor/current/sbin:/afs/crc.nd.edu/group/ccl/software/x86_64/redhat7/condor/current/bin:/afs/crc.nd.edu/group/ccl/software/x86_64/redhat7/cmake/current/bin:/afs/crc.nd.edu/group/ccl/software/x86_64/redhat7/clang/current/bin:/afs/crc.nd.edu/group/ccl/software/x86_64/redhat7/condor/current/sbin:/afs/crc.nd.edu/group/ccl/software/x86_64/redhat7/condor/current/bin:/afs/crc.nd.edu/group/ccl/software/x86_64/redhat7/cctools/current/bin:/afs/crc.nd.edu/x86_64_linux/Modules/4.5.0/bin:/opt/crc/usr/local/bin:/opt/sge/bin/lx-amd64:/usr/local/bin:/usr/bin:/usr/local/sbin:/usr/sbin:/afs/crc.nd.edu/user/c/condor/software/bin:/afs/crc.nd.edu/user/c/condor/software/sbin
CCLSOFTWARE=/afs/crc.nd.edu/group/ccl/software/x86_64/redhat7
PWD=/var/condor/execute/dir_24525/worker-213124-24553/t.1179
_LMFILES_=/afs/crc.nd.edu/x86_64_linux/Modules/modules/system_modules/CRC_default/1.1
EDITOR=vim
SGE_EXECD_PORT=6445
LANG=en_US.UTF-8
SGE_QMASTER_PORT=6444
MODULEPATH=/afs/crc.nd.edu/x86_64_linux/Modules/modules/development_tools_and_libraries:/afs/crc.nd.edu/x86_64_linux/Modules/modules/general_software:/afs/crc.nd.edu/x86_64_linux/Modules/modules/restricted_software:/afs/crc.nd.edu/x86_64_linux/Modules/modules/system_modules:/afs/crc.nd.edu/x86_64_linux/Modules/modules/deprecated_software:/afs/crc.nd.edu/x86_64_linux/Modules/current/modulefiles
LOADEDMODULES=CRC_default/1.1
SGE_ROOT=/opt/sge
CCLPLATFORM=x86_64/redhat7
_CONDOR_SLOT=slot1
WORK_QUEUE_SANDBOX=/var/condor/execute/dir_24525/worker-213124-24553
USE_SYSTEMD=true
_CONDOR_LOWPORT=9100
_CONDOR_ANCESTOR_4261=24525:1594671054:4145456440
HISTCONTROL=ignoreboth:erasedups
KRB5CCNAME=FILE:/tmp/krb5cc_213124_ZwXmib
GLOBUS_GSSAPI_NAME_COMPATIBILITY=STRICT_RFC2818
HOME=/afs/crc.nd.edu/user/n/nkremerh
SHLVL=6
PATH_modshare=/opt/crc/usr/local/bin:1:/opt/sge/bin/lx-amd64:1:/usr/sbin:1:/usr/bin:1:/afs/crc.nd.edu/user/c/condor/software/sbin:1:/usr/local/sbin:1:/afs/crc.nd.edu/user/c/condor/software/bin:1:/usr/local/bin:1
OSTYPE=linux
_CONDOR_MACHINE_AD=/var/condor/execute/dir_24525/.machine.ad
_CONDOR_ANCESTOR_3989=4261:1593343483:4184216969
GREP_OPTIONS=--color=auto
DISK=916727
GLOBUS_GSSAPI_MIN_TLS_PROTOCOL=TLS1_VERSION
MANPATH_modshare=/usr/share/man/overrides:1:/usr/local/share/man:1:/usr/share/man:1:/opt/crc/usr/local/man:1:/opt/sge/man:1
MEMORY=15899
PERL_LOCAL_LIB_ROOT=/afs/crc.nd.edu/user/n/nkremerh/.perl5/
BASH_ENV=/afs/crc.nd.edu/x86_64_linux/Modules/4.5.0/init/bash
VENDOR=unknown
TMP=/var/condor/execute/dir_24525/worker-213124-24553/t.1179/cctools-temp-t.1179.iBBiHj
LOGNAME=nkremerh
MACHTYPE=x86_64
CCLHOME=/afs/crc.nd.edu/group/ccl
PYTHONPATH=/afs/crc.nd.edu/user/n/nkremerh/cctools/lib/python3.6/site-packages/
LD_LIBRARY_PATH_modshare=/opt/crc/usr/local/lib:1
SSH_CONNECTION=10.17.144.144 39924 129.74.128.103 22
MODULES_LMALTNAME_modshare=CRC_default/1.1&CRC_default/default&CRC_default:1
MODULESHOME=/afs/crc.nd.edu/x86_64_linux/Modules/4.5.0
GLOBUS_GSSAPI_CIPHERS=HIGH
GLOBUS_GSSAPI_BACKWARD_COMPATIBLE_MIC=true
LESSOPEN=||/usr/bin/lesspipe.sh %s
OMP_NUM_THREADS=1
_CONDOR_JOB_AD=/var/condor/execute/dir_24525/.job.ad
LOADEDMODULES_modshare=CRC_default/1.1:1
XDG_RUNTIME_DIR=/run/user/213124
SGE_CLUSTER_NAME=CRC
CCTOOLS=../cctools
CORES=4
_CONDOR_JOB_IWD=/var/condor/execute/dir_24525
PERL_MM_OPT=INSTALL_BASE=/afs/crc.nd.edu/user/n/nkremerh/.perl5/
GLOBUS_GSSAPI_SERVER_CIPHER_ORDER=true
BASH_FUNC_module()=() {  unset _mlshdbg;
 if [ "${MODULES_SILENT_SHELL_DEBUG:-0}" = '1' ]; then
 case "$-" in 
 *v*x*)
 set +vx;
 _mlshdbg='vx'
 ;;
 *v*)
 set +v;
 _mlshdbg='v'
 ;;
 *x*)
 set +x;
 _mlshdbg='x'
 ;;
 *)
 _mlshdbg=''
 ;;
 esac;
 fi;
 unset _mlre _mlIFS;
 if [ -n "${IFS+x}" ]; then
 _mlIFS=$IFS;
 fi;
 IFS=' ';
 for _mlv in ${MODULES_RUN_QUARANTINE:-};
 do
 if [ "${_mlv}" = "${_mlv##*[!A-Za-z0-9_]}" -a "${_mlv}" = "${_mlv#[0-9]}" ]; then
 if [ -n "`eval 'echo ${'$_mlv'+x}'`" ]; then
 _mlre="${_mlre:-}${_mlv}_modquar='`eval 'echo ${'$_mlv'}'`' ";
 fi;
 _mlrv="MODULES_RUNENV_${_mlv}";
 _mlre="${_mlre:-}${_mlv}='`eval 'echo ${'$_mlrv':-}'`' ";
 fi;
 done;
 if [ -n "${_mlre:-}" ]; then
 eval `eval ${_mlre}/usr/bin/tclsh /afs/crc.nd.edu/x86_64_linux/Modules/4.5.0/libexec/modulecmd.tcl bash '"$@"'`;
 else
 eval `/usr/bin/tclsh /afs/crc.nd.edu/x86_64_linux/Modules/4.5.0/libexec/modulecmd.tcl bash "$@"`;
 fi;
 _mlstatus=$?;
 if [ -n "${_mlIFS+x}" ]; then
 IFS=$_mlIFS;
 else
 unset IFS;
 fi;
 unset _mlre _mlv _mlrv _mlIFS;
 if [ -n "${_mlshdbg:-}" ]; then
 set -$_mlshdbg;
 fi;
 unset _mlshdbg;
 return $_mlstatus
}
BASH_FUNC_ml()=() {  module ml "$@"
}
_=/usr/bin/printenv
