1301   0.000000 libjli.so->getenv("_JAVA_LAUNCHER_DEBUG") = nil
1301   0.001900 libjli.so->getenv("_JAVA_VERSION_SET") = nil
1301   0.000753 libjli.so->fopen("/usr/lib/jvm/java-1.8.0-openjdk-1.8.0.252.b09-2.el7_8.x86_64/jre/lib/amd64/jvm.cfg", "r") = 0x55e5f7ed60e0
1301   0.000777 libjli.so->getenv("JDK_ALTERNATE_VM") = nil
1301   0.000324 libjli.so->__xstat(1, "/usr/lib/jvm/java-1.8.0-openjdk-1.8.0.252.b09-2.el7_8.x86_64/jre/lib/amd64/server/libjvm.so", 0x7fffbd873a00) = 0
1301   0.000565 libjli.so->getenv("LD_LIBRARY_PATH") = "/afs/crc.nd.edu/group/ccl/software/x86_64/redhat7/ruby/current/lib:/afs/crc.nd.edu/group/ccl/software/x86_64/redhat7/graphviz/current/lib:/afs/crc.nd.edu/group/ccl/software/x86_64/redhat7/git/current/lib:/afs/crc.nd.edu/group/ccl/software/x86_64/redhat7/condor/current/lib:/afs/crc.nd.edu/group/ccl/software/x86_64/redhat7/clang/current/lib:/afs/crc.nd.edu/group/ccl/software/x86_64/redhat7/condor/current/lib:/afs/crc.nd.edu/group/ccl/software/x86_64/redhat7/cctools/current/lib:/opt/crc/usr/local/lib"
1301   0.002064 libjli.so->dlopen("/usr/lib/jvm/java-1.8.0-openjdk-1.8.0.252.b09-2.el7_8.x86_64/jre/lib/amd64/server/libjvm.so", 258 <unfinished ...>
1301   0.036827 libjvm.so->getenv("NMT_LEVEL_1301") = nil
1301   0.001679 <... dlopen resumed> )           = 0x55e5f7ed64b0
1301   0.000075 libjli.so->getenv("CLASSPATH")   = nil
1301   0.000300 libjli.so->getenv("_JAVA_SPLASH_JAR") = nil
1301   0.000294 libjli.so->getenv("_JAVA_SPLASH_FILE") = nil
1301   0.000335 libjli.so->pthread_attr_setdetachstate(0x7fffbd8739b0, 0, 0x7fffbd873a40, 0) = 0
1301   0.000507 libpthread.so.0->__clone(0x2b709692dde0, 0x2b7096840fc0, 0x3d0f00, 0x2b7096841700) = 1302
1302   0.001788 libjvm.so->dlopen(0x2b709808d52e, 1, 0xfffffffffff42c48, 4096) = 0x2b709c000990
1302   0.002734 libjvm.so->getenv(0x2b70980a82c0, 0, 115, 0x65737361) = 0x7fffbd879674
1302   0.000485 libjvm.so->fopen(0x2b709683fbe0, 0x2b70980479ab, 0x6f732e79666972, 0x2b7097205ab0) = 0x2b709c001440
1302   0.001697 libjvm.so->dlopen(0x2b709683fbe0, 1, 0xffffffff, 0x2b709c002b00) = 0x2b709c001440
1302   0.001560 libjvm.so->fopen(0x2b709683fbe0, 0x2b70980479ab, 111, 0x732e6176) = 0x2b709c001b10
1302   0.001885 libjvm.so->dlopen(0x2b709683fbe0, 1, 0xffffffff, 0x2b709c001a00) = 0x2b709c001b10
1302   0.001681 libjvm.so->__xstat(1, 0x2b7096840330, 0x2b7096840b70, 0x637274) = -1
1302   0.000504 libjvm.so->getenv(0x2b7098040226, 0x2b70968406a0, 1024, 0x2b70984e45db) = 0
1302   0.000463 libjvm.so->getenv(0x2b7098040218, 0x2b70968406a0, 1024, 0) = 0
1302   0.000596 libjvm.so->fopen(0x2b709808ce95, 0x2b70980479ab, 4095, 24) = 0x2b709c0032d0
1302   0.001260 libjvm.so->fopen(0x2b709808cee1, 0x2b70980479ab, 0x2b709c000078, 0x2b709c0032c0) = 0x2b709c0032d0
1302   0.000708 libjvm.so->fopen(0x2b709683a980, 0x2b70980479ab, 4016, 3997) = 0x2b709c0032d0
1302   0.000636 libjvm.so->opendir(0x2b709c002b40, 0x2b709c002b40, 13, 16) = 0
1302   0.000482 libjvm.so->__xstat(1, 0x2b709683f8c0, 0x2b709683e830, 0x6f732e7477616d62) = -1
1302   0.000451 libjvm.so->__xstat(1, 0x2b709683f8c0, 0x2b709683e830, 0x5f74776162696c2f) = 0
1302   0.000550 libjvm.so->fopen(0x2b709683eb60, 0x2b70980479ab, 4011, 3996) = 0x2b709c0037b0
1302   0.000616 libjvm.so->fopen(0x2b709683eb60, 0x2b70980479ab, 4011, 3996) = 0x2b709c0037b0
1302   0.000621 libjvm.so->fopen(0x2b709683eb60, 0x2b70980479ab, 4011, 4004) = 0x2b709c0037b0
1302   0.000655 libjvm.so->fopen(0x2b709683eaf0, 0x2b70980479ab, 4011, 3996) = 0x2b709c0037b0
1302   0.000608 libjvm.so->fopen(0x2b709683eaf0, 0x2b70980479ab, 4011, 3996) = 0x2b709c0037b0
1302   0.000621 libjvm.so->fopen(0x2b709683eaf0, 0x2b70980479ab, 4011, 4004) = 0x2b709c0037b0
1302   0.000629 libjvm.so->fopen(0x2b709683eb20, 0x2b70980479ab, 4016, 3997) = 0x2b709c0037b0
1302   0.000789 libjvm.so->getenv(0x2b709808dc5e, 4096, 3, -1) = 0
1302   0.000924 libjvm.so->fopen(0x2b709808d518, 0x2b70980479ab, 0x2b7096924908, 0x2b7096923df0) = 0x2b709c0037b0
1302   0.004695 libjvm.so->open(0x2b709c04a5a0, 0x20000, 0, 0x2b709c04a5e9) = 3
1302   0.000467 libjvm.so->__fxstat(1, 3, 0x2b70968409d0, -1) = 0
1302   0.000647 libjvm.so->opendir(0x2b709c04a5a0, 0x2b70968409d0, 0x4000, -1) = 0x2b709c04b4b0
1302   0.000574 libjvm.so->__fxstat(1, 3, 0x2b7096840870, 0x2b709c04b4b0) = 0
1302   0.000464 libjvm.so->__fxstat(1, 5, 0x2b7096840900, -1) = 0
1302   0.000516 libjvm.so->open(0x2b709805e85c, 0, 0, 0) = 3
1302   0.000717 libjvm.so->__lxstat(1, 0x2b709c04a5a0, 0x2b7096840b20, -144) = 0
1302   0.000508 libjvm.so->open(0x2b709c04a5a0, 0x20000, 0x4000, -1) = 3
1302   0.000462 libjvm.so->__fxstat(1, 3, 0x2b70968409d0, -1) = 0
1302   0.000611 libjvm.so->opendir(0x2b709c04a5a0, 0x2b70968409d0, 0x4000, -1) = 0x2b709c04b4b0
1302   0.000482 libjvm.so->__fxstat(1, 3, 0x2b7096840870, 0x2b709c04b4b0) = 0
1302   0.000692 libjvm.so->__fxstat(1, 5, 0x2b7096840900, -1) = 0
1302   0.000573 libjvm.so->open(0x2b709805e85c, 0, 0, 0) = 3
1302   0.000551 libjvm.so->open(0x2b709c04a5e9, 0x20042, 384, -1) = 7
1302   0.000690 libjvm.so->__fxstat(1, 7, 0x2b7096840b20, -1) = 0
1302   0.001649 libjvm.so->fopen(0x2b709683fb30, 0x2b70980479ab, 4, 0x6f732e70) = 0x2b709c057b90
1302   0.001796 libjvm.so->dlopen(0x2b709683fb30, 1, 0xffffffff, 0x2b709c057b00) = 0x2b709c057b90
1302   0.001587 libjvm.so->__xstat(1, 0x2b70968400f0, 0x2b7096840920, 2048) = 0
1302   0.000488 libjvm.so->__xstat(1, 0x2b70968400f0, 0x2b7096840920, 2048) = 0
1302   0.000694 libjvm.so->__xstat(1, 0x2b70968400f0, 0x2b7096840920, 2048) = -1
1302   0.000541 libjvm.so->__xstat(1, 0x2b70968400f0, 0x2b7096840920, 2048) = 0
1302   0.000455 libjvm.so->__xstat(1, 0x2b70968400f0, 0x2b7096840920, 2048) = 0
1302   0.000578 libjvm.so->__xstat(1, 0x2b70968400f0, 0x2b7096840920, 2048) = 0
1302   0.000531 libjvm.so->__xstat(1, 0x2b70968400f0, 0x2b7096840920, 2048) = -1
1302   0.000831 libjvm.so->__xstat(1, 0x2b70968400f0, 0x2b7096840920, 2048) = -1
1302   0.000533 libjvm.so->fopen(0x2b709c002520, 0x2b70980479ab, 0, 0) = 0x2b709c058900
1302   0.009474 libjvm.so->open64(0x2b709683f490, 0, 0, 16) = 3
1302   0.000607 libjvm.so->__fxstat64(1, 3, 0x2b709683f2c0, -1) = 0
1302   0.035654 libjvm.so->__xstat(1, 0x2b709683fef0, 0x2b7096840720, 2048) = -1
1302   0.000607 libjvm.so->fopen(0x2b709683eaf0, 0x2b70980479ab, 4011, 3996) = 0x2b709c0b5b80
1302   0.000682 libjvm.so->fopen(0x2b709683eaf0, 0x2b70980479ab, 4011, 3996) = 0x2b709c0b5b80
1302   0.000639 libjvm.so->fopen(0x2b709683eaf0, 0x2b70980479ab, 4011, 4004) = 0x2b709c0b5b80
1302   0.004182 libjvm.so->pthread_attr_setdetachstate(0x2b7096840bd0, 1, 0, 0) = 0
1302   0.000634 libpthread.so.0->__clone(0x2b709692dde0, 0x2b70af14dfc0, 0x3d0f00, 0x2b70af14e700) = 1303
1302   0.015652 libjvm.so->pthread_attr_setdetachstate(0x2b7096840260, 1, 0, 0) = 0
1302   0.000694 libpthread.so.0->__clone(0x2b709692dde0, 0x2b70af24efc0, 0x3d0f00, 0x2b70af24f700) = 1304
1302   0.006958 libjvm.so->pthread_attr_setdetachstate(0x2b70968405e0, 1, 0, 0) = 0
1302   0.000817 libpthread.so.0->__clone(0x2b709692dde0, 0x2b70af34ffc0, 0x3d0f00, 0x2b70af350700) = 1305
1302   0.039544 libjvm.so->fopen(0x2b709c0e8740, 0x2b70980479ab, 4, 0x6f732e70) = 0x2b709c0f1750
1302   0.001970 libjvm.so->dlopen(0x2b709c0e8740, 1, 0xffffffff, 0x2b709c0e8b00) = 0x2b709c057b90
1302   0.022473 libjvm.so->fopen(0x2b709683c130, 0x2b70980479ab, 4011, 3996) = 0x2b709c0f9030
1302   0.001133 libjvm.so->fopen(0x2b709683c130, 0x2b70980479ab, 4011, 3996) = 0x2b709c0f9030
1302   0.001106 libjvm.so->fopen(0x2b709683c130, 0x2b70980479ab, 4011, 4004) = 0x2b709c0f9030
1302   0.015835 libjvm.so->pthread_attr_setdetachstate(0x2b7096840b20, 1, 0, 0) = 0
1302   0.000979 libpthread.so.0->__clone(0x2b709692dde0, 0x2b70af450fc0, 0x3d0f00, 0x2b70af451700) = 1306
1302   0.001607 libjvm.so->__xstat64(1, 0x2b7096840bb0, 0x2b7096840b20, 18) = -1
1302   0.001186 libjvm.so->pthread_attr_setdetachstate(0x2b7096840920, 1, 0, 0) = 0
1302   0.001221 libpthread.so.0->__clone(0x2b709692dde0, 0x2b70af551fc0, 0x3d0f00, 0x2b70af552700) = 1307
1302   0.001759 libjvm.so->pthread_attr_setdetachstate(0x2b7096840920, 1, 0, 0) = 0
1302   0.001340 libpthread.so.0->__clone(0x2b709692dde0, 0x2b70af652fc0, 0x3d0f00, 0x2b70af653700) = 1308
1302   0.007653 libjvm.so->pthread_attr_setdetachstate(0x2b7096840a70, 1, 0, 0) = 0
1302   0.001381 libpthread.so.0->__clone(0x2b709692dde0, 0x2b70af753fc0, 0x3d0f00, 0x2b70af754700) = 1309
1302   0.002249 libjvm.so->pthread_attr_setdetachstate(0x2b7096840b80, 1, 0, 0) = 0
1302   0.001576 libpthread.so.0->__clone(0x2b709692dde0, 0x2b70af854fc0, 0x3d0f00, 0x2b70af855700) = 1310
1302   0.015035 libjvm.so->open64(0x2b709c13c5a0, 0, 0, 32) = 5
1302   0.001789 libjvm.so->__fxstat64(1, 5, 0x2b709683df90, -1) = 0
1302   0.025189 libjvm.so->fopen(0x2b709c162770, 0x2b70980479ab, 4, 0x6f732e6f) = 0x2b709c162830
1302   0.003084 libjvm.so->dlopen(0x2b709c162770, 1, 0xffffffff, 0x2b709c162700) = 0x2b709c162830
1302   0.096189 libjvm.so->fopen(0x2b709683ae90, 0x2b70980479ab, 0x6f732e, 0x6d766a62696c2f72) = 0x2b709c176b90
1302   0.005603 libjvm.so->dlopen(0x2b709683ae90, 1, 0xffffffff, 0x2b709c176b00) = 0x55e5f7ed64b0
1302   0.001770 libjvm.so->fopen(0x2b709683ae90, 0x2b70980479ab, 0x6f732e, 0x6d766a62696c2f72) = 0x2b709c176b90
1302   0.004867 libjvm.so->dlopen(0x2b709683ae90, 1, 0xffffffff, 0x2b709c176b00) = 0x55e5f7ed64b0
1302   0.001678 libjvm.so->fopen(0x2b709683ae90, 0x2b70980479ab, 0x6f732e, 0x6d766a62696c2f72) = 0x2b709c176b90
1302   0.003455 libjvm.so->dlopen(0x2b709683ae90, 1, 0xffffffff, 0x2b709c176b00) = 0x55e5f7ed64b0
1302   0.001673 libjvm.so->fopen(0x2b709683ae90, 0x2b70980479ab, 0x6f732e, 0x6d766a62696c2f72) = 0x2b709c176b90
1302   0.003599 libjvm.so->dlopen(0x2b709683ae90, 1, 0xffffffff, 0x2b709c176b00) = 0x55e5f7ed64b0
1302   0.045181 libjvm.so->fopen(0x2b709c1c5af0, 0x2b70980479ab, 4, 0x6f732e74) = 0x2b709c1cb5a0
1302   0.003072 libjvm.so->dlopen(0x2b709c1c5af0, 1, 0xffffffff, 0x2b709c1cfb00) = 0x2b709c1cb5a0
1302   0.130695 libjvm.so->fopen(0x2b709c246790, 0x2b70980479ab, 0x6f732e7373656c, 0x656c646165685f74) = 0x2b709c246870
1302   0.002672 libjvm.so->dlopen(0x2b709c246790, 1, 0xffffffff, 0x2b709c246700) = 0x2b709c246870
1310   0.036388 +++ exited (status 0) +++
1303   0.000463 +++ exited (status 0) +++
1302   0.000209 +++ exited (status 0) +++
1309   0.000269 +++ exited (status 1) +++
1308   0.000036 +++ exited (status 1) +++
1307   0.000027 +++ exited (status 1) +++
1305   0.000023 +++ exited (status 1) +++
1304   0.000014 +++ exited (status 1) +++
1306   0.004980 +++ exited (status 1) +++
1301   0.000050 +++ exited (status 1) +++
Wrote an ltrace for command: "java -cp ./tools/maxent.jar density.Project outputs/Stolliana_minor_Dirsh/Stolliana_minor_Dirsh.lambdas data/layers/worldclim outputs/Stolliana_minor_Dirsh_worldclim.asc nowarnings nocache autorun -z" with PID 1299 from PPID 1282 on disc25.crc.nd.edu with result 1
REMOTEHOST=10.17.144.144
_CONDOR_ANCESTOR_24525=24530:1594671055:2748281650
_CONDOR_JOB_PIDS=
MANPATH=/afs/crc.nd.edu/user/n/nkremerh/cctools/share/man/:/afs/crc.nd.edu/group/ccl/software/x86_64/redhat7/ruby/current/share/man:/afs/crc.nd.edu/group/ccl/software/x86_64/redhat7/graphviz/current/share/man:/afs/crc.nd.edu/group/ccl/software/x86_64/redhat7/gnuplot/current/share/man:/afs/crc.nd.edu/group/ccl/software/x86_64/redhat7/git/current/share/man:/afs/crc.nd.edu/group/ccl/software/x86_64/redhat7/condor/current/share/man:/afs/crc.nd.edu/group/ccl/software/x86_64/redhat7/clang/current/share/man:/afs/crc.nd.edu/group/ccl/software/x86_64/redhat7/condor/current/share/man:/afs/crc.nd.edu/group/ccl/software/x86_64/redhat7/cctools/current/share/man:/afs/crc.nd.edu/group/ccl/software/x86_64/redhat7/cctools/current/share/man:/afs/crc.nd.edu/x86_64_linux/Modules/4.5.0/share/man:/opt/crc/usr/local/man:/opt/sge/man:/usr/share/man/overrides:/usr/share/man:/usr/local/share/man
XDG_SESSION_ID=2735
HOSTNAME=disc01.crc.nd.edu
_LMFILES__modshare=/afs/crc.nd.edu/x86_64_linux/Modules/modules/system_modules/CRC_default/1.1:1
MODULEPATH_modshare=/afs/crc.nd.edu/x86_64_linux/Modules/modules/general_software:1:/afs/crc.nd.edu/x86_64_linux/Modules/modules/development_tools_and_libraries:1:/afs/crc.nd.edu/x86_64_linux/Modules/modules/system_modules:1:/afs/crc.nd.edu/x86_64_linux/Modules/current/modulefiles:1:/afs/crc.nd.edu/x86_64_linux/Modules/modules/restricted_software:1:/afs/crc.nd.edu/x86_64_linux/Modules/modules/deprecated_software:1
MODULES_CMD=/afs/crc.nd.edu/x86_64_linux/Modules/4.5.0/libexec/modulecmd.tcl
HOST=disc01.crc.nd.edu
SHELL=/bin/tcsh
TERM=xterm-256color
MAKEFLAGS=
HISTSIZE=5000
TMPDIR=/var/condor/execute/dir_24525/worker-213124-24553/t.1264/cctools-temp-t.1264.Utv0K6
SSH_CLIENT=10.17.144.144 39924 22
PERL5LIB=/afs/crc.nd.edu/user/n/nkremerh/cctools/lib/perl5/site_perl/5.16.3:/afs/crc.nd.edu/user/n/nkremerh/.perl5/lib/perl5
SGE_CELL=crc
_CONDOR_SCRATCH_DIR=/var/condor/execute/dir_24525
PERL_MB_OPT=--install_base '/afs/crc.nd.edu/user/n/nkremerh/.perl5/'
SSH_TTY=/dev/pts/0
SGE_LOAD_AVG=load_avg
MAKEFLOW_MAX_LOCAL_JOBS=2
HISTFILESIZE=10000
_CHIRP_DELAYED_UPDATE_PREFIX=Chirp*
USER=nkremerh
GROUP=campus
LD_LIBRARY_PATH=/afs/crc.nd.edu/group/ccl/software/x86_64/redhat7/ruby/current/lib:/afs/crc.nd.edu/group/ccl/software/x86_64/redhat7/graphviz/current/lib:/afs/crc.nd.edu/group/ccl/software/x86_64/redhat7/git/current/lib:/afs/crc.nd.edu/group/ccl/software/x86_64/redhat7/condor/current/lib:/afs/crc.nd.edu/group/ccl/software/x86_64/redhat7/clang/current/lib:/afs/crc.nd.edu/group/ccl/software/x86_64/redhat7/condor/current/lib:/afs/crc.nd.edu/group/ccl/software/x86_64/redhat7/cctools/current/lib:/opt/crc/usr/local/lib
TEMP=/var/condor/execute/dir_24525/worker-213124-24553/t.1264/cctools-temp-t.1264.Utv0K6
BATCH_SYSTEM=HTCondor
WORKER_TMPDIR=/var/condor/execute/dir_24525/worker-213124-24553/cache/tmp
ENV=/afs/crc.nd.edu/x86_64_linux/Modules/4.5.0/init/profile.sh
MODULES_LMALTNAME=CRC_default/1.1&CRC_default/default&CRC_default
_CONDOR_CHIRP_CONFIG=/var/condor/execute/dir_24525/.chirp.config
GLOBUS_GSSAPI_MAX_TLS_PROTOCOL=0
_CONDOR_HIGHPORT=9999
HOSTTYPE=x86_64-linux
MAKELEVEL=1
MFLAGS=
CCLSOFTWARE=/afs/crc.nd.edu/group/ccl/software/x86_64/redhat7
PATH=/afs/crc.nd.edu/user/n/nkremerh/cctools/bin:/afs/crc.nd.edu/user/n/nkremerh/miniconda/bin:/afs/crc.nd.edu/group/ccl/software/git:/afs/crc.nd.edu/user/n/nkremerh/.local/bin:/afs/crc.nd.edu/group/ccl/software/x86_64/redhat7/povray/3.7/bin:/afs/crc.nd.edu/user/n/nkremerh/.perl5/bin:/afs/crc.nd.edu/user/n/nkremerh/pegasus/bin:/afs/crc.nd.edu/user/n/nkremerh/nodejs/bin:/afs/crc.nd.edu/user/n/nkremerh/montage/bin:/afs/crc.nd.edu/user/n/nkremerh/latexdiff:/afs/crc.nd.edu/user/n/nkremerh/envtrace:/afs/crc.nd.edu/user/n/nkremerh/endlines:/afs/crc.nd.edu/user/n/nkremerh/cctools/bin:/afs/crc.nd.edu/user/n/nkremerh/.cargo/bin:/afs/crc.nd.edu/group/ccl/software/x86_64/redhat7/ruby/current/bin:/afs/crc.nd.edu/group/ccl/software/x86_64/redhat7/graphviz/current/bin:/afs/crc.nd.edu/group/ccl/software/x86_64/redhat7/gnuplot/current/bin:/afs/crc.nd.edu/group/ccl/software/x86_64/redhat7/git/current/bin:/afs/crc.nd.edu/group/ccl/software/x86_64/redhat7/condor/current/sbin:/afs/crc.nd.edu/group/ccl/software/x86_64/redhat7/condor/current/bin:/afs/crc.nd.edu/group/ccl/software/x86_64/redhat7/cmake/current/bin:/afs/crc.nd.edu/group/ccl/software/x86_64/redhat7/clang/current/bin:/afs/crc.nd.edu/group/ccl/software/x86_64/redhat7/condor/current/sbin:/afs/crc.nd.edu/group/ccl/software/x86_64/redhat7/condor/current/bin:/afs/crc.nd.edu/group/ccl/software/x86_64/redhat7/cctools/current/bin:/afs/crc.nd.edu/x86_64_linux/Modules/4.5.0/bin:/opt/crc/usr/local/bin:/opt/sge/bin/lx-amd64:/usr/local/bin:/usr/bin:/usr/local/sbin:/usr/sbin:/afs/crc.nd.edu/user/c/condor/software/bin:/afs/crc.nd.edu/user/c/condor/software/sbin
MAIL=/var/spool/mail/nkremerh
PWD=/var/condor/execute/dir_24525/worker-213124-24553/t.1264
_LMFILES_=/afs/crc.nd.edu/x86_64_linux/Modules/modules/system_modules/CRC_default/1.1
SGE_EXECD_PORT=6445
EDITOR=vim
LANG=en_US.UTF-8
MODULEPATH=/afs/crc.nd.edu/x86_64_linux/Modules/modules/development_tools_and_libraries:/afs/crc.nd.edu/x86_64_linux/Modules/modules/general_software:/afs/crc.nd.edu/x86_64_linux/Modules/modules/restricted_software:/afs/crc.nd.edu/x86_64_linux/Modules/modules/system_modules:/afs/crc.nd.edu/x86_64_linux/Modules/modules/deprecated_software:/afs/crc.nd.edu/x86_64_linux/Modules/current/modulefiles
SGE_QMASTER_PORT=6444
SGE_ROOT=/opt/sge
LOADEDMODULES=CRC_default/1.1
WORK_QUEUE_SANDBOX=/var/condor/execute/dir_24525/worker-213124-24553
_CONDOR_SLOT=slot1
CCLPLATFORM=x86_64/redhat7
USE_SYSTEMD=true
_CONDOR_ANCESTOR_4261=24525:1594671054:4145456440
_CONDOR_LOWPORT=9100
KRB5CCNAME=FILE:/tmp/krb5cc_213124_ZwXmib
HISTCONTROL=ignoreboth:erasedups
PATH_modshare=/opt/crc/usr/local/bin:1:/opt/sge/bin/lx-amd64:1:/usr/sbin:1:/usr/bin:1:/afs/crc.nd.edu/user/c/condor/software/sbin:1:/usr/local/sbin:1:/afs/crc.nd.edu/user/c/condor/software/bin:1:/usr/local/bin:1
SHLVL=7
HOME=/afs/crc.nd.edu/user/n/nkremerh
GLOBUS_GSSAPI_NAME_COMPATIBILITY=STRICT_RFC2818
_CONDOR_ANCESTOR_3989=4261:1593343483:4184216969
_CONDOR_MACHINE_AD=/var/condor/execute/dir_24525/.machine.ad
OSTYPE=linux
DISK=916727
GREP_OPTIONS=--color=auto
GLOBUS_GSSAPI_MIN_TLS_PROTOCOL=TLS1_VERSION
MEMORY=15899
MANPATH_modshare=/usr/share/man/overrides:1:/usr/local/share/man:1:/usr/share/man:1:/opt/crc/usr/local/man:1:/opt/sge/man:1
VENDOR=unknown
BASH_ENV=/afs/crc.nd.edu/x86_64_linux/Modules/4.5.0/init/bash
PERL_LOCAL_LIB_ROOT=/afs/crc.nd.edu/user/n/nkremerh/.perl5/
PYTHONPATH=/afs/crc.nd.edu/user/n/nkremerh/cctools/lib/python3.6/site-packages/
CCLHOME=/afs/crc.nd.edu/group/ccl
MACHTYPE=x86_64
LOGNAME=nkremerh
TMP=/var/condor/execute/dir_24525/worker-213124-24553/t.1264/cctools-temp-t.1264.Utv0K6
LD_LIBRARY_PATH_modshare=/opt/crc/usr/local/lib:1
MODULES_LMALTNAME_modshare=CRC_default/1.1&CRC_default/default&CRC_default:1
SSH_CONNECTION=10.17.144.144 39924 129.74.128.103 22
MODULESHOME=/afs/crc.nd.edu/x86_64_linux/Modules/4.5.0
OMP_NUM_THREADS=1
LESSOPEN=||/usr/bin/lesspipe.sh %s
GLOBUS_GSSAPI_BACKWARD_COMPATIBLE_MIC=true
GLOBUS_GSSAPI_CIPHERS=HIGH
LOADEDMODULES_modshare=CRC_default/1.1:1
_CONDOR_JOB_AD=/var/condor/execute/dir_24525/.job.ad
SGE_CLUSTER_NAME=CRC
XDG_RUNTIME_DIR=/run/user/213124
CCTOOLS=../cctools
CORES=4
_CONDOR_JOB_IWD=/var/condor/execute/dir_24525
PERL_MM_OPT=INSTALL_BASE=/afs/crc.nd.edu/user/n/nkremerh/.perl5/
GLOBUS_GSSAPI_SERVER_CIPHER_ORDER=true
BASH_FUNC_module()=() {  unset _mlshdbg;
 if [ "${MODULES_SILENT_SHELL_DEBUG:-0}" = '1' ]; then
 case "$-" in 
 *v*x*)
 set +vx;
 _mlshdbg='vx'
 ;;
 *v*)
 set +v;
 _mlshdbg='v'
 ;;
 *x*)
 set +x;
 _mlshdbg='x'
 ;;
 *)
 _mlshdbg=''
 ;;
 esac;
 fi;
 unset _mlre _mlIFS;
 if [ -n "${IFS+x}" ]; then
 _mlIFS=$IFS;
 fi;
 IFS=' ';
 for _mlv in ${MODULES_RUN_QUARANTINE:-};
 do
 if [ "${_mlv}" = "${_mlv##*[!A-Za-z0-9_]}" -a "${_mlv}" = "${_mlv#[0-9]}" ]; then
 if [ -n "`eval 'echo ${'$_mlv'+x}'`" ]; then
 _mlre="${_mlre:-}${_mlv}_modquar='`eval 'echo ${'$_mlv'}'`' ";
 fi;
 _mlrv="MODULES_RUNENV_${_mlv}";
 _mlre="${_mlre:-}${_mlv}='`eval 'echo ${'$_mlrv':-}'`' ";
 fi;
 done;
 if [ -n "${_mlre:-}" ]; then
 eval `eval ${_mlre}/usr/bin/tclsh /afs/crc.nd.edu/x86_64_linux/Modules/4.5.0/libexec/modulecmd.tcl bash '"$@"'`;
 else
 eval `/usr/bin/tclsh /afs/crc.nd.edu/x86_64_linux/Modules/4.5.0/libexec/modulecmd.tcl bash "$@"`;
 fi;
 _mlstatus=$?;
 if [ -n "${_mlIFS+x}" ]; then
 IFS=$_mlIFS;
 else
 unset IFS;
 fi;
 unset _mlre _mlv _mlrv _mlIFS;
 if [ -n "${_mlshdbg:-}" ]; then
 set -$_mlshdbg;
 fi;
 unset _mlshdbg;
 return $_mlstatus
}
BASH_FUNC_ml()=() {  module ml "$@"
}
_=/usr/bin/printenv
