32412   0.000000 libjli.so->getenv("_JAVA_LAUNCHER_DEBUG") = nil
32412   0.001897 libjli.so->getenv("_JAVA_VERSION_SET") = nil
32412   0.000814 libjli.so->fopen("/usr/lib/jvm/java-1.8.0-openjdk-1.8.0.252.b09-2.el7_8.x86_64/jre/lib/amd64/jvm.cfg", "r") = 0x55b2d94ff0f0
32412   0.000803 libjli.so->getenv("JDK_ALTERNATE_VM") = nil
32412   0.000311 libjli.so->__xstat(1, "/usr/lib/jvm/java-1.8.0-openjdk-1.8.0.252.b09-2.el7_8.x86_64/jre/lib/amd64/server/libjvm.so", 0x7fffc1be2b70) = 0
32412   0.000574 libjli.so->getenv("LD_LIBRARY_PATH") = "/afs/crc.nd.edu/group/ccl/software/x86_64/redhat7/ruby/current/lib:/afs/crc.nd.edu/group/ccl/software/x86_64/redhat7/graphviz/current/lib:/afs/crc.nd.edu/group/ccl/software/x86_64/redhat7/git/current/lib:/afs/crc.nd.edu/group/ccl/software/x86_64/redhat7/condor/current/lib:/afs/crc.nd.edu/group/ccl/software/x86_64/redhat7/clang/current/lib:/afs/crc.nd.edu/group/ccl/software/x86_64/redhat7/condor/current/lib:/afs/crc.nd.edu/group/ccl/software/x86_64/redhat7/cctools/current/lib:/opt/crc/usr/local/lib"
32412   0.002108 libjli.so->dlopen("/usr/lib/jvm/java-1.8.0-openjdk-1.8.0.252.b09-2.el7_8.x86_64/jre/lib/amd64/server/libjvm.so", 258 <unfinished ...>
32412   0.036357 libjvm.so->getenv("NMT_LEVEL_32412") = nil
32412   0.001638 <... dlopen resumed> )          = 0x55b2d94ff4c0
32412   0.000061 libjli.so->getenv("CLASSPATH")  = nil
32412   0.000307 libjli.so->getenv("_JAVA_SPLASH_JAR") = nil
32412   0.000292 libjli.so->getenv("_JAVA_SPLASH_FILE") = nil
32412   0.000346 libjli.so->pthread_attr_setdetachstate(0x7fffc1be2b20, 0, 0x7fffc1be2bb0, 0) = 0
32412   0.000610 libpthread.so.0->__clone(0x2b0da4ee6de0, 0x2b0da4df9fc0, 0x3d0f00, 0x2b0da4dfa700) = 0x7e9d
32413   0.001561 libjvm.so->dlopen(0x2b0da664652e, 1, 0xfffffffffff42c48, 4096) = 0x2b0da8000990
32413   0.002755 libjvm.so->getenv(0x2b0da66612c0, 0, 115, 0x65737361) = 0x7fffc1be96cd
32413   0.000465 libjvm.so->fopen(0x2b0da4df8be0, 0x2b0da66009ab, 0x6f732e79666972, 0x2b0da57beab0) = 0x2b0da8001440
32413   0.001650 libjvm.so->dlopen(0x2b0da4df8be0, 1, 0xffffffff, 0x2b0da8002b00) = 0x2b0da8001440
32413   0.001632 libjvm.so->fopen(0x2b0da4df8be0, 0x2b0da66009ab, 111, 0x732e6176) = 0x2b0da8001b10
32413   0.001969 libjvm.so->dlopen(0x2b0da4df8be0, 1, 0xffffffff, 0x2b0da8001a00) = 0x2b0da8001b10
32413   0.002251 libjvm.so->__xstat(1, 0x2b0da4df9330, 0x2b0da4df9b70, 0x637274) = -1
32413   0.000582 libjvm.so->getenv(0x2b0da65f9226, 0x2b0da4df96a0, 1024, 0x2b0da6a9d5db) = 0
32413   0.000542 libjvm.so->getenv(0x2b0da65f9218, 0x2b0da4df96a0, 1024, 0) = 0
32413   0.000566 libjvm.so->fopen(0x2b0da6645e95, 0x2b0da66009ab, 4095, 24) = 0x2b0da80032b0
32413   0.001076 libjvm.so->fopen(0x2b0da6645ee1, 0x2b0da66009ab, 0x2b0da8000078, 0x2b0da80032a0) = 0x2b0da80032b0
32413   0.000760 libjvm.so->fopen(0x2b0da4df3980, 0x2b0da66009ab, 4016, 3997) = 0x2b0da80032b0
32413   0.000639 libjvm.so->opendir(0x2b0da8002b40, 0x2b0da8002b40, 13, 16) = 0
32413   0.000484 libjvm.so->__xstat(1, 0x2b0da4df88c0, 0x2b0da4df7830, 0x6f732e7477616d62) = -1
32413   0.000450 libjvm.so->__xstat(1, 0x2b0da4df88c0, 0x2b0da4df7830, 0x5f74776162696c2f) = 0
32413   0.000551 libjvm.so->fopen(0x2b0da4df7b60, 0x2b0da66009ab, 4011, 3996) = 0x2b0da8003790
32413   0.000621 libjvm.so->fopen(0x2b0da4df7b60, 0x2b0da66009ab, 4011, 3996) = 0x2b0da8003790
32413   0.000688 libjvm.so->fopen(0x2b0da4df7b60, 0x2b0da66009ab, 4011, 4004) = 0x2b0da8003790
32413   0.000684 libjvm.so->fopen(0x2b0da4df7af0, 0x2b0da66009ab, 4011, 3996) = 0x2b0da8003790
32413   0.000788 libjvm.so->fopen(0x2b0da4df7af0, 0x2b0da66009ab, 4011, 3996) = 0x2b0da8003790
32413   0.000620 libjvm.so->fopen(0x2b0da4df7af0, 0x2b0da66009ab, 4011, 4004) = 0x2b0da8003790
32413   0.000632 libjvm.so->fopen(0x2b0da4df7b20, 0x2b0da66009ab, 4016, 3997) = 0x2b0da8003790
32413   0.000802 libjvm.so->getenv(0x2b0da6646c5e, 4096, 3, -1) = 0
32413   0.000920 libjvm.so->fopen(0x2b0da6646518, 0x2b0da66009ab, 0x2b0da4edd908, 0x2b0da4edcdf0) = 0x2b0da8003790
32413   0.004754 libjvm.so->open(0x2b0da804a580, 0x20000, 0, 0x2b0da804a5c9) = 3
32413   0.000504 libjvm.so->__fxstat(1, 3, 0x2b0da4df99d0, -1) = 0
32413   0.000490 libjvm.so->opendir(0x2b0da804a580, 0x2b0da4df99d0, 0x4000, -1) = 0x2b0da804b490
32413   0.000613 libjvm.so->__fxstat(1, 3, 0x2b0da4df9870, 0x2b0da804b490) = 0
32413   0.000450 libjvm.so->__fxstat(1, 5, 0x2b0da4df9900, -1) = 0
32413   0.000586 libjvm.so->open(0x2b0da661785c, 0, 0, 0) = 3
32413   0.000747 libjvm.so->__lxstat(1, 0x2b0da804a580, 0x2b0da4df9b20, -144) = 0
32413   0.000583 libjvm.so->open(0x2b0da804a580, 0x20000, 0x4000, -1) = 3
32413   0.000720 libjvm.so->__fxstat(1, 3, 0x2b0da4df99d0, -1) = 0
32413   0.000488 libjvm.so->opendir(0x2b0da804a580, 0x2b0da4df99d0, 0x4000, -1) = 0x2b0da804b490
32413   0.000469 libjvm.so->__fxstat(1, 3, 0x2b0da4df9870, 0x2b0da804b490) = 0
32413   0.000451 libjvm.so->__fxstat(1, 5, 0x2b0da4df9900, -1) = 0
32413   0.000593 libjvm.so->open(0x2b0da661785c, 0, 0, 0) = 3
32413   0.000478 libjvm.so->open(0x2b0da804a5c9, 0x20042, 384, -1) = 7
32413   0.000632 libjvm.so->__fxstat(1, 7, 0x2b0da4df9b20, -1) = 0
32413   0.001669 libjvm.so->fopen(0x2b0da4df8b30, 0x2b0da66009ab, 4, 0x6f732e70) = 0x2b0da8057b70
32413   0.001433 libjvm.so->dlopen(0x2b0da4df8b30, 1, 0xffffffff, 0x2b0da8057b00) = 0x2b0da8057b70
32413   0.001483 libjvm.so->__xstat(1, 0x2b0da4df90f0, 0x2b0da4df9920, 2048) = 0
32413   0.000484 libjvm.so->__xstat(1, 0x2b0da4df90f0, 0x2b0da4df9920, 2048) = 0
32413   0.000490 libjvm.so->__xstat(1, 0x2b0da4df90f0, 0x2b0da4df9920, 2048) = -1
32413   0.000451 libjvm.so->__xstat(1, 0x2b0da4df90f0, 0x2b0da4df9920, 2048) = 0
32413   0.000461 libjvm.so->__xstat(1, 0x2b0da4df90f0, 0x2b0da4df9920, 2048) = 0
32413   0.000422 libjvm.so->__xstat(1, 0x2b0da4df90f0, 0x2b0da4df9920, 2048) = 0
32413   0.000418 libjvm.so->__xstat(1, 0x2b0da4df90f0, 0x2b0da4df9920, 2048) = -1
32413   0.000529 libjvm.so->__xstat(1, 0x2b0da4df90f0, 0x2b0da4df9920, 2048) = -1
32413   0.000467 libjvm.so->fopen(0x2b0da8002520, 0x2b0da66009ab, 0, 0) = 0x2b0da80588e0
32413   0.010723 libjvm.so->open64(0x2b0da4df8490, 0, 0, 16) = 3
32413   0.000536 libjvm.so->__fxstat64(1, 3, 0x2b0da4df82c0, -1) = 0
32413   0.035281 libjvm.so->__xstat(1, 0x2b0da4df8ef0, 0x2b0da4df9720, 2048) = -1
32413   0.000571 libjvm.so->fopen(0x2b0da4df7af0, 0x2b0da66009ab, 4011, 3996) = 0x2b0da80b5b60
32413   0.000689 libjvm.so->fopen(0x2b0da4df7af0, 0x2b0da66009ab, 4011, 3996) = 0x2b0da80b5b60
32413   0.000645 libjvm.so->fopen(0x2b0da4df7af0, 0x2b0da66009ab, 4011, 4004) = 0x2b0da80b5b60
32413   0.004219 libjvm.so->pthread_attr_setdetachstate(0x2b0da4df9bd0, 1, 0, 0) = 0
32413   0.000861 libpthread.so.0->__clone(0x2b0da4ee6de0, 0x2b0dbd719fc0, 0x3d0f00, 0x2b0dbd71a700) = 0x7e9e
32413   0.015703 libjvm.so->pthread_attr_setdetachstate(0x2b0da4df9260, 1, 0, 0) = 0
32413   0.000685 libpthread.so.0->__clone(0x2b0da4ee6de0, 0x2b0dbd81afc0, 0x3d0f00, 0x2b0dbd81b700) = 0x7e9f
32413   0.006729 libjvm.so->pthread_attr_setdetachstate(0x2b0da4df95e0, 1, 0, 0) = 0
32413   0.000819 libpthread.so.0->__clone(0x2b0da4ee6de0, 0x2b0dbd91bfc0, 0x3d0f00, 0x2b0dbd91c700) = 0x7ea0
32413   0.040487 libjvm.so->fopen(0x2b0da80e8b80, 0x2b0da66009ab, 4, 0x6f732e70) = 0x2b0da80f16e0
32413   0.002016 libjvm.so->dlopen(0x2b0da80e8b80, 1, 0xffffffff, 0x2b0da80e8600) = 0x2b0da8057b70
32413   0.022131 libjvm.so->fopen(0x2b0da4df5130, 0x2b0da66009ab, 4011, 3996) = 0x2b0da80f8fb0
32413   0.001146 libjvm.so->fopen(0x2b0da4df5130, 0x2b0da66009ab, 4011, 3996) = 0x2b0da80f8fb0
32413   0.001104 libjvm.so->fopen(0x2b0da4df5130, 0x2b0da66009ab, 4011, 4004) = 0x2b0da80f8fb0
32413   0.014760 libjvm.so->pthread_attr_setdetachstate(0x2b0da4df9b20, 1, 0, 0) = 0
32413   0.000952 libpthread.so.0->__clone(0x2b0da4ee6de0, 0x2b0dbda1cfc0, 0x3d0f00, 0x2b0dbda1d700) = 0x7ea1
32413   0.001728 libjvm.so->__xstat64(1, 0x2b0da4df9bb0, 0x2b0da4df9b20, 19) = -1
32413   0.001196 libjvm.so->pthread_attr_setdetachstate(0x2b0da4df9920, 1, 0, 0) = 0
32413   0.001206 libpthread.so.0->__clone(0x2b0da4ee6de0, 0x2b0dbdb1dfc0, 0x3d0f00, 0x2b0dbdb1e700) = 0x7ea2
32413   0.001757 libjvm.so->pthread_attr_setdetachstate(0x2b0da4df9920, 1, 0, 0) = 0
32413   0.001358 libpthread.so.0->__clone(0x2b0da4ee6de0, 0x2b0dbdc1efc0, 0x3d0f00, 0x2b0dbdc1f700) = 0x7ea3
32413   0.007640 libjvm.so->pthread_attr_setdetachstate(0x2b0da4df9a70, 1, 0, 0) = 0
32413   0.001412 libpthread.so.0->__clone(0x2b0da4ee6de0, 0x2b0dbdd1ffc0, 0x3d0f00, 0x2b0dbdd20700) = 0x7ea4
32413   0.002179 libjvm.so->pthread_attr_setdetachstate(0x2b0da4df9b80, 1, 0, 0) = 0
32413   0.001605 libpthread.so.0->__clone(0x2b0da4ee6de0, 0x2b0dbde20fc0, 0x3d0f00, 0x2b0dbde21700) = 0x7ea5
32413   0.015086 libjvm.so->open64(0x2b0da812c550, 0, 0, 16) = 5
32413   0.001705 libjvm.so->__fxstat64(1, 5, 0x2b0da4df6f90, -1) = 0
32413   0.025048 libjvm.so->fopen(0x2b0da8152790, 0x2b0da66009ab, 4, 0x6f732e6f) = 0x2b0da8152850
32413   0.003486 libjvm.so->dlopen(0x2b0da8152790, 1, 0xffffffff, 0x2b0da8152700) = 0x2b0da8152850
32413   0.120838 libjvm.so->fopen(0x2b0da81900d0, 0x2b0da66009ab, 4, 0x6f732e74) = 0x2b0da819b8e0
32413   0.003185 libjvm.so->dlopen(0x2b0da81900d0, 1, 0xffffffff, 0x2b0da818d000) = 0x2b0da819b940
32413   0.130986 libjvm.so->fopen(0x2b0da820ec60, 0x2b0da66009ab, 0x6f732e7373656c, 0x656c646165685f74) = 0x2b0da820ed40
32413   0.002825 libjvm.so->dlopen(0x2b0da820ec60, 1, 0xffffffff, 0x2b0da820ec00) = 0x2b0da820ed40
32413   0.018130 libjvm.so->fopen(0x2b0da4df2a30, 0x2b0da66009ab, 0x6f732e, 0x6d766a62696c2f72) = 0x2b0da8218c50
32413   0.005847 libjvm.so->dlopen(0x2b0da4df2a30, 1, 0xffffffff, 0x2b0da8218200) = 0x55b2d94ff4c0
32413   0.001714 libjvm.so->fopen(0x2b0da4df2a30, 0x2b0da66009ab, 0x6f732e, 0x6d766a62696c2f72) = 0x2b0da8218bf0
32413   0.005000 libjvm.so->dlopen(0x2b0da4df2a30, 1, 0xffffffff, 0x2b0da8218200) = 0x55b2d94ff4c0
32413   0.001724 libjvm.so->fopen(0x2b0da4df2a30, 0x2b0da66009ab, 0x6f732e, 0x6d766a62696c2f72) = 0x2b0da8218bf0
32413   0.003318 libjvm.so->dlopen(0x2b0da4df2a30, 1, 0xffffffff, 0x2b0da8218200) = 0x55b2d94ff4c0
32413   0.001689 libjvm.so->fopen(0x2b0da4df2a30, 0x2b0da66009ab, 0x6f732e, 0x6d766a62696c2f72) = 0x2b0da8218bf0
32413   0.003336 libjvm.so->dlopen(0x2b0da4df2a30, 1, 0xffffffff, 0x2b0da8218200) = 0x55b2d94ff4c0
32413   0.240248 libjvm.so->fopen(0x2b0da4df6ed0, 0x2b0da66009ab, 111, 0x732e6176) = 0x2b0da8254ec0
32413   0.002976 libjvm.so->dlopen(0x2b0da4df6ed0, 1, 0xffffffff, 0x2b0da8254e00) = 0x2b0da8001b10
32413   0.001644 libjvm.so->fopen(0x2b0da4df6ed0, 0x2b0da66009ab, 111, 0x732e6176) = 0x2b0da8254ec0
32413   0.002915 libjvm.so->dlopen(0x2b0da4df6ed0, 1, 0xffffffff, 0x2b0da8254e00) = 0x2b0da8001b10
32413   0.001628 libjvm.so->fopen(0x2b0da4df6ed0, 0x2b0da66009ab, 111, 0x732e6176) = 0x2b0da8254ec0
32413   0.002770 libjvm.so->dlopen(0x2b0da4df6ed0, 1, 0xffffffff, 0x2b0da8254e00) = 0x2b0da8001b10
32413   0.001661 libjvm.so->fopen(0x2b0da4df6ed0, 0x2b0da66009ab, 111, 0x732e6176) = 0x2b0da8254ec0
32413   0.002949 libjvm.so->dlopen(0x2b0da4df6ed0, 1, 0xffffffff, 0x2b0da8254e00) = 0x2b0da8001b10
32413   0.023230 libjvm.so->fopen(0x2b0da4df6c40, 0x2b0da66009ab, 111, 0x732e6176) = 0x2b0da8254ec0
32413   0.003451 libjvm.so->dlopen(0x2b0da4df6c40, 1, 0xffffffff, 0x2b0da8254700) = 0x2b0da8001b10
32413   0.001698 libjvm.so->fopen(0x2b0da4df6c40, 0x2b0da66009ab, 111, 0x732e6176) = 0x2b0da8254ec0
32413   0.003267 libjvm.so->dlopen(0x2b0da4df6c40, 1, 0xffffffff, 0x2b0da8254700) = 0x2b0da8001b10
32413   0.001603 libjvm.so->fopen(0x2b0da4df6c40, 0x2b0da66009ab, 111, 0x732e6176) = 0x2b0da8254ec0
32413   0.003207 libjvm.so->dlopen(0x2b0da4df6c40, 1, 0xffffffff, 0x2b0da8254700) = 0x2b0da8001b10
32413   0.001623 libjvm.so->fopen(0x2b0da4df6c40, 0x2b0da66009ab, 111, 0x732e6176) = 0x2b0da8254ec0
32413   0.003122 libjvm.so->dlopen(0x2b0da4df6c40, 1, 0xffffffff, 0x2b0da8254700) = 0x2b0da8001b10
32413   3.380843 --- SIGSEGV (Segmentation fault) ---
32421   8.942568 +++ exited (status 0) +++
32417   0.000282 +++ exited (status 0) +++
32414   0.000256 +++ exited (status 0) +++
32413   0.000283 +++ exited (status 0) +++
32419   0.000462 +++ exited (status 0) +++
32420   0.000027 +++ exited (status 0) +++
32418   0.000016 +++ exited (status 0) +++
32416   0.000015 +++ exited (status 0) +++
32415   0.020773 +++ exited (status 0) +++
32412   0.000066 +++ exited (status 0) +++
Wrote an ltrace for command: "java -cp ./tools/maxent.jar density.MaxEnt -s outputs/Trichogramma_platneri_Nagarkatti.csv -e data/layers/worldclim -o outputs/Trichogramma_platneri_Nagarkatti nowarnings nocache autorun -z" with PID 32410 from PPID 32391 on disc25.crc.nd.edu with result 0
REMOTEHOST=10.17.144.144
MANPATH=/afs/crc.nd.edu/user/n/nkremerh/cctools/share/man/:/afs/crc.nd.edu/group/ccl/software/x86_64/redhat7/ruby/current/share/man:/afs/crc.nd.edu/group/ccl/software/x86_64/redhat7/graphviz/current/share/man:/afs/crc.nd.edu/group/ccl/software/x86_64/redhat7/gnuplot/current/share/man:/afs/crc.nd.edu/group/ccl/software/x86_64/redhat7/git/current/share/man:/afs/crc.nd.edu/group/ccl/software/x86_64/redhat7/condor/current/share/man:/afs/crc.nd.edu/group/ccl/software/x86_64/redhat7/clang/current/share/man:/afs/crc.nd.edu/group/ccl/software/x86_64/redhat7/condor/current/share/man:/afs/crc.nd.edu/group/ccl/software/x86_64/redhat7/cctools/current/share/man:/afs/crc.nd.edu/group/ccl/software/x86_64/redhat7/cctools/current/share/man:/afs/crc.nd.edu/x86_64_linux/Modules/4.5.0/share/man:/opt/crc/usr/local/man:/opt/sge/man:/usr/share/man/overrides:/usr/share/man:/usr/local/share/man
_CONDOR_JOB_PIDS=
_CONDOR_ANCESTOR_24525=24530:1594671055:2748281650
XDG_SESSION_ID=2735
HOSTNAME=disc01.crc.nd.edu
_LMFILES__modshare=/afs/crc.nd.edu/x86_64_linux/Modules/modules/system_modules/CRC_default/1.1:1
MODULEPATH_modshare=/afs/crc.nd.edu/x86_64_linux/Modules/modules/general_software:1:/afs/crc.nd.edu/x86_64_linux/Modules/modules/development_tools_and_libraries:1:/afs/crc.nd.edu/x86_64_linux/Modules/modules/system_modules:1:/afs/crc.nd.edu/x86_64_linux/Modules/current/modulefiles:1:/afs/crc.nd.edu/x86_64_linux/Modules/modules/restricted_software:1:/afs/crc.nd.edu/x86_64_linux/Modules/modules/deprecated_software:1
TERM=xterm-256color
SHELL=/bin/tcsh
HOST=disc01.crc.nd.edu
MODULES_CMD=/afs/crc.nd.edu/x86_64_linux/Modules/4.5.0/libexec/modulecmd.tcl
HISTSIZE=5000
MAKEFLAGS=
SSH_CLIENT=10.17.144.144 39924 22
TMPDIR=/var/condor/execute/dir_24525/worker-213124-24553/t.1245/cctools-temp-t.1245.r62K76
PERL5LIB=/afs/crc.nd.edu/user/n/nkremerh/cctools/lib/perl5/site_perl/5.16.3:/afs/crc.nd.edu/user/n/nkremerh/.perl5/lib/perl5
SGE_CELL=crc
_CONDOR_SCRATCH_DIR=/var/condor/execute/dir_24525
PERL_MB_OPT=--install_base '/afs/crc.nd.edu/user/n/nkremerh/.perl5/'
SSH_TTY=/dev/pts/0
SGE_LOAD_AVG=load_avg
MAKEFLOW_MAX_LOCAL_JOBS=2
GROUP=campus
USER=nkremerh
_CHIRP_DELAYED_UPDATE_PREFIX=Chirp*
HISTFILESIZE=10000
TEMP=/var/condor/execute/dir_24525/worker-213124-24553/t.1245/cctools-temp-t.1245.r62K76
LD_LIBRARY_PATH=/afs/crc.nd.edu/group/ccl/software/x86_64/redhat7/ruby/current/lib:/afs/crc.nd.edu/group/ccl/software/x86_64/redhat7/graphviz/current/lib:/afs/crc.nd.edu/group/ccl/software/x86_64/redhat7/git/current/lib:/afs/crc.nd.edu/group/ccl/software/x86_64/redhat7/condor/current/lib:/afs/crc.nd.edu/group/ccl/software/x86_64/redhat7/clang/current/lib:/afs/crc.nd.edu/group/ccl/software/x86_64/redhat7/condor/current/lib:/afs/crc.nd.edu/group/ccl/software/x86_64/redhat7/cctools/current/lib:/opt/crc/usr/local/lib
BATCH_SYSTEM=HTCondor
MODULES_LMALTNAME=CRC_default/1.1&CRC_default/default&CRC_default
ENV=/afs/crc.nd.edu/x86_64_linux/Modules/4.5.0/init/profile.sh
WORKER_TMPDIR=/var/condor/execute/dir_24525/worker-213124-24553/cache/tmp
HOSTTYPE=x86_64-linux
_CONDOR_HIGHPORT=9999
GLOBUS_GSSAPI_MAX_TLS_PROTOCOL=0
_CONDOR_CHIRP_CONFIG=/var/condor/execute/dir_24525/.chirp.config
MAKELEVEL=1
MFLAGS=
MAIL=/var/spool/mail/nkremerh
PATH=/afs/crc.nd.edu/user/n/nkremerh/cctools/bin:/afs/crc.nd.edu/user/n/nkremerh/miniconda/bin:/afs/crc.nd.edu/group/ccl/software/git:/afs/crc.nd.edu/user/n/nkremerh/.local/bin:/afs/crc.nd.edu/group/ccl/software/x86_64/redhat7/povray/3.7/bin:/afs/crc.nd.edu/user/n/nkremerh/.perl5/bin:/afs/crc.nd.edu/user/n/nkremerh/pegasus/bin:/afs/crc.nd.edu/user/n/nkremerh/nodejs/bin:/afs/crc.nd.edu/user/n/nkremerh/montage/bin:/afs/crc.nd.edu/user/n/nkremerh/latexdiff:/afs/crc.nd.edu/user/n/nkremerh/envtrace:/afs/crc.nd.edu/user/n/nkremerh/endlines:/afs/crc.nd.edu/user/n/nkremerh/cctools/bin:/afs/crc.nd.edu/user/n/nkremerh/.cargo/bin:/afs/crc.nd.edu/group/ccl/software/x86_64/redhat7/ruby/current/bin:/afs/crc.nd.edu/group/ccl/software/x86_64/redhat7/graphviz/current/bin:/afs/crc.nd.edu/group/ccl/software/x86_64/redhat7/gnuplot/current/bin:/afs/crc.nd.edu/group/ccl/software/x86_64/redhat7/git/current/bin:/afs/crc.nd.edu/group/ccl/software/x86_64/redhat7/condor/current/sbin:/afs/crc.nd.edu/group/ccl/software/x86_64/redhat7/condor/current/bin:/afs/crc.nd.edu/group/ccl/software/x86_64/redhat7/cmake/current/bin:/afs/crc.nd.edu/group/ccl/software/x86_64/redhat7/clang/current/bin:/afs/crc.nd.edu/group/ccl/software/x86_64/redhat7/condor/current/sbin:/afs/crc.nd.edu/group/ccl/software/x86_64/redhat7/condor/current/bin:/afs/crc.nd.edu/group/ccl/software/x86_64/redhat7/cctools/current/bin:/afs/crc.nd.edu/x86_64_linux/Modules/4.5.0/bin:/opt/crc/usr/local/bin:/opt/sge/bin/lx-amd64:/usr/local/bin:/usr/bin:/usr/local/sbin:/usr/sbin:/afs/crc.nd.edu/user/c/condor/software/bin:/afs/crc.nd.edu/user/c/condor/software/sbin
CCLSOFTWARE=/afs/crc.nd.edu/group/ccl/software/x86_64/redhat7
PWD=/var/condor/execute/dir_24525/worker-213124-24553/t.1245
_LMFILES_=/afs/crc.nd.edu/x86_64_linux/Modules/modules/system_modules/CRC_default/1.1
EDITOR=vim
SGE_EXECD_PORT=6445
LANG=en_US.UTF-8
SGE_QMASTER_PORT=6444
MODULEPATH=/afs/crc.nd.edu/x86_64_linux/Modules/modules/development_tools_and_libraries:/afs/crc.nd.edu/x86_64_linux/Modules/modules/general_software:/afs/crc.nd.edu/x86_64_linux/Modules/modules/restricted_software:/afs/crc.nd.edu/x86_64_linux/Modules/modules/system_modules:/afs/crc.nd.edu/x86_64_linux/Modules/modules/deprecated_software:/afs/crc.nd.edu/x86_64_linux/Modules/current/modulefiles
LOADEDMODULES=CRC_default/1.1
SGE_ROOT=/opt/sge
CCLPLATFORM=x86_64/redhat7
_CONDOR_SLOT=slot1
WORK_QUEUE_SANDBOX=/var/condor/execute/dir_24525/worker-213124-24553
USE_SYSTEMD=true
_CONDOR_LOWPORT=9100
_CONDOR_ANCESTOR_4261=24525:1594671054:4145456440
HISTCONTROL=ignoreboth:erasedups
KRB5CCNAME=FILE:/tmp/krb5cc_213124_ZwXmib
GLOBUS_GSSAPI_NAME_COMPATIBILITY=STRICT_RFC2818
HOME=/afs/crc.nd.edu/user/n/nkremerh
SHLVL=6
PATH_modshare=/opt/crc/usr/local/bin:1:/opt/sge/bin/lx-amd64:1:/usr/sbin:1:/usr/bin:1:/afs/crc.nd.edu/user/c/condor/software/sbin:1:/usr/local/sbin:1:/afs/crc.nd.edu/user/c/condor/software/bin:1:/usr/local/bin:1
OSTYPE=linux
_CONDOR_MACHINE_AD=/var/condor/execute/dir_24525/.machine.ad
_CONDOR_ANCESTOR_3989=4261:1593343483:4184216969
GREP_OPTIONS=--color=auto
DISK=916727
GLOBUS_GSSAPI_MIN_TLS_PROTOCOL=TLS1_VERSION
MANPATH_modshare=/usr/share/man/overrides:1:/usr/local/share/man:1:/usr/share/man:1:/opt/crc/usr/local/man:1:/opt/sge/man:1
MEMORY=15899
PERL_LOCAL_LIB_ROOT=/afs/crc.nd.edu/user/n/nkremerh/.perl5/
BASH_ENV=/afs/crc.nd.edu/x86_64_linux/Modules/4.5.0/init/bash
VENDOR=unknown
TMP=/var/condor/execute/dir_24525/worker-213124-24553/t.1245/cctools-temp-t.1245.r62K76
LOGNAME=nkremerh
MACHTYPE=x86_64
CCLHOME=/afs/crc.nd.edu/group/ccl
PYTHONPATH=/afs/crc.nd.edu/user/n/nkremerh/cctools/lib/python3.6/site-packages/
LD_LIBRARY_PATH_modshare=/opt/crc/usr/local/lib:1
SSH_CONNECTION=10.17.144.144 39924 129.74.128.103 22
MODULES_LMALTNAME_modshare=CRC_default/1.1&CRC_default/default&CRC_default:1
MODULESHOME=/afs/crc.nd.edu/x86_64_linux/Modules/4.5.0
GLOBUS_GSSAPI_CIPHERS=HIGH
GLOBUS_GSSAPI_BACKWARD_COMPATIBLE_MIC=true
LESSOPEN=||/usr/bin/lesspipe.sh %s
OMP_NUM_THREADS=1
_CONDOR_JOB_AD=/var/condor/execute/dir_24525/.job.ad
LOADEDMODULES_modshare=CRC_default/1.1:1
XDG_RUNTIME_DIR=/run/user/213124
SGE_CLUSTER_NAME=CRC
CCTOOLS=../cctools
CORES=4
_CONDOR_JOB_IWD=/var/condor/execute/dir_24525
PERL_MM_OPT=INSTALL_BASE=/afs/crc.nd.edu/user/n/nkremerh/.perl5/
GLOBUS_GSSAPI_SERVER_CIPHER_ORDER=true
BASH_FUNC_module()=() {  unset _mlshdbg;
 if [ "${MODULES_SILENT_SHELL_DEBUG:-0}" = '1' ]; then
 case "$-" in 
 *v*x*)
 set +vx;
 _mlshdbg='vx'
 ;;
 *v*)
 set +v;
 _mlshdbg='v'
 ;;
 *x*)
 set +x;
 _mlshdbg='x'
 ;;
 *)
 _mlshdbg=''
 ;;
 esac;
 fi;
 unset _mlre _mlIFS;
 if [ -n "${IFS+x}" ]; then
 _mlIFS=$IFS;
 fi;
 IFS=' ';
 for _mlv in ${MODULES_RUN_QUARANTINE:-};
 do
 if [ "${_mlv}" = "${_mlv##*[!A-Za-z0-9_]}" -a "${_mlv}" = "${_mlv#[0-9]}" ]; then
 if [ -n "`eval 'echo ${'$_mlv'+x}'`" ]; then
 _mlre="${_mlre:-}${_mlv}_modquar='`eval 'echo ${'$_mlv'}'`' ";
 fi;
 _mlrv="MODULES_RUNENV_${_mlv}";
 _mlre="${_mlre:-}${_mlv}='`eval 'echo ${'$_mlrv':-}'`' ";
 fi;
 done;
 if [ -n "${_mlre:-}" ]; then
 eval `eval ${_mlre}/usr/bin/tclsh /afs/crc.nd.edu/x86_64_linux/Modules/4.5.0/libexec/modulecmd.tcl bash '"$@"'`;
 else
 eval `/usr/bin/tclsh /afs/crc.nd.edu/x86_64_linux/Modules/4.5.0/libexec/modulecmd.tcl bash "$@"`;
 fi;
 _mlstatus=$?;
 if [ -n "${_mlIFS+x}" ]; then
 IFS=$_mlIFS;
 else
 unset IFS;
 fi;
 unset _mlre _mlv _mlrv _mlIFS;
 if [ -n "${_mlshdbg:-}" ]; then
 set -$_mlshdbg;
 fi;
 unset _mlshdbg;
 return $_mlstatus
}
BASH_FUNC_ml()=() {  module ml "$@"
}
_=/usr/bin/printenv
