24485   0.000000 libjli.so->getenv("_JAVA_LAUNCHER_DEBUG") = nil
24485   0.001870 libjli.so->getenv("_JAVA_VERSION_SET") = nil
24485   0.000797 libjli.so->fopen("/usr/lib/jvm/java-1.8.0-openjdk-1.8.0.252.b09-2.el7_8.x86_64/jre/lib/amd64/jvm.cfg", "r") = 0x5620d20ee0f0
24485   0.000792 libjli.so->getenv("JDK_ALTERNATE_VM") = nil
24485   0.000303 libjli.so->__xstat(1, "/usr/lib/jvm/java-1.8.0-openjdk-1.8.0.252.b09-2.el7_8.x86_64/jre/lib/amd64/server/libjvm.so", 0x7fffd8f7db60) = 0
24485   0.000583 libjli.so->getenv("LD_LIBRARY_PATH") = "/afs/crc.nd.edu/group/ccl/software/x86_64/redhat7/ruby/current/lib:/afs/crc.nd.edu/group/ccl/software/x86_64/redhat7/graphviz/current/lib:/afs/crc.nd.edu/group/ccl/software/x86_64/redhat7/git/current/lib:/afs/crc.nd.edu/group/ccl/software/x86_64/redhat7/condor/current/lib:/afs/crc.nd.edu/group/ccl/software/x86_64/redhat7/clang/current/lib:/afs/crc.nd.edu/group/ccl/software/x86_64/redhat7/condor/current/lib:/afs/crc.nd.edu/group/ccl/software/x86_64/redhat7/cctools/current/lib:/opt/crc/usr/local/lib"
24485   0.002062 libjli.so->dlopen("/usr/lib/jvm/java-1.8.0-openjdk-1.8.0.252.b09-2.el7_8.x86_64/jre/lib/amd64/server/libjvm.so", 258 <unfinished ...>
24485   0.036586 libjvm.so->getenv("NMT_LEVEL_24485") = nil
24485   0.001739 <... dlopen resumed> )          = 0x5620d20ee4c0
24485   0.000066 libjli.so->getenv("CLASSPATH")  = nil
24485   0.000297 libjli.so->getenv("_JAVA_SPLASH_JAR") = nil
24485   0.000353 libjli.so->getenv("_JAVA_SPLASH_FILE") = nil
24485   0.000382 libjli.so->pthread_attr_setdetachstate(0x7fffd8f7db10, 0, 0x7fffd8f7dba0, 0) = 0
24485   0.000581 libpthread.so.0->__clone(0x2b3480daade0, 0x2b3480cbdfc0, 0x3d0f00, 0x2b3480cbe700) = 0x5fa6
24486   0.001595 libjvm.so->dlopen(0x2b348250a52e, 1, 0xfffffffffff42c48, 4096) = 0x2b3484000990
24486   0.002682 libjvm.so->getenv(0x2b34825252c0, 0, 115, 0x65737361) = 0x7fffd8f846cd
24486   0.000491 libjvm.so->fopen(0x2b3480cbcbe0, 0x2b34824c49ab, 0x6f732e79666972, 0x2b3481682ab0) = 0x2b3484001440
24486   0.001632 libjvm.so->dlopen(0x2b3480cbcbe0, 1, 0xffffffff, 0x2b3484002b00) = 0x2b3484001440
24486   0.001563 libjvm.so->fopen(0x2b3480cbcbe0, 0x2b34824c49ab, 111, 0x732e6176) = 0x2b3484001b10
24486   0.001862 libjvm.so->dlopen(0x2b3480cbcbe0, 1, 0xffffffff, 0x2b3484001a00) = 0x2b3484001b10
24486   0.001656 libjvm.so->__xstat(1, 0x2b3480cbd330, 0x2b3480cbdb70, 0x637274) = -1
24486   0.000947 libjvm.so->getenv(0x2b34824bd226, 0x2b3480cbd6a0, 1024, 0x2b34829615db) = 0
24486   0.000756 libjvm.so->getenv(0x2b34824bd218, 0x2b3480cbd6a0, 1024, 0) = 0
24486   0.000503 libjvm.so->fopen(0x2b3482509e95, 0x2b34824c49ab, 4095, 24) = 0x2b34840032b0
24486   0.001369 libjvm.so->fopen(0x2b3482509ee1, 0x2b34824c49ab, 0x2b3484000078, 0x2b34840032a0) = 0x2b34840032b0
24486   0.000723 libjvm.so->fopen(0x2b3480cb7980, 0x2b34824c49ab, 4016, 3997) = 0x2b34840032b0
24486   0.000641 libjvm.so->opendir(0x2b3484002b40, 0x2b3484002b40, 13, 16) = 0
24486   0.000469 libjvm.so->__xstat(1, 0x2b3480cbc8c0, 0x2b3480cbb830, 0x6f732e7477616d62) = -1
24486   0.000444 libjvm.so->__xstat(1, 0x2b3480cbc8c0, 0x2b3480cbb830, 0x5f74776162696c2f) = 0
24486   0.000538 libjvm.so->fopen(0x2b3480cbbb60, 0x2b34824c49ab, 4011, 3996) = 0x2b3484003790
24486   0.000688 libjvm.so->fopen(0x2b3480cbbb60, 0x2b34824c49ab, 4011, 3996) = 0x2b3484003790
24486   0.000719 libjvm.so->fopen(0x2b3480cbbb60, 0x2b34824c49ab, 4011, 4004) = 0x2b3484003790
24486   0.000681 libjvm.so->fopen(0x2b3480cbbaf0, 0x2b34824c49ab, 4011, 3996) = 0x2b3484003790
24486   0.000635 libjvm.so->fopen(0x2b3480cbbaf0, 0x2b34824c49ab, 4011, 3996) = 0x2b3484003790
24486   0.000835 libjvm.so->fopen(0x2b3480cbbaf0, 0x2b34824c49ab, 4011, 4004) = 0x2b3484003790
24486   0.000742 libjvm.so->fopen(0x2b3480cbbb20, 0x2b34824c49ab, 4016, 3997) = 0x2b3484003790
24486   0.000961 libjvm.so->getenv(0x2b348250ac5e, 4096, 3, -1) = 0
24486   0.000952 libjvm.so->fopen(0x2b348250a518, 0x2b34824c49ab, 0x2b3480da1908, 0x2b3480da0df0) = 0x2b3484003790
24486   0.004724 libjvm.so->open(0x2b348404a580, 0x20000, 0, 0x2b348404a5c9) = 3
24486   0.000460 libjvm.so->__fxstat(1, 3, 0x2b3480cbd9d0, -1) = 0
24486   0.000486 libjvm.so->opendir(0x2b348404a580, 0x2b3480cbd9d0, 0x4000, -1) = 0x2b348404b490
24486   0.000466 libjvm.so->__fxstat(1, 3, 0x2b3480cbd870, 0x2b348404b490) = 0
24486   0.000411 libjvm.so->__fxstat(1, 5, 0x2b3480cbd900, -1) = 0
24486   0.000904 libjvm.so->open(0x2b34824db85c, 0, 0, 0) = 3
24486   0.001044 libjvm.so->__lxstat(1, 0x2b348404a580, 0x2b3480cbdb20, -144) = 0
24486   0.000480 libjvm.so->open(0x2b348404a580, 0x20000, 0x4000, -1) = 3
24486   0.000418 libjvm.so->__fxstat(1, 3, 0x2b3480cbd9d0, -1) = 0
24486   0.000454 libjvm.so->opendir(0x2b348404a580, 0x2b3480cbd9d0, 0x4000, -1) = 0x2b348404b490
24486   0.000417 libjvm.so->__fxstat(1, 3, 0x2b3480cbd870, 0x2b348404b490) = 0
24486   0.000421 libjvm.so->__fxstat(1, 5, 0x2b3480cbd900, -1) = 0
24486   0.000444 libjvm.so->open(0x2b34824db85c, 0, 0, 0) = 3
24486   0.000441 libjvm.so->open(0x2b348404a5c9, 0x20042, 384, -1) = 7
24486   0.000567 libjvm.so->__fxstat(1, 7, 0x2b3480cbdb20, -1) = 0
24486   0.001606 libjvm.so->fopen(0x2b3480cbcb30, 0x2b34824c49ab, 4, 0x6f732e70) = 0x2b3484057b70
24486   0.001975 libjvm.so->dlopen(0x2b3480cbcb30, 1, 0xffffffff, 0x2b3484057b00) = 0x2b3484057b70
24486   0.001445 libjvm.so->__xstat(1, 0x2b3480cbd0f0, 0x2b3480cbd920, 2048) = 0
24486   0.000424 libjvm.so->__xstat(1, 0x2b3480cbd0f0, 0x2b3480cbd920, 2048) = 0
24486   0.000450 libjvm.so->__xstat(1, 0x2b3480cbd0f0, 0x2b3480cbd920, 2048) = -1
24486   0.000412 libjvm.so->__xstat(1, 0x2b3480cbd0f0, 0x2b3480cbd920, 2048) = 0
24486   0.000465 libjvm.so->__xstat(1, 0x2b3480cbd0f0, 0x2b3480cbd920, 2048) = 0
24486   0.000414 libjvm.so->__xstat(1, 0x2b3480cbd0f0, 0x2b3480cbd920, 2048) = 0
24486   0.000476 libjvm.so->__xstat(1, 0x2b3480cbd0f0, 0x2b3480cbd920, 2048) = -1
24486   0.000411 libjvm.so->__xstat(1, 0x2b3480cbd0f0, 0x2b3480cbd920, 2048) = -1
24486   0.000417 libjvm.so->fopen(0x2b3484002520, 0x2b34824c49ab, 0, 0) = 0x2b34840588e0
24486   0.008548 libjvm.so->open64(0x2b3480cbc490, 0, 0, 16) = 3
24486   0.000538 libjvm.so->__fxstat64(1, 3, 0x2b3480cbc2c0, -1) = 0
24486   0.035726 libjvm.so->__xstat(1, 0x2b3480cbcef0, 0x2b3480cbd720, 2048) = -1
24486   0.000777 libjvm.so->fopen(0x2b3480cbbaf0, 0x2b34824c49ab, 4011, 3996) = 0x2b34840b5b60
24486   0.000791 libjvm.so->fopen(0x2b3480cbbaf0, 0x2b34824c49ab, 4011, 3996) = 0x2b34840b5b60
24486   0.000659 libjvm.so->fopen(0x2b3480cbbaf0, 0x2b34824c49ab, 4011, 4004) = 0x2b34840b5b60
24486   0.004345 libjvm.so->pthread_attr_setdetachstate(0x2b3480cbdbd0, 1, 0, 0) = 0
24486   0.000573 libpthread.so.0->__clone(0x2b3480daade0, 0x2b34995a1fc0, 0x3d0f00, 0x2b34995a2700) = 0x5fa7
24486   0.015609 libjvm.so->pthread_attr_setdetachstate(0x2b3480cbd260, 1, 0, 0) = 0
24486   0.000649 libpthread.so.0->__clone(0x2b3480daade0, 0x2b34996a2fc0, 0x3d0f00, 0x2b34996a3700) = 0x5fa8
24486   0.006711 libjvm.so->pthread_attr_setdetachstate(0x2b3480cbd5e0, 1, 0, 0) = 0
24486   0.000810 libpthread.so.0->__clone(0x2b3480daade0, 0x2b34997a3fc0, 0x3d0f00, 0x2b34997a4700) = 0x5fa9
24486   0.039530 libjvm.so->fopen(0x2b34840e8b80, 0x2b34824c49ab, 4, 0x6f732e70) = 0x2b34840f16e0
24486   0.001952 libjvm.so->dlopen(0x2b34840e8b80, 1, 0xffffffff, 0x2b34840e8600) = 0x2b3484057b70
24486   0.022441 libjvm.so->fopen(0x2b3480cb9130, 0x2b34824c49ab, 4011, 3996) = 0x2b34840f8fb0
24486   0.001199 libjvm.so->fopen(0x2b3480cb9130, 0x2b34824c49ab, 4011, 3996) = 0x2b34840f8fb0
24486   0.001130 libjvm.so->fopen(0x2b3480cb9130, 0x2b34824c49ab, 4011, 4004) = 0x2b34840f8fb0
24486   0.015067 libjvm.so->pthread_attr_setdetachstate(0x2b3480cbdb20, 1, 0, 0) = 0
24486   0.000948 libpthread.so.0->__clone(0x2b3480daade0, 0x2b34998a4fc0, 0x3d0f00, 0x2b34998a5700) = 0x5faa
24486   0.001705 libjvm.so->__xstat64(1, 0x2b3480cbdbb0, 0x2b3480cbdb20, 19) = -1
24486   0.001198 libjvm.so->pthread_attr_setdetachstate(0x2b3480cbd920, 1, 0, 0) = 0
24486   0.001249 libpthread.so.0->__clone(0x2b3480daade0, 0x2b34999a5fc0, 0x3d0f00, 0x2b34999a6700) = 0x5fab
24486   0.001831 libjvm.so->pthread_attr_setdetachstate(0x2b3480cbd920, 1, 0, 0) = 0
24486   0.001342 libpthread.so.0->__clone(0x2b3480daade0, 0x2b3499aa6fc0, 0x3d0f00, 0x2b3499aa7700) = 0x5fac
24486   0.007569 libjvm.so->pthread_attr_setdetachstate(0x2b3480cbda70, 1, 0, 0) = 0
24486   0.001450 libpthread.so.0->__clone(0x2b3480daade0, 0x2b3499ba7fc0, 0x3d0f00, 0x2b3499ba8700) = 0x5fad
24486   0.002257 libjvm.so->pthread_attr_setdetachstate(0x2b3480cbdb80, 1, 0, 0) = 0
24486   0.001548 libpthread.so.0->__clone(0x2b3480daade0, 0x2b3499ca8fc0, 0x3d0f00, 0x2b3499ca9700) = 0x5fae
24486   0.015350 libjvm.so->open64(0x2b348412c550, 0, 0, 16) = 5
24486   0.001835 libjvm.so->__fxstat64(1, 5, 0x2b3480cbaf90, -1) = 0
24486   0.026502 libjvm.so->fopen(0x2b3484152790, 0x2b34824c49ab, 4, 0x6f732e6f) = 0x2b3484152850
24486   0.003759 libjvm.so->dlopen(0x2b3484152790, 1, 0xffffffff, 0x2b3484152700) = 0x2b3484152850
24486   0.132928 libjvm.so->fopen(0x2b348418eac0, 0x2b34824c49ab, 4, 0x6f732e74) = 0x2b3484193a40
24486   0.003395 libjvm.so->dlopen(0x2b348418eac0, 1, 0xffffffff, 0x2b348418a000) = 0x2b348419be10
24486   0.132333 libjvm.so->fopen(0x2b348420b5e0, 0x2b34824c49ab, 0x6f732e7373656c, 0x656c646165685f74) = 0x2b348420efa0
24486   0.003143 libjvm.so->dlopen(0x2b348420b5e0, 1, 0xffffffff, 0x2b348420b800) = 0x2b348420efa0
24486   0.019461 libjvm.so->fopen(0x2b3480cb6a30, 0x2b34824c49ab, 0x6f732e, 0x6d766a62696c2f72) = 0x2b3484218e40
24486   0.005888 libjvm.so->dlopen(0x2b3480cb6a30, 1, 0xffffffff, 0x2b3484218400) = 0x5620d20ee4c0
24486   0.001703 libjvm.so->fopen(0x2b3480cb6a30, 0x2b34824c49ab, 0x6f732e, 0x6d766a62696c2f72) = 0x2b3484218de0
24486   0.005050 libjvm.so->dlopen(0x2b3480cb6a30, 1, 0xffffffff, 0x2b3484218400) = 0x5620d20ee4c0
24486   0.001736 libjvm.so->fopen(0x2b3480cb6a30, 0x2b34824c49ab, 0x6f732e, 0x6d766a62696c2f72) = 0x2b3484218de0
24486   0.003791 libjvm.so->dlopen(0x2b3480cb6a30, 1, 0xffffffff, 0x2b3484218400) = 0x5620d20ee4c0
24486   0.001657 libjvm.so->fopen(0x2b3480cb6a30, 0x2b34824c49ab, 0x6f732e, 0x6d766a62696c2f72) = 0x2b3484218de0
24486   0.003953 libjvm.so->dlopen(0x2b3480cb6a30, 1, 0xffffffff, 0x2b3484218400) = 0x5620d20ee4c0
24486  12.982097 libjvm.so->fopen(0x2b3480cb7a20, 0x2b34824c49ab, 4, 0x6f732e70) = 0x2b3484253840
24486   0.001887 libjvm.so->dlopen(0x2b3480cb7a20, 1, 0xffffffff, 0x2b3484253700) = 0x2b3484057b70
24486   0.001184 libjvm.so->fopen(0x2b3480cb7a20, 0x2b34824c49ab, 4, 0x6f732e70) = 0x2b34841f9f30
24486   0.001730 libjvm.so->dlopen(0x2b3480cb7a20, 1, 0xffffffff, 0x2b3484253700) = 0x2b3484057b70
24486   0.001067 libjvm.so->fopen(0x2b3480cb7a20, 0x2b34824c49ab, 4, 0x6f732e70) = 0x2b34841f76f0
24486   0.001671 libjvm.so->dlopen(0x2b3480cb7a20, 1, 0xffffffff, 0x2b3484253700) = 0x2b3484057b70
24486   0.001092 libjvm.so->fopen(0x2b3480cb7a20, 0x2b34824c49ab, 4, 0x6f732e70) = 0x2b34841f76f0
24486   0.001652 libjvm.so->dlopen(0x2b3480cb7a20, 1, 0xffffffff, 0x2b3484253700) = 0x2b3484057b70
24486   0.001132 libjvm.so->fopen(0x2b3480cb7a20, 0x2b34824c49ab, 4, 0x6f732e70) = 0x2b34841f7750
24486   0.001646 libjvm.so->dlopen(0x2b3480cb7a20, 1, 0xffffffff, 0x2b34841f7600) = 0x2b3484057b70
24486   0.001077 libjvm.so->fopen(0x2b3480cb7a20, 0x2b34824c49ab, 4, 0x6f732e70) = 0x2b34841f7750
24486   0.001669 libjvm.so->dlopen(0x2b3480cb7a20, 1, 0xffffffff, 0x2b34841f7600) = 0x2b3484057b70
24486   0.001085 libjvm.so->fopen(0x2b3480cb7a20, 0x2b34824c49ab, 4, 0x6f732e70) = 0x2b34841f7800
24486   0.001649 libjvm.so->dlopen(0x2b3480cb7a20, 1, 0xffffffff, 0x2b34841f7600) = 0x2b3484057b70
24486   0.001107 libjvm.so->fopen(0x2b3480cb7a20, 0x2b34824c49ab, 4, 0x6f732e70) = 0x2b34841f7750
24486   0.002384 libjvm.so->dlopen(0x2b3480cb7a20, 1, 0xffffffff, 0x2b34841f7600) = 0x2b3484057b70
24486   0.184244 libjvm.so->fopen(0x2b3480cbb120, 0x2b34824c49ab, 111, 0x732e6176) = 0x2b3484132610
24486   0.002005 libjvm.so->dlopen(0x2b3480cbb120, 1, 0xffffffff, 0x2b34841f8e00) = 0x2b3484001b10
24486   0.001107 libjvm.so->fopen(0x2b3480cbb120, 0x2b34824c49ab, 111, 0x732e6176) = 0x2b3484132610
24486   0.001829 libjvm.so->dlopen(0x2b3480cbb120, 1, 0xffffffff, 0x2b34841f8e00) = 0x2b3484001b10
24486   0.001068 libjvm.so->fopen(0x2b3480cbb120, 0x2b34824c49ab, 111, 0x732e6176) = 0x2b3484132610
24486   0.001944 libjvm.so->dlopen(0x2b3480cbb120, 1, 0xffffffff, 0x2b34841f8e00) = 0x2b3484001b10
24486   0.001131 libjvm.so->fopen(0x2b3480cbb120, 0x2b34824c49ab, 111, 0x732e6176) = 0x2b3484132610
24486   0.001766 libjvm.so->dlopen(0x2b3480cbb120, 1, 0xffffffff, 0x2b34841f8e00) = 0x2b3484001b10
24486   0.106310 libjvm.so->fopen(0x2b34841c1f70, 0x2b34824c49ab, 0x6f732e72656761, 0x6567616e616d746e) = 0x2b34841c2050
24486   0.003142 libjvm.so->dlopen(0x2b34841c1f70, 1, 0xffffffff, 0x2b34841c1f00) = 0x2b34841c2050
24486   0.017170 libjvm.so->pthread_attr_setdetachstate(0x2b3480cb9e30, 1, 0, 0) = 0
24486   0.001748 libpthread.so.0->__clone(0x2b3480daade0, 0x2b349b030fc0, 0x3d0f00, 0x2b349b031700) = 0x5fcb
24486   0.022395 libjvm.so->fopen(0x2b3484288660, 0x2b34824c49ab, 4, 0x6f732e74) = 0x2b3484288720
24486   0.003395 libjvm.so->dlopen(0x2b3484288660, 1, 0xffffffff, 0x2b3484288600) = 0x2b3484152ef0
24486   0.118658 libjvm.so->open64(0x2b3480cb8150, 0, 0, 16) = 13
24486   0.001900 libjvm.so->__fxstat64(1, 13, 0x2b3480cb7f80, -1) = 0
24486   0.122824 libjvm.so->fopen(0x2b3480cb9a80, 0x2b34824c49ab, 0x6f732e, 0x6d766a62696c2f72) = 0x2b348432bfe0
24486   0.005696 libjvm.so->dlopen(0x2b3480cb9a80, 1, 0xffffffff, 0x2b3484358e00) = 0x5620d20ee4c0
24486   0.001901 libjvm.so->fopen(0x2b3480cb9a80, 0x2b34824c49ab, 0x6f732e, 0x6d766a62696c2f72) = 0x2b3484358810
24486   0.003906 libjvm.so->dlopen(0x2b3480cb9a80, 1, 0xffffffff, 0x2b3484358e00) = 0x5620d20ee4c0
24486   0.001865 libjvm.so->fopen(0x2b3480cb9a80, 0x2b34824c49ab, 0x6f732e, 0x6d766a62696c2f72) = 0x2b3484358810
24486   0.003954 libjvm.so->dlopen(0x2b3480cb9a80, 1, 0xffffffff, 0x2b3484358e00) = 0x5620d20ee4c0
24486   0.001903 libjvm.so->fopen(0x2b3480cb9a80, 0x2b34824c49ab, 0x6f732e, 0x6d766a62696c2f72) = 0x2b3484358810
24486   0.003863 libjvm.so->dlopen(0x2b3480cb9a80, 1, 0xffffffff, 0x2b3484358e00) = 0x5620d20ee4c0
24486   0.027311 libjvm.so->fopen(0x2b3480cb96f0, 0x2b34824c49ab, 4, 0x6f732e6f) = 0x2b3484358810
24486   0.003398 libjvm.so->dlopen(0x2b3480cb96f0, 1, 0xffffffff, 0x2b34842d4a00) = 0x2b3484152850
24486   0.001955 libjvm.so->fopen(0x2b3480cb96f0, 0x2b34824c49ab, 4, 0x6f732e6f) = 0x2b3484358810
24486   0.003195 libjvm.so->dlopen(0x2b3480cb96f0, 1, 0xffffffff, 0x2b34842d4a00) = 0x2b3484152850
24486   0.001816 libjvm.so->fopen(0x2b3480cb96f0, 0x2b34824c49ab, 4, 0x6f732e6f) = 0x2b3484358810
24486   0.002910 libjvm.so->dlopen(0x2b3480cb96f0, 1, 0xffffffff, 0x2b34842d4a00) = 0x2b3484152850
24486   0.001837 libjvm.so->fopen(0x2b3480cb96f0, 0x2b34824c49ab, 4, 0x6f732e6f) = 0x2b3484358810
24486   0.003127 libjvm.so->dlopen(0x2b3480cb96f0, 1, 0xffffffff, 0x2b34842d4a00) = 0x2b3484152850
24486   0.110814 libjvm.so->open64(0x2b3484376c20, 0, 0, 32) = 22
24486   0.001917 libjvm.so->__fxstat64(1, 22, 0x2b3480cba7b0, -1) = 0
24486   0.062305 libjvm.so->fopen(0x2b3480cba9e0, 0x2b34824c49ab, 111, 0x732e6176) = 0x2b34843914a0
24486   0.003378 libjvm.so->dlopen(0x2b3480cba9e0, 1, 0xffffffff, 0x2b3484391400) = 0x2b3484001b10
24486   0.001905 libjvm.so->fopen(0x2b3480cba9e0, 0x2b34824c49ab, 111, 0x732e6176) = 0x2b3484391750
24486   0.003143 libjvm.so->dlopen(0x2b3480cba9e0, 1, 0xffffffff, 0x2b3484391400) = 0x2b3484001b10
24486   0.001864 libjvm.so->fopen(0x2b3480cba9e0, 0x2b34824c49ab, 111, 0x732e6176) = 0x2b3484391620
24486   0.003329 libjvm.so->dlopen(0x2b3480cba9e0, 1, 0xffffffff, 0x2b3484391400) = 0x2b3484001b10
24486   0.001851 libjvm.so->fopen(0x2b3480cba9e0, 0x2b34824c49ab, 111, 0x732e6176) = 0x2b3484391620
24486   0.003486 libjvm.so->dlopen(0x2b3480cba9e0, 1, 0xffffffff, 0x2b3484391400) = 0x2b3484001b10
24486   0.354557 --- SIGSEGV (Segmentation fault) ---
24486   0.420027 --- SIGSEGV (Segmentation fault) ---
24486   0.000728 --- SIGSEGV (Segmentation fault) ---
24486   0.000524 --- SIGSEGV (Segmentation fault) ---
24486  14.387900 --- SIGSEGV (Segmentation fault) ---
24489   1.424547 --- SIGSEGV (Segmentation fault) ---
24486   0.000096 --- SIGSEGV (Segmentation fault) ---
24486   0.001538 --- SIGSEGV (Segmentation fault) ---
24486   0.415348 --- SIGSEGV (Segmentation fault) ---
24494   0.032365 +++ exited (status 0) +++
24487   0.000455 +++ exited (status 0) +++
24486   0.000223 +++ exited (status 0) +++
24523   0.000381 +++ exited (status 0) +++
24493   0.000020 +++ exited (status 0) +++
24492   0.000011 +++ exited (status 0) +++
24490   0.000010 +++ exited (status 0) +++
24489   0.000011 +++ exited (status 0) +++
24488   0.000010 +++ exited (status 0) +++
24491   0.026825 +++ exited (status 0) +++
24485   0.000049 +++ exited (status 0) +++
Wrote an ltrace for command: "java -cp ./tools/maxent.jar density.MaxEnt -s outputs/Paramischocyttarus_buyssoni_Gribodo.csv -e data/layers/worldclim -o outputs/Paramischocyttarus_buyssoni_Gribodo nowarnings nocache autorun -z" with PID 24483 from PPID 24463 on disc25.crc.nd.edu with result 0
REMOTEHOST=10.17.144.144
MANPATH=/afs/crc.nd.edu/user/n/nkremerh/cctools/share/man/:/afs/crc.nd.edu/group/ccl/software/x86_64/redhat7/ruby/current/share/man:/afs/crc.nd.edu/group/ccl/software/x86_64/redhat7/graphviz/current/share/man:/afs/crc.nd.edu/group/ccl/software/x86_64/redhat7/gnuplot/current/share/man:/afs/crc.nd.edu/group/ccl/software/x86_64/redhat7/git/current/share/man:/afs/crc.nd.edu/group/ccl/software/x86_64/redhat7/condor/current/share/man:/afs/crc.nd.edu/group/ccl/software/x86_64/redhat7/clang/current/share/man:/afs/crc.nd.edu/group/ccl/software/x86_64/redhat7/condor/current/share/man:/afs/crc.nd.edu/group/ccl/software/x86_64/redhat7/cctools/current/share/man:/afs/crc.nd.edu/group/ccl/software/x86_64/redhat7/cctools/current/share/man:/afs/crc.nd.edu/x86_64_linux/Modules/4.5.0/share/man:/opt/crc/usr/local/man:/opt/sge/man:/usr/share/man/overrides:/usr/share/man:/usr/local/share/man
_CONDOR_JOB_PIDS=
_CONDOR_ANCESTOR_24525=24530:1594671055:2748281650
XDG_SESSION_ID=2735
HOSTNAME=disc01.crc.nd.edu
_LMFILES__modshare=/afs/crc.nd.edu/x86_64_linux/Modules/modules/system_modules/CRC_default/1.1:1
MODULEPATH_modshare=/afs/crc.nd.edu/x86_64_linux/Modules/modules/general_software:1:/afs/crc.nd.edu/x86_64_linux/Modules/modules/development_tools_and_libraries:1:/afs/crc.nd.edu/x86_64_linux/Modules/modules/system_modules:1:/afs/crc.nd.edu/x86_64_linux/Modules/current/modulefiles:1:/afs/crc.nd.edu/x86_64_linux/Modules/modules/restricted_software:1:/afs/crc.nd.edu/x86_64_linux/Modules/modules/deprecated_software:1
TERM=xterm-256color
SHELL=/bin/tcsh
HOST=disc01.crc.nd.edu
MODULES_CMD=/afs/crc.nd.edu/x86_64_linux/Modules/4.5.0/libexec/modulecmd.tcl
HISTSIZE=5000
MAKEFLAGS=
SSH_CLIENT=10.17.144.144 39924 22
TMPDIR=/var/condor/execute/dir_24525/worker-213124-24553/t.1141/cctools-temp-t.1141.KbxSRK
PERL5LIB=/afs/crc.nd.edu/user/n/nkremerh/cctools/lib/perl5/site_perl/5.16.3:/afs/crc.nd.edu/user/n/nkremerh/.perl5/lib/perl5
SGE_CELL=crc
_CONDOR_SCRATCH_DIR=/var/condor/execute/dir_24525
PERL_MB_OPT=--install_base '/afs/crc.nd.edu/user/n/nkremerh/.perl5/'
SSH_TTY=/dev/pts/0
SGE_LOAD_AVG=load_avg
MAKEFLOW_MAX_LOCAL_JOBS=2
GROUP=campus
USER=nkremerh
_CHIRP_DELAYED_UPDATE_PREFIX=Chirp*
HISTFILESIZE=10000
TEMP=/var/condor/execute/dir_24525/worker-213124-24553/t.1141/cctools-temp-t.1141.KbxSRK
LD_LIBRARY_PATH=/afs/crc.nd.edu/group/ccl/software/x86_64/redhat7/ruby/current/lib:/afs/crc.nd.edu/group/ccl/software/x86_64/redhat7/graphviz/current/lib:/afs/crc.nd.edu/group/ccl/software/x86_64/redhat7/git/current/lib:/afs/crc.nd.edu/group/ccl/software/x86_64/redhat7/condor/current/lib:/afs/crc.nd.edu/group/ccl/software/x86_64/redhat7/clang/current/lib:/afs/crc.nd.edu/group/ccl/software/x86_64/redhat7/condor/current/lib:/afs/crc.nd.edu/group/ccl/software/x86_64/redhat7/cctools/current/lib:/opt/crc/usr/local/lib
BATCH_SYSTEM=HTCondor
MODULES_LMALTNAME=CRC_default/1.1&CRC_default/default&CRC_default
ENV=/afs/crc.nd.edu/x86_64_linux/Modules/4.5.0/init/profile.sh
WORKER_TMPDIR=/var/condor/execute/dir_24525/worker-213124-24553/cache/tmp
HOSTTYPE=x86_64-linux
_CONDOR_HIGHPORT=9999
GLOBUS_GSSAPI_MAX_TLS_PROTOCOL=0
_CONDOR_CHIRP_CONFIG=/var/condor/execute/dir_24525/.chirp.config
MAKELEVEL=1
MFLAGS=
MAIL=/var/spool/mail/nkremerh
PATH=/afs/crc.nd.edu/user/n/nkremerh/cctools/bin:/afs/crc.nd.edu/user/n/nkremerh/miniconda/bin:/afs/crc.nd.edu/group/ccl/software/git:/afs/crc.nd.edu/user/n/nkremerh/.local/bin:/afs/crc.nd.edu/group/ccl/software/x86_64/redhat7/povray/3.7/bin:/afs/crc.nd.edu/user/n/nkremerh/.perl5/bin:/afs/crc.nd.edu/user/n/nkremerh/pegasus/bin:/afs/crc.nd.edu/user/n/nkremerh/nodejs/bin:/afs/crc.nd.edu/user/n/nkremerh/montage/bin:/afs/crc.nd.edu/user/n/nkremerh/latexdiff:/afs/crc.nd.edu/user/n/nkremerh/envtrace:/afs/crc.nd.edu/user/n/nkremerh/endlines:/afs/crc.nd.edu/user/n/nkremerh/cctools/bin:/afs/crc.nd.edu/user/n/nkremerh/.cargo/bin:/afs/crc.nd.edu/group/ccl/software/x86_64/redhat7/ruby/current/bin:/afs/crc.nd.edu/group/ccl/software/x86_64/redhat7/graphviz/current/bin:/afs/crc.nd.edu/group/ccl/software/x86_64/redhat7/gnuplot/current/bin:/afs/crc.nd.edu/group/ccl/software/x86_64/redhat7/git/current/bin:/afs/crc.nd.edu/group/ccl/software/x86_64/redhat7/condor/current/sbin:/afs/crc.nd.edu/group/ccl/software/x86_64/redhat7/condor/current/bin:/afs/crc.nd.edu/group/ccl/software/x86_64/redhat7/cmake/current/bin:/afs/crc.nd.edu/group/ccl/software/x86_64/redhat7/clang/current/bin:/afs/crc.nd.edu/group/ccl/software/x86_64/redhat7/condor/current/sbin:/afs/crc.nd.edu/group/ccl/software/x86_64/redhat7/condor/current/bin:/afs/crc.nd.edu/group/ccl/software/x86_64/redhat7/cctools/current/bin:/afs/crc.nd.edu/x86_64_linux/Modules/4.5.0/bin:/opt/crc/usr/local/bin:/opt/sge/bin/lx-amd64:/usr/local/bin:/usr/bin:/usr/local/sbin:/usr/sbin:/afs/crc.nd.edu/user/c/condor/software/bin:/afs/crc.nd.edu/user/c/condor/software/sbin
CCLSOFTWARE=/afs/crc.nd.edu/group/ccl/software/x86_64/redhat7
PWD=/var/condor/execute/dir_24525/worker-213124-24553/t.1141
_LMFILES_=/afs/crc.nd.edu/x86_64_linux/Modules/modules/system_modules/CRC_default/1.1
EDITOR=vim
SGE_EXECD_PORT=6445
LANG=en_US.UTF-8
SGE_QMASTER_PORT=6444
MODULEPATH=/afs/crc.nd.edu/x86_64_linux/Modules/modules/development_tools_and_libraries:/afs/crc.nd.edu/x86_64_linux/Modules/modules/general_software:/afs/crc.nd.edu/x86_64_linux/Modules/modules/restricted_software:/afs/crc.nd.edu/x86_64_linux/Modules/modules/system_modules:/afs/crc.nd.edu/x86_64_linux/Modules/modules/deprecated_software:/afs/crc.nd.edu/x86_64_linux/Modules/current/modulefiles
LOADEDMODULES=CRC_default/1.1
SGE_ROOT=/opt/sge
CCLPLATFORM=x86_64/redhat7
_CONDOR_SLOT=slot1
WORK_QUEUE_SANDBOX=/var/condor/execute/dir_24525/worker-213124-24553
USE_SYSTEMD=true
_CONDOR_LOWPORT=9100
_CONDOR_ANCESTOR_4261=24525:1594671054:4145456440
HISTCONTROL=ignoreboth:erasedups
KRB5CCNAME=FILE:/tmp/krb5cc_213124_ZwXmib
GLOBUS_GSSAPI_NAME_COMPATIBILITY=STRICT_RFC2818
HOME=/afs/crc.nd.edu/user/n/nkremerh
SHLVL=6
PATH_modshare=/opt/crc/usr/local/bin:1:/opt/sge/bin/lx-amd64:1:/usr/sbin:1:/usr/bin:1:/afs/crc.nd.edu/user/c/condor/software/sbin:1:/usr/local/sbin:1:/afs/crc.nd.edu/user/c/condor/software/bin:1:/usr/local/bin:1
OSTYPE=linux
_CONDOR_MACHINE_AD=/var/condor/execute/dir_24525/.machine.ad
_CONDOR_ANCESTOR_3989=4261:1593343483:4184216969
GREP_OPTIONS=--color=auto
DISK=916727
GLOBUS_GSSAPI_MIN_TLS_PROTOCOL=TLS1_VERSION
MANPATH_modshare=/usr/share/man/overrides:1:/usr/local/share/man:1:/usr/share/man:1:/opt/crc/usr/local/man:1:/opt/sge/man:1
MEMORY=15899
PERL_LOCAL_LIB_ROOT=/afs/crc.nd.edu/user/n/nkremerh/.perl5/
BASH_ENV=/afs/crc.nd.edu/x86_64_linux/Modules/4.5.0/init/bash
VENDOR=unknown
TMP=/var/condor/execute/dir_24525/worker-213124-24553/t.1141/cctools-temp-t.1141.KbxSRK
LOGNAME=nkremerh
MACHTYPE=x86_64
CCLHOME=/afs/crc.nd.edu/group/ccl
PYTHONPATH=/afs/crc.nd.edu/user/n/nkremerh/cctools/lib/python3.6/site-packages/
LD_LIBRARY_PATH_modshare=/opt/crc/usr/local/lib:1
SSH_CONNECTION=10.17.144.144 39924 129.74.128.103 22
MODULES_LMALTNAME_modshare=CRC_default/1.1&CRC_default/default&CRC_default:1
MODULESHOME=/afs/crc.nd.edu/x86_64_linux/Modules/4.5.0
GLOBUS_GSSAPI_CIPHERS=HIGH
GLOBUS_GSSAPI_BACKWARD_COMPATIBLE_MIC=true
LESSOPEN=||/usr/bin/lesspipe.sh %s
OMP_NUM_THREADS=1
_CONDOR_JOB_AD=/var/condor/execute/dir_24525/.job.ad
LOADEDMODULES_modshare=CRC_default/1.1:1
XDG_RUNTIME_DIR=/run/user/213124
SGE_CLUSTER_NAME=CRC
CCTOOLS=../cctools
CORES=4
_CONDOR_JOB_IWD=/var/condor/execute/dir_24525
PERL_MM_OPT=INSTALL_BASE=/afs/crc.nd.edu/user/n/nkremerh/.perl5/
GLOBUS_GSSAPI_SERVER_CIPHER_ORDER=true
BASH_FUNC_module()=() {  unset _mlshdbg;
 if [ "${MODULES_SILENT_SHELL_DEBUG:-0}" = '1' ]; then
 case "$-" in 
 *v*x*)
 set +vx;
 _mlshdbg='vx'
 ;;
 *v*)
 set +v;
 _mlshdbg='v'
 ;;
 *x*)
 set +x;
 _mlshdbg='x'
 ;;
 *)
 _mlshdbg=''
 ;;
 esac;
 fi;
 unset _mlre _mlIFS;
 if [ -n "${IFS+x}" ]; then
 _mlIFS=$IFS;
 fi;
 IFS=' ';
 for _mlv in ${MODULES_RUN_QUARANTINE:-};
 do
 if [ "${_mlv}" = "${_mlv##*[!A-Za-z0-9_]}" -a "${_mlv}" = "${_mlv#[0-9]}" ]; then
 if [ -n "`eval 'echo ${'$_mlv'+x}'`" ]; then
 _mlre="${_mlre:-}${_mlv}_modquar='`eval 'echo ${'$_mlv'}'`' ";
 fi;
 _mlrv="MODULES_RUNENV_${_mlv}";
 _mlre="${_mlre:-}${_mlv}='`eval 'echo ${'$_mlrv':-}'`' ";
 fi;
 done;
 if [ -n "${_mlre:-}" ]; then
 eval `eval ${_mlre}/usr/bin/tclsh /afs/crc.nd.edu/x86_64_linux/Modules/4.5.0/libexec/modulecmd.tcl bash '"$@"'`;
 else
 eval `/usr/bin/tclsh /afs/crc.nd.edu/x86_64_linux/Modules/4.5.0/libexec/modulecmd.tcl bash "$@"`;
 fi;
 _mlstatus=$?;
 if [ -n "${_mlIFS+x}" ]; then
 IFS=$_mlIFS;
 else
 unset IFS;
 fi;
 unset _mlre _mlv _mlrv _mlIFS;
 if [ -n "${_mlshdbg:-}" ]; then
 set -$_mlshdbg;
 fi;
 unset _mlshdbg;
 return $_mlstatus
}
BASH_FUNC_ml()=() {  module ml "$@"
}
_=/usr/bin/printenv
