15893   0.000000 libjli.so->getenv("_JAVA_LAUNCHER_DEBUG") = nil
15893   0.001882 libjli.so->getenv("_JAVA_VERSION_SET") = nil
15893   0.000759 libjli.so->fopen("/usr/lib/jvm/java-1.8.0-openjdk-1.8.0.262.b10-0.el7_8.x86_64/jre/lib/amd64/jvm.cfg", "r") = 0x558026dbc0e0
15893   0.000815 libjli.so->getenv("JDK_ALTERNATE_VM") = nil
15893   0.000309 libjli.so->__xstat(1, "/usr/lib/jvm/java-1.8.0-openjdk-1.8.0.262.b10-0.el7_8.x86_64/jre/lib/amd64/server/libjvm.so", 0x7ffc963b7ae0) = 0
15893   0.000608 libjli.so->getenv("LD_LIBRARY_PATH") = "/afs/crc.nd.edu/group/ccl/software/x86_64/redhat7/ruby/current/lib:/afs/crc.nd.edu/group/ccl/software/x86_64/redhat7/graphviz/current/lib:/afs/crc.nd.edu/group/ccl/software/x86_64/redhat7/git/current/lib:/afs/crc.nd.edu/group/ccl/software/x86_64/redhat7/condor/current/lib:/afs/crc.nd.edu/group/ccl/software/x86_64/redhat7/clang/current/lib:/afs/crc.nd.edu/group/ccl/software/x86_64/redhat7/condor/current/lib:/afs/crc.nd.edu/group/ccl/software/x86_64/redhat7/cctools/current/lib:/opt/crc/usr/local/lib"
15893   0.002206 libjli.so->dlopen("/usr/lib/jvm/java-1.8.0-openjdk-1.8.0.262.b10-0.el7_8.x86_64/jre/lib/amd64/server/libjvm.so", 258 <unfinished ...>
15893   0.038639 libjvm.so->getenv("NMT_LEVEL_15893") = nil
15893   0.001761 <... dlopen resumed> )          = 0x558026dbc4b0
15893   0.000070 libjli.so->getenv("CLASSPATH")  = nil
15893   0.000324 libjli.so->getenv("_JAVA_SPLASH_JAR") = nil
15893   0.000318 libjli.so->getenv("_JAVA_SPLASH_FILE") = nil
15893   0.000310 libjli.so->pthread_attr_setdetachstate(0x7ffc963b7a90, 0, 0x7ffc963b7b20, 0) = 0
15893   0.000630 libpthread.so.0->__clone(0x2b42a3747de0, 0x2b42a365afc0, 0x3d0f00, 0x2b42a365b700) = 0x3e17
15895   0.002051 libjvm.so->dlopen(0x2b42a4f269ae, 1, 0xfffffffffff42c48, 4096) = 0x2b42a8000990
15895   0.004426 libjvm.so->getenv(0x2b42a4f4183e, 0, 115, 0x65737361) = 0x7ffc963be653
15895   0.000562 libjvm.so->fopen(0x2b42a3659c10, 0x2b42a4eddccb, 0x6f732e79666972, 0x2b42a401fab0) = 0x2b42a8001440
15895   0.001917 libjvm.so->dlopen(0x2b42a3659c10, 1, 0xffffffff, 0x2b42a8002b00) = 0x2b42a8001440
15895   0.002997 libjvm.so->fopen(0x2b42a3659c10, 0x2b42a4eddccb, 111, 0x732e6176) = 0x2b42a8001b10
15895   0.001966 libjvm.so->dlopen(0x2b42a3659c10, 1, 0xffffffff, 0x2b42a8001a00) = 0x2b42a8001b10
15895   0.001776 libjvm.so->__xstat(1, 0x2b42a365a360, 0x2b42a365aba0, 0x746f7073746f682e) = -1
15895   0.000535 libjvm.so->getenv(0x2b42a4ed6541, 0x2b42a365a6d0, 1024, 0x2b42a539061b) = 0
15895   0.000490 libjvm.so->getenv(0x2b42a4ed6533, 0x2b42a365a6d0, 1024, 0) = 0
15895   0.000427 libjvm.so->fopen(0x2b42a4f26315, 0x2b42a4eddccb, 4095, 0xffffd4bd5b129b03) = 0x2b42a80032f0
15895   0.001188 libjvm.so->fopen(0x2b42a4f26361, 0x2b42a4eddccb, 0x2b42a8000078, 0x2b42a80032e0) = 0x2b42a80032f0
15895   0.000794 libjvm.so->fopen(0x2b42a36549b0, 0x2b42a4eddccb, 4016, 3997) = 0x2b42a80032f0
15895   0.000892 libjvm.so->opendir(0x2b42a8002b40, 0x2b42a8002b40, 13, 16) = 0
15895   0.000638 libjvm.so->__xstat(1, 0x2b42a36598f0, 0x2b42a3658860, 0x6f732e7477616d62) = -1
15895   0.000534 libjvm.so->__xstat(1, 0x2b42a36598f0, 0x2b42a3658860, 0x5f74776162696c2f) = 0
15895   0.000520 libjvm.so->fopen(0x2b42a3658b90, 0x2b42a4eddccb, 4011, 3996) = 0x2b42a80037d0
15895   0.000751 libjvm.so->fopen(0x2b42a3658b90, 0x2b42a4eddccb, 4011, 3996) = 0x2b42a80037d0
15895   0.000713 libjvm.so->fopen(0x2b42a3658b90, 0x2b42a4eddccb, 4011, 4004) = 0x2b42a80037d0
15895   0.000774 libjvm.so->fopen(0x2b42a3658b20, 0x2b42a4eddccb, 4011, 3996) = 0x2b42a80037d0
15895   0.000726 libjvm.so->fopen(0x2b42a3658b20, 0x2b42a4eddccb, 4011, 3996) = 0x2b42a80037d0
15895   0.001083 libjvm.so->fopen(0x2b42a3658b20, 0x2b42a4eddccb, 4011, 4004) = 0x2b42a80037d0
15895   0.000765 libjvm.so->fopen(0x2b42a3658b50, 0x2b42a4eddccb, 4016, 3997) = 0x2b42a80037d0
15895   0.001050 libjvm.so->getenv(0x2b42a4f270ff, 4096, 3, -1) = 0
15895   0.001073 libjvm.so->fopen(0x2b42a4f26998, 0x2b42a4eddccb, 0x2b42a373e908, 0x2b42a373ddf0) = 0x2b42a80037d0
15895   0.006748 libjvm.so->open(0x2b42a804a5c0, 0x20000, 0, 0x2b42a804a609) = 3
15895   0.000642 libjvm.so->__fxstat(1, 3, 0x2b42a365aa00, -1) = 0
15895   0.000583 libjvm.so->opendir(0x2b42a804a5c0, 0x2b42a365aa00, 0x4000, -1) = 0x2b42a804b4d0
15895   0.000581 libjvm.so->__fxstat(1, 3, 0x2b42a365a8a0, 0x2b42a804b4d0) = 0
15895   0.000515 libjvm.so->__fxstat(1, 5, 0x2b42a365a930, -1) = 0
15895   0.000626 libjvm.so->open(0x2b42a4ef49dc, 0, 0, 0) = 3
15895   0.002442 libjvm.so->__lxstat(1, 0x2b42a804a5c0, 0x2b42a365ab50, -144) = 0
15895   0.000642 libjvm.so->open(0x2b42a804a5c0, 0x20000, 0x4000, -1) = 3
15895   0.000549 libjvm.so->__fxstat(1, 3, 0x2b42a365aa00, -1) = 0
15895   0.000508 libjvm.so->opendir(0x2b42a804a5c0, 0x2b42a365aa00, 0x4000, -1) = 0x2b42a804b4d0
15895   0.000545 libjvm.so->__fxstat(1, 3, 0x2b42a365a8a0, 0x2b42a804b4d0) = 0
15895   0.000523 libjvm.so->__fxstat(1, 5, 0x2b42a365a930, -1) = 0
15895   0.000815 libjvm.so->open(0x2b42a4ef49dc, 0, 0, 0) = 3
15895   0.000533 libjvm.so->open(0x2b42a804a609, 0x20042, 384, -1) = 7
15895   0.000794 libjvm.so->__fxstat(1, 7, 0x2b42a365ab50, -1) = 0
15895   0.002137 libjvm.so->fopen(0x2b42a3659b60, 0x2b42a4eddccb, 4, 0x6f732e70) = 0x2b42a8057c20
15895   0.001849 libjvm.so->dlopen(0x2b42a3659b60, 1, 0xffffffff, 0x2b42a8057b00) = 0x2b42a8057c20
15895   0.001874 libjvm.so->__xstat(1, 0x2b42a365a120, 0x2b42a365a950, 2048) = 0
15895   0.000531 libjvm.so->__xstat(1, 0x2b42a365a120, 0x2b42a365a950, 2048) = 0
15895   0.000499 libjvm.so->__xstat(1, 0x2b42a365a120, 0x2b42a365a950, 2048) = -1
15895   0.000483 libjvm.so->__xstat(1, 0x2b42a365a120, 0x2b42a365a950, 2048) = 0
15895   0.000516 libjvm.so->__xstat(1, 0x2b42a365a120, 0x2b42a365a950, 2048) = 0
15895   0.000534 libjvm.so->__xstat(1, 0x2b42a365a120, 0x2b42a365a950, 2048) = 0
15895   0.000531 libjvm.so->__xstat(1, 0x2b42a365a120, 0x2b42a365a950, 2048) = 0
15895   0.000549 libjvm.so->__xstat(1, 0x2b42a365a120, 0x2b42a365a950, 2048) = -1
15895   0.000512 libjvm.so->fopen(0x2b42a8002520, 0x2b42a4eddccb, 0, 0) = 0x2b42a8058ac0
15895   0.009890 libjvm.so->open64(0x2b42a3659410, 0, 0, 16) = 3
15895   0.000510 libjvm.so->__fxstat64(1, 3, 0x2b42a3659240, -1) = 0
15895   0.041251 libjvm.so->__xstat(1, 0x2b42a3659f20, 0x2b42a365a750, 2048) = -1
15895   0.000595 libjvm.so->fopen(0x2b42a3658b20, 0x2b42a4eddccb, 4011, 3996) = 0x2b42a80b5d40
15895   0.000642 libjvm.so->fopen(0x2b42a3658b20, 0x2b42a4eddccb, 4011, 3996) = 0x2b42a80b5d40
15895   0.000594 libjvm.so->fopen(0x2b42a3658b20, 0x2b42a4eddccb, 4011, 4004) = 0x2b42a80b5d40
15895   0.004325 libjvm.so->pthread_attr_setdetachstate(0x2b42a365ac00, 1, 0, 0) = 0
15895   0.000570 libpthread.so.0->__clone(0x2b42a3747de0, 0x2b42a7d60fc0, 0x3d0f00, 0x2b42a7d61700) = 0x3e18
15895   0.016720 libjvm.so->pthread_attr_setdetachstate(0x2b42a365a290, 1, 0, 0) = 0
15895   0.000655 libpthread.so.0->__clone(0x2b42a3747de0, 0x2b42a7e61fc0, 0x3d0f00, 0x2b42a7e62700) = 0x3e19
15895   0.007061 libjvm.so->pthread_attr_setdetachstate(0x2b42a365a610, 1, 0, 0) = 0
15895   0.000773 libpthread.so.0->__clone(0x2b42a3747de0, 0x2b42a7f62fc0, 0x3d0f00, 0x2b42a7f63700) = 0x3e1a
15895   0.040200 libjvm.so->fopen(0x2b42a80f17f0, 0x2b42a4eddccb, 4, 0x6f732e70) = 0x2b42a80f1cf0
15895   0.001912 libjvm.so->dlopen(0x2b42a80f17f0, 1, 0xffffffff, 0x2b42a80e8c00) = 0x2b42a8057c20
15895   0.005038 libjvm.so->open64(0x2b42a3659510, 0, 0, 16) = 5
15895   0.000949 libjvm.so->__fxstat64(1, 5, 0x2b42a3659340, -1) = 0
15895   0.019595 libjvm.so->fopen(0x2b42a3656130, 0x2b42a4eddccb, 4011, 3996) = 0x2b42a80fccc0
15895   0.001159 libjvm.so->fopen(0x2b42a3656130, 0x2b42a4eddccb, 4011, 3996) = 0x2b42a80fccc0
15895   0.001147 libjvm.so->fopen(0x2b42a3656130, 0x2b42a4eddccb, 4011, 4004) = 0x2b42a80fccc0
15895   0.015248 libjvm.so->pthread_attr_setdetachstate(0x2b42a365ab50, 1, 0, 0) = 0
15895   0.001037 libpthread.so.0->__clone(0x2b42a3747de0, 0x2b42bc36afc0, 0x3d0f00, 0x2b42bc36b700) = 0x3e2c
15895   0.001573 libjvm.so->__xstat64(1, 0x2b42a365abe0, 0x2b42a365ab50, 19) = -1
15895   0.001182 libjvm.so->pthread_attr_setdetachstate(0x2b42a365a950, 1, 0, 0) = 0
15895   0.001116 libpthread.so.0->__clone(0x2b42a3747de0, 0x2b42bc46bfc0, 0x3d0f00, 0x2b42bc46c700) = 0x3e2d
15895   0.002076 libjvm.so->pthread_attr_setdetachstate(0x2b42a365a950, 1, 0, 0) = 0
15895   0.001413 libpthread.so.0->__clone(0x2b42a3747de0, 0x2b42bc56cfc0, 0x3d0f00, 0x2b42bc56d700) = 0x3e2e
15895   0.007894 libjvm.so->pthread_attr_setdetachstate(0x2b42a365aaa0, 1, 0, 0) = 0
15895   0.001415 libpthread.so.0->__clone(0x2b42a3747de0, 0x2b42bc66dfc0, 0x3d0f00, 0x2b42bc66e700) = 0x3e2f
15895   0.002236 libjvm.so->pthread_attr_setdetachstate(0x2b42a365abb0, 1, 0, 0) = 0
15895   0.002473 libpthread.so.0->__clone(0x2b42a3747de0, 0x2b42bc76efc0, 0x3d0f00, 0x2b42bc76f700) = 0x3e30
15895   0.015462 libjvm.so->open64(0x2b42a8128890, 0, 0, 16) = 7
15895   0.002100 libjvm.so->__fxstat64(1, 7, 0x2b42a3657f60, -1) = 0
15895   0.028528 libjvm.so->fopen(0x2b42a81546e0, 0x2b42a4eddccb, 4, 0x6f732e6f) = 0x2b42a81547a0
15895   0.003468 libjvm.so->dlopen(0x2b42a81546e0, 1, 0xffffffff, 0x2b42a8154700) = 0x2b42a81547a0
15895   0.097255 libjvm.so->fopen(0x2b42a3654e40, 0x2b42a4eddccb, 0x6f732e, 0x6d766a62696c2f72) = 0x2b42a8169ef0
15895   0.005963 libjvm.so->dlopen(0x2b42a3654e40, 1, 0xffffffff, 0x2b42a8169e00) = 0x558026dbc4b0
15895   0.001676 libjvm.so->fopen(0x2b42a3654e40, 0x2b42a4eddccb, 0x6f732e, 0x6d766a62696c2f72) = 0x2b42a816a2f0
15895   0.005013 libjvm.so->dlopen(0x2b42a3654e40, 1, 0xffffffff, 0x2b42a8169e00) = 0x558026dbc4b0
15895   0.001945 libjvm.so->fopen(0x2b42a3654e40, 0x2b42a4eddccb, 0x6f732e, 0x6d766a62696c2f72) = 0x2b42a8169ef0
15895   0.003403 libjvm.so->dlopen(0x2b42a3654e40, 1, 0xffffffff, 0x2b42a8169e00) = 0x558026dbc4b0
15895   0.001650 libjvm.so->fopen(0x2b42a3654e40, 0x2b42a4eddccb, 0x6f732e, 0x6d766a62696c2f72) = 0x2b42a8169ef0
15895   0.003427 libjvm.so->dlopen(0x2b42a3654e40, 1, 0xffffffff, 0x2b42a8169e00) = 0x558026dbc4b0
15895   0.045353 libjvm.so->fopen(0x2b42a81af500, 0x2b42a4eddccb, 4, 0x6f732e74) = 0x2b42a81c7410
15895   0.003029 libjvm.so->dlopen(0x2b42a81af500, 1, 0xffffffff, 0x2b42a81bbf00) = 0x2b42a81c7410
15895   0.135372 libjvm.so->fopen(0x2b42a82305c0, 0x2b42a4eddccb, 0x6f732e7373656c, 0x656c646165685f74) = 0x2b42a82306a0
15895   0.002743 libjvm.so->dlopen(0x2b42a82305c0, 1, 0xffffffff, 0x2b42a8230600) = 0x2b42a82306a0
15920   0.039412 +++ exited (status 0) +++
15916   0.000415 +++ exited (status 0) +++
15896   0.000240 +++ exited (status 0) +++
15895   0.000258 +++ exited (status 0) +++
15919   0.000270 +++ exited (status 1) +++
15918   0.000018 +++ exited (status 1) +++
15917   0.000014 +++ exited (status 1) +++
15897   0.000016 +++ exited (status 1) +++
15898   0.005486 +++ exited (status 1) +++
15893   0.000055 +++ exited (status 1) +++
Wrote an ltrace for command: "java -cp ./tools/maxent.jar density.Project outputs/Strumigenys_elongata_Roger/Strumigenys_elongata_Roger.lambdas data/layers/worldclim outputs/Strumigenys_elongata_Roger_worldclim.asc nowarnings nocache autorun -z" with PID 15891 from PPID 15875 on disc25.crc.nd.edu with result 1
REMOTEHOST=10.17.145.58
_CONDOR_JOB_PIDS=
MANPATH=/afs/crc.nd.edu/user/n/nkremerh/cctools/share/man/:/afs/crc.nd.edu/group/ccl/software/x86_64/redhat7/ruby/current/share/man:/afs/crc.nd.edu/group/ccl/software/x86_64/redhat7/graphviz/current/share/man:/afs/crc.nd.edu/group/ccl/software/x86_64/redhat7/gnuplot/current/share/man:/afs/crc.nd.edu/group/ccl/software/x86_64/redhat7/git/current/share/man:/afs/crc.nd.edu/group/ccl/software/x86_64/redhat7/condor/current/share/man:/afs/crc.nd.edu/group/ccl/software/x86_64/redhat7/clang/current/share/man:/afs/crc.nd.edu/group/ccl/software/x86_64/redhat7/condor/current/share/man:/afs/crc.nd.edu/group/ccl/software/x86_64/redhat7/cctools/current/share/man:/afs/crc.nd.edu/group/ccl/software/x86_64/redhat7/cctools/current/share/man:/afs/crc.nd.edu/x86_64_linux/Modules/4.5.0/share/man:/opt/crc/usr/local/man:/opt/sge/man:/usr/share/man/overrides:/usr/share/man:/usr/local/share/man
XDG_SESSION_ID=3301
HOSTNAME=disc01.crc.nd.edu
_LMFILES__modshare=/afs/crc.nd.edu/x86_64_linux/Modules/modules/system_modules/CRC_default/1.1:1
MODULEPATH_modshare=/afs/crc.nd.edu/x86_64_linux/Modules/modules/general_software:1:/afs/crc.nd.edu/x86_64_linux/Modules/modules/development_tools_and_libraries:1:/afs/crc.nd.edu/x86_64_linux/Modules/modules/system_modules:1:/afs/crc.nd.edu/x86_64_linux/Modules/current/modulefiles:1:/afs/crc.nd.edu/x86_64_linux/Modules/modules/restricted_software:1:/afs/crc.nd.edu/x86_64_linux/Modules/modules/deprecated_software:1
MODULES_CMD=/afs/crc.nd.edu/x86_64_linux/Modules/4.5.0/libexec/modulecmd.tcl
HOST=disc01.crc.nd.edu
SHELL=/bin/tcsh
TERM=xterm-256color
MAKEFLAGS=
HISTSIZE=5000
TMPDIR=/var/condor/execute/dir_3431/worker-213124-3484/t.1715/cctools-temp-t.1715.QjmbIK
SSH_CLIENT=10.17.145.58 38176 22
PERL5LIB=/afs/crc.nd.edu/user/n/nkremerh/cctools/lib/perl5/site_perl/5.16.3:/afs/crc.nd.edu/user/n/nkremerh/.perl5/lib/perl5
SGE_CELL=crc
_CONDOR_SCRATCH_DIR=/var/condor/execute/dir_3431
PERL_MB_OPT=--install_base '/afs/crc.nd.edu/user/n/nkremerh/.perl5/'
SSH_TTY=/dev/pts/0
SGE_LOAD_AVG=load_avg
MAKEFLOW_MAX_LOCAL_JOBS=2
HISTFILESIZE=10000
_CHIRP_DELAYED_UPDATE_PREFIX=Chirp*
USER=nkremerh
GROUP=campus
LD_LIBRARY_PATH=/afs/crc.nd.edu/group/ccl/software/x86_64/redhat7/ruby/current/lib:/afs/crc.nd.edu/group/ccl/software/x86_64/redhat7/graphviz/current/lib:/afs/crc.nd.edu/group/ccl/software/x86_64/redhat7/git/current/lib:/afs/crc.nd.edu/group/ccl/software/x86_64/redhat7/condor/current/lib:/afs/crc.nd.edu/group/ccl/software/x86_64/redhat7/clang/current/lib:/afs/crc.nd.edu/group/ccl/software/x86_64/redhat7/condor/current/lib:/afs/crc.nd.edu/group/ccl/software/x86_64/redhat7/cctools/current/lib:/opt/crc/usr/local/lib
TEMP=/var/condor/execute/dir_3431/worker-213124-3484/t.1715/cctools-temp-t.1715.QjmbIK
BATCH_SYSTEM=HTCondor
WORKER_TMPDIR=/var/condor/execute/dir_3431/worker-213124-3484/cache/tmp
ENV=/afs/crc.nd.edu/x86_64_linux/Modules/4.5.0/init/profile.sh
MODULES_LMALTNAME=CRC_default/1.1&CRC_default/default&CRC_default
_CONDOR_CHIRP_CONFIG=/var/condor/execute/dir_3431/.chirp.config
GLOBUS_GSSAPI_MAX_TLS_PROTOCOL=0
_CONDOR_HIGHPORT=9999
HOSTTYPE=x86_64-linux
MAKELEVEL=1
MFLAGS=
CCLSOFTWARE=/afs/crc.nd.edu/group/ccl/software/x86_64/redhat7
PATH=/afs/crc.nd.edu/user/n/nkremerh/cctools/bin:/afs/crc.nd.edu/user/n/nkremerh/miniconda/bin:/afs/crc.nd.edu/group/ccl/software/git:/afs/crc.nd.edu/user/n/nkremerh/.local/bin:/afs/crc.nd.edu/group/ccl/software/x86_64/redhat7/povray/3.7/bin:/afs/crc.nd.edu/user/n/nkremerh/.perl5/bin:/afs/crc.nd.edu/user/n/nkremerh/pegasus/bin:/afs/crc.nd.edu/user/n/nkremerh/nodejs/bin:/afs/crc.nd.edu/user/n/nkremerh/montage/bin:/afs/crc.nd.edu/user/n/nkremerh/latexdiff:/afs/crc.nd.edu/user/n/nkremerh/envtrace:/afs/crc.nd.edu/user/n/nkremerh/endlines:/afs/crc.nd.edu/user/n/nkremerh/cctools/bin:/afs/crc.nd.edu/user/n/nkremerh/.cargo/bin:/afs/crc.nd.edu/group/ccl/software/x86_64/redhat7/ruby/current/bin:/afs/crc.nd.edu/group/ccl/software/x86_64/redhat7/graphviz/current/bin:/afs/crc.nd.edu/group/ccl/software/x86_64/redhat7/gnuplot/current/bin:/afs/crc.nd.edu/group/ccl/software/x86_64/redhat7/git/current/bin:/afs/crc.nd.edu/group/ccl/software/x86_64/redhat7/condor/current/sbin:/afs/crc.nd.edu/group/ccl/software/x86_64/redhat7/condor/current/bin:/afs/crc.nd.edu/group/ccl/software/x86_64/redhat7/cmake/current/bin:/afs/crc.nd.edu/group/ccl/software/x86_64/redhat7/clang/current/bin:/afs/crc.nd.edu/group/ccl/software/x86_64/redhat7/condor/current/sbin:/afs/crc.nd.edu/group/ccl/software/x86_64/redhat7/condor/current/bin:/afs/crc.nd.edu/group/ccl/software/x86_64/redhat7/cctools/current/bin:/afs/crc.nd.edu/x86_64_linux/Modules/4.5.0/bin:/opt/crc/usr/local/bin:/opt/sge/bin/lx-amd64:/usr/local/bin:/usr/bin:/usr/local/sbin:/usr/sbin:/afs/crc.nd.edu/user/c/condor/software/bin:/afs/crc.nd.edu/user/c/condor/software/sbin
MAIL=/var/spool/mail/nkremerh
PWD=/var/condor/execute/dir_3431/worker-213124-3484/t.1715
_LMFILES_=/afs/crc.nd.edu/x86_64_linux/Modules/modules/system_modules/CRC_default/1.1
SGE_EXECD_PORT=6445
EDITOR=vim
LANG=en_US.UTF-8
MODULEPATH=/afs/crc.nd.edu/x86_64_linux/Modules/modules/development_tools_and_libraries:/afs/crc.nd.edu/x86_64_linux/Modules/modules/general_software:/afs/crc.nd.edu/x86_64_linux/Modules/modules/restricted_software:/afs/crc.nd.edu/x86_64_linux/Modules/modules/system_modules:/afs/crc.nd.edu/x86_64_linux/Modules/modules/deprecated_software:/afs/crc.nd.edu/x86_64_linux/Modules/current/modulefiles
SGE_QMASTER_PORT=6444
SGE_ROOT=/opt/sge
LOADEDMODULES=CRC_default/1.1
WORK_QUEUE_SANDBOX=/var/condor/execute/dir_3431/worker-213124-3484
_CONDOR_SLOT=slot1
CCLPLATFORM=x86_64/redhat7
USE_SYSTEMD=true
_CONDOR_ANCESTOR_4261=3431:1594946670:4145456536
_CONDOR_LOWPORT=9100
KRB5CCNAME=FILE:/tmp/krb5cc_213124_0wTNSp
HISTCONTROL=ignoreboth:erasedups
PATH_modshare=/opt/crc/usr/local/bin:1:/opt/sge/bin/lx-amd64:1:/usr/sbin:1:/usr/bin:1:/afs/crc.nd.edu/user/c/condor/software/sbin:1:/usr/local/sbin:1:/afs/crc.nd.edu/user/c/condor/software/bin:1:/usr/local/bin:1
SHLVL=7
HOME=/afs/crc.nd.edu/user/n/nkremerh
GLOBUS_GSSAPI_NAME_COMPATIBILITY=STRICT_RFC2818
_CONDOR_ANCESTOR_3989=4261:1593343483:4184216969
_CONDOR_MACHINE_AD=/var/condor/execute/dir_3431/.machine.ad
OSTYPE=linux
DISK=916727
GREP_OPTIONS=--color=auto
GLOBUS_GSSAPI_MIN_TLS_PROTOCOL=TLS1_VERSION
MEMORY=15899
MANPATH_modshare=/usr/share/man/overrides:1:/usr/local/share/man:1:/usr/share/man:1:/opt/crc/usr/local/man:1:/opt/sge/man:1
VENDOR=unknown
BASH_ENV=/afs/crc.nd.edu/x86_64_linux/Modules/4.5.0/init/bash
PERL_LOCAL_LIB_ROOT=/afs/crc.nd.edu/user/n/nkremerh/.perl5/
PYTHONPATH=/afs/crc.nd.edu/user/n/nkremerh/cctools/lib/python3.6/site-packages/
CCLHOME=/afs/crc.nd.edu/group/ccl
MACHTYPE=x86_64
LOGNAME=nkremerh
TMP=/var/condor/execute/dir_3431/worker-213124-3484/t.1715/cctools-temp-t.1715.QjmbIK
LD_LIBRARY_PATH_modshare=/opt/crc/usr/local/lib:1
MODULES_LMALTNAME_modshare=CRC_default/1.1&CRC_default/default&CRC_default:1
SSH_CONNECTION=10.17.145.58 38176 129.74.128.103 22
_CONDOR_ANCESTOR_3431=3448:1594946671:2687029234
MODULESHOME=/afs/crc.nd.edu/x86_64_linux/Modules/4.5.0
OMP_NUM_THREADS=1
LESSOPEN=||/usr/bin/lesspipe.sh %s
GLOBUS_GSSAPI_BACKWARD_COMPATIBLE_MIC=true
GLOBUS_GSSAPI_CIPHERS=HIGH
LOADEDMODULES_modshare=CRC_default/1.1:1
_CONDOR_JOB_AD=/var/condor/execute/dir_3431/.job.ad
SGE_CLUSTER_NAME=CRC
XDG_RUNTIME_DIR=/run/user/213124
CCTOOLS=../cctools
CORES=4
_CONDOR_JOB_IWD=/var/condor/execute/dir_3431
PERL_MM_OPT=INSTALL_BASE=/afs/crc.nd.edu/user/n/nkremerh/.perl5/
GLOBUS_GSSAPI_SERVER_CIPHER_ORDER=true
BASH_FUNC_module()=() {  unset _mlshdbg;
 if [ "${MODULES_SILENT_SHELL_DEBUG:-0}" = '1' ]; then
 case "$-" in 
 *v*x*)
 set +vx;
 _mlshdbg='vx'
 ;;
 *v*)
 set +v;
 _mlshdbg='v'
 ;;
 *x*)
 set +x;
 _mlshdbg='x'
 ;;
 *)
 _mlshdbg=''
 ;;
 esac;
 fi;
 unset _mlre _mlIFS;
 if [ -n "${IFS+x}" ]; then
 _mlIFS=$IFS;
 fi;
 IFS=' ';
 for _mlv in ${MODULES_RUN_QUARANTINE:-};
 do
 if [ "${_mlv}" = "${_mlv##*[!A-Za-z0-9_]}" -a "${_mlv}" = "${_mlv#[0-9]}" ]; then
 if [ -n "`eval 'echo ${'$_mlv'+x}'`" ]; then
 _mlre="${_mlre:-}${_mlv}_modquar='`eval 'echo ${'$_mlv'}'`' ";
 fi;
 _mlrv="MODULES_RUNENV_${_mlv}";
 _mlre="${_mlre:-}${_mlv}='`eval 'echo ${'$_mlrv':-}'`' ";
 fi;
 done;
 if [ -n "${_mlre:-}" ]; then
 eval `eval ${_mlre}/usr/bin/tclsh /afs/crc.nd.edu/x86_64_linux/Modules/4.5.0/libexec/modulecmd.tcl bash '"$@"'`;
 else
 eval `/usr/bin/tclsh /afs/crc.nd.edu/x86_64_linux/Modules/4.5.0/libexec/modulecmd.tcl bash "$@"`;
 fi;
 _mlstatus=$?;
 if [ -n "${_mlIFS+x}" ]; then
 IFS=$_mlIFS;
 else
 unset IFS;
 fi;
 unset _mlre _mlv _mlrv _mlIFS;
 if [ -n "${_mlshdbg:-}" ]; then
 set -$_mlshdbg;
 fi;
 unset _mlshdbg;
 return $_mlstatus
}
BASH_FUNC_ml()=() {  module ml "$@"
}
_=/usr/bin/printenv
