22195   0.000000 libjli.so->getenv("_JAVA_LAUNCHER_DEBUG") = nil
22195   0.001946 libjli.so->getenv("_JAVA_VERSION_SET") = nil
22195   0.000859 libjli.so->fopen("/usr/lib/jvm/java-1.8.0-openjdk-1.8.0.262.b10-0.el7_8.x86_64/jre/lib/amd64/jvm.cfg", "r") = 0x55724703e0e0
22195   0.000865 libjli.so->getenv("JDK_ALTERNATE_VM") = nil
22195   0.000315 libjli.so->__xstat(1, "/usr/lib/jvm/java-1.8.0-openjdk-1.8.0.262.b10-0.el7_8.x86_64/jre/lib/amd64/server/libjvm.so", 0x7ffd2eee9400) = 0
22195   0.000612 libjli.so->getenv("LD_LIBRARY_PATH") = "/afs/crc.nd.edu/group/ccl/software/x86_64/redhat7/ruby/current/lib:/afs/crc.nd.edu/group/ccl/software/x86_64/redhat7/graphviz/current/lib:/afs/crc.nd.edu/group/ccl/software/x86_64/redhat7/git/current/lib:/afs/crc.nd.edu/group/ccl/software/x86_64/redhat7/condor/current/lib:/afs/crc.nd.edu/group/ccl/software/x86_64/redhat7/clang/current/lib:/afs/crc.nd.edu/group/ccl/software/x86_64/redhat7/condor/current/lib:/afs/crc.nd.edu/group/ccl/software/x86_64/redhat7/cctools/current/lib:/opt/crc/usr/local/lib"
22195   0.002308 libjli.so->dlopen("/usr/lib/jvm/java-1.8.0-openjdk-1.8.0.262.b10-0.el7_8.x86_64/jre/lib/amd64/server/libjvm.so", 258 <unfinished ...>
22195   0.038852 libjvm.so->getenv("NMT_LEVEL_22195") = nil
22195   0.001742 <... dlopen resumed> )          = 0x55724703e4b0
22195   0.000095 libjli.so->getenv("CLASSPATH")  = nil
22195   0.000333 libjli.so->getenv("_JAVA_SPLASH_JAR") = nil
22195   0.000312 libjli.so->getenv("_JAVA_SPLASH_FILE") = nil
22195   0.000330 libjli.so->pthread_attr_setdetachstate(0x7ffd2eee93b0, 0, 0x7ffd2eee9440, 0) = 0
22195   0.000615 libpthread.so.0->__clone(0x2b802e001de0, 0x2b802df14fc0, 0x3d0f00, 0x2b802df15700) = 0x56b4
22196   0.002084 libjvm.so->dlopen(0x2b802f7e09ae, 1, 0xfffffffffff42c48, 4096) = 0x2b8034000990
22196   0.003356 libjvm.so->getenv(0x2b802f7fb83e, 0, 115, 0x65737361) = 0x7ffd2eeef653
22196   0.000480 libjvm.so->fopen(0x2b802df13c10, 0x2b802f797ccb, 0x6f732e79666972, 0x2b802e8d9ab0) = 0x2b8034001440
22196   0.001831 libjvm.so->dlopen(0x2b802df13c10, 1, 0xffffffff, 0x2b8034002b00) = 0x2b8034001440
22196   0.001817 libjvm.so->fopen(0x2b802df13c10, 0x2b802f797ccb, 111, 0x732e6176) = 0x2b8034001b10
22196   0.002738 libjvm.so->dlopen(0x2b802df13c10, 1, 0xffffffff, 0x2b8034001a00) = 0x2b8034001b10
22196   0.001837 libjvm.so->__xstat(1, 0x2b802df14360, 0x2b802df14ba0, 0x746f7073746f682e) = -1
22196   0.000585 libjvm.so->getenv(0x2b802f790541, 0x2b802df146d0, 1024, 0x2b802fc4a61b) = 0
22196   0.000487 libjvm.so->getenv(0x2b802f790533, 0x2b802df146d0, 1024, 0) = 0
22196   0.000478 libjvm.so->fopen(0x2b802f7e0315, 0x2b802f797ccb, 4095, 0xffffd47fd086fb03) = 0x2b80340032d0
22196   0.001305 libjvm.so->fopen(0x2b802f7e0361, 0x2b802f797ccb, 0x2b8034000078, 0x2b80340032c0) = 0x2b80340032d0
22196   0.000874 libjvm.so->fopen(0x2b802df0e9b0, 0x2b802f797ccb, 4016, 3997) = 0x2b80340032d0
22196   0.000703 libjvm.so->opendir(0x2b8034002b40, 0x2b8034002b40, 13, 16) = 0
22196   0.000502 libjvm.so->__xstat(1, 0x2b802df138f0, 0x2b802df12860, 0x6f732e7477616d62) = -1
22196   0.000590 libjvm.so->__xstat(1, 0x2b802df138f0, 0x2b802df12860, 0x5f74776162696c2f) = 0
22196   0.000518 libjvm.so->fopen(0x2b802df12b90, 0x2b802f797ccb, 4011, 3996) = 0x2b80340037b0
22196   0.000712 libjvm.so->fopen(0x2b802df12b90, 0x2b802f797ccb, 4011, 3996) = 0x2b80340037b0
22196   0.000741 libjvm.so->fopen(0x2b802df12b90, 0x2b802f797ccb, 4011, 4004) = 0x2b80340037b0
22196   0.000796 libjvm.so->fopen(0x2b802df12b20, 0x2b802f797ccb, 4011, 3996) = 0x2b80340037b0
22196   0.000783 libjvm.so->fopen(0x2b802df12b20, 0x2b802f797ccb, 4011, 3996) = 0x2b80340037b0
22196   0.000700 libjvm.so->fopen(0x2b802df12b20, 0x2b802f797ccb, 4011, 4004) = 0x2b80340037b0
22196   0.000814 libjvm.so->fopen(0x2b802df12b50, 0x2b802f797ccb, 4016, 3997) = 0x2b80340037b0
22196   0.001460 libjvm.so->getenv(0x2b802f7e10ff, 4096, 3, -1) = 0
22196   0.001094 libjvm.so->fopen(0x2b802f7e0998, 0x2b802f797ccb, 0x2b802dff8908, 0x2b802dff7df0) = 0x2b80340037b0
22196   0.006490 libjvm.so->open(0x2b803404a5a0, 0x20000, 0, 0x2b803404a5e9) = 3
22196   0.000477 libjvm.so->__fxstat(1, 3, 0x2b802df14a00, -1) = 0
22196   0.000520 libjvm.so->opendir(0x2b803404a5a0, 0x2b802df14a00, 0x4000, -1) = 0x2b803404b4b0
22196   0.000522 libjvm.so->__fxstat(1, 3, 0x2b802df148a0, 0x2b803404b4b0) = 0
22196   0.000439 libjvm.so->__fxstat(1, 5, 0x2b802df14930, -1) = 0
22196   0.000485 libjvm.so->open(0x2b802f7ae9dc, 0, 0, 0) = 3
22196   0.000802 libjvm.so->__lxstat(1, 0x2b803404a5a0, 0x2b802df14b50, -144) = 0
22196   0.000495 libjvm.so->open(0x2b803404a5a0, 0x20000, 0x4000, -1) = 3
22196   0.000771 libjvm.so->__fxstat(1, 3, 0x2b802df14a00, -1) = 0
22196   0.000554 libjvm.so->opendir(0x2b803404a5a0, 0x2b802df14a00, 0x4000, -1) = 0x2b803404b4b0
22196   0.000557 libjvm.so->__fxstat(1, 3, 0x2b802df148a0, 0x2b803404b4b0) = 0
22196   0.000487 libjvm.so->__fxstat(1, 5, 0x2b802df14930, -1) = 0
22196   0.000634 libjvm.so->open(0x2b802f7ae9dc, 0, 0, 0) = 3
22196   0.000548 libjvm.so->open(0x2b803404a5e9, 0x20042, 384, -1) = 7
22196   0.000909 libjvm.so->__fxstat(1, 7, 0x2b802df14b50, -1) = 0
22196   0.002052 libjvm.so->fopen(0x2b802df13b60, 0x2b802f797ccb, 4, 0x6f732e70) = 0x2b8034057c00
22196   0.002719 libjvm.so->dlopen(0x2b802df13b60, 1, 0xffffffff, 0x2b8034057b00) = 0x2b8034057c00
22196   0.001716 libjvm.so->__xstat(1, 0x2b802df14120, 0x2b802df14950, 2048) = 0
22196   0.000514 libjvm.so->__xstat(1, 0x2b802df14120, 0x2b802df14950, 2048) = 0
22196   0.000559 libjvm.so->__xstat(1, 0x2b802df14120, 0x2b802df14950, 2048) = -1
22196   0.000562 libjvm.so->__xstat(1, 0x2b802df14120, 0x2b802df14950, 2048) = 0
22196   0.000551 libjvm.so->__xstat(1, 0x2b802df14120, 0x2b802df14950, 2048) = 0
22196   0.000496 libjvm.so->__xstat(1, 0x2b802df14120, 0x2b802df14950, 2048) = 0
22196   0.000547 libjvm.so->__xstat(1, 0x2b802df14120, 0x2b802df14950, 2048) = 0
22196   0.000515 libjvm.so->__xstat(1, 0x2b802df14120, 0x2b802df14950, 2048) = -1
22196   0.000539 libjvm.so->fopen(0x2b8034002520, 0x2b802f797ccb, 0, 0) = 0x2b8034058aa0
22196   0.009869 libjvm.so->open64(0x2b802df13410, 0, 0, 16) = 3
22196   0.000525 libjvm.so->__fxstat64(1, 3, 0x2b802df13240, -1) = 0
22196   0.047871 libjvm.so->__xstat(1, 0x2b802df13f20, 0x2b802df14750, 2048) = -1
22196   0.000770 libjvm.so->fopen(0x2b802df12b20, 0x2b802f797ccb, 4011, 3996) = 0x2b80340b1fb0
22196   0.000751 libjvm.so->fopen(0x2b802df12b20, 0x2b802f797ccb, 4011, 3996) = 0x2b80340b1fb0
22196   0.000698 libjvm.so->fopen(0x2b802df12b20, 0x2b802f797ccb, 4011, 4004) = 0x2b80340b1fb0
22196   0.004651 libjvm.so->pthread_attr_setdetachstate(0x2b802df14c00, 1, 0, 0) = 0
22196   0.000579 libpthread.so.0->__clone(0x2b802e001de0, 0x2b8033885fc0, 0x3d0f00, 0x2b8033886700) = 0x56b5
22196   0.017937 libjvm.so->pthread_attr_setdetachstate(0x2b802df14290, 1, 0, 0) = 0
22196   0.000876 libpthread.so.0->__clone(0x2b802e001de0, 0x2b8033986fc0, 0x3d0f00, 0x2b8033987700) = 0x56b6
22196   0.007990 libjvm.so->pthread_attr_setdetachstate(0x2b802df14610, 1, 0, 0) = 0
22196   0.000798 libpthread.so.0->__clone(0x2b802e001de0, 0x2b8033a87fc0, 0x3d0f00, 0x2b8033a88700) = 0x56b7
22196   0.043855 libjvm.so->fopen(0x2b80340f17f0, 0x2b802f797ccb, 4, 0x6f732e70) = 0x2b80340f1cf0
22196   0.002202 libjvm.so->dlopen(0x2b80340f17f0, 1, 0xffffffff, 0x2b80340e8c00) = 0x2b8034057c00
22196   0.006076 libjvm.so->open64(0x2b802df13510, 0, 0, 16) = 5
22196   0.000978 libjvm.so->__fxstat64(1, 5, 0x2b802df13340, -1) = 0
22196   0.024778 libjvm.so->fopen(0x2b802df10130, 0x2b802f797ccb, 4011, 3996) = 0x2b80340fccc0
22196   0.001226 libjvm.so->fopen(0x2b802df10130, 0x2b802f797ccb, 4011, 3996) = 0x2b80340fccc0
22196   0.001091 libjvm.so->fopen(0x2b802df10130, 0x2b802f797ccb, 4011, 4004) = 0x2b80340fccc0
22196   0.016422 libjvm.so->pthread_attr_setdetachstate(0x2b802df14b50, 1, 0, 0) = 0
22196   0.001356 libpthread.so.0->__clone(0x2b802e001de0, 0x2b8033b88fc0, 0x3d0f00, 0x2b8033b89700) = 0x56b8
22196   0.001727 libjvm.so->__xstat64(1, 0x2b802df14be0, 0x2b802df14b50, 19) = -1
22196   0.001212 libjvm.so->pthread_attr_setdetachstate(0x2b802df14950, 1, 0, 0) = 0
22196   0.001123 libpthread.so.0->__clone(0x2b802e001de0, 0x2b8033c89fc0, 0x3d0f00, 0x2b8033c8a700) = 0x56b9
22196   0.003496 libjvm.so->pthread_attr_setdetachstate(0x2b802df14950, 1, 0, 0) = 0
22196   0.002348 libpthread.so.0->__clone(0x2b802e001de0, 0x2b8033d8afc0, 0x3d0f00, 0x2b8033d8b700) = 0x56ba
22196   0.011153 libjvm.so->pthread_attr_setdetachstate(0x2b802df14aa0, 1, 0, 0) = 0
22196   0.001762 libpthread.so.0->__clone(0x2b802e001de0, 0x2b8033e8bfc0, 0x3d0f00, 0x2b8033e8c700) = 0x56bc
22196   0.002629 libjvm.so->pthread_attr_setdetachstate(0x2b802df14bb0, 1, 0, 0) = 0
22196   0.001645 libpthread.so.0->__clone(0x2b802e001de0, 0x2b8033f8cfc0, 0x3d0f00, 0x2b8033f8d700) = 0x56bd
22196   0.017595 libjvm.so->open64(0x2b80341208a0, 0, 0, 32) = 7
22196   0.001774 libjvm.so->__fxstat64(1, 7, 0x2b802df11f60, -1) = 0
22196   0.031798 libjvm.so->fopen(0x2b80341546e0, 0x2b802f797ccb, 4, 0x6f732e6f) = 0x2b80341547a0
22196   0.003713 libjvm.so->dlopen(0x2b80341546e0, 1, 0xffffffff, 0x2b8034154700) = 0x2b80341547a0
22202   0.062169 --- SIGSEGV (Segmentation fault) ---
22196   0.056119 libjvm.so->fopen(0x2b802df0ee40, 0x2b802f797ccb, 0x6f732e, 0x6d766a62696c2f72) = 0x2b8034169f40
22196   0.009690 libjvm.so->dlopen(0x2b802df0ee40, 1, 0xffffffff, 0x2b8034169e00) = 0x55724703e4b0
22196   0.001754 libjvm.so->fopen(0x2b802df0ee40, 0x2b802f797ccb, 0x6f732e, 0x6d766a62696c2f72) = 0x2b803416a340
22196   0.005961 libjvm.so->dlopen(0x2b802df0ee40, 1, 0xffffffff, 0x2b8034169e00) = 0x55724703e4b0
22196   0.001701 libjvm.so->fopen(0x2b802df0ee40, 0x2b802f797ccb, 0x6f732e, 0x6d766a62696c2f72) = 0x2b8034169f40
22196   0.003581 libjvm.so->dlopen(0x2b802df0ee40, 1, 0xffffffff, 0x2b8034169e00) = 0x55724703e4b0
22196   0.004764 libjvm.so->fopen(0x2b802df0ee40, 0x2b802f797ccb, 0x6f732e, 0x6d766a62696c2f72) = 0x2b8034169f40
22196   0.003746 libjvm.so->dlopen(0x2b802df0ee40, 1, 0xffffffff, 0x2b8034169e00) = 0x55724703e4b0
22196   0.049466 libjvm.so->fopen(0x2b80341df4c0, 0x2b802f797ccb, 4, 0x6f732e74) = 0x2b80341ed310
22196   0.003676 libjvm.so->dlopen(0x2b80341df4c0, 1, 0xffffffff, 0x2b80341d5400) = 0x2b80341ed310
22196   0.143137 libjvm.so->fopen(0x2b80342405c0, 0x2b802f797ccb, 0x6f732e7373656c, 0x656c646165685f74) = 0x2b80342406a0
22196   0.002967 libjvm.so->dlopen(0x2b80342405c0, 1, 0xffffffff, 0x2b8034240600) = 0x2b80342406a0
22205   0.039189 +++ exited (status 0) +++
22197   0.000771 +++ exited (status 0) +++
22196   0.000292 +++ exited (status 0) +++
22204   0.000289 +++ exited (status 1) +++
22202   0.000027 +++ exited (status 1) +++
22200   0.000026 +++ exited (status 1) +++
22199   0.000014 +++ exited (status 1) +++
22198   0.000014 +++ exited (status 1) +++
22201   0.005374 +++ exited (status 1) +++
22195   0.000049 +++ exited (status 1) +++
Wrote an ltrace for command: "java -cp ./tools/maxent.jar density.Project outputs/Coptocercus_assimilis/Coptocercus_assimilis.lambdas data/layers/worldclim outputs/Coptocercus_assimilis_worldclim.asc nowarnings nocache autorun -z" with PID 22193 from PPID 22177 on disc25.crc.nd.edu with result 1
REMOTEHOST=10.17.145.58
_CONDOR_JOB_PIDS=
MANPATH=/afs/crc.nd.edu/user/n/nkremerh/cctools/share/man/:/afs/crc.nd.edu/group/ccl/software/x86_64/redhat7/ruby/current/share/man:/afs/crc.nd.edu/group/ccl/software/x86_64/redhat7/graphviz/current/share/man:/afs/crc.nd.edu/group/ccl/software/x86_64/redhat7/gnuplot/current/share/man:/afs/crc.nd.edu/group/ccl/software/x86_64/redhat7/git/current/share/man:/afs/crc.nd.edu/group/ccl/software/x86_64/redhat7/condor/current/share/man:/afs/crc.nd.edu/group/ccl/software/x86_64/redhat7/clang/current/share/man:/afs/crc.nd.edu/group/ccl/software/x86_64/redhat7/condor/current/share/man:/afs/crc.nd.edu/group/ccl/software/x86_64/redhat7/cctools/current/share/man:/afs/crc.nd.edu/group/ccl/software/x86_64/redhat7/cctools/current/share/man:/afs/crc.nd.edu/x86_64_linux/Modules/4.5.0/share/man:/opt/crc/usr/local/man:/opt/sge/man:/usr/share/man/overrides:/usr/share/man:/usr/local/share/man
XDG_SESSION_ID=3301
HOSTNAME=disc01.crc.nd.edu
_LMFILES__modshare=/afs/crc.nd.edu/x86_64_linux/Modules/modules/system_modules/CRC_default/1.1:1
MODULEPATH_modshare=/afs/crc.nd.edu/x86_64_linux/Modules/modules/general_software:1:/afs/crc.nd.edu/x86_64_linux/Modules/modules/development_tools_and_libraries:1:/afs/crc.nd.edu/x86_64_linux/Modules/modules/system_modules:1:/afs/crc.nd.edu/x86_64_linux/Modules/current/modulefiles:1:/afs/crc.nd.edu/x86_64_linux/Modules/modules/restricted_software:1:/afs/crc.nd.edu/x86_64_linux/Modules/modules/deprecated_software:1
MODULES_CMD=/afs/crc.nd.edu/x86_64_linux/Modules/4.5.0/libexec/modulecmd.tcl
HOST=disc01.crc.nd.edu
SHELL=/bin/tcsh
TERM=xterm-256color
MAKEFLAGS=
HISTSIZE=5000
TMPDIR=/var/condor/execute/dir_3431/worker-213124-3484/t.1853/cctools-temp-t.1853.cIOeVf
SSH_CLIENT=10.17.145.58 38176 22
PERL5LIB=/afs/crc.nd.edu/user/n/nkremerh/cctools/lib/perl5/site_perl/5.16.3:/afs/crc.nd.edu/user/n/nkremerh/.perl5/lib/perl5
SGE_CELL=crc
_CONDOR_SCRATCH_DIR=/var/condor/execute/dir_3431
PERL_MB_OPT=--install_base '/afs/crc.nd.edu/user/n/nkremerh/.perl5/'
SSH_TTY=/dev/pts/0
SGE_LOAD_AVG=load_avg
MAKEFLOW_MAX_LOCAL_JOBS=2
HISTFILESIZE=10000
_CHIRP_DELAYED_UPDATE_PREFIX=Chirp*
USER=nkremerh
GROUP=campus
LD_LIBRARY_PATH=/afs/crc.nd.edu/group/ccl/software/x86_64/redhat7/ruby/current/lib:/afs/crc.nd.edu/group/ccl/software/x86_64/redhat7/graphviz/current/lib:/afs/crc.nd.edu/group/ccl/software/x86_64/redhat7/git/current/lib:/afs/crc.nd.edu/group/ccl/software/x86_64/redhat7/condor/current/lib:/afs/crc.nd.edu/group/ccl/software/x86_64/redhat7/clang/current/lib:/afs/crc.nd.edu/group/ccl/software/x86_64/redhat7/condor/current/lib:/afs/crc.nd.edu/group/ccl/software/x86_64/redhat7/cctools/current/lib:/opt/crc/usr/local/lib
TEMP=/var/condor/execute/dir_3431/worker-213124-3484/t.1853/cctools-temp-t.1853.cIOeVf
BATCH_SYSTEM=HTCondor
WORKER_TMPDIR=/var/condor/execute/dir_3431/worker-213124-3484/cache/tmp
ENV=/afs/crc.nd.edu/x86_64_linux/Modules/4.5.0/init/profile.sh
MODULES_LMALTNAME=CRC_default/1.1&CRC_default/default&CRC_default
_CONDOR_CHIRP_CONFIG=/var/condor/execute/dir_3431/.chirp.config
GLOBUS_GSSAPI_MAX_TLS_PROTOCOL=0
_CONDOR_HIGHPORT=9999
HOSTTYPE=x86_64-linux
MAKELEVEL=1
MFLAGS=
CCLSOFTWARE=/afs/crc.nd.edu/group/ccl/software/x86_64/redhat7
PATH=/afs/crc.nd.edu/user/n/nkremerh/cctools/bin:/afs/crc.nd.edu/user/n/nkremerh/miniconda/bin:/afs/crc.nd.edu/group/ccl/software/git:/afs/crc.nd.edu/user/n/nkremerh/.local/bin:/afs/crc.nd.edu/group/ccl/software/x86_64/redhat7/povray/3.7/bin:/afs/crc.nd.edu/user/n/nkremerh/.perl5/bin:/afs/crc.nd.edu/user/n/nkremerh/pegasus/bin:/afs/crc.nd.edu/user/n/nkremerh/nodejs/bin:/afs/crc.nd.edu/user/n/nkremerh/montage/bin:/afs/crc.nd.edu/user/n/nkremerh/latexdiff:/afs/crc.nd.edu/user/n/nkremerh/envtrace:/afs/crc.nd.edu/user/n/nkremerh/endlines:/afs/crc.nd.edu/user/n/nkremerh/cctools/bin:/afs/crc.nd.edu/user/n/nkremerh/.cargo/bin:/afs/crc.nd.edu/group/ccl/software/x86_64/redhat7/ruby/current/bin:/afs/crc.nd.edu/group/ccl/software/x86_64/redhat7/graphviz/current/bin:/afs/crc.nd.edu/group/ccl/software/x86_64/redhat7/gnuplot/current/bin:/afs/crc.nd.edu/group/ccl/software/x86_64/redhat7/git/current/bin:/afs/crc.nd.edu/group/ccl/software/x86_64/redhat7/condor/current/sbin:/afs/crc.nd.edu/group/ccl/software/x86_64/redhat7/condor/current/bin:/afs/crc.nd.edu/group/ccl/software/x86_64/redhat7/cmake/current/bin:/afs/crc.nd.edu/group/ccl/software/x86_64/redhat7/clang/current/bin:/afs/crc.nd.edu/group/ccl/software/x86_64/redhat7/condor/current/sbin:/afs/crc.nd.edu/group/ccl/software/x86_64/redhat7/condor/current/bin:/afs/crc.nd.edu/group/ccl/software/x86_64/redhat7/cctools/current/bin:/afs/crc.nd.edu/x86_64_linux/Modules/4.5.0/bin:/opt/crc/usr/local/bin:/opt/sge/bin/lx-amd64:/usr/local/bin:/usr/bin:/usr/local/sbin:/usr/sbin:/afs/crc.nd.edu/user/c/condor/software/bin:/afs/crc.nd.edu/user/c/condor/software/sbin
MAIL=/var/spool/mail/nkremerh
PWD=/var/condor/execute/dir_3431/worker-213124-3484/t.1853
_LMFILES_=/afs/crc.nd.edu/x86_64_linux/Modules/modules/system_modules/CRC_default/1.1
SGE_EXECD_PORT=6445
EDITOR=vim
LANG=en_US.UTF-8
MODULEPATH=/afs/crc.nd.edu/x86_64_linux/Modules/modules/development_tools_and_libraries:/afs/crc.nd.edu/x86_64_linux/Modules/modules/general_software:/afs/crc.nd.edu/x86_64_linux/Modules/modules/restricted_software:/afs/crc.nd.edu/x86_64_linux/Modules/modules/system_modules:/afs/crc.nd.edu/x86_64_linux/Modules/modules/deprecated_software:/afs/crc.nd.edu/x86_64_linux/Modules/current/modulefiles
SGE_QMASTER_PORT=6444
SGE_ROOT=/opt/sge
LOADEDMODULES=CRC_default/1.1
WORK_QUEUE_SANDBOX=/var/condor/execute/dir_3431/worker-213124-3484
_CONDOR_SLOT=slot1
CCLPLATFORM=x86_64/redhat7
USE_SYSTEMD=true
_CONDOR_ANCESTOR_4261=3431:1594946670:4145456536
_CONDOR_LOWPORT=9100
KRB5CCNAME=FILE:/tmp/krb5cc_213124_0wTNSp
HISTCONTROL=ignoreboth:erasedups
PATH_modshare=/opt/crc/usr/local/bin:1:/opt/sge/bin/lx-amd64:1:/usr/sbin:1:/usr/bin:1:/afs/crc.nd.edu/user/c/condor/software/sbin:1:/usr/local/sbin:1:/afs/crc.nd.edu/user/c/condor/software/bin:1:/usr/local/bin:1
SHLVL=7
HOME=/afs/crc.nd.edu/user/n/nkremerh
GLOBUS_GSSAPI_NAME_COMPATIBILITY=STRICT_RFC2818
_CONDOR_ANCESTOR_3989=4261:1593343483:4184216969
_CONDOR_MACHINE_AD=/var/condor/execute/dir_3431/.machine.ad
OSTYPE=linux
DISK=916727
GREP_OPTIONS=--color=auto
GLOBUS_GSSAPI_MIN_TLS_PROTOCOL=TLS1_VERSION
MEMORY=15899
MANPATH_modshare=/usr/share/man/overrides:1:/usr/local/share/man:1:/usr/share/man:1:/opt/crc/usr/local/man:1:/opt/sge/man:1
VENDOR=unknown
BASH_ENV=/afs/crc.nd.edu/x86_64_linux/Modules/4.5.0/init/bash
PERL_LOCAL_LIB_ROOT=/afs/crc.nd.edu/user/n/nkremerh/.perl5/
PYTHONPATH=/afs/crc.nd.edu/user/n/nkremerh/cctools/lib/python3.6/site-packages/
CCLHOME=/afs/crc.nd.edu/group/ccl
MACHTYPE=x86_64
LOGNAME=nkremerh
TMP=/var/condor/execute/dir_3431/worker-213124-3484/t.1853/cctools-temp-t.1853.cIOeVf
LD_LIBRARY_PATH_modshare=/opt/crc/usr/local/lib:1
MODULES_LMALTNAME_modshare=CRC_default/1.1&CRC_default/default&CRC_default:1
SSH_CONNECTION=10.17.145.58 38176 129.74.128.103 22
_CONDOR_ANCESTOR_3431=3448:1594946671:2687029234
MODULESHOME=/afs/crc.nd.edu/x86_64_linux/Modules/4.5.0
OMP_NUM_THREADS=1
LESSOPEN=||/usr/bin/lesspipe.sh %s
GLOBUS_GSSAPI_BACKWARD_COMPATIBLE_MIC=true
GLOBUS_GSSAPI_CIPHERS=HIGH
LOADEDMODULES_modshare=CRC_default/1.1:1
_CONDOR_JOB_AD=/var/condor/execute/dir_3431/.job.ad
SGE_CLUSTER_NAME=CRC
XDG_RUNTIME_DIR=/run/user/213124
CCTOOLS=../cctools
CORES=4
_CONDOR_JOB_IWD=/var/condor/execute/dir_3431
PERL_MM_OPT=INSTALL_BASE=/afs/crc.nd.edu/user/n/nkremerh/.perl5/
GLOBUS_GSSAPI_SERVER_CIPHER_ORDER=true
BASH_FUNC_module()=() {  unset _mlshdbg;
 if [ "${MODULES_SILENT_SHELL_DEBUG:-0}" = '1' ]; then
 case "$-" in 
 *v*x*)
 set +vx;
 _mlshdbg='vx'
 ;;
 *v*)
 set +v;
 _mlshdbg='v'
 ;;
 *x*)
 set +x;
 _mlshdbg='x'
 ;;
 *)
 _mlshdbg=''
 ;;
 esac;
 fi;
 unset _mlre _mlIFS;
 if [ -n "${IFS+x}" ]; then
 _mlIFS=$IFS;
 fi;
 IFS=' ';
 for _mlv in ${MODULES_RUN_QUARANTINE:-};
 do
 if [ "${_mlv}" = "${_mlv##*[!A-Za-z0-9_]}" -a "${_mlv}" = "${_mlv#[0-9]}" ]; then
 if [ -n "`eval 'echo ${'$_mlv'+x}'`" ]; then
 _mlre="${_mlre:-}${_mlv}_modquar='`eval 'echo ${'$_mlv'}'`' ";
 fi;
 _mlrv="MODULES_RUNENV_${_mlv}";
 _mlre="${_mlre:-}${_mlv}='`eval 'echo ${'$_mlrv':-}'`' ";
 fi;
 done;
 if [ -n "${_mlre:-}" ]; then
 eval `eval ${_mlre}/usr/bin/tclsh /afs/crc.nd.edu/x86_64_linux/Modules/4.5.0/libexec/modulecmd.tcl bash '"$@"'`;
 else
 eval `/usr/bin/tclsh /afs/crc.nd.edu/x86_64_linux/Modules/4.5.0/libexec/modulecmd.tcl bash "$@"`;
 fi;
 _mlstatus=$?;
 if [ -n "${_mlIFS+x}" ]; then
 IFS=$_mlIFS;
 else
 unset IFS;
 fi;
 unset _mlre _mlv _mlrv _mlIFS;
 if [ -n "${_mlshdbg:-}" ]; then
 set -$_mlshdbg;
 fi;
 unset _mlshdbg;
 return $_mlstatus
}
BASH_FUNC_ml()=() {  module ml "$@"
}
_=/usr/bin/printenv
