21413   0.000000 libjli.so->getenv("_JAVA_LAUNCHER_DEBUG") = nil
21413   0.001958 libjli.so->getenv("_JAVA_VERSION_SET") = nil
21413   0.000975 libjli.so->fopen("/usr/lib/jvm/java-1.8.0-openjdk-1.8.0.252.b09-2.el7_8.x86_64/jre/lib/amd64/jvm.cfg", "r") = 0x55ed5d61e0f0
21413   0.000797 libjli.so->getenv("JDK_ALTERNATE_VM") = nil
21413   0.000305 libjli.so->__xstat(1, "/usr/lib/jvm/java-1.8.0-openjdk-1.8.0.252.b09-2.el7_8.x86_64/jre/lib/amd64/server/libjvm.so", 0x7fffad8fd980) = 0
21413   0.000591 libjli.so->getenv("LD_LIBRARY_PATH") = "/afs/crc.nd.edu/group/ccl/software/x86_64/redhat7/ruby/current/lib:/afs/crc.nd.edu/group/ccl/software/x86_64/redhat7/graphviz/current/lib:/afs/crc.nd.edu/group/ccl/software/x86_64/redhat7/git/current/lib:/afs/crc.nd.edu/group/ccl/software/x86_64/redhat7/condor/current/lib:/afs/crc.nd.edu/group/ccl/software/x86_64/redhat7/clang/current/lib:/afs/crc.nd.edu/group/ccl/software/x86_64/redhat7/condor/current/lib:/afs/crc.nd.edu/group/ccl/software/x86_64/redhat7/cctools/current/lib:/opt/crc/usr/local/lib"
21413   0.002121 libjli.so->dlopen("/usr/lib/jvm/java-1.8.0-openjdk-1.8.0.252.b09-2.el7_8.x86_64/jre/lib/amd64/server/libjvm.so", 258 <unfinished ...>
21413   0.037017 libjvm.so->getenv("NMT_LEVEL_21413") = nil
21413   0.001809 <... dlopen resumed> )          = 0x55ed5d61e4c0
21413   0.000067 libjli.so->getenv("CLASSPATH")  = nil
21413   0.000299 libjli.so->getenv("_JAVA_SPLASH_JAR") = nil
21413   0.000355 libjli.so->getenv("_JAVA_SPLASH_FILE") = nil
21413   0.000381 libjli.so->pthread_attr_setdetachstate(0x7fffad8fd930, 0, 0x7fffad8fd9c0, 0) = 0
21413   0.000622 libpthread.so.0->__clone(0x2b5078385de0, 0x2b5078298fc0, 0x3d0f00, 0x2b5078299700) = 0x53a6
21414   0.001511 libjvm.so->dlopen(0x2b5079ae552e, 1, 0xfffffffffff42c48, 4096) = 0x2b507c000990
21414   0.002864 libjvm.so->getenv(0x2b5079b002c0, 0, 115, 0x65737361) = 0x7fffad9036cd
21414   0.000502 libjvm.so->fopen(0x2b5078297be0, 0x2b5079a9f9ab, 0x6f732e79666972, 0x2b5078c5dab0) = 0x2b507c001440
21414   0.001693 libjvm.so->dlopen(0x2b5078297be0, 1, 0xffffffff, 0x2b507c002b00) = 0x2b507c001440
21414   0.001648 libjvm.so->fopen(0x2b5078297be0, 0x2b5079a9f9ab, 111, 0x732e6176) = 0x2b507c001b10
21414   0.001982 libjvm.so->dlopen(0x2b5078297be0, 1, 0xffffffff, 0x2b507c001a00) = 0x2b507c001b10
21414   0.001720 libjvm.so->__xstat(1, 0x2b5078298330, 0x2b5078298b70, 0x637274) = -1
21414   0.000503 libjvm.so->getenv(0x2b5079a98226, 0x2b50782986a0, 1024, 0x2b5079f3c5db) = 0
21414   0.000479 libjvm.so->getenv(0x2b5079a98218, 0x2b50782986a0, 1024, 0) = 0
21414   0.000463 libjvm.so->fopen(0x2b5079ae4e95, 0x2b5079a9f9ab, 4095, 24) = 0x2b507c003290
21414   0.001192 libjvm.so->fopen(0x2b5079ae4ee1, 0x2b5079a9f9ab, 0x2b507c000078, 0x2b507c003280) = 0x2b507c003290
21414   0.000777 libjvm.so->fopen(0x2b5078292980, 0x2b5079a9f9ab, 4016, 3997) = 0x2b507c003290
21414   0.000706 libjvm.so->opendir(0x2b507c002b40, 0x2b507c002b40, 13, 16) = 0
21414   0.000503 libjvm.so->__xstat(1, 0x2b50782978c0, 0x2b5078296830, 0x6f732e7477616d62) = -1
21414   0.000585 libjvm.so->__xstat(1, 0x2b50782978c0, 0x2b5078296830, 0x5f74776162696c2f) = 0
21414   0.000988 libjvm.so->fopen(0x2b5078296b60, 0x2b5079a9f9ab, 4011, 3996) = 0x2b507c003770
21414   0.000803 libjvm.so->fopen(0x2b5078296b60, 0x2b5079a9f9ab, 4011, 3996) = 0x2b507c003770
21414   0.000646 libjvm.so->fopen(0x2b5078296b60, 0x2b5079a9f9ab, 4011, 4004) = 0x2b507c003770
21414   0.000759 libjvm.so->fopen(0x2b5078296af0, 0x2b5079a9f9ab, 4011, 3996) = 0x2b507c003770
21414   0.000653 libjvm.so->fopen(0x2b5078296af0, 0x2b5079a9f9ab, 4011, 3996) = 0x2b507c003770
21414   0.000745 libjvm.so->fopen(0x2b5078296af0, 0x2b5079a9f9ab, 4011, 4004) = 0x2b507c003770
21414   0.000709 libjvm.so->fopen(0x2b5078296b20, 0x2b5079a9f9ab, 4016, 3997) = 0x2b507c003770
21414   0.000901 libjvm.so->getenv(0x2b5079ae5c5e, 4096, 3, -1) = 0
21414   0.001070 libjvm.so->fopen(0x2b5079ae5518, 0x2b5079a9f9ab, 0x2b507837c908, 0x2b507837bdf0) = 0x2b507c003770
21414   0.005012 libjvm.so->open(0x2b507c04a560, 0x20000, 0, 0x2b507c04a5a9) = 3
21414   0.000477 libjvm.so->__fxstat(1, 3, 0x2b50782989d0, -1) = 0
21414   0.000484 libjvm.so->opendir(0x2b507c04a560, 0x2b50782989d0, 0x4000, -1) = 0x2b507c04b470
21414   0.000491 libjvm.so->__fxstat(1, 3, 0x2b5078298870, 0x2b507c04b470) = 0
21414   0.000473 libjvm.so->__fxstat(1, 5, 0x2b5078298900, -1) = 0
21414   0.000489 libjvm.so->open(0x2b5079ab685c, 0, 0, 0) = 3
21414   0.000648 libjvm.so->__lxstat(1, 0x2b507c04a560, 0x2b5078298b20, -144) = 0
21414   0.000534 libjvm.so->open(0x2b507c04a560, 0x20000, 0x4000, -1) = 3
21414   0.000448 libjvm.so->__fxstat(1, 3, 0x2b50782989d0, -1) = 0
21414   0.000447 libjvm.so->opendir(0x2b507c04a560, 0x2b50782989d0, 0x4000, -1) = 0x2b507c04b470
21414   0.000477 libjvm.so->__fxstat(1, 3, 0x2b5078298870, 0x2b507c04b470) = 0
21414   0.000512 libjvm.so->__fxstat(1, 5, 0x2b5078298900, -1) = 0
21414   0.000506 libjvm.so->open(0x2b5079ab685c, 0, 0, 0) = 3
21414   0.000532 libjvm.so->open(0x2b507c04a5a9, 0x20042, 384, -1) = 7
21414   0.000680 libjvm.so->__fxstat(1, 7, 0x2b5078298b20, -1) = 0
21414   0.001790 libjvm.so->fopen(0x2b5078297b30, 0x2b5079a9f9ab, 4, 0x6f732e70) = 0x2b507c057b50
21414   0.001449 libjvm.so->dlopen(0x2b5078297b30, 1, 0xffffffff, 0x2b507c057a00) = 0x2b507c057b50
21414   0.001470 libjvm.so->__xstat(1, 0x2b50782980f0, 0x2b5078298920, 2048) = 0
21414   0.000468 libjvm.so->__xstat(1, 0x2b50782980f0, 0x2b5078298920, 2048) = 0
21414   0.000480 libjvm.so->__xstat(1, 0x2b50782980f0, 0x2b5078298920, 2048) = -1
21414   0.000460 libjvm.so->__xstat(1, 0x2b50782980f0, 0x2b5078298920, 2048) = 0
21414   0.000491 libjvm.so->__xstat(1, 0x2b50782980f0, 0x2b5078298920, 2048) = 0
21414   0.000453 libjvm.so->__xstat(1, 0x2b50782980f0, 0x2b5078298920, 2048) = 0
21414   0.000565 libjvm.so->__xstat(1, 0x2b50782980f0, 0x2b5078298920, 2048) = -1
21414   0.000468 libjvm.so->__xstat(1, 0x2b50782980f0, 0x2b5078298920, 2048) = -1
21414   0.000535 libjvm.so->fopen(0x2b507c002520, 0x2b5079a9f9ab, 0, 0) = 0x2b507c0588c0
21414   0.008647 libjvm.so->open64(0x2b5078297490, 0, 0, 16) = 3
21414   0.000479 libjvm.so->__fxstat64(1, 3, 0x2b50782972c0, -1) = 0
21414   0.035334 libjvm.so->__xstat(1, 0x2b5078297ef0, 0x2b5078298720, 2048) = -1
21414   0.000573 libjvm.so->fopen(0x2b5078296af0, 0x2b5079a9f9ab, 4011, 3996) = 0x2b507c0b5b40
21414   0.000678 libjvm.so->fopen(0x2b5078296af0, 0x2b5079a9f9ab, 4011, 3996) = 0x2b507c0b5b40
21414   0.000642 libjvm.so->fopen(0x2b5078296af0, 0x2b5079a9f9ab, 4011, 4004) = 0x2b507c0b5b40
21414   0.004130 libjvm.so->pthread_attr_setdetachstate(0x2b5078298bd0, 1, 0, 0) = 0
21414   0.000552 libpthread.so.0->__clone(0x2b5078385de0, 0x2b507bf96fc0, 0x3d0f00, 0x2b507bf97700) = 0x53a7
21414   0.015651 libjvm.so->pthread_attr_setdetachstate(0x2b5078298260, 1, 0, 0) = 0
21414   0.000709 libpthread.so.0->__clone(0x2b5078385de0, 0x2b5090cddfc0, 0x3d0f00, 0x2b5090cde700) = 0x53a8
21414   0.008109 libjvm.so->pthread_attr_setdetachstate(0x2b50782985e0, 1, 0, 0) = 0
21414   0.000812 libpthread.so.0->__clone(0x2b5078385de0, 0x2b5090ddefc0, 0x3d0f00, 0x2b5090ddf700) = 0x53a9
21414   0.042057 libjvm.so->fopen(0x2b507c0e8b70, 0x2b5079a9f9ab, 4, 0x6f732e70) = 0x2b507c0f16d0
21414   0.002234 libjvm.so->dlopen(0x2b507c0e8b70, 1, 0xffffffff, 0x2b507c0e8600) = 0x2b507c057b50
21414   0.023888 libjvm.so->fopen(0x2b5078294130, 0x2b5079a9f9ab, 4011, 3996) = 0x2b507c0f8fa0
21414   0.001184 libjvm.so->fopen(0x2b5078294130, 0x2b5079a9f9ab, 4011, 3996) = 0x2b507c0f8fa0
21414   0.001141 libjvm.so->fopen(0x2b5078294130, 0x2b5079a9f9ab, 4011, 4004) = 0x2b507c0f8fa0
21414   0.015124 libjvm.so->pthread_attr_setdetachstate(0x2b5078298b20, 1, 0, 0) = 0
21414   0.000997 libpthread.so.0->__clone(0x2b5078385de0, 0x2b5090edffc0, 0x3d0f00, 0x2b5090ee0700) = 0x53aa
21414   0.001810 libjvm.so->__xstat64(1, 0x2b5078298bb0, 0x2b5078298b20, 19) = -1
21414   0.001155 libjvm.so->pthread_attr_setdetachstate(0x2b5078298920, 1, 0, 0) = 0
21414   0.001234 libpthread.so.0->__clone(0x2b5078385de0, 0x2b5090fe0fc0, 0x3d0f00, 0x2b5090fe1700) = 0x53ab
21414   0.001845 libjvm.so->pthread_attr_setdetachstate(0x2b5078298920, 1, 0, 0) = 0
21414   0.001334 libpthread.so.0->__clone(0x2b5078385de0, 0x2b50910e1fc0, 0x3d0f00, 0x2b50910e2700) = 0x53ac
21414   0.007797 libjvm.so->pthread_attr_setdetachstate(0x2b5078298a70, 1, 0, 0) = 0
21414   0.001398 libpthread.so.0->__clone(0x2b5078385de0, 0x2b50911e2fc0, 0x3d0f00, 0x2b50911e3700) = 0x53ad
21414   0.002342 libjvm.so->pthread_attr_setdetachstate(0x2b5078298b80, 1, 0, 0) = 0
21414   0.001660 libpthread.so.0->__clone(0x2b5078385de0, 0x2b50912e3fc0, 0x3d0f00, 0x2b50912e4700) = 0x53ae
21414   0.015129 libjvm.so->open64(0x2b507c12c540, 0, 0, 0) = 5
21414   0.001715 libjvm.so->__fxstat64(1, 5, 0x2b5078295f90, -1) = 0
21414   0.025258 libjvm.so->fopen(0x2b507c152780, 0x2b5079a9f9ab, 4, 0x6f732e6f) = 0x2b507c152840
21414   0.004555 libjvm.so->dlopen(0x2b507c152780, 1, 0xffffffff, 0x2b507c152700) = 0x2b507c152840
21414   0.125444 libjvm.so->fopen(0x2b507c18ea80, 0x2b5079a9f9ab, 4, 0x6f732e74) = 0x2b507c193a00
21414   0.003102 libjvm.so->dlopen(0x2b507c18ea80, 1, 0xffffffff, 0x2b507c18a000) = 0x2b507c19bdd0
21414   0.129421 libjvm.so->fopen(0x2b507c226f00, 0x2b5079a9f9ab, 0x6f732e7373656c, 0x656c646165685f74) = 0x2b507c226fe0
21414   0.002838 libjvm.so->dlopen(0x2b507c226f00, 1, 0xffffffff, 0x2b507c226f00) = 0x2b507c226fe0
21414   0.017904 libjvm.so->fopen(0x2b5078291a30, 0x2b5079a9f9ab, 0x6f732e, 0x6d766a62696c2f72) = 0x2b507c230d20
21414   0.005683 libjvm.so->dlopen(0x2b5078291a30, 1, 0xffffffff, 0x2b507c230300) = 0x55ed5d61e4c0
21414   0.001674 libjvm.so->fopen(0x2b5078291a30, 0x2b5079a9f9ab, 0x6f732e, 0x6d766a62696c2f72) = 0x2b507c230cc0
21414   0.004637 libjvm.so->dlopen(0x2b5078291a30, 1, 0xffffffff, 0x2b507c230300) = 0x55ed5d61e4c0
21414   0.001645 libjvm.so->fopen(0x2b5078291a30, 0x2b5079a9f9ab, 0x6f732e, 0x6d766a62696c2f72) = 0x2b507c230cc0
21414   0.003483 libjvm.so->dlopen(0x2b5078291a30, 1, 0xffffffff, 0x2b507c230300) = 0x55ed5d61e4c0
21414   0.001661 libjvm.so->fopen(0x2b5078291a30, 0x2b5079a9f9ab, 0x6f732e, 0x6d766a62696c2f72) = 0x2b507c230cc0
21414   0.003376 libjvm.so->dlopen(0x2b5078291a30, 1, 0xffffffff, 0x2b507c230300) = 0x55ed5d61e4c0
21414   0.221518 libjvm.so->fopen(0x2b5078295c40, 0x2b5079a9f9ab, 111, 0x732e6176) = 0x2b507c26c520
21414   0.003004 libjvm.so->dlopen(0x2b5078295c40, 1, 0xffffffff, 0x2b507c26c400) = 0x2b507c001b10
21414   0.001572 libjvm.so->fopen(0x2b5078295c40, 0x2b5079a9f9ab, 111, 0x732e6176) = 0x2b507c26c7d0
21414   0.003065 libjvm.so->dlopen(0x2b5078295c40, 1, 0xffffffff, 0x2b507c26c400) = 0x2b507c001b10
21414   0.001746 libjvm.so->fopen(0x2b5078295c40, 0x2b5079a9f9ab, 111, 0x732e6176) = 0x2b507c26c7d0
21414   0.002819 libjvm.so->dlopen(0x2b5078295c40, 1, 0xffffffff, 0x2b507c26c400) = 0x2b507c001b10
21414   0.001642 libjvm.so->fopen(0x2b5078295c40, 0x2b5079a9f9ab, 111, 0x732e6176) = 0x2b507c26c7d0
21414   0.002888 libjvm.so->dlopen(0x2b5078295c40, 1, 0xffffffff, 0x2b507c26c400) = 0x2b507c001b10
21414   0.030251 libjvm.so->fopen(0x2b5078295c40, 0x2b5079a9f9ab, 111, 0x732e6176) = 0x2b507c26c860
21414   0.002879 libjvm.so->dlopen(0x2b5078295c40, 1, 0xffffffff, 0x2b507c26fd00) = 0x2b507c001b10
21414   0.001758 libjvm.so->fopen(0x2b5078295c40, 0x2b5079a9f9ab, 111, 0x732e6176) = 0x2b507c26c860
21414   0.002914 libjvm.so->dlopen(0x2b5078295c40, 1, 0xffffffff, 0x2b507c26fd00) = 0x2b507c001b10
21414   0.001705 libjvm.so->fopen(0x2b5078295c40, 0x2b5079a9f9ab, 111, 0x732e6176) = 0x2b507c26c860
21414   0.002804 libjvm.so->dlopen(0x2b5078295c40, 1, 0xffffffff, 0x2b507c26fd00) = 0x2b507c001b10
21414   0.001663 libjvm.so->fopen(0x2b5078295c40, 0x2b5079a9f9ab, 111, 0x732e6176) = 0x2b507c26c860
21414   0.002926 libjvm.so->dlopen(0x2b5078295c40, 1, 0xffffffff, 0x2b507c26fd00) = 0x2b507c001b10
21419   0.236479 --- SIGSEGV (Segmentation fault) ---
21419   1.106420 --- SIGSEGV (Segmentation fault) ---
21422  10.895362 +++ exited (status 0) +++
21418   0.000470 +++ exited (status 0) +++
21415   0.000218 +++ exited (status 0) +++
21414   0.000232 +++ exited (status 0) +++
21421   0.000452 +++ exited (status 0) +++
21420   0.000031 +++ exited (status 0) +++
21417   0.000031 +++ exited (status 0) +++
21416   0.000016 +++ exited (status 0) +++
21419   0.021331 +++ exited (status 0) +++
21413   0.000057 +++ exited (status 0) +++
Wrote an ltrace for command: "java -cp ./tools/maxent.jar density.MaxEnt -s outputs/Athetis_stellata_Moore.csv -e data/layers/worldclim -o outputs/Athetis_stellata_Moore nowarnings nocache autorun -z" with PID 21411 from PPID 21392 on disc25.crc.nd.edu with result 0
REMOTEHOST=10.17.144.144
MANPATH=/afs/crc.nd.edu/user/n/nkremerh/cctools/share/man/:/afs/crc.nd.edu/group/ccl/software/x86_64/redhat7/ruby/current/share/man:/afs/crc.nd.edu/group/ccl/software/x86_64/redhat7/graphviz/current/share/man:/afs/crc.nd.edu/group/ccl/software/x86_64/redhat7/gnuplot/current/share/man:/afs/crc.nd.edu/group/ccl/software/x86_64/redhat7/git/current/share/man:/afs/crc.nd.edu/group/ccl/software/x86_64/redhat7/condor/current/share/man:/afs/crc.nd.edu/group/ccl/software/x86_64/redhat7/clang/current/share/man:/afs/crc.nd.edu/group/ccl/software/x86_64/redhat7/condor/current/share/man:/afs/crc.nd.edu/group/ccl/software/x86_64/redhat7/cctools/current/share/man:/afs/crc.nd.edu/group/ccl/software/x86_64/redhat7/cctools/current/share/man:/afs/crc.nd.edu/x86_64_linux/Modules/4.5.0/share/man:/opt/crc/usr/local/man:/opt/sge/man:/usr/share/man/overrides:/usr/share/man:/usr/local/share/man
_CONDOR_JOB_PIDS=
_CONDOR_ANCESTOR_24525=24530:1594671055:2748281650
XDG_SESSION_ID=2735
HOSTNAME=disc01.crc.nd.edu
_LMFILES__modshare=/afs/crc.nd.edu/x86_64_linux/Modules/modules/system_modules/CRC_default/1.1:1
MODULEPATH_modshare=/afs/crc.nd.edu/x86_64_linux/Modules/modules/general_software:1:/afs/crc.nd.edu/x86_64_linux/Modules/modules/development_tools_and_libraries:1:/afs/crc.nd.edu/x86_64_linux/Modules/modules/system_modules:1:/afs/crc.nd.edu/x86_64_linux/Modules/current/modulefiles:1:/afs/crc.nd.edu/x86_64_linux/Modules/modules/restricted_software:1:/afs/crc.nd.edu/x86_64_linux/Modules/modules/deprecated_software:1
TERM=xterm-256color
SHELL=/bin/tcsh
HOST=disc01.crc.nd.edu
MODULES_CMD=/afs/crc.nd.edu/x86_64_linux/Modules/4.5.0/libexec/modulecmd.tcl
HISTSIZE=5000
MAKEFLAGS=
SSH_CLIENT=10.17.144.144 39924 22
TMPDIR=/var/condor/execute/dir_24525/worker-213124-24553/t.1103/cctools-temp-t.1103.zHOvDl
PERL5LIB=/afs/crc.nd.edu/user/n/nkremerh/cctools/lib/perl5/site_perl/5.16.3:/afs/crc.nd.edu/user/n/nkremerh/.perl5/lib/perl5
SGE_CELL=crc
_CONDOR_SCRATCH_DIR=/var/condor/execute/dir_24525
PERL_MB_OPT=--install_base '/afs/crc.nd.edu/user/n/nkremerh/.perl5/'
SSH_TTY=/dev/pts/0
SGE_LOAD_AVG=load_avg
MAKEFLOW_MAX_LOCAL_JOBS=2
GROUP=campus
USER=nkremerh
_CHIRP_DELAYED_UPDATE_PREFIX=Chirp*
HISTFILESIZE=10000
TEMP=/var/condor/execute/dir_24525/worker-213124-24553/t.1103/cctools-temp-t.1103.zHOvDl
LD_LIBRARY_PATH=/afs/crc.nd.edu/group/ccl/software/x86_64/redhat7/ruby/current/lib:/afs/crc.nd.edu/group/ccl/software/x86_64/redhat7/graphviz/current/lib:/afs/crc.nd.edu/group/ccl/software/x86_64/redhat7/git/current/lib:/afs/crc.nd.edu/group/ccl/software/x86_64/redhat7/condor/current/lib:/afs/crc.nd.edu/group/ccl/software/x86_64/redhat7/clang/current/lib:/afs/crc.nd.edu/group/ccl/software/x86_64/redhat7/condor/current/lib:/afs/crc.nd.edu/group/ccl/software/x86_64/redhat7/cctools/current/lib:/opt/crc/usr/local/lib
BATCH_SYSTEM=HTCondor
MODULES_LMALTNAME=CRC_default/1.1&CRC_default/default&CRC_default
ENV=/afs/crc.nd.edu/x86_64_linux/Modules/4.5.0/init/profile.sh
WORKER_TMPDIR=/var/condor/execute/dir_24525/worker-213124-24553/cache/tmp
HOSTTYPE=x86_64-linux
_CONDOR_HIGHPORT=9999
GLOBUS_GSSAPI_MAX_TLS_PROTOCOL=0
_CONDOR_CHIRP_CONFIG=/var/condor/execute/dir_24525/.chirp.config
MAKELEVEL=1
MFLAGS=
MAIL=/var/spool/mail/nkremerh
PATH=/afs/crc.nd.edu/user/n/nkremerh/cctools/bin:/afs/crc.nd.edu/user/n/nkremerh/miniconda/bin:/afs/crc.nd.edu/group/ccl/software/git:/afs/crc.nd.edu/user/n/nkremerh/.local/bin:/afs/crc.nd.edu/group/ccl/software/x86_64/redhat7/povray/3.7/bin:/afs/crc.nd.edu/user/n/nkremerh/.perl5/bin:/afs/crc.nd.edu/user/n/nkremerh/pegasus/bin:/afs/crc.nd.edu/user/n/nkremerh/nodejs/bin:/afs/crc.nd.edu/user/n/nkremerh/montage/bin:/afs/crc.nd.edu/user/n/nkremerh/latexdiff:/afs/crc.nd.edu/user/n/nkremerh/envtrace:/afs/crc.nd.edu/user/n/nkremerh/endlines:/afs/crc.nd.edu/user/n/nkremerh/cctools/bin:/afs/crc.nd.edu/user/n/nkremerh/.cargo/bin:/afs/crc.nd.edu/group/ccl/software/x86_64/redhat7/ruby/current/bin:/afs/crc.nd.edu/group/ccl/software/x86_64/redhat7/graphviz/current/bin:/afs/crc.nd.edu/group/ccl/software/x86_64/redhat7/gnuplot/current/bin:/afs/crc.nd.edu/group/ccl/software/x86_64/redhat7/git/current/bin:/afs/crc.nd.edu/group/ccl/software/x86_64/redhat7/condor/current/sbin:/afs/crc.nd.edu/group/ccl/software/x86_64/redhat7/condor/current/bin:/afs/crc.nd.edu/group/ccl/software/x86_64/redhat7/cmake/current/bin:/afs/crc.nd.edu/group/ccl/software/x86_64/redhat7/clang/current/bin:/afs/crc.nd.edu/group/ccl/software/x86_64/redhat7/condor/current/sbin:/afs/crc.nd.edu/group/ccl/software/x86_64/redhat7/condor/current/bin:/afs/crc.nd.edu/group/ccl/software/x86_64/redhat7/cctools/current/bin:/afs/crc.nd.edu/x86_64_linux/Modules/4.5.0/bin:/opt/crc/usr/local/bin:/opt/sge/bin/lx-amd64:/usr/local/bin:/usr/bin:/usr/local/sbin:/usr/sbin:/afs/crc.nd.edu/user/c/condor/software/bin:/afs/crc.nd.edu/user/c/condor/software/sbin
CCLSOFTWARE=/afs/crc.nd.edu/group/ccl/software/x86_64/redhat7
PWD=/var/condor/execute/dir_24525/worker-213124-24553/t.1103
_LMFILES_=/afs/crc.nd.edu/x86_64_linux/Modules/modules/system_modules/CRC_default/1.1
EDITOR=vim
SGE_EXECD_PORT=6445
LANG=en_US.UTF-8
SGE_QMASTER_PORT=6444
MODULEPATH=/afs/crc.nd.edu/x86_64_linux/Modules/modules/development_tools_and_libraries:/afs/crc.nd.edu/x86_64_linux/Modules/modules/general_software:/afs/crc.nd.edu/x86_64_linux/Modules/modules/restricted_software:/afs/crc.nd.edu/x86_64_linux/Modules/modules/system_modules:/afs/crc.nd.edu/x86_64_linux/Modules/modules/deprecated_software:/afs/crc.nd.edu/x86_64_linux/Modules/current/modulefiles
LOADEDMODULES=CRC_default/1.1
SGE_ROOT=/opt/sge
CCLPLATFORM=x86_64/redhat7
_CONDOR_SLOT=slot1
WORK_QUEUE_SANDBOX=/var/condor/execute/dir_24525/worker-213124-24553
USE_SYSTEMD=true
_CONDOR_LOWPORT=9100
_CONDOR_ANCESTOR_4261=24525:1594671054:4145456440
HISTCONTROL=ignoreboth:erasedups
KRB5CCNAME=FILE:/tmp/krb5cc_213124_ZwXmib
GLOBUS_GSSAPI_NAME_COMPATIBILITY=STRICT_RFC2818
HOME=/afs/crc.nd.edu/user/n/nkremerh
SHLVL=6
PATH_modshare=/opt/crc/usr/local/bin:1:/opt/sge/bin/lx-amd64:1:/usr/sbin:1:/usr/bin:1:/afs/crc.nd.edu/user/c/condor/software/sbin:1:/usr/local/sbin:1:/afs/crc.nd.edu/user/c/condor/software/bin:1:/usr/local/bin:1
OSTYPE=linux
_CONDOR_MACHINE_AD=/var/condor/execute/dir_24525/.machine.ad
_CONDOR_ANCESTOR_3989=4261:1593343483:4184216969
GREP_OPTIONS=--color=auto
DISK=916727
GLOBUS_GSSAPI_MIN_TLS_PROTOCOL=TLS1_VERSION
MANPATH_modshare=/usr/share/man/overrides:1:/usr/local/share/man:1:/usr/share/man:1:/opt/crc/usr/local/man:1:/opt/sge/man:1
MEMORY=15899
PERL_LOCAL_LIB_ROOT=/afs/crc.nd.edu/user/n/nkremerh/.perl5/
BASH_ENV=/afs/crc.nd.edu/x86_64_linux/Modules/4.5.0/init/bash
VENDOR=unknown
TMP=/var/condor/execute/dir_24525/worker-213124-24553/t.1103/cctools-temp-t.1103.zHOvDl
LOGNAME=nkremerh
MACHTYPE=x86_64
CCLHOME=/afs/crc.nd.edu/group/ccl
PYTHONPATH=/afs/crc.nd.edu/user/n/nkremerh/cctools/lib/python3.6/site-packages/
LD_LIBRARY_PATH_modshare=/opt/crc/usr/local/lib:1
SSH_CONNECTION=10.17.144.144 39924 129.74.128.103 22
MODULES_LMALTNAME_modshare=CRC_default/1.1&CRC_default/default&CRC_default:1
MODULESHOME=/afs/crc.nd.edu/x86_64_linux/Modules/4.5.0
GLOBUS_GSSAPI_CIPHERS=HIGH
GLOBUS_GSSAPI_BACKWARD_COMPATIBLE_MIC=true
LESSOPEN=||/usr/bin/lesspipe.sh %s
OMP_NUM_THREADS=1
_CONDOR_JOB_AD=/var/condor/execute/dir_24525/.job.ad
LOADEDMODULES_modshare=CRC_default/1.1:1
XDG_RUNTIME_DIR=/run/user/213124
SGE_CLUSTER_NAME=CRC
CCTOOLS=../cctools
CORES=4
_CONDOR_JOB_IWD=/var/condor/execute/dir_24525
PERL_MM_OPT=INSTALL_BASE=/afs/crc.nd.edu/user/n/nkremerh/.perl5/
GLOBUS_GSSAPI_SERVER_CIPHER_ORDER=true
BASH_FUNC_module()=() {  unset _mlshdbg;
 if [ "${MODULES_SILENT_SHELL_DEBUG:-0}" = '1' ]; then
 case "$-" in 
 *v*x*)
 set +vx;
 _mlshdbg='vx'
 ;;
 *v*)
 set +v;
 _mlshdbg='v'
 ;;
 *x*)
 set +x;
 _mlshdbg='x'
 ;;
 *)
 _mlshdbg=''
 ;;
 esac;
 fi;
 unset _mlre _mlIFS;
 if [ -n "${IFS+x}" ]; then
 _mlIFS=$IFS;
 fi;
 IFS=' ';
 for _mlv in ${MODULES_RUN_QUARANTINE:-};
 do
 if [ "${_mlv}" = "${_mlv##*[!A-Za-z0-9_]}" -a "${_mlv}" = "${_mlv#[0-9]}" ]; then
 if [ -n "`eval 'echo ${'$_mlv'+x}'`" ]; then
 _mlre="${_mlre:-}${_mlv}_modquar='`eval 'echo ${'$_mlv'}'`' ";
 fi;
 _mlrv="MODULES_RUNENV_${_mlv}";
 _mlre="${_mlre:-}${_mlv}='`eval 'echo ${'$_mlrv':-}'`' ";
 fi;
 done;
 if [ -n "${_mlre:-}" ]; then
 eval `eval ${_mlre}/usr/bin/tclsh /afs/crc.nd.edu/x86_64_linux/Modules/4.5.0/libexec/modulecmd.tcl bash '"$@"'`;
 else
 eval `/usr/bin/tclsh /afs/crc.nd.edu/x86_64_linux/Modules/4.5.0/libexec/modulecmd.tcl bash "$@"`;
 fi;
 _mlstatus=$?;
 if [ -n "${_mlIFS+x}" ]; then
 IFS=$_mlIFS;
 else
 unset IFS;
 fi;
 unset _mlre _mlv _mlrv _mlIFS;
 if [ -n "${_mlshdbg:-}" ]; then
 set -$_mlshdbg;
 fi;
 unset _mlshdbg;
 return $_mlstatus
}
BASH_FUNC_ml()=() {  module ml "$@"
}
_=/usr/bin/printenv
