24187   0.000000 libjli.so->getenv("_JAVA_LAUNCHER_DEBUG") = nil
24187   0.001966 libjli.so->getenv("_JAVA_VERSION_SET") = nil
24187   0.000792 libjli.so->fopen("/usr/lib/jvm/java-1.8.0-openjdk-1.8.0.262.b10-0.el7_8.x86_64/jre/lib/amd64/jvm.cfg", "r") = 0x55e7901340f0
24187   0.000813 libjli.so->getenv("JDK_ALTERNATE_VM") = nil
24187   0.000311 libjli.so->__xstat(1, "/usr/lib/jvm/java-1.8.0-openjdk-1.8.0.262.b10-0.el7_8.x86_64/jre/lib/amd64/server/libjvm.so", 0x7ffc1139d280) = 0
24187   0.000597 libjli.so->getenv("LD_LIBRARY_PATH") = "/afs/crc.nd.edu/group/ccl/software/x86_64/redhat7/ruby/current/lib:/afs/crc.nd.edu/group/ccl/software/x86_64/redhat7/graphviz/current/lib:/afs/crc.nd.edu/group/ccl/software/x86_64/redhat7/git/current/lib:/afs/crc.nd.edu/group/ccl/software/x86_64/redhat7/condor/current/lib:/afs/crc.nd.edu/group/ccl/software/x86_64/redhat7/clang/current/lib:/afs/crc.nd.edu/group/ccl/software/x86_64/redhat7/condor/current/lib:/afs/crc.nd.edu/group/ccl/software/x86_64/redhat7/cctools/current/lib:/opt/crc/usr/local/lib"
24187   0.002232 libjli.so->dlopen("/usr/lib/jvm/java-1.8.0-openjdk-1.8.0.262.b10-0.el7_8.x86_64/jre/lib/amd64/server/libjvm.so", 258 <unfinished ...>
24187   0.038545 libjvm.so->getenv("NMT_LEVEL_24187") = nil
24187   0.001812 <... dlopen resumed> )          = 0x55e7901344c0
24187   0.000067 libjli.so->getenv("CLASSPATH")  = nil
24187   0.000321 libjli.so->getenv("_JAVA_SPLASH_JAR") = nil
24187   0.000301 libjli.so->getenv("_JAVA_SPLASH_FILE") = nil
24187   0.000308 libjli.so->pthread_attr_setdetachstate(0x7ffc1139d230, 0, 0x7ffc1139d2c0, 0) = 0
24187   0.000615 libpthread.so.0->__clone(0x2ac0a0493de0, 0x2ac0a03a6fc0, 0x3d0f00, 0x2ac0a03a7700) = 0x5e7c
24188   0.001724 libjvm.so->dlopen(0x2ac0a1c729ae, 1, 0xfffffffffff42c48, 4096) = 0x2ac0a4000990
24188   0.002402 libjvm.so->getenv(0x2ac0a1c8d83e, 0, 115, 0x65737361) = 0x7ffc113a36aa
24188   0.000484 libjvm.so->fopen(0x2ac0a03a5c10, 0x2ac0a1c29ccb, 0x6f732e79666972, 0x2ac0a0d6bab0) = 0x2ac0a4001440
24188   0.001430 libjvm.so->dlopen(0x2ac0a03a5c10, 1, 0xffffffff, 0x2ac0a4002b00) = 0x2ac0a4001440
24188   0.001507 libjvm.so->fopen(0x2ac0a03a5c10, 0x2ac0a1c29ccb, 111, 0x732e6176) = 0x2ac0a4001b10
24188   0.001549 libjvm.so->dlopen(0x2ac0a03a5c10, 1, 0xffffffff, 0x2ac0a4001a00) = 0x2ac0a4001b10
24188   0.001632 libjvm.so->__xstat(1, 0x2ac0a03a6360, 0x2ac0a03a6ba0, 0x746f7073746f682e) = -1
24188   0.000497 libjvm.so->getenv(0x2ac0a1c22541, 0x2ac0a03a66d0, 1024, 0x2ac0a20dc61b) = 0
24188   0.000452 libjvm.so->getenv(0x2ac0a1c22533, 0x2ac0a03a66d0, 1024, 0) = 0
24188   0.000463 libjvm.so->fopen(0x2ac0a1c72315, 0x2ac0a1c29ccb, 4095, 0xffffd53f5e3ddb03) = 0x2ac0a40032b0
24188   0.001074 libjvm.so->fopen(0x2ac0a1c72361, 0x2ac0a1c29ccb, 0x2ac0a4000078, 0x2ac0a40032a0) = 0x2ac0a40032b0
24188   0.000682 libjvm.so->fopen(0x2ac0a03a09b0, 0x2ac0a1c29ccb, 4014, 3995) = 0x2ac0a40032b0
24188   0.000661 libjvm.so->opendir(0x2ac0a4002b40, 0x2ac0a4002b40, 13, 16) = 0
24188   0.000484 libjvm.so->__xstat(1, 0x2ac0a03a58f0, 0x2ac0a03a4860, 0x6f732e7477616d62) = -1
24188   0.000451 libjvm.so->__xstat(1, 0x2ac0a03a58f0, 0x2ac0a03a4860, 0x5f74776162696c2f) = 0
24188   0.000532 libjvm.so->fopen(0x2ac0a03a4b90, 0x2ac0a1c29ccb, 4009, 3994) = 0x2ac0a4003790
24188   0.000667 libjvm.so->fopen(0x2ac0a03a4b90, 0x2ac0a1c29ccb, 4009, 3994) = 0x2ac0a4003790
24188   0.000629 libjvm.so->fopen(0x2ac0a03a4b90, 0x2ac0a1c29ccb, 4009, 4002) = 0x2ac0a4003790
24188   0.000679 libjvm.so->fopen(0x2ac0a03a4b20, 0x2ac0a1c29ccb, 4009, 3994) = 0x2ac0a4003790
24188   0.000597 libjvm.so->fopen(0x2ac0a03a4b20, 0x2ac0a1c29ccb, 4009, 3994) = 0x2ac0a4003790
24188   0.000973 libjvm.so->fopen(0x2ac0a03a4b20, 0x2ac0a1c29ccb, 4009, 4002) = 0x2ac0a4003790
24188   0.000654 libjvm.so->fopen(0x2ac0a03a4b50, 0x2ac0a1c29ccb, 4014, 3995) = 0x2ac0a4003790
24188   0.000789 libjvm.so->getenv(0x2ac0a1c730ff, 4096, 3, -1) = 0
24188   0.000895 libjvm.so->fopen(0x2ac0a1c72998, 0x2ac0a1c29ccb, 0x2ac0a048a908, 0x2ac0a0489df0) = 0x2ac0a4003790
24188   0.004802 libjvm.so->open(0x2ac0a404a580, 0x20000, 0, 0x2ac0a404a5c9) = 3
24188   0.000433 libjvm.so->__fxstat(1, 3, 0x2ac0a03a6a00, -1) = 0
24188   0.000533 libjvm.so->opendir(0x2ac0a404a580, 0x2ac0a03a6a00, 0x4000, -1) = 0x2ac0a404b490
24188   0.000576 libjvm.so->__fxstat(1, 3, 0x2ac0a03a68a0, 0x2ac0a404b490) = 0
24188   0.000488 libjvm.so->__fxstat(1, 5, 0x2ac0a03a6930, -1) = 0
24188   0.000505 libjvm.so->open(0x2ac0a1c409dc, 0, 0, 0) = 3
24188   0.000664 libjvm.so->__lxstat(1, 0x2ac0a404a580, 0x2ac0a03a6b50, -144) = 0
24188   0.000462 libjvm.so->open(0x2ac0a404a580, 0x20000, 0x4000, -1) = 3
24188   0.000539 libjvm.so->__fxstat(1, 3, 0x2ac0a03a6a00, -1) = 0
24188   0.000475 libjvm.so->opendir(0x2ac0a404a580, 0x2ac0a03a6a00, 0x4000, -1) = 0x2ac0a404b490
24188   0.000475 libjvm.so->__fxstat(1, 3, 0x2ac0a03a68a0, 0x2ac0a404b490) = 0
24188   0.000429 libjvm.so->__fxstat(1, 5, 0x2ac0a03a6930, -1) = 0
24188   0.000462 libjvm.so->open(0x2ac0a1c409dc, 0, 0, 0) = 3
24188   0.000499 libjvm.so->open(0x2ac0a404a5c9, 0x20042, 384, -1) = 7
24188   0.000661 libjvm.so->__fxstat(1, 7, 0x2ac0a03a6b50, -1) = 0
24188   0.001724 libjvm.so->fopen(0x2ac0a03a5b60, 0x2ac0a1c29ccb, 4, 0x6f732e70) = 0x2ac0a4057be0
24188   0.001443 libjvm.so->dlopen(0x2ac0a03a5b60, 1, 0xffffffff, 0x2ac0a4057b00) = 0x2ac0a4057be0
24188   0.001499 libjvm.so->__xstat(1, 0x2ac0a03a6120, 0x2ac0a03a6950, 2048) = 0
24188   0.000458 libjvm.so->__xstat(1, 0x2ac0a03a6120, 0x2ac0a03a6950, 2048) = 0
24188   0.000420 libjvm.so->__xstat(1, 0x2ac0a03a6120, 0x2ac0a03a6950, 2048) = -1
24188   0.000472 libjvm.so->__xstat(1, 0x2ac0a03a6120, 0x2ac0a03a6950, 2048) = 0
24188   0.000420 libjvm.so->__xstat(1, 0x2ac0a03a6120, 0x2ac0a03a6950, 2048) = 0
24188   0.000428 libjvm.so->__xstat(1, 0x2ac0a03a6120, 0x2ac0a03a6950, 2048) = 0
24188   0.000442 libjvm.so->__xstat(1, 0x2ac0a03a6120, 0x2ac0a03a6950, 2048) = 0
24188   0.000443 libjvm.so->__xstat(1, 0x2ac0a03a6120, 0x2ac0a03a6950, 2048) = -1
24188   0.000479 libjvm.so->fopen(0x2ac0a4002520, 0x2ac0a1c29ccb, 0, 0) = 0x2ac0a4058a80
24188   0.009322 libjvm.so->open64(0x2ac0a03a5410, 0, 0, 16) = 3
24188   0.000507 libjvm.so->__fxstat64(1, 3, 0x2ac0a03a5240, -1) = 0
24188   0.036480 libjvm.so->__xstat(1, 0x2ac0a03a5f20, 0x2ac0a03a6750, 2048) = -1
24188   0.000635 libjvm.so->fopen(0x2ac0a03a4b20, 0x2ac0a1c29ccb, 4009, 3994) = 0x2ac0a40b5ec0
24188   0.000690 libjvm.so->fopen(0x2ac0a03a4b20, 0x2ac0a1c29ccb, 4009, 3994) = 0x2ac0a40b5ec0
24188   0.000590 libjvm.so->fopen(0x2ac0a03a4b20, 0x2ac0a1c29ccb, 4009, 4002) = 0x2ac0a40b5ec0
24188   0.004496 libjvm.so->pthread_attr_setdetachstate(0x2ac0a03a6c00, 1, 0, 0) = 0
24188   0.000479 libpthread.so.0->__clone(0x2ac0a0493de0, 0x2ac0b8d2afc0, 0x3d0f00, 0x2ac0b8d2b700) = 0x5e7d
24188   0.015814 libjvm.so->pthread_attr_setdetachstate(0x2ac0a03a6290, 1, 0, 0) = 0
24188   0.000691 libpthread.so.0->__clone(0x2ac0a0493de0, 0x2ac0b8e2bfc0, 0x3d0f00, 0x2ac0b8e2c700) = 0x5e7e
24188   0.007161 libjvm.so->pthread_attr_setdetachstate(0x2ac0a03a6610, 1, 0, 0) = 0
24188   0.000797 libpthread.so.0->__clone(0x2ac0a0493de0, 0x2ac0b8f2cfc0, 0x3d0f00, 0x2ac0b8f2d700) = 0x5e7f
24188   0.045014 libjvm.so->fopen(0x2ac0a40ec390, 0x2ac0a1c29ccb, 4, 0x6f732e70) = 0x2ac0a40f1cd0
24188   0.003706 libjvm.so->dlopen(0x2ac0a40ec390, 1, 0xffffffff, 0x2ac0a40ec200) = 0x2ac0a4057be0
24188   0.006856 libjvm.so->open64(0x2ac0a03a5510, 0, 0, 16) = 5
24188   0.001644 libjvm.so->__fxstat64(1, 5, 0x2ac0a03a5340, -1) = 0
24188   0.025926 libjvm.so->fopen(0x2ac0a03a2130, 0x2ac0a1c29ccb, 4009, 3994) = 0x2ac0a40fcc60
24188   0.001417 libjvm.so->fopen(0x2ac0a03a2130, 0x2ac0a1c29ccb, 4009, 3994) = 0x2ac0a40fcc60
24188   0.002040 libjvm.so->fopen(0x2ac0a03a2130, 0x2ac0a1c29ccb, 4009, 4002) = 0x2ac0a40fcc60
24188   0.020138 libjvm.so->pthread_attr_setdetachstate(0x2ac0a03a6b50, 1, 0, 0) = 0
24188   0.001143 libpthread.so.0->__clone(0x2ac0a0493de0, 0x2ac0b902dfc0, 0x3d0f00, 0x2ac0b902e700) = 0x5e80
24188   0.001665 libjvm.so->__xstat64(1, 0x2ac0a03a6be0, 0x2ac0a03a6b50, 19) = -1
24188   0.001321 libjvm.so->pthread_attr_setdetachstate(0x2ac0a03a6950, 1, 0, 0) = 0
24188   0.001171 libpthread.so.0->__clone(0x2ac0a0493de0, 0x2ac0b912efc0, 0x3d0f00, 0x2ac0b912f700) = 0x5e81
24188   0.001797 libjvm.so->pthread_attr_setdetachstate(0x2ac0a03a6950, 1, 0, 0) = 0
24188   0.001288 libpthread.so.0->__clone(0x2ac0a0493de0, 0x2ac0b922ffc0, 0x3d0f00, 0x2ac0b9230700) = 0x5e82
24188   0.009305 libjvm.so->pthread_attr_setdetachstate(0x2ac0a03a6aa0, 1, 0, 0) = 0
24188   0.001496 libpthread.so.0->__clone(0x2ac0a0493de0, 0x2ac0b9330fc0, 0x3d0f00, 0x2ac0b9331700) = 0x5e83
24188   0.003296 libjvm.so->pthread_attr_setdetachstate(0x2ac0a03a6bb0, 1, 0, 0) = 0
24188   0.001598 libpthread.so.0->__clone(0x2ac0a0493de0, 0x2ac0b9431fc0, 0x3d0f00, 0x2ac0b9432700) = 0x5e84
24188   0.021232 libjvm.so->open64(0x2ac0a4128880, 0, 0, 0) = 7
24188   0.002033 libjvm.so->__fxstat64(1, 7, 0x2ac0a03a3f60, -1) = 0
24188   0.032023 libjvm.so->fopen(0x2ac0a4154670, 0x2ac0a1c29ccb, 4, 0x6f732e6f) = 0x2ac0a4154730
24188   0.004449 libjvm.so->dlopen(0x2ac0a4154670, 1, 0xffffffff, 0x2ac0a4154600) = 0x2ac0a4154730
24188   0.165011 libjvm.so->fopen(0x2ac0a41a2830, 0x2ac0a1c29ccb, 4, 0x6f732e74) = 0x2ac0a41a5ae0
24188   0.003574 libjvm.so->dlopen(0x2ac0a41a2830, 1, 0xffffffff, 0x2ac0a41a5a00) = 0x2ac0a41afe90
24188   0.177183 libjvm.so->fopen(0x2ac0a42113a0, 0x2ac0a1c29ccb, 0x6f732e7373656c, 0x656c646165685f74) = 0x2ac0a4211480
24188   0.003205 libjvm.so->dlopen(0x2ac0a42113a0, 1, 0xffffffff, 0x2ac0a4211400) = 0x2ac0a4211480
24188   0.060237 libjvm.so->fopen(0x2ac0a039ec60, 0x2ac0a1c29ccb, 0x6f732e, 0x6d766a62696c2f72) = 0x2ac0a42266c0
24188   0.006339 libjvm.so->dlopen(0x2ac0a039ec60, 1, 0xffffffff, 0x2ac0a4226600) = 0x55e7901344c0
24188   0.001666 libjvm.so->fopen(0x2ac0a039ec60, 0x2ac0a1c29ccb, 0x6f732e, 0x6d766a62696c2f72) = 0x2ac0a42266c0
24188   0.005341 libjvm.so->dlopen(0x2ac0a039ec60, 1, 0xffffffff, 0x2ac0a4226600) = 0x55e7901344c0
24188   0.002108 libjvm.so->fopen(0x2ac0a039ec60, 0x2ac0a1c29ccb, 0x6f732e, 0x6d766a62696c2f72) = 0x2ac0a42266c0
24188   0.003937 libjvm.so->dlopen(0x2ac0a039ec60, 1, 0xffffffff, 0x2ac0a4226600) = 0x55e7901344c0
24188   0.001739 libjvm.so->fopen(0x2ac0a039ec60, 0x2ac0a1c29ccb, 0x6f732e, 0x6d766a62696c2f72) = 0x2ac0a42266c0
24188   0.003536 libjvm.so->dlopen(0x2ac0a039ec60, 1, 0xffffffff, 0x2ac0a4226600) = 0x55e7901344c0
24188   3.524563 --- SIGSEGV (Segmentation fault) ---
24196   9.385605 +++ exited (status 0) +++
24192   0.000220 +++ exited (status 0) +++
24189   0.000261 +++ exited (status 0) +++
24188   0.000225 +++ exited (status 0) +++
24195   0.000553 +++ exited (status 0) +++
24193   0.000041 +++ exited (status 0) +++
24191   0.000017 +++ exited (status 0) +++
24190   0.000016 +++ exited (status 0) +++
24194   0.021881 +++ exited (status 0) +++
24187   0.000100 +++ exited (status 0) +++
Wrote an ltrace for command: "java -cp ./tools/maxent.jar density.MaxEnt -s outputs/Stenodynerus_opalinus_Bohart.csv -e data/layers/worldclim -o outputs/Stenodynerus_opalinus_Bohart nowarnings nocache autorun -z" with PID 24185 from PPID 24167 on disc25.crc.nd.edu with result 0
REMOTEHOST=10.17.145.58
MANPATH=/afs/crc.nd.edu/user/n/nkremerh/cctools/share/man/:/afs/crc.nd.edu/group/ccl/software/x86_64/redhat7/ruby/current/share/man:/afs/crc.nd.edu/group/ccl/software/x86_64/redhat7/graphviz/current/share/man:/afs/crc.nd.edu/group/ccl/software/x86_64/redhat7/gnuplot/current/share/man:/afs/crc.nd.edu/group/ccl/software/x86_64/redhat7/git/current/share/man:/afs/crc.nd.edu/group/ccl/software/x86_64/redhat7/condor/current/share/man:/afs/crc.nd.edu/group/ccl/software/x86_64/redhat7/clang/current/share/man:/afs/crc.nd.edu/group/ccl/software/x86_64/redhat7/condor/current/share/man:/afs/crc.nd.edu/group/ccl/software/x86_64/redhat7/cctools/current/share/man:/afs/crc.nd.edu/group/ccl/software/x86_64/redhat7/cctools/current/share/man:/afs/crc.nd.edu/x86_64_linux/Modules/4.5.0/share/man:/opt/crc/usr/local/man:/opt/sge/man:/usr/share/man/overrides:/usr/share/man:/usr/local/share/man
_CONDOR_JOB_PIDS=
XDG_SESSION_ID=3301
HOSTNAME=disc01.crc.nd.edu
_LMFILES__modshare=/afs/crc.nd.edu/x86_64_linux/Modules/modules/system_modules/CRC_default/1.1:1
MODULEPATH_modshare=/afs/crc.nd.edu/x86_64_linux/Modules/modules/general_software:1:/afs/crc.nd.edu/x86_64_linux/Modules/modules/development_tools_and_libraries:1:/afs/crc.nd.edu/x86_64_linux/Modules/modules/system_modules:1:/afs/crc.nd.edu/x86_64_linux/Modules/current/modulefiles:1:/afs/crc.nd.edu/x86_64_linux/Modules/modules/restricted_software:1:/afs/crc.nd.edu/x86_64_linux/Modules/modules/deprecated_software:1
TERM=xterm-256color
SHELL=/bin/tcsh
HOST=disc01.crc.nd.edu
MODULES_CMD=/afs/crc.nd.edu/x86_64_linux/Modules/4.5.0/libexec/modulecmd.tcl
HISTSIZE=5000
MAKEFLAGS=
SSH_CLIENT=10.17.145.58 38176 22
TMPDIR=/var/condor/execute/dir_3432/worker-213124-3506/t.1203/cctools-temp-t.1203.c1idvf
PERL5LIB=/afs/crc.nd.edu/user/n/nkremerh/cctools/lib/perl5/site_perl/5.16.3:/afs/crc.nd.edu/user/n/nkremerh/.perl5/lib/perl5
SGE_CELL=crc
_CONDOR_SCRATCH_DIR=/var/condor/execute/dir_3432
PERL_MB_OPT=--install_base '/afs/crc.nd.edu/user/n/nkremerh/.perl5/'
SSH_TTY=/dev/pts/0
SGE_LOAD_AVG=load_avg
MAKEFLOW_MAX_LOCAL_JOBS=2
GROUP=campus
USER=nkremerh
_CHIRP_DELAYED_UPDATE_PREFIX=Chirp*
HISTFILESIZE=10000
TEMP=/var/condor/execute/dir_3432/worker-213124-3506/t.1203/cctools-temp-t.1203.c1idvf
LD_LIBRARY_PATH=/afs/crc.nd.edu/group/ccl/software/x86_64/redhat7/ruby/current/lib:/afs/crc.nd.edu/group/ccl/software/x86_64/redhat7/graphviz/current/lib:/afs/crc.nd.edu/group/ccl/software/x86_64/redhat7/git/current/lib:/afs/crc.nd.edu/group/ccl/software/x86_64/redhat7/condor/current/lib:/afs/crc.nd.edu/group/ccl/software/x86_64/redhat7/clang/current/lib:/afs/crc.nd.edu/group/ccl/software/x86_64/redhat7/condor/current/lib:/afs/crc.nd.edu/group/ccl/software/x86_64/redhat7/cctools/current/lib:/opt/crc/usr/local/lib
BATCH_SYSTEM=HTCondor
MODULES_LMALTNAME=CRC_default/1.1&CRC_default/default&CRC_default
ENV=/afs/crc.nd.edu/x86_64_linux/Modules/4.5.0/init/profile.sh
WORKER_TMPDIR=/var/condor/execute/dir_3432/worker-213124-3506/cache/tmp
HOSTTYPE=x86_64-linux
_CONDOR_HIGHPORT=9999
GLOBUS_GSSAPI_MAX_TLS_PROTOCOL=0
_CONDOR_CHIRP_CONFIG=/var/condor/execute/dir_3432/.chirp.config
MAKELEVEL=1
MFLAGS=
MAIL=/var/spool/mail/nkremerh
PATH=/afs/crc.nd.edu/user/n/nkremerh/cctools/bin:/afs/crc.nd.edu/user/n/nkremerh/miniconda/bin:/afs/crc.nd.edu/group/ccl/software/git:/afs/crc.nd.edu/user/n/nkremerh/.local/bin:/afs/crc.nd.edu/group/ccl/software/x86_64/redhat7/povray/3.7/bin:/afs/crc.nd.edu/user/n/nkremerh/.perl5/bin:/afs/crc.nd.edu/user/n/nkremerh/pegasus/bin:/afs/crc.nd.edu/user/n/nkremerh/nodejs/bin:/afs/crc.nd.edu/user/n/nkremerh/montage/bin:/afs/crc.nd.edu/user/n/nkremerh/latexdiff:/afs/crc.nd.edu/user/n/nkremerh/envtrace:/afs/crc.nd.edu/user/n/nkremerh/endlines:/afs/crc.nd.edu/user/n/nkremerh/cctools/bin:/afs/crc.nd.edu/user/n/nkremerh/.cargo/bin:/afs/crc.nd.edu/group/ccl/software/x86_64/redhat7/ruby/current/bin:/afs/crc.nd.edu/group/ccl/software/x86_64/redhat7/graphviz/current/bin:/afs/crc.nd.edu/group/ccl/software/x86_64/redhat7/gnuplot/current/bin:/afs/crc.nd.edu/group/ccl/software/x86_64/redhat7/git/current/bin:/afs/crc.nd.edu/group/ccl/software/x86_64/redhat7/condor/current/sbin:/afs/crc.nd.edu/group/ccl/software/x86_64/redhat7/condor/current/bin:/afs/crc.nd.edu/group/ccl/software/x86_64/redhat7/cmake/current/bin:/afs/crc.nd.edu/group/ccl/software/x86_64/redhat7/clang/current/bin:/afs/crc.nd.edu/group/ccl/software/x86_64/redhat7/condor/current/sbin:/afs/crc.nd.edu/group/ccl/software/x86_64/redhat7/condor/current/bin:/afs/crc.nd.edu/group/ccl/software/x86_64/redhat7/cctools/current/bin:/afs/crc.nd.edu/x86_64_linux/Modules/4.5.0/bin:/opt/crc/usr/local/bin:/opt/sge/bin/lx-amd64:/usr/local/bin:/usr/bin:/usr/local/sbin:/usr/sbin:/afs/crc.nd.edu/user/c/condor/software/bin:/afs/crc.nd.edu/user/c/condor/software/sbin
CCLSOFTWARE=/afs/crc.nd.edu/group/ccl/software/x86_64/redhat7
PWD=/var/condor/execute/dir_3432/worker-213124-3506/t.1203
_LMFILES_=/afs/crc.nd.edu/x86_64_linux/Modules/modules/system_modules/CRC_default/1.1
EDITOR=vim
SGE_EXECD_PORT=6445
LANG=en_US.UTF-8
SGE_QMASTER_PORT=6444
MODULEPATH=/afs/crc.nd.edu/x86_64_linux/Modules/modules/development_tools_and_libraries:/afs/crc.nd.edu/x86_64_linux/Modules/modules/general_software:/afs/crc.nd.edu/x86_64_linux/Modules/modules/restricted_software:/afs/crc.nd.edu/x86_64_linux/Modules/modules/system_modules:/afs/crc.nd.edu/x86_64_linux/Modules/modules/deprecated_software:/afs/crc.nd.edu/x86_64_linux/Modules/current/modulefiles
LOADEDMODULES=CRC_default/1.1
SGE_ROOT=/opt/sge
CCLPLATFORM=x86_64/redhat7
_CONDOR_SLOT=slot2_1
WORK_QUEUE_SANDBOX=/var/condor/execute/dir_3432/worker-213124-3506
USE_SYSTEMD=true
_CONDOR_LOWPORT=9100
_CONDOR_ANCESTOR_4261=3432:1594946670:4145456537
HISTCONTROL=ignoreboth:erasedups
KRB5CCNAME=FILE:/tmp/krb5cc_213124_0wTNSp
GLOBUS_GSSAPI_NAME_COMPATIBILITY=STRICT_RFC2818
HOME=/afs/crc.nd.edu/user/n/nkremerh
SHLVL=6
PATH_modshare=/opt/crc/usr/local/bin:1:/opt/sge/bin/lx-amd64:1:/usr/sbin:1:/usr/bin:1:/afs/crc.nd.edu/user/c/condor/software/sbin:1:/usr/local/sbin:1:/afs/crc.nd.edu/user/c/condor/software/bin:1:/usr/local/bin:1
OSTYPE=linux
_CONDOR_MACHINE_AD=/var/condor/execute/dir_3432/.machine.ad
_CONDOR_ANCESTOR_3989=4261:1593343483:4184216969
GREP_OPTIONS=--color=auto
DISK=18236
GLOBUS_GSSAPI_MIN_TLS_PROTOCOL=TLS1_VERSION
MANPATH_modshare=/usr/share/man/overrides:1:/usr/local/share/man:1:/usr/share/man:1:/opt/crc/usr/local/man:1:/opt/sge/man:1
MEMORY=1948
PERL_LOCAL_LIB_ROOT=/afs/crc.nd.edu/user/n/nkremerh/.perl5/
BASH_ENV=/afs/crc.nd.edu/x86_64_linux/Modules/4.5.0/init/bash
VENDOR=unknown
TMP=/var/condor/execute/dir_3432/worker-213124-3506/t.1203/cctools-temp-t.1203.c1idvf
LOGNAME=nkremerh
MACHTYPE=x86_64
CCLHOME=/afs/crc.nd.edu/group/ccl
PYTHONPATH=/afs/crc.nd.edu/user/n/nkremerh/cctools/lib/python3.6/site-packages/
LD_LIBRARY_PATH_modshare=/opt/crc/usr/local/lib:1
SSH_CONNECTION=10.17.145.58 38176 129.74.128.103 22
MODULES_LMALTNAME_modshare=CRC_default/1.1&CRC_default/default&CRC_default:1
_CONDOR_ANCESTOR_3432=3449:1594946671:1383377506
MODULESHOME=/afs/crc.nd.edu/x86_64_linux/Modules/4.5.0
GLOBUS_GSSAPI_CIPHERS=HIGH
GLOBUS_GSSAPI_BACKWARD_COMPATIBLE_MIC=true
LESSOPEN=||/usr/bin/lesspipe.sh %s
OMP_NUM_THREADS=1
_CONDOR_JOB_AD=/var/condor/execute/dir_3432/.job.ad
LOADEDMODULES_modshare=CRC_default/1.1:1
XDG_RUNTIME_DIR=/run/user/213124
SGE_CLUSTER_NAME=CRC
CCTOOLS=../cctools
CORES=1
_CONDOR_JOB_IWD=/var/condor/execute/dir_3432
PERL_MM_OPT=INSTALL_BASE=/afs/crc.nd.edu/user/n/nkremerh/.perl5/
GLOBUS_GSSAPI_SERVER_CIPHER_ORDER=true
BASH_FUNC_module()=() {  unset _mlshdbg;
 if [ "${MODULES_SILENT_SHELL_DEBUG:-0}" = '1' ]; then
 case "$-" in 
 *v*x*)
 set +vx;
 _mlshdbg='vx'
 ;;
 *v*)
 set +v;
 _mlshdbg='v'
 ;;
 *x*)
 set +x;
 _mlshdbg='x'
 ;;
 *)
 _mlshdbg=''
 ;;
 esac;
 fi;
 unset _mlre _mlIFS;
 if [ -n "${IFS+x}" ]; then
 _mlIFS=$IFS;
 fi;
 IFS=' ';
 for _mlv in ${MODULES_RUN_QUARANTINE:-};
 do
 if [ "${_mlv}" = "${_mlv##*[!A-Za-z0-9_]}" -a "${_mlv}" = "${_mlv#[0-9]}" ]; then
 if [ -n "`eval 'echo ${'$_mlv'+x}'`" ]; then
 _mlre="${_mlre:-}${_mlv}_modquar='`eval 'echo ${'$_mlv'}'`' ";
 fi;
 _mlrv="MODULES_RUNENV_${_mlv}";
 _mlre="${_mlre:-}${_mlv}='`eval 'echo ${'$_mlrv':-}'`' ";
 fi;
 done;
 if [ -n "${_mlre:-}" ]; then
 eval `eval ${_mlre}/usr/bin/tclsh /afs/crc.nd.edu/x86_64_linux/Modules/4.5.0/libexec/modulecmd.tcl bash '"$@"'`;
 else
 eval `/usr/bin/tclsh /afs/crc.nd.edu/x86_64_linux/Modules/4.5.0/libexec/modulecmd.tcl bash "$@"`;
 fi;
 _mlstatus=$?;
 if [ -n "${_mlIFS+x}" ]; then
 IFS=$_mlIFS;
 else
 unset IFS;
 fi;
 unset _mlre _mlv _mlrv _mlIFS;
 if [ -n "${_mlshdbg:-}" ]; then
 set -$_mlshdbg;
 fi;
 unset _mlshdbg;
 return $_mlstatus
}
BASH_FUNC_ml()=() {  module ml "$@"
}
_=/usr/bin/printenv
