12899   0.000000 libjli.so->getenv("_JAVA_LAUNCHER_DEBUG") = nil
12899   0.001982 libjli.so->getenv("_JAVA_VERSION_SET") = nil
12899   0.000803 libjli.so->fopen("/usr/lib/jvm/java-1.8.0-openjdk-1.8.0.262.b10-0.el7_8.x86_64/jre/lib/amd64/jvm.cfg", "r") = 0x5570dd7110f0
12899   0.000810 libjli.so->getenv("JDK_ALTERNATE_VM") = nil
12899   0.000311 libjli.so->__xstat(1, "/usr/lib/jvm/java-1.8.0-openjdk-1.8.0.262.b10-0.el7_8.x86_64/jre/lib/amd64/server/libjvm.so", 0x7fff84c03130) = 0
12899   0.000588 libjli.so->getenv("LD_LIBRARY_PATH") = "/afs/crc.nd.edu/group/ccl/software/x86_64/redhat7/ruby/current/lib:/afs/crc.nd.edu/group/ccl/software/x86_64/redhat7/graphviz/current/lib:/afs/crc.nd.edu/group/ccl/software/x86_64/redhat7/git/current/lib:/afs/crc.nd.edu/group/ccl/software/x86_64/redhat7/condor/current/lib:/afs/crc.nd.edu/group/ccl/software/x86_64/redhat7/clang/current/lib:/afs/crc.nd.edu/group/ccl/software/x86_64/redhat7/condor/current/lib:/afs/crc.nd.edu/group/ccl/software/x86_64/redhat7/cctools/current/lib:/opt/crc/usr/local/lib"
12899   0.002215 libjli.so->dlopen("/usr/lib/jvm/java-1.8.0-openjdk-1.8.0.262.b10-0.el7_8.x86_64/jre/lib/amd64/server/libjvm.so", 258 <unfinished ...>
12899   0.038301 libjvm.so->getenv("NMT_LEVEL_12899") = nil
12899   0.001801 <... dlopen resumed> )          = 0x5570dd7114c0
12899   0.000093 libjli.so->getenv("CLASSPATH")  = nil
12899   0.000315 libjli.so->getenv("_JAVA_SPLASH_JAR") = nil
12899   0.000301 libjli.so->getenv("_JAVA_SPLASH_FILE") = nil
12899   0.000338 libjli.so->pthread_attr_setdetachstate(0x7fff84c030e0, 0, 0x7fff84c03170, 0) = 0
12899   0.000521 libpthread.so.0->__clone(0x2b1c8b68cde0, 0x2b1c8b59ffc0, 0x3d0f00, 0x2b1c8b5a0700) = 0x3265
12901   0.001920 libjvm.so->dlopen(0x2b1c8ce6b9ae, 1, 0xfffffffffff42c48, 4096) = 0x2b1c90000990
12901   0.002606 libjvm.so->getenv(0x2b1c8ce8683e, 0, 115, 0x65737361) = 0x7fff84c096ad
12901   0.000459 libjvm.so->fopen(0x2b1c8b59ec10, 0x2b1c8ce22ccb, 0x6f732e79666972, 0x2b1c8bf64ab0) = 0x2b1c90001440
12901   0.001414 libjvm.so->dlopen(0x2b1c8b59ec10, 1, 0xffffffff, 0x2b1c90002b00) = 0x2b1c90001440
12901   0.001427 libjvm.so->fopen(0x2b1c8b59ec10, 0x2b1c8ce22ccb, 111, 0x732e6176) = 0x2b1c90001b10
12901   0.001665 libjvm.so->dlopen(0x2b1c8b59ec10, 1, 0xffffffff, 0x2b1c90001a00) = 0x2b1c90001b10
12901   0.001635 libjvm.so->__xstat(1, 0x2b1c8b59f360, 0x2b1c8b59fba0, 0x746f7073746f682e) = -1
12901   0.000466 libjvm.so->getenv(0x2b1c8ce1b541, 0x2b1c8b59f6d0, 1024, 0x2b1c8d2d561b) = 0
12901   0.000511 libjvm.so->getenv(0x2b1c8ce1b533, 0x2b1c8b59f6d0, 1024, 0) = 0
12901   0.000446 libjvm.so->fopen(0x2b1c8ce6b315, 0x2b1c8ce22ccb, 4095, 0xffffd4e3731e4b03) = 0x2b1c90003270
12901   0.001086 libjvm.so->fopen(0x2b1c8ce6b361, 0x2b1c8ce22ccb, 0x2b1c90000078, 0x2b1c90003260) = 0x2b1c90003270
12901   0.000693 libjvm.so->fopen(0x2b1c8b5999b0, 0x2b1c8ce22ccb, 4014, 3995) = 0x2b1c90003270
12901   0.000639 libjvm.so->opendir(0x2b1c90002b40, 0x2b1c90002b40, 13, 16) = 0
12901   0.000569 libjvm.so->__xstat(1, 0x2b1c8b59e8f0, 0x2b1c8b59d860, 0x6f732e7477616d62) = -1
12901   0.000476 libjvm.so->__xstat(1, 0x2b1c8b59e8f0, 0x2b1c8b59d860, 0x5f74776162696c2f) = 0
12901   0.000540 libjvm.so->fopen(0x2b1c8b59db90, 0x2b1c8ce22ccb, 4009, 3994) = 0x2b1c90003750
12901   0.000646 libjvm.so->fopen(0x2b1c8b59db90, 0x2b1c8ce22ccb, 4009, 3994) = 0x2b1c90003750
12901   0.000622 libjvm.so->fopen(0x2b1c8b59db90, 0x2b1c8ce22ccb, 4009, 4002) = 0x2b1c90003750
12901   0.000721 libjvm.so->fopen(0x2b1c8b59db20, 0x2b1c8ce22ccb, 4009, 3994) = 0x2b1c90003750
12901   0.000603 libjvm.so->fopen(0x2b1c8b59db20, 0x2b1c8ce22ccb, 4009, 3994) = 0x2b1c90003750
12901   0.000617 libjvm.so->fopen(0x2b1c8b59db20, 0x2b1c8ce22ccb, 4009, 4002) = 0x2b1c90003750
12901   0.000609 libjvm.so->fopen(0x2b1c8b59db50, 0x2b1c8ce22ccb, 4014, 3995) = 0x2b1c90003750
12901   0.000870 libjvm.so->getenv(0x2b1c8ce6c0ff, 4096, 3, -1) = 0
12901   0.000922 libjvm.so->fopen(0x2b1c8ce6b998, 0x2b1c8ce22ccb, 0x2b1c8b683908, 0x2b1c8b682df0) = 0x2b1c90003750
12901   0.004850 libjvm.so->open(0x2b1c9004a540, 0x20000, 0, 0x2b1c9004a589) = 3
12901   0.000452 libjvm.so->__fxstat(1, 3, 0x2b1c8b59fa00, -1) = 0
12901   0.000465 libjvm.so->opendir(0x2b1c9004a540, 0x2b1c8b59fa00, 0x4000, -1) = 0x2b1c9004b450
12901   0.000475 libjvm.so->__fxstat(1, 3, 0x2b1c8b59f8a0, 0x2b1c9004b450) = 0
12901   0.000462 libjvm.so->__fxstat(1, 5, 0x2b1c8b59f930, -1) = 0
12901   0.000487 libjvm.so->open(0x2b1c8ce399dc, 0, 0, 0) = 3
12901   0.000709 libjvm.so->__lxstat(1, 0x2b1c9004a540, 0x2b1c8b59fb50, -144) = 0
12901   0.000473 libjvm.so->open(0x2b1c9004a540, 0x20000, 0x4000, -1) = 3
12901   0.000458 libjvm.so->__fxstat(1, 3, 0x2b1c8b59fa00, -1) = 0
12901   0.000471 libjvm.so->opendir(0x2b1c9004a540, 0x2b1c8b59fa00, 0x4000, -1) = 0x2b1c9004b450
12901   0.000437 libjvm.so->__fxstat(1, 3, 0x2b1c8b59f8a0, 0x2b1c9004b450) = 0
12901   0.000483 libjvm.so->__fxstat(1, 5, 0x2b1c8b59f930, -1) = 0
12901   0.000481 libjvm.so->open(0x2b1c8ce399dc, 0, 0, 0) = 3
12901   0.000458 libjvm.so->open(0x2b1c9004a589, 0x20042, 384, -1) = 7
12901   0.000645 libjvm.so->__fxstat(1, 7, 0x2b1c8b59fb50, -1) = 0
12901   0.001712 libjvm.so->fopen(0x2b1c8b59eb60, 0x2b1c8ce22ccb, 4, 0x6f732e70) = 0x2b1c90057ba0
12901   0.001451 libjvm.so->dlopen(0x2b1c8b59eb60, 1, 0xffffffff, 0x2b1c90057b00) = 0x2b1c90057ba0
12901   0.001454 libjvm.so->__xstat(1, 0x2b1c8b59f120, 0x2b1c8b59f950, 2048) = 0
12901   0.000434 libjvm.so->__xstat(1, 0x2b1c8b59f120, 0x2b1c8b59f950, 2048) = 0
12901   0.000481 libjvm.so->__xstat(1, 0x2b1c8b59f120, 0x2b1c8b59f950, 2048) = -1
12901   0.000419 libjvm.so->__xstat(1, 0x2b1c8b59f120, 0x2b1c8b59f950, 2048) = 0
12901   0.000443 libjvm.so->__xstat(1, 0x2b1c8b59f120, 0x2b1c8b59f950, 2048) = 0
12901   0.000452 libjvm.so->__xstat(1, 0x2b1c8b59f120, 0x2b1c8b59f950, 2048) = 0
12901   0.000433 libjvm.so->__xstat(1, 0x2b1c8b59f120, 0x2b1c8b59f950, 2048) = 0
12901   0.000430 libjvm.so->__xstat(1, 0x2b1c8b59f120, 0x2b1c8b59f950, 2048) = -1
12901   0.000450 libjvm.so->fopen(0x2b1c90002520, 0x2b1c8ce22ccb, 0, 0) = 0x2b1c90058a40
12901   0.009153 libjvm.so->open64(0x2b1c8b59e410, 0, 0, 16) = 3
12901   0.000480 libjvm.so->__fxstat64(1, 3, 0x2b1c8b59e240, -1) = 0
12901   0.036766 libjvm.so->__xstat(1, 0x2b1c8b59ef20, 0x2b1c8b59f750, 2048) = -1
12901   0.000584 libjvm.so->fopen(0x2b1c8b59db20, 0x2b1c8ce22ccb, 4009, 3994) = 0x2b1c900b1fd0
12901   0.000695 libjvm.so->fopen(0x2b1c8b59db20, 0x2b1c8ce22ccb, 4009, 3994) = 0x2b1c900b1fd0
12901   0.000616 libjvm.so->fopen(0x2b1c8b59db20, 0x2b1c8ce22ccb, 4009, 4002) = 0x2b1c900b1fd0
12901   0.004229 libjvm.so->pthread_attr_setdetachstate(0x2b1c8b59fc00, 1, 0, 0) = 0
12901   0.000509 libpthread.so.0->__clone(0x2b1c8b68cde0, 0x2b1c8fca5fc0, 0x3d0f00, 0x2b1c8fca6700) = 0x3266
12901   0.016310 libjvm.so->pthread_attr_setdetachstate(0x2b1c8b59f290, 1, 0, 0) = 0
12901   0.000702 libpthread.so.0->__clone(0x2b1c8b68cde0, 0x2b1c8fda6fc0, 0x3d0f00, 0x2b1c8fda7700) = 0x3267
12901   0.007141 libjvm.so->pthread_attr_setdetachstate(0x2b1c8b59f610, 1, 0, 0) = 0
12901   0.000854 libpthread.so.0->__clone(0x2b1c8b68cde0, 0x2b1c8fea7fc0, 0x3d0f00, 0x2b1c8fea8700) = 0x3268
12901   0.040556 libjvm.so->fopen(0x2b1c900e9160, 0x2b1c8ce22ccb, 4, 0x6f732e70) = 0x2b1c900f1ca0
12901   0.002174 libjvm.so->dlopen(0x2b1c900e9160, 1, 0xffffffff, 0x2b1c900ec300) = 0x2b1c90057ba0
12901   0.005205 libjvm.so->open64(0x2b1c8b59e510, 0, 0, 16) = 5
12901   0.000911 libjvm.so->__fxstat64(1, 5, 0x2b1c8b59e340, -1) = 0
12901   0.021326 libjvm.so->fopen(0x2b1c8b59b130, 0x2b1c8ce22ccb, 4009, 3994) = 0x2b1c900fcbf0
12901   0.001188 libjvm.so->fopen(0x2b1c8b59b130, 0x2b1c8ce22ccb, 4009, 3994) = 0x2b1c900fcbf0
12901   0.001130 libjvm.so->fopen(0x2b1c8b59b130, 0x2b1c8ce22ccb, 4009, 4002) = 0x2b1c900fcbf0
12901   0.015950 libjvm.so->pthread_attr_setdetachstate(0x2b1c8b59fb50, 1, 0, 0) = 0
12901   0.000992 libpthread.so.0->__clone(0x2b1c8b68cde0, 0x2b1c8ffa8fc0, 0x3d0f00, 0x2b1c8ffa9700) = 0x3269
12901   0.001492 libjvm.so->__xstat64(1, 0x2b1c8b59fbe0, 0x2b1c8b59fb50, 19) = -1
12901   0.001144 libjvm.so->pthread_attr_setdetachstate(0x2b1c8b59f950, 1, 0, 0) = 0
12901   0.001075 libpthread.so.0->__clone(0x2b1c8b68cde0, 0x2b1ca436afc0, 0x3d0f00, 0x2b1ca436b700) = 0x326a
12901   0.001784 libjvm.so->pthread_attr_setdetachstate(0x2b1c8b59f950, 1, 0, 0) = 0
12901   0.001256 libpthread.so.0->__clone(0x2b1c8b68cde0, 0x2b1ca446bfc0, 0x3d0f00, 0x2b1ca446c700) = 0x326b
12901   0.007929 libjvm.so->pthread_attr_setdetachstate(0x2b1c8b59faa0, 1, 0, 0) = 0
12901   0.001388 libpthread.so.0->__clone(0x2b1c8b68cde0, 0x2b1ca456cfc0, 0x3d0f00, 0x2b1ca456d700) = 0x326c
12901   0.002069 libjvm.so->pthread_attr_setdetachstate(0x2b1c8b59fbb0, 1, 0, 0) = 0
12901   0.001847 libpthread.so.0->__clone(0x2b1c8b68cde0, 0x2b1ca466dfc0, 0x3d0f00, 0x2b1ca466e700) = 0x326d
12901   0.017521 libjvm.so->open64(0x2b1c90128880, 0, 0, 0) = 7
12901   0.001965 libjvm.so->__fxstat64(1, 7, 0x2b1c8b59cf60, -1) = 0
12901   0.026788 libjvm.so->fopen(0x2b1c901544e0, 0x2b1c8ce22ccb, 4, 0x6f732e6f) = 0x2b1c901545a0
12901   0.003468 libjvm.so->dlopen(0x2b1c901544e0, 1, 0xffffffff, 0x2b1c90154500) = 0x2b1c901545a0
12901   0.138475 libjvm.so->fopen(0x2b1c90192640, 0x2b1c8ce22ccb, 4, 0x6f732e74) = 0x2b1c901958f0
12901   0.003179 libjvm.so->dlopen(0x2b1c90192640, 1, 0xffffffff, 0x2b1c90195800) = 0x2b1c9019fca0
12901   0.143577 libjvm.so->fopen(0x2b1c90228cc0, 0x2b1c8ce22ccb, 0x6f732e7373656c, 0x656c646165685f74) = 0x2b1c90228da0
12901   0.003092 libjvm.so->dlopen(0x2b1c90228cc0, 1, 0xffffffff, 0x2b1c90228d00) = 0x2b1c90228da0
12901   0.019599 libjvm.so->fopen(0x2b1c8b598990, 0x2b1c8ce22ccb, 0x6f732e, 0x6d766a62696c2f72) = 0x2b1c90232c40
12901   0.006391 libjvm.so->dlopen(0x2b1c8b598990, 1, 0xffffffff, 0x2b1c90232200) = 0x5570dd7114c0
12901   0.001758 libjvm.so->fopen(0x2b1c8b598990, 0x2b1c8ce22ccb, 0x6f732e, 0x6d766a62696c2f72) = 0x2b1c90232be0
12901   0.005075 libjvm.so->dlopen(0x2b1c8b598990, 1, 0xffffffff, 0x2b1c90232200) = 0x5570dd7114c0
12901   0.001683 libjvm.so->fopen(0x2b1c8b598990, 0x2b1c8ce22ccb, 0x6f732e, 0x6d766a62696c2f72) = 0x2b1c90232be0
12901   0.003561 libjvm.so->dlopen(0x2b1c8b598990, 1, 0xffffffff, 0x2b1c90232200) = 0x5570dd7114c0
12901   0.001650 libjvm.so->fopen(0x2b1c8b598990, 0x2b1c8ce22ccb, 0x6f732e, 0x6d766a62696c2f72) = 0x2b1c90232be0
12901   0.003471 libjvm.so->dlopen(0x2b1c8b598990, 1, 0xffffffff, 0x2b1c90232200) = 0x5570dd7114c0
12907   0.486223 --- SIGSEGV (Segmentation fault) ---
12901  13.898034 libjvm.so->fopen(0x2b1c8b5999d0, 0x2b1c8ce22ccb, 4, 0x6f732e70) = 0x2b1c90133730
12901   0.002813 libjvm.so->dlopen(0x2b1c8b5999d0, 1, 0xffffffff, 0x2b1c90133600) = 0x2b1c90057ba0
12901   0.001657 libjvm.so->fopen(0x2b1c8b5999d0, 0x2b1c8ce22ccb, 4, 0x6f732e70) = 0x2b1c90133730
12901   0.002721 libjvm.so->dlopen(0x2b1c8b5999d0, 1, 0xffffffff, 0x2b1c90133600) = 0x2b1c90057ba0
12901   0.001686 libjvm.so->fopen(0x2b1c8b5999d0, 0x2b1c8ce22ccb, 4, 0x6f732e70) = 0x2b1c90133730
12901   0.002546 libjvm.so->dlopen(0x2b1c8b5999d0, 1, 0xffffffff, 0x2b1c90133600) = 0x2b1c90057ba0
12901   0.001603 libjvm.so->fopen(0x2b1c8b5999d0, 0x2b1c8ce22ccb, 4, 0x6f732e70) = 0x2b1c90133730
12901   0.002654 libjvm.so->dlopen(0x2b1c8b5999d0, 1, 0xffffffff, 0x2b1c90133600) = 0x2b1c90057ba0
12901   0.001820 libjvm.so->fopen(0x2b1c8b5999d0, 0x2b1c8ce22ccb, 4, 0x6f732e70) = 0x2b1c90133730
12901   0.002560 libjvm.so->dlopen(0x2b1c8b5999d0, 1, 0xffffffff, 0x2b1c90133600) = 0x2b1c90057ba0
12901   0.001630 libjvm.so->fopen(0x2b1c8b5999d0, 0x2b1c8ce22ccb, 4, 0x6f732e70) = 0x2b1c90133730
12901   0.002739 libjvm.so->dlopen(0x2b1c8b5999d0, 1, 0xffffffff, 0x2b1c90133600) = 0x2b1c90057ba0
12901   0.002151 libjvm.so->fopen(0x2b1c8b5999d0, 0x2b1c8ce22ccb, 4, 0x6f732e70) = 0x2b1c90133730
12901   0.002529 libjvm.so->dlopen(0x2b1c8b5999d0, 1, 0xffffffff, 0x2b1c90133600) = 0x2b1c90057ba0
12901   0.001623 libjvm.so->fopen(0x2b1c8b5999d0, 0x2b1c8ce22ccb, 4, 0x6f732e70) = 0x2b1c90133730
12901   0.002576 libjvm.so->dlopen(0x2b1c8b5999d0, 1, 0xffffffff, 0x2b1c90133600) = 0x2b1c90057ba0
12901   0.277126 libjvm.so->fopen(0x2b1c8b59ccb0, 0x2b1c8ce22ccb, 111, 0x732e6176) = 0x2b1c9024bac0
12901   0.003014 libjvm.so->dlopen(0x2b1c8b59ccb0, 1, 0xffffffff, 0x2b1c901c2800) = 0x2b1c90001b10
12901   0.001676 libjvm.so->fopen(0x2b1c8b59ccb0, 0x2b1c8ce22ccb, 111, 0x732e6176) = 0x2b1c9024bac0
12901   0.002924 libjvm.so->dlopen(0x2b1c8b59ccb0, 1, 0xffffffff, 0x2b1c901c2800) = 0x2b1c90001b10
12901   0.001702 libjvm.so->fopen(0x2b1c8b59ccb0, 0x2b1c8ce22ccb, 111, 0x732e6176) = 0x2b1c9024bac0
12901   0.002845 libjvm.so->dlopen(0x2b1c8b59ccb0, 1, 0xffffffff, 0x2b1c901c2800) = 0x2b1c90001b10
12901   0.001651 libjvm.so->fopen(0x2b1c8b59ccb0, 0x2b1c8ce22ccb, 111, 0x732e6176) = 0x2b1c9024bac0
12901   0.002868 libjvm.so->dlopen(0x2b1c8b59ccb0, 1, 0xffffffff, 0x2b1c901c2800) = 0x2b1c90001b10
12901   0.293815 libjvm.so->fopen(0x2b1c8b59cc40, 0x2b1c8ce22ccb, 111, 0x732e6176) = 0x2b1c9024bac0
12901   0.003074 libjvm.so->dlopen(0x2b1c8b59cc40, 1, 0xffffffff, 0x2b1c901c2900) = 0x2b1c90001b10
12901   0.001674 libjvm.so->fopen(0x2b1c8b59cc40, 0x2b1c8ce22ccb, 111, 0x732e6176) = 0x2b1c9024bac0
12901   0.002847 libjvm.so->dlopen(0x2b1c8b59cc40, 1, 0xffffffff, 0x2b1c901c2900) = 0x2b1c90001b10
12901   0.001664 libjvm.so->fopen(0x2b1c8b59cc40, 0x2b1c8ce22ccb, 111, 0x732e6176) = 0x2b1c9024bac0
12901   0.002793 libjvm.so->dlopen(0x2b1c8b59cc40, 1, 0xffffffff, 0x2b1c901c2900) = 0x2b1c90001b10
12901   0.001760 libjvm.so->fopen(0x2b1c8b59cc40, 0x2b1c8ce22ccb, 111, 0x732e6176) = 0x2b1c9024bac0
12901   0.002797 libjvm.so->dlopen(0x2b1c8b59cc40, 1, 0xffffffff, 0x2b1c901c2900) = 0x2b1c90001b10
12901   0.360123 --- SIGSEGV (Segmentation fault) ---
12901   0.061633 libjvm.so->fopen(0x2b1c901fda40, 0x2b1c8ce22ccb, 0x6f732e72656761, 0x6567616e616d746e) = 0x2b1c901fdb20
12901   0.003081 libjvm.so->dlopen(0x2b1c901fda40, 1, 0xffffffff, 0x2b1c901fda00) = 0x2b1c901fdb20
12901   0.017574 libjvm.so->pthread_attr_setdetachstate(0x2b1c8b59bdf0, 1, 0, 0) = 0
12901   0.001761 libpthread.so.0->__clone(0x2b1c8b68cde0, 0x2b1ca59c4fc0, 0x3d0f00, 0x2b1ca59c5700) = 0x339a
12901   0.021579 libjvm.so->fopen(0x2b1c90221830, 0x2b1c8ce22ccb, 4, 0x6f732e74) = 0x2b1c902218f0
12901   0.003164 libjvm.so->dlopen(0x2b1c90221830, 1, 0xffffffff, 0x2b1c90221800) = 0x2b1c90154c40
12901   0.126716 libjvm.so->open64(0x2b1c8b59a0c0, 0, 0, 0) = 14
12901   0.002002 libjvm.so->__fxstat64(1, 14, 0x2b1c8b599ef0, -1) = 0
12901   0.112557 libjvm.so->fopen(0x2b1c8b59ba80, 0x2b1c8ce22ccb, 0x6f732e, 0x6d766a62696c2f72) = 0x2b1c90315890
12901   0.006190 libjvm.so->dlopen(0x2b1c8b59ba80, 1, 0xffffffff, 0x2b1c90339700) = 0x5570dd7114c0
12901   0.001825 libjvm.so->fopen(0x2b1c8b59ba80, 0x2b1c8ce22ccb, 0x6f732e, 0x6d766a62696c2f72) = 0x2b1c9030c070
12901   0.003714 libjvm.so->dlopen(0x2b1c8b59ba80, 1, 0xffffffff, 0x2b1c90339700) = 0x5570dd7114c0
12901   0.001814 libjvm.so->fopen(0x2b1c8b59ba80, 0x2b1c8ce22ccb, 0x6f732e, 0x6d766a62696c2f72) = 0x2b1c9030c070
12901   0.003570 libjvm.so->dlopen(0x2b1c8b59ba80, 1, 0xffffffff, 0x2b1c90339700) = 0x5570dd7114c0
12901   0.001897 libjvm.so->fopen(0x2b1c8b59ba80, 0x2b1c8ce22ccb, 0x6f732e, 0x6d766a62696c2f72) = 0x2b1c9030c070
12901   0.003544 libjvm.so->dlopen(0x2b1c8b59ba80, 1, 0xffffffff, 0x2b1c90339700) = 0x5570dd7114c0
12901   0.024663 libjvm.so->fopen(0x2b1c8b59b6e0, 0x2b1c8ce22ccb, 4, 0x6f732e6f) = 0x2b1c9030c070
12901   0.003003 libjvm.so->dlopen(0x2b1c8b59b6e0, 1, 0xffffffff, 0x2b1c90337800) = 0x2b1c901545a0
12901   0.001839 libjvm.so->fopen(0x2b1c8b59b6e0, 0x2b1c8ce22ccb, 4, 0x6f732e6f) = 0x2b1c9030c070
12901   0.002946 libjvm.so->dlopen(0x2b1c8b59b6e0, 1, 0xffffffff, 0x2b1c90337800) = 0x2b1c901545a0
12901   0.001843 libjvm.so->fopen(0x2b1c8b59b6e0, 0x2b1c8ce22ccb, 4, 0x6f732e6f) = 0x2b1c9030c070
12901   0.002940 libjvm.so->dlopen(0x2b1c8b59b6e0, 1, 0xffffffff, 0x2b1c90337800) = 0x2b1c901545a0
12901   0.001853 libjvm.so->fopen(0x2b1c8b59b6e0, 0x2b1c8ce22ccb, 4, 0x6f732e6f) = 0x2b1c9030c070
12901   0.002939 libjvm.so->dlopen(0x2b1c8b59b6e0, 1, 0xffffffff, 0x2b1c90337800) = 0x2b1c901545a0
12907   0.012556 --- SIGSEGV (Segmentation fault) ---
12901   0.194467 libjvm.so->open64(0x2b1c903f6f90, 0, 0, 16) = 23
12901   0.001924 libjvm.so->__fxstat64(1, 23, 0x2b1c8b59c780, -1) = 0
12901   0.919101 --- SIGSEGV (Segmentation fault) ---
12901   0.001313 --- SIGSEGV (Segmentation fault) ---
12901   0.001628 --- SIGSEGV (Segmentation fault) ---
12906   1.582417 --- SIGSEGV (Segmentation fault) ---
12906   3.548246 --- SIGSEGV (Segmentation fault) ---
12901  12.055682 libjvm.so->fopen(0x2b1c8b59d060, 0x2b1c8ce22ccb, 111, 0x732e6176) = 0x2b1c90443530
12901   0.003616 libjvm.so->dlopen(0x2b1c8b59d060, 1, 0xffffffff, 0x2b1c90352d00) = 0x2b1c90001b10
12901   0.001805 libjvm.so->fopen(0x2b1c8b59d060, 0x2b1c8ce22ccb, 111, 0x732e6176) = 0x2b1c90448830
12901   0.003162 libjvm.so->dlopen(0x2b1c8b59d060, 1, 0xffffffff, 0x2b1c90352d00) = 0x2b1c90001b10
12901   0.001837 libjvm.so->fopen(0x2b1c8b59d060, 0x2b1c8ce22ccb, 111, 0x732e6176) = 0x2b1c90448830
12901   0.002997 libjvm.so->dlopen(0x2b1c8b59d060, 1, 0xffffffff, 0x2b1c90352d00) = 0x2b1c90001b10
12901   0.001817 libjvm.so->fopen(0x2b1c8b59d060, 0x2b1c8ce22ccb, 111, 0x732e6176) = 0x2b1c90448830
12901   0.003374 libjvm.so->dlopen(0x2b1c8b59d060, 1, 0xffffffff, 0x2b1c90352d00) = 0x2b1c90001b10
12901   0.002065 libjvm.so->fopen(0x2b1c8b59d060, 0x2b1c8ce22ccb, 111, 0x732e6176) = 0x2b1c90448830
12901   0.003459 libjvm.so->dlopen(0x2b1c8b59d060, 1, 0xffffffff, 0x2b1c90443700) = 0x2b1c90001b10
12901   0.001852 libjvm.so->fopen(0x2b1c8b59d060, 0x2b1c8ce22ccb, 111, 0x732e6176) = 0x2b1c90448830
12901   0.003002 libjvm.so->dlopen(0x2b1c8b59d060, 1, 0xffffffff, 0x2b1c90443700) = 0x2b1c90001b10
12901   0.001831 libjvm.so->fopen(0x2b1c8b59d060, 0x2b1c8ce22ccb, 111, 0x732e6176) = 0x2b1c90448830
12901   0.003007 libjvm.so->dlopen(0x2b1c8b59d060, 1, 0xffffffff, 0x2b1c90443700) = 0x2b1c90001b10
12901   0.001821 libjvm.so->fopen(0x2b1c8b59d060, 0x2b1c8ce22ccb, 111, 0x732e6176) = 0x2b1c90448830
12901   0.002946 libjvm.so->dlopen(0x2b1c8b59d060, 1, 0xffffffff, 0x2b1c90443700) = 0x2b1c90001b10
12907   1.891192 --- SIGSEGV (Segmentation fault) ---
12909   0.918137 +++ exited (status 0) +++
12902   0.000289 +++ exited (status 0) +++
12901   0.000271 +++ exited (status 0) +++
12907   0.000340 +++ exited (status 0) +++
12908   0.000030 +++ exited (status 0) +++
12906   0.000019 +++ exited (status 0) +++
12905   0.000016 +++ exited (status 0) +++
12904   0.000016 +++ exited (status 0) +++
13210   0.000263 +++ exited (status 0) +++
12903   0.033574 +++ exited (status 0) +++
12899   0.000177 +++ exited (status 0) +++
Wrote an ltrace for command: "java -cp ./tools/maxent.jar density.MaxEnt -s outputs/Megaselia_woodi.csv -e data/layers/worldclim -o outputs/Megaselia_woodi nowarnings nocache autorun -z" with PID 12897 from PPID 12879 on disc25.crc.nd.edu with result 0
REMOTEHOST=10.17.145.58
MANPATH=/afs/crc.nd.edu/user/n/nkremerh/cctools/share/man/:/afs/crc.nd.edu/group/ccl/software/x86_64/redhat7/ruby/current/share/man:/afs/crc.nd.edu/group/ccl/software/x86_64/redhat7/graphviz/current/share/man:/afs/crc.nd.edu/group/ccl/software/x86_64/redhat7/gnuplot/current/share/man:/afs/crc.nd.edu/group/ccl/software/x86_64/redhat7/git/current/share/man:/afs/crc.nd.edu/group/ccl/software/x86_64/redhat7/condor/current/share/man:/afs/crc.nd.edu/group/ccl/software/x86_64/redhat7/clang/current/share/man:/afs/crc.nd.edu/group/ccl/software/x86_64/redhat7/condor/current/share/man:/afs/crc.nd.edu/group/ccl/software/x86_64/redhat7/cctools/current/share/man:/afs/crc.nd.edu/group/ccl/software/x86_64/redhat7/cctools/current/share/man:/afs/crc.nd.edu/x86_64_linux/Modules/4.5.0/share/man:/opt/crc/usr/local/man:/opt/sge/man:/usr/share/man/overrides:/usr/share/man:/usr/local/share/man
_CONDOR_JOB_PIDS=
XDG_SESSION_ID=3301
HOSTNAME=disc01.crc.nd.edu
_LMFILES__modshare=/afs/crc.nd.edu/x86_64_linux/Modules/modules/system_modules/CRC_default/1.1:1
MODULEPATH_modshare=/afs/crc.nd.edu/x86_64_linux/Modules/modules/general_software:1:/afs/crc.nd.edu/x86_64_linux/Modules/modules/development_tools_and_libraries:1:/afs/crc.nd.edu/x86_64_linux/Modules/modules/system_modules:1:/afs/crc.nd.edu/x86_64_linux/Modules/current/modulefiles:1:/afs/crc.nd.edu/x86_64_linux/Modules/modules/restricted_software:1:/afs/crc.nd.edu/x86_64_linux/Modules/modules/deprecated_software:1
TERM=xterm-256color
SHELL=/bin/tcsh
HOST=disc01.crc.nd.edu
MODULES_CMD=/afs/crc.nd.edu/x86_64_linux/Modules/4.5.0/libexec/modulecmd.tcl
HISTSIZE=5000
MAKEFLAGS=
SSH_CLIENT=10.17.145.58 38176 22
TMPDIR=/var/condor/execute/dir_3432/worker-213124-3506/t.994/cctools-temp-t.994.jlHeG2
PERL5LIB=/afs/crc.nd.edu/user/n/nkremerh/cctools/lib/perl5/site_perl/5.16.3:/afs/crc.nd.edu/user/n/nkremerh/.perl5/lib/perl5
SGE_CELL=crc
_CONDOR_SCRATCH_DIR=/var/condor/execute/dir_3432
PERL_MB_OPT=--install_base '/afs/crc.nd.edu/user/n/nkremerh/.perl5/'
SSH_TTY=/dev/pts/0
SGE_LOAD_AVG=load_avg
MAKEFLOW_MAX_LOCAL_JOBS=2
GROUP=campus
USER=nkremerh
_CHIRP_DELAYED_UPDATE_PREFIX=Chirp*
HISTFILESIZE=10000
TEMP=/var/condor/execute/dir_3432/worker-213124-3506/t.994/cctools-temp-t.994.jlHeG2
LD_LIBRARY_PATH=/afs/crc.nd.edu/group/ccl/software/x86_64/redhat7/ruby/current/lib:/afs/crc.nd.edu/group/ccl/software/x86_64/redhat7/graphviz/current/lib:/afs/crc.nd.edu/group/ccl/software/x86_64/redhat7/git/current/lib:/afs/crc.nd.edu/group/ccl/software/x86_64/redhat7/condor/current/lib:/afs/crc.nd.edu/group/ccl/software/x86_64/redhat7/clang/current/lib:/afs/crc.nd.edu/group/ccl/software/x86_64/redhat7/condor/current/lib:/afs/crc.nd.edu/group/ccl/software/x86_64/redhat7/cctools/current/lib:/opt/crc/usr/local/lib
BATCH_SYSTEM=HTCondor
MODULES_LMALTNAME=CRC_default/1.1&CRC_default/default&CRC_default
ENV=/afs/crc.nd.edu/x86_64_linux/Modules/4.5.0/init/profile.sh
WORKER_TMPDIR=/var/condor/execute/dir_3432/worker-213124-3506/cache/tmp
HOSTTYPE=x86_64-linux
_CONDOR_HIGHPORT=9999
GLOBUS_GSSAPI_MAX_TLS_PROTOCOL=0
_CONDOR_CHIRP_CONFIG=/var/condor/execute/dir_3432/.chirp.config
MAKELEVEL=1
MFLAGS=
MAIL=/var/spool/mail/nkremerh
PATH=/afs/crc.nd.edu/user/n/nkremerh/cctools/bin:/afs/crc.nd.edu/user/n/nkremerh/miniconda/bin:/afs/crc.nd.edu/group/ccl/software/git:/afs/crc.nd.edu/user/n/nkremerh/.local/bin:/afs/crc.nd.edu/group/ccl/software/x86_64/redhat7/povray/3.7/bin:/afs/crc.nd.edu/user/n/nkremerh/.perl5/bin:/afs/crc.nd.edu/user/n/nkremerh/pegasus/bin:/afs/crc.nd.edu/user/n/nkremerh/nodejs/bin:/afs/crc.nd.edu/user/n/nkremerh/montage/bin:/afs/crc.nd.edu/user/n/nkremerh/latexdiff:/afs/crc.nd.edu/user/n/nkremerh/envtrace:/afs/crc.nd.edu/user/n/nkremerh/endlines:/afs/crc.nd.edu/user/n/nkremerh/cctools/bin:/afs/crc.nd.edu/user/n/nkremerh/.cargo/bin:/afs/crc.nd.edu/group/ccl/software/x86_64/redhat7/ruby/current/bin:/afs/crc.nd.edu/group/ccl/software/x86_64/redhat7/graphviz/current/bin:/afs/crc.nd.edu/group/ccl/software/x86_64/redhat7/gnuplot/current/bin:/afs/crc.nd.edu/group/ccl/software/x86_64/redhat7/git/current/bin:/afs/crc.nd.edu/group/ccl/software/x86_64/redhat7/condor/current/sbin:/afs/crc.nd.edu/group/ccl/software/x86_64/redhat7/condor/current/bin:/afs/crc.nd.edu/group/ccl/software/x86_64/redhat7/cmake/current/bin:/afs/crc.nd.edu/group/ccl/software/x86_64/redhat7/clang/current/bin:/afs/crc.nd.edu/group/ccl/software/x86_64/redhat7/condor/current/sbin:/afs/crc.nd.edu/group/ccl/software/x86_64/redhat7/condor/current/bin:/afs/crc.nd.edu/group/ccl/software/x86_64/redhat7/cctools/current/bin:/afs/crc.nd.edu/x86_64_linux/Modules/4.5.0/bin:/opt/crc/usr/local/bin:/opt/sge/bin/lx-amd64:/usr/local/bin:/usr/bin:/usr/local/sbin:/usr/sbin:/afs/crc.nd.edu/user/c/condor/software/bin:/afs/crc.nd.edu/user/c/condor/software/sbin
CCLSOFTWARE=/afs/crc.nd.edu/group/ccl/software/x86_64/redhat7
PWD=/var/condor/execute/dir_3432/worker-213124-3506/t.994
_LMFILES_=/afs/crc.nd.edu/x86_64_linux/Modules/modules/system_modules/CRC_default/1.1
EDITOR=vim
SGE_EXECD_PORT=6445
LANG=en_US.UTF-8
SGE_QMASTER_PORT=6444
MODULEPATH=/afs/crc.nd.edu/x86_64_linux/Modules/modules/development_tools_and_libraries:/afs/crc.nd.edu/x86_64_linux/Modules/modules/general_software:/afs/crc.nd.edu/x86_64_linux/Modules/modules/restricted_software:/afs/crc.nd.edu/x86_64_linux/Modules/modules/system_modules:/afs/crc.nd.edu/x86_64_linux/Modules/modules/deprecated_software:/afs/crc.nd.edu/x86_64_linux/Modules/current/modulefiles
LOADEDMODULES=CRC_default/1.1
SGE_ROOT=/opt/sge
CCLPLATFORM=x86_64/redhat7
_CONDOR_SLOT=slot2_1
WORK_QUEUE_SANDBOX=/var/condor/execute/dir_3432/worker-213124-3506
USE_SYSTEMD=true
_CONDOR_LOWPORT=9100
_CONDOR_ANCESTOR_4261=3432:1594946670:4145456537
HISTCONTROL=ignoreboth:erasedups
KRB5CCNAME=FILE:/tmp/krb5cc_213124_0wTNSp
GLOBUS_GSSAPI_NAME_COMPATIBILITY=STRICT_RFC2818
HOME=/afs/crc.nd.edu/user/n/nkremerh
SHLVL=6
PATH_modshare=/opt/crc/usr/local/bin:1:/opt/sge/bin/lx-amd64:1:/usr/sbin:1:/usr/bin:1:/afs/crc.nd.edu/user/c/condor/software/sbin:1:/usr/local/sbin:1:/afs/crc.nd.edu/user/c/condor/software/bin:1:/usr/local/bin:1
OSTYPE=linux
_CONDOR_MACHINE_AD=/var/condor/execute/dir_3432/.machine.ad
_CONDOR_ANCESTOR_3989=4261:1593343483:4184216969
GREP_OPTIONS=--color=auto
DISK=18236
GLOBUS_GSSAPI_MIN_TLS_PROTOCOL=TLS1_VERSION
MANPATH_modshare=/usr/share/man/overrides:1:/usr/local/share/man:1:/usr/share/man:1:/opt/crc/usr/local/man:1:/opt/sge/man:1
MEMORY=1948
PERL_LOCAL_LIB_ROOT=/afs/crc.nd.edu/user/n/nkremerh/.perl5/
BASH_ENV=/afs/crc.nd.edu/x86_64_linux/Modules/4.5.0/init/bash
VENDOR=unknown
TMP=/var/condor/execute/dir_3432/worker-213124-3506/t.994/cctools-temp-t.994.jlHeG2
LOGNAME=nkremerh
MACHTYPE=x86_64
CCLHOME=/afs/crc.nd.edu/group/ccl
PYTHONPATH=/afs/crc.nd.edu/user/n/nkremerh/cctools/lib/python3.6/site-packages/
LD_LIBRARY_PATH_modshare=/opt/crc/usr/local/lib:1
SSH_CONNECTION=10.17.145.58 38176 129.74.128.103 22
MODULES_LMALTNAME_modshare=CRC_default/1.1&CRC_default/default&CRC_default:1
_CONDOR_ANCESTOR_3432=3449:1594946671:1383377506
MODULESHOME=/afs/crc.nd.edu/x86_64_linux/Modules/4.5.0
GLOBUS_GSSAPI_CIPHERS=HIGH
GLOBUS_GSSAPI_BACKWARD_COMPATIBLE_MIC=true
LESSOPEN=||/usr/bin/lesspipe.sh %s
OMP_NUM_THREADS=1
_CONDOR_JOB_AD=/var/condor/execute/dir_3432/.job.ad
LOADEDMODULES_modshare=CRC_default/1.1:1
XDG_RUNTIME_DIR=/run/user/213124
SGE_CLUSTER_NAME=CRC
CCTOOLS=../cctools
CORES=1
_CONDOR_JOB_IWD=/var/condor/execute/dir_3432
PERL_MM_OPT=INSTALL_BASE=/afs/crc.nd.edu/user/n/nkremerh/.perl5/
GLOBUS_GSSAPI_SERVER_CIPHER_ORDER=true
BASH_FUNC_module()=() {  unset _mlshdbg;
 if [ "${MODULES_SILENT_SHELL_DEBUG:-0}" = '1' ]; then
 case "$-" in 
 *v*x*)
 set +vx;
 _mlshdbg='vx'
 ;;
 *v*)
 set +v;
 _mlshdbg='v'
 ;;
 *x*)
 set +x;
 _mlshdbg='x'
 ;;
 *)
 _mlshdbg=''
 ;;
 esac;
 fi;
 unset _mlre _mlIFS;
 if [ -n "${IFS+x}" ]; then
 _mlIFS=$IFS;
 fi;
 IFS=' ';
 for _mlv in ${MODULES_RUN_QUARANTINE:-};
 do
 if [ "${_mlv}" = "${_mlv##*[!A-Za-z0-9_]}" -a "${_mlv}" = "${_mlv#[0-9]}" ]; then
 if [ -n "`eval 'echo ${'$_mlv'+x}'`" ]; then
 _mlre="${_mlre:-}${_mlv}_modquar='`eval 'echo ${'$_mlv'}'`' ";
 fi;
 _mlrv="MODULES_RUNENV_${_mlv}";
 _mlre="${_mlre:-}${_mlv}='`eval 'echo ${'$_mlrv':-}'`' ";
 fi;
 done;
 if [ -n "${_mlre:-}" ]; then
 eval `eval ${_mlre}/usr/bin/tclsh /afs/crc.nd.edu/x86_64_linux/Modules/4.5.0/libexec/modulecmd.tcl bash '"$@"'`;
 else
 eval `/usr/bin/tclsh /afs/crc.nd.edu/x86_64_linux/Modules/4.5.0/libexec/modulecmd.tcl bash "$@"`;
 fi;
 _mlstatus=$?;
 if [ -n "${_mlIFS+x}" ]; then
 IFS=$_mlIFS;
 else
 unset IFS;
 fi;
 unset _mlre _mlv _mlrv _mlIFS;
 if [ -n "${_mlshdbg:-}" ]; then
 set -$_mlshdbg;
 fi;
 unset _mlshdbg;
 return $_mlstatus
}
BASH_FUNC_ml()=() {  module ml "$@"
}
_=/usr/bin/printenv
