3231   0.000000 libjli.so->getenv("_JAVA_LAUNCHER_DEBUG") = nil
3231   0.001831 libjli.so->getenv("_JAVA_VERSION_SET") = nil
3231   0.000649 libjli.so->fopen("/usr/lib/jvm/java-1.8.0-openjdk-1.8.0.262.b10-0.el7_8.x86_64/jre/lib/amd64/jvm.cfg", "r") = 0x5639089140f0
3231   0.000816 libjli.so->getenv("JDK_ALTERNATE_VM") = nil
3231   0.000325 libjli.so->__xstat(1, "/usr/lib/jvm/java-1.8.0-openjdk-1.8.0.262.b10-0.el7_8.x86_64/jre/lib/amd64/server/libjvm.so", 0x7ffc50ef3580) = 0
3231   0.000585 libjli.so->getenv("LD_LIBRARY_PATH") = "/afs/crc.nd.edu/group/ccl/software/x86_64/redhat7/ruby/current/lib:/afs/crc.nd.edu/group/ccl/software/x86_64/redhat7/graphviz/current/lib:/afs/crc.nd.edu/group/ccl/software/x86_64/redhat7/git/current/lib:/afs/crc.nd.edu/group/ccl/software/x86_64/redhat7/condor/current/lib:/afs/crc.nd.edu/group/ccl/software/x86_64/redhat7/clang/current/lib:/afs/crc.nd.edu/group/ccl/software/x86_64/redhat7/condor/current/lib:/afs/crc.nd.edu/group/ccl/software/x86_64/redhat7/cctools/current/lib:/opt/crc/usr/local/lib"
3231   0.002159 libjli.so->dlopen("/usr/lib/jvm/java-1.8.0-openjdk-1.8.0.262.b10-0.el7_8.x86_64/jre/lib/amd64/server/libjvm.so", 258 <unfinished ...>
3231   0.038333 libjvm.so->getenv("NMT_LEVEL_3231") = nil
3231   0.001751 <... dlopen resumed> )           = 0x5639089144c0
3231   0.000088 libjli.so->getenv("CLASSPATH")   = nil
3231   0.000344 libjli.so->getenv("_JAVA_SPLASH_JAR") = nil
3231   0.000303 libjli.so->getenv("_JAVA_SPLASH_FILE") = nil
3231   0.000397 libjli.so->pthread_attr_setdetachstate(0x7ffc50ef3530, 0, 0x7ffc50ef35c0, 0) = 0
3231   0.000532 libpthread.so.0->__clone(0x2b6411a5ede0, 0x2b6411971fc0, 0x3d0f00, 0x2b6411972700) = 3232
3232   0.001807 libjvm.so->dlopen(0x2b641323d9ae, 1, 0xfffffffffff42c48, 4096) = 0x2b6414000990
3232   0.002498 libjvm.so->getenv(0x2b641325883e, 0, 115, 0x65737361) = 0x7ffc50ef96ae
3232   0.000539 libjvm.so->fopen(0x2b6411970c10, 0x2b64131f4ccb, 0x6f732e79666972, 0x2b6412336ab0) = 0x2b6414001440
3232   0.002089 libjvm.so->dlopen(0x2b6411970c10, 1, 0xffffffff, 0x2b6414002b00) = 0x2b6414001440
3232   0.001585 libjvm.so->fopen(0x2b6411970c10, 0x2b64131f4ccb, 111, 0x732e6176) = 0x2b6414001b10
3232   0.001853 libjvm.so->dlopen(0x2b6411970c10, 1, 0xffffffff, 0x2b6414001a00) = 0x2b6414001b10
3232   0.001665 libjvm.so->__xstat(1, 0x2b6411971360, 0x2b6411971ba0, 0x746f7073746f682e) = -1
3232   0.000516 libjvm.so->getenv(0x2b64131ed541, 0x2b64119716d0, 1024, 0x2b64136a761b) = 0
3232   0.000446 libjvm.so->getenv(0x2b64131ed533, 0x2b64119716d0, 1024, 0) = 0
3232   0.000415 libjvm.so->fopen(0x2b641323d315, 0x2b64131f4ccb, 4095, 0xffffd49bece12b03) = 0x2b6414003290
3232   0.001110 libjvm.so->fopen(0x2b641323d361, 0x2b64131f4ccb, 0x2b6414000078, 0x2b6414003280) = 0x2b6414003290
3232   0.000699 libjvm.so->fopen(0x2b641196b9b0, 0x2b64131f4ccb, 4014, 3995) = 0x2b6414003290
3232   0.000640 libjvm.so->opendir(0x2b6414002b40, 0x2b6414002b40, 13, 16) = 0
3232   0.000537 libjvm.so->__xstat(1, 0x2b64119708f0, 0x2b641196f860, 0x6f732e7477616d62) = -1
3232   0.000457 libjvm.so->__xstat(1, 0x2b64119708f0, 0x2b641196f860, 0x5f74776162696c2f) = 0
3232   0.000486 libjvm.so->fopen(0x2b641196fb90, 0x2b64131f4ccb, 4009, 3994) = 0x2b6414003770
3232   0.000714 libjvm.so->fopen(0x2b641196fb90, 0x2b64131f4ccb, 4009, 3994) = 0x2b6414003770
3232   0.000609 libjvm.so->fopen(0x2b641196fb90, 0x2b64131f4ccb, 4009, 4002) = 0x2b6414003770
3232   0.000613 libjvm.so->fopen(0x2b641196fb20, 0x2b64131f4ccb, 4009, 3994) = 0x2b6414003770
3232   0.000587 libjvm.so->fopen(0x2b641196fb20, 0x2b64131f4ccb, 4009, 3994) = 0x2b6414003770
3232   0.000594 libjvm.so->fopen(0x2b641196fb20, 0x2b64131f4ccb, 4009, 4002) = 0x2b6414003770
3232   0.000593 libjvm.so->fopen(0x2b641196fb50, 0x2b64131f4ccb, 4014, 3995) = 0x2b6414003770
3232   0.000778 libjvm.so->getenv(0x2b641323e0ff, 4096, 3, -1) = 0
3232   0.000905 libjvm.so->fopen(0x2b641323d998, 0x2b64131f4ccb, 0x2b6411a55908, 0x2b6411a54df0) = 0x2b6414003770
3232   0.004802 libjvm.so->open(0x2b641404a560, 0x20000, 0, 0x2b641404a5a9) = 3
3232   0.000450 libjvm.so->__fxstat(1, 3, 0x2b6411971a00, -1) = 0
3232   0.000469 libjvm.so->opendir(0x2b641404a560, 0x2b6411971a00, 0x4000, -1) = 0x2b641404b470
3232   0.000456 libjvm.so->__fxstat(1, 3, 0x2b64119718a0, 0x2b641404b470) = 0
3232   0.000414 libjvm.so->__fxstat(1, 5, 0x2b6411971930, -1) = 0
3232   0.000589 libjvm.so->open(0x2b641320b9dc, 0, 0, 0) = 3
3232   0.000653 libjvm.so->__lxstat(1, 0x2b641404a560, 0x2b6411971b50, -144) = 0
3232   0.000482 libjvm.so->open(0x2b641404a560, 0x20000, 0x4000, -1) = 3
3232   0.000456 libjvm.so->__fxstat(1, 3, 0x2b6411971a00, -1) = 0
3232   0.000451 libjvm.so->opendir(0x2b641404a560, 0x2b6411971a00, 0x4000, -1) = 0x2b641404b470
3232   0.000420 libjvm.so->__fxstat(1, 3, 0x2b64119718a0, 0x2b641404b470) = 0
3232   0.000449 libjvm.so->__fxstat(1, 5, 0x2b6411971930, -1) = 0
3232   0.000449 libjvm.so->open(0x2b641320b9dc, 0, 0, 0) = 3
3232   0.000464 libjvm.so->open(0x2b641404a5a9, 0x20042, 384, -1) = 7
3232   0.000631 libjvm.so->__fxstat(1, 7, 0x2b6411971b50, -1) = 0
3232   0.001823 libjvm.so->fopen(0x2b6411970b60, 0x2b64131f4ccb, 4, 0x6f732e70) = 0x2b6414057bc0
3232   0.001570 libjvm.so->dlopen(0x2b6411970b60, 1, 0xffffffff, 0x2b6414057b00) = 0x2b6414057bc0
3232   0.001560 libjvm.so->__xstat(1, 0x2b6411971120, 0x2b6411971950, 2048) = 0
3232   0.000471 libjvm.so->__xstat(1, 0x2b6411971120, 0x2b6411971950, 2048) = 0
3232   0.000430 libjvm.so->__xstat(1, 0x2b6411971120, 0x2b6411971950, 2048) = -1
3232   0.000455 libjvm.so->__xstat(1, 0x2b6411971120, 0x2b6411971950, 2048) = 0
3232   0.000417 libjvm.so->__xstat(1, 0x2b6411971120, 0x2b6411971950, 2048) = 0
3232   0.000475 libjvm.so->__xstat(1, 0x2b6411971120, 0x2b6411971950, 2048) = 0
3232   0.000443 libjvm.so->__xstat(1, 0x2b6411971120, 0x2b6411971950, 2048) = 0
3232   0.000448 libjvm.so->__xstat(1, 0x2b6411971120, 0x2b6411971950, 2048) = -1
3232   0.000445 libjvm.so->fopen(0x2b6414002520, 0x2b64131f4ccb, 0, 0) = 0x2b6414058a60
3232   0.008980 libjvm.so->open64(0x2b6411970410, 0, 0, 16) = 3
3232   0.000462 libjvm.so->__fxstat64(1, 3, 0x2b6411970240, -1) = 0
3232   0.041069 libjvm.so->__xstat(1, 0x2b6411970f20, 0x2b6411971750, 2048) = -1
3232   0.000654 libjvm.so->fopen(0x2b641196fb20, 0x2b64131f4ccb, 4009, 3994) = 0x2b64140b5e20
3232   0.000771 libjvm.so->fopen(0x2b641196fb20, 0x2b64131f4ccb, 4009, 3994) = 0x2b64140b5e20
3232   0.000733 libjvm.so->fopen(0x2b641196fb20, 0x2b64131f4ccb, 4009, 4002) = 0x2b64140b5e20
3232   0.004400 libjvm.so->pthread_attr_setdetachstate(0x2b6411971c00, 1, 0, 0) = 0
3232   0.000968 libpthread.so.0->__clone(0x2b6411a5ede0, 0x2b642a2fbfc0, 0x3d0f00, 0x2b642a2fc700) = 3234
3232   0.017104 libjvm.so->pthread_attr_setdetachstate(0x2b6411971290, 1, 0, 0) = 0
3232   0.000861 libpthread.so.0->__clone(0x2b6411a5ede0, 0x2b642a3fcfc0, 0x3d0f00, 0x2b642a3fd700) = 3236
3232   0.007718 libjvm.so->pthread_attr_setdetachstate(0x2b6411971610, 1, 0, 0) = 0
3232   0.000878 libpthread.so.0->__clone(0x2b6411a5ede0, 0x2b642a4fdfc0, 0x3d0f00, 0x2b642a4fe700) = 3237
3232   0.049604 libjvm.so->fopen(0x2b64140e9130, 0x2b64131f4ccb, 4, 0x6f732e70) = 0x2b64140f1c70
3232   0.002063 libjvm.so->dlopen(0x2b64140e9130, 1, 0xffffffff, 0x2b64140ec300) = 0x2b6414057bc0
3232   0.005180 libjvm.so->open64(0x2b6411970510, 0, 0, 16) = 5
3232   0.000972 libjvm.so->__fxstat64(1, 5, 0x2b6411970340, -1) = 0
3232   0.019899 libjvm.so->fopen(0x2b641196d130, 0x2b64131f4ccb, 4009, 3994) = 0x2b64140fcbc0
3232   0.001155 libjvm.so->fopen(0x2b641196d130, 0x2b64131f4ccb, 4009, 3994) = 0x2b64140fcbc0
3232   0.001121 libjvm.so->fopen(0x2b641196d130, 0x2b64131f4ccb, 4009, 4002) = 0x2b64140fcbc0
3232   0.016143 libjvm.so->pthread_attr_setdetachstate(0x2b6411971b50, 1, 0, 0) = 0
3232   0.000982 libpthread.so.0->__clone(0x2b6411a5ede0, 0x2b642a5fefc0, 0x3d0f00, 0x2b642a5ff700) = 3238
3232   0.001624 libjvm.so->__xstat64(1, 0x2b6411971be0, 0x2b6411971b50, 18) = -1
3232   0.001556 libjvm.so->pthread_attr_setdetachstate(0x2b6411971950, 1, 0, 0) = 0
3232   0.001355 libpthread.so.0->__clone(0x2b6411a5ede0, 0x2b642a6fffc0, 0x3d0f00, 0x2b642a700700) = 3239
3232   0.002196 libjvm.so->pthread_attr_setdetachstate(0x2b6411971950, 1, 0, 0) = 0
3232   0.001334 libpthread.so.0->__clone(0x2b6411a5ede0, 0x2b642a800fc0, 0x3d0f00, 0x2b642a801700) = 3240
3232   0.009518 libjvm.so->pthread_attr_setdetachstate(0x2b6411971aa0, 1, 0, 0) = 0
3232   0.001439 libpthread.so.0->__clone(0x2b6411a5ede0, 0x2b642a901fc0, 0x3d0f00, 0x2b642a902700) = 3241
3232   0.003626 libjvm.so->pthread_attr_setdetachstate(0x2b6411971bb0, 1, 0, 0) = 0
3232   0.001702 libpthread.so.0->__clone(0x2b6411a5ede0, 0x2b642aa02fc0, 0x3d0f00, 0x2b642aa03700) = 3242
3232   0.015332 libjvm.so->open64(0x2b6414128850, 0, 0, 16) = 7
3232   0.002007 libjvm.so->__fxstat64(1, 7, 0x2b641196ef60, -1) = 0
3232   0.027621 libjvm.so->fopen(0x2b64141544f0, 0x2b64131f4ccb, 4, 0x6f732e6f) = 0x2b64141545b0
3232   0.003296 libjvm.so->dlopen(0x2b64141544f0, 1, 0xffffffff, 0x2b6414154500) = 0x2b64141545b0
3232   0.137248 libjvm.so->fopen(0x2b6414194cd0, 0x2b64131f4ccb, 4, 0x6f732e74) = 0x2b6414192850
3232   0.003318 libjvm.so->dlopen(0x2b6414194cd0, 1, 0xffffffff, 0x2b6414195600) = 0x2b64141b7ef0
3232   0.058841 libjvm.so->fopen(0x2b641196a0b0, 0x2b64131f4ccb, 0x6f732e, 0x6d766a62696c2f72) = 0x2b64141ca230
3232   0.007114 libjvm.so->dlopen(0x2b641196a0b0, 1, 0xffffffff, 0x2b64141ca100) = 0x5639089144c0
3232   0.001738 libjvm.so->fopen(0x2b641196a0b0, 0x2b64131f4ccb, 0x6f732e, 0x6d766a62696c2f72) = 0x2b64141ca630
3232   0.005128 libjvm.so->dlopen(0x2b641196a0b0, 1, 0xffffffff, 0x2b64141ca100) = 0x5639089144c0
3232   0.001668 libjvm.so->fopen(0x2b641196a0b0, 0x2b64131f4ccb, 0x6f732e, 0x6d766a62696c2f72) = 0x2b64141ca230
3232   0.004528 libjvm.so->dlopen(0x2b641196a0b0, 1, 0xffffffff, 0x2b64141ca100) = 0x5639089144c0
3232   0.002866 libjvm.so->fopen(0x2b641196a0b0, 0x2b64131f4ccb, 0x6f732e, 0x6d766a62696c2f72) = 0x2b64141ca230
3232   0.003469 libjvm.so->dlopen(0x2b641196a0b0, 1, 0xffffffff, 0x2b64141ca100) = 0x5639089144c0
3232   0.083484 libjvm.so->fopen(0x2b6414248d00, 0x2b64131f4ccb, 0x6f732e7373656c, 0x656c646165685f74) = 0x2b6414248de0
3232   0.002842 libjvm.so->dlopen(0x2b6414248d00, 1, 0xffffffff, 0x2b6414248d00) = 0x2b6414248de0
3232   0.493188 --- SIGSEGV (Segmentation fault) ---
3242  12.755468 +++ exited (status 0) +++
3238   0.000375 +++ exited (status 0) +++
3234   0.010378 +++ exited (status 0) +++
3232   0.000259 +++ exited (status 0) +++
3240   0.000488 +++ exited (status 0) +++
3241   0.000030 +++ exited (status 0) +++
3239   0.000017 +++ exited (status 0) +++
3237   0.000015 +++ exited (status 0) +++
3236   0.000017 +++ exited (status 0) +++
3231   0.023584 +++ exited (status 0) +++
Wrote an ltrace for command: "java -cp ./tools/maxent.jar density.MaxEnt -s outputs/Pachodynerus_praecox.csv -e data/layers/worldclim -o outputs/Pachodynerus_praecox nowarnings nocache autorun -z" with PID 3228 from PPID 3210 on disc25.crc.nd.edu with result 0
REMOTEHOST=10.17.145.58
MANPATH=/afs/crc.nd.edu/user/n/nkremerh/cctools/share/man/:/afs/crc.nd.edu/group/ccl/software/x86_64/redhat7/ruby/current/share/man:/afs/crc.nd.edu/group/ccl/software/x86_64/redhat7/graphviz/current/share/man:/afs/crc.nd.edu/group/ccl/software/x86_64/redhat7/gnuplot/current/share/man:/afs/crc.nd.edu/group/ccl/software/x86_64/redhat7/git/current/share/man:/afs/crc.nd.edu/group/ccl/software/x86_64/redhat7/condor/current/share/man:/afs/crc.nd.edu/group/ccl/software/x86_64/redhat7/clang/current/share/man:/afs/crc.nd.edu/group/ccl/software/x86_64/redhat7/condor/current/share/man:/afs/crc.nd.edu/group/ccl/software/x86_64/redhat7/cctools/current/share/man:/afs/crc.nd.edu/group/ccl/software/x86_64/redhat7/cctools/current/share/man:/afs/crc.nd.edu/x86_64_linux/Modules/4.5.0/share/man:/opt/crc/usr/local/man:/opt/sge/man:/usr/share/man/overrides:/usr/share/man:/usr/local/share/man
_CONDOR_JOB_PIDS=
XDG_SESSION_ID=3301
HOSTNAME=disc01.crc.nd.edu
_LMFILES__modshare=/afs/crc.nd.edu/x86_64_linux/Modules/modules/system_modules/CRC_default/1.1:1
MODULEPATH_modshare=/afs/crc.nd.edu/x86_64_linux/Modules/modules/general_software:1:/afs/crc.nd.edu/x86_64_linux/Modules/modules/development_tools_and_libraries:1:/afs/crc.nd.edu/x86_64_linux/Modules/modules/system_modules:1:/afs/crc.nd.edu/x86_64_linux/Modules/current/modulefiles:1:/afs/crc.nd.edu/x86_64_linux/Modules/modules/restricted_software:1:/afs/crc.nd.edu/x86_64_linux/Modules/modules/deprecated_software:1
TERM=xterm-256color
SHELL=/bin/tcsh
HOST=disc01.crc.nd.edu
MODULES_CMD=/afs/crc.nd.edu/x86_64_linux/Modules/4.5.0/libexec/modulecmd.tcl
HISTSIZE=5000
MAKEFLAGS=
SSH_CLIENT=10.17.145.58 38176 22
TMPDIR=/var/condor/execute/dir_3437/worker-213124-3579/t.817/cctools-temp-t.817.2GRzey
PERL5LIB=/afs/crc.nd.edu/user/n/nkremerh/cctools/lib/perl5/site_perl/5.16.3:/afs/crc.nd.edu/user/n/nkremerh/.perl5/lib/perl5
SGE_CELL=crc
_CONDOR_SCRATCH_DIR=/var/condor/execute/dir_3437
PERL_MB_OPT=--install_base '/afs/crc.nd.edu/user/n/nkremerh/.perl5/'
SSH_TTY=/dev/pts/0
SGE_LOAD_AVG=load_avg
MAKEFLOW_MAX_LOCAL_JOBS=2
GROUP=campus
USER=nkremerh
_CHIRP_DELAYED_UPDATE_PREFIX=Chirp*
HISTFILESIZE=10000
TEMP=/var/condor/execute/dir_3437/worker-213124-3579/t.817/cctools-temp-t.817.2GRzey
LD_LIBRARY_PATH=/afs/crc.nd.edu/group/ccl/software/x86_64/redhat7/ruby/current/lib:/afs/crc.nd.edu/group/ccl/software/x86_64/redhat7/graphviz/current/lib:/afs/crc.nd.edu/group/ccl/software/x86_64/redhat7/git/current/lib:/afs/crc.nd.edu/group/ccl/software/x86_64/redhat7/condor/current/lib:/afs/crc.nd.edu/group/ccl/software/x86_64/redhat7/clang/current/lib:/afs/crc.nd.edu/group/ccl/software/x86_64/redhat7/condor/current/lib:/afs/crc.nd.edu/group/ccl/software/x86_64/redhat7/cctools/current/lib:/opt/crc/usr/local/lib
BATCH_SYSTEM=HTCondor
MODULES_LMALTNAME=CRC_default/1.1&CRC_default/default&CRC_default
ENV=/afs/crc.nd.edu/x86_64_linux/Modules/4.5.0/init/profile.sh
WORKER_TMPDIR=/var/condor/execute/dir_3437/worker-213124-3579/cache/tmp
HOSTTYPE=x86_64-linux
_CONDOR_HIGHPORT=9999
GLOBUS_GSSAPI_MAX_TLS_PROTOCOL=0
_CONDOR_CHIRP_CONFIG=/var/condor/execute/dir_3437/.chirp.config
MAKELEVEL=1
MFLAGS=
MAIL=/var/spool/mail/nkremerh
PATH=/afs/crc.nd.edu/user/n/nkremerh/cctools/bin:/afs/crc.nd.edu/user/n/nkremerh/miniconda/bin:/afs/crc.nd.edu/group/ccl/software/git:/afs/crc.nd.edu/user/n/nkremerh/.local/bin:/afs/crc.nd.edu/group/ccl/software/x86_64/redhat7/povray/3.7/bin:/afs/crc.nd.edu/user/n/nkremerh/.perl5/bin:/afs/crc.nd.edu/user/n/nkremerh/pegasus/bin:/afs/crc.nd.edu/user/n/nkremerh/nodejs/bin:/afs/crc.nd.edu/user/n/nkremerh/montage/bin:/afs/crc.nd.edu/user/n/nkremerh/latexdiff:/afs/crc.nd.edu/user/n/nkremerh/envtrace:/afs/crc.nd.edu/user/n/nkremerh/endlines:/afs/crc.nd.edu/user/n/nkremerh/cctools/bin:/afs/crc.nd.edu/user/n/nkremerh/.cargo/bin:/afs/crc.nd.edu/group/ccl/software/x86_64/redhat7/ruby/current/bin:/afs/crc.nd.edu/group/ccl/software/x86_64/redhat7/graphviz/current/bin:/afs/crc.nd.edu/group/ccl/software/x86_64/redhat7/gnuplot/current/bin:/afs/crc.nd.edu/group/ccl/software/x86_64/redhat7/git/current/bin:/afs/crc.nd.edu/group/ccl/software/x86_64/redhat7/condor/current/sbin:/afs/crc.nd.edu/group/ccl/software/x86_64/redhat7/condor/current/bin:/afs/crc.nd.edu/group/ccl/software/x86_64/redhat7/cmake/current/bin:/afs/crc.nd.edu/group/ccl/software/x86_64/redhat7/clang/current/bin:/afs/crc.nd.edu/group/ccl/software/x86_64/redhat7/condor/current/sbin:/afs/crc.nd.edu/group/ccl/software/x86_64/redhat7/condor/current/bin:/afs/crc.nd.edu/group/ccl/software/x86_64/redhat7/cctools/current/bin:/afs/crc.nd.edu/x86_64_linux/Modules/4.5.0/bin:/opt/crc/usr/local/bin:/opt/sge/bin/lx-amd64:/usr/local/bin:/usr/bin:/usr/local/sbin:/usr/sbin:/afs/crc.nd.edu/user/c/condor/software/bin:/afs/crc.nd.edu/user/c/condor/software/sbin
CCLSOFTWARE=/afs/crc.nd.edu/group/ccl/software/x86_64/redhat7
PWD=/var/condor/execute/dir_3437/worker-213124-3579/t.817
_LMFILES_=/afs/crc.nd.edu/x86_64_linux/Modules/modules/system_modules/CRC_default/1.1
EDITOR=vim
SGE_EXECD_PORT=6445
LANG=en_US.UTF-8
SGE_QMASTER_PORT=6444
MODULEPATH=/afs/crc.nd.edu/x86_64_linux/Modules/modules/development_tools_and_libraries:/afs/crc.nd.edu/x86_64_linux/Modules/modules/general_software:/afs/crc.nd.edu/x86_64_linux/Modules/modules/restricted_software:/afs/crc.nd.edu/x86_64_linux/Modules/modules/system_modules:/afs/crc.nd.edu/x86_64_linux/Modules/modules/deprecated_software:/afs/crc.nd.edu/x86_64_linux/Modules/current/modulefiles
LOADEDMODULES=CRC_default/1.1
SGE_ROOT=/opt/sge
CCLPLATFORM=x86_64/redhat7
_CONDOR_SLOT=slot2_3
WORK_QUEUE_SANDBOX=/var/condor/execute/dir_3437/worker-213124-3579
USE_SYSTEMD=true
_CONDOR_LOWPORT=9100
_CONDOR_ANCESTOR_4261=3437:1594946670:4145456539
HISTCONTROL=ignoreboth:erasedups
KRB5CCNAME=FILE:/tmp/krb5cc_213124_0wTNSp
GLOBUS_GSSAPI_NAME_COMPATIBILITY=STRICT_RFC2818
HOME=/afs/crc.nd.edu/user/n/nkremerh
SHLVL=6
PATH_modshare=/opt/crc/usr/local/bin:1:/opt/sge/bin/lx-amd64:1:/usr/sbin:1:/usr/bin:1:/afs/crc.nd.edu/user/c/condor/software/sbin:1:/usr/local/sbin:1:/afs/crc.nd.edu/user/c/condor/software/bin:1:/usr/local/bin:1
OSTYPE=linux
_CONDOR_MACHINE_AD=/var/condor/execute/dir_3437/.machine.ad
_CONDOR_ANCESTOR_3989=4261:1593343483:4184216969
GREP_OPTIONS=--color=auto
DISK=18236
GLOBUS_GSSAPI_MIN_TLS_PROTOCOL=TLS1_VERSION
_CONDOR_ANCESTOR_3437=3498:1594946671:905281026
MANPATH_modshare=/usr/share/man/overrides:1:/usr/local/share/man:1:/usr/share/man:1:/opt/crc/usr/local/man:1:/opt/sge/man:1
MEMORY=1948
PERL_LOCAL_LIB_ROOT=/afs/crc.nd.edu/user/n/nkremerh/.perl5/
BASH_ENV=/afs/crc.nd.edu/x86_64_linux/Modules/4.5.0/init/bash
VENDOR=unknown
TMP=/var/condor/execute/dir_3437/worker-213124-3579/t.817/cctools-temp-t.817.2GRzey
LOGNAME=nkremerh
MACHTYPE=x86_64
CCLHOME=/afs/crc.nd.edu/group/ccl
PYTHONPATH=/afs/crc.nd.edu/user/n/nkremerh/cctools/lib/python3.6/site-packages/
LD_LIBRARY_PATH_modshare=/opt/crc/usr/local/lib:1
SSH_CONNECTION=10.17.145.58 38176 129.74.128.103 22
MODULES_LMALTNAME_modshare=CRC_default/1.1&CRC_default/default&CRC_default:1
MODULESHOME=/afs/crc.nd.edu/x86_64_linux/Modules/4.5.0
GLOBUS_GSSAPI_CIPHERS=HIGH
GLOBUS_GSSAPI_BACKWARD_COMPATIBLE_MIC=true
LESSOPEN=||/usr/bin/lesspipe.sh %s
OMP_NUM_THREADS=1
_CONDOR_JOB_AD=/var/condor/execute/dir_3437/.job.ad
LOADEDMODULES_modshare=CRC_default/1.1:1
XDG_RUNTIME_DIR=/run/user/213124
SGE_CLUSTER_NAME=CRC
CCTOOLS=../cctools
CORES=1
_CONDOR_JOB_IWD=/var/condor/execute/dir_3437
PERL_MM_OPT=INSTALL_BASE=/afs/crc.nd.edu/user/n/nkremerh/.perl5/
GLOBUS_GSSAPI_SERVER_CIPHER_ORDER=true
BASH_FUNC_module()=() {  unset _mlshdbg;
 if [ "${MODULES_SILENT_SHELL_DEBUG:-0}" = '1' ]; then
 case "$-" in 
 *v*x*)
 set +vx;
 _mlshdbg='vx'
 ;;
 *v*)
 set +v;
 _mlshdbg='v'
 ;;
 *x*)
 set +x;
 _mlshdbg='x'
 ;;
 *)
 _mlshdbg=''
 ;;
 esac;
 fi;
 unset _mlre _mlIFS;
 if [ -n "${IFS+x}" ]; then
 _mlIFS=$IFS;
 fi;
 IFS=' ';
 for _mlv in ${MODULES_RUN_QUARANTINE:-};
 do
 if [ "${_mlv}" = "${_mlv##*[!A-Za-z0-9_]}" -a "${_mlv}" = "${_mlv#[0-9]}" ]; then
 if [ -n "`eval 'echo ${'$_mlv'+x}'`" ]; then
 _mlre="${_mlre:-}${_mlv}_modquar='`eval 'echo ${'$_mlv'}'`' ";
 fi;
 _mlrv="MODULES_RUNENV_${_mlv}";
 _mlre="${_mlre:-}${_mlv}='`eval 'echo ${'$_mlrv':-}'`' ";
 fi;
 done;
 if [ -n "${_mlre:-}" ]; then
 eval `eval ${_mlre}/usr/bin/tclsh /afs/crc.nd.edu/x86_64_linux/Modules/4.5.0/libexec/modulecmd.tcl bash '"$@"'`;
 else
 eval `/usr/bin/tclsh /afs/crc.nd.edu/x86_64_linux/Modules/4.5.0/libexec/modulecmd.tcl bash "$@"`;
 fi;
 _mlstatus=$?;
 if [ -n "${_mlIFS+x}" ]; then
 IFS=$_mlIFS;
 else
 unset IFS;
 fi;
 unset _mlre _mlv _mlrv _mlIFS;
 if [ -n "${_mlshdbg:-}" ]; then
 set -$_mlshdbg;
 fi;
 unset _mlshdbg;
 return $_mlstatus
}
BASH_FUNC_ml()=() {  module ml "$@"
}
_=/usr/bin/printenv
