6461   0.000000 libjli.so->getenv("_JAVA_LAUNCHER_DEBUG") = nil
6461   0.001798 libjli.so->getenv("_JAVA_VERSION_SET") = nil
6461   0.000649 libjli.so->fopen("/usr/lib/jvm/java-1.8.0-openjdk-1.8.0.262.b10-0.el7_8.x86_64/jre/lib/amd64/jvm.cfg", "r") = 0x56500a2c30e0
6461   0.000840 libjli.so->getenv("JDK_ALTERNATE_VM") = nil
6461   0.000339 libjli.so->__xstat(1, "/usr/lib/jvm/java-1.8.0-openjdk-1.8.0.262.b10-0.el7_8.x86_64/jre/lib/amd64/server/libjvm.so", 0x7fff46c2c050) = 0
6461   0.000597 libjli.so->getenv("LD_LIBRARY_PATH") = "/afs/crc.nd.edu/group/ccl/software/x86_64/redhat7/ruby/current/lib:/afs/crc.nd.edu/group/ccl/software/x86_64/redhat7/graphviz/current/lib:/afs/crc.nd.edu/group/ccl/software/x86_64/redhat7/git/current/lib:/afs/crc.nd.edu/group/ccl/software/x86_64/redhat7/condor/current/lib:/afs/crc.nd.edu/group/ccl/software/x86_64/redhat7/clang/current/lib:/afs/crc.nd.edu/group/ccl/software/x86_64/redhat7/condor/current/lib:/afs/crc.nd.edu/group/ccl/software/x86_64/redhat7/cctools/current/lib:/opt/crc/usr/local/lib"
6461   0.002081 libjli.so->dlopen("/usr/lib/jvm/java-1.8.0-openjdk-1.8.0.262.b10-0.el7_8.x86_64/jre/lib/amd64/server/libjvm.so", 258 <unfinished ...>
6461   0.039435 libjvm.so->getenv("NMT_LEVEL_6461") = nil
6461   0.001750 <... dlopen resumed> )           = 0x56500a2c34b0
6461   0.000082 libjli.so->getenv("CLASSPATH")   = nil
6461   0.000333 libjli.so->getenv("_JAVA_SPLASH_JAR") = nil
6461   0.000316 libjli.so->getenv("_JAVA_SPLASH_FILE") = nil
6461   0.000364 libjli.so->pthread_attr_setdetachstate(0x7fff46c2c000, 0, 0x7fff46c2c090, 0) = 0
6461   0.000605 libpthread.so.0->__clone(0x2b0343bbbde0, 0x2b0343acefc0, 0x3d0f00, 0x2b0343acf700) = 6462
6462   0.001902 libjvm.so->dlopen(0x2b034539a9ae, 1, 0xfffffffffff42c48, 4096) = 0x2b0348000990
6462   0.002604 libjvm.so->getenv(0x2b03453b583e, 0, 115, 0x65737361) = 0x7fff46c32653
6462   0.000447 libjvm.so->fopen(0x2b0343acdc10, 0x2b0345351ccb, 0x6f732e79666972, 0x2b0344493ab0) = 0x2b0348001440
6462   0.001939 libjvm.so->dlopen(0x2b0343acdc10, 1, 0xffffffff, 0x2b0348002b00) = 0x2b0348001440
6462   0.003095 libjvm.so->fopen(0x2b0343acdc10, 0x2b0345351ccb, 111, 0x732e6176) = 0x2b0348001b10
6462   0.003428 libjvm.so->dlopen(0x2b0343acdc10, 1, 0xffffffff, 0x2b0348001a00) = 0x2b0348001b10
6462   0.002106 libjvm.so->__xstat(1, 0x2b0343ace360, 0x2b0343aceba0, 0x746f7073746f682e) = -1
6462   0.000454 libjvm.so->getenv(0x2b034534a541, 0x2b0343ace6d0, 1024, 0x2b034580461b) = 0
6462   0.000476 libjvm.so->getenv(0x2b034534a533, 0x2b0343ace6d0, 1024, 0) = 0
6462   0.000476 libjvm.so->fopen(0x2b034539a315, 0x2b0345351ccb, 4095, 0xffffd4fcbacb5b03) = 0x2b03480032f0
6462   0.001166 libjvm.so->fopen(0x2b034539a361, 0x2b0345351ccb, 0x2b0348000078, 0x2b03480032e0) = 0x2b03480032f0
6462   0.000939 libjvm.so->fopen(0x2b0343ac89b0, 0x2b0345351ccb, 4014, 3995) = 0x2b03480032f0
6462   0.000803 libjvm.so->opendir(0x2b0348002b40, 0x2b0348002b40, 13, 16) = 0
6462   0.000569 libjvm.so->__xstat(1, 0x2b0343acd8f0, 0x2b0343acc860, 0x6f732e7477616d62) = -1
6462   0.000542 libjvm.so->__xstat(1, 0x2b0343acd8f0, 0x2b0343acc860, 0x5f74776162696c2f) = 0
6462   0.000617 libjvm.so->fopen(0x2b0343accb90, 0x2b0345351ccb, 4009, 3994) = 0x2b03480037d0
6462   0.000756 libjvm.so->fopen(0x2b0343accb90, 0x2b0345351ccb, 4009, 3994) = 0x2b03480037d0
6462   0.001233 libjvm.so->fopen(0x2b0343accb90, 0x2b0345351ccb, 4009, 4002) = 0x2b03480037d0
6462   0.000901 libjvm.so->fopen(0x2b0343accb20, 0x2b0345351ccb, 4009, 3994) = 0x2b03480037d0
6462   0.001798 libjvm.so->fopen(0x2b0343accb20, 0x2b0345351ccb, 4009, 3994) = 0x2b03480037d0
6462   0.000614 libjvm.so->fopen(0x2b0343accb20, 0x2b0345351ccb, 4009, 4002) = 0x2b03480037d0
6462   0.000641 libjvm.so->fopen(0x2b0343accb50, 0x2b0345351ccb, 4014, 3995) = 0x2b03480037d0
6462   0.001095 libjvm.so->getenv(0x2b034539b0ff, 4096, 3, -1) = 0
6462   0.001295 libjvm.so->fopen(0x2b034539a998, 0x2b0345351ccb, 0x2b0343bb2908, 0x2b0343bb1df0) = 0x2b03480037d0
6462   0.005659 libjvm.so->open(0x2b034804a5c0, 0x20000, 0, 0x2b034804a609) = 3
6462   0.000495 libjvm.so->__fxstat(1, 3, 0x2b0343acea00, -1) = 0
6462   0.000484 libjvm.so->opendir(0x2b034804a5c0, 0x2b0343acea00, 0x4000, -1) = 0x2b034804b4d0
6462   0.000503 libjvm.so->__fxstat(1, 3, 0x2b0343ace8a0, 0x2b034804b4d0) = 0
6462   0.000507 libjvm.so->__fxstat(1, 5, 0x2b0343ace930, -1) = 0
6462   0.000463 libjvm.so->open(0x2b03453689dc, 0, 0, 0) = 3
6462   0.000687 libjvm.so->__lxstat(1, 0x2b034804a5c0, 0x2b0343aceb50, -144) = 0
6462   0.000943 libjvm.so->open(0x2b034804a5c0, 0x20000, 0x4000, -1) = 3
6462   0.000634 libjvm.so->__fxstat(1, 3, 0x2b0343acea00, -1) = 0
6462   0.000497 libjvm.so->opendir(0x2b034804a5c0, 0x2b0343acea00, 0x4000, -1) = 0x2b034804b4d0
6462   0.000455 libjvm.so->__fxstat(1, 3, 0x2b0343ace8a0, 0x2b034804b4d0) = 0
6462   0.000510 libjvm.so->__fxstat(1, 5, 0x2b0343ace930, -1) = 0
6462   0.001291 libjvm.so->open(0x2b03453689dc, 0, 0, 0) = 3
6462   0.000573 libjvm.so->open(0x2b034804a609, 0x20042, 384, -1) = 7
6462   0.000724 libjvm.so->__fxstat(1, 7, 0x2b0343aceb50, -1) = 0
6462   0.002366 libjvm.so->fopen(0x2b0343acdb60, 0x2b0345351ccb, 4, 0x6f732e70) = 0x2b0348057c20
6462   0.001733 libjvm.so->dlopen(0x2b0343acdb60, 1, 0xffffffff, 0x2b0348057b00) = 0x2b0348057c20
6462   0.003605 libjvm.so->__xstat(1, 0x2b0343ace120, 0x2b0343ace950, 2048) = 0
6462   0.000537 libjvm.so->__xstat(1, 0x2b0343ace120, 0x2b0343ace950, 2048) = 0
6462   0.000472 libjvm.so->__xstat(1, 0x2b0343ace120, 0x2b0343ace950, 2048) = -1
6462   0.000480 libjvm.so->__xstat(1, 0x2b0343ace120, 0x2b0343ace950, 2048) = 0
6462   0.000459 libjvm.so->__xstat(1, 0x2b0343ace120, 0x2b0343ace950, 2048) = 0
6462   0.000466 libjvm.so->__xstat(1, 0x2b0343ace120, 0x2b0343ace950, 2048) = 0
6462   0.000437 libjvm.so->__xstat(1, 0x2b0343ace120, 0x2b0343ace950, 2048) = 0
6462   0.000448 libjvm.so->__xstat(1, 0x2b0343ace120, 0x2b0343ace950, 2048) = -1
6462   0.000471 libjvm.so->fopen(0x2b0348002520, 0x2b0345351ccb, 0, 0) = 0x2b0348058ac0
6462   0.008934 libjvm.so->open64(0x2b0343acd410, 0, 0, 16) = 3
6462   0.000551 libjvm.so->__fxstat64(1, 3, 0x2b0343acd240, -1) = 0
6462   0.043931 libjvm.so->__xstat(1, 0x2b0343acdf20, 0x2b0343ace750, 2048) = -1
6462   0.000609 libjvm.so->fopen(0x2b0343accb20, 0x2b0345351ccb, 4009, 3994) = 0x2b03480b5d40
6462   0.000677 libjvm.so->fopen(0x2b0343accb20, 0x2b0345351ccb, 4009, 3994) = 0x2b03480b5d40
6462   0.000605 libjvm.so->fopen(0x2b0343accb20, 0x2b0345351ccb, 4009, 4002) = 0x2b03480b5d40
6462   0.004570 libjvm.so->pthread_attr_setdetachstate(0x2b0343acec00, 1, 0, 0) = 0
6462   0.000529 libpthread.so.0->__clone(0x2b0343bbbde0, 0x2b035c53bfc0, 0x3d0f00, 0x2b035c53c700) = 6463
6462   0.017993 libjvm.so->pthread_attr_setdetachstate(0x2b0343ace290, 1, 0, 0) = 0
6462   0.000707 libpthread.so.0->__clone(0x2b0343bbbde0, 0x2b035c63cfc0, 0x3d0f00, 0x2b035c63d700) = 6464
6462   0.008206 libjvm.so->pthread_attr_setdetachstate(0x2b0343ace610, 1, 0, 0) = 0
6462   0.000779 libpthread.so.0->__clone(0x2b0343bbbde0, 0x2b035c73dfc0, 0x3d0f00, 0x2b035c73e700) = 6465
6462   0.050777 libjvm.so->fopen(0x2b03480f17f0, 0x2b0345351ccb, 4, 0x6f732e70) = 0x2b03480f1cf0
6462   0.003037 libjvm.so->dlopen(0x2b03480f17f0, 1, 0xffffffff, 0x2b03480e8c00) = 0x2b0348057c20
6462   0.006986 libjvm.so->open64(0x2b0343acd510, 0, 0, 16) = 5
6462   0.000932 libjvm.so->__fxstat64(1, 5, 0x2b0343acd340, -1) = 0
6462   0.025040 libjvm.so->fopen(0x2b0343aca130, 0x2b0345351ccb, 4009, 3994) = 0x2b03480fccc0
6462   0.001234 libjvm.so->fopen(0x2b0343aca130, 0x2b0345351ccb, 4009, 3994) = 0x2b03480fccc0
6462   0.001558 libjvm.so->fopen(0x2b0343aca130, 0x2b0345351ccb, 4009, 4002) = 0x2b03480fccc0
6462   0.017740 libjvm.so->pthread_attr_setdetachstate(0x2b0343aceb50, 1, 0, 0) = 0
6462   0.001514 libpthread.so.0->__clone(0x2b0343bbbde0, 0x2b035c83efc0, 0x3d0f00, 0x2b035c83f700) = 6466
6462   0.002369 libjvm.so->__xstat64(1, 0x2b0343acebe0, 0x2b0343aceb50, 18) = -1
6462   0.001501 libjvm.so->pthread_attr_setdetachstate(0x2b0343ace950, 1, 0, 0) = 0
6462   0.003531 libpthread.so.0->__clone(0x2b0343bbbde0, 0x2b035c93ffc0, 0x3d0f00, 0x2b035c940700) = 6467
6462   0.002603 libjvm.so->pthread_attr_setdetachstate(0x2b0343ace950, 1, 0, 0) = 0
6462   0.001524 libpthread.so.0->__clone(0x2b0343bbbde0, 0x2b035ca40fc0, 0x3d0f00, 0x2b035ca41700) = 6468
6462   0.013022 libjvm.so->pthread_attr_setdetachstate(0x2b0343aceaa0, 1, 0, 0) = 0
6462   0.001500 libpthread.so.0->__clone(0x2b0343bbbde0, 0x2b035cb41fc0, 0x3d0f00, 0x2b035cb42700) = 6469
6462   0.002196 libjvm.so->pthread_attr_setdetachstate(0x2b0343acebb0, 1, 0, 0) = 0
6462   0.002401 libpthread.so.0->__clone(0x2b0343bbbde0, 0x2b035cc42fc0, 0x3d0f00, 0x2b035cc43700) = 6470
6462   0.018302 libjvm.so->open64(0x2b03481208a0, 0, 0, 32) = 7
6462   0.001802 libjvm.so->__fxstat64(1, 7, 0x2b0343acbf60, -1) = 0
6462   0.027342 libjvm.so->fopen(0x2b034814c690, 0x2b0345351ccb, 4, 0x6f732e6f) = 0x2b034814c750
6462   0.004129 libjvm.so->dlopen(0x2b034814c690, 1, 0xffffffff, 0x2b034814c600) = 0x2b034814c750
6462   0.124340 libjvm.so->fopen(0x2b0343ac8e40, 0x2b0345351ccb, 0x6f732e, 0x6d766a62696c2f72) = 0x2b0348162020
6462   0.010856 libjvm.so->dlopen(0x2b0343ac8e40, 1, 0xffffffff, 0x2b0348161f00) = 0x56500a2c34b0
6462   0.001674 libjvm.so->fopen(0x2b0343ac8e40, 0x2b0345351ccb, 0x6f732e, 0x6d766a62696c2f72) = 0x2b0348162420
6462   0.005558 libjvm.so->dlopen(0x2b0343ac8e40, 1, 0xffffffff, 0x2b0348161f00) = 0x56500a2c34b0
6462   0.001622 libjvm.so->fopen(0x2b0343ac8e40, 0x2b0345351ccb, 0x6f732e, 0x6d766a62696c2f72) = 0x2b0348162020
6462   0.003811 libjvm.so->dlopen(0x2b0343ac8e40, 1, 0xffffffff, 0x2b0348161f00) = 0x56500a2c34b0
6462   0.003730 libjvm.so->fopen(0x2b0343ac8e40, 0x2b0345351ccb, 0x6f732e, 0x6d766a62696c2f72) = 0x2b0348162020
6462   0.007985 libjvm.so->dlopen(0x2b0343ac8e40, 1, 0xffffffff, 0x2b0348161f00) = 0x56500a2c34b0
6462   0.055637 libjvm.so->fopen(0x2b034819d2f0, 0x2b0345351ccb, 4, 0x6f732e74) = 0x2b03481b5370
6462   0.004468 libjvm.so->dlopen(0x2b034819d2f0, 1, 0xffffffff, 0x2b0348161c00) = 0x2b03481b5370
6462   0.149038 libjvm.so->fopen(0x2b03482506c0, 0x2b0345351ccb, 0x6f732e7373656c, 0x656c646165685f74) = 0x2b03482507a0
6462   0.006758 libjvm.so->dlopen(0x2b03482506c0, 1, 0xffffffff, 0x2b0348250700) = 0x2b03482507a0
6470   0.047132 +++ exited (status 0) +++
6466   0.000308 +++ exited (status 0) +++
6463   0.000337 +++ exited (status 0) +++
6462   0.000196 +++ exited (status 0) +++
6468   0.000275 +++ exited (status 1) +++
6467   0.000026 +++ exited (status 1) +++
6464   0.000030 +++ exited (status 1) +++
6465   0.000016 +++ exited (status 1) +++
6469   0.006361 +++ exited (status 1) +++
6461   0.000036 +++ exited (status 1) +++
Wrote an ltrace for command: "java -cp ./tools/maxent.jar density.Project outputs/Proceratium_japonicum_Santschi/Proceratium_japonicum_Santschi.lambdas data/layers/worldclim outputs/Proceratium_japonicum_Santschi_worldclim.asc nowarnings nocache autorun -z" with PID 6459 from PPID 6443 on disc25.crc.nd.edu with result 1
REMOTEHOST=10.17.145.58
_CONDOR_JOB_PIDS=
MANPATH=/afs/crc.nd.edu/user/n/nkremerh/cctools/share/man/:/afs/crc.nd.edu/group/ccl/software/x86_64/redhat7/ruby/current/share/man:/afs/crc.nd.edu/group/ccl/software/x86_64/redhat7/graphviz/current/share/man:/afs/crc.nd.edu/group/ccl/software/x86_64/redhat7/gnuplot/current/share/man:/afs/crc.nd.edu/group/ccl/software/x86_64/redhat7/git/current/share/man:/afs/crc.nd.edu/group/ccl/software/x86_64/redhat7/condor/current/share/man:/afs/crc.nd.edu/group/ccl/software/x86_64/redhat7/clang/current/share/man:/afs/crc.nd.edu/group/ccl/software/x86_64/redhat7/condor/current/share/man:/afs/crc.nd.edu/group/ccl/software/x86_64/redhat7/cctools/current/share/man:/afs/crc.nd.edu/group/ccl/software/x86_64/redhat7/cctools/current/share/man:/afs/crc.nd.edu/x86_64_linux/Modules/4.5.0/share/man:/opt/crc/usr/local/man:/opt/sge/man:/usr/share/man/overrides:/usr/share/man:/usr/local/share/man
XDG_SESSION_ID=3301
HOSTNAME=disc01.crc.nd.edu
_LMFILES__modshare=/afs/crc.nd.edu/x86_64_linux/Modules/modules/system_modules/CRC_default/1.1:1
MODULEPATH_modshare=/afs/crc.nd.edu/x86_64_linux/Modules/modules/general_software:1:/afs/crc.nd.edu/x86_64_linux/Modules/modules/development_tools_and_libraries:1:/afs/crc.nd.edu/x86_64_linux/Modules/modules/system_modules:1:/afs/crc.nd.edu/x86_64_linux/Modules/current/modulefiles:1:/afs/crc.nd.edu/x86_64_linux/Modules/modules/restricted_software:1:/afs/crc.nd.edu/x86_64_linux/Modules/modules/deprecated_software:1
MODULES_CMD=/afs/crc.nd.edu/x86_64_linux/Modules/4.5.0/libexec/modulecmd.tcl
HOST=disc01.crc.nd.edu
SHELL=/bin/tcsh
TERM=xterm-256color
MAKEFLAGS=
HISTSIZE=5000
TMPDIR=/var/condor/execute/dir_3432/worker-213124-3506/t.1511/cctools-temp-t.1511.Guz4sP
SSH_CLIENT=10.17.145.58 38176 22
PERL5LIB=/afs/crc.nd.edu/user/n/nkremerh/cctools/lib/perl5/site_perl/5.16.3:/afs/crc.nd.edu/user/n/nkremerh/.perl5/lib/perl5
SGE_CELL=crc
_CONDOR_SCRATCH_DIR=/var/condor/execute/dir_3432
PERL_MB_OPT=--install_base '/afs/crc.nd.edu/user/n/nkremerh/.perl5/'
SSH_TTY=/dev/pts/0
SGE_LOAD_AVG=load_avg
MAKEFLOW_MAX_LOCAL_JOBS=2
HISTFILESIZE=10000
_CHIRP_DELAYED_UPDATE_PREFIX=Chirp*
USER=nkremerh
GROUP=campus
LD_LIBRARY_PATH=/afs/crc.nd.edu/group/ccl/software/x86_64/redhat7/ruby/current/lib:/afs/crc.nd.edu/group/ccl/software/x86_64/redhat7/graphviz/current/lib:/afs/crc.nd.edu/group/ccl/software/x86_64/redhat7/git/current/lib:/afs/crc.nd.edu/group/ccl/software/x86_64/redhat7/condor/current/lib:/afs/crc.nd.edu/group/ccl/software/x86_64/redhat7/clang/current/lib:/afs/crc.nd.edu/group/ccl/software/x86_64/redhat7/condor/current/lib:/afs/crc.nd.edu/group/ccl/software/x86_64/redhat7/cctools/current/lib:/opt/crc/usr/local/lib
TEMP=/var/condor/execute/dir_3432/worker-213124-3506/t.1511/cctools-temp-t.1511.Guz4sP
BATCH_SYSTEM=HTCondor
WORKER_TMPDIR=/var/condor/execute/dir_3432/worker-213124-3506/cache/tmp
ENV=/afs/crc.nd.edu/x86_64_linux/Modules/4.5.0/init/profile.sh
MODULES_LMALTNAME=CRC_default/1.1&CRC_default/default&CRC_default
_CONDOR_CHIRP_CONFIG=/var/condor/execute/dir_3432/.chirp.config
GLOBUS_GSSAPI_MAX_TLS_PROTOCOL=0
_CONDOR_HIGHPORT=9999
HOSTTYPE=x86_64-linux
MAKELEVEL=1
MFLAGS=
CCLSOFTWARE=/afs/crc.nd.edu/group/ccl/software/x86_64/redhat7
PATH=/afs/crc.nd.edu/user/n/nkremerh/cctools/bin:/afs/crc.nd.edu/user/n/nkremerh/miniconda/bin:/afs/crc.nd.edu/group/ccl/software/git:/afs/crc.nd.edu/user/n/nkremerh/.local/bin:/afs/crc.nd.edu/group/ccl/software/x86_64/redhat7/povray/3.7/bin:/afs/crc.nd.edu/user/n/nkremerh/.perl5/bin:/afs/crc.nd.edu/user/n/nkremerh/pegasus/bin:/afs/crc.nd.edu/user/n/nkremerh/nodejs/bin:/afs/crc.nd.edu/user/n/nkremerh/montage/bin:/afs/crc.nd.edu/user/n/nkremerh/latexdiff:/afs/crc.nd.edu/user/n/nkremerh/envtrace:/afs/crc.nd.edu/user/n/nkremerh/endlines:/afs/crc.nd.edu/user/n/nkremerh/cctools/bin:/afs/crc.nd.edu/user/n/nkremerh/.cargo/bin:/afs/crc.nd.edu/group/ccl/software/x86_64/redhat7/ruby/current/bin:/afs/crc.nd.edu/group/ccl/software/x86_64/redhat7/graphviz/current/bin:/afs/crc.nd.edu/group/ccl/software/x86_64/redhat7/gnuplot/current/bin:/afs/crc.nd.edu/group/ccl/software/x86_64/redhat7/git/current/bin:/afs/crc.nd.edu/group/ccl/software/x86_64/redhat7/condor/current/sbin:/afs/crc.nd.edu/group/ccl/software/x86_64/redhat7/condor/current/bin:/afs/crc.nd.edu/group/ccl/software/x86_64/redhat7/cmake/current/bin:/afs/crc.nd.edu/group/ccl/software/x86_64/redhat7/clang/current/bin:/afs/crc.nd.edu/group/ccl/software/x86_64/redhat7/condor/current/sbin:/afs/crc.nd.edu/group/ccl/software/x86_64/redhat7/condor/current/bin:/afs/crc.nd.edu/group/ccl/software/x86_64/redhat7/cctools/current/bin:/afs/crc.nd.edu/x86_64_linux/Modules/4.5.0/bin:/opt/crc/usr/local/bin:/opt/sge/bin/lx-amd64:/usr/local/bin:/usr/bin:/usr/local/sbin:/usr/sbin:/afs/crc.nd.edu/user/c/condor/software/bin:/afs/crc.nd.edu/user/c/condor/software/sbin
MAIL=/var/spool/mail/nkremerh
PWD=/var/condor/execute/dir_3432/worker-213124-3506/t.1511
_LMFILES_=/afs/crc.nd.edu/x86_64_linux/Modules/modules/system_modules/CRC_default/1.1
SGE_EXECD_PORT=6445
EDITOR=vim
LANG=en_US.UTF-8
MODULEPATH=/afs/crc.nd.edu/x86_64_linux/Modules/modules/development_tools_and_libraries:/afs/crc.nd.edu/x86_64_linux/Modules/modules/general_software:/afs/crc.nd.edu/x86_64_linux/Modules/modules/restricted_software:/afs/crc.nd.edu/x86_64_linux/Modules/modules/system_modules:/afs/crc.nd.edu/x86_64_linux/Modules/modules/deprecated_software:/afs/crc.nd.edu/x86_64_linux/Modules/current/modulefiles
SGE_QMASTER_PORT=6444
SGE_ROOT=/opt/sge
LOADEDMODULES=CRC_default/1.1
WORK_QUEUE_SANDBOX=/var/condor/execute/dir_3432/worker-213124-3506
_CONDOR_SLOT=slot2_1
CCLPLATFORM=x86_64/redhat7
USE_SYSTEMD=true
_CONDOR_ANCESTOR_4261=3432:1594946670:4145456537
_CONDOR_LOWPORT=9100
KRB5CCNAME=FILE:/tmp/krb5cc_213124_0wTNSp
HISTCONTROL=ignoreboth:erasedups
PATH_modshare=/opt/crc/usr/local/bin:1:/opt/sge/bin/lx-amd64:1:/usr/sbin:1:/usr/bin:1:/afs/crc.nd.edu/user/c/condor/software/sbin:1:/usr/local/sbin:1:/afs/crc.nd.edu/user/c/condor/software/bin:1:/usr/local/bin:1
SHLVL=7
HOME=/afs/crc.nd.edu/user/n/nkremerh
GLOBUS_GSSAPI_NAME_COMPATIBILITY=STRICT_RFC2818
_CONDOR_ANCESTOR_3989=4261:1593343483:4184216969
_CONDOR_MACHINE_AD=/var/condor/execute/dir_3432/.machine.ad
OSTYPE=linux
DISK=18236
GREP_OPTIONS=--color=auto
GLOBUS_GSSAPI_MIN_TLS_PROTOCOL=TLS1_VERSION
MEMORY=1948
MANPATH_modshare=/usr/share/man/overrides:1:/usr/local/share/man:1:/usr/share/man:1:/opt/crc/usr/local/man:1:/opt/sge/man:1
VENDOR=unknown
BASH_ENV=/afs/crc.nd.edu/x86_64_linux/Modules/4.5.0/init/bash
PERL_LOCAL_LIB_ROOT=/afs/crc.nd.edu/user/n/nkremerh/.perl5/
PYTHONPATH=/afs/crc.nd.edu/user/n/nkremerh/cctools/lib/python3.6/site-packages/
CCLHOME=/afs/crc.nd.edu/group/ccl
MACHTYPE=x86_64
LOGNAME=nkremerh
TMP=/var/condor/execute/dir_3432/worker-213124-3506/t.1511/cctools-temp-t.1511.Guz4sP
LD_LIBRARY_PATH_modshare=/opt/crc/usr/local/lib:1
_CONDOR_ANCESTOR_3432=3449:1594946671:1383377506
MODULES_LMALTNAME_modshare=CRC_default/1.1&CRC_default/default&CRC_default:1
SSH_CONNECTION=10.17.145.58 38176 129.74.128.103 22
MODULESHOME=/afs/crc.nd.edu/x86_64_linux/Modules/4.5.0
OMP_NUM_THREADS=1
LESSOPEN=||/usr/bin/lesspipe.sh %s
GLOBUS_GSSAPI_BACKWARD_COMPATIBLE_MIC=true
GLOBUS_GSSAPI_CIPHERS=HIGH
LOADEDMODULES_modshare=CRC_default/1.1:1
_CONDOR_JOB_AD=/var/condor/execute/dir_3432/.job.ad
SGE_CLUSTER_NAME=CRC
XDG_RUNTIME_DIR=/run/user/213124
CCTOOLS=../cctools
CORES=1
_CONDOR_JOB_IWD=/var/condor/execute/dir_3432
PERL_MM_OPT=INSTALL_BASE=/afs/crc.nd.edu/user/n/nkremerh/.perl5/
GLOBUS_GSSAPI_SERVER_CIPHER_ORDER=true
BASH_FUNC_module()=() {  unset _mlshdbg;
 if [ "${MODULES_SILENT_SHELL_DEBUG:-0}" = '1' ]; then
 case "$-" in 
 *v*x*)
 set +vx;
 _mlshdbg='vx'
 ;;
 *v*)
 set +v;
 _mlshdbg='v'
 ;;
 *x*)
 set +x;
 _mlshdbg='x'
 ;;
 *)
 _mlshdbg=''
 ;;
 esac;
 fi;
 unset _mlre _mlIFS;
 if [ -n "${IFS+x}" ]; then
 _mlIFS=$IFS;
 fi;
 IFS=' ';
 for _mlv in ${MODULES_RUN_QUARANTINE:-};
 do
 if [ "${_mlv}" = "${_mlv##*[!A-Za-z0-9_]}" -a "${_mlv}" = "${_mlv#[0-9]}" ]; then
 if [ -n "`eval 'echo ${'$_mlv'+x}'`" ]; then
 _mlre="${_mlre:-}${_mlv}_modquar='`eval 'echo ${'$_mlv'}'`' ";
 fi;
 _mlrv="MODULES_RUNENV_${_mlv}";
 _mlre="${_mlre:-}${_mlv}='`eval 'echo ${'$_mlrv':-}'`' ";
 fi;
 done;
 if [ -n "${_mlre:-}" ]; then
 eval `eval ${_mlre}/usr/bin/tclsh /afs/crc.nd.edu/x86_64_linux/Modules/4.5.0/libexec/modulecmd.tcl bash '"$@"'`;
 else
 eval `/usr/bin/tclsh /afs/crc.nd.edu/x86_64_linux/Modules/4.5.0/libexec/modulecmd.tcl bash "$@"`;
 fi;
 _mlstatus=$?;
 if [ -n "${_mlIFS+x}" ]; then
 IFS=$_mlIFS;
 else
 unset IFS;
 fi;
 unset _mlre _mlv _mlrv _mlIFS;
 if [ -n "${_mlshdbg:-}" ]; then
 set -$_mlshdbg;
 fi;
 unset _mlshdbg;
 return $_mlstatus
}
BASH_FUNC_ml()=() {  module ml "$@"
}
_=/usr/bin/printenv
