23206   0.000000 libjli.so->getenv("_JAVA_LAUNCHER_DEBUG") = nil
23206   0.001830 libjli.so->getenv("_JAVA_VERSION_SET") = nil
23206   0.000733 libjli.so->fopen("/usr/lib/jvm/java-1.8.0-openjdk-1.8.0.262.b10-0.el7_8.x86_64/jre/lib/amd64/jvm.cfg", "r") = 0x55f6342450e0
23206   0.001356 libjli.so->getenv("JDK_ALTERNATE_VM") = nil
23206   0.000339 libjli.so->__xstat(1, "/usr/lib/jvm/java-1.8.0-openjdk-1.8.0.262.b10-0.el7_8.x86_64/jre/lib/amd64/server/libjvm.so", 0x7fffd93d8030) = 0
23206   0.000635 libjli.so->getenv("LD_LIBRARY_PATH") = "/afs/crc.nd.edu/group/ccl/software/x86_64/redhat7/ruby/current/lib:/afs/crc.nd.edu/group/ccl/software/x86_64/redhat7/graphviz/current/lib:/afs/crc.nd.edu/group/ccl/software/x86_64/redhat7/git/current/lib:/afs/crc.nd.edu/group/ccl/software/x86_64/redhat7/condor/current/lib:/afs/crc.nd.edu/group/ccl/software/x86_64/redhat7/clang/current/lib:/afs/crc.nd.edu/group/ccl/software/x86_64/redhat7/condor/current/lib:/afs/crc.nd.edu/group/ccl/software/x86_64/redhat7/cctools/current/lib:/opt/crc/usr/local/lib"
23206   0.002296 libjli.so->dlopen("/usr/lib/jvm/java-1.8.0-openjdk-1.8.0.262.b10-0.el7_8.x86_64/jre/lib/amd64/server/libjvm.so", 258 <unfinished ...>
23206   0.039503 libjvm.so->getenv("NMT_LEVEL_23206") = nil
23206   0.001849 <... dlopen resumed> )          = 0x55f6342454b0
23206   0.000071 libjli.so->getenv("CLASSPATH")  = nil
23206   0.000315 libjli.so->getenv("_JAVA_SPLASH_JAR") = nil
23206   0.000303 libjli.so->getenv("_JAVA_SPLASH_FILE") = nil
23206   0.000307 libjli.so->pthread_attr_setdetachstate(0x7fffd93d7fe0, 0, 0x7fffd93d8070, 0) = 0
23206   0.000654 libpthread.so.0->__clone(0x2b24f9723de0, 0x2b24f9638fc0, 0x3d0f00, 0x2b24f9639700) = 0x5aa7
23207   0.001784 libjvm.so->dlopen(0x2b24faf029ae, 1, 0xfffffffffff42c48, 4096) = 0x2b24fc000990
23207   0.003006 libjvm.so->getenv(0x2b24faf1d83e, 0, 115, 0x65737361) = 0x7fffd93de653
23207   0.000488 libjvm.so->fopen(0x2b24f9637c10, 0x2b24faeb9ccb, 0x6f732e79666972, 0x2b24f9ffbab0) = 0x2b24fc001440
23207   0.001342 libjvm.so->dlopen(0x2b24f9637c10, 1, 0xffffffff, 0x2b24fc002b00) = 0x2b24fc001440
23207   0.001515 libjvm.so->fopen(0x2b24f9637c10, 0x2b24faeb9ccb, 111, 0x732e6176) = 0x2b24fc001b10
23207   0.001509 libjvm.so->dlopen(0x2b24f9637c10, 1, 0xffffffff, 0x2b24fc001a00) = 0x2b24fc001b10
23207   0.001488 libjvm.so->__xstat(1, 0x2b24f9638360, 0x2b24f9638ba0, 0x746f7073746f682e) = -1
23207   0.000443 libjvm.so->getenv(0x2b24faeb2541, 0x2b24f96386d0, 1024, 0x2b24fb36c61b) = 0
23207   0.000498 libjvm.so->getenv(0x2b24faeb2533, 0x2b24f96386d0, 1024, 0) = 0
23207   0.000418 libjvm.so->fopen(0x2b24faf02315, 0x2b24faeb9ccb, 4095, 0xffffd4db0514db03) = 0x2b24fc0032d0
23207   0.001118 libjvm.so->fopen(0x2b24faf02361, 0x2b24faeb9ccb, 0x2b24fc000078, 0x2b24fc0032c0) = 0x2b24fc0032d0
23207   0.000682 libjvm.so->fopen(0x2b24f96329b0, 0x2b24faeb9ccb, 4016, 3997) = 0x2b24fc0032d0
23207   0.000635 libjvm.so->opendir(0x2b24fc002b40, 0x2b24fc002b40, 13, 16) = 0
23207   0.000442 libjvm.so->__xstat(1, 0x2b24f96378f0, 0x2b24f9636860, 0x6f732e7477616d62) = -1
23207   0.000435 libjvm.so->__xstat(1, 0x2b24f96378f0, 0x2b24f9636860, 0x5f74776162696c2f) = 0
23207   0.000479 libjvm.so->fopen(0x2b24f9636b90, 0x2b24faeb9ccb, 4011, 3996) = 0x2b24fc0037b0
23207   0.000610 libjvm.so->fopen(0x2b24f9636b90, 0x2b24faeb9ccb, 4011, 3996) = 0x2b24fc0037b0
23207   0.000656 libjvm.so->fopen(0x2b24f9636b90, 0x2b24faeb9ccb, 4011, 4004) = 0x2b24fc0037b0
23207   0.000661 libjvm.so->fopen(0x2b24f9636b20, 0x2b24faeb9ccb, 4011, 3996) = 0x2b24fc0037b0
23207   0.000625 libjvm.so->fopen(0x2b24f9636b20, 0x2b24faeb9ccb, 4011, 3996) = 0x2b24fc0037b0
23207   0.000675 libjvm.so->fopen(0x2b24f9636b20, 0x2b24faeb9ccb, 4011, 4004) = 0x2b24fc0037b0
23207   0.000950 libjvm.so->fopen(0x2b24f9636b50, 0x2b24faeb9ccb, 4016, 3997) = 0x2b24fc0037b0
23207   0.000804 libjvm.so->getenv(0x2b24faf030ff, 4096, 3, -1) = 0
23207   0.000879 libjvm.so->fopen(0x2b24faf02998, 0x2b24faeb9ccb, 0x2b24f971a908, 0x2b24f9719df0) = 0x2b24fc0037b0
23207   0.004670 libjvm.so->open(0x2b24fc04a5a0, 0x20000, 0, 0x2b24fc04a5e9) = 3
23207   0.000437 libjvm.so->__fxstat(1, 3, 0x2b24f9638a00, -1) = 0
23207   0.000486 libjvm.so->opendir(0x2b24fc04a5a0, 0x2b24f9638a00, 0x4000, -1) = 0x2b24fc04b4b0
23207   0.000462 libjvm.so->__fxstat(1, 3, 0x2b24f96388a0, 0x2b24fc04b4b0) = 0
23207   0.000422 libjvm.so->__fxstat(1, 5, 0x2b24f9638930, -1) = 0
23207   0.000473 libjvm.so->open(0x2b24faed09dc, 0, 0, 0) = 3
23207   0.000768 libjvm.so->__lxstat(1, 0x2b24fc04a5a0, 0x2b24f9638b50, -144) = 0
23207   0.000900 libjvm.so->open(0x2b24fc04a5a0, 0x20000, 0x4000, -1) = 3
23207   0.000470 libjvm.so->__fxstat(1, 3, 0x2b24f9638a00, -1) = 0
23207   0.000478 libjvm.so->opendir(0x2b24fc04a5a0, 0x2b24f9638a00, 0x4000, -1) = 0x2b24fc04b4b0
23207   0.000434 libjvm.so->__fxstat(1, 3, 0x2b24f96388a0, 0x2b24fc04b4b0) = 0
23207   0.000468 libjvm.so->__fxstat(1, 5, 0x2b24f9638930, -1) = 0
23207   0.000673 libjvm.so->open(0x2b24faed09dc, 0, 0, 0) = 3
23207   0.000601 libjvm.so->open(0x2b24fc04a5e9, 0x20042, 384, -1) = 7
23207   0.000650 libjvm.so->__fxstat(1, 7, 0x2b24f9638b50, -1) = 0
23207   0.001671 libjvm.so->fopen(0x2b24f9637b60, 0x2b24faeb9ccb, 4, 0x6f732e70) = 0x2b24fc057c00
23207   0.001411 libjvm.so->dlopen(0x2b24f9637b60, 1, 0xffffffff, 0x2b24fc057b00) = 0x2b24fc057c00
23207   0.001448 libjvm.so->__xstat(1, 0x2b24f9638120, 0x2b24f9638950, 2048) = 0
23207   0.000445 libjvm.so->__xstat(1, 0x2b24f9638120, 0x2b24f9638950, 2048) = 0
23207   0.000586 libjvm.so->__xstat(1, 0x2b24f9638120, 0x2b24f9638950, 2048) = -1
23207   0.000484 libjvm.so->__xstat(1, 0x2b24f9638120, 0x2b24f9638950, 2048) = 0
23207   0.000580 libjvm.so->__xstat(1, 0x2b24f9638120, 0x2b24f9638950, 2048) = 0
23207   0.000429 libjvm.so->__xstat(1, 0x2b24f9638120, 0x2b24f9638950, 2048) = 0
23207   0.000513 libjvm.so->__xstat(1, 0x2b24f9638120, 0x2b24f9638950, 2048) = 0
23207   0.000425 libjvm.so->__xstat(1, 0x2b24f9638120, 0x2b24f9638950, 2048) = -1
23207   0.000554 libjvm.so->fopen(0x2b24fc002520, 0x2b24faeb9ccb, 0, 0) = 0x2b24fc058aa0
23207   0.008642 libjvm.so->open64(0x2b24f9637410, 0, 0, 16) = 3
23207   0.000471 libjvm.so->__fxstat64(1, 3, 0x2b24f9637240, -1) = 0
23207   0.035732 libjvm.so->__xstat(1, 0x2b24f9637f20, 0x2b24f9638750, 2048) = -1
23207   0.000617 libjvm.so->fopen(0x2b24f9636b20, 0x2b24faeb9ccb, 4011, 3996) = 0x2b24fc0b1fb0
23207   0.000690 libjvm.so->fopen(0x2b24f9636b20, 0x2b24faeb9ccb, 4011, 3996) = 0x2b24fc0b1fb0
23207   0.000617 libjvm.so->fopen(0x2b24f9636b20, 0x2b24faeb9ccb, 4011, 4004) = 0x2b24fc0b1fb0
23207   0.004155 libjvm.so->pthread_attr_setdetachstate(0x2b24f9638c00, 1, 0, 0) = 0
23207   0.000497 libpthread.so.0->__clone(0x2b24f9723de0, 0x2b2511fa8fc0, 0x3d0f00, 0x2b2511fa9700) = 0x5aa8
23207   0.016155 libjvm.so->pthread_attr_setdetachstate(0x2b24f9638290, 1, 0, 0) = 0
23207   0.000674 libpthread.so.0->__clone(0x2b24f9723de0, 0x2b25120a9fc0, 0x3d0f00, 0x2b25120aa700) = 0x5aa9
23207   0.006977 libjvm.so->pthread_attr_setdetachstate(0x2b24f9638610, 1, 0, 0) = 0
23207   0.000777 libpthread.so.0->__clone(0x2b24f9723de0, 0x2b25121aafc0, 0x3d0f00, 0x2b25121ab700) = 0x5aaa
23207   0.043952 libjvm.so->fopen(0x2b24fc0f17f0, 0x2b24faeb9ccb, 4, 0x6f732e70) = 0x2b24fc0f1cf0
23207   0.002516 libjvm.so->dlopen(0x2b24fc0f17f0, 1, 0xffffffff, 0x2b24fc0e8c00) = 0x2b24fc057c00
23207   0.005475 libjvm.so->open64(0x2b24f9637510, 0, 0, 16) = 5
23207   0.000969 libjvm.so->__fxstat64(1, 5, 0x2b24f9637340, -1) = 0
23207   0.021183 libjvm.so->fopen(0x2b24f9634130, 0x2b24faeb9ccb, 4011, 3996) = 0x2b24fc0fccc0
23207   0.001282 libjvm.so->fopen(0x2b24f9634130, 0x2b24faeb9ccb, 4011, 3996) = 0x2b24fc0fccc0
23207   0.001113 libjvm.so->fopen(0x2b24f9634130, 0x2b24faeb9ccb, 4011, 4004) = 0x2b24fc0fccc0
23207   0.017283 libjvm.so->pthread_attr_setdetachstate(0x2b24f9638b50, 1, 0, 0) = 0
23207   0.000996 libpthread.so.0->__clone(0x2b24f9723de0, 0x2b25122abfc0, 0x3d0f00, 0x2b25122ac700) = 0x5aab
23207   0.001530 libjvm.so->__xstat64(1, 0x2b24f9638be0, 0x2b24f9638b50, 19) = -1
23207   0.001183 libjvm.so->pthread_attr_setdetachstate(0x2b24f9638950, 1, 0, 0) = 0
23207   0.001089 libpthread.so.0->__clone(0x2b24f9723de0, 0x2b25123acfc0, 0x3d0f00, 0x2b25123ad700) = 0x5aac
23207   0.001730 libjvm.so->pthread_attr_setdetachstate(0x2b24f9638950, 1, 0, 0) = 0
23207   0.001338 libpthread.so.0->__clone(0x2b24f9723de0, 0x2b25124adfc0, 0x3d0f00, 0x2b25124ae700) = 0x5aad
23207   0.009987 libjvm.so->pthread_attr_setdetachstate(0x2b24f9638aa0, 1, 0, 0) = 0
23207   0.001419 libpthread.so.0->__clone(0x2b24f9723de0, 0x2b25125aefc0, 0x3d0f00, 0x2b25125af700) = 0x5aae
23207   0.002429 libjvm.so->pthread_attr_setdetachstate(0x2b24f9638bb0, 1, 0, 0) = 0
23207   0.001649 libpthread.so.0->__clone(0x2b24f9723de0, 0x2b25126affc0, 0x3d0f00, 0x2b25126b0700) = 0x5aaf
23207   0.017961 libjvm.so->open64(0x2b24fc128890, 0, 0, 16) = 7
23207   0.002198 libjvm.so->__fxstat64(1, 7, 0x2b24f9635f60, -1) = 0
23207   0.030196 libjvm.so->fopen(0x2b24fc15c730, 0x2b24faeb9ccb, 4, 0x6f732e6f) = 0x2b24fc15c7f0
23207   0.005729 libjvm.so->dlopen(0x2b24fc15c730, 1, 0xffffffff, 0x2b24fc15c700) = 0x2b24fc15c7f0
23207   0.119807 libjvm.so->fopen(0x2b24f9632e40, 0x2b24faeb9ccb, 0x6f732e, 0x6d766a62696c2f72) = 0x2b24fc1988b0
23207   0.006472 libjvm.so->dlopen(0x2b24f9632e40, 1, 0xffffffff, 0x2b24fc198800) = 0x55f6342454b0
23207   0.001692 libjvm.so->fopen(0x2b24f9632e40, 0x2b24faeb9ccb, 0x6f732e, 0x6d766a62696c2f72) = 0x2b24fc19ad20
23207   0.005306 libjvm.so->dlopen(0x2b24f9632e40, 1, 0xffffffff, 0x2b24fc198800) = 0x55f6342454b0
23207   0.001647 libjvm.so->fopen(0x2b24f9632e40, 0x2b24faeb9ccb, 0x6f732e, 0x6d766a62696c2f72) = 0x2b24fc19acb0
23207   0.003404 libjvm.so->dlopen(0x2b24f9632e40, 1, 0xffffffff, 0x2b24fc198800) = 0x55f6342454b0
23207   0.001702 libjvm.so->fopen(0x2b24f9632e40, 0x2b24faeb9ccb, 0x6f732e, 0x6d766a62696c2f72) = 0x2b24fc19a990
23207   0.003476 libjvm.so->dlopen(0x2b24f9632e40, 1, 0xffffffff, 0x2b24fc198800) = 0x55f6342454b0
23207   0.046794 libjvm.so->fopen(0x2b24fc1b3bf0, 0x2b24faeb9ccb, 4, 0x6f732e74) = 0x2b24fc1aa0e0
23207   0.003235 libjvm.so->dlopen(0x2b24fc1b3bf0, 1, 0xffffffff, 0x2b24fc1a6e00) = 0x2b24fc1aa0e0
23207   0.141957 libjvm.so->fopen(0x2b24fc21f1f0, 0x2b24faeb9ccb, 0x6f732e7373656c, 0x656c646165685f74) = 0x2b24fc21f2d0
23207   0.003290 libjvm.so->dlopen(0x2b24fc21f1f0, 1, 0xffffffff, 0x2b24fc21f200) = 0x2b24fc21f2d0
23207   0.465150 --- SIGSEGV (Segmentation fault) ---
23207   3.155824 --- SIGSEGV (Segmentation fault) ---
23207   0.680080 --- SIGSEGV (Segmentation fault) ---
23207   0.001059 --- SIGSEGV (Segmentation fault) ---
23207   0.908460 --- SIGSEGV (Segmentation fault) ---
23207   0.001234 --- SIGSEGV (Segmentation fault) ---
23207   0.000775 --- SIGSEGV (Segmentation fault) ---
23207   1.011540 --- SIGSEGV (Segmentation fault) ---
23207   0.001985 --- SIGSEGV (Segmentation fault) ---
23207   0.850199 --- SIGSEGV (Segmentation fault) ---
23207   0.001256 --- SIGSEGV (Segmentation fault) ---
23207   0.910386 --- SIGSEGV (Segmentation fault) ---
23207   0.001422 --- SIGSEGV (Segmentation fault) ---
23207   0.659040 --- SIGSEGV (Segmentation fault) ---
23207   0.000509 --- SIGSEGV (Segmentation fault) ---
23207   0.000992 --- SIGSEGV (Segmentation fault) ---
23207   0.890294 --- SIGSEGV (Segmentation fault) ---
23207   0.001234 --- SIGSEGV (Segmentation fault) ---
23207   0.000904 --- SIGSEGV (Segmentation fault) ---
23207   0.887612 --- SIGSEGV (Segmentation fault) ---
23207   0.003904 --- SIGSEGV (Segmentation fault) ---
23207   0.957320 --- SIGSEGV (Segmentation fault) ---
23207   0.000758 --- SIGSEGV (Segmentation fault) ---
23207   1.243896 --- SIGSEGV (Segmentation fault) ---
23207   0.000678 --- SIGSEGV (Segmentation fault) ---
23207   0.000997 --- SIGSEGV (Segmentation fault) ---
23207   1.892147 --- SIGSEGV (Segmentation fault) ---
23207   0.000585 --- SIGSEGV (Segmentation fault) ---
23207   0.001197 --- SIGSEGV (Segmentation fault) ---
23207   0.654310 --- SIGSEGV (Segmentation fault) ---
23207   0.000681 --- SIGSEGV (Segmentation fault) ---
23207   0.000666 --- SIGSEGV (Segmentation fault) ---
23207   0.000611 --- SIGSEGV (Segmentation fault) ---
23207   0.880028 --- SIGSEGV (Segmentation fault) ---
23207   0.000586 --- SIGSEGV (Segmentation fault) ---
23207   0.000592 --- SIGSEGV (Segmentation fault) ---
23207   1.860149 --- SIGSEGV (Segmentation fault) ---
23207   1.112839 libjvm.so->fopen(0x2b24f96360e0, 0x2b24faeb9ccb, 111, 0x732e6176) = 0x2b24fc13b650
23207   0.003524 libjvm.so->dlopen(0x2b24f96360e0, 1, 0xffffffff, 0x2b24fc13be00) = 0x2b24fc001b10
23207   0.001685 libjvm.so->fopen(0x2b24f96360e0, 0x2b24faeb9ccb, 111, 0x732e6176) = 0x2b24fc20bc50
23207   0.006012 libjvm.so->dlopen(0x2b24f96360e0, 1, 0xffffffff, 0x2b24fc13be00) = 0x2b24fc001b10
23207   0.004682 libjvm.so->fopen(0x2b24f96360e0, 0x2b24faeb9ccb, 111, 0x732e6176) = 0x2b24fc20bc50
23207   0.003941 libjvm.so->dlopen(0x2b24f96360e0, 1, 0xffffffff, 0x2b24fc13be00) = 0x2b24fc001b10
23207   0.006050 libjvm.so->fopen(0x2b24f96360e0, 0x2b24faeb9ccb, 111, 0x732e6176) = 0x2b24fc20bc50
23207   0.002937 libjvm.so->dlopen(0x2b24f96360e0, 1, 0xffffffff, 0x2b24fc13be00) = 0x2b24fc001b10
23207   0.097191 libjvm.so->fopen(0x2b24f9635e30, 0x2b24faeb9ccb, 111, 0x732e6176) = 0x2b24fc1fb230
23207   0.004278 libjvm.so->dlopen(0x2b24f9635e30, 1, 0xffffffff, 0x2b24fc13b900) = 0x2b24fc001b10
23207   0.001895 libjvm.so->fopen(0x2b24f9635e30, 0x2b24faeb9ccb, 111, 0x732e6176) = 0x2b24fc1fb230
23207   0.003079 libjvm.so->dlopen(0x2b24f9635e30, 1, 0xffffffff, 0x2b24fc13b900) = 0x2b24fc001b10
23207   0.002830 libjvm.so->fopen(0x2b24f9635e30, 0x2b24faeb9ccb, 111, 0x732e6176) = 0x2b24fc1fb230
23207   0.003112 libjvm.so->dlopen(0x2b24f9635e30, 1, 0xffffffff, 0x2b24fc13b900) = 0x2b24fc001b10
23207   0.001947 libjvm.so->fopen(0x2b24f9635e30, 0x2b24faeb9ccb, 111, 0x732e6176) = 0x2b24fc1fb230
23207   0.007797 libjvm.so->dlopen(0x2b24f9635e30, 1, 0xffffffff, 0x2b24fc13b900) = 0x2b24fc001b10
23207   1.418796 --- SIGSEGV (Segmentation fault) ---
23215   4.501908 +++ exited (status 0) +++
23211   0.000362 +++ exited (status 0) +++
23208   0.000221 +++ exited (status 0) +++
23207   0.000317 +++ exited (status 0) +++
23214   0.000468 +++ exited (status 0) +++
23213   0.000028 +++ exited (status 0) +++
23210   0.000016 +++ exited (status 0) +++
23209   0.000014 +++ exited (status 0) +++
23212   0.025161 +++ exited (status 0) +++
23206   0.000102 +++ exited (status 0) +++
Wrote an ltrace for command: "java -cp ./tools/maxent.jar density.Project outputs/Colletes_dimidiatus_Brull/Colletes_dimidiatus_Brull.lambdas data/layers/worldclim outputs/Colletes_dimidiatus_Brull_worldclim.asc nowarnings nocache autorun -z" with PID 23204 from PPID 23188 on disc25.crc.nd.edu with result 0
REMOTEHOST=10.17.145.58
_CONDOR_JOB_PIDS=
MANPATH=/afs/crc.nd.edu/user/n/nkremerh/cctools/share/man/:/afs/crc.nd.edu/group/ccl/software/x86_64/redhat7/ruby/current/share/man:/afs/crc.nd.edu/group/ccl/software/x86_64/redhat7/graphviz/current/share/man:/afs/crc.nd.edu/group/ccl/software/x86_64/redhat7/gnuplot/current/share/man:/afs/crc.nd.edu/group/ccl/software/x86_64/redhat7/git/current/share/man:/afs/crc.nd.edu/group/ccl/software/x86_64/redhat7/condor/current/share/man:/afs/crc.nd.edu/group/ccl/software/x86_64/redhat7/clang/current/share/man:/afs/crc.nd.edu/group/ccl/software/x86_64/redhat7/condor/current/share/man:/afs/crc.nd.edu/group/ccl/software/x86_64/redhat7/cctools/current/share/man:/afs/crc.nd.edu/group/ccl/software/x86_64/redhat7/cctools/current/share/man:/afs/crc.nd.edu/x86_64_linux/Modules/4.5.0/share/man:/opt/crc/usr/local/man:/opt/sge/man:/usr/share/man/overrides:/usr/share/man:/usr/local/share/man
XDG_SESSION_ID=3301
HOSTNAME=disc01.crc.nd.edu
_LMFILES__modshare=/afs/crc.nd.edu/x86_64_linux/Modules/modules/system_modules/CRC_default/1.1:1
MODULEPATH_modshare=/afs/crc.nd.edu/x86_64_linux/Modules/modules/general_software:1:/afs/crc.nd.edu/x86_64_linux/Modules/modules/development_tools_and_libraries:1:/afs/crc.nd.edu/x86_64_linux/Modules/modules/system_modules:1:/afs/crc.nd.edu/x86_64_linux/Modules/current/modulefiles:1:/afs/crc.nd.edu/x86_64_linux/Modules/modules/restricted_software:1:/afs/crc.nd.edu/x86_64_linux/Modules/modules/deprecated_software:1
MODULES_CMD=/afs/crc.nd.edu/x86_64_linux/Modules/4.5.0/libexec/modulecmd.tcl
HOST=disc01.crc.nd.edu
SHELL=/bin/tcsh
TERM=xterm-256color
MAKEFLAGS=
HISTSIZE=5000
TMPDIR=/var/condor/execute/dir_3431/worker-213124-3484/t.1879/cctools-temp-t.1879.mub4md
SSH_CLIENT=10.17.145.58 38176 22
PERL5LIB=/afs/crc.nd.edu/user/n/nkremerh/cctools/lib/perl5/site_perl/5.16.3:/afs/crc.nd.edu/user/n/nkremerh/.perl5/lib/perl5
SGE_CELL=crc
_CONDOR_SCRATCH_DIR=/var/condor/execute/dir_3431
PERL_MB_OPT=--install_base '/afs/crc.nd.edu/user/n/nkremerh/.perl5/'
SSH_TTY=/dev/pts/0
SGE_LOAD_AVG=load_avg
MAKEFLOW_MAX_LOCAL_JOBS=2
HISTFILESIZE=10000
_CHIRP_DELAYED_UPDATE_PREFIX=Chirp*
USER=nkremerh
GROUP=campus
LD_LIBRARY_PATH=/afs/crc.nd.edu/group/ccl/software/x86_64/redhat7/ruby/current/lib:/afs/crc.nd.edu/group/ccl/software/x86_64/redhat7/graphviz/current/lib:/afs/crc.nd.edu/group/ccl/software/x86_64/redhat7/git/current/lib:/afs/crc.nd.edu/group/ccl/software/x86_64/redhat7/condor/current/lib:/afs/crc.nd.edu/group/ccl/software/x86_64/redhat7/clang/current/lib:/afs/crc.nd.edu/group/ccl/software/x86_64/redhat7/condor/current/lib:/afs/crc.nd.edu/group/ccl/software/x86_64/redhat7/cctools/current/lib:/opt/crc/usr/local/lib
TEMP=/var/condor/execute/dir_3431/worker-213124-3484/t.1879/cctools-temp-t.1879.mub4md
BATCH_SYSTEM=HTCondor
WORKER_TMPDIR=/var/condor/execute/dir_3431/worker-213124-3484/cache/tmp
ENV=/afs/crc.nd.edu/x86_64_linux/Modules/4.5.0/init/profile.sh
MODULES_LMALTNAME=CRC_default/1.1&CRC_default/default&CRC_default
_CONDOR_CHIRP_CONFIG=/var/condor/execute/dir_3431/.chirp.config
GLOBUS_GSSAPI_MAX_TLS_PROTOCOL=0
_CONDOR_HIGHPORT=9999
HOSTTYPE=x86_64-linux
MAKELEVEL=1
MFLAGS=
CCLSOFTWARE=/afs/crc.nd.edu/group/ccl/software/x86_64/redhat7
PATH=/afs/crc.nd.edu/user/n/nkremerh/cctools/bin:/afs/crc.nd.edu/user/n/nkremerh/miniconda/bin:/afs/crc.nd.edu/group/ccl/software/git:/afs/crc.nd.edu/user/n/nkremerh/.local/bin:/afs/crc.nd.edu/group/ccl/software/x86_64/redhat7/povray/3.7/bin:/afs/crc.nd.edu/user/n/nkremerh/.perl5/bin:/afs/crc.nd.edu/user/n/nkremerh/pegasus/bin:/afs/crc.nd.edu/user/n/nkremerh/nodejs/bin:/afs/crc.nd.edu/user/n/nkremerh/montage/bin:/afs/crc.nd.edu/user/n/nkremerh/latexdiff:/afs/crc.nd.edu/user/n/nkremerh/envtrace:/afs/crc.nd.edu/user/n/nkremerh/endlines:/afs/crc.nd.edu/user/n/nkremerh/cctools/bin:/afs/crc.nd.edu/user/n/nkremerh/.cargo/bin:/afs/crc.nd.edu/group/ccl/software/x86_64/redhat7/ruby/current/bin:/afs/crc.nd.edu/group/ccl/software/x86_64/redhat7/graphviz/current/bin:/afs/crc.nd.edu/group/ccl/software/x86_64/redhat7/gnuplot/current/bin:/afs/crc.nd.edu/group/ccl/software/x86_64/redhat7/git/current/bin:/afs/crc.nd.edu/group/ccl/software/x86_64/redhat7/condor/current/sbin:/afs/crc.nd.edu/group/ccl/software/x86_64/redhat7/condor/current/bin:/afs/crc.nd.edu/group/ccl/software/x86_64/redhat7/cmake/current/bin:/afs/crc.nd.edu/group/ccl/software/x86_64/redhat7/clang/current/bin:/afs/crc.nd.edu/group/ccl/software/x86_64/redhat7/condor/current/sbin:/afs/crc.nd.edu/group/ccl/software/x86_64/redhat7/condor/current/bin:/afs/crc.nd.edu/group/ccl/software/x86_64/redhat7/cctools/current/bin:/afs/crc.nd.edu/x86_64_linux/Modules/4.5.0/bin:/opt/crc/usr/local/bin:/opt/sge/bin/lx-amd64:/usr/local/bin:/usr/bin:/usr/local/sbin:/usr/sbin:/afs/crc.nd.edu/user/c/condor/software/bin:/afs/crc.nd.edu/user/c/condor/software/sbin
MAIL=/var/spool/mail/nkremerh
PWD=/var/condor/execute/dir_3431/worker-213124-3484/t.1879
_LMFILES_=/afs/crc.nd.edu/x86_64_linux/Modules/modules/system_modules/CRC_default/1.1
SGE_EXECD_PORT=6445
EDITOR=vim
LANG=en_US.UTF-8
MODULEPATH=/afs/crc.nd.edu/x86_64_linux/Modules/modules/development_tools_and_libraries:/afs/crc.nd.edu/x86_64_linux/Modules/modules/general_software:/afs/crc.nd.edu/x86_64_linux/Modules/modules/restricted_software:/afs/crc.nd.edu/x86_64_linux/Modules/modules/system_modules:/afs/crc.nd.edu/x86_64_linux/Modules/modules/deprecated_software:/afs/crc.nd.edu/x86_64_linux/Modules/current/modulefiles
SGE_QMASTER_PORT=6444
SGE_ROOT=/opt/sge
LOADEDMODULES=CRC_default/1.1
WORK_QUEUE_SANDBOX=/var/condor/execute/dir_3431/worker-213124-3484
_CONDOR_SLOT=slot1
CCLPLATFORM=x86_64/redhat7
USE_SYSTEMD=true
_CONDOR_ANCESTOR_4261=3431:1594946670:4145456536
_CONDOR_LOWPORT=9100
KRB5CCNAME=FILE:/tmp/krb5cc_213124_0wTNSp
HISTCONTROL=ignoreboth:erasedups
PATH_modshare=/opt/crc/usr/local/bin:1:/opt/sge/bin/lx-amd64:1:/usr/sbin:1:/usr/bin:1:/afs/crc.nd.edu/user/c/condor/software/sbin:1:/usr/local/sbin:1:/afs/crc.nd.edu/user/c/condor/software/bin:1:/usr/local/bin:1
SHLVL=7
HOME=/afs/crc.nd.edu/user/n/nkremerh
GLOBUS_GSSAPI_NAME_COMPATIBILITY=STRICT_RFC2818
_CONDOR_ANCESTOR_3989=4261:1593343483:4184216969
_CONDOR_MACHINE_AD=/var/condor/execute/dir_3431/.machine.ad
OSTYPE=linux
DISK=916727
GREP_OPTIONS=--color=auto
GLOBUS_GSSAPI_MIN_TLS_PROTOCOL=TLS1_VERSION
MEMORY=15899
MANPATH_modshare=/usr/share/man/overrides:1:/usr/local/share/man:1:/usr/share/man:1:/opt/crc/usr/local/man:1:/opt/sge/man:1
VENDOR=unknown
BASH_ENV=/afs/crc.nd.edu/x86_64_linux/Modules/4.5.0/init/bash
PERL_LOCAL_LIB_ROOT=/afs/crc.nd.edu/user/n/nkremerh/.perl5/
PYTHONPATH=/afs/crc.nd.edu/user/n/nkremerh/cctools/lib/python3.6/site-packages/
CCLHOME=/afs/crc.nd.edu/group/ccl
MACHTYPE=x86_64
LOGNAME=nkremerh
TMP=/var/condor/execute/dir_3431/worker-213124-3484/t.1879/cctools-temp-t.1879.mub4md
LD_LIBRARY_PATH_modshare=/opt/crc/usr/local/lib:1
MODULES_LMALTNAME_modshare=CRC_default/1.1&CRC_default/default&CRC_default:1
SSH_CONNECTION=10.17.145.58 38176 129.74.128.103 22
_CONDOR_ANCESTOR_3431=3448:1594946671:2687029234
MODULESHOME=/afs/crc.nd.edu/x86_64_linux/Modules/4.5.0
OMP_NUM_THREADS=1
LESSOPEN=||/usr/bin/lesspipe.sh %s
GLOBUS_GSSAPI_BACKWARD_COMPATIBLE_MIC=true
GLOBUS_GSSAPI_CIPHERS=HIGH
LOADEDMODULES_modshare=CRC_default/1.1:1
_CONDOR_JOB_AD=/var/condor/execute/dir_3431/.job.ad
SGE_CLUSTER_NAME=CRC
XDG_RUNTIME_DIR=/run/user/213124
CCTOOLS=../cctools
CORES=4
_CONDOR_JOB_IWD=/var/condor/execute/dir_3431
PERL_MM_OPT=INSTALL_BASE=/afs/crc.nd.edu/user/n/nkremerh/.perl5/
GLOBUS_GSSAPI_SERVER_CIPHER_ORDER=true
BASH_FUNC_module()=() {  unset _mlshdbg;
 if [ "${MODULES_SILENT_SHELL_DEBUG:-0}" = '1' ]; then
 case "$-" in 
 *v*x*)
 set +vx;
 _mlshdbg='vx'
 ;;
 *v*)
 set +v;
 _mlshdbg='v'
 ;;
 *x*)
 set +x;
 _mlshdbg='x'
 ;;
 *)
 _mlshdbg=''
 ;;
 esac;
 fi;
 unset _mlre _mlIFS;
 if [ -n "${IFS+x}" ]; then
 _mlIFS=$IFS;
 fi;
 IFS=' ';
 for _mlv in ${MODULES_RUN_QUARANTINE:-};
 do
 if [ "${_mlv}" = "${_mlv##*[!A-Za-z0-9_]}" -a "${_mlv}" = "${_mlv#[0-9]}" ]; then
 if [ -n "`eval 'echo ${'$_mlv'+x}'`" ]; then
 _mlre="${_mlre:-}${_mlv}_modquar='`eval 'echo ${'$_mlv'}'`' ";
 fi;
 _mlrv="MODULES_RUNENV_${_mlv}";
 _mlre="${_mlre:-}${_mlv}='`eval 'echo ${'$_mlrv':-}'`' ";
 fi;
 done;
 if [ -n "${_mlre:-}" ]; then
 eval `eval ${_mlre}/usr/bin/tclsh /afs/crc.nd.edu/x86_64_linux/Modules/4.5.0/libexec/modulecmd.tcl bash '"$@"'`;
 else
 eval `/usr/bin/tclsh /afs/crc.nd.edu/x86_64_linux/Modules/4.5.0/libexec/modulecmd.tcl bash "$@"`;
 fi;
 _mlstatus=$?;
 if [ -n "${_mlIFS+x}" ]; then
 IFS=$_mlIFS;
 else
 unset IFS;
 fi;
 unset _mlre _mlv _mlrv _mlIFS;
 if [ -n "${_mlshdbg:-}" ]; then
 set -$_mlshdbg;
 fi;
 unset _mlshdbg;
 return $_mlstatus
}
BASH_FUNC_ml()=() {  module ml "$@"
}
_=/usr/bin/printenv
