19537   0.000000 libjli.so->getenv("_JAVA_LAUNCHER_DEBUG") = nil
19537   0.001889 libjli.so->getenv("_JAVA_VERSION_SET") = nil
19537   0.000784 libjli.so->fopen("/usr/lib/jvm/java-1.8.0-openjdk-1.8.0.262.b10-0.el7_8.x86_64/jre/lib/amd64/jvm.cfg", "r") = 0x55df27f200f0
19537   0.000796 libjli.so->getenv("JDK_ALTERNATE_VM") = nil
19537   0.000322 libjli.so->__xstat(1, "/usr/lib/jvm/java-1.8.0-openjdk-1.8.0.262.b10-0.el7_8.x86_64/jre/lib/amd64/server/libjvm.so", 0x7ffc4d946160) = 0
19537   0.000588 libjli.so->getenv("LD_LIBRARY_PATH") = "/afs/crc.nd.edu/group/ccl/software/x86_64/redhat7/ruby/current/lib:/afs/crc.nd.edu/group/ccl/software/x86_64/redhat7/graphviz/current/lib:/afs/crc.nd.edu/group/ccl/software/x86_64/redhat7/git/current/lib:/afs/crc.nd.edu/group/ccl/software/x86_64/redhat7/condor/current/lib:/afs/crc.nd.edu/group/ccl/software/x86_64/redhat7/clang/current/lib:/afs/crc.nd.edu/group/ccl/software/x86_64/redhat7/condor/current/lib:/afs/crc.nd.edu/group/ccl/software/x86_64/redhat7/cctools/current/lib:/opt/crc/usr/local/lib"
19537   0.002157 libjli.so->dlopen("/usr/lib/jvm/java-1.8.0-openjdk-1.8.0.262.b10-0.el7_8.x86_64/jre/lib/amd64/server/libjvm.so", 258 <unfinished ...>
19537   0.038675 libjvm.so->getenv("NMT_LEVEL_19537") = nil
19537   0.002023 <... dlopen resumed> )          = 0x55df27f204c0
19537   0.000115 libjli.so->getenv("CLASSPATH")  = nil
19537   0.000427 libjli.so->getenv("_JAVA_SPLASH_JAR") = nil
19537   0.000430 libjli.so->getenv("_JAVA_SPLASH_FILE") = nil
19537   0.000356 libjli.so->pthread_attr_setdetachstate(0x7ffc4d946110, 0, 0x7ffc4d9461a0, 0) = 0
19537   0.000631 libpthread.so.0->__clone(0x2af664ed0de0, 0x2af664de3fc0, 0x3d0f00, 0x2af664de4700) = 0x4c52
19538   0.001767 libjvm.so->dlopen(0x2af6666af9ae, 1, 0xfffffffffff42c48, 4096) = 0x2af668000990
19538   0.002429 libjvm.so->getenv(0x2af6666ca83e, 0, 115, 0x65737361) = 0x7ffc4d94b6aa
19538   0.000487 libjvm.so->fopen(0x2af664de2c10, 0x2af666666ccb, 0x6f732e79666972, 0x2af6657a8ab0) = 0x2af668001440
19538   0.001370 libjvm.so->dlopen(0x2af664de2c10, 1, 0xffffffff, 0x2af668002b00) = 0x2af668001440
19538   0.001439 libjvm.so->fopen(0x2af664de2c10, 0x2af666666ccb, 111, 0x732e6176) = 0x2af668001b10
19538   0.001582 libjvm.so->dlopen(0x2af664de2c10, 1, 0xffffffff, 0x2af668001a00) = 0x2af668001b10
19538   0.001545 libjvm.so->__xstat(1, 0x2af664de3360, 0x2af664de3ba0, 0x746f7073746f682e) = -1
19538   0.000473 libjvm.so->getenv(0x2af66665f541, 0x2af664de36d0, 1024, 0x2af666b1961b) = 0
19538   0.000488 libjvm.so->getenv(0x2af66665f533, 0x2af664de36d0, 1024, 0) = 0
19538   0.000464 libjvm.so->fopen(0x2af6666af315, 0x2af666666ccb, 4095, 0xffffd509999a0b03) = 0x2af668003270
19538   0.001069 libjvm.so->fopen(0x2af6666af361, 0x2af666666ccb, 0x2af668000078, 0x2af668003260) = 0x2af668003270
19538   0.000763 libjvm.so->fopen(0x2af664ddd9b0, 0x2af666666ccb, 4014, 3995) = 0x2af668003270
19538   0.000613 libjvm.so->opendir(0x2af668002b40, 0x2af668002b40, 13, 16) = 0
19538   0.000473 libjvm.so->__xstat(1, 0x2af664de28f0, 0x2af664de1860, 0x6f732e7477616d62) = -1
19538   0.000415 libjvm.so->__xstat(1, 0x2af664de28f0, 0x2af664de1860, 0x5f74776162696c2f) = 0
19538   0.000543 libjvm.so->fopen(0x2af664de1b90, 0x2af666666ccb, 4009, 3994) = 0x2af668003750
19538   0.000644 libjvm.so->fopen(0x2af664de1b90, 0x2af666666ccb, 4009, 3994) = 0x2af668003750
19538   0.000625 libjvm.so->fopen(0x2af664de1b90, 0x2af666666ccb, 4009, 4002) = 0x2af668003750
19538   0.000636 libjvm.so->fopen(0x2af664de1b20, 0x2af666666ccb, 4009, 3994) = 0x2af668003750
19538   0.000618 libjvm.so->fopen(0x2af664de1b20, 0x2af666666ccb, 4009, 3994) = 0x2af668003750
19538   0.000611 libjvm.so->fopen(0x2af664de1b20, 0x2af666666ccb, 4009, 4002) = 0x2af668003750
19538   0.000598 libjvm.so->fopen(0x2af664de1b50, 0x2af666666ccb, 4014, 3995) = 0x2af668003750
19538   0.000812 libjvm.so->getenv(0x2af6666b00ff, 4096, 3, -1) = 0
19538   0.000908 libjvm.so->fopen(0x2af6666af998, 0x2af666666ccb, 0x2af664ec7908, 0x2af664ec6df0) = 0x2af668003750
19538   0.004795 libjvm.so->open(0x2af66804a540, 0x20000, 0, 0x2af66804a589) = 3
19538   0.000499 libjvm.so->__fxstat(1, 3, 0x2af664de3a00, -1) = 0
19538   0.000519 libjvm.so->opendir(0x2af66804a540, 0x2af664de3a00, 0x4000, -1) = 0x2af66804b450
19538   0.000614 libjvm.so->__fxstat(1, 3, 0x2af664de38a0, 0x2af66804b450) = 0
19538   0.000451 libjvm.so->__fxstat(1, 5, 0x2af664de3930, -1) = 0
19538   0.000617 libjvm.so->open(0x2af66667d9dc, 0, 0, 0) = 3
19538   0.000653 libjvm.so->__lxstat(1, 0x2af66804a540, 0x2af664de3b50, -144) = 0
19538   0.000444 libjvm.so->open(0x2af66804a540, 0x20000, 0x4000, -1) = 3
19538   0.000412 libjvm.so->__fxstat(1, 3, 0x2af664de3a00, -1) = 0
19538   0.000487 libjvm.so->opendir(0x2af66804a540, 0x2af664de3a00, 0x4000, -1) = 0x2af66804b450
19538   0.000452 libjvm.so->__fxstat(1, 3, 0x2af664de38a0, 0x2af66804b450) = 0
19538   0.000550 libjvm.so->__fxstat(1, 5, 0x2af664de3930, -1) = 0
19538   0.000480 libjvm.so->open(0x2af66667d9dc, 0, 0, 0) = 3
19538   0.000566 libjvm.so->open(0x2af66804a589, 0x20042, 384, -1) = 7
19538   0.000651 libjvm.so->__fxstat(1, 7, 0x2af664de3b50, -1) = 0
19538   0.001681 libjvm.so->fopen(0x2af664de2b60, 0x2af666666ccb, 4, 0x6f732e70) = 0x2af668057ba0
19538   0.001447 libjvm.so->dlopen(0x2af664de2b60, 1, 0xffffffff, 0x2af668057b00) = 0x2af668057ba0
19538   0.001445 libjvm.so->__xstat(1, 0x2af664de3120, 0x2af664de3950, 2048) = 0
19538   0.000521 libjvm.so->__xstat(1, 0x2af664de3120, 0x2af664de3950, 2048) = 0
19538   0.000454 libjvm.so->__xstat(1, 0x2af664de3120, 0x2af664de3950, 2048) = -1
19538   0.000423 libjvm.so->__xstat(1, 0x2af664de3120, 0x2af664de3950, 2048) = 0
19538   0.000447 libjvm.so->__xstat(1, 0x2af664de3120, 0x2af664de3950, 2048) = 0
19538   0.000415 libjvm.so->__xstat(1, 0x2af664de3120, 0x2af664de3950, 2048) = 0
19538   0.000463 libjvm.so->__xstat(1, 0x2af664de3120, 0x2af664de3950, 2048) = 0
19538   0.000454 libjvm.so->__xstat(1, 0x2af664de3120, 0x2af664de3950, 2048) = -1
19538   0.000588 libjvm.so->fopen(0x2af668002520, 0x2af666666ccb, 0, 0) = 0x2af668058a40
19538   0.009048 libjvm.so->open64(0x2af664de2410, 0, 0, 16) = 3
19538   0.000571 libjvm.so->__fxstat64(1, 3, 0x2af664de2240, -1) = 0
19538   0.036683 libjvm.so->__xstat(1, 0x2af664de2f20, 0x2af664de3750, 2048) = -1
19538   0.000697 libjvm.so->fopen(0x2af664de1b20, 0x2af666666ccb, 4009, 3994) = 0x2af6680b1fd0
19538   0.000851 libjvm.so->fopen(0x2af664de1b20, 0x2af666666ccb, 4009, 3994) = 0x2af6680b1fd0
19538   0.000587 libjvm.so->fopen(0x2af664de1b20, 0x2af666666ccb, 4009, 4002) = 0x2af6680b1fd0
19538   0.004390 libjvm.so->pthread_attr_setdetachstate(0x2af664de3c00, 1, 0, 0) = 0
19538   0.000528 libpthread.so.0->__clone(0x2af664ed0de0, 0x2af667fb7fc0, 0x3d0f00, 0x2af667fb8700) = 0x4c53
19538   0.015991 libjvm.so->pthread_attr_setdetachstate(0x2af664de3290, 1, 0, 0) = 0
19538   0.000711 libpthread.so.0->__clone(0x2af664ed0de0, 0x2af67d89cfc0, 0x3d0f00, 0x2af67d89d700) = 0x4c55
19538   0.008290 libjvm.so->pthread_attr_setdetachstate(0x2af664de3610, 1, 0, 0) = 0
19538   0.000847 libpthread.so.0->__clone(0x2af664ed0de0, 0x2af67d99dfc0, 0x3d0f00, 0x2af67d99e700) = 0x4c56
19538   0.040608 libjvm.so->fopen(0x2af6680e9160, 0x2af666666ccb, 4, 0x6f732e70) = 0x2af6680f1ca0
19538   0.001991 libjvm.so->dlopen(0x2af6680e9160, 1, 0xffffffff, 0x2af6680ec300) = 0x2af668057ba0
19538   0.004992 libjvm.so->open64(0x2af664de2510, 0, 0, 16) = 5
19538   0.000902 libjvm.so->__fxstat64(1, 5, 0x2af664de2340, -1) = 0
19538   0.019981 libjvm.so->fopen(0x2af664ddf130, 0x2af666666ccb, 4009, 3994) = 0x2af6680fcbf0
19538   0.001145 libjvm.so->fopen(0x2af664ddf130, 0x2af666666ccb, 4009, 3994) = 0x2af6680fcbf0
19538   0.001141 libjvm.so->fopen(0x2af664ddf130, 0x2af666666ccb, 4009, 4002) = 0x2af6680fcbf0
19538   0.016132 libjvm.so->pthread_attr_setdetachstate(0x2af664de3b50, 1, 0, 0) = 0
19538   0.001032 libpthread.so.0->__clone(0x2af664ed0de0, 0x2af67da9efc0, 0x3d0f00, 0x2af67da9f700) = 0x4c57
19538   0.001447 libjvm.so->__xstat64(1, 0x2af664de3be0, 0x2af664de3b50, 19) = -1
19538   0.001130 libjvm.so->pthread_attr_setdetachstate(0x2af664de3950, 1, 0, 0) = 0
19538   0.001095 libpthread.so.0->__clone(0x2af664ed0de0, 0x2af67db9ffc0, 0x3d0f00, 0x2af67dba0700) = 0x4c58
19538   0.001743 libjvm.so->pthread_attr_setdetachstate(0x2af664de3950, 1, 0, 0) = 0
19538   0.001344 libpthread.so.0->__clone(0x2af664ed0de0, 0x2af67dca0fc0, 0x3d0f00, 0x2af67dca1700) = 0x4c59
19538   0.008211 libjvm.so->pthread_attr_setdetachstate(0x2af664de3aa0, 1, 0, 0) = 0
19538   0.001387 libpthread.so.0->__clone(0x2af664ed0de0, 0x2af67dda1fc0, 0x3d0f00, 0x2af67dda2700) = 0x4c5a
19538   0.002252 libjvm.so->pthread_attr_setdetachstate(0x2af664de3bb0, 1, 0, 0) = 0
19538   0.001976 libpthread.so.0->__clone(0x2af664ed0de0, 0x2af67dea2fc0, 0x3d0f00, 0x2af67dea3700) = 0x4c5b
19538   0.014950 libjvm.so->open64(0x2af668128880, 0, 0, 0) = 7
19538   0.001741 libjvm.so->__fxstat64(1, 7, 0x2af664de0f60, -1) = 0
19538   0.025844 libjvm.so->fopen(0x2af6681544e0, 0x2af666666ccb, 4, 0x6f732e6f) = 0x2af6681545a0
19538   0.003135 libjvm.so->dlopen(0x2af6681544e0, 1, 0xffffffff, 0x2af668154500) = 0x2af6681545a0
19538   0.147692 libjvm.so->fopen(0x2af668192c50, 0x2af666666ccb, 4, 0x6f732e74) = 0x2af668195f00
19538   0.003894 libjvm.so->dlopen(0x2af668192c50, 1, 0xffffffff, 0x2af668195e00) = 0x2af6681a02b0
19538   0.145805 libjvm.so->fopen(0x2af668211300, 0x2af666666ccb, 0x6f732e7373656c, 0x656c646165685f74) = 0x2af6682113e0
19538   0.003924 libjvm.so->dlopen(0x2af668211300, 1, 0xffffffff, 0x2af668211300) = 0x2af6682113e0
19538   0.020214 libjvm.so->fopen(0x2af664ddc990, 0x2af666666ccb, 0x6f732e, 0x6d766a62696c2f72) = 0x2af66821b310
19538   0.006478 libjvm.so->dlopen(0x2af664ddc990, 1, 0xffffffff, 0x2af66821a800) = 0x55df27f204c0
19538   0.001775 libjvm.so->fopen(0x2af664ddc990, 0x2af666666ccb, 0x6f732e, 0x6d766a62696c2f72) = 0x2af66821b2b0
19538   0.005480 libjvm.so->dlopen(0x2af664ddc990, 1, 0xffffffff, 0x2af66821a800) = 0x55df27f204c0
19538   0.001824 libjvm.so->fopen(0x2af664ddc990, 0x2af666666ccb, 0x6f732e, 0x6d766a62696c2f72) = 0x2af66821b2b0
19538   0.004291 libjvm.so->dlopen(0x2af664ddc990, 1, 0xffffffff, 0x2af66821a800) = 0x55df27f204c0
19538   0.001651 libjvm.so->fopen(0x2af664ddc990, 0x2af666666ccb, 0x6f732e, 0x6d766a62696c2f72) = 0x2af66821b2b0
19538   0.003625 libjvm.so->dlopen(0x2af664ddc990, 1, 0xffffffff, 0x2af66821a800) = 0x55df27f204c0
19538   0.271148 libjvm.so->fopen(0x2af664de0ed0, 0x2af666666ccb, 111, 0x732e6176) = 0x2af668257e20
19538   0.002996 libjvm.so->dlopen(0x2af664de0ed0, 1, 0xffffffff, 0x2af668258700) = 0x2af668001b10
19538   0.001673 libjvm.so->fopen(0x2af664de0ed0, 0x2af666666ccb, 111, 0x732e6176) = 0x2af668257e20
19538   0.002776 libjvm.so->dlopen(0x2af664de0ed0, 1, 0xffffffff, 0x2af668258700) = 0x2af668001b10
19538   0.001599 libjvm.so->fopen(0x2af664de0ed0, 0x2af666666ccb, 111, 0x732e6176) = 0x2af668257e20
19538   0.002845 libjvm.so->dlopen(0x2af664de0ed0, 1, 0xffffffff, 0x2af668258700) = 0x2af668001b10
19538   0.001613 libjvm.so->fopen(0x2af664de0ed0, 0x2af666666ccb, 111, 0x732e6176) = 0x2af668257e20
19538   0.002751 libjvm.so->dlopen(0x2af664de0ed0, 1, 0xffffffff, 0x2af668258700) = 0x2af668001b10
19538   3.338342 --- SIGSEGV (Segmentation fault) ---
19547   9.921833 +++ exited (status 0) +++
19543   0.000280 +++ exited (status 0) +++
19539   0.000450 +++ exited (status 0) +++
19538   0.000249 +++ exited (status 0) +++
19546   0.000377 +++ exited (status 0) +++
19545   0.000024 +++ exited (status 0) +++
19542   0.000015 +++ exited (status 0) +++
19541   0.000013 +++ exited (status 0) +++
19544   0.022716 +++ exited (status 0) +++
19537   0.000093 +++ exited (status 0) +++
Wrote an ltrace for command: "java -cp ./tools/maxent.jar density.MaxEnt -s outputs/Prosotas_dubiosa.csv -e data/layers/worldclim -o outputs/Prosotas_dubiosa nowarnings nocache autorun -z" with PID 19535 from PPID 19517 on disc25.crc.nd.edu with result 0
REMOTEHOST=10.17.145.58
MANPATH=/afs/crc.nd.edu/user/n/nkremerh/cctools/share/man/:/afs/crc.nd.edu/group/ccl/software/x86_64/redhat7/ruby/current/share/man:/afs/crc.nd.edu/group/ccl/software/x86_64/redhat7/graphviz/current/share/man:/afs/crc.nd.edu/group/ccl/software/x86_64/redhat7/gnuplot/current/share/man:/afs/crc.nd.edu/group/ccl/software/x86_64/redhat7/git/current/share/man:/afs/crc.nd.edu/group/ccl/software/x86_64/redhat7/condor/current/share/man:/afs/crc.nd.edu/group/ccl/software/x86_64/redhat7/clang/current/share/man:/afs/crc.nd.edu/group/ccl/software/x86_64/redhat7/condor/current/share/man:/afs/crc.nd.edu/group/ccl/software/x86_64/redhat7/cctools/current/share/man:/afs/crc.nd.edu/group/ccl/software/x86_64/redhat7/cctools/current/share/man:/afs/crc.nd.edu/x86_64_linux/Modules/4.5.0/share/man:/opt/crc/usr/local/man:/opt/sge/man:/usr/share/man/overrides:/usr/share/man:/usr/local/share/man
_CONDOR_JOB_PIDS=
XDG_SESSION_ID=3301
HOSTNAME=disc01.crc.nd.edu
_LMFILES__modshare=/afs/crc.nd.edu/x86_64_linux/Modules/modules/system_modules/CRC_default/1.1:1
MODULEPATH_modshare=/afs/crc.nd.edu/x86_64_linux/Modules/modules/general_software:1:/afs/crc.nd.edu/x86_64_linux/Modules/modules/development_tools_and_libraries:1:/afs/crc.nd.edu/x86_64_linux/Modules/modules/system_modules:1:/afs/crc.nd.edu/x86_64_linux/Modules/current/modulefiles:1:/afs/crc.nd.edu/x86_64_linux/Modules/modules/restricted_software:1:/afs/crc.nd.edu/x86_64_linux/Modules/modules/deprecated_software:1
TERM=xterm-256color
SHELL=/bin/tcsh
HOST=disc01.crc.nd.edu
MODULES_CMD=/afs/crc.nd.edu/x86_64_linux/Modules/4.5.0/libexec/modulecmd.tcl
HISTSIZE=5000
MAKEFLAGS=
SSH_CLIENT=10.17.145.58 38176 22
TMPDIR=/var/condor/execute/dir_3434/worker-213124-3537/t.1117/cctools-temp-t.1117.ydZdRv
PERL5LIB=/afs/crc.nd.edu/user/n/nkremerh/cctools/lib/perl5/site_perl/5.16.3:/afs/crc.nd.edu/user/n/nkremerh/.perl5/lib/perl5
SGE_CELL=crc
_CONDOR_SCRATCH_DIR=/var/condor/execute/dir_3434
PERL_MB_OPT=--install_base '/afs/crc.nd.edu/user/n/nkremerh/.perl5/'
SSH_TTY=/dev/pts/0
SGE_LOAD_AVG=load_avg
MAKEFLOW_MAX_LOCAL_JOBS=2
GROUP=campus
USER=nkremerh
_CHIRP_DELAYED_UPDATE_PREFIX=Chirp*
HISTFILESIZE=10000
TEMP=/var/condor/execute/dir_3434/worker-213124-3537/t.1117/cctools-temp-t.1117.ydZdRv
LD_LIBRARY_PATH=/afs/crc.nd.edu/group/ccl/software/x86_64/redhat7/ruby/current/lib:/afs/crc.nd.edu/group/ccl/software/x86_64/redhat7/graphviz/current/lib:/afs/crc.nd.edu/group/ccl/software/x86_64/redhat7/git/current/lib:/afs/crc.nd.edu/group/ccl/software/x86_64/redhat7/condor/current/lib:/afs/crc.nd.edu/group/ccl/software/x86_64/redhat7/clang/current/lib:/afs/crc.nd.edu/group/ccl/software/x86_64/redhat7/condor/current/lib:/afs/crc.nd.edu/group/ccl/software/x86_64/redhat7/cctools/current/lib:/opt/crc/usr/local/lib
BATCH_SYSTEM=HTCondor
MODULES_LMALTNAME=CRC_default/1.1&CRC_default/default&CRC_default
ENV=/afs/crc.nd.edu/x86_64_linux/Modules/4.5.0/init/profile.sh
WORKER_TMPDIR=/var/condor/execute/dir_3434/worker-213124-3537/cache/tmp
HOSTTYPE=x86_64-linux
_CONDOR_HIGHPORT=9999
GLOBUS_GSSAPI_MAX_TLS_PROTOCOL=0
_CONDOR_CHIRP_CONFIG=/var/condor/execute/dir_3434/.chirp.config
MAKELEVEL=1
MFLAGS=
MAIL=/var/spool/mail/nkremerh
PATH=/afs/crc.nd.edu/user/n/nkremerh/cctools/bin:/afs/crc.nd.edu/user/n/nkremerh/miniconda/bin:/afs/crc.nd.edu/group/ccl/software/git:/afs/crc.nd.edu/user/n/nkremerh/.local/bin:/afs/crc.nd.edu/group/ccl/software/x86_64/redhat7/povray/3.7/bin:/afs/crc.nd.edu/user/n/nkremerh/.perl5/bin:/afs/crc.nd.edu/user/n/nkremerh/pegasus/bin:/afs/crc.nd.edu/user/n/nkremerh/nodejs/bin:/afs/crc.nd.edu/user/n/nkremerh/montage/bin:/afs/crc.nd.edu/user/n/nkremerh/latexdiff:/afs/crc.nd.edu/user/n/nkremerh/envtrace:/afs/crc.nd.edu/user/n/nkremerh/endlines:/afs/crc.nd.edu/user/n/nkremerh/cctools/bin:/afs/crc.nd.edu/user/n/nkremerh/.cargo/bin:/afs/crc.nd.edu/group/ccl/software/x86_64/redhat7/ruby/current/bin:/afs/crc.nd.edu/group/ccl/software/x86_64/redhat7/graphviz/current/bin:/afs/crc.nd.edu/group/ccl/software/x86_64/redhat7/gnuplot/current/bin:/afs/crc.nd.edu/group/ccl/software/x86_64/redhat7/git/current/bin:/afs/crc.nd.edu/group/ccl/software/x86_64/redhat7/condor/current/sbin:/afs/crc.nd.edu/group/ccl/software/x86_64/redhat7/condor/current/bin:/afs/crc.nd.edu/group/ccl/software/x86_64/redhat7/cmake/current/bin:/afs/crc.nd.edu/group/ccl/software/x86_64/redhat7/clang/current/bin:/afs/crc.nd.edu/group/ccl/software/x86_64/redhat7/condor/current/sbin:/afs/crc.nd.edu/group/ccl/software/x86_64/redhat7/condor/current/bin:/afs/crc.nd.edu/group/ccl/software/x86_64/redhat7/cctools/current/bin:/afs/crc.nd.edu/x86_64_linux/Modules/4.5.0/bin:/opt/crc/usr/local/bin:/opt/sge/bin/lx-amd64:/usr/local/bin:/usr/bin:/usr/local/sbin:/usr/sbin:/afs/crc.nd.edu/user/c/condor/software/bin:/afs/crc.nd.edu/user/c/condor/software/sbin
CCLSOFTWARE=/afs/crc.nd.edu/group/ccl/software/x86_64/redhat7
PWD=/var/condor/execute/dir_3434/worker-213124-3537/t.1117
_LMFILES_=/afs/crc.nd.edu/x86_64_linux/Modules/modules/system_modules/CRC_default/1.1
EDITOR=vim
SGE_EXECD_PORT=6445
LANG=en_US.UTF-8
SGE_QMASTER_PORT=6444
MODULEPATH=/afs/crc.nd.edu/x86_64_linux/Modules/modules/development_tools_and_libraries:/afs/crc.nd.edu/x86_64_linux/Modules/modules/general_software:/afs/crc.nd.edu/x86_64_linux/Modules/modules/restricted_software:/afs/crc.nd.edu/x86_64_linux/Modules/modules/system_modules:/afs/crc.nd.edu/x86_64_linux/Modules/modules/deprecated_software:/afs/crc.nd.edu/x86_64_linux/Modules/current/modulefiles
LOADEDMODULES=CRC_default/1.1
SGE_ROOT=/opt/sge
CCLPLATFORM=x86_64/redhat7
_CONDOR_SLOT=slot2_2
WORK_QUEUE_SANDBOX=/var/condor/execute/dir_3434/worker-213124-3537
USE_SYSTEMD=true
_CONDOR_LOWPORT=9100
_CONDOR_ANCESTOR_4261=3434:1594946670:4145456538
HISTCONTROL=ignoreboth:erasedups
KRB5CCNAME=FILE:/tmp/krb5cc_213124_0wTNSp
GLOBUS_GSSAPI_NAME_COMPATIBILITY=STRICT_RFC2818
HOME=/afs/crc.nd.edu/user/n/nkremerh
SHLVL=6
PATH_modshare=/opt/crc/usr/local/bin:1:/opt/sge/bin/lx-amd64:1:/usr/sbin:1:/usr/bin:1:/afs/crc.nd.edu/user/c/condor/software/sbin:1:/usr/local/sbin:1:/afs/crc.nd.edu/user/c/condor/software/bin:1:/usr/local/bin:1
OSTYPE=linux
_CONDOR_MACHINE_AD=/var/condor/execute/dir_3434/.machine.ad
_CONDOR_ANCESTOR_3989=4261:1593343483:4184216969
GREP_OPTIONS=--color=auto
DISK=18236
GLOBUS_GSSAPI_MIN_TLS_PROTOCOL=TLS1_VERSION
MANPATH_modshare=/usr/share/man/overrides:1:/usr/local/share/man:1:/usr/share/man:1:/opt/crc/usr/local/man:1:/opt/sge/man:1
MEMORY=1948
PERL_LOCAL_LIB_ROOT=/afs/crc.nd.edu/user/n/nkremerh/.perl5/
BASH_ENV=/afs/crc.nd.edu/x86_64_linux/Modules/4.5.0/init/bash
VENDOR=unknown
TMP=/var/condor/execute/dir_3434/worker-213124-3537/t.1117/cctools-temp-t.1117.ydZdRv
LOGNAME=nkremerh
MACHTYPE=x86_64
CCLHOME=/afs/crc.nd.edu/group/ccl
PYTHONPATH=/afs/crc.nd.edu/user/n/nkremerh/cctools/lib/python3.6/site-packages/
_CONDOR_ANCESTOR_3434=3465:1594946671:1802231298
LD_LIBRARY_PATH_modshare=/opt/crc/usr/local/lib:1
SSH_CONNECTION=10.17.145.58 38176 129.74.128.103 22
MODULES_LMALTNAME_modshare=CRC_default/1.1&CRC_default/default&CRC_default:1
MODULESHOME=/afs/crc.nd.edu/x86_64_linux/Modules/4.5.0
GLOBUS_GSSAPI_CIPHERS=HIGH
GLOBUS_GSSAPI_BACKWARD_COMPATIBLE_MIC=true
LESSOPEN=||/usr/bin/lesspipe.sh %s
OMP_NUM_THREADS=1
_CONDOR_JOB_AD=/var/condor/execute/dir_3434/.job.ad
LOADEDMODULES_modshare=CRC_default/1.1:1
XDG_RUNTIME_DIR=/run/user/213124
SGE_CLUSTER_NAME=CRC
CCTOOLS=../cctools
CORES=1
_CONDOR_JOB_IWD=/var/condor/execute/dir_3434
PERL_MM_OPT=INSTALL_BASE=/afs/crc.nd.edu/user/n/nkremerh/.perl5/
GLOBUS_GSSAPI_SERVER_CIPHER_ORDER=true
BASH_FUNC_module()=() {  unset _mlshdbg;
 if [ "${MODULES_SILENT_SHELL_DEBUG:-0}" = '1' ]; then
 case "$-" in 
 *v*x*)
 set +vx;
 _mlshdbg='vx'
 ;;
 *v*)
 set +v;
 _mlshdbg='v'
 ;;
 *x*)
 set +x;
 _mlshdbg='x'
 ;;
 *)
 _mlshdbg=''
 ;;
 esac;
 fi;
 unset _mlre _mlIFS;
 if [ -n "${IFS+x}" ]; then
 _mlIFS=$IFS;
 fi;
 IFS=' ';
 for _mlv in ${MODULES_RUN_QUARANTINE:-};
 do
 if [ "${_mlv}" = "${_mlv##*[!A-Za-z0-9_]}" -a "${_mlv}" = "${_mlv#[0-9]}" ]; then
 if [ -n "`eval 'echo ${'$_mlv'+x}'`" ]; then
 _mlre="${_mlre:-}${_mlv}_modquar='`eval 'echo ${'$_mlv'}'`' ";
 fi;
 _mlrv="MODULES_RUNENV_${_mlv}";
 _mlre="${_mlre:-}${_mlv}='`eval 'echo ${'$_mlrv':-}'`' ";
 fi;
 done;
 if [ -n "${_mlre:-}" ]; then
 eval `eval ${_mlre}/usr/bin/tclsh /afs/crc.nd.edu/x86_64_linux/Modules/4.5.0/libexec/modulecmd.tcl bash '"$@"'`;
 else
 eval `/usr/bin/tclsh /afs/crc.nd.edu/x86_64_linux/Modules/4.5.0/libexec/modulecmd.tcl bash "$@"`;
 fi;
 _mlstatus=$?;
 if [ -n "${_mlIFS+x}" ]; then
 IFS=$_mlIFS;
 else
 unset IFS;
 fi;
 unset _mlre _mlv _mlrv _mlIFS;
 if [ -n "${_mlshdbg:-}" ]; then
 set -$_mlshdbg;
 fi;
 unset _mlshdbg;
 return $_mlstatus
}
BASH_FUNC_ml()=() {  module ml "$@"
}
_=/usr/bin/printenv
