5051   0.000000 libjli.so->getenv("_JAVA_LAUNCHER_DEBUG") = nil
5051   0.001819 libjli.so->getenv("_JAVA_VERSION_SET") = nil
5051   0.000694 libjli.so->fopen("/usr/lib/jvm/java-1.8.0-openjdk-1.8.0.262.b10-0.el7_8.x86_64/jre/lib/amd64/jvm.cfg", "r") = 0x555567b710e0
5051   0.000827 libjli.so->getenv("JDK_ALTERNATE_VM") = nil
5051   0.000322 libjli.so->__xstat(1, "/usr/lib/jvm/java-1.8.0-openjdk-1.8.0.262.b10-0.el7_8.x86_64/jre/lib/amd64/server/libjvm.so", 0x7ffd80616680) = 0
5051   0.000640 libjli.so->getenv("LD_LIBRARY_PATH") = "/afs/crc.nd.edu/group/ccl/software/x86_64/redhat7/ruby/current/lib:/afs/crc.nd.edu/group/ccl/software/x86_64/redhat7/graphviz/current/lib:/afs/crc.nd.edu/group/ccl/software/x86_64/redhat7/git/current/lib:/afs/crc.nd.edu/group/ccl/software/x86_64/redhat7/condor/current/lib:/afs/crc.nd.edu/group/ccl/software/x86_64/redhat7/clang/current/lib:/afs/crc.nd.edu/group/ccl/software/x86_64/redhat7/condor/current/lib:/afs/crc.nd.edu/group/ccl/software/x86_64/redhat7/cctools/current/lib:/opt/crc/usr/local/lib"
5051   0.002178 libjli.so->dlopen("/usr/lib/jvm/java-1.8.0-openjdk-1.8.0.262.b10-0.el7_8.x86_64/jre/lib/amd64/server/libjvm.so", 258 <unfinished ...>
5051   0.038101 libjvm.so->getenv("NMT_LEVEL_5051") = nil
5051   0.001809 <... dlopen resumed> )           = 0x555567b714b0
5051   0.000070 libjli.so->getenv("CLASSPATH")   = nil
5051   0.000484 libjli.so->getenv("_JAVA_SPLASH_JAR") = nil
5051   0.000313 libjli.so->getenv("_JAVA_SPLASH_FILE") = nil
5051   0.000315 libjli.so->pthread_attr_setdetachstate(0x7ffd80616630, 0, 0x7ffd806166c0, 0) = 0
5051   0.000523 libpthread.so.0->__clone(0x2b1df0621de0, 0x2b1df0534fc0, 0x3d0f00, 0x2b1df0535700) = 5052
5052   0.001766 libjvm.so->dlopen(0x2b1df1e009ae, 1, 0xfffffffffff42c48, 4096) = 0x2b1df4000990
5052   0.002567 libjvm.so->getenv(0x2b1df1e1b83e, 0, 115, 0x65737361) = 0x7ffd8061c654
5052   0.000541 libjvm.so->fopen(0x2b1df0533c10, 0x2b1df1db7ccb, 0x6f732e79666972, 0x2b1df0ef9ab0) = 0x2b1df4001440
5052   0.001989 libjvm.so->dlopen(0x2b1df0533c10, 1, 0xffffffff, 0x2b1df4002b00) = 0x2b1df4001440
5052   0.001466 libjvm.so->fopen(0x2b1df0533c10, 0x2b1df1db7ccb, 111, 0x732e6176) = 0x2b1df4001b10
5052   0.001566 libjvm.so->dlopen(0x2b1df0533c10, 1, 0xffffffff, 0x2b1df4001a00) = 0x2b1df4001b10
5052   0.001504 libjvm.so->__xstat(1, 0x2b1df0534360, 0x2b1df0534ba0, 0x746f7073746f682e) = -1
5052   0.000499 libjvm.so->getenv(0x2b1df1db0541, 0x2b1df05346d0, 1024, 0x2b1df226a61b) = 0
5052   0.000461 libjvm.so->getenv(0x2b1df1db0533, 0x2b1df05346d0, 1024, 0) = 0
5052   0.000494 libjvm.so->fopen(0x2b1df1e00315, 0x2b1df1db7ccb, 4095, 0xffffd4e20e24fb03) = 0x2b1df40032f0
5052   0.001746 libjvm.so->fopen(0x2b1df1e00361, 0x2b1df1db7ccb, 0x2b1df4000078, 0x2b1df40032e0) = 0x2b1df40032f0
5052   0.000810 libjvm.so->fopen(0x2b1df052e9b0, 0x2b1df1db7ccb, 4014, 3995) = 0x2b1df40032f0
5052   0.000682 libjvm.so->opendir(0x2b1df4002b40, 0x2b1df4002b40, 13, 16) = 0
5052   0.000449 libjvm.so->__xstat(1, 0x2b1df05338f0, 0x2b1df0532860, 0x6f732e7477616d62) = -1
5052   0.000418 libjvm.so->__xstat(1, 0x2b1df05338f0, 0x2b1df0532860, 0x5f74776162696c2f) = 0
5052   0.000786 libjvm.so->fopen(0x2b1df0532b90, 0x2b1df1db7ccb, 4009, 3994) = 0x2b1df40037d0
5052   0.000645 libjvm.so->fopen(0x2b1df0532b90, 0x2b1df1db7ccb, 4009, 3994) = 0x2b1df40037d0
5052   0.000770 libjvm.so->fopen(0x2b1df0532b90, 0x2b1df1db7ccb, 4009, 4002) = 0x2b1df40037d0
5052   0.000898 libjvm.so->fopen(0x2b1df0532b20, 0x2b1df1db7ccb, 4009, 3994) = 0x2b1df40037d0
5052   0.000683 libjvm.so->fopen(0x2b1df0532b20, 0x2b1df1db7ccb, 4009, 3994) = 0x2b1df40037d0
5052   0.000603 libjvm.so->fopen(0x2b1df0532b20, 0x2b1df1db7ccb, 4009, 4002) = 0x2b1df40037d0
5052   0.000658 libjvm.so->fopen(0x2b1df0532b50, 0x2b1df1db7ccb, 4014, 3995) = 0x2b1df40037d0
5052   0.000832 libjvm.so->getenv(0x2b1df1e010ff, 4096, 3, -1) = 0
5052   0.000921 libjvm.so->fopen(0x2b1df1e00998, 0x2b1df1db7ccb, 0x2b1df0618908, 0x2b1df0617df0) = 0x2b1df40037d0
5052   0.005171 libjvm.so->open(0x2b1df404a5c0, 0x20000, 0, 0x2b1df404a609) = 3
5052   0.000485 libjvm.so->__fxstat(1, 3, 0x2b1df0534a00, -1) = 0
5052   0.000722 libjvm.so->opendir(0x2b1df404a5c0, 0x2b1df0534a00, 0x4000, -1) = 0x2b1df404b4d0
5052   0.000502 libjvm.so->__fxstat(1, 3, 0x2b1df05348a0, 0x2b1df404b4d0) = 0
5052   0.000431 libjvm.so->__fxstat(1, 5, 0x2b1df0534930, -1) = 0
5052   0.000457 libjvm.so->open(0x2b1df1dce9dc, 0, 0, 0) = 3
5052   0.000702 libjvm.so->__lxstat(1, 0x2b1df404a5c0, 0x2b1df0534b50, -144) = 0
5052   0.000484 libjvm.so->open(0x2b1df404a5c0, 0x20000, 0x4000, -1) = 3
5052   0.000424 libjvm.so->__fxstat(1, 3, 0x2b1df0534a00, -1) = 0
5052   0.000459 libjvm.so->opendir(0x2b1df404a5c0, 0x2b1df0534a00, 0x4000, -1) = 0x2b1df404b4d0
5052   0.000432 libjvm.so->__fxstat(1, 3, 0x2b1df05348a0, 0x2b1df404b4d0) = 0
5052   0.000422 libjvm.so->__fxstat(1, 5, 0x2b1df0534930, -1) = 0
5052   0.000509 libjvm.so->open(0x2b1df1dce9dc, 0, 0, 0) = 3
5052   0.000469 libjvm.so->open(0x2b1df404a609, 0x20042, 384, -1) = 7
5052   0.000757 libjvm.so->__fxstat(1, 7, 0x2b1df0534b50, -1) = 0
5052   0.001785 libjvm.so->fopen(0x2b1df0533b60, 0x2b1df1db7ccb, 4, 0x6f732e70) = 0x2b1df4057c20
5052   0.001460 libjvm.so->dlopen(0x2b1df0533b60, 1, 0xffffffff, 0x2b1df4057b00) = 0x2b1df4057c20
5052   0.001426 libjvm.so->__xstat(1, 0x2b1df0534120, 0x2b1df0534950, 2048) = 0
5052   0.000428 libjvm.so->__xstat(1, 0x2b1df0534120, 0x2b1df0534950, 2048) = 0
5052   0.000480 libjvm.so->__xstat(1, 0x2b1df0534120, 0x2b1df0534950, 2048) = -1
5052   0.000436 libjvm.so->__xstat(1, 0x2b1df0534120, 0x2b1df0534950, 2048) = 0
5052   0.000454 libjvm.so->__xstat(1, 0x2b1df0534120, 0x2b1df0534950, 2048) = 0
5052   0.000437 libjvm.so->__xstat(1, 0x2b1df0534120, 0x2b1df0534950, 2048) = 0
5052   0.000467 libjvm.so->__xstat(1, 0x2b1df0534120, 0x2b1df0534950, 2048) = 0
5052   0.000474 libjvm.so->__xstat(1, 0x2b1df0534120, 0x2b1df0534950, 2048) = -1
5052   0.000449 libjvm.so->fopen(0x2b1df4002520, 0x2b1df1db7ccb, 0, 0) = 0x2b1df4058ac0
5052   0.008822 libjvm.so->open64(0x2b1df0533410, 0, 0, 16) = 3
5052   0.000482 libjvm.so->__fxstat64(1, 3, 0x2b1df0533240, -1) = 0
5052   0.041053 libjvm.so->__xstat(1, 0x2b1df0533f20, 0x2b1df0534750, 2048) = -1
5052   0.001262 libjvm.so->fopen(0x2b1df0532b20, 0x2b1df1db7ccb, 4009, 3994) = 0x2b1df40b5d40
5052   0.001367 libjvm.so->fopen(0x2b1df0532b20, 0x2b1df1db7ccb, 4009, 3994) = 0x2b1df40b5d40
5052   0.000961 libjvm.so->fopen(0x2b1df0532b20, 0x2b1df1db7ccb, 4009, 4002) = 0x2b1df40b5d40
5052   0.004533 libjvm.so->pthread_attr_setdetachstate(0x2b1df0534c00, 1, 0, 0) = 0
5052   0.000542 libpthread.so.0->__clone(0x2b1df0621de0, 0x2b1df3c99fc0, 0x3d0f00, 0x2b1df3c9a700) = 5053
5052   0.019998 libjvm.so->pthread_attr_setdetachstate(0x2b1df0534290, 1, 0, 0) = 0
5052   0.000648 libpthread.so.0->__clone(0x2b1df0621de0, 0x2b1df3d9afc0, 0x3d0f00, 0x2b1df3d9b700) = 5054
5052   0.007750 libjvm.so->pthread_attr_setdetachstate(0x2b1df0534610, 1, 0, 0) = 0
5052   0.000788 libpthread.so.0->__clone(0x2b1df0621de0, 0x2b1df3e9bfc0, 0x3d0f00, 0x2b1df3e9c700) = 5055
5052   0.042966 libjvm.so->fopen(0x2b1df40f17f0, 0x2b1df1db7ccb, 4, 0x6f732e70) = 0x2b1df40f1cf0
5052   0.002067 libjvm.so->dlopen(0x2b1df40f17f0, 1, 0xffffffff, 0x2b1df40e8c00) = 0x2b1df4057c20
5052   0.005731 libjvm.so->open64(0x2b1df0533510, 0, 0, 16) = 5
5052   0.001297 libjvm.so->__fxstat64(1, 5, 0x2b1df0533340, -1) = 0
5052   0.023461 libjvm.so->fopen(0x2b1df0530130, 0x2b1df1db7ccb, 4009, 3994) = 0x2b1df40fccc0
5052   0.001867 libjvm.so->fopen(0x2b1df0530130, 0x2b1df1db7ccb, 4009, 3994) = 0x2b1df40fccc0
5052   0.001215 libjvm.so->fopen(0x2b1df0530130, 0x2b1df1db7ccb, 4009, 4002) = 0x2b1df40fccc0
5052   0.015915 libjvm.so->pthread_attr_setdetachstate(0x2b1df0534b50, 1, 0, 0) = 0
5052   0.002606 libpthread.so.0->__clone(0x2b1df0621de0, 0x2b1df3f9cfc0, 0x3d0f00, 0x2b1df3f9d700) = 5065
5052   0.001500 libjvm.so->__xstat64(1, 0x2b1df0534be0, 0x2b1df0534b50, 18) = -1
5052   0.001163 libjvm.so->pthread_attr_setdetachstate(0x2b1df0534950, 1, 0, 0) = 0
5052   0.001109 libpthread.so.0->__clone(0x2b1df0621de0, 0x2b1e0930bfc0, 0x3d0f00, 0x2b1e0930c700) = 5067
5052   0.001614 libjvm.so->pthread_attr_setdetachstate(0x2b1df0534950, 1, 0, 0) = 0
5052   0.001290 libpthread.so.0->__clone(0x2b1df0621de0, 0x2b1e0940cfc0, 0x3d0f00, 0x2b1e0940d700) = 5069
5052   0.013356 libjvm.so->pthread_attr_setdetachstate(0x2b1df0534aa0, 1, 0, 0) = 0
5052   0.003934 libpthread.so.0->__clone(0x2b1df0621de0, 0x2b1e0950dfc0, 0x3d0f00, 0x2b1e0950e700) = 5076
5052   0.002195 libjvm.so->pthread_attr_setdetachstate(0x2b1df0534bb0, 1, 0, 0) = 0
5052   0.001555 libpthread.so.0->__clone(0x2b1df0621de0, 0x2b1e0960efc0, 0x3d0f00, 0x2b1e0960f700) = 5077
5052   0.014668 libjvm.so->open64(0x2b1df4128890, 0, 0, 16) = 7
5052   0.001731 libjvm.so->__fxstat64(1, 7, 0x2b1df0531f60, -1) = 0
5052   0.026921 libjvm.so->fopen(0x2b1df4154680, 0x2b1df1db7ccb, 4, 0x6f732e6f) = 0x2b1df4154740
5052   0.004581 libjvm.so->dlopen(0x2b1df4154680, 1, 0xffffffff, 0x2b1df4154600) = 0x2b1df4154740
5052   0.108103 libjvm.so->fopen(0x2b1df052ee40, 0x2b1df1db7ccb, 0x6f732e, 0x6d766a62696c2f72) = 0x2b1df4169f00
5052   0.006023 libjvm.so->dlopen(0x2b1df052ee40, 1, 0xffffffff, 0x2b1df4169e00) = 0x555567b714b0
5052   0.001695 libjvm.so->fopen(0x2b1df052ee40, 0x2b1df1db7ccb, 0x6f732e, 0x6d766a62696c2f72) = 0x2b1df416a300
5052   0.004756 libjvm.so->dlopen(0x2b1df052ee40, 1, 0xffffffff, 0x2b1df4169e00) = 0x555567b714b0
5052   0.001639 libjvm.so->fopen(0x2b1df052ee40, 0x2b1df1db7ccb, 0x6f732e, 0x6d766a62696c2f72) = 0x2b1df4169f00
5052   0.003499 libjvm.so->dlopen(0x2b1df052ee40, 1, 0xffffffff, 0x2b1df4169e00) = 0x555567b714b0
5052   0.001679 libjvm.so->fopen(0x2b1df052ee40, 0x2b1df1db7ccb, 0x6f732e, 0x6d766a62696c2f72) = 0x2b1df4169f00
5052   0.003333 libjvm.so->dlopen(0x2b1df052ee40, 1, 0xffffffff, 0x2b1df4169e00) = 0x555567b714b0
5052   0.047107 libjvm.so->fopen(0x2b1df41a74d0, 0x2b1df1db7ccb, 4, 0x6f732e74) = 0x2b1df41b5360
5052   0.003578 libjvm.so->dlopen(0x2b1df41a74d0, 1, 0xffffffff, 0x2b1df419d600) = 0x2b1df41b5360
5052   0.142343 libjvm.so->fopen(0x2b1df4238650, 0x2b1df1db7ccb, 0x6f732e7373656c, 0x656c646165685f74) = 0x2b1df4238730
5052   0.002736 libjvm.so->dlopen(0x2b1df4238650, 1, 0xffffffff, 0x2b1df4238600) = 0x2b1df4238730
5052   3.641917 --- SIGSEGV (Segmentation fault) ---
5052   0.875170 --- SIGSEGV (Segmentation fault) ---
5052   1.036042 --- SIGSEGV (Segmentation fault) ---
5052   0.001282 --- SIGSEGV (Segmentation fault) ---
5052   0.001680 --- SIGSEGV (Segmentation fault) ---
5052   0.001165 --- SIGSEGV (Segmentation fault) ---
5052   0.998643 --- SIGSEGV (Segmentation fault) ---
5052   0.000884 --- SIGSEGV (Segmentation fault) ---
5052   0.000500 --- SIGSEGV (Segmentation fault) ---
5052   0.850031 --- SIGSEGV (Segmentation fault) ---
5052   0.000732 --- SIGSEGV (Segmentation fault) ---
5052   0.000887 --- SIGSEGV (Segmentation fault) ---
5052   0.928614 --- SIGSEGV (Segmentation fault) ---
5052   0.000652 --- SIGSEGV (Segmentation fault) ---
5052   0.000630 --- SIGSEGV (Segmentation fault) ---
5052   0.000440 --- SIGSEGV (Segmentation fault) ---
5052   0.684920 --- SIGSEGV (Segmentation fault) ---
5052   0.000650 --- SIGSEGV (Segmentation fault) ---
5052   0.000527 --- SIGSEGV (Segmentation fault) ---
5052   0.960600 --- SIGSEGV (Segmentation fault) ---
5052   0.001210 --- SIGSEGV (Segmentation fault) ---
5052   0.000642 --- SIGSEGV (Segmentation fault) ---
5052   1.082727 --- SIGSEGV (Segmentation fault) ---
5052   0.000726 --- SIGSEGV (Segmentation fault) ---
5052   0.001096 --- SIGSEGV (Segmentation fault) ---
5052   1.268986 --- SIGSEGV (Segmentation fault) ---
5052   0.090923 --- SIGSEGV (Segmentation fault) ---
5052   1.384047 --- SIGSEGV (Segmentation fault) ---
5052   0.000943 --- SIGSEGV (Segmentation fault) ---
5052   0.002798 --- SIGSEGV (Segmentation fault) ---
5052   0.001152 --- SIGSEGV (Segmentation fault) ---
5052   0.965378 --- SIGSEGV (Segmentation fault) ---
5052   0.000968 --- SIGSEGV (Segmentation fault) ---
5052   0.967772 --- SIGSEGV (Segmentation fault) ---
5052   0.001157 --- SIGSEGV (Segmentation fault) ---
5052   0.004204 --- SIGSEGV (Segmentation fault) ---
5052   0.000763 --- SIGSEGV (Segmentation fault) ---
5052   0.745340 --- SIGSEGV (Segmentation fault) ---
5052   0.001027 --- SIGSEGV (Segmentation fault) ---
5052   0.001387 --- SIGSEGV (Segmentation fault) ---
5052   0.968021 --- SIGSEGV (Segmentation fault) ---
5052   0.001028 --- SIGSEGV (Segmentation fault) ---
5052   1.018549 --- SIGSEGV (Segmentation fault) ---
5052   2.036689 libjvm.so->fopen(0x2b1df05320e0, 0x2b1df1db7ccb, 111, 0x732e6176) = 0x2b1df424b830
5052   0.003798 libjvm.so->dlopen(0x2b1df05320e0, 1, 0xffffffff, 0x2b1df4212900) = 0x2b1df4001b10
5052   0.001754 libjvm.so->fopen(0x2b1df05320e0, 0x2b1df1db7ccb, 111, 0x732e6176) = 0x2b1df4184000
5052   0.002829 libjvm.so->dlopen(0x2b1df05320e0, 1, 0xffffffff, 0x2b1df4212900) = 0x2b1df4001b10
5052   0.001881 libjvm.so->fopen(0x2b1df05320e0, 0x2b1df1db7ccb, 111, 0x732e6176) = 0x2b1df4184000
5052   0.003619 libjvm.so->dlopen(0x2b1df05320e0, 1, 0xffffffff, 0x2b1df4212900) = 0x2b1df4001b10
5052   0.001701 libjvm.so->fopen(0x2b1df05320e0, 0x2b1df1db7ccb, 111, 0x732e6176) = 0x2b1df4184000
5052   0.002810 libjvm.so->dlopen(0x2b1df05320e0, 1, 0xffffffff, 0x2b1df4212900) = 0x2b1df4001b10
5052   0.063834 libjvm.so->fopen(0x2b1df0531e30, 0x2b1df1db7ccb, 111, 0x732e6176) = 0x2b1df41842a0
5052   0.008353 libjvm.so->dlopen(0x2b1df0531e30, 1, 0xffffffff, 0x2b1df4211e00) = 0x2b1df4001b10
5052   0.001685 libjvm.so->fopen(0x2b1df0531e30, 0x2b1df1db7ccb, 111, 0x732e6176) = 0x2b1df41842a0
5052   0.007264 libjvm.so->dlopen(0x2b1df0531e30, 1, 0xffffffff, 0x2b1df4211e00) = 0x2b1df4001b10
5052   0.001681 libjvm.so->fopen(0x2b1df0531e30, 0x2b1df1db7ccb, 111, 0x732e6176) = 0x2b1df41842a0
5052   0.003024 libjvm.so->dlopen(0x2b1df0531e30, 1, 0xffffffff, 0x2b1df4211e00) = 0x2b1df4001b10
5052   0.003484 libjvm.so->fopen(0x2b1df0531e30, 0x2b1df1db7ccb, 111, 0x732e6176) = 0x2b1df41842a0
5052   0.002954 libjvm.so->dlopen(0x2b1df0531e30, 1, 0xffffffff, 0x2b1df4211e00) = 0x2b1df4001b10
5067   1.084901 --- SIGSEGV (Segmentation fault) ---
5052   0.000300 --- SIGSEGV (Segmentation fault) ---
5052   0.187997 --- SIGSEGV (Segmentation fault) ---
5052   1.000794 --- SIGSEGV (Segmentation fault) ---
5052   1.000667 --- SIGSEGV (Segmentation fault) ---
5052   2.252745 --- SIGSEGV (Segmentation fault) ---
5077   1.253319 +++ exited (status 0) +++
5065   0.000324 +++ exited (status 0) +++
5053   0.000308 +++ exited (status 0) +++
5052   0.000285 +++ exited (status 0) +++
5069   0.000507 +++ exited (status 0) +++
5076   0.000022 +++ exited (status 0) +++
5055   0.000031 +++ exited (status 0) +++
5054   0.000017 +++ exited (status 0) +++
5067   0.025042 +++ exited (status 0) +++
5051   0.000118 +++ exited (status 0) +++
Wrote an ltrace for command: "java -cp ./tools/maxent.jar density.Project outputs/Phycitodes_albatella_Ragonot/Phycitodes_albatella_Ragonot.lambdas data/layers/worldclim outputs/Phycitodes_albatella_Ragonot_worldclim.asc nowarnings nocache autorun -z" with PID 5049 from PPID 5033 on disc25.crc.nd.edu with result 0
REMOTEHOST=10.17.145.58
_CONDOR_JOB_PIDS=
MANPATH=/afs/crc.nd.edu/user/n/nkremerh/cctools/share/man/:/afs/crc.nd.edu/group/ccl/software/x86_64/redhat7/ruby/current/share/man:/afs/crc.nd.edu/group/ccl/software/x86_64/redhat7/graphviz/current/share/man:/afs/crc.nd.edu/group/ccl/software/x86_64/redhat7/gnuplot/current/share/man:/afs/crc.nd.edu/group/ccl/software/x86_64/redhat7/git/current/share/man:/afs/crc.nd.edu/group/ccl/software/x86_64/redhat7/condor/current/share/man:/afs/crc.nd.edu/group/ccl/software/x86_64/redhat7/clang/current/share/man:/afs/crc.nd.edu/group/ccl/software/x86_64/redhat7/condor/current/share/man:/afs/crc.nd.edu/group/ccl/software/x86_64/redhat7/cctools/current/share/man:/afs/crc.nd.edu/group/ccl/software/x86_64/redhat7/cctools/current/share/man:/afs/crc.nd.edu/x86_64_linux/Modules/4.5.0/share/man:/opt/crc/usr/local/man:/opt/sge/man:/usr/share/man/overrides:/usr/share/man:/usr/local/share/man
XDG_SESSION_ID=3301
HOSTNAME=disc01.crc.nd.edu
_LMFILES__modshare=/afs/crc.nd.edu/x86_64_linux/Modules/modules/system_modules/CRC_default/1.1:1
MODULEPATH_modshare=/afs/crc.nd.edu/x86_64_linux/Modules/modules/general_software:1:/afs/crc.nd.edu/x86_64_linux/Modules/modules/development_tools_and_libraries:1:/afs/crc.nd.edu/x86_64_linux/Modules/modules/system_modules:1:/afs/crc.nd.edu/x86_64_linux/Modules/current/modulefiles:1:/afs/crc.nd.edu/x86_64_linux/Modules/modules/restricted_software:1:/afs/crc.nd.edu/x86_64_linux/Modules/modules/deprecated_software:1
MODULES_CMD=/afs/crc.nd.edu/x86_64_linux/Modules/4.5.0/libexec/modulecmd.tcl
HOST=disc01.crc.nd.edu
SHELL=/bin/tcsh
TERM=xterm-256color
MAKEFLAGS=
HISTSIZE=5000
TMPDIR=/var/condor/execute/dir_3437/worker-213124-3579/t.1479/cctools-temp-t.1479.jE6r04
SSH_CLIENT=10.17.145.58 38176 22
PERL5LIB=/afs/crc.nd.edu/user/n/nkremerh/cctools/lib/perl5/site_perl/5.16.3:/afs/crc.nd.edu/user/n/nkremerh/.perl5/lib/perl5
SGE_CELL=crc
_CONDOR_SCRATCH_DIR=/var/condor/execute/dir_3437
PERL_MB_OPT=--install_base '/afs/crc.nd.edu/user/n/nkremerh/.perl5/'
SSH_TTY=/dev/pts/0
SGE_LOAD_AVG=load_avg
MAKEFLOW_MAX_LOCAL_JOBS=2
HISTFILESIZE=10000
_CHIRP_DELAYED_UPDATE_PREFIX=Chirp*
USER=nkremerh
GROUP=campus
LD_LIBRARY_PATH=/afs/crc.nd.edu/group/ccl/software/x86_64/redhat7/ruby/current/lib:/afs/crc.nd.edu/group/ccl/software/x86_64/redhat7/graphviz/current/lib:/afs/crc.nd.edu/group/ccl/software/x86_64/redhat7/git/current/lib:/afs/crc.nd.edu/group/ccl/software/x86_64/redhat7/condor/current/lib:/afs/crc.nd.edu/group/ccl/software/x86_64/redhat7/clang/current/lib:/afs/crc.nd.edu/group/ccl/software/x86_64/redhat7/condor/current/lib:/afs/crc.nd.edu/group/ccl/software/x86_64/redhat7/cctools/current/lib:/opt/crc/usr/local/lib
TEMP=/var/condor/execute/dir_3437/worker-213124-3579/t.1479/cctools-temp-t.1479.jE6r04
BATCH_SYSTEM=HTCondor
WORKER_TMPDIR=/var/condor/execute/dir_3437/worker-213124-3579/cache/tmp
ENV=/afs/crc.nd.edu/x86_64_linux/Modules/4.5.0/init/profile.sh
MODULES_LMALTNAME=CRC_default/1.1&CRC_default/default&CRC_default
_CONDOR_CHIRP_CONFIG=/var/condor/execute/dir_3437/.chirp.config
GLOBUS_GSSAPI_MAX_TLS_PROTOCOL=0
_CONDOR_HIGHPORT=9999
HOSTTYPE=x86_64-linux
MAKELEVEL=1
MFLAGS=
CCLSOFTWARE=/afs/crc.nd.edu/group/ccl/software/x86_64/redhat7
PATH=/afs/crc.nd.edu/user/n/nkremerh/cctools/bin:/afs/crc.nd.edu/user/n/nkremerh/miniconda/bin:/afs/crc.nd.edu/group/ccl/software/git:/afs/crc.nd.edu/user/n/nkremerh/.local/bin:/afs/crc.nd.edu/group/ccl/software/x86_64/redhat7/povray/3.7/bin:/afs/crc.nd.edu/user/n/nkremerh/.perl5/bin:/afs/crc.nd.edu/user/n/nkremerh/pegasus/bin:/afs/crc.nd.edu/user/n/nkremerh/nodejs/bin:/afs/crc.nd.edu/user/n/nkremerh/montage/bin:/afs/crc.nd.edu/user/n/nkremerh/latexdiff:/afs/crc.nd.edu/user/n/nkremerh/envtrace:/afs/crc.nd.edu/user/n/nkremerh/endlines:/afs/crc.nd.edu/user/n/nkremerh/cctools/bin:/afs/crc.nd.edu/user/n/nkremerh/.cargo/bin:/afs/crc.nd.edu/group/ccl/software/x86_64/redhat7/ruby/current/bin:/afs/crc.nd.edu/group/ccl/software/x86_64/redhat7/graphviz/current/bin:/afs/crc.nd.edu/group/ccl/software/x86_64/redhat7/gnuplot/current/bin:/afs/crc.nd.edu/group/ccl/software/x86_64/redhat7/git/current/bin:/afs/crc.nd.edu/group/ccl/software/x86_64/redhat7/condor/current/sbin:/afs/crc.nd.edu/group/ccl/software/x86_64/redhat7/condor/current/bin:/afs/crc.nd.edu/group/ccl/software/x86_64/redhat7/cmake/current/bin:/afs/crc.nd.edu/group/ccl/software/x86_64/redhat7/clang/current/bin:/afs/crc.nd.edu/group/ccl/software/x86_64/redhat7/condor/current/sbin:/afs/crc.nd.edu/group/ccl/software/x86_64/redhat7/condor/current/bin:/afs/crc.nd.edu/group/ccl/software/x86_64/redhat7/cctools/current/bin:/afs/crc.nd.edu/x86_64_linux/Modules/4.5.0/bin:/opt/crc/usr/local/bin:/opt/sge/bin/lx-amd64:/usr/local/bin:/usr/bin:/usr/local/sbin:/usr/sbin:/afs/crc.nd.edu/user/c/condor/software/bin:/afs/crc.nd.edu/user/c/condor/software/sbin
MAIL=/var/spool/mail/nkremerh
PWD=/var/condor/execute/dir_3437/worker-213124-3579/t.1479
_LMFILES_=/afs/crc.nd.edu/x86_64_linux/Modules/modules/system_modules/CRC_default/1.1
SGE_EXECD_PORT=6445
EDITOR=vim
LANG=en_US.UTF-8
MODULEPATH=/afs/crc.nd.edu/x86_64_linux/Modules/modules/development_tools_and_libraries:/afs/crc.nd.edu/x86_64_linux/Modules/modules/general_software:/afs/crc.nd.edu/x86_64_linux/Modules/modules/restricted_software:/afs/crc.nd.edu/x86_64_linux/Modules/modules/system_modules:/afs/crc.nd.edu/x86_64_linux/Modules/modules/deprecated_software:/afs/crc.nd.edu/x86_64_linux/Modules/current/modulefiles
SGE_QMASTER_PORT=6444
SGE_ROOT=/opt/sge
LOADEDMODULES=CRC_default/1.1
WORK_QUEUE_SANDBOX=/var/condor/execute/dir_3437/worker-213124-3579
_CONDOR_SLOT=slot2_3
CCLPLATFORM=x86_64/redhat7
USE_SYSTEMD=true
_CONDOR_ANCESTOR_4261=3437:1594946670:4145456539
_CONDOR_LOWPORT=9100
KRB5CCNAME=FILE:/tmp/krb5cc_213124_0wTNSp
HISTCONTROL=ignoreboth:erasedups
PATH_modshare=/opt/crc/usr/local/bin:1:/opt/sge/bin/lx-amd64:1:/usr/sbin:1:/usr/bin:1:/afs/crc.nd.edu/user/c/condor/software/sbin:1:/usr/local/sbin:1:/afs/crc.nd.edu/user/c/condor/software/bin:1:/usr/local/bin:1
SHLVL=7
HOME=/afs/crc.nd.edu/user/n/nkremerh
GLOBUS_GSSAPI_NAME_COMPATIBILITY=STRICT_RFC2818
_CONDOR_ANCESTOR_3989=4261:1593343483:4184216969
_CONDOR_MACHINE_AD=/var/condor/execute/dir_3437/.machine.ad
OSTYPE=linux
DISK=18236
GREP_OPTIONS=--color=auto
_CONDOR_ANCESTOR_3437=3498:1594946671:905281026
GLOBUS_GSSAPI_MIN_TLS_PROTOCOL=TLS1_VERSION
MEMORY=1948
MANPATH_modshare=/usr/share/man/overrides:1:/usr/local/share/man:1:/usr/share/man:1:/opt/crc/usr/local/man:1:/opt/sge/man:1
VENDOR=unknown
BASH_ENV=/afs/crc.nd.edu/x86_64_linux/Modules/4.5.0/init/bash
PERL_LOCAL_LIB_ROOT=/afs/crc.nd.edu/user/n/nkremerh/.perl5/
PYTHONPATH=/afs/crc.nd.edu/user/n/nkremerh/cctools/lib/python3.6/site-packages/
CCLHOME=/afs/crc.nd.edu/group/ccl
MACHTYPE=x86_64
LOGNAME=nkremerh
TMP=/var/condor/execute/dir_3437/worker-213124-3579/t.1479/cctools-temp-t.1479.jE6r04
LD_LIBRARY_PATH_modshare=/opt/crc/usr/local/lib:1
MODULES_LMALTNAME_modshare=CRC_default/1.1&CRC_default/default&CRC_default:1
SSH_CONNECTION=10.17.145.58 38176 129.74.128.103 22
MODULESHOME=/afs/crc.nd.edu/x86_64_linux/Modules/4.5.0
OMP_NUM_THREADS=1
LESSOPEN=||/usr/bin/lesspipe.sh %s
GLOBUS_GSSAPI_BACKWARD_COMPATIBLE_MIC=true
GLOBUS_GSSAPI_CIPHERS=HIGH
LOADEDMODULES_modshare=CRC_default/1.1:1
_CONDOR_JOB_AD=/var/condor/execute/dir_3437/.job.ad
SGE_CLUSTER_NAME=CRC
XDG_RUNTIME_DIR=/run/user/213124
CCTOOLS=../cctools
CORES=1
_CONDOR_JOB_IWD=/var/condor/execute/dir_3437
PERL_MM_OPT=INSTALL_BASE=/afs/crc.nd.edu/user/n/nkremerh/.perl5/
GLOBUS_GSSAPI_SERVER_CIPHER_ORDER=true
BASH_FUNC_module()=() {  unset _mlshdbg;
 if [ "${MODULES_SILENT_SHELL_DEBUG:-0}" = '1' ]; then
 case "$-" in 
 *v*x*)
 set +vx;
 _mlshdbg='vx'
 ;;
 *v*)
 set +v;
 _mlshdbg='v'
 ;;
 *x*)
 set +x;
 _mlshdbg='x'
 ;;
 *)
 _mlshdbg=''
 ;;
 esac;
 fi;
 unset _mlre _mlIFS;
 if [ -n "${IFS+x}" ]; then
 _mlIFS=$IFS;
 fi;
 IFS=' ';
 for _mlv in ${MODULES_RUN_QUARANTINE:-};
 do
 if [ "${_mlv}" = "${_mlv##*[!A-Za-z0-9_]}" -a "${_mlv}" = "${_mlv#[0-9]}" ]; then
 if [ -n "`eval 'echo ${'$_mlv'+x}'`" ]; then
 _mlre="${_mlre:-}${_mlv}_modquar='`eval 'echo ${'$_mlv'}'`' ";
 fi;
 _mlrv="MODULES_RUNENV_${_mlv}";
 _mlre="${_mlre:-}${_mlv}='`eval 'echo ${'$_mlrv':-}'`' ";
 fi;
 done;
 if [ -n "${_mlre:-}" ]; then
 eval `eval ${_mlre}/usr/bin/tclsh /afs/crc.nd.edu/x86_64_linux/Modules/4.5.0/libexec/modulecmd.tcl bash '"$@"'`;
 else
 eval `/usr/bin/tclsh /afs/crc.nd.edu/x86_64_linux/Modules/4.5.0/libexec/modulecmd.tcl bash "$@"`;
 fi;
 _mlstatus=$?;
 if [ -n "${_mlIFS+x}" ]; then
 IFS=$_mlIFS;
 else
 unset IFS;
 fi;
 unset _mlre _mlv _mlrv _mlIFS;
 if [ -n "${_mlshdbg:-}" ]; then
 set -$_mlshdbg;
 fi;
 unset _mlshdbg;
 return $_mlstatus
}
BASH_FUNC_ml()=() {  module ml "$@"
}
_=/usr/bin/printenv
