27673   0.000000 libjli.so->getenv("_JAVA_LAUNCHER_DEBUG") = nil
27673   0.001684 libjli.so->getenv("_JAVA_VERSION_SET") = nil
27673   0.000829 libjli.so->fopen("/usr/lib/jvm/java-1.8.0-openjdk-1.8.0.262.b10-0.el7_8.x86_64/jre/lib/amd64/jvm.cfg", "r") = 0x56197b1210e0
27673   0.001640 libjli.so->getenv("JDK_ALTERNATE_VM") = nil
27673   0.000358 libjli.so->__xstat(1, "/usr/lib/jvm/java-1.8.0-openjdk-1.8.0.262.b10-0.el7_8.x86_64/jre/lib/amd64/server/libjvm.so", 0x7ffd74f904d0) = 0
27673   0.000653 libjli.so->getenv("LD_LIBRARY_PATH") = "/afs/crc.nd.edu/group/ccl/software/x86_64/redhat7/ruby/current/lib:/afs/crc.nd.edu/group/ccl/software/x86_64/redhat7/graphviz/current/lib:/afs/crc.nd.edu/group/ccl/software/x86_64/redhat7/git/current/lib:/afs/crc.nd.edu/group/ccl/software/x86_64/redhat7/condor/current/lib:/afs/crc.nd.edu/group/ccl/software/x86_64/redhat7/clang/current/lib:/afs/crc.nd.edu/group/ccl/software/x86_64/redhat7/condor/current/lib:/afs/crc.nd.edu/group/ccl/software/x86_64/redhat7/cctools/current/lib:/opt/crc/usr/local/lib"
27673   0.004716 libjli.so->dlopen("/usr/lib/jvm/java-1.8.0-openjdk-1.8.0.262.b10-0.el7_8.x86_64/jre/lib/amd64/server/libjvm.so", 258 <unfinished ...>
27673   0.037850 libjvm.so->getenv("NMT_LEVEL_27673") = nil
27673   0.001729 <... dlopen resumed> )          = 0x56197b1214b0
27673   0.000070 libjli.so->getenv("CLASSPATH")  = nil
27673   0.000321 libjli.so->getenv("_JAVA_SPLASH_JAR") = nil
27673   0.000302 libjli.so->getenv("_JAVA_SPLASH_FILE") = nil
27673   0.000352 libjli.so->pthread_attr_setdetachstate(0x7ffd74f90480, 0, 0x7ffd74f90510, 0) = 0
27673   0.000531 libpthread.so.0->__clone(0x2b9af7713de0, 0x2b9af7626fc0, 0x3d0f00, 0x2b9af7627700) = 0x6c1a
27674   0.001498 libjvm.so->dlopen(0x2b9af8ef29ae, 1, 0xfffffffffff42c48, 4096) = 0x2b9afc000990
27674   0.002530 libjvm.so->getenv(0x2b9af8f0d83e, 0, 115, 0x65737361) = 0x7ffd74f95650
27674   0.000512 libjvm.so->fopen(0x2b9af7625c10, 0x2b9af8ea9ccb, 0x6f732e79666972, 0x2b9af7febab0) = 0x2b9afc001440
27674   0.001448 libjvm.so->dlopen(0x2b9af7625c10, 1, 0xffffffff, 0x2b9afc002b00) = 0x2b9afc001440
27674   0.001606 libjvm.so->fopen(0x2b9af7625c10, 0x2b9af8ea9ccb, 111, 0x732e6176) = 0x2b9afc001b10
27674   0.002531 libjvm.so->dlopen(0x2b9af7625c10, 1, 0xffffffff, 0x2b9afc001a00) = 0x2b9afc001b10
27674   0.001923 libjvm.so->__xstat(1, 0x2b9af7626360, 0x2b9af7626ba0, 0x746f7073746f682e) = -1
27674   0.000496 libjvm.so->getenv(0x2b9af8ea2541, 0x2b9af76266d0, 1024, 0x2b9af935c61b) = 0
27674   0.000479 libjvm.so->getenv(0x2b9af8ea2533, 0x2b9af76266d0, 1024, 0) = 0
27674   0.000424 libjvm.so->fopen(0x2b9af8ef2315, 0x2b9af8ea9ccb, 4095, 0xffffd4650715db03) = 0x2b9afc0032b0
27674   0.001012 libjvm.so->fopen(0x2b9af8ef2361, 0x2b9af8ea9ccb, 0x2b9afc000078, 0x2b9afc0032a0) = 0x2b9afc0032b0
27674   0.000761 libjvm.so->fopen(0x2b9af76209b0, 0x2b9af8ea9ccb, 4016, 3997) = 0x2b9afc0032b0
27674   0.000774 libjvm.so->opendir(0x2b9afc002b40, 0x2b9afc002b40, 13, 16) = 0
27674   0.000465 libjvm.so->__xstat(1, 0x2b9af76258f0, 0x2b9af7624860, 0x6f732e7477616d62) = -1
27674   0.000458 libjvm.so->__xstat(1, 0x2b9af76258f0, 0x2b9af7624860, 0x5f74776162696c2f) = 0
27674   0.001028 libjvm.so->fopen(0x2b9af7624b90, 0x2b9af8ea9ccb, 4011, 3996) = 0x2b9afc003790
27674   0.000742 libjvm.so->fopen(0x2b9af7624b90, 0x2b9af8ea9ccb, 4011, 3996) = 0x2b9afc003790
27674   0.000662 libjvm.so->fopen(0x2b9af7624b90, 0x2b9af8ea9ccb, 4011, 4004) = 0x2b9afc003790
27674   0.000636 libjvm.so->fopen(0x2b9af7624b20, 0x2b9af8ea9ccb, 4011, 3996) = 0x2b9afc003790
27674   0.000578 libjvm.so->fopen(0x2b9af7624b20, 0x2b9af8ea9ccb, 4011, 3996) = 0x2b9afc003790
27674   0.000592 libjvm.so->fopen(0x2b9af7624b20, 0x2b9af8ea9ccb, 4011, 4004) = 0x2b9afc003790
27674   0.000601 libjvm.so->fopen(0x2b9af7624b50, 0x2b9af8ea9ccb, 4016, 3997) = 0x2b9afc003790
27674   0.000765 libjvm.so->getenv(0x2b9af8ef30ff, 4096, 3, -1) = 0
27674   0.000890 libjvm.so->fopen(0x2b9af8ef2998, 0x2b9af8ea9ccb, 0x2b9af770a908, 0x2b9af7709df0) = 0x2b9afc003790
27674   0.007118 libjvm.so->open(0x2b9afc04a580, 0x20000, 0, 0x2b9afc04a5c9) = 3
27674   0.000483 libjvm.so->__fxstat(1, 3, 0x2b9af7626a00, -1) = 0
27674   0.000489 libjvm.so->opendir(0x2b9afc04a580, 0x2b9af7626a00, 0x4000, -1) = 0x2b9afc04b490
27674   0.000994 libjvm.so->__fxstat(1, 3, 0x2b9af76268a0, 0x2b9afc04b490) = 0
27674   0.001126 libjvm.so->__fxstat(1, 5, 0x2b9af7626930, -1) = 0
27674   0.003205 libjvm.so->open(0x2b9af8ec09dc, 0, 0, 0) = 3
27674   0.000790 libjvm.so->__lxstat(1, 0x2b9afc04a580, 0x2b9af7626b50, -144) = 0
27674   0.000535 libjvm.so->open(0x2b9afc04a580, 0x20000, 0x4000, -1) = 3
27674   0.000546 libjvm.so->__fxstat(1, 3, 0x2b9af7626a00, -1) = 0
27674   0.000581 libjvm.so->opendir(0x2b9afc04a580, 0x2b9af7626a00, 0x4000, -1) = 0x2b9afc04b490
27674   0.000557 libjvm.so->__fxstat(1, 3, 0x2b9af76268a0, 0x2b9afc04b490) = 0
27674   0.000594 libjvm.so->__fxstat(1, 5, 0x2b9af7626930, -1) = 0
27674   0.000466 libjvm.so->open(0x2b9af8ec09dc, 0, 0, 0) = 3
27674   0.000456 libjvm.so->open(0x2b9afc04a5c9, 0x20042, 384, -1) = 7
27674   0.000634 libjvm.so->__fxstat(1, 7, 0x2b9af7626b50, -1) = 0
27674   0.002901 libjvm.so->fopen(0x2b9af7625b60, 0x2b9af8ea9ccb, 4, 0x6f732e70) = 0x2b9afc057be0
27674   0.001440 libjvm.so->dlopen(0x2b9af7625b60, 1, 0xffffffff, 0x2b9afc057b00) = 0x2b9afc057be0
27674   0.001543 libjvm.so->__xstat(1, 0x2b9af7626120, 0x2b9af7626950, 2048) = 0
27674   0.002098 libjvm.so->__xstat(1, 0x2b9af7626120, 0x2b9af7626950, 2048) = 0
27674   0.000446 libjvm.so->__xstat(1, 0x2b9af7626120, 0x2b9af7626950, 2048) = -1
27674   0.000470 libjvm.so->__xstat(1, 0x2b9af7626120, 0x2b9af7626950, 2048) = 0
27674   0.000451 libjvm.so->__xstat(1, 0x2b9af7626120, 0x2b9af7626950, 2048) = 0
27674   0.000464 libjvm.so->__xstat(1, 0x2b9af7626120, 0x2b9af7626950, 2048) = 0
27674   0.000492 libjvm.so->__xstat(1, 0x2b9af7626120, 0x2b9af7626950, 2048) = 0
27674   0.000572 libjvm.so->__xstat(1, 0x2b9af7626120, 0x2b9af7626950, 2048) = -1
27674   0.000569 libjvm.so->fopen(0x2b9afc002520, 0x2b9af8ea9ccb, 0, 0) = 0x2b9afc058a80
27674   0.009640 libjvm.so->open64(0x2b9af7625410, 0, 0, 16) = 3
27674   0.000483 libjvm.so->__fxstat64(1, 3, 0x2b9af7625240, -1) = 0
27674   0.038866 libjvm.so->__xstat(1, 0x2b9af7625f20, 0x2b9af7626750, 2048) = -1
27674   0.000541 libjvm.so->fopen(0x2b9af7624b20, 0x2b9af8ea9ccb, 4011, 3996) = 0x2b9afc0b5ec0
27674   0.000891 libjvm.so->fopen(0x2b9af7624b20, 0x2b9af8ea9ccb, 4011, 3996) = 0x2b9afc0b5ec0
27674   0.000655 libjvm.so->fopen(0x2b9af7624b20, 0x2b9af8ea9ccb, 4011, 4004) = 0x2b9afc0b5ec0
27674   0.004312 libjvm.so->pthread_attr_setdetachstate(0x2b9af7626c00, 1, 0, 0) = 0
27674   0.000510 libpthread.so.0->__clone(0x2b9af7713de0, 0x2b9afbd2cfc0, 0x3d0f00, 0x2b9afbd2d700) = 0x6c1b
27674   0.016076 libjvm.so->pthread_attr_setdetachstate(0x2b9af7626290, 1, 0, 0) = 0
27674   0.000642 libpthread.so.0->__clone(0x2b9af7713de0, 0x2b9afbe2dfc0, 0x3d0f00, 0x2b9afbe2e700) = 0x6c1c
27674   0.006957 libjvm.so->pthread_attr_setdetachstate(0x2b9af7626610, 1, 0, 0) = 0
27674   0.000847 libpthread.so.0->__clone(0x2b9af7713de0, 0x2b9afbf2efc0, 0x3d0f00, 0x2b9afbf2f700) = 0x6c22
27674   0.043318 libjvm.so->fopen(0x2b9afc0f17e0, 0x2b9af8ea9ccb, 4, 0x6f732e70) = 0x2b9afc0f1ce0
27674   0.001995 libjvm.so->dlopen(0x2b9afc0f17e0, 1, 0xffffffff, 0x2b9afc0e8c00) = 0x2b9afc057be0
27674   0.005258 libjvm.so->open64(0x2b9af7625510, 0, 0, 16) = 5
27674   0.000929 libjvm.so->__fxstat64(1, 5, 0x2b9af7625340, -1) = 0
27674   0.023210 libjvm.so->fopen(0x2b9af7622130, 0x2b9af8ea9ccb, 4011, 3996) = 0x2b9afc0fccb0
27674   0.001121 libjvm.so->fopen(0x2b9af7622130, 0x2b9af8ea9ccb, 4011, 3996) = 0x2b9afc0fccb0
27674   0.001058 libjvm.so->fopen(0x2b9af7622130, 0x2b9af8ea9ccb, 4011, 4004) = 0x2b9afc0fccb0
27674   0.015100 libjvm.so->pthread_attr_setdetachstate(0x2b9af7626b50, 1, 0, 0) = 0
27674   0.000945 libpthread.so.0->__clone(0x2b9af7713de0, 0x2b9b1036afc0, 0x3d0f00, 0x2b9b1036b700) = 0x6c2f
27674   0.001399 libjvm.so->__xstat64(1, 0x2b9af7626be0, 0x2b9af7626b50, 19) = -1
27674   0.001159 libjvm.so->pthread_attr_setdetachstate(0x2b9af7626950, 1, 0, 0) = 0
27674   0.001094 libpthread.so.0->__clone(0x2b9af7713de0, 0x2b9b1046bfc0, 0x3d0f00, 0x2b9b1046c700) = 0x6c30
27674   0.001672 libjvm.so->pthread_attr_setdetachstate(0x2b9af7626950, 1, 0, 0) = 0
27674   0.001240 libpthread.so.0->__clone(0x2b9af7713de0, 0x2b9b1056cfc0, 0x3d0f00, 0x2b9b1056d700) = 0x6c31
27674   0.013751 libjvm.so->pthread_attr_setdetachstate(0x2b9af7626aa0, 1, 0, 0) = 0
27674   0.001409 libpthread.so.0->__clone(0x2b9af7713de0, 0x2b9b1066dfc0, 0x3d0f00, 0x2b9b1066e700) = 0x6c38
27674   0.002318 libjvm.so->pthread_attr_setdetachstate(0x2b9af7626bb0, 1, 0, 0) = 0
27674   0.001543 libpthread.so.0->__clone(0x2b9af7713de0, 0x2b9b1076efc0, 0x3d0f00, 0x2b9b1076f700) = 0x6c3b
27674   0.014211 libjvm.so->open64(0x2b9afc1269d0, 0, 0, 16) = 7
27674   0.001770 libjvm.so->__fxstat64(1, 7, 0x2b9af7623f60, -1) = 0
27674   0.025601 libjvm.so->fopen(0x2b9afc14c690, 0x2b9af8ea9ccb, 4, 0x6f732e6f) = 0x2b9afc14c750
27674   0.003177 libjvm.so->dlopen(0x2b9afc14c690, 1, 0xffffffff, 0x2b9afc14c600) = 0x2b9afc14c750
27674   0.098356 libjvm.so->fopen(0x2b9af7620e40, 0x2b9af8ea9ccb, 0x6f732e, 0x6d766a62696c2f72) = 0x2b9afc161f10
27674   0.005814 libjvm.so->dlopen(0x2b9af7620e40, 1, 0xffffffff, 0x2b9afc161e00) = 0x56197b1214b0
27674   0.001699 libjvm.so->fopen(0x2b9af7620e40, 0x2b9af8ea9ccb, 0x6f732e, 0x6d766a62696c2f72) = 0x2b9afc162310
27674   0.004806 libjvm.so->dlopen(0x2b9af7620e40, 1, 0xffffffff, 0x2b9afc161e00) = 0x56197b1214b0
27674   0.001625 libjvm.so->fopen(0x2b9af7620e40, 0x2b9af8ea9ccb, 0x6f732e, 0x6d766a62696c2f72) = 0x2b9afc161f10
27674   0.003413 libjvm.so->dlopen(0x2b9af7620e40, 1, 0xffffffff, 0x2b9afc161e00) = 0x56197b1214b0
27674   0.001601 libjvm.so->fopen(0x2b9af7620e40, 0x2b9af8ea9ccb, 0x6f732e, 0x6d766a62696c2f72) = 0x2b9afc161f10
27674   0.003280 libjvm.so->dlopen(0x2b9af7620e40, 1, 0xffffffff, 0x2b9afc161e00) = 0x56197b1214b0
27674   0.045272 libjvm.so->fopen(0x2b9afc19f530, 0x2b9af8ea9ccb, 4, 0x6f732e74) = 0x2b9afc1b7440
27674   0.003019 libjvm.so->dlopen(0x2b9afc19f530, 1, 0xffffffff, 0x2b9afc1abf00) = 0x2b9afc1b7440
27674   0.141384 libjvm.so->fopen(0x2b9afc2205a0, 0x2b9af8ea9ccb, 0x6f732e7373656c, 0x656c646165685f74) = 0x2b9afc220680
27674   0.003851 libjvm.so->dlopen(0x2b9afc2205a0, 1, 0xffffffff, 0x2b9afc220600) = 0x2b9afc220680
27707   0.042642 +++ exited (status 0) +++
27695   0.000387 +++ exited (status 0) +++
27675   0.000312 +++ exited (status 0) +++
27674   0.000260 +++ exited (status 0) +++
27697   0.000272 +++ exited (status 1) +++
27696   0.000020 +++ exited (status 1) +++
27682   0.000016 +++ exited (status 1) +++
27676   0.000014 +++ exited (status 1) +++
27704   0.005310 +++ exited (status 1) +++
27673   0.000058 +++ exited (status 1) +++
Wrote an ltrace for command: "java -cp ./tools/maxent.jar density.Project outputs/Pyrgocorypha_hamata/Pyrgocorypha_hamata.lambdas data/layers/worldclim outputs/Pyrgocorypha_hamata_worldclim.asc nowarnings nocache autorun -z" with PID 27671 from PPID 27654 on disc22.crc.nd.edu with result 1
REMOTEHOST=10.17.148.247
_CONDOR_JOB_PIDS=
MANPATH=/afs/crc.nd.edu/user/n/nkremerh/cctools/share/man/:/afs/crc.nd.edu/group/ccl/software/x86_64/redhat7/ruby/current/share/man:/afs/crc.nd.edu/group/ccl/software/x86_64/redhat7/graphviz/current/share/man:/afs/crc.nd.edu/group/ccl/software/x86_64/redhat7/gnuplot/current/share/man:/afs/crc.nd.edu/group/ccl/software/x86_64/redhat7/git/current/share/man:/afs/crc.nd.edu/group/ccl/software/x86_64/redhat7/condor/current/share/man:/afs/crc.nd.edu/group/ccl/software/x86_64/redhat7/clang/current/share/man:/afs/crc.nd.edu/group/ccl/software/x86_64/redhat7/condor/current/share/man:/afs/crc.nd.edu/group/ccl/software/x86_64/redhat7/cctools/current/share/man:/afs/crc.nd.edu/group/ccl/software/x86_64/redhat7/cctools/current/share/man:/afs/crc.nd.edu/x86_64_linux/Modules/4.5.0/share/man:/opt/crc/usr/local/man:/opt/sge/man:/usr/share/man/overrides:/usr/share/man:/usr/local/share/man
XDG_SESSION_ID=2686
HOSTNAME=disc01.crc.nd.edu
_LMFILES__modshare=/afs/crc.nd.edu/x86_64_linux/Modules/modules/system_modules/CRC_default/1.1:1
MODULEPATH_modshare=/afs/crc.nd.edu/x86_64_linux/Modules/modules/general_software:1:/afs/crc.nd.edu/x86_64_linux/Modules/modules/development_tools_and_libraries:1:/afs/crc.nd.edu/x86_64_linux/Modules/modules/system_modules:1:/afs/crc.nd.edu/x86_64_linux/Modules/current/modulefiles:1:/afs/crc.nd.edu/x86_64_linux/Modules/modules/restricted_software:1:/afs/crc.nd.edu/x86_64_linux/Modules/modules/deprecated_software:1
MODULES_CMD=/afs/crc.nd.edu/x86_64_linux/Modules/4.5.0/libexec/modulecmd.tcl
HOST=disc01.crc.nd.edu
SHELL=/bin/tcsh
TERM=xterm-256color
MAKEFLAGS=
HISTSIZE=5000
TMPDIR=/var/condor/execute/dir_14564/worker-213124-14612/t.1612/cctools-temp-t.1612.GJLtfn
SSH_CLIENT=10.17.148.247 49750 22
PERL5LIB=/afs/crc.nd.edu/user/n/nkremerh/cctools/lib/perl5/site_perl/5.16.3:/afs/crc.nd.edu/user/n/nkremerh/.perl5/lib/perl5
SGE_CELL=crc
_CONDOR_SCRATCH_DIR=/var/condor/execute/dir_14564
PERL_MB_OPT=--install_base '/afs/crc.nd.edu/user/n/nkremerh/.perl5/'
SSH_TTY=/dev/pts/0
SGE_LOAD_AVG=load_avg
MAKEFLOW_MAX_LOCAL_JOBS=2
HISTFILESIZE=10000
_CHIRP_DELAYED_UPDATE_PREFIX=Chirp*
USER=nkremerh
GROUP=campus
LD_LIBRARY_PATH=/afs/crc.nd.edu/group/ccl/software/x86_64/redhat7/ruby/current/lib:/afs/crc.nd.edu/group/ccl/software/x86_64/redhat7/graphviz/current/lib:/afs/crc.nd.edu/group/ccl/software/x86_64/redhat7/git/current/lib:/afs/crc.nd.edu/group/ccl/software/x86_64/redhat7/condor/current/lib:/afs/crc.nd.edu/group/ccl/software/x86_64/redhat7/clang/current/lib:/afs/crc.nd.edu/group/ccl/software/x86_64/redhat7/condor/current/lib:/afs/crc.nd.edu/group/ccl/software/x86_64/redhat7/cctools/current/lib:/opt/crc/usr/local/lib
TEMP=/var/condor/execute/dir_14564/worker-213124-14612/t.1612/cctools-temp-t.1612.GJLtfn
BATCH_SYSTEM=HTCondor
WORKER_TMPDIR=/var/condor/execute/dir_14564/worker-213124-14612/cache/tmp
ENV=/afs/crc.nd.edu/x86_64_linux/Modules/4.5.0/init/profile.sh
MODULES_LMALTNAME=CRC_default/1.1&CRC_default/default&CRC_default
_CONDOR_CHIRP_CONFIG=/var/condor/execute/dir_14564/.chirp.config
GLOBUS_GSSAPI_MAX_TLS_PROTOCOL=0
_CONDOR_HIGHPORT=9999
HOSTTYPE=x86_64-linux
MAKELEVEL=1
MFLAGS=
CCLSOFTWARE=/afs/crc.nd.edu/group/ccl/software/x86_64/redhat7
PATH=/afs/crc.nd.edu/user/n/nkremerh/cctools/bin:/afs/crc.nd.edu/user/n/nkremerh/miniconda/bin:/afs/crc.nd.edu/group/ccl/software/git:/afs/crc.nd.edu/user/n/nkremerh/.local/bin:/afs/crc.nd.edu/group/ccl/software/x86_64/redhat7/povray/3.7/bin:/afs/crc.nd.edu/user/n/nkremerh/.perl5/bin:/afs/crc.nd.edu/user/n/nkremerh/pegasus/bin:/afs/crc.nd.edu/user/n/nkremerh/nodejs/bin:/afs/crc.nd.edu/user/n/nkremerh/montage/bin:/afs/crc.nd.edu/user/n/nkremerh/latexdiff:/afs/crc.nd.edu/user/n/nkremerh/envtrace:/afs/crc.nd.edu/user/n/nkremerh/endlines:/afs/crc.nd.edu/user/n/nkremerh/cctools/bin:/afs/crc.nd.edu/user/n/nkremerh/.cargo/bin:/afs/crc.nd.edu/group/ccl/software/x86_64/redhat7/ruby/current/bin:/afs/crc.nd.edu/group/ccl/software/x86_64/redhat7/graphviz/current/bin:/afs/crc.nd.edu/group/ccl/software/x86_64/redhat7/gnuplot/current/bin:/afs/crc.nd.edu/group/ccl/software/x86_64/redhat7/git/current/bin:/afs/crc.nd.edu/group/ccl/software/x86_64/redhat7/condor/current/sbin:/afs/crc.nd.edu/group/ccl/software/x86_64/redhat7/condor/current/bin:/afs/crc.nd.edu/group/ccl/software/x86_64/redhat7/cmake/current/bin:/afs/crc.nd.edu/group/ccl/software/x86_64/redhat7/clang/current/bin:/afs/crc.nd.edu/group/ccl/software/x86_64/redhat7/condor/current/sbin:/afs/crc.nd.edu/group/ccl/software/x86_64/redhat7/condor/current/bin:/afs/crc.nd.edu/group/ccl/software/x86_64/redhat7/cctools/current/bin:/afs/crc.nd.edu/x86_64_linux/Modules/4.5.0/bin:/opt/crc/usr/local/bin:/opt/sge/bin/lx-amd64:/usr/local/bin:/usr/bin:/usr/local/sbin:/usr/sbin:/afs/crc.nd.edu/user/c/condor/software/bin:/afs/crc.nd.edu/user/c/condor/software/sbin
MAIL=/var/spool/mail/nkremerh
PWD=/var/condor/execute/dir_14564/worker-213124-14612/t.1612
_LMFILES_=/afs/crc.nd.edu/x86_64_linux/Modules/modules/system_modules/CRC_default/1.1
SGE_EXECD_PORT=6445
EDITOR=vim
LANG=en_US.UTF-8
MODULEPATH=/afs/crc.nd.edu/x86_64_linux/Modules/modules/development_tools_and_libraries:/afs/crc.nd.edu/x86_64_linux/Modules/modules/general_software:/afs/crc.nd.edu/x86_64_linux/Modules/modules/restricted_software:/afs/crc.nd.edu/x86_64_linux/Modules/modules/system_modules:/afs/crc.nd.edu/x86_64_linux/Modules/modules/deprecated_software:/afs/crc.nd.edu/x86_64_linux/Modules/current/modulefiles
SGE_QMASTER_PORT=6444
SGE_ROOT=/opt/sge
LOADEDMODULES=CRC_default/1.1
WORK_QUEUE_SANDBOX=/var/condor/execute/dir_14564/worker-213124-14612
_CONDOR_SLOT=slot1
CCLPLATFORM=x86_64/redhat7
USE_SYSTEMD=true
_CONDOR_LOWPORT=9100
_CONDOR_ANCESTOR_14564=14577:1599499133:3303492120
KRB5CCNAME=FILE:/tmp/krb5cc_213124_dlYXoi
HISTCONTROL=ignoreboth:erasedups
PATH_modshare=/opt/crc/usr/local/bin:1:/opt/sge/bin/lx-amd64:1:/usr/sbin:1:/usr/bin:1:/afs/crc.nd.edu/user/c/condor/software/sbin:1:/usr/local/sbin:1:/afs/crc.nd.edu/user/c/condor/software/bin:1:/usr/local/bin:1
SHLVL=7
HOME=disc01.crc.nd.edu
GLOBUS_GSSAPI_NAME_COMPATIBILITY=STRICT_RFC2818
_CONDOR_MACHINE_AD=/var/condor/execute/dir_14564/.machine.ad
OSTYPE=linux
DISK=917739
GREP_OPTIONS=--color=auto
GLOBUS_GSSAPI_MIN_TLS_PROTOCOL=TLS1_VERSION
MEMORY=15899
MANPATH_modshare=/usr/share/man/overrides:1:/usr/local/share/man:1:/usr/share/man:1:/opt/crc/usr/local/man:1:/opt/sge/man:1
VENDOR=unknown
BASH_ENV=/afs/crc.nd.edu/x86_64_linux/Modules/4.5.0/init/bash
PERL_LOCAL_LIB_ROOT=/afs/crc.nd.edu/user/n/nkremerh/.perl5/
PYTHONPATH=/afs/crc.nd.edu/user/n/nkremerh/cctools/lib/python3.6/site-packages/
CCLHOME=/afs/crc.nd.edu/group/ccl
MACHTYPE=x86_64
LOGNAME=nkremerh
TMP=/var/condor/execute/dir_14564/worker-213124-14612/t.1612/cctools-temp-t.1612.GJLtfn
LD_LIBRARY_PATH_modshare=/opt/crc/usr/local/lib:1
MODULES_LMALTNAME_modshare=CRC_default/1.1&CRC_default/default&CRC_default:1
SSH_CONNECTION=10.17.148.247 49750 129.74.128.103 22
MODULESHOME=/afs/crc.nd.edu/x86_64_linux/Modules/4.5.0
OMP_NUM_THREADS=1
LESSOPEN=||/usr/bin/lesspipe.sh %s
GLOBUS_GSSAPI_BACKWARD_COMPATIBLE_MIC=true
GLOBUS_GSSAPI_CIPHERS=HIGH
LOADEDMODULES_modshare=CRC_default/1.1:1
_CONDOR_JOB_AD=/var/condor/execute/dir_14564/.job.ad
_CONDOR_ANCESTOR_3813=14564:1599499132:863842649
SGE_CLUSTER_NAME=CRC
XDG_RUNTIME_DIR=/run/user/213124
CCTOOLS=../cctools
CORES=4
_CONDOR_JOB_IWD=/var/condor/execute/dir_14564
PERL_MM_OPT=INSTALL_BASE=/afs/crc.nd.edu/user/n/nkremerh/.perl5/
_CONDOR_ANCESTOR_3607=3813:1598183989:3519041155
GLOBUS_GSSAPI_SERVER_CIPHER_ORDER=true
BASH_FUNC_module()=() {  unset _mlshdbg;
 if [ "${MODULES_SILENT_SHELL_DEBUG:-0}" = '1' ]; then
 case "$-" in 
 *v*x*)
 set +vx;
 _mlshdbg='vx'
 ;;
 *v*)
 set +v;
 _mlshdbg='v'
 ;;
 *x*)
 set +x;
 _mlshdbg='x'
 ;;
 *)
 _mlshdbg=''
 ;;
 esac;
 fi;
 unset _mlre _mlIFS;
 if [ -n "${IFS+x}" ]; then
 _mlIFS=$IFS;
 fi;
 IFS=' ';
 for _mlv in ${MODULES_RUN_QUARANTINE:-};
 do
 if [ "${_mlv}" = "${_mlv##*[!A-Za-z0-9_]}" -a "${_mlv}" = "${_mlv#[0-9]}" ]; then
 if [ -n "`eval 'echo ${'$_mlv'+x}'`" ]; then
 _mlre="${_mlre:-}${_mlv}_modquar='`eval 'echo ${'$_mlv'}'`' ";
 fi;
 _mlrv="MODULES_RUNENV_${_mlv}";
 _mlre="${_mlre:-}${_mlv}='`eval 'echo ${'$_mlrv':-}'`' ";
 fi;
 done;
 if [ -n "${_mlre:-}" ]; then
 eval `eval ${_mlre}/usr/bin/tclsh /afs/crc.nd.edu/x86_64_linux/Modules/4.5.0/libexec/modulecmd.tcl bash '"$@"'`;
 else
 eval `/usr/bin/tclsh /afs/crc.nd.edu/x86_64_linux/Modules/4.5.0/libexec/modulecmd.tcl bash "$@"`;
 fi;
 _mlstatus=$?;
 if [ -n "${_mlIFS+x}" ]; then
 IFS=$_mlIFS;
 else
 unset IFS;
 fi;
 unset _mlre _mlv _mlrv _mlIFS;
 if [ -n "${_mlshdbg:-}" ]; then
 set -$_mlshdbg;
 fi;
 unset _mlshdbg;
 return $_mlstatus
}
BASH_FUNC_ml()=() {  module ml "$@"
}
_=/usr/bin/printenv
