21975   0.000000 libjli.so->getenv("_JAVA_LAUNCHER_DEBUG") = nil
21975   0.001724 libjli.so->getenv("_JAVA_VERSION_SET") = nil
21975   0.000769 libjli.so->fopen("/usr/lib/jvm/java-1.8.0-openjdk-1.8.0.262.b10-0.el7_8.x86_64/jre/lib/amd64/jvm.cfg", "r") = 0x562cc65900f0
21975   0.000852 libjli.so->getenv("JDK_ALTERNATE_VM") = nil
21975   0.000312 libjli.so->__xstat(1, "/usr/lib/jvm/java-1.8.0-openjdk-1.8.0.262.b10-0.el7_8.x86_64/jre/lib/amd64/server/libjvm.so", 0x7ffd3f63d820) = 0
21975   0.000608 libjli.so->getenv("LD_LIBRARY_PATH") = "/afs/crc.nd.edu/group/ccl/software/x86_64/redhat7/ruby/current/lib:/afs/crc.nd.edu/group/ccl/software/x86_64/redhat7/graphviz/current/lib:/afs/crc.nd.edu/group/ccl/software/x86_64/redhat7/git/current/lib:/afs/crc.nd.edu/group/ccl/software/x86_64/redhat7/condor/current/lib:/afs/crc.nd.edu/group/ccl/software/x86_64/redhat7/clang/current/lib:/afs/crc.nd.edu/group/ccl/software/x86_64/redhat7/condor/current/lib:/afs/crc.nd.edu/group/ccl/software/x86_64/redhat7/cctools/current/lib:/opt/crc/usr/local/lib"
21975   0.002174 libjli.so->dlopen("/usr/lib/jvm/java-1.8.0-openjdk-1.8.0.262.b10-0.el7_8.x86_64/jre/lib/amd64/server/libjvm.so", 258 <unfinished ...>
21975   0.038397 libjvm.so->getenv("NMT_LEVEL_21975") = nil
21975   0.001693 <... dlopen resumed> )          = 0x562cc65904c0
21975   0.000079 libjli.so->getenv("CLASSPATH")  = nil
21975   0.000307 libjli.so->getenv("_JAVA_SPLASH_JAR") = nil
21975   0.000308 libjli.so->getenv("_JAVA_SPLASH_FILE") = nil
21975   0.000360 libjli.so->pthread_attr_setdetachstate(0x7ffd3f63d7d0, 0, 0x7ffd3f63d860, 0) = 0
21975   0.000481 libpthread.so.0->__clone(0x2b2f32c4bde0, 0x2b2f32b5efc0, 0x3d0f00, 0x2b2f32b5f700) = 0x55dc
21980   0.001741 libjvm.so->dlopen(0x2b2f3442a9ae, 1, 0xfffffffffff42c48, 4096) = 0x2b2f38000990
21980   0.002574 libjvm.so->getenv(0x2b2f3444583e, 0, 115, 0x65737361) = 0x7ffd3f643710
21980   0.000467 libjvm.so->fopen(0x2b2f32b5dc10, 0x2b2f343e1ccb, 0x6f732e79666972, 0x2b2f33523ab0) = 0x2b2f38001440
21980   0.001309 libjvm.so->dlopen(0x2b2f32b5dc10, 1, 0xffffffff, 0x2b2f38002b00) = 0x2b2f38001440
21980   0.001494 libjvm.so->fopen(0x2b2f32b5dc10, 0x2b2f343e1ccb, 111, 0x732e6176) = 0x2b2f38001b10
21980   0.001601 libjvm.so->dlopen(0x2b2f32b5dc10, 1, 0xffffffff, 0x2b2f38001a00) = 0x2b2f38001b10
21980   0.001545 libjvm.so->__xstat(1, 0x2b2f32b5e360, 0x2b2f32b5eba0, 0x746f7073746f682e) = -1
21980   0.000495 libjvm.so->getenv(0x2b2f343da541, 0x2b2f32b5e6d0, 1024, 0x2b2f3489461b) = 0
21980   0.000458 libjvm.so->getenv(0x2b2f343da533, 0x2b2f32b5e6d0, 1024, 0) = 0
21980   0.000408 libjvm.so->fopen(0x2b2f3442a315, 0x2b2f343e1ccb, 4095, 0xffffd4d0cbc25b03) = 0x2b2f380032b0
21980   0.001012 libjvm.so->fopen(0x2b2f3442a361, 0x2b2f343e1ccb, 0x2b2f38000078, 0x2b2f380032a0) = 0x2b2f380032b0
21980   0.000665 libjvm.so->fopen(0x2b2f32b589b0, 0x2b2f343e1ccb, 4014, 3995) = 0x2b2f380032b0
21980   0.000638 libjvm.so->opendir(0x2b2f38002b40, 0x2b2f38002b40, 13, 16) = 0
21980   0.000431 libjvm.so->__xstat(1, 0x2b2f32b5d8f0, 0x2b2f32b5c860, 0x6f732e7477616d62) = -1
21980   0.000428 libjvm.so->__xstat(1, 0x2b2f32b5d8f0, 0x2b2f32b5c860, 0x5f74776162696c2f) = 0
21980   0.000467 libjvm.so->fopen(0x2b2f32b5cb90, 0x2b2f343e1ccb, 4009, 3994) = 0x2b2f38003790
21980   0.000596 libjvm.so->fopen(0x2b2f32b5cb90, 0x2b2f343e1ccb, 4009, 3994) = 0x2b2f38003790
21980   0.000575 libjvm.so->fopen(0x2b2f32b5cb90, 0x2b2f343e1ccb, 4009, 4002) = 0x2b2f38003790
21980   0.000626 libjvm.so->fopen(0x2b2f32b5cb20, 0x2b2f343e1ccb, 4009, 3994) = 0x2b2f38003790
21980   0.000679 libjvm.so->fopen(0x2b2f32b5cb20, 0x2b2f343e1ccb, 4009, 3994) = 0x2b2f38003790
21980   0.000595 libjvm.so->fopen(0x2b2f32b5cb20, 0x2b2f343e1ccb, 4009, 4002) = 0x2b2f38003790
21980   0.000600 libjvm.so->fopen(0x2b2f32b5cb50, 0x2b2f343e1ccb, 4014, 3995) = 0x2b2f38003790
21980   0.000807 libjvm.so->getenv(0x2b2f3442b0ff, 4096, 3, -1) = 0
21980   0.000896 libjvm.so->fopen(0x2b2f3442a998, 0x2b2f343e1ccb, 0x2b2f32c42908, 0x2b2f32c41df0) = 0x2b2f38003790
21980   0.004645 libjvm.so->open(0x2b2f3804a580, 0x20000, 0, 0x2b2f3804a5c9) = 3
21980   0.000477 libjvm.so->__fxstat(1, 3, 0x2b2f32b5ea00, -1) = 0
21980   0.000456 libjvm.so->opendir(0x2b2f3804a580, 0x2b2f32b5ea00, 0x4000, -1) = 0x2b2f3804b490
21980   0.000450 libjvm.so->__fxstat(1, 3, 0x2b2f32b5e8a0, 0x2b2f3804b490) = 0
21980   0.000425 libjvm.so->__fxstat(1, 5, 0x2b2f32b5e930, -1) = 0
21980   0.000439 libjvm.so->open(0x2b2f343f89dc, 0, 0, 0) = 3
21980   0.000641 libjvm.so->__lxstat(1, 0x2b2f3804a580, 0x2b2f32b5eb50, -144) = 0
21980   0.000439 libjvm.so->open(0x2b2f3804a580, 0x20000, 0x4000, -1) = 3
21980   0.000434 libjvm.so->__fxstat(1, 3, 0x2b2f32b5ea00, -1) = 0
21980   0.000436 libjvm.so->opendir(0x2b2f3804a580, 0x2b2f32b5ea00, 0x4000, -1) = 0x2b2f3804b490
21980   0.000433 libjvm.so->__fxstat(1, 3, 0x2b2f32b5e8a0, 0x2b2f3804b490) = 0
21980   0.000412 libjvm.so->__fxstat(1, 5, 0x2b2f32b5e930, -1) = 0
21980   0.000450 libjvm.so->open(0x2b2f343f89dc, 0, 0, 0) = 3
21980   0.000439 libjvm.so->open(0x2b2f3804a5c9, 0x20042, 384, -1) = 7
21980   0.000557 libjvm.so->__fxstat(1, 7, 0x2b2f32b5eb50, -1) = 0
21980   0.001654 libjvm.so->fopen(0x2b2f32b5db60, 0x2b2f343e1ccb, 4, 0x6f732e70) = 0x2b2f38057be0
21980   0.001433 libjvm.so->dlopen(0x2b2f32b5db60, 1, 0xffffffff, 0x2b2f38057b00) = 0x2b2f38057be0
21980   0.001485 libjvm.so->__xstat(1, 0x2b2f32b5e120, 0x2b2f32b5e950, 2048) = 0
21980   0.000464 libjvm.so->__xstat(1, 0x2b2f32b5e120, 0x2b2f32b5e950, 2048) = 0
21980   0.000450 libjvm.so->__xstat(1, 0x2b2f32b5e120, 0x2b2f32b5e950, 2048) = -1
21980   0.000411 libjvm.so->__xstat(1, 0x2b2f32b5e120, 0x2b2f32b5e950, 2048) = 0
21980   0.000424 libjvm.so->__xstat(1, 0x2b2f32b5e120, 0x2b2f32b5e950, 2048) = 0
21980   0.000413 libjvm.so->__xstat(1, 0x2b2f32b5e120, 0x2b2f32b5e950, 2048) = 0
21980   0.000454 libjvm.so->__xstat(1, 0x2b2f32b5e120, 0x2b2f32b5e950, 2048) = 0
21980   0.000413 libjvm.so->__xstat(1, 0x2b2f32b5e120, 0x2b2f32b5e950, 2048) = -1
21980   0.000429 libjvm.so->fopen(0x2b2f38002520, 0x2b2f343e1ccb, 0, 0) = 0x2b2f38058a80
21980   0.008543 libjvm.so->open64(0x2b2f32b5d410, 0, 0, 16) = 3
21980   0.000530 libjvm.so->__fxstat64(1, 3, 0x2b2f32b5d240, -1) = 0
21980   0.036003 libjvm.so->__xstat(1, 0x2b2f32b5df20, 0x2b2f32b5e750, 2048) = -1
21980   0.000590 libjvm.so->fopen(0x2b2f32b5cb20, 0x2b2f343e1ccb, 4009, 3994) = 0x2b2f380b5ec0
21980   0.000675 libjvm.so->fopen(0x2b2f32b5cb20, 0x2b2f343e1ccb, 4009, 3994) = 0x2b2f380b5ec0
21980   0.000594 libjvm.so->fopen(0x2b2f32b5cb20, 0x2b2f343e1ccb, 4009, 4002) = 0x2b2f380b5ec0
21980   0.004338 libjvm.so->pthread_attr_setdetachstate(0x2b2f32b5ec00, 1, 0, 0) = 0
21980   0.000513 libpthread.so.0->__clone(0x2b2f32c4bde0, 0x2b2f37ccffc0, 0x3d0f00, 0x2b2f37cd0700) = 0x55dd
21980   0.015732 libjvm.so->pthread_attr_setdetachstate(0x2b2f32b5e290, 1, 0, 0) = 0
21980   0.000716 libpthread.so.0->__clone(0x2b2f32c4bde0, 0x2b2f37dd0fc0, 0x3d0f00, 0x2b2f37dd1700) = 0x55de
21980   0.006879 libjvm.so->pthread_attr_setdetachstate(0x2b2f32b5e610, 1, 0, 0) = 0
21980   0.000826 libpthread.so.0->__clone(0x2b2f32c4bde0, 0x2b2f37ed1fc0, 0x3d0f00, 0x2b2f37ed2700) = 0x55df
21980   0.039891 libjvm.so->fopen(0x2b2f380ec390, 0x2b2f343e1ccb, 4, 0x6f732e70) = 0x2b2f380f1cd0
21980   0.002025 libjvm.so->dlopen(0x2b2f380ec390, 1, 0xffffffff, 0x2b2f380ec200) = 0x2b2f38057be0
21980   0.005000 libjvm.so->open64(0x2b2f32b5d510, 0, 0, 16) = 5
21980   0.000908 libjvm.so->__fxstat64(1, 5, 0x2b2f32b5d340, -1) = 0
21980   0.019890 libjvm.so->fopen(0x2b2f32b5a130, 0x2b2f343e1ccb, 4009, 3994) = 0x2b2f380fcc60
21980   0.001194 libjvm.so->fopen(0x2b2f32b5a130, 0x2b2f343e1ccb, 4009, 3994) = 0x2b2f380fcc60
21980   0.001158 libjvm.so->fopen(0x2b2f32b5a130, 0x2b2f343e1ccb, 4009, 4002) = 0x2b2f380fcc60
21980   0.015352 libjvm.so->pthread_attr_setdetachstate(0x2b2f32b5eb50, 1, 0, 0) = 0
21980   0.000971 libpthread.so.0->__clone(0x2b2f32c4bde0, 0x2b2f37fd2fc0, 0x3d0f00, 0x2b2f37fd3700) = 0x55e0
21980   0.001434 libjvm.so->__xstat64(1, 0x2b2f32b5ebe0, 0x2b2f32b5eb50, 19) = -1
21980   0.001177 libjvm.so->pthread_attr_setdetachstate(0x2b2f32b5e950, 1, 0, 0) = 0
21980   0.001090 libpthread.so.0->__clone(0x2b2f32c4bde0, 0x2b2f4b8fffc0, 0x3d0f00, 0x2b2f4b900700) = 0x55e1
21980   0.001743 libjvm.so->pthread_attr_setdetachstate(0x2b2f32b5e950, 1, 0, 0) = 0
21980   0.001384 libpthread.so.0->__clone(0x2b2f32c4bde0, 0x2b2f4ba00fc0, 0x3d0f00, 0x2b2f4ba01700) = 0x55e2
21980   0.011225 libjvm.so->pthread_attr_setdetachstate(0x2b2f32b5eaa0, 1, 0, 0) = 0
21980   0.001411 libpthread.so.0->__clone(0x2b2f32c4bde0, 0x2b2f4bb01fc0, 0x3d0f00, 0x2b2f4bb02700) = 0x55e4
21980   0.002178 libjvm.so->pthread_attr_setdetachstate(0x2b2f32b5ebb0, 1, 0, 0) = 0
21980   0.001933 libpthread.so.0->__clone(0x2b2f32c4bde0, 0x2b2f4bc02fc0, 0x3d0f00, 0x2b2f4bc03700) = 0x55e5
21980   0.015049 libjvm.so->open64(0x2b2f3812e8b0, 0, 0, 48) = 7
21980   0.001739 libjvm.so->__fxstat64(1, 7, 0x2b2f32b5bf60, -1) = 0
21980   0.026633 libjvm.so->fopen(0x2b2f381545e0, 0x2b2f343e1ccb, 4, 0x6f732e6f) = 0x2b2f381546a0
21980   0.003121 libjvm.so->dlopen(0x2b2f381545e0, 1, 0xffffffff, 0x2b2f38154600) = 0x2b2f381546a0
21980   0.132969 libjvm.so->fopen(0x2b2f3819a710, 0x2b2f343e1ccb, 4, 0x6f732e74) = 0x2b2f3819da20
21980   0.003125 libjvm.so->dlopen(0x2b2f3819a710, 1, 0xffffffff, 0x2b2f3819d900) = 0x2b2f381a7ce0
21980   0.135825 libjvm.so->fopen(0x2b2f38200ea0, 0x2b2f343e1ccb, 0x6f732e7373656c, 0x656c646165685f74) = 0x2b2f38200f80
21980   0.002827 libjvm.so->dlopen(0x2b2f38200ea0, 1, 0xffffffff, 0x2b2f38200f00) = 0x2b2f38200f80
21980   0.021643 libjvm.so->fopen(0x2b2f32b57990, 0x2b2f343e1ccb, 0x6f732e, 0x6d766a62696c2f72) = 0x2b2f3820adf0
21980   0.006566 libjvm.so->dlopen(0x2b2f32b57990, 1, 0xffffffff, 0x2b2f3820a300) = 0x562cc65904c0
21980   0.001666 libjvm.so->fopen(0x2b2f32b57990, 0x2b2f343e1ccb, 0x6f732e, 0x6d766a62696c2f72) = 0x2b2f3820ad90
21980   0.005580 libjvm.so->dlopen(0x2b2f32b57990, 1, 0xffffffff, 0x2b2f3820a300) = 0x562cc65904c0
21980   0.001711 libjvm.so->fopen(0x2b2f32b57990, 0x2b2f343e1ccb, 0x6f732e, 0x6d766a62696c2f72) = 0x2b2f3820ad90
21980   0.004040 libjvm.so->dlopen(0x2b2f32b57990, 1, 0xffffffff, 0x2b2f3820a300) = 0x562cc65904c0
21980   0.001661 libjvm.so->fopen(0x2b2f32b57990, 0x2b2f343e1ccb, 0x6f732e, 0x6d766a62696c2f72) = 0x2b2f3820ad90
21980   0.003854 libjvm.so->dlopen(0x2b2f32b57990, 1, 0xffffffff, 0x2b2f3820a300) = 0x562cc65904c0
21989  11.550719 +++ exited (status 0) +++
21984   0.000294 +++ exited (status 0) +++
21981   0.000159 +++ exited (status 0) +++
21980   0.000233 +++ exited (status 0) +++
21983   0.000398 +++ exited (status 0) +++
21988   0.000015 +++ exited (status 0) +++
21985   0.000011 +++ exited (status 0) +++
21982   0.000010 +++ exited (status 0) +++
21986   0.020453 +++ exited (status 0) +++
21975   0.000093 +++ exited (status 0) +++
Wrote an ltrace for command: "java -cp ./tools/maxent.jar density.MaxEnt -s outputs/Cryptophleps_yungaburra_Bickel.csv -e data/layers/worldclim -o outputs/Cryptophleps_yungaburra_Bickel nowarnings nocache autorun -z" with PID 21973 from PPID 21953 on disc25.crc.nd.edu with result 0
REMOTEHOST=10.17.148.247
MANPATH=/afs/crc.nd.edu/user/n/nkremerh/cctools/share/man/:/afs/crc.nd.edu/group/ccl/software/x86_64/redhat7/ruby/current/share/man:/afs/crc.nd.edu/group/ccl/software/x86_64/redhat7/graphviz/current/share/man:/afs/crc.nd.edu/group/ccl/software/x86_64/redhat7/gnuplot/current/share/man:/afs/crc.nd.edu/group/ccl/software/x86_64/redhat7/git/current/share/man:/afs/crc.nd.edu/group/ccl/software/x86_64/redhat7/condor/current/share/man:/afs/crc.nd.edu/group/ccl/software/x86_64/redhat7/clang/current/share/man:/afs/crc.nd.edu/group/ccl/software/x86_64/redhat7/condor/current/share/man:/afs/crc.nd.edu/group/ccl/software/x86_64/redhat7/cctools/current/share/man:/afs/crc.nd.edu/group/ccl/software/x86_64/redhat7/cctools/current/share/man:/afs/crc.nd.edu/x86_64_linux/Modules/4.5.0/share/man:/opt/crc/usr/local/man:/opt/sge/man:/usr/share/man/overrides:/usr/share/man:/usr/local/share/man
_CONDOR_JOB_PIDS=
XDG_SESSION_ID=2686
HOSTNAME=disc01.crc.nd.edu
_CONDOR_ANCESTOR_3764=17350:1599499132:1712875697
_LMFILES__modshare=/afs/crc.nd.edu/x86_64_linux/Modules/modules/system_modules/CRC_default/1.1:1
MODULEPATH_modshare=/afs/crc.nd.edu/x86_64_linux/Modules/modules/general_software:1:/afs/crc.nd.edu/x86_64_linux/Modules/modules/development_tools_and_libraries:1:/afs/crc.nd.edu/x86_64_linux/Modules/modules/system_modules:1:/afs/crc.nd.edu/x86_64_linux/Modules/current/modulefiles:1:/afs/crc.nd.edu/x86_64_linux/Modules/modules/restricted_software:1:/afs/crc.nd.edu/x86_64_linux/Modules/modules/deprecated_software:1
TERM=xterm-256color
SHELL=/bin/tcsh
HOST=disc01.crc.nd.edu
MODULES_CMD=/afs/crc.nd.edu/x86_64_linux/Modules/4.5.0/libexec/modulecmd.tcl
HISTSIZE=5000
MAKEFLAGS=
SSH_CLIENT=10.17.148.247 49750 22
TMPDIR=/var/condor/execute/dir_17350/worker-213124-17416/t.727/cctools-temp-t.727.mVC1Ys
PERL5LIB=/afs/crc.nd.edu/user/n/nkremerh/cctools/lib/perl5/site_perl/5.16.3:/afs/crc.nd.edu/user/n/nkremerh/.perl5/lib/perl5
SGE_CELL=crc
_CONDOR_SCRATCH_DIR=/var/condor/execute/dir_17350
PERL_MB_OPT=--install_base '/afs/crc.nd.edu/user/n/nkremerh/.perl5/'
_CONDOR_ANCESTOR_17350=17367:1599499133:3234713304
SSH_TTY=/dev/pts/0
SGE_LOAD_AVG=load_avg
MAKEFLOW_MAX_LOCAL_JOBS=2
GROUP=campus
USER=nkremerh
_CHIRP_DELAYED_UPDATE_PREFIX=Chirp*
HISTFILESIZE=10000
TEMP=/var/condor/execute/dir_17350/worker-213124-17416/t.727/cctools-temp-t.727.mVC1Ys
LD_LIBRARY_PATH=/afs/crc.nd.edu/group/ccl/software/x86_64/redhat7/ruby/current/lib:/afs/crc.nd.edu/group/ccl/software/x86_64/redhat7/graphviz/current/lib:/afs/crc.nd.edu/group/ccl/software/x86_64/redhat7/git/current/lib:/afs/crc.nd.edu/group/ccl/software/x86_64/redhat7/condor/current/lib:/afs/crc.nd.edu/group/ccl/software/x86_64/redhat7/clang/current/lib:/afs/crc.nd.edu/group/ccl/software/x86_64/redhat7/condor/current/lib:/afs/crc.nd.edu/group/ccl/software/x86_64/redhat7/cctools/current/lib:/opt/crc/usr/local/lib
BATCH_SYSTEM=HTCondor
MODULES_LMALTNAME=CRC_default/1.1&CRC_default/default&CRC_default
ENV=/afs/crc.nd.edu/x86_64_linux/Modules/4.5.0/init/profile.sh
WORKER_TMPDIR=/var/condor/execute/dir_17350/worker-213124-17416/cache/tmp
HOSTTYPE=x86_64-linux
_CONDOR_HIGHPORT=9999
GLOBUS_GSSAPI_MAX_TLS_PROTOCOL=0
_CONDOR_CHIRP_CONFIG=/var/condor/execute/dir_17350/.chirp.config
MAKELEVEL=1
MFLAGS=
MAIL=/var/spool/mail/nkremerh
PATH=/afs/crc.nd.edu/user/n/nkremerh/cctools/bin:/afs/crc.nd.edu/user/n/nkremerh/miniconda/bin:/afs/crc.nd.edu/group/ccl/software/git:/afs/crc.nd.edu/user/n/nkremerh/.local/bin:/afs/crc.nd.edu/group/ccl/software/x86_64/redhat7/povray/3.7/bin:/afs/crc.nd.edu/user/n/nkremerh/.perl5/bin:/afs/crc.nd.edu/user/n/nkremerh/pegasus/bin:/afs/crc.nd.edu/user/n/nkremerh/nodejs/bin:/afs/crc.nd.edu/user/n/nkremerh/montage/bin:/afs/crc.nd.edu/user/n/nkremerh/latexdiff:/afs/crc.nd.edu/user/n/nkremerh/envtrace:/afs/crc.nd.edu/user/n/nkremerh/endlines:/afs/crc.nd.edu/user/n/nkremerh/cctools/bin:/afs/crc.nd.edu/user/n/nkremerh/.cargo/bin:/afs/crc.nd.edu/group/ccl/software/x86_64/redhat7/ruby/current/bin:/afs/crc.nd.edu/group/ccl/software/x86_64/redhat7/graphviz/current/bin:/afs/crc.nd.edu/group/ccl/software/x86_64/redhat7/gnuplot/current/bin:/afs/crc.nd.edu/group/ccl/software/x86_64/redhat7/git/current/bin:/afs/crc.nd.edu/group/ccl/software/x86_64/redhat7/condor/current/sbin:/afs/crc.nd.edu/group/ccl/software/x86_64/redhat7/condor/current/bin:/afs/crc.nd.edu/group/ccl/software/x86_64/redhat7/cmake/current/bin:/afs/crc.nd.edu/group/ccl/software/x86_64/redhat7/clang/current/bin:/afs/crc.nd.edu/group/ccl/software/x86_64/redhat7/condor/current/sbin:/afs/crc.nd.edu/group/ccl/software/x86_64/redhat7/condor/current/bin:/afs/crc.nd.edu/group/ccl/software/x86_64/redhat7/cctools/current/bin:/afs/crc.nd.edu/x86_64_linux/Modules/4.5.0/bin:/opt/crc/usr/local/bin:/opt/sge/bin/lx-amd64:/usr/local/bin:/usr/bin:/usr/local/sbin:/usr/sbin:/afs/crc.nd.edu/user/c/condor/software/bin:/afs/crc.nd.edu/user/c/condor/software/sbin
CCLSOFTWARE=/afs/crc.nd.edu/group/ccl/software/x86_64/redhat7
PWD=/var/condor/execute/dir_17350/worker-213124-17416/t.727
_LMFILES_=/afs/crc.nd.edu/x86_64_linux/Modules/modules/system_modules/CRC_default/1.1
EDITOR=vim
SGE_EXECD_PORT=6445
LANG=en_US.UTF-8
SGE_QMASTER_PORT=6444
MODULEPATH=/afs/crc.nd.edu/x86_64_linux/Modules/modules/development_tools_and_libraries:/afs/crc.nd.edu/x86_64_linux/Modules/modules/general_software:/afs/crc.nd.edu/x86_64_linux/Modules/modules/restricted_software:/afs/crc.nd.edu/x86_64_linux/Modules/modules/system_modules:/afs/crc.nd.edu/x86_64_linux/Modules/modules/deprecated_software:/afs/crc.nd.edu/x86_64_linux/Modules/current/modulefiles
LOADEDMODULES=CRC_default/1.1
SGE_ROOT=/opt/sge
CCLPLATFORM=x86_64/redhat7
_CONDOR_SLOT=slot2_1
WORK_QUEUE_SANDBOX=/var/condor/execute/dir_17350/worker-213124-17416
USE_SYSTEMD=true
_CONDOR_LOWPORT=9100
_CONDOR_ANCESTOR_3611=3764:1598184024:3503519607
HISTCONTROL=ignoreboth:erasedups
KRB5CCNAME=FILE:/tmp/krb5cc_213124_dlYXoi
GLOBUS_GSSAPI_NAME_COMPATIBILITY=STRICT_RFC2818
HOME=disc01.crc.nd.edu
SHLVL=6
PATH_modshare=/opt/crc/usr/local/bin:1:/opt/sge/bin/lx-amd64:1:/usr/sbin:1:/usr/bin:1:/afs/crc.nd.edu/user/c/condor/software/sbin:1:/usr/local/sbin:1:/afs/crc.nd.edu/user/c/condor/software/bin:1:/usr/local/bin:1
OSTYPE=linux
_CONDOR_MACHINE_AD=/var/condor/execute/dir_17350/.machine.ad
GREP_OPTIONS=--color=auto
DISK=18234
GLOBUS_GSSAPI_MIN_TLS_PROTOCOL=TLS1_VERSION
MANPATH_modshare=/usr/share/man/overrides:1:/usr/local/share/man:1:/usr/share/man:1:/opt/crc/usr/local/man:1:/opt/sge/man:1
MEMORY=1948
PERL_LOCAL_LIB_ROOT=/afs/crc.nd.edu/user/n/nkremerh/.perl5/
BASH_ENV=/afs/crc.nd.edu/x86_64_linux/Modules/4.5.0/init/bash
VENDOR=unknown
TMP=/var/condor/execute/dir_17350/worker-213124-17416/t.727/cctools-temp-t.727.mVC1Ys
LOGNAME=nkremerh
MACHTYPE=x86_64
CCLHOME=/afs/crc.nd.edu/group/ccl
PYTHONPATH=/afs/crc.nd.edu/user/n/nkremerh/cctools/lib/python3.6/site-packages/
LD_LIBRARY_PATH_modshare=/opt/crc/usr/local/lib:1
SSH_CONNECTION=10.17.148.247 49750 129.74.128.103 22
MODULES_LMALTNAME_modshare=CRC_default/1.1&CRC_default/default&CRC_default:1
MODULESHOME=/afs/crc.nd.edu/x86_64_linux/Modules/4.5.0
GLOBUS_GSSAPI_CIPHERS=HIGH
GLOBUS_GSSAPI_BACKWARD_COMPATIBLE_MIC=true
LESSOPEN=||/usr/bin/lesspipe.sh %s
OMP_NUM_THREADS=1
_CONDOR_JOB_AD=/var/condor/execute/dir_17350/.job.ad
LOADEDMODULES_modshare=CRC_default/1.1:1
XDG_RUNTIME_DIR=/run/user/213124
SGE_CLUSTER_NAME=CRC
CCTOOLS=../cctools
CORES=2
_CONDOR_JOB_IWD=/var/condor/execute/dir_17350
PERL_MM_OPT=INSTALL_BASE=/afs/crc.nd.edu/user/n/nkremerh/.perl5/
GLOBUS_GSSAPI_SERVER_CIPHER_ORDER=true
BASH_FUNC_module()=() {  unset _mlshdbg;
 if [ "${MODULES_SILENT_SHELL_DEBUG:-0}" = '1' ]; then
 case "$-" in 
 *v*x*)
 set +vx;
 _mlshdbg='vx'
 ;;
 *v*)
 set +v;
 _mlshdbg='v'
 ;;
 *x*)
 set +x;
 _mlshdbg='x'
 ;;
 *)
 _mlshdbg=''
 ;;
 esac;
 fi;
 unset _mlre _mlIFS;
 if [ -n "${IFS+x}" ]; then
 _mlIFS=$IFS;
 fi;
 IFS=' ';
 for _mlv in ${MODULES_RUN_QUARANTINE:-};
 do
 if [ "${_mlv}" = "${_mlv##*[!A-Za-z0-9_]}" -a "${_mlv}" = "${_mlv#[0-9]}" ]; then
 if [ -n "`eval 'echo ${'$_mlv'+x}'`" ]; then
 _mlre="${_mlre:-}${_mlv}_modquar='`eval 'echo ${'$_mlv'}'`' ";
 fi;
 _mlrv="MODULES_RUNENV_${_mlv}";
 _mlre="${_mlre:-}${_mlv}='`eval 'echo ${'$_mlrv':-}'`' ";
 fi;
 done;
 if [ -n "${_mlre:-}" ]; then
 eval `eval ${_mlre}/usr/bin/tclsh /afs/crc.nd.edu/x86_64_linux/Modules/4.5.0/libexec/modulecmd.tcl bash '"$@"'`;
 else
 eval `/usr/bin/tclsh /afs/crc.nd.edu/x86_64_linux/Modules/4.5.0/libexec/modulecmd.tcl bash "$@"`;
 fi;
 _mlstatus=$?;
 if [ -n "${_mlIFS+x}" ]; then
 IFS=$_mlIFS;
 else
 unset IFS;
 fi;
 unset _mlre _mlv _mlrv _mlIFS;
 if [ -n "${_mlshdbg:-}" ]; then
 set -$_mlshdbg;
 fi;
 unset _mlshdbg;
 return $_mlstatus
}
BASH_FUNC_ml()=() {  module ml "$@"
}
_=/usr/bin/printenv
