30112   0.000000 libjli.so->getenv("_JAVA_LAUNCHER_DEBUG") = nil
30112   0.001789 libjli.so->getenv("_JAVA_VERSION_SET") = nil
30112   0.000879 libjli.so->fopen("/usr/lib/jvm/java-1.8.0-openjdk-1.8.0.262.b10-0.el7_8.x86_64/jre/lib/amd64/jvm.cfg", "r") = 0x55d79818a0e0
30112   0.000890 libjli.so->getenv("JDK_ALTERNATE_VM") = nil
30112   0.000336 libjli.so->__xstat(1, "/usr/lib/jvm/java-1.8.0-openjdk-1.8.0.262.b10-0.el7_8.x86_64/jre/lib/amd64/server/libjvm.so", 0x7ffc6f2ce400) = 0
30112   0.000717 libjli.so->getenv("LD_LIBRARY_PATH") = "/afs/crc.nd.edu/group/ccl/software/x86_64/redhat7/ruby/current/lib:/afs/crc.nd.edu/group/ccl/software/x86_64/redhat7/graphviz/current/lib:/afs/crc.nd.edu/group/ccl/software/x86_64/redhat7/git/current/lib:/afs/crc.nd.edu/group/ccl/software/x86_64/redhat7/condor/current/lib:/afs/crc.nd.edu/group/ccl/software/x86_64/redhat7/clang/current/lib:/afs/crc.nd.edu/group/ccl/software/x86_64/redhat7/condor/current/lib:/afs/crc.nd.edu/group/ccl/software/x86_64/redhat7/cctools/current/lib:/opt/crc/usr/local/lib"
30112   0.002267 libjli.so->dlopen("/usr/lib/jvm/java-1.8.0-openjdk-1.8.0.262.b10-0.el7_8.x86_64/jre/lib/amd64/server/libjvm.so", 258 <unfinished ...>
30112   0.039440 libjvm.so->getenv("NMT_LEVEL_30112") = nil
30112   0.001725 <... dlopen resumed> )          = 0x55d79818a4b0
30112   0.000105 libjli.so->getenv("CLASSPATH")  = nil
30112   0.000385 libjli.so->getenv("_JAVA_SPLASH_JAR") = nil
30112   0.000304 libjli.so->getenv("_JAVA_SPLASH_FILE") = nil
30112   0.000338 libjli.so->pthread_attr_setdetachstate(0x7ffc6f2ce3b0, 0, 0x7ffc6f2ce440, 0) = 0
30112   0.000446 libpthread.so.0->__clone(0x2ab7d3dc7de0, 0x2ab7d3cdafc0, 0x3d0f00, 0x2ab7d3cdb700) = 0x75a5
30117   0.001611 libjvm.so->dlopen(0x2ab7d55a69ae, 1, 0xfffffffffff42c48, 4096) = 0x2ab7d8000990
30117   0.002535 libjvm.so->getenv(0x2ab7d55c183e, 0, 115, 0x65737361) = 0x7ffc6f2d36b4
30117   0.000462 libjvm.so->fopen(0x2ab7d3cd9c10, 0x2ab7d555dccb, 0x6f732e79666972, 0x2ab7d469fab0) = 0x2ab7d8001440
30117   0.001350 libjvm.so->dlopen(0x2ab7d3cd9c10, 1, 0xffffffff, 0x2ab7d8002b00) = 0x2ab7d8001440
30117   0.001559 libjvm.so->fopen(0x2ab7d3cd9c10, 0x2ab7d555dccb, 111, 0x732e6176) = 0x2ab7d8001b10
30117   0.001563 libjvm.so->dlopen(0x2ab7d3cd9c10, 1, 0xffffffff, 0x2ab7d8001a00) = 0x2ab7d8001b10
30117   0.001599 libjvm.so->__xstat(1, 0x2ab7d3cda360, 0x2ab7d3cdaba0, 0x746f7073746f682e) = -1
30117   0.000451 libjvm.so->getenv(0x2ab7d5556541, 0x2ab7d3cda6d0, 1024, 0x2ab7d5a1061b) = 0
30117   0.000509 libjvm.so->getenv(0x2ab7d5556533, 0x2ab7d3cda6d0, 1024, 0) = 0
30117   0.000449 libjvm.so->fopen(0x2ab7d55a6315, 0x2ab7d555dccb, 4095, 0xffffd5482aaa9b03) = 0x2ab7d80032b0
30117   0.001179 libjvm.so->fopen(0x2ab7d55a6361, 0x2ab7d555dccb, 0x2ab7d8000078, 0x2ab7d80032a0) = 0x2ab7d80032b0
30117   0.000712 libjvm.so->fopen(0x2ab7d3cd49b0, 0x2ab7d555dccb, 4014, 3995) = 0x2ab7d80032b0
30117   0.000627 libjvm.so->opendir(0x2ab7d8002b40, 0x2ab7d8002b40, 13, 16) = 0
30117   0.000434 libjvm.so->__xstat(1, 0x2ab7d3cd98f0, 0x2ab7d3cd8860, 0x6f732e7477616d62) = -1
30117   0.000446 libjvm.so->__xstat(1, 0x2ab7d3cd98f0, 0x2ab7d3cd8860, 0x5f74776162696c2f) = 0
30117   0.000492 libjvm.so->fopen(0x2ab7d3cd8b90, 0x2ab7d555dccb, 4009, 3994) = 0x2ab7d8003790
30117   0.000610 libjvm.so->fopen(0x2ab7d3cd8b90, 0x2ab7d555dccb, 4009, 3994) = 0x2ab7d8003790
30117   0.000635 libjvm.so->fopen(0x2ab7d3cd8b90, 0x2ab7d555dccb, 4009, 4002) = 0x2ab7d8003790
30117   0.000658 libjvm.so->fopen(0x2ab7d3cd8b20, 0x2ab7d555dccb, 4009, 3994) = 0x2ab7d8003790
30117   0.000582 libjvm.so->fopen(0x2ab7d3cd8b20, 0x2ab7d555dccb, 4009, 3994) = 0x2ab7d8003790
30117   0.000626 libjvm.so->fopen(0x2ab7d3cd8b20, 0x2ab7d555dccb, 4009, 4002) = 0x2ab7d8003790
30117   0.000616 libjvm.so->fopen(0x2ab7d3cd8b50, 0x2ab7d555dccb, 4014, 3995) = 0x2ab7d8003790
30117   0.000778 libjvm.so->getenv(0x2ab7d55a70ff, 4096, 3, -1) = 0
30117   0.000890 libjvm.so->fopen(0x2ab7d55a6998, 0x2ab7d555dccb, 0x2ab7d3dbe908, 0x2ab7d3dbddf0) = 0x2ab7d8003790
30117   0.004719 libjvm.so->open(0x2ab7d804a580, 0x20000, 0, 0x2ab7d804a5c9) = 3
30117   0.000451 libjvm.so->__fxstat(1, 3, 0x2ab7d3cdaa00, -1) = 0
30117   0.000465 libjvm.so->opendir(0x2ab7d804a580, 0x2ab7d3cdaa00, 0x4000, -1) = 0x2ab7d804b490
30117   0.000485 libjvm.so->__fxstat(1, 3, 0x2ab7d3cda8a0, 0x2ab7d804b490) = 0
30117   0.000465 libjvm.so->__fxstat(1, 5, 0x2ab7d3cda930, -1) = 0
30117   0.000507 libjvm.so->open(0x2ab7d55749dc, 0, 0, 0) = 3
30117   0.000665 libjvm.so->__lxstat(1, 0x2ab7d804a580, 0x2ab7d3cdab50, -144) = 0
30117   0.000485 libjvm.so->open(0x2ab7d804a580, 0x20000, 0x4000, -1) = 3
30117   0.000441 libjvm.so->__fxstat(1, 3, 0x2ab7d3cdaa00, -1) = 0
30117   0.000500 libjvm.so->opendir(0x2ab7d804a580, 0x2ab7d3cdaa00, 0x4000, -1) = 0x2ab7d804b490
30117   0.000433 libjvm.so->__fxstat(1, 3, 0x2ab7d3cda8a0, 0x2ab7d804b490) = 0
30117   0.000434 libjvm.so->__fxstat(1, 5, 0x2ab7d3cda930, -1) = 0
30117   0.000451 libjvm.so->open(0x2ab7d55749dc, 0, 0, 0) = 3
30117   0.000466 libjvm.so->open(0x2ab7d804a5c9, 0x20042, 384, -1) = 7
30117   0.000563 libjvm.so->__fxstat(1, 7, 0x2ab7d3cdab50, -1) = 0
30117   0.001756 libjvm.so->fopen(0x2ab7d3cd9b60, 0x2ab7d555dccb, 4, 0x6f732e70) = 0x2ab7d8057be0
30117   0.001427 libjvm.so->dlopen(0x2ab7d3cd9b60, 1, 0xffffffff, 0x2ab7d8057b00) = 0x2ab7d8057be0
30117   0.001547 libjvm.so->__xstat(1, 0x2ab7d3cda120, 0x2ab7d3cda950, 2048) = 0
30117   0.000447 libjvm.so->__xstat(1, 0x2ab7d3cda120, 0x2ab7d3cda950, 2048) = 0
30117   0.000459 libjvm.so->__xstat(1, 0x2ab7d3cda120, 0x2ab7d3cda950, 2048) = -1
30117   0.000428 libjvm.so->__xstat(1, 0x2ab7d3cda120, 0x2ab7d3cda950, 2048) = 0
30117   0.000446 libjvm.so->__xstat(1, 0x2ab7d3cda120, 0x2ab7d3cda950, 2048) = 0
30117   0.000439 libjvm.so->__xstat(1, 0x2ab7d3cda120, 0x2ab7d3cda950, 2048) = 0
30117   0.000444 libjvm.so->__xstat(1, 0x2ab7d3cda120, 0x2ab7d3cda950, 2048) = 0
30117   0.000452 libjvm.so->__xstat(1, 0x2ab7d3cda120, 0x2ab7d3cda950, 2048) = -1
30117   0.000430 libjvm.so->fopen(0x2ab7d8002520, 0x2ab7d555dccb, 0, 0) = 0x2ab7d8058a80
30117   0.008775 libjvm.so->open64(0x2ab7d3cd9410, 0, 0, 16) = 3
30117   0.000536 libjvm.so->__fxstat64(1, 3, 0x2ab7d3cd9240, -1) = 0
30117   0.036099 libjvm.so->__xstat(1, 0x2ab7d3cd9f20, 0x2ab7d3cda750, 2048) = -1
30117   0.000594 libjvm.so->fopen(0x2ab7d3cd8b20, 0x2ab7d555dccb, 4009, 3994) = 0x2ab7d80b5ec0
30117   0.000689 libjvm.so->fopen(0x2ab7d3cd8b20, 0x2ab7d555dccb, 4009, 3994) = 0x2ab7d80b5ec0
30117   0.000594 libjvm.so->fopen(0x2ab7d3cd8b20, 0x2ab7d555dccb, 4009, 4002) = 0x2ab7d80b5ec0
30117   0.004171 libjvm.so->pthread_attr_setdetachstate(0x2ab7d3cdac00, 1, 0, 0) = 0
30117   0.000539 libpthread.so.0->__clone(0x2ab7d3dc7de0, 0x2ab7d7eaafc0, 0x3d0f00, 0x2ab7d7eab700) = 0x75a6
30117   0.016231 libjvm.so->pthread_attr_setdetachstate(0x2ab7d3cda290, 1, 0, 0) = 0
30117   0.000667 libpthread.so.0->__clone(0x2ab7d3dc7de0, 0x2ab7d7fabfc0, 0x3d0f00, 0x2ab7d7fac700) = 0x75a7
30117   0.007339 libjvm.so->pthread_attr_setdetachstate(0x2ab7d3cda610, 1, 0, 0) = 0
30117   0.000796 libpthread.so.0->__clone(0x2ab7d3dc7de0, 0x2ab7ec8a0fc0, 0x3d0f00, 0x2ab7ec8a1700) = 0x75a8
30117   0.040344 libjvm.so->fopen(0x2ab7d80f17e0, 0x2ab7d555dccb, 4, 0x6f732e70) = 0x2ab7d80f1ce0
30117   0.002183 libjvm.so->dlopen(0x2ab7d80f17e0, 1, 0xffffffff, 0x2ab7d80e8c00) = 0x2ab7d8057be0
30117   0.005149 libjvm.so->open64(0x2ab7d3cd9510, 0, 0, 16) = 5
30117   0.000929 libjvm.so->__fxstat64(1, 5, 0x2ab7d3cd9340, -1) = 0
30117   0.020726 libjvm.so->fopen(0x2ab7d3cd6130, 0x2ab7d555dccb, 4009, 3994) = 0x2ab7d80fccb0
30117   0.001288 libjvm.so->fopen(0x2ab7d3cd6130, 0x2ab7d555dccb, 4009, 3994) = 0x2ab7d80fccb0
30117   0.001113 libjvm.so->fopen(0x2ab7d3cd6130, 0x2ab7d555dccb, 4009, 4002) = 0x2ab7d80fccb0
30117   0.015703 libjvm.so->pthread_attr_setdetachstate(0x2ab7d3cdab50, 1, 0, 0) = 0
30117   0.000967 libpthread.so.0->__clone(0x2ab7d3dc7de0, 0x2ab7ec9a1fc0, 0x3d0f00, 0x2ab7ec9a2700) = 0x75a9
30117   0.001403 libjvm.so->__xstat64(1, 0x2ab7d3cdabe0, 0x2ab7d3cdab50, 19) = -1
30117   0.001193 libjvm.so->pthread_attr_setdetachstate(0x2ab7d3cda950, 1, 0, 0) = 0
30117   0.001124 libpthread.so.0->__clone(0x2ab7d3dc7de0, 0x2ab7ecaa2fc0, 0x3d0f00, 0x2ab7ecaa3700) = 0x75aa
30117   0.001736 libjvm.so->pthread_attr_setdetachstate(0x2ab7d3cda950, 1, 0, 0) = 0
30117   0.001280 libpthread.so.0->__clone(0x2ab7d3dc7de0, 0x2ab7ecba3fc0, 0x3d0f00, 0x2ab7ecba4700) = 0x75ab
30117   0.008762 libjvm.so->pthread_attr_setdetachstate(0x2ab7d3cdaaa0, 1, 0, 0) = 0
30117   0.001453 libpthread.so.0->__clone(0x2ab7d3dc7de0, 0x2ab7ecca4fc0, 0x3d0f00, 0x2ab7ecca5700) = 0x75ad
30117   0.002169 libjvm.so->pthread_attr_setdetachstate(0x2ab7d3cdabb0, 1, 0, 0) = 0
30117   0.001921 libpthread.so.0->__clone(0x2ab7d3dc7de0, 0x2ab7ecda5fc0, 0x3d0f00, 0x2ab7ecda6700) = 0x75ae
30117   0.015532 libjvm.so->open64(0x2ab7d81369b0, 0, 0, 48) = 7
30117   0.001761 libjvm.so->__fxstat64(1, 7, 0x2ab7d3cd7f60, -1) = 0
30117   0.025699 libjvm.so->fopen(0x2ab7d815c670, 0x2ab7d555dccb, 4, 0x6f732e6f) = 0x2ab7d815c730
30117   0.003063 libjvm.so->dlopen(0x2ab7d815c670, 1, 0xffffffff, 0x2ab7d815c600) = 0x2ab7d815c730
30117   0.121899 libjvm.so->fopen(0x2ab7d3cd4e40, 0x2ab7d555dccb, 0x6f732e, 0x6d766a62696c2f72) = 0x2ab7d8171f10
30117   0.006816 libjvm.so->dlopen(0x2ab7d3cd4e40, 1, 0xffffffff, 0x2ab7d8171e00) = 0x55d79818a4b0
30117   0.001667 libjvm.so->fopen(0x2ab7d3cd4e40, 0x2ab7d555dccb, 0x6f732e, 0x6d766a62696c2f72) = 0x2ab7d8172310
30117   0.005336 libjvm.so->dlopen(0x2ab7d3cd4e40, 1, 0xffffffff, 0x2ab7d8171e00) = 0x55d79818a4b0
30117   0.001725 libjvm.so->fopen(0x2ab7d3cd4e40, 0x2ab7d555dccb, 0x6f732e, 0x6d766a62696c2f72) = 0x2ab7d8171f10
30117   0.003533 libjvm.so->dlopen(0x2ab7d3cd4e40, 1, 0xffffffff, 0x2ab7d8171e00) = 0x55d79818a4b0
30117   0.001651 libjvm.so->fopen(0x2ab7d3cd4e40, 0x2ab7d555dccb, 0x6f732e, 0x6d766a62696c2f72) = 0x2ab7d8171f10
30117   0.003332 libjvm.so->dlopen(0x2ab7d3cd4e40, 1, 0xffffffff, 0x2ab7d8171e00) = 0x55d79818a4b0
30117   0.046109 libjvm.so->fopen(0x2ab7d81b7470, 0x2ab7d555dccb, 4, 0x6f732e74) = 0x2ab7d81df3f0
30117   0.003023 libjvm.so->dlopen(0x2ab7d81b7470, 1, 0xffffffff, 0x2ab7d81ad200) = 0x2ab7d81df3f0
30117   0.138238 libjvm.so->fopen(0x2ab7d8240510, 0x2ab7d555dccb, 0x6f732e7373656c, 0x656c646165685f74) = 0x2ab7d82405f0
30117   0.002731 libjvm.so->dlopen(0x2ab7d8240510, 1, 0xffffffff, 0x2ab7d8240500) = 0x2ab7d82405f0
30126   0.038288 +++ exited (status 0) +++
30118   0.000623 +++ exited (status 0) +++
30117   0.000249 +++ exited (status 0) +++
30125   0.000287 +++ exited (status 1) +++
30123   0.000024 +++ exited (status 1) +++
30122   0.000015 +++ exited (status 1) +++
30120   0.000014 +++ exited (status 1) +++
30119   0.000013 +++ exited (status 1) +++
30121   0.004413 +++ exited (status 1) +++
30112   0.000036 +++ exited (status 1) +++
Wrote an ltrace for command: "java -cp ./tools/maxent.jar density.Project outputs/Charonias_theano/Charonias_theano.lambdas data/layers/worldclim outputs/Charonias_theano_worldclim.asc nowarnings nocache autorun -z" with PID 30109 from PPID 30093 on disc25.crc.nd.edu with result 1
REMOTEHOST=10.17.148.247
_CONDOR_JOB_PIDS=
MANPATH=/afs/crc.nd.edu/user/n/nkremerh/cctools/share/man/:/afs/crc.nd.edu/group/ccl/software/x86_64/redhat7/ruby/current/share/man:/afs/crc.nd.edu/group/ccl/software/x86_64/redhat7/graphviz/current/share/man:/afs/crc.nd.edu/group/ccl/software/x86_64/redhat7/gnuplot/current/share/man:/afs/crc.nd.edu/group/ccl/software/x86_64/redhat7/git/current/share/man:/afs/crc.nd.edu/group/ccl/software/x86_64/redhat7/condor/current/share/man:/afs/crc.nd.edu/group/ccl/software/x86_64/redhat7/clang/current/share/man:/afs/crc.nd.edu/group/ccl/software/x86_64/redhat7/condor/current/share/man:/afs/crc.nd.edu/group/ccl/software/x86_64/redhat7/cctools/current/share/man:/afs/crc.nd.edu/group/ccl/software/x86_64/redhat7/cctools/current/share/man:/afs/crc.nd.edu/x86_64_linux/Modules/4.5.0/share/man:/opt/crc/usr/local/man:/opt/sge/man:/usr/share/man/overrides:/usr/share/man:/usr/local/share/man
XDG_SESSION_ID=2686
_CONDOR_ANCESTOR_3764=17350:1599499132:1712875697
HOSTNAME=disc01.crc.nd.edu
_LMFILES__modshare=/afs/crc.nd.edu/x86_64_linux/Modules/modules/system_modules/CRC_default/1.1:1
MODULEPATH_modshare=/afs/crc.nd.edu/x86_64_linux/Modules/modules/general_software:1:/afs/crc.nd.edu/x86_64_linux/Modules/modules/development_tools_and_libraries:1:/afs/crc.nd.edu/x86_64_linux/Modules/modules/system_modules:1:/afs/crc.nd.edu/x86_64_linux/Modules/current/modulefiles:1:/afs/crc.nd.edu/x86_64_linux/Modules/modules/restricted_software:1:/afs/crc.nd.edu/x86_64_linux/Modules/modules/deprecated_software:1
MODULES_CMD=/afs/crc.nd.edu/x86_64_linux/Modules/4.5.0/libexec/modulecmd.tcl
HOST=disc01.crc.nd.edu
SHELL=/bin/tcsh
TERM=xterm-256color
MAKEFLAGS=
HISTSIZE=5000
TMPDIR=/var/condor/execute/dir_17350/worker-213124-17416/t.1535/cctools-temp-t.1535.6mc2iQ
SSH_CLIENT=10.17.148.247 49750 22
PERL5LIB=/afs/crc.nd.edu/user/n/nkremerh/cctools/lib/perl5/site_perl/5.16.3:/afs/crc.nd.edu/user/n/nkremerh/.perl5/lib/perl5
SGE_CELL=crc
_CONDOR_SCRATCH_DIR=/var/condor/execute/dir_17350
_CONDOR_ANCESTOR_17350=17367:1599499133:3234713304
PERL_MB_OPT=--install_base '/afs/crc.nd.edu/user/n/nkremerh/.perl5/'
SSH_TTY=/dev/pts/0
SGE_LOAD_AVG=load_avg
MAKEFLOW_MAX_LOCAL_JOBS=2
HISTFILESIZE=10000
_CHIRP_DELAYED_UPDATE_PREFIX=Chirp*
USER=nkremerh
GROUP=campus
LD_LIBRARY_PATH=/afs/crc.nd.edu/group/ccl/software/x86_64/redhat7/ruby/current/lib:/afs/crc.nd.edu/group/ccl/software/x86_64/redhat7/graphviz/current/lib:/afs/crc.nd.edu/group/ccl/software/x86_64/redhat7/git/current/lib:/afs/crc.nd.edu/group/ccl/software/x86_64/redhat7/condor/current/lib:/afs/crc.nd.edu/group/ccl/software/x86_64/redhat7/clang/current/lib:/afs/crc.nd.edu/group/ccl/software/x86_64/redhat7/condor/current/lib:/afs/crc.nd.edu/group/ccl/software/x86_64/redhat7/cctools/current/lib:/opt/crc/usr/local/lib
TEMP=/var/condor/execute/dir_17350/worker-213124-17416/t.1535/cctools-temp-t.1535.6mc2iQ
BATCH_SYSTEM=HTCondor
WORKER_TMPDIR=/var/condor/execute/dir_17350/worker-213124-17416/cache/tmp
ENV=/afs/crc.nd.edu/x86_64_linux/Modules/4.5.0/init/profile.sh
MODULES_LMALTNAME=CRC_default/1.1&CRC_default/default&CRC_default
_CONDOR_CHIRP_CONFIG=/var/condor/execute/dir_17350/.chirp.config
GLOBUS_GSSAPI_MAX_TLS_PROTOCOL=0
_CONDOR_HIGHPORT=9999
HOSTTYPE=x86_64-linux
MAKELEVEL=1
MFLAGS=
CCLSOFTWARE=/afs/crc.nd.edu/group/ccl/software/x86_64/redhat7
PATH=/afs/crc.nd.edu/user/n/nkremerh/cctools/bin:/afs/crc.nd.edu/user/n/nkremerh/miniconda/bin:/afs/crc.nd.edu/group/ccl/software/git:/afs/crc.nd.edu/user/n/nkremerh/.local/bin:/afs/crc.nd.edu/group/ccl/software/x86_64/redhat7/povray/3.7/bin:/afs/crc.nd.edu/user/n/nkremerh/.perl5/bin:/afs/crc.nd.edu/user/n/nkremerh/pegasus/bin:/afs/crc.nd.edu/user/n/nkremerh/nodejs/bin:/afs/crc.nd.edu/user/n/nkremerh/montage/bin:/afs/crc.nd.edu/user/n/nkremerh/latexdiff:/afs/crc.nd.edu/user/n/nkremerh/envtrace:/afs/crc.nd.edu/user/n/nkremerh/endlines:/afs/crc.nd.edu/user/n/nkremerh/cctools/bin:/afs/crc.nd.edu/user/n/nkremerh/.cargo/bin:/afs/crc.nd.edu/group/ccl/software/x86_64/redhat7/ruby/current/bin:/afs/crc.nd.edu/group/ccl/software/x86_64/redhat7/graphviz/current/bin:/afs/crc.nd.edu/group/ccl/software/x86_64/redhat7/gnuplot/current/bin:/afs/crc.nd.edu/group/ccl/software/x86_64/redhat7/git/current/bin:/afs/crc.nd.edu/group/ccl/software/x86_64/redhat7/condor/current/sbin:/afs/crc.nd.edu/group/ccl/software/x86_64/redhat7/condor/current/bin:/afs/crc.nd.edu/group/ccl/software/x86_64/redhat7/cmake/current/bin:/afs/crc.nd.edu/group/ccl/software/x86_64/redhat7/clang/current/bin:/afs/crc.nd.edu/group/ccl/software/x86_64/redhat7/condor/current/sbin:/afs/crc.nd.edu/group/ccl/software/x86_64/redhat7/condor/current/bin:/afs/crc.nd.edu/group/ccl/software/x86_64/redhat7/cctools/current/bin:/afs/crc.nd.edu/x86_64_linux/Modules/4.5.0/bin:/opt/crc/usr/local/bin:/opt/sge/bin/lx-amd64:/usr/local/bin:/usr/bin:/usr/local/sbin:/usr/sbin:/afs/crc.nd.edu/user/c/condor/software/bin:/afs/crc.nd.edu/user/c/condor/software/sbin
MAIL=/var/spool/mail/nkremerh
PWD=/var/condor/execute/dir_17350/worker-213124-17416/t.1535
_LMFILES_=/afs/crc.nd.edu/x86_64_linux/Modules/modules/system_modules/CRC_default/1.1
SGE_EXECD_PORT=6445
EDITOR=vim
LANG=en_US.UTF-8
MODULEPATH=/afs/crc.nd.edu/x86_64_linux/Modules/modules/development_tools_and_libraries:/afs/crc.nd.edu/x86_64_linux/Modules/modules/general_software:/afs/crc.nd.edu/x86_64_linux/Modules/modules/restricted_software:/afs/crc.nd.edu/x86_64_linux/Modules/modules/system_modules:/afs/crc.nd.edu/x86_64_linux/Modules/modules/deprecated_software:/afs/crc.nd.edu/x86_64_linux/Modules/current/modulefiles
SGE_QMASTER_PORT=6444
SGE_ROOT=/opt/sge
LOADEDMODULES=CRC_default/1.1
WORK_QUEUE_SANDBOX=/var/condor/execute/dir_17350/worker-213124-17416
_CONDOR_SLOT=slot2_1
CCLPLATFORM=x86_64/redhat7
USE_SYSTEMD=true
_CONDOR_ANCESTOR_3611=3764:1598184024:3503519607
_CONDOR_LOWPORT=9100
KRB5CCNAME=FILE:/tmp/krb5cc_213124_dlYXoi
HISTCONTROL=ignoreboth:erasedups
PATH_modshare=/opt/crc/usr/local/bin:1:/opt/sge/bin/lx-amd64:1:/usr/sbin:1:/usr/bin:1:/afs/crc.nd.edu/user/c/condor/software/sbin:1:/usr/local/sbin:1:/afs/crc.nd.edu/user/c/condor/software/bin:1:/usr/local/bin:1
SHLVL=7
HOME=disc01.crc.nd.edu
GLOBUS_GSSAPI_NAME_COMPATIBILITY=STRICT_RFC2818
_CONDOR_MACHINE_AD=/var/condor/execute/dir_17350/.machine.ad
OSTYPE=linux
DISK=18234
GREP_OPTIONS=--color=auto
GLOBUS_GSSAPI_MIN_TLS_PROTOCOL=TLS1_VERSION
MEMORY=1948
MANPATH_modshare=/usr/share/man/overrides:1:/usr/local/share/man:1:/usr/share/man:1:/opt/crc/usr/local/man:1:/opt/sge/man:1
VENDOR=unknown
BASH_ENV=/afs/crc.nd.edu/x86_64_linux/Modules/4.5.0/init/bash
PERL_LOCAL_LIB_ROOT=/afs/crc.nd.edu/user/n/nkremerh/.perl5/
PYTHONPATH=/afs/crc.nd.edu/user/n/nkremerh/cctools/lib/python3.6/site-packages/
CCLHOME=/afs/crc.nd.edu/group/ccl
MACHTYPE=x86_64
LOGNAME=nkremerh
TMP=/var/condor/execute/dir_17350/worker-213124-17416/t.1535/cctools-temp-t.1535.6mc2iQ
LD_LIBRARY_PATH_modshare=/opt/crc/usr/local/lib:1
MODULES_LMALTNAME_modshare=CRC_default/1.1&CRC_default/default&CRC_default:1
SSH_CONNECTION=10.17.148.247 49750 129.74.128.103 22
MODULESHOME=/afs/crc.nd.edu/x86_64_linux/Modules/4.5.0
OMP_NUM_THREADS=1
LESSOPEN=||/usr/bin/lesspipe.sh %s
GLOBUS_GSSAPI_BACKWARD_COMPATIBLE_MIC=true
GLOBUS_GSSAPI_CIPHERS=HIGH
LOADEDMODULES_modshare=CRC_default/1.1:1
_CONDOR_JOB_AD=/var/condor/execute/dir_17350/.job.ad
SGE_CLUSTER_NAME=CRC
XDG_RUNTIME_DIR=/run/user/213124
CCTOOLS=../cctools
CORES=2
_CONDOR_JOB_IWD=/var/condor/execute/dir_17350
PERL_MM_OPT=INSTALL_BASE=/afs/crc.nd.edu/user/n/nkremerh/.perl5/
GLOBUS_GSSAPI_SERVER_CIPHER_ORDER=true
BASH_FUNC_module()=() {  unset _mlshdbg;
 if [ "${MODULES_SILENT_SHELL_DEBUG:-0}" = '1' ]; then
 case "$-" in 
 *v*x*)
 set +vx;
 _mlshdbg='vx'
 ;;
 *v*)
 set +v;
 _mlshdbg='v'
 ;;
 *x*)
 set +x;
 _mlshdbg='x'
 ;;
 *)
 _mlshdbg=''
 ;;
 esac;
 fi;
 unset _mlre _mlIFS;
 if [ -n "${IFS+x}" ]; then
 _mlIFS=$IFS;
 fi;
 IFS=' ';
 for _mlv in ${MODULES_RUN_QUARANTINE:-};
 do
 if [ "${_mlv}" = "${_mlv##*[!A-Za-z0-9_]}" -a "${_mlv}" = "${_mlv#[0-9]}" ]; then
 if [ -n "`eval 'echo ${'$_mlv'+x}'`" ]; then
 _mlre="${_mlre:-}${_mlv}_modquar='`eval 'echo ${'$_mlv'}'`' ";
 fi;
 _mlrv="MODULES_RUNENV_${_mlv}";
 _mlre="${_mlre:-}${_mlv}='`eval 'echo ${'$_mlrv':-}'`' ";
 fi;
 done;
 if [ -n "${_mlre:-}" ]; then
 eval `eval ${_mlre}/usr/bin/tclsh /afs/crc.nd.edu/x86_64_linux/Modules/4.5.0/libexec/modulecmd.tcl bash '"$@"'`;
 else
 eval `/usr/bin/tclsh /afs/crc.nd.edu/x86_64_linux/Modules/4.5.0/libexec/modulecmd.tcl bash "$@"`;
 fi;
 _mlstatus=$?;
 if [ -n "${_mlIFS+x}" ]; then
 IFS=$_mlIFS;
 else
 unset IFS;
 fi;
 unset _mlre _mlv _mlrv _mlIFS;
 if [ -n "${_mlshdbg:-}" ]; then
 set -$_mlshdbg;
 fi;
 unset _mlshdbg;
 return $_mlstatus
}
BASH_FUNC_ml()=() {  module ml "$@"
}
_=/usr/bin/printenv
