19460   0.000000 libjli.so->getenv("_JAVA_LAUNCHER_DEBUG") = nil
19460   0.001789 libjli.so->getenv("_JAVA_VERSION_SET") = nil
19460   0.000730 libjli.so->fopen("/usr/lib/jvm/java-1.8.0-openjdk-1.8.0.262.b10-0.el7_8.x86_64/jre/lib/amd64/jvm.cfg", "r") = 0x56509f7fe0e0
19460   0.000815 libjli.so->getenv("JDK_ALTERNATE_VM") = nil
19460   0.000365 libjli.so->__xstat(1, "/usr/lib/jvm/java-1.8.0-openjdk-1.8.0.262.b10-0.el7_8.x86_64/jre/lib/amd64/server/libjvm.so", 0x7ffccf0bad80) = 0
19460   0.000592 libjli.so->getenv("LD_LIBRARY_PATH") = "/afs/crc.nd.edu/group/ccl/software/x86_64/redhat7/ruby/current/lib:/afs/crc.nd.edu/group/ccl/software/x86_64/redhat7/graphviz/current/lib:/afs/crc.nd.edu/group/ccl/software/x86_64/redhat7/git/current/lib:/afs/crc.nd.edu/group/ccl/software/x86_64/redhat7/condor/current/lib:/afs/crc.nd.edu/group/ccl/software/x86_64/redhat7/clang/current/lib:/afs/crc.nd.edu/group/ccl/software/x86_64/redhat7/condor/current/lib:/afs/crc.nd.edu/group/ccl/software/x86_64/redhat7/cctools/current/lib:/opt/crc/usr/local/lib"
19460   0.002244 libjli.so->dlopen("/usr/lib/jvm/java-1.8.0-openjdk-1.8.0.262.b10-0.el7_8.x86_64/jre/lib/amd64/server/libjvm.so", 258 <unfinished ...>
19460   0.037885 libjvm.so->getenv("NMT_LEVEL_19460") = nil
19460   0.001646 <... dlopen resumed> )          = 0x56509f7fe4b0
19460   0.000072 libjli.so->getenv("CLASSPATH")  = nil
19460   0.000302 libjli.so->getenv("_JAVA_SPLASH_JAR") = nil
19460   0.000312 libjli.so->getenv("_JAVA_SPLASH_FILE") = nil
19460   0.000322 libjli.so->pthread_attr_setdetachstate(0x7ffccf0bad30, 0, 0x7ffccf0badc0, 0) = 0
19460   0.000418 libpthread.so.0->__clone(0x2ac8e7fe4de0, 0x2ac8e7ef7fc0, 0x3d0f00, 0x2ac8e7ef8700) = 0x4c05
19461   0.001414 libjvm.so->dlopen(0x2ac8e97c39ae, 1, 0xfffffffffff42c48, 4096) = 0x2ac8ec000990
19461   0.002419 libjvm.so->getenv(0x2ac8e97de83e, 0, 115, 0x65737361) = 0x7ffccf0c1693
19461   0.000484 libjvm.so->fopen(0x2ac8e7ef6c10, 0x2ac8e977accb, 0x6f732e79666972, 0x2ac8e88bcab0) = 0x2ac8ec001440
19461   0.001336 libjvm.so->dlopen(0x2ac8e7ef6c10, 1, 0xffffffff, 0x2ac8ec002b00) = 0x2ac8ec001440
19461   0.001509 libjvm.so->fopen(0x2ac8e7ef6c10, 0x2ac8e977accb, 111, 0x732e6176) = 0x2ac8ec001b10
19461   0.001697 libjvm.so->dlopen(0x2ac8e7ef6c10, 1, 0xffffffff, 0x2ac8ec001a00) = 0x2ac8ec001b10
19461   0.001585 libjvm.so->__xstat(1, 0x2ac8e7ef7360, 0x2ac8e7ef7ba0, 0x746f7073746f682e) = -1
19461   0.000472 libjvm.so->getenv(0x2ac8e9773541, 0x2ac8e7ef76d0, 1024, 0x2ac8e9c2d61b) = 0
19461   0.000547 libjvm.so->getenv(0x2ac8e9773533, 0x2ac8e7ef76d0, 1024, 0) = 0
19461   0.000477 libjvm.so->fopen(0x2ac8e97c3315, 0x2ac8e977accb, 4095, 0xffffd5371688cb03) = 0x2ac8ec0032d0
19461   0.001162 libjvm.so->fopen(0x2ac8e97c3361, 0x2ac8e977accb, 0x2ac8ec000078, 0x2ac8ec0032c0) = 0x2ac8ec0032d0
19461   0.000706 libjvm.so->fopen(0x2ac8e7ef19b0, 0x2ac8e977accb, 4014, 3995) = 0x2ac8ec0032d0
19461   0.000623 libjvm.so->opendir(0x2ac8ec002b40, 0x2ac8ec002b40, 13, 16) = 0
19461   0.000513 libjvm.so->__xstat(1, 0x2ac8e7ef68f0, 0x2ac8e7ef5860, 0x6f732e7477616d62) = -1
19461   0.000481 libjvm.so->__xstat(1, 0x2ac8e7ef68f0, 0x2ac8e7ef5860, 0x5f74776162696c2f) = 0
19461   0.000537 libjvm.so->fopen(0x2ac8e7ef5b90, 0x2ac8e977accb, 4009, 3994) = 0x2ac8ec0037b0
19461   0.000647 libjvm.so->fopen(0x2ac8e7ef5b90, 0x2ac8e977accb, 4009, 3994) = 0x2ac8ec0037b0
19461   0.000617 libjvm.so->fopen(0x2ac8e7ef5b90, 0x2ac8e977accb, 4009, 4002) = 0x2ac8ec0037b0
19461   0.000653 libjvm.so->fopen(0x2ac8e7ef5b20, 0x2ac8e977accb, 4009, 3994) = 0x2ac8ec0037b0
19461   0.000629 libjvm.so->fopen(0x2ac8e7ef5b20, 0x2ac8e977accb, 4009, 3994) = 0x2ac8ec0037b0
19461   0.000624 libjvm.so->fopen(0x2ac8e7ef5b20, 0x2ac8e977accb, 4009, 4002) = 0x2ac8ec0037b0
19461   0.000634 libjvm.so->fopen(0x2ac8e7ef5b50, 0x2ac8e977accb, 4014, 3995) = 0x2ac8ec0037b0
19461   0.000847 libjvm.so->getenv(0x2ac8e97c40ff, 4096, 3, -1) = 0
19461   0.000891 libjvm.so->fopen(0x2ac8e97c3998, 0x2ac8e977accb, 0x2ac8e7fdb908, 0x2ac8e7fdadf0) = 0x2ac8ec0037b0
19461   0.004758 libjvm.so->open(0x2ac8ec04a5a0, 0x20000, 0, 0x2ac8ec04a5e9) = 3
19461   0.000457 libjvm.so->__fxstat(1, 3, 0x2ac8e7ef7a00, -1) = 0
19461   0.000506 libjvm.so->opendir(0x2ac8ec04a5a0, 0x2ac8e7ef7a00, 0x4000, -1) = 0x2ac8ec04b4b0
19461   0.000501 libjvm.so->__fxstat(1, 3, 0x2ac8e7ef78a0, 0x2ac8ec04b4b0) = 0
19461   0.000456 libjvm.so->__fxstat(1, 5, 0x2ac8e7ef7930, -1) = 0
19461   0.000482 libjvm.so->open(0x2ac8e97919dc, 0, 0, 0) = 3
19461   0.000642 libjvm.so->__lxstat(1, 0x2ac8ec04a5a0, 0x2ac8e7ef7b50, -144) = 0
19461   0.000485 libjvm.so->open(0x2ac8ec04a5a0, 0x20000, 0x4000, -1) = 3
19461   0.000465 libjvm.so->__fxstat(1, 3, 0x2ac8e7ef7a00, -1) = 0
19461   0.000453 libjvm.so->opendir(0x2ac8ec04a5a0, 0x2ac8e7ef7a00, 0x4000, -1) = 0x2ac8ec04b4b0
19461   0.000428 libjvm.so->__fxstat(1, 3, 0x2ac8e7ef78a0, 0x2ac8ec04b4b0) = 0
19461   0.000479 libjvm.so->__fxstat(1, 5, 0x2ac8e7ef7930, -1) = 0
19461   0.000449 libjvm.so->open(0x2ac8e97919dc, 0, 0, 0) = 3
19461   0.000491 libjvm.so->open(0x2ac8ec04a5e9, 0x20042, 384, -1) = 7
19461   0.000688 libjvm.so->__fxstat(1, 7, 0x2ac8e7ef7b50, -1) = 0
19461   0.001622 libjvm.so->fopen(0x2ac8e7ef6b60, 0x2ac8e977accb, 4, 0x6f732e70) = 0x2ac8ec057c00
19461   0.001433 libjvm.so->dlopen(0x2ac8e7ef6b60, 1, 0xffffffff, 0x2ac8ec057b00) = 0x2ac8ec057c00
19461   0.001443 libjvm.so->__xstat(1, 0x2ac8e7ef7120, 0x2ac8e7ef7950, 2048) = 0
19461   0.000487 libjvm.so->__xstat(1, 0x2ac8e7ef7120, 0x2ac8e7ef7950, 2048) = 0
19461   0.000427 libjvm.so->__xstat(1, 0x2ac8e7ef7120, 0x2ac8e7ef7950, 2048) = -1
19461   0.000469 libjvm.so->__xstat(1, 0x2ac8e7ef7120, 0x2ac8e7ef7950, 2048) = 0
19461   0.000440 libjvm.so->__xstat(1, 0x2ac8e7ef7120, 0x2ac8e7ef7950, 2048) = 0
19461   0.000417 libjvm.so->__xstat(1, 0x2ac8e7ef7120, 0x2ac8e7ef7950, 2048) = 0
19461   0.000553 libjvm.so->__xstat(1, 0x2ac8e7ef7120, 0x2ac8e7ef7950, 2048) = 0
19461   0.000418 libjvm.so->__xstat(1, 0x2ac8e7ef7120, 0x2ac8e7ef7950, 2048) = -1
19461   0.000549 libjvm.so->fopen(0x2ac8ec002520, 0x2ac8e977accb, 0, 0) = 0x2ac8ec058aa0
19461   0.008429 libjvm.so->open64(0x2ac8e7ef6410, 0, 0, 16) = 3
19461   0.000459 libjvm.so->__fxstat64(1, 3, 0x2ac8e7ef6240, -1) = 0
19461   0.035205 libjvm.so->__xstat(1, 0x2ac8e7ef6f20, 0x2ac8e7ef7750, 2048) = -1
19461   0.000610 libjvm.so->fopen(0x2ac8e7ef5b20, 0x2ac8e977accb, 4009, 3994) = 0x2ac8ec0b1fb0
19461   0.000615 libjvm.so->fopen(0x2ac8e7ef5b20, 0x2ac8e977accb, 4009, 3994) = 0x2ac8ec0b1fb0
19461   0.000589 libjvm.so->fopen(0x2ac8e7ef5b20, 0x2ac8e977accb, 4009, 4002) = 0x2ac8ec0b1fb0
19461   0.004221 libjvm.so->pthread_attr_setdetachstate(0x2ac8e7ef7c00, 1, 0, 0) = 0
19461   0.000521 libpthread.so.0->__clone(0x2ac8e7fe4de0, 0x2ac9008a0fc0, 0x3d0f00, 0x2ac9008a1700) = 0x4c06
19461   0.015516 libjvm.so->pthread_attr_setdetachstate(0x2ac8e7ef7290, 1, 0, 0) = 0
19461   0.000623 libpthread.so.0->__clone(0x2ac8e7fe4de0, 0x2ac9009a1fc0, 0x3d0f00, 0x2ac9009a2700) = 0x4c07
19461   0.006798 libjvm.so->pthread_attr_setdetachstate(0x2ac8e7ef7610, 1, 0, 0) = 0
19461   0.000769 libpthread.so.0->__clone(0x2ac8e7fe4de0, 0x2ac900aa2fc0, 0x3d0f00, 0x2ac900aa3700) = 0x4c08
19461   0.039530 libjvm.so->fopen(0x2ac8ec0f17f0, 0x2ac8e977accb, 4, 0x6f732e70) = 0x2ac8ec0f1cf0
19461   0.001958 libjvm.so->dlopen(0x2ac8ec0f17f0, 1, 0xffffffff, 0x2ac8ec0e8c00) = 0x2ac8ec057c00
19461   0.005067 libjvm.so->open64(0x2ac8e7ef6510, 0, 0, 16) = 5
19461   0.000899 libjvm.so->__fxstat64(1, 5, 0x2ac8e7ef6340, -1) = 0
19461   0.019567 libjvm.so->fopen(0x2ac8e7ef3130, 0x2ac8e977accb, 4009, 3994) = 0x2ac8ec0fccc0
19461   0.001111 libjvm.so->fopen(0x2ac8e7ef3130, 0x2ac8e977accb, 4009, 3994) = 0x2ac8ec0fccc0
19461   0.001492 libjvm.so->fopen(0x2ac8e7ef3130, 0x2ac8e977accb, 4009, 4002) = 0x2ac8ec0fccc0
19461   0.015155 libjvm.so->pthread_attr_setdetachstate(0x2ac8e7ef7b50, 1, 0, 0) = 0
19461   0.000944 libpthread.so.0->__clone(0x2ac8e7fe4de0, 0x2ac900ba3fc0, 0x3d0f00, 0x2ac900ba4700) = 0x4c09
19461   0.001515 libjvm.so->__xstat64(1, 0x2ac8e7ef7be0, 0x2ac8e7ef7b50, 19) = -1
19461   0.001231 libjvm.so->pthread_attr_setdetachstate(0x2ac8e7ef7950, 1, 0, 0) = 0
19461   0.001114 libpthread.so.0->__clone(0x2ac8e7fe4de0, 0x2ac900ca4fc0, 0x3d0f00, 0x2ac900ca5700) = 0x4c0a
19461   0.001720 libjvm.so->pthread_attr_setdetachstate(0x2ac8e7ef7950, 1, 0, 0) = 0
19461   0.001310 libpthread.so.0->__clone(0x2ac8e7fe4de0, 0x2ac900da5fc0, 0x3d0f00, 0x2ac900da6700) = 0x4c0b
19461   0.009993 libjvm.so->pthread_attr_setdetachstate(0x2ac8e7ef7aa0, 1, 0, 0) = 0
19461   0.002050 libpthread.so.0->__clone(0x2ac8e7fe4de0, 0x2ac900ea6fc0, 0x3d0f00, 0x2ac900ea7700) = 0x4c0d
19461   0.002487 libjvm.so->pthread_attr_setdetachstate(0x2ac8e7ef7bb0, 1, 0, 0) = 0
19461   0.001547 libpthread.so.0->__clone(0x2ac8e7fe4de0, 0x2ac900fa7fc0, 0x3d0f00, 0x2ac900fa8700) = 0x4c0e
19461   0.015883 libjvm.so->open64(0x2ac8ec132d30, 0, 0, 48) = 7
19461   0.001736 libjvm.so->__fxstat64(1, 7, 0x2ac8e7ef4f60, -1) = 0
19461   0.026615 libjvm.so->fopen(0x2ac8ec15c620, 0x2ac8e977accb, 4, 0x6f732e6f) = 0x2ac8ec15c7f0
19461   0.005046 libjvm.so->dlopen(0x2ac8ec15c620, 1, 0xffffffff, 0x2ac8ec15c700) = 0x2ac8ec15c7f0
19467   0.048927 --- SIGSEGV (Segmentation fault) ---
19466   0.000061 --- SIGSEGV (Segmentation fault) ---
19461   0.057242 libjvm.so->fopen(0x2ac8e7ef1e40, 0x2ac8e977accb, 0x6f732e, 0x6d766a62696c2f72) = 0x2ac8ec171d20
19461   0.008267 libjvm.so->dlopen(0x2ac8e7ef1e40, 1, 0xffffffff, 0x2ac8ec171c00) = 0x56509f7fe4b0
19461   0.001718 libjvm.so->fopen(0x2ac8e7ef1e40, 0x2ac8e977accb, 0x6f732e, 0x6d766a62696c2f72) = 0x2ac8ec172120
19461   0.005316 libjvm.so->dlopen(0x2ac8e7ef1e40, 1, 0xffffffff, 0x2ac8ec171c00) = 0x56509f7fe4b0
19461   0.001642 libjvm.so->fopen(0x2ac8e7ef1e40, 0x2ac8e977accb, 0x6f732e, 0x6d766a62696c2f72) = 0x2ac8ec171d20
19461   0.004130 libjvm.so->dlopen(0x2ac8e7ef1e40, 1, 0xffffffff, 0x2ac8ec171c00) = 0x56509f7fe4b0
19461   0.001641 libjvm.so->fopen(0x2ac8e7ef1e40, 0x2ac8e977accb, 0x6f732e, 0x6d766a62696c2f72) = 0x2ac8ec171d20
19461   0.005136 libjvm.so->dlopen(0x2ac8e7ef1e40, 1, 0xffffffff, 0x2ac8ec171c00) = 0x56509f7fe4b0
19461   0.047744 libjvm.so->fopen(0x2ac8ec1e72a0, 0x2ac8e977accb, 4, 0x6f732e74) = 0x2ac8ec1f51f0
19461   0.003281 libjvm.so->dlopen(0x2ac8ec1e72a0, 1, 0xffffffff, 0x2ac8ec1dd500) = 0x2ac8ec1f51f0
19461   0.138693 libjvm.so->fopen(0x2ac8ec250340, 0x2ac8e977accb, 0x6f732e7373656c, 0x656c646165685f74) = 0x2ac8ec250450
19461   0.002939 libjvm.so->dlopen(0x2ac8ec250340, 1, 0xffffffff, 0x2ac8ec250300) = 0x2ac8ec250450
19470   0.039641 +++ exited (status 0) +++
19465   0.000254 +++ exited (status 0) +++
19462   0.000271 +++ exited (status 0) +++
19461   0.000238 +++ exited (status 0) +++
19467   0.000297 +++ exited (status 1) +++
19469   0.000027 +++ exited (status 1) +++
19466   0.000015 +++ exited (status 1) +++
19463   0.000014 +++ exited (status 1) +++
19464   0.005860 +++ exited (status 1) +++
19460   0.000041 +++ exited (status 1) +++
Wrote an ltrace for command: "java -cp ./tools/maxent.jar density.Project outputs/Pentobesa_valta_Schaus/Pentobesa_valta_Schaus.lambdas data/layers/worldclim outputs/Pentobesa_valta_Schaus_worldclim.asc nowarnings nocache autorun -z" with PID 19458 from PPID 19442 on disc21.crc.nd.edu with result 1
REMOTEHOST=129.74.154.87
_CONDOR_JOB_PIDS=
MANPATH=/afs/crc.nd.edu/user/n/nkremerh/cctools/share/man/:/afs/crc.nd.edu/group/ccl/software/x86_64/redhat7/ruby/current/share/man:/afs/crc.nd.edu/group/ccl/software/x86_64/redhat7/graphviz/current/share/man:/afs/crc.nd.edu/group/ccl/software/x86_64/redhat7/gnuplot/current/share/man:/afs/crc.nd.edu/group/ccl/software/x86_64/redhat7/git/current/share/man:/afs/crc.nd.edu/group/ccl/software/x86_64/redhat7/condor/current/share/man:/afs/crc.nd.edu/group/ccl/software/x86_64/redhat7/clang/current/share/man:/afs/crc.nd.edu/group/ccl/software/x86_64/redhat7/condor/current/share/man:/afs/crc.nd.edu/group/ccl/software/x86_64/redhat7/cctools/current/share/man:/afs/crc.nd.edu/group/ccl/software/x86_64/redhat7/cctools/current/share/man:/afs/crc.nd.edu/x86_64_linux/Modules/4.5.0/share/man:/opt/crc/usr/local/man:/opt/sge/man:/usr/share/man/overrides:/usr/share/man:/usr/local/share/man
XDG_SESSION_ID=2226
_CONDOR_ANCESTOR_5744=5756:1597419253:450106934
HOSTNAME=disc01.crc.nd.edu
_LMFILES__modshare=/afs/crc.nd.edu/x86_64_linux/Modules/modules/system_modules/CRC_default/1.1:1
MODULEPATH_modshare=/afs/crc.nd.edu/x86_64_linux/Modules/modules/general_software:1:/afs/crc.nd.edu/x86_64_linux/Modules/modules/development_tools_and_libraries:1:/afs/crc.nd.edu/x86_64_linux/Modules/modules/system_modules:1:/afs/crc.nd.edu/x86_64_linux/Modules/current/modulefiles:1:/afs/crc.nd.edu/x86_64_linux/Modules/modules/restricted_software:1:/afs/crc.nd.edu/x86_64_linux/Modules/modules/deprecated_software:1
MODULES_CMD=/afs/crc.nd.edu/x86_64_linux/Modules/4.5.0/libexec/modulecmd.tcl
HOST=disc01.crc.nd.edu
SHELL=/bin/tcsh
TERM=xterm-256color
MAKEFLAGS=
HISTSIZE=5000
TMPDIR=/var/condor/execute/dir_5744/worker-213124-5823/t.1749/cctools-temp-t.1749.DwLOdt
SSH_CLIENT=129.74.154.87 57278 22
PERL5LIB=/afs/crc.nd.edu/user/n/nkremerh/cctools/lib/perl5/site_perl/5.16.3:/afs/crc.nd.edu/user/n/nkremerh/.perl5/lib/perl5
SGE_CELL=crc
_CONDOR_SCRATCH_DIR=/var/condor/execute/dir_5744
PERL_MB_OPT=--install_base '/afs/crc.nd.edu/user/n/nkremerh/.perl5/'
SSH_TTY=/dev/pts/0
SGE_LOAD_AVG=load_avg
MAKEFLOW_MAX_LOCAL_JOBS=2
HISTFILESIZE=10000
_CHIRP_DELAYED_UPDATE_PREFIX=Chirp*
USER=nkremerh
GROUP=campus
LD_LIBRARY_PATH=/afs/crc.nd.edu/group/ccl/software/x86_64/redhat7/ruby/current/lib:/afs/crc.nd.edu/group/ccl/software/x86_64/redhat7/graphviz/current/lib:/afs/crc.nd.edu/group/ccl/software/x86_64/redhat7/git/current/lib:/afs/crc.nd.edu/group/ccl/software/x86_64/redhat7/condor/current/lib:/afs/crc.nd.edu/group/ccl/software/x86_64/redhat7/clang/current/lib:/afs/crc.nd.edu/group/ccl/software/x86_64/redhat7/condor/current/lib:/afs/crc.nd.edu/group/ccl/software/x86_64/redhat7/cctools/current/lib:/opt/crc/usr/local/lib
TEMP=/var/condor/execute/dir_5744/worker-213124-5823/t.1749/cctools-temp-t.1749.DwLOdt
BATCH_SYSTEM=HTCondor
WORKER_TMPDIR=/var/condor/execute/dir_5744/worker-213124-5823/cache/tmp
ENV=/afs/crc.nd.edu/x86_64_linux/Modules/4.5.0/init/profile.sh
MODULES_LMALTNAME=CRC_default/1.1&CRC_default/default&CRC_default
_CONDOR_CHIRP_CONFIG=/var/condor/execute/dir_5744/.chirp.config
GLOBUS_GSSAPI_MAX_TLS_PROTOCOL=0
_CONDOR_HIGHPORT=9999
HOSTTYPE=x86_64-linux
MAKELEVEL=1
MFLAGS=
CCLSOFTWARE=/afs/crc.nd.edu/group/ccl/software/x86_64/redhat7
PATH=/afs/crc.nd.edu/user/n/nkremerh/cctools/bin:/afs/crc.nd.edu/user/n/nkremerh/miniconda/bin:/afs/crc.nd.edu/group/ccl/software/git:/afs/crc.nd.edu/user/n/nkremerh/.local/bin:/afs/crc.nd.edu/group/ccl/software/x86_64/redhat7/povray/3.7/bin:/afs/crc.nd.edu/user/n/nkremerh/.perl5/bin:/afs/crc.nd.edu/user/n/nkremerh/pegasus/bin:/afs/crc.nd.edu/user/n/nkremerh/nodejs/bin:/afs/crc.nd.edu/user/n/nkremerh/montage/bin:/afs/crc.nd.edu/user/n/nkremerh/latexdiff:/afs/crc.nd.edu/user/n/nkremerh/envtrace:/afs/crc.nd.edu/user/n/nkremerh/endlines:/afs/crc.nd.edu/user/n/nkremerh/cctools/bin:/afs/crc.nd.edu/user/n/nkremerh/.cargo/bin:/afs/crc.nd.edu/group/ccl/software/x86_64/redhat7/ruby/current/bin:/afs/crc.nd.edu/group/ccl/software/x86_64/redhat7/graphviz/current/bin:/afs/crc.nd.edu/group/ccl/software/x86_64/redhat7/gnuplot/current/bin:/afs/crc.nd.edu/group/ccl/software/x86_64/redhat7/git/current/bin:/afs/crc.nd.edu/group/ccl/software/x86_64/redhat7/condor/current/sbin:/afs/crc.nd.edu/group/ccl/software/x86_64/redhat7/condor/current/bin:/afs/crc.nd.edu/group/ccl/software/x86_64/redhat7/cmake/current/bin:/afs/crc.nd.edu/group/ccl/software/x86_64/redhat7/clang/current/bin:/afs/crc.nd.edu/group/ccl/software/x86_64/redhat7/condor/current/sbin:/afs/crc.nd.edu/group/ccl/software/x86_64/redhat7/condor/current/bin:/afs/crc.nd.edu/group/ccl/software/x86_64/redhat7/cctools/current/bin:/afs/crc.nd.edu/x86_64_linux/Modules/4.5.0/bin:/opt/crc/usr/local/bin:/opt/sge/bin/lx-amd64:/usr/local/bin:/usr/bin:/usr/local/sbin:/usr/sbin:/afs/crc.nd.edu/user/c/condor/software/bin:/afs/crc.nd.edu/user/c/condor/software/sbin
MAIL=/var/spool/mail/nkremerh
_CONDOR_ANCESTOR_3724=5744:1597419250:3107182971
PWD=/var/condor/execute/dir_5744/worker-213124-5823/t.1749
_LMFILES_=/afs/crc.nd.edu/x86_64_linux/Modules/modules/system_modules/CRC_default/1.1
SGE_EXECD_PORT=6445
EDITOR=vim
LANG=en_US.UTF-8
MODULEPATH=/afs/crc.nd.edu/x86_64_linux/Modules/modules/development_tools_and_libraries:/afs/crc.nd.edu/x86_64_linux/Modules/modules/general_software:/afs/crc.nd.edu/x86_64_linux/Modules/modules/restricted_software:/afs/crc.nd.edu/x86_64_linux/Modules/modules/system_modules:/afs/crc.nd.edu/x86_64_linux/Modules/modules/deprecated_software:/afs/crc.nd.edu/x86_64_linux/Modules/current/modulefiles
SGE_QMASTER_PORT=6444
SGE_ROOT=/opt/sge
LOADEDMODULES=CRC_default/1.1
WORK_QUEUE_SANDBOX=/var/condor/execute/dir_5744/worker-213124-5823
_CONDOR_SLOT=slot2_2
CCLPLATFORM=x86_64/redhat7
USE_SYSTEMD=true
_CONDOR_LOWPORT=9100
KRB5CCNAME=FILE:/tmp/krb5cc_213124_jfvfni
HISTCONTROL=ignoreboth:erasedups
PATH_modshare=/opt/crc/usr/local/bin:1:/opt/sge/bin/lx-amd64:1:/usr/sbin:1:/usr/bin:1:/afs/crc.nd.edu/user/c/condor/software/sbin:1:/usr/local/sbin:1:/afs/crc.nd.edu/user/c/condor/software/bin:1:/usr/local/bin:1
SHLVL=7
HOME=disc01.crc.nd.edu
GLOBUS_GSSAPI_NAME_COMPATIBILITY=STRICT_RFC2818
_CONDOR_MACHINE_AD=/var/condor/execute/dir_5744/.machine.ad
OSTYPE=linux
DISK=18253
GREP_OPTIONS=--color=auto
GLOBUS_GSSAPI_MIN_TLS_PROTOCOL=TLS1_VERSION
MEMORY=1948
MANPATH_modshare=/usr/share/man/overrides:1:/usr/local/share/man:1:/usr/share/man:1:/opt/crc/usr/local/man:1:/opt/sge/man:1
VENDOR=unknown
BASH_ENV=/afs/crc.nd.edu/x86_64_linux/Modules/4.5.0/init/bash
PERL_LOCAL_LIB_ROOT=/afs/crc.nd.edu/user/n/nkremerh/.perl5/
PYTHONPATH=/afs/crc.nd.edu/user/n/nkremerh/cctools/lib/python3.6/site-packages/
CCLHOME=/afs/crc.nd.edu/group/ccl
MACHTYPE=x86_64
LOGNAME=nkremerh
TMP=/var/condor/execute/dir_5744/worker-213124-5823/t.1749/cctools-temp-t.1749.DwLOdt
LD_LIBRARY_PATH_modshare=/opt/crc/usr/local/lib:1
MODULES_LMALTNAME_modshare=CRC_default/1.1&CRC_default/default&CRC_default:1
SSH_CONNECTION=129.74.154.87 57278 129.74.128.103 22
MODULESHOME=/afs/crc.nd.edu/x86_64_linux/Modules/4.5.0
OMP_NUM_THREADS=1
LESSOPEN=||/usr/bin/lesspipe.sh %s
GLOBUS_GSSAPI_BACKWARD_COMPATIBLE_MIC=true
GLOBUS_GSSAPI_CIPHERS=HIGH
LOADEDMODULES_modshare=CRC_default/1.1:1
_CONDOR_JOB_AD=/var/condor/execute/dir_5744/.job.ad
_CONDOR_ANCESTOR_3674=3724:1596369966:37829754
SGE_CLUSTER_NAME=CRC
XDG_RUNTIME_DIR=/run/user/213124
CCTOOLS=../cctools
CORES=2
_CONDOR_JOB_IWD=/var/condor/execute/dir_5744
PERL_MM_OPT=INSTALL_BASE=/afs/crc.nd.edu/user/n/nkremerh/.perl5/
GLOBUS_GSSAPI_SERVER_CIPHER_ORDER=true
BASH_FUNC_module()=() {  unset _mlshdbg;
 if [ "${MODULES_SILENT_SHELL_DEBUG:-0}" = '1' ]; then
 case "$-" in 
 *v*x*)
 set +vx;
 _mlshdbg='vx'
 ;;
 *v*)
 set +v;
 _mlshdbg='v'
 ;;
 *x*)
 set +x;
 _mlshdbg='x'
 ;;
 *)
 _mlshdbg=''
 ;;
 esac;
 fi;
 unset _mlre _mlIFS;
 if [ -n "${IFS+x}" ]; then
 _mlIFS=$IFS;
 fi;
 IFS=' ';
 for _mlv in ${MODULES_RUN_QUARANTINE:-};
 do
 if [ "${_mlv}" = "${_mlv##*[!A-Za-z0-9_]}" -a "${_mlv}" = "${_mlv#[0-9]}" ]; then
 if [ -n "`eval 'echo ${'$_mlv'+x}'`" ]; then
 _mlre="${_mlre:-}${_mlv}_modquar='`eval 'echo ${'$_mlv'}'`' ";
 fi;
 _mlrv="MODULES_RUNENV_${_mlv}";
 _mlre="${_mlre:-}${_mlv}='`eval 'echo ${'$_mlrv':-}'`' ";
 fi;
 done;
 if [ -n "${_mlre:-}" ]; then
 eval `eval ${_mlre}/usr/bin/tclsh /afs/crc.nd.edu/x86_64_linux/Modules/4.5.0/libexec/modulecmd.tcl bash '"$@"'`;
 else
 eval `/usr/bin/tclsh /afs/crc.nd.edu/x86_64_linux/Modules/4.5.0/libexec/modulecmd.tcl bash "$@"`;
 fi;
 _mlstatus=$?;
 if [ -n "${_mlIFS+x}" ]; then
 IFS=$_mlIFS;
 else
 unset IFS;
 fi;
 unset _mlre _mlv _mlrv _mlIFS;
 if [ -n "${_mlshdbg:-}" ]; then
 set -$_mlshdbg;
 fi;
 unset _mlshdbg;
 return $_mlstatus
}
BASH_FUNC_ml()=() {  module ml "$@"
}
_=/usr/bin/printenv
