28249   0.000000 libjli.so->getenv("_JAVA_LAUNCHER_DEBUG") = nil
28249   0.001747 libjli.so->getenv("_JAVA_VERSION_SET") = nil
28249   0.000711 libjli.so->fopen("/usr/lib/jvm/java-1.8.0-openjdk-1.8.0.262.b10-0.el7_8.x86_64/jre/lib/amd64/jvm.cfg", "r") = 0x5617005e00f0
28249   0.000827 libjli.so->getenv("JDK_ALTERNATE_VM") = nil
28249   0.000359 libjli.so->__xstat(1, "/usr/lib/jvm/java-1.8.0-openjdk-1.8.0.262.b10-0.el7_8.x86_64/jre/lib/amd64/server/libjvm.so", 0x7ffcb228af60) = 0
28249   0.000631 libjli.so->getenv("LD_LIBRARY_PATH") = "/afs/crc.nd.edu/group/ccl/software/x86_64/redhat7/ruby/current/lib:/afs/crc.nd.edu/group/ccl/software/x86_64/redhat7/graphviz/current/lib:/afs/crc.nd.edu/group/ccl/software/x86_64/redhat7/git/current/lib:/afs/crc.nd.edu/group/ccl/software/x86_64/redhat7/condor/current/lib:/afs/crc.nd.edu/group/ccl/software/x86_64/redhat7/clang/current/lib:/afs/crc.nd.edu/group/ccl/software/x86_64/redhat7/condor/current/lib:/afs/crc.nd.edu/group/ccl/software/x86_64/redhat7/cctools/current/lib:/opt/crc/usr/local/lib"
28249   0.002083 libjli.so->dlopen("/usr/lib/jvm/java-1.8.0-openjdk-1.8.0.262.b10-0.el7_8.x86_64/jre/lib/amd64/server/libjvm.so", 258 <unfinished ...>
28249   0.037809 libjvm.so->getenv("NMT_LEVEL_28249") = nil
28249   0.001691 <... dlopen resumed> )          = 0x5617005e04c0
28249   0.000082 libjli.so->getenv("CLASSPATH")  = nil
28249   0.000785 libjli.so->getenv("_JAVA_SPLASH_JAR") = nil
28249   0.000342 libjli.so->getenv("_JAVA_SPLASH_FILE") = nil
28249   0.000327 libjli.so->pthread_attr_setdetachstate(0x7ffcb228af10, 0, 0x7ffcb228afa0, 0) = 0
28249   0.000455 libpthread.so.0->__clone(0x2b3e6d89ede0, 0x2b3e6d7b1fc0, 0x3d0f00, 0x2b3e6d7b2700) = 0x6e5e
28254   0.001732 libjvm.so->dlopen(0x2b3e6f07d9ae, 1, 0xfffffffffff42c48, 4096) = 0x2b3e70000990
28254   0.002742 libjvm.so->getenv(0x2b3e6f09883e, 0, 115, 0x65737361) = 0x7ffcb22916da
28254   0.000501 libjvm.so->fopen(0x2b3e6d7b0c10, 0x2b3e6f034ccb, 0x6f732e79666972, 0x2b3e6e176ab0) = 0x2b3e70001440
28254   0.001409 libjvm.so->dlopen(0x2b3e6d7b0c10, 1, 0xffffffff, 0x2b3e70002b00) = 0x2b3e70001440
28254   0.001560 libjvm.so->fopen(0x2b3e6d7b0c10, 0x2b3e6f034ccb, 111, 0x732e6176) = 0x2b3e70001b10
28254   0.001557 libjvm.so->dlopen(0x2b3e6d7b0c10, 1, 0xffffffff, 0x2b3e70001a00) = 0x2b3e70001b10
28254   0.001641 libjvm.so->__xstat(1, 0x2b3e6d7b1360, 0x2b3e6d7b1ba0, 0x746f7073746f682e) = -1
28254   0.000457 libjvm.so->getenv(0x2b3e6f02d541, 0x2b3e6d7b16d0, 1024, 0x2b3e6f4e761b) = 0
28254   0.000472 libjvm.so->getenv(0x2b3e6f02d533, 0x2b3e6d7b16d0, 1024, 0) = 0
28254   0.000435 libjvm.so->fopen(0x2b3e6f07d315, 0x2b3e6f034ccb, 4095, 0xffffd4c190fd2b03) = 0x2b3e70003290
28254   0.001083 libjvm.so->fopen(0x2b3e6f07d361, 0x2b3e6f034ccb, 0x2b3e70000078, 0x2b3e70003280) = 0x2b3e70003290
28254   0.000702 libjvm.so->fopen(0x2b3e6d7ab9b0, 0x2b3e6f034ccb, 4014, 3995) = 0x2b3e70003290
28254   0.000700 libjvm.so->opendir(0x2b3e70002b40, 0x2b3e70002b40, 13, 16) = 0
28254   0.000466 libjvm.so->__xstat(1, 0x2b3e6d7b08f0, 0x2b3e6d7af860, 0x6f732e7477616d62) = -1
28254   0.000473 libjvm.so->__xstat(1, 0x2b3e6d7b08f0, 0x2b3e6d7af860, 0x5f74776162696c2f) = 0
28254   0.000545 libjvm.so->fopen(0x2b3e6d7afb90, 0x2b3e6f034ccb, 4009, 3994) = 0x2b3e70003770
28254   0.000697 libjvm.so->fopen(0x2b3e6d7afb90, 0x2b3e6f034ccb, 4009, 3994) = 0x2b3e70003770
28254   0.000613 libjvm.so->fopen(0x2b3e6d7afb90, 0x2b3e6f034ccb, 4009, 4002) = 0x2b3e70003770
28254   0.000634 libjvm.so->fopen(0x2b3e6d7afb20, 0x2b3e6f034ccb, 4009, 3994) = 0x2b3e70003770
28254   0.000596 libjvm.so->fopen(0x2b3e6d7afb20, 0x2b3e6f034ccb, 4009, 3994) = 0x2b3e70003770
28254   0.000600 libjvm.so->fopen(0x2b3e6d7afb20, 0x2b3e6f034ccb, 4009, 4002) = 0x2b3e70003770
28254   0.000649 libjvm.so->fopen(0x2b3e6d7afb50, 0x2b3e6f034ccb, 4014, 3995) = 0x2b3e70003770
28254   0.000828 libjvm.so->getenv(0x2b3e6f07e0ff, 4096, 3, -1) = 0
28254   0.000911 libjvm.so->fopen(0x2b3e6f07d998, 0x2b3e6f034ccb, 0x2b3e6d895908, 0x2b3e6d894df0) = 0x2b3e70003770
28254   0.004725 libjvm.so->open(0x2b3e7004a560, 0x20000, 0, 0x2b3e7004a5a9) = 3
28254   0.000482 libjvm.so->__fxstat(1, 3, 0x2b3e6d7b1a00, -1) = 0
28254   0.000468 libjvm.so->opendir(0x2b3e7004a560, 0x2b3e6d7b1a00, 0x4000, -1) = 0x2b3e7004b470
28254   0.000475 libjvm.so->__fxstat(1, 3, 0x2b3e6d7b18a0, 0x2b3e7004b470) = 0
28254   0.000426 libjvm.so->__fxstat(1, 5, 0x2b3e6d7b1930, -1) = 0
28254   0.000469 libjvm.so->open(0x2b3e6f04b9dc, 0, 0, 0) = 3
28254   0.000690 libjvm.so->__lxstat(1, 0x2b3e7004a560, 0x2b3e6d7b1b50, -144) = 0
28254   0.000480 libjvm.so->open(0x2b3e7004a560, 0x20000, 0x4000, -1) = 3
28254   0.000415 libjvm.so->__fxstat(1, 3, 0x2b3e6d7b1a00, -1) = 0
28254   0.000540 libjvm.so->opendir(0x2b3e7004a560, 0x2b3e6d7b1a00, 0x4000, -1) = 0x2b3e7004b470
28254   0.000482 libjvm.so->__fxstat(1, 3, 0x2b3e6d7b18a0, 0x2b3e7004b470) = 0
28254   0.000481 libjvm.so->__fxstat(1, 5, 0x2b3e6d7b1930, -1) = 0
28254   0.000468 libjvm.so->open(0x2b3e6f04b9dc, 0, 0, 0) = 3
28254   0.000499 libjvm.so->open(0x2b3e7004a5a9, 0x20042, 384, -1) = 7
28254   0.000740 libjvm.so->__fxstat(1, 7, 0x2b3e6d7b1b50, -1) = 0
28254   0.001697 libjvm.so->fopen(0x2b3e6d7b0b60, 0x2b3e6f034ccb, 4, 0x6f732e70) = 0x2b3e70057bc0
28254   0.001488 libjvm.so->dlopen(0x2b3e6d7b0b60, 1, 0xffffffff, 0x2b3e70057b00) = 0x2b3e70057bc0
28254   0.001459 libjvm.so->__xstat(1, 0x2b3e6d7b1120, 0x2b3e6d7b1950, 2048) = 0
28254   0.000498 libjvm.so->__xstat(1, 0x2b3e6d7b1120, 0x2b3e6d7b1950, 2048) = 0
28254   0.000476 libjvm.so->__xstat(1, 0x2b3e6d7b1120, 0x2b3e6d7b1950, 2048) = -1
28254   0.000628 libjvm.so->__xstat(1, 0x2b3e6d7b1120, 0x2b3e6d7b1950, 2048) = 0
28254   0.000455 libjvm.so->__xstat(1, 0x2b3e6d7b1120, 0x2b3e6d7b1950, 2048) = 0
28254   0.000452 libjvm.so->__xstat(1, 0x2b3e6d7b1120, 0x2b3e6d7b1950, 2048) = 0
28254   0.000440 libjvm.so->__xstat(1, 0x2b3e6d7b1120, 0x2b3e6d7b1950, 2048) = 0
28254   0.000470 libjvm.so->__xstat(1, 0x2b3e6d7b1120, 0x2b3e6d7b1950, 2048) = -1
28254   0.000459 libjvm.so->fopen(0x2b3e70002520, 0x2b3e6f034ccb, 0, 0) = 0x2b3e70058a60
28254   0.008770 libjvm.so->open64(0x2b3e6d7b0410, 0, 0, 16) = 3
28254   0.000465 libjvm.so->__fxstat64(1, 3, 0x2b3e6d7b0240, -1) = 0
28254   0.036567 libjvm.so->__xstat(1, 0x2b3e6d7b0f20, 0x2b3e6d7b1750, 2048) = -1
28254   0.000614 libjvm.so->fopen(0x2b3e6d7afb20, 0x2b3e6f034ccb, 4009, 3994) = 0x2b3e700b5e20
28254   0.000740 libjvm.so->fopen(0x2b3e6d7afb20, 0x2b3e6f034ccb, 4009, 3994) = 0x2b3e700b5e20
28254   0.000656 libjvm.so->fopen(0x2b3e6d7afb20, 0x2b3e6f034ccb, 4009, 4002) = 0x2b3e700b5e20
28254   0.004359 libjvm.so->pthread_attr_setdetachstate(0x2b3e6d7b1c00, 1, 0, 0) = 0
28254   0.000500 libpthread.so.0->__clone(0x2b3e6d89ede0, 0x2b3e86141fc0, 0x3d0f00, 0x2b3e86142700) = 0x6e5f
28254   0.015584 libjvm.so->pthread_attr_setdetachstate(0x2b3e6d7b1290, 1, 0, 0) = 0
28254   0.000668 libpthread.so.0->__clone(0x2b3e6d89ede0, 0x2b3e86242fc0, 0x3d0f00, 0x2b3e86243700) = 0x6e60
28254   0.007112 libjvm.so->pthread_attr_setdetachstate(0x2b3e6d7b1610, 1, 0, 0) = 0
28254   0.000823 libpthread.so.0->__clone(0x2b3e6d89ede0, 0x2b3e86343fc0, 0x3d0f00, 0x2b3e86344700) = 0x6e61
28254   0.040297 libjvm.so->fopen(0x2b3e700e9150, 0x2b3e6f034ccb, 4, 0x6f732e70) = 0x2b3e700f1c90
28254   0.002011 libjvm.so->dlopen(0x2b3e700e9150, 1, 0xffffffff, 0x2b3e700ec300) = 0x2b3e70057bc0
28254   0.005130 libjvm.so->open64(0x2b3e6d7b0510, 0, 0, 16) = 5
28254   0.000938 libjvm.so->__fxstat64(1, 5, 0x2b3e6d7b0340, -1) = 0
28254   0.019899 libjvm.so->fopen(0x2b3e6d7ad130, 0x2b3e6f034ccb, 4009, 3994) = 0x2b3e700fcbe0
28254   0.001168 libjvm.so->fopen(0x2b3e6d7ad130, 0x2b3e6f034ccb, 4009, 3994) = 0x2b3e700fcbe0
28254   0.001071 libjvm.so->fopen(0x2b3e6d7ad130, 0x2b3e6f034ccb, 4009, 4002) = 0x2b3e700fcbe0
28254   0.015660 libjvm.so->pthread_attr_setdetachstate(0x2b3e6d7b1b50, 1, 0, 0) = 0
28254   0.001000 libpthread.so.0->__clone(0x2b3e6d89ede0, 0x2b3e86444fc0, 0x3d0f00, 0x2b3e86445700) = 0x6e62
28254   0.001429 libjvm.so->__xstat64(1, 0x2b3e6d7b1be0, 0x2b3e6d7b1b50, 19) = -1
28254   0.001211 libjvm.so->pthread_attr_setdetachstate(0x2b3e6d7b1950, 1, 0, 0) = 0
28254   0.001112 libpthread.so.0->__clone(0x2b3e6d89ede0, 0x2b3e86545fc0, 0x3d0f00, 0x2b3e86546700) = 0x6e63
28254   0.001702 libjvm.so->pthread_attr_setdetachstate(0x2b3e6d7b1950, 1, 0, 0) = 0
28254   0.005836 libpthread.so.0->__clone(0x2b3e6d89ede0, 0x2b3e86646fc0, 0x3d0f00, 0x2b3e86647700) = 0x6e64
28254   0.011530 libjvm.so->pthread_attr_setdetachstate(0x2b3e6d7b1aa0, 1, 0, 0) = 0
28254   0.001479 libpthread.so.0->__clone(0x2b3e6d89ede0, 0x2b3e86747fc0, 0x3d0f00, 0x2b3e86748700) = 0x6e65
28254   0.002239 libjvm.so->pthread_attr_setdetachstate(0x2b3e6d7b1bb0, 1, 0, 0) = 0
28254   0.001617 libpthread.so.0->__clone(0x2b3e6d89ede0, 0x2b3e86848fc0, 0x3d0f00, 0x2b3e86849700) = 0x6e66
28254   0.015379 libjvm.so->open64(0x2b3e70126870, 0, 0, 48) = 7
28254   0.001725 libjvm.so->__fxstat64(1, 7, 0x2b3e6d7aef60, -1) = 0
28254   0.026190 libjvm.so->fopen(0x2b3e7014c5a0, 0x2b3e6f034ccb, 4, 0x6f732e6f) = 0x2b3e7014c660
28254   0.005173 libjvm.so->dlopen(0x2b3e7014c5a0, 1, 0xffffffff, 0x2b3e7014c500) = 0x2b3e7014c660
28254   0.144804 libjvm.so->fopen(0x2b3e7019d000, 0x2b3e6f034ccb, 4, 0x6f732e74) = 0x2b3e7019ab80
28254   0.007556 libjvm.so->dlopen(0x2b3e7019d000, 1, 0xffffffff, 0x2b3e7019d900) = 0x2b3e701c0220
28254   0.149871 libjvm.so->fopen(0x2b3e70218fe0, 0x2b3e6f034ccb, 0x6f732e7373656c, 0x656c646165685f74) = 0x2b3e702190c0
28254   0.003090 libjvm.so->dlopen(0x2b3e70218fe0, 1, 0xffffffff, 0x2b3e70219000) = 0x2b3e702190c0
28254   0.025018 libjvm.so->fopen(0x2b3e6d7aa990, 0x2b3e6f034ccb, 0x6f732e, 0x6d766a62696c2f72) = 0x2b3e70223000
28254   0.006555 libjvm.so->dlopen(0x2b3e6d7aa990, 1, 0xffffffff, 0x2b3e70222500) = 0x5617005e04c0
28254   0.001682 libjvm.so->fopen(0x2b3e6d7aa990, 0x2b3e6f034ccb, 0x6f732e, 0x6d766a62696c2f72) = 0x2b3e70222fa0
28254   0.005605 libjvm.so->dlopen(0x2b3e6d7aa990, 1, 0xffffffff, 0x2b3e70222500) = 0x5617005e04c0
28254   0.001688 libjvm.so->fopen(0x2b3e6d7aa990, 0x2b3e6f034ccb, 0x6f732e, 0x6d766a62696c2f72) = 0x2b3e70222fa0
28254   0.003936 libjvm.so->dlopen(0x2b3e6d7aa990, 1, 0xffffffff, 0x2b3e70222500) = 0x5617005e04c0
28254   0.001733 libjvm.so->fopen(0x2b3e6d7aa990, 0x2b3e6f034ccb, 0x6f732e, 0x6d766a62696c2f72) = 0x2b3e70222fa0
28254   0.003953 libjvm.so->dlopen(0x2b3e6d7aa990, 1, 0xffffffff, 0x2b3e70222500) = 0x5617005e04c0
28254   3.616231 --- SIGSEGV (Segmentation fault) ---
28262   8.264618 +++ exited (status 0) +++
28258   0.000449 +++ exited (status 0) +++
28255   0.000582 +++ exited (status 0) +++
28254   0.000272 +++ exited (status 0) +++
28259   0.000353 +++ exited (status 0) +++
28261   0.000025 +++ exited (status 0) +++
28257   0.000016 +++ exited (status 0) +++
28256   0.000015 +++ exited (status 0) +++
28260   0.028179 +++ exited (status 0) +++
28249   0.000054 +++ exited (status 0) +++
Wrote an ltrace for command: "java -cp ./tools/maxent.jar density.MaxEnt -s outputs/Paedomorpha_gayi_Smithers.csv -e data/layers/worldclim -o outputs/Paedomorpha_gayi_Smithers nowarnings nocache autorun -z" with PID 28246 from PPID 28225 on disc24.crc.nd.edu with result 0
REMOTEHOST=129.74.154.87
MANPATH=/afs/crc.nd.edu/user/n/nkremerh/cctools/share/man/:/afs/crc.nd.edu/group/ccl/software/x86_64/redhat7/ruby/current/share/man:/afs/crc.nd.edu/group/ccl/software/x86_64/redhat7/graphviz/current/share/man:/afs/crc.nd.edu/group/ccl/software/x86_64/redhat7/gnuplot/current/share/man:/afs/crc.nd.edu/group/ccl/software/x86_64/redhat7/git/current/share/man:/afs/crc.nd.edu/group/ccl/software/x86_64/redhat7/condor/current/share/man:/afs/crc.nd.edu/group/ccl/software/x86_64/redhat7/clang/current/share/man:/afs/crc.nd.edu/group/ccl/software/x86_64/redhat7/condor/current/share/man:/afs/crc.nd.edu/group/ccl/software/x86_64/redhat7/cctools/current/share/man:/afs/crc.nd.edu/group/ccl/software/x86_64/redhat7/cctools/current/share/man:/afs/crc.nd.edu/x86_64_linux/Modules/4.5.0/share/man:/opt/crc/usr/local/man:/opt/sge/man:/usr/share/man/overrides:/usr/share/man:/usr/local/share/man
_CONDOR_JOB_PIDS=
XDG_SESSION_ID=2226
HOSTNAME=disc01.crc.nd.edu
_LMFILES__modshare=/afs/crc.nd.edu/x86_64_linux/Modules/modules/system_modules/CRC_default/1.1:1
_CONDOR_ANCESTOR_3558=3653:1596369982:487954646
MODULEPATH_modshare=/afs/crc.nd.edu/x86_64_linux/Modules/modules/general_software:1:/afs/crc.nd.edu/x86_64_linux/Modules/modules/development_tools_and_libraries:1:/afs/crc.nd.edu/x86_64_linux/Modules/modules/system_modules:1:/afs/crc.nd.edu/x86_64_linux/Modules/current/modulefiles:1:/afs/crc.nd.edu/x86_64_linux/Modules/modules/restricted_software:1:/afs/crc.nd.edu/x86_64_linux/Modules/modules/deprecated_software:1
TERM=xterm-256color
SHELL=/bin/tcsh
HOST=disc01.crc.nd.edu
MODULES_CMD=/afs/crc.nd.edu/x86_64_linux/Modules/4.5.0/libexec/modulecmd.tcl
HISTSIZE=5000
MAKEFLAGS=
SSH_CLIENT=129.74.154.87 57278 22
TMPDIR=/var/condor/execute/dir_20560/worker-213124-20638/t.1060/cctools-temp-t.1060.JWODeT
PERL5LIB=/afs/crc.nd.edu/user/n/nkremerh/cctools/lib/perl5/site_perl/5.16.3:/afs/crc.nd.edu/user/n/nkremerh/.perl5/lib/perl5
SGE_CELL=crc
_CONDOR_SCRATCH_DIR=/var/condor/execute/dir_20560
PERL_MB_OPT=--install_base '/afs/crc.nd.edu/user/n/nkremerh/.perl5/'
SSH_TTY=/dev/pts/0
SGE_LOAD_AVG=load_avg
MAKEFLOW_MAX_LOCAL_JOBS=2
GROUP=campus
USER=nkremerh
_CHIRP_DELAYED_UPDATE_PREFIX=Chirp*
HISTFILESIZE=10000
TEMP=/var/condor/execute/dir_20560/worker-213124-20638/t.1060/cctools-temp-t.1060.JWODeT
LD_LIBRARY_PATH=/afs/crc.nd.edu/group/ccl/software/x86_64/redhat7/ruby/current/lib:/afs/crc.nd.edu/group/ccl/software/x86_64/redhat7/graphviz/current/lib:/afs/crc.nd.edu/group/ccl/software/x86_64/redhat7/git/current/lib:/afs/crc.nd.edu/group/ccl/software/x86_64/redhat7/condor/current/lib:/afs/crc.nd.edu/group/ccl/software/x86_64/redhat7/clang/current/lib:/afs/crc.nd.edu/group/ccl/software/x86_64/redhat7/condor/current/lib:/afs/crc.nd.edu/group/ccl/software/x86_64/redhat7/cctools/current/lib:/opt/crc/usr/local/lib
BATCH_SYSTEM=HTCondor
_CONDOR_ANCESTOR_3653=20560:1597419250:2146104684
MODULES_LMALTNAME=CRC_default/1.1&CRC_default/default&CRC_default
ENV=/afs/crc.nd.edu/x86_64_linux/Modules/4.5.0/init/profile.sh
WORKER_TMPDIR=/var/condor/execute/dir_20560/worker-213124-20638/cache/tmp
HOSTTYPE=x86_64-linux
_CONDOR_HIGHPORT=9999
GLOBUS_GSSAPI_MAX_TLS_PROTOCOL=0
_CONDOR_CHIRP_CONFIG=/var/condor/execute/dir_20560/.chirp.config
MAKELEVEL=1
MFLAGS=
MAIL=/var/spool/mail/nkremerh
PATH=/afs/crc.nd.edu/user/n/nkremerh/cctools/bin:/afs/crc.nd.edu/user/n/nkremerh/miniconda/bin:/afs/crc.nd.edu/group/ccl/software/git:/afs/crc.nd.edu/user/n/nkremerh/.local/bin:/afs/crc.nd.edu/group/ccl/software/x86_64/redhat7/povray/3.7/bin:/afs/crc.nd.edu/user/n/nkremerh/.perl5/bin:/afs/crc.nd.edu/user/n/nkremerh/pegasus/bin:/afs/crc.nd.edu/user/n/nkremerh/nodejs/bin:/afs/crc.nd.edu/user/n/nkremerh/montage/bin:/afs/crc.nd.edu/user/n/nkremerh/latexdiff:/afs/crc.nd.edu/user/n/nkremerh/envtrace:/afs/crc.nd.edu/user/n/nkremerh/endlines:/afs/crc.nd.edu/user/n/nkremerh/cctools/bin:/afs/crc.nd.edu/user/n/nkremerh/.cargo/bin:/afs/crc.nd.edu/group/ccl/software/x86_64/redhat7/ruby/current/bin:/afs/crc.nd.edu/group/ccl/software/x86_64/redhat7/graphviz/current/bin:/afs/crc.nd.edu/group/ccl/software/x86_64/redhat7/gnuplot/current/bin:/afs/crc.nd.edu/group/ccl/software/x86_64/redhat7/git/current/bin:/afs/crc.nd.edu/group/ccl/software/x86_64/redhat7/condor/current/sbin:/afs/crc.nd.edu/group/ccl/software/x86_64/redhat7/condor/current/bin:/afs/crc.nd.edu/group/ccl/software/x86_64/redhat7/cmake/current/bin:/afs/crc.nd.edu/group/ccl/software/x86_64/redhat7/clang/current/bin:/afs/crc.nd.edu/group/ccl/software/x86_64/redhat7/condor/current/sbin:/afs/crc.nd.edu/group/ccl/software/x86_64/redhat7/condor/current/bin:/afs/crc.nd.edu/group/ccl/software/x86_64/redhat7/cctools/current/bin:/afs/crc.nd.edu/x86_64_linux/Modules/4.5.0/bin:/opt/crc/usr/local/bin:/opt/sge/bin/lx-amd64:/usr/local/bin:/usr/bin:/usr/local/sbin:/usr/sbin:/afs/crc.nd.edu/user/c/condor/software/bin:/afs/crc.nd.edu/user/c/condor/software/sbin
CCLSOFTWARE=/afs/crc.nd.edu/group/ccl/software/x86_64/redhat7
PWD=/var/condor/execute/dir_20560/worker-213124-20638/t.1060
_LMFILES_=/afs/crc.nd.edu/x86_64_linux/Modules/modules/system_modules/CRC_default/1.1
EDITOR=vim
SGE_EXECD_PORT=6445
LANG=en_US.UTF-8
SGE_QMASTER_PORT=6444
MODULEPATH=/afs/crc.nd.edu/x86_64_linux/Modules/modules/development_tools_and_libraries:/afs/crc.nd.edu/x86_64_linux/Modules/modules/general_software:/afs/crc.nd.edu/x86_64_linux/Modules/modules/restricted_software:/afs/crc.nd.edu/x86_64_linux/Modules/modules/system_modules:/afs/crc.nd.edu/x86_64_linux/Modules/modules/deprecated_software:/afs/crc.nd.edu/x86_64_linux/Modules/current/modulefiles
LOADEDMODULES=CRC_default/1.1
SGE_ROOT=/opt/sge
CCLPLATFORM=x86_64/redhat7
_CONDOR_SLOT=slot2_2
WORK_QUEUE_SANDBOX=/var/condor/execute/dir_20560/worker-213124-20638
USE_SYSTEMD=true
_CONDOR_LOWPORT=9100
HISTCONTROL=ignoreboth:erasedups
KRB5CCNAME=FILE:/tmp/krb5cc_213124_jfvfni
_CONDOR_ANCESTOR_20560=20571:1597419253:847561686
GLOBUS_GSSAPI_NAME_COMPATIBILITY=STRICT_RFC2818
HOME=disc01.crc.nd.edu
SHLVL=6
PATH_modshare=/opt/crc/usr/local/bin:1:/opt/sge/bin/lx-amd64:1:/usr/sbin:1:/usr/bin:1:/afs/crc.nd.edu/user/c/condor/software/sbin:1:/usr/local/sbin:1:/afs/crc.nd.edu/user/c/condor/software/bin:1:/usr/local/bin:1
OSTYPE=linux
_CONDOR_MACHINE_AD=/var/condor/execute/dir_20560/.machine.ad
GREP_OPTIONS=--color=auto
DISK=18227
GLOBUS_GSSAPI_MIN_TLS_PROTOCOL=TLS1_VERSION
MANPATH_modshare=/usr/share/man/overrides:1:/usr/local/share/man:1:/usr/share/man:1:/opt/crc/usr/local/man:1:/opt/sge/man:1
MEMORY=1948
PERL_LOCAL_LIB_ROOT=/afs/crc.nd.edu/user/n/nkremerh/.perl5/
BASH_ENV=/afs/crc.nd.edu/x86_64_linux/Modules/4.5.0/init/bash
VENDOR=unknown
TMP=/var/condor/execute/dir_20560/worker-213124-20638/t.1060/cctools-temp-t.1060.JWODeT
LOGNAME=nkremerh
MACHTYPE=x86_64
CCLHOME=/afs/crc.nd.edu/group/ccl
PYTHONPATH=/afs/crc.nd.edu/user/n/nkremerh/cctools/lib/python3.6/site-packages/
LD_LIBRARY_PATH_modshare=/opt/crc/usr/local/lib:1
SSH_CONNECTION=129.74.154.87 57278 129.74.128.103 22
MODULES_LMALTNAME_modshare=CRC_default/1.1&CRC_default/default&CRC_default:1
MODULESHOME=/afs/crc.nd.edu/x86_64_linux/Modules/4.5.0
GLOBUS_GSSAPI_CIPHERS=HIGH
GLOBUS_GSSAPI_BACKWARD_COMPATIBLE_MIC=true
LESSOPEN=||/usr/bin/lesspipe.sh %s
OMP_NUM_THREADS=1
_CONDOR_JOB_AD=/var/condor/execute/dir_20560/.job.ad
LOADEDMODULES_modshare=CRC_default/1.1:1
XDG_RUNTIME_DIR=/run/user/213124
SGE_CLUSTER_NAME=CRC
CCTOOLS=../cctools
CORES=2
_CONDOR_JOB_IWD=/var/condor/execute/dir_20560
PERL_MM_OPT=INSTALL_BASE=/afs/crc.nd.edu/user/n/nkremerh/.perl5/
GLOBUS_GSSAPI_SERVER_CIPHER_ORDER=true
BASH_FUNC_module()=() {  unset _mlshdbg;
 if [ "${MODULES_SILENT_SHELL_DEBUG:-0}" = '1' ]; then
 case "$-" in 
 *v*x*)
 set +vx;
 _mlshdbg='vx'
 ;;
 *v*)
 set +v;
 _mlshdbg='v'
 ;;
 *x*)
 set +x;
 _mlshdbg='x'
 ;;
 *)
 _mlshdbg=''
 ;;
 esac;
 fi;
 unset _mlre _mlIFS;
 if [ -n "${IFS+x}" ]; then
 _mlIFS=$IFS;
 fi;
 IFS=' ';
 for _mlv in ${MODULES_RUN_QUARANTINE:-};
 do
 if [ "${_mlv}" = "${_mlv##*[!A-Za-z0-9_]}" -a "${_mlv}" = "${_mlv#[0-9]}" ]; then
 if [ -n "`eval 'echo ${'$_mlv'+x}'`" ]; then
 _mlre="${_mlre:-}${_mlv}_modquar='`eval 'echo ${'$_mlv'}'`' ";
 fi;
 _mlrv="MODULES_RUNENV_${_mlv}";
 _mlre="${_mlre:-}${_mlv}='`eval 'echo ${'$_mlrv':-}'`' ";
 fi;
 done;
 if [ -n "${_mlre:-}" ]; then
 eval `eval ${_mlre}/usr/bin/tclsh /afs/crc.nd.edu/x86_64_linux/Modules/4.5.0/libexec/modulecmd.tcl bash '"$@"'`;
 else
 eval `/usr/bin/tclsh /afs/crc.nd.edu/x86_64_linux/Modules/4.5.0/libexec/modulecmd.tcl bash "$@"`;
 fi;
 _mlstatus=$?;
 if [ -n "${_mlIFS+x}" ]; then
 IFS=$_mlIFS;
 else
 unset IFS;
 fi;
 unset _mlre _mlv _mlrv _mlIFS;
 if [ -n "${_mlshdbg:-}" ]; then
 set -$_mlshdbg;
 fi;
 unset _mlshdbg;
 return $_mlstatus
}
BASH_FUNC_ml()=() {  module ml "$@"
}
_=/usr/bin/printenv
