27225   0.000000 libjli.so->getenv("_JAVA_LAUNCHER_DEBUG") = nil
27225   0.001719 libjli.so->getenv("_JAVA_VERSION_SET") = nil
27225   0.000667 libjli.so->fopen("/usr/lib/jvm/java-1.8.0-openjdk-1.8.0.262.b10-0.el7_8.x86_64/jre/lib/amd64/jvm.cfg", "r") = 0x55fdcd6790e0
27225   0.000815 libjli.so->getenv("JDK_ALTERNATE_VM") = nil
27225   0.000310 libjli.so->__xstat(1, "/usr/lib/jvm/java-1.8.0-openjdk-1.8.0.262.b10-0.el7_8.x86_64/jre/lib/amd64/server/libjvm.so", 0x7ffdf7696f20) = 0
27225   0.000600 libjli.so->getenv("LD_LIBRARY_PATH") = "/afs/crc.nd.edu/group/ccl/software/x86_64/redhat7/ruby/current/lib:/afs/crc.nd.edu/group/ccl/software/x86_64/redhat7/graphviz/current/lib:/afs/crc.nd.edu/group/ccl/software/x86_64/redhat7/git/current/lib:/afs/crc.nd.edu/group/ccl/software/x86_64/redhat7/condor/current/lib:/afs/crc.nd.edu/group/ccl/software/x86_64/redhat7/clang/current/lib:/afs/crc.nd.edu/group/ccl/software/x86_64/redhat7/condor/current/lib:/afs/crc.nd.edu/group/ccl/software/x86_64/redhat7/cctools/current/lib:/opt/crc/usr/local/lib"
27225   0.002172 libjli.so->dlopen("/usr/lib/jvm/java-1.8.0-openjdk-1.8.0.262.b10-0.el7_8.x86_64/jre/lib/amd64/server/libjvm.so", 258 <unfinished ...>
27225   0.038124 libjvm.so->getenv("NMT_LEVEL_27225") = nil
27225   0.001574 <... dlopen resumed> )          = 0x55fdcd6794b0
27225   0.000064 libjli.so->getenv("CLASSPATH")  = nil
27225   0.000335 libjli.so->getenv("_JAVA_SPLASH_JAR") = nil
27225   0.000305 libjli.so->getenv("_JAVA_SPLASH_FILE") = nil
27225   0.000363 libjli.so->pthread_attr_setdetachstate(0x7ffdf7696ed0, 0, 0x7ffdf7696f60, 0) = 0
27225   0.000524 libpthread.so.0->__clone(0x2b2c1b53ede0, 0x2b2c1b451fc0, 0x3d0f00, 0x2b2c1b452700) = 0x6a5b
27227   0.002154 libjvm.so->dlopen(0x2b2c1cd1d9ae, 1, 0xfffffffffff42c48, 4096) = 0x2b2c20000990
27227   0.002589 libjvm.so->getenv(0x2b2c1cd3883e, 0, 115, 0x65737361) = 0x7ffdf769d682
27227   0.000456 libjvm.so->fopen(0x2b2c1b450c10, 0x2b2c1ccd4ccb, 0x6f732e79666972, 0x2b2c1be16ab0) = 0x2b2c20001440
27227   0.002025 libjvm.so->dlopen(0x2b2c1b450c10, 1, 0xffffffff, 0x2b2c20002b00) = 0x2b2c20001440
27227   0.001634 libjvm.so->fopen(0x2b2c1b450c10, 0x2b2c1ccd4ccb, 111, 0x732e6176) = 0x2b2c20001b10
27227   0.002260 libjvm.so->dlopen(0x2b2c1b450c10, 1, 0xffffffff, 0x2b2c20001a00) = 0x2b2c20001b10
27227   0.001875 libjvm.so->__xstat(1, 0x2b2c1b451360, 0x2b2c1b451ba0, 0x746f7073746f682e) = -1
27227   0.000454 libjvm.so->getenv(0x2b2c1cccd541, 0x2b2c1b4516d0, 1024, 0x2b2c1d18761b) = 0
27227   0.000445 libjvm.so->getenv(0x2b2c1cccd533, 0x2b2c1b4516d0, 1024, 0) = 0
27227   0.000452 libjvm.so->fopen(0x2b2c1cd1d315, 0x2b2c1ccd4ccb, 4095, 0xffffd4d3e3332b03) = 0x2b2c20003310
27227   0.001206 libjvm.so->fopen(0x2b2c1cd1d361, 0x2b2c1ccd4ccb, 0x2b2c20000078, 0x2b2c20003300) = 0x2b2c20003310
27227   0.000860 libjvm.so->fopen(0x2b2c1b44b9b0, 0x2b2c1ccd4ccb, 4016, 3997) = 0x2b2c20003310
27227   0.000664 libjvm.so->opendir(0x2b2c20002b40, 0x2b2c20002b40, 13, 16) = 0
27227   0.000469 libjvm.so->__xstat(1, 0x2b2c1b4508f0, 0x2b2c1b44f860, 0x6f732e7477616d62) = -1
27227   0.000464 libjvm.so->__xstat(1, 0x2b2c1b4508f0, 0x2b2c1b44f860, 0x5f74776162696c2f) = 0
27227   0.000572 libjvm.so->fopen(0x2b2c1b44fb90, 0x2b2c1ccd4ccb, 4011, 3996) = 0x2b2c200037f0
27227   0.000668 libjvm.so->fopen(0x2b2c1b44fb90, 0x2b2c1ccd4ccb, 4011, 3996) = 0x2b2c200037f0
27227   0.000632 libjvm.so->fopen(0x2b2c1b44fb90, 0x2b2c1ccd4ccb, 4011, 4004) = 0x2b2c200037f0
27227   0.000761 libjvm.so->fopen(0x2b2c1b44fb20, 0x2b2c1ccd4ccb, 4011, 3996) = 0x2b2c200037f0
27227   0.000679 libjvm.so->fopen(0x2b2c1b44fb20, 0x2b2c1ccd4ccb, 4011, 3996) = 0x2b2c200037f0
27227   0.000664 libjvm.so->fopen(0x2b2c1b44fb20, 0x2b2c1ccd4ccb, 4011, 4004) = 0x2b2c200037f0
27227   0.000691 libjvm.so->fopen(0x2b2c1b44fb50, 0x2b2c1ccd4ccb, 4016, 3997) = 0x2b2c200037f0
27227   0.000850 libjvm.so->getenv(0x2b2c1cd1e0ff, 4096, 3, -1) = 0
27227   0.000928 libjvm.so->fopen(0x2b2c1cd1d998, 0x2b2c1ccd4ccb, 0x2b2c1b535908, 0x2b2c1b534df0) = 0x2b2c200037f0
27227   0.005717 libjvm.so->open(0x2b2c2004a5e0, 0x20000, 0, 0x2b2c2004a629) = 3
27227   0.000467 libjvm.so->__fxstat(1, 3, 0x2b2c1b451a00, -1) = 0
27227   0.000485 libjvm.so->opendir(0x2b2c2004a5e0, 0x2b2c1b451a00, 0x4000, -1) = 0x2b2c2004b4f0
27227   0.000510 libjvm.so->__fxstat(1, 3, 0x2b2c1b4518a0, 0x2b2c2004b4f0) = 0
27227   0.001015 libjvm.so->__fxstat(1, 5, 0x2b2c1b451930, -1) = 0
27227   0.000710 libjvm.so->open(0x2b2c1cceb9dc, 0, 0, 0) = 3
27227   0.000979 libjvm.so->__lxstat(1, 0x2b2c2004a5e0, 0x2b2c1b451b50, -144) = 0
27227   0.000525 libjvm.so->open(0x2b2c2004a5e0, 0x20000, 0x4000, -1) = 3
27227   0.000594 libjvm.so->__fxstat(1, 3, 0x2b2c1b451a00, -1) = 0
27227   0.000566 libjvm.so->opendir(0x2b2c2004a5e0, 0x2b2c1b451a00, 0x4000, -1) = 0x2b2c2004b4f0
27227   0.000580 libjvm.so->__fxstat(1, 3, 0x2b2c1b4518a0, 0x2b2c2004b4f0) = 0
27227   0.000648 libjvm.so->__fxstat(1, 5, 0x2b2c1b451930, -1) = 0
27227   0.000527 libjvm.so->open(0x2b2c1cceb9dc, 0, 0, 0) = 3
27227   0.000752 libjvm.so->open(0x2b2c2004a629, 0x20042, 384, -1) = 7
27227   0.001278 libjvm.so->__fxstat(1, 7, 0x2b2c1b451b50, -1) = 0
27227   0.001896 libjvm.so->fopen(0x2b2c1b450b60, 0x2b2c1ccd4ccb, 4, 0x6f732e70) = 0x2b2c20057c40
27227   0.001982 libjvm.so->dlopen(0x2b2c1b450b60, 1, 0xffffffff, 0x2b2c20057b00) = 0x2b2c20057c40
27227   0.001571 libjvm.so->__xstat(1, 0x2b2c1b451120, 0x2b2c1b451950, 2048) = 0
27227   0.000459 libjvm.so->__xstat(1, 0x2b2c1b451120, 0x2b2c1b451950, 2048) = 0
27227   0.000475 libjvm.so->__xstat(1, 0x2b2c1b451120, 0x2b2c1b451950, 2048) = -1
27227   0.000468 libjvm.so->__xstat(1, 0x2b2c1b451120, 0x2b2c1b451950, 2048) = 0
27227   0.000439 libjvm.so->__xstat(1, 0x2b2c1b451120, 0x2b2c1b451950, 2048) = 0
27227   0.000448 libjvm.so->__xstat(1, 0x2b2c1b451120, 0x2b2c1b451950, 2048) = 0
27227   0.000437 libjvm.so->__xstat(1, 0x2b2c1b451120, 0x2b2c1b451950, 2048) = 0
27227   0.000482 libjvm.so->__xstat(1, 0x2b2c1b451120, 0x2b2c1b451950, 2048) = -1
27227   0.000718 libjvm.so->fopen(0x2b2c20002520, 0x2b2c1ccd4ccb, 0, 0) = 0x2b2c20058ae0
27227   0.009245 libjvm.so->open64(0x2b2c1b450410, 0, 0, 16) = 3
27227   0.000535 libjvm.so->__fxstat64(1, 3, 0x2b2c1b450240, -1) = 0
27227   0.042090 libjvm.so->__xstat(1, 0x2b2c1b450f20, 0x2b2c1b451750, 2048) = -1
27227   0.000581 libjvm.so->fopen(0x2b2c1b44fb20, 0x2b2c1ccd4ccb, 4011, 3996) = 0x2b2c200b5fa0
27227   0.000801 libjvm.so->fopen(0x2b2c1b44fb20, 0x2b2c1ccd4ccb, 4011, 3996) = 0x2b2c200b5fa0
27227   0.000711 libjvm.so->fopen(0x2b2c1b44fb20, 0x2b2c1ccd4ccb, 4011, 4004) = 0x2b2c200b5fa0
27227   0.004365 libjvm.so->pthread_attr_setdetachstate(0x2b2c1b451c00, 1, 0, 0) = 0
27227   0.000517 libpthread.so.0->__clone(0x2b2c1b53ede0, 0x2b2c33dfffc0, 0x3d0f00, 0x2b2c33e00700) = 0x6a61
27227   0.017956 libjvm.so->pthread_attr_setdetachstate(0x2b2c1b451290, 1, 0, 0) = 0
27227   0.000755 libpthread.so.0->__clone(0x2b2c1b53ede0, 0x2b2c33f00fc0, 0x3d0f00, 0x2b2c33f01700) = 0x6a62
27227   0.007590 libjvm.so->pthread_attr_setdetachstate(0x2b2c1b451610, 1, 0, 0) = 0
27227   0.000784 libpthread.so.0->__clone(0x2b2c1b53ede0, 0x2b2c3c0fffc0, 0x3d0f00, 0x2b2c3c100700) = 0x6a63
27227   0.043428 libjvm.so->fopen(0x2b2c200e55e0, 0x2b2c1ccd4ccb, 4, 0x6f732e70) = 0x2b2c200f1d00
27227   0.001982 libjvm.so->dlopen(0x2b2c200e55e0, 1, 0xffffffff, 0x2b2c200ec300) = 0x2b2c20057c40
27227   0.006246 libjvm.so->open64(0x2b2c1b450510, 0, 0, 16) = 5
27227   0.002941 libjvm.so->__fxstat64(1, 5, 0x2b2c1b450340, -1) = 0
27227   0.024980 libjvm.so->fopen(0x2b2c1b44d130, 0x2b2c1ccd4ccb, 4011, 3996) = 0x2b2c200fcca0
27227   0.001129 libjvm.so->fopen(0x2b2c1b44d130, 0x2b2c1ccd4ccb, 4011, 3996) = 0x2b2c200fcca0
27227   0.004324 libjvm.so->fopen(0x2b2c1b44d130, 0x2b2c1ccd4ccb, 4011, 4004) = 0x2b2c200fcca0
27227   0.019689 libjvm.so->pthread_attr_setdetachstate(0x2b2c1b451b50, 1, 0, 0) = 0
27227   0.000949 libpthread.so.0->__clone(0x2b2c1b53ede0, 0x2b2c42743fc0, 0x3d0f00, 0x2b2c42744700) = 0x6a64
27227   0.001423 libjvm.so->__xstat64(1, 0x2b2c1b451be0, 0x2b2c1b451b50, 19) = -1
27227   0.001140 libjvm.so->pthread_attr_setdetachstate(0x2b2c1b451950, 1, 0, 0) = 0
27227   0.001097 libpthread.so.0->__clone(0x2b2c1b53ede0, 0x2b2c42844fc0, 0x3d0f00, 0x2b2c42845700) = 0x6a65
27227   0.001742 libjvm.so->pthread_attr_setdetachstate(0x2b2c1b451950, 1, 0, 0) = 0
27227   0.001259 libpthread.so.0->__clone(0x2b2c1b53ede0, 0x2b2c42945fc0, 0x3d0f00, 0x2b2c42946700) = 0x6a66
27227   0.009445 libjvm.so->pthread_attr_setdetachstate(0x2b2c1b451aa0, 1, 0, 0) = 0
27227   0.001396 libpthread.so.0->__clone(0x2b2c1b53ede0, 0x2b2c42a46fc0, 0x3d0f00, 0x2b2c42a47700) = 0x6a67
27227   0.002231 libjvm.so->pthread_attr_setdetachstate(0x2b2c1b451bb0, 1, 0, 0) = 0
27227   0.001642 libpthread.so.0->__clone(0x2b2c1b53ede0, 0x2b2c42b47fc0, 0x3d0f00, 0x2b2c42b48700) = 0x6a68
27227   0.019570 libjvm.so->open64(0x2b2c2012e940, 0, 0, 0) = 7
27227   0.001740 libjvm.so->__fxstat64(1, 7, 0x2b2c1b44ef60, -1) = 0
27227   0.025767 libjvm.so->fopen(0x2b2c20154630, 0x2b2c1ccd4ccb, 4, 0x6f732e6f) = 0x2b2c201546f0
27227   0.003867 libjvm.so->dlopen(0x2b2c20154630, 1, 0xffffffff, 0x2b2c20154600) = 0x2b2c201546f0
27237   0.067470 --- SIGSEGV (Segmentation fault) ---
27227   0.054756 libjvm.so->fopen(0x2b2c1b44be40, 0x2b2c1ccd4ccb, 0x6f732e, 0x6d766a62696c2f72) = 0x2b2c20169e30
27227   0.006454 libjvm.so->dlopen(0x2b2c1b44be40, 1, 0xffffffff, 0x2b2c20169d00) = 0x55fdcd6794b0
27227   0.001690 libjvm.so->fopen(0x2b2c1b44be40, 0x2b2c1ccd4ccb, 0x6f732e, 0x6d766a62696c2f72) = 0x2b2c2016a230
27227   0.007035 libjvm.so->dlopen(0x2b2c1b44be40, 1, 0xffffffff, 0x2b2c20169d00) = 0x55fdcd6794b0
27227   0.001662 libjvm.so->fopen(0x2b2c1b44be40, 0x2b2c1ccd4ccb, 0x6f732e, 0x6d766a62696c2f72) = 0x2b2c20169e30
27227   0.004252 libjvm.so->dlopen(0x2b2c1b44be40, 1, 0xffffffff, 0x2b2c20169d00) = 0x55fdcd6794b0
27227   0.001876 libjvm.so->fopen(0x2b2c1b44be40, 0x2b2c1ccd4ccb, 0x6f732e, 0x6d766a62696c2f72) = 0x2b2c20169e30
27227   0.003558 libjvm.so->dlopen(0x2b2c1b44be40, 1, 0xffffffff, 0x2b2c20169d00) = 0x55fdcd6794b0
27227   0.052052 libjvm.so->fopen(0x2b2c201af3d0, 0x2b2c1ccd4ccb, 4, 0x6f732e74) = 0x2b2c201bd270
27227   0.003280 libjvm.so->dlopen(0x2b2c201af3d0, 1, 0xffffffff, 0x2b2c201a5600) = 0x2b2c201bd270
27227   0.139807 libjvm.so->fopen(0x2b2c20220520, 0x2b2c1ccd4ccb, 0x6f732e7373656c, 0x656c646165685f74) = 0x2b2c20220630
27227   0.002892 libjvm.so->dlopen(0x2b2c20220520, 1, 0xffffffff, 0x2b2c20220500) = 0x2b2c20220630
27240   0.039255 +++ exited (status 0) +++
27233   0.000676 +++ exited (status 0) +++
27227   0.000239 +++ exited (status 0) +++
27236   0.000285 +++ exited (status 1) +++
27237   0.000022 +++ exited (status 1) +++
27238   0.000015 +++ exited (status 1) +++
27235   0.000015 +++ exited (status 1) +++
27234   0.000014 +++ exited (status 1) +++
27239   0.005123 +++ exited (status 1) +++
27225   0.000035 +++ exited (status 1) +++
Wrote an ltrace for command: "java -cp ./tools/maxent.jar density.Project outputs/Austroaeschna_obscura_Theischinger/Austroaeschna_obscura_Theischinger.lambdas data/layers/worldclim outputs/Austroaeschna_obscura_Theischinger_worldclim.asc nowarnings nocache autorun -z" with PID 27222 from PPID 27199 on disc21.crc.nd.edu with result 1
REMOTEHOST=10.17.148.247
_CONDOR_JOB_PIDS=
MANPATH=/afs/crc.nd.edu/user/n/nkremerh/cctools/share/man/:/afs/crc.nd.edu/group/ccl/software/x86_64/redhat7/ruby/current/share/man:/afs/crc.nd.edu/group/ccl/software/x86_64/redhat7/graphviz/current/share/man:/afs/crc.nd.edu/group/ccl/software/x86_64/redhat7/gnuplot/current/share/man:/afs/crc.nd.edu/group/ccl/software/x86_64/redhat7/git/current/share/man:/afs/crc.nd.edu/group/ccl/software/x86_64/redhat7/condor/current/share/man:/afs/crc.nd.edu/group/ccl/software/x86_64/redhat7/clang/current/share/man:/afs/crc.nd.edu/group/ccl/software/x86_64/redhat7/condor/current/share/man:/afs/crc.nd.edu/group/ccl/software/x86_64/redhat7/cctools/current/share/man:/afs/crc.nd.edu/group/ccl/software/x86_64/redhat7/cctools/current/share/man:/afs/crc.nd.edu/x86_64_linux/Modules/4.5.0/share/man:/opt/crc/usr/local/man:/opt/sge/man:/usr/share/man/overrides:/usr/share/man:/usr/local/share/man
XDG_SESSION_ID=2686
_CONDOR_ANCESTOR_3669=16403:1599499132:729388361
HOSTNAME=disc01.crc.nd.edu
_LMFILES__modshare=/afs/crc.nd.edu/x86_64_linux/Modules/modules/system_modules/CRC_default/1.1:1
MODULEPATH_modshare=/afs/crc.nd.edu/x86_64_linux/Modules/modules/general_software:1:/afs/crc.nd.edu/x86_64_linux/Modules/modules/development_tools_and_libraries:1:/afs/crc.nd.edu/x86_64_linux/Modules/modules/system_modules:1:/afs/crc.nd.edu/x86_64_linux/Modules/current/modulefiles:1:/afs/crc.nd.edu/x86_64_linux/Modules/modules/restricted_software:1:/afs/crc.nd.edu/x86_64_linux/Modules/modules/deprecated_software:1
MODULES_CMD=/afs/crc.nd.edu/x86_64_linux/Modules/4.5.0/libexec/modulecmd.tcl
HOST=disc01.crc.nd.edu
SHELL=/bin/tcsh
TERM=xterm-256color
MAKEFLAGS=
HISTSIZE=5000
TMPDIR=/var/condor/execute/dir_16403/worker-213124-16439/t.1305/cctools-temp-t.1305.1CR6Fa
SSH_CLIENT=10.17.148.247 49750 22
PERL5LIB=/afs/crc.nd.edu/user/n/nkremerh/cctools/lib/perl5/site_perl/5.16.3:/afs/crc.nd.edu/user/n/nkremerh/.perl5/lib/perl5
SGE_CELL=crc
_CONDOR_SCRATCH_DIR=/var/condor/execute/dir_16403
PERL_MB_OPT=--install_base '/afs/crc.nd.edu/user/n/nkremerh/.perl5/'
SSH_TTY=/dev/pts/0
SGE_LOAD_AVG=load_avg
MAKEFLOW_MAX_LOCAL_JOBS=2
HISTFILESIZE=10000
_CHIRP_DELAYED_UPDATE_PREFIX=Chirp*
USER=nkremerh
GROUP=campus
LD_LIBRARY_PATH=/afs/crc.nd.edu/group/ccl/software/x86_64/redhat7/ruby/current/lib:/afs/crc.nd.edu/group/ccl/software/x86_64/redhat7/graphviz/current/lib:/afs/crc.nd.edu/group/ccl/software/x86_64/redhat7/git/current/lib:/afs/crc.nd.edu/group/ccl/software/x86_64/redhat7/condor/current/lib:/afs/crc.nd.edu/group/ccl/software/x86_64/redhat7/clang/current/lib:/afs/crc.nd.edu/group/ccl/software/x86_64/redhat7/condor/current/lib:/afs/crc.nd.edu/group/ccl/software/x86_64/redhat7/cctools/current/lib:/opt/crc/usr/local/lib
TEMP=/var/condor/execute/dir_16403/worker-213124-16439/t.1305/cctools-temp-t.1305.1CR6Fa
BATCH_SYSTEM=HTCondor
WORKER_TMPDIR=/var/condor/execute/dir_16403/worker-213124-16439/cache/tmp
ENV=/afs/crc.nd.edu/x86_64_linux/Modules/4.5.0/init/profile.sh
MODULES_LMALTNAME=CRC_default/1.1&CRC_default/default&CRC_default
_CONDOR_CHIRP_CONFIG=/var/condor/execute/dir_16403/.chirp.config
GLOBUS_GSSAPI_MAX_TLS_PROTOCOL=0
_CONDOR_HIGHPORT=9999
HOSTTYPE=x86_64-linux
MAKELEVEL=1
MFLAGS=
CCLSOFTWARE=/afs/crc.nd.edu/group/ccl/software/x86_64/redhat7
PATH=/afs/crc.nd.edu/user/n/nkremerh/cctools/bin:/afs/crc.nd.edu/user/n/nkremerh/miniconda/bin:/afs/crc.nd.edu/group/ccl/software/git:/afs/crc.nd.edu/user/n/nkremerh/.local/bin:/afs/crc.nd.edu/group/ccl/software/x86_64/redhat7/povray/3.7/bin:/afs/crc.nd.edu/user/n/nkremerh/.perl5/bin:/afs/crc.nd.edu/user/n/nkremerh/pegasus/bin:/afs/crc.nd.edu/user/n/nkremerh/nodejs/bin:/afs/crc.nd.edu/user/n/nkremerh/montage/bin:/afs/crc.nd.edu/user/n/nkremerh/latexdiff:/afs/crc.nd.edu/user/n/nkremerh/envtrace:/afs/crc.nd.edu/user/n/nkremerh/endlines:/afs/crc.nd.edu/user/n/nkremerh/cctools/bin:/afs/crc.nd.edu/user/n/nkremerh/.cargo/bin:/afs/crc.nd.edu/group/ccl/software/x86_64/redhat7/ruby/current/bin:/afs/crc.nd.edu/group/ccl/software/x86_64/redhat7/graphviz/current/bin:/afs/crc.nd.edu/group/ccl/software/x86_64/redhat7/gnuplot/current/bin:/afs/crc.nd.edu/group/ccl/software/x86_64/redhat7/git/current/bin:/afs/crc.nd.edu/group/ccl/software/x86_64/redhat7/condor/current/sbin:/afs/crc.nd.edu/group/ccl/software/x86_64/redhat7/condor/current/bin:/afs/crc.nd.edu/group/ccl/software/x86_64/redhat7/cmake/current/bin:/afs/crc.nd.edu/group/ccl/software/x86_64/redhat7/clang/current/bin:/afs/crc.nd.edu/group/ccl/software/x86_64/redhat7/condor/current/sbin:/afs/crc.nd.edu/group/ccl/software/x86_64/redhat7/condor/current/bin:/afs/crc.nd.edu/group/ccl/software/x86_64/redhat7/cctools/current/bin:/afs/crc.nd.edu/x86_64_linux/Modules/4.5.0/bin:/opt/crc/usr/local/bin:/opt/sge/bin/lx-amd64:/usr/local/bin:/usr/bin:/usr/local/sbin:/usr/sbin:/afs/crc.nd.edu/user/c/condor/software/bin:/afs/crc.nd.edu/user/c/condor/software/sbin
MAIL=/var/spool/mail/nkremerh
PWD=/var/condor/execute/dir_16403/worker-213124-16439/t.1305
_LMFILES_=/afs/crc.nd.edu/x86_64_linux/Modules/modules/system_modules/CRC_default/1.1
SGE_EXECD_PORT=6445
EDITOR=vim
LANG=en_US.UTF-8
MODULEPATH=/afs/crc.nd.edu/x86_64_linux/Modules/modules/development_tools_and_libraries:/afs/crc.nd.edu/x86_64_linux/Modules/modules/general_software:/afs/crc.nd.edu/x86_64_linux/Modules/modules/restricted_software:/afs/crc.nd.edu/x86_64_linux/Modules/modules/system_modules:/afs/crc.nd.edu/x86_64_linux/Modules/modules/deprecated_software:/afs/crc.nd.edu/x86_64_linux/Modules/current/modulefiles
SGE_QMASTER_PORT=6444
SGE_ROOT=/opt/sge
LOADEDMODULES=CRC_default/1.1
WORK_QUEUE_SANDBOX=/var/condor/execute/dir_16403/worker-213124-16439
_CONDOR_SLOT=slot1
CCLPLATFORM=x86_64/redhat7
USE_SYSTEMD=true
_CONDOR_LOWPORT=9100
KRB5CCNAME=FILE:/tmp/krb5cc_213124_dlYXoi
HISTCONTROL=ignoreboth:erasedups
PATH_modshare=/opt/crc/usr/local/bin:1:/opt/sge/bin/lx-amd64:1:/usr/sbin:1:/usr/bin:1:/afs/crc.nd.edu/user/c/condor/software/sbin:1:/usr/local/sbin:1:/afs/crc.nd.edu/user/c/condor/software/bin:1:/usr/local/bin:1
SHLVL=7
HOME=disc01.crc.nd.edu
GLOBUS_GSSAPI_NAME_COMPATIBILITY=STRICT_RFC2818
_CONDOR_MACHINE_AD=/var/condor/execute/dir_16403/.machine.ad
OSTYPE=linux
DISK=917490
GREP_OPTIONS=--color=auto
GLOBUS_GSSAPI_MIN_TLS_PROTOCOL=TLS1_VERSION
MEMORY=15899
MANPATH_modshare=/usr/share/man/overrides:1:/usr/local/share/man:1:/usr/share/man:1:/opt/crc/usr/local/man:1:/opt/sge/man:1
VENDOR=unknown
BASH_ENV=/afs/crc.nd.edu/x86_64_linux/Modules/4.5.0/init/bash
PERL_LOCAL_LIB_ROOT=/afs/crc.nd.edu/user/n/nkremerh/.perl5/
PYTHONPATH=/afs/crc.nd.edu/user/n/nkremerh/cctools/lib/python3.6/site-packages/
CCLHOME=/afs/crc.nd.edu/group/ccl
MACHTYPE=x86_64
LOGNAME=nkremerh
TMP=/var/condor/execute/dir_16403/worker-213124-16439/t.1305/cctools-temp-t.1305.1CR6Fa
LD_LIBRARY_PATH_modshare=/opt/crc/usr/local/lib:1
MODULES_LMALTNAME_modshare=CRC_default/1.1&CRC_default/default&CRC_default:1
SSH_CONNECTION=10.17.148.247 49750 129.74.128.103 22
_CONDOR_ANCESTOR_3314=3669:1598183978:1434769074
MODULESHOME=/afs/crc.nd.edu/x86_64_linux/Modules/4.5.0
OMP_NUM_THREADS=1
LESSOPEN=||/usr/bin/lesspipe.sh %s
GLOBUS_GSSAPI_BACKWARD_COMPATIBLE_MIC=true
GLOBUS_GSSAPI_CIPHERS=HIGH
LOADEDMODULES_modshare=CRC_default/1.1:1
_CONDOR_JOB_AD=/var/condor/execute/dir_16403/.job.ad
SGE_CLUSTER_NAME=CRC
XDG_RUNTIME_DIR=/run/user/213124
CCTOOLS=../cctools
CORES=4
_CONDOR_ANCESTOR_16403=16416:1599499133:269452472
_CONDOR_JOB_IWD=/var/condor/execute/dir_16403
PERL_MM_OPT=INSTALL_BASE=/afs/crc.nd.edu/user/n/nkremerh/.perl5/
GLOBUS_GSSAPI_SERVER_CIPHER_ORDER=true
BASH_FUNC_module()=() {  unset _mlshdbg;
 if [ "${MODULES_SILENT_SHELL_DEBUG:-0}" = '1' ]; then
 case "$-" in 
 *v*x*)
 set +vx;
 _mlshdbg='vx'
 ;;
 *v*)
 set +v;
 _mlshdbg='v'
 ;;
 *x*)
 set +x;
 _mlshdbg='x'
 ;;
 *)
 _mlshdbg=''
 ;;
 esac;
 fi;
 unset _mlre _mlIFS;
 if [ -n "${IFS+x}" ]; then
 _mlIFS=$IFS;
 fi;
 IFS=' ';
 for _mlv in ${MODULES_RUN_QUARANTINE:-};
 do
 if [ "${_mlv}" = "${_mlv##*[!A-Za-z0-9_]}" -a "${_mlv}" = "${_mlv#[0-9]}" ]; then
 if [ -n "`eval 'echo ${'$_mlv'+x}'`" ]; then
 _mlre="${_mlre:-}${_mlv}_modquar='`eval 'echo ${'$_mlv'}'`' ";
 fi;
 _mlrv="MODULES_RUNENV_${_mlv}";
 _mlre="${_mlre:-}${_mlv}='`eval 'echo ${'$_mlrv':-}'`' ";
 fi;
 done;
 if [ -n "${_mlre:-}" ]; then
 eval `eval ${_mlre}/usr/bin/tclsh /afs/crc.nd.edu/x86_64_linux/Modules/4.5.0/libexec/modulecmd.tcl bash '"$@"'`;
 else
 eval `/usr/bin/tclsh /afs/crc.nd.edu/x86_64_linux/Modules/4.5.0/libexec/modulecmd.tcl bash "$@"`;
 fi;
 _mlstatus=$?;
 if [ -n "${_mlIFS+x}" ]; then
 IFS=$_mlIFS;
 else
 unset IFS;
 fi;
 unset _mlre _mlv _mlrv _mlIFS;
 if [ -n "${_mlshdbg:-}" ]; then
 set -$_mlshdbg;
 fi;
 unset _mlshdbg;
 return $_mlstatus
}
BASH_FUNC_ml()=() {  module ml "$@"
}
_=/usr/bin/printenv
