1814   0.000000 libjli.so->getenv("_JAVA_LAUNCHER_DEBUG") = nil
1814   0.001817 libjli.so->getenv("_JAVA_VERSION_SET") = nil
1814   0.000642 libjli.so->fopen("/usr/lib/jvm/java-1.8.0-openjdk-1.8.0.262.b10-0.el7_8.x86_64/jre/lib/amd64/jvm.cfg", "r") = 0x55b9a43b10f0
1814   0.000814 libjli.so->getenv("JDK_ALTERNATE_VM") = nil
1814   0.000308 libjli.so->__xstat(1, "/usr/lib/jvm/java-1.8.0-openjdk-1.8.0.262.b10-0.el7_8.x86_64/jre/lib/amd64/server/libjvm.so", 0x7ffc9ff475a0) = 0
1814   0.000601 libjli.so->getenv("LD_LIBRARY_PATH") = "/afs/crc.nd.edu/group/ccl/software/x86_64/redhat7/ruby/current/lib:/afs/crc.nd.edu/group/ccl/software/x86_64/redhat7/graphviz/current/lib:/afs/crc.nd.edu/group/ccl/software/x86_64/redhat7/git/current/lib:/afs/crc.nd.edu/group/ccl/software/x86_64/redhat7/condor/current/lib:/afs/crc.nd.edu/group/ccl/software/x86_64/redhat7/clang/current/lib:/afs/crc.nd.edu/group/ccl/software/x86_64/redhat7/condor/current/lib:/afs/crc.nd.edu/group/ccl/software/x86_64/redhat7/cctools/current/lib:/opt/crc/usr/local/lib"
1814   0.002190 libjli.so->dlopen("/usr/lib/jvm/java-1.8.0-openjdk-1.8.0.262.b10-0.el7_8.x86_64/jre/lib/amd64/server/libjvm.so", 258 <unfinished ...>
1814   0.038163 libjvm.so->getenv("NMT_LEVEL_1814") = nil
1814   0.001653 <... dlopen resumed> )           = 0x55b9a43b14c0
1814   0.000073 libjli.so->getenv("CLASSPATH")   = nil
1814   0.000341 libjli.so->getenv("_JAVA_SPLASH_JAR") = nil
1814   0.000322 libjli.so->getenv("_JAVA_SPLASH_FILE") = nil
1814   0.000331 libjli.so->pthread_attr_setdetachstate(0x7ffc9ff47550, 0, 0x7ffc9ff475e0, 0) = 0
1814   0.000505 libpthread.so.0->__clone(0x2b347d2b6de0, 0x2b347d1c9fc0, 0x3d0f00, 0x2b347d1ca700) = 1815
1815   0.001849 libjvm.so->dlopen(0x2b347ea959ae, 1, 0xfffffffffff42c48, 4096) = 0x2b3480000990
1815   0.003278 libjvm.so->getenv(0x2b347eab083e, 0, 115, 0x65737361) = 0x7ffc9ff4d711
1815   0.000448 libjvm.so->fopen(0x2b347d1c8c10, 0x2b347ea4cccb, 0x6f732e79666972, 0x2b347db8eab0) = 0x2b3480001440
1815   0.001330 libjvm.so->dlopen(0x2b347d1c8c10, 1, 0xffffffff, 0x2b3480002b00) = 0x2b3480001440
1815   0.001526 libjvm.so->fopen(0x2b347d1c8c10, 0x2b347ea4cccb, 111, 0x732e6176) = 0x2b3480001b10
1815   0.001781 libjvm.so->dlopen(0x2b347d1c8c10, 1, 0xffffffff, 0x2b3480001a00) = 0x2b3480001b10
1815   0.001674 libjvm.so->__xstat(1, 0x2b347d1c9360, 0x2b347d1c9ba0, 0x746f7073746f682e) = -1
1815   0.000501 libjvm.so->getenv(0x2b347ea45541, 0x2b347d1c96d0, 1024, 0x2b347eeff61b) = 0
1815   0.000487 libjvm.so->getenv(0x2b347ea45533, 0x2b347d1c96d0, 1024, 0) = 0
1815   0.000421 libjvm.so->fopen(0x2b347ea95315, 0x2b347ea4cccb, 4095, 0xffffd4cb815bab03) = 0x2b3480003290
1815   0.001036 libjvm.so->fopen(0x2b347ea95361, 0x2b347ea4cccb, 0x2b3480000078, 0x2b3480003280) = 0x2b3480003290
1815   0.000768 libjvm.so->fopen(0x2b347d1c39b0, 0x2b347ea4cccb, 4016, 3997) = 0x2b3480003290
1815   0.000629 libjvm.so->opendir(0x2b3480002b40, 0x2b3480002b40, 13, 16) = 0
1815   0.000523 libjvm.so->__xstat(1, 0x2b347d1c88f0, 0x2b347d1c7860, 0x6f732e7477616d62) = -1
1815   0.000454 libjvm.so->__xstat(1, 0x2b347d1c88f0, 0x2b347d1c7860, 0x5f74776162696c2f) = 0
1815   0.000522 libjvm.so->fopen(0x2b347d1c7b90, 0x2b347ea4cccb, 4011, 3996) = 0x2b3480003770
1815   0.000711 libjvm.so->fopen(0x2b347d1c7b90, 0x2b347ea4cccb, 4011, 3996) = 0x2b3480003770
1815   0.000663 libjvm.so->fopen(0x2b347d1c7b90, 0x2b347ea4cccb, 4011, 4004) = 0x2b3480003770
1815   0.000788 libjvm.so->fopen(0x2b347d1c7b20, 0x2b347ea4cccb, 4011, 3996) = 0x2b3480003770
1815   0.000756 libjvm.so->fopen(0x2b347d1c7b20, 0x2b347ea4cccb, 4011, 3996) = 0x2b3480003770
1815   0.000607 libjvm.so->fopen(0x2b347d1c7b20, 0x2b347ea4cccb, 4011, 4004) = 0x2b3480003770
1815   0.000627 libjvm.so->fopen(0x2b347d1c7b50, 0x2b347ea4cccb, 4016, 3997) = 0x2b3480003770
1815   0.000872 libjvm.so->getenv(0x2b347ea960ff, 4096, 3, -1) = 0
1815   0.001093 libjvm.so->fopen(0x2b347ea95998, 0x2b347ea4cccb, 0x2b347d2ad908, 0x2b347d2acdf0) = 0x2b3480003770
1815   0.005071 libjvm.so->open(0x2b348004a560, 0x20000, 0, 0x2b348004a5a9) = 3
1815   0.000522 libjvm.so->__fxstat(1, 3, 0x2b347d1c9a00, -1) = 0
1815   0.000471 libjvm.so->opendir(0x2b348004a560, 0x2b347d1c9a00, 0x4000, -1) = 0x2b348004b470
1815   0.000493 libjvm.so->__fxstat(1, 3, 0x2b347d1c98a0, 0x2b348004b470) = 0
1815   0.000423 libjvm.so->__fxstat(1, 5, 0x2b347d1c9930, -1) = 0
1815   0.000455 libjvm.so->open(0x2b347ea639dc, 0, 0, 0) = 3
1815   0.000791 libjvm.so->__lxstat(1, 0x2b348004a560, 0x2b347d1c9b50, -144) = 0
1815   0.000477 libjvm.so->open(0x2b348004a560, 0x20000, 0x4000, -1) = 3
1815   0.000465 libjvm.so->__fxstat(1, 3, 0x2b347d1c9a00, -1) = 0
1815   0.000511 libjvm.so->opendir(0x2b348004a560, 0x2b347d1c9a00, 0x4000, -1) = 0x2b348004b470
1815   0.000439 libjvm.so->__fxstat(1, 3, 0x2b347d1c98a0, 0x2b348004b470) = 0
1815   0.000436 libjvm.so->__fxstat(1, 5, 0x2b347d1c9930, -1) = 0
1815   0.000539 libjvm.so->open(0x2b347ea639dc, 0, 0, 0) = 3
1815   0.000471 libjvm.so->open(0x2b348004a5a9, 0x20042, 384, -1) = 7
1815   0.000612 libjvm.so->__fxstat(1, 7, 0x2b347d1c9b50, -1) = 0
1815   0.001920 libjvm.so->fopen(0x2b347d1c8b60, 0x2b347ea4cccb, 4, 0x6f732e70) = 0x2b3480057bc0
1815   0.001637 libjvm.so->dlopen(0x2b347d1c8b60, 1, 0xffffffff, 0x2b3480057b00) = 0x2b3480057bc0
1815   0.001531 libjvm.so->__xstat(1, 0x2b347d1c9120, 0x2b347d1c9950, 2048) = 0
1815   0.000479 libjvm.so->__xstat(1, 0x2b347d1c9120, 0x2b347d1c9950, 2048) = 0
1815   0.000462 libjvm.so->__xstat(1, 0x2b347d1c9120, 0x2b347d1c9950, 2048) = -1
1815   0.000464 libjvm.so->__xstat(1, 0x2b347d1c9120, 0x2b347d1c9950, 2048) = 0
1815   0.000428 libjvm.so->__xstat(1, 0x2b347d1c9120, 0x2b347d1c9950, 2048) = 0
1815   0.000440 libjvm.so->__xstat(1, 0x2b347d1c9120, 0x2b347d1c9950, 2048) = 0
1815   0.000435 libjvm.so->__xstat(1, 0x2b347d1c9120, 0x2b347d1c9950, 2048) = 0
1815   0.000438 libjvm.so->__xstat(1, 0x2b347d1c9120, 0x2b347d1c9950, 2048) = -1
1815   0.000443 libjvm.so->fopen(0x2b3480002520, 0x2b347ea4cccb, 0, 0) = 0x2b3480058a60
1815   0.010181 libjvm.so->open64(0x2b347d1c8410, 0, 0, 16) = 3
1815   0.000499 libjvm.so->__fxstat64(1, 3, 0x2b347d1c8240, -1) = 0
1815   0.036160 libjvm.so->__xstat(1, 0x2b347d1c8f20, 0x2b347d1c9750, 2048) = -1
1815   0.000562 libjvm.so->fopen(0x2b347d1c7b20, 0x2b347ea4cccb, 4011, 3996) = 0x2b34800b5e20
1815   0.000767 libjvm.so->fopen(0x2b347d1c7b20, 0x2b347ea4cccb, 4011, 3996) = 0x2b34800b5e20
1815   0.000648 libjvm.so->fopen(0x2b347d1c7b20, 0x2b347ea4cccb, 4011, 4004) = 0x2b34800b5e20
1815   0.004413 libjvm.so->pthread_attr_setdetachstate(0x2b347d1c9c00, 1, 0, 0) = 0
1815   0.000495 libpthread.so.0->__clone(0x2b347d2b6de0, 0x2b3495b69fc0, 0x3d0f00, 0x2b3495b6a700) = 1819
1815   0.015465 libjvm.so->pthread_attr_setdetachstate(0x2b347d1c9290, 1, 0, 0) = 0
1815   0.000689 libpthread.so.0->__clone(0x2b347d2b6de0, 0x2b3495c6afc0, 0x3d0f00, 0x2b3495c6b700) = 1843
1815   0.007208 libjvm.so->pthread_attr_setdetachstate(0x2b347d1c9610, 1, 0, 0) = 0
1815   0.000839 libpthread.so.0->__clone(0x2b347d2b6de0, 0x2b3495d6bfc0, 0x3d0f00, 0x2b3495d6c700) = 1846
1815   0.045568 libjvm.so->fopen(0x2b34800e9130, 0x2b347ea4cccb, 4, 0x6f732e70) = 0x2b34800f1c70
1815   0.002202 libjvm.so->dlopen(0x2b34800e9130, 1, 0xffffffff, 0x2b34800ec300) = 0x2b3480057bc0
1815   0.006432 libjvm.so->open64(0x2b347d1c8510, 0, 0, 16) = 5
1815   0.000934 libjvm.so->__fxstat64(1, 5, 0x2b347d1c8340, -1) = 0
1815   0.021284 libjvm.so->fopen(0x2b347d1c5130, 0x2b347ea4cccb, 4011, 3996) = 0x2b34800fcbc0
1815   0.001138 libjvm.so->fopen(0x2b347d1c5130, 0x2b347ea4cccb, 4011, 3996) = 0x2b34800fcbc0
1815   0.001073 libjvm.so->fopen(0x2b347d1c5130, 0x2b347ea4cccb, 4011, 4004) = 0x2b34800fcbc0
1815   0.015413 libjvm.so->pthread_attr_setdetachstate(0x2b347d1c9b50, 1, 0, 0) = 0
1815   0.001009 libpthread.so.0->__clone(0x2b347d2b6de0, 0x2b3495e6cfc0, 0x3d0f00, 0x2b3495e6d700) = 1856
1815   0.001440 libjvm.so->__xstat64(1, 0x2b347d1c9be0, 0x2b347d1c9b50, 18) = -1
1815   0.001144 libjvm.so->pthread_attr_setdetachstate(0x2b347d1c9950, 1, 0, 0) = 0
1815   0.001099 libpthread.so.0->__clone(0x2b347d2b6de0, 0x2b3495f6dfc0, 0x3d0f00, 0x2b3495f6e700) = 1857
1815   0.001687 libjvm.so->pthread_attr_setdetachstate(0x2b347d1c9950, 1, 0, 0) = 0
1815   0.001301 libpthread.so.0->__clone(0x2b347d2b6de0, 0x2b349606efc0, 0x3d0f00, 0x2b349606f700) = 1869
1815   0.007781 libjvm.so->pthread_attr_setdetachstate(0x2b347d1c9aa0, 1, 0, 0) = 0
1815   0.001433 libpthread.so.0->__clone(0x2b347d2b6de0, 0x2b349616ffc0, 0x3d0f00, 0x2b3496170700) = 1870
1815   0.002092 libjvm.so->pthread_attr_setdetachstate(0x2b347d1c9bb0, 1, 0, 0) = 0
1815   0.001592 libpthread.so.0->__clone(0x2b347d2b6de0, 0x2b3496270fc0, 0x3d0f00, 0x2b3496271700) = 1871
1815   0.015277 libjvm.so->open64(0x2b3480136940, 0, 0, 0) = 7
1815   0.001721 libjvm.so->__fxstat64(1, 7, 0x2b347d1c6f60, -1) = 0
1815   0.025363 libjvm.so->fopen(0x2b348015c5a0, 0x2b347ea4cccb, 4, 0x6f732e6f) = 0x2b348015c660
1815   0.003062 libjvm.so->dlopen(0x2b348015c5a0, 1, 0xffffffff, 0x2b348015c500) = 0x2b348015c660
1815   0.139497 libjvm.so->fopen(0x2b34801aa460, 0x2b347ea4cccb, 4, 0x6f732e74) = 0x2b34801ad710
1815   0.003123 libjvm.so->dlopen(0x2b34801aa460, 1, 0xffffffff, 0x2b34801ad600) = 0x2b34801b7ac0
1815   0.139508 libjvm.so->fopen(0x2b3480220b30, 0x2b347ea4cccb, 0x6f732e7373656c, 0x656c646165685f74) = 0x2b3480220c10
1815   0.003094 libjvm.so->dlopen(0x2b3480220b30, 1, 0xffffffff, 0x2b3480220b00) = 0x2b3480220c10
1815   0.019460 libjvm.so->fopen(0x2b347d1c2990, 0x2b347ea4cccb, 0x6f732e, 0x6d766a62696c2f72) = 0x2b348022aac0
1815   0.006753 libjvm.so->dlopen(0x2b347d1c2990, 1, 0xffffffff, 0x2b348022a000) = 0x55b9a43b14c0
1815   0.001772 libjvm.so->fopen(0x2b347d1c2990, 0x2b347ea4cccb, 0x6f732e, 0x6d766a62696c2f72) = 0x2b348022aa60
1815   0.004947 libjvm.so->dlopen(0x2b347d1c2990, 1, 0xffffffff, 0x2b348022a000) = 0x55b9a43b14c0
1815   0.002046 libjvm.so->fopen(0x2b347d1c2990, 0x2b347ea4cccb, 0x6f732e, 0x6d766a62696c2f72) = 0x2b348022aa60
1815   0.003422 libjvm.so->dlopen(0x2b347d1c2990, 1, 0xffffffff, 0x2b348022a000) = 0x55b9a43b14c0
1815   0.001715 libjvm.so->fopen(0x2b347d1c2990, 0x2b347ea4cccb, 0x6f732e, 0x6d766a62696c2f72) = 0x2b348022aa60
1815   0.004341 libjvm.so->dlopen(0x2b347d1c2990, 1, 0xffffffff, 0x2b348022a000) = 0x55b9a43b14c0
1815   0.236781 libjvm.so->fopen(0x2b347d1c6e50, 0x2b347ea4cccb, 111, 0x732e6176) = 0x2b3480269240
1815   0.006000 libjvm.so->dlopen(0x2b347d1c6e50, 1, 0xffffffff, 0x2b3480269100) = 0x2b3480001b10
1815   0.003480 libjvm.so->fopen(0x2b347d1c6e50, 0x2b347ea4cccb, 111, 0x732e6176) = 0x2b3480269240
1815   0.003599 libjvm.so->dlopen(0x2b347d1c6e50, 1, 0xffffffff, 0x2b3480269100) = 0x2b3480001b10
1815   0.001697 libjvm.so->fopen(0x2b347d1c6e50, 0x2b347ea4cccb, 111, 0x732e6176) = 0x2b3480269240
1815   0.003233 libjvm.so->dlopen(0x2b347d1c6e50, 1, 0xffffffff, 0x2b3480269100) = 0x2b3480001b10
1815   0.001766 libjvm.so->fopen(0x2b347d1c6e50, 0x2b347ea4cccb, 111, 0x732e6176) = 0x2b3480269240
1815   0.003904 libjvm.so->dlopen(0x2b347d1c6e50, 1, 0xffffffff, 0x2b3480269100) = 0x2b3480001b10
1815   0.227715 --- SIGSEGV (Segmentation fault) ---
1815   3.154884 --- SIGSEGV (Segmentation fault) ---
1871   9.240866 +++ exited (status 0) +++
1856   0.000315 +++ exited (status 0) +++
1819   0.002108 +++ exited (status 0) +++
1815   0.000251 +++ exited (status 0) +++
1869   0.000561 +++ exited (status 0) +++
1857   0.000030 +++ exited (status 0) +++
1846   0.000017 +++ exited (status 0) +++
1843   0.000148 +++ exited (status 0) +++
1870   0.026248 +++ exited (status 0) +++
1814   0.000094 +++ exited (status 0) +++
Wrote an ltrace for command: "java -cp ./tools/maxent.jar density.MaxEnt -s outputs/Euxoa_bostoniensis_Grote.csv -e data/layers/worldclim -o outputs/Euxoa_bostoniensis_Grote nowarnings nocache autorun -z" with PID 1812 from PPID 1791 on disc25.crc.nd.edu with result 0
REMOTEHOST=10.17.150.11
MANPATH=/afs/crc.nd.edu/user/n/nkremerh/cctools/share/man/:/afs/crc.nd.edu/group/ccl/software/x86_64/redhat7/ruby/current/share/man:/afs/crc.nd.edu/group/ccl/software/x86_64/redhat7/graphviz/current/share/man:/afs/crc.nd.edu/group/ccl/software/x86_64/redhat7/gnuplot/current/share/man:/afs/crc.nd.edu/group/ccl/software/x86_64/redhat7/git/current/share/man:/afs/crc.nd.edu/group/ccl/software/x86_64/redhat7/condor/current/share/man:/afs/crc.nd.edu/group/ccl/software/x86_64/redhat7/clang/current/share/man:/afs/crc.nd.edu/group/ccl/software/x86_64/redhat7/condor/current/share/man:/afs/crc.nd.edu/group/ccl/software/x86_64/redhat7/cctools/current/share/man:/afs/crc.nd.edu/group/ccl/software/x86_64/redhat7/cctools/current/share/man:/afs/crc.nd.edu/x86_64_linux/Modules/4.5.0/share/man:/opt/crc/usr/local/man:/opt/sge/man:/usr/share/man/overrides:/usr/share/man:/usr/local/share/man
_CONDOR_JOB_PIDS=
XDG_SESSION_ID=4102
HOSTNAME=disc01.crc.nd.edu
_CONDOR_ANCESTOR_3764=26786:1600190002:1712875894
_LMFILES__modshare=/afs/crc.nd.edu/x86_64_linux/Modules/modules/system_modules/CRC_default/1.1:1
MODULEPATH_modshare=/afs/crc.nd.edu/x86_64_linux/Modules/modules/general_software:1:/afs/crc.nd.edu/x86_64_linux/Modules/modules/development_tools_and_libraries:1:/afs/crc.nd.edu/x86_64_linux/Modules/modules/system_modules:1:/afs/crc.nd.edu/x86_64_linux/Modules/current/modulefiles:1:/afs/crc.nd.edu/x86_64_linux/Modules/modules/restricted_software:1:/afs/crc.nd.edu/x86_64_linux/Modules/modules/deprecated_software:1
TERM=xterm-256color
SHELL=/bin/tcsh
HOST=disc01.crc.nd.edu
MODULES_CMD=/afs/crc.nd.edu/x86_64_linux/Modules/4.5.0/libexec/modulecmd.tcl
HISTSIZE=5000
MAKEFLAGS=
SSH_CLIENT=10.17.150.11 36546 22
TMPDIR=/var/condor/execute/dir_26786/worker-213124-26822/t.986/cctools-temp-t.986.RGUm8A
PERL5LIB=/afs/crc.nd.edu/user/n/nkremerh/cctools/lib/perl5/site_perl/5.16.3:/afs/crc.nd.edu/user/n/nkremerh/.perl5/lib/perl5
SGE_CELL=crc
_CONDOR_SCRATCH_DIR=/var/condor/execute/dir_26786
_CONDOR_ANCESTOR_26786=26799:1600190003:751663846
PERL_MB_OPT=--install_base '/afs/crc.nd.edu/user/n/nkremerh/.perl5/'
SSH_TTY=/dev/pts/2
SGE_LOAD_AVG=load_avg
MAKEFLOW_MAX_LOCAL_JOBS=2
GROUP=campus
USER=nkremerh
_CHIRP_DELAYED_UPDATE_PREFIX=Chirp*
HISTFILESIZE=10000
TEMP=/var/condor/execute/dir_26786/worker-213124-26822/t.986/cctools-temp-t.986.RGUm8A
LD_LIBRARY_PATH=/afs/crc.nd.edu/group/ccl/software/x86_64/redhat7/ruby/current/lib:/afs/crc.nd.edu/group/ccl/software/x86_64/redhat7/graphviz/current/lib:/afs/crc.nd.edu/group/ccl/software/x86_64/redhat7/git/current/lib:/afs/crc.nd.edu/group/ccl/software/x86_64/redhat7/condor/current/lib:/afs/crc.nd.edu/group/ccl/software/x86_64/redhat7/clang/current/lib:/afs/crc.nd.edu/group/ccl/software/x86_64/redhat7/condor/current/lib:/afs/crc.nd.edu/group/ccl/software/x86_64/redhat7/cctools/current/lib:/opt/crc/usr/local/lib
BATCH_SYSTEM=HTCondor
MODULES_LMALTNAME=CRC_default/1.1&CRC_default/default&CRC_default
ENV=/afs/crc.nd.edu/x86_64_linux/Modules/4.5.0/init/profile.sh
WORKER_TMPDIR=/var/condor/execute/dir_26786/worker-213124-26822/cache/tmp
HOSTTYPE=x86_64-linux
_CONDOR_HIGHPORT=9999
GLOBUS_GSSAPI_MAX_TLS_PROTOCOL=0
_CONDOR_CHIRP_CONFIG=/var/condor/execute/dir_26786/.chirp.config
MAKELEVEL=1
MFLAGS=
MAIL=/var/spool/mail/nkremerh
PATH=/afs/crc.nd.edu/user/n/nkremerh/cctools/bin:/afs/crc.nd.edu/user/n/nkremerh/miniconda/bin:/afs/crc.nd.edu/group/ccl/software/git:/afs/crc.nd.edu/user/n/nkremerh/.local/bin:/afs/crc.nd.edu/group/ccl/software/x86_64/redhat7/povray/3.7/bin:/afs/crc.nd.edu/user/n/nkremerh/.perl5/bin:/afs/crc.nd.edu/user/n/nkremerh/pegasus/bin:/afs/crc.nd.edu/user/n/nkremerh/nodejs/bin:/afs/crc.nd.edu/user/n/nkremerh/montage/bin:/afs/crc.nd.edu/user/n/nkremerh/latexdiff:/afs/crc.nd.edu/user/n/nkremerh/envtrace:/afs/crc.nd.edu/user/n/nkremerh/endlines:/afs/crc.nd.edu/user/n/nkremerh/cctools/bin:/afs/crc.nd.edu/user/n/nkremerh/.cargo/bin:/afs/crc.nd.edu/group/ccl/software/x86_64/redhat7/ruby/current/bin:/afs/crc.nd.edu/group/ccl/software/x86_64/redhat7/graphviz/current/bin:/afs/crc.nd.edu/group/ccl/software/x86_64/redhat7/gnuplot/current/bin:/afs/crc.nd.edu/group/ccl/software/x86_64/redhat7/git/current/bin:/afs/crc.nd.edu/group/ccl/software/x86_64/redhat7/condor/current/sbin:/afs/crc.nd.edu/group/ccl/software/x86_64/redhat7/condor/current/bin:/afs/crc.nd.edu/group/ccl/software/x86_64/redhat7/cmake/current/bin:/afs/crc.nd.edu/group/ccl/software/x86_64/redhat7/clang/current/bin:/afs/crc.nd.edu/group/ccl/software/x86_64/redhat7/condor/current/sbin:/afs/crc.nd.edu/group/ccl/software/x86_64/redhat7/condor/current/bin:/afs/crc.nd.edu/group/ccl/software/x86_64/redhat7/cctools/current/bin:/afs/crc.nd.edu/x86_64_linux/Modules/4.5.0/bin:/opt/crc/usr/local/bin:/opt/sge/bin/lx-amd64:/usr/local/bin:/usr/bin:/usr/local/sbin:/usr/sbin:/afs/crc.nd.edu/user/c/condor/software/bin:/afs/crc.nd.edu/user/c/condor/software/sbin
CCLSOFTWARE=/afs/crc.nd.edu/group/ccl/software/x86_64/redhat7
PWD=/var/condor/execute/dir_26786/worker-213124-26822/t.986
_LMFILES_=/afs/crc.nd.edu/x86_64_linux/Modules/modules/system_modules/CRC_default/1.1
EDITOR=vim
SGE_EXECD_PORT=6445
LANG=en_US.UTF-8
SGE_QMASTER_PORT=6444
MODULEPATH=/afs/crc.nd.edu/x86_64_linux/Modules/modules/development_tools_and_libraries:/afs/crc.nd.edu/x86_64_linux/Modules/modules/general_software:/afs/crc.nd.edu/x86_64_linux/Modules/modules/restricted_software:/afs/crc.nd.edu/x86_64_linux/Modules/modules/system_modules:/afs/crc.nd.edu/x86_64_linux/Modules/modules/deprecated_software:/afs/crc.nd.edu/x86_64_linux/Modules/current/modulefiles
LOADEDMODULES=CRC_default/1.1
SGE_ROOT=/opt/sge
CCLPLATFORM=x86_64/redhat7
_CONDOR_SLOT=slot1
WORK_QUEUE_SANDBOX=/var/condor/execute/dir_26786/worker-213124-26822
USE_SYSTEMD=true
_CONDOR_LOWPORT=9100
_CONDOR_ANCESTOR_3611=3764:1598184024:3503519607
HISTCONTROL=ignoreboth:erasedups
KRB5CCNAME=FILE:/tmp/krb5cc_213124_DZSV7p
GLOBUS_GSSAPI_NAME_COMPATIBILITY=STRICT_RFC2818
HOME=disc01.crc.nd.edu
SHLVL=6
PATH_modshare=/opt/crc/usr/local/bin:1:/opt/sge/bin/lx-amd64:1:/usr/sbin:1:/usr/bin:1:/afs/crc.nd.edu/user/c/condor/software/sbin:1:/usr/local/sbin:1:/afs/crc.nd.edu/user/c/condor/software/bin:1:/usr/local/bin:1
OSTYPE=linux
_CONDOR_MACHINE_AD=/var/condor/execute/dir_26786/.machine.ad
GREP_OPTIONS=--color=auto
DISK=916619
GLOBUS_GSSAPI_MIN_TLS_PROTOCOL=TLS1_VERSION
MANPATH_modshare=/usr/share/man/overrides:1:/usr/local/share/man:1:/usr/share/man:1:/opt/crc/usr/local/man:1:/opt/sge/man:1
MEMORY=15899
PERL_LOCAL_LIB_ROOT=/afs/crc.nd.edu/user/n/nkremerh/.perl5/
BASH_ENV=/afs/crc.nd.edu/x86_64_linux/Modules/4.5.0/init/bash
VENDOR=unknown
TMP=/var/condor/execute/dir_26786/worker-213124-26822/t.986/cctools-temp-t.986.RGUm8A
LOGNAME=nkremerh
MACHTYPE=x86_64
CCLHOME=/afs/crc.nd.edu/group/ccl
PYTHONPATH=/afs/crc.nd.edu/user/n/nkremerh/cctools/lib/python3.6/site-packages/
LD_LIBRARY_PATH_modshare=/opt/crc/usr/local/lib:1
SSH_CONNECTION=10.17.150.11 36546 129.74.128.103 22
MODULES_LMALTNAME_modshare=CRC_default/1.1&CRC_default/default&CRC_default:1
MODULESHOME=/afs/crc.nd.edu/x86_64_linux/Modules/4.5.0
GLOBUS_GSSAPI_CIPHERS=HIGH
GLOBUS_GSSAPI_BACKWARD_COMPATIBLE_MIC=true
LESSOPEN=||/usr/bin/lesspipe.sh %s
OMP_NUM_THREADS=1
_CONDOR_JOB_AD=/var/condor/execute/dir_26786/.job.ad
LOADEDMODULES_modshare=CRC_default/1.1:1
XDG_RUNTIME_DIR=/run/user/213124
SGE_CLUSTER_NAME=CRC
CCTOOLS=../cctools
CORES=4
_CONDOR_JOB_IWD=/var/condor/execute/dir_26786
PERL_MM_OPT=INSTALL_BASE=/afs/crc.nd.edu/user/n/nkremerh/.perl5/
GLOBUS_GSSAPI_SERVER_CIPHER_ORDER=true
BASH_FUNC_module()=() {  unset _mlshdbg;
 if [ "${MODULES_SILENT_SHELL_DEBUG:-0}" = '1' ]; then
 case "$-" in 
 *v*x*)
 set +vx;
 _mlshdbg='vx'
 ;;
 *v*)
 set +v;
 _mlshdbg='v'
 ;;
 *x*)
 set +x;
 _mlshdbg='x'
 ;;
 *)
 _mlshdbg=''
 ;;
 esac;
 fi;
 unset _mlre _mlIFS;
 if [ -n "${IFS+x}" ]; then
 _mlIFS=$IFS;
 fi;
 IFS=' ';
 for _mlv in ${MODULES_RUN_QUARANTINE:-};
 do
 if [ "${_mlv}" = "${_mlv##*[!A-Za-z0-9_]}" -a "${_mlv}" = "${_mlv#[0-9]}" ]; then
 if [ -n "`eval 'echo ${'$_mlv'+x}'`" ]; then
 _mlre="${_mlre:-}${_mlv}_modquar='`eval 'echo ${'$_mlv'}'`' ";
 fi;
 _mlrv="MODULES_RUNENV_${_mlv}";
 _mlre="${_mlre:-}${_mlv}='`eval 'echo ${'$_mlrv':-}'`' ";
 fi;
 done;
 if [ -n "${_mlre:-}" ]; then
 eval `eval ${_mlre}/usr/bin/tclsh /afs/crc.nd.edu/x86_64_linux/Modules/4.5.0/libexec/modulecmd.tcl bash '"$@"'`;
 else
 eval `/usr/bin/tclsh /afs/crc.nd.edu/x86_64_linux/Modules/4.5.0/libexec/modulecmd.tcl bash "$@"`;
 fi;
 _mlstatus=$?;
 if [ -n "${_mlIFS+x}" ]; then
 IFS=$_mlIFS;
 else
 unset IFS;
 fi;
 unset _mlre _mlv _mlrv _mlIFS;
 if [ -n "${_mlshdbg:-}" ]; then
 set -$_mlshdbg;
 fi;
 unset _mlshdbg;
 return $_mlstatus
}
BASH_FUNC_ml()=() {  module ml "$@"
}
_=/usr/bin/printenv
