1099   0.000000 libjli.so->getenv("_JAVA_LAUNCHER_DEBUG") = nil
1099   0.001746 libjli.so->getenv("_JAVA_VERSION_SET") = nil
1099   0.000718 libjli.so->fopen("/usr/lib/jvm/java-1.8.0-openjdk-1.8.0.262.b10-0.el7_8.x86_64/jre/lib/amd64/jvm.cfg", "r") = 0x55d6527970f0
1099   0.000939 libjli.so->getenv("JDK_ALTERNATE_VM") = nil
1099   0.000318 libjli.so->__xstat(1, "/usr/lib/jvm/java-1.8.0-openjdk-1.8.0.262.b10-0.el7_8.x86_64/jre/lib/amd64/server/libjvm.so", 0x7ffe4f7ddfd0) = 0
1099   0.000621 libjli.so->getenv("LD_LIBRARY_PATH") = "/afs/crc.nd.edu/group/ccl/software/x86_64/redhat7/ruby/current/lib:/afs/crc.nd.edu/group/ccl/software/x86_64/redhat7/graphviz/current/lib:/afs/crc.nd.edu/group/ccl/software/x86_64/redhat7/git/current/lib:/afs/crc.nd.edu/group/ccl/software/x86_64/redhat7/condor/current/lib:/afs/crc.nd.edu/group/ccl/software/x86_64/redhat7/clang/current/lib:/afs/crc.nd.edu/group/ccl/software/x86_64/redhat7/condor/current/lib:/afs/crc.nd.edu/group/ccl/software/x86_64/redhat7/cctools/current/lib:/opt/crc/usr/local/lib"
1099   0.002239 libjli.so->dlopen("/usr/lib/jvm/java-1.8.0-openjdk-1.8.0.262.b10-0.el7_8.x86_64/jre/lib/amd64/server/libjvm.so", 258 <unfinished ...>
1099   0.038427 libjvm.so->getenv("NMT_LEVEL_1099") = nil
1099   0.001688 <... dlopen resumed> )           = 0x55d6527974c0
1099   0.000074 libjli.so->getenv("CLASSPATH")   = nil
1099   0.000317 libjli.so->getenv("_JAVA_SPLASH_JAR") = nil
1099   0.000304 libjli.so->getenv("_JAVA_SPLASH_FILE") = nil
1099   0.000315 libjli.so->pthread_attr_setdetachstate(0x7ffe4f7ddf80, 0, 0x7ffe4f7de010, 0) = 0
1099   0.000431 libpthread.so.0->__clone(0x2b1a32978de0, 0x2b1a3288bfc0, 0x3d0f00, 0x2b1a3288c700) = 1100
1100   0.001777 libjvm.so->dlopen(0x2b1a341579ae, 1, 0xfffffffffff42c48, 4096) = 0x2b1a38000990
1100   0.003468 libjvm.so->getenv(0x2b1a3417283e, 0, 115, 0x65737361) = 0x7ffe4f7e370d
1100   0.000450 libjvm.so->fopen(0x2b1a3288ac10, 0x2b1a3410eccb, 0x6f732e79666972, 0x2b1a33250ab0) = 0x2b1a38001440
1100   0.001470 libjvm.so->dlopen(0x2b1a3288ac10, 1, 0xffffffff, 0x2b1a38002b00) = 0x2b1a38001440
1100   0.001872 libjvm.so->fopen(0x2b1a3288ac10, 0x2b1a3410eccb, 111, 0x732e6176) = 0x2b1a38001b10
1100   0.001661 libjvm.so->dlopen(0x2b1a3288ac10, 1, 0xffffffff, 0x2b1a38001a00) = 0x2b1a38001b10
1100   0.001625 libjvm.so->__xstat(1, 0x2b1a3288b360, 0x2b1a3288bba0, 0x746f7073746f682e) = -1
1100   0.000449 libjvm.so->getenv(0x2b1a34107541, 0x2b1a3288b6d0, 1024, 0x2b1a345c161b) = 0
1100   0.000552 libjvm.so->getenv(0x2b1a34107533, 0x2b1a3288b6d0, 1024, 0) = 0
1100   0.000428 libjvm.so->fopen(0x2b1a34157315, 0x2b1a3410eccb, 4095, 0xffffd4e5cbef8b03) = 0x2b1a38003290
1100   0.001085 libjvm.so->fopen(0x2b1a34157361, 0x2b1a3410eccb, 0x2b1a38000078, 0x2b1a38003280) = 0x2b1a38003290
1100   0.000697 libjvm.so->fopen(0x2b1a328859b0, 0x2b1a3410eccb, 4014, 3995) = 0x2b1a38003290
1100   0.000640 libjvm.so->opendir(0x2b1a38002b40, 0x2b1a38002b40, 13, 16) = 0
1100   0.000451 libjvm.so->__xstat(1, 0x2b1a3288a8f0, 0x2b1a32889860, 0x6f732e7477616d62) = -1
1100   0.000445 libjvm.so->__xstat(1, 0x2b1a3288a8f0, 0x2b1a32889860, 0x5f74776162696c2f) = 0
1100   0.000497 libjvm.so->fopen(0x2b1a32889b90, 0x2b1a3410eccb, 4009, 3994) = 0x2b1a38003770
1100   0.000614 libjvm.so->fopen(0x2b1a32889b90, 0x2b1a3410eccb, 4009, 3994) = 0x2b1a38003770
1100   0.000585 libjvm.so->fopen(0x2b1a32889b90, 0x2b1a3410eccb, 4009, 4002) = 0x2b1a38003770
1100   0.000639 libjvm.so->fopen(0x2b1a32889b20, 0x2b1a3410eccb, 4009, 3994) = 0x2b1a38003770
1100   0.000643 libjvm.so->fopen(0x2b1a32889b20, 0x2b1a3410eccb, 4009, 3994) = 0x2b1a38003770
1100   0.000635 libjvm.so->fopen(0x2b1a32889b20, 0x2b1a3410eccb, 4009, 4002) = 0x2b1a38003770
1100   0.000675 libjvm.so->fopen(0x2b1a32889b50, 0x2b1a3410eccb, 4014, 3995) = 0x2b1a38003770
1100   0.000799 libjvm.so->getenv(0x2b1a341580ff, 4096, 3, -1) = 0
1100   0.000933 libjvm.so->fopen(0x2b1a34157998, 0x2b1a3410eccb, 0x2b1a3296f908, 0x2b1a3296edf0) = 0x2b1a38003770
1100   0.004717 libjvm.so->open(0x2b1a3804a560, 0x20000, 0, 0x2b1a3804a5a9) = 3
1100   0.000470 libjvm.so->__fxstat(1, 3, 0x2b1a3288ba00, -1) = 0
1100   0.000466 libjvm.so->opendir(0x2b1a3804a560, 0x2b1a3288ba00, 0x4000, -1) = 0x2b1a3804b470
1100   0.000591 libjvm.so->__fxstat(1, 3, 0x2b1a3288b8a0, 0x2b1a3804b470) = 0
1100   0.000436 libjvm.so->__fxstat(1, 5, 0x2b1a3288b930, -1) = 0
1100   0.000512 libjvm.so->open(0x2b1a341259dc, 0, 0, 0) = 3
1100   0.000704 libjvm.so->__lxstat(1, 0x2b1a3804a560, 0x2b1a3288bb50, -144) = 0
1100   0.000459 libjvm.so->open(0x2b1a3804a560, 0x20000, 0x4000, -1) = 3
1100   0.000429 libjvm.so->__fxstat(1, 3, 0x2b1a3288ba00, -1) = 0
1100   0.000536 libjvm.so->opendir(0x2b1a3804a560, 0x2b1a3288ba00, 0x4000, -1) = 0x2b1a3804b470
1100   0.000427 libjvm.so->__fxstat(1, 3, 0x2b1a3288b8a0, 0x2b1a3804b470) = 0
1100   0.000496 libjvm.so->__fxstat(1, 5, 0x2b1a3288b930, -1) = 0
1100   0.000468 libjvm.so->open(0x2b1a341259dc, 0, 0, 0) = 3
1100   0.000505 libjvm.so->open(0x2b1a3804a5a9, 0x20042, 384, -1) = 7
1100   0.000624 libjvm.so->__fxstat(1, 7, 0x2b1a3288bb50, -1) = 0
1100   0.001997 libjvm.so->fopen(0x2b1a3288ab60, 0x2b1a3410eccb, 4, 0x6f732e70) = 0x2b1a38057bc0
1100   0.001453 libjvm.so->dlopen(0x2b1a3288ab60, 1, 0xffffffff, 0x2b1a38057b00) = 0x2b1a38057bc0
1100   0.001492 libjvm.so->__xstat(1, 0x2b1a3288b120, 0x2b1a3288b950, 2048) = 0
1100   0.000488 libjvm.so->__xstat(1, 0x2b1a3288b120, 0x2b1a3288b950, 2048) = 0
1100   0.000424 libjvm.so->__xstat(1, 0x2b1a3288b120, 0x2b1a3288b950, 2048) = -1
1100   0.000459 libjvm.so->__xstat(1, 0x2b1a3288b120, 0x2b1a3288b950, 2048) = 0
1100   0.000438 libjvm.so->__xstat(1, 0x2b1a3288b120, 0x2b1a3288b950, 2048) = 0
1100   0.000454 libjvm.so->__xstat(1, 0x2b1a3288b120, 0x2b1a3288b950, 2048) = 0
1100   0.000501 libjvm.so->__xstat(1, 0x2b1a3288b120, 0x2b1a3288b950, 2048) = 0
1100   0.000542 libjvm.so->__xstat(1, 0x2b1a3288b120, 0x2b1a3288b950, 2048) = -1
1100   0.000434 libjvm.so->fopen(0x2b1a38002520, 0x2b1a3410eccb, 0, 0) = 0x2b1a38058a60
1100   0.008930 libjvm.so->open64(0x2b1a3288a410, 0, 0, 16) = 3
1100   0.000468 libjvm.so->__fxstat64(1, 3, 0x2b1a3288a240, -1) = 0
1100   0.036308 libjvm.so->__xstat(1, 0x2b1a3288af20, 0x2b1a3288b750, 2048) = -1
1100   0.000606 libjvm.so->fopen(0x2b1a32889b20, 0x2b1a3410eccb, 4009, 3994) = 0x2b1a380b5e20
1100   0.000699 libjvm.so->fopen(0x2b1a32889b20, 0x2b1a3410eccb, 4009, 3994) = 0x2b1a380b5e20
1100   0.000631 libjvm.so->fopen(0x2b1a32889b20, 0x2b1a3410eccb, 4009, 4002) = 0x2b1a380b5e20
1100   0.004361 libjvm.so->pthread_attr_setdetachstate(0x2b1a3288bc00, 1, 0, 0) = 0
1100   0.000541 libpthread.so.0->__clone(0x2b1a32978de0, 0x2b1a4b2d0fc0, 0x3d0f00, 0x2b1a4b2d1700) = 1101
1100   0.016020 libjvm.so->pthread_attr_setdetachstate(0x2b1a3288b290, 1, 0, 0) = 0
1100   0.000700 libpthread.so.0->__clone(0x2b1a32978de0, 0x2b1a4b3d1fc0, 0x3d0f00, 0x2b1a4b3d2700) = 1102
1100   0.007155 libjvm.so->pthread_attr_setdetachstate(0x2b1a3288b610, 1, 0, 0) = 0
1100   0.000793 libpthread.so.0->__clone(0x2b1a32978de0, 0x2b1a4b4d2fc0, 0x3d0f00, 0x2b1a4b4d3700) = 1103
1100   0.042833 libjvm.so->fopen(0x2b1a380e9150, 0x2b1a3410eccb, 4, 0x6f732e70) = 0x2b1a380f1c90
1100   0.001953 libjvm.so->dlopen(0x2b1a380e9150, 1, 0xffffffff, 0x2b1a380ec300) = 0x2b1a38057bc0
1100   0.005441 libjvm.so->open64(0x2b1a3288a510, 0, 0, 16) = 5
1100   0.000992 libjvm.so->__fxstat64(1, 5, 0x2b1a3288a340, -1) = 0
1100   0.021096 libjvm.so->fopen(0x2b1a32887130, 0x2b1a3410eccb, 4009, 3994) = 0x2b1a380fcbe0
1100   0.001286 libjvm.so->fopen(0x2b1a32887130, 0x2b1a3410eccb, 4009, 3994) = 0x2b1a380fcbe0
1100   0.002045 libjvm.so->fopen(0x2b1a32887130, 0x2b1a3410eccb, 4009, 4002) = 0x2b1a380fcbe0
1100   0.018321 libjvm.so->pthread_attr_setdetachstate(0x2b1a3288bb50, 1, 0, 0) = 0
1100   0.001070 libpthread.so.0->__clone(0x2b1a32978de0, 0x2b1a4b5d3fc0, 0x3d0f00, 0x2b1a4b5d4700) = 1111
1100   0.001683 libjvm.so->__xstat64(1, 0x2b1a3288bbe0, 0x2b1a3288bb50, 18) = -1
1100   0.001205 libjvm.so->pthread_attr_setdetachstate(0x2b1a3288b950, 1, 0, 0) = 0
1100   0.001120 libpthread.so.0->__clone(0x2b1a32978de0, 0x2b1a4b6d4fc0, 0x3d0f00, 0x2b1a4b6d5700) = 1112
1100   0.001885 libjvm.so->pthread_attr_setdetachstate(0x2b1a3288b950, 1, 0, 0) = 0
1100   0.001306 libpthread.so.0->__clone(0x2b1a32978de0, 0x2b1a4b7d5fc0, 0x3d0f00, 0x2b1a4b7d6700) = 1113
1100   0.007971 libjvm.so->pthread_attr_setdetachstate(0x2b1a3288baa0, 1, 0, 0) = 0
1100   0.001402 libpthread.so.0->__clone(0x2b1a32978de0, 0x2b1a4b8d6fc0, 0x3d0f00, 0x2b1a4b8d7700) = 1114
1100   0.002353 libjvm.so->pthread_attr_setdetachstate(0x2b1a3288bbb0, 1, 0, 0) = 0
1100   0.001563 libpthread.so.0->__clone(0x2b1a32978de0, 0x2b1a4b9d7fc0, 0x3d0f00, 0x2b1a4b9d8700) = 1115
1100   0.016104 libjvm.so->open64(0x2b1a3812e970, 0, 0, 48) = 7
1100   0.001777 libjvm.so->__fxstat64(1, 7, 0x2b1a32888f60, -1) = 0
1100   0.025937 libjvm.so->fopen(0x2b1a381546c0, 0x2b1a3410eccb, 4, 0x6f732e6f) = 0x2b1a38154780
1100   0.003435 libjvm.so->dlopen(0x2b1a381546c0, 1, 0xffffffff, 0x2b1a38154700) = 0x2b1a38154780
1100   0.141779 libjvm.so->fopen(0x2b1a38189d60, 0x2b1a3410eccb, 4, 0x6f732e74) = 0x2b1a381c0d80
1100   0.003901 libjvm.so->dlopen(0x2b1a38189d60, 1, 0xffffffff, 0x2b1a3818a600) = 0x2b1a381c0d80
1100   0.153735 libjvm.so->fopen(0x2b1a3821a0d0, 0x2b1a3410eccb, 0x6f732e7373656c, 0x656c646165685f74) = 0x2b1a3821a1b0
1100   0.003598 libjvm.so->dlopen(0x2b1a3821a0d0, 1, 0xffffffff, 0x2b1a3821a100) = 0x2b1a3821a1b0
1100   0.022547 libjvm.so->fopen(0x2b1a32884990, 0x2b1a3410eccb, 0x6f732e, 0x6d766a62696c2f72) = 0x2b1a38223fd0
1100   0.006469 libjvm.so->dlopen(0x2b1a32884990, 1, 0xffffffff, 0x2b1a38223500) = 0x55d6527974c0
1100   0.001885 libjvm.so->fopen(0x2b1a32884990, 0x2b1a3410eccb, 0x6f732e, 0x6d766a62696c2f72) = 0x2b1a38223f70
1100   0.005925 libjvm.so->dlopen(0x2b1a32884990, 1, 0xffffffff, 0x2b1a38223500) = 0x55d6527974c0
1100   0.002006 libjvm.so->fopen(0x2b1a32884990, 0x2b1a3410eccb, 0x6f732e, 0x6d766a62696c2f72) = 0x2b1a38223f70
1100   0.003604 libjvm.so->dlopen(0x2b1a32884990, 1, 0xffffffff, 0x2b1a38223500) = 0x55d6527974c0
1100   0.001673 libjvm.so->fopen(0x2b1a32884990, 0x2b1a3410eccb, 0x6f732e, 0x6d766a62696c2f72) = 0x2b1a38223f70
1100   0.003464 libjvm.so->dlopen(0x2b1a32884990, 1, 0xffffffff, 0x2b1a38223500) = 0x55d6527974c0
1100   0.262094 libjvm.so->fopen(0x2b1a32888ed0, 0x2b1a3410eccb, 111, 0x732e6176) = 0x2b1a38180210
1100   0.002979 libjvm.so->dlopen(0x2b1a32888ed0, 1, 0xffffffff, 0x2b1a38161100) = 0x2b1a38001b10
1100   0.001918 libjvm.so->fopen(0x2b1a32888ed0, 0x2b1a3410eccb, 111, 0x732e6176) = 0x2b1a38180210
1100   0.002722 libjvm.so->dlopen(0x2b1a32888ed0, 1, 0xffffffff, 0x2b1a38161100) = 0x2b1a38001b10
1100   0.001684 libjvm.so->fopen(0x2b1a32888ed0, 0x2b1a3410eccb, 111, 0x732e6176) = 0x2b1a38180210
1100   0.002856 libjvm.so->dlopen(0x2b1a32888ed0, 1, 0xffffffff, 0x2b1a38161100) = 0x2b1a38001b10
1100   0.001675 libjvm.so->fopen(0x2b1a32888ed0, 0x2b1a3410eccb, 111, 0x732e6176) = 0x2b1a38180210
1100   0.003668 libjvm.so->dlopen(0x2b1a32888ed0, 1, 0xffffffff, 0x2b1a38161100) = 0x2b1a38001b10
1100   0.183875 --- SIGSEGV (Segmentation fault) ---
1100   3.156946 --- SIGSEGV (Segmentation fault) ---
1115   9.166208 +++ exited (status 0) +++
1111   0.000402 +++ exited (status 0) +++
1101   0.000302 +++ exited (status 0) +++
1100   0.000239 +++ exited (status 0) +++
1114   0.002124 +++ exited (status 0) +++
1112   0.000029 +++ exited (status 0) +++
1103   0.000019 +++ exited (status 0) +++
1102   0.000025 +++ exited (status 0) +++
1113   0.021846 +++ exited (status 0) +++
1099   0.000095 +++ exited (status 0) +++
Wrote an ltrace for command: "java -cp ./tools/maxent.jar density.MaxEnt -s outputs/Lepidiota_froggatti_Macleay.csv -e data/layers/worldclim -o outputs/Lepidiota_froggatti_Macleay nowarnings nocache autorun -z" with PID 1097 from PPID 1077 on disc20.crc.nd.edu with result 0
REMOTEHOST=10.17.150.11
MANPATH=/afs/crc.nd.edu/user/n/nkremerh/cctools/share/man/:/afs/crc.nd.edu/group/ccl/software/x86_64/redhat7/ruby/current/share/man:/afs/crc.nd.edu/group/ccl/software/x86_64/redhat7/graphviz/current/share/man:/afs/crc.nd.edu/group/ccl/software/x86_64/redhat7/gnuplot/current/share/man:/afs/crc.nd.edu/group/ccl/software/x86_64/redhat7/git/current/share/man:/afs/crc.nd.edu/group/ccl/software/x86_64/redhat7/condor/current/share/man:/afs/crc.nd.edu/group/ccl/software/x86_64/redhat7/clang/current/share/man:/afs/crc.nd.edu/group/ccl/software/x86_64/redhat7/condor/current/share/man:/afs/crc.nd.edu/group/ccl/software/x86_64/redhat7/cctools/current/share/man:/afs/crc.nd.edu/group/ccl/software/x86_64/redhat7/cctools/current/share/man:/afs/crc.nd.edu/x86_64_linux/Modules/4.5.0/share/man:/opt/crc/usr/local/man:/opt/sge/man:/usr/share/man/overrides:/usr/share/man:/usr/local/share/man
_CONDOR_JOB_PIDS=
XDG_SESSION_ID=4102
HOSTNAME=disc01.crc.nd.edu
_LMFILES__modshare=/afs/crc.nd.edu/x86_64_linux/Modules/modules/system_modules/CRC_default/1.1:1
MODULEPATH_modshare=/afs/crc.nd.edu/x86_64_linux/Modules/modules/general_software:1:/afs/crc.nd.edu/x86_64_linux/Modules/modules/development_tools_and_libraries:1:/afs/crc.nd.edu/x86_64_linux/Modules/modules/system_modules:1:/afs/crc.nd.edu/x86_64_linux/Modules/current/modulefiles:1:/afs/crc.nd.edu/x86_64_linux/Modules/modules/restricted_software:1:/afs/crc.nd.edu/x86_64_linux/Modules/modules/deprecated_software:1
_CONDOR_ANCESTOR_3560=24278:1600190002:3669882636
TERM=xterm-256color
SHELL=/bin/tcsh
HOST=disc01.crc.nd.edu
MODULES_CMD=/afs/crc.nd.edu/x86_64_linux/Modules/4.5.0/libexec/modulecmd.tcl
HISTSIZE=5000
MAKEFLAGS=
SSH_CLIENT=10.17.150.11 36546 22
TMPDIR=/var/condor/execute/dir_24278/worker-213124-24372/t.1103/cctools-temp-t.1103.9V7bGC
PERL5LIB=/afs/crc.nd.edu/user/n/nkremerh/cctools/lib/perl5/site_perl/5.16.3:/afs/crc.nd.edu/user/n/nkremerh/.perl5/lib/perl5
SGE_CELL=crc
_CONDOR_SCRATCH_DIR=/var/condor/execute/dir_24278
_CONDOR_ANCESTOR_3197=3560:1598183979:2962516177
PERL_MB_OPT=--install_base '/afs/crc.nd.edu/user/n/nkremerh/.perl5/'
SSH_TTY=/dev/pts/2
SGE_LOAD_AVG=load_avg
MAKEFLOW_MAX_LOCAL_JOBS=2
GROUP=campus
USER=nkremerh
_CHIRP_DELAYED_UPDATE_PREFIX=Chirp*
HISTFILESIZE=10000
TEMP=/var/condor/execute/dir_24278/worker-213124-24372/t.1103/cctools-temp-t.1103.9V7bGC
LD_LIBRARY_PATH=/afs/crc.nd.edu/group/ccl/software/x86_64/redhat7/ruby/current/lib:/afs/crc.nd.edu/group/ccl/software/x86_64/redhat7/graphviz/current/lib:/afs/crc.nd.edu/group/ccl/software/x86_64/redhat7/git/current/lib:/afs/crc.nd.edu/group/ccl/software/x86_64/redhat7/condor/current/lib:/afs/crc.nd.edu/group/ccl/software/x86_64/redhat7/clang/current/lib:/afs/crc.nd.edu/group/ccl/software/x86_64/redhat7/condor/current/lib:/afs/crc.nd.edu/group/ccl/software/x86_64/redhat7/cctools/current/lib:/opt/crc/usr/local/lib
BATCH_SYSTEM=HTCondor
MODULES_LMALTNAME=CRC_default/1.1&CRC_default/default&CRC_default
ENV=/afs/crc.nd.edu/x86_64_linux/Modules/4.5.0/init/profile.sh
WORKER_TMPDIR=/var/condor/execute/dir_24278/worker-213124-24372/cache/tmp
HOSTTYPE=x86_64-linux
_CONDOR_HIGHPORT=9999
GLOBUS_GSSAPI_MAX_TLS_PROTOCOL=0
_CONDOR_CHIRP_CONFIG=/var/condor/execute/dir_24278/.chirp.config
MAKELEVEL=1
MFLAGS=
MAIL=/var/spool/mail/nkremerh
PATH=/afs/crc.nd.edu/user/n/nkremerh/cctools/bin:/afs/crc.nd.edu/user/n/nkremerh/miniconda/bin:/afs/crc.nd.edu/group/ccl/software/git:/afs/crc.nd.edu/user/n/nkremerh/.local/bin:/afs/crc.nd.edu/group/ccl/software/x86_64/redhat7/povray/3.7/bin:/afs/crc.nd.edu/user/n/nkremerh/.perl5/bin:/afs/crc.nd.edu/user/n/nkremerh/pegasus/bin:/afs/crc.nd.edu/user/n/nkremerh/nodejs/bin:/afs/crc.nd.edu/user/n/nkremerh/montage/bin:/afs/crc.nd.edu/user/n/nkremerh/latexdiff:/afs/crc.nd.edu/user/n/nkremerh/envtrace:/afs/crc.nd.edu/user/n/nkremerh/endlines:/afs/crc.nd.edu/user/n/nkremerh/cctools/bin:/afs/crc.nd.edu/user/n/nkremerh/.cargo/bin:/afs/crc.nd.edu/group/ccl/software/x86_64/redhat7/ruby/current/bin:/afs/crc.nd.edu/group/ccl/software/x86_64/redhat7/graphviz/current/bin:/afs/crc.nd.edu/group/ccl/software/x86_64/redhat7/gnuplot/current/bin:/afs/crc.nd.edu/group/ccl/software/x86_64/redhat7/git/current/bin:/afs/crc.nd.edu/group/ccl/software/x86_64/redhat7/condor/current/sbin:/afs/crc.nd.edu/group/ccl/software/x86_64/redhat7/condor/current/bin:/afs/crc.nd.edu/group/ccl/software/x86_64/redhat7/cmake/current/bin:/afs/crc.nd.edu/group/ccl/software/x86_64/redhat7/clang/current/bin:/afs/crc.nd.edu/group/ccl/software/x86_64/redhat7/condor/current/sbin:/afs/crc.nd.edu/group/ccl/software/x86_64/redhat7/condor/current/bin:/afs/crc.nd.edu/group/ccl/software/x86_64/redhat7/cctools/current/bin:/afs/crc.nd.edu/x86_64_linux/Modules/4.5.0/bin:/opt/crc/usr/local/bin:/opt/sge/bin/lx-amd64:/usr/local/bin:/usr/bin:/usr/local/sbin:/usr/sbin:/afs/crc.nd.edu/user/c/condor/software/bin:/afs/crc.nd.edu/user/c/condor/software/sbin
CCLSOFTWARE=/afs/crc.nd.edu/group/ccl/software/x86_64/redhat7
PWD=/var/condor/execute/dir_24278/worker-213124-24372/t.1103
_LMFILES_=/afs/crc.nd.edu/x86_64_linux/Modules/modules/system_modules/CRC_default/1.1
EDITOR=vim
SGE_EXECD_PORT=6445
LANG=en_US.UTF-8
SGE_QMASTER_PORT=6444
MODULEPATH=/afs/crc.nd.edu/x86_64_linux/Modules/modules/development_tools_and_libraries:/afs/crc.nd.edu/x86_64_linux/Modules/modules/general_software:/afs/crc.nd.edu/x86_64_linux/Modules/modules/restricted_software:/afs/crc.nd.edu/x86_64_linux/Modules/modules/system_modules:/afs/crc.nd.edu/x86_64_linux/Modules/modules/deprecated_software:/afs/crc.nd.edu/x86_64_linux/Modules/current/modulefiles
LOADEDMODULES=CRC_default/1.1
SGE_ROOT=/opt/sge
CCLPLATFORM=x86_64/redhat7
_CONDOR_SLOT=slot2_2
WORK_QUEUE_SANDBOX=/var/condor/execute/dir_24278/worker-213124-24372
_CONDOR_ANCESTOR_24278=24341:1600190003:820528710
USE_SYSTEMD=true
_CONDOR_LOWPORT=9100
HISTCONTROL=ignoreboth:erasedups
KRB5CCNAME=FILE:/tmp/krb5cc_213124_DZSV7p
GLOBUS_GSSAPI_NAME_COMPATIBILITY=STRICT_RFC2818
HOME=disc01.crc.nd.edu
SHLVL=6
PATH_modshare=/opt/crc/usr/local/bin:1:/opt/sge/bin/lx-amd64:1:/usr/sbin:1:/usr/bin:1:/afs/crc.nd.edu/user/c/condor/software/sbin:1:/usr/local/sbin:1:/afs/crc.nd.edu/user/c/condor/software/bin:1:/usr/local/bin:1
OSTYPE=linux
_CONDOR_MACHINE_AD=/var/condor/execute/dir_24278/.machine.ad
GREP_OPTIONS=--color=auto
DISK=18235
GLOBUS_GSSAPI_MIN_TLS_PROTOCOL=TLS1_VERSION
MANPATH_modshare=/usr/share/man/overrides:1:/usr/local/share/man:1:/usr/share/man:1:/opt/crc/usr/local/man:1:/opt/sge/man:1
MEMORY=1948
PERL_LOCAL_LIB_ROOT=/afs/crc.nd.edu/user/n/nkremerh/.perl5/
BASH_ENV=/afs/crc.nd.edu/x86_64_linux/Modules/4.5.0/init/bash
VENDOR=unknown
TMP=/var/condor/execute/dir_24278/worker-213124-24372/t.1103/cctools-temp-t.1103.9V7bGC
LOGNAME=nkremerh
MACHTYPE=x86_64
CCLHOME=/afs/crc.nd.edu/group/ccl
PYTHONPATH=/afs/crc.nd.edu/user/n/nkremerh/cctools/lib/python3.6/site-packages/
LD_LIBRARY_PATH_modshare=/opt/crc/usr/local/lib:1
SSH_CONNECTION=10.17.150.11 36546 129.74.128.103 22
MODULES_LMALTNAME_modshare=CRC_default/1.1&CRC_default/default&CRC_default:1
MODULESHOME=/afs/crc.nd.edu/x86_64_linux/Modules/4.5.0
GLOBUS_GSSAPI_CIPHERS=HIGH
GLOBUS_GSSAPI_BACKWARD_COMPATIBLE_MIC=true
LESSOPEN=||/usr/bin/lesspipe.sh %s
OMP_NUM_THREADS=1
_CONDOR_JOB_AD=/var/condor/execute/dir_24278/.job.ad
LOADEDMODULES_modshare=CRC_default/1.1:1
XDG_RUNTIME_DIR=/run/user/213124
SGE_CLUSTER_NAME=CRC
CCTOOLS=../cctools
CORES=2
_CONDOR_JOB_IWD=/var/condor/execute/dir_24278
PERL_MM_OPT=INSTALL_BASE=/afs/crc.nd.edu/user/n/nkremerh/.perl5/
GLOBUS_GSSAPI_SERVER_CIPHER_ORDER=true
BASH_FUNC_module()=() {  unset _mlshdbg;
 if [ "${MODULES_SILENT_SHELL_DEBUG:-0}" = '1' ]; then
 case "$-" in 
 *v*x*)
 set +vx;
 _mlshdbg='vx'
 ;;
 *v*)
 set +v;
 _mlshdbg='v'
 ;;
 *x*)
 set +x;
 _mlshdbg='x'
 ;;
 *)
 _mlshdbg=''
 ;;
 esac;
 fi;
 unset _mlre _mlIFS;
 if [ -n "${IFS+x}" ]; then
 _mlIFS=$IFS;
 fi;
 IFS=' ';
 for _mlv in ${MODULES_RUN_QUARANTINE:-};
 do
 if [ "${_mlv}" = "${_mlv##*[!A-Za-z0-9_]}" -a "${_mlv}" = "${_mlv#[0-9]}" ]; then
 if [ -n "`eval 'echo ${'$_mlv'+x}'`" ]; then
 _mlre="${_mlre:-}${_mlv}_modquar='`eval 'echo ${'$_mlv'}'`' ";
 fi;
 _mlrv="MODULES_RUNENV_${_mlv}";
 _mlre="${_mlre:-}${_mlv}='`eval 'echo ${'$_mlrv':-}'`' ";
 fi;
 done;
 if [ -n "${_mlre:-}" ]; then
 eval `eval ${_mlre}/usr/bin/tclsh /afs/crc.nd.edu/x86_64_linux/Modules/4.5.0/libexec/modulecmd.tcl bash '"$@"'`;
 else
 eval `/usr/bin/tclsh /afs/crc.nd.edu/x86_64_linux/Modules/4.5.0/libexec/modulecmd.tcl bash "$@"`;
 fi;
 _mlstatus=$?;
 if [ -n "${_mlIFS+x}" ]; then
 IFS=$_mlIFS;
 else
 unset IFS;
 fi;
 unset _mlre _mlv _mlrv _mlIFS;
 if [ -n "${_mlshdbg:-}" ]; then
 set -$_mlshdbg;
 fi;
 unset _mlshdbg;
 return $_mlstatus
}
BASH_FUNC_ml()=() {  module ml "$@"
}
_=/usr/bin/printenv
