23387   0.000000 libjli.so->getenv("_JAVA_LAUNCHER_DEBUG") = nil
23387   0.001198 libjli.so->getenv("_JAVA_VERSION_SET") = nil
23387   0.000551 libjli.so->fopen("/usr/lib/jvm/java-1.8.0-openjdk-1.8.0.262.b10-0.el7_8.x86_64/jre/lib/amd64/jvm.cfg", "r") = 0x55e0732c00f0
23387   0.000550 libjli.so->getenv("JDK_ALTERNATE_VM") = nil
23387   0.000210 libjli.so->__xstat(1, "/usr/lib/jvm/java-1.8.0-openjdk-1.8.0.262.b10-0.el7_8.x86_64/jre/lib/amd64/server/libjvm.so", 0x7fff10a750f0) = 0
23387   0.000410 libjli.so->getenv("LD_LIBRARY_PATH") = "/afs/crc.nd.edu/group/ccl/software/x86_64/redhat7/ruby/current/lib:/afs/crc.nd.edu/group/ccl/software/x86_64/redhat7/graphviz/current/lib:/afs/crc.nd.edu/group/ccl/software/x86_64/redhat7/git/current/lib:/afs/crc.nd.edu/group/ccl/software/x86_64/redhat7/condor/current/lib:/afs/crc.nd.edu/group/ccl/software/x86_64/redhat7/clang/current/lib:/afs/crc.nd.edu/group/ccl/software/x86_64/redhat7/condor/current/lib:/afs/crc.nd.edu/group/ccl/software/x86_64/redhat7/cctools/current/lib:/opt/crc/usr/local/lib"
23387   0.001434 libjli.so->dlopen("/usr/lib/jvm/java-1.8.0-openjdk-1.8.0.262.b10-0.el7_8.x86_64/jre/lib/amd64/server/libjvm.so", 258 <unfinished ...>
23387   0.025299 libjvm.so->getenv("NMT_LEVEL_23387") = nil
23387   0.001063 <... dlopen resumed> )          = 0x55e0732c04c0
23387   0.000044 libjli.so->getenv("CLASSPATH")  = nil
23387   0.000218 libjli.so->getenv("_JAVA_SPLASH_JAR") = nil
23387   0.000205 libjli.so->getenv("_JAVA_SPLASH_FILE") = nil
23387   0.000261 libjli.so->pthread_attr_setdetachstate(0x7fff10a750a0, 0, 0x7fff10a75130, 0) = 0
23387   0.000291 libpthread.so.0->__clone(0x2b0c239d5de0, 0x2b0c238e8fc0, 0x3d0f00, 0x2b0c238e9700) = 0x5b5c
23388   0.001194 libjvm.so->dlopen(0x2b0c251b49ae, 1, 0xfffffffffff42c48, 4096) = 0x2b0c28000990
23388   0.001704 libjvm.so->getenv(0x2b0c251cf83e, 0, 115, 0x65737361) = 0x7fff10a7a6a9
23388   0.000308 libjvm.so->fopen(0x2b0c238e7c10, 0x2b0c2516bccb, 0x6f732e79666972, 0x2b0c242adab0) = 0x2b0c28001440
23388   0.000907 libjvm.so->dlopen(0x2b0c238e7c10, 1, 0xffffffff, 0x2b0c28002b00) = 0x2b0c28001440
23388   0.001011 libjvm.so->fopen(0x2b0c238e7c10, 0x2b0c2516bccb, 111, 0x732e6176) = 0x2b0c28001b10
23388   0.001140 libjvm.so->dlopen(0x2b0c238e7c10, 1, 0xffffffff, 0x2b0c28001a00) = 0x2b0c28001b10
23388   0.001186 libjvm.so->__xstat(1, 0x2b0c238e8360, 0x2b0c238e8ba0, 0x746f7073746f682e) = -1
23388   0.000340 libjvm.so->getenv(0x2b0c25164541, 0x2b0c238e86d0, 1024, 0x2b0c2561e61b) = 0
23388   0.000337 libjvm.so->getenv(0x2b0c25164533, 0x2b0c238e86d0, 1024, 0) = 0
23388   0.000313 libjvm.so->fopen(0x2b0c251b4315, 0x2b0c2516bccb, 4095, 0xffffd4f3dae9bb03) = 0x2b0c28003290
23388   0.000704 libjvm.so->fopen(0x2b0c251b4361, 0x2b0c2516bccb, 0x2b0c28000078, 0x2b0c28003280) = 0x2b0c28003290
23388   0.000491 libjvm.so->fopen(0x2b0c238e29b0, 0x2b0c2516bccb, 4016, 3997) = 0x2b0c28003290
23388   0.000418 libjvm.so->opendir(0x2b0c28002b40, 0x2b0c28002b40, 13, 16) = 0
23388   0.000300 libjvm.so->__xstat(1, 0x2b0c238e78f0, 0x2b0c238e6860, 0x6f732e7477616d62) = -1
23388   0.000284 libjvm.so->__xstat(1, 0x2b0c238e78f0, 0x2b0c238e6860, 0x5f74776162696c2f) = 0
23388   0.000322 libjvm.so->fopen(0x2b0c238e6b90, 0x2b0c2516bccb, 4011, 3996) = 0x2b0c28003770
23388   0.000411 libjvm.so->fopen(0x2b0c238e6b90, 0x2b0c2516bccb, 4011, 3996) = 0x2b0c28003770
23388   0.000395 libjvm.so->fopen(0x2b0c238e6b90, 0x2b0c2516bccb, 4011, 4004) = 0x2b0c28003770
23388   0.000424 libjvm.so->fopen(0x2b0c238e6b20, 0x2b0c2516bccb, 4011, 3996) = 0x2b0c28003770
23388   0.000395 libjvm.so->fopen(0x2b0c238e6b20, 0x2b0c2516bccb, 4011, 3996) = 0x2b0c28003770
23388   0.000390 libjvm.so->fopen(0x2b0c238e6b20, 0x2b0c2516bccb, 4011, 4004) = 0x2b0c28003770
23388   0.000414 libjvm.so->fopen(0x2b0c238e6b50, 0x2b0c2516bccb, 4016, 3997) = 0x2b0c28003770
23388   0.000525 libjvm.so->getenv(0x2b0c251b50ff, 4096, 3, -1) = 0
23388   0.000607 libjvm.so->fopen(0x2b0c251b4998, 0x2b0c2516bccb, 0x2b0c239cc908, 0x2b0c239cbdf0) = 0x2b0c28003770
23388   0.003249 libjvm.so->open(0x2b0c2804a560, 0x20000, 0, 0x2b0c2804a5a9) = 3
23388   0.000309 libjvm.so->__fxstat(1, 3, 0x2b0c238e8a00, -1) = 0
23388   0.000352 libjvm.so->opendir(0x2b0c2804a560, 0x2b0c238e8a00, 0x4000, -1) = 0x2b0c2804b470
23388   0.000346 libjvm.so->__fxstat(1, 3, 0x2b0c238e88a0, 0x2b0c2804b470) = 0
23388   0.000290 libjvm.so->__fxstat(1, 5, 0x2b0c238e8930, -1) = 0
23388   0.000308 libjvm.so->open(0x2b0c251829dc, 0, 0, 0) = 3
23388   0.000432 libjvm.so->__lxstat(1, 0x2b0c2804a560, 0x2b0c238e8b50, -144) = 0
23388   0.000309 libjvm.so->open(0x2b0c2804a560, 0x20000, 0x4000, -1) = 3
23388   0.000281 libjvm.so->__fxstat(1, 3, 0x2b0c238e8a00, -1) = 0
23388   0.000351 libjvm.so->opendir(0x2b0c2804a560, 0x2b0c238e8a00, 0x4000, -1) = 0x2b0c2804b470
23388   0.000302 libjvm.so->__fxstat(1, 3, 0x2b0c238e88a0, 0x2b0c2804b470) = 0
23388   0.000318 libjvm.so->__fxstat(1, 5, 0x2b0c238e8930, -1) = 0
23388   0.000297 libjvm.so->open(0x2b0c251829dc, 0, 0, 0) = 3
23388   0.000298 libjvm.so->open(0x2b0c2804a5a9, 0x20042, 384, -1) = 7
23388   0.000411 libjvm.so->__fxstat(1, 7, 0x2b0c238e8b50, -1) = 0
23388   0.001159 libjvm.so->fopen(0x2b0c238e7b60, 0x2b0c2516bccb, 4, 0x6f732e70) = 0x2b0c28057bc0
23388   0.001003 libjvm.so->dlopen(0x2b0c238e7b60, 1, 0xffffffff, 0x2b0c28057b00) = 0x2b0c28057bc0
23388   0.001050 libjvm.so->__xstat(1, 0x2b0c238e8120, 0x2b0c238e8950, 2048) = 0
23388   0.000294 libjvm.so->__xstat(1, 0x2b0c238e8120, 0x2b0c238e8950, 2048) = 0
23388   0.000330 libjvm.so->__xstat(1, 0x2b0c238e8120, 0x2b0c238e8950, 2048) = -1
23388   0.000314 libjvm.so->__xstat(1, 0x2b0c238e8120, 0x2b0c238e8950, 2048) = 0
23388   0.000281 libjvm.so->__xstat(1, 0x2b0c238e8120, 0x2b0c238e8950, 2048) = 0
23388   0.000295 libjvm.so->__xstat(1, 0x2b0c238e8120, 0x2b0c238e8950, 2048) = 0
23388   0.000320 libjvm.so->__xstat(1, 0x2b0c238e8120, 0x2b0c238e8950, 2048) = 0
23388   0.000282 libjvm.so->__xstat(1, 0x2b0c238e8120, 0x2b0c238e8950, 2048) = -1
23388   0.000284 libjvm.so->fopen(0x2b0c28002520, 0x2b0c2516bccb, 0, 0) = 0x2b0c28058a60
23388   0.006148 libjvm.so->open64(0x2b0c238e7410, 0, 0, 16) = 3
23388   0.000362 libjvm.so->__fxstat64(1, 3, 0x2b0c238e7240, -1) = 0
23388   0.024949 libjvm.so->__xstat(1, 0x2b0c238e7f20, 0x2b0c238e8750, 2048) = -1
23388   0.000414 libjvm.so->fopen(0x2b0c238e6b20, 0x2b0c2516bccb, 4011, 3996) = 0x2b0c280b5e20
23388   0.000484 libjvm.so->fopen(0x2b0c238e6b20, 0x2b0c2516bccb, 4011, 3996) = 0x2b0c280b5e20
23388   0.000415 libjvm.so->fopen(0x2b0c238e6b20, 0x2b0c2516bccb, 4011, 4004) = 0x2b0c280b5e20
23388   0.003164 libjvm.so->pthread_attr_setdetachstate(0x2b0c238e8c00, 1, 0, 0) = 0
23388   0.000349 libpthread.so.0->__clone(0x2b0c239d5de0, 0x2b0c27feefc0, 0x3d0f00, 0x2b0c27fef700) = 0x5b5d
23388   0.011067 libjvm.so->pthread_attr_setdetachstate(0x2b0c238e8290, 1, 0, 0) = 0
23388   0.000467 libpthread.so.0->__clone(0x2b0c239d5de0, 0x2b0c3c36afc0, 0x3d0f00, 0x2b0c3c36b700) = 0x5b5e
23388   0.006636 libjvm.so->pthread_attr_setdetachstate(0x2b0c238e8610, 1, 0, 0) = 0
23388   0.000792 libpthread.so.0->__clone(0x2b0c239d5de0, 0x2b0c3c46bfc0, 0x3d0f00, 0x2b0c3c46c700) = 0x5b5f
23388   0.040125 libjvm.so->fopen(0x2b0c280e9150, 0x2b0c2516bccb, 4, 0x6f732e70) = 0x2b0c280f1c90
23388   0.003574 libjvm.so->dlopen(0x2b0c280e9150, 1, 0xffffffff, 0x2b0c280ec300) = 0x2b0c28057bc0
23388   0.005912 libjvm.so->open64(0x2b0c238e7510, 0, 0, 16) = 5
23388   0.000968 libjvm.so->__fxstat64(1, 5, 0x2b0c238e7340, -1) = 0
23388   0.021859 libjvm.so->fopen(0x2b0c238e4130, 0x2b0c2516bccb, 4011, 3996) = 0x2b0c280fcbe0
23388   0.001164 libjvm.so->fopen(0x2b0c238e4130, 0x2b0c2516bccb, 4011, 3996) = 0x2b0c280fcbe0
23388   0.001108 libjvm.so->fopen(0x2b0c238e4130, 0x2b0c2516bccb, 4011, 4004) = 0x2b0c280fcbe0
23388   0.015254 libjvm.so->pthread_attr_setdetachstate(0x2b0c238e8b50, 1, 0, 0) = 0
23388   0.000944 libpthread.so.0->__clone(0x2b0c239d5de0, 0x2b0c3c56cfc0, 0x3d0f00, 0x2b0c3c56d700) = 0x5b60
23388   0.001576 libjvm.so->__xstat64(1, 0x2b0c238e8be0, 0x2b0c238e8b50, 19) = -1
23388   0.001151 libjvm.so->pthread_attr_setdetachstate(0x2b0c238e8950, 1, 0, 0) = 0
23388   0.001156 libpthread.so.0->__clone(0x2b0c239d5de0, 0x2b0c3c66dfc0, 0x3d0f00, 0x2b0c3c66e700) = 0x5b61
23388   0.001677 libjvm.so->pthread_attr_setdetachstate(0x2b0c238e8950, 1, 0, 0) = 0
23388   0.001319 libpthread.so.0->__clone(0x2b0c239d5de0, 0x2b0c3c76efc0, 0x3d0f00, 0x2b0c3c76f700) = 0x5b62
23388   0.007573 libjvm.so->pthread_attr_setdetachstate(0x2b0c238e8aa0, 1, 0, 0) = 0
23388   0.001402 libpthread.so.0->__clone(0x2b0c239d5de0, 0x2b0c3c86ffc0, 0x3d0f00, 0x2b0c3c870700) = 0x5b63
23388   0.002169 libjvm.so->pthread_attr_setdetachstate(0x2b0c238e8bb0, 1, 0, 0) = 0
23388   0.001535 libpthread.so.0->__clone(0x2b0c239d5de0, 0x2b0c3c970fc0, 0x3d0f00, 0x2b0c3c971700) = 0x5b65
23388   0.014634 libjvm.so->open64(0x2b0c28136850, 0, 0, 16) = 7
23388   0.001694 libjvm.so->__fxstat64(1, 7, 0x2b0c238e5f60, -1) = 0
23388   0.026396 libjvm.so->fopen(0x2b0c2815c6a0, 0x2b0c2516bccb, 4, 0x6f732e6f) = 0x2b0c2815c760
23388   0.003245 libjvm.so->dlopen(0x2b0c2815c6a0, 1, 0xffffffff, 0x2b0c2815c600) = 0x2b0c2815c760
23388   0.138713 libjvm.so->fopen(0x2b0c2819a4a0, 0x2b0c2516bccb, 4, 0x6f732e74) = 0x2b0c2819d750
23388   0.003827 libjvm.so->dlopen(0x2b0c2819a4a0, 1, 0xffffffff, 0x2b0c2819d600) = 0x2b0c281a7b00
23388   0.140650 libjvm.so->fopen(0x2b0c28220b50, 0x2b0c2516bccb, 0x6f732e7373656c, 0x656c646165685f74) = 0x2b0c28220c30
23388   0.002885 libjvm.so->dlopen(0x2b0c28220b50, 1, 0xffffffff, 0x2b0c28220b00) = 0x2b0c28220c30
23388   0.019141 libjvm.so->fopen(0x2b0c238e1990, 0x2b0c2516bccb, 0x6f732e, 0x6d766a62696c2f72) = 0x2b0c2822aae0
23388   0.006178 libjvm.so->dlopen(0x2b0c238e1990, 1, 0xffffffff, 0x2b0c2822a000) = 0x55e0732c04c0
23388   0.001726 libjvm.so->fopen(0x2b0c238e1990, 0x2b0c2516bccb, 0x6f732e, 0x6d766a62696c2f72) = 0x2b0c2822aa80
23388   0.005030 libjvm.so->dlopen(0x2b0c238e1990, 1, 0xffffffff, 0x2b0c2822a000) = 0x55e0732c04c0
23388   0.001656 libjvm.so->fopen(0x2b0c238e1990, 0x2b0c2516bccb, 0x6f732e, 0x6d766a62696c2f72) = 0x2b0c2822aa80
23388   0.003409 libjvm.so->dlopen(0x2b0c238e1990, 1, 0xffffffff, 0x2b0c2822a000) = 0x55e0732c04c0
23388   0.001691 libjvm.so->fopen(0x2b0c238e1990, 0x2b0c2516bccb, 0x6f732e, 0x6d766a62696c2f72) = 0x2b0c2822aa80
23388   0.003563 libjvm.so->dlopen(0x2b0c238e1990, 1, 0xffffffff, 0x2b0c2822a000) = 0x55e0732c04c0
23394   0.500645 --- SIGSEGV (Segmentation fault) ---
23388   3.139155 --- SIGSEGV (Segmentation fault) ---
23397   9.452798 +++ exited (status 0) +++
23392   0.000285 +++ exited (status 0) +++
23389   0.000316 +++ exited (status 0) +++
23388   0.000188 +++ exited (status 0) +++
23395   0.000311 +++ exited (status 0) +++
23394   0.000027 +++ exited (status 0) +++
23393   0.000032 +++ exited (status 0) +++
23390   0.000022 +++ exited (status 0) +++
23391   0.013323 +++ exited (status 0) +++
23387   0.000088 +++ exited (status 0) +++
Wrote an ltrace for command: "java -cp ./tools/maxent.jar density.MaxEnt -s outputs/Paraleptophlebia_vaciva.csv -e data/layers/worldclim -o outputs/Paraleptophlebia_vaciva nowarnings nocache autorun -z" with PID 23385 from PPID 23367 on disc22.crc.nd.edu with result 0
REMOTEHOST=10.17.148.247
MANPATH=/afs/crc.nd.edu/user/n/nkremerh/cctools/share/man/:/afs/crc.nd.edu/group/ccl/software/x86_64/redhat7/ruby/current/share/man:/afs/crc.nd.edu/group/ccl/software/x86_64/redhat7/graphviz/current/share/man:/afs/crc.nd.edu/group/ccl/software/x86_64/redhat7/gnuplot/current/share/man:/afs/crc.nd.edu/group/ccl/software/x86_64/redhat7/git/current/share/man:/afs/crc.nd.edu/group/ccl/software/x86_64/redhat7/condor/current/share/man:/afs/crc.nd.edu/group/ccl/software/x86_64/redhat7/clang/current/share/man:/afs/crc.nd.edu/group/ccl/software/x86_64/redhat7/condor/current/share/man:/afs/crc.nd.edu/group/ccl/software/x86_64/redhat7/cctools/current/share/man:/afs/crc.nd.edu/group/ccl/software/x86_64/redhat7/cctools/current/share/man:/afs/crc.nd.edu/x86_64_linux/Modules/4.5.0/share/man:/opt/crc/usr/local/man:/opt/sge/man:/usr/share/man/overrides:/usr/share/man:/usr/local/share/man
_CONDOR_JOB_PIDS=
XDG_SESSION_ID=2686
HOSTNAME=disc01.crc.nd.edu
_LMFILES__modshare=/afs/crc.nd.edu/x86_64_linux/Modules/modules/system_modules/CRC_default/1.1:1
MODULEPATH_modshare=/afs/crc.nd.edu/x86_64_linux/Modules/modules/general_software:1:/afs/crc.nd.edu/x86_64_linux/Modules/modules/development_tools_and_libraries:1:/afs/crc.nd.edu/x86_64_linux/Modules/modules/system_modules:1:/afs/crc.nd.edu/x86_64_linux/Modules/current/modulefiles:1:/afs/crc.nd.edu/x86_64_linux/Modules/modules/restricted_software:1:/afs/crc.nd.edu/x86_64_linux/Modules/modules/deprecated_software:1
TERM=xterm-256color
SHELL=/bin/tcsh
HOST=disc01.crc.nd.edu
MODULES_CMD=/afs/crc.nd.edu/x86_64_linux/Modules/4.5.0/libexec/modulecmd.tcl
HISTSIZE=5000
MAKEFLAGS=
SSH_CLIENT=10.17.148.247 49750 22
TMPDIR=/var/condor/execute/dir_14564/worker-213124-14612/t.1117/cctools-temp-t.1117.4694uI
PERL5LIB=/afs/crc.nd.edu/user/n/nkremerh/cctools/lib/perl5/site_perl/5.16.3:/afs/crc.nd.edu/user/n/nkremerh/.perl5/lib/perl5
SGE_CELL=crc
_CONDOR_SCRATCH_DIR=/var/condor/execute/dir_14564
PERL_MB_OPT=--install_base '/afs/crc.nd.edu/user/n/nkremerh/.perl5/'
SSH_TTY=/dev/pts/0
SGE_LOAD_AVG=load_avg
MAKEFLOW_MAX_LOCAL_JOBS=2
GROUP=campus
USER=nkremerh
_CHIRP_DELAYED_UPDATE_PREFIX=Chirp*
HISTFILESIZE=10000
TEMP=/var/condor/execute/dir_14564/worker-213124-14612/t.1117/cctools-temp-t.1117.4694uI
LD_LIBRARY_PATH=/afs/crc.nd.edu/group/ccl/software/x86_64/redhat7/ruby/current/lib:/afs/crc.nd.edu/group/ccl/software/x86_64/redhat7/graphviz/current/lib:/afs/crc.nd.edu/group/ccl/software/x86_64/redhat7/git/current/lib:/afs/crc.nd.edu/group/ccl/software/x86_64/redhat7/condor/current/lib:/afs/crc.nd.edu/group/ccl/software/x86_64/redhat7/clang/current/lib:/afs/crc.nd.edu/group/ccl/software/x86_64/redhat7/condor/current/lib:/afs/crc.nd.edu/group/ccl/software/x86_64/redhat7/cctools/current/lib:/opt/crc/usr/local/lib
BATCH_SYSTEM=HTCondor
MODULES_LMALTNAME=CRC_default/1.1&CRC_default/default&CRC_default
ENV=/afs/crc.nd.edu/x86_64_linux/Modules/4.5.0/init/profile.sh
WORKER_TMPDIR=/var/condor/execute/dir_14564/worker-213124-14612/cache/tmp
HOSTTYPE=x86_64-linux
_CONDOR_HIGHPORT=9999
GLOBUS_GSSAPI_MAX_TLS_PROTOCOL=0
_CONDOR_CHIRP_CONFIG=/var/condor/execute/dir_14564/.chirp.config
MAKELEVEL=1
MFLAGS=
MAIL=/var/spool/mail/nkremerh
PATH=/afs/crc.nd.edu/user/n/nkremerh/cctools/bin:/afs/crc.nd.edu/user/n/nkremerh/miniconda/bin:/afs/crc.nd.edu/group/ccl/software/git:/afs/crc.nd.edu/user/n/nkremerh/.local/bin:/afs/crc.nd.edu/group/ccl/software/x86_64/redhat7/povray/3.7/bin:/afs/crc.nd.edu/user/n/nkremerh/.perl5/bin:/afs/crc.nd.edu/user/n/nkremerh/pegasus/bin:/afs/crc.nd.edu/user/n/nkremerh/nodejs/bin:/afs/crc.nd.edu/user/n/nkremerh/montage/bin:/afs/crc.nd.edu/user/n/nkremerh/latexdiff:/afs/crc.nd.edu/user/n/nkremerh/envtrace:/afs/crc.nd.edu/user/n/nkremerh/endlines:/afs/crc.nd.edu/user/n/nkremerh/cctools/bin:/afs/crc.nd.edu/user/n/nkremerh/.cargo/bin:/afs/crc.nd.edu/group/ccl/software/x86_64/redhat7/ruby/current/bin:/afs/crc.nd.edu/group/ccl/software/x86_64/redhat7/graphviz/current/bin:/afs/crc.nd.edu/group/ccl/software/x86_64/redhat7/gnuplot/current/bin:/afs/crc.nd.edu/group/ccl/software/x86_64/redhat7/git/current/bin:/afs/crc.nd.edu/group/ccl/software/x86_64/redhat7/condor/current/sbin:/afs/crc.nd.edu/group/ccl/software/x86_64/redhat7/condor/current/bin:/afs/crc.nd.edu/group/ccl/software/x86_64/redhat7/cmake/current/bin:/afs/crc.nd.edu/group/ccl/software/x86_64/redhat7/clang/current/bin:/afs/crc.nd.edu/group/ccl/software/x86_64/redhat7/condor/current/sbin:/afs/crc.nd.edu/group/ccl/software/x86_64/redhat7/condor/current/bin:/afs/crc.nd.edu/group/ccl/software/x86_64/redhat7/cctools/current/bin:/afs/crc.nd.edu/x86_64_linux/Modules/4.5.0/bin:/opt/crc/usr/local/bin:/opt/sge/bin/lx-amd64:/usr/local/bin:/usr/bin:/usr/local/sbin:/usr/sbin:/afs/crc.nd.edu/user/c/condor/software/bin:/afs/crc.nd.edu/user/c/condor/software/sbin
CCLSOFTWARE=/afs/crc.nd.edu/group/ccl/software/x86_64/redhat7
PWD=/var/condor/execute/dir_14564/worker-213124-14612/t.1117
_LMFILES_=/afs/crc.nd.edu/x86_64_linux/Modules/modules/system_modules/CRC_default/1.1
EDITOR=vim
SGE_EXECD_PORT=6445
LANG=en_US.UTF-8
SGE_QMASTER_PORT=6444
MODULEPATH=/afs/crc.nd.edu/x86_64_linux/Modules/modules/development_tools_and_libraries:/afs/crc.nd.edu/x86_64_linux/Modules/modules/general_software:/afs/crc.nd.edu/x86_64_linux/Modules/modules/restricted_software:/afs/crc.nd.edu/x86_64_linux/Modules/modules/system_modules:/afs/crc.nd.edu/x86_64_linux/Modules/modules/deprecated_software:/afs/crc.nd.edu/x86_64_linux/Modules/current/modulefiles
LOADEDMODULES=CRC_default/1.1
SGE_ROOT=/opt/sge
CCLPLATFORM=x86_64/redhat7
_CONDOR_SLOT=slot1
WORK_QUEUE_SANDBOX=/var/condor/execute/dir_14564/worker-213124-14612
USE_SYSTEMD=true
_CONDOR_LOWPORT=9100
HISTCONTROL=ignoreboth:erasedups
KRB5CCNAME=FILE:/tmp/krb5cc_213124_dlYXoi
_CONDOR_ANCESTOR_14564=14577:1599499133:3303492120
GLOBUS_GSSAPI_NAME_COMPATIBILITY=STRICT_RFC2818
HOME=disc01.crc.nd.edu
SHLVL=6
PATH_modshare=/opt/crc/usr/local/bin:1:/opt/sge/bin/lx-amd64:1:/usr/sbin:1:/usr/bin:1:/afs/crc.nd.edu/user/c/condor/software/sbin:1:/usr/local/sbin:1:/afs/crc.nd.edu/user/c/condor/software/bin:1:/usr/local/bin:1
OSTYPE=linux
_CONDOR_MACHINE_AD=/var/condor/execute/dir_14564/.machine.ad
GREP_OPTIONS=--color=auto
DISK=917739
GLOBUS_GSSAPI_MIN_TLS_PROTOCOL=TLS1_VERSION
MANPATH_modshare=/usr/share/man/overrides:1:/usr/local/share/man:1:/usr/share/man:1:/opt/crc/usr/local/man:1:/opt/sge/man:1
MEMORY=15899
PERL_LOCAL_LIB_ROOT=/afs/crc.nd.edu/user/n/nkremerh/.perl5/
BASH_ENV=/afs/crc.nd.edu/x86_64_linux/Modules/4.5.0/init/bash
VENDOR=unknown
TMP=/var/condor/execute/dir_14564/worker-213124-14612/t.1117/cctools-temp-t.1117.4694uI
LOGNAME=nkremerh
MACHTYPE=x86_64
CCLHOME=/afs/crc.nd.edu/group/ccl
PYTHONPATH=/afs/crc.nd.edu/user/n/nkremerh/cctools/lib/python3.6/site-packages/
LD_LIBRARY_PATH_modshare=/opt/crc/usr/local/lib:1
SSH_CONNECTION=10.17.148.247 49750 129.74.128.103 22
MODULES_LMALTNAME_modshare=CRC_default/1.1&CRC_default/default&CRC_default:1
MODULESHOME=/afs/crc.nd.edu/x86_64_linux/Modules/4.5.0
GLOBUS_GSSAPI_CIPHERS=HIGH
GLOBUS_GSSAPI_BACKWARD_COMPATIBLE_MIC=true
LESSOPEN=||/usr/bin/lesspipe.sh %s
OMP_NUM_THREADS=1
_CONDOR_JOB_AD=/var/condor/execute/dir_14564/.job.ad
LOADEDMODULES_modshare=CRC_default/1.1:1
XDG_RUNTIME_DIR=/run/user/213124
SGE_CLUSTER_NAME=CRC
_CONDOR_ANCESTOR_3813=14564:1599499132:863842649
CCTOOLS=../cctools
CORES=4
_CONDOR_JOB_IWD=/var/condor/execute/dir_14564
PERL_MM_OPT=INSTALL_BASE=/afs/crc.nd.edu/user/n/nkremerh/.perl5/
GLOBUS_GSSAPI_SERVER_CIPHER_ORDER=true
_CONDOR_ANCESTOR_3607=3813:1598183989:3519041155
BASH_FUNC_module()=() {  unset _mlshdbg;
 if [ "${MODULES_SILENT_SHELL_DEBUG:-0}" = '1' ]; then
 case "$-" in 
 *v*x*)
 set +vx;
 _mlshdbg='vx'
 ;;
 *v*)
 set +v;
 _mlshdbg='v'
 ;;
 *x*)
 set +x;
 _mlshdbg='x'
 ;;
 *)
 _mlshdbg=''
 ;;
 esac;
 fi;
 unset _mlre _mlIFS;
 if [ -n "${IFS+x}" ]; then
 _mlIFS=$IFS;
 fi;
 IFS=' ';
 for _mlv in ${MODULES_RUN_QUARANTINE:-};
 do
 if [ "${_mlv}" = "${_mlv##*[!A-Za-z0-9_]}" -a "${_mlv}" = "${_mlv#[0-9]}" ]; then
 if [ -n "`eval 'echo ${'$_mlv'+x}'`" ]; then
 _mlre="${_mlre:-}${_mlv}_modquar='`eval 'echo ${'$_mlv'}'`' ";
 fi;
 _mlrv="MODULES_RUNENV_${_mlv}";
 _mlre="${_mlre:-}${_mlv}='`eval 'echo ${'$_mlrv':-}'`' ";
 fi;
 done;
 if [ -n "${_mlre:-}" ]; then
 eval `eval ${_mlre}/usr/bin/tclsh /afs/crc.nd.edu/x86_64_linux/Modules/4.5.0/libexec/modulecmd.tcl bash '"$@"'`;
 else
 eval `/usr/bin/tclsh /afs/crc.nd.edu/x86_64_linux/Modules/4.5.0/libexec/modulecmd.tcl bash "$@"`;
 fi;
 _mlstatus=$?;
 if [ -n "${_mlIFS+x}" ]; then
 IFS=$_mlIFS;
 else
 unset IFS;
 fi;
 unset _mlre _mlv _mlrv _mlIFS;
 if [ -n "${_mlshdbg:-}" ]; then
 set -$_mlshdbg;
 fi;
 unset _mlshdbg;
 return $_mlstatus
}
BASH_FUNC_ml()=() {  module ml "$@"
}
_=/usr/bin/printenv
