14880   0.000000 libjli.so->getenv("_JAVA_LAUNCHER_DEBUG") = nil
14880   0.001820 libjli.so->getenv("_JAVA_VERSION_SET") = nil
14880   0.000743 libjli.so->fopen("/usr/lib/jvm/java-1.8.0-openjdk-1.8.0.262.b10-0.el7_8.x86_64/jre/lib/amd64/jvm.cfg", "r") = 0x55ec23f250f0
14880   0.000809 libjli.so->getenv("JDK_ALTERNATE_VM") = nil
14880   0.000318 libjli.so->__xstat(1, "/usr/lib/jvm/java-1.8.0-openjdk-1.8.0.262.b10-0.el7_8.x86_64/jre/lib/amd64/server/libjvm.so", 0x7ffebbeb6940) = 0
14880   0.000587 libjli.so->getenv("LD_LIBRARY_PATH") = "/afs/crc.nd.edu/group/ccl/software/x86_64/redhat7/ruby/current/lib:/afs/crc.nd.edu/group/ccl/software/x86_64/redhat7/graphviz/current/lib:/afs/crc.nd.edu/group/ccl/software/x86_64/redhat7/git/current/lib:/afs/crc.nd.edu/group/ccl/software/x86_64/redhat7/condor/current/lib:/afs/crc.nd.edu/group/ccl/software/x86_64/redhat7/clang/current/lib:/afs/crc.nd.edu/group/ccl/software/x86_64/redhat7/condor/current/lib:/afs/crc.nd.edu/group/ccl/software/x86_64/redhat7/cctools/current/lib:/opt/crc/usr/local/lib"
14880   0.002225 libjli.so->dlopen("/usr/lib/jvm/java-1.8.0-openjdk-1.8.0.262.b10-0.el7_8.x86_64/jre/lib/amd64/server/libjvm.so", 258 <unfinished ...>
14880   0.038250 libjvm.so->getenv("NMT_LEVEL_14880") = nil
14880   0.001764 <... dlopen resumed> )          = 0x55ec23f254c0
14880   0.000072 libjli.so->getenv("CLASSPATH")  = nil
14880   0.000354 libjli.so->getenv("_JAVA_SPLASH_JAR") = nil
14880   0.000304 libjli.so->getenv("_JAVA_SPLASH_FILE") = nil
14880   0.000316 libjli.so->pthread_attr_setdetachstate(0x7ffebbeb68f0, 0, 0x7ffebbeb6980, 0) = 0
14880   0.000440 libpthread.so.0->__clone(0x2b7f55cafde0, 0x2b7f55bc2fc0, 0x3d0f00, 0x2b7f55bc3700) = 0x3a25
14885   0.001727 libjvm.so->dlopen(0x2b7f5748e9ae, 1, 0xfffffffffff42c48, 4096) = 0x2b7f5c000990
14885   0.002834 libjvm.so->getenv(0x2b7f574a983e, 0, 115, 0x65737361) = 0x7ffebbebc6b8
14885   0.000500 libjvm.so->fopen(0x2b7f55bc1c10, 0x2b7f57445ccb, 0x6f732e79666972, 0x2b7f56587ab0) = 0x2b7f5c001440
14885   0.001596 libjvm.so->dlopen(0x2b7f55bc1c10, 1, 0xffffffff, 0x2b7f5c002b00) = 0x2b7f5c001440
14885   0.001496 libjvm.so->fopen(0x2b7f55bc1c10, 0x2b7f57445ccb, 111, 0x732e6176) = 0x2b7f5c001b10
14885   0.001820 libjvm.so->dlopen(0x2b7f55bc1c10, 1, 0xffffffff, 0x2b7f5c001a00) = 0x2b7f5c001b10
14885   0.001593 libjvm.so->__xstat(1, 0x2b7f55bc2360, 0x2b7f55bc2ba0, 0x746f7073746f682e) = -1
14885   0.000627 libjvm.so->getenv(0x2b7f5743e541, 0x2b7f55bc26d0, 1024, 0x2b7f578f861b) = 0
14885   0.000505 libjvm.so->getenv(0x2b7f5743e533, 0x2b7f55bc26d0, 1024, 0) = 0
14885   0.000454 libjvm.so->fopen(0x2b7f5748e315, 0x2b7f57445ccb, 4095, 0xffffd480a8bc1b03) = 0x2b7f5c003270
14885   0.001186 libjvm.so->fopen(0x2b7f5748e361, 0x2b7f57445ccb, 0x2b7f5c000078, 0x2b7f5c003260) = 0x2b7f5c003270
14885   0.000724 libjvm.so->fopen(0x2b7f55bbc9b0, 0x2b7f57445ccb, 4014, 3995) = 0x2b7f5c003270
14885   0.000658 libjvm.so->opendir(0x2b7f5c002b40, 0x2b7f5c002b40, 13, 16) = 0
14885   0.000478 libjvm.so->__xstat(1, 0x2b7f55bc18f0, 0x2b7f55bc0860, 0x6f732e7477616d62) = -1
14885   0.000430 libjvm.so->__xstat(1, 0x2b7f55bc18f0, 0x2b7f55bc0860, 0x5f74776162696c2f) = 0
14885   0.000510 libjvm.so->fopen(0x2b7f55bc0b90, 0x2b7f57445ccb, 4009, 3994) = 0x2b7f5c003750
14885   0.000599 libjvm.so->fopen(0x2b7f55bc0b90, 0x2b7f57445ccb, 4009, 3994) = 0x2b7f5c003750
14885   0.000732 libjvm.so->fopen(0x2b7f55bc0b90, 0x2b7f57445ccb, 4009, 4002) = 0x2b7f5c003750
14885   0.000723 libjvm.so->fopen(0x2b7f55bc0b20, 0x2b7f57445ccb, 4009, 3994) = 0x2b7f5c003750
14885   0.000653 libjvm.so->fopen(0x2b7f55bc0b20, 0x2b7f57445ccb, 4009, 3994) = 0x2b7f5c003750
14885   0.000640 libjvm.so->fopen(0x2b7f55bc0b20, 0x2b7f57445ccb, 4009, 4002) = 0x2b7f5c003750
14885   0.000678 libjvm.so->fopen(0x2b7f55bc0b50, 0x2b7f57445ccb, 4014, 3995) = 0x2b7f5c003750
14885   0.000889 libjvm.so->getenv(0x2b7f5748f0ff, 4096, 3, -1) = 0
14885   0.001041 libjvm.so->fopen(0x2b7f5748e998, 0x2b7f57445ccb, 0x2b7f55ca6908, 0x2b7f55ca5df0) = 0x2b7f5c003750
14885   0.005165 libjvm.so->open(0x2b7f5c04a540, 0x20000, 0, 0x2b7f5c04a589) = 3
14885   0.000469 libjvm.so->__fxstat(1, 3, 0x2b7f55bc2a00, -1) = 0
14885   0.000464 libjvm.so->opendir(0x2b7f5c04a540, 0x2b7f55bc2a00, 0x4000, -1) = 0x2b7f5c04b450
14885   0.000468 libjvm.so->__fxstat(1, 3, 0x2b7f55bc28a0, 0x2b7f5c04b450) = 0
14885   0.000422 libjvm.so->__fxstat(1, 5, 0x2b7f55bc2930, -1) = 0
14885   0.000444 libjvm.so->open(0x2b7f5745c9dc, 0, 0, 0) = 3
14885   0.000776 libjvm.so->__lxstat(1, 0x2b7f5c04a540, 0x2b7f55bc2b50, -144) = 0
14885   0.000571 libjvm.so->open(0x2b7f5c04a540, 0x20000, 0x4000, -1) = 3
14885   0.000453 libjvm.so->__fxstat(1, 3, 0x2b7f55bc2a00, -1) = 0
14885   0.000485 libjvm.so->opendir(0x2b7f5c04a540, 0x2b7f55bc2a00, 0x4000, -1) = 0x2b7f5c04b450
14885   0.000435 libjvm.so->__fxstat(1, 3, 0x2b7f55bc28a0, 0x2b7f5c04b450) = 0
14885   0.000439 libjvm.so->__fxstat(1, 5, 0x2b7f55bc2930, -1) = 0
14885   0.000471 libjvm.so->open(0x2b7f5745c9dc, 0, 0, 0) = 3
14885   0.000512 libjvm.so->open(0x2b7f5c04a589, 0x20042, 384, -1) = 7
14885   0.000617 libjvm.so->__fxstat(1, 7, 0x2b7f55bc2b50, -1) = 0
14885   0.003147 libjvm.so->fopen(0x2b7f55bc1b60, 0x2b7f57445ccb, 4, 0x6f732e70) = 0x2b7f5c057ba0
14885   0.001759 libjvm.so->dlopen(0x2b7f55bc1b60, 1, 0xffffffff, 0x2b7f5c057b00) = 0x2b7f5c057ba0
14885   0.001820 libjvm.so->__xstat(1, 0x2b7f55bc2120, 0x2b7f55bc2950, 2048) = 0
14885   0.000594 libjvm.so->__xstat(1, 0x2b7f55bc2120, 0x2b7f55bc2950, 2048) = 0
14885   0.000522 libjvm.so->__xstat(1, 0x2b7f55bc2120, 0x2b7f55bc2950, 2048) = -1
14885   0.000500 libjvm.so->__xstat(1, 0x2b7f55bc2120, 0x2b7f55bc2950, 2048) = 0
14885   0.000555 libjvm.so->__xstat(1, 0x2b7f55bc2120, 0x2b7f55bc2950, 2048) = 0
14885   0.000569 libjvm.so->__xstat(1, 0x2b7f55bc2120, 0x2b7f55bc2950, 2048) = 0
14885   0.000556 libjvm.so->__xstat(1, 0x2b7f55bc2120, 0x2b7f55bc2950, 2048) = 0
14885   0.000602 libjvm.so->__xstat(1, 0x2b7f55bc2120, 0x2b7f55bc2950, 2048) = -1
14885   0.000518 libjvm.so->fopen(0x2b7f5c002520, 0x2b7f57445ccb, 0, 0) = 0x2b7f5c058a40
14885   0.009326 libjvm.so->open64(0x2b7f55bc1410, 0, 0, 16) = 3
14885   0.000518 libjvm.so->__fxstat64(1, 3, 0x2b7f55bc1240, -1) = 0
14885   0.055135 libjvm.so->__xstat(1, 0x2b7f55bc1f20, 0x2b7f55bc2750, 2048) = -1
14885   0.001031 libjvm.so->fopen(0x2b7f55bc0b20, 0x2b7f57445ccb, 4009, 3994) = 0x2b7f5c0b1fd0
14885   0.000877 libjvm.so->fopen(0x2b7f55bc0b20, 0x2b7f57445ccb, 4009, 3994) = 0x2b7f5c0b1fd0
14885   0.000720 libjvm.so->fopen(0x2b7f55bc0b20, 0x2b7f57445ccb, 4009, 4002) = 0x2b7f5c0b1fd0
14885   0.004507 libjvm.so->pthread_attr_setdetachstate(0x2b7f55bc2c00, 1, 0, 0) = 0
14885   0.000605 libpthread.so.0->__clone(0x2b7f55cafde0, 0x2b7f5b533fc0, 0x3d0f00, 0x2b7f5b534700) = 0x3a26
14885   0.020462 libjvm.so->pthread_attr_setdetachstate(0x2b7f55bc2290, 1, 0, 0) = 0
14885   0.000745 libpthread.so.0->__clone(0x2b7f55cafde0, 0x2b7f5b634fc0, 0x3d0f00, 0x2b7f5b635700) = 0x3a27
14885   0.007740 libjvm.so->pthread_attr_setdetachstate(0x2b7f55bc2610, 1, 0, 0) = 0
14885   0.000942 libpthread.so.0->__clone(0x2b7f55cafde0, 0x2b7f5b735fc0, 0x3d0f00, 0x2b7f5b736700) = 0x3a28
14885   0.058097 libjvm.so->fopen(0x2b7f5c0e9160, 0x2b7f57445ccb, 4, 0x6f732e70) = 0x2b7f5c0f1ca0
14885   0.002598 libjvm.so->dlopen(0x2b7f5c0e9160, 1, 0xffffffff, 0x2b7f5c0ec300) = 0x2b7f5c057ba0
14885   0.005679 libjvm.so->open64(0x2b7f55bc1510, 0, 0, 16) = 5
14885   0.000957 libjvm.so->__fxstat64(1, 5, 0x2b7f55bc1340, -1) = 0
14885   0.023308 libjvm.so->fopen(0x2b7f55bbe130, 0x2b7f57445ccb, 4009, 3994) = 0x2b7f5c0fcbf0
14885   0.002323 libjvm.so->fopen(0x2b7f55bbe130, 0x2b7f57445ccb, 4009, 3994) = 0x2b7f5c0fcbf0
14885   0.001165 libjvm.so->fopen(0x2b7f55bbe130, 0x2b7f57445ccb, 4009, 4002) = 0x2b7f5c0fcbf0
14885   0.019872 libjvm.so->pthread_attr_setdetachstate(0x2b7f55bc2b50, 1, 0, 0) = 0
14885   0.001146 libpthread.so.0->__clone(0x2b7f55cafde0, 0x2b7f5b836fc0, 0x3d0f00, 0x2b7f5b837700) = 0x3a29
14885   0.002022 libjvm.so->__xstat64(1, 0x2b7f55bc2be0, 0x2b7f55bc2b50, 19) = -1
14885   0.001829 libjvm.so->pthread_attr_setdetachstate(0x2b7f55bc2950, 1, 0, 0) = 0
14885   0.001379 libpthread.so.0->__clone(0x2b7f55cafde0, 0x2b7f5b937fc0, 0x3d0f00, 0x2b7f5b938700) = 0x3a2a
14885   0.002023 libjvm.so->pthread_attr_setdetachstate(0x2b7f55bc2950, 1, 0, 0) = 0
14885   0.001267 libpthread.so.0->__clone(0x2b7f55cafde0, 0x2b7f5ba38fc0, 0x3d0f00, 0x2b7f5ba39700) = 0x3a2b
14885   0.007977 libjvm.so->pthread_attr_setdetachstate(0x2b7f55bc2aa0, 1, 0, 0) = 0
14885   0.001452 libpthread.so.0->__clone(0x2b7f55cafde0, 0x2b7f5bb39fc0, 0x3d0f00, 0x2b7f5bb3a700) = 0x3a2c
14885   0.002482 libjvm.so->pthread_attr_setdetachstate(0x2b7f55bc2bb0, 1, 0, 0) = 0
14885   0.001544 libpthread.so.0->__clone(0x2b7f55cafde0, 0x2b7f5bc3afc0, 0x3d0f00, 0x2b7f5bc3b700) = 0x3a2d
14885   0.015746 libjvm.so->open64(0x2b7f5c128880, 0, 0, 0) = 7
14885   0.001796 libjvm.so->__fxstat64(1, 7, 0x2b7f55bbff60, -1) = 0
14885   0.025951 libjvm.so->fopen(0x2b7f5c1545f0, 0x2b7f57445ccb, 4, 0x6f732e6f) = 0x2b7f5c1546b0
14885   0.003108 libjvm.so->dlopen(0x2b7f5c1545f0, 1, 0xffffffff, 0x2b7f5c154600) = 0x2b7f5c1546b0
14885   0.147101 libjvm.so->fopen(0x2b7f5c192780, 0x2b7f57445ccb, 4, 0x6f732e74) = 0x2b7f5c195a30
14885   0.003589 libjvm.so->dlopen(0x2b7f5c192780, 1, 0xffffffff, 0x2b7f5c195900) = 0x2b7f5c1a7dd0
14885   0.160421 libjvm.so->fopen(0x2b7f5c218ec0, 0x2b7f57445ccb, 0x6f732e7373656c, 0x656c646165685f74) = 0x2b7f5c218fa0
14885   0.004205 libjvm.so->dlopen(0x2b7f5c218ec0, 1, 0xffffffff, 0x2b7f5c218f00) = 0x2b7f5c218fa0
14885   0.019381 libjvm.so->fopen(0x2b7f55bbb990, 0x2b7f57445ccb, 0x6f732e, 0x6d766a62696c2f72) = 0x2b7f5c222dd0
14885   0.006162 libjvm.so->dlopen(0x2b7f55bbb990, 1, 0xffffffff, 0x2b7f5c222300) = 0x55ec23f254c0
14885   0.001666 libjvm.so->fopen(0x2b7f55bbb990, 0x2b7f57445ccb, 0x6f732e, 0x6d766a62696c2f72) = 0x2b7f5c222d70
14885   0.005061 libjvm.so->dlopen(0x2b7f55bbb990, 1, 0xffffffff, 0x2b7f5c222300) = 0x55ec23f254c0
14885   0.001719 libjvm.so->fopen(0x2b7f55bbb990, 0x2b7f57445ccb, 0x6f732e, 0x6d766a62696c2f72) = 0x2b7f5c222d70
14885   0.003419 libjvm.so->dlopen(0x2b7f55bbb990, 1, 0xffffffff, 0x2b7f5c222300) = 0x55ec23f254c0
14885   0.002239 libjvm.so->fopen(0x2b7f55bbb990, 0x2b7f57445ccb, 0x6f732e, 0x6d766a62696c2f72) = 0x2b7f5c222d70
14885   0.003657 libjvm.so->dlopen(0x2b7f55bbb990, 1, 0xffffffff, 0x2b7f5c222300) = 0x55ec23f254c0
14885   0.265753 libjvm.so->fopen(0x2b7f55bbfe50, 0x2b7f57445ccb, 111, 0x732e6176) = 0x2b7f5c2612c0
14885   0.002914 libjvm.so->dlopen(0x2b7f55bbfe50, 1, 0xffffffff, 0x2b7f5c261d00) = 0x2b7f5c001b10
14885   0.001619 libjvm.so->fopen(0x2b7f55bbfe50, 0x2b7f57445ccb, 111, 0x732e6176) = 0x2b7f5c2612c0
14885   0.002835 libjvm.so->dlopen(0x2b7f55bbfe50, 1, 0xffffffff, 0x2b7f5c261d00) = 0x2b7f5c001b10
14885   0.001683 libjvm.so->fopen(0x2b7f55bbfe50, 0x2b7f57445ccb, 111, 0x732e6176) = 0x2b7f5c2612c0
14885   0.002697 libjvm.so->dlopen(0x2b7f55bbfe50, 1, 0xffffffff, 0x2b7f5c261d00) = 0x2b7f5c001b10
14885   0.001623 libjvm.so->fopen(0x2b7f55bbfe50, 0x2b7f57445ccb, 111, 0x732e6176) = 0x2b7f5c2612c0
14885   0.005411 libjvm.so->dlopen(0x2b7f55bbfe50, 1, 0xffffffff, 0x2b7f5c261d00) = 0x2b7f5c001b10
14885   0.020744 libjvm.so->fopen(0x2b7f55bbfec0, 0x2b7f57445ccb, 111, 0x732e6176) = 0x2b7f5c2612c0
14885   0.004850 libjvm.so->dlopen(0x2b7f55bbfec0, 1, 0xffffffff, 0x2b7f5c261900) = 0x2b7f5c001b10
14885   0.003423 libjvm.so->fopen(0x2b7f55bbfec0, 0x2b7f57445ccb, 111, 0x732e6176) = 0x2b7f5c2612c0
14885   0.002772 libjvm.so->dlopen(0x2b7f55bbfec0, 1, 0xffffffff, 0x2b7f5c261900) = 0x2b7f5c001b10
14885   0.001617 libjvm.so->fopen(0x2b7f55bbfec0, 0x2b7f57445ccb, 111, 0x732e6176) = 0x2b7f5c2612c0
14885   0.002932 libjvm.so->dlopen(0x2b7f55bbfec0, 1, 0xffffffff, 0x2b7f5c261900) = 0x2b7f5c001b10
14885   0.001668 libjvm.so->fopen(0x2b7f55bbfec0, 0x2b7f57445ccb, 111, 0x732e6176) = 0x2b7f5c2612c0
14885   0.002756 libjvm.so->dlopen(0x2b7f55bbfec0, 1, 0xffffffff, 0x2b7f5c261900) = 0x2b7f5c001b10
14885   0.105468 --- SIGSEGV (Segmentation fault) ---
14885   3.182395 --- SIGSEGV (Segmentation fault) ---
14893   8.923460 +++ exited (status 0) +++
14889   0.000384 +++ exited (status 0) +++
14886   0.000197 +++ exited (status 0) +++
14885   0.000220 +++ exited (status 0) +++
14888   0.000383 +++ exited (status 0) +++
14892   0.000041 +++ exited (status 0) +++
14890   0.000021 +++ exited (status 0) +++
14887   0.000017 +++ exited (status 0) +++
14891   0.025911 +++ exited (status 0) +++
14880   0.000096 +++ exited (status 0) +++
Wrote an ltrace for command: "java -cp ./tools/maxent.jar density.MaxEnt -s outputs/Aedes_fluviatilis.csv -e data/layers/worldclim -o outputs/Aedes_fluviatilis nowarnings nocache autorun -z" with PID 14877 from PPID 14859 on disc22.crc.nd.edu with result 0
REMOTEHOST=129.74.154.87
MANPATH=/afs/crc.nd.edu/user/n/nkremerh/cctools/share/man/:/afs/crc.nd.edu/group/ccl/software/x86_64/redhat7/ruby/current/share/man:/afs/crc.nd.edu/group/ccl/software/x86_64/redhat7/graphviz/current/share/man:/afs/crc.nd.edu/group/ccl/software/x86_64/redhat7/gnuplot/current/share/man:/afs/crc.nd.edu/group/ccl/software/x86_64/redhat7/git/current/share/man:/afs/crc.nd.edu/group/ccl/software/x86_64/redhat7/condor/current/share/man:/afs/crc.nd.edu/group/ccl/software/x86_64/redhat7/clang/current/share/man:/afs/crc.nd.edu/group/ccl/software/x86_64/redhat7/condor/current/share/man:/afs/crc.nd.edu/group/ccl/software/x86_64/redhat7/cctools/current/share/man:/afs/crc.nd.edu/group/ccl/software/x86_64/redhat7/cctools/current/share/man:/afs/crc.nd.edu/x86_64_linux/Modules/4.5.0/share/man:/opt/crc/usr/local/man:/opt/sge/man:/usr/share/man/overrides:/usr/share/man:/usr/local/share/man
_CONDOR_JOB_PIDS=
XDG_SESSION_ID=2226
HOSTNAME=disc01.crc.nd.edu
_LMFILES__modshare=/afs/crc.nd.edu/x86_64_linux/Modules/modules/system_modules/CRC_default/1.1:1
MODULEPATH_modshare=/afs/crc.nd.edu/x86_64_linux/Modules/modules/general_software:1:/afs/crc.nd.edu/x86_64_linux/Modules/modules/development_tools_and_libraries:1:/afs/crc.nd.edu/x86_64_linux/Modules/modules/system_modules:1:/afs/crc.nd.edu/x86_64_linux/Modules/current/modulefiles:1:/afs/crc.nd.edu/x86_64_linux/Modules/modules/restricted_software:1:/afs/crc.nd.edu/x86_64_linux/Modules/modules/deprecated_software:1
TERM=xterm-256color
SHELL=/bin/tcsh
HOST=disc01.crc.nd.edu
MODULES_CMD=/afs/crc.nd.edu/x86_64_linux/Modules/4.5.0/libexec/modulecmd.tcl
HISTSIZE=5000
MAKEFLAGS=
SSH_CLIENT=129.74.154.87 57278 22
TMPDIR=/var/condor/execute/dir_6464/worker-213124-6540/t.1115/cctools-temp-t.1115.nsY8hg
PERL5LIB=/afs/crc.nd.edu/user/n/nkremerh/cctools/lib/perl5/site_perl/5.16.3:/afs/crc.nd.edu/user/n/nkremerh/.perl5/lib/perl5
SGE_CELL=crc
_CONDOR_SCRATCH_DIR=/var/condor/execute/dir_6464
PERL_MB_OPT=--install_base '/afs/crc.nd.edu/user/n/nkremerh/.perl5/'
SSH_TTY=/dev/pts/0
SGE_LOAD_AVG=load_avg
MAKEFLOW_MAX_LOCAL_JOBS=2
GROUP=campus
USER=nkremerh
_CHIRP_DELAYED_UPDATE_PREFIX=Chirp*
HISTFILESIZE=10000
TEMP=/var/condor/execute/dir_6464/worker-213124-6540/t.1115/cctools-temp-t.1115.nsY8hg
LD_LIBRARY_PATH=/afs/crc.nd.edu/group/ccl/software/x86_64/redhat7/ruby/current/lib:/afs/crc.nd.edu/group/ccl/software/x86_64/redhat7/graphviz/current/lib:/afs/crc.nd.edu/group/ccl/software/x86_64/redhat7/git/current/lib:/afs/crc.nd.edu/group/ccl/software/x86_64/redhat7/condor/current/lib:/afs/crc.nd.edu/group/ccl/software/x86_64/redhat7/clang/current/lib:/afs/crc.nd.edu/group/ccl/software/x86_64/redhat7/condor/current/lib:/afs/crc.nd.edu/group/ccl/software/x86_64/redhat7/cctools/current/lib:/opt/crc/usr/local/lib
BATCH_SYSTEM=HTCondor
MODULES_LMALTNAME=CRC_default/1.1&CRC_default/default&CRC_default
ENV=/afs/crc.nd.edu/x86_64_linux/Modules/4.5.0/init/profile.sh
WORKER_TMPDIR=/var/condor/execute/dir_6464/worker-213124-6540/cache/tmp
HOSTTYPE=x86_64-linux
_CONDOR_HIGHPORT=9999
GLOBUS_GSSAPI_MAX_TLS_PROTOCOL=0
_CONDOR_CHIRP_CONFIG=/var/condor/execute/dir_6464/.chirp.config
MAKELEVEL=1
MFLAGS=
_CONDOR_ANCESTOR_3778=6464:1597419250:2083861504
MAIL=/var/spool/mail/nkremerh
PATH=/afs/crc.nd.edu/user/n/nkremerh/cctools/bin:/afs/crc.nd.edu/user/n/nkremerh/miniconda/bin:/afs/crc.nd.edu/group/ccl/software/git:/afs/crc.nd.edu/user/n/nkremerh/.local/bin:/afs/crc.nd.edu/group/ccl/software/x86_64/redhat7/povray/3.7/bin:/afs/crc.nd.edu/user/n/nkremerh/.perl5/bin:/afs/crc.nd.edu/user/n/nkremerh/pegasus/bin:/afs/crc.nd.edu/user/n/nkremerh/nodejs/bin:/afs/crc.nd.edu/user/n/nkremerh/montage/bin:/afs/crc.nd.edu/user/n/nkremerh/latexdiff:/afs/crc.nd.edu/user/n/nkremerh/envtrace:/afs/crc.nd.edu/user/n/nkremerh/endlines:/afs/crc.nd.edu/user/n/nkremerh/cctools/bin:/afs/crc.nd.edu/user/n/nkremerh/.cargo/bin:/afs/crc.nd.edu/group/ccl/software/x86_64/redhat7/ruby/current/bin:/afs/crc.nd.edu/group/ccl/software/x86_64/redhat7/graphviz/current/bin:/afs/crc.nd.edu/group/ccl/software/x86_64/redhat7/gnuplot/current/bin:/afs/crc.nd.edu/group/ccl/software/x86_64/redhat7/git/current/bin:/afs/crc.nd.edu/group/ccl/software/x86_64/redhat7/condor/current/sbin:/afs/crc.nd.edu/group/ccl/software/x86_64/redhat7/condor/current/bin:/afs/crc.nd.edu/group/ccl/software/x86_64/redhat7/cmake/current/bin:/afs/crc.nd.edu/group/ccl/software/x86_64/redhat7/clang/current/bin:/afs/crc.nd.edu/group/ccl/software/x86_64/redhat7/condor/current/sbin:/afs/crc.nd.edu/group/ccl/software/x86_64/redhat7/condor/current/bin:/afs/crc.nd.edu/group/ccl/software/x86_64/redhat7/cctools/current/bin:/afs/crc.nd.edu/x86_64_linux/Modules/4.5.0/bin:/opt/crc/usr/local/bin:/opt/sge/bin/lx-amd64:/usr/local/bin:/usr/bin:/usr/local/sbin:/usr/sbin:/afs/crc.nd.edu/user/c/condor/software/bin:/afs/crc.nd.edu/user/c/condor/software/sbin
CCLSOFTWARE=/afs/crc.nd.edu/group/ccl/software/x86_64/redhat7
PWD=/var/condor/execute/dir_6464/worker-213124-6540/t.1115
_LMFILES_=/afs/crc.nd.edu/x86_64_linux/Modules/modules/system_modules/CRC_default/1.1
EDITOR=vim
SGE_EXECD_PORT=6445
_CONDOR_ANCESTOR_6464=6474:1597419253:2882618694
LANG=en_US.UTF-8
SGE_QMASTER_PORT=6444
MODULEPATH=/afs/crc.nd.edu/x86_64_linux/Modules/modules/development_tools_and_libraries:/afs/crc.nd.edu/x86_64_linux/Modules/modules/general_software:/afs/crc.nd.edu/x86_64_linux/Modules/modules/restricted_software:/afs/crc.nd.edu/x86_64_linux/Modules/modules/system_modules:/afs/crc.nd.edu/x86_64_linux/Modules/modules/deprecated_software:/afs/crc.nd.edu/x86_64_linux/Modules/current/modulefiles
LOADEDMODULES=CRC_default/1.1
SGE_ROOT=/opt/sge
CCLPLATFORM=x86_64/redhat7
_CONDOR_SLOT=slot2_1
WORK_QUEUE_SANDBOX=/var/condor/execute/dir_6464/worker-213124-6540
USE_SYSTEMD=true
_CONDOR_LOWPORT=9100
HISTCONTROL=ignoreboth:erasedups
KRB5CCNAME=FILE:/tmp/krb5cc_213124_jfvfni
GLOBUS_GSSAPI_NAME_COMPATIBILITY=STRICT_RFC2818
HOME=disc01.crc.nd.edu
SHLVL=6
PATH_modshare=/opt/crc/usr/local/bin:1:/opt/sge/bin/lx-amd64:1:/usr/sbin:1:/usr/bin:1:/afs/crc.nd.edu/user/c/condor/software/sbin:1:/usr/local/sbin:1:/afs/crc.nd.edu/user/c/condor/software/bin:1:/usr/local/bin:1
OSTYPE=linux
_CONDOR_MACHINE_AD=/var/condor/execute/dir_6464/.machine.ad
GREP_OPTIONS=--color=auto
DISK=18258
GLOBUS_GSSAPI_MIN_TLS_PROTOCOL=TLS1_VERSION
_CONDOR_ANCESTOR_3598=3778:1596369973:332739166
MANPATH_modshare=/usr/share/man/overrides:1:/usr/local/share/man:1:/usr/share/man:1:/opt/crc/usr/local/man:1:/opt/sge/man:1
MEMORY=1948
PERL_LOCAL_LIB_ROOT=/afs/crc.nd.edu/user/n/nkremerh/.perl5/
BASH_ENV=/afs/crc.nd.edu/x86_64_linux/Modules/4.5.0/init/bash
VENDOR=unknown
TMP=/var/condor/execute/dir_6464/worker-213124-6540/t.1115/cctools-temp-t.1115.nsY8hg
LOGNAME=nkremerh
MACHTYPE=x86_64
CCLHOME=/afs/crc.nd.edu/group/ccl
PYTHONPATH=/afs/crc.nd.edu/user/n/nkremerh/cctools/lib/python3.6/site-packages/
LD_LIBRARY_PATH_modshare=/opt/crc/usr/local/lib:1
SSH_CONNECTION=129.74.154.87 57278 129.74.128.103 22
MODULES_LMALTNAME_modshare=CRC_default/1.1&CRC_default/default&CRC_default:1
MODULESHOME=/afs/crc.nd.edu/x86_64_linux/Modules/4.5.0
GLOBUS_GSSAPI_CIPHERS=HIGH
GLOBUS_GSSAPI_BACKWARD_COMPATIBLE_MIC=true
LESSOPEN=||/usr/bin/lesspipe.sh %s
OMP_NUM_THREADS=1
_CONDOR_JOB_AD=/var/condor/execute/dir_6464/.job.ad
LOADEDMODULES_modshare=CRC_default/1.1:1
XDG_RUNTIME_DIR=/run/user/213124
SGE_CLUSTER_NAME=CRC
CCTOOLS=../cctools
CORES=2
_CONDOR_JOB_IWD=/var/condor/execute/dir_6464
PERL_MM_OPT=INSTALL_BASE=/afs/crc.nd.edu/user/n/nkremerh/.perl5/
GLOBUS_GSSAPI_SERVER_CIPHER_ORDER=true
BASH_FUNC_module()=() {  unset _mlshdbg;
 if [ "${MODULES_SILENT_SHELL_DEBUG:-0}" = '1' ]; then
 case "$-" in 
 *v*x*)
 set +vx;
 _mlshdbg='vx'
 ;;
 *v*)
 set +v;
 _mlshdbg='v'
 ;;
 *x*)
 set +x;
 _mlshdbg='x'
 ;;
 *)
 _mlshdbg=''
 ;;
 esac;
 fi;
 unset _mlre _mlIFS;
 if [ -n "${IFS+x}" ]; then
 _mlIFS=$IFS;
 fi;
 IFS=' ';
 for _mlv in ${MODULES_RUN_QUARANTINE:-};
 do
 if [ "${_mlv}" = "${_mlv##*[!A-Za-z0-9_]}" -a "${_mlv}" = "${_mlv#[0-9]}" ]; then
 if [ -n "`eval 'echo ${'$_mlv'+x}'`" ]; then
 _mlre="${_mlre:-}${_mlv}_modquar='`eval 'echo ${'$_mlv'}'`' ";
 fi;
 _mlrv="MODULES_RUNENV_${_mlv}";
 _mlre="${_mlre:-}${_mlv}='`eval 'echo ${'$_mlrv':-}'`' ";
 fi;
 done;
 if [ -n "${_mlre:-}" ]; then
 eval `eval ${_mlre}/usr/bin/tclsh /afs/crc.nd.edu/x86_64_linux/Modules/4.5.0/libexec/modulecmd.tcl bash '"$@"'`;
 else
 eval `/usr/bin/tclsh /afs/crc.nd.edu/x86_64_linux/Modules/4.5.0/libexec/modulecmd.tcl bash "$@"`;
 fi;
 _mlstatus=$?;
 if [ -n "${_mlIFS+x}" ]; then
 IFS=$_mlIFS;
 else
 unset IFS;
 fi;
 unset _mlre _mlv _mlrv _mlIFS;
 if [ -n "${_mlshdbg:-}" ]; then
 set -$_mlshdbg;
 fi;
 unset _mlshdbg;
 return $_mlstatus
}
BASH_FUNC_ml()=() {  module ml "$@"
}
_=/usr/bin/printenv
