12505   0.000000 libjli.so->getenv("_JAVA_LAUNCHER_DEBUG") = nil
12505   0.001786 libjli.so->getenv("_JAVA_VERSION_SET") = nil
12505   0.000714 libjli.so->fopen("/usr/lib/jvm/java-1.8.0-openjdk-1.8.0.262.b10-0.el7_8.x86_64/jre/lib/amd64/jvm.cfg", "r") = 0x55bc689220f0
12505   0.000864 libjli.so->getenv("JDK_ALTERNATE_VM") = nil
12505   0.000326 libjli.so->__xstat(1, "/usr/lib/jvm/java-1.8.0-openjdk-1.8.0.262.b10-0.el7_8.x86_64/jre/lib/amd64/server/libjvm.so", 0x7fff1c9cdaa0) = 0
12505   0.000633 libjli.so->getenv("LD_LIBRARY_PATH") = "/afs/crc.nd.edu/group/ccl/software/x86_64/redhat7/ruby/current/lib:/afs/crc.nd.edu/group/ccl/software/x86_64/redhat7/graphviz/current/lib:/afs/crc.nd.edu/group/ccl/software/x86_64/redhat7/git/current/lib:/afs/crc.nd.edu/group/ccl/software/x86_64/redhat7/condor/current/lib:/afs/crc.nd.edu/group/ccl/software/x86_64/redhat7/clang/current/lib:/afs/crc.nd.edu/group/ccl/software/x86_64/redhat7/condor/current/lib:/afs/crc.nd.edu/group/ccl/software/x86_64/redhat7/cctools/current/lib:/opt/crc/usr/local/lib"
12505   0.002162 libjli.so->dlopen("/usr/lib/jvm/java-1.8.0-openjdk-1.8.0.262.b10-0.el7_8.x86_64/jre/lib/amd64/server/libjvm.so", 258 <unfinished ...>
12505   0.039661 libjvm.so->getenv("NMT_LEVEL_12505") = nil
12505   0.001675 <... dlopen resumed> )          = 0x55bc689224c0
12505   0.000074 libjli.so->getenv("CLASSPATH")  = nil
12505   0.000304 libjli.so->getenv("_JAVA_SPLASH_JAR") = nil
12505   0.000300 libjli.so->getenv("_JAVA_SPLASH_FILE") = nil
12505   0.000341 libjli.so->pthread_attr_setdetachstate(0x7fff1c9cda50, 0, 0x7fff1c9cdae0, 0) = 0
12505   0.000443 libpthread.so.0->__clone(0x2aba0e14fde0, 0x2aba0e062fc0, 0x3d0f00, 0x2aba0e063700) = 0x30de
12510   0.001853 libjvm.so->dlopen(0x2aba0f92e9ae, 1, 0xfffffffffff42c48, 4096) = 0x2aba14000990
12510   0.002718 libjvm.so->getenv(0x2aba0f94983e, 0, 115, 0x65737361) = 0x7fff1c9d46ed
12510   0.000476 libjvm.so->fopen(0x2aba0e061c10, 0x2aba0f8e5ccb, 0x6f732e79666972, 0x2aba0ea27ab0) = 0x2aba14001440
12510   0.001682 libjvm.so->dlopen(0x2aba0e061c10, 1, 0xffffffff, 0x2aba14002b00) = 0x2aba14001440
12510   0.001624 libjvm.so->fopen(0x2aba0e061c10, 0x2aba0f8e5ccb, 111, 0x732e6176) = 0x2aba14001b10
12510   0.001929 libjvm.so->dlopen(0x2aba0e061c10, 1, 0xffffffff, 0x2aba14001a00) = 0x2aba14001b10
12510   0.001665 libjvm.so->__xstat(1, 0x2aba0e062360, 0x2aba0e062ba0, 0x746f7073746f682e) = -1
12510   0.000516 libjvm.so->getenv(0x2aba0f8de541, 0x2aba0e0626d0, 1024, 0x2aba0fd9861b) = 0
12510   0.000538 libjvm.so->getenv(0x2aba0f8de533, 0x2aba0e0626d0, 1024, 0) = 0
12510   0.000493 libjvm.so->fopen(0x2aba0f92e315, 0x2aba0f8e5ccb, 4095, 0xffffd545f0721b03) = 0x2aba140032b0
12510   0.001221 libjvm.so->fopen(0x2aba0f92e361, 0x2aba0f8e5ccb, 0x2aba14000078, 0x2aba140032a0) = 0x2aba140032b0
12510   0.000827 libjvm.so->fopen(0x2aba0e05c9b0, 0x2aba0f8e5ccb, 4014, 3995) = 0x2aba140032b0
12510   0.000713 libjvm.so->opendir(0x2aba14002b40, 0x2aba14002b40, 13, 16) = 0
12510   0.000544 libjvm.so->__xstat(1, 0x2aba0e0618f0, 0x2aba0e060860, 0x6f732e7477616d62) = -1
12510   0.000601 libjvm.so->__xstat(1, 0x2aba0e0618f0, 0x2aba0e060860, 0x5f74776162696c2f) = 0
12510   0.000561 libjvm.so->fopen(0x2aba0e060b90, 0x2aba0f8e5ccb, 4009, 3994) = 0x2aba14003790
12510   0.000706 libjvm.so->fopen(0x2aba0e060b90, 0x2aba0f8e5ccb, 4009, 3994) = 0x2aba14003790
12510   0.000640 libjvm.so->fopen(0x2aba0e060b90, 0x2aba0f8e5ccb, 4009, 4002) = 0x2aba14003790
12510   0.000711 libjvm.so->fopen(0x2aba0e060b20, 0x2aba0f8e5ccb, 4009, 3994) = 0x2aba14003790
12510   0.000681 libjvm.so->fopen(0x2aba0e060b20, 0x2aba0f8e5ccb, 4009, 3994) = 0x2aba14003790
12510   0.000655 libjvm.so->fopen(0x2aba0e060b20, 0x2aba0f8e5ccb, 4009, 4002) = 0x2aba14003790
12510   0.000677 libjvm.so->fopen(0x2aba0e060b50, 0x2aba0f8e5ccb, 4014, 3995) = 0x2aba14003790
12510   0.000954 libjvm.so->getenv(0x2aba0f92f0ff, 4096, 3, -1) = 0
12510   0.001067 libjvm.so->fopen(0x2aba0f92e998, 0x2aba0f8e5ccb, 0x2aba0e146908, 0x2aba0e145df0) = 0x2aba14003790
12510   0.005909 libjvm.so->open(0x2aba1404a580, 0x20000, 0, 0x2aba1404a5c9) = 3
12510   0.000552 libjvm.so->__fxstat(1, 3, 0x2aba0e062a00, -1) = 0
12510   0.000624 libjvm.so->opendir(0x2aba1404a580, 0x2aba0e062a00, 0x4000, -1) = 0x2aba1404b490
12510   0.000560 libjvm.so->__fxstat(1, 3, 0x2aba0e0628a0, 0x2aba1404b490) = 0
12510   0.000477 libjvm.so->__fxstat(1, 5, 0x2aba0e062930, -1) = 0
12510   0.000469 libjvm.so->open(0x2aba0f8fc9dc, 0, 0, 0) = 3
12510   0.000646 libjvm.so->__lxstat(1, 0x2aba1404a580, 0x2aba0e062b50, -144) = 0
12510   0.000463 libjvm.so->open(0x2aba1404a580, 0x20000, 0x4000, -1) = 3
12510   0.000438 libjvm.so->__fxstat(1, 3, 0x2aba0e062a00, -1) = 0
12510   0.000462 libjvm.so->opendir(0x2aba1404a580, 0x2aba0e062a00, 0x4000, -1) = 0x2aba1404b490
12510   0.000423 libjvm.so->__fxstat(1, 3, 0x2aba0e0628a0, 0x2aba1404b490) = 0
12510   0.000592 libjvm.so->__fxstat(1, 5, 0x2aba0e062930, -1) = 0
12510   0.000521 libjvm.so->open(0x2aba0f8fc9dc, 0, 0, 0) = 3
12510   0.000504 libjvm.so->open(0x2aba1404a5c9, 0x20042, 384, -1) = 7
12510   0.000601 libjvm.so->__fxstat(1, 7, 0x2aba0e062b50, -1) = 0
12510   0.002654 libjvm.so->fopen(0x2aba0e061b60, 0x2aba0f8e5ccb, 4, 0x6f732e70) = 0x2aba14057be0
12510   0.002651 libjvm.so->dlopen(0x2aba0e061b60, 1, 0xffffffff, 0x2aba14057b00) = 0x2aba14057be0
12510   0.001667 libjvm.so->__xstat(1, 0x2aba0e062120, 0x2aba0e062950, 2048) = 0
12510   0.001122 libjvm.so->__xstat(1, 0x2aba0e062120, 0x2aba0e062950, 2048) = 0
12510   0.000497 libjvm.so->__xstat(1, 0x2aba0e062120, 0x2aba0e062950, 2048) = -1
12510   0.000466 libjvm.so->__xstat(1, 0x2aba0e062120, 0x2aba0e062950, 2048) = 0
12510   0.000551 libjvm.so->__xstat(1, 0x2aba0e062120, 0x2aba0e062950, 2048) = 0
12510   0.000449 libjvm.so->__xstat(1, 0x2aba0e062120, 0x2aba0e062950, 2048) = 0
12510   0.000459 libjvm.so->__xstat(1, 0x2aba0e062120, 0x2aba0e062950, 2048) = 0
12510   0.000475 libjvm.so->__xstat(1, 0x2aba0e062120, 0x2aba0e062950, 2048) = -1
12510   0.000623 libjvm.so->fopen(0x2aba14002520, 0x2aba0f8e5ccb, 0, 0) = 0x2aba14058a80
12510   0.009189 libjvm.so->open64(0x2aba0e061410, 0, 0, 16) = 3
12510   0.000627 libjvm.so->__fxstat64(1, 3, 0x2aba0e061240, -1) = 0
12510   0.052431 libjvm.so->__xstat(1, 0x2aba0e061f20, 0x2aba0e062750, 2048) = -1
12510   0.000675 libjvm.so->fopen(0x2aba0e060b20, 0x2aba0f8e5ccb, 4009, 3994) = 0x2aba140b5ec0
12510   0.000819 libjvm.so->fopen(0x2aba0e060b20, 0x2aba0f8e5ccb, 4009, 3994) = 0x2aba140b5ec0
12510   0.000669 libjvm.so->fopen(0x2aba0e060b20, 0x2aba0f8e5ccb, 4009, 4002) = 0x2aba140b5ec0
12510   0.004687 libjvm.so->pthread_attr_setdetachstate(0x2aba0e062c00, 1, 0, 0) = 0
12510   0.000877 libpthread.so.0->__clone(0x2aba0e14fde0, 0x2aba139d3fc0, 0x3d0f00, 0x2aba139d4700) = 0x30df
12510   0.019040 libjvm.so->pthread_attr_setdetachstate(0x2aba0e062290, 1, 0, 0) = 0
12510   0.001402 libpthread.so.0->__clone(0x2aba0e14fde0, 0x2aba13ad4fc0, 0x3d0f00, 0x2aba13ad5700) = 0x30e0
12510   0.009527 libjvm.so->pthread_attr_setdetachstate(0x2aba0e062610, 1, 0, 0) = 0
12510   0.001927 libpthread.so.0->__clone(0x2aba0e14fde0, 0x2aba13bd5fc0, 0x3d0f00, 0x2aba13bd6700) = 0x30e1
12510   0.051501 libjvm.so->fopen(0x2aba140ec390, 0x2aba0f8e5ccb, 4, 0x6f732e70) = 0x2aba140f1cd0
12510   0.003520 libjvm.so->dlopen(0x2aba140ec390, 1, 0xffffffff, 0x2aba140ec200) = 0x2aba14057be0
12510   0.005891 libjvm.so->open64(0x2aba0e061510, 0, 0, 16) = 5
12510   0.000979 libjvm.so->__fxstat64(1, 5, 0x2aba0e061340, -1) = 0
12510   0.022909 libjvm.so->fopen(0x2aba0e05e130, 0x2aba0f8e5ccb, 4009, 3994) = 0x2aba140fcc60
12510   0.002114 libjvm.so->fopen(0x2aba0e05e130, 0x2aba0f8e5ccb, 4009, 3994) = 0x2aba140fcc60
12510   0.002305 libjvm.so->fopen(0x2aba0e05e130, 0x2aba0f8e5ccb, 4009, 4002) = 0x2aba140fcc60
12510   0.020421 libjvm.so->pthread_attr_setdetachstate(0x2aba0e062b50, 1, 0, 0) = 0
12510   0.001182 libpthread.so.0->__clone(0x2aba0e14fde0, 0x2aba13cd6fc0, 0x3d0f00, 0x2aba13cd7700) = 0x30e2
12510   0.001538 libjvm.so->__xstat64(1, 0x2aba0e062be0, 0x2aba0e062b50, 19) = -1
12510   0.001215 libjvm.so->pthread_attr_setdetachstate(0x2aba0e062950, 1, 0, 0) = 0
12510   0.001320 libpthread.so.0->__clone(0x2aba0e14fde0, 0x2aba13dd7fc0, 0x3d0f00, 0x2aba13dd8700) = 0x30e3
12510   0.003069 libjvm.so->pthread_attr_setdetachstate(0x2aba0e062950, 1, 0, 0) = 0
12510   0.001372 libpthread.so.0->__clone(0x2aba0e14fde0, 0x2aba13ed8fc0, 0x3d0f00, 0x2aba13ed9700) = 0x30e4
12510   0.014319 libjvm.so->pthread_attr_setdetachstate(0x2aba0e062aa0, 1, 0, 0) = 0
12510   0.001881 libpthread.so.0->__clone(0x2aba0e14fde0, 0x2aba13fd9fc0, 0x3d0f00, 0x2aba13fda700) = 0x30e5
12510   0.002301 libjvm.so->pthread_attr_setdetachstate(0x2aba0e062bb0, 1, 0, 0) = 0
12510   0.002634 libpthread.so.0->__clone(0x2aba0e14fde0, 0x2aba270fffc0, 0x3d0f00, 0x2aba27100700) = 0x30e6
12510   0.016178 libjvm.so->open64(0x2aba14120890, 0, 0, 16) = 7
12510   0.001720 libjvm.so->__fxstat64(1, 7, 0x2aba0e05ff60, -1) = 0
12510   0.030875 libjvm.so->fopen(0x2aba14154670, 0x2aba0f8e5ccb, 4, 0x6f732e6f) = 0x2aba14154730
12510   0.003418 libjvm.so->dlopen(0x2aba14154670, 1, 0xffffffff, 0x2aba14154600) = 0x2aba14154730
12510   0.136632 libjvm.so->fopen(0x2aba14192500, 0x2aba0f8e5ccb, 4, 0x6f732e74) = 0x2aba141957b0
12510   0.003242 libjvm.so->dlopen(0x2aba14192500, 1, 0xffffffff, 0x2aba14195700) = 0x2aba1419fb60
12510   0.139731 libjvm.so->fopen(0x2aba14210c10, 0x2aba0f8e5ccb, 0x6f732e7373656c, 0x656c646165685f74) = 0x2aba14210cf0
12510   0.002850 libjvm.so->dlopen(0x2aba14210c10, 1, 0xffffffff, 0x2aba14210c00) = 0x2aba14210cf0
12510   0.019244 libjvm.so->fopen(0x2aba0e05b990, 0x2aba0f8e5ccb, 0x6f732e, 0x6d766a62696c2f72) = 0x2aba1421ab80
12510   0.006018 libjvm.so->dlopen(0x2aba0e05b990, 1, 0xffffffff, 0x2aba1421a100) = 0x55bc689224c0
12510   0.001750 libjvm.so->fopen(0x2aba0e05b990, 0x2aba0f8e5ccb, 0x6f732e, 0x6d766a62696c2f72) = 0x2aba1421ab20
12510   0.004848 libjvm.so->dlopen(0x2aba0e05b990, 1, 0xffffffff, 0x2aba1421a100) = 0x55bc689224c0
12510   0.001650 libjvm.so->fopen(0x2aba0e05b990, 0x2aba0f8e5ccb, 0x6f732e, 0x6d766a62696c2f72) = 0x2aba1421ab20
12510   0.003651 libjvm.so->dlopen(0x2aba0e05b990, 1, 0xffffffff, 0x2aba1421a100) = 0x55bc689224c0
12510   0.001728 libjvm.so->fopen(0x2aba0e05b990, 0x2aba0f8e5ccb, 0x6f732e, 0x6d766a62696c2f72) = 0x2aba1421ab20
12510   0.003427 libjvm.so->dlopen(0x2aba0e05b990, 1, 0xffffffff, 0x2aba1421a100) = 0x55bc689224c0
12510   0.273145 libjvm.so->fopen(0x2aba0e05fed0, 0x2aba0f8e5ccb, 111, 0x732e6176) = 0x2aba142615a0
12510   0.004737 libjvm.so->dlopen(0x2aba0e05fed0, 1, 0xffffffff, 0x2aba14261500) = 0x2aba14001b10
12510   0.005553 libjvm.so->fopen(0x2aba0e05fed0, 0x2aba0f8e5ccb, 111, 0x732e6176) = 0x2aba142615a0
12510   0.003296 libjvm.so->dlopen(0x2aba0e05fed0, 1, 0xffffffff, 0x2aba14261500) = 0x2aba14001b10
12510   0.001707 libjvm.so->fopen(0x2aba0e05fed0, 0x2aba0f8e5ccb, 111, 0x732e6176) = 0x2aba142615a0
12510   0.006545 libjvm.so->dlopen(0x2aba0e05fed0, 1, 0xffffffff, 0x2aba14261500) = 0x2aba14001b10
12510   0.001750 libjvm.so->fopen(0x2aba0e05fed0, 0x2aba0f8e5ccb, 111, 0x732e6176) = 0x2aba142615a0
12510   0.003373 libjvm.so->dlopen(0x2aba0e05fed0, 1, 0xffffffff, 0x2aba14261500) = 0x2aba14001b10
12510   0.008403 libjvm.so->fopen(0x2aba0e05feb0, 0x2aba0f8e5ccb, 111, 0x732e6176) = 0x2aba142615a0
12510   0.004898 libjvm.so->dlopen(0x2aba0e05feb0, 1, 0xffffffff, 0x2aba14261300) = 0x2aba14001b10
12510   0.001834 libjvm.so->fopen(0x2aba0e05feb0, 0x2aba0f8e5ccb, 111, 0x732e6176) = 0x2aba142615a0
12510   0.005629 libjvm.so->dlopen(0x2aba0e05feb0, 1, 0xffffffff, 0x2aba14261300) = 0x2aba14001b10
12510   0.002395 libjvm.so->fopen(0x2aba0e05feb0, 0x2aba0f8e5ccb, 111, 0x732e6176) = 0x2aba142615a0
12510   0.004110 libjvm.so->dlopen(0x2aba0e05feb0, 1, 0xffffffff, 0x2aba14261300) = 0x2aba14001b10
12510   0.001688 libjvm.so->fopen(0x2aba0e05feb0, 0x2aba0f8e5ccb, 111, 0x732e6176) = 0x2aba142615a0
12510   0.003043 libjvm.so->dlopen(0x2aba0e05feb0, 1, 0xffffffff, 0x2aba14261300) = 0x2aba14001b10
12510   3.308932 --- SIGSEGV (Segmentation fault) ---
12510   7.165685 --- SIGSEGV (Segmentation fault) ---
12518   2.162087 +++ exited (status 0) +++
12511   0.001553 +++ exited (status 0) +++
12510   0.000331 +++ exited (status 0) +++
12517   0.000345 +++ exited (status 0) +++
12516   0.000022 +++ exited (status 0) +++
12515   0.000032 +++ exited (status 0) +++
12514   0.000019 +++ exited (status 0) +++
12512   0.000015 +++ exited (status 0) +++
12513   0.024837 +++ exited (status 0) +++
12505   0.000089 +++ exited (status 0) +++
Wrote an ltrace for command: "java -cp ./tools/maxent.jar density.MaxEnt -s outputs/Hesperocharis_graphites_Bates.csv -e data/layers/worldclim -o outputs/Hesperocharis_graphites_Bates nowarnings nocache autorun -z" with PID 12502 from PPID 12484 on disc21.crc.nd.edu with result 0
REMOTEHOST=129.74.154.87
MANPATH=/afs/crc.nd.edu/user/n/nkremerh/cctools/share/man/:/afs/crc.nd.edu/group/ccl/software/x86_64/redhat7/ruby/current/share/man:/afs/crc.nd.edu/group/ccl/software/x86_64/redhat7/graphviz/current/share/man:/afs/crc.nd.edu/group/ccl/software/x86_64/redhat7/gnuplot/current/share/man:/afs/crc.nd.edu/group/ccl/software/x86_64/redhat7/git/current/share/man:/afs/crc.nd.edu/group/ccl/software/x86_64/redhat7/condor/current/share/man:/afs/crc.nd.edu/group/ccl/software/x86_64/redhat7/clang/current/share/man:/afs/crc.nd.edu/group/ccl/software/x86_64/redhat7/condor/current/share/man:/afs/crc.nd.edu/group/ccl/software/x86_64/redhat7/cctools/current/share/man:/afs/crc.nd.edu/group/ccl/software/x86_64/redhat7/cctools/current/share/man:/afs/crc.nd.edu/x86_64_linux/Modules/4.5.0/share/man:/opt/crc/usr/local/man:/opt/sge/man:/usr/share/man/overrides:/usr/share/man:/usr/local/share/man
_CONDOR_JOB_PIDS=
XDG_SESSION_ID=2226
HOSTNAME=disc01.crc.nd.edu
_LMFILES__modshare=/afs/crc.nd.edu/x86_64_linux/Modules/modules/system_modules/CRC_default/1.1:1
_CONDOR_ANCESTOR_5743=5755:1597419253:3558016326
MODULEPATH_modshare=/afs/crc.nd.edu/x86_64_linux/Modules/modules/general_software:1:/afs/crc.nd.edu/x86_64_linux/Modules/modules/development_tools_and_libraries:1:/afs/crc.nd.edu/x86_64_linux/Modules/modules/system_modules:1:/afs/crc.nd.edu/x86_64_linux/Modules/current/modulefiles:1:/afs/crc.nd.edu/x86_64_linux/Modules/modules/restricted_software:1:/afs/crc.nd.edu/x86_64_linux/Modules/modules/deprecated_software:1
TERM=xterm-256color
SHELL=/bin/tcsh
HOST=disc01.crc.nd.edu
MODULES_CMD=/afs/crc.nd.edu/x86_64_linux/Modules/4.5.0/libexec/modulecmd.tcl
HISTSIZE=5000
MAKEFLAGS=
SSH_CLIENT=129.74.154.87 57278 22
TMPDIR=/var/condor/execute/dir_5743/worker-213124-5820/t.947/cctools-temp-t.947.V0WaNv
PERL5LIB=/afs/crc.nd.edu/user/n/nkremerh/cctools/lib/perl5/site_perl/5.16.3:/afs/crc.nd.edu/user/n/nkremerh/.perl5/lib/perl5
SGE_CELL=crc
_CONDOR_SCRATCH_DIR=/var/condor/execute/dir_5743
PERL_MB_OPT=--install_base '/afs/crc.nd.edu/user/n/nkremerh/.perl5/'
SSH_TTY=/dev/pts/0
SGE_LOAD_AVG=load_avg
MAKEFLOW_MAX_LOCAL_JOBS=2
GROUP=campus
USER=nkremerh
_CHIRP_DELAYED_UPDATE_PREFIX=Chirp*
HISTFILESIZE=10000
TEMP=/var/condor/execute/dir_5743/worker-213124-5820/t.947/cctools-temp-t.947.V0WaNv
LD_LIBRARY_PATH=/afs/crc.nd.edu/group/ccl/software/x86_64/redhat7/ruby/current/lib:/afs/crc.nd.edu/group/ccl/software/x86_64/redhat7/graphviz/current/lib:/afs/crc.nd.edu/group/ccl/software/x86_64/redhat7/git/current/lib:/afs/crc.nd.edu/group/ccl/software/x86_64/redhat7/condor/current/lib:/afs/crc.nd.edu/group/ccl/software/x86_64/redhat7/clang/current/lib:/afs/crc.nd.edu/group/ccl/software/x86_64/redhat7/condor/current/lib:/afs/crc.nd.edu/group/ccl/software/x86_64/redhat7/cctools/current/lib:/opt/crc/usr/local/lib
BATCH_SYSTEM=HTCondor
MODULES_LMALTNAME=CRC_default/1.1&CRC_default/default&CRC_default
ENV=/afs/crc.nd.edu/x86_64_linux/Modules/4.5.0/init/profile.sh
WORKER_TMPDIR=/var/condor/execute/dir_5743/worker-213124-5820/cache/tmp
HOSTTYPE=x86_64-linux
_CONDOR_HIGHPORT=9999
GLOBUS_GSSAPI_MAX_TLS_PROTOCOL=0
_CONDOR_CHIRP_CONFIG=/var/condor/execute/dir_5743/.chirp.config
MAKELEVEL=1
MFLAGS=
MAIL=/var/spool/mail/nkremerh
PATH=/afs/crc.nd.edu/user/n/nkremerh/cctools/bin:/afs/crc.nd.edu/user/n/nkremerh/miniconda/bin:/afs/crc.nd.edu/group/ccl/software/git:/afs/crc.nd.edu/user/n/nkremerh/.local/bin:/afs/crc.nd.edu/group/ccl/software/x86_64/redhat7/povray/3.7/bin:/afs/crc.nd.edu/user/n/nkremerh/.perl5/bin:/afs/crc.nd.edu/user/n/nkremerh/pegasus/bin:/afs/crc.nd.edu/user/n/nkremerh/nodejs/bin:/afs/crc.nd.edu/user/n/nkremerh/montage/bin:/afs/crc.nd.edu/user/n/nkremerh/latexdiff:/afs/crc.nd.edu/user/n/nkremerh/envtrace:/afs/crc.nd.edu/user/n/nkremerh/endlines:/afs/crc.nd.edu/user/n/nkremerh/cctools/bin:/afs/crc.nd.edu/user/n/nkremerh/.cargo/bin:/afs/crc.nd.edu/group/ccl/software/x86_64/redhat7/ruby/current/bin:/afs/crc.nd.edu/group/ccl/software/x86_64/redhat7/graphviz/current/bin:/afs/crc.nd.edu/group/ccl/software/x86_64/redhat7/gnuplot/current/bin:/afs/crc.nd.edu/group/ccl/software/x86_64/redhat7/git/current/bin:/afs/crc.nd.edu/group/ccl/software/x86_64/redhat7/condor/current/sbin:/afs/crc.nd.edu/group/ccl/software/x86_64/redhat7/condor/current/bin:/afs/crc.nd.edu/group/ccl/software/x86_64/redhat7/cmake/current/bin:/afs/crc.nd.edu/group/ccl/software/x86_64/redhat7/clang/current/bin:/afs/crc.nd.edu/group/ccl/software/x86_64/redhat7/condor/current/sbin:/afs/crc.nd.edu/group/ccl/software/x86_64/redhat7/condor/current/bin:/afs/crc.nd.edu/group/ccl/software/x86_64/redhat7/cctools/current/bin:/afs/crc.nd.edu/x86_64_linux/Modules/4.5.0/bin:/opt/crc/usr/local/bin:/opt/sge/bin/lx-amd64:/usr/local/bin:/usr/bin:/usr/local/sbin:/usr/sbin:/afs/crc.nd.edu/user/c/condor/software/bin:/afs/crc.nd.edu/user/c/condor/software/sbin
CCLSOFTWARE=/afs/crc.nd.edu/group/ccl/software/x86_64/redhat7
_CONDOR_ANCESTOR_3724=5743:1597419250:3107182970
PWD=/var/condor/execute/dir_5743/worker-213124-5820/t.947
_LMFILES_=/afs/crc.nd.edu/x86_64_linux/Modules/modules/system_modules/CRC_default/1.1
EDITOR=vim
SGE_EXECD_PORT=6445
LANG=en_US.UTF-8
SGE_QMASTER_PORT=6444
MODULEPATH=/afs/crc.nd.edu/x86_64_linux/Modules/modules/development_tools_and_libraries:/afs/crc.nd.edu/x86_64_linux/Modules/modules/general_software:/afs/crc.nd.edu/x86_64_linux/Modules/modules/restricted_software:/afs/crc.nd.edu/x86_64_linux/Modules/modules/system_modules:/afs/crc.nd.edu/x86_64_linux/Modules/modules/deprecated_software:/afs/crc.nd.edu/x86_64_linux/Modules/current/modulefiles
LOADEDMODULES=CRC_default/1.1
SGE_ROOT=/opt/sge
CCLPLATFORM=x86_64/redhat7
_CONDOR_SLOT=slot2_1
WORK_QUEUE_SANDBOX=/var/condor/execute/dir_5743/worker-213124-5820
USE_SYSTEMD=true
_CONDOR_LOWPORT=9100
HISTCONTROL=ignoreboth:erasedups
KRB5CCNAME=FILE:/tmp/krb5cc_213124_jfvfni
GLOBUS_GSSAPI_NAME_COMPATIBILITY=STRICT_RFC2818
HOME=disc01.crc.nd.edu
SHLVL=6
PATH_modshare=/opt/crc/usr/local/bin:1:/opt/sge/bin/lx-amd64:1:/usr/sbin:1:/usr/bin:1:/afs/crc.nd.edu/user/c/condor/software/sbin:1:/usr/local/sbin:1:/afs/crc.nd.edu/user/c/condor/software/bin:1:/usr/local/bin:1
OSTYPE=linux
_CONDOR_MACHINE_AD=/var/condor/execute/dir_5743/.machine.ad
GREP_OPTIONS=--color=auto
DISK=18253
GLOBUS_GSSAPI_MIN_TLS_PROTOCOL=TLS1_VERSION
MANPATH_modshare=/usr/share/man/overrides:1:/usr/local/share/man:1:/usr/share/man:1:/opt/crc/usr/local/man:1:/opt/sge/man:1
MEMORY=1948
PERL_LOCAL_LIB_ROOT=/afs/crc.nd.edu/user/n/nkremerh/.perl5/
BASH_ENV=/afs/crc.nd.edu/x86_64_linux/Modules/4.5.0/init/bash
VENDOR=unknown
TMP=/var/condor/execute/dir_5743/worker-213124-5820/t.947/cctools-temp-t.947.V0WaNv
LOGNAME=nkremerh
MACHTYPE=x86_64
CCLHOME=/afs/crc.nd.edu/group/ccl
PYTHONPATH=/afs/crc.nd.edu/user/n/nkremerh/cctools/lib/python3.6/site-packages/
LD_LIBRARY_PATH_modshare=/opt/crc/usr/local/lib:1
SSH_CONNECTION=129.74.154.87 57278 129.74.128.103 22
MODULES_LMALTNAME_modshare=CRC_default/1.1&CRC_default/default&CRC_default:1
MODULESHOME=/afs/crc.nd.edu/x86_64_linux/Modules/4.5.0
GLOBUS_GSSAPI_CIPHERS=HIGH
GLOBUS_GSSAPI_BACKWARD_COMPATIBLE_MIC=true
LESSOPEN=||/usr/bin/lesspipe.sh %s
OMP_NUM_THREADS=1
_CONDOR_JOB_AD=/var/condor/execute/dir_5743/.job.ad
LOADEDMODULES_modshare=CRC_default/1.1:1
_CONDOR_ANCESTOR_3674=3724:1596369966:37829754
XDG_RUNTIME_DIR=/run/user/213124
SGE_CLUSTER_NAME=CRC
CCTOOLS=../cctools
CORES=2
_CONDOR_JOB_IWD=/var/condor/execute/dir_5743
PERL_MM_OPT=INSTALL_BASE=/afs/crc.nd.edu/user/n/nkremerh/.perl5/
GLOBUS_GSSAPI_SERVER_CIPHER_ORDER=true
BASH_FUNC_module()=() {  unset _mlshdbg;
 if [ "${MODULES_SILENT_SHELL_DEBUG:-0}" = '1' ]; then
 case "$-" in 
 *v*x*)
 set +vx;
 _mlshdbg='vx'
 ;;
 *v*)
 set +v;
 _mlshdbg='v'
 ;;
 *x*)
 set +x;
 _mlshdbg='x'
 ;;
 *)
 _mlshdbg=''
 ;;
 esac;
 fi;
 unset _mlre _mlIFS;
 if [ -n "${IFS+x}" ]; then
 _mlIFS=$IFS;
 fi;
 IFS=' ';
 for _mlv in ${MODULES_RUN_QUARANTINE:-};
 do
 if [ "${_mlv}" = "${_mlv##*[!A-Za-z0-9_]}" -a "${_mlv}" = "${_mlv#[0-9]}" ]; then
 if [ -n "`eval 'echo ${'$_mlv'+x}'`" ]; then
 _mlre="${_mlre:-}${_mlv}_modquar='`eval 'echo ${'$_mlv'}'`' ";
 fi;
 _mlrv="MODULES_RUNENV_${_mlv}";
 _mlre="${_mlre:-}${_mlv}='`eval 'echo ${'$_mlrv':-}'`' ";
 fi;
 done;
 if [ -n "${_mlre:-}" ]; then
 eval `eval ${_mlre}/usr/bin/tclsh /afs/crc.nd.edu/x86_64_linux/Modules/4.5.0/libexec/modulecmd.tcl bash '"$@"'`;
 else
 eval `/usr/bin/tclsh /afs/crc.nd.edu/x86_64_linux/Modules/4.5.0/libexec/modulecmd.tcl bash "$@"`;
 fi;
 _mlstatus=$?;
 if [ -n "${_mlIFS+x}" ]; then
 IFS=$_mlIFS;
 else
 unset IFS;
 fi;
 unset _mlre _mlv _mlrv _mlIFS;
 if [ -n "${_mlshdbg:-}" ]; then
 set -$_mlshdbg;
 fi;
 unset _mlshdbg;
 return $_mlstatus
}
BASH_FUNC_ml()=() {  module ml "$@"
}
_=/usr/bin/printenv
