22757   0.000000 libjli.so->getenv("_JAVA_LAUNCHER_DEBUG") = nil
22757   0.001895 libjli.so->getenv("_JAVA_VERSION_SET") = nil
22757   0.000823 libjli.so->fopen("/usr/lib/jvm/java-1.8.0-openjdk-1.8.0.262.b10-0.el7_8.x86_64/jre/lib/amd64/jvm.cfg", "r") = 0x55b214be30f0
22757   0.000966 libjli.so->getenv("JDK_ALTERNATE_VM") = nil
22757   0.000370 libjli.so->__xstat(1, "/usr/lib/jvm/java-1.8.0-openjdk-1.8.0.262.b10-0.el7_8.x86_64/jre/lib/amd64/server/libjvm.so", 0x7ffed47879f0) = 0
22757   0.000621 libjli.so->getenv("LD_LIBRARY_PATH") = "/afs/crc.nd.edu/group/ccl/software/x86_64/redhat7/ruby/current/lib:/afs/crc.nd.edu/group/ccl/software/x86_64/redhat7/graphviz/current/lib:/afs/crc.nd.edu/group/ccl/software/x86_64/redhat7/git/current/lib:/afs/crc.nd.edu/group/ccl/software/x86_64/redhat7/condor/current/lib:/afs/crc.nd.edu/group/ccl/software/x86_64/redhat7/clang/current/lib:/afs/crc.nd.edu/group/ccl/software/x86_64/redhat7/condor/current/lib:/afs/crc.nd.edu/group/ccl/software/x86_64/redhat7/cctools/current/lib:/opt/crc/usr/local/lib"
22757   0.002194 libjli.so->dlopen("/usr/lib/jvm/java-1.8.0-openjdk-1.8.0.262.b10-0.el7_8.x86_64/jre/lib/amd64/server/libjvm.so", 258 <unfinished ...>
22757   0.039696 libjvm.so->getenv("NMT_LEVEL_22757") = nil
22757   0.001716 <... dlopen resumed> )          = 0x55b214be34c0
22757   0.000076 libjli.so->getenv("CLASSPATH")  = nil
22757   0.000317 libjli.so->getenv("_JAVA_SPLASH_JAR") = nil
22757   0.000360 libjli.so->getenv("_JAVA_SPLASH_FILE") = nil
22757   0.000341 libjli.so->pthread_attr_setdetachstate(0x7ffed47879a0, 0, 0x7ffed4787a30, 0) = 0
22757   0.000503 libpthread.so.0->__clone(0x2ab284799de0, 0x2ab2846acfc0, 0x3d0f00, 0x2ab2846ad700) = 0x58ea
22762   0.001949 libjvm.so->dlopen(0x2ab285f789ae, 1, 0xfffffffffff42c48, 4096) = 0x2ab288000990
22762   0.002802 libjvm.so->getenv(0x2ab285f9383e, 0, 115, 0x65737361) = 0x7ffed478d6dd
22762   0.000484 libjvm.so->fopen(0x2ab2846abc10, 0x2ab285f2fccb, 0x6f732e79666972, 0x2ab285071ab0) = 0x2ab288001440
22762   0.001677 libjvm.so->dlopen(0x2ab2846abc10, 1, 0xffffffff, 0x2ab288002b00) = 0x2ab288001440
22762   0.001604 libjvm.so->fopen(0x2ab2846abc10, 0x2ab285f2fccb, 111, 0x732e6176) = 0x2ab288001b10
22762   0.002221 libjvm.so->dlopen(0x2ab2846abc10, 1, 0xffffffff, 0x2ab288001a00) = 0x2ab288001b10
22762   0.001858 libjvm.so->__xstat(1, 0x2ab2846ac360, 0x2ab2846acba0, 0x746f7073746f682e) = -1
22762   0.000548 libjvm.so->getenv(0x2ab285f28541, 0x2ab2846ac6d0, 1024, 0x2ab2863e261b) = 0
22762   0.000458 libjvm.so->getenv(0x2ab285f28533, 0x2ab2846ac6d0, 1024, 0) = 0
22762   0.000474 libjvm.so->fopen(0x2ab285f78315, 0x2ab285f2fccb, 4095, 0xffffd54d7a0d7b03) = 0x2ab288003290
22762   0.001222 libjvm.so->fopen(0x2ab285f78361, 0x2ab285f2fccb, 0x2ab288000078, 0x2ab288003280) = 0x2ab288003290
22762   0.000814 libjvm.so->fopen(0x2ab2846a69b0, 0x2ab285f2fccb, 4016, 3997) = 0x2ab288003290
22762   0.000718 libjvm.so->opendir(0x2ab288002b40, 0x2ab288002b40, 13, 16) = 0
22762   0.000499 libjvm.so->__xstat(1, 0x2ab2846ab8f0, 0x2ab2846aa860, 0x6f732e7477616d62) = -1
22762   0.000453 libjvm.so->__xstat(1, 0x2ab2846ab8f0, 0x2ab2846aa860, 0x5f74776162696c2f) = 0
22762   0.000603 libjvm.so->fopen(0x2ab2846aab90, 0x2ab285f2fccb, 4011, 3996) = 0x2ab288003770
22762   0.000860 libjvm.so->fopen(0x2ab2846aab90, 0x2ab285f2fccb, 4011, 3996) = 0x2ab288003770
22762   0.000747 libjvm.so->fopen(0x2ab2846aab90, 0x2ab285f2fccb, 4011, 4004) = 0x2ab288003770
22762   0.000737 libjvm.so->fopen(0x2ab2846aab20, 0x2ab285f2fccb, 4011, 3996) = 0x2ab288003770
22762   0.000701 libjvm.so->fopen(0x2ab2846aab20, 0x2ab285f2fccb, 4011, 3996) = 0x2ab288003770
22762   0.000686 libjvm.so->fopen(0x2ab2846aab20, 0x2ab285f2fccb, 4011, 4004) = 0x2ab288003770
22762   0.000711 libjvm.so->fopen(0x2ab2846aab50, 0x2ab285f2fccb, 4016, 3997) = 0x2ab288003770
22762   0.000981 libjvm.so->getenv(0x2ab285f790ff, 4096, 3, -1) = 0
22762   0.001156 libjvm.so->fopen(0x2ab285f78998, 0x2ab285f2fccb, 0x2ab284790908, 0x2ab28478fdf0) = 0x2ab288003770
22762   0.005636 libjvm.so->open(0x2ab28804a560, 0x20000, 0, 0x2ab28804a5a9) = 3
22762   0.000497 libjvm.so->__fxstat(1, 3, 0x2ab2846aca00, -1) = 0
22762   0.000530 libjvm.so->opendir(0x2ab28804a560, 0x2ab2846aca00, 0x4000, -1) = 0x2ab28804b470
22762   0.001646 libjvm.so->__fxstat(1, 3, 0x2ab2846ac8a0, 0x2ab28804b470) = 0
22762   0.000519 libjvm.so->__fxstat(1, 5, 0x2ab2846ac930, -1) = 0
22762   0.001267 libjvm.so->open(0x2ab285f469dc, 0, 0, 0) = 3
22762   0.000796 libjvm.so->__lxstat(1, 0x2ab28804a560, 0x2ab2846acb50, -144) = 0
22762   0.000729 libjvm.so->open(0x2ab28804a560, 0x20000, 0x4000, -1) = 3
22762   0.000521 libjvm.so->__fxstat(1, 3, 0x2ab2846aca00, -1) = 0
22762   0.000539 libjvm.so->opendir(0x2ab28804a560, 0x2ab2846aca00, 0x4000, -1) = 0x2ab28804b470
22762   0.000597 libjvm.so->__fxstat(1, 3, 0x2ab2846ac8a0, 0x2ab28804b470) = 0
22762   0.000569 libjvm.so->__fxstat(1, 5, 0x2ab2846ac930, -1) = 0
22762   0.000618 libjvm.so->open(0x2ab285f469dc, 0, 0, 0) = 3
22762   0.000518 libjvm.so->open(0x2ab28804a5a9, 0x20042, 384, -1) = 7
22762   0.000687 libjvm.so->__fxstat(1, 7, 0x2ab2846acb50, -1) = 0
22762   0.001838 libjvm.so->fopen(0x2ab2846abb60, 0x2ab285f2fccb, 4, 0x6f732e70) = 0x2ab288057bc0
22762   0.001455 libjvm.so->dlopen(0x2ab2846abb60, 1, 0xffffffff, 0x2ab288057b00) = 0x2ab288057bc0
22762   0.001470 libjvm.so->__xstat(1, 0x2ab2846ac120, 0x2ab2846ac950, 2048) = 0
22762   0.000454 libjvm.so->__xstat(1, 0x2ab2846ac120, 0x2ab2846ac950, 2048) = 0
22762   0.000478 libjvm.so->__xstat(1, 0x2ab2846ac120, 0x2ab2846ac950, 2048) = -1
22762   0.000438 libjvm.so->__xstat(1, 0x2ab2846ac120, 0x2ab2846ac950, 2048) = 0
22762   0.000475 libjvm.so->__xstat(1, 0x2ab2846ac120, 0x2ab2846ac950, 2048) = 0
22762   0.000437 libjvm.so->__xstat(1, 0x2ab2846ac120, 0x2ab2846ac950, 2048) = 0
22762   0.000471 libjvm.so->__xstat(1, 0x2ab2846ac120, 0x2ab2846ac950, 2048) = 0
22762   0.000440 libjvm.so->__xstat(1, 0x2ab2846ac120, 0x2ab2846ac950, 2048) = -1
22762   0.000460 libjvm.so->fopen(0x2ab288002520, 0x2ab285f2fccb, 0, 0) = 0x2ab288058a60
22762   0.008929 libjvm.so->open64(0x2ab2846ab410, 0, 0, 16) = 3
22762   0.000505 libjvm.so->__fxstat64(1, 3, 0x2ab2846ab240, -1) = 0
22762   0.042807 libjvm.so->__xstat(1, 0x2ab2846abf20, 0x2ab2846ac750, 2048) = -1
22762   0.000606 libjvm.so->fopen(0x2ab2846aab20, 0x2ab285f2fccb, 4011, 3996) = 0x2ab2880b5e20
22762   0.000684 libjvm.so->fopen(0x2ab2846aab20, 0x2ab285f2fccb, 4011, 3996) = 0x2ab2880b5e20
22762   0.000615 libjvm.so->fopen(0x2ab2846aab20, 0x2ab285f2fccb, 4011, 4004) = 0x2ab2880b5e20
22762   0.004364 libjvm.so->pthread_attr_setdetachstate(0x2ab2846acc00, 1, 0, 0) = 0
22762   0.000523 libpthread.so.0->__clone(0x2ab284799de0, 0x2ab287e11fc0, 0x3d0f00, 0x2ab287e12700) = 0x58eb
22762   0.019008 libjvm.so->pthread_attr_setdetachstate(0x2ab2846ac290, 1, 0, 0) = 0
22762   0.000775 libpthread.so.0->__clone(0x2ab284799de0, 0x2ab287f12fc0, 0x3d0f00, 0x2ab287f13700) = 0x58ec
22762   0.008972 libjvm.so->pthread_attr_setdetachstate(0x2ab2846ac610, 1, 0, 0) = 0
22762   0.001602 libpthread.so.0->__clone(0x2ab284799de0, 0x2ab29d30bfc0, 0x3d0f00, 0x2ab29d30c700) = 0x58ed
22762   0.049408 libjvm.so->fopen(0x2ab2880e9130, 0x2ab285f2fccb, 4, 0x6f732e70) = 0x2ab2880f1c70
22762   0.002365 libjvm.so->dlopen(0x2ab2880e9130, 1, 0xffffffff, 0x2ab2880ec300) = 0x2ab288057bc0
22762   0.008197 libjvm.so->open64(0x2ab2846ab510, 0, 0, 16) = 5
22762   0.000976 libjvm.so->__fxstat64(1, 5, 0x2ab2846ab340, -1) = 0
22762   0.024216 libjvm.so->fopen(0x2ab2846a8130, 0x2ab285f2fccb, 4011, 3996) = 0x2ab2880fcbc0
22762   0.001257 libjvm.so->fopen(0x2ab2846a8130, 0x2ab285f2fccb, 4011, 3996) = 0x2ab2880fcbc0
22762   0.001076 libjvm.so->fopen(0x2ab2846a8130, 0x2ab285f2fccb, 4011, 4004) = 0x2ab2880fcbc0
22762   0.015792 libjvm.so->pthread_attr_setdetachstate(0x2ab2846acb50, 1, 0, 0) = 0
22762   0.003535 libpthread.so.0->__clone(0x2ab284799de0, 0x2ab29d40cfc0, 0x3d0f00, 0x2ab29d40d700) = 0x58ef
22762   0.002343 libjvm.so->__xstat64(1, 0x2ab2846acbe0, 0x2ab2846acb50, 19) = -1
22762   0.001227 libjvm.so->pthread_attr_setdetachstate(0x2ab2846ac950, 1, 0, 0) = 0
22762   0.001190 libpthread.so.0->__clone(0x2ab284799de0, 0x2ab29d50dfc0, 0x3d0f00, 0x2ab29d50e700) = 0x58f0
22762   0.001858 libjvm.so->pthread_attr_setdetachstate(0x2ab2846ac950, 1, 0, 0) = 0
22762   0.001333 libpthread.so.0->__clone(0x2ab284799de0, 0x2ab29d60efc0, 0x3d0f00, 0x2ab29d60f700) = 0x58f1
22762   0.007781 libjvm.so->pthread_attr_setdetachstate(0x2ab2846acaa0, 1, 0, 0) = 0
22762   0.001401 libpthread.so.0->__clone(0x2ab284799de0, 0x2ab29d70ffc0, 0x3d0f00, 0x2ab29d710700) = 0x58f2
22762   0.002166 libjvm.so->pthread_attr_setdetachstate(0x2ab2846acbb0, 1, 0, 0) = 0
22762   0.001619 libpthread.so.0->__clone(0x2ab284799de0, 0x2ab29d810fc0, 0x3d0f00, 0x2ab29d811700) = 0x58f3
22762   0.015200 libjvm.so->open64(0x2ab28812e840, 0, 0, 0) = 7
22762   0.001772 libjvm.so->__fxstat64(1, 7, 0x2ab2846a9f60, -1) = 0
22762   0.025459 libjvm.so->fopen(0x2ab288154690, 0x2ab285f2fccb, 4, 0x6f732e6f) = 0x2ab288154750
22762   0.003079 libjvm.so->dlopen(0x2ab288154690, 1, 0xffffffff, 0x2ab288154600) = 0x2ab288154750
22762   0.129428 libjvm.so->fopen(0x2ab2881925e0, 0x2ab285f2fccb, 4, 0x6f732e74) = 0x2ab288195890
22762   0.003371 libjvm.so->dlopen(0x2ab2881925e0, 1, 0xffffffff, 0x2ab288195800) = 0x2ab28819fc40
22762   0.150569 libjvm.so->fopen(0x2ab288210c90, 0x2ab285f2fccb, 0x6f732e7373656c, 0x656c646165685f74) = 0x2ab288210d70
22762   0.003936 libjvm.so->dlopen(0x2ab288210c90, 1, 0xffffffff, 0x2ab288210c00) = 0x2ab288210d70
22762   0.022619 libjvm.so->fopen(0x2ab2846a5990, 0x2ab285f2fccb, 0x6f732e, 0x6d766a62696c2f72) = 0x2ab28821ac30
22762   0.007683 libjvm.so->dlopen(0x2ab2846a5990, 1, 0xffffffff, 0x2ab28821a200) = 0x55b214be34c0
22762   0.001771 libjvm.so->fopen(0x2ab2846a5990, 0x2ab285f2fccb, 0x6f732e, 0x6d766a62696c2f72) = 0x2ab28821abd0
22762   0.005751 libjvm.so->dlopen(0x2ab2846a5990, 1, 0xffffffff, 0x2ab28821a200) = 0x55b214be34c0
22762   0.001761 libjvm.so->fopen(0x2ab2846a5990, 0x2ab285f2fccb, 0x6f732e, 0x6d766a62696c2f72) = 0x2ab28821abd0
22762   0.004116 libjvm.so->dlopen(0x2ab2846a5990, 1, 0xffffffff, 0x2ab28821a200) = 0x55b214be34c0
22762   0.001786 libjvm.so->fopen(0x2ab2846a5990, 0x2ab285f2fccb, 0x6f732e, 0x6d766a62696c2f72) = 0x2ab28821abd0
22762   0.004127 libjvm.so->dlopen(0x2ab2846a5990, 1, 0xffffffff, 0x2ab28821a200) = 0x55b214be34c0
22762   0.242371 libjvm.so->fopen(0x2ab2846a9ed0, 0x2ab285f2fccb, 111, 0x732e6176) = 0x2ab28825a010
22762   0.009413 libjvm.so->dlopen(0x2ab2846a9ed0, 1, 0xffffffff, 0x2ab288259f00) = 0x2ab288001b10
22762   0.002698 libjvm.so->fopen(0x2ab2846a9ed0, 0x2ab285f2fccb, 111, 0x732e6176) = 0x2ab28825a2c0
22762   0.005634 libjvm.so->dlopen(0x2ab2846a9ed0, 1, 0xffffffff, 0x2ab288259f00) = 0x2ab288001b10
22762   0.002431 libjvm.so->fopen(0x2ab2846a9ed0, 0x2ab285f2fccb, 111, 0x732e6176) = 0x2ab28825a130
22762   0.005010 libjvm.so->dlopen(0x2ab2846a9ed0, 1, 0xffffffff, 0x2ab288259f00) = 0x2ab288001b10
22762   0.001962 libjvm.so->fopen(0x2ab2846a9ed0, 0x2ab285f2fccb, 111, 0x732e6176) = 0x2ab28825a130
22762   0.003390 libjvm.so->dlopen(0x2ab2846a9ed0, 1, 0xffffffff, 0x2ab288259f00) = 0x2ab288001b10
22762   0.188489 --- SIGSEGV (Segmentation fault) ---
22762   3.174904 --- SIGSEGV (Segmentation fault) ---
22771   9.400874 +++ exited (status 0) +++
22767   0.000329 +++ exited (status 0) +++
22763   0.000284 +++ exited (status 0) +++
22762   0.000289 +++ exited (status 0) +++
22770   0.000455 +++ exited (status 0) +++
22769   0.000028 +++ exited (status 0) +++
22765   0.000033 +++ exited (status 0) +++
22764   0.000017 +++ exited (status 0) +++
22768   0.025740 +++ exited (status 0) +++
22757   0.000113 +++ exited (status 0) +++
Wrote an ltrace for command: "java -cp ./tools/maxent.jar density.MaxEnt -s outputs/Ecyrus_arcuatus_Gahan.csv -e data/layers/worldclim -o outputs/Ecyrus_arcuatus_Gahan nowarnings nocache autorun -z" with PID 22755 from PPID 22736 on disc24.crc.nd.edu with result 0
REMOTEHOST=10.17.148.247
MANPATH=/afs/crc.nd.edu/user/n/nkremerh/cctools/share/man/:/afs/crc.nd.edu/group/ccl/software/x86_64/redhat7/ruby/current/share/man:/afs/crc.nd.edu/group/ccl/software/x86_64/redhat7/graphviz/current/share/man:/afs/crc.nd.edu/group/ccl/software/x86_64/redhat7/gnuplot/current/share/man:/afs/crc.nd.edu/group/ccl/software/x86_64/redhat7/git/current/share/man:/afs/crc.nd.edu/group/ccl/software/x86_64/redhat7/condor/current/share/man:/afs/crc.nd.edu/group/ccl/software/x86_64/redhat7/clang/current/share/man:/afs/crc.nd.edu/group/ccl/software/x86_64/redhat7/condor/current/share/man:/afs/crc.nd.edu/group/ccl/software/x86_64/redhat7/cctools/current/share/man:/afs/crc.nd.edu/group/ccl/software/x86_64/redhat7/cctools/current/share/man:/afs/crc.nd.edu/x86_64_linux/Modules/4.5.0/share/man:/opt/crc/usr/local/man:/opt/sge/man:/usr/share/man/overrides:/usr/share/man:/usr/local/share/man
_CONDOR_JOB_PIDS=
XDG_SESSION_ID=2686
HOSTNAME=disc01.crc.nd.edu
_LMFILES__modshare=/afs/crc.nd.edu/x86_64_linux/Modules/modules/system_modules/CRC_default/1.1:1
MODULEPATH_modshare=/afs/crc.nd.edu/x86_64_linux/Modules/modules/general_software:1:/afs/crc.nd.edu/x86_64_linux/Modules/modules/development_tools_and_libraries:1:/afs/crc.nd.edu/x86_64_linux/Modules/modules/system_modules:1:/afs/crc.nd.edu/x86_64_linux/Modules/current/modulefiles:1:/afs/crc.nd.edu/x86_64_linux/Modules/modules/restricted_software:1:/afs/crc.nd.edu/x86_64_linux/Modules/modules/deprecated_software:1
TERM=xterm-256color
SHELL=/bin/tcsh
HOST=disc01.crc.nd.edu
MODULES_CMD=/afs/crc.nd.edu/x86_64_linux/Modules/4.5.0/libexec/modulecmd.tcl
HISTSIZE=5000
MAKEFLAGS=
SSH_CLIENT=10.17.148.247 49750 22
TMPDIR=/var/condor/execute/dir_16878/worker-213124-17019/t.865/cctools-temp-t.865.E2zD4r
PERL5LIB=/afs/crc.nd.edu/user/n/nkremerh/cctools/lib/perl5/site_perl/5.16.3:/afs/crc.nd.edu/user/n/nkremerh/.perl5/lib/perl5
SGE_CELL=crc
_CONDOR_SCRATCH_DIR=/var/condor/execute/dir_16878
_CONDOR_ANCESTOR_3661=16878:1599499132:3585230209
PERL_MB_OPT=--install_base '/afs/crc.nd.edu/user/n/nkremerh/.perl5/'
SSH_TTY=/dev/pts/0
SGE_LOAD_AVG=load_avg
MAKEFLOW_MAX_LOCAL_JOBS=2
GROUP=campus
USER=nkremerh
_CHIRP_DELAYED_UPDATE_PREFIX=Chirp*
HISTFILESIZE=10000
TEMP=/var/condor/execute/dir_16878/worker-213124-17019/t.865/cctools-temp-t.865.E2zD4r
LD_LIBRARY_PATH=/afs/crc.nd.edu/group/ccl/software/x86_64/redhat7/ruby/current/lib:/afs/crc.nd.edu/group/ccl/software/x86_64/redhat7/graphviz/current/lib:/afs/crc.nd.edu/group/ccl/software/x86_64/redhat7/git/current/lib:/afs/crc.nd.edu/group/ccl/software/x86_64/redhat7/condor/current/lib:/afs/crc.nd.edu/group/ccl/software/x86_64/redhat7/clang/current/lib:/afs/crc.nd.edu/group/ccl/software/x86_64/redhat7/condor/current/lib:/afs/crc.nd.edu/group/ccl/software/x86_64/redhat7/cctools/current/lib:/opt/crc/usr/local/lib
BATCH_SYSTEM=HTCondor
MODULES_LMALTNAME=CRC_default/1.1&CRC_default/default&CRC_default
ENV=/afs/crc.nd.edu/x86_64_linux/Modules/4.5.0/init/profile.sh
WORKER_TMPDIR=/var/condor/execute/dir_16878/worker-213124-17019/cache/tmp
HOSTTYPE=x86_64-linux
_CONDOR_HIGHPORT=9999
GLOBUS_GSSAPI_MAX_TLS_PROTOCOL=0
_CONDOR_CHIRP_CONFIG=/var/condor/execute/dir_16878/.chirp.config
MAKELEVEL=1
MFLAGS=
MAIL=/var/spool/mail/nkremerh
PATH=/afs/crc.nd.edu/user/n/nkremerh/cctools/bin:/afs/crc.nd.edu/user/n/nkremerh/miniconda/bin:/afs/crc.nd.edu/group/ccl/software/git:/afs/crc.nd.edu/user/n/nkremerh/.local/bin:/afs/crc.nd.edu/group/ccl/software/x86_64/redhat7/povray/3.7/bin:/afs/crc.nd.edu/user/n/nkremerh/.perl5/bin:/afs/crc.nd.edu/user/n/nkremerh/pegasus/bin:/afs/crc.nd.edu/user/n/nkremerh/nodejs/bin:/afs/crc.nd.edu/user/n/nkremerh/montage/bin:/afs/crc.nd.edu/user/n/nkremerh/latexdiff:/afs/crc.nd.edu/user/n/nkremerh/envtrace:/afs/crc.nd.edu/user/n/nkremerh/endlines:/afs/crc.nd.edu/user/n/nkremerh/cctools/bin:/afs/crc.nd.edu/user/n/nkremerh/.cargo/bin:/afs/crc.nd.edu/group/ccl/software/x86_64/redhat7/ruby/current/bin:/afs/crc.nd.edu/group/ccl/software/x86_64/redhat7/graphviz/current/bin:/afs/crc.nd.edu/group/ccl/software/x86_64/redhat7/gnuplot/current/bin:/afs/crc.nd.edu/group/ccl/software/x86_64/redhat7/git/current/bin:/afs/crc.nd.edu/group/ccl/software/x86_64/redhat7/condor/current/sbin:/afs/crc.nd.edu/group/ccl/software/x86_64/redhat7/condor/current/bin:/afs/crc.nd.edu/group/ccl/software/x86_64/redhat7/cmake/current/bin:/afs/crc.nd.edu/group/ccl/software/x86_64/redhat7/clang/current/bin:/afs/crc.nd.edu/group/ccl/software/x86_64/redhat7/condor/current/sbin:/afs/crc.nd.edu/group/ccl/software/x86_64/redhat7/condor/current/bin:/afs/crc.nd.edu/group/ccl/software/x86_64/redhat7/cctools/current/bin:/afs/crc.nd.edu/x86_64_linux/Modules/4.5.0/bin:/opt/crc/usr/local/bin:/opt/sge/bin/lx-amd64:/usr/local/bin:/usr/bin:/usr/local/sbin:/usr/sbin:/afs/crc.nd.edu/user/c/condor/software/bin:/afs/crc.nd.edu/user/c/condor/software/sbin
CCLSOFTWARE=/afs/crc.nd.edu/group/ccl/software/x86_64/redhat7
_CONDOR_ANCESTOR_3620=3661:1598183993:2394854300
PWD=/var/condor/execute/dir_16878/worker-213124-17019/t.865
_LMFILES_=/afs/crc.nd.edu/x86_64_linux/Modules/modules/system_modules/CRC_default/1.1
EDITOR=vim
SGE_EXECD_PORT=6445
LANG=en_US.UTF-8
SGE_QMASTER_PORT=6444
MODULEPATH=/afs/crc.nd.edu/x86_64_linux/Modules/modules/development_tools_and_libraries:/afs/crc.nd.edu/x86_64_linux/Modules/modules/general_software:/afs/crc.nd.edu/x86_64_linux/Modules/modules/restricted_software:/afs/crc.nd.edu/x86_64_linux/Modules/modules/system_modules:/afs/crc.nd.edu/x86_64_linux/Modules/modules/deprecated_software:/afs/crc.nd.edu/x86_64_linux/Modules/current/modulefiles
LOADEDMODULES=CRC_default/1.1
SGE_ROOT=/opt/sge
CCLPLATFORM=x86_64/redhat7
_CONDOR_SLOT=slot1
WORK_QUEUE_SANDBOX=/var/condor/execute/dir_16878/worker-213124-17019
USE_SYSTEMD=true
_CONDOR_LOWPORT=9100
HISTCONTROL=ignoreboth:erasedups
KRB5CCNAME=FILE:/tmp/krb5cc_213124_dlYXoi
GLOBUS_GSSAPI_NAME_COMPATIBILITY=STRICT_RFC2818
HOME=disc01.crc.nd.edu
SHLVL=6
PATH_modshare=/opt/crc/usr/local/bin:1:/opt/sge/bin/lx-amd64:1:/usr/sbin:1:/usr/bin:1:/afs/crc.nd.edu/user/c/condor/software/sbin:1:/usr/local/sbin:1:/afs/crc.nd.edu/user/c/condor/software/bin:1:/usr/local/bin:1
OSTYPE=linux
_CONDOR_MACHINE_AD=/var/condor/execute/dir_16878/.machine.ad
GREP_OPTIONS=--color=auto
DISK=916206
GLOBUS_GSSAPI_MIN_TLS_PROTOCOL=TLS1_VERSION
MANPATH_modshare=/usr/share/man/overrides:1:/usr/local/share/man:1:/usr/share/man:1:/opt/crc/usr/local/man:1:/opt/sge/man:1
MEMORY=15899
PERL_LOCAL_LIB_ROOT=/afs/crc.nd.edu/user/n/nkremerh/.perl5/
BASH_ENV=/afs/crc.nd.edu/x86_64_linux/Modules/4.5.0/init/bash
VENDOR=unknown
TMP=/var/condor/execute/dir_16878/worker-213124-17019/t.865/cctools-temp-t.865.E2zD4r
LOGNAME=nkremerh
MACHTYPE=x86_64
CCLHOME=/afs/crc.nd.edu/group/ccl
PYTHONPATH=/afs/crc.nd.edu/user/n/nkremerh/cctools/lib/python3.6/site-packages/
LD_LIBRARY_PATH_modshare=/opt/crc/usr/local/lib:1
SSH_CONNECTION=10.17.148.247 49750 129.74.128.103 22
MODULES_LMALTNAME_modshare=CRC_default/1.1&CRC_default/default&CRC_default:1
MODULESHOME=/afs/crc.nd.edu/x86_64_linux/Modules/4.5.0
GLOBUS_GSSAPI_CIPHERS=HIGH
GLOBUS_GSSAPI_BACKWARD_COMPATIBLE_MIC=true
LESSOPEN=||/usr/bin/lesspipe.sh %s
OMP_NUM_THREADS=1
_CONDOR_JOB_AD=/var/condor/execute/dir_16878/.job.ad
LOADEDMODULES_modshare=CRC_default/1.1:1
XDG_RUNTIME_DIR=/run/user/213124
SGE_CLUSTER_NAME=CRC
CCTOOLS=../cctools
_CONDOR_ANCESTOR_16878=16997:1599499133:2484292120
CORES=4
_CONDOR_JOB_IWD=/var/condor/execute/dir_16878
PERL_MM_OPT=INSTALL_BASE=/afs/crc.nd.edu/user/n/nkremerh/.perl5/
GLOBUS_GSSAPI_SERVER_CIPHER_ORDER=true
BASH_FUNC_module()=() {  unset _mlshdbg;
 if [ "${MODULES_SILENT_SHELL_DEBUG:-0}" = '1' ]; then
 case "$-" in 
 *v*x*)
 set +vx;
 _mlshdbg='vx'
 ;;
 *v*)
 set +v;
 _mlshdbg='v'
 ;;
 *x*)
 set +x;
 _mlshdbg='x'
 ;;
 *)
 _mlshdbg=''
 ;;
 esac;
 fi;
 unset _mlre _mlIFS;
 if [ -n "${IFS+x}" ]; then
 _mlIFS=$IFS;
 fi;
 IFS=' ';
 for _mlv in ${MODULES_RUN_QUARANTINE:-};
 do
 if [ "${_mlv}" = "${_mlv##*[!A-Za-z0-9_]}" -a "${_mlv}" = "${_mlv#[0-9]}" ]; then
 if [ -n "`eval 'echo ${'$_mlv'+x}'`" ]; then
 _mlre="${_mlre:-}${_mlv}_modquar='`eval 'echo ${'$_mlv'}'`' ";
 fi;
 _mlrv="MODULES_RUNENV_${_mlv}";
 _mlre="${_mlre:-}${_mlv}='`eval 'echo ${'$_mlrv':-}'`' ";
 fi;
 done;
 if [ -n "${_mlre:-}" ]; then
 eval `eval ${_mlre}/usr/bin/tclsh /afs/crc.nd.edu/x86_64_linux/Modules/4.5.0/libexec/modulecmd.tcl bash '"$@"'`;
 else
 eval `/usr/bin/tclsh /afs/crc.nd.edu/x86_64_linux/Modules/4.5.0/libexec/modulecmd.tcl bash "$@"`;
 fi;
 _mlstatus=$?;
 if [ -n "${_mlIFS+x}" ]; then
 IFS=$_mlIFS;
 else
 unset IFS;
 fi;
 unset _mlre _mlv _mlrv _mlIFS;
 if [ -n "${_mlshdbg:-}" ]; then
 set -$_mlshdbg;
 fi;
 unset _mlshdbg;
 return $_mlstatus
}
BASH_FUNC_ml()=() {  module ml "$@"
}
_=/usr/bin/printenv
