4584   0.000000 libjli.so->getenv("_JAVA_LAUNCHER_DEBUG") = nil
4584   0.001761 libjli.so->getenv("_JAVA_VERSION_SET") = nil
4584   0.000742 libjli.so->fopen("/usr/lib/jvm/java-1.8.0-openjdk-1.8.0.262.b10-0.el7_8.x86_64/jre/lib/amd64/jvm.cfg", "r") = 0x563522b5b0e0
4584   0.000807 libjli.so->getenv("JDK_ALTERNATE_VM") = nil
4584   0.000304 libjli.so->__xstat(1, "/usr/lib/jvm/java-1.8.0-openjdk-1.8.0.262.b10-0.el7_8.x86_64/jre/lib/amd64/server/libjvm.so", 0x7ffc05965370) = 0
4584   0.000626 libjli.so->getenv("LD_LIBRARY_PATH") = "/afs/crc.nd.edu/group/ccl/software/x86_64/redhat7/ruby/current/lib:/afs/crc.nd.edu/group/ccl/software/x86_64/redhat7/graphviz/current/lib:/afs/crc.nd.edu/group/ccl/software/x86_64/redhat7/git/current/lib:/afs/crc.nd.edu/group/ccl/software/x86_64/redhat7/condor/current/lib:/afs/crc.nd.edu/group/ccl/software/x86_64/redhat7/clang/current/lib:/afs/crc.nd.edu/group/ccl/software/x86_64/redhat7/condor/current/lib:/afs/crc.nd.edu/group/ccl/software/x86_64/redhat7/cctools/current/lib:/opt/crc/usr/local/lib"
4584   0.002167 libjli.so->dlopen("/usr/lib/jvm/java-1.8.0-openjdk-1.8.0.262.b10-0.el7_8.x86_64/jre/lib/amd64/server/libjvm.so", 258 <unfinished ...>
4584   0.038015 libjvm.so->getenv("NMT_LEVEL_4584") = nil
4584   0.001696 <... dlopen resumed> )           = 0x563522b5b4b0
4584   0.000078 libjli.so->getenv("CLASSPATH")   = nil
4584   0.000308 libjli.so->getenv("_JAVA_SPLASH_JAR") = nil
4584   0.000313 libjli.so->getenv("_JAVA_SPLASH_FILE") = nil
4584   0.000323 libjli.so->pthread_attr_setdetachstate(0x7ffc05965320, 0, 0x7ffc059653b0, 0) = 0
4584   0.000423 libpthread.so.0->__clone(0x2b80faff3de0, 0x2b80faf06fc0, 0x3d0f00, 0x2b80faf07700) = 4589
4589   0.001827 libjvm.so->dlopen(0x2b80fc7d29ae, 1, 0xfffffffffff42c48, 4096) = 0x2b8100000990
4589   0.002432 libjvm.so->getenv(0x2b80fc7ed83e, 0, 115, 0x65737361) = 0x7ffc0596b684
4589   0.000444 libjvm.so->fopen(0x2b80faf05c10, 0x2b80fc789ccb, 0x6f732e79666972, 0x2b80fb8cbab0) = 0x2b8100001440
4589   0.001413 libjvm.so->dlopen(0x2b80faf05c10, 1, 0xffffffff, 0x2b8100002b00) = 0x2b8100001440
4589   0.001405 libjvm.so->fopen(0x2b80faf05c10, 0x2b80fc789ccb, 111, 0x732e6176) = 0x2b8100001b10
4589   0.001497 libjvm.so->dlopen(0x2b80faf05c10, 1, 0xffffffff, 0x2b8100001a00) = 0x2b8100001b10
4589   0.001572 libjvm.so->__xstat(1, 0x2b80faf06360, 0x2b80faf06ba0, 0x746f7073746f682e) = -1
4589   0.000480 libjvm.so->getenv(0x2b80fc782541, 0x2b80faf066d0, 1024, 0x2b80fcc3c61b) = 0
4589   0.000443 libjvm.so->getenv(0x2b80fc782533, 0x2b80faf066d0, 1024, 0) = 0
4589   0.000464 libjvm.so->fopen(0x2b80fc7d2315, 0x2b80fc789ccb, 4095, 0xffffd47f0387db03) = 0x2b81000032f0
4589   0.001059 libjvm.so->fopen(0x2b80fc7d2361, 0x2b80fc789ccb, 0x2b8100000078, 0x2b81000032e0) = 0x2b81000032f0
4589   0.000678 libjvm.so->fopen(0x2b80faf009b0, 0x2b80fc789ccb, 4014, 3995) = 0x2b81000032f0
4589   0.000627 libjvm.so->opendir(0x2b8100002b40, 0x2b8100002b40, 13, 16) = 0
4589   0.000466 libjvm.so->__xstat(1, 0x2b80faf058f0, 0x2b80faf04860, 0x6f732e7477616d62) = -1
4589   0.000439 libjvm.so->__xstat(1, 0x2b80faf058f0, 0x2b80faf04860, 0x5f74776162696c2f) = 0
4589   0.000531 libjvm.so->fopen(0x2b80faf04b90, 0x2b80fc789ccb, 4009, 3994) = 0x2b81000037d0
4589   0.000609 libjvm.so->fopen(0x2b80faf04b90, 0x2b80fc789ccb, 4009, 3994) = 0x2b81000037d0
4589   0.000628 libjvm.so->fopen(0x2b80faf04b90, 0x2b80fc789ccb, 4009, 4002) = 0x2b81000037d0
4589   0.000678 libjvm.so->fopen(0x2b80faf04b20, 0x2b80fc789ccb, 4009, 3994) = 0x2b81000037d0
4589   0.000647 libjvm.so->fopen(0x2b80faf04b20, 0x2b80fc789ccb, 4009, 3994) = 0x2b81000037d0
4589   0.000648 libjvm.so->fopen(0x2b80faf04b20, 0x2b80fc789ccb, 4009, 4002) = 0x2b81000037d0
4589   0.000677 libjvm.so->fopen(0x2b80faf04b50, 0x2b80fc789ccb, 4014, 3995) = 0x2b81000037d0
4589   0.000863 libjvm.so->getenv(0x2b80fc7d30ff, 4096, 3, -1) = 0
4589   0.001142 libjvm.so->fopen(0x2b80fc7d2998, 0x2b80fc789ccb, 0x2b80fafea908, 0x2b80fafe9df0) = 0x2b81000037d0
4589   0.005142 libjvm.so->open(0x2b810004a5c0, 0x20000, 0, 0x2b810004a609) = 3
4589   0.000588 libjvm.so->__fxstat(1, 3, 0x2b80faf06a00, -1) = 0
4589   0.000598 libjvm.so->opendir(0x2b810004a5c0, 0x2b80faf06a00, 0x4000, -1) = 0x2b810004b4d0
4589   0.000705 libjvm.so->__fxstat(1, 3, 0x2b80faf068a0, 0x2b810004b4d0) = 0
4589   0.000547 libjvm.so->__fxstat(1, 5, 0x2b80faf06930, -1) = 0
4589   0.000586 libjvm.so->open(0x2b80fc7a09dc, 0, 0, 0) = 3
4589   0.000865 libjvm.so->__lxstat(1, 0x2b810004a5c0, 0x2b80faf06b50, -144) = 0
4589   0.000466 libjvm.so->open(0x2b810004a5c0, 0x20000, 0x4000, -1) = 3
4589   0.000490 libjvm.so->__fxstat(1, 3, 0x2b80faf06a00, -1) = 0
4589   0.000448 libjvm.so->opendir(0x2b810004a5c0, 0x2b80faf06a00, 0x4000, -1) = 0x2b810004b4d0
4589   0.000479 libjvm.so->__fxstat(1, 3, 0x2b80faf068a0, 0x2b810004b4d0) = 0
4589   0.000419 libjvm.so->__fxstat(1, 5, 0x2b80faf06930, -1) = 0
4589   0.000479 libjvm.so->open(0x2b80fc7a09dc, 0, 0, 0) = 3
4589   0.000454 libjvm.so->open(0x2b810004a609, 0x20042, 384, -1) = 7
4589   0.000760 libjvm.so->__fxstat(1, 7, 0x2b80faf06b50, -1) = 0
4589   0.001667 libjvm.so->fopen(0x2b80faf05b60, 0x2b80fc789ccb, 4, 0x6f732e70) = 0x2b8100057c20
4589   0.001442 libjvm.so->dlopen(0x2b80faf05b60, 1, 0xffffffff, 0x2b8100057b00) = 0x2b8100057c20
4589   0.001484 libjvm.so->__xstat(1, 0x2b80faf06120, 0x2b80faf06950, 2048) = 0
4589   0.000436 libjvm.so->__xstat(1, 0x2b80faf06120, 0x2b80faf06950, 2048) = 0
4589   0.000430 libjvm.so->__xstat(1, 0x2b80faf06120, 0x2b80faf06950, 2048) = -1
4589   0.000479 libjvm.so->__xstat(1, 0x2b80faf06120, 0x2b80faf06950, 2048) = 0
4589   0.000441 libjvm.so->__xstat(1, 0x2b80faf06120, 0x2b80faf06950, 2048) = 0
4589   0.000467 libjvm.so->__xstat(1, 0x2b80faf06120, 0x2b80faf06950, 2048) = 0
4589   0.000434 libjvm.so->__xstat(1, 0x2b80faf06120, 0x2b80faf06950, 2048) = 0
4589   0.000487 libjvm.so->__xstat(1, 0x2b80faf06120, 0x2b80faf06950, 2048) = -1
4589   0.000456 libjvm.so->fopen(0x2b8100002520, 0x2b80fc789ccb, 0, 0) = 0x2b8100058ac0
4589   0.008947 libjvm.so->open64(0x2b80faf05410, 0, 0, 16) = 3
4589   0.000486 libjvm.so->__fxstat64(1, 3, 0x2b80faf05240, -1) = 0
4589   0.040808 libjvm.so->__xstat(1, 0x2b80faf05f20, 0x2b80faf06750, 2048) = -1
4589   0.000589 libjvm.so->fopen(0x2b80faf04b20, 0x2b80fc789ccb, 4009, 3994) = 0x2b81000b5d40
4589   0.000708 libjvm.so->fopen(0x2b80faf04b20, 0x2b80fc789ccb, 4009, 3994) = 0x2b81000b5d40
4589   0.000616 libjvm.so->fopen(0x2b80faf04b20, 0x2b80fc789ccb, 4009, 4002) = 0x2b81000b5d40
4589   0.004454 libjvm.so->pthread_attr_setdetachstate(0x2b80faf06c00, 1, 0, 0) = 0
4589   0.000577 libpthread.so.0->__clone(0x2b80faff3de0, 0x2b81138fffc0, 0x3d0f00, 0x2b8113900700) = 4590
4589   0.019615 libjvm.so->pthread_attr_setdetachstate(0x2b80faf06290, 1, 0, 0) = 0
4589   0.000962 libpthread.so.0->__clone(0x2b80faff3de0, 0x2b8113a00fc0, 0x3d0f00, 0x2b8113a01700) = 4592
4589   0.022585 libjvm.so->pthread_attr_setdetachstate(0x2b80faf06610, 1, 0, 0) = 0
4589   0.000898 libpthread.so.0->__clone(0x2b80faff3de0, 0x2b8113b01fc0, 0x3d0f00, 0x2b8113b02700) = 4593
4589   0.050984 libjvm.so->fopen(0x2b81000f1810, 0x2b80fc789ccb, 4, 0x6f732e70) = 0x2b81000f1d10
4589   0.003898 libjvm.so->dlopen(0x2b81000f1810, 1, 0xffffffff, 0x2b81000e8c00) = 0x2b8100057c20
4589   0.006145 libjvm.so->open64(0x2b80faf05510, 0, 0, 16) = 5
4589   0.001000 libjvm.so->__fxstat64(1, 5, 0x2b80faf05340, -1) = 0
4589   0.025953 libjvm.so->fopen(0x2b80faf02130, 0x2b80fc789ccb, 4009, 3994) = 0x2b81000fcce0
4589   0.001273 libjvm.so->fopen(0x2b80faf02130, 0x2b80fc789ccb, 4009, 3994) = 0x2b81000fcce0
4589   0.001203 libjvm.so->fopen(0x2b80faf02130, 0x2b80fc789ccb, 4009, 4002) = 0x2b81000fcce0
4589   0.018689 libjvm.so->pthread_attr_setdetachstate(0x2b80faf06b50, 1, 0, 0) = 0
4589   0.001016 libpthread.so.0->__clone(0x2b80faff3de0, 0x2b8113c02fc0, 0x3d0f00, 0x2b8113c03700) = 4594
4589   0.001579 libjvm.so->__xstat64(1, 0x2b80faf06be0, 0x2b80faf06b50, 18) = -1
4589   0.001207 libjvm.so->pthread_attr_setdetachstate(0x2b80faf06950, 1, 0, 0) = 0
4589   0.001113 libpthread.so.0->__clone(0x2b80faff3de0, 0x2b8113d03fc0, 0x3d0f00, 0x2b8113d04700) = 4595
4589   0.001933 libjvm.so->pthread_attr_setdetachstate(0x2b80faf06950, 1, 0, 0) = 0
4589   0.001477 libpthread.so.0->__clone(0x2b80faff3de0, 0x2b8113e04fc0, 0x3d0f00, 0x2b8113e05700) = 4596
4589   0.008987 libjvm.so->pthread_attr_setdetachstate(0x2b80faf06aa0, 1, 0, 0) = 0
4589   0.001599 libpthread.so.0->__clone(0x2b80faff3de0, 0x2b8113f05fc0, 0x3d0f00, 0x2b8113f06700) = 4597
4589   0.002304 libjvm.so->pthread_attr_setdetachstate(0x2b80faf06bb0, 1, 0, 0) = 0
4589   0.001641 libpthread.so.0->__clone(0x2b80faff3de0, 0x2b8126642fc0, 0x3d0f00, 0x2b8126643700) = 4598
4589   0.019725 libjvm.so->open64(0x2b810012e9f0, 0, 0, 48) = 7
4589   0.001869 libjvm.so->__fxstat64(1, 7, 0x2b80faf03f60, -1) = 0
4589   0.034613 libjvm.so->fopen(0x2b81001546b0, 0x2b80fc789ccb, 4, 0x6f732e6f) = 0x2b8100154770
4589   0.005147 libjvm.so->dlopen(0x2b81001546b0, 1, 0xffffffff, 0x2b8100154700) = 0x2b8100154770
4589   0.106749 libjvm.so->fopen(0x2b80faf00e40, 0x2b80fc789ccb, 0x6f732e, 0x6d766a62696c2f72) = 0x2b8100169cb0
4589   0.006843 libjvm.so->dlopen(0x2b80faf00e40, 1, 0xffffffff, 0x2b8100169c00) = 0x563522b5b4b0
4589   0.006172 libjvm.so->fopen(0x2b80faf00e40, 0x2b80fc789ccb, 0x6f732e, 0x6d766a62696c2f72) = 0x2b810016a0b0
4589   0.005647 libjvm.so->dlopen(0x2b80faf00e40, 1, 0xffffffff, 0x2b8100169c00) = 0x563522b5b4b0
4589   0.004415 libjvm.so->fopen(0x2b80faf00e40, 0x2b80fc789ccb, 0x6f732e, 0x6d766a62696c2f72) = 0x2b8100169cb0
4589   0.004519 libjvm.so->dlopen(0x2b80faf00e40, 1, 0xffffffff, 0x2b8100169c00) = 0x563522b5b4b0
4589   0.001750 libjvm.so->fopen(0x2b80faf00e40, 0x2b80fc789ccb, 0x6f732e, 0x6d766a62696c2f72) = 0x2b8100169cb0
4589   0.004700 libjvm.so->dlopen(0x2b80faf00e40, 1, 0xffffffff, 0x2b8100169c00) = 0x563522b5b4b0
4589   0.050812 libjvm.so->fopen(0x2b81001b7250, 0x2b80fc789ccb, 4, 0x6f732e74) = 0x2b81001c5140
4589   0.003161 libjvm.so->dlopen(0x2b81001b7250, 1, 0xffffffff, 0x2b81001ad600) = 0x2b81001c5140
4589   0.151137 libjvm.so->fopen(0x2b8100230430, 0x2b80fc789ccb, 0x6f732e7373656c, 0x656c646165685f74) = 0x2b8100230510
4589   0.002948 libjvm.so->dlopen(0x2b8100230430, 1, 0xffffffff, 0x2b8100230400) = 0x2b8100230510
4598   0.038695 +++ exited (status 0) +++
4594   0.000439 +++ exited (status 0) +++
4590   0.000214 +++ exited (status 0) +++
4589   0.000223 +++ exited (status 0) +++
4597   0.000276 +++ exited (status 1) +++
4595   0.000037 +++ exited (status 1) +++
4593   0.000015 +++ exited (status 1) +++
4592   0.000014 +++ exited (status 1) +++
4596   0.005368 +++ exited (status 1) +++
4584   0.000036 +++ exited (status 1) +++
Wrote an ltrace for command: "java -cp ./tools/maxent.jar density.Project outputs/Brachycerus_impius_Fahraeus/Brachycerus_impius_Fahraeus.lambdas data/layers/worldclim outputs/Brachycerus_impius_Fahraeus_worldclim.asc nowarnings nocache autorun -z" with PID 4581 from PPID 4565 on disc22.crc.nd.edu with result 1
REMOTEHOST=10.17.150.11
_CONDOR_JOB_PIDS=
MANPATH=/afs/crc.nd.edu/user/n/nkremerh/cctools/share/man/:/afs/crc.nd.edu/group/ccl/software/x86_64/redhat7/ruby/current/share/man:/afs/crc.nd.edu/group/ccl/software/x86_64/redhat7/graphviz/current/share/man:/afs/crc.nd.edu/group/ccl/software/x86_64/redhat7/gnuplot/current/share/man:/afs/crc.nd.edu/group/ccl/software/x86_64/redhat7/git/current/share/man:/afs/crc.nd.edu/group/ccl/software/x86_64/redhat7/condor/current/share/man:/afs/crc.nd.edu/group/ccl/software/x86_64/redhat7/clang/current/share/man:/afs/crc.nd.edu/group/ccl/software/x86_64/redhat7/condor/current/share/man:/afs/crc.nd.edu/group/ccl/software/x86_64/redhat7/cctools/current/share/man:/afs/crc.nd.edu/group/ccl/software/x86_64/redhat7/cctools/current/share/man:/afs/crc.nd.edu/x86_64_linux/Modules/4.5.0/share/man:/opt/crc/usr/local/man:/opt/sge/man:/usr/share/man/overrides:/usr/share/man:/usr/local/share/man
XDG_SESSION_ID=4102
HOSTNAME=disc01.crc.nd.edu
_LMFILES__modshare=/afs/crc.nd.edu/x86_64_linux/Modules/modules/system_modules/CRC_default/1.1:1
MODULEPATH_modshare=/afs/crc.nd.edu/x86_64_linux/Modules/modules/general_software:1:/afs/crc.nd.edu/x86_64_linux/Modules/modules/development_tools_and_libraries:1:/afs/crc.nd.edu/x86_64_linux/Modules/modules/system_modules:1:/afs/crc.nd.edu/x86_64_linux/Modules/current/modulefiles:1:/afs/crc.nd.edu/x86_64_linux/Modules/modules/restricted_software:1:/afs/crc.nd.edu/x86_64_linux/Modules/modules/deprecated_software:1
MODULES_CMD=/afs/crc.nd.edu/x86_64_linux/Modules/4.5.0/libexec/modulecmd.tcl
HOST=disc01.crc.nd.edu
SHELL=/bin/tcsh
TERM=xterm-256color
MAKEFLAGS=
HISTSIZE=5000
TMPDIR=/var/condor/execute/dir_24121/worker-213124-24186/t.1581/cctools-temp-t.1581.FqEsLg
SSH_CLIENT=10.17.150.11 36546 22
_CONDOR_ANCESTOR_24121=24136:1600190003:828606758
PERL5LIB=/afs/crc.nd.edu/user/n/nkremerh/cctools/lib/perl5/site_perl/5.16.3:/afs/crc.nd.edu/user/n/nkremerh/.perl5/lib/perl5
SGE_CELL=crc
_CONDOR_SCRATCH_DIR=/var/condor/execute/dir_24121
PERL_MB_OPT=--install_base '/afs/crc.nd.edu/user/n/nkremerh/.perl5/'
SSH_TTY=/dev/pts/2
SGE_LOAD_AVG=load_avg
MAKEFLOW_MAX_LOCAL_JOBS=2
HISTFILESIZE=10000
_CHIRP_DELAYED_UPDATE_PREFIX=Chirp*
USER=nkremerh
GROUP=campus
LD_LIBRARY_PATH=/afs/crc.nd.edu/group/ccl/software/x86_64/redhat7/ruby/current/lib:/afs/crc.nd.edu/group/ccl/software/x86_64/redhat7/graphviz/current/lib:/afs/crc.nd.edu/group/ccl/software/x86_64/redhat7/git/current/lib:/afs/crc.nd.edu/group/ccl/software/x86_64/redhat7/condor/current/lib:/afs/crc.nd.edu/group/ccl/software/x86_64/redhat7/clang/current/lib:/afs/crc.nd.edu/group/ccl/software/x86_64/redhat7/condor/current/lib:/afs/crc.nd.edu/group/ccl/software/x86_64/redhat7/cctools/current/lib:/opt/crc/usr/local/lib
TEMP=/var/condor/execute/dir_24121/worker-213124-24186/t.1581/cctools-temp-t.1581.FqEsLg
BATCH_SYSTEM=HTCondor
WORKER_TMPDIR=/var/condor/execute/dir_24121/worker-213124-24186/cache/tmp
ENV=/afs/crc.nd.edu/x86_64_linux/Modules/4.5.0/init/profile.sh
MODULES_LMALTNAME=CRC_default/1.1&CRC_default/default&CRC_default
_CONDOR_CHIRP_CONFIG=/var/condor/execute/dir_24121/.chirp.config
GLOBUS_GSSAPI_MAX_TLS_PROTOCOL=0
_CONDOR_HIGHPORT=9999
HOSTTYPE=x86_64-linux
MAKELEVEL=1
MFLAGS=
CCLSOFTWARE=/afs/crc.nd.edu/group/ccl/software/x86_64/redhat7
PATH=/afs/crc.nd.edu/user/n/nkremerh/cctools/bin:/afs/crc.nd.edu/user/n/nkremerh/miniconda/bin:/afs/crc.nd.edu/group/ccl/software/git:/afs/crc.nd.edu/user/n/nkremerh/.local/bin:/afs/crc.nd.edu/group/ccl/software/x86_64/redhat7/povray/3.7/bin:/afs/crc.nd.edu/user/n/nkremerh/.perl5/bin:/afs/crc.nd.edu/user/n/nkremerh/pegasus/bin:/afs/crc.nd.edu/user/n/nkremerh/nodejs/bin:/afs/crc.nd.edu/user/n/nkremerh/montage/bin:/afs/crc.nd.edu/user/n/nkremerh/latexdiff:/afs/crc.nd.edu/user/n/nkremerh/envtrace:/afs/crc.nd.edu/user/n/nkremerh/endlines:/afs/crc.nd.edu/user/n/nkremerh/cctools/bin:/afs/crc.nd.edu/user/n/nkremerh/.cargo/bin:/afs/crc.nd.edu/group/ccl/software/x86_64/redhat7/ruby/current/bin:/afs/crc.nd.edu/group/ccl/software/x86_64/redhat7/graphviz/current/bin:/afs/crc.nd.edu/group/ccl/software/x86_64/redhat7/gnuplot/current/bin:/afs/crc.nd.edu/group/ccl/software/x86_64/redhat7/git/current/bin:/afs/crc.nd.edu/group/ccl/software/x86_64/redhat7/condor/current/sbin:/afs/crc.nd.edu/group/ccl/software/x86_64/redhat7/condor/current/bin:/afs/crc.nd.edu/group/ccl/software/x86_64/redhat7/cmake/current/bin:/afs/crc.nd.edu/group/ccl/software/x86_64/redhat7/clang/current/bin:/afs/crc.nd.edu/group/ccl/software/x86_64/redhat7/condor/current/sbin:/afs/crc.nd.edu/group/ccl/software/x86_64/redhat7/condor/current/bin:/afs/crc.nd.edu/group/ccl/software/x86_64/redhat7/cctools/current/bin:/afs/crc.nd.edu/x86_64_linux/Modules/4.5.0/bin:/opt/crc/usr/local/bin:/opt/sge/bin/lx-amd64:/usr/local/bin:/usr/bin:/usr/local/sbin:/usr/sbin:/afs/crc.nd.edu/user/c/condor/software/bin:/afs/crc.nd.edu/user/c/condor/software/sbin
MAIL=/var/spool/mail/nkremerh
PWD=/var/condor/execute/dir_24121/worker-213124-24186/t.1581
_LMFILES_=/afs/crc.nd.edu/x86_64_linux/Modules/modules/system_modules/CRC_default/1.1
SGE_EXECD_PORT=6445
EDITOR=vim
LANG=en_US.UTF-8
MODULEPATH=/afs/crc.nd.edu/x86_64_linux/Modules/modules/development_tools_and_libraries:/afs/crc.nd.edu/x86_64_linux/Modules/modules/general_software:/afs/crc.nd.edu/x86_64_linux/Modules/modules/restricted_software:/afs/crc.nd.edu/x86_64_linux/Modules/modules/system_modules:/afs/crc.nd.edu/x86_64_linux/Modules/modules/deprecated_software:/afs/crc.nd.edu/x86_64_linux/Modules/current/modulefiles
SGE_QMASTER_PORT=6444
SGE_ROOT=/opt/sge
LOADEDMODULES=CRC_default/1.1
WORK_QUEUE_SANDBOX=/var/condor/execute/dir_24121/worker-213124-24186
_CONDOR_SLOT=slot2_1
CCLPLATFORM=x86_64/redhat7
USE_SYSTEMD=true
_CONDOR_LOWPORT=9100
KRB5CCNAME=FILE:/tmp/krb5cc_213124_DZSV7p
HISTCONTROL=ignoreboth:erasedups
PATH_modshare=/opt/crc/usr/local/bin:1:/opt/sge/bin/lx-amd64:1:/usr/sbin:1:/usr/bin:1:/afs/crc.nd.edu/user/c/condor/software/sbin:1:/usr/local/sbin:1:/afs/crc.nd.edu/user/c/condor/software/bin:1:/usr/local/bin:1
SHLVL=7
HOME=disc01.crc.nd.edu
GLOBUS_GSSAPI_NAME_COMPATIBILITY=STRICT_RFC2818
_CONDOR_MACHINE_AD=/var/condor/execute/dir_24121/.machine.ad
OSTYPE=linux
DISK=18256
GREP_OPTIONS=--color=auto
GLOBUS_GSSAPI_MIN_TLS_PROTOCOL=TLS1_VERSION
MEMORY=1948
MANPATH_modshare=/usr/share/man/overrides:1:/usr/local/share/man:1:/usr/share/man:1:/opt/crc/usr/local/man:1:/opt/sge/man:1
VENDOR=unknown
BASH_ENV=/afs/crc.nd.edu/x86_64_linux/Modules/4.5.0/init/bash
PERL_LOCAL_LIB_ROOT=/afs/crc.nd.edu/user/n/nkremerh/.perl5/
PYTHONPATH=/afs/crc.nd.edu/user/n/nkremerh/cctools/lib/python3.6/site-packages/
CCLHOME=/afs/crc.nd.edu/group/ccl
MACHTYPE=x86_64
LOGNAME=nkremerh
TMP=/var/condor/execute/dir_24121/worker-213124-24186/t.1581/cctools-temp-t.1581.FqEsLg
LD_LIBRARY_PATH_modshare=/opt/crc/usr/local/lib:1
MODULES_LMALTNAME_modshare=CRC_default/1.1&CRC_default/default&CRC_default:1
SSH_CONNECTION=10.17.150.11 36546 129.74.128.103 22
MODULESHOME=/afs/crc.nd.edu/x86_64_linux/Modules/4.5.0
OMP_NUM_THREADS=1
LESSOPEN=||/usr/bin/lesspipe.sh %s
GLOBUS_GSSAPI_BACKWARD_COMPATIBLE_MIC=true
GLOBUS_GSSAPI_CIPHERS=HIGH
LOADEDMODULES_modshare=CRC_default/1.1:1
_CONDOR_JOB_AD=/var/condor/execute/dir_24121/.job.ad
_CONDOR_ANCESTOR_3813=24121:1600190002:863842848
SGE_CLUSTER_NAME=CRC
XDG_RUNTIME_DIR=/run/user/213124
CCTOOLS=../cctools
CORES=2
_CONDOR_JOB_IWD=/var/condor/execute/dir_24121
PERL_MM_OPT=INSTALL_BASE=/afs/crc.nd.edu/user/n/nkremerh/.perl5/
_CONDOR_ANCESTOR_3607=3813:1598183989:3519041155
GLOBUS_GSSAPI_SERVER_CIPHER_ORDER=true
BASH_FUNC_module()=() {  unset _mlshdbg;
 if [ "${MODULES_SILENT_SHELL_DEBUG:-0}" = '1' ]; then
 case "$-" in 
 *v*x*)
 set +vx;
 _mlshdbg='vx'
 ;;
 *v*)
 set +v;
 _mlshdbg='v'
 ;;
 *x*)
 set +x;
 _mlshdbg='x'
 ;;
 *)
 _mlshdbg=''
 ;;
 esac;
 fi;
 unset _mlre _mlIFS;
 if [ -n "${IFS+x}" ]; then
 _mlIFS=$IFS;
 fi;
 IFS=' ';
 for _mlv in ${MODULES_RUN_QUARANTINE:-};
 do
 if [ "${_mlv}" = "${_mlv##*[!A-Za-z0-9_]}" -a "${_mlv}" = "${_mlv#[0-9]}" ]; then
 if [ -n "`eval 'echo ${'$_mlv'+x}'`" ]; then
 _mlre="${_mlre:-}${_mlv}_modquar='`eval 'echo ${'$_mlv'}'`' ";
 fi;
 _mlrv="MODULES_RUNENV_${_mlv}";
 _mlre="${_mlre:-}${_mlv}='`eval 'echo ${'$_mlrv':-}'`' ";
 fi;
 done;
 if [ -n "${_mlre:-}" ]; then
 eval `eval ${_mlre}/usr/bin/tclsh /afs/crc.nd.edu/x86_64_linux/Modules/4.5.0/libexec/modulecmd.tcl bash '"$@"'`;
 else
 eval `/usr/bin/tclsh /afs/crc.nd.edu/x86_64_linux/Modules/4.5.0/libexec/modulecmd.tcl bash "$@"`;
 fi;
 _mlstatus=$?;
 if [ -n "${_mlIFS+x}" ]; then
 IFS=$_mlIFS;
 else
 unset IFS;
 fi;
 unset _mlre _mlv _mlrv _mlIFS;
 if [ -n "${_mlshdbg:-}" ]; then
 set -$_mlshdbg;
 fi;
 unset _mlshdbg;
 return $_mlstatus
}
BASH_FUNC_ml()=() {  module ml "$@"
}
_=/usr/bin/printenv
