26439   0.000000 libjli.so->getenv("_JAVA_LAUNCHER_DEBUG") = nil
26439   0.001846 libjli.so->getenv("_JAVA_VERSION_SET") = nil
26439   0.000835 libjli.so->fopen("/usr/lib/jvm/java-1.8.0-openjdk-1.8.0.262.b10-0.el7_8.x86_64/jre/lib/amd64/jvm.cfg", "r") = 0x555cb3c920f0
26439   0.000914 libjli.so->getenv("JDK_ALTERNATE_VM") = nil
26439   0.000393 libjli.so->__xstat(1, "/usr/lib/jvm/java-1.8.0-openjdk-1.8.0.262.b10-0.el7_8.x86_64/jre/lib/amd64/server/libjvm.so", 0x7ffca3c9ded0) = 0
26439   0.000634 libjli.so->getenv("LD_LIBRARY_PATH") = "/afs/crc.nd.edu/group/ccl/software/x86_64/redhat7/ruby/current/lib:/afs/crc.nd.edu/group/ccl/software/x86_64/redhat7/graphviz/current/lib:/afs/crc.nd.edu/group/ccl/software/x86_64/redhat7/git/current/lib:/afs/crc.nd.edu/group/ccl/software/x86_64/redhat7/condor/current/lib:/afs/crc.nd.edu/group/ccl/software/x86_64/redhat7/clang/current/lib:/afs/crc.nd.edu/group/ccl/software/x86_64/redhat7/condor/current/lib:/afs/crc.nd.edu/group/ccl/software/x86_64/redhat7/cctools/current/lib:/opt/crc/usr/local/lib"
26439   0.002331 libjli.so->dlopen("/usr/lib/jvm/java-1.8.0-openjdk-1.8.0.262.b10-0.el7_8.x86_64/jre/lib/amd64/server/libjvm.so", 258 <unfinished ...>
26439   0.040463 libjvm.so->getenv("NMT_LEVEL_26439") = nil
26439   0.001774 <... dlopen resumed> )          = 0x555cb3c924c0
26439   0.000067 libjli.so->getenv("CLASSPATH")  = nil
26439   0.000318 libjli.so->getenv("_JAVA_SPLASH_JAR") = nil
26439   0.000317 libjli.so->getenv("_JAVA_SPLASH_FILE") = nil
26439   0.000366 libjli.so->pthread_attr_setdetachstate(0x7ffca3c9de80, 0, 0x7ffca3c9df10, 0) = 0
26439   0.000441 libpthread.so.0->__clone(0x2ae6a63c8de0, 0x2ae6a62dbfc0, 0x3d0f00, 0x2ae6a62dc700) = 0x6748
26440   0.001809 libjvm.so->dlopen(0x2ae6a7ba79ae, 1, 0xfffffffffff42c48, 4096) = 0x2ae6ac000990
26440   0.002984 libjvm.so->getenv(0x2ae6a7bc283e, 0, 115, 0x65737361) = 0x7ffca3ca36dd
26440   0.000570 libjvm.so->fopen(0x2ae6a62dac10, 0x2ae6a7b5eccb, 0x6f732e79666972, 0x2ae6a6ca0ab0) = 0x2ae6ac001440
26440   0.001566 libjvm.so->dlopen(0x2ae6a62dac10, 1, 0xffffffff, 0x2ae6ac002b00) = 0x2ae6ac001440
26440   0.002852 libjvm.so->fopen(0x2ae6a62dac10, 0x2ae6a7b5eccb, 111, 0x732e6176) = 0x2ae6ac001b10
26440   0.003495 libjvm.so->dlopen(0x2ae6a62dac10, 1, 0xffffffff, 0x2ae6ac001a00) = 0x2ae6ac001b10
26440   0.003756 libjvm.so->__xstat(1, 0x2ae6a62db360, 0x2ae6a62dbba0, 0x746f7073746f682e) = -1
26440   0.000488 libjvm.so->getenv(0x2ae6a7b57541, 0x2ae6a62db6d0, 1024, 0x2ae6a801161b) = 0
26440   0.000445 libjvm.so->getenv(0x2ae6a7b57533, 0x2ae6a62db6d0, 1024, 0) = 0
26440   0.000481 libjvm.so->fopen(0x2ae6a7ba7315, 0x2ae6a7b5eccb, 4095, 0xffffd519584a8b03) = 0x2ae6ac003290
26440   0.001254 libjvm.so->fopen(0x2ae6a7ba7361, 0x2ae6a7b5eccb, 0x2ae6ac000078, 0x2ae6ac003280) = 0x2ae6ac003290
26440   0.000802 libjvm.so->fopen(0x2ae6a62d59b0, 0x2ae6a7b5eccb, 4014, 3995) = 0x2ae6ac003290
26440   0.001427 libjvm.so->opendir(0x2ae6ac002b40, 0x2ae6ac002b40, 13, 16) = 0
26440   0.001110 libjvm.so->__xstat(1, 0x2ae6a62da8f0, 0x2ae6a62d9860, 0x6f732e7477616d62) = -1
26440   0.000468 libjvm.so->__xstat(1, 0x2ae6a62da8f0, 0x2ae6a62d9860, 0x5f74776162696c2f) = 0
26440   0.000580 libjvm.so->fopen(0x2ae6a62d9b90, 0x2ae6a7b5eccb, 4009, 3994) = 0x2ae6ac003770
26440   0.001319 libjvm.so->fopen(0x2ae6a62d9b90, 0x2ae6a7b5eccb, 4009, 3994) = 0x2ae6ac003770
26440   0.000616 libjvm.so->fopen(0x2ae6a62d9b90, 0x2ae6a7b5eccb, 4009, 4002) = 0x2ae6ac003770
26440   0.000728 libjvm.so->fopen(0x2ae6a62d9b20, 0x2ae6a7b5eccb, 4009, 3994) = 0x2ae6ac003770
26440   0.000746 libjvm.so->fopen(0x2ae6a62d9b20, 0x2ae6a7b5eccb, 4009, 3994) = 0x2ae6ac003770
26440   0.000928 libjvm.so->fopen(0x2ae6a62d9b20, 0x2ae6a7b5eccb, 4009, 4002) = 0x2ae6ac003770
26440   0.000658 libjvm.so->fopen(0x2ae6a62d9b50, 0x2ae6a7b5eccb, 4014, 3995) = 0x2ae6ac003770
26440   0.000841 libjvm.so->getenv(0x2ae6a7ba80ff, 4096, 3, -1) = 0
26440   0.001025 libjvm.so->fopen(0x2ae6a7ba7998, 0x2ae6a7b5eccb, 0x2ae6a63bf908, 0x2ae6a63bedf0) = 0x2ae6ac003770
26440   0.005703 libjvm.so->open(0x2ae6ac04a560, 0x20000, 0, 0x2ae6ac04a5a9) = 3
26440   0.000482 libjvm.so->__fxstat(1, 3, 0x2ae6a62dba00, -1) = 0
26440   0.000481 libjvm.so->opendir(0x2ae6ac04a560, 0x2ae6a62dba00, 0x4000, -1) = 0x2ae6ac04b470
26440   0.000541 libjvm.so->__fxstat(1, 3, 0x2ae6a62db8a0, 0x2ae6ac04b470) = 0
26440   0.000497 libjvm.so->__fxstat(1, 5, 0x2ae6a62db930, -1) = 0
26440   0.000610 libjvm.so->open(0x2ae6a7b759dc, 0, 0, 0) = 3
26440   0.000793 libjvm.so->__lxstat(1, 0x2ae6ac04a560, 0x2ae6a62dbb50, -144) = 0
26440   0.000488 libjvm.so->open(0x2ae6ac04a560, 0x20000, 0x4000, -1) = 3
26440   0.000465 libjvm.so->__fxstat(1, 3, 0x2ae6a62dba00, -1) = 0
26440   0.000562 libjvm.so->opendir(0x2ae6ac04a560, 0x2ae6a62dba00, 0x4000, -1) = 0x2ae6ac04b470
26440   0.000449 libjvm.so->__fxstat(1, 3, 0x2ae6a62db8a0, 0x2ae6ac04b470) = 0
26440   0.000449 libjvm.so->__fxstat(1, 5, 0x2ae6a62db930, -1) = 0
26440   0.000443 libjvm.so->open(0x2ae6a7b759dc, 0, 0, 0) = 3
26440   0.000562 libjvm.so->open(0x2ae6ac04a5a9, 0x20042, 384, -1) = 7
26440   0.000709 libjvm.so->__fxstat(1, 7, 0x2ae6a62dbb50, -1) = 0
26440   0.003105 libjvm.so->fopen(0x2ae6a62dab60, 0x2ae6a7b5eccb, 4, 0x6f732e70) = 0x2ae6ac057bc0
26440   0.002670 libjvm.so->dlopen(0x2ae6a62dab60, 1, 0xffffffff, 0x2ae6ac057b00) = 0x2ae6ac057bc0
26440   0.001543 libjvm.so->__xstat(1, 0x2ae6a62db120, 0x2ae6a62db950, 2048) = 0
26440   0.000467 libjvm.so->__xstat(1, 0x2ae6a62db120, 0x2ae6a62db950, 2048) = 0
26440   0.000482 libjvm.so->__xstat(1, 0x2ae6a62db120, 0x2ae6a62db950, 2048) = -1
26440   0.000492 libjvm.so->__xstat(1, 0x2ae6a62db120, 0x2ae6a62db950, 2048) = 0
26440   0.001052 libjvm.so->__xstat(1, 0x2ae6a62db120, 0x2ae6a62db950, 2048) = 0
26440   0.000450 libjvm.so->__xstat(1, 0x2ae6a62db120, 0x2ae6a62db950, 2048) = 0
26440   0.000942 libjvm.so->__xstat(1, 0x2ae6a62db120, 0x2ae6a62db950, 2048) = 0
26440   0.000457 libjvm.so->__xstat(1, 0x2ae6a62db120, 0x2ae6a62db950, 2048) = -1
26440   0.000576 libjvm.so->fopen(0x2ae6ac002520, 0x2ae6a7b5eccb, 0, 0) = 0x2ae6ac058a60
26440   0.008595 libjvm.so->open64(0x2ae6a62da410, 0, 0, 16) = 3
26440   0.000494 libjvm.so->__fxstat64(1, 3, 0x2ae6a62da240, -1) = 0
26440   0.036225 libjvm.so->__xstat(1, 0x2ae6a62daf20, 0x2ae6a62db750, 2048) = -1
26440   0.000587 libjvm.so->fopen(0x2ae6a62d9b20, 0x2ae6a7b5eccb, 4009, 3994) = 0x2ae6ac0b5e20
26440   0.001580 libjvm.so->fopen(0x2ae6a62d9b20, 0x2ae6a7b5eccb, 4009, 3994) = 0x2ae6ac0b5e20
26440   0.000641 libjvm.so->fopen(0x2ae6a62d9b20, 0x2ae6a7b5eccb, 4009, 4002) = 0x2ae6ac0b5e20
26440   0.004448 libjvm.so->pthread_attr_setdetachstate(0x2ae6a62dbc00, 1, 0, 0) = 0
26440   0.000598 libpthread.so.0->__clone(0x2ae6a63c8de0, 0x2ae6abc4cfc0, 0x3d0f00, 0x2ae6abc4d700) = 0x674f
26440   0.018571 libjvm.so->pthread_attr_setdetachstate(0x2ae6a62db290, 1, 0, 0) = 0
26440   0.000665 libpthread.so.0->__clone(0x2ae6a63c8de0, 0x2ae6abd4dfc0, 0x3d0f00, 0x2ae6abd4e700) = 0x6750
26440   0.007978 libjvm.so->pthread_attr_setdetachstate(0x2ae6a62db610, 1, 0, 0) = 0
26440   0.000872 libpthread.so.0->__clone(0x2ae6a63c8de0, 0x2ae6abe4efc0, 0x3d0f00, 0x2ae6abe4f700) = 0x6751
26440   0.041161 libjvm.so->fopen(0x2ae6ac0e9130, 0x2ae6a7b5eccb, 4, 0x6f732e70) = 0x2ae6ac0f1c70
26440   0.002082 libjvm.so->dlopen(0x2ae6ac0e9130, 1, 0xffffffff, 0x2ae6ac0ec300) = 0x2ae6ac057bc0
26440   0.005404 libjvm.so->open64(0x2ae6a62da510, 0, 0, 16) = 5
26440   0.000924 libjvm.so->__fxstat64(1, 5, 0x2ae6a62da340, -1) = 0
26440   0.020120 libjvm.so->fopen(0x2ae6a62d7130, 0x2ae6a7b5eccb, 4009, 3994) = 0x2ae6ac0fcbc0
26440   0.001209 libjvm.so->fopen(0x2ae6a62d7130, 0x2ae6a7b5eccb, 4009, 3994) = 0x2ae6ac0fcbc0
26440   0.001092 libjvm.so->fopen(0x2ae6a62d7130, 0x2ae6a7b5eccb, 4009, 4002) = 0x2ae6ac0fcbc0
26440   0.015799 libjvm.so->pthread_attr_setdetachstate(0x2ae6a62dbb50, 1, 0, 0) = 0
26440   0.001089 libpthread.so.0->__clone(0x2ae6a63c8de0, 0x2ae6abf4ffc0, 0x3d0f00, 0x2ae6abf50700) = 0x6752
26440   0.001446 libjvm.so->__xstat64(1, 0x2ae6a62dbbe0, 0x2ae6a62dbb50, 19) = -1
26440   0.001210 libjvm.so->pthread_attr_setdetachstate(0x2ae6a62db950, 1, 0, 0) = 0
26440   0.001099 libpthread.so.0->__clone(0x2ae6a63c8de0, 0x2ae6bf0fffc0, 0x3d0f00, 0x2ae6bf100700) = 0x6753
26440   0.001717 libjvm.so->pthread_attr_setdetachstate(0x2ae6a62db950, 1, 0, 0) = 0
26440   0.001302 libpthread.so.0->__clone(0x2ae6a63c8de0, 0x2ae6bf200fc0, 0x3d0f00, 0x2ae6bf201700) = 0x6754
26440   0.009010 libjvm.so->pthread_attr_setdetachstate(0x2ae6a62dbaa0, 1, 0, 0) = 0
26440   0.001505 libpthread.so.0->__clone(0x2ae6a63c8de0, 0x2ae6bf301fc0, 0x3d0f00, 0x2ae6bf302700) = 0x6755
26440   0.002656 libjvm.so->pthread_attr_setdetachstate(0x2ae6a62dbbb0, 1, 0, 0) = 0
26440   0.002586 libpthread.so.0->__clone(0x2ae6a63c8de0, 0x2ae6bf402fc0, 0x3d0f00, 0x2ae6bf403700) = 0x6756
26440   0.016230 libjvm.so->open64(0x2ae6ac12e840, 0, 0, 0) = 7
26440   0.001759 libjvm.so->__fxstat64(1, 7, 0x2ae6a62d8f60, -1) = 0
26440   0.026357 libjvm.so->fopen(0x2ae6ac154580, 0x2ae6a7b5eccb, 4, 0x6f732e6f) = 0x2ae6ac154750
26440   0.004897 libjvm.so->dlopen(0x2ae6ac154580, 1, 0xffffffff, 0x2ae6ac154600) = 0x2ae6ac154750
26440   0.142335 libjvm.so->fopen(0x2ae6ac195980, 0x2ae6a7b5eccb, 4, 0x6f732e74) = 0x2ae6ac195a40
26440   0.003587 libjvm.so->dlopen(0x2ae6ac195980, 1, 0xffffffff, 0x2ae6ac195900) = 0x2ae6ac1a7e10
26440   0.146071 libjvm.so->fopen(0x2ae6ac215540, 0x2ae6a7b5eccb, 0x6f732e7373656c, 0x656c646165685f74) = 0x2ae6ac218fe0
26440   0.002889 libjvm.so->dlopen(0x2ae6ac215540, 1, 0xffffffff, 0x2ae6ac218f00) = 0x2ae6ac218fe0
26440   0.023242 libjvm.so->fopen(0x2ae6a62d4990, 0x2ae6a7b5eccb, 0x6f732e, 0x6d766a62696c2f72) = 0x2ae6ac222e20
26440   0.006184 libjvm.so->dlopen(0x2ae6a62d4990, 1, 0xffffffff, 0x2ae6ac222300) = 0x555cb3c924c0
26440   0.001758 libjvm.so->fopen(0x2ae6a62d4990, 0x2ae6a7b5eccb, 0x6f732e, 0x6d766a62696c2f72) = 0x2ae6ac222dc0
26440   0.005538 libjvm.so->dlopen(0x2ae6a62d4990, 1, 0xffffffff, 0x2ae6ac222300) = 0x555cb3c924c0
26440   0.004055 libjvm.so->fopen(0x2ae6a62d4990, 0x2ae6a7b5eccb, 0x6f732e, 0x6d766a62696c2f72) = 0x2ae6ac222dc0
26440   0.003667 libjvm.so->dlopen(0x2ae6a62d4990, 1, 0xffffffff, 0x2ae6ac222300) = 0x555cb3c924c0
26440   0.001727 libjvm.so->fopen(0x2ae6a62d4990, 0x2ae6a7b5eccb, 0x6f732e, 0x6d766a62696c2f72) = 0x2ae6ac222dc0
26440   0.003943 libjvm.so->dlopen(0x2ae6a62d4990, 1, 0xffffffff, 0x2ae6ac222300) = 0x555cb3c924c0
26440   3.622213 --- SIGSEGV (Segmentation fault) ---
26440   9.858732 libjvm.so->fopen(0x2ae6a62d5920, 0x2ae6a7b5eccb, 4, 0x6f732e70) = 0x2ae6ac1d5910
26440   0.002373 libjvm.so->dlopen(0x2ae6a62d5920, 1, 0xffffffff, 0x2ae6ac1d6100) = 0x2ae6ac057bc0
26440   0.001850 libjvm.so->fopen(0x2ae6a62d5920, 0x2ae6a7b5eccb, 4, 0x6f732e70) = 0x2ae6ac1d8220
26440   0.001759 libjvm.so->dlopen(0x2ae6a62d5920, 1, 0xffffffff, 0x2ae6ac1d6100) = 0x2ae6ac057bc0
26440   0.001128 libjvm.so->fopen(0x2ae6a62d5920, 0x2ae6a7b5eccb, 4, 0x6f732e70) = 0x2ae6ac1d8220
26440   0.004056 libjvm.so->dlopen(0x2ae6a62d5920, 1, 0xffffffff, 0x2ae6ac1d6100) = 0x2ae6ac057bc0
26440   0.001107 libjvm.so->fopen(0x2ae6a62d5920, 0x2ae6a7b5eccb, 4, 0x6f732e70) = 0x2ae6ac1d8220
26440   0.003269 libjvm.so->dlopen(0x2ae6a62d5920, 1, 0xffffffff, 0x2ae6ac1d6100) = 0x2ae6ac057bc0
26440   0.001161 libjvm.so->fopen(0x2ae6a62d5920, 0x2ae6a7b5eccb, 4, 0x6f732e70) = 0x2ae6ac1d8220
26440   0.001697 libjvm.so->dlopen(0x2ae6a62d5920, 1, 0xffffffff, 0x2ae6ac1d5c00) = 0x2ae6ac057bc0
26440   0.001062 libjvm.so->fopen(0x2ae6a62d5920, 0x2ae6a7b5eccb, 4, 0x6f732e70) = 0x2ae6ac1d8220
26440   0.001682 libjvm.so->dlopen(0x2ae6a62d5920, 1, 0xffffffff, 0x2ae6ac1d5c00) = 0x2ae6ac057bc0
26440   0.001823 libjvm.so->fopen(0x2ae6a62d5920, 0x2ae6a7b5eccb, 4, 0x6f732e70) = 0x2ae6ac1d8220
26440   0.001760 libjvm.so->dlopen(0x2ae6a62d5920, 1, 0xffffffff, 0x2ae6ac1d5c00) = 0x2ae6ac057bc0
26440   0.001082 libjvm.so->fopen(0x2ae6a62d5920, 0x2ae6a7b5eccb, 4, 0x6f732e70) = 0x2ae6ac1d8220
26440   0.003783 libjvm.so->dlopen(0x2ae6a62d5920, 1, 0xffffffff, 0x2ae6ac1d5c00) = 0x2ae6ac057bc0
26440   0.334448 libjvm.so->fopen(0x2ae6a62d8cb0, 0x2ae6a7b5eccb, 111, 0x732e6176) = 0x2ae6ac1d8b80
26440   0.002080 libjvm.so->dlopen(0x2ae6a62d8cb0, 1, 0xffffffff, 0x2ae6ac1dd300) = 0x2ae6ac001b10
26440   0.001112 libjvm.so->fopen(0x2ae6a62d8cb0, 0x2ae6a7b5eccb, 111, 0x732e6176) = 0x2ae6ac1d8b80
26440   0.002435 libjvm.so->dlopen(0x2ae6a62d8cb0, 1, 0xffffffff, 0x2ae6ac1dd300) = 0x2ae6ac001b10
26440   0.001113 libjvm.so->fopen(0x2ae6a62d8cb0, 0x2ae6a7b5eccb, 111, 0x732e6176) = 0x2ae6ac1dbce0
26440   0.001810 libjvm.so->dlopen(0x2ae6a62d8cb0, 1, 0xffffffff, 0x2ae6ac1dd300) = 0x2ae6ac001b10
26440   0.001065 libjvm.so->fopen(0x2ae6a62d8cb0, 0x2ae6a7b5eccb, 111, 0x732e6176) = 0x2ae6ac1dbaa0
26440   0.001850 libjvm.so->dlopen(0x2ae6a62d8cb0, 1, 0xffffffff, 0x2ae6ac1dd300) = 0x2ae6ac001b10
26440   0.156561 libjvm.so->fopen(0x2ae6ac28b190, 0x2ae6a7b5eccb, 0x6f732e72656761, 0x6567616e616d746e) = 0x2ae6ac28b270
26440   0.002104 libjvm.so->dlopen(0x2ae6ac28b190, 1, 0xffffffff, 0x2ae6ac28b100) = 0x2ae6ac28b270
26440   0.014236 libjvm.so->pthread_attr_setdetachstate(0x2ae6a62d7df0, 1, 0, 0) = 0
26440   0.001781 libpthread.so.0->__clone(0x2ae6a63c8de0, 0x2ae6d2d3cfc0, 0x3d0f00, 0x2ae6d2d3d700) = 0x679e
26440   0.022378 libjvm.so->fopen(0x2ae6ac2a08a0, 0x2ae6a7b5eccb, 4, 0x6f732e74) = 0x2ae6ac2a0960
26440   0.003174 libjvm.so->dlopen(0x2ae6ac2a08a0, 1, 0xffffffff, 0x2ae6ac2a0800) = 0x2ae6ac154df0
26440   0.120110 libjvm.so->open64(0x2ae6a62d60c0, 0, 0, 0) = 14
26440   0.002078 libjvm.so->__fxstat64(1, 14, 0x2ae6a62d5ef0, -1) = 0
26440   0.141341 libjvm.so->fopen(0x2ae6a62d7a80, 0x2ae6a7b5eccb, 0x6f732e, 0x6d766a62696c2f72) = 0x2ae6ac337320
26440   0.005482 libjvm.so->dlopen(0x2ae6a62d7a80, 1, 0xffffffff, 0x2ae6ac364e00) = 0x555cb3c924c0
26440   0.001880 libjvm.so->fopen(0x2ae6a62d7a80, 0x2ae6a7b5eccb, 0x6f732e, 0x6d766a62696c2f72) = 0x2ae6ac337320
26440   0.003862 libjvm.so->dlopen(0x2ae6a62d7a80, 1, 0xffffffff, 0x2ae6ac364e00) = 0x555cb3c924c0
26440   0.001910 libjvm.so->fopen(0x2ae6a62d7a80, 0x2ae6a7b5eccb, 0x6f732e, 0x6d766a62696c2f72) = 0x2ae6ac33dcf0
26440   0.003540 libjvm.so->dlopen(0x2ae6a62d7a80, 1, 0xffffffff, 0x2ae6ac364e00) = 0x555cb3c924c0
26440   0.001824 libjvm.so->fopen(0x2ae6a62d7a80, 0x2ae6a7b5eccb, 0x6f732e, 0x6d766a62696c2f72) = 0x2ae6ac33dcf0
26440   0.003617 libjvm.so->dlopen(0x2ae6a62d7a80, 1, 0xffffffff, 0x2ae6ac364e00) = 0x555cb3c924c0
26440   0.024625 libjvm.so->fopen(0x2ae6a62d76e0, 0x2ae6a7b5eccb, 4, 0x6f732e6f) = 0x2ae6ac33dcf0
26440   0.003121 libjvm.so->dlopen(0x2ae6a62d76e0, 1, 0xffffffff, 0x2ae6ac2a8b00) = 0x2ae6ac154750
26440   0.001845 libjvm.so->fopen(0x2ae6a62d76e0, 0x2ae6a7b5eccb, 4, 0x6f732e6f) = 0x2ae6ac33dcf0
26440   0.003180 libjvm.so->dlopen(0x2ae6a62d76e0, 1, 0xffffffff, 0x2ae6ac2a8b00) = 0x2ae6ac154750
26440   0.001847 libjvm.so->fopen(0x2ae6a62d76e0, 0x2ae6a7b5eccb, 4, 0x6f732e6f) = 0x2ae6ac33dcf0
26440   0.003018 libjvm.so->dlopen(0x2ae6a62d76e0, 1, 0xffffffff, 0x2ae6ac2a8b00) = 0x2ae6ac154750
26440   0.001820 libjvm.so->fopen(0x2ae6a62d76e0, 0x2ae6a7b5eccb, 4, 0x6f732e6f) = 0x2ae6ac33dcf0
26440   0.002970 libjvm.so->dlopen(0x2ae6a62d76e0, 1, 0xffffffff, 0x2ae6ac2a8b00) = 0x2ae6ac154750
26440   0.294398 libjvm.so->open64(0x2ae6ac3e1f30, 0, 0, 48) = 23
26440   0.001957 libjvm.so->__fxstat64(1, 23, 0x2ae6a62d8780, -1) = 0
26440   0.075434 libjvm.so->fopen(0x2ae6a62d89e0, 0x2ae6a7b5eccb, 111, 0x732e6176) = 0x2ae6ac400d00
26440   0.003286 libjvm.so->dlopen(0x2ae6a62d89e0, 1, 0xffffffff, 0x2ae6ac400c00) = 0x2ae6ac001b10
26440   0.001831 libjvm.so->fopen(0x2ae6a62d89e0, 0x2ae6a7b5eccb, 111, 0x732e6176) = 0x2ae6ac400fb0
26440   0.002975 libjvm.so->dlopen(0x2ae6a62d89e0, 1, 0xffffffff, 0x2ae6ac400c00) = 0x2ae6ac001b10
26440   0.001815 libjvm.so->fopen(0x2ae6a62d89e0, 0x2ae6a7b5eccb, 111, 0x732e6176) = 0x2ae6ac400e80
26440   0.002974 libjvm.so->dlopen(0x2ae6a62d89e0, 1, 0xffffffff, 0x2ae6ac400c00) = 0x2ae6ac001b10
26440   0.002667 libjvm.so->fopen(0x2ae6a62d89e0, 0x2ae6a7b5eccb, 111, 0x732e6176) = 0x2ae6ac400e80
26440   0.003310 libjvm.so->dlopen(0x2ae6a62d89e0, 1, 0xffffffff, 0x2ae6ac400c00) = 0x2ae6ac001b10
26440   0.828879 --- SIGSEGV (Segmentation fault) ---
26440   0.001068 --- SIGSEGV (Segmentation fault) ---
26440   0.000697 --- SIGSEGV (Segmentation fault) ---
26440   0.000579 --- SIGSEGV (Segmentation fault) ---
26440  15.910742 libjvm.so->fopen(0x2ae6a62d9050, 0x2ae6a7b5eccb, 111, 0x732e6176) = 0x2ae6ac4132d0
26440   0.004645 libjvm.so->dlopen(0x2ae6a62d9050, 1, 0xffffffff, 0x2ae6ac413100) = 0x2ae6ac001b10
26440   0.003825 libjvm.so->fopen(0x2ae6a62d9050, 0x2ae6a7b5eccb, 111, 0x732e6176) = 0x2ae6ac4132d0
26440   0.003314 libjvm.so->dlopen(0x2ae6a62d9050, 1, 0xffffffff, 0x2ae6ac413100) = 0x2ae6ac001b10
26440   0.003814 libjvm.so->fopen(0x2ae6a62d9050, 0x2ae6a7b5eccb, 111, 0x732e6176) = 0x2ae6ac4132d0
26440   0.004601 libjvm.so->dlopen(0x2ae6a62d9050, 1, 0xffffffff, 0x2ae6ac413100) = 0x2ae6ac001b10
26440   0.001640 libjvm.so->fopen(0x2ae6a62d9050, 0x2ae6a7b5eccb, 111, 0x732e6176) = 0x2ae6ac4132d0
26440   0.002640 libjvm.so->dlopen(0x2ae6a62d9050, 1, 0xffffffff, 0x2ae6ac413100) = 0x2ae6ac001b10
26440   0.001786 libjvm.so->fopen(0x2ae6a62d9050, 0x2ae6a7b5eccb, 111, 0x732e6176) = 0x2ae6ac4132d0
26440   0.002630 libjvm.so->dlopen(0x2ae6a62d9050, 1, 0xffffffff, 0x2ae6ac260f00) = 0x2ae6ac001b10
26440   0.001602 libjvm.so->fopen(0x2ae6a62d9050, 0x2ae6a7b5eccb, 111, 0x732e6176) = 0x2ae6ac4132d0
26440   0.003179 libjvm.so->dlopen(0x2ae6a62d9050, 1, 0xffffffff, 0x2ae6ac260f00) = 0x2ae6ac001b10
26440   0.001595 libjvm.so->fopen(0x2ae6a62d9050, 0x2ae6a7b5eccb, 111, 0x732e6176) = 0x2ae6ac4132d0
26440   0.002769 libjvm.so->dlopen(0x2ae6a62d9050, 1, 0xffffffff, 0x2ae6ac260f00) = 0x2ae6ac001b10
26440   0.001595 libjvm.so->fopen(0x2ae6a62d9050, 0x2ae6a7b5eccb, 111, 0x732e6176) = 0x2ae6ac4132d0
26440   0.002597 libjvm.so->dlopen(0x2ae6a62d9050, 1, 0xffffffff, 0x2ae6ac260f00) = 0x2ae6ac001b10
26440   3.171586 --- SIGSEGV (Segmentation fault) ---
26440   0.001116 --- SIGSEGV (Segmentation fault) ---
26440   0.002310 --- SIGSEGV (Segmentation fault) ---
26440   0.000594 --- SIGSEGV (Segmentation fault) ---
26440   0.000564 --- SIGSEGV (Segmentation fault) ---
26454   0.278090 +++ exited (status 0) +++
26450   0.000289 --- SIGSEGV (Segmentation fault) ---
26447   0.000386 +++ exited (status 0) +++
26440   0.000292 +++ exited (status 0) +++
26526   0.000497 +++ exited (status 0) +++
26451   0.000034 +++ exited (status 0) +++
26453   0.000016 +++ exited (status 0) +++
26450   0.000014 +++ exited (status 0) +++
26449   0.000013 +++ exited (status 0) +++
26448   0.000014 +++ exited (status 0) +++
26452   0.032909 +++ exited (status 0) +++
26439   0.000144 +++ exited (status 0) +++
Wrote an ltrace for command: "java -cp ./tools/maxent.jar density.MaxEnt -s outputs/Aedes_ealaensis_Huang.csv -e data/layers/worldclim -o outputs/Aedes_ealaensis_Huang nowarnings nocache autorun -z" with PID 26437 from PPID 26419 on disc25.crc.nd.edu with result 0
REMOTEHOST=129.74.154.87
MANPATH=/afs/crc.nd.edu/user/n/nkremerh/cctools/share/man/:/afs/crc.nd.edu/group/ccl/software/x86_64/redhat7/ruby/current/share/man:/afs/crc.nd.edu/group/ccl/software/x86_64/redhat7/graphviz/current/share/man:/afs/crc.nd.edu/group/ccl/software/x86_64/redhat7/gnuplot/current/share/man:/afs/crc.nd.edu/group/ccl/software/x86_64/redhat7/git/current/share/man:/afs/crc.nd.edu/group/ccl/software/x86_64/redhat7/condor/current/share/man:/afs/crc.nd.edu/group/ccl/software/x86_64/redhat7/clang/current/share/man:/afs/crc.nd.edu/group/ccl/software/x86_64/redhat7/condor/current/share/man:/afs/crc.nd.edu/group/ccl/software/x86_64/redhat7/cctools/current/share/man:/afs/crc.nd.edu/group/ccl/software/x86_64/redhat7/cctools/current/share/man:/afs/crc.nd.edu/x86_64_linux/Modules/4.5.0/share/man:/opt/crc/usr/local/man:/opt/sge/man:/usr/share/man/overrides:/usr/share/man:/usr/local/share/man
_CONDOR_JOB_PIDS=
XDG_SESSION_ID=2226
HOSTNAME=disc01.crc.nd.edu
_LMFILES__modshare=/afs/crc.nd.edu/x86_64_linux/Modules/modules/system_modules/CRC_default/1.1:1
MODULEPATH_modshare=/afs/crc.nd.edu/x86_64_linux/Modules/modules/general_software:1:/afs/crc.nd.edu/x86_64_linux/Modules/modules/development_tools_and_libraries:1:/afs/crc.nd.edu/x86_64_linux/Modules/modules/system_modules:1:/afs/crc.nd.edu/x86_64_linux/Modules/current/modulefiles:1:/afs/crc.nd.edu/x86_64_linux/Modules/modules/restricted_software:1:/afs/crc.nd.edu/x86_64_linux/Modules/modules/deprecated_software:1
TERM=xterm-256color
SHELL=/bin/tcsh
HOST=disc01.crc.nd.edu
MODULES_CMD=/afs/crc.nd.edu/x86_64_linux/Modules/4.5.0/libexec/modulecmd.tcl
HISTSIZE=5000
MAKEFLAGS=
SSH_CLIENT=129.74.154.87 57278 22
TMPDIR=/var/condor/execute/dir_19622/worker-213124-19699/t.932/cctools-temp-t.932.GHIVsf
PERL5LIB=/afs/crc.nd.edu/user/n/nkremerh/cctools/lib/perl5/site_perl/5.16.3:/afs/crc.nd.edu/user/n/nkremerh/.perl5/lib/perl5
SGE_CELL=crc
_CONDOR_SCRATCH_DIR=/var/condor/execute/dir_19622
PERL_MB_OPT=--install_base '/afs/crc.nd.edu/user/n/nkremerh/.perl5/'
SSH_TTY=/dev/pts/0
SGE_LOAD_AVG=load_avg
_CONDOR_ANCESTOR_3553=3727:1596370016:1581098405
MAKEFLOW_MAX_LOCAL_JOBS=2
GROUP=campus
USER=nkremerh
_CHIRP_DELAYED_UPDATE_PREFIX=Chirp*
HISTFILESIZE=10000
TEMP=/var/condor/execute/dir_19622/worker-213124-19699/t.932/cctools-temp-t.932.GHIVsf
LD_LIBRARY_PATH=/afs/crc.nd.edu/group/ccl/software/x86_64/redhat7/ruby/current/lib:/afs/crc.nd.edu/group/ccl/software/x86_64/redhat7/graphviz/current/lib:/afs/crc.nd.edu/group/ccl/software/x86_64/redhat7/git/current/lib:/afs/crc.nd.edu/group/ccl/software/x86_64/redhat7/condor/current/lib:/afs/crc.nd.edu/group/ccl/software/x86_64/redhat7/clang/current/lib:/afs/crc.nd.edu/group/ccl/software/x86_64/redhat7/condor/current/lib:/afs/crc.nd.edu/group/ccl/software/x86_64/redhat7/cctools/current/lib:/opt/crc/usr/local/lib
BATCH_SYSTEM=HTCondor
MODULES_LMALTNAME=CRC_default/1.1&CRC_default/default&CRC_default
ENV=/afs/crc.nd.edu/x86_64_linux/Modules/4.5.0/init/profile.sh
_CONDOR_ANCESTOR_19622=19631:1597419253:3532010214
WORKER_TMPDIR=/var/condor/execute/dir_19622/worker-213124-19699/cache/tmp
HOSTTYPE=x86_64-linux
_CONDOR_HIGHPORT=9999
GLOBUS_GSSAPI_MAX_TLS_PROTOCOL=0
_CONDOR_CHIRP_CONFIG=/var/condor/execute/dir_19622/.chirp.config
MAKELEVEL=1
MFLAGS=
_CONDOR_ANCESTOR_3727=19622:1597419250:425629790
MAIL=/var/spool/mail/nkremerh
PATH=/afs/crc.nd.edu/user/n/nkremerh/cctools/bin:/afs/crc.nd.edu/user/n/nkremerh/miniconda/bin:/afs/crc.nd.edu/group/ccl/software/git:/afs/crc.nd.edu/user/n/nkremerh/.local/bin:/afs/crc.nd.edu/group/ccl/software/x86_64/redhat7/povray/3.7/bin:/afs/crc.nd.edu/user/n/nkremerh/.perl5/bin:/afs/crc.nd.edu/user/n/nkremerh/pegasus/bin:/afs/crc.nd.edu/user/n/nkremerh/nodejs/bin:/afs/crc.nd.edu/user/n/nkremerh/montage/bin:/afs/crc.nd.edu/user/n/nkremerh/latexdiff:/afs/crc.nd.edu/user/n/nkremerh/envtrace:/afs/crc.nd.edu/user/n/nkremerh/endlines:/afs/crc.nd.edu/user/n/nkremerh/cctools/bin:/afs/crc.nd.edu/user/n/nkremerh/.cargo/bin:/afs/crc.nd.edu/group/ccl/software/x86_64/redhat7/ruby/current/bin:/afs/crc.nd.edu/group/ccl/software/x86_64/redhat7/graphviz/current/bin:/afs/crc.nd.edu/group/ccl/software/x86_64/redhat7/gnuplot/current/bin:/afs/crc.nd.edu/group/ccl/software/x86_64/redhat7/git/current/bin:/afs/crc.nd.edu/group/ccl/software/x86_64/redhat7/condor/current/sbin:/afs/crc.nd.edu/group/ccl/software/x86_64/redhat7/condor/current/bin:/afs/crc.nd.edu/group/ccl/software/x86_64/redhat7/cmake/current/bin:/afs/crc.nd.edu/group/ccl/software/x86_64/redhat7/clang/current/bin:/afs/crc.nd.edu/group/ccl/software/x86_64/redhat7/condor/current/sbin:/afs/crc.nd.edu/group/ccl/software/x86_64/redhat7/condor/current/bin:/afs/crc.nd.edu/group/ccl/software/x86_64/redhat7/cctools/current/bin:/afs/crc.nd.edu/x86_64_linux/Modules/4.5.0/bin:/opt/crc/usr/local/bin:/opt/sge/bin/lx-amd64:/usr/local/bin:/usr/bin:/usr/local/sbin:/usr/sbin:/afs/crc.nd.edu/user/c/condor/software/bin:/afs/crc.nd.edu/user/c/condor/software/sbin
CCLSOFTWARE=/afs/crc.nd.edu/group/ccl/software/x86_64/redhat7
PWD=/var/condor/execute/dir_19622/worker-213124-19699/t.932
_LMFILES_=/afs/crc.nd.edu/x86_64_linux/Modules/modules/system_modules/CRC_default/1.1
EDITOR=vim
SGE_EXECD_PORT=6445
LANG=en_US.UTF-8
SGE_QMASTER_PORT=6444
MODULEPATH=/afs/crc.nd.edu/x86_64_linux/Modules/modules/development_tools_and_libraries:/afs/crc.nd.edu/x86_64_linux/Modules/modules/general_software:/afs/crc.nd.edu/x86_64_linux/Modules/modules/restricted_software:/afs/crc.nd.edu/x86_64_linux/Modules/modules/system_modules:/afs/crc.nd.edu/x86_64_linux/Modules/modules/deprecated_software:/afs/crc.nd.edu/x86_64_linux/Modules/current/modulefiles
LOADEDMODULES=CRC_default/1.1
SGE_ROOT=/opt/sge
CCLPLATFORM=x86_64/redhat7
_CONDOR_SLOT=slot2_1
WORK_QUEUE_SANDBOX=/var/condor/execute/dir_19622/worker-213124-19699
USE_SYSTEMD=true
_CONDOR_LOWPORT=9100
HISTCONTROL=ignoreboth:erasedups
KRB5CCNAME=FILE:/tmp/krb5cc_213124_jfvfni
GLOBUS_GSSAPI_NAME_COMPATIBILITY=STRICT_RFC2818
HOME=disc01.crc.nd.edu
SHLVL=6
PATH_modshare=/opt/crc/usr/local/bin:1:/opt/sge/bin/lx-amd64:1:/usr/sbin:1:/usr/bin:1:/afs/crc.nd.edu/user/c/condor/software/sbin:1:/usr/local/sbin:1:/afs/crc.nd.edu/user/c/condor/software/bin:1:/usr/local/bin:1
OSTYPE=linux
_CONDOR_MACHINE_AD=/var/condor/execute/dir_19622/.machine.ad
GREP_OPTIONS=--color=auto
DISK=18235
GLOBUS_GSSAPI_MIN_TLS_PROTOCOL=TLS1_VERSION
MANPATH_modshare=/usr/share/man/overrides:1:/usr/local/share/man:1:/usr/share/man:1:/opt/crc/usr/local/man:1:/opt/sge/man:1
MEMORY=1948
PERL_LOCAL_LIB_ROOT=/afs/crc.nd.edu/user/n/nkremerh/.perl5/
BASH_ENV=/afs/crc.nd.edu/x86_64_linux/Modules/4.5.0/init/bash
VENDOR=unknown
TMP=/var/condor/execute/dir_19622/worker-213124-19699/t.932/cctools-temp-t.932.GHIVsf
LOGNAME=nkremerh
MACHTYPE=x86_64
CCLHOME=/afs/crc.nd.edu/group/ccl
PYTHONPATH=/afs/crc.nd.edu/user/n/nkremerh/cctools/lib/python3.6/site-packages/
LD_LIBRARY_PATH_modshare=/opt/crc/usr/local/lib:1
SSH_CONNECTION=129.74.154.87 57278 129.74.128.103 22
MODULES_LMALTNAME_modshare=CRC_default/1.1&CRC_default/default&CRC_default:1
MODULESHOME=/afs/crc.nd.edu/x86_64_linux/Modules/4.5.0
GLOBUS_GSSAPI_CIPHERS=HIGH
GLOBUS_GSSAPI_BACKWARD_COMPATIBLE_MIC=true
LESSOPEN=||/usr/bin/lesspipe.sh %s
OMP_NUM_THREADS=1
_CONDOR_JOB_AD=/var/condor/execute/dir_19622/.job.ad
LOADEDMODULES_modshare=CRC_default/1.1:1
XDG_RUNTIME_DIR=/run/user/213124
SGE_CLUSTER_NAME=CRC
CCTOOLS=../cctools
CORES=2
_CONDOR_JOB_IWD=/var/condor/execute/dir_19622
PERL_MM_OPT=INSTALL_BASE=/afs/crc.nd.edu/user/n/nkremerh/.perl5/
GLOBUS_GSSAPI_SERVER_CIPHER_ORDER=true
BASH_FUNC_module()=() {  unset _mlshdbg;
 if [ "${MODULES_SILENT_SHELL_DEBUG:-0}" = '1' ]; then
 case "$-" in 
 *v*x*)
 set +vx;
 _mlshdbg='vx'
 ;;
 *v*)
 set +v;
 _mlshdbg='v'
 ;;
 *x*)
 set +x;
 _mlshdbg='x'
 ;;
 *)
 _mlshdbg=''
 ;;
 esac;
 fi;
 unset _mlre _mlIFS;
 if [ -n "${IFS+x}" ]; then
 _mlIFS=$IFS;
 fi;
 IFS=' ';
 for _mlv in ${MODULES_RUN_QUARANTINE:-};
 do
 if [ "${_mlv}" = "${_mlv##*[!A-Za-z0-9_]}" -a "${_mlv}" = "${_mlv#[0-9]}" ]; then
 if [ -n "`eval 'echo ${'$_mlv'+x}'`" ]; then
 _mlre="${_mlre:-}${_mlv}_modquar='`eval 'echo ${'$_mlv'}'`' ";
 fi;
 _mlrv="MODULES_RUNENV_${_mlv}";
 _mlre="${_mlre:-}${_mlv}='`eval 'echo ${'$_mlrv':-}'`' ";
 fi;
 done;
 if [ -n "${_mlre:-}" ]; then
 eval `eval ${_mlre}/usr/bin/tclsh /afs/crc.nd.edu/x86_64_linux/Modules/4.5.0/libexec/modulecmd.tcl bash '"$@"'`;
 else
 eval `/usr/bin/tclsh /afs/crc.nd.edu/x86_64_linux/Modules/4.5.0/libexec/modulecmd.tcl bash "$@"`;
 fi;
 _mlstatus=$?;
 if [ -n "${_mlIFS+x}" ]; then
 IFS=$_mlIFS;
 else
 unset IFS;
 fi;
 unset _mlre _mlv _mlrv _mlIFS;
 if [ -n "${_mlshdbg:-}" ]; then
 set -$_mlshdbg;
 fi;
 unset _mlshdbg;
 return $_mlstatus
}
BASH_FUNC_ml()=() {  module ml "$@"
}
_=/usr/bin/printenv
