22866   0.000000 libjli.so->getenv("_JAVA_LAUNCHER_DEBUG") = nil
22866   0.001826 libjli.so->getenv("_JAVA_VERSION_SET") = nil
22866   0.000704 libjli.so->fopen("/usr/lib/jvm/java-1.8.0-openjdk-1.8.0.262.b10-0.el7_8.x86_64/jre/lib/amd64/jvm.cfg", "r") = 0x55ba7d0890f0
22866   0.000908 libjli.so->getenv("JDK_ALTERNATE_VM") = nil
22866   0.000349 libjli.so->__xstat(1, "/usr/lib/jvm/java-1.8.0-openjdk-1.8.0.262.b10-0.el7_8.x86_64/jre/lib/amd64/server/libjvm.so", 0x7ffeb61d0b40) = 0
22866   0.000623 libjli.so->getenv("LD_LIBRARY_PATH") = "/afs/crc.nd.edu/group/ccl/software/x86_64/redhat7/ruby/current/lib:/afs/crc.nd.edu/group/ccl/software/x86_64/redhat7/graphviz/current/lib:/afs/crc.nd.edu/group/ccl/software/x86_64/redhat7/git/current/lib:/afs/crc.nd.edu/group/ccl/software/x86_64/redhat7/condor/current/lib:/afs/crc.nd.edu/group/ccl/software/x86_64/redhat7/clang/current/lib:/afs/crc.nd.edu/group/ccl/software/x86_64/redhat7/condor/current/lib:/afs/crc.nd.edu/group/ccl/software/x86_64/redhat7/cctools/current/lib:/opt/crc/usr/local/lib"
22866   0.005457 libjli.so->dlopen("/usr/lib/jvm/java-1.8.0-openjdk-1.8.0.262.b10-0.el7_8.x86_64/jre/lib/amd64/server/libjvm.so", 258 <unfinished ...>
22866   0.038416 libjvm.so->getenv("NMT_LEVEL_22866") = nil
22866   0.001646 <... dlopen resumed> )          = 0x55ba7d0894c0
22866   0.000075 libjli.so->getenv("CLASSPATH")  = nil
22866   0.000326 libjli.so->getenv("_JAVA_SPLASH_JAR") = nil
22866   0.000322 libjli.so->getenv("_JAVA_SPLASH_FILE") = nil
22866   0.000340 libjli.so->pthread_attr_setdetachstate(0x7ffeb61d0af0, 0, 0x7ffeb61d0b80, 0) = 0
22866   0.000447 libpthread.so.0->__clone(0x2b056b011de0, 0x2b056af24fc0, 0x3d0f00, 0x2b056af25700) = 0x5957
22871   0.002007 libjvm.so->dlopen(0x2b056c7f09ae, 1, 0xfffffffffff42c48, 4096) = 0x2b0570000990
22871   0.002471 libjvm.so->getenv(0x2b056c80b83e, 0, 115, 0x65737361) = 0x7ffeb61d670e
22871   0.000444 libjvm.so->fopen(0x2b056af23c10, 0x2b056c7a7ccb, 0x6f732e79666972, 0x2b056b8e9ab0) = 0x2b0570001440
22871   0.001347 libjvm.so->dlopen(0x2b056af23c10, 1, 0xffffffff, 0x2b0570002b00) = 0x2b0570001440
22871   0.001471 libjvm.so->fopen(0x2b056af23c10, 0x2b056c7a7ccb, 111, 0x732e6176) = 0x2b0570001b10
22871   0.001676 libjvm.so->dlopen(0x2b056af23c10, 1, 0xffffffff, 0x2b0570001a00) = 0x2b0570001b10
22871   0.001554 libjvm.so->__xstat(1, 0x2b056af24360, 0x2b056af24ba0, 0x746f7073746f682e) = -1
22871   0.000471 libjvm.so->getenv(0x2b056c7a0541, 0x2b056af246d0, 1024, 0x2b056cc5a61b) = 0
22871   0.000431 libjvm.so->getenv(0x2b056c7a0533, 0x2b056af246d0, 1024, 0) = 0
22871   0.000440 libjvm.so->fopen(0x2b056c7f0315, 0x2b056c7a7ccb, 4095, 0xffffd4fa9385fb03) = 0x2b05700032b0
22871   0.001034 libjvm.so->fopen(0x2b056c7f0361, 0x2b056c7a7ccb, 0x2b0570000078, 0x2b05700032a0) = 0x2b05700032b0
22871   0.000671 libjvm.so->fopen(0x2b056af1e9b0, 0x2b056c7a7ccb, 4016, 3997) = 0x2b05700032b0
22871   0.000638 libjvm.so->opendir(0x2b0570002b40, 0x2b0570002b40, 13, 16) = 0
22871   0.000448 libjvm.so->__xstat(1, 0x2b056af238f0, 0x2b056af22860, 0x6f732e7477616d62) = -1
22871   0.000541 libjvm.so->__xstat(1, 0x2b056af238f0, 0x2b056af22860, 0x5f74776162696c2f) = 0
22871   0.000489 libjvm.so->fopen(0x2b056af22b90, 0x2b056c7a7ccb, 4011, 3996) = 0x2b0570003790
22871   0.000615 libjvm.so->fopen(0x2b056af22b90, 0x2b056c7a7ccb, 4011, 3996) = 0x2b0570003790
22871   0.000594 libjvm.so->fopen(0x2b056af22b90, 0x2b056c7a7ccb, 4011, 4004) = 0x2b0570003790
22871   0.000624 libjvm.so->fopen(0x2b056af22b20, 0x2b056c7a7ccb, 4011, 3996) = 0x2b0570003790
22871   0.000603 libjvm.so->fopen(0x2b056af22b20, 0x2b056c7a7ccb, 4011, 3996) = 0x2b0570003790
22871   0.000584 libjvm.so->fopen(0x2b056af22b20, 0x2b056c7a7ccb, 4011, 4004) = 0x2b0570003790
22871   0.000618 libjvm.so->fopen(0x2b056af22b50, 0x2b056c7a7ccb, 4016, 3997) = 0x2b0570003790
22871   0.000824 libjvm.so->getenv(0x2b056c7f10ff, 4096, 3, -1) = 0
22871   0.001043 libjvm.so->fopen(0x2b056c7f0998, 0x2b056c7a7ccb, 0x2b056b008908, 0x2b056b007df0) = 0x2b0570003790
22871   0.005682 libjvm.so->open(0x2b057004a580, 0x20000, 0, 0x2b057004a5c9) = 3
22871   0.001062 libjvm.so->__fxstat(1, 3, 0x2b056af24a00, -1) = 0
22871   0.000557 libjvm.so->opendir(0x2b057004a580, 0x2b056af24a00, 0x4000, -1) = 0x2b057004b490
22871   0.000531 libjvm.so->__fxstat(1, 3, 0x2b056af248a0, 0x2b057004b490) = 0
22871   0.000459 libjvm.so->__fxstat(1, 5, 0x2b056af24930, -1) = 0
22871   0.000592 libjvm.so->open(0x2b056c7be9dc, 0, 0, 0) = 3
22871   0.000824 libjvm.so->__lxstat(1, 0x2b057004a580, 0x2b056af24b50, -144) = 0
22871   0.000511 libjvm.so->open(0x2b057004a580, 0x20000, 0x4000, -1) = 3
22871   0.000458 libjvm.so->__fxstat(1, 3, 0x2b056af24a00, -1) = 0
22871   0.000494 libjvm.so->opendir(0x2b057004a580, 0x2b056af24a00, 0x4000, -1) = 0x2b057004b490
22871   0.000516 libjvm.so->__fxstat(1, 3, 0x2b056af248a0, 0x2b057004b490) = 0
22871   0.000465 libjvm.so->__fxstat(1, 5, 0x2b056af24930, -1) = 0
22871   0.000546 libjvm.so->open(0x2b056c7be9dc, 0, 0, 0) = 3
22871   0.000530 libjvm.so->open(0x2b057004a5c9, 0x20042, 384, -1) = 7
22871   0.000712 libjvm.so->__fxstat(1, 7, 0x2b056af24b50, -1) = 0
22871   0.001964 libjvm.so->fopen(0x2b056af23b60, 0x2b056c7a7ccb, 4, 0x6f732e70) = 0x2b0570057be0
22871   0.001678 libjvm.so->dlopen(0x2b056af23b60, 1, 0xffffffff, 0x2b0570057b00) = 0x2b0570057be0
22871   0.001524 libjvm.so->__xstat(1, 0x2b056af24120, 0x2b056af24950, 2048) = 0
22871   0.000460 libjvm.so->__xstat(1, 0x2b056af24120, 0x2b056af24950, 2048) = 0
22871   0.000457 libjvm.so->__xstat(1, 0x2b056af24120, 0x2b056af24950, 2048) = -1
22871   0.000435 libjvm.so->__xstat(1, 0x2b056af24120, 0x2b056af24950, 2048) = 0
22871   0.000522 libjvm.so->__xstat(1, 0x2b056af24120, 0x2b056af24950, 2048) = 0
22871   0.000474 libjvm.so->__xstat(1, 0x2b056af24120, 0x2b056af24950, 2048) = 0
22871   0.000447 libjvm.so->__xstat(1, 0x2b056af24120, 0x2b056af24950, 2048) = 0
22871   0.000713 libjvm.so->__xstat(1, 0x2b056af24120, 0x2b056af24950, 2048) = -1
22871   0.000564 libjvm.so->fopen(0x2b0570002520, 0x2b056c7a7ccb, 0, 0) = 0x2b0570058a80
22871   0.010165 libjvm.so->open64(0x2b056af23410, 0, 0, 16) = 3
22871   0.000583 libjvm.so->__fxstat64(1, 3, 0x2b056af23240, -1) = 0
22871   0.041051 libjvm.so->__xstat(1, 0x2b056af23f20, 0x2b056af24750, 2048) = -1
22871   0.000610 libjvm.so->fopen(0x2b056af22b20, 0x2b056c7a7ccb, 4011, 3996) = 0x2b05700b5ec0
22871   0.000745 libjvm.so->fopen(0x2b056af22b20, 0x2b056c7a7ccb, 4011, 3996) = 0x2b05700b5ec0
22871   0.001205 libjvm.so->fopen(0x2b056af22b20, 0x2b056c7a7ccb, 4011, 4004) = 0x2b05700b5ec0
22871   0.004377 libjvm.so->pthread_attr_setdetachstate(0x2b056af24c00, 1, 0, 0) = 0
22871   0.000595 libpthread.so.0->__clone(0x2b056b011de0, 0x2b05838fffc0, 0x3d0f00, 0x2b0583900700) = 0x5958
22871   0.017961 libjvm.so->pthread_attr_setdetachstate(0x2b056af24290, 1, 0, 0) = 0
22871   0.000743 libpthread.so.0->__clone(0x2b056b011de0, 0x2b0583a00fc0, 0x3d0f00, 0x2b0583a01700) = 0x5959
22871   0.007357 libjvm.so->pthread_attr_setdetachstate(0x2b056af24610, 1, 0, 0) = 0
22871   0.000844 libpthread.so.0->__clone(0x2b056b011de0, 0x2b0583b01fc0, 0x3d0f00, 0x2b0583b02700) = 0x595a
22871   0.048140 libjvm.so->fopen(0x2b05700ec390, 0x2b056c7a7ccb, 4, 0x6f732e70) = 0x2b05700f1cd0
22871   0.003503 libjvm.so->dlopen(0x2b05700ec390, 1, 0xffffffff, 0x2b05700ec200) = 0x2b0570057be0
22871   0.008215 libjvm.so->open64(0x2b056af23510, 0, 0, 16) = 5
22871   0.001041 libjvm.so->__fxstat64(1, 5, 0x2b056af23340, -1) = 0
22871   0.021708 libjvm.so->fopen(0x2b056af20130, 0x2b056c7a7ccb, 4011, 3996) = 0x2b05700fcc60
22871   0.001229 libjvm.so->fopen(0x2b056af20130, 0x2b056c7a7ccb, 4011, 3996) = 0x2b05700fcc60
22871   0.001525 libjvm.so->fopen(0x2b056af20130, 0x2b056c7a7ccb, 4011, 4004) = 0x2b05700fcc60
22871   0.017831 libjvm.so->pthread_attr_setdetachstate(0x2b056af24b50, 1, 0, 0) = 0
22871   0.001046 libpthread.so.0->__clone(0x2b056b011de0, 0x2b0583c02fc0, 0x3d0f00, 0x2b0583c03700) = 0x595c
22871   0.001593 libjvm.so->__xstat64(1, 0x2b056af24be0, 0x2b056af24b50, 19) = -1
22871   0.001160 libjvm.so->pthread_attr_setdetachstate(0x2b056af24950, 1, 0, 0) = 0
22871   0.002508 libpthread.so.0->__clone(0x2b056b011de0, 0x2b0583d03fc0, 0x3d0f00, 0x2b0583d04700) = 0x595d
22871   0.006804 libjvm.so->pthread_attr_setdetachstate(0x2b056af24950, 1, 0, 0) = 0
22871   0.001365 libpthread.so.0->__clone(0x2b056b011de0, 0x2b0583e04fc0, 0x3d0f00, 0x2b0583e05700) = 0x595e
22871   0.008671 libjvm.so->pthread_attr_setdetachstate(0x2b056af24aa0, 1, 0, 0) = 0
22871   0.002055 libpthread.so.0->__clone(0x2b056b011de0, 0x2b0583f05fc0, 0x3d0f00, 0x2b0583f06700) = 0x595f
22871   0.002431 libjvm.so->pthread_attr_setdetachstate(0x2b056af24bb0, 1, 0, 0) = 0
22871   0.001580 libpthread.so.0->__clone(0x2b056b011de0, 0x2b0596642fc0, 0x3d0f00, 0x2b0596643700) = 0x5960
22871   0.016332 libjvm.so->open64(0x2b057012e9b0, 0, 0, 48) = 7
22871   0.002076 libjvm.so->__fxstat64(1, 7, 0x2b056af21f60, -1) = 0
22871   0.028352 libjvm.so->fopen(0x2b0570154670, 0x2b056c7a7ccb, 4, 0x6f732e6f) = 0x2b0570154730
22871   0.004423 libjvm.so->dlopen(0x2b0570154670, 1, 0xffffffff, 0x2b0570154600) = 0x2b0570154730
22871   0.143584 libjvm.so->fopen(0x2b0570192740, 0x2b056c7a7ccb, 4, 0x6f732e74) = 0x2b05701959f0
22871   0.003871 libjvm.so->dlopen(0x2b0570192740, 1, 0xffffffff, 0x2b0570195900) = 0x2b057019fda0
22871   0.148652 libjvm.so->fopen(0x2b0570220da0, 0x2b056c7a7ccb, 0x6f732e7373656c, 0x656c646165685f74) = 0x2b0570220e80
22871   0.004557 libjvm.so->dlopen(0x2b0570220da0, 1, 0xffffffff, 0x2b0570220e00) = 0x2b0570220e80
22871   0.023096 libjvm.so->fopen(0x2b056af1d990, 0x2b056c7a7ccb, 0x6f732e, 0x6d766a62696c2f72) = 0x2b057022acd0
22871   0.008225 libjvm.so->dlopen(0x2b056af1d990, 1, 0xffffffff, 0x2b057022a200) = 0x55ba7d0894c0
22871   0.001751 libjvm.so->fopen(0x2b056af1d990, 0x2b056c7a7ccb, 0x6f732e, 0x6d766a62696c2f72) = 0x2b057022ac70
22871   0.006160 libjvm.so->dlopen(0x2b056af1d990, 1, 0xffffffff, 0x2b057022a200) = 0x55ba7d0894c0
22871   0.003035 libjvm.so->fopen(0x2b056af1d990, 0x2b056c7a7ccb, 0x6f732e, 0x6d766a62696c2f72) = 0x2b057022ac70
22871   0.004455 libjvm.so->dlopen(0x2b056af1d990, 1, 0xffffffff, 0x2b057022a200) = 0x55ba7d0894c0
22871   0.001764 libjvm.so->fopen(0x2b056af1d990, 0x2b056c7a7ccb, 0x6f732e, 0x6d766a62696c2f72) = 0x2b057022ac70
22871   0.003975 libjvm.so->dlopen(0x2b056af1d990, 1, 0xffffffff, 0x2b057022a200) = 0x55ba7d0894c0
22871   0.443870 --- SIGSEGV (Segmentation fault) ---
22871   3.173789 --- SIGSEGV (Segmentation fault) ---
22880   9.356366 +++ exited (status 0) +++
22876   0.000366 +++ exited (status 0) +++
22872   0.000230 +++ exited (status 0) +++
22871   0.000239 +++ exited (status 0) +++
22879   0.000367 +++ exited (status 0) +++
22877   0.000031 +++ exited (status 0) +++
22874   0.000012 +++ exited (status 0) +++
22873   0.000011 +++ exited (status 0) +++
22878   0.015267 +++ exited (status 0) +++
22866   0.000081 +++ exited (status 0) +++
Wrote an ltrace for command: "java -cp ./tools/maxent.jar density.MaxEnt -s outputs/Australothis_volatilis_Matthews.csv -e data/layers/worldclim -o outputs/Australothis_volatilis_Matthews nowarnings nocache autorun -z" with PID 22863 from PPID 22845 on disc20.crc.nd.edu with result 0
REMOTEHOST=10.17.148.247
MANPATH=/afs/crc.nd.edu/user/n/nkremerh/cctools/share/man/:/afs/crc.nd.edu/group/ccl/software/x86_64/redhat7/ruby/current/share/man:/afs/crc.nd.edu/group/ccl/software/x86_64/redhat7/graphviz/current/share/man:/afs/crc.nd.edu/group/ccl/software/x86_64/redhat7/gnuplot/current/share/man:/afs/crc.nd.edu/group/ccl/software/x86_64/redhat7/git/current/share/man:/afs/crc.nd.edu/group/ccl/software/x86_64/redhat7/condor/current/share/man:/afs/crc.nd.edu/group/ccl/software/x86_64/redhat7/clang/current/share/man:/afs/crc.nd.edu/group/ccl/software/x86_64/redhat7/condor/current/share/man:/afs/crc.nd.edu/group/ccl/software/x86_64/redhat7/cctools/current/share/man:/afs/crc.nd.edu/group/ccl/software/x86_64/redhat7/cctools/current/share/man:/afs/crc.nd.edu/x86_64_linux/Modules/4.5.0/share/man:/opt/crc/usr/local/man:/opt/sge/man:/usr/share/man/overrides:/usr/share/man:/usr/local/share/man
_CONDOR_JOB_PIDS=
XDG_SESSION_ID=2686
HOSTNAME=disc01.crc.nd.edu
_LMFILES__modshare=/afs/crc.nd.edu/x86_64_linux/Modules/modules/system_modules/CRC_default/1.1:1
MODULEPATH_modshare=/afs/crc.nd.edu/x86_64_linux/Modules/modules/general_software:1:/afs/crc.nd.edu/x86_64_linux/Modules/modules/development_tools_and_libraries:1:/afs/crc.nd.edu/x86_64_linux/Modules/modules/system_modules:1:/afs/crc.nd.edu/x86_64_linux/Modules/current/modulefiles:1:/afs/crc.nd.edu/x86_64_linux/Modules/modules/restricted_software:1:/afs/crc.nd.edu/x86_64_linux/Modules/modules/deprecated_software:1
_CONDOR_ANCESTOR_3560=15197:1599499132:3669882436
TERM=xterm-256color
SHELL=/bin/tcsh
HOST=disc01.crc.nd.edu
MODULES_CMD=/afs/crc.nd.edu/x86_64_linux/Modules/4.5.0/libexec/modulecmd.tcl
HISTSIZE=5000
MAKEFLAGS=
SSH_CLIENT=10.17.148.247 49750 22
TMPDIR=/var/condor/execute/dir_15197/worker-213124-15245/t.999/cctools-temp-t.999.rhcgww
PERL5LIB=/afs/crc.nd.edu/user/n/nkremerh/cctools/lib/perl5/site_perl/5.16.3:/afs/crc.nd.edu/user/n/nkremerh/.perl5/lib/perl5
SGE_CELL=crc
_CONDOR_SCRATCH_DIR=/var/condor/execute/dir_15197
_CONDOR_ANCESTOR_3197=3560:1598183979:2962516177
PERL_MB_OPT=--install_base '/afs/crc.nd.edu/user/n/nkremerh/.perl5/'
SSH_TTY=/dev/pts/0
SGE_LOAD_AVG=load_avg
MAKEFLOW_MAX_LOCAL_JOBS=2
GROUP=campus
USER=nkremerh
_CHIRP_DELAYED_UPDATE_PREFIX=Chirp*
HISTFILESIZE=10000
TEMP=/var/condor/execute/dir_15197/worker-213124-15245/t.999/cctools-temp-t.999.rhcgww
LD_LIBRARY_PATH=/afs/crc.nd.edu/group/ccl/software/x86_64/redhat7/ruby/current/lib:/afs/crc.nd.edu/group/ccl/software/x86_64/redhat7/graphviz/current/lib:/afs/crc.nd.edu/group/ccl/software/x86_64/redhat7/git/current/lib:/afs/crc.nd.edu/group/ccl/software/x86_64/redhat7/condor/current/lib:/afs/crc.nd.edu/group/ccl/software/x86_64/redhat7/clang/current/lib:/afs/crc.nd.edu/group/ccl/software/x86_64/redhat7/condor/current/lib:/afs/crc.nd.edu/group/ccl/software/x86_64/redhat7/cctools/current/lib:/opt/crc/usr/local/lib
BATCH_SYSTEM=HTCondor
MODULES_LMALTNAME=CRC_default/1.1&CRC_default/default&CRC_default
ENV=/afs/crc.nd.edu/x86_64_linux/Modules/4.5.0/init/profile.sh
WORKER_TMPDIR=/var/condor/execute/dir_15197/worker-213124-15245/cache/tmp
HOSTTYPE=x86_64-linux
_CONDOR_HIGHPORT=9999
GLOBUS_GSSAPI_MAX_TLS_PROTOCOL=0
_CONDOR_CHIRP_CONFIG=/var/condor/execute/dir_15197/.chirp.config
MAKELEVEL=1
MFLAGS=
MAIL=/var/spool/mail/nkremerh
PATH=/afs/crc.nd.edu/user/n/nkremerh/cctools/bin:/afs/crc.nd.edu/user/n/nkremerh/miniconda/bin:/afs/crc.nd.edu/group/ccl/software/git:/afs/crc.nd.edu/user/n/nkremerh/.local/bin:/afs/crc.nd.edu/group/ccl/software/x86_64/redhat7/povray/3.7/bin:/afs/crc.nd.edu/user/n/nkremerh/.perl5/bin:/afs/crc.nd.edu/user/n/nkremerh/pegasus/bin:/afs/crc.nd.edu/user/n/nkremerh/nodejs/bin:/afs/crc.nd.edu/user/n/nkremerh/montage/bin:/afs/crc.nd.edu/user/n/nkremerh/latexdiff:/afs/crc.nd.edu/user/n/nkremerh/envtrace:/afs/crc.nd.edu/user/n/nkremerh/endlines:/afs/crc.nd.edu/user/n/nkremerh/cctools/bin:/afs/crc.nd.edu/user/n/nkremerh/.cargo/bin:/afs/crc.nd.edu/group/ccl/software/x86_64/redhat7/ruby/current/bin:/afs/crc.nd.edu/group/ccl/software/x86_64/redhat7/graphviz/current/bin:/afs/crc.nd.edu/group/ccl/software/x86_64/redhat7/gnuplot/current/bin:/afs/crc.nd.edu/group/ccl/software/x86_64/redhat7/git/current/bin:/afs/crc.nd.edu/group/ccl/software/x86_64/redhat7/condor/current/sbin:/afs/crc.nd.edu/group/ccl/software/x86_64/redhat7/condor/current/bin:/afs/crc.nd.edu/group/ccl/software/x86_64/redhat7/cmake/current/bin:/afs/crc.nd.edu/group/ccl/software/x86_64/redhat7/clang/current/bin:/afs/crc.nd.edu/group/ccl/software/x86_64/redhat7/condor/current/sbin:/afs/crc.nd.edu/group/ccl/software/x86_64/redhat7/condor/current/bin:/afs/crc.nd.edu/group/ccl/software/x86_64/redhat7/cctools/current/bin:/afs/crc.nd.edu/x86_64_linux/Modules/4.5.0/bin:/opt/crc/usr/local/bin:/opt/sge/bin/lx-amd64:/usr/local/bin:/usr/bin:/usr/local/sbin:/usr/sbin:/afs/crc.nd.edu/user/c/condor/software/bin:/afs/crc.nd.edu/user/c/condor/software/sbin
CCLSOFTWARE=/afs/crc.nd.edu/group/ccl/software/x86_64/redhat7
PWD=/var/condor/execute/dir_15197/worker-213124-15245/t.999
_LMFILES_=/afs/crc.nd.edu/x86_64_linux/Modules/modules/system_modules/CRC_default/1.1
EDITOR=vim
SGE_EXECD_PORT=6445
LANG=en_US.UTF-8
SGE_QMASTER_PORT=6444
MODULEPATH=/afs/crc.nd.edu/x86_64_linux/Modules/modules/development_tools_and_libraries:/afs/crc.nd.edu/x86_64_linux/Modules/modules/general_software:/afs/crc.nd.edu/x86_64_linux/Modules/modules/restricted_software:/afs/crc.nd.edu/x86_64_linux/Modules/modules/system_modules:/afs/crc.nd.edu/x86_64_linux/Modules/modules/deprecated_software:/afs/crc.nd.edu/x86_64_linux/Modules/current/modulefiles
LOADEDMODULES=CRC_default/1.1
SGE_ROOT=/opt/sge
CCLPLATFORM=x86_64/redhat7
_CONDOR_SLOT=slot1
WORK_QUEUE_SANDBOX=/var/condor/execute/dir_15197/worker-213124-15245
USE_SYSTEMD=true
_CONDOR_LOWPORT=9100
HISTCONTROL=ignoreboth:erasedups
KRB5CCNAME=FILE:/tmp/krb5cc_213124_dlYXoi
GLOBUS_GSSAPI_NAME_COMPATIBILITY=STRICT_RFC2818
HOME=disc01.crc.nd.edu
SHLVL=6
PATH_modshare=/opt/crc/usr/local/bin:1:/opt/sge/bin/lx-amd64:1:/usr/sbin:1:/usr/bin:1:/afs/crc.nd.edu/user/c/condor/software/sbin:1:/usr/local/sbin:1:/afs/crc.nd.edu/user/c/condor/software/bin:1:/usr/local/bin:1
OSTYPE=linux
_CONDOR_MACHINE_AD=/var/condor/execute/dir_15197/.machine.ad
GREP_OPTIONS=--color=auto
DISK=916662
GLOBUS_GSSAPI_MIN_TLS_PROTOCOL=TLS1_VERSION
MANPATH_modshare=/usr/share/man/overrides:1:/usr/local/share/man:1:/usr/share/man:1:/opt/crc/usr/local/man:1:/opt/sge/man:1
MEMORY=15899
PERL_LOCAL_LIB_ROOT=/afs/crc.nd.edu/user/n/nkremerh/.perl5/
BASH_ENV=/afs/crc.nd.edu/x86_64_linux/Modules/4.5.0/init/bash
VENDOR=unknown
TMP=/var/condor/execute/dir_15197/worker-213124-15245/t.999/cctools-temp-t.999.rhcgww
LOGNAME=nkremerh
MACHTYPE=x86_64
CCLHOME=/afs/crc.nd.edu/group/ccl
PYTHONPATH=/afs/crc.nd.edu/user/n/nkremerh/cctools/lib/python3.6/site-packages/
LD_LIBRARY_PATH_modshare=/opt/crc/usr/local/lib:1
SSH_CONNECTION=10.17.148.247 49750 129.74.128.103 22
MODULES_LMALTNAME_modshare=CRC_default/1.1&CRC_default/default&CRC_default:1
MODULESHOME=/afs/crc.nd.edu/x86_64_linux/Modules/4.5.0
_CONDOR_ANCESTOR_15197=15210:1599499133:4196117016
GLOBUS_GSSAPI_CIPHERS=HIGH
GLOBUS_GSSAPI_BACKWARD_COMPATIBLE_MIC=true
LESSOPEN=||/usr/bin/lesspipe.sh %s
OMP_NUM_THREADS=1
_CONDOR_JOB_AD=/var/condor/execute/dir_15197/.job.ad
LOADEDMODULES_modshare=CRC_default/1.1:1
XDG_RUNTIME_DIR=/run/user/213124
SGE_CLUSTER_NAME=CRC
CCTOOLS=../cctools
CORES=4
_CONDOR_JOB_IWD=/var/condor/execute/dir_15197
PERL_MM_OPT=INSTALL_BASE=/afs/crc.nd.edu/user/n/nkremerh/.perl5/
GLOBUS_GSSAPI_SERVER_CIPHER_ORDER=true
BASH_FUNC_module()=() {  unset _mlshdbg;
 if [ "${MODULES_SILENT_SHELL_DEBUG:-0}" = '1' ]; then
 case "$-" in 
 *v*x*)
 set +vx;
 _mlshdbg='vx'
 ;;
 *v*)
 set +v;
 _mlshdbg='v'
 ;;
 *x*)
 set +x;
 _mlshdbg='x'
 ;;
 *)
 _mlshdbg=''
 ;;
 esac;
 fi;
 unset _mlre _mlIFS;
 if [ -n "${IFS+x}" ]; then
 _mlIFS=$IFS;
 fi;
 IFS=' ';
 for _mlv in ${MODULES_RUN_QUARANTINE:-};
 do
 if [ "${_mlv}" = "${_mlv##*[!A-Za-z0-9_]}" -a "${_mlv}" = "${_mlv#[0-9]}" ]; then
 if [ -n "`eval 'echo ${'$_mlv'+x}'`" ]; then
 _mlre="${_mlre:-}${_mlv}_modquar='`eval 'echo ${'$_mlv'}'`' ";
 fi;
 _mlrv="MODULES_RUNENV_${_mlv}";
 _mlre="${_mlre:-}${_mlv}='`eval 'echo ${'$_mlrv':-}'`' ";
 fi;
 done;
 if [ -n "${_mlre:-}" ]; then
 eval `eval ${_mlre}/usr/bin/tclsh /afs/crc.nd.edu/x86_64_linux/Modules/4.5.0/libexec/modulecmd.tcl bash '"$@"'`;
 else
 eval `/usr/bin/tclsh /afs/crc.nd.edu/x86_64_linux/Modules/4.5.0/libexec/modulecmd.tcl bash "$@"`;
 fi;
 _mlstatus=$?;
 if [ -n "${_mlIFS+x}" ]; then
 IFS=$_mlIFS;
 else
 unset IFS;
 fi;
 unset _mlre _mlv _mlrv _mlIFS;
 if [ -n "${_mlshdbg:-}" ]; then
 set -$_mlshdbg;
 fi;
 unset _mlshdbg;
 return $_mlstatus
}
BASH_FUNC_ml()=() {  module ml "$@"
}
_=/usr/bin/printenv
