32200   0.000000 libjli.so->getenv("_JAVA_LAUNCHER_DEBUG") = nil
32200   0.001817 libjli.so->getenv("_JAVA_VERSION_SET") = nil
32200   0.000808 libjli.so->fopen("/usr/lib/jvm/java-1.8.0-openjdk-1.8.0.262.b10-0.el7_8.x86_64/jre/lib/amd64/jvm.cfg", "r") = 0x55b89cbbd0e0
32200   0.000802 libjli.so->getenv("JDK_ALTERNATE_VM") = nil
32200   0.000323 libjli.so->__xstat(1, "/usr/lib/jvm/java-1.8.0-openjdk-1.8.0.262.b10-0.el7_8.x86_64/jre/lib/amd64/server/libjvm.so", 0x7ffe11655490) = 0
32200   0.000585 libjli.so->getenv("LD_LIBRARY_PATH") = "/afs/crc.nd.edu/group/ccl/software/x86_64/redhat7/ruby/current/lib:/afs/crc.nd.edu/group/ccl/software/x86_64/redhat7/graphviz/current/lib:/afs/crc.nd.edu/group/ccl/software/x86_64/redhat7/git/current/lib:/afs/crc.nd.edu/group/ccl/software/x86_64/redhat7/condor/current/lib:/afs/crc.nd.edu/group/ccl/software/x86_64/redhat7/clang/current/lib:/afs/crc.nd.edu/group/ccl/software/x86_64/redhat7/condor/current/lib:/afs/crc.nd.edu/group/ccl/software/x86_64/redhat7/cctools/current/lib:/opt/crc/usr/local/lib"
32200   0.002155 libjli.so->dlopen("/usr/lib/jvm/java-1.8.0-openjdk-1.8.0.262.b10-0.el7_8.x86_64/jre/lib/amd64/server/libjvm.so", 258 <unfinished ...>
32200   0.037538 libjvm.so->getenv("NMT_LEVEL_32200") = nil
32200   0.001603 <... dlopen resumed> )          = 0x55b89cbbd4b0
32200   0.000077 libjli.so->getenv("CLASSPATH")  = nil
32200   0.000305 libjli.so->getenv("_JAVA_SPLASH_JAR") = nil
32200   0.000303 libjli.so->getenv("_JAVA_SPLASH_FILE") = nil
32200   0.000382 libjli.so->pthread_attr_setdetachstate(0x7ffe11655440, 0, 0x7ffe116554d0, 0) = 0
32200   0.000484 libpthread.so.0->__clone(0x2b4921ab8de0, 0x2b49219cbfc0, 0x3d0f00, 0x2b49219cc700) = 0x7dc9
32201   0.001487 libjvm.so->dlopen(0x2b49232979ae, 1, 0xfffffffffff42c48, 4096) = 0x2b4924000990
32201   0.002427 libjvm.so->getenv(0x2b49232b283e, 0, 115, 0x65737361) = 0x7ffe1165a680
32201   0.000443 libjvm.so->fopen(0x2b49219cac10, 0x2b492324eccb, 0x6f732e79666972, 0x2b4922390ab0) = 0x2b4924001440
32201   0.001533 libjvm.so->dlopen(0x2b49219cac10, 1, 0xffffffff, 0x2b4924002b00) = 0x2b4924001440
32201   0.001460 libjvm.so->fopen(0x2b49219cac10, 0x2b492324eccb, 111, 0x732e6176) = 0x2b4924001b10
32201   0.001555 libjvm.so->dlopen(0x2b49219cac10, 1, 0xffffffff, 0x2b4924001a00) = 0x2b4924001b10
32201   0.001547 libjvm.so->__xstat(1, 0x2b49219cb360, 0x2b49219cbba0, 0x746f7073746f682e) = -1
32201   0.000459 libjvm.so->getenv(0x2b4923247541, 0x2b49219cb6d0, 1024, 0x2b492370161b) = 0
32201   0.000460 libjvm.so->getenv(0x2b4923247533, 0x2b49219cb6d0, 1024, 0) = 0
32201   0.000457 libjvm.so->fopen(0x2b4923297315, 0x2b492324eccb, 4095, 0xffffd4b6dcdb8b03) = 0x2b4924003310
32201   0.001070 libjvm.so->fopen(0x2b4923297361, 0x2b492324eccb, 0x2b4924000078, 0x2b4924003300) = 0x2b4924003310
32201   0.000714 libjvm.so->fopen(0x2b49219c59b0, 0x2b492324eccb, 4014, 3995) = 0x2b4924003310
32201   0.000641 libjvm.so->opendir(0x2b4924002b40, 0x2b4924002b40, 13, 16) = 0
32201   0.000485 libjvm.so->__xstat(1, 0x2b49219ca8f0, 0x2b49219c9860, 0x6f732e7477616d62) = -1
32201   0.000469 libjvm.so->__xstat(1, 0x2b49219ca8f0, 0x2b49219c9860, 0x5f74776162696c2f) = 0
32201   0.000608 libjvm.so->fopen(0x2b49219c9b90, 0x2b492324eccb, 4009, 3994) = 0x2b49240037f0
32201   0.000680 libjvm.so->fopen(0x2b49219c9b90, 0x2b492324eccb, 4009, 3994) = 0x2b49240037f0
32201   0.000642 libjvm.so->fopen(0x2b49219c9b90, 0x2b492324eccb, 4009, 4002) = 0x2b49240037f0
32201   0.000725 libjvm.so->fopen(0x2b49219c9b20, 0x2b492324eccb, 4009, 3994) = 0x2b49240037f0
32201   0.000614 libjvm.so->fopen(0x2b49219c9b20, 0x2b492324eccb, 4009, 3994) = 0x2b49240037f0
32201   0.000595 libjvm.so->fopen(0x2b49219c9b20, 0x2b492324eccb, 4009, 4002) = 0x2b49240037f0
32201   0.000676 libjvm.so->fopen(0x2b49219c9b50, 0x2b492324eccb, 4014, 3995) = 0x2b49240037f0
32201   0.000823 libjvm.so->getenv(0x2b49232980ff, 4096, 3, -1) = 0
32201   0.000892 libjvm.so->fopen(0x2b4923297998, 0x2b492324eccb, 0x2b4921aaf908, 0x2b4921aaedf0) = 0x2b49240037f0
32201   0.004598 libjvm.so->open(0x2b492404a5e0, 0x20000, 0, 0x2b492404a629) = 3
32201   0.000545 libjvm.so->__fxstat(1, 3, 0x2b49219cba00, -1) = 0
32201   0.000489 libjvm.so->opendir(0x2b492404a5e0, 0x2b49219cba00, 0x4000, -1) = 0x2b492404b4f0
32201   0.000598 libjvm.so->__fxstat(1, 3, 0x2b49219cb8a0, 0x2b492404b4f0) = 0
32201   0.000452 libjvm.so->__fxstat(1, 5, 0x2b49219cb930, -1) = 0
32201   0.000592 libjvm.so->open(0x2b49232659dc, 0, 0, 0) = 3
32201   0.000682 libjvm.so->__lxstat(1, 0x2b492404a5e0, 0x2b49219cbb50, -144) = 0
32201   0.000477 libjvm.so->open(0x2b492404a5e0, 0x20000, 0x4000, -1) = 3
32201   0.000467 libjvm.so->__fxstat(1, 3, 0x2b49219cba00, -1) = 0
32201   0.000473 libjvm.so->opendir(0x2b492404a5e0, 0x2b49219cba00, 0x4000, -1) = 0x2b492404b4f0
32201   0.000470 libjvm.so->__fxstat(1, 3, 0x2b49219cb8a0, 0x2b492404b4f0) = 0
32201   0.000474 libjvm.so->__fxstat(1, 5, 0x2b49219cb930, -1) = 0
32201   0.000475 libjvm.so->open(0x2b49232659dc, 0, 0, 0) = 3
32201   0.000489 libjvm.so->open(0x2b492404a629, 0x20042, 384, -1) = 7
32201   0.000581 libjvm.so->__fxstat(1, 7, 0x2b49219cbb50, -1) = 0
32201   0.001640 libjvm.so->fopen(0x2b49219cab60, 0x2b492324eccb, 4, 0x6f732e70) = 0x2b4924057c40
32201   0.001471 libjvm.so->dlopen(0x2b49219cab60, 1, 0xffffffff, 0x2b4924057b00) = 0x2b4924057c40
32201   0.001499 libjvm.so->__xstat(1, 0x2b49219cb120, 0x2b49219cb950, 2048) = 0
32201   0.000465 libjvm.so->__xstat(1, 0x2b49219cb120, 0x2b49219cb950, 2048) = 0
32201   0.000451 libjvm.so->__xstat(1, 0x2b49219cb120, 0x2b49219cb950, 2048) = -1
32201   0.000450 libjvm.so->__xstat(1, 0x2b49219cb120, 0x2b49219cb950, 2048) = 0
32201   0.000443 libjvm.so->__xstat(1, 0x2b49219cb120, 0x2b49219cb950, 2048) = 0
32201   0.000450 libjvm.so->__xstat(1, 0x2b49219cb120, 0x2b49219cb950, 2048) = 0
32201   0.000459 libjvm.so->__xstat(1, 0x2b49219cb120, 0x2b49219cb950, 2048) = 0
32201   0.000430 libjvm.so->__xstat(1, 0x2b49219cb120, 0x2b49219cb950, 2048) = -1
32201   0.000479 libjvm.so->fopen(0x2b4924002520, 0x2b492324eccb, 0, 0) = 0x2b4924058ae0
32201   0.008219 libjvm.so->open64(0x2b49219ca410, 0, 0, 16) = 3
32201   0.000481 libjvm.so->__fxstat64(1, 3, 0x2b49219ca240, -1) = 0
32201   0.035477 libjvm.so->__xstat(1, 0x2b49219caf20, 0x2b49219cb750, 2048) = -1
32201   0.000669 libjvm.so->fopen(0x2b49219c9b20, 0x2b492324eccb, 4009, 3994) = 0x2b49240b5fa0
32201   0.000898 libjvm.so->fopen(0x2b49219c9b20, 0x2b492324eccb, 4009, 3994) = 0x2b49240b5fa0
32201   0.000652 libjvm.so->fopen(0x2b49219c9b20, 0x2b492324eccb, 4009, 4002) = 0x2b49240b5fa0
32201   0.004072 libjvm.so->pthread_attr_setdetachstate(0x2b49219cbc00, 1, 0, 0) = 0
32201   0.000529 libpthread.so.0->__clone(0x2b4921ab8de0, 0x2b493a349fc0, 0x3d0f00, 0x2b493a34a700) = 0x7dca
32201   0.015424 libjvm.so->pthread_attr_setdetachstate(0x2b49219cb290, 1, 0, 0) = 0
32201   0.000706 libpthread.so.0->__clone(0x2b4921ab8de0, 0x2b493a44afc0, 0x3d0f00, 0x2b493a44b700) = 0x7dcb
32201   0.006860 libjvm.so->pthread_attr_setdetachstate(0x2b49219cb610, 1, 0, 0) = 0
32201   0.000788 libpthread.so.0->__clone(0x2b4921ab8de0, 0x2b493a54bfc0, 0x3d0f00, 0x2b493a54c700) = 0x7dcc
32201   0.039621 libjvm.so->fopen(0x2b49240e55e0, 0x2b492324eccb, 4, 0x6f732e70) = 0x2b49240f1d00
32201   0.002006 libjvm.so->dlopen(0x2b49240e55e0, 1, 0xffffffff, 0x2b49240ec300) = 0x2b4924057c40
32201   0.005014 libjvm.so->open64(0x2b49219ca510, 0, 0, 16) = 5
32201   0.000970 libjvm.so->__fxstat64(1, 5, 0x2b49219ca340, -1) = 0
32201   0.019426 libjvm.so->fopen(0x2b49219c7130, 0x2b492324eccb, 4009, 3994) = 0x2b49240fcca0
32201   0.001175 libjvm.so->fopen(0x2b49219c7130, 0x2b492324eccb, 4009, 3994) = 0x2b49240fcca0
32201   0.001141 libjvm.so->fopen(0x2b49219c7130, 0x2b492324eccb, 4009, 4002) = 0x2b49240fcca0
32201   0.015442 libjvm.so->pthread_attr_setdetachstate(0x2b49219cbb50, 1, 0, 0) = 0
32201   0.000958 libpthread.so.0->__clone(0x2b4921ab8de0, 0x2b493a64cfc0, 0x3d0f00, 0x2b493a64d700) = 0x7dcd
32201   0.001505 libjvm.so->__xstat64(1, 0x2b49219cbbe0, 0x2b49219cbb50, 19) = -1
32201   0.001230 libjvm.so->pthread_attr_setdetachstate(0x2b49219cb950, 1, 0, 0) = 0
32201   0.001173 libpthread.so.0->__clone(0x2b4921ab8de0, 0x2b493a74dfc0, 0x3d0f00, 0x2b493a74e700) = 0x7dce
32201   0.001706 libjvm.so->pthread_attr_setdetachstate(0x2b49219cb950, 1, 0, 0) = 0
32201   0.001312 libpthread.so.0->__clone(0x2b4921ab8de0, 0x2b493a84efc0, 0x3d0f00, 0x2b493a84f700) = 0x7dcf
32201   0.007162 libjvm.so->pthread_attr_setdetachstate(0x2b49219cbaa0, 1, 0, 0) = 0
32201   0.001380 libpthread.so.0->__clone(0x2b4921ab8de0, 0x2b493a94ffc0, 0x3d0f00, 0x2b493a950700) = 0x7dd1
32201   0.002065 libjvm.so->pthread_attr_setdetachstate(0x2b49219cbbb0, 1, 0, 0) = 0
32201   0.001570 libpthread.so.0->__clone(0x2b4921ab8de0, 0x2b493aa50fc0, 0x3d0f00, 0x2b493aa51700) = 0x7dd2
32201   0.015145 libjvm.so->open64(0x2b4924136930, 0, 0, 48) = 7
32201   0.001751 libjvm.so->__fxstat64(1, 7, 0x2b49219c8f60, -1) = 0
32201   0.025468 libjvm.so->fopen(0x2b492415c730, 0x2b492324eccb, 4, 0x6f732e6f) = 0x2b492415c7f0
32201   0.003422 libjvm.so->dlopen(0x2b492415c730, 1, 0xffffffff, 0x2b492415c700) = 0x2b492415c7f0
32201   0.100024 libjvm.so->fopen(0x2b49219c5e40, 0x2b492324eccb, 0x6f732e, 0x6d766a62696c2f72) = 0x2b4924171f60
32201   0.006447 libjvm.so->dlopen(0x2b49219c5e40, 1, 0xffffffff, 0x2b4924171e00) = 0x55b89cbbd4b0
32201   0.001709 libjvm.so->fopen(0x2b49219c5e40, 0x2b492324eccb, 0x6f732e, 0x6d766a62696c2f72) = 0x2b4924172360
32201   0.004980 libjvm.so->dlopen(0x2b49219c5e40, 1, 0xffffffff, 0x2b4924171e00) = 0x55b89cbbd4b0
32201   0.001699 libjvm.so->fopen(0x2b49219c5e40, 0x2b492324eccb, 0x6f732e, 0x6d766a62696c2f72) = 0x2b4924171f60
32201   0.003275 libjvm.so->dlopen(0x2b49219c5e40, 1, 0xffffffff, 0x2b4924171e00) = 0x55b89cbbd4b0
32201   0.001698 libjvm.so->fopen(0x2b49219c5e40, 0x2b492324eccb, 0x6f732e, 0x6d766a62696c2f72) = 0x2b4924171f60
32201   0.003300 libjvm.so->dlopen(0x2b49219c5e40, 1, 0xffffffff, 0x2b4924171e00) = 0x55b89cbbd4b0
32201   0.048419 libjvm.so->fopen(0x2b49241ad5c0, 0x2b492324eccb, 4, 0x6f732e74) = 0x2b49241c53a0
32201   0.003600 libjvm.so->dlopen(0x2b49241ad5c0, 1, 0xffffffff, 0x2b49241b7500) = 0x2b49241c53a0
32201   0.151883 libjvm.so->fopen(0x2b49242505d0, 0x2b492324eccb, 0x6f732e7373656c, 0x656c646165685f74) = 0x2b49242506b0
32201   0.003079 libjvm.so->dlopen(0x2b49242505d0, 1, 0xffffffff, 0x2b4924250600) = 0x2b49242506b0
32210   0.039848 +++ exited (status 0) +++
32202   0.000608 +++ exited (status 0) +++
32201   0.000257 +++ exited (status 0) +++
32209   0.000256 +++ exited (status 1) +++
32206   0.000020 +++ exited (status 1) +++
32205   0.000014 +++ exited (status 1) +++
32204   0.000013 +++ exited (status 1) +++
32203   0.000015 +++ exited (status 1) +++
32207   0.005386 +++ exited (status 1) +++
32200   0.000038 +++ exited (status 1) +++
Wrote an ltrace for command: "java -cp ./tools/maxent.jar density.Project outputs/Pityophthorus_carinulatus_Swaine/Pityophthorus_carinulatus_Swaine.lambdas data/layers/worldclim outputs/Pityophthorus_carinulatus_Swaine_worldclim.asc nowarnings nocache autorun -z" with PID 32198 from PPID 32182 on disc24.crc.nd.edu with result 1
REMOTEHOST=129.74.154.87
_CONDOR_JOB_PIDS=
MANPATH=/afs/crc.nd.edu/user/n/nkremerh/cctools/share/man/:/afs/crc.nd.edu/group/ccl/software/x86_64/redhat7/ruby/current/share/man:/afs/crc.nd.edu/group/ccl/software/x86_64/redhat7/graphviz/current/share/man:/afs/crc.nd.edu/group/ccl/software/x86_64/redhat7/gnuplot/current/share/man:/afs/crc.nd.edu/group/ccl/software/x86_64/redhat7/git/current/share/man:/afs/crc.nd.edu/group/ccl/software/x86_64/redhat7/condor/current/share/man:/afs/crc.nd.edu/group/ccl/software/x86_64/redhat7/clang/current/share/man:/afs/crc.nd.edu/group/ccl/software/x86_64/redhat7/condor/current/share/man:/afs/crc.nd.edu/group/ccl/software/x86_64/redhat7/cctools/current/share/man:/afs/crc.nd.edu/group/ccl/software/x86_64/redhat7/cctools/current/share/man:/afs/crc.nd.edu/x86_64_linux/Modules/4.5.0/share/man:/opt/crc/usr/local/man:/opt/sge/man:/usr/share/man/overrides:/usr/share/man:/usr/local/share/man
XDG_SESSION_ID=2226
HOSTNAME=disc01.crc.nd.edu
_CONDOR_ANCESTOR_3558=3653:1596369982:487954646
_LMFILES__modshare=/afs/crc.nd.edu/x86_64_linux/Modules/modules/system_modules/CRC_default/1.1:1
MODULEPATH_modshare=/afs/crc.nd.edu/x86_64_linux/Modules/modules/general_software:1:/afs/crc.nd.edu/x86_64_linux/Modules/modules/development_tools_and_libraries:1:/afs/crc.nd.edu/x86_64_linux/Modules/modules/system_modules:1:/afs/crc.nd.edu/x86_64_linux/Modules/current/modulefiles:1:/afs/crc.nd.edu/x86_64_linux/Modules/modules/restricted_software:1:/afs/crc.nd.edu/x86_64_linux/Modules/modules/deprecated_software:1
MODULES_CMD=/afs/crc.nd.edu/x86_64_linux/Modules/4.5.0/libexec/modulecmd.tcl
HOST=disc01.crc.nd.edu
SHELL=/bin/tcsh
TERM=xterm-256color
MAKEFLAGS=
HISTSIZE=5000
TMPDIR=/var/condor/execute/dir_20558/worker-213124-20636/t.1649/cctools-temp-t.1649.NCwU7M
SSH_CLIENT=129.74.154.87 57278 22
PERL5LIB=/afs/crc.nd.edu/user/n/nkremerh/cctools/lib/perl5/site_perl/5.16.3:/afs/crc.nd.edu/user/n/nkremerh/.perl5/lib/perl5
SGE_CELL=crc
_CONDOR_SCRATCH_DIR=/var/condor/execute/dir_20558
PERL_MB_OPT=--install_base '/afs/crc.nd.edu/user/n/nkremerh/.perl5/'
SSH_TTY=/dev/pts/0
SGE_LOAD_AVG=load_avg
MAKEFLOW_MAX_LOCAL_JOBS=2
HISTFILESIZE=10000
_CHIRP_DELAYED_UPDATE_PREFIX=Chirp*
USER=nkremerh
GROUP=campus
LD_LIBRARY_PATH=/afs/crc.nd.edu/group/ccl/software/x86_64/redhat7/ruby/current/lib:/afs/crc.nd.edu/group/ccl/software/x86_64/redhat7/graphviz/current/lib:/afs/crc.nd.edu/group/ccl/software/x86_64/redhat7/git/current/lib:/afs/crc.nd.edu/group/ccl/software/x86_64/redhat7/condor/current/lib:/afs/crc.nd.edu/group/ccl/software/x86_64/redhat7/clang/current/lib:/afs/crc.nd.edu/group/ccl/software/x86_64/redhat7/condor/current/lib:/afs/crc.nd.edu/group/ccl/software/x86_64/redhat7/cctools/current/lib:/opt/crc/usr/local/lib
TEMP=/var/condor/execute/dir_20558/worker-213124-20636/t.1649/cctools-temp-t.1649.NCwU7M
_CONDOR_ANCESTOR_3653=20558:1597419250:2146104683
BATCH_SYSTEM=HTCondor
WORKER_TMPDIR=/var/condor/execute/dir_20558/worker-213124-20636/cache/tmp
ENV=/afs/crc.nd.edu/x86_64_linux/Modules/4.5.0/init/profile.sh
MODULES_LMALTNAME=CRC_default/1.1&CRC_default/default&CRC_default
_CONDOR_CHIRP_CONFIG=/var/condor/execute/dir_20558/.chirp.config
GLOBUS_GSSAPI_MAX_TLS_PROTOCOL=0
_CONDOR_HIGHPORT=9999
HOSTTYPE=x86_64-linux
MAKELEVEL=1
MFLAGS=
CCLSOFTWARE=/afs/crc.nd.edu/group/ccl/software/x86_64/redhat7
PATH=/afs/crc.nd.edu/user/n/nkremerh/cctools/bin:/afs/crc.nd.edu/user/n/nkremerh/miniconda/bin:/afs/crc.nd.edu/group/ccl/software/git:/afs/crc.nd.edu/user/n/nkremerh/.local/bin:/afs/crc.nd.edu/group/ccl/software/x86_64/redhat7/povray/3.7/bin:/afs/crc.nd.edu/user/n/nkremerh/.perl5/bin:/afs/crc.nd.edu/user/n/nkremerh/pegasus/bin:/afs/crc.nd.edu/user/n/nkremerh/nodejs/bin:/afs/crc.nd.edu/user/n/nkremerh/montage/bin:/afs/crc.nd.edu/user/n/nkremerh/latexdiff:/afs/crc.nd.edu/user/n/nkremerh/envtrace:/afs/crc.nd.edu/user/n/nkremerh/endlines:/afs/crc.nd.edu/user/n/nkremerh/cctools/bin:/afs/crc.nd.edu/user/n/nkremerh/.cargo/bin:/afs/crc.nd.edu/group/ccl/software/x86_64/redhat7/ruby/current/bin:/afs/crc.nd.edu/group/ccl/software/x86_64/redhat7/graphviz/current/bin:/afs/crc.nd.edu/group/ccl/software/x86_64/redhat7/gnuplot/current/bin:/afs/crc.nd.edu/group/ccl/software/x86_64/redhat7/git/current/bin:/afs/crc.nd.edu/group/ccl/software/x86_64/redhat7/condor/current/sbin:/afs/crc.nd.edu/group/ccl/software/x86_64/redhat7/condor/current/bin:/afs/crc.nd.edu/group/ccl/software/x86_64/redhat7/cmake/current/bin:/afs/crc.nd.edu/group/ccl/software/x86_64/redhat7/clang/current/bin:/afs/crc.nd.edu/group/ccl/software/x86_64/redhat7/condor/current/sbin:/afs/crc.nd.edu/group/ccl/software/x86_64/redhat7/condor/current/bin:/afs/crc.nd.edu/group/ccl/software/x86_64/redhat7/cctools/current/bin:/afs/crc.nd.edu/x86_64_linux/Modules/4.5.0/bin:/opt/crc/usr/local/bin:/opt/sge/bin/lx-amd64:/usr/local/bin:/usr/bin:/usr/local/sbin:/usr/sbin:/afs/crc.nd.edu/user/c/condor/software/bin:/afs/crc.nd.edu/user/c/condor/software/sbin
MAIL=/var/spool/mail/nkremerh
PWD=/var/condor/execute/dir_20558/worker-213124-20636/t.1649
_LMFILES_=/afs/crc.nd.edu/x86_64_linux/Modules/modules/system_modules/CRC_default/1.1
SGE_EXECD_PORT=6445
EDITOR=vim
LANG=en_US.UTF-8
MODULEPATH=/afs/crc.nd.edu/x86_64_linux/Modules/modules/development_tools_and_libraries:/afs/crc.nd.edu/x86_64_linux/Modules/modules/general_software:/afs/crc.nd.edu/x86_64_linux/Modules/modules/restricted_software:/afs/crc.nd.edu/x86_64_linux/Modules/modules/system_modules:/afs/crc.nd.edu/x86_64_linux/Modules/modules/deprecated_software:/afs/crc.nd.edu/x86_64_linux/Modules/current/modulefiles
SGE_QMASTER_PORT=6444
SGE_ROOT=/opt/sge
LOADEDMODULES=CRC_default/1.1
WORK_QUEUE_SANDBOX=/var/condor/execute/dir_20558/worker-213124-20636
_CONDOR_SLOT=slot2_1
CCLPLATFORM=x86_64/redhat7
USE_SYSTEMD=true
_CONDOR_LOWPORT=9100
KRB5CCNAME=FILE:/tmp/krb5cc_213124_jfvfni
HISTCONTROL=ignoreboth:erasedups
_CONDOR_ANCESTOR_20558=20569:1597419253:3780906006
PATH_modshare=/opt/crc/usr/local/bin:1:/opt/sge/bin/lx-amd64:1:/usr/sbin:1:/usr/bin:1:/afs/crc.nd.edu/user/c/condor/software/sbin:1:/usr/local/sbin:1:/afs/crc.nd.edu/user/c/condor/software/bin:1:/usr/local/bin:1
SHLVL=7
HOME=disc01.crc.nd.edu
GLOBUS_GSSAPI_NAME_COMPATIBILITY=STRICT_RFC2818
_CONDOR_MACHINE_AD=/var/condor/execute/dir_20558/.machine.ad
OSTYPE=linux
DISK=18227
GREP_OPTIONS=--color=auto
GLOBUS_GSSAPI_MIN_TLS_PROTOCOL=TLS1_VERSION
MEMORY=1948
MANPATH_modshare=/usr/share/man/overrides:1:/usr/local/share/man:1:/usr/share/man:1:/opt/crc/usr/local/man:1:/opt/sge/man:1
VENDOR=unknown
BASH_ENV=/afs/crc.nd.edu/x86_64_linux/Modules/4.5.0/init/bash
PERL_LOCAL_LIB_ROOT=/afs/crc.nd.edu/user/n/nkremerh/.perl5/
PYTHONPATH=/afs/crc.nd.edu/user/n/nkremerh/cctools/lib/python3.6/site-packages/
CCLHOME=/afs/crc.nd.edu/group/ccl
MACHTYPE=x86_64
LOGNAME=nkremerh
TMP=/var/condor/execute/dir_20558/worker-213124-20636/t.1649/cctools-temp-t.1649.NCwU7M
LD_LIBRARY_PATH_modshare=/opt/crc/usr/local/lib:1
MODULES_LMALTNAME_modshare=CRC_default/1.1&CRC_default/default&CRC_default:1
SSH_CONNECTION=129.74.154.87 57278 129.74.128.103 22
MODULESHOME=/afs/crc.nd.edu/x86_64_linux/Modules/4.5.0
OMP_NUM_THREADS=1
LESSOPEN=||/usr/bin/lesspipe.sh %s
GLOBUS_GSSAPI_BACKWARD_COMPATIBLE_MIC=true
GLOBUS_GSSAPI_CIPHERS=HIGH
LOADEDMODULES_modshare=CRC_default/1.1:1
_CONDOR_JOB_AD=/var/condor/execute/dir_20558/.job.ad
SGE_CLUSTER_NAME=CRC
XDG_RUNTIME_DIR=/run/user/213124
CCTOOLS=../cctools
CORES=2
_CONDOR_JOB_IWD=/var/condor/execute/dir_20558
PERL_MM_OPT=INSTALL_BASE=/afs/crc.nd.edu/user/n/nkremerh/.perl5/
GLOBUS_GSSAPI_SERVER_CIPHER_ORDER=true
BASH_FUNC_module()=() {  unset _mlshdbg;
 if [ "${MODULES_SILENT_SHELL_DEBUG:-0}" = '1' ]; then
 case "$-" in 
 *v*x*)
 set +vx;
 _mlshdbg='vx'
 ;;
 *v*)
 set +v;
 _mlshdbg='v'
 ;;
 *x*)
 set +x;
 _mlshdbg='x'
 ;;
 *)
 _mlshdbg=''
 ;;
 esac;
 fi;
 unset _mlre _mlIFS;
 if [ -n "${IFS+x}" ]; then
 _mlIFS=$IFS;
 fi;
 IFS=' ';
 for _mlv in ${MODULES_RUN_QUARANTINE:-};
 do
 if [ "${_mlv}" = "${_mlv##*[!A-Za-z0-9_]}" -a "${_mlv}" = "${_mlv#[0-9]}" ]; then
 if [ -n "`eval 'echo ${'$_mlv'+x}'`" ]; then
 _mlre="${_mlre:-}${_mlv}_modquar='`eval 'echo ${'$_mlv'}'`' ";
 fi;
 _mlrv="MODULES_RUNENV_${_mlv}";
 _mlre="${_mlre:-}${_mlv}='`eval 'echo ${'$_mlrv':-}'`' ";
 fi;
 done;
 if [ -n "${_mlre:-}" ]; then
 eval `eval ${_mlre}/usr/bin/tclsh /afs/crc.nd.edu/x86_64_linux/Modules/4.5.0/libexec/modulecmd.tcl bash '"$@"'`;
 else
 eval `/usr/bin/tclsh /afs/crc.nd.edu/x86_64_linux/Modules/4.5.0/libexec/modulecmd.tcl bash "$@"`;
 fi;
 _mlstatus=$?;
 if [ -n "${_mlIFS+x}" ]; then
 IFS=$_mlIFS;
 else
 unset IFS;
 fi;
 unset _mlre _mlv _mlrv _mlIFS;
 if [ -n "${_mlshdbg:-}" ]; then
 set -$_mlshdbg;
 fi;
 unset _mlshdbg;
 return $_mlstatus
}
BASH_FUNC_ml()=() {  module ml "$@"
}
_=/usr/bin/printenv
