6054   0.000000 libjli.so->getenv("_JAVA_LAUNCHER_DEBUG") = nil
6054   0.001733 libjli.so->getenv("_JAVA_VERSION_SET") = nil
6054   0.000733 libjli.so->fopen("/usr/lib/jvm/java-1.8.0-openjdk-1.8.0.262.b10-0.el7_8.x86_64/jre/lib/amd64/jvm.cfg", "r") = 0x55c9d43d60e0
6054   0.000944 libjli.so->getenv("JDK_ALTERNATE_VM") = nil
6054   0.000322 libjli.so->__xstat(1, "/usr/lib/jvm/java-1.8.0-openjdk-1.8.0.262.b10-0.el7_8.x86_64/jre/lib/amd64/server/libjvm.so", 0x7ffffa428f40) = 0
6054   0.000634 libjli.so->getenv("LD_LIBRARY_PATH") = "/afs/crc.nd.edu/group/ccl/software/x86_64/redhat7/ruby/current/lib:/afs/crc.nd.edu/group/ccl/software/x86_64/redhat7/graphviz/current/lib:/afs/crc.nd.edu/group/ccl/software/x86_64/redhat7/git/current/lib:/afs/crc.nd.edu/group/ccl/software/x86_64/redhat7/condor/current/lib:/afs/crc.nd.edu/group/ccl/software/x86_64/redhat7/clang/current/lib:/afs/crc.nd.edu/group/ccl/software/x86_64/redhat7/condor/current/lib:/afs/crc.nd.edu/group/ccl/software/x86_64/redhat7/cctools/current/lib:/opt/crc/usr/local/lib"
6054   0.002177 libjli.so->dlopen("/usr/lib/jvm/java-1.8.0-openjdk-1.8.0.262.b10-0.el7_8.x86_64/jre/lib/amd64/server/libjvm.so", 258 <unfinished ...>
6054   0.038605 libjvm.so->getenv("NMT_LEVEL_6054") = nil
6054   0.001670 <... dlopen resumed> )           = 0x55c9d43d64b0
6054   0.000070 libjli.so->getenv("CLASSPATH")   = nil
6054   0.000318 libjli.so->getenv("_JAVA_SPLASH_JAR") = nil
6054   0.000297 libjli.so->getenv("_JAVA_SPLASH_FILE") = nil
6054   0.000305 libjli.so->pthread_attr_setdetachstate(0x7ffffa428ef0, 0, 0x7ffffa428f80, 0) = 0
6054   0.000498 libpthread.so.0->__clone(0x2b91f4c44de0, 0x2b91f4b57fc0, 0x3d0f00, 0x2b91f4b58700) = 6059
6059   0.001834 libjvm.so->dlopen(0x2b91f64239ae, 1, 0xfffffffffff42c48, 4096) = 0x2b91f8000990
6059   0.002408 libjvm.so->getenv(0x2b91f643e83e, 0, 115, 0x65737361) = 0x7ffffa42f6b3
6059   0.000445 libjvm.so->fopen(0x2b91f4b56c10, 0x2b91f63daccb, 0x6f732e79666972, 0x2b91f551cab0) = 0x2b91f8001440
6059   0.001901 libjvm.so->dlopen(0x2b91f4b56c10, 1, 0xffffffff, 0x2b91f8002b00) = 0x2b91f8001440
6059   0.001461 libjvm.so->fopen(0x2b91f4b56c10, 0x2b91f63daccb, 111, 0x732e6176) = 0x2b91f8001b10
6059   0.001515 libjvm.so->dlopen(0x2b91f4b56c10, 1, 0xffffffff, 0x2b91f8001a00) = 0x2b91f8001b10
6059   0.001556 libjvm.so->__xstat(1, 0x2b91f4b57360, 0x2b91f4b57ba0, 0x746f7073746f682e) = -1
6059   0.000448 libjvm.so->getenv(0x2b91f63d3541, 0x2b91f4b576d0, 1024, 0x2b91f688d61b) = 0
6059   0.000496 libjvm.so->getenv(0x2b91f63d3533, 0x2b91f4b576d0, 1024, 0) = 0
6059   0.000438 libjvm.so->fopen(0x2b91f6423315, 0x2b91f63daccb, 4095, 0xffffd46e09c2cb03) = 0x2b91f80032d0
6059   0.001041 libjvm.so->fopen(0x2b91f6423361, 0x2b91f63daccb, 0x2b91f8000078, 0x2b91f80032c0) = 0x2b91f80032d0
6059   0.000706 libjvm.so->fopen(0x2b91f4b519b0, 0x2b91f63daccb, 4016, 3997) = 0x2b91f80032d0
6059   0.000636 libjvm.so->opendir(0x2b91f8002b40, 0x2b91f8002b40, 13, 16) = 0
6059   0.000471 libjvm.so->__xstat(1, 0x2b91f4b568f0, 0x2b91f4b55860, 0x6f732e7477616d62) = -1
6059   0.000445 libjvm.so->__xstat(1, 0x2b91f4b568f0, 0x2b91f4b55860, 0x5f74776162696c2f) = 0
6059   0.000486 libjvm.so->fopen(0x2b91f4b55b90, 0x2b91f63daccb, 4011, 3996) = 0x2b91f80037b0
6059   0.000683 libjvm.so->fopen(0x2b91f4b55b90, 0x2b91f63daccb, 4011, 3996) = 0x2b91f80037b0
6059   0.000630 libjvm.so->fopen(0x2b91f4b55b90, 0x2b91f63daccb, 4011, 4004) = 0x2b91f80037b0
6059   0.000626 libjvm.so->fopen(0x2b91f4b55b20, 0x2b91f63daccb, 4011, 3996) = 0x2b91f80037b0
6059   0.000675 libjvm.so->fopen(0x2b91f4b55b20, 0x2b91f63daccb, 4011, 3996) = 0x2b91f80037b0
6059   0.000697 libjvm.so->fopen(0x2b91f4b55b20, 0x2b91f63daccb, 4011, 4004) = 0x2b91f80037b0
6059   0.000645 libjvm.so->fopen(0x2b91f4b55b50, 0x2b91f63daccb, 4016, 3997) = 0x2b91f80037b0
6059   0.000782 libjvm.so->getenv(0x2b91f64240ff, 4096, 3, -1) = 0
6059   0.000911 libjvm.so->fopen(0x2b91f6423998, 0x2b91f63daccb, 0x2b91f4c3b908, 0x2b91f4c3adf0) = 0x2b91f80037b0
6059   0.004824 libjvm.so->open(0x2b91f804a5a0, 0x20000, 0, 0x2b91f804a5e9) = 3
6059   0.000450 libjvm.so->__fxstat(1, 3, 0x2b91f4b57a00, -1) = 0
6059   0.000469 libjvm.so->opendir(0x2b91f804a5a0, 0x2b91f4b57a00, 0x4000, -1) = 0x2b91f804b4b0
6059   0.000498 libjvm.so->__fxstat(1, 3, 0x2b91f4b578a0, 0x2b91f804b4b0) = 0
6059   0.000426 libjvm.so->__fxstat(1, 5, 0x2b91f4b57930, -1) = 0
6059   0.000509 libjvm.so->open(0x2b91f63f19dc, 0, 0, 0) = 3
6059   0.000688 libjvm.so->__lxstat(1, 0x2b91f804a5a0, 0x2b91f4b57b50, -144) = 0
6059   0.000460 libjvm.so->open(0x2b91f804a5a0, 0x20000, 0x4000, -1) = 3
6059   0.000426 libjvm.so->__fxstat(1, 3, 0x2b91f4b57a00, -1) = 0
6059   0.000457 libjvm.so->opendir(0x2b91f804a5a0, 0x2b91f4b57a00, 0x4000, -1) = 0x2b91f804b4b0
6059   0.000442 libjvm.so->__fxstat(1, 3, 0x2b91f4b578a0, 0x2b91f804b4b0) = 0
6059   0.000475 libjvm.so->__fxstat(1, 5, 0x2b91f4b57930, -1) = 0
6059   0.000486 libjvm.so->open(0x2b91f63f19dc, 0, 0, 0) = 3
6059   0.000545 libjvm.so->open(0x2b91f804a5e9, 0x20042, 384, -1) = 7
6059   0.000623 libjvm.so->__fxstat(1, 7, 0x2b91f4b57b50, -1) = 0
6059   0.001682 libjvm.so->fopen(0x2b91f4b56b60, 0x2b91f63daccb, 4, 0x6f732e70) = 0x2b91f8057c00
6059   0.001523 libjvm.so->dlopen(0x2b91f4b56b60, 1, 0xffffffff, 0x2b91f8057b00) = 0x2b91f8057c00
6059   0.001473 libjvm.so->__xstat(1, 0x2b91f4b57120, 0x2b91f4b57950, 2048) = 0
6059   0.000472 libjvm.so->__xstat(1, 0x2b91f4b57120, 0x2b91f4b57950, 2048) = 0
6059   0.000434 libjvm.so->__xstat(1, 0x2b91f4b57120, 0x2b91f4b57950, 2048) = -1
6059   0.000436 libjvm.so->__xstat(1, 0x2b91f4b57120, 0x2b91f4b57950, 2048) = 0
6059   0.000446 libjvm.so->__xstat(1, 0x2b91f4b57120, 0x2b91f4b57950, 2048) = 0
6059   0.000428 libjvm.so->__xstat(1, 0x2b91f4b57120, 0x2b91f4b57950, 2048) = 0
6059   0.000441 libjvm.so->__xstat(1, 0x2b91f4b57120, 0x2b91f4b57950, 2048) = 0
6059   0.000427 libjvm.so->__xstat(1, 0x2b91f4b57120, 0x2b91f4b57950, 2048) = -1
6059   0.000484 libjvm.so->fopen(0x2b91f8002520, 0x2b91f63daccb, 0, 0) = 0x2b91f8058aa0
6059   0.008905 libjvm.so->open64(0x2b91f4b56410, 0, 0, 16) = 3
6059   0.000479 libjvm.so->__fxstat64(1, 3, 0x2b91f4b56240, -1) = 0
6059   0.036571 libjvm.so->__xstat(1, 0x2b91f4b56f20, 0x2b91f4b57750, 2048) = -1
6059   0.000608 libjvm.so->fopen(0x2b91f4b55b20, 0x2b91f63daccb, 4011, 3996) = 0x2b91f80b1fb0
6059   0.000656 libjvm.so->fopen(0x2b91f4b55b20, 0x2b91f63daccb, 4011, 3996) = 0x2b91f80b1fb0
6059   0.000618 libjvm.so->fopen(0x2b91f4b55b20, 0x2b91f63daccb, 4011, 4004) = 0x2b91f80b1fb0
6059   0.004288 libjvm.so->pthread_attr_setdetachstate(0x2b91f4b57c00, 1, 0, 0) = 0
6059   0.000498 libpthread.so.0->__clone(0x2b91f4c44de0, 0x2b920d4dcfc0, 0x3d0f00, 0x2b920d4dd700) = 6060
6059   0.015497 libjvm.so->pthread_attr_setdetachstate(0x2b91f4b57290, 1, 0, 0) = 0
6059   0.000657 libpthread.so.0->__clone(0x2b91f4c44de0, 0x2b920d5ddfc0, 0x3d0f00, 0x2b920d5de700) = 6061
6059   0.007000 libjvm.so->pthread_attr_setdetachstate(0x2b91f4b57610, 1, 0, 0) = 0
6059   0.000801 libpthread.so.0->__clone(0x2b91f4c44de0, 0x2b920d6defc0, 0x3d0f00, 0x2b920d6df700) = 6062
6059   0.041843 libjvm.so->fopen(0x2b91f80f1810, 0x2b91f63daccb, 4, 0x6f732e70) = 0x2b91f80f1d10
6059   0.002011 libjvm.so->dlopen(0x2b91f80f1810, 1, 0xffffffff, 0x2b91f80e8c00) = 0x2b91f8057c00
6059   0.005059 libjvm.so->open64(0x2b91f4b56510, 0, 0, 16) = 5
6059   0.000941 libjvm.so->__fxstat64(1, 5, 0x2b91f4b56340, -1) = 0
6059   0.019604 libjvm.so->fopen(0x2b91f4b53130, 0x2b91f63daccb, 4011, 3996) = 0x2b91f80fcce0
6059   0.001188 libjvm.so->fopen(0x2b91f4b53130, 0x2b91f63daccb, 4011, 3996) = 0x2b91f80fcce0
6059   0.001378 libjvm.so->fopen(0x2b91f4b53130, 0x2b91f63daccb, 4011, 4004) = 0x2b91f80fcce0
6059   0.017174 libjvm.so->pthread_attr_setdetachstate(0x2b91f4b57b50, 1, 0, 0) = 0
6059   0.000979 libpthread.so.0->__clone(0x2b91f4c44de0, 0x2b920d7dffc0, 0x3d0f00, 0x2b920d7e0700) = 6063
6059   0.001469 libjvm.so->__xstat64(1, 0x2b91f4b57be0, 0x2b91f4b57b50, 18) = -1
6059   0.001188 libjvm.so->pthread_attr_setdetachstate(0x2b91f4b57950, 1, 0, 0) = 0
6059   0.001121 libpthread.so.0->__clone(0x2b91f4c44de0, 0x2b920d8e0fc0, 0x3d0f00, 0x2b920d8e1700) = 6064
6059   0.001634 libjvm.so->pthread_attr_setdetachstate(0x2b91f4b57950, 1, 0, 0) = 0
6059   0.001290 libpthread.so.0->__clone(0x2b91f4c44de0, 0x2b920d9e1fc0, 0x3d0f00, 0x2b920d9e2700) = 6065
6059   0.007734 libjvm.so->pthread_attr_setdetachstate(0x2b91f4b57aa0, 1, 0, 0) = 0
6059   0.001368 libpthread.so.0->__clone(0x2b91f4c44de0, 0x2b920dae2fc0, 0x3d0f00, 0x2b920dae3700) = 6067
6059   0.002283 libjvm.so->pthread_attr_setdetachstate(0x2b91f4b57bb0, 1, 0, 0) = 0
6059   0.001969 libpthread.so.0->__clone(0x2b91f4c44de0, 0x2b920dbe3fc0, 0x3d0f00, 0x2b920dbe4700) = 6068
6059   0.014667 libjvm.so->open64(0x2b91f812e8e0, 0, 0, 32) = 7
6059   0.001764 libjvm.so->__fxstat64(1, 7, 0x2b91f4b54f60, -1) = 0
6059   0.025682 libjvm.so->fopen(0x2b91f8154600, 0x2b91f63daccb, 4, 0x6f732e6f) = 0x2b91f81546c0
6059   0.003127 libjvm.so->dlopen(0x2b91f8154600, 1, 0xffffffff, 0x2b91f8154600) = 0x2b91f81546c0
6059   0.104888 libjvm.so->fopen(0x2b91f4b51e40, 0x2b91f63daccb, 0x6f732e, 0x6d766a62696c2f72) = 0x2b91f816a0e0
6059   0.005911 libjvm.so->dlopen(0x2b91f4b51e40, 1, 0xffffffff, 0x2b91f816a000) = 0x55c9d43d64b0
6059   0.001673 libjvm.so->fopen(0x2b91f4b51e40, 0x2b91f63daccb, 0x6f732e, 0x6d766a62696c2f72) = 0x2b91f816a4e0
6059   0.005087 libjvm.so->dlopen(0x2b91f4b51e40, 1, 0xffffffff, 0x2b91f816a000) = 0x55c9d43d64b0
6059   0.001662 libjvm.so->fopen(0x2b91f4b51e40, 0x2b91f63daccb, 0x6f732e, 0x6d766a62696c2f72) = 0x2b91f816a0e0
6059   0.003299 libjvm.so->dlopen(0x2b91f4b51e40, 1, 0xffffffff, 0x2b91f816a000) = 0x55c9d43d64b0
6059   0.001656 libjvm.so->fopen(0x2b91f4b51e40, 0x2b91f63daccb, 0x6f732e, 0x6d766a62696c2f72) = 0x2b91f816a0e0
6059   0.003348 libjvm.so->dlopen(0x2b91f4b51e40, 1, 0xffffffff, 0x2b91f816a000) = 0x55c9d43d64b0
6059   0.054455 libjvm.so->fopen(0x2b91f81bbef0, 0x2b91f63daccb, 4, 0x6f732e74) = 0x2b91f81d74b0
6059   0.003016 libjvm.so->dlopen(0x2b91f81bbef0, 1, 0xffffffff, 0x2b91f8169d00) = 0x2b91f81d74b0
6059   0.135711 libjvm.so->fopen(0x2b91f82587b0, 0x2b91f63daccb, 0x6f732e7373656c, 0x656c646165685f74) = 0x2b91f8258890
6059   0.003344 libjvm.so->dlopen(0x2b91f82587b0, 1, 0xffffffff, 0x2b91f8258800) = 0x2b91f8258890
6068   0.040853 +++ exited (status 0) +++
6063   0.000306 +++ exited (status 0) +++
6060   0.000327 +++ exited (status 0) +++
6059   0.000260 +++ exited (status 0) +++
6067   0.000254 +++ exited (status 1) +++
6064   0.000026 +++ exited (status 1) +++
6062   0.000017 +++ exited (status 1) +++
6061   0.000015 +++ exited (status 1) +++
6065   0.005119 +++ exited (status 1) +++
6054   0.000040 +++ exited (status 1) +++
Wrote an ltrace for command: "java -cp ./tools/maxent.jar density.Project outputs/Ctenopelma_luciferum/Ctenopelma_luciferum.lambdas data/layers/worldclim outputs/Ctenopelma_luciferum_worldclim.asc nowarnings nocache autorun -z" with PID 6051 from PPID 6035 on disc20.crc.nd.edu with result 1
REMOTEHOST=10.17.150.11
_CONDOR_JOB_PIDS=
MANPATH=/afs/crc.nd.edu/user/n/nkremerh/cctools/share/man/:/afs/crc.nd.edu/group/ccl/software/x86_64/redhat7/ruby/current/share/man:/afs/crc.nd.edu/group/ccl/software/x86_64/redhat7/graphviz/current/share/man:/afs/crc.nd.edu/group/ccl/software/x86_64/redhat7/gnuplot/current/share/man:/afs/crc.nd.edu/group/ccl/software/x86_64/redhat7/git/current/share/man:/afs/crc.nd.edu/group/ccl/software/x86_64/redhat7/condor/current/share/man:/afs/crc.nd.edu/group/ccl/software/x86_64/redhat7/clang/current/share/man:/afs/crc.nd.edu/group/ccl/software/x86_64/redhat7/condor/current/share/man:/afs/crc.nd.edu/group/ccl/software/x86_64/redhat7/cctools/current/share/man:/afs/crc.nd.edu/group/ccl/software/x86_64/redhat7/cctools/current/share/man:/afs/crc.nd.edu/x86_64_linux/Modules/4.5.0/share/man:/opt/crc/usr/local/man:/opt/sge/man:/usr/share/man/overrides:/usr/share/man:/usr/local/share/man
XDG_SESSION_ID=4102
HOSTNAME=disc01.crc.nd.edu
_LMFILES__modshare=/afs/crc.nd.edu/x86_64_linux/Modules/modules/system_modules/CRC_default/1.1:1
_CONDOR_ANCESTOR_3560=24271:1600190001:3669882634
MODULEPATH_modshare=/afs/crc.nd.edu/x86_64_linux/Modules/modules/general_software:1:/afs/crc.nd.edu/x86_64_linux/Modules/modules/development_tools_and_libraries:1:/afs/crc.nd.edu/x86_64_linux/Modules/modules/system_modules:1:/afs/crc.nd.edu/x86_64_linux/Modules/current/modulefiles:1:/afs/crc.nd.edu/x86_64_linux/Modules/modules/restricted_software:1:/afs/crc.nd.edu/x86_64_linux/Modules/modules/deprecated_software:1
MODULES_CMD=/afs/crc.nd.edu/x86_64_linux/Modules/4.5.0/libexec/modulecmd.tcl
HOST=disc01.crc.nd.edu
SHELL=/bin/tcsh
TERM=xterm-256color
MAKEFLAGS=
HISTSIZE=5000
TMPDIR=/var/condor/execute/dir_24271/worker-213124-24306/t.1767/cctools-temp-t.1767.R17Vqf
SSH_CLIENT=10.17.150.11 36546 22
PERL5LIB=/afs/crc.nd.edu/user/n/nkremerh/cctools/lib/perl5/site_perl/5.16.3:/afs/crc.nd.edu/user/n/nkremerh/.perl5/lib/perl5
SGE_CELL=crc
_CONDOR_ANCESTOR_3197=3560:1598183979:2962516177
_CONDOR_SCRATCH_DIR=/var/condor/execute/dir_24271
PERL_MB_OPT=--install_base '/afs/crc.nd.edu/user/n/nkremerh/.perl5/'
SSH_TTY=/dev/pts/2
SGE_LOAD_AVG=load_avg
MAKEFLOW_MAX_LOCAL_JOBS=2
HISTFILESIZE=10000
_CHIRP_DELAYED_UPDATE_PREFIX=Chirp*
USER=nkremerh
GROUP=campus
LD_LIBRARY_PATH=/afs/crc.nd.edu/group/ccl/software/x86_64/redhat7/ruby/current/lib:/afs/crc.nd.edu/group/ccl/software/x86_64/redhat7/graphviz/current/lib:/afs/crc.nd.edu/group/ccl/software/x86_64/redhat7/git/current/lib:/afs/crc.nd.edu/group/ccl/software/x86_64/redhat7/condor/current/lib:/afs/crc.nd.edu/group/ccl/software/x86_64/redhat7/clang/current/lib:/afs/crc.nd.edu/group/ccl/software/x86_64/redhat7/condor/current/lib:/afs/crc.nd.edu/group/ccl/software/x86_64/redhat7/cctools/current/lib:/opt/crc/usr/local/lib
TEMP=/var/condor/execute/dir_24271/worker-213124-24306/t.1767/cctools-temp-t.1767.R17Vqf
BATCH_SYSTEM=HTCondor
WORKER_TMPDIR=/var/condor/execute/dir_24271/worker-213124-24306/cache/tmp
ENV=/afs/crc.nd.edu/x86_64_linux/Modules/4.5.0/init/profile.sh
MODULES_LMALTNAME=CRC_default/1.1&CRC_default/default&CRC_default
_CONDOR_CHIRP_CONFIG=/var/condor/execute/dir_24271/.chirp.config
GLOBUS_GSSAPI_MAX_TLS_PROTOCOL=0
_CONDOR_HIGHPORT=9999
HOSTTYPE=x86_64-linux
MAKELEVEL=1
MFLAGS=
CCLSOFTWARE=/afs/crc.nd.edu/group/ccl/software/x86_64/redhat7
PATH=/afs/crc.nd.edu/user/n/nkremerh/cctools/bin:/afs/crc.nd.edu/user/n/nkremerh/miniconda/bin:/afs/crc.nd.edu/group/ccl/software/git:/afs/crc.nd.edu/user/n/nkremerh/.local/bin:/afs/crc.nd.edu/group/ccl/software/x86_64/redhat7/povray/3.7/bin:/afs/crc.nd.edu/user/n/nkremerh/.perl5/bin:/afs/crc.nd.edu/user/n/nkremerh/pegasus/bin:/afs/crc.nd.edu/user/n/nkremerh/nodejs/bin:/afs/crc.nd.edu/user/n/nkremerh/montage/bin:/afs/crc.nd.edu/user/n/nkremerh/latexdiff:/afs/crc.nd.edu/user/n/nkremerh/envtrace:/afs/crc.nd.edu/user/n/nkremerh/endlines:/afs/crc.nd.edu/user/n/nkremerh/cctools/bin:/afs/crc.nd.edu/user/n/nkremerh/.cargo/bin:/afs/crc.nd.edu/group/ccl/software/x86_64/redhat7/ruby/current/bin:/afs/crc.nd.edu/group/ccl/software/x86_64/redhat7/graphviz/current/bin:/afs/crc.nd.edu/group/ccl/software/x86_64/redhat7/gnuplot/current/bin:/afs/crc.nd.edu/group/ccl/software/x86_64/redhat7/git/current/bin:/afs/crc.nd.edu/group/ccl/software/x86_64/redhat7/condor/current/sbin:/afs/crc.nd.edu/group/ccl/software/x86_64/redhat7/condor/current/bin:/afs/crc.nd.edu/group/ccl/software/x86_64/redhat7/cmake/current/bin:/afs/crc.nd.edu/group/ccl/software/x86_64/redhat7/clang/current/bin:/afs/crc.nd.edu/group/ccl/software/x86_64/redhat7/condor/current/sbin:/afs/crc.nd.edu/group/ccl/software/x86_64/redhat7/condor/current/bin:/afs/crc.nd.edu/group/ccl/software/x86_64/redhat7/cctools/current/bin:/afs/crc.nd.edu/x86_64_linux/Modules/4.5.0/bin:/opt/crc/usr/local/bin:/opt/sge/bin/lx-amd64:/usr/local/bin:/usr/bin:/usr/local/sbin:/usr/sbin:/afs/crc.nd.edu/user/c/condor/software/bin:/afs/crc.nd.edu/user/c/condor/software/sbin
MAIL=/var/spool/mail/nkremerh
_CONDOR_ANCESTOR_24271=24284:1600190003:4149837206
PWD=/var/condor/execute/dir_24271/worker-213124-24306/t.1767
_LMFILES_=/afs/crc.nd.edu/x86_64_linux/Modules/modules/system_modules/CRC_default/1.1
SGE_EXECD_PORT=6445
EDITOR=vim
LANG=en_US.UTF-8
MODULEPATH=/afs/crc.nd.edu/x86_64_linux/Modules/modules/development_tools_and_libraries:/afs/crc.nd.edu/x86_64_linux/Modules/modules/general_software:/afs/crc.nd.edu/x86_64_linux/Modules/modules/restricted_software:/afs/crc.nd.edu/x86_64_linux/Modules/modules/system_modules:/afs/crc.nd.edu/x86_64_linux/Modules/modules/deprecated_software:/afs/crc.nd.edu/x86_64_linux/Modules/current/modulefiles
SGE_QMASTER_PORT=6444
SGE_ROOT=/opt/sge
LOADEDMODULES=CRC_default/1.1
WORK_QUEUE_SANDBOX=/var/condor/execute/dir_24271/worker-213124-24306
_CONDOR_SLOT=slot1
CCLPLATFORM=x86_64/redhat7
USE_SYSTEMD=true
_CONDOR_LOWPORT=9100
KRB5CCNAME=FILE:/tmp/krb5cc_213124_DZSV7p
HISTCONTROL=ignoreboth:erasedups
PATH_modshare=/opt/crc/usr/local/bin:1:/opt/sge/bin/lx-amd64:1:/usr/sbin:1:/usr/bin:1:/afs/crc.nd.edu/user/c/condor/software/sbin:1:/usr/local/sbin:1:/afs/crc.nd.edu/user/c/condor/software/bin:1:/usr/local/bin:1
SHLVL=7
HOME=disc01.crc.nd.edu
GLOBUS_GSSAPI_NAME_COMPATIBILITY=STRICT_RFC2818
_CONDOR_MACHINE_AD=/var/condor/execute/dir_24271/.machine.ad
OSTYPE=linux
DISK=916662
GREP_OPTIONS=--color=auto
GLOBUS_GSSAPI_MIN_TLS_PROTOCOL=TLS1_VERSION
MEMORY=15899
MANPATH_modshare=/usr/share/man/overrides:1:/usr/local/share/man:1:/usr/share/man:1:/opt/crc/usr/local/man:1:/opt/sge/man:1
VENDOR=unknown
BASH_ENV=/afs/crc.nd.edu/x86_64_linux/Modules/4.5.0/init/bash
PERL_LOCAL_LIB_ROOT=/afs/crc.nd.edu/user/n/nkremerh/.perl5/
PYTHONPATH=/afs/crc.nd.edu/user/n/nkremerh/cctools/lib/python3.6/site-packages/
CCLHOME=/afs/crc.nd.edu/group/ccl
MACHTYPE=x86_64
LOGNAME=nkremerh
TMP=/var/condor/execute/dir_24271/worker-213124-24306/t.1767/cctools-temp-t.1767.R17Vqf
LD_LIBRARY_PATH_modshare=/opt/crc/usr/local/lib:1
MODULES_LMALTNAME_modshare=CRC_default/1.1&CRC_default/default&CRC_default:1
SSH_CONNECTION=10.17.150.11 36546 129.74.128.103 22
MODULESHOME=/afs/crc.nd.edu/x86_64_linux/Modules/4.5.0
OMP_NUM_THREADS=1
LESSOPEN=||/usr/bin/lesspipe.sh %s
GLOBUS_GSSAPI_BACKWARD_COMPATIBLE_MIC=true
GLOBUS_GSSAPI_CIPHERS=HIGH
LOADEDMODULES_modshare=CRC_default/1.1:1
_CONDOR_JOB_AD=/var/condor/execute/dir_24271/.job.ad
SGE_CLUSTER_NAME=CRC
XDG_RUNTIME_DIR=/run/user/213124
CCTOOLS=../cctools
CORES=4
_CONDOR_JOB_IWD=/var/condor/execute/dir_24271
PERL_MM_OPT=INSTALL_BASE=/afs/crc.nd.edu/user/n/nkremerh/.perl5/
GLOBUS_GSSAPI_SERVER_CIPHER_ORDER=true
BASH_FUNC_module()=() {  unset _mlshdbg;
 if [ "${MODULES_SILENT_SHELL_DEBUG:-0}" = '1' ]; then
 case "$-" in 
 *v*x*)
 set +vx;
 _mlshdbg='vx'
 ;;
 *v*)
 set +v;
 _mlshdbg='v'
 ;;
 *x*)
 set +x;
 _mlshdbg='x'
 ;;
 *)
 _mlshdbg=''
 ;;
 esac;
 fi;
 unset _mlre _mlIFS;
 if [ -n "${IFS+x}" ]; then
 _mlIFS=$IFS;
 fi;
 IFS=' ';
 for _mlv in ${MODULES_RUN_QUARANTINE:-};
 do
 if [ "${_mlv}" = "${_mlv##*[!A-Za-z0-9_]}" -a "${_mlv}" = "${_mlv#[0-9]}" ]; then
 if [ -n "`eval 'echo ${'$_mlv'+x}'`" ]; then
 _mlre="${_mlre:-}${_mlv}_modquar='`eval 'echo ${'$_mlv'}'`' ";
 fi;
 _mlrv="MODULES_RUNENV_${_mlv}";
 _mlre="${_mlre:-}${_mlv}='`eval 'echo ${'$_mlrv':-}'`' ";
 fi;
 done;
 if [ -n "${_mlre:-}" ]; then
 eval `eval ${_mlre}/usr/bin/tclsh /afs/crc.nd.edu/x86_64_linux/Modules/4.5.0/libexec/modulecmd.tcl bash '"$@"'`;
 else
 eval `/usr/bin/tclsh /afs/crc.nd.edu/x86_64_linux/Modules/4.5.0/libexec/modulecmd.tcl bash "$@"`;
 fi;
 _mlstatus=$?;
 if [ -n "${_mlIFS+x}" ]; then
 IFS=$_mlIFS;
 else
 unset IFS;
 fi;
 unset _mlre _mlv _mlrv _mlIFS;
 if [ -n "${_mlshdbg:-}" ]; then
 set -$_mlshdbg;
 fi;
 unset _mlshdbg;
 return $_mlstatus
}
BASH_FUNC_ml()=() {  module ml "$@"
}
_=/usr/bin/printenv
