18879   0.000000 libjli.so->getenv("_JAVA_LAUNCHER_DEBUG") = nil
18879   0.001652 libjli.so->getenv("_JAVA_VERSION_SET") = nil
18879   0.000679 libjli.so->fopen("/usr/lib/jvm/java-1.8.0-openjdk-1.8.0.262.b10-0.el7_8.x86_64/jre/lib/amd64/jvm.cfg", "r") = 0x55a5517240e0
18879   0.000823 libjli.so->getenv("JDK_ALTERNATE_VM") = nil
18879   0.000326 libjli.so->__xstat(1, "/usr/lib/jvm/java-1.8.0-openjdk-1.8.0.262.b10-0.el7_8.x86_64/jre/lib/amd64/server/libjvm.so", 0x7ffc5fa73510) = 0
18879   0.000621 libjli.so->getenv("LD_LIBRARY_PATH") = "/afs/crc.nd.edu/group/ccl/software/x86_64/redhat7/ruby/current/lib:/afs/crc.nd.edu/group/ccl/software/x86_64/redhat7/graphviz/current/lib:/afs/crc.nd.edu/group/ccl/software/x86_64/redhat7/git/current/lib:/afs/crc.nd.edu/group/ccl/software/x86_64/redhat7/condor/current/lib:/afs/crc.nd.edu/group/ccl/software/x86_64/redhat7/clang/current/lib:/afs/crc.nd.edu/group/ccl/software/x86_64/redhat7/condor/current/lib:/afs/crc.nd.edu/group/ccl/software/x86_64/redhat7/cctools/current/lib:/opt/crc/usr/local/lib"
18879   0.002187 libjli.so->dlopen("/usr/lib/jvm/java-1.8.0-openjdk-1.8.0.262.b10-0.el7_8.x86_64/jre/lib/amd64/server/libjvm.so", 258 <unfinished ...>
18879   0.037850 libjvm.so->getenv("NMT_LEVEL_18879") = nil
18879   0.001652 <... dlopen resumed> )          = 0x55a5517244b0
18879   0.000068 libjli.so->getenv("CLASSPATH")  = nil
18879   0.000317 libjli.so->getenv("_JAVA_SPLASH_JAR") = nil
18879   0.000355 libjli.so->getenv("_JAVA_SPLASH_FILE") = nil
18879   0.000346 libjli.so->pthread_attr_setdetachstate(0x7ffc5fa734c0, 0, 0x7ffc5fa73550, 0) = 0
18879   0.000549 libpthread.so.0->__clone(0x2b8ad04d4de0, 0x2b8ad03e7fc0, 0x3d0f00, 0x2b8ad03e8700) = 0x49c0
18880   0.001550 libjvm.so->dlopen(0x2b8ad1cb39ae, 1, 0xfffffffffff42c48, 4096) = 0x2b8ad4000990
18880   0.002390 libjvm.so->getenv(0x2b8ad1cce83e, 0, 115, 0x65737361) = 0x7ffc5fa78693
18880   0.000444 libjvm.so->fopen(0x2b8ad03e6c10, 0x2b8ad1c6accb, 0x6f732e79666972, 0x2b8ad0dacab0) = 0x2b8ad4001440
18880   0.001486 libjvm.so->dlopen(0x2b8ad03e6c10, 1, 0xffffffff, 0x2b8ad4002b00) = 0x2b8ad4001440
18880   0.001457 libjvm.so->fopen(0x2b8ad03e6c10, 0x2b8ad1c6accb, 111, 0x732e6176) = 0x2b8ad4001b10
18880   0.001676 libjvm.so->dlopen(0x2b8ad03e6c10, 1, 0xffffffff, 0x2b8ad4001a00) = 0x2b8ad4001b10
18880   0.001519 libjvm.so->__xstat(1, 0x2b8ad03e7360, 0x2b8ad03e7ba0, 0x746f7073746f682e) = -1
18880   0.000479 libjvm.so->getenv(0x2b8ad1c63541, 0x2b8ad03e76d0, 1024, 0x2b8ad211d61b) = 0
18880   0.000512 libjvm.so->getenv(0x2b8ad1c63533, 0x2b8ad03e76d0, 1024, 0) = 0
18880   0.000524 libjvm.so->fopen(0x2b8ad1cb3315, 0x2b8ad1c6accb, 4095, 0xffffd4752e39cb03) = 0x2b8ad40032d0
18880   0.001237 libjvm.so->fopen(0x2b8ad1cb3361, 0x2b8ad1c6accb, 0x2b8ad4000078, 0x2b8ad40032c0) = 0x2b8ad40032d0
18880   0.000764 libjvm.so->fopen(0x2b8ad03e19b0, 0x2b8ad1c6accb, 4014, 3995) = 0x2b8ad40032d0
18880   0.000633 libjvm.so->opendir(0x2b8ad4002b40, 0x2b8ad4002b40, 13, 16) = 0
18880   0.000473 libjvm.so->__xstat(1, 0x2b8ad03e68f0, 0x2b8ad03e5860, 0x6f732e7477616d62) = -1
18880   0.000446 libjvm.so->__xstat(1, 0x2b8ad03e68f0, 0x2b8ad03e5860, 0x5f74776162696c2f) = 0
18880   0.000528 libjvm.so->fopen(0x2b8ad03e5b90, 0x2b8ad1c6accb, 4009, 3994) = 0x2b8ad40037b0
18880   0.000596 libjvm.so->fopen(0x2b8ad03e5b90, 0x2b8ad1c6accb, 4009, 3994) = 0x2b8ad40037b0
18880   0.000614 libjvm.so->fopen(0x2b8ad03e5b90, 0x2b8ad1c6accb, 4009, 4002) = 0x2b8ad40037b0
18880   0.000658 libjvm.so->fopen(0x2b8ad03e5b20, 0x2b8ad1c6accb, 4009, 3994) = 0x2b8ad40037b0
18880   0.000603 libjvm.so->fopen(0x2b8ad03e5b20, 0x2b8ad1c6accb, 4009, 3994) = 0x2b8ad40037b0
18880   0.000591 libjvm.so->fopen(0x2b8ad03e5b20, 0x2b8ad1c6accb, 4009, 4002) = 0x2b8ad40037b0
18880   0.000670 libjvm.so->fopen(0x2b8ad03e5b50, 0x2b8ad1c6accb, 4014, 3995) = 0x2b8ad40037b0
18880   0.000806 libjvm.so->getenv(0x2b8ad1cb40ff, 4096, 3, -1) = 0
18880   0.000917 libjvm.so->fopen(0x2b8ad1cb3998, 0x2b8ad1c6accb, 0x2b8ad04cb908, 0x2b8ad04cadf0) = 0x2b8ad40037b0
18880   0.004697 libjvm.so->open(0x2b8ad404a5a0, 0x20000, 0, 0x2b8ad404a5e9) = 3
18880   0.000466 libjvm.so->__fxstat(1, 3, 0x2b8ad03e7a00, -1) = 0
18880   0.000494 libjvm.so->opendir(0x2b8ad404a5a0, 0x2b8ad03e7a00, 0x4000, -1) = 0x2b8ad404b4b0
18880   0.000483 libjvm.so->__fxstat(1, 3, 0x2b8ad03e78a0, 0x2b8ad404b4b0) = 0
18880   0.001016 libjvm.so->__fxstat(1, 5, 0x2b8ad03e7930, -1) = 0
18880   0.000555 libjvm.so->open(0x2b8ad1c819dc, 0, 0, 0) = 3
18880   0.000742 libjvm.so->__lxstat(1, 0x2b8ad404a5a0, 0x2b8ad03e7b50, -144) = 0
18880   0.000457 libjvm.so->open(0x2b8ad404a5a0, 0x20000, 0x4000, -1) = 3
18880   0.000485 libjvm.so->__fxstat(1, 3, 0x2b8ad03e7a00, -1) = 0
18880   0.000447 libjvm.so->opendir(0x2b8ad404a5a0, 0x2b8ad03e7a00, 0x4000, -1) = 0x2b8ad404b4b0
18880   0.000518 libjvm.so->__fxstat(1, 3, 0x2b8ad03e78a0, 0x2b8ad404b4b0) = 0
18880   0.000420 libjvm.so->__fxstat(1, 5, 0x2b8ad03e7930, -1) = 0
18880   0.000535 libjvm.so->open(0x2b8ad1c819dc, 0, 0, 0) = 3
18880   0.000453 libjvm.so->open(0x2b8ad404a5e9, 0x20042, 384, -1) = 7
18880   0.000735 libjvm.so->__fxstat(1, 7, 0x2b8ad03e7b50, -1) = 0
18880   0.001799 libjvm.so->fopen(0x2b8ad03e6b60, 0x2b8ad1c6accb, 4, 0x6f732e70) = 0x2b8ad4057c00
18880   0.001872 libjvm.so->dlopen(0x2b8ad03e6b60, 1, 0xffffffff, 0x2b8ad4057b00) = 0x2b8ad4057c00
18880   0.001506 libjvm.so->__xstat(1, 0x2b8ad03e7120, 0x2b8ad03e7950, 2048) = 0
18880   0.000548 libjvm.so->__xstat(1, 0x2b8ad03e7120, 0x2b8ad03e7950, 2048) = 0
18880   0.000427 libjvm.so->__xstat(1, 0x2b8ad03e7120, 0x2b8ad03e7950, 2048) = -1
18880   0.000442 libjvm.so->__xstat(1, 0x2b8ad03e7120, 0x2b8ad03e7950, 2048) = 0
18880   0.000486 libjvm.so->__xstat(1, 0x2b8ad03e7120, 0x2b8ad03e7950, 2048) = 0
18880   0.000441 libjvm.so->__xstat(1, 0x2b8ad03e7120, 0x2b8ad03e7950, 2048) = 0
18880   0.000481 libjvm.so->__xstat(1, 0x2b8ad03e7120, 0x2b8ad03e7950, 2048) = 0
18880   0.000429 libjvm.so->__xstat(1, 0x2b8ad03e7120, 0x2b8ad03e7950, 2048) = -1
18880   0.000444 libjvm.so->fopen(0x2b8ad4002520, 0x2b8ad1c6accb, 0, 0) = 0x2b8ad4058aa0
18880   0.008478 libjvm.so->open64(0x2b8ad03e6410, 0, 0, 16) = 3
18880   0.000488 libjvm.so->__fxstat64(1, 3, 0x2b8ad03e6240, -1) = 0
18880   0.036497 libjvm.so->__xstat(1, 0x2b8ad03e6f20, 0x2b8ad03e7750, 2048) = -1
18880   0.000653 libjvm.so->fopen(0x2b8ad03e5b20, 0x2b8ad1c6accb, 4009, 3994) = 0x2b8ad40b1fb0
18880   0.000784 libjvm.so->fopen(0x2b8ad03e5b20, 0x2b8ad1c6accb, 4009, 3994) = 0x2b8ad40b1fb0
18880   0.000609 libjvm.so->fopen(0x2b8ad03e5b20, 0x2b8ad1c6accb, 4009, 4002) = 0x2b8ad40b1fb0
18880   0.004332 libjvm.so->pthread_attr_setdetachstate(0x2b8ad03e7c00, 1, 0, 0) = 0
18880   0.000523 libpthread.so.0->__clone(0x2b8ad04d4de0, 0x2b8ae8da0fc0, 0x3d0f00, 0x2b8ae8da1700) = 0x49c5
18880   0.016040 libjvm.so->pthread_attr_setdetachstate(0x2b8ad03e7290, 1, 0, 0) = 0
18880   0.000638 libpthread.so.0->__clone(0x2b8ad04d4de0, 0x2b8ae8ea1fc0, 0x3d0f00, 0x2b8ae8ea2700) = 0x49c9
18880   0.008375 libjvm.so->pthread_attr_setdetachstate(0x2b8ad03e7610, 1, 0, 0) = 0
18880   0.000850 libpthread.so.0->__clone(0x2b8ad04d4de0, 0x2b8ae8fa2fc0, 0x3d0f00, 0x2b8ae8fa3700) = 0x49cb
18880   0.041775 libjvm.so->fopen(0x2b8ad40f17f0, 0x2b8ad1c6accb, 4, 0x6f732e70) = 0x2b8ad40f1cf0
18880   0.002041 libjvm.so->dlopen(0x2b8ad40f17f0, 1, 0xffffffff, 0x2b8ad40e8c00) = 0x2b8ad4057c00
18880   0.005157 libjvm.so->open64(0x2b8ad03e6510, 0, 0, 16) = 5
18880   0.000933 libjvm.so->__fxstat64(1, 5, 0x2b8ad03e6340, -1) = 0
18880   0.020016 libjvm.so->fopen(0x2b8ad03e3130, 0x2b8ad1c6accb, 4009, 3994) = 0x2b8ad40fccc0
18880   0.001228 libjvm.so->fopen(0x2b8ad03e3130, 0x2b8ad1c6accb, 4009, 3994) = 0x2b8ad40fccc0
18880   0.001090 libjvm.so->fopen(0x2b8ad03e3130, 0x2b8ad1c6accb, 4009, 4002) = 0x2b8ad40fccc0
18880   0.018874 libjvm.so->pthread_attr_setdetachstate(0x2b8ad03e7b50, 1, 0, 0) = 0
18880   0.000954 libpthread.so.0->__clone(0x2b8ad04d4de0, 0x2b8ae90a3fc0, 0x3d0f00, 0x2b8ae90a4700) = 0x49d5
18880   0.001443 libjvm.so->__xstat64(1, 0x2b8ad03e7be0, 0x2b8ad03e7b50, 19) = -1
18880   0.001137 libjvm.so->pthread_attr_setdetachstate(0x2b8ad03e7950, 1, 0, 0) = 0
18880   0.001138 libpthread.so.0->__clone(0x2b8ad04d4de0, 0x2b8ae91a4fc0, 0x3d0f00, 0x2b8ae91a5700) = 0x49d6
18880   0.001908 libjvm.so->pthread_attr_setdetachstate(0x2b8ad03e7950, 1, 0, 0) = 0
18880   0.001278 libpthread.so.0->__clone(0x2b8ad04d4de0, 0x2b8ae92a5fc0, 0x3d0f00, 0x2b8ae92a6700) = 0x49d7
18880   0.008227 libjvm.so->pthread_attr_setdetachstate(0x2b8ad03e7aa0, 1, 0, 0) = 0
18880   0.001920 libpthread.so.0->__clone(0x2b8ad04d4de0, 0x2b8ae93a6fc0, 0x3d0f00, 0x2b8ae93a7700) = 0x49d8
18880   0.002318 libjvm.so->pthread_attr_setdetachstate(0x2b8ad03e7bb0, 1, 0, 0) = 0
18880   0.001562 libpthread.so.0->__clone(0x2b8ad04d4de0, 0x2b8ae94a7fc0, 0x3d0f00, 0x2b8ae94a8700) = 0x49d9
18880   0.018357 libjvm.so->open64(0x2b8ad4128890, 0, 0, 16) = 7
18880   0.001737 libjvm.so->__fxstat64(1, 7, 0x2b8ad03e4f60, -1) = 0
18880   0.026434 libjvm.so->fopen(0x2b8ad415c8c0, 0x2b8ad1c6accb, 4, 0x6f732e6f) = 0x2b8ad415c980
18880   0.004967 libjvm.so->dlopen(0x2b8ad415c8c0, 1, 0xffffffff, 0x2b8ad415c900) = 0x2b8ad415c980
18880   0.123433 libjvm.so->fopen(0x2b8ad03e1e40, 0x2b8ad1c6accb, 0x6f732e, 0x6d766a62696c2f72) = 0x2b8ad4171f20
18880   0.009918 libjvm.so->dlopen(0x2b8ad03e1e40, 1, 0xffffffff, 0x2b8ad4171e00) = 0x55a5517244b0
18880   0.001691 libjvm.so->fopen(0x2b8ad03e1e40, 0x2b8ad1c6accb, 0x6f732e, 0x6d766a62696c2f72) = 0x2b8ad4172320
18880   0.004740 libjvm.so->dlopen(0x2b8ad03e1e40, 1, 0xffffffff, 0x2b8ad4171e00) = 0x55a5517244b0
18880   0.001618 libjvm.so->fopen(0x2b8ad03e1e40, 0x2b8ad1c6accb, 0x6f732e, 0x6d766a62696c2f72) = 0x2b8ad4171f20
18880   0.003674 libjvm.so->dlopen(0x2b8ad03e1e40, 1, 0xffffffff, 0x2b8ad4171e00) = 0x55a5517244b0
18880   0.008046 libjvm.so->fopen(0x2b8ad03e1e40, 0x2b8ad1c6accb, 0x6f732e, 0x6d766a62696c2f72) = 0x2b8ad4171f20
18880   0.004447 libjvm.so->dlopen(0x2b8ad03e1e40, 1, 0xffffffff, 0x2b8ad4171e00) = 0x55a5517244b0
18880   0.051007 libjvm.so->fopen(0x2b8ad41b5850, 0x2b8ad1c6accb, 4, 0x6f732e74) = 0x2b8ad41cd380
18880   0.006047 libjvm.so->dlopen(0x2b8ad41b5850, 1, 0xffffffff, 0x2b8ad41bfe00) = 0x2b8ad41cd380
18880   0.166425 libjvm.so->fopen(0x2b8ad4218670, 0x2b8ad1c6accb, 0x6f732e7373656c, 0x656c646165685f74) = 0x2b8ad4218750
18880   0.004232 libjvm.so->dlopen(0x2b8ad4218670, 1, 0xffffffff, 0x2b8ad4218600) = 0x2b8ad4218750
18905   0.043191 +++ exited (status 0) +++
18885   0.000894 +++ exited (status 0) +++
18880   0.000233 +++ exited (status 0) +++
18904   0.000282 +++ exited (status 1) +++
18902   0.000022 +++ exited (status 1) +++
18901   0.000015 +++ exited (status 1) +++
18891   0.000015 +++ exited (status 1) +++
18889   0.000014 +++ exited (status 1) +++
18903   0.005646 +++ exited (status 1) +++
18879   0.000051 +++ exited (status 1) +++
Wrote an ltrace for command: "java -cp ./tools/maxent.jar density.Project outputs/Papilio_gigon_Felder/Papilio_gigon_Felder.lambdas data/layers/worldclim outputs/Papilio_gigon_Felder_worldclim.asc nowarnings nocache autorun -z" with PID 18877 from PPID 18860 on disc21.crc.nd.edu with result 1
REMOTEHOST=129.74.154.87
_CONDOR_JOB_PIDS=
MANPATH=/afs/crc.nd.edu/user/n/nkremerh/cctools/share/man/:/afs/crc.nd.edu/group/ccl/software/x86_64/redhat7/ruby/current/share/man:/afs/crc.nd.edu/group/ccl/software/x86_64/redhat7/graphviz/current/share/man:/afs/crc.nd.edu/group/ccl/software/x86_64/redhat7/gnuplot/current/share/man:/afs/crc.nd.edu/group/ccl/software/x86_64/redhat7/git/current/share/man:/afs/crc.nd.edu/group/ccl/software/x86_64/redhat7/condor/current/share/man:/afs/crc.nd.edu/group/ccl/software/x86_64/redhat7/clang/current/share/man:/afs/crc.nd.edu/group/ccl/software/x86_64/redhat7/condor/current/share/man:/afs/crc.nd.edu/group/ccl/software/x86_64/redhat7/cctools/current/share/man:/afs/crc.nd.edu/group/ccl/software/x86_64/redhat7/cctools/current/share/man:/afs/crc.nd.edu/x86_64_linux/Modules/4.5.0/share/man:/opt/crc/usr/local/man:/opt/sge/man:/usr/share/man/overrides:/usr/share/man:/usr/local/share/man
XDG_SESSION_ID=2226
_CONDOR_ANCESTOR_5744=5756:1597419253:450106934
HOSTNAME=disc01.crc.nd.edu
_LMFILES__modshare=/afs/crc.nd.edu/x86_64_linux/Modules/modules/system_modules/CRC_default/1.1:1
MODULEPATH_modshare=/afs/crc.nd.edu/x86_64_linux/Modules/modules/general_software:1:/afs/crc.nd.edu/x86_64_linux/Modules/modules/development_tools_and_libraries:1:/afs/crc.nd.edu/x86_64_linux/Modules/modules/system_modules:1:/afs/crc.nd.edu/x86_64_linux/Modules/current/modulefiles:1:/afs/crc.nd.edu/x86_64_linux/Modules/modules/restricted_software:1:/afs/crc.nd.edu/x86_64_linux/Modules/modules/deprecated_software:1
MODULES_CMD=/afs/crc.nd.edu/x86_64_linux/Modules/4.5.0/libexec/modulecmd.tcl
HOST=disc01.crc.nd.edu
SHELL=/bin/tcsh
TERM=xterm-256color
MAKEFLAGS=
HISTSIZE=5000
TMPDIR=/var/condor/execute/dir_5744/worker-213124-5823/t.1705/cctools-temp-t.1705.BVZIcl
SSH_CLIENT=129.74.154.87 57278 22
PERL5LIB=/afs/crc.nd.edu/user/n/nkremerh/cctools/lib/perl5/site_perl/5.16.3:/afs/crc.nd.edu/user/n/nkremerh/.perl5/lib/perl5
SGE_CELL=crc
_CONDOR_SCRATCH_DIR=/var/condor/execute/dir_5744
PERL_MB_OPT=--install_base '/afs/crc.nd.edu/user/n/nkremerh/.perl5/'
SSH_TTY=/dev/pts/0
SGE_LOAD_AVG=load_avg
MAKEFLOW_MAX_LOCAL_JOBS=2
HISTFILESIZE=10000
_CHIRP_DELAYED_UPDATE_PREFIX=Chirp*
USER=nkremerh
GROUP=campus
LD_LIBRARY_PATH=/afs/crc.nd.edu/group/ccl/software/x86_64/redhat7/ruby/current/lib:/afs/crc.nd.edu/group/ccl/software/x86_64/redhat7/graphviz/current/lib:/afs/crc.nd.edu/group/ccl/software/x86_64/redhat7/git/current/lib:/afs/crc.nd.edu/group/ccl/software/x86_64/redhat7/condor/current/lib:/afs/crc.nd.edu/group/ccl/software/x86_64/redhat7/clang/current/lib:/afs/crc.nd.edu/group/ccl/software/x86_64/redhat7/condor/current/lib:/afs/crc.nd.edu/group/ccl/software/x86_64/redhat7/cctools/current/lib:/opt/crc/usr/local/lib
TEMP=/var/condor/execute/dir_5744/worker-213124-5823/t.1705/cctools-temp-t.1705.BVZIcl
BATCH_SYSTEM=HTCondor
WORKER_TMPDIR=/var/condor/execute/dir_5744/worker-213124-5823/cache/tmp
ENV=/afs/crc.nd.edu/x86_64_linux/Modules/4.5.0/init/profile.sh
MODULES_LMALTNAME=CRC_default/1.1&CRC_default/default&CRC_default
_CONDOR_CHIRP_CONFIG=/var/condor/execute/dir_5744/.chirp.config
GLOBUS_GSSAPI_MAX_TLS_PROTOCOL=0
_CONDOR_HIGHPORT=9999
HOSTTYPE=x86_64-linux
MAKELEVEL=1
MFLAGS=
CCLSOFTWARE=/afs/crc.nd.edu/group/ccl/software/x86_64/redhat7
PATH=/afs/crc.nd.edu/user/n/nkremerh/cctools/bin:/afs/crc.nd.edu/user/n/nkremerh/miniconda/bin:/afs/crc.nd.edu/group/ccl/software/git:/afs/crc.nd.edu/user/n/nkremerh/.local/bin:/afs/crc.nd.edu/group/ccl/software/x86_64/redhat7/povray/3.7/bin:/afs/crc.nd.edu/user/n/nkremerh/.perl5/bin:/afs/crc.nd.edu/user/n/nkremerh/pegasus/bin:/afs/crc.nd.edu/user/n/nkremerh/nodejs/bin:/afs/crc.nd.edu/user/n/nkremerh/montage/bin:/afs/crc.nd.edu/user/n/nkremerh/latexdiff:/afs/crc.nd.edu/user/n/nkremerh/envtrace:/afs/crc.nd.edu/user/n/nkremerh/endlines:/afs/crc.nd.edu/user/n/nkremerh/cctools/bin:/afs/crc.nd.edu/user/n/nkremerh/.cargo/bin:/afs/crc.nd.edu/group/ccl/software/x86_64/redhat7/ruby/current/bin:/afs/crc.nd.edu/group/ccl/software/x86_64/redhat7/graphviz/current/bin:/afs/crc.nd.edu/group/ccl/software/x86_64/redhat7/gnuplot/current/bin:/afs/crc.nd.edu/group/ccl/software/x86_64/redhat7/git/current/bin:/afs/crc.nd.edu/group/ccl/software/x86_64/redhat7/condor/current/sbin:/afs/crc.nd.edu/group/ccl/software/x86_64/redhat7/condor/current/bin:/afs/crc.nd.edu/group/ccl/software/x86_64/redhat7/cmake/current/bin:/afs/crc.nd.edu/group/ccl/software/x86_64/redhat7/clang/current/bin:/afs/crc.nd.edu/group/ccl/software/x86_64/redhat7/condor/current/sbin:/afs/crc.nd.edu/group/ccl/software/x86_64/redhat7/condor/current/bin:/afs/crc.nd.edu/group/ccl/software/x86_64/redhat7/cctools/current/bin:/afs/crc.nd.edu/x86_64_linux/Modules/4.5.0/bin:/opt/crc/usr/local/bin:/opt/sge/bin/lx-amd64:/usr/local/bin:/usr/bin:/usr/local/sbin:/usr/sbin:/afs/crc.nd.edu/user/c/condor/software/bin:/afs/crc.nd.edu/user/c/condor/software/sbin
MAIL=/var/spool/mail/nkremerh
_CONDOR_ANCESTOR_3724=5744:1597419250:3107182971
PWD=/var/condor/execute/dir_5744/worker-213124-5823/t.1705
_LMFILES_=/afs/crc.nd.edu/x86_64_linux/Modules/modules/system_modules/CRC_default/1.1
SGE_EXECD_PORT=6445
EDITOR=vim
LANG=en_US.UTF-8
MODULEPATH=/afs/crc.nd.edu/x86_64_linux/Modules/modules/development_tools_and_libraries:/afs/crc.nd.edu/x86_64_linux/Modules/modules/general_software:/afs/crc.nd.edu/x86_64_linux/Modules/modules/restricted_software:/afs/crc.nd.edu/x86_64_linux/Modules/modules/system_modules:/afs/crc.nd.edu/x86_64_linux/Modules/modules/deprecated_software:/afs/crc.nd.edu/x86_64_linux/Modules/current/modulefiles
SGE_QMASTER_PORT=6444
SGE_ROOT=/opt/sge
LOADEDMODULES=CRC_default/1.1
WORK_QUEUE_SANDBOX=/var/condor/execute/dir_5744/worker-213124-5823
_CONDOR_SLOT=slot2_2
CCLPLATFORM=x86_64/redhat7
USE_SYSTEMD=true
_CONDOR_LOWPORT=9100
KRB5CCNAME=FILE:/tmp/krb5cc_213124_jfvfni
HISTCONTROL=ignoreboth:erasedups
PATH_modshare=/opt/crc/usr/local/bin:1:/opt/sge/bin/lx-amd64:1:/usr/sbin:1:/usr/bin:1:/afs/crc.nd.edu/user/c/condor/software/sbin:1:/usr/local/sbin:1:/afs/crc.nd.edu/user/c/condor/software/bin:1:/usr/local/bin:1
SHLVL=7
HOME=disc01.crc.nd.edu
GLOBUS_GSSAPI_NAME_COMPATIBILITY=STRICT_RFC2818
_CONDOR_MACHINE_AD=/var/condor/execute/dir_5744/.machine.ad
OSTYPE=linux
DISK=18253
GREP_OPTIONS=--color=auto
GLOBUS_GSSAPI_MIN_TLS_PROTOCOL=TLS1_VERSION
MEMORY=1948
MANPATH_modshare=/usr/share/man/overrides:1:/usr/local/share/man:1:/usr/share/man:1:/opt/crc/usr/local/man:1:/opt/sge/man:1
VENDOR=unknown
BASH_ENV=/afs/crc.nd.edu/x86_64_linux/Modules/4.5.0/init/bash
PERL_LOCAL_LIB_ROOT=/afs/crc.nd.edu/user/n/nkremerh/.perl5/
PYTHONPATH=/afs/crc.nd.edu/user/n/nkremerh/cctools/lib/python3.6/site-packages/
CCLHOME=/afs/crc.nd.edu/group/ccl
MACHTYPE=x86_64
LOGNAME=nkremerh
TMP=/var/condor/execute/dir_5744/worker-213124-5823/t.1705/cctools-temp-t.1705.BVZIcl
LD_LIBRARY_PATH_modshare=/opt/crc/usr/local/lib:1
MODULES_LMALTNAME_modshare=CRC_default/1.1&CRC_default/default&CRC_default:1
SSH_CONNECTION=129.74.154.87 57278 129.74.128.103 22
MODULESHOME=/afs/crc.nd.edu/x86_64_linux/Modules/4.5.0
OMP_NUM_THREADS=1
LESSOPEN=||/usr/bin/lesspipe.sh %s
GLOBUS_GSSAPI_BACKWARD_COMPATIBLE_MIC=true
GLOBUS_GSSAPI_CIPHERS=HIGH
LOADEDMODULES_modshare=CRC_default/1.1:1
_CONDOR_JOB_AD=/var/condor/execute/dir_5744/.job.ad
_CONDOR_ANCESTOR_3674=3724:1596369966:37829754
SGE_CLUSTER_NAME=CRC
XDG_RUNTIME_DIR=/run/user/213124
CCTOOLS=../cctools
CORES=2
_CONDOR_JOB_IWD=/var/condor/execute/dir_5744
PERL_MM_OPT=INSTALL_BASE=/afs/crc.nd.edu/user/n/nkremerh/.perl5/
GLOBUS_GSSAPI_SERVER_CIPHER_ORDER=true
BASH_FUNC_module()=() {  unset _mlshdbg;
 if [ "${MODULES_SILENT_SHELL_DEBUG:-0}" = '1' ]; then
 case "$-" in 
 *v*x*)
 set +vx;
 _mlshdbg='vx'
 ;;
 *v*)
 set +v;
 _mlshdbg='v'
 ;;
 *x*)
 set +x;
 _mlshdbg='x'
 ;;
 *)
 _mlshdbg=''
 ;;
 esac;
 fi;
 unset _mlre _mlIFS;
 if [ -n "${IFS+x}" ]; then
 _mlIFS=$IFS;
 fi;
 IFS=' ';
 for _mlv in ${MODULES_RUN_QUARANTINE:-};
 do
 if [ "${_mlv}" = "${_mlv##*[!A-Za-z0-9_]}" -a "${_mlv}" = "${_mlv#[0-9]}" ]; then
 if [ -n "`eval 'echo ${'$_mlv'+x}'`" ]; then
 _mlre="${_mlre:-}${_mlv}_modquar='`eval 'echo ${'$_mlv'}'`' ";
 fi;
 _mlrv="MODULES_RUNENV_${_mlv}";
 _mlre="${_mlre:-}${_mlv}='`eval 'echo ${'$_mlrv':-}'`' ";
 fi;
 done;
 if [ -n "${_mlre:-}" ]; then
 eval `eval ${_mlre}/usr/bin/tclsh /afs/crc.nd.edu/x86_64_linux/Modules/4.5.0/libexec/modulecmd.tcl bash '"$@"'`;
 else
 eval `/usr/bin/tclsh /afs/crc.nd.edu/x86_64_linux/Modules/4.5.0/libexec/modulecmd.tcl bash "$@"`;
 fi;
 _mlstatus=$?;
 if [ -n "${_mlIFS+x}" ]; then
 IFS=$_mlIFS;
 else
 unset IFS;
 fi;
 unset _mlre _mlv _mlrv _mlIFS;
 if [ -n "${_mlshdbg:-}" ]; then
 set -$_mlshdbg;
 fi;
 unset _mlshdbg;
 return $_mlstatus
}
BASH_FUNC_ml()=() {  module ml "$@"
}
_=/usr/bin/printenv
