20712   0.000000 libjli.so->getenv("_JAVA_LAUNCHER_DEBUG") = nil
20712   0.001490 libjli.so->getenv("_JAVA_VERSION_SET") = nil
20712   0.000426 libjli.so->fopen("/usr/lib/jvm/java-1.8.0-openjdk-1.8.0.262.b10-0.el7_8.x86_64/jre/lib/amd64/jvm.cfg", "r") = 0x5578e8cb50e0
20712   0.000540 libjli.so->getenv("JDK_ALTERNATE_VM") = nil
20712   0.000215 libjli.so->__xstat(1, "/usr/lib/jvm/java-1.8.0-openjdk-1.8.0.262.b10-0.el7_8.x86_64/jre/lib/amd64/server/libjvm.so", 0x7fff73378910) = 0
20712   0.000389 libjli.so->getenv("LD_LIBRARY_PATH") = "/afs/crc.nd.edu/group/ccl/software/x86_64/redhat7/ruby/current/lib:/afs/crc.nd.edu/group/ccl/software/x86_64/redhat7/graphviz/current/lib:/afs/crc.nd.edu/group/ccl/software/x86_64/redhat7/git/current/lib:/afs/crc.nd.edu/group/ccl/software/x86_64/redhat7/condor/current/lib:/afs/crc.nd.edu/group/ccl/software/x86_64/redhat7/clang/current/lib:/afs/crc.nd.edu/group/ccl/software/x86_64/redhat7/condor/current/lib:/afs/crc.nd.edu/group/ccl/software/x86_64/redhat7/cctools/current/lib:/opt/crc/usr/local/lib"
20712   0.001326 libjli.so->dlopen("/usr/lib/jvm/java-1.8.0-openjdk-1.8.0.262.b10-0.el7_8.x86_64/jre/lib/amd64/server/libjvm.so", 258 <unfinished ...>
20712   0.023789 libjvm.so->getenv("NMT_LEVEL_20712") = nil
20712   0.001061 <... dlopen resumed> )          = 0x5578e8cb54b0
20712   0.000050 libjli.so->getenv("CLASSPATH")  = nil
20712   0.000224 libjli.so->getenv("_JAVA_SPLASH_JAR") = nil
20712   0.000209 libjli.so->getenv("_JAVA_SPLASH_FILE") = nil
20712   0.000211 libjli.so->pthread_attr_setdetachstate(0x7fff733788c0, 0, 0x7fff73378950, 0) = 0
20712   0.000292 libpthread.so.0->__clone(0x2b85a74f8de0, 0x2b85a740bfc0, 0x3d0f00, 0x2b85a740c700) = 0x50ee
20718   0.001576 libjvm.so->dlopen(0x2b85a8cd79ae, 1, 0xfffffffffff42c48, 4096) = 0x2b85ac000990
20718   0.001841 libjvm.so->getenv(0x2b85a8cf283e, 0, 115, 0x65737361) = 0x7fff7337f661
20718   0.000369 libjvm.so->fopen(0x2b85a740ac10, 0x2b85a8c8eccb, 0x6f732e79666972, 0x2b85a7dd0ab0) = 0x2b85ac001440
20718   0.001008 libjvm.so->dlopen(0x2b85a740ac10, 1, 0xffffffff, 0x2b85ac002b00) = 0x2b85ac001440
20718   0.001159 libjvm.so->fopen(0x2b85a740ac10, 0x2b85a8c8eccb, 111, 0x732e6176) = 0x2b85ac001b10
20718   0.001149 libjvm.so->dlopen(0x2b85a740ac10, 1, 0xffffffff, 0x2b85ac001a00) = 0x2b85ac001b10
20718   0.001240 libjvm.so->__xstat(1, 0x2b85a740b360, 0x2b85a740bba0, 0x746f7073746f682e) = -1
20718   0.000374 libjvm.so->getenv(0x2b85a8c87541, 0x2b85a740b6d0, 1024, 0x2b85a914161b) = 0
20718   0.000364 libjvm.so->getenv(0x2b85a8c87533, 0x2b85a740b6d0, 1024, 0) = 0
20718   0.000362 libjvm.so->fopen(0x2b85a8cd7315, 0x2b85a8c8eccb, 4095, 0xffffd47a57378b03) = 0x2b85ac0032d0
20718   0.000789 libjvm.so->fopen(0x2b85a8cd7361, 0x2b85a8c8eccb, 0x2b85ac000078, 0x2b85ac0032c0) = 0x2b85ac0032d0
20718   0.000535 libjvm.so->fopen(0x2b85a74059b0, 0x2b85a8c8eccb, 4014, 3995) = 0x2b85ac0032d0
20718   0.000498 libjvm.so->opendir(0x2b85ac002b40, 0x2b85ac002b40, 13, 16) = 0
20718   0.000372 libjvm.so->__xstat(1, 0x2b85a740a8f0, 0x2b85a7409860, 0x6f732e7477616d62) = -1
20718   0.000357 libjvm.so->__xstat(1, 0x2b85a740a8f0, 0x2b85a7409860, 0x5f74776162696c2f) = 0
20718   0.000410 libjvm.so->fopen(0x2b85a7409b90, 0x2b85a8c8eccb, 4009, 3994) = 0x2b85ac0037b0
20718   0.000480 libjvm.so->fopen(0x2b85a7409b90, 0x2b85a8c8eccb, 4009, 3994) = 0x2b85ac0037b0
20718   0.000489 libjvm.so->fopen(0x2b85a7409b90, 0x2b85a8c8eccb, 4009, 4002) = 0x2b85ac0037b0
20718   0.000501 libjvm.so->fopen(0x2b85a7409b20, 0x2b85a8c8eccb, 4009, 3994) = 0x2b85ac0037b0
20718   0.000484 libjvm.so->fopen(0x2b85a7409b20, 0x2b85a8c8eccb, 4009, 3994) = 0x2b85ac0037b0
20718   0.000478 libjvm.so->fopen(0x2b85a7409b20, 0x2b85a8c8eccb, 4009, 4002) = 0x2b85ac0037b0
20718   0.000496 libjvm.so->fopen(0x2b85a7409b50, 0x2b85a8c8eccb, 4014, 3995) = 0x2b85ac0037b0
20718   0.000609 libjvm.so->getenv(0x2b85a8cd80ff, 4096, 3, -1) = 0
20718   0.000698 libjvm.so->fopen(0x2b85a8cd7998, 0x2b85a8c8eccb, 0x2b85a74ef908, 0x2b85a74eedf0) = 0x2b85ac0037b0
20718   0.003401 libjvm.so->open(0x2b85ac04a5a0, 0x20000, 0, 0x2b85ac04a5e9) = 3
20718   0.000414 libjvm.so->__fxstat(1, 3, 0x2b85a740ba00, -1) = 0
20718   0.000362 libjvm.so->opendir(0x2b85ac04a5a0, 0x2b85a740ba00, 0x4000, -1) = 0x2b85ac04b4b0
20718   0.000370 libjvm.so->__fxstat(1, 3, 0x2b85a740b8a0, 0x2b85ac04b4b0) = 0
20718   0.000328 libjvm.so->__fxstat(1, 5, 0x2b85a740b930, -1) = 0
20718   0.000342 libjvm.so->open(0x2b85a8ca59dc, 0, 0, 0) = 3
20718   0.000574 libjvm.so->__lxstat(1, 0x2b85ac04a5a0, 0x2b85a740bb50, -144) = 0
20718   0.000389 libjvm.so->open(0x2b85ac04a5a0, 0x20000, 0x4000, -1) = 3
20718   0.000324 libjvm.so->__fxstat(1, 3, 0x2b85a740ba00, -1) = 0
20718   0.000345 libjvm.so->opendir(0x2b85ac04a5a0, 0x2b85a740ba00, 0x4000, -1) = 0x2b85ac04b4b0
20718   0.000318 libjvm.so->__fxstat(1, 3, 0x2b85a740b8a0, 0x2b85ac04b4b0) = 0
20718   0.000312 libjvm.so->__fxstat(1, 5, 0x2b85a740b930, -1) = 0
20718   0.000350 libjvm.so->open(0x2b85a8ca59dc, 0, 0, 0) = 3
20718   0.000335 libjvm.so->open(0x2b85ac04a5e9, 0x20042, 384, -1) = 7
20718   0.000465 libjvm.so->__fxstat(1, 7, 0x2b85a740bb50, -1) = 0
20718   0.001208 libjvm.so->fopen(0x2b85a740ab60, 0x2b85a8c8eccb, 4, 0x6f732e70) = 0x2b85ac057c00
20718   0.001045 libjvm.so->dlopen(0x2b85a740ab60, 1, 0xffffffff, 0x2b85ac057b00) = 0x2b85ac057c00
20718   0.001121 libjvm.so->__xstat(1, 0x2b85a740b120, 0x2b85a740b950, 2048) = 0
20718   0.000341 libjvm.so->__xstat(1, 0x2b85a740b120, 0x2b85a740b950, 2048) = 0
20718   0.000358 libjvm.so->__xstat(1, 0x2b85a740b120, 0x2b85a740b950, 2048) = -1
20718   0.000326 libjvm.so->__xstat(1, 0x2b85a740b120, 0x2b85a740b950, 2048) = 0
20718   0.000339 libjvm.so->__xstat(1, 0x2b85a740b120, 0x2b85a740b950, 2048) = 0
20718   0.000358 libjvm.so->__xstat(1, 0x2b85a740b120, 0x2b85a740b950, 2048) = 0
20718   0.000422 libjvm.so->__xstat(1, 0x2b85a740b120, 0x2b85a740b950, 2048) = 0
20718   0.000340 libjvm.so->__xstat(1, 0x2b85a740b120, 0x2b85a740b950, 2048) = -1
20718   0.000337 libjvm.so->fopen(0x2b85ac002520, 0x2b85a8c8eccb, 0, 0) = 0x2b85ac058aa0
20718   0.006320 libjvm.so->open64(0x2b85a740a410, 0, 0, 16) = 3
20718   0.000436 libjvm.so->__fxstat64(1, 3, 0x2b85a740a240, -1) = 0
20718   0.024172 libjvm.so->__xstat(1, 0x2b85a740af20, 0x2b85a740b750, 2048) = -1
20718   0.000529 libjvm.so->fopen(0x2b85a7409b20, 0x2b85a8c8eccb, 4009, 3994) = 0x2b85ac0b1fb0
20718   0.000647 libjvm.so->fopen(0x2b85a7409b20, 0x2b85a8c8eccb, 4009, 3994) = 0x2b85ac0b1fb0
20718   0.000472 libjvm.so->fopen(0x2b85a7409b20, 0x2b85a8c8eccb, 4009, 4002) = 0x2b85ac0b1fb0
20718   0.004260 libjvm.so->pthread_attr_setdetachstate(0x2b85a740bc00, 1, 0, 0) = 0
20718   0.000408 libpthread.so.0->__clone(0x2b85a74f8de0, 0x2b85bfd89fc0, 0x3d0f00, 0x2b85bfd8a700) = 0x50ef
20718   0.013163 libjvm.so->pthread_attr_setdetachstate(0x2b85a740b290, 1, 0, 0) = 0
20718   0.000507 libpthread.so.0->__clone(0x2b85a74f8de0, 0x2b85bfe8afc0, 0x3d0f00, 0x2b85bfe8b700) = 0x50f0
20718   0.005059 libjvm.so->pthread_attr_setdetachstate(0x2b85a740b610, 1, 0, 0) = 0
20718   0.000540 libpthread.so.0->__clone(0x2b85a74f8de0, 0x2b85bff8bfc0, 0x3d0f00, 0x2b85bff8c700) = 0x50f1
20718   0.028302 libjvm.so->fopen(0x2b85ac0f17f0, 0x2b85a8c8eccb, 4, 0x6f732e70) = 0x2b85ac0f1cf0
20718   0.001666 libjvm.so->dlopen(0x2b85ac0f17f0, 1, 0xffffffff, 0x2b85ac0e8c00) = 0x2b85ac057c00
20718   0.006160 libjvm.so->open64(0x2b85a740a510, 0, 0, 16) = 5
20718   0.000640 libjvm.so->__fxstat64(1, 5, 0x2b85a740a340, -1) = 0
20718   0.013961 libjvm.so->fopen(0x2b85a7407130, 0x2b85a8c8eccb, 4009, 3994) = 0x2b85ac0fccc0
20718   0.000870 libjvm.so->fopen(0x2b85a7407130, 0x2b85a8c8eccb, 4009, 3994) = 0x2b85ac0fccc0
20718   0.000759 libjvm.so->fopen(0x2b85a7407130, 0x2b85a8c8eccb, 4009, 4002) = 0x2b85ac0fccc0
20718   0.010636 libjvm.so->pthread_attr_setdetachstate(0x2b85a740bb50, 1, 0, 0) = 0
20718   0.000717 libpthread.so.0->__clone(0x2b85a74f8de0, 0x2b85d2642fc0, 0x3d0f00, 0x2b85d2643700) = 0x50f2
20718   0.001159 libjvm.so->__xstat64(1, 0x2b85a740bbe0, 0x2b85a740bb50, 19) = -1
20718   0.000794 libjvm.so->pthread_attr_setdetachstate(0x2b85a740b950, 1, 0, 0) = 0
20718   0.000734 libpthread.so.0->__clone(0x2b85a74f8de0, 0x2b85d2743fc0, 0x3d0f00, 0x2b85d2744700) = 0x50f3
20718   0.001153 libjvm.so->pthread_attr_setdetachstate(0x2b85a740b950, 1, 0, 0) = 0
20718   0.000867 libpthread.so.0->__clone(0x2b85a74f8de0, 0x2b85d2844fc0, 0x3d0f00, 0x2b85d2845700) = 0x50f4
20718   0.006416 libjvm.so->pthread_attr_setdetachstate(0x2b85a740baa0, 1, 0, 0) = 0
20718   0.000945 libpthread.so.0->__clone(0x2b85a74f8de0, 0x2b85d2945fc0, 0x3d0f00, 0x2b85d2946700) = 0x50f5
20718   0.001915 libjvm.so->pthread_attr_setdetachstate(0x2b85a740bbb0, 1, 0, 0) = 0
20718   0.001301 libpthread.so.0->__clone(0x2b85a74f8de0, 0x2b85d2a46fc0, 0x3d0f00, 0x2b85d2a47700) = 0x50f6
20718   0.011199 libjvm.so->open64(0x2b85ac130880, 0, 0, 0) = 7
20718   0.001244 libjvm.so->__fxstat64(1, 7, 0x2b85a7408f60, -1) = 0
20718   0.018372 libjvm.so->fopen(0x2b85ac164720, 0x2b85a8c8eccb, 4, 0x6f732e6f) = 0x2b85ac1647e0
20718   0.003344 libjvm.so->dlopen(0x2b85ac164720, 1, 0xffffffff, 0x2b85ac164700) = 0x2b85ac1647e0
20718   0.073712 libjvm.so->fopen(0x2b85a7405e40, 0x2b85a8c8eccb, 0x6f732e, 0x6d766a62696c2f72) = 0x2b85ac17a140
20718   0.004267 libjvm.so->dlopen(0x2b85a7405e40, 1, 0xffffffff, 0x2b85ac17a000) = 0x5578e8cb54b0
20718   0.001081 libjvm.so->fopen(0x2b85a7405e40, 0x2b85a8c8eccb, 0x6f732e, 0x6d766a62696c2f72) = 0x2b85ac17a540
20718   0.003244 libjvm.so->dlopen(0x2b85a7405e40, 1, 0xffffffff, 0x2b85ac17a000) = 0x5578e8cb54b0
20718   0.001145 libjvm.so->fopen(0x2b85a7405e40, 0x2b85a8c8eccb, 0x6f732e, 0x6d766a62696c2f72) = 0x2b85ac17a140
20718   0.002288 libjvm.so->dlopen(0x2b85a7405e40, 1, 0xffffffff, 0x2b85ac17a000) = 0x5578e8cb54b0
20718   0.001048 libjvm.so->fopen(0x2b85a7405e40, 0x2b85a8c8eccb, 0x6f732e, 0x6d766a62696c2f72) = 0x2b85ac17a140
20718   0.002164 libjvm.so->dlopen(0x2b85a7405e40, 1, 0xffffffff, 0x2b85ac17a000) = 0x5578e8cb54b0
20718   0.030461 libjvm.so->fopen(0x2b85ac1e76c0, 0x2b85a8c8eccb, 4, 0x6f732e74) = 0x2b85ac1f5610
20718   0.002164 libjvm.so->dlopen(0x2b85ac1e76c0, 1, 0xffffffff, 0x2b85ac1dd500) = 0x2b85ac1f5610
20718   0.091621 libjvm.so->fopen(0x2b85ac250820, 0x2b85a8c8eccb, 0x6f732e7373656c, 0x656c646165685f74) = 0x2b85ac250930
20718   0.001768 libjvm.so->dlopen(0x2b85ac250820, 1, 0xffffffff, 0x2b85ac250800) = 0x2b85ac250930
20718   3.766451 --- SIGSEGV (Segmentation fault) ---
20718   0.415993 --- SIGSEGV (Segmentation fault) ---
20718   0.000384 --- SIGSEGV (Segmentation fault) ---
20718   0.551422 --- SIGSEGV (Segmentation fault) ---
20718   0.000388 --- SIGSEGV (Segmentation fault) ---
20718   0.000375 --- SIGSEGV (Segmentation fault) ---
20718   0.602389 --- SIGSEGV (Segmentation fault) ---
20718   0.000460 --- SIGSEGV (Segmentation fault) ---
20718   0.420027 --- SIGSEGV (Segmentation fault) ---
20718   0.000431 --- SIGSEGV (Segmentation fault) ---
20718   0.000413 --- SIGSEGV (Segmentation fault) ---
20718   0.624324 --- SIGSEGV (Segmentation fault) ---
20718   0.001072 --- SIGSEGV (Segmentation fault) ---
20718   0.000443 --- SIGSEGV (Segmentation fault) ---
20718   0.621811 --- SIGSEGV (Segmentation fault) ---
20718   0.000424 --- SIGSEGV (Segmentation fault) ---
20718   0.000600 --- SIGSEGV (Segmentation fault) ---
20718   0.558710 --- SIGSEGV (Segmentation fault) ---
20718   0.000354 --- SIGSEGV (Segmentation fault) ---
20718   0.000319 --- SIGSEGV (Segmentation fault) ---
20718   0.000318 --- SIGSEGV (Segmentation fault) ---
20718   1.040612 --- SIGSEGV (Segmentation fault) ---
20718   0.000428 --- SIGSEGV (Segmentation fault) ---
20718   0.000341 --- SIGSEGV (Segmentation fault) ---
20718   0.000293 --- SIGSEGV (Segmentation fault) ---
20723   0.612113 --- SIGSEGV (Segmentation fault) ---
20718   0.001839 --- SIGSEGV (Segmentation fault) ---
20718   0.000470 --- SIGSEGV (Segmentation fault) ---
20718   0.617948 --- SIGSEGV (Segmentation fault) ---
20718   0.000475 --- SIGSEGV (Segmentation fault) ---
20718   0.000572 --- SIGSEGV (Segmentation fault) ---
20718   0.445023 --- SIGSEGV (Segmentation fault) ---
20718   0.000399 --- SIGSEGV (Segmentation fault) ---
20718   0.677551 --- SIGSEGV (Segmentation fault) ---
20718   0.000696 --- SIGSEGV (Segmentation fault) ---
20718   0.000346 --- SIGSEGV (Segmentation fault) ---
20718   0.596335 --- SIGSEGV (Segmentation fault) ---
20718   0.000596 --- SIGSEGV (Segmentation fault) ---
20718   0.000499 --- SIGSEGV (Segmentation fault) ---
20718   0.629892 --- SIGSEGV (Segmentation fault) ---
20718   0.000463 --- SIGSEGV (Segmentation fault) ---
20718   0.000572 --- SIGSEGV (Segmentation fault) ---
20718   0.657411 libjvm.so->fopen(0x2b85a7408e40, 0x2b85a8c8eccb, 111, 0x732e6176) = 0x2b85ac19c780
20718   0.002057 libjvm.so->dlopen(0x2b85a7408e40, 1, 0xffffffff, 0x2b85ac26ee00) = 0x2b85ac001b10
20718   0.001207 libjvm.so->fopen(0x2b85a7408e40, 0x2b85a8c8eccb, 111, 0x732e6176) = 0x2b85ac2a7300
20718   0.002024 libjvm.so->dlopen(0x2b85a7408e40, 1, 0xffffffff, 0x2b85ac26ee00) = 0x2b85ac001b10
20718   0.001108 libjvm.so->fopen(0x2b85a7408e40, 0x2b85a8c8eccb, 111, 0x732e6176) = 0x2b85ac2a7300
20718   0.002377 libjvm.so->dlopen(0x2b85a7408e40, 1, 0xffffffff, 0x2b85ac26ee00) = 0x2b85ac001b10
20718   0.003044 libjvm.so->fopen(0x2b85a7408e40, 0x2b85a8c8eccb, 111, 0x732e6176) = 0x2b85ac19c8a0
20718   0.001883 libjvm.so->dlopen(0x2b85a7408e40, 1, 0xffffffff, 0x2b85ac26ee00) = 0x2b85ac001b10
20718   0.009287 libjvm.so->fopen(0x2b85a7408e40, 0x2b85a8c8eccb, 111, 0x732e6176) = 0x2b85ac2a7740
20718   0.001835 libjvm.so->dlopen(0x2b85a7408e40, 1, 0xffffffff, 0x2b85ac263100) = 0x2b85ac001b10
20718   0.001060 libjvm.so->fopen(0x2b85a7408e40, 0x2b85a8c8eccb, 111, 0x732e6176) = 0x2b85ac19bfd0
20718   0.001794 libjvm.so->dlopen(0x2b85a7408e40, 1, 0xffffffff, 0x2b85ac263100) = 0x2b85ac001b10
20718   0.001056 libjvm.so->fopen(0x2b85a7408e40, 0x2b85a8c8eccb, 111, 0x732e6176) = 0x2b85ac19bfd0
20718   0.001760 libjvm.so->dlopen(0x2b85a7408e40, 1, 0xffffffff, 0x2b85ac263100) = 0x2b85ac001b10
20718   0.001060 libjvm.so->fopen(0x2b85a7408e40, 0x2b85a8c8eccb, 111, 0x732e6176) = 0x2b85ac19bfd0
20718   0.001911 libjvm.so->dlopen(0x2b85a7408e40, 1, 0xffffffff, 0x2b85ac263100) = 0x2b85ac001b10
20718   1.297233 --- SIGSEGV (Segmentation fault) ---
20726   3.440377 +++ exited (status 0) +++
20722   0.000367 +++ exited (status 0) +++
20719   0.000181 +++ exited (status 0) +++
20718   0.000227 +++ exited (status 0) +++
20725   0.000251 +++ exited (status 0) +++
20724   0.000017 +++ exited (status 0) +++
20723   0.000011 +++ exited (status 0) +++
20721   0.000011 +++ exited (status 0) +++
20720   0.020455 +++ exited (status 0) +++
20712   0.000068 +++ exited (status 0) +++
Wrote an ltrace for command: "java -cp ./tools/maxent.jar density.Project outputs/Sergentomyia_affinis/Sergentomyia_affinis.lambdas data/layers/worldclim outputs/Sergentomyia_affinis_worldclim.asc nowarnings nocache autorun -z" with PID 20710 from PPID 20694 on disc23.crc.nd.edu with result 0
REMOTEHOST=10.17.150.11
_CONDOR_JOB_PIDS=
MANPATH=/afs/crc.nd.edu/user/n/nkremerh/cctools/share/man/:/afs/crc.nd.edu/group/ccl/software/x86_64/redhat7/ruby/current/share/man:/afs/crc.nd.edu/group/ccl/software/x86_64/redhat7/graphviz/current/share/man:/afs/crc.nd.edu/group/ccl/software/x86_64/redhat7/gnuplot/current/share/man:/afs/crc.nd.edu/group/ccl/software/x86_64/redhat7/git/current/share/man:/afs/crc.nd.edu/group/ccl/software/x86_64/redhat7/condor/current/share/man:/afs/crc.nd.edu/group/ccl/software/x86_64/redhat7/clang/current/share/man:/afs/crc.nd.edu/group/ccl/software/x86_64/redhat7/condor/current/share/man:/afs/crc.nd.edu/group/ccl/software/x86_64/redhat7/cctools/current/share/man:/afs/crc.nd.edu/group/ccl/software/x86_64/redhat7/cctools/current/share/man:/afs/crc.nd.edu/x86_64_linux/Modules/4.5.0/share/man:/opt/crc/usr/local/man:/opt/sge/man:/usr/share/man/overrides:/usr/share/man:/usr/local/share/man
XDG_SESSION_ID=4102
HOSTNAME=disc01.crc.nd.edu
_LMFILES__modshare=/afs/crc.nd.edu/x86_64_linux/Modules/modules/system_modules/CRC_default/1.1:1
MODULEPATH_modshare=/afs/crc.nd.edu/x86_64_linux/Modules/modules/general_software:1:/afs/crc.nd.edu/x86_64_linux/Modules/modules/development_tools_and_libraries:1:/afs/crc.nd.edu/x86_64_linux/Modules/modules/system_modules:1:/afs/crc.nd.edu/x86_64_linux/Modules/current/modulefiles:1:/afs/crc.nd.edu/x86_64_linux/Modules/modules/restricted_software:1:/afs/crc.nd.edu/x86_64_linux/Modules/modules/deprecated_software:1
MODULES_CMD=/afs/crc.nd.edu/x86_64_linux/Modules/4.5.0/libexec/modulecmd.tcl
HOST=disc01.crc.nd.edu
SHELL=/bin/tcsh
TERM=xterm-256color
MAKEFLAGS=
HISTSIZE=5000
TMPDIR=/var/condor/execute/dir_4602/worker-213124-4760/t.1406/cctools-temp-t.1406.1hjtwE
SSH_CLIENT=10.17.150.11 36546 22
PERL5LIB=/afs/crc.nd.edu/user/n/nkremerh/cctools/lib/perl5/site_perl/5.16.3:/afs/crc.nd.edu/user/n/nkremerh/.perl5/lib/perl5
SGE_CELL=crc
_CONDOR_SCRATCH_DIR=/var/condor/execute/dir_4602
PERL_MB_OPT=--install_base '/afs/crc.nd.edu/user/n/nkremerh/.perl5/'
SSH_TTY=/dev/pts/2
SGE_LOAD_AVG=load_avg
MAKEFLOW_MAX_LOCAL_JOBS=2
HISTFILESIZE=10000
_CHIRP_DELAYED_UPDATE_PREFIX=Chirp*
USER=nkremerh
GROUP=campus
LD_LIBRARY_PATH=/afs/crc.nd.edu/group/ccl/software/x86_64/redhat7/ruby/current/lib:/afs/crc.nd.edu/group/ccl/software/x86_64/redhat7/graphviz/current/lib:/afs/crc.nd.edu/group/ccl/software/x86_64/redhat7/git/current/lib:/afs/crc.nd.edu/group/ccl/software/x86_64/redhat7/condor/current/lib:/afs/crc.nd.edu/group/ccl/software/x86_64/redhat7/clang/current/lib:/afs/crc.nd.edu/group/ccl/software/x86_64/redhat7/condor/current/lib:/afs/crc.nd.edu/group/ccl/software/x86_64/redhat7/cctools/current/lib:/opt/crc/usr/local/lib
TEMP=/var/condor/execute/dir_4602/worker-213124-4760/t.1406/cctools-temp-t.1406.1hjtwE
BATCH_SYSTEM=HTCondor
WORKER_TMPDIR=/var/condor/execute/dir_4602/worker-213124-4760/cache/tmp
ENV=/afs/crc.nd.edu/x86_64_linux/Modules/4.5.0/init/profile.sh
MODULES_LMALTNAME=CRC_default/1.1&CRC_default/default&CRC_default
_CONDOR_ANCESTOR_3574=4602:1600190002:4040868520
_CONDOR_CHIRP_CONFIG=/var/condor/execute/dir_4602/.chirp.config
GLOBUS_GSSAPI_MAX_TLS_PROTOCOL=0
_CONDOR_HIGHPORT=9999
HOSTTYPE=x86_64-linux
MAKELEVEL=1
MFLAGS=
_CONDOR_ANCESTOR_4602=4736:1600190003:2984395350
CCLSOFTWARE=/afs/crc.nd.edu/group/ccl/software/x86_64/redhat7
PATH=/afs/crc.nd.edu/user/n/nkremerh/cctools/bin:/afs/crc.nd.edu/user/n/nkremerh/miniconda/bin:/afs/crc.nd.edu/group/ccl/software/git:/afs/crc.nd.edu/user/n/nkremerh/.local/bin:/afs/crc.nd.edu/group/ccl/software/x86_64/redhat7/povray/3.7/bin:/afs/crc.nd.edu/user/n/nkremerh/.perl5/bin:/afs/crc.nd.edu/user/n/nkremerh/pegasus/bin:/afs/crc.nd.edu/user/n/nkremerh/nodejs/bin:/afs/crc.nd.edu/user/n/nkremerh/montage/bin:/afs/crc.nd.edu/user/n/nkremerh/latexdiff:/afs/crc.nd.edu/user/n/nkremerh/envtrace:/afs/crc.nd.edu/user/n/nkremerh/endlines:/afs/crc.nd.edu/user/n/nkremerh/cctools/bin:/afs/crc.nd.edu/user/n/nkremerh/.cargo/bin:/afs/crc.nd.edu/group/ccl/software/x86_64/redhat7/ruby/current/bin:/afs/crc.nd.edu/group/ccl/software/x86_64/redhat7/graphviz/current/bin:/afs/crc.nd.edu/group/ccl/software/x86_64/redhat7/gnuplot/current/bin:/afs/crc.nd.edu/group/ccl/software/x86_64/redhat7/git/current/bin:/afs/crc.nd.edu/group/ccl/software/x86_64/redhat7/condor/current/sbin:/afs/crc.nd.edu/group/ccl/software/x86_64/redhat7/condor/current/bin:/afs/crc.nd.edu/group/ccl/software/x86_64/redhat7/cmake/current/bin:/afs/crc.nd.edu/group/ccl/software/x86_64/redhat7/clang/current/bin:/afs/crc.nd.edu/group/ccl/software/x86_64/redhat7/condor/current/sbin:/afs/crc.nd.edu/group/ccl/software/x86_64/redhat7/condor/current/bin:/afs/crc.nd.edu/group/ccl/software/x86_64/redhat7/cctools/current/bin:/afs/crc.nd.edu/x86_64_linux/Modules/4.5.0/bin:/opt/crc/usr/local/bin:/opt/sge/bin/lx-amd64:/usr/local/bin:/usr/bin:/usr/local/sbin:/usr/sbin:/afs/crc.nd.edu/user/c/condor/software/bin:/afs/crc.nd.edu/user/c/condor/software/sbin
MAIL=/var/spool/mail/nkremerh
_CONDOR_ANCESTOR_3382=3574:1598183948:1170902758
PWD=/var/condor/execute/dir_4602/worker-213124-4760/t.1406
_LMFILES_=/afs/crc.nd.edu/x86_64_linux/Modules/modules/system_modules/CRC_default/1.1
SGE_EXECD_PORT=6445
EDITOR=vim
LANG=en_US.UTF-8
MODULEPATH=/afs/crc.nd.edu/x86_64_linux/Modules/modules/development_tools_and_libraries:/afs/crc.nd.edu/x86_64_linux/Modules/modules/general_software:/afs/crc.nd.edu/x86_64_linux/Modules/modules/restricted_software:/afs/crc.nd.edu/x86_64_linux/Modules/modules/system_modules:/afs/crc.nd.edu/x86_64_linux/Modules/modules/deprecated_software:/afs/crc.nd.edu/x86_64_linux/Modules/current/modulefiles
SGE_QMASTER_PORT=6444
SGE_ROOT=/opt/sge
LOADEDMODULES=CRC_default/1.1
WORK_QUEUE_SANDBOX=/var/condor/execute/dir_4602/worker-213124-4760
_CONDOR_SLOT=slot2_1
CCLPLATFORM=x86_64/redhat7
USE_SYSTEMD=true
_CONDOR_LOWPORT=9100
KRB5CCNAME=FILE:/tmp/krb5cc_213124_DZSV7p
HISTCONTROL=ignoreboth:erasedups
PATH_modshare=/opt/crc/usr/local/bin:1:/opt/sge/bin/lx-amd64:1:/usr/sbin:1:/usr/bin:1:/afs/crc.nd.edu/user/c/condor/software/sbin:1:/usr/local/sbin:1:/afs/crc.nd.edu/user/c/condor/software/bin:1:/usr/local/bin:1
SHLVL=7
HOME=disc01.crc.nd.edu
GLOBUS_GSSAPI_NAME_COMPATIBILITY=STRICT_RFC2818
_CONDOR_MACHINE_AD=/var/condor/execute/dir_4602/.machine.ad
OSTYPE=linux
DISK=18248
GREP_OPTIONS=--color=auto
GLOBUS_GSSAPI_MIN_TLS_PROTOCOL=TLS1_VERSION
MEMORY=1948
MANPATH_modshare=/usr/share/man/overrides:1:/usr/local/share/man:1:/usr/share/man:1:/opt/crc/usr/local/man:1:/opt/sge/man:1
VENDOR=unknown
BASH_ENV=/afs/crc.nd.edu/x86_64_linux/Modules/4.5.0/init/bash
PERL_LOCAL_LIB_ROOT=/afs/crc.nd.edu/user/n/nkremerh/.perl5/
PYTHONPATH=/afs/crc.nd.edu/user/n/nkremerh/cctools/lib/python3.6/site-packages/
CCLHOME=/afs/crc.nd.edu/group/ccl
MACHTYPE=x86_64
LOGNAME=nkremerh
TMP=/var/condor/execute/dir_4602/worker-213124-4760/t.1406/cctools-temp-t.1406.1hjtwE
LD_LIBRARY_PATH_modshare=/opt/crc/usr/local/lib:1
MODULES_LMALTNAME_modshare=CRC_default/1.1&CRC_default/default&CRC_default:1
SSH_CONNECTION=10.17.150.11 36546 129.74.128.103 22
MODULESHOME=/afs/crc.nd.edu/x86_64_linux/Modules/4.5.0
OMP_NUM_THREADS=1
LESSOPEN=||/usr/bin/lesspipe.sh %s
GLOBUS_GSSAPI_BACKWARD_COMPATIBLE_MIC=true
GLOBUS_GSSAPI_CIPHERS=HIGH
LOADEDMODULES_modshare=CRC_default/1.1:1
_CONDOR_JOB_AD=/var/condor/execute/dir_4602/.job.ad
SGE_CLUSTER_NAME=CRC
XDG_RUNTIME_DIR=/run/user/213124
CCTOOLS=../cctools
CORES=2
_CONDOR_JOB_IWD=/var/condor/execute/dir_4602
PERL_MM_OPT=INSTALL_BASE=/afs/crc.nd.edu/user/n/nkremerh/.perl5/
GLOBUS_GSSAPI_SERVER_CIPHER_ORDER=true
BASH_FUNC_module()=() {  unset _mlshdbg;
 if [ "${MODULES_SILENT_SHELL_DEBUG:-0}" = '1' ]; then
 case "$-" in 
 *v*x*)
 set +vx;
 _mlshdbg='vx'
 ;;
 *v*)
 set +v;
 _mlshdbg='v'
 ;;
 *x*)
 set +x;
 _mlshdbg='x'
 ;;
 *)
 _mlshdbg=''
 ;;
 esac;
 fi;
 unset _mlre _mlIFS;
 if [ -n "${IFS+x}" ]; then
 _mlIFS=$IFS;
 fi;
 IFS=' ';
 for _mlv in ${MODULES_RUN_QUARANTINE:-};
 do
 if [ "${_mlv}" = "${_mlv##*[!A-Za-z0-9_]}" -a "${_mlv}" = "${_mlv#[0-9]}" ]; then
 if [ -n "`eval 'echo ${'$_mlv'+x}'`" ]; then
 _mlre="${_mlre:-}${_mlv}_modquar='`eval 'echo ${'$_mlv'}'`' ";
 fi;
 _mlrv="MODULES_RUNENV_${_mlv}";
 _mlre="${_mlre:-}${_mlv}='`eval 'echo ${'$_mlrv':-}'`' ";
 fi;
 done;
 if [ -n "${_mlre:-}" ]; then
 eval `eval ${_mlre}/usr/bin/tclsh /afs/crc.nd.edu/x86_64_linux/Modules/4.5.0/libexec/modulecmd.tcl bash '"$@"'`;
 else
 eval `/usr/bin/tclsh /afs/crc.nd.edu/x86_64_linux/Modules/4.5.0/libexec/modulecmd.tcl bash "$@"`;
 fi;
 _mlstatus=$?;
 if [ -n "${_mlIFS+x}" ]; then
 IFS=$_mlIFS;
 else
 unset IFS;
 fi;
 unset _mlre _mlv _mlrv _mlIFS;
 if [ -n "${_mlshdbg:-}" ]; then
 set -$_mlshdbg;
 fi;
 unset _mlshdbg;
 return $_mlstatus
}
BASH_FUNC_ml()=() {  module ml "$@"
}
_=/usr/bin/printenv
