24251   0.000000 libjli.so->getenv("_JAVA_LAUNCHER_DEBUG") = nil
24251   0.001125 libjli.so->getenv("_JAVA_VERSION_SET") = nil
24251   0.000552 libjli.so->fopen("/usr/lib/jvm/java-1.8.0-openjdk-1.8.0.262.b10-0.el7_8.x86_64/jre/lib/amd64/jvm.cfg", "r") = 0x55a17c91d0f0
24251   0.000564 libjli.so->getenv("JDK_ALTERNATE_VM") = nil
24251   0.000205 libjli.so->__xstat(1, "/usr/lib/jvm/java-1.8.0-openjdk-1.8.0.262.b10-0.el7_8.x86_64/jre/lib/amd64/server/libjvm.so", 0x7ffce71f6610) = 0
24251   0.000409 libjli.so->getenv("LD_LIBRARY_PATH") = "/afs/crc.nd.edu/group/ccl/software/x86_64/redhat7/ruby/current/lib:/afs/crc.nd.edu/group/ccl/software/x86_64/redhat7/graphviz/current/lib:/afs/crc.nd.edu/group/ccl/software/x86_64/redhat7/git/current/lib:/afs/crc.nd.edu/group/ccl/software/x86_64/redhat7/condor/current/lib:/afs/crc.nd.edu/group/ccl/software/x86_64/redhat7/clang/current/lib:/afs/crc.nd.edu/group/ccl/software/x86_64/redhat7/condor/current/lib:/afs/crc.nd.edu/group/ccl/software/x86_64/redhat7/cctools/current/lib:/opt/crc/usr/local/lib"
24251   0.001392 libjli.so->dlopen("/usr/lib/jvm/java-1.8.0-openjdk-1.8.0.262.b10-0.el7_8.x86_64/jre/lib/amd64/server/libjvm.so", 258 <unfinished ...>
24251   0.023382 libjvm.so->getenv("NMT_LEVEL_24251") = nil
24251   0.001076 <... dlopen resumed> )          = 0x55a17c91d4c0
24251   0.000050 libjli.so->getenv("CLASSPATH")  = nil
24251   0.000199 libjli.so->getenv("_JAVA_SPLASH_JAR") = nil
24251   0.000199 libjli.so->getenv("_JAVA_SPLASH_FILE") = nil
24251   0.000213 libjli.so->pthread_attr_setdetachstate(0x7ffce71f65c0, 0, 0x7ffce71f6650, 0) = 0
24251   0.000288 libpthread.so.0->__clone(0x2b46c6041de0, 0x2b46c5f56fc0, 0x3d0f00, 0x2b46c5f57700) = 0x5ebc
24252   0.001128 libjvm.so->dlopen(0x2b46c78209ae, 1, 0xfffffffffff42c48, 4096) = 0x2b46cc000990
24252   0.001551 libjvm.so->getenv(0x2b46c783b83e, 0, 115, 0x65737361) = 0x7ffce71fc70b
24252   0.000285 libjvm.so->fopen(0x2b46c5f55c10, 0x2b46c77d7ccb, 0x6f732e79666972, 0x2b46c6919ab0) = 0x2b46cc001440
24252   0.000890 libjvm.so->dlopen(0x2b46c5f55c10, 1, 0xffffffff, 0x2b46cc002b00) = 0x2b46cc001440
24252   0.000947 libjvm.so->fopen(0x2b46c5f55c10, 0x2b46c77d7ccb, 111, 0x732e6176) = 0x2b46cc001b10
24252   0.001029 libjvm.so->dlopen(0x2b46c5f55c10, 1, 0xffffffff, 0x2b46cc001a00) = 0x2b46cc001b10
24252   0.001055 libjvm.so->__xstat(1, 0x2b46c5f56360, 0x2b46c5f56ba0, 0x746f7073746f682e) = -1
24252   0.000340 libjvm.so->getenv(0x2b46c77d0541, 0x2b46c5f566d0, 1024, 0x2b46c7c8a61b) = 0
24252   0.000305 libjvm.so->getenv(0x2b46c77d0533, 0x2b46c5f566d0, 1024, 0) = 0
24252   0.000302 libjvm.so->fopen(0x2b46c7820315, 0x2b46c77d7ccb, 4095, 0xffffd4b93882fb03) = 0x2b46cc003290
24252   0.000744 libjvm.so->fopen(0x2b46c7820361, 0x2b46c77d7ccb, 0x2b46cc000078, 0x2b46cc003280) = 0x2b46cc003290
24252   0.000451 libjvm.so->fopen(0x2b46c5f509b0, 0x2b46c77d7ccb, 4014, 3995) = 0x2b46cc003290
24252   0.000404 libjvm.so->opendir(0x2b46cc002b40, 0x2b46cc002b40, 13, 16) = 0
24252   0.000285 libjvm.so->__xstat(1, 0x2b46c5f558f0, 0x2b46c5f54860, 0x6f732e7477616d62) = -1
24252   0.000282 libjvm.so->__xstat(1, 0x2b46c5f558f0, 0x2b46c5f54860, 0x5f74776162696c2f) = 0
24252   0.000335 libjvm.so->fopen(0x2b46c5f54b90, 0x2b46c77d7ccb, 4009, 3994) = 0x2b46cc003770
24252   0.000412 libjvm.so->fopen(0x2b46c5f54b90, 0x2b46c77d7ccb, 4009, 3994) = 0x2b46cc003770
24252   0.000393 libjvm.so->fopen(0x2b46c5f54b90, 0x2b46c77d7ccb, 4009, 4002) = 0x2b46cc003770
24252   0.000423 libjvm.so->fopen(0x2b46c5f54b20, 0x2b46c77d7ccb, 4009, 3994) = 0x2b46cc003770
24252   0.000403 libjvm.so->fopen(0x2b46c5f54b20, 0x2b46c77d7ccb, 4009, 3994) = 0x2b46cc003770
24252   0.000396 libjvm.so->fopen(0x2b46c5f54b20, 0x2b46c77d7ccb, 4009, 4002) = 0x2b46cc003770
24252   0.000394 libjvm.so->fopen(0x2b46c5f54b50, 0x2b46c77d7ccb, 4014, 3995) = 0x2b46cc003770
24252   0.000518 libjvm.so->getenv(0x2b46c78210ff, 4096, 3, -1) = 0
24252   0.000600 libjvm.so->fopen(0x2b46c7820998, 0x2b46c77d7ccb, 0x2b46c6038908, 0x2b46c6037df0) = 0x2b46cc003770
24252   0.003015 libjvm.so->open(0x2b46cc04a560, 0x20000, 0, 0x2b46cc04a5a9) = 3
24252   0.000325 libjvm.so->__fxstat(1, 3, 0x2b46c5f56a00, -1) = 0
24252   0.000324 libjvm.so->opendir(0x2b46cc04a560, 0x2b46c5f56a00, 0x4000, -1) = 0x2b46cc04b470
24252   0.000319 libjvm.so->__fxstat(1, 3, 0x2b46c5f568a0, 0x2b46cc04b470) = 0
24252   0.000312 libjvm.so->__fxstat(1, 5, 0x2b46c5f56930, -1) = 0
24252   0.000289 libjvm.so->open(0x2b46c77ee9dc, 0, 0, 0) = 3
24252   0.000424 libjvm.so->__lxstat(1, 0x2b46cc04a560, 0x2b46c5f56b50, -144) = 0
24252   0.000309 libjvm.so->open(0x2b46cc04a560, 0x20000, 0x4000, -1) = 3
24252   0.000297 libjvm.so->__fxstat(1, 3, 0x2b46c5f56a00, -1) = 0
24252   0.000290 libjvm.so->opendir(0x2b46cc04a560, 0x2b46c5f56a00, 0x4000, -1) = 0x2b46cc04b470
24252   0.000290 libjvm.so->__fxstat(1, 3, 0x2b46c5f568a0, 0x2b46cc04b470) = 0
24252   0.000292 libjvm.so->__fxstat(1, 5, 0x2b46c5f56930, -1) = 0
24252   0.000312 libjvm.so->open(0x2b46c77ee9dc, 0, 0, 0) = 3
24252   0.000292 libjvm.so->open(0x2b46cc04a5a9, 0x20042, 384, -1) = 7
24252   0.000475 libjvm.so->__fxstat(1, 7, 0x2b46c5f56b50, -1) = 0
24252   0.001101 libjvm.so->fopen(0x2b46c5f55b60, 0x2b46c77d7ccb, 4, 0x6f732e70) = 0x2b46cc057bc0
24252   0.000950 libjvm.so->dlopen(0x2b46c5f55b60, 1, 0xffffffff, 0x2b46cc057b00) = 0x2b46cc057bc0
24252   0.000993 libjvm.so->__xstat(1, 0x2b46c5f56120, 0x2b46c5f56950, 2048) = 0
24252   0.000303 libjvm.so->__xstat(1, 0x2b46c5f56120, 0x2b46c5f56950, 2048) = 0
24252   0.000299 libjvm.so->__xstat(1, 0x2b46c5f56120, 0x2b46c5f56950, 2048) = -1
24252   0.000293 libjvm.so->__xstat(1, 0x2b46c5f56120, 0x2b46c5f56950, 2048) = 0
24252   0.000288 libjvm.so->__xstat(1, 0x2b46c5f56120, 0x2b46c5f56950, 2048) = 0
24252   0.000272 libjvm.so->__xstat(1, 0x2b46c5f56120, 0x2b46c5f56950, 2048) = 0
24252   0.000305 libjvm.so->__xstat(1, 0x2b46c5f56120, 0x2b46c5f56950, 2048) = 0
24252   0.000293 libjvm.so->__xstat(1, 0x2b46c5f56120, 0x2b46c5f56950, 2048) = -1
24252   0.000299 libjvm.so->fopen(0x2b46cc002520, 0x2b46c77d7ccb, 0, 0) = 0x2b46cc058a60
24252   0.006200 libjvm.so->open64(0x2b46c5f55410, 0, 0, 16) = 3
24252   0.000326 libjvm.so->__fxstat64(1, 3, 0x2b46c5f55240, -1) = 0
24252   0.023070 libjvm.so->__xstat(1, 0x2b46c5f55f20, 0x2b46c5f56750, 2048) = -1
24252   0.000380 libjvm.so->fopen(0x2b46c5f54b20, 0x2b46c77d7ccb, 4009, 3994) = 0x2b46cc0b5e20
24252   0.000499 libjvm.so->fopen(0x2b46c5f54b20, 0x2b46c77d7ccb, 4009, 3994) = 0x2b46cc0b5e20
24252   0.000405 libjvm.so->fopen(0x2b46c5f54b20, 0x2b46c77d7ccb, 4009, 4002) = 0x2b46cc0b5e20
24252   0.002744 libjvm.so->pthread_attr_setdetachstate(0x2b46c5f56c00, 1, 0, 0) = 0
24252   0.000351 libpthread.so.0->__clone(0x2b46c6041de0, 0x2b46cb8c5fc0, 0x3d0f00, 0x2b46cb8c6700) = 0x5ebd
24252   0.010156 libjvm.so->pthread_attr_setdetachstate(0x2b46c5f56290, 1, 0, 0) = 0
24252   0.000424 libpthread.so.0->__clone(0x2b46c6041de0, 0x2b46cb9c6fc0, 0x3d0f00, 0x2b46cb9c7700) = 0x5ebe
24252   0.004416 libjvm.so->pthread_attr_setdetachstate(0x2b46c5f56610, 1, 0, 0) = 0
24252   0.000531 libpthread.so.0->__clone(0x2b46c6041de0, 0x2b46cbac7fc0, 0x3d0f00, 0x2b46cbac8700) = 0x5ebf
24252   0.025129 libjvm.so->fopen(0x2b46cc0e9150, 0x2b46c77d7ccb, 4, 0x6f732e70) = 0x2b46cc0f1c90
24252   0.001268 libjvm.so->dlopen(0x2b46cc0e9150, 1, 0xffffffff, 0x2b46cc0ec300) = 0x2b46cc057bc0
24252   0.003277 libjvm.so->open64(0x2b46c5f55510, 0, 0, 16) = 5
24252   0.000574 libjvm.so->__fxstat64(1, 5, 0x2b46c5f55340, -1) = 0
24252   0.012641 libjvm.so->fopen(0x2b46c5f52130, 0x2b46c77d7ccb, 4009, 3994) = 0x2b46cc0fcbe0
24252   0.000721 libjvm.so->fopen(0x2b46c5f52130, 0x2b46c77d7ccb, 4009, 3994) = 0x2b46cc0fcbe0
24252   0.000698 libjvm.so->fopen(0x2b46c5f52130, 0x2b46c77d7ccb, 4009, 4002) = 0x2b46cc0fcbe0
24252   0.009734 libjvm.so->pthread_attr_setdetachstate(0x2b46c5f56b50, 1, 0, 0) = 0
24252   0.000602 libpthread.so.0->__clone(0x2b46c6041de0, 0x2b46cbbc8fc0, 0x3d0f00, 0x2b46cbbc9700) = 0x5ec0
24252   0.000974 libjvm.so->__xstat64(1, 0x2b46c5f56be0, 0x2b46c5f56b50, 19) = -1
24252   0.000750 libjvm.so->pthread_attr_setdetachstate(0x2b46c5f56950, 1, 0, 0) = 0
24252   0.000733 libpthread.so.0->__clone(0x2b46c6041de0, 0x2b46cbcc9fc0, 0x3d0f00, 0x2b46cbcca700) = 0x5ec1
24252   0.001144 libjvm.so->pthread_attr_setdetachstate(0x2b46c5f56950, 1, 0, 0) = 0
24252   0.000872 libpthread.so.0->__clone(0x2b46c6041de0, 0x2b46cbdcafc0, 0x3d0f00, 0x2b46cbdcb700) = 0x5ec2
24252   0.004970 libjvm.so->pthread_attr_setdetachstate(0x2b46c5f56aa0, 1, 0, 0) = 0
24252   0.000896 libpthread.so.0->__clone(0x2b46c6041de0, 0x2b46cbecbfc0, 0x3d0f00, 0x2b46cbecc700) = 0x5ec3
24252   0.001786 libjvm.so->pthread_attr_setdetachstate(0x2b46c5f56bb0, 1, 0, 0) = 0
24252   0.001027 libpthread.so.0->__clone(0x2b46c6041de0, 0x2b46cbfccfc0, 0x3d0f00, 0x2b46cbfcd700) = 0x5ec4
24252   0.010597 libjvm.so->open64(0x2b46cc136c50, 0, 0, 16) = 7
24252   0.001142 libjvm.so->__fxstat64(1, 7, 0x2b46c5f53f60, -1) = 0
24252   0.016407 libjvm.so->fopen(0x2b46cc15ca70, 0x2b46c77d7ccb, 4, 0x6f732e6f) = 0x2b46cc15cb30
24252   0.002056 libjvm.so->dlopen(0x2b46cc15ca70, 1, 0xffffffff, 0x2b46cc15ca00) = 0x2b46cc15cb30
24252   0.087589 libjvm.so->fopen(0x2b46cc19acd0, 0x2b46c77d7ccb, 4, 0x6f732e74) = 0x2b46cc19df80
24252   0.002101 libjvm.so->dlopen(0x2b46cc19acd0, 1, 0xffffffff, 0x2b46cc19df00) = 0x2b46cc1a8330
24252   0.122248 libjvm.so->fopen(0x2b46cc2212c0, 0x2b46c77d7ccb, 0x6f732e7373656c, 0x656c646165685f74) = 0x2b46cc2213a0
24252   0.002862 libjvm.so->dlopen(0x2b46cc2212c0, 1, 0xffffffff, 0x2b46cc221300) = 0x2b46cc2213a0
24252   0.018646 libjvm.so->fopen(0x2b46c5f4f990, 0x2b46c77d7ccb, 0x6f732e, 0x6d766a62696c2f72) = 0x2b46cc22b2a0
24252   0.005776 libjvm.so->dlopen(0x2b46c5f4f990, 1, 0xffffffff, 0x2b46cc22a800) = 0x55a17c91d4c0
24252   0.001693 libjvm.so->fopen(0x2b46c5f4f990, 0x2b46c77d7ccb, 0x6f732e, 0x6d766a62696c2f72) = 0x2b46cc22b240
24252   0.004671 libjvm.so->dlopen(0x2b46c5f4f990, 1, 0xffffffff, 0x2b46cc22a800) = 0x55a17c91d4c0
24252   0.001671 libjvm.so->fopen(0x2b46c5f4f990, 0x2b46c77d7ccb, 0x6f732e, 0x6d766a62696c2f72) = 0x2b46cc22b240
24252   0.003273 libjvm.so->dlopen(0x2b46c5f4f990, 1, 0xffffffff, 0x2b46cc22a800) = 0x55a17c91d4c0
24252   0.001683 libjvm.so->fopen(0x2b46c5f4f990, 0x2b46c77d7ccb, 0x6f732e, 0x6d766a62696c2f72) = 0x2b46cc22b240
24252   0.003341 libjvm.so->dlopen(0x2b46c5f4f990, 1, 0xffffffff, 0x2b46cc22a800) = 0x55a17c91d4c0
24252   0.231489 libjvm.so->fopen(0x2b46c5f53ed0, 0x2b46c77d7ccb, 111, 0x732e6176) = 0x2b46cc269a70
24252   0.003228 libjvm.so->dlopen(0x2b46c5f53ed0, 1, 0xffffffff, 0x2b46cc269a00) = 0x2b46cc001b10
24252   0.001664 libjvm.so->fopen(0x2b46c5f53ed0, 0x2b46c77d7ccb, 111, 0x732e6176) = 0x2b46cc269d20
24252   0.003088 libjvm.so->dlopen(0x2b46c5f53ed0, 1, 0xffffffff, 0x2b46cc269a00) = 0x2b46cc001b10
24252   0.001601 libjvm.so->fopen(0x2b46c5f53ed0, 0x2b46c77d7ccb, 111, 0x732e6176) = 0x2b46cc269b90
24252   0.003131 libjvm.so->dlopen(0x2b46c5f53ed0, 1, 0xffffffff, 0x2b46cc269a00) = 0x2b46cc001b10
24252   0.002336 libjvm.so->fopen(0x2b46c5f53ed0, 0x2b46c77d7ccb, 111, 0x732e6176) = 0x2b46cc269b90
24252   0.003907 libjvm.so->dlopen(0x2b46c5f53ed0, 1, 0xffffffff, 0x2b46cc269a00) = 0x2b46cc001b10
24252   0.381731 --- SIGSEGV (Segmentation fault) ---
24252   3.096592 --- SIGSEGV (Segmentation fault) ---
24260   8.080720 +++ exited (status 0) +++
24256   0.000276 +++ exited (status 0) +++
24253   0.000912 +++ exited (status 0) +++
24252   0.000271 +++ exited (status 0) +++
24258   0.000332 +++ exited (status 0) +++
24259   0.000029 +++ exited (status 0) +++
24257   0.000016 +++ exited (status 0) +++
24254   0.000015 +++ exited (status 0) +++
24255   0.021497 +++ exited (status 0) +++
24251   0.000096 +++ exited (status 0) +++
Wrote an ltrace for command: "java -cp ./tools/maxent.jar density.MaxEnt -s outputs/Erioscelis_columbica_Endr.csv -e data/layers/worldclim -o outputs/Erioscelis_columbica_Endr nowarnings nocache autorun -z" with PID 24249 from PPID 24231 on disc20.crc.nd.edu with result 0
REMOTEHOST=10.17.148.247
MANPATH=/afs/crc.nd.edu/user/n/nkremerh/cctools/share/man/:/afs/crc.nd.edu/group/ccl/software/x86_64/redhat7/ruby/current/share/man:/afs/crc.nd.edu/group/ccl/software/x86_64/redhat7/graphviz/current/share/man:/afs/crc.nd.edu/group/ccl/software/x86_64/redhat7/gnuplot/current/share/man:/afs/crc.nd.edu/group/ccl/software/x86_64/redhat7/git/current/share/man:/afs/crc.nd.edu/group/ccl/software/x86_64/redhat7/condor/current/share/man:/afs/crc.nd.edu/group/ccl/software/x86_64/redhat7/clang/current/share/man:/afs/crc.nd.edu/group/ccl/software/x86_64/redhat7/condor/current/share/man:/afs/crc.nd.edu/group/ccl/software/x86_64/redhat7/cctools/current/share/man:/afs/crc.nd.edu/group/ccl/software/x86_64/redhat7/cctools/current/share/man:/afs/crc.nd.edu/x86_64_linux/Modules/4.5.0/share/man:/opt/crc/usr/local/man:/opt/sge/man:/usr/share/man/overrides:/usr/share/man:/usr/local/share/man
_CONDOR_JOB_PIDS=
XDG_SESSION_ID=2686
HOSTNAME=disc01.crc.nd.edu
_LMFILES__modshare=/afs/crc.nd.edu/x86_64_linux/Modules/modules/system_modules/CRC_default/1.1:1
MODULEPATH_modshare=/afs/crc.nd.edu/x86_64_linux/Modules/modules/general_software:1:/afs/crc.nd.edu/x86_64_linux/Modules/modules/development_tools_and_libraries:1:/afs/crc.nd.edu/x86_64_linux/Modules/modules/system_modules:1:/afs/crc.nd.edu/x86_64_linux/Modules/current/modulefiles:1:/afs/crc.nd.edu/x86_64_linux/Modules/modules/restricted_software:1:/afs/crc.nd.edu/x86_64_linux/Modules/modules/deprecated_software:1
_CONDOR_ANCESTOR_3560=15204:1599499132:3669882438
TERM=xterm-256color
SHELL=/bin/tcsh
HOST=disc01.crc.nd.edu
MODULES_CMD=/afs/crc.nd.edu/x86_64_linux/Modules/4.5.0/libexec/modulecmd.tcl
HISTSIZE=5000
MAKEFLAGS=
SSH_CLIENT=10.17.148.247 49750 22
TMPDIR=/var/condor/execute/dir_15204/worker-213124-15295/t.1127/cctools-temp-t.1127.FIpGeC
PERL5LIB=/afs/crc.nd.edu/user/n/nkremerh/cctools/lib/perl5/site_perl/5.16.3:/afs/crc.nd.edu/user/n/nkremerh/.perl5/lib/perl5
SGE_CELL=crc
_CONDOR_SCRATCH_DIR=/var/condor/execute/dir_15204
_CONDOR_ANCESTOR_3197=3560:1598183979:2962516177
PERL_MB_OPT=--install_base '/afs/crc.nd.edu/user/n/nkremerh/.perl5/'
SSH_TTY=/dev/pts/0
SGE_LOAD_AVG=load_avg
MAKEFLOW_MAX_LOCAL_JOBS=2
GROUP=campus
USER=nkremerh
_CHIRP_DELAYED_UPDATE_PREFIX=Chirp*
HISTFILESIZE=10000
TEMP=/var/condor/execute/dir_15204/worker-213124-15295/t.1127/cctools-temp-t.1127.FIpGeC
LD_LIBRARY_PATH=/afs/crc.nd.edu/group/ccl/software/x86_64/redhat7/ruby/current/lib:/afs/crc.nd.edu/group/ccl/software/x86_64/redhat7/graphviz/current/lib:/afs/crc.nd.edu/group/ccl/software/x86_64/redhat7/git/current/lib:/afs/crc.nd.edu/group/ccl/software/x86_64/redhat7/condor/current/lib:/afs/crc.nd.edu/group/ccl/software/x86_64/redhat7/clang/current/lib:/afs/crc.nd.edu/group/ccl/software/x86_64/redhat7/condor/current/lib:/afs/crc.nd.edu/group/ccl/software/x86_64/redhat7/cctools/current/lib:/opt/crc/usr/local/lib
BATCH_SYSTEM=HTCondor
MODULES_LMALTNAME=CRC_default/1.1&CRC_default/default&CRC_default
ENV=/afs/crc.nd.edu/x86_64_linux/Modules/4.5.0/init/profile.sh
WORKER_TMPDIR=/var/condor/execute/dir_15204/worker-213124-15295/cache/tmp
HOSTTYPE=x86_64-linux
_CONDOR_HIGHPORT=9999
GLOBUS_GSSAPI_MAX_TLS_PROTOCOL=0
_CONDOR_CHIRP_CONFIG=/var/condor/execute/dir_15204/.chirp.config
MAKELEVEL=1
_CONDOR_ANCESTOR_15204=15253:1599499133:3930759272
MFLAGS=
MAIL=/var/spool/mail/nkremerh
PATH=/afs/crc.nd.edu/user/n/nkremerh/cctools/bin:/afs/crc.nd.edu/user/n/nkremerh/miniconda/bin:/afs/crc.nd.edu/group/ccl/software/git:/afs/crc.nd.edu/user/n/nkremerh/.local/bin:/afs/crc.nd.edu/group/ccl/software/x86_64/redhat7/povray/3.7/bin:/afs/crc.nd.edu/user/n/nkremerh/.perl5/bin:/afs/crc.nd.edu/user/n/nkremerh/pegasus/bin:/afs/crc.nd.edu/user/n/nkremerh/nodejs/bin:/afs/crc.nd.edu/user/n/nkremerh/montage/bin:/afs/crc.nd.edu/user/n/nkremerh/latexdiff:/afs/crc.nd.edu/user/n/nkremerh/envtrace:/afs/crc.nd.edu/user/n/nkremerh/endlines:/afs/crc.nd.edu/user/n/nkremerh/cctools/bin:/afs/crc.nd.edu/user/n/nkremerh/.cargo/bin:/afs/crc.nd.edu/group/ccl/software/x86_64/redhat7/ruby/current/bin:/afs/crc.nd.edu/group/ccl/software/x86_64/redhat7/graphviz/current/bin:/afs/crc.nd.edu/group/ccl/software/x86_64/redhat7/gnuplot/current/bin:/afs/crc.nd.edu/group/ccl/software/x86_64/redhat7/git/current/bin:/afs/crc.nd.edu/group/ccl/software/x86_64/redhat7/condor/current/sbin:/afs/crc.nd.edu/group/ccl/software/x86_64/redhat7/condor/current/bin:/afs/crc.nd.edu/group/ccl/software/x86_64/redhat7/cmake/current/bin:/afs/crc.nd.edu/group/ccl/software/x86_64/redhat7/clang/current/bin:/afs/crc.nd.edu/group/ccl/software/x86_64/redhat7/condor/current/sbin:/afs/crc.nd.edu/group/ccl/software/x86_64/redhat7/condor/current/bin:/afs/crc.nd.edu/group/ccl/software/x86_64/redhat7/cctools/current/bin:/afs/crc.nd.edu/x86_64_linux/Modules/4.5.0/bin:/opt/crc/usr/local/bin:/opt/sge/bin/lx-amd64:/usr/local/bin:/usr/bin:/usr/local/sbin:/usr/sbin:/afs/crc.nd.edu/user/c/condor/software/bin:/afs/crc.nd.edu/user/c/condor/software/sbin
CCLSOFTWARE=/afs/crc.nd.edu/group/ccl/software/x86_64/redhat7
PWD=/var/condor/execute/dir_15204/worker-213124-15295/t.1127
_LMFILES_=/afs/crc.nd.edu/x86_64_linux/Modules/modules/system_modules/CRC_default/1.1
EDITOR=vim
SGE_EXECD_PORT=6445
LANG=en_US.UTF-8
SGE_QMASTER_PORT=6444
MODULEPATH=/afs/crc.nd.edu/x86_64_linux/Modules/modules/development_tools_and_libraries:/afs/crc.nd.edu/x86_64_linux/Modules/modules/general_software:/afs/crc.nd.edu/x86_64_linux/Modules/modules/restricted_software:/afs/crc.nd.edu/x86_64_linux/Modules/modules/system_modules:/afs/crc.nd.edu/x86_64_linux/Modules/modules/deprecated_software:/afs/crc.nd.edu/x86_64_linux/Modules/current/modulefiles
LOADEDMODULES=CRC_default/1.1
SGE_ROOT=/opt/sge
CCLPLATFORM=x86_64/redhat7
_CONDOR_SLOT=slot2_2
WORK_QUEUE_SANDBOX=/var/condor/execute/dir_15204/worker-213124-15295
USE_SYSTEMD=true
_CONDOR_LOWPORT=9100
HISTCONTROL=ignoreboth:erasedups
KRB5CCNAME=FILE:/tmp/krb5cc_213124_dlYXoi
GLOBUS_GSSAPI_NAME_COMPATIBILITY=STRICT_RFC2818
HOME=disc01.crc.nd.edu
SHLVL=6
PATH_modshare=/opt/crc/usr/local/bin:1:/opt/sge/bin/lx-amd64:1:/usr/sbin:1:/usr/bin:1:/afs/crc.nd.edu/user/c/condor/software/sbin:1:/usr/local/sbin:1:/afs/crc.nd.edu/user/c/condor/software/bin:1:/usr/local/bin:1
OSTYPE=linux
_CONDOR_MACHINE_AD=/var/condor/execute/dir_15204/.machine.ad
GREP_OPTIONS=--color=auto
DISK=18235
GLOBUS_GSSAPI_MIN_TLS_PROTOCOL=TLS1_VERSION
MANPATH_modshare=/usr/share/man/overrides:1:/usr/local/share/man:1:/usr/share/man:1:/opt/crc/usr/local/man:1:/opt/sge/man:1
MEMORY=1948
PERL_LOCAL_LIB_ROOT=/afs/crc.nd.edu/user/n/nkremerh/.perl5/
BASH_ENV=/afs/crc.nd.edu/x86_64_linux/Modules/4.5.0/init/bash
VENDOR=unknown
TMP=/var/condor/execute/dir_15204/worker-213124-15295/t.1127/cctools-temp-t.1127.FIpGeC
LOGNAME=nkremerh
MACHTYPE=x86_64
CCLHOME=/afs/crc.nd.edu/group/ccl
PYTHONPATH=/afs/crc.nd.edu/user/n/nkremerh/cctools/lib/python3.6/site-packages/
LD_LIBRARY_PATH_modshare=/opt/crc/usr/local/lib:1
SSH_CONNECTION=10.17.148.247 49750 129.74.128.103 22
MODULES_LMALTNAME_modshare=CRC_default/1.1&CRC_default/default&CRC_default:1
MODULESHOME=/afs/crc.nd.edu/x86_64_linux/Modules/4.5.0
GLOBUS_GSSAPI_CIPHERS=HIGH
GLOBUS_GSSAPI_BACKWARD_COMPATIBLE_MIC=true
LESSOPEN=||/usr/bin/lesspipe.sh %s
OMP_NUM_THREADS=1
_CONDOR_JOB_AD=/var/condor/execute/dir_15204/.job.ad
LOADEDMODULES_modshare=CRC_default/1.1:1
XDG_RUNTIME_DIR=/run/user/213124
SGE_CLUSTER_NAME=CRC
CCTOOLS=../cctools
CORES=2
_CONDOR_JOB_IWD=/var/condor/execute/dir_15204
PERL_MM_OPT=INSTALL_BASE=/afs/crc.nd.edu/user/n/nkremerh/.perl5/
GLOBUS_GSSAPI_SERVER_CIPHER_ORDER=true
BASH_FUNC_module()=() {  unset _mlshdbg;
 if [ "${MODULES_SILENT_SHELL_DEBUG:-0}" = '1' ]; then
 case "$-" in 
 *v*x*)
 set +vx;
 _mlshdbg='vx'
 ;;
 *v*)
 set +v;
 _mlshdbg='v'
 ;;
 *x*)
 set +x;
 _mlshdbg='x'
 ;;
 *)
 _mlshdbg=''
 ;;
 esac;
 fi;
 unset _mlre _mlIFS;
 if [ -n "${IFS+x}" ]; then
 _mlIFS=$IFS;
 fi;
 IFS=' ';
 for _mlv in ${MODULES_RUN_QUARANTINE:-};
 do
 if [ "${_mlv}" = "${_mlv##*[!A-Za-z0-9_]}" -a "${_mlv}" = "${_mlv#[0-9]}" ]; then
 if [ -n "`eval 'echo ${'$_mlv'+x}'`" ]; then
 _mlre="${_mlre:-}${_mlv}_modquar='`eval 'echo ${'$_mlv'}'`' ";
 fi;
 _mlrv="MODULES_RUNENV_${_mlv}";
 _mlre="${_mlre:-}${_mlv}='`eval 'echo ${'$_mlrv':-}'`' ";
 fi;
 done;
 if [ -n "${_mlre:-}" ]; then
 eval `eval ${_mlre}/usr/bin/tclsh /afs/crc.nd.edu/x86_64_linux/Modules/4.5.0/libexec/modulecmd.tcl bash '"$@"'`;
 else
 eval `/usr/bin/tclsh /afs/crc.nd.edu/x86_64_linux/Modules/4.5.0/libexec/modulecmd.tcl bash "$@"`;
 fi;
 _mlstatus=$?;
 if [ -n "${_mlIFS+x}" ]; then
 IFS=$_mlIFS;
 else
 unset IFS;
 fi;
 unset _mlre _mlv _mlrv _mlIFS;
 if [ -n "${_mlshdbg:-}" ]; then
 set -$_mlshdbg;
 fi;
 unset _mlshdbg;
 return $_mlstatus
}
BASH_FUNC_ml()=() {  module ml "$@"
}
_=/usr/bin/printenv
