1363   0.000000 libjli.so->getenv("_JAVA_LAUNCHER_DEBUG") = nil
1363   0.001873 libjli.so->getenv("_JAVA_VERSION_SET") = nil
1363   0.000729 libjli.so->fopen("/usr/lib/jvm/java-1.8.0-openjdk-1.8.0.262.b10-0.el7_8.x86_64/jre/lib/amd64/jvm.cfg", "r") = 0x5576bb0420e0
1363   0.000812 libjli.so->getenv("JDK_ALTERNATE_VM") = nil
1363   0.000431 libjli.so->__xstat(1, "/usr/lib/jvm/java-1.8.0-openjdk-1.8.0.262.b10-0.el7_8.x86_64/jre/lib/amd64/server/libjvm.so", 0x7ffd3b5293b0) = 0
1363   0.000587 libjli.so->getenv("LD_LIBRARY_PATH") = "/afs/crc.nd.edu/group/ccl/software/x86_64/redhat7/ruby/current/lib:/afs/crc.nd.edu/group/ccl/software/x86_64/redhat7/graphviz/current/lib:/afs/crc.nd.edu/group/ccl/software/x86_64/redhat7/git/current/lib:/afs/crc.nd.edu/group/ccl/software/x86_64/redhat7/condor/current/lib:/afs/crc.nd.edu/group/ccl/software/x86_64/redhat7/clang/current/lib:/afs/crc.nd.edu/group/ccl/software/x86_64/redhat7/condor/current/lib:/afs/crc.nd.edu/group/ccl/software/x86_64/redhat7/cctools/current/lib:/opt/crc/usr/local/lib"
1363   0.002222 libjli.so->dlopen("/usr/lib/jvm/java-1.8.0-openjdk-1.8.0.262.b10-0.el7_8.x86_64/jre/lib/amd64/server/libjvm.so", 258 <unfinished ...>
1363   0.037662 libjvm.so->getenv("NMT_LEVEL_1363") = nil
1363   0.001599 <... dlopen resumed> )           = 0x5576bb0424b0
1363   0.000070 libjli.so->getenv("CLASSPATH")   = nil
1363   0.000320 libjli.so->getenv("_JAVA_SPLASH_JAR") = nil
1363   0.000332 libjli.so->getenv("_JAVA_SPLASH_FILE") = nil
1363   0.000324 libjli.so->pthread_attr_setdetachstate(0x7ffd3b529360, 0, 0x7ffd3b5293f0, 0) = 0
1363   0.000452 libpthread.so.0->__clone(0x2b649ca26de0, 0x2b649c939fc0, 0x3d0f00, 0x2b649c93a700) = 1368
1368   0.002794 libjvm.so->dlopen(0x2b649e2059ae, 1, 0xfffffffffff42c48, 4096) = 0x2b64a0000990
1368   0.002450 libjvm.so->getenv(0x2b649e22083e, 0, 115, 0x65737361) = 0x7ffd3b52e681
1368   0.000433 libjvm.so->fopen(0x2b649c938c10, 0x2b649e1bcccb, 0x6f732e79666972, 0x2b649d2feab0) = 0x2b64a0001440
1368   0.001328 libjvm.so->dlopen(0x2b649c938c10, 1, 0xffffffff, 0x2b64a0002b00) = 0x2b64a0001440
1368   0.001440 libjvm.so->fopen(0x2b649c938c10, 0x2b649e1bcccb, 111, 0x732e6176) = 0x2b64a0001b10
1368   0.001496 libjvm.so->dlopen(0x2b649c938c10, 1, 0xffffffff, 0x2b64a0001a00) = 0x2b64a0001b10
1368   0.001587 libjvm.so->__xstat(1, 0x2b649c939360, 0x2b649c939ba0, 0x746f7073746f682e) = -1
1368   0.000441 libjvm.so->getenv(0x2b649e1b5541, 0x2b649c9396d0, 1024, 0x2b649e66f61b) = 0
1368   0.000475 libjvm.so->getenv(0x2b649e1b5533, 0x2b649c9396d0, 1024, 0) = 0
1368   0.000410 libjvm.so->fopen(0x2b649e205315, 0x2b649e1bcccb, 4095, 0xffffd49b61e4ab03) = 0x2b64a00032b0
1368   0.001131 libjvm.so->fopen(0x2b649e205361, 0x2b649e1bcccb, 0x2b64a0000078, 0x2b64a00032a0) = 0x2b64a00032b0
1368   0.000702 libjvm.so->fopen(0x2b649c9339b0, 0x2b649e1bcccb, 4014, 3995) = 0x2b64a00032b0
1368   0.000692 libjvm.so->opendir(0x2b64a0002b40, 0x2b64a0002b40, 13, 16) = 0
1368   0.000445 libjvm.so->__xstat(1, 0x2b649c9388f0, 0x2b649c937860, 0x6f732e7477616d62) = -1
1368   0.000559 libjvm.so->__xstat(1, 0x2b649c9388f0, 0x2b649c937860, 0x5f74776162696c2f) = 0
1368   0.000526 libjvm.so->fopen(0x2b649c937b90, 0x2b649e1bcccb, 4009, 3994) = 0x2b64a0003790
1368   0.000615 libjvm.so->fopen(0x2b649c937b90, 0x2b649e1bcccb, 4009, 3994) = 0x2b64a0003790
1368   0.000600 libjvm.so->fopen(0x2b649c937b90, 0x2b649e1bcccb, 4009, 4002) = 0x2b64a0003790
1368   0.000675 libjvm.so->fopen(0x2b649c937b20, 0x2b649e1bcccb, 4009, 3994) = 0x2b64a0003790
1368   0.000606 libjvm.so->fopen(0x2b649c937b20, 0x2b649e1bcccb, 4009, 3994) = 0x2b64a0003790
1368   0.000594 libjvm.so->fopen(0x2b649c937b20, 0x2b649e1bcccb, 4009, 4002) = 0x2b64a0003790
1368   0.000605 libjvm.so->fopen(0x2b649c937b50, 0x2b649e1bcccb, 4014, 3995) = 0x2b64a0003790
1368   0.000786 libjvm.so->getenv(0x2b649e2060ff, 4096, 3, -1) = 0
1368   0.000873 libjvm.so->fopen(0x2b649e205998, 0x2b649e1bcccb, 0x2b649ca1d908, 0x2b649ca1cdf0) = 0x2b64a0003790
1368   0.004887 libjvm.so->open(0x2b64a004a580, 0x20000, 0, 0x2b64a004a5c9) = 3
1368   0.000473 libjvm.so->__fxstat(1, 3, 0x2b649c939a00, -1) = 0
1368   0.000509 libjvm.so->opendir(0x2b64a004a580, 0x2b649c939a00, 0x4000, -1) = 0x2b64a004b490
1368   0.000495 libjvm.so->__fxstat(1, 3, 0x2b649c9398a0, 0x2b64a004b490) = 0
1368   0.000430 libjvm.so->__fxstat(1, 5, 0x2b649c939930, -1) = 0
1368   0.000492 libjvm.so->open(0x2b649e1d39dc, 0, 0, 0) = 3
1368   0.000654 libjvm.so->__lxstat(1, 0x2b64a004a580, 0x2b649c939b50, -144) = 0
1368   0.000511 libjvm.so->open(0x2b64a004a580, 0x20000, 0x4000, -1) = 3
1368   0.000696 libjvm.so->__fxstat(1, 3, 0x2b649c939a00, -1) = 0
1368   0.000453 libjvm.so->opendir(0x2b64a004a580, 0x2b649c939a00, 0x4000, -1) = 0x2b64a004b490
1368   0.000467 libjvm.so->__fxstat(1, 3, 0x2b649c9398a0, 0x2b64a004b490) = 0
1368   0.000438 libjvm.so->__fxstat(1, 5, 0x2b649c939930, -1) = 0
1368   0.000598 libjvm.so->open(0x2b649e1d39dc, 0, 0, 0) = 3
1368   0.000454 libjvm.so->open(0x2b64a004a5c9, 0x20042, 384, -1) = 7
1368   0.000689 libjvm.so->__fxstat(1, 7, 0x2b649c939b50, -1) = 0
1368   0.001723 libjvm.so->fopen(0x2b649c938b60, 0x2b649e1bcccb, 4, 0x6f732e70) = 0x2b64a0057be0
1368   0.001405 libjvm.so->dlopen(0x2b649c938b60, 1, 0xffffffff, 0x2b64a0057b00) = 0x2b64a0057be0
1368   0.001837 libjvm.so->__xstat(1, 0x2b649c939120, 0x2b649c939950, 2048) = 0
1368   0.000594 libjvm.so->__xstat(1, 0x2b649c939120, 0x2b649c939950, 2048) = 0
1368   0.000434 libjvm.so->__xstat(1, 0x2b649c939120, 0x2b649c939950, 2048) = -1
1368   0.000420 libjvm.so->__xstat(1, 0x2b649c939120, 0x2b649c939950, 2048) = 0
1368   0.000498 libjvm.so->__xstat(1, 0x2b649c939120, 0x2b649c939950, 2048) = 0
1368   0.000441 libjvm.so->__xstat(1, 0x2b649c939120, 0x2b649c939950, 2048) = 0
1368   0.000488 libjvm.so->__xstat(1, 0x2b649c939120, 0x2b649c939950, 2048) = 0
1368   0.000464 libjvm.so->__xstat(1, 0x2b649c939120, 0x2b649c939950, 2048) = -1
1368   0.000610 libjvm.so->fopen(0x2b64a0002520, 0x2b649e1bcccb, 0, 0) = 0x2b64a0058a80
1368   0.008788 libjvm.so->open64(0x2b649c938410, 0, 0, 16) = 3
1368   0.000469 libjvm.so->__fxstat64(1, 3, 0x2b649c938240, -1) = 0
1368   0.035541 libjvm.so->__xstat(1, 0x2b649c938f20, 0x2b649c939750, 2048) = -1
1368   0.000553 libjvm.so->fopen(0x2b649c937b20, 0x2b649e1bcccb, 4009, 3994) = 0x2b64a00b5ec0
1368   0.000698 libjvm.so->fopen(0x2b649c937b20, 0x2b649e1bcccb, 4009, 3994) = 0x2b64a00b5ec0
1368   0.000641 libjvm.so->fopen(0x2b649c937b20, 0x2b649e1bcccb, 4009, 4002) = 0x2b64a00b5ec0
1368   0.004270 libjvm.so->pthread_attr_setdetachstate(0x2b649c939c00, 1, 0, 0) = 0
1368   0.000539 libpthread.so.0->__clone(0x2b649ca26de0, 0x2b64b530bfc0, 0x3d0f00, 0x2b64b530c700) = 1369
1368   0.016047 libjvm.so->pthread_attr_setdetachstate(0x2b649c939290, 1, 0, 0) = 0
1368   0.000666 libpthread.so.0->__clone(0x2b649ca26de0, 0x2b64b540cfc0, 0x3d0f00, 0x2b64b540d700) = 1370
1368   0.006928 libjvm.so->pthread_attr_setdetachstate(0x2b649c939610, 1, 0, 0) = 0
1368   0.000930 libpthread.so.0->__clone(0x2b649ca26de0, 0x2b64b550dfc0, 0x3d0f00, 0x2b64b550e700) = 1371
1368   0.039468 libjvm.so->fopen(0x2b64a00f17e0, 0x2b649e1bcccb, 4, 0x6f732e70) = 0x2b64a00f1ce0
1368   0.001958 libjvm.so->dlopen(0x2b64a00f17e0, 1, 0xffffffff, 0x2b64a00e8c00) = 0x2b64a0057be0
1368   0.005546 libjvm.so->open64(0x2b649c938510, 0, 0, 16) = 5
1368   0.001032 libjvm.so->__fxstat64(1, 5, 0x2b649c938340, -1) = 0
1368   0.020024 libjvm.so->fopen(0x2b649c935130, 0x2b649e1bcccb, 4009, 3994) = 0x2b64a00fccb0
1368   0.001213 libjvm.so->fopen(0x2b649c935130, 0x2b649e1bcccb, 4009, 3994) = 0x2b64a00fccb0
1368   0.001127 libjvm.so->fopen(0x2b649c935130, 0x2b649e1bcccb, 4009, 4002) = 0x2b64a00fccb0
1368   0.015237 libjvm.so->pthread_attr_setdetachstate(0x2b649c939b50, 1, 0, 0) = 0
1368   0.001008 libpthread.so.0->__clone(0x2b649ca26de0, 0x2b64b560efc0, 0x3d0f00, 0x2b64b560f700) = 1372
1368   0.001404 libjvm.so->__xstat64(1, 0x2b649c939be0, 0x2b649c939b50, 18) = -1
1368   0.001155 libjvm.so->pthread_attr_setdetachstate(0x2b649c939950, 1, 0, 0) = 0
1368   0.001116 libpthread.so.0->__clone(0x2b649ca26de0, 0x2b64b570ffc0, 0x3d0f00, 0x2b64b5710700) = 1373
1368   0.001646 libjvm.so->pthread_attr_setdetachstate(0x2b649c939950, 1, 0, 0) = 0
1368   0.001319 libpthread.so.0->__clone(0x2b649ca26de0, 0x2b64b5810fc0, 0x3d0f00, 0x2b64b5811700) = 1374
1368   0.012821 libjvm.so->pthread_attr_setdetachstate(0x2b649c939aa0, 1, 0, 0) = 0
1368   0.001485 libpthread.so.0->__clone(0x2b649ca26de0, 0x2b64b5911fc0, 0x3d0f00, 0x2b64b5912700) = 1375
1368   0.002293 libjvm.so->pthread_attr_setdetachstate(0x2b649c939bb0, 1, 0, 0) = 0
1368   0.003701 libpthread.so.0->__clone(0x2b649ca26de0, 0x2b64b5a12fc0, 0x3d0f00, 0x2b64b5a13700) = 1376
1368   0.014610 libjvm.so->open64(0x2b64a012e8b0, 0, 0, 48) = 7
1368   0.001718 libjvm.so->__fxstat64(1, 7, 0x2b649c936f60, -1) = 0
1368   0.025477 libjvm.so->fopen(0x2b64a01545e0, 0x2b649e1bcccb, 4, 0x6f732e6f) = 0x2b64a01547b0
1368   0.003095 libjvm.so->dlopen(0x2b64a01545e0, 1, 0xffffffff, 0x2b64a0154700) = 0x2b64a01547b0
1368   0.102986 libjvm.so->fopen(0x2b649c933e40, 0x2b649e1bcccb, 0x6f732e, 0x6d766a62696c2f72) = 0x2b64a0169f50
1368   0.006095 libjvm.so->dlopen(0x2b649c933e40, 1, 0xffffffff, 0x2b64a0169e00) = 0x5576bb0424b0
1368   0.001675 libjvm.so->fopen(0x2b649c933e40, 0x2b649e1bcccb, 0x6f732e, 0x6d766a62696c2f72) = 0x2b64a016a350
1368   0.004974 libjvm.so->dlopen(0x2b649c933e40, 1, 0xffffffff, 0x2b64a0169e00) = 0x5576bb0424b0
1368   0.001682 libjvm.so->fopen(0x2b649c933e40, 0x2b649e1bcccb, 0x6f732e, 0x6d766a62696c2f72) = 0x2b64a0169f50
1368   0.003373 libjvm.so->dlopen(0x2b649c933e40, 1, 0xffffffff, 0x2b64a0169e00) = 0x5576bb0424b0
1368   0.001671 libjvm.so->fopen(0x2b649c933e40, 0x2b649e1bcccb, 0x6f732e, 0x6d766a62696c2f72) = 0x2b64a0169f50
1368   0.005913 libjvm.so->dlopen(0x2b649c933e40, 1, 0xffffffff, 0x2b64a0169e00) = 0x5576bb0424b0
1368   0.045432 libjvm.so->fopen(0x2b64a01ef4b0, 0x2b649e1bcccb, 4, 0x6f732e74) = 0x2b64a01fd300
1368   0.003004 libjvm.so->dlopen(0x2b64a01ef4b0, 1, 0xffffffff, 0x2b64a01e5400) = 0x2b64a01fd300
1368   0.141643 libjvm.so->fopen(0x2b64a02585a0, 0x2b649e1bcccb, 0x6f732e7373656c, 0x656c646165685f74) = 0x2b64a02586b0
1368   0.002724 libjvm.so->dlopen(0x2b64a02585a0, 1, 0xffffffff, 0x2b64a0258600) = 0x2b64a02586b0
1376   0.036871 +++ exited (status 0) +++
1372   0.000322 +++ exited (status 0) +++
1369   0.000271 +++ exited (status 0) +++
1368   0.000218 +++ exited (status 0) +++
1374   0.000317 +++ exited (status 1) +++
1375   0.000024 +++ exited (status 1) +++
1373   0.000014 +++ exited (status 1) +++
1370   0.000013 +++ exited (status 1) +++
1371   0.005156 +++ exited (status 1) +++
1363   0.000038 +++ exited (status 1) +++
Wrote an ltrace for command: "java -cp ./tools/maxent.jar density.Project outputs/Palpada_erratica/Palpada_erratica.lambdas data/layers/worldclim outputs/Palpada_erratica_worldclim.asc nowarnings nocache autorun -z" with PID 1360 from PPID 1344 on disc25.crc.nd.edu with result 1
REMOTEHOST=129.74.154.87
_CONDOR_JOB_PIDS=
MANPATH=/afs/crc.nd.edu/user/n/nkremerh/cctools/share/man/:/afs/crc.nd.edu/group/ccl/software/x86_64/redhat7/ruby/current/share/man:/afs/crc.nd.edu/group/ccl/software/x86_64/redhat7/graphviz/current/share/man:/afs/crc.nd.edu/group/ccl/software/x86_64/redhat7/gnuplot/current/share/man:/afs/crc.nd.edu/group/ccl/software/x86_64/redhat7/git/current/share/man:/afs/crc.nd.edu/group/ccl/software/x86_64/redhat7/condor/current/share/man:/afs/crc.nd.edu/group/ccl/software/x86_64/redhat7/clang/current/share/man:/afs/crc.nd.edu/group/ccl/software/x86_64/redhat7/condor/current/share/man:/afs/crc.nd.edu/group/ccl/software/x86_64/redhat7/cctools/current/share/man:/afs/crc.nd.edu/group/ccl/software/x86_64/redhat7/cctools/current/share/man:/afs/crc.nd.edu/x86_64_linux/Modules/4.5.0/share/man:/opt/crc/usr/local/man:/opt/sge/man:/usr/share/man/overrides:/usr/share/man:/usr/local/share/man
XDG_SESSION_ID=2226
HOSTNAME=disc01.crc.nd.edu
_LMFILES__modshare=/afs/crc.nd.edu/x86_64_linux/Modules/modules/system_modules/CRC_default/1.1:1
MODULEPATH_modshare=/afs/crc.nd.edu/x86_64_linux/Modules/modules/general_software:1:/afs/crc.nd.edu/x86_64_linux/Modules/modules/development_tools_and_libraries:1:/afs/crc.nd.edu/x86_64_linux/Modules/modules/system_modules:1:/afs/crc.nd.edu/x86_64_linux/Modules/current/modulefiles:1:/afs/crc.nd.edu/x86_64_linux/Modules/modules/restricted_software:1:/afs/crc.nd.edu/x86_64_linux/Modules/modules/deprecated_software:1
MODULES_CMD=/afs/crc.nd.edu/x86_64_linux/Modules/4.5.0/libexec/modulecmd.tcl
HOST=disc01.crc.nd.edu
SHELL=/bin/tcsh
TERM=xterm-256color
MAKEFLAGS=
HISTSIZE=5000
TMPDIR=/var/condor/execute/dir_19622/worker-213124-19699/t.1848/cctools-temp-t.1848.abqh87
SSH_CLIENT=129.74.154.87 57278 22
PERL5LIB=/afs/crc.nd.edu/user/n/nkremerh/cctools/lib/perl5/site_perl/5.16.3:/afs/crc.nd.edu/user/n/nkremerh/.perl5/lib/perl5
SGE_CELL=crc
_CONDOR_SCRATCH_DIR=/var/condor/execute/dir_19622
PERL_MB_OPT=--install_base '/afs/crc.nd.edu/user/n/nkremerh/.perl5/'
SSH_TTY=/dev/pts/0
_CONDOR_ANCESTOR_3553=3727:1596370016:1581098405
SGE_LOAD_AVG=load_avg
MAKEFLOW_MAX_LOCAL_JOBS=2
HISTFILESIZE=10000
_CHIRP_DELAYED_UPDATE_PREFIX=Chirp*
USER=nkremerh
GROUP=campus
LD_LIBRARY_PATH=/afs/crc.nd.edu/group/ccl/software/x86_64/redhat7/ruby/current/lib:/afs/crc.nd.edu/group/ccl/software/x86_64/redhat7/graphviz/current/lib:/afs/crc.nd.edu/group/ccl/software/x86_64/redhat7/git/current/lib:/afs/crc.nd.edu/group/ccl/software/x86_64/redhat7/condor/current/lib:/afs/crc.nd.edu/group/ccl/software/x86_64/redhat7/clang/current/lib:/afs/crc.nd.edu/group/ccl/software/x86_64/redhat7/condor/current/lib:/afs/crc.nd.edu/group/ccl/software/x86_64/redhat7/cctools/current/lib:/opt/crc/usr/local/lib
TEMP=/var/condor/execute/dir_19622/worker-213124-19699/t.1848/cctools-temp-t.1848.abqh87
BATCH_SYSTEM=HTCondor
WORKER_TMPDIR=/var/condor/execute/dir_19622/worker-213124-19699/cache/tmp
_CONDOR_ANCESTOR_19622=19631:1597419253:3532010214
ENV=/afs/crc.nd.edu/x86_64_linux/Modules/4.5.0/init/profile.sh
MODULES_LMALTNAME=CRC_default/1.1&CRC_default/default&CRC_default
_CONDOR_CHIRP_CONFIG=/var/condor/execute/dir_19622/.chirp.config
GLOBUS_GSSAPI_MAX_TLS_PROTOCOL=0
_CONDOR_HIGHPORT=9999
HOSTTYPE=x86_64-linux
MAKELEVEL=1
MFLAGS=
_CONDOR_ANCESTOR_3727=19622:1597419250:425629790
CCLSOFTWARE=/afs/crc.nd.edu/group/ccl/software/x86_64/redhat7
PATH=/afs/crc.nd.edu/user/n/nkremerh/cctools/bin:/afs/crc.nd.edu/user/n/nkremerh/miniconda/bin:/afs/crc.nd.edu/group/ccl/software/git:/afs/crc.nd.edu/user/n/nkremerh/.local/bin:/afs/crc.nd.edu/group/ccl/software/x86_64/redhat7/povray/3.7/bin:/afs/crc.nd.edu/user/n/nkremerh/.perl5/bin:/afs/crc.nd.edu/user/n/nkremerh/pegasus/bin:/afs/crc.nd.edu/user/n/nkremerh/nodejs/bin:/afs/crc.nd.edu/user/n/nkremerh/montage/bin:/afs/crc.nd.edu/user/n/nkremerh/latexdiff:/afs/crc.nd.edu/user/n/nkremerh/envtrace:/afs/crc.nd.edu/user/n/nkremerh/endlines:/afs/crc.nd.edu/user/n/nkremerh/cctools/bin:/afs/crc.nd.edu/user/n/nkremerh/.cargo/bin:/afs/crc.nd.edu/group/ccl/software/x86_64/redhat7/ruby/current/bin:/afs/crc.nd.edu/group/ccl/software/x86_64/redhat7/graphviz/current/bin:/afs/crc.nd.edu/group/ccl/software/x86_64/redhat7/gnuplot/current/bin:/afs/crc.nd.edu/group/ccl/software/x86_64/redhat7/git/current/bin:/afs/crc.nd.edu/group/ccl/software/x86_64/redhat7/condor/current/sbin:/afs/crc.nd.edu/group/ccl/software/x86_64/redhat7/condor/current/bin:/afs/crc.nd.edu/group/ccl/software/x86_64/redhat7/cmake/current/bin:/afs/crc.nd.edu/group/ccl/software/x86_64/redhat7/clang/current/bin:/afs/crc.nd.edu/group/ccl/software/x86_64/redhat7/condor/current/sbin:/afs/crc.nd.edu/group/ccl/software/x86_64/redhat7/condor/current/bin:/afs/crc.nd.edu/group/ccl/software/x86_64/redhat7/cctools/current/bin:/afs/crc.nd.edu/x86_64_linux/Modules/4.5.0/bin:/opt/crc/usr/local/bin:/opt/sge/bin/lx-amd64:/usr/local/bin:/usr/bin:/usr/local/sbin:/usr/sbin:/afs/crc.nd.edu/user/c/condor/software/bin:/afs/crc.nd.edu/user/c/condor/software/sbin
MAIL=/var/spool/mail/nkremerh
PWD=/var/condor/execute/dir_19622/worker-213124-19699/t.1848
_LMFILES_=/afs/crc.nd.edu/x86_64_linux/Modules/modules/system_modules/CRC_default/1.1
SGE_EXECD_PORT=6445
EDITOR=vim
LANG=en_US.UTF-8
MODULEPATH=/afs/crc.nd.edu/x86_64_linux/Modules/modules/development_tools_and_libraries:/afs/crc.nd.edu/x86_64_linux/Modules/modules/general_software:/afs/crc.nd.edu/x86_64_linux/Modules/modules/restricted_software:/afs/crc.nd.edu/x86_64_linux/Modules/modules/system_modules:/afs/crc.nd.edu/x86_64_linux/Modules/modules/deprecated_software:/afs/crc.nd.edu/x86_64_linux/Modules/current/modulefiles
SGE_QMASTER_PORT=6444
SGE_ROOT=/opt/sge
LOADEDMODULES=CRC_default/1.1
WORK_QUEUE_SANDBOX=/var/condor/execute/dir_19622/worker-213124-19699
_CONDOR_SLOT=slot2_1
CCLPLATFORM=x86_64/redhat7
USE_SYSTEMD=true
_CONDOR_LOWPORT=9100
KRB5CCNAME=FILE:/tmp/krb5cc_213124_jfvfni
HISTCONTROL=ignoreboth:erasedups
PATH_modshare=/opt/crc/usr/local/bin:1:/opt/sge/bin/lx-amd64:1:/usr/sbin:1:/usr/bin:1:/afs/crc.nd.edu/user/c/condor/software/sbin:1:/usr/local/sbin:1:/afs/crc.nd.edu/user/c/condor/software/bin:1:/usr/local/bin:1
SHLVL=7
HOME=disc01.crc.nd.edu
GLOBUS_GSSAPI_NAME_COMPATIBILITY=STRICT_RFC2818
_CONDOR_MACHINE_AD=/var/condor/execute/dir_19622/.machine.ad
OSTYPE=linux
DISK=18235
GREP_OPTIONS=--color=auto
GLOBUS_GSSAPI_MIN_TLS_PROTOCOL=TLS1_VERSION
MEMORY=1948
MANPATH_modshare=/usr/share/man/overrides:1:/usr/local/share/man:1:/usr/share/man:1:/opt/crc/usr/local/man:1:/opt/sge/man:1
VENDOR=unknown
BASH_ENV=/afs/crc.nd.edu/x86_64_linux/Modules/4.5.0/init/bash
PERL_LOCAL_LIB_ROOT=/afs/crc.nd.edu/user/n/nkremerh/.perl5/
PYTHONPATH=/afs/crc.nd.edu/user/n/nkremerh/cctools/lib/python3.6/site-packages/
CCLHOME=/afs/crc.nd.edu/group/ccl
MACHTYPE=x86_64
LOGNAME=nkremerh
TMP=/var/condor/execute/dir_19622/worker-213124-19699/t.1848/cctools-temp-t.1848.abqh87
LD_LIBRARY_PATH_modshare=/opt/crc/usr/local/lib:1
MODULES_LMALTNAME_modshare=CRC_default/1.1&CRC_default/default&CRC_default:1
SSH_CONNECTION=129.74.154.87 57278 129.74.128.103 22
MODULESHOME=/afs/crc.nd.edu/x86_64_linux/Modules/4.5.0
OMP_NUM_THREADS=1
LESSOPEN=||/usr/bin/lesspipe.sh %s
GLOBUS_GSSAPI_BACKWARD_COMPATIBLE_MIC=true
GLOBUS_GSSAPI_CIPHERS=HIGH
LOADEDMODULES_modshare=CRC_default/1.1:1
_CONDOR_JOB_AD=/var/condor/execute/dir_19622/.job.ad
SGE_CLUSTER_NAME=CRC
XDG_RUNTIME_DIR=/run/user/213124
CCTOOLS=../cctools
CORES=2
_CONDOR_JOB_IWD=/var/condor/execute/dir_19622
PERL_MM_OPT=INSTALL_BASE=/afs/crc.nd.edu/user/n/nkremerh/.perl5/
GLOBUS_GSSAPI_SERVER_CIPHER_ORDER=true
BASH_FUNC_module()=() {  unset _mlshdbg;
 if [ "${MODULES_SILENT_SHELL_DEBUG:-0}" = '1' ]; then
 case "$-" in 
 *v*x*)
 set +vx;
 _mlshdbg='vx'
 ;;
 *v*)
 set +v;
 _mlshdbg='v'
 ;;
 *x*)
 set +x;
 _mlshdbg='x'
 ;;
 *)
 _mlshdbg=''
 ;;
 esac;
 fi;
 unset _mlre _mlIFS;
 if [ -n "${IFS+x}" ]; then
 _mlIFS=$IFS;
 fi;
 IFS=' ';
 for _mlv in ${MODULES_RUN_QUARANTINE:-};
 do
 if [ "${_mlv}" = "${_mlv##*[!A-Za-z0-9_]}" -a "${_mlv}" = "${_mlv#[0-9]}" ]; then
 if [ -n "`eval 'echo ${'$_mlv'+x}'`" ]; then
 _mlre="${_mlre:-}${_mlv}_modquar='`eval 'echo ${'$_mlv'}'`' ";
 fi;
 _mlrv="MODULES_RUNENV_${_mlv}";
 _mlre="${_mlre:-}${_mlv}='`eval 'echo ${'$_mlrv':-}'`' ";
 fi;
 done;
 if [ -n "${_mlre:-}" ]; then
 eval `eval ${_mlre}/usr/bin/tclsh /afs/crc.nd.edu/x86_64_linux/Modules/4.5.0/libexec/modulecmd.tcl bash '"$@"'`;
 else
 eval `/usr/bin/tclsh /afs/crc.nd.edu/x86_64_linux/Modules/4.5.0/libexec/modulecmd.tcl bash "$@"`;
 fi;
 _mlstatus=$?;
 if [ -n "${_mlIFS+x}" ]; then
 IFS=$_mlIFS;
 else
 unset IFS;
 fi;
 unset _mlre _mlv _mlrv _mlIFS;
 if [ -n "${_mlshdbg:-}" ]; then
 set -$_mlshdbg;
 fi;
 unset _mlshdbg;
 return $_mlstatus
}
BASH_FUNC_ml()=() {  module ml "$@"
}
_=/usr/bin/printenv
