19781   0.000000 libjli.so->getenv("_JAVA_LAUNCHER_DEBUG") = nil
19781   0.001754 libjli.so->getenv("_JAVA_VERSION_SET") = nil
19781   0.000670 libjli.so->fopen("/usr/lib/jvm/java-1.8.0-openjdk-1.8.0.262.b10-0.el7_8.x86_64/jre/lib/amd64/jvm.cfg", "r") = 0x56512d08b0f0
19781   0.000810 libjli.so->getenv("JDK_ALTERNATE_VM") = nil
19781   0.000311 libjli.so->__xstat(1, "/usr/lib/jvm/java-1.8.0-openjdk-1.8.0.262.b10-0.el7_8.x86_64/jre/lib/amd64/server/libjvm.so", 0x7fff49816550) = 0
19781   0.000599 libjli.so->getenv("LD_LIBRARY_PATH") = "/afs/crc.nd.edu/group/ccl/software/x86_64/redhat7/ruby/current/lib:/afs/crc.nd.edu/group/ccl/software/x86_64/redhat7/graphviz/current/lib:/afs/crc.nd.edu/group/ccl/software/x86_64/redhat7/git/current/lib:/afs/crc.nd.edu/group/ccl/software/x86_64/redhat7/condor/current/lib:/afs/crc.nd.edu/group/ccl/software/x86_64/redhat7/clang/current/lib:/afs/crc.nd.edu/group/ccl/software/x86_64/redhat7/condor/current/lib:/afs/crc.nd.edu/group/ccl/software/x86_64/redhat7/cctools/current/lib:/opt/crc/usr/local/lib"
19781   0.002134 libjli.so->dlopen("/usr/lib/jvm/java-1.8.0-openjdk-1.8.0.262.b10-0.el7_8.x86_64/jre/lib/amd64/server/libjvm.so", 258 <unfinished ...>
19781   0.038535 libjvm.so->getenv("NMT_LEVEL_19781") = nil
19781   0.001711 <... dlopen resumed> )          = 0x56512d08b4c0
19781   0.000090 libjli.so->getenv("CLASSPATH")  = nil
19781   0.000316 libjli.so->getenv("_JAVA_SPLASH_JAR") = nil
19781   0.000331 libjli.so->getenv("_JAVA_SPLASH_FILE") = nil
19781   0.000323 libjli.so->pthread_attr_setdetachstate(0x7fff49816500, 0, 0x7fff49816590, 0) = 0
19781   0.000423 libpthread.so.0->__clone(0x2b51a75f4de0, 0x2b51a7507fc0, 0x3d0f00, 0x2b51a7508700) = 0x4d46
19782   0.001644 libjvm.so->dlopen(0x2b51a8dd39ae, 1, 0xfffffffffff42c48, 4096) = 0x2b51ac000990
19782   0.002366 libjvm.so->getenv(0x2b51a8dee83e, 0, 115, 0x65737361) = 0x7fff4981c6ab
19782   0.000465 libjvm.so->fopen(0x2b51a7506c10, 0x2b51a8d8accb, 0x6f732e79666972, 0x2b51a7eccab0) = 0x2b51ac001440
19782   0.001331 libjvm.so->dlopen(0x2b51a7506c10, 1, 0xffffffff, 0x2b51ac002b00) = 0x2b51ac001440
19782   0.001381 libjvm.so->fopen(0x2b51a7506c10, 0x2b51a8d8accb, 111, 0x732e6176) = 0x2b51ac001b10
19782   0.001509 libjvm.so->dlopen(0x2b51a7506c10, 1, 0xffffffff, 0x2b51ac001a00) = 0x2b51ac001b10
19782   0.001558 libjvm.so->__xstat(1, 0x2b51a7507360, 0x2b51a7507ba0, 0x746f7073746f682e) = -1
19782   0.000450 libjvm.so->getenv(0x2b51a8d83541, 0x2b51a75076d0, 1024, 0x2b51a923d61b) = 0
19782   0.000438 libjvm.so->getenv(0x2b51a8d83533, 0x2b51a75076d0, 1024, 0) = 0
19782   0.000468 libjvm.so->fopen(0x2b51a8dd3315, 0x2b51a8d8accb, 4095, 0xffffd4ae5727cb03) = 0x2b51ac0032b0
19782   0.001058 libjvm.so->fopen(0x2b51a8dd3361, 0x2b51a8d8accb, 0x2b51ac000078, 0x2b51ac0032a0) = 0x2b51ac0032b0
19782   0.000689 libjvm.so->fopen(0x2b51a75019b0, 0x2b51a8d8accb, 4014, 3995) = 0x2b51ac0032b0
19782   0.000608 libjvm.so->opendir(0x2b51ac002b40, 0x2b51ac002b40, 13, 16) = 0
19782   0.000453 libjvm.so->__xstat(1, 0x2b51a75068f0, 0x2b51a7505860, 0x6f732e7477616d62) = -1
19782   0.000431 libjvm.so->__xstat(1, 0x2b51a75068f0, 0x2b51a7505860, 0x5f74776162696c2f) = 0
19782   0.000539 libjvm.so->fopen(0x2b51a7505b90, 0x2b51a8d8accb, 4009, 3994) = 0x2b51ac003790
19782   0.000633 libjvm.so->fopen(0x2b51a7505b90, 0x2b51a8d8accb, 4009, 3994) = 0x2b51ac003790
19782   0.000593 libjvm.so->fopen(0x2b51a7505b90, 0x2b51a8d8accb, 4009, 4002) = 0x2b51ac003790
19782   0.000630 libjvm.so->fopen(0x2b51a7505b20, 0x2b51a8d8accb, 4009, 3994) = 0x2b51ac003790
19782   0.000600 libjvm.so->fopen(0x2b51a7505b20, 0x2b51a8d8accb, 4009, 3994) = 0x2b51ac003790
19782   0.000631 libjvm.so->fopen(0x2b51a7505b20, 0x2b51a8d8accb, 4009, 4002) = 0x2b51ac003790
19782   0.000614 libjvm.so->fopen(0x2b51a7505b50, 0x2b51a8d8accb, 4014, 3995) = 0x2b51ac003790
19782   0.000859 libjvm.so->getenv(0x2b51a8dd40ff, 4096, 3, -1) = 0
19782   0.000932 libjvm.so->fopen(0x2b51a8dd3998, 0x2b51a8d8accb, 0x2b51a75eb908, 0x2b51a75eadf0) = 0x2b51ac003790
19782   0.004678 libjvm.so->open(0x2b51ac04a580, 0x20000, 0, 0x2b51ac04a5c9) = 3
19782   0.000448 libjvm.so->__fxstat(1, 3, 0x2b51a7507a00, -1) = 0
19782   0.000533 libjvm.so->opendir(0x2b51ac04a580, 0x2b51a7507a00, 0x4000, -1) = 0x2b51ac04b490
19782   0.000467 libjvm.so->__fxstat(1, 3, 0x2b51a75078a0, 0x2b51ac04b490) = 0
19782   0.000435 libjvm.so->__fxstat(1, 5, 0x2b51a7507930, -1) = 0
19782   0.000443 libjvm.so->open(0x2b51a8da19dc, 0, 0, 0) = 3
19782   0.000670 libjvm.so->__lxstat(1, 0x2b51ac04a580, 0x2b51a7507b50, -144) = 0
19782   0.000463 libjvm.so->open(0x2b51ac04a580, 0x20000, 0x4000, -1) = 3
19782   0.000434 libjvm.so->__fxstat(1, 3, 0x2b51a7507a00, -1) = 0
19782   0.000438 libjvm.so->opendir(0x2b51ac04a580, 0x2b51a7507a00, 0x4000, -1) = 0x2b51ac04b490
19782   0.000435 libjvm.so->__fxstat(1, 3, 0x2b51a75078a0, 0x2b51ac04b490) = 0
19782   0.000419 libjvm.so->__fxstat(1, 5, 0x2b51a7507930, -1) = 0
19782   0.000459 libjvm.so->open(0x2b51a8da19dc, 0, 0, 0) = 3
19782   0.000490 libjvm.so->open(0x2b51ac04a5c9, 0x20042, 384, -1) = 7
19782   0.000636 libjvm.so->__fxstat(1, 7, 0x2b51a7507b50, -1) = 0
19782   0.001669 libjvm.so->fopen(0x2b51a7506b60, 0x2b51a8d8accb, 4, 0x6f732e70) = 0x2b51ac057be0
19782   0.001453 libjvm.so->dlopen(0x2b51a7506b60, 1, 0xffffffff, 0x2b51ac057b00) = 0x2b51ac057be0
19782   0.001394 libjvm.so->__xstat(1, 0x2b51a7507120, 0x2b51a7507950, 2048) = 0
19782   0.000502 libjvm.so->__xstat(1, 0x2b51a7507120, 0x2b51a7507950, 2048) = 0
19782   0.000430 libjvm.so->__xstat(1, 0x2b51a7507120, 0x2b51a7507950, 2048) = -1
19782   0.000454 libjvm.so->__xstat(1, 0x2b51a7507120, 0x2b51a7507950, 2048) = 0
19782   0.000488 libjvm.so->__xstat(1, 0x2b51a7507120, 0x2b51a7507950, 2048) = 0
19782   0.000434 libjvm.so->__xstat(1, 0x2b51a7507120, 0x2b51a7507950, 2048) = 0
19782   0.001106 libjvm.so->__xstat(1, 0x2b51a7507120, 0x2b51a7507950, 2048) = 0
19782   0.000512 libjvm.so->__xstat(1, 0x2b51a7507120, 0x2b51a7507950, 2048) = -1
19782   0.000460 libjvm.so->fopen(0x2b51ac002520, 0x2b51a8d8accb, 0, 0) = 0x2b51ac058a80
19782   0.008664 libjvm.so->open64(0x2b51a7506410, 0, 0, 16) = 3
19782   0.000498 libjvm.so->__fxstat64(1, 3, 0x2b51a7506240, -1) = 0
19782   0.037035 libjvm.so->__xstat(1, 0x2b51a7506f20, 0x2b51a7507750, 2048) = -1
19782   0.000557 libjvm.so->fopen(0x2b51a7505b20, 0x2b51a8d8accb, 4009, 3994) = 0x2b51ac0b5ec0
19782   0.000926 libjvm.so->fopen(0x2b51a7505b20, 0x2b51a8d8accb, 4009, 3994) = 0x2b51ac0b5ec0
19782   0.000638 libjvm.so->fopen(0x2b51a7505b20, 0x2b51a8d8accb, 4009, 4002) = 0x2b51ac0b5ec0
19782   0.004492 libjvm.so->pthread_attr_setdetachstate(0x2b51a7507c00, 1, 0, 0) = 0
19782   0.000565 libpthread.so.0->__clone(0x2b51a75f4de0, 0x2b51abc0dfc0, 0x3d0f00, 0x2b51abc0e700) = 0x4d4b
19782   0.020820 libjvm.so->pthread_attr_setdetachstate(0x2b51a7507290, 1, 0, 0) = 0
19782   0.000743 libpthread.so.0->__clone(0x2b51a75f4de0, 0x2b51abd0efc0, 0x3d0f00, 0x2b51abd0f700) = 0x4d4e
19782   0.006977 libjvm.so->pthread_attr_setdetachstate(0x2b51a7507610, 1, 0, 0) = 0
19782   0.000793 libpthread.so.0->__clone(0x2b51a75f4de0, 0x2b51abe0ffc0, 0x3d0f00, 0x2b51abe10700) = 0x4d4f
19782   0.040413 libjvm.so->fopen(0x2b51ac0f17e0, 0x2b51a8d8accb, 4, 0x6f732e70) = 0x2b51ac0f1ce0
19782   0.002027 libjvm.so->dlopen(0x2b51ac0f17e0, 1, 0xffffffff, 0x2b51ac0e8c00) = 0x2b51ac057be0
19782   0.005205 libjvm.so->open64(0x2b51a7506510, 0, 0, 16) = 5
19782   0.001038 libjvm.so->__fxstat64(1, 5, 0x2b51a7506340, -1) = 0
19782   0.020132 libjvm.so->fopen(0x2b51a7503130, 0x2b51a8d8accb, 4009, 3994) = 0x2b51ac0fccb0
19782   0.001233 libjvm.so->fopen(0x2b51a7503130, 0x2b51a8d8accb, 4009, 3994) = 0x2b51ac0fccb0
19782   0.001118 libjvm.so->fopen(0x2b51a7503130, 0x2b51a8d8accb, 4009, 4002) = 0x2b51ac0fccb0
19782   0.015647 libjvm.so->pthread_attr_setdetachstate(0x2b51a7507b50, 1, 0, 0) = 0
19782   0.000970 libpthread.so.0->__clone(0x2b51a75f4de0, 0x2b51abf10fc0, 0x3d0f00, 0x2b51abf11700) = 0x4d50
19782   0.001568 libjvm.so->__xstat64(1, 0x2b51a7507be0, 0x2b51a7507b50, 19) = -1
19782   0.001195 libjvm.so->pthread_attr_setdetachstate(0x2b51a7507950, 1, 0, 0) = 0
19782   0.001114 libpthread.so.0->__clone(0x2b51a75f4de0, 0x2b51c036afc0, 0x3d0f00, 0x2b51c036b700) = 0x4d51
19782   0.001649 libjvm.so->pthread_attr_setdetachstate(0x2b51a7507950, 1, 0, 0) = 0
19782   0.001249 libpthread.so.0->__clone(0x2b51a75f4de0, 0x2b51c046bfc0, 0x3d0f00, 0x2b51c046c700) = 0x4d52
19782   0.009159 libjvm.so->pthread_attr_setdetachstate(0x2b51a7507aa0, 1, 0, 0) = 0
19782   0.001495 libpthread.so.0->__clone(0x2b51a75f4de0, 0x2b51c056cfc0, 0x3d0f00, 0x2b51c056d700) = 0x4d53
19782   0.002149 libjvm.so->pthread_attr_setdetachstate(0x2b51a7507bb0, 1, 0, 0) = 0
19782   0.001620 libpthread.so.0->__clone(0x2b51a75f4de0, 0x2b51c066dfc0, 0x3d0f00, 0x2b51c066e700) = 0x4d54
19782   0.014795 libjvm.so->open64(0x2b51ac12e8b0, 0, 0, 48) = 7
19782   0.002241 libjvm.so->__fxstat64(1, 7, 0x2b51a7504f60, -1) = 0
19782   0.025910 libjvm.so->fopen(0x2b51ac1546e0, 0x2b51a8d8accb, 4, 0x6f732e6f) = 0x2b51ac1547a0
19782   0.003091 libjvm.so->dlopen(0x2b51ac1546e0, 1, 0xffffffff, 0x2b51ac154700) = 0x2b51ac1547a0
19782   0.132791 libjvm.so->fopen(0x2b51ac192680, 0x2b51a8d8accb, 4, 0x6f732e74) = 0x2b51ac195930
19782   0.003177 libjvm.so->dlopen(0x2b51ac192680, 1, 0xffffffff, 0x2b51ac195800) = 0x2b51ac19fce0
19782   0.148911 libjvm.so->fopen(0x2b51ac210e00, 0x2b51a8d8accb, 0x6f732e7373656c, 0x656c646165685f74) = 0x2b51ac210ee0
19782   0.002851 libjvm.so->dlopen(0x2b51ac210e00, 1, 0xffffffff, 0x2b51ac210e00) = 0x2b51ac210ee0
19782   0.018591 libjvm.so->fopen(0x2b51a7500990, 0x2b51a8d8accb, 0x6f732e, 0x6d766a62696c2f72) = 0x2b51ac21ace0
19782   0.006230 libjvm.so->dlopen(0x2b51a7500990, 1, 0xffffffff, 0x2b51ac21a200) = 0x56512d08b4c0
19782   0.001712 libjvm.so->fopen(0x2b51a7500990, 0x2b51a8d8accb, 0x6f732e, 0x6d766a62696c2f72) = 0x2b51ac21ac80
19782   0.004945 libjvm.so->dlopen(0x2b51a7500990, 1, 0xffffffff, 0x2b51ac21a200) = 0x56512d08b4c0
19782   0.001728 libjvm.so->fopen(0x2b51a7500990, 0x2b51a8d8accb, 0x6f732e, 0x6d766a62696c2f72) = 0x2b51ac21ac80
19782   0.003915 libjvm.so->dlopen(0x2b51a7500990, 1, 0xffffffff, 0x2b51ac21a200) = 0x56512d08b4c0
19782   0.001756 libjvm.so->fopen(0x2b51a7500990, 0x2b51a8d8accb, 0x6f732e, 0x6d766a62696c2f72) = 0x2b51ac21ac80
19782   0.003694 libjvm.so->dlopen(0x2b51a7500990, 1, 0xffffffff, 0x2b51ac21a200) = 0x56512d08b4c0
19782   0.487293 --- SIGSEGV (Segmentation fault) ---
19796  11.520537 +++ exited (status 0) +++
19792   0.000336 +++ exited (status 0) +++
19787   0.000282 +++ exited (status 0) +++
19782   0.000219 +++ exited (status 0) +++
19795   0.000331 +++ exited (status 0) +++
19794   0.000036 +++ exited (status 0) +++
19793   0.000012 +++ exited (status 0) +++
19790   0.000011 +++ exited (status 0) +++
19791   0.020020 +++ exited (status 0) +++
19781   0.000072 +++ exited (status 0) +++
Wrote an ltrace for command: "java -cp ./tools/maxent.jar density.MaxEnt -s outputs/Optatus_fasciculosus_Champion.csv -e data/layers/worldclim -o outputs/Optatus_fasciculosus_Champion nowarnings nocache autorun -z" with PID 19779 from PPID 19760 on disc20.crc.nd.edu with result 0
REMOTEHOST=129.74.154.87
MANPATH=/afs/crc.nd.edu/user/n/nkremerh/cctools/share/man/:/afs/crc.nd.edu/group/ccl/software/x86_64/redhat7/ruby/current/share/man:/afs/crc.nd.edu/group/ccl/software/x86_64/redhat7/graphviz/current/share/man:/afs/crc.nd.edu/group/ccl/software/x86_64/redhat7/gnuplot/current/share/man:/afs/crc.nd.edu/group/ccl/software/x86_64/redhat7/git/current/share/man:/afs/crc.nd.edu/group/ccl/software/x86_64/redhat7/condor/current/share/man:/afs/crc.nd.edu/group/ccl/software/x86_64/redhat7/clang/current/share/man:/afs/crc.nd.edu/group/ccl/software/x86_64/redhat7/condor/current/share/man:/afs/crc.nd.edu/group/ccl/software/x86_64/redhat7/cctools/current/share/man:/afs/crc.nd.edu/group/ccl/software/x86_64/redhat7/cctools/current/share/man:/afs/crc.nd.edu/x86_64_linux/Modules/4.5.0/share/man:/opt/crc/usr/local/man:/opt/sge/man:/usr/share/man/overrides:/usr/share/man:/usr/local/share/man
_CONDOR_JOB_PIDS=
XDG_SESSION_ID=2226
HOSTNAME=disc01.crc.nd.edu
_LMFILES__modshare=/afs/crc.nd.edu/x86_64_linux/Modules/modules/system_modules/CRC_default/1.1:1
MODULEPATH_modshare=/afs/crc.nd.edu/x86_64_linux/Modules/modules/general_software:1:/afs/crc.nd.edu/x86_64_linux/Modules/modules/development_tools_and_libraries:1:/afs/crc.nd.edu/x86_64_linux/Modules/modules/system_modules:1:/afs/crc.nd.edu/x86_64_linux/Modules/current/modulefiles:1:/afs/crc.nd.edu/x86_64_linux/Modules/modules/restricted_software:1:/afs/crc.nd.edu/x86_64_linux/Modules/modules/deprecated_software:1
TERM=xterm-256color
SHELL=/bin/tcsh
HOST=disc01.crc.nd.edu
MODULES_CMD=/afs/crc.nd.edu/x86_64_linux/Modules/4.5.0/libexec/modulecmd.tcl
HISTSIZE=5000
MAKEFLAGS=
SSH_CLIENT=129.74.154.87 57278 22
TMPDIR=/var/condor/execute/dir_11106/worker-213124-11185/t.1154/cctools-temp-t.1154.WhzI8X
PERL5LIB=/afs/crc.nd.edu/user/n/nkremerh/cctools/lib/perl5/site_perl/5.16.3:/afs/crc.nd.edu/user/n/nkremerh/.perl5/lib/perl5
SGE_CELL=crc
_CONDOR_SCRATCH_DIR=/var/condor/execute/dir_11106
PERL_MB_OPT=--install_base '/afs/crc.nd.edu/user/n/nkremerh/.perl5/'
SSH_TTY=/dev/pts/0
SGE_LOAD_AVG=load_avg
MAKEFLOW_MAX_LOCAL_JOBS=2
GROUP=campus
USER=nkremerh
_CHIRP_DELAYED_UPDATE_PREFIX=Chirp*
HISTFILESIZE=10000
TEMP=/var/condor/execute/dir_11106/worker-213124-11185/t.1154/cctools-temp-t.1154.WhzI8X
LD_LIBRARY_PATH=/afs/crc.nd.edu/group/ccl/software/x86_64/redhat7/ruby/current/lib:/afs/crc.nd.edu/group/ccl/software/x86_64/redhat7/graphviz/current/lib:/afs/crc.nd.edu/group/ccl/software/x86_64/redhat7/git/current/lib:/afs/crc.nd.edu/group/ccl/software/x86_64/redhat7/condor/current/lib:/afs/crc.nd.edu/group/ccl/software/x86_64/redhat7/clang/current/lib:/afs/crc.nd.edu/group/ccl/software/x86_64/redhat7/condor/current/lib:/afs/crc.nd.edu/group/ccl/software/x86_64/redhat7/cctools/current/lib:/opt/crc/usr/local/lib
BATCH_SYSTEM=HTCondor
MODULES_LMALTNAME=CRC_default/1.1&CRC_default/default&CRC_default
ENV=/afs/crc.nd.edu/x86_64_linux/Modules/4.5.0/init/profile.sh
WORKER_TMPDIR=/var/condor/execute/dir_11106/worker-213124-11185/cache/tmp
HOSTTYPE=x86_64-linux
_CONDOR_HIGHPORT=9999
GLOBUS_GSSAPI_MAX_TLS_PROTOCOL=0
_CONDOR_CHIRP_CONFIG=/var/condor/execute/dir_11106/.chirp.config
_CONDOR_ANCESTOR_3365=3581:1596369961:2310611161
MAKELEVEL=1
MFLAGS=
_CONDOR_ANCESTOR_11106=11118:1597419253:7267286
MAIL=/var/spool/mail/nkremerh
PATH=/afs/crc.nd.edu/user/n/nkremerh/cctools/bin:/afs/crc.nd.edu/user/n/nkremerh/miniconda/bin:/afs/crc.nd.edu/group/ccl/software/git:/afs/crc.nd.edu/user/n/nkremerh/.local/bin:/afs/crc.nd.edu/group/ccl/software/x86_64/redhat7/povray/3.7/bin:/afs/crc.nd.edu/user/n/nkremerh/.perl5/bin:/afs/crc.nd.edu/user/n/nkremerh/pegasus/bin:/afs/crc.nd.edu/user/n/nkremerh/nodejs/bin:/afs/crc.nd.edu/user/n/nkremerh/montage/bin:/afs/crc.nd.edu/user/n/nkremerh/latexdiff:/afs/crc.nd.edu/user/n/nkremerh/envtrace:/afs/crc.nd.edu/user/n/nkremerh/endlines:/afs/crc.nd.edu/user/n/nkremerh/cctools/bin:/afs/crc.nd.edu/user/n/nkremerh/.cargo/bin:/afs/crc.nd.edu/group/ccl/software/x86_64/redhat7/ruby/current/bin:/afs/crc.nd.edu/group/ccl/software/x86_64/redhat7/graphviz/current/bin:/afs/crc.nd.edu/group/ccl/software/x86_64/redhat7/gnuplot/current/bin:/afs/crc.nd.edu/group/ccl/software/x86_64/redhat7/git/current/bin:/afs/crc.nd.edu/group/ccl/software/x86_64/redhat7/condor/current/sbin:/afs/crc.nd.edu/group/ccl/software/x86_64/redhat7/condor/current/bin:/afs/crc.nd.edu/group/ccl/software/x86_64/redhat7/cmake/current/bin:/afs/crc.nd.edu/group/ccl/software/x86_64/redhat7/clang/current/bin:/afs/crc.nd.edu/group/ccl/software/x86_64/redhat7/condor/current/sbin:/afs/crc.nd.edu/group/ccl/software/x86_64/redhat7/condor/current/bin:/afs/crc.nd.edu/group/ccl/software/x86_64/redhat7/cctools/current/bin:/afs/crc.nd.edu/x86_64_linux/Modules/4.5.0/bin:/opt/crc/usr/local/bin:/opt/sge/bin/lx-amd64:/usr/local/bin:/usr/bin:/usr/local/sbin:/usr/sbin:/afs/crc.nd.edu/user/c/condor/software/bin:/afs/crc.nd.edu/user/c/condor/software/sbin
CCLSOFTWARE=/afs/crc.nd.edu/group/ccl/software/x86_64/redhat7
PWD=/var/condor/execute/dir_11106/worker-213124-11185/t.1154
_LMFILES_=/afs/crc.nd.edu/x86_64_linux/Modules/modules/system_modules/CRC_default/1.1
EDITOR=vim
SGE_EXECD_PORT=6445
LANG=en_US.UTF-8
SGE_QMASTER_PORT=6444
MODULEPATH=/afs/crc.nd.edu/x86_64_linux/Modules/modules/development_tools_and_libraries:/afs/crc.nd.edu/x86_64_linux/Modules/modules/general_software:/afs/crc.nd.edu/x86_64_linux/Modules/modules/restricted_software:/afs/crc.nd.edu/x86_64_linux/Modules/modules/system_modules:/afs/crc.nd.edu/x86_64_linux/Modules/modules/deprecated_software:/afs/crc.nd.edu/x86_64_linux/Modules/current/modulefiles
LOADEDMODULES=CRC_default/1.1
SGE_ROOT=/opt/sge
CCLPLATFORM=x86_64/redhat7
_CONDOR_SLOT=slot2_2
WORK_QUEUE_SANDBOX=/var/condor/execute/dir_11106/worker-213124-11185
USE_SYSTEMD=true
_CONDOR_LOWPORT=9100
_CONDOR_ANCESTOR_3581=11106:1597419250:2078877540
HISTCONTROL=ignoreboth:erasedups
KRB5CCNAME=FILE:/tmp/krb5cc_213124_jfvfni
GLOBUS_GSSAPI_NAME_COMPATIBILITY=STRICT_RFC2818
HOME=disc01.crc.nd.edu
SHLVL=6
PATH_modshare=/opt/crc/usr/local/bin:1:/opt/sge/bin/lx-amd64:1:/usr/sbin:1:/usr/bin:1:/afs/crc.nd.edu/user/c/condor/software/sbin:1:/usr/local/sbin:1:/afs/crc.nd.edu/user/c/condor/software/bin:1:/usr/local/bin:1
OSTYPE=linux
_CONDOR_MACHINE_AD=/var/condor/execute/dir_11106/.machine.ad
GREP_OPTIONS=--color=auto
DISK=18236
GLOBUS_GSSAPI_MIN_TLS_PROTOCOL=TLS1_VERSION
MANPATH_modshare=/usr/share/man/overrides:1:/usr/local/share/man:1:/usr/share/man:1:/opt/crc/usr/local/man:1:/opt/sge/man:1
MEMORY=1948
PERL_LOCAL_LIB_ROOT=/afs/crc.nd.edu/user/n/nkremerh/.perl5/
BASH_ENV=/afs/crc.nd.edu/x86_64_linux/Modules/4.5.0/init/bash
VENDOR=unknown
TMP=/var/condor/execute/dir_11106/worker-213124-11185/t.1154/cctools-temp-t.1154.WhzI8X
LOGNAME=nkremerh
MACHTYPE=x86_64
CCLHOME=/afs/crc.nd.edu/group/ccl
PYTHONPATH=/afs/crc.nd.edu/user/n/nkremerh/cctools/lib/python3.6/site-packages/
LD_LIBRARY_PATH_modshare=/opt/crc/usr/local/lib:1
SSH_CONNECTION=129.74.154.87 57278 129.74.128.103 22
MODULES_LMALTNAME_modshare=CRC_default/1.1&CRC_default/default&CRC_default:1
MODULESHOME=/afs/crc.nd.edu/x86_64_linux/Modules/4.5.0
GLOBUS_GSSAPI_CIPHERS=HIGH
GLOBUS_GSSAPI_BACKWARD_COMPATIBLE_MIC=true
LESSOPEN=||/usr/bin/lesspipe.sh %s
OMP_NUM_THREADS=1
_CONDOR_JOB_AD=/var/condor/execute/dir_11106/.job.ad
LOADEDMODULES_modshare=CRC_default/1.1:1
XDG_RUNTIME_DIR=/run/user/213124
SGE_CLUSTER_NAME=CRC
CCTOOLS=../cctools
CORES=2
_CONDOR_JOB_IWD=/var/condor/execute/dir_11106
PERL_MM_OPT=INSTALL_BASE=/afs/crc.nd.edu/user/n/nkremerh/.perl5/
GLOBUS_GSSAPI_SERVER_CIPHER_ORDER=true
BASH_FUNC_module()=() {  unset _mlshdbg;
 if [ "${MODULES_SILENT_SHELL_DEBUG:-0}" = '1' ]; then
 case "$-" in 
 *v*x*)
 set +vx;
 _mlshdbg='vx'
 ;;
 *v*)
 set +v;
 _mlshdbg='v'
 ;;
 *x*)
 set +x;
 _mlshdbg='x'
 ;;
 *)
 _mlshdbg=''
 ;;
 esac;
 fi;
 unset _mlre _mlIFS;
 if [ -n "${IFS+x}" ]; then
 _mlIFS=$IFS;
 fi;
 IFS=' ';
 for _mlv in ${MODULES_RUN_QUARANTINE:-};
 do
 if [ "${_mlv}" = "${_mlv##*[!A-Za-z0-9_]}" -a "${_mlv}" = "${_mlv#[0-9]}" ]; then
 if [ -n "`eval 'echo ${'$_mlv'+x}'`" ]; then
 _mlre="${_mlre:-}${_mlv}_modquar='`eval 'echo ${'$_mlv'}'`' ";
 fi;
 _mlrv="MODULES_RUNENV_${_mlv}";
 _mlre="${_mlre:-}${_mlv}='`eval 'echo ${'$_mlrv':-}'`' ";
 fi;
 done;
 if [ -n "${_mlre:-}" ]; then
 eval `eval ${_mlre}/usr/bin/tclsh /afs/crc.nd.edu/x86_64_linux/Modules/4.5.0/libexec/modulecmd.tcl bash '"$@"'`;
 else
 eval `/usr/bin/tclsh /afs/crc.nd.edu/x86_64_linux/Modules/4.5.0/libexec/modulecmd.tcl bash "$@"`;
 fi;
 _mlstatus=$?;
 if [ -n "${_mlIFS+x}" ]; then
 IFS=$_mlIFS;
 else
 unset IFS;
 fi;
 unset _mlre _mlv _mlrv _mlIFS;
 if [ -n "${_mlshdbg:-}" ]; then
 set -$_mlshdbg;
 fi;
 unset _mlshdbg;
 return $_mlstatus
}
BASH_FUNC_ml()=() {  module ml "$@"
}
_=/usr/bin/printenv
