27708   0.000000 libpython2.7.so.1.0->getenv("PYTHONHASHSEED") = nil
27708   0.001755 libpython2.7.so.1.0->getenv("PYTHONINSPECT") = nil
27708   0.000464 libpython2.7.so.1.0->getenv("PYTHONUNBUFFERED") = nil
27708   0.000431 libpython2.7.so.1.0->getenv("PYTHONNOUSERSITE") = nil
27708   0.000503 libpython2.7.so.1.0->getenv("PYTHONWARNINGS") = nil
27708   0.000507 libpython2.7.so.1.0->getenv("PYTHONDEBUG") = nil
27708   0.000459 libpython2.7.so.1.0->getenv("PYTHONVERBOSE") = nil
27708   0.000504 libpython2.7.so.1.0->getenv("PYTHONOPTIMIZE") = nil
27708   0.000403 libpython2.7.so.1.0->getenv("PYTHONDONTWRITEBYTECODE") = nil
27708   0.000413 libpython2.7.so.1.0->getenv("PYTHONHASHSEED") = nil
27708   0.002480 libpython2.7.so.1.0->__fxstat64(1, 0, 0x7ffef8d48fc0) = 0
27708   0.000375 libpython2.7.so.1.0->__fxstat64(1, 0, 0x7ffef8d48ec0) = 0
27708   0.000288 libpython2.7.so.1.0->__fxstat64(1, 1, 0x7ffef8d48ec0) = 0
27708   0.000280 libpython2.7.so.1.0->__fxstat64(1, 2, 0x7ffef8d48ec0) = 0
27708   0.000350 libpython2.7.so.1.0->getenv("PYTHONPATH") = "/afs/crc.nd.edu/user/n/nkremerh/cctools/lib/python3.6/site-packages/"
27708   0.000504 libpython2.7.so.1.0->getenv("PYTHONHOME") = nil
27708   0.000274 libpython2.7.so.1.0->getenv("PATH") = "/afs/crc.nd.edu/user/n/nkremerh/cctools/bin:/afs/crc.nd.edu/user/n/nkremerh/miniconda/bin:/afs/crc.nd.edu/group/ccl/software/git:/afs/crc.nd.edu/user/n/nkremerh/.local/bin:/afs/crc.nd.edu/group/ccl/software/x86_64/redhat7/povray/3.7/bin:/afs/crc.nd.edu/user/n/nkremerh/.perl5/bin:/afs/crc.nd.edu/user/n/nkremerh/pegasus/bin:/afs/crc.nd.edu/user/n/nkremerh/nodejs/bin:/afs/crc.nd.edu/user/n/nkremerh/montage/bin:/afs/crc.nd.edu/user/n/nkremerh/latexdiff:/afs/crc.nd.edu/user/n/nkremerh/envtrace:/afs/crc.nd.edu/user/n/nkremerh/endlines:/afs/crc.nd.edu/user/n/nkremerh/cctools/bin:/afs/crc.nd.edu/user/n/nkremerh/.cargo/bin:/afs/crc.nd.edu/group/ccl/software/x86_64/redhat7/ruby/current/bin:/afs/crc.nd.edu/group/ccl/software/x86_64/redhat7/graphviz/current/bin:/afs/crc.nd.edu/group/ccl/software/x86_64/redhat7/gnuplot/current/bin:/afs/crc.nd.edu/group/ccl/software/x86_64/redhat7/git/current/bin:/afs/crc.nd.edu/group/ccl/software/x86_64/redhat7/condor/current/sbin:/afs/crc.nd.edu/group/ccl/software/x86_64/redhat7/condor/current/bin:/afs/crc.nd.edu/group/ccl/software/x86_64/redhat7/cmake/current/bin:/afs/crc.nd.edu/group/ccl/software/x86_64/redhat7/clang/current/bin:/afs/crc.nd.edu/group/ccl/software/x86_64/redhat7/condor/current/sbin:/afs/crc.nd.edu/group/ccl/software/x86_64/redhat7/condor/current/bin:/afs/crc.nd.edu/group/ccl/software/x86_64/redhat7/cctools/current/bin:/afs/crc.nd.edu/x86_64_linux/Modules/4.5.0/bin:/opt/crc/usr/local/bin:/opt/sge/bin/lx-amd64:/usr/local/bin:/usr/bin:/usr/local/sbin:/usr/sbin:/afs/crc.nd.edu/user/c/condor/software/bin:/afs/crc.nd.edu/user/c/condor/software/sbin"
27708   0.005705 libpython2.7.so.1.0->__xstat64(1, "/afs/crc.nd.edu/user/n/nkremerh/cctools/bin/python", 0x7ffef8d45eb0) = -1
27708   0.000519 libpython2.7.so.1.0->__xstat64(1, "/afs/crc.nd.edu/user/n/nkremerh/miniconda/bin/python", 0x7ffef8d45eb0) = -1
27708   0.000503 libpython2.7.so.1.0->__xstat64(1, "/afs/crc.nd.edu/group/ccl/software/git/python", 0x7ffef8d45eb0) = -1
27708   0.000509 libpython2.7.so.1.0->__xstat64(1, "/afs/crc.nd.edu/user/n/nkremerh/.local/bin/python", 0x7ffef8d45eb0) = -1
27708   0.000478 libpython2.7.so.1.0->__xstat64(1, "/afs/crc.nd.edu/group/ccl/software/x86_64/redhat7/povray/3.7/bin/python", 0x7ffef8d45eb0) = -1
27708   0.000587 libpython2.7.so.1.0->__xstat64(1, "/afs/crc.nd.edu/user/n/nkremerh/.perl5/bin/python", 0x7ffef8d45eb0) = -1
27708   0.000446 libpython2.7.so.1.0->__xstat64(1, "/afs/crc.nd.edu/user/n/nkremerh/pegasus/bin/python", 0x7ffef8d45eb0) = -1
27708   0.000542 libpython2.7.so.1.0->__xstat64(1, "/afs/crc.nd.edu/user/n/nkremerh/nodejs/bin/python", 0x7ffef8d45eb0) = -1
27708   0.000481 libpython2.7.so.1.0->__xstat64(1, "/afs/crc.nd.edu/user/n/nkremerh/montage/bin/python", 0x7ffef8d45eb0) = -1
27708   0.000458 libpython2.7.so.1.0->__xstat64(1, "/afs/crc.nd.edu/user/n/nkremerh/latexdiff/python", 0x7ffef8d45eb0) = -1
27708   0.000444 libpython2.7.so.1.0->__xstat64(1, "/afs/crc.nd.edu/user/n/nkremerh/envtrace/python", 0x7ffef8d45eb0) = -1
27708   0.000451 libpython2.7.so.1.0->__xstat64(1, "/afs/crc.nd.edu/user/n/nkremerh/endlines/python", 0x7ffef8d45eb0) = -1
27708   0.000433 libpython2.7.so.1.0->__xstat64(1, "/afs/crc.nd.edu/user/n/nkremerh/cctools/bin/python", 0x7ffef8d45eb0) = -1
27708   0.000451 libpython2.7.so.1.0->__xstat64(1, "/afs/crc.nd.edu/user/n/nkremerh/.cargo/bin/python", 0x7ffef8d45eb0) = -1
27708   0.000455 libpython2.7.so.1.0->__xstat64(1, "/afs/crc.nd.edu/group/ccl/software/x86_64/redhat7/ruby/current/bin/python", 0x7ffef8d45eb0) = -1
27708   0.000532 libpython2.7.so.1.0->__xstat64(1, "/afs/crc.nd.edu/group/ccl/software/x86_64/redhat7/graphviz/current/bin/python", 0x7ffef8d45eb0) = -1
27708   0.000582 libpython2.7.so.1.0->__xstat64(1, "/afs/crc.nd.edu/group/ccl/software/x86_64/redhat7/gnuplot/current/bin/python", 0x7ffef8d45eb0) = -1
27708   0.000574 libpython2.7.so.1.0->__xstat64(1, "/afs/crc.nd.edu/group/ccl/software/x86_64/redhat7/git/current/bin/python", 0x7ffef8d45eb0) = -1
27708   0.000543 libpython2.7.so.1.0->__xstat64(1, "/afs/crc.nd.edu/group/ccl/software/x86_64/redhat7/condor/current/sbin/python", 0x7ffef8d45eb0) = -1
27708   0.000605 libpython2.7.so.1.0->__xstat64(1, "/afs/crc.nd.edu/group/ccl/software/x86_64/redhat7/condor/current/bin/python", 0x7ffef8d45eb0) = -1
27708   0.000562 libpython2.7.so.1.0->__xstat64(1, "/afs/crc.nd.edu/group/ccl/software/x86_64/redhat7/cmake/current/bin/python", 0x7ffef8d45eb0) = -1
27708   0.000547 libpython2.7.so.1.0->__xstat64(1, "/afs/crc.nd.edu/group/ccl/software/x86_64/redhat7/clang/current/bin/python", 0x7ffef8d45eb0) = -1
27708   0.000541 libpython2.7.so.1.0->__xstat64(1, "/afs/crc.nd.edu/group/ccl/software/x86_64/redhat7/condor/current/sbin/python", 0x7ffef8d45eb0) = -1
27708   0.000561 libpython2.7.so.1.0->__xstat64(1, "/afs/crc.nd.edu/group/ccl/software/x86_64/redhat7/condor/current/bin/python", 0x7ffef8d45eb0) = -1
27708   0.000563 libpython2.7.so.1.0->__xstat64(1, "/afs/crc.nd.edu/group/ccl/software/x86_64/redhat7/cctools/current/bin/python", 0x7ffef8d45eb0) = -1
27708   0.000539 libpython2.7.so.1.0->__xstat64(1, "/afs/crc.nd.edu/x86_64_linux/Modules/4.5.0/bin/python", 0x7ffef8d45eb0) = -1
27708   0.000491 libpython2.7.so.1.0->__xstat64(1, "/opt/crc/usr/local/bin/python", 0x7ffef8d45eb0) = -1
27708   0.000389 libpython2.7.so.1.0->__xstat64(1, "/opt/sge/bin/lx-amd64/python", 0x7ffef8d45eb0) = -1
27708   0.000377 libpython2.7.so.1.0->__xstat64(1, "/usr/local/bin/python", 0x7ffef8d45eb0) = -1
27708   0.000365 libpython2.7.so.1.0->__xstat64(1, "/usr/bin/python", 0x7ffef8d45eb0) = 0
27708   0.000440 libpython2.7.so.1.0->__xstat64(1, "/usr/bin/Modules/Setup", 0x7ffef8d45df0) = -1
27708   0.000379 libpython2.7.so.1.0->__xstat64(1, "/usr/bin/lib64/python2.7/os.py", 0x7ffef8d45de0) = -1
27708   0.000411 libpython2.7.so.1.0->__xstat64(1, "/usr/bin/lib64/python2.7/os.pyc", 0x7ffef8d45de0) = -1
27708   0.000386 libpython2.7.so.1.0->__xstat64(1, "/usr/lib64/python2.7/os.py", 0x7ffef8d45de0) = 0
27708   0.000388 libpython2.7.so.1.0->__xstat64(1, "/usr/bin/pybuilddir.txt", 0x7ffef8d45df0) = -1
27708   0.000356 libpython2.7.so.1.0->__xstat64(1, "/usr/bin/lib64/python2.7/lib-dynload", 0x7ffef8d45df0) = -1
27708   0.000393 libpython2.7.so.1.0->__xstat64(1, "/usr/lib64/python2.7/lib-dynload", 0x7ffef8d45df0) = 0
27708   0.003213 libpython2.7.so.1.0->__xstat64(1, "/afs/crc.nd.edu/user/n/nkremerh/cctools/lib/python3.6/site-packages/", 0x7ffef8d448e0) = -1
27708   0.000537 libpython2.7.so.1.0->__xstat64(1, "/afs/crc.nd.edu/user/n/nkremerh/cctools/lib/python3.6/site-packages", 0x7ffef8d448e0) = -1
27708   0.000520 libpython2.7.so.1.0->__xstat64(1, "/afs/crc.nd.edu/user/n/nkremerh/cctools/lib/python3.6", 0x7ffef8d448e0) = -1
27708   0.000454 libpython2.7.so.1.0->__xstat64(1, "/afs/crc.nd.edu/user/n/nkremerh/cctools/lib", 0x7ffef8d448e0) = 0
27708   0.000449 libpython2.7.so.1.0->__xstat64(1, "/afs/crc.nd.edu/user/n/nkremerh/cctools/lib/python3.6/site-packages/", 0x7ffef8d47930) = -1
27708   0.000527 libpython2.7.so.1.0->__xstat64(1, "/usr/lib64/python27.zip", 0x7ffef8d448e0) = -1
27708   0.000375 libpython2.7.so.1.0->__xstat64(1, "/usr/lib64", 0x7ffef8d448e0) = 0
27708   0.000328 libpython2.7.so.1.0->__xstat64(1, "/usr/lib64/python27.zip", 0x7ffef8d47930) = -1
27708   0.000367 libpython2.7.so.1.0->__xstat64(1, "/usr/lib64/python2.7/", 0x7ffef8d448e0) = 0
27708   0.000372 libpython2.7.so.1.0->__xstat64(1, "/usr/lib64/python2.7/", 0x7ffef8d47930) = 0
27708   0.000357 libpython2.7.so.1.0->__xstat64(1, "/usr/lib64/python2.7/site", 0x7ffef8d47af0) = -1
27708   0.000367 libpython2.7.so.1.0->fopen64("/usr/lib64/python2.7/site.so", "rb") = nil
27708   0.000402 libpython2.7.so.1.0->fopen64("/usr/lib64/python2.7/sitemodule.so", "rb") = nil
27708   0.000393 libpython2.7.so.1.0->fopen64("/usr/lib64/python2.7/site.py", "rb") = 0x10b7d50
27708   0.000399 libpython2.7.so.1.0->__fxstat64(1, 3, 0x7ffef8d48c60) = 0
27708   0.000281 libpython2.7.so.1.0->fopen64("/usr/lib64/python2.7/site.pyc", "rb") = 0x10bc6f0
27708   0.000492 libpython2.7.so.1.0->__fxstat64(1, 5, 0x7ffef8d48b50) = 0
27708   0.000920 libpython2.7.so.1.0->__xstat64(1, "/usr/lib64/python2.7/os", 0x7ffef8d47570) = -1
27708   0.000372 libpython2.7.so.1.0->fopen64("/usr/lib64/python2.7/os.so", "rb") = nil
27708   0.000377 libpython2.7.so.1.0->fopen64("/usr/lib64/python2.7/osmodule.so", "rb") = nil
27708   0.000394 libpython2.7.so.1.0->fopen64("/usr/lib64/python2.7/os.py", "rb") = 0x10bfa30
27708   0.000395 libpython2.7.so.1.0->__fxstat64(1, 5, 0x7ffef8d486e0) = 0
27708   0.000273 libpython2.7.so.1.0->fopen64("/usr/lib64/python2.7/os.pyc", "rb") = 0x10bfc70
27708   0.000479 libpython2.7.so.1.0->__fxstat64(1, 7, 0x7ffef8d485d0) = 0
27708   0.001844 libpython2.7.so.1.0->__xstat64(1, "/usr/lib64/python2.7/posixpath", 0x7ffef8d46ff0) = -1
27708   0.000402 libpython2.7.so.1.0->fopen64("/usr/lib64/python2.7/posixpath.so", "rb") = nil
27708   0.000402 libpython2.7.so.1.0->fopen64("/usr/lib64/python2.7/posixpathmodule.so", "rb") = nil
27708   0.000425 libpython2.7.so.1.0->fopen64("/usr/lib64/python2.7/posixpath.py", "rb") = 0x10c3f50
27708   0.000401 libpython2.7.so.1.0->__fxstat64(1, 7, 0x7ffef8d48160) = 0
27708   0.000274 libpython2.7.so.1.0->fopen64("/usr/lib64/python2.7/posixpath.pyc", "rb") = 0x10c6ad0
27708   0.000513 libpython2.7.so.1.0->__fxstat64(1, 8, 0x7ffef8d48050) = 0
27708   0.000609 libpython2.7.so.1.0->__xstat64(1, "/usr/lib64/python2.7/stat", 0x7ffef8d46a70) = -1
27708   0.000392 libpython2.7.so.1.0->fopen64("/usr/lib64/python2.7/stat.so", "rb") = nil
27708   0.000385 libpython2.7.so.1.0->fopen64("/usr/lib64/python2.7/statmodule.so", "rb") = nil
27708   0.000414 libpython2.7.so.1.0->fopen64("/usr/lib64/python2.7/stat.py", "rb") = 0x10c6ad0
27708   0.000386 libpython2.7.so.1.0->__fxstat64(1, 8, 0x7ffef8d47be0) = 0
27708   0.000274 libpython2.7.so.1.0->fopen64("/usr/lib64/python2.7/stat.pyc", "rb") = 0x10e4080
27708   0.000493 libpython2.7.so.1.0->__fxstat64(1, 9, 0x7ffef8d47ad0) = 0
27708   0.000731 libpython2.7.so.1.0->__xstat64(1, "/usr/lib64/python2.7/genericpath", 0x7ffef8d46a70) = -1
27708   0.000401 libpython2.7.so.1.0->fopen64("/usr/lib64/python2.7/genericpath.so", "rb") = nil
27708   0.000405 libpython2.7.so.1.0->fopen64("/usr/lib64/python2.7/genericpathmodule.so", "rb") = nil
27708   0.000465 libpython2.7.so.1.0->fopen64("/usr/lib64/python2.7/genericpath.py", "rb") = 0x10c6ad0
27708   0.000412 libpython2.7.so.1.0->__fxstat64(1, 8, 0x7ffef8d47be0) = 0
27708   0.000288 libpython2.7.so.1.0->fopen64("/usr/lib64/python2.7/genericpath.pyc", "rb") = 0x10e4080
27708   0.000538 libpython2.7.so.1.0->__fxstat64(1, 9, 0x7ffef8d47ad0) = 0
27708   0.000466 libpython2.7.so.1.0->__xstat64(1, "/usr/lib64/python2.7/warnings", 0x7ffef8d46a70) = -1
27708   0.000383 libpython2.7.so.1.0->fopen64("/usr/lib64/python2.7/warnings.so", "rb") = nil
27708   0.000385 libpython2.7.so.1.0->fopen64("/usr/lib64/python2.7/warningsmodule.so", "rb") = nil
27708   0.000416 libpython2.7.so.1.0->fopen64("/usr/lib64/python2.7/warnings.py", "rb") = 0x10c6ad0
27708   0.000401 libpython2.7.so.1.0->__fxstat64(1, 8, 0x7ffef8d47be0) = 0
27708   0.000275 libpython2.7.so.1.0->fopen64("/usr/lib64/python2.7/warnings.pyc", "rb") = 0x10e4080
27708   0.000528 libpython2.7.so.1.0->__fxstat64(1, 9, 0x7ffef8d47ad0) = 0
27708   0.000571 libpython2.7.so.1.0->__xstat64(1, "/usr/lib64/python2.7/linecache", 0x7ffef8d464f0) = -1
27708   0.000392 libpython2.7.so.1.0->fopen64("/usr/lib64/python2.7/linecache.so", "rb") = nil
27708   0.000392 libpython2.7.so.1.0->fopen64("/usr/lib64/python2.7/linecachemodule.so", "rb") = nil
27708   0.000430 libpython2.7.so.1.0->fopen64("/usr/lib64/python2.7/linecache.py", "rb") = 0x10e4080
27708   0.000396 libpython2.7.so.1.0->__fxstat64(1, 9, 0x7ffef8d47660) = 0
27708   0.000272 libpython2.7.so.1.0->fopen64("/usr/lib64/python2.7/linecache.pyc", "rb") = 0x10a5360
27708   0.000531 libpython2.7.so.1.0->__fxstat64(1, 10, 0x7ffef8d47550) = 0
27708   0.000485 libpython2.7.so.1.0->__xstat64(1, "/usr/lib64/python2.7/types", 0x7ffef8d464f0) = -1
27708   0.000377 libpython2.7.so.1.0->fopen64("/usr/lib64/python2.7/types.so", "rb") = nil
27708   0.000385 libpython2.7.so.1.0->fopen64("/usr/lib64/python2.7/typesmodule.so", "rb") = nil
27708   0.000399 libpython2.7.so.1.0->fopen64("/usr/lib64/python2.7/types.py", "rb") = 0x10e4080
27708   0.000399 libpython2.7.so.1.0->__fxstat64(1, 9, 0x7ffef8d47660) = 0
27708   0.000272 libpython2.7.so.1.0->fopen64("/usr/lib64/python2.7/types.pyc", "rb") = 0x10a6220
27708   0.000482 libpython2.7.so.1.0->__fxstat64(1, 10, 0x7ffef8d47550) = 0
27708   0.001229 libpython2.7.so.1.0->__xstat64(1, "/usr/lib64/python2.7/UserDict", 0x7ffef8d46ff0) = -1
27708   0.000379 libpython2.7.so.1.0->fopen64("/usr/lib64/python2.7/UserDict.so", "rb") = nil
27708   0.000403 libpython2.7.so.1.0->fopen64("/usr/lib64/python2.7/UserDictmodule.so", "rb") = nil
27708   0.000410 libpython2.7.so.1.0->fopen64("/usr/lib64/python2.7/UserDict.py", "rb") = 0x10a5670
27708   0.000397 libpython2.7.so.1.0->__fxstat64(1, 7, 0x7ffef8d48160) = 0
27708   0.000315 libpython2.7.so.1.0->fopen64("/usr/lib64/python2.7/UserDict.pyc", "rb") = 0x10c3f50
27708   0.000500 libpython2.7.so.1.0->__fxstat64(1, 8, 0x7ffef8d48050) = 0
27708   0.000592 libpython2.7.so.1.0->__xstat64(1, "/usr/lib64/python2.7/_abcoll", 0x7ffef8d46a70) = -1
27708   0.000378 libpython2.7.so.1.0->fopen64("/usr/lib64/python2.7/_abcoll.so", "rb") = nil
27708   0.000413 libpython2.7.so.1.0->fopen64("/usr/lib64/python2.7/_abcollmodule.so", "rb") = nil
27708   0.000415 libpython2.7.so.1.0->fopen64("/usr/lib64/python2.7/_abcoll.py", "rb") = 0x10a1f30
27708   0.000395 libpython2.7.so.1.0->__fxstat64(1, 8, 0x7ffef8d47be0) = 0
27708   0.000307 libpython2.7.so.1.0->fopen64("/usr/lib64/python2.7/_abcoll.pyc", "rb") = 0x10a4e20
27708   0.000494 libpython2.7.so.1.0->__fxstat64(1, 9, 0x7ffef8d47ad0) = 0
27708   0.000707 libpython2.7.so.1.0->__xstat64(1, "/usr/lib64/python2.7/abc", 0x7ffef8d464f0) = -1
27708   0.000366 libpython2.7.so.1.0->fopen64("/usr/lib64/python2.7/abc.so", "rb") = nil
27708   0.000393 libpython2.7.so.1.0->fopen64("/usr/lib64/python2.7/abcmodule.so", "rb") = nil
27708   0.000460 libpython2.7.so.1.0->fopen64("/usr/lib64/python2.7/abc.py", "rb") = 0x10a4e20
27708   0.000463 libpython2.7.so.1.0->__fxstat64(1, 9, 0x7ffef8d47660) = 0
27708   0.000295 libpython2.7.so.1.0->fopen64("/usr/lib64/python2.7/abc.pyc", "rb") = 0x10a5be0
27708   0.000480 libpython2.7.so.1.0->__fxstat64(1, 10, 0x7ffef8d47550) = 0
27708   0.000508 libpython2.7.so.1.0->__xstat64(1, "/usr/lib64/python2.7/_weakrefset", 0x7ffef8d45f70) = -1
27708   0.000405 libpython2.7.so.1.0->fopen64("/usr/lib64/python2.7/_weakrefset.so", "rb") = nil
27708   0.000476 libpython2.7.so.1.0->fopen64("/usr/lib64/python2.7/_weakrefsetmodule.so", "rb") = nil
27708   0.000429 libpython2.7.so.1.0->fopen64("/usr/lib64/python2.7/_weakrefset.py", "rb") = 0x10a5be0
27708   0.000420 libpython2.7.so.1.0->__fxstat64(1, 10, 0x7ffef8d470e0) = 0
27708   0.000275 libpython2.7.so.1.0->fopen64("/usr/lib64/python2.7/_weakrefset.pyc", "rb") = 0x10e2e50
27708   0.000503 libpython2.7.so.1.0->__fxstat64(1, 11, 0x7ffef8d46fd0) = 0
27708   0.003373 libpython2.7.so.1.0->__xstat64(1, "/usr/lib64/python2.7/copy_reg", 0x7ffef8d46ff0) = -1
27708   0.000407 libpython2.7.so.1.0->fopen64("/usr/lib64/python2.7/copy_reg.so", "rb") = nil
27708   0.000401 libpython2.7.so.1.0->fopen64("/usr/lib64/python2.7/copy_regmodule.so", "rb") = nil
27708   0.000410 libpython2.7.so.1.0->fopen64("/usr/lib64/python2.7/copy_reg.py", "rb") = 0x10a5670
27708   0.000391 libpython2.7.so.1.0->__fxstat64(1, 7, 0x7ffef8d48160) = 0
27708   0.000289 libpython2.7.so.1.0->fopen64("/usr/lib64/python2.7/copy_reg.pyc", "rb") = 0x10a5be0
27708   0.000490 libpython2.7.so.1.0->__fxstat64(1, 8, 0x7ffef8d48050) = 0
27708   0.000964 libpython2.7.so.1.0->__xstat64(1, "/usr/lib64/python2.7/traceback", 0x7ffef8d47570) = -1
27708   0.000403 libpython2.7.so.1.0->fopen64("/usr/lib64/python2.7/traceback.so", "rb") = nil
27708   0.000397 libpython2.7.so.1.0->fopen64("/usr/lib64/python2.7/tracebackmodule.so", "rb") = nil
27708   0.000416 libpython2.7.so.1.0->fopen64("/usr/lib64/python2.7/traceback.py", "rb") = 0x10a5670
27708   0.000443 libpython2.7.so.1.0->__fxstat64(1, 5, 0x7ffef8d486e0) = 0
27708   0.000272 libpython2.7.so.1.0->fopen64("/usr/lib64/python2.7/traceback.pyc", "rb") = 0x10a5be0
27708   0.000504 libpython2.7.so.1.0->__fxstat64(1, 7, 0x7ffef8d485d0) = 0
27708   0.001144 libpython2.7.so.1.0->__xstat64(1, "/afs/crc.nd.edu/user/n/nkremerh/cctools/lib/python3.6/site-packages", 0x7ffef8d441f0) = -1
27708   0.000532 libpython2.7.so.1.0->__xstat64(1, "/afs/crc.nd.edu/user/n/nkremerh/cctools/lib/python3.6", 0x7ffef8d441f0) = -1
27708   0.000532 libpython2.7.so.1.0->__xstat64(1, "/afs/crc.nd.edu/user/n/nkremerh/cctools/lib", 0x7ffef8d441f0) = 0
27708   0.000516 libpython2.7.so.1.0->__xstat64(1, "/afs/crc.nd.edu/user/n/nkremerh/cctools/lib/python3.6/site-packages", 0x7ffef8d47240) = -1
27708   0.000629 libpython2.7.so.1.0->__xstat64(1, "/usr/lib64/python2.7", 0x7ffef8d441f0) = 0
27708   0.000402 libpython2.7.so.1.0->__xstat64(1, "/usr/lib64/python2.7", 0x7ffef8d47240) = 0
27708   0.000392 libpython2.7.so.1.0->__xstat64(1, "/usr/lib64/python2.7/sysconfig", 0x7ffef8d47400) = -1
27708   0.000415 libpython2.7.so.1.0->fopen64("/usr/lib64/python2.7/sysconfig.so", "rb") = nil
27708   0.000447 libpython2.7.so.1.0->fopen64("/usr/lib64/python2.7/sysconfigmodule.so", "rb") = nil
27708   0.000467 libpython2.7.so.1.0->fopen64("/usr/lib64/python2.7/sysconfig.py", "rb") = 0x10a5670
27708   0.000433 libpython2.7.so.1.0->__fxstat64(1, 5, 0x7ffef8d48570) = 0
27708   0.000303 libpython2.7.so.1.0->fopen64("/usr/lib64/python2.7/sysconfig.pyc", "rb") = 0x10a5be0
27708   0.000874 libpython2.7.so.1.0->__fxstat64(1, 7, 0x7ffef8d48460) = 0
27708   0.001012 libpython2.7.so.1.0->__lxstat64(1, "/usr", 0x7ffef8d47c40) = 0
27708   0.000352 libpython2.7.so.1.0->__lxstat64(1, "/usr/bin", 0x7ffef8d47c40) = 0
27708   0.000342 libpython2.7.so.1.0->__lxstat64(1, "/usr/bin/python", 0x7ffef8d47c40) = 0
27708   0.000487 libpython2.7.so.1.0->__lxstat64(1, "/usr/bin/python2", 0x7ffef8d47ad0) = 0
27708   0.000483 libpython2.7.so.1.0->__lxstat64(1, "/usr/bin/python2.7", 0x7ffef8d47960) = 0
27708   0.000440 libpython2.7.so.1.0->__xstat64(1, "/usr/bin/Modules/Setup.dist", 0x7ffef8d47f20) = -1
27708   0.000467 libpython2.7.so.1.0->__xstat64(1, "/usr/bin/Modules/Setup.local", 0x7ffef8d47f20) = -1
27708   0.000536 libpython2.7.so.1.0->__xstat64(1, "/usr/bin/Modules/Setup.dist", 0x7ffef8d484a0) = -1
27708   0.000489 libpython2.7.so.1.0->__xstat64(1, "/usr/bin/Modules/Setup.local", 0x7ffef8d484a0) = -1
27708   0.000662 libpython2.7.so.1.0->__xstat64(1, "/usr/lib64/python2.7/re", 0x7ffef8d46c30) = -1
27708   0.000428 libpython2.7.so.1.0->fopen64("/usr/lib64/python2.7/re.so", "rb") = nil
27708   0.000510 libpython2.7.so.1.0->fopen64("/usr/lib64/python2.7/remodule.so", "rb") = nil
27708   0.000406 libpython2.7.so.1.0->fopen64("/usr/lib64/python2.7/re.py", "rb") = 0x10a4e20
27708   0.000445 libpython2.7.so.1.0->__fxstat64(1, 5, 0x7ffef8d47da0) = 0
27708   0.000298 libpython2.7.so.1.0->fopen64("/usr/lib64/python2.7/re.pyc", "rb") = 0x10bc6f0
27708   0.000727 libpython2.7.so.1.0->__fxstat64(1, 7, 0x7ffef8d47c90) = 0
27708   0.000602 libpython2.7.so.1.0->__xstat64(1, "/usr/lib64/python2.7/sre_compile", 0x7ffef8d466b0) = -1
27708   0.000475 libpython2.7.so.1.0->fopen64("/usr/lib64/python2.7/sre_compile.so", "rb") = nil
27708   0.000441 libpython2.7.so.1.0->fopen64("/usr/lib64/python2.7/sre_compilemodule.so", "rb") = nil
27708   0.000526 libpython2.7.so.1.0->fopen64("/usr/lib64/python2.7/sre_compile.py", "rb") = 0x10bc6f0
27708   0.000431 libpython2.7.so.1.0->__fxstat64(1, 7, 0x7ffef8d47820) = 0
27708   0.000321 libpython2.7.so.1.0->fopen64("/usr/lib64/python2.7/sre_compile.pyc", "rb") = 0x10f0670
27708   0.000643 libpython2.7.so.1.0->__fxstat64(1, 8, 0x7ffef8d47710) = 0
27708   0.000778 libpython2.7.so.1.0->__xstat64(1, "/usr/lib64/python2.7/sre_parse", 0x7ffef8d46130) = -1
27708   0.000407 libpython2.7.so.1.0->fopen64("/usr/lib64/python2.7/sre_parse.so", "rb") = nil
27708   0.000427 libpython2.7.so.1.0->fopen64("/usr/lib64/python2.7/sre_parsemodule.so", "rb") = nil
27708   0.000438 libpython2.7.so.1.0->fopen64("/usr/lib64/python2.7/sre_parse.py", "rb") = 0x10e4080
27708   0.000482 libpython2.7.so.1.0->__fxstat64(1, 8, 0x7ffef8d472a0) = 0
27708   0.000284 libpython2.7.so.1.0->fopen64("/usr/lib64/python2.7/sre_parse.pyc", "rb") = 0x10f0670
27708   0.000623 libpython2.7.so.1.0->__fxstat64(1, 9, 0x7ffef8d47190) = 0
27708   0.001059 libpython2.7.so.1.0->__xstat64(1, "/usr/lib64/python2.7/sre_constants", 0x7ffef8d45bb0) = -1
27708   0.000464 libpython2.7.so.1.0->fopen64("/usr/lib64/python2.7/sre_constants.so", "rb") = nil
27708   0.000489 libpython2.7.so.1.0->fopen64("/usr/lib64/python2.7/sre_constantsmodule.so", "rb") = nil
27708   0.000465 libpython2.7.so.1.0->fopen64("/usr/lib64/python2.7/sre_constants.py", "rb") = 0x10f0670
27708   0.000472 libpython2.7.so.1.0->__fxstat64(1, 9, 0x7ffef8d46d20) = 0
27708   0.000287 libpython2.7.so.1.0->fopen64("/usr/lib64/python2.7/sre_constants.pyc", "rb") = 0x10fd850
27708   0.000582 libpython2.7.so.1.0->__fxstat64(1, 10, 0x7ffef8d46c10) = 0
27708   0.001339 libpython2.7.so.1.0->__xstat64(1, "/usr/lib64/python2.7/_sysconfigdata", 0x7ffef8d46ac0) = -1
27708   0.000422 libpython2.7.so.1.0->fopen64("/usr/lib64/python2.7/_sysconfigdata.so", "rb") = nil
27708   0.000435 libpython2.7.so.1.0->fopen64("/usr/lib64/python2.7/_sysconfigdatamodule.so", "rb") = nil
27708   0.000499 libpython2.7.so.1.0->fopen64("/usr/lib64/python2.7/_sysconfigdata.py", "rb") = 0x10a4e20
27708   0.000520 libpython2.7.so.1.0->__fxstat64(1, 5, 0x7ffef8d47c30) = 0
27708   0.000331 libpython2.7.so.1.0->fopen64("/usr/lib64/python2.7/_sysconfigdata.pyc", "rb") = 0x10bc910
27708   0.000629 libpython2.7.so.1.0->__fxstat64(1, 7, 0x7ffef8d47b20) = 0
27708   0.001858 libpython2.7.so.1.0->__xstat64(1, "disc01.crc.nd.edu/.local/lib/python2.7/site-packages", 0x7ffef8d484a0) = -1
27708   0.000577 libpython2.7.so.1.0->__xstat64(1, "/usr/lib64/python2.7/site-packages", 0x7ffef8d484a0) = 0
27708   0.000475 libpython2.7.so.1.0->opendir("/usr/lib64/python2.7/site-packages") = { 5 }
27708   0.000731 libpython2.7.so.1.0->fopen64("/usr/lib64/python2.7/site-packages/abrt.pth", "rb") = 0x10bc910
27708   0.000500 libpython2.7.so.1.0->__fxstat64(1, 5, 0x7ffef8d48080) = 0
27708   0.001089 libpython2.7.so.1.0->__xstat64(1, "/usr/lib64/python2.7/abrt_exception_handler", 0x7ffef8d46bc0) = -1
27708   0.000450 libpython2.7.so.1.0->fopen64("/usr/lib64/python2.7/abrt_exception_handler.so", "rb") = nil
27708   0.000539 libpython2.7.so.1.0->fopen64("/usr/lib64/python2.7/abrt_exception_handlermodule.so", "rb") = nil
27708   0.000513 libpython2.7.so.1.0->fopen64("/usr/lib64/python2.7/abrt_exception_handler.py", "rb") = nil
27708   0.000482 libpython2.7.so.1.0->fopen64("/usr/lib64/python2.7/abrt_exception_handler.pyc", "rb") = nil
27708   0.000458 libpython2.7.so.1.0->__xstat64(1, "/usr/lib64/python2.7/plat-linux2", 0x7ffef8d439b0) = 0
27708   0.000425 libpython2.7.so.1.0->__xstat64(1, "/usr/lib64/python2.7/plat-linux2", 0x7ffef8d46a00) = 0
27708   0.000420 libpython2.7.so.1.0->__xstat64(1, "/usr/lib64/python2.7/plat-linux2/abrt_exception_handler", 0x7ffef8d46bc0) = -1
27708   0.000581 libpython2.7.so.1.0->fopen64("/usr/lib64/python2.7/plat-linux2/abrt_exception_handler.so", "rb") = nil
27708   0.000509 libpython2.7.so.1.0->fopen64("/usr/lib64/python2.7/plat-linux2/abrt_exception_handlermodule.so", "rb") = nil
27708   0.000614 libpython2.7.so.1.0->fopen64("/usr/lib64/python2.7/plat-linux2/abrt_exception_handler.py", "rb") = nil
27708   0.000563 libpython2.7.so.1.0->fopen64("/usr/lib64/python2.7/plat-linux2/abrt_exception_handler.pyc", "rb") = nil
27708   0.000558 libpython2.7.so.1.0->__xstat64(1, "/usr/lib64/python2.7/lib-tk", 0x7ffef8d439b0) = -1
27708   0.000412 libpython2.7.so.1.0->__xstat64(1, "/usr/lib64/python2.7", 0x7ffef8d439b0) = 0
27708   0.000373 libpython2.7.so.1.0->__xstat64(1, "/usr/lib64/python2.7/lib-tk", 0x7ffef8d46a00) = -1
27708   0.000391 libpython2.7.so.1.0->__xstat64(1, "/usr/lib64/python2.7/lib-old", 0x7ffef8d439b0) = -1
27708   0.000434 libpython2.7.so.1.0->__xstat64(1, "/usr/lib64/python2.7", 0x7ffef8d439b0) = 0
27708   0.000402 libpython2.7.so.1.0->__xstat64(1, "/usr/lib64/python2.7/lib-old", 0x7ffef8d46a00) = -1
27708   0.000393 libpython2.7.so.1.0->__xstat64(1, "/usr/lib64/python2.7/lib-dynload", 0x7ffef8d439b0) = 0
27708   0.000422 libpython2.7.so.1.0->__xstat64(1, "/usr/lib64/python2.7/lib-dynload", 0x7ffef8d46a00) = 0
27708   0.000398 libpython2.7.so.1.0->__xstat64(1, "/usr/lib64/python2.7/lib-dynload/abrt_exception_handler", 0x7ffef8d46bc0) = -1
27708   0.000492 libpython2.7.so.1.0->fopen64("/usr/lib64/python2.7/lib-dynload/abrt_exception_handler.so", "rb") = nil
27708   0.000490 libpython2.7.so.1.0->fopen64("/usr/lib64/python2.7/lib-dynload/abrt_exception_handlermodule.so", "rb") = nil
27708   0.000526 libpython2.7.so.1.0->fopen64("/usr/lib64/python2.7/lib-dynload/abrt_exception_handler.py", "rb") = nil
27708   0.000487 libpython2.7.so.1.0->fopen64("/usr/lib64/python2.7/lib-dynload/abrt_exception_handler.pyc", "rb") = nil
27708   0.000504 libpython2.7.so.1.0->__xstat64(1, "/usr/lib64/python2.7/site-packages", 0x7ffef8d439b0) = 0
27708   0.000432 libpython2.7.so.1.0->__xstat64(1, "/usr/lib64/python2.7/site-packages", 0x7ffef8d46a00) = 0
27708   0.000688 libpython2.7.so.1.0->__xstat64(1, "/usr/lib64/python2.7/site-packages/abrt_exception_handler", 0x7ffef8d46bc0) = -1
27708   0.000542 libpython2.7.so.1.0->fopen64("/usr/lib64/python2.7/site-packages/abrt_exception_handler.so", "rb") = nil
27708   0.000536 libpython2.7.so.1.0->fopen64("/usr/lib64/python2.7/site-packages/abrt_exception_handlermodule.so", "rb") = nil
27708   0.000617 libpython2.7.so.1.0->fopen64("/usr/lib64/python2.7/site-packages/abrt_exception_handler.py", "rb") = 0x10c2550
27708   0.000589 libpython2.7.so.1.0->__fxstat64(1, 7, 0x7ffef8d47d30) = 0
27708   0.000329 libpython2.7.so.1.0->fopen64("/usr/lib64/python2.7/site-packages/abrt_exception_handler.pyc", "rb") = 0x1127870
27708   0.000684 libpython2.7.so.1.0->__fxstat64(1, 8, 0x7ffef8d47c20) = 0
27708   0.000887 libpython2.7.so.1.0->fopen64("/usr/lib64/python2.7/site-packages/pygtk.pth", "rb") = 0x10bc910
27708   0.000923 libpython2.7.so.1.0->__fxstat64(1, 5, 0x7ffef8d48080) = 0
27708   0.000548 libpython2.7.so.1.0->__xstat64(1, "/usr/lib64/python2.7/site-packages/gtk-2.0", 0x7ffef8d48080) = 0
27708   0.000626 libpython2.7.so.1.0->__xstat64(1, "/usr/lib/python2.7/site-packages", 0x7ffef8d484a0) = 0
27708   0.000504 libpython2.7.so.1.0->opendir("/usr/lib/python2.7/site-packages") = { 5 }
27708   0.000705 libpython2.7.so.1.0->__xstat64(1, "/usr/lib/site-python", 0x7ffef8d484a0) = -1
27708   0.000556 libpython2.7.so.1.0->__xstat64(1, "/usr/lib64/python2.7/sitecustomize", 0x7ffef8d47290) = -1
27708   0.000420 libpython2.7.so.1.0->fopen64("/usr/lib64/python2.7/sitecustomize.so", "rb") = nil
27708   0.000443 libpython2.7.so.1.0->fopen64("/usr/lib64/python2.7/sitecustomizemodule.so", "rb") = nil
27708   0.000449 libpython2.7.so.1.0->fopen64("/usr/lib64/python2.7/sitecustomize.py", "rb") = nil
27708   0.000493 libpython2.7.so.1.0->fopen64("/usr/lib64/python2.7/sitecustomize.pyc", "rb") = nil
27708   0.000440 libpython2.7.so.1.0->__xstat64(1, "/usr/lib64/python2.7/plat-linux2/sitecustomize", 0x7ffef8d47290) = -1
27708   0.000461 libpython2.7.so.1.0->fopen64("/usr/lib64/python2.7/plat-linux2/sitecustomize.so", "rb") = nil
27708   0.000464 libpython2.7.so.1.0->fopen64("/usr/lib64/python2.7/plat-linux2/sitecustomizemodule.so", "rb") = nil
27708   0.000493 libpython2.7.so.1.0->fopen64("/usr/lib64/python2.7/plat-linux2/sitecustomize.py", "rb") = nil
27708   0.000467 libpython2.7.so.1.0->fopen64("/usr/lib64/python2.7/plat-linux2/sitecustomize.pyc", "rb") = nil
27708   0.000472 libpython2.7.so.1.0->__xstat64(1, "/usr/lib64/python2.7/lib-dynload/sitecustomize", 0x7ffef8d47290) = -1
27708   0.000519 libpython2.7.so.1.0->fopen64("/usr/lib64/python2.7/lib-dynload/sitecustomize.so", "rb") = nil
27708   0.000460 libpython2.7.so.1.0->fopen64("/usr/lib64/python2.7/lib-dynload/sitecustomizemodule.so", "rb") = nil
27708   0.000497 libpython2.7.so.1.0->fopen64("/usr/lib64/python2.7/lib-dynload/sitecustomize.py", "rb") = nil
27708   0.000465 libpython2.7.so.1.0->fopen64("/usr/lib64/python2.7/lib-dynload/sitecustomize.pyc", "rb") = nil
27708   0.000481 libpython2.7.so.1.0->__xstat64(1, "/usr/lib64/python2.7/site-packages/sitecustomize", 0x7ffef8d47290) = -1
27708   0.000445 libpython2.7.so.1.0->fopen64("/usr/lib64/python2.7/site-packages/sitecustomize.so", "rb") = nil
27708   0.000520 libpython2.7.so.1.0->fopen64("/usr/lib64/python2.7/site-packages/sitecustomizemodule.so", "rb") = nil
27708   0.000543 libpython2.7.so.1.0->fopen64("/usr/lib64/python2.7/site-packages/sitecustomize.py", "rb") = nil
27708   0.000529 libpython2.7.so.1.0->fopen64("/usr/lib64/python2.7/site-packages/sitecustomize.pyc", "rb") = nil
27708   0.000503 libpython2.7.so.1.0->__xstat64(1, "/usr/lib64/python2.7/site-packages/gtk-2.0", 0x7ffef8d44080) = 0
27708   0.000478 libpython2.7.so.1.0->__xstat64(1, "/usr/lib64/python2.7/site-packages/gtk-2.0", 0x7ffef8d470d0) = 0
27708   0.000476 libpython2.7.so.1.0->__xstat64(1, "/usr/lib64/python2.7/site-packages/gtk-2.0/sitecustomize", 0x7ffef8d47290) = -1
27708   0.000518 libpython2.7.so.1.0->fopen64("/usr/lib64/python2.7/site-packages/gtk-2.0/sitecustomize.so", "rb") = nil
27708   0.000526 libpython2.7.so.1.0->fopen64("/usr/lib64/python2.7/site-packages/gtk-2.0/sitecustomizemodule.so", "rb") = nil
27708   0.000543 libpython2.7.so.1.0->fopen64("/usr/lib64/python2.7/site-packages/gtk-2.0/sitecustomize.py", "rb") = nil
27708   0.000507 libpython2.7.so.1.0->fopen64("/usr/lib64/python2.7/site-packages/gtk-2.0/sitecustomize.pyc", "rb") = nil
27708   0.000550 libpython2.7.so.1.0->__xstat64(1, "/usr/lib/python2.7/site-packages", 0x7ffef8d44080) = 0
27708   0.000430 libpython2.7.so.1.0->__xstat64(1, "/usr/lib/python2.7/site-packages", 0x7ffef8d470d0) = 0
27708   0.000431 libpython2.7.so.1.0->__xstat64(1, "/usr/lib/python2.7/site-packages/sitecustomize", 0x7ffef8d47290) = -1
27708   0.000483 libpython2.7.so.1.0->fopen64("/usr/lib/python2.7/site-packages/sitecustomize.so", "rb") = nil
27708   0.000513 libpython2.7.so.1.0->fopen64("/usr/lib/python2.7/site-packages/sitecustomizemodule.so", "rb") = nil
27708   0.000534 libpython2.7.so.1.0->fopen64("/usr/lib/python2.7/site-packages/sitecustomize.py", "rb") = nil
27708   0.000526 libpython2.7.so.1.0->fopen64("/usr/lib/python2.7/site-packages/sitecustomize.pyc", "rb") = nil
27708   0.000545 libpython2.7.so.1.0->__xstat64(1, "/usr/lib64/python2.7/usercustomize", 0x7ffef8d47290) = -1
27708   0.000428 libpython2.7.so.1.0->fopen64("/usr/lib64/python2.7/usercustomize.so", "rb") = nil
27708   0.000428 libpython2.7.so.1.0->fopen64("/usr/lib64/python2.7/usercustomizemodule.so", "rb") = nil
27708   0.000463 libpython2.7.so.1.0->fopen64("/usr/lib64/python2.7/usercustomize.py", "rb") = nil
27708   0.000424 libpython2.7.so.1.0->fopen64("/usr/lib64/python2.7/usercustomize.pyc", "rb") = nil
27708   0.000447 libpython2.7.so.1.0->__xstat64(1, "/usr/lib64/python2.7/plat-linux2/usercustomize", 0x7ffef8d47290) = -1
27708   0.000449 libpython2.7.so.1.0->fopen64("/usr/lib64/python2.7/plat-linux2/usercustomize.so", "rb") = nil
27708   0.000494 libpython2.7.so.1.0->fopen64("/usr/lib64/python2.7/plat-linux2/usercustomizemodule.so", "rb") = nil
27708   0.000485 libpython2.7.so.1.0->fopen64("/usr/lib64/python2.7/plat-linux2/usercustomize.py", "rb") = nil
27708   0.000474 libpython2.7.so.1.0->fopen64("/usr/lib64/python2.7/plat-linux2/usercustomize.pyc", "rb") = nil
27708   0.000476 libpython2.7.so.1.0->__xstat64(1, "/usr/lib64/python2.7/lib-dynload/usercustomize", 0x7ffef8d47290) = -1
27708   0.000445 libpython2.7.so.1.0->fopen64("/usr/lib64/python2.7/lib-dynload/usercustomize.so", "rb") = nil
27708   0.000478 libpython2.7.so.1.0->fopen64("/usr/lib64/python2.7/lib-dynload/usercustomizemodule.so", "rb") = nil
27708   0.000487 libpython2.7.so.1.0->fopen64("/usr/lib64/python2.7/lib-dynload/usercustomize.py", "rb") = nil
27708   0.000477 libpython2.7.so.1.0->fopen64("/usr/lib64/python2.7/lib-dynload/usercustomize.pyc", "rb") = nil
27708   0.000470 libpython2.7.so.1.0->__xstat64(1, "/usr/lib64/python2.7/site-packages/usercustomize", 0x7ffef8d47290) = -1
27708   0.000516 libpython2.7.so.1.0->fopen64("/usr/lib64/python2.7/site-packages/usercustomize.so", "rb") = nil
27708   0.000484 libpython2.7.so.1.0->fopen64("/usr/lib64/python2.7/site-packages/usercustomizemodule.so", "rb") = nil
27708   0.000503 libpython2.7.so.1.0->fopen64("/usr/lib64/python2.7/site-packages/usercustomize.py", "rb") = nil
27708   0.000467 libpython2.7.so.1.0->fopen64("/usr/lib64/python2.7/site-packages/usercustomize.pyc", "rb") = nil
27708   0.000490 libpython2.7.so.1.0->__xstat64(1, "/usr/lib64/python2.7/site-packages/gtk-2.0/usercustomize", 0x7ffef8d47290) = -1
27708   0.000477 libpython2.7.so.1.0->fopen64("/usr/lib64/python2.7/site-packages/gtk-2.0/usercustomize.so", "rb") = nil
27708   0.000511 libpython2.7.so.1.0->fopen64("/usr/lib64/python2.7/site-packages/gtk-2.0/usercustomizemodule.so", "rb") = nil
27708   0.000514 libpython2.7.so.1.0->fopen64("/usr/lib64/python2.7/site-packages/gtk-2.0/usercustomize.py", "rb") = nil
27708   0.000518 libpython2.7.so.1.0->fopen64("/usr/lib64/python2.7/site-packages/gtk-2.0/usercustomize.pyc", "rb") = nil
27708   0.000573 libpython2.7.so.1.0->__xstat64(1, "/usr/lib/python2.7/site-packages/usercustomize", 0x7ffef8d47290) = -1
27708   0.000470 libpython2.7.so.1.0->fopen64("/usr/lib/python2.7/site-packages/usercustomize.so", "rb") = nil
27708   0.000474 libpython2.7.so.1.0->fopen64("/usr/lib/python2.7/site-packages/usercustomizemodule.so", "rb") = nil
27708   0.000532 libpython2.7.so.1.0->fopen64("/usr/lib/python2.7/site-packages/usercustomize.py", "rb") = nil
27708   0.000510 libpython2.7.so.1.0->fopen64("/usr/lib/python2.7/site-packages/usercustomize.pyc", "rb") = nil
27708   0.000585 libpython2.7.so.1.0->getenv("PYTHONIOENCODING") = nil
27708   0.000640 libpython2.7.so.1.0->__xstat64(1, "/usr/lib64/python2.7/encodings", 0x7ffef8d47c60) = 0
27708   0.000410 libpython2.7.so.1.0->__xstat64(1, "/usr/lib64/python2.7/encodings/__init__.py", 0x7ffef8d47d80) = 0
27708   0.000465 libpython2.7.so.1.0->__xstat64(1, "/usr/lib64/python2.7/encodings/__init__", 0x7ffef8d47c10) = -1
27708   0.000440 libpython2.7.so.1.0->fopen64("/usr/lib64/python2.7/encodings/__init__.so", "rb") = nil
27708   0.000438 libpython2.7.so.1.0->fopen64("/usr/lib64/python2.7/encodings/__init__module.so", "rb") = nil
27708   0.000473 libpython2.7.so.1.0->fopen64("/usr/lib64/python2.7/encodings/__init__.py", "rb") = 0x10bc910
27708   0.000442 libpython2.7.so.1.0->__fxstat64(1, 3, 0x7ffef8d48d80) = 0
27708   0.000318 libpython2.7.so.1.0->fopen64("/usr/lib64/python2.7/encodings/__init__.pyc", "rb") = 0x10b7d50
27708   0.000564 libpython2.7.so.1.0->__fxstat64(1, 5, 0x7ffef8d48c70) = 0
27708   0.000595 libpython2.7.so.1.0->__xstat64(1, "/usr/lib64/python2.7/encodings", 0x7ffef8d44480) = 0
27708   0.000410 libpython2.7.so.1.0->__xstat64(1, "/usr/lib64/python2.7/encodings", 0x7ffef8d474d0) = 0
27708   0.000401 libpython2.7.so.1.0->__xstat64(1, "/usr/lib64/python2.7/encodings/codecs", 0x7ffef8d47690) = -1
27708   0.000431 libpython2.7.so.1.0->fopen64("/usr/lib64/python2.7/encodings/codecs.so", "rb") = nil
27708   0.000444 libpython2.7.so.1.0->fopen64("/usr/lib64/python2.7/encodings/codecsmodule.so", "rb") = nil
27708   0.000518 libpython2.7.so.1.0->fopen64("/usr/lib64/python2.7/encodings/codecs.py", "rb") = nil
27708   0.000505 libpython2.7.so.1.0->fopen64("/usr/lib64/python2.7/encodings/codecs.pyc", "rb") = nil
27708   0.000500 libpython2.7.so.1.0->__xstat64(1, "/usr/lib64/python2.7/codecs", 0x7ffef8d47690) = -1
27708   0.000397 libpython2.7.so.1.0->fopen64("/usr/lib64/python2.7/codecs.so", "rb") = nil
27708   0.000612 libpython2.7.so.1.0->fopen64("/usr/lib64/python2.7/codecsmodule.so", "rb") = nil
27708   0.000449 libpython2.7.so.1.0->fopen64("/usr/lib64/python2.7/codecs.py", "rb") = 0x10b7d50
27708   0.000478 libpython2.7.so.1.0->__fxstat64(1, 5, 0x7ffef8d48800) = 0
27708   0.000292 libpython2.7.so.1.0->fopen64("/usr/lib64/python2.7/codecs.pyc", "rb") = 0x11292e0
27708   0.000526 libpython2.7.so.1.0->__fxstat64(1, 7, 0x7ffef8d486f0) = 0
27708   0.001226 libpython2.7.so.1.0->__xstat64(1, "/usr/lib64/python2.7/encodings/encodings", 0x7ffef8d47690) = -1
27708   0.000439 libpython2.7.so.1.0->fopen64("/usr/lib64/python2.7/encodings/encodings.so", "rb") = nil
27708   0.000463 libpython2.7.so.1.0->fopen64("/usr/lib64/python2.7/encodings/encodingsmodule.so", "rb") = nil
27708   0.000464 libpython2.7.so.1.0->fopen64("/usr/lib64/python2.7/encodings/encodings.py", "rb") = nil
27708   0.000558 libpython2.7.so.1.0->fopen64("/usr/lib64/python2.7/encodings/encodings.pyc", "rb") = nil
27708   0.000542 libpython2.7.so.1.0->__xstat64(1, "/usr/lib64/python2.7/encodings/aliases", 0x7ffef8d47680) = -1
27708   0.000503 libpython2.7.so.1.0->fopen64("/usr/lib64/python2.7/encodings/aliases.so", "rb") = nil
27708   0.000453 libpython2.7.so.1.0->fopen64("/usr/lib64/python2.7/encodings/aliasesmodule.so", "rb") = nil
27708   0.000479 libpython2.7.so.1.0->fopen64("/usr/lib64/python2.7/encodings/aliases.py", "rb") = 0x11292e0
27708   0.000469 libpython2.7.so.1.0->__fxstat64(1, 5, 0x7ffef8d487f0) = 0
27708   0.000366 libpython2.7.so.1.0->fopen64("/usr/lib64/python2.7/encodings/aliases.pyc", "rb") = 0x10b7d50
27708   0.000545 libpython2.7.so.1.0->__fxstat64(1, 7, 0x7ffef8d486e0) = 0
27708   0.001193 libpython2.7.so.1.0->__xstat64(1, "/usr/lib64/python2.7/encodings/__builtin__", 0x7ffef8d47690) = -1
27708   0.000458 libpython2.7.so.1.0->fopen64("/usr/lib64/python2.7/encodings/__builtin__.so", "rb") = nil
27708   0.000452 libpython2.7.so.1.0->fopen64("/usr/lib64/python2.7/encodings/__builtin__module.so", "rb") = nil
27708   0.000492 libpython2.7.so.1.0->fopen64("/usr/lib64/python2.7/encodings/__builtin__.py", "rb") = nil
27708   0.000484 libpython2.7.so.1.0->fopen64("/usr/lib64/python2.7/encodings/__builtin__.pyc", "rb") = nil
27708   0.000682 libpython2.7.so.1.0->__xstat64(1, "/usr/lib64/python2.7/encodings/utf_8", 0x7ffef8d47940) = -1
27708   0.000514 libpython2.7.so.1.0->fopen64("/usr/lib64/python2.7/encodings/utf_8.so", "rb") = nil
27708   0.000480 libpython2.7.so.1.0->fopen64("/usr/lib64/python2.7/encodings/utf_8module.so", "rb") = nil
27708   0.000522 libpython2.7.so.1.0->fopen64("/usr/lib64/python2.7/encodings/utf_8.py", "rb") = 0x10bc910
27708   0.000477 libpython2.7.so.1.0->__fxstat64(1, 3, 0x7ffef8d48ab0) = 0
27708   0.000294 libpython2.7.so.1.0->fopen64("/usr/lib64/python2.7/encodings/utf_8.pyc", "rb") = 0x10b7d50
27708   0.000676 libpython2.7.so.1.0->__fxstat64(1, 5, 0x7ffef8d489a0) = 0
27708   0.001133 libpython2.7.so.1.0->__xstat64(1, "./tools/process_points.py", 0x7ffef8d45e10) = 0
27708   0.000438 libpython2.7.so.1.0->fopen64("./tools/process_points.py", "rb") = 0x11292e0
27708   0.000731 libpython2.7.so.1.0->__xstat64(1, "./tools/process_points.py", 0x7ffef8d48e60) = 0
27708   0.000407 libpython2.7.so.1.0->fopen64("./tools/process_points.py", "r") = 0x10b7d50
27708   0.000382 libpython2.7.so.1.0->__fxstat64(1, 3, 0x7ffef8d49130) = 0
27708   0.001037 libpython2.7.so.1.0->__xstat64(1, "/var/condor/execute/dir_26812/worker-213124-26851/t.124/tools", 0x7ffef8d44740) = 0
27708   0.000561 libpython2.7.so.1.0->__xstat64(1, "/var/condor/execute/dir_26812/worker-213124-26851/t.124/tools", 0x7ffef8d47790) = 0
27708   0.000546 libpython2.7.so.1.0->__xstat64(1, "/var/condor/execute/dir_26812/worker-213124-26851/t.124/tools/argparse", 0x7ffef8d47950) = -1
27708   0.000547 libpython2.7.so.1.0->fopen64("/var/condor/execute/dir_26812/worker-213124-26851/t.124/tools/argparse.so", "rb") = nil
27708   0.000552 libpython2.7.so.1.0->fopen64("/var/condor/execute/dir_26812/worker-213124-26851/t.124/tools/argparsemodule.so", "rb") = nil
27708   0.000585 libpython2.7.so.1.0->fopen64("/var/condor/execute/dir_26812/worker-213124-26851/t.124/tools/argparse.py", "rb") = nil
27708   0.000564 libpython2.7.so.1.0->fopen64("/var/condor/execute/dir_26812/worker-213124-26851/t.124/tools/argparse.pyc", "rb") = nil
27708   0.000578 libpython2.7.so.1.0->__xstat64(1, "/usr/lib64/python2.7/argparse", 0x7ffef8d47950) = -1
27708   0.000388 libpython2.7.so.1.0->fopen64("/usr/lib64/python2.7/argparse.so", "rb") = nil
27708   0.000432 libpython2.7.so.1.0->fopen64("/usr/lib64/python2.7/argparsemodule.so", "rb") = nil
27708   0.000416 libpython2.7.so.1.0->fopen64("/usr/lib64/python2.7/argparse.py", "rb") = 0x10bc910
27708   0.000415 libpython2.7.so.1.0->__fxstat64(1, 3, 0x7ffef8d48ac0) = 0
27708   0.000282 libpython2.7.so.1.0->fopen64("/usr/lib64/python2.7/argparse.pyc", "rb") = 0x11292e0
27708   0.000631 libpython2.7.so.1.0->__fxstat64(1, 5, 0x7ffef8d489b0) = 0
27708   0.001422 libpython2.7.so.1.0->__xstat64(1, "/var/condor/execute/dir_26812/worker-213124-26851/t.124/tools/collections", 0x7ffef8d473d0) = -1
27708   0.000612 libpython2.7.so.1.0->fopen64("/var/condor/execute/dir_26812/worker-213124-26851/t.124/tools/collections.so", "rb") = nil
27708   0.000568 libpython2.7.so.1.0->fopen64("/var/condor/execute/dir_26812/worker-213124-26851/t.124/tools/collectionsmodule.so", "rb") = nil
27708   0.000638 libpython2.7.so.1.0->fopen64("/var/condor/execute/dir_26812/worker-213124-26851/t.124/tools/collections.py", "rb") = nil
27708   0.000628 libpython2.7.so.1.0->fopen64("/var/condor/execute/dir_26812/worker-213124-26851/t.124/tools/collections.pyc", "rb") = nil
27708   0.000625 libpython2.7.so.1.0->__xstat64(1, "/usr/lib64/python2.7/collections", 0x7ffef8d473d0) = -1
27708   0.000433 libpython2.7.so.1.0->fopen64("/usr/lib64/python2.7/collections.so", "rb") = nil
27708   0.000435 libpython2.7.so.1.0->fopen64("/usr/lib64/python2.7/collectionsmodule.so", "rb") = nil
27708   0.000490 libpython2.7.so.1.0->fopen64("/usr/lib64/python2.7/collections.py", "rb") = 0x113b720
27708   0.000434 libpython2.7.so.1.0->__fxstat64(1, 5, 0x7ffef8d48540) = 0
27708   0.000300 libpython2.7.so.1.0->fopen64("/usr/lib64/python2.7/collections.pyc", "rb") = 0x113b960
27708   0.000648 libpython2.7.so.1.0->__fxstat64(1, 7, 0x7ffef8d48430) = 0
27708   0.000737 libpython2.7.so.1.0->__xstat64(1, "/var/condor/execute/dir_26812/worker-213124-26851/t.124/tools/_collections", 0x7ffef8d46e50) = -1
27708   0.000565 libpython2.7.so.1.0->fopen64("/var/condor/execute/dir_26812/worker-213124-26851/t.124/tools/_collections.so", "rb") = nil
27708   0.000639 libpython2.7.so.1.0->fopen64("/var/condor/execute/dir_26812/worker-213124-26851/t.124/tools/_collectionsmodule.so", "rb") = nil
27708   0.000597 libpython2.7.so.1.0->fopen64("/var/condor/execute/dir_26812/worker-213124-26851/t.124/tools/_collections.py", "rb") = nil
27708   0.000640 libpython2.7.so.1.0->fopen64("/var/condor/execute/dir_26812/worker-213124-26851/t.124/tools/_collections.pyc", "rb") = nil
27708   0.000642 libpython2.7.so.1.0->__xstat64(1, "/usr/lib64/python2.7/_collections", 0x7ffef8d46e50) = -1
27708   0.000424 libpython2.7.so.1.0->fopen64("/usr/lib64/python2.7/_collections.so", "rb") = nil
27708   0.000436 libpython2.7.so.1.0->fopen64("/usr/lib64/python2.7/_collectionsmodule.so", "rb") = nil
27708   0.000455 libpython2.7.so.1.0->fopen64("/usr/lib64/python2.7/_collections.py", "rb") = nil
27708   0.000429 libpython2.7.so.1.0->fopen64("/usr/lib64/python2.7/_collections.pyc", "rb") = nil
27708   0.000444 libpython2.7.so.1.0->__xstat64(1, "/usr/lib64/python2.7/plat-linux2/_collections", 0x7ffef8d46e50) = -1
27708   0.000456 libpython2.7.so.1.0->fopen64("/usr/lib64/python2.7/plat-linux2/_collections.so", "rb") = nil
27708   0.000615 libpython2.7.so.1.0->fopen64("/usr/lib64/python2.7/plat-linux2/_collectionsmodule.so", "rb") = nil
27708   0.000549 libpython2.7.so.1.0->fopen64("/usr/lib64/python2.7/plat-linux2/_collections.py", "rb") = nil
27708   0.000549 libpython2.7.so.1.0->fopen64("/usr/lib64/python2.7/plat-linux2/_collections.pyc", "rb") = nil
27708   0.003719 libpython2.7.so.1.0->__xstat64(1, "/usr/lib64/python2.7/lib-dynload/_collections", 0x7ffef8d46e50) = -1
27708   0.000506 libpython2.7.so.1.0->fopen64("/usr/lib64/python2.7/lib-dynload/_collections.so", "rb") = nil
27708   0.000523 libpython2.7.so.1.0->fopen64("/usr/lib64/python2.7/lib-dynload/_collectionsmodule.so", "rb") = 0x1143930
27708   0.000478 libpython2.7.so.1.0->__fxstat64(1, 7, 0x7ffef8d47d80) = 0
27708   0.000299 libpython2.7.so.1.0->dlopen("/usr/lib64/python2.7/lib-dynload/_collectionsmodule.so", 2) = 0x1146dc0
27708   0.013748 libpython2.7.so.1.0->__xstat64(1, "/var/condor/execute/dir_26812/worker-213124-26851/t.124/tools/operator", 0x7ffef8d46e50) = -1
27708   0.000572 libpython2.7.so.1.0->fopen64("/var/condor/execute/dir_26812/worker-213124-26851/t.124/tools/operator.so", "rb") = nil
27708   0.000538 libpython2.7.so.1.0->fopen64("/var/condor/execute/dir_26812/worker-213124-26851/t.124/tools/operatormodule.so", "rb") = nil
27708   0.000638 libpython2.7.so.1.0->fopen64("/var/condor/execute/dir_26812/worker-213124-26851/t.124/tools/operator.py", "rb") = nil
27708   0.000619 libpython2.7.so.1.0->fopen64("/var/condor/execute/dir_26812/worker-213124-26851/t.124/tools/operator.pyc", "rb") = nil
27708   0.000618 libpython2.7.so.1.0->__xstat64(1, "/usr/lib64/python2.7/operator", 0x7ffef8d46e50) = -1
27708   0.000426 libpython2.7.so.1.0->fopen64("/usr/lib64/python2.7/operator.so", "rb") = nil
27708   0.000403 libpython2.7.so.1.0->fopen64("/usr/lib64/python2.7/operatormodule.so", "rb") = nil
27708   0.000497 libpython2.7.so.1.0->fopen64("/usr/lib64/python2.7/operator.py", "rb") = nil
27708   0.000426 libpython2.7.so.1.0->fopen64("/usr/lib64/python2.7/operator.pyc", "rb") = nil
27708   0.000404 libpython2.7.so.1.0->__xstat64(1, "/usr/lib64/python2.7/plat-linux2/operator", 0x7ffef8d46e50) = -1
27708   0.000450 libpython2.7.so.1.0->fopen64("/usr/lib64/python2.7/plat-linux2/operator.so", "rb") = nil
27708   0.000442 libpython2.7.so.1.0->fopen64("/usr/lib64/python2.7/plat-linux2/operatormodule.so", "rb") = nil
27708   0.000494 libpython2.7.so.1.0->fopen64("/usr/lib64/python2.7/plat-linux2/operator.py", "rb") = nil
27708   0.000441 libpython2.7.so.1.0->fopen64("/usr/lib64/python2.7/plat-linux2/operator.pyc", "rb") = nil
27708   0.000486 libpython2.7.so.1.0->__xstat64(1, "/usr/lib64/python2.7/lib-dynload/operator", 0x7ffef8d46e50) = -1
27708   0.000428 libpython2.7.so.1.0->fopen64("/usr/lib64/python2.7/lib-dynload/operator.so", "rb") = 0x1143930
27708   0.000461 libpython2.7.so.1.0->__fxstat64(1, 7, 0x7ffef8d47d80) = 0
27708   0.000275 libpython2.7.so.1.0->dlopen("/usr/lib64/python2.7/lib-dynload/operator.so", 2) = 0x1147730
27708   0.015753 libpython2.7.so.1.0->__xstat64(1, "/var/condor/execute/dir_26812/worker-213124-26851/t.124/tools/keyword", 0x7ffef8d46e50) = -1
27708   0.000572 libpython2.7.so.1.0->fopen64("/var/condor/execute/dir_26812/worker-213124-26851/t.124/tools/keyword.so", "rb") = nil
27708   0.000619 libpython2.7.so.1.0->fopen64("/var/condor/execute/dir_26812/worker-213124-26851/t.124/tools/keywordmodule.so", "rb") = nil
27708   0.000646 libpython2.7.so.1.0->fopen64("/var/condor/execute/dir_26812/worker-213124-26851/t.124/tools/keyword.py", "rb") = nil
27708   0.000604 libpython2.7.so.1.0->fopen64("/var/condor/execute/dir_26812/worker-213124-26851/t.124/tools/keyword.pyc", "rb") = nil
27708   0.000639 libpython2.7.so.1.0->__xstat64(1, "/usr/lib64/python2.7/keyword", 0x7ffef8d46e50) = -1
27708   0.000428 libpython2.7.so.1.0->fopen64("/usr/lib64/python2.7/keyword.so", "rb") = nil
27708   0.000499 libpython2.7.so.1.0->fopen64("/usr/lib64/python2.7/keywordmodule.so", "rb") = nil
27708   0.000480 libpython2.7.so.1.0->fopen64("/usr/lib64/python2.7/keyword.py", "rb") = 0x1147bf0
27708   0.000505 libpython2.7.so.1.0->__fxstat64(1, 7, 0x7ffef8d47fc0) = 0
27708   0.000340 libpython2.7.so.1.0->fopen64("/usr/lib64/python2.7/keyword.pyc", "rb") = 0x1143930
27708   0.000707 libpython2.7.so.1.0->__fxstat64(1, 8, 0x7ffef8d47eb0) = 0
27708   0.000634 libpython2.7.so.1.0->__xstat64(1, "/var/condor/execute/dir_26812/worker-213124-26851/t.124/tools/heapq", 0x7ffef8d46e50) = -1
27708   0.000595 libpython2.7.so.1.0->fopen64("/var/condor/execute/dir_26812/worker-213124-26851/t.124/tools/heapq.so", "rb") = nil
27708   0.000565 libpython2.7.so.1.0->fopen64("/var/condor/execute/dir_26812/worker-213124-26851/t.124/tools/heapqmodule.so", "rb") = nil
27708   0.000840 libpython2.7.so.1.0->fopen64("/var/condor/execute/dir_26812/worker-213124-26851/t.124/tools/heapq.py", "rb") = nil
27708   0.000643 libpython2.7.so.1.0->fopen64("/var/condor/execute/dir_26812/worker-213124-26851/t.124/tools/heapq.pyc", "rb") = nil
27708   0.000564 libpython2.7.so.1.0->__xstat64(1, "/usr/lib64/python2.7/heapq", 0x7ffef8d46e50) = -1
27708   0.000377 libpython2.7.so.1.0->fopen64("/usr/lib64/python2.7/heapq.so", "rb") = nil
27708   0.000386 libpython2.7.so.1.0->fopen64("/usr/lib64/python2.7/heapqmodule.so", "rb") = nil
27708   0.000414 libpython2.7.so.1.0->fopen64("/usr/lib64/python2.7/heapq.py", "rb") = 0x1143930
27708   0.000408 libpython2.7.so.1.0->__fxstat64(1, 7, 0x7ffef8d47fc0) = 0
27708   0.000326 libpython2.7.so.1.0->fopen64("/usr/lib64/python2.7/heapq.pyc", "rb") = 0x1147bf0
27708   0.000581 libpython2.7.so.1.0->__fxstat64(1, 8, 0x7ffef8d47eb0) = 0
27708   0.000621 libpython2.7.so.1.0->__xstat64(1, "/var/condor/execute/dir_26812/worker-213124-26851/t.124/tools/itertools", 0x7ffef8d468d0) = -1
27708   0.000529 libpython2.7.so.1.0->fopen64("/var/condor/execute/dir_26812/worker-213124-26851/t.124/tools/itertools.so", "rb") = nil
27708   0.000557 libpython2.7.so.1.0->fopen64("/var/condor/execute/dir_26812/worker-213124-26851/t.124/tools/itertoolsmodule.so", "rb") = nil
27708   0.000561 libpython2.7.so.1.0->fopen64("/var/condor/execute/dir_26812/worker-213124-26851/t.124/tools/itertools.py", "rb") = nil
27708   0.000577 libpython2.7.so.1.0->fopen64("/var/condor/execute/dir_26812/worker-213124-26851/t.124/tools/itertools.pyc", "rb") = nil
27708   0.000614 libpython2.7.so.1.0->__xstat64(1, "/usr/lib64/python2.7/itertools", 0x7ffef8d468d0) = -1
27708   0.000418 libpython2.7.so.1.0->fopen64("/usr/lib64/python2.7/itertools.so", "rb") = nil
27708   0.000454 libpython2.7.so.1.0->fopen64("/usr/lib64/python2.7/itertoolsmodule.so", "rb") = nil
27708   0.000504 libpython2.7.so.1.0->fopen64("/usr/lib64/python2.7/itertools.py", "rb") = nil
27708   0.000456 libpython2.7.so.1.0->fopen64("/usr/lib64/python2.7/itertools.pyc", "rb") = nil
27708   0.000425 libpython2.7.so.1.0->__xstat64(1, "/usr/lib64/python2.7/plat-linux2/itertools", 0x7ffef8d468d0) = -1
27708   0.000414 libpython2.7.so.1.0->fopen64("/usr/lib64/python2.7/plat-linux2/itertools.so", "rb") = nil
27708   0.000439 libpython2.7.so.1.0->fopen64("/usr/lib64/python2.7/plat-linux2/itertoolsmodule.so", "rb") = nil
27708   0.000446 libpython2.7.so.1.0->fopen64("/usr/lib64/python2.7/plat-linux2/itertools.py", "rb") = nil
27708   0.000427 libpython2.7.so.1.0->fopen64("/usr/lib64/python2.7/plat-linux2/itertools.pyc", "rb") = nil
27708   0.000450 libpython2.7.so.1.0->__xstat64(1, "/usr/lib64/python2.7/lib-dynload/itertools", 0x7ffef8d468d0) = -1
27708   0.000410 libpython2.7.so.1.0->fopen64("/usr/lib64/python2.7/lib-dynload/itertools.so", "rb") = nil
27708   0.000464 libpython2.7.so.1.0->fopen64("/usr/lib64/python2.7/lib-dynload/itertoolsmodule.so", "rb") = 0x1147bf0
27708   0.000460 libpython2.7.so.1.0->__fxstat64(1, 8, 0x7ffef8d47800) = 0
27708   0.000284 libpython2.7.so.1.0->dlopen("/usr/lib64/python2.7/lib-dynload/itertoolsmodule.so", 2) = 0x114c300
27708   0.015583 libpython2.7.so.1.0->__xstat64(1, "/var/condor/execute/dir_26812/worker-213124-26851/t.124/tools/_heapq", 0x7ffef8d468d0) = -1
27708   0.000585 libpython2.7.so.1.0->fopen64("/var/condor/execute/dir_26812/worker-213124-26851/t.124/tools/_heapq.so", "rb") = nil
27708   0.000604 libpython2.7.so.1.0->fopen64("/var/condor/execute/dir_26812/worker-213124-26851/t.124/tools/_heapqmodule.so", "rb") = nil
27708   0.000591 libpython2.7.so.1.0->fopen64("/var/condor/execute/dir_26812/worker-213124-26851/t.124/tools/_heapq.py", "rb") = nil
27708   0.000528 libpython2.7.so.1.0->fopen64("/var/condor/execute/dir_26812/worker-213124-26851/t.124/tools/_heapq.pyc", "rb") = nil
27708   0.001159 libpython2.7.so.1.0->__xstat64(1, "/usr/lib64/python2.7/_heapq", 0x7ffef8d468d0) = -1
27708   0.000435 libpython2.7.so.1.0->fopen64("/usr/lib64/python2.7/_heapq.so", "rb") = nil
27708   0.000414 libpython2.7.so.1.0->fopen64("/usr/lib64/python2.7/_heapqmodule.so", "rb") = nil
27708   0.000475 libpython2.7.so.1.0->fopen64("/usr/lib64/python2.7/_heapq.py", "rb") = nil
27708   0.000438 libpython2.7.so.1.0->fopen64("/usr/lib64/python2.7/_heapq.pyc", "rb") = nil
27708   0.000465 libpython2.7.so.1.0->__xstat64(1, "/usr/lib64/python2.7/plat-linux2/_heapq", 0x7ffef8d468d0) = -1
27708   0.000411 libpython2.7.so.1.0->fopen64("/usr/lib64/python2.7/plat-linux2/_heapq.so", "rb") = nil
27708   0.000460 libpython2.7.so.1.0->fopen64("/usr/lib64/python2.7/plat-linux2/_heapqmodule.so", "rb") = nil
27708   0.000446 libpython2.7.so.1.0->fopen64("/usr/lib64/python2.7/plat-linux2/_heapq.py", "rb") = nil
27708   0.000433 libpython2.7.so.1.0->fopen64("/usr/lib64/python2.7/plat-linux2/_heapq.pyc", "rb") = nil
27708   0.000437 libpython2.7.so.1.0->__xstat64(1, "/usr/lib64/python2.7/lib-dynload/_heapq", 0x7ffef8d468d0) = -1
27708   0.000414 libpython2.7.so.1.0->fopen64("/usr/lib64/python2.7/lib-dynload/_heapq.so", "rb") = 0x1147bf0
27708   0.000497 libpython2.7.so.1.0->__fxstat64(1, 8, 0x7ffef8d47800) = 0
27708   0.000273 libpython2.7.so.1.0->dlopen("/usr/lib64/python2.7/lib-dynload/_heapq.so", 2) = 0x1151660
27708   0.016697 libpython2.7.so.1.0->__xstat64(1, "/var/condor/execute/dir_26812/worker-213124-26851/t.124/tools/copy", 0x7ffef8d473d0) = -1
27708   0.000530 libpython2.7.so.1.0->fopen64("/var/condor/execute/dir_26812/worker-213124-26851/t.124/tools/copy.so", "rb") = nil
27708   0.000696 libpython2.7.so.1.0->fopen64("/var/condor/execute/dir_26812/worker-213124-26851/t.124/tools/copymodule.so", "rb") = nil
27708   0.000669 libpython2.7.so.1.0->fopen64("/var/condor/execute/dir_26812/worker-213124-26851/t.124/tools/copy.py", "rb") = nil
27708   0.000595 libpython2.7.so.1.0->fopen64("/var/condor/execute/dir_26812/worker-213124-26851/t.124/tools/copy.pyc", "rb") = nil
27708   0.000598 libpython2.7.so.1.0->__xstat64(1, "/usr/lib64/python2.7/copy", 0x7ffef8d473d0) = -1
27708   0.000398 libpython2.7.so.1.0->fopen64("/usr/lib64/python2.7/copy.so", "rb") = nil
27708   0.000399 libpython2.7.so.1.0->fopen64("/usr/lib64/python2.7/copymodule.so", "rb") = nil
27708   0.000414 libpython2.7.so.1.0->fopen64("/usr/lib64/python2.7/copy.py", "rb") = 0x1147bf0
27708   0.000395 libpython2.7.so.1.0->__fxstat64(1, 5, 0x7ffef8d48540) = 0
27708   0.000275 libpython2.7.so.1.0->fopen64("/usr/lib64/python2.7/copy.pyc", "rb") = 0x1143930
27708   0.000540 libpython2.7.so.1.0->__fxstat64(1, 7, 0x7ffef8d48430) = 0
27708   0.001044 libpython2.7.so.1.0->__xstat64(1, "/var/condor/execute/dir_26812/worker-213124-26851/t.124/tools/weakref", 0x7ffef8d46e50) = -1
27708   0.000546 libpython2.7.so.1.0->fopen64("/var/condor/execute/dir_26812/worker-213124-26851/t.124/tools/weakref.so", "rb") = nil
27708   0.000545 libpython2.7.so.1.0->fopen64("/var/condor/execute/dir_26812/worker-213124-26851/t.124/tools/weakrefmodule.so", "rb") = nil
27708   0.000579 libpython2.7.so.1.0->fopen64("/var/condor/execute/dir_26812/worker-213124-26851/t.124/tools/weakref.py", "rb") = nil
27708   0.000577 libpython2.7.so.1.0->fopen64("/var/condor/execute/dir_26812/worker-213124-26851/t.124/tools/weakref.pyc", "rb") = nil
27708   0.000609 libpython2.7.so.1.0->__xstat64(1, "/usr/lib64/python2.7/weakref", 0x7ffef8d46e50) = -1
27708   0.000417 libpython2.7.so.1.0->fopen64("/usr/lib64/python2.7/weakref.so", "rb") = nil
27708   0.000408 libpython2.7.so.1.0->fopen64("/usr/lib64/python2.7/weakrefmodule.so", "rb") = nil
27708   0.000425 libpython2.7.so.1.0->fopen64("/usr/lib64/python2.7/weakref.py", "rb") = 0x113b720
27708   0.000460 libpython2.7.so.1.0->__fxstat64(1, 7, 0x7ffef8d47fc0) = 0
27708   0.000279 libpython2.7.so.1.0->fopen64("/usr/lib64/python2.7/weakref.pyc", "rb") = 0x1140b50
27708   0.000563 libpython2.7.so.1.0->__fxstat64(1, 8, 0x7ffef8d47eb0) = 0
27708   0.000877 libpython2.7.so.1.0->__xstat64(1, "/var/condor/execute/dir_26812/worker-213124-26851/t.124/tools/org", 0x7ffef8d46e50) = -1
27708   0.000524 libpython2.7.so.1.0->fopen64("/var/condor/execute/dir_26812/worker-213124-26851/t.124/tools/org.so", "rb") = nil
27708   0.000589 libpython2.7.so.1.0->fopen64("/var/condor/execute/dir_26812/worker-213124-26851/t.124/tools/orgmodule.so", "rb") = nil
27708   0.000538 libpython2.7.so.1.0->fopen64("/var/condor/execute/dir_26812/worker-213124-26851/t.124/tools/org.py", "rb") = nil
27708   0.000541 libpython2.7.so.1.0->fopen64("/var/condor/execute/dir_26812/worker-213124-26851/t.124/tools/org.pyc", "rb") = nil
27708   0.000548 libpython2.7.so.1.0->__xstat64(1, "/usr/lib64/python2.7/org", 0x7ffef8d46e50) = -1
27708   0.000430 libpython2.7.so.1.0->fopen64("/usr/lib64/python2.7/org.so", "rb") = nil
27708   0.000462 libpython2.7.so.1.0->fopen64("/usr/lib64/python2.7/orgmodule.so", "rb") = nil
27708   0.000480 libpython2.7.so.1.0->fopen64("/usr/lib64/python2.7/org.py", "rb") = nil
27708   0.000409 libpython2.7.so.1.0->fopen64("/usr/lib64/python2.7/org.pyc", "rb") = nil
27708   0.000431 libpython2.7.so.1.0->__xstat64(1, "/usr/lib64/python2.7/plat-linux2/org", 0x7ffef8d46e50) = -1
27708   0.000427 libpython2.7.so.1.0->fopen64("/usr/lib64/python2.7/plat-linux2/org.so", "rb") = nil
27708   0.000448 libpython2.7.so.1.0->fopen64("/usr/lib64/python2.7/plat-linux2/orgmodule.so", "rb") = nil
27708   0.000457 libpython2.7.so.1.0->fopen64("/usr/lib64/python2.7/plat-linux2/org.py", "rb") = nil
27708   0.000431 libpython2.7.so.1.0->fopen64("/usr/lib64/python2.7/plat-linux2/org.pyc", "rb") = nil
27708   0.000461 libpython2.7.so.1.0->__xstat64(1, "/usr/lib64/python2.7/lib-dynload/org", 0x7ffef8d46e50) = -1
27708   0.000416 libpython2.7.so.1.0->fopen64("/usr/lib64/python2.7/lib-dynload/org.so", "rb") = nil
27708   0.000446 libpython2.7.so.1.0->fopen64("/usr/lib64/python2.7/lib-dynload/orgmodule.so", "rb") = nil
27708   0.000444 libpython2.7.so.1.0->fopen64("/usr/lib64/python2.7/lib-dynload/org.py", "rb") = nil
27708   0.000489 libpython2.7.so.1.0->fopen64("/usr/lib64/python2.7/lib-dynload/org.pyc", "rb") = nil
27708   0.000479 libpython2.7.so.1.0->__xstat64(1, "/usr/lib64/python2.7/site-packages/org", 0x7ffef8d46e50) = -1
27708   0.000535 libpython2.7.so.1.0->fopen64("/usr/lib64/python2.7/site-packages/org.so", "rb") = nil
27708   0.000561 libpython2.7.so.1.0->fopen64("/usr/lib64/python2.7/site-packages/orgmodule.so", "rb") = nil
27708   0.000508 libpython2.7.so.1.0->fopen64("/usr/lib64/python2.7/site-packages/org.py", "rb") = nil
27708   0.000445 libpython2.7.so.1.0->fopen64("/usr/lib64/python2.7/site-packages/org.pyc", "rb") = nil
27708   0.000459 libpython2.7.so.1.0->__xstat64(1, "/usr/lib64/python2.7/site-packages/gtk-2.0/org", 0x7ffef8d46e50) = -1
27708   0.000442 libpython2.7.so.1.0->fopen64("/usr/lib64/python2.7/site-packages/gtk-2.0/org.so", "rb") = nil
27708   0.000458 libpython2.7.so.1.0->fopen64("/usr/lib64/python2.7/site-packages/gtk-2.0/orgmodule.so", "rb") = nil
27708   0.000547 libpython2.7.so.1.0->fopen64("/usr/lib64/python2.7/site-packages/gtk-2.0/org.py", "rb") = nil
27708   0.000519 libpython2.7.so.1.0->fopen64("/usr/lib64/python2.7/site-packages/gtk-2.0/org.pyc", "rb") = nil
27708   0.000467 libpython2.7.so.1.0->__xstat64(1, "/usr/lib/python2.7/site-packages/org", 0x7ffef8d46e50) = -1
27708   0.000427 libpython2.7.so.1.0->fopen64("/usr/lib/python2.7/site-packages/org.so", "rb") = nil
27708   0.000538 libpython2.7.so.1.0->fopen64("/usr/lib/python2.7/site-packages/orgmodule.so", "rb") = nil
27708   0.000474 libpython2.7.so.1.0->fopen64("/usr/lib/python2.7/site-packages/org.py", "rb") = nil
27708   0.000433 libpython2.7.so.1.0->fopen64("/usr/lib/python2.7/site-packages/org.pyc", "rb") = nil
27708   0.000604 libpython2.7.so.1.0->__xstat64(1, "/var/condor/execute/dir_26812/worker-213124-26851/t.124/tools/textwrap", 0x7ffef8d473d0) = -1
27708   0.000546 libpython2.7.so.1.0->fopen64("/var/condor/execute/dir_26812/worker-213124-26851/t.124/tools/textwrap.so", "rb") = nil
27708   0.000553 libpython2.7.so.1.0->fopen64("/var/condor/execute/dir_26812/worker-213124-26851/t.124/tools/textwrapmodule.so", "rb") = nil
27708   0.000584 libpython2.7.so.1.0->fopen64("/var/condor/execute/dir_26812/worker-213124-26851/t.124/tools/textwrap.py", "rb") = nil
27708   0.000683 libpython2.7.so.1.0->fopen64("/var/condor/execute/dir_26812/worker-213124-26851/t.124/tools/textwrap.pyc", "rb") = nil
27708   0.000645 libpython2.7.so.1.0->__xstat64(1, "/usr/lib64/python2.7/textwrap", 0x7ffef8d473d0) = -1
27708   0.000405 libpython2.7.so.1.0->fopen64("/usr/lib64/python2.7/textwrap.so", "rb") = nil
27708   0.000400 libpython2.7.so.1.0->fopen64("/usr/lib64/python2.7/textwrapmodule.so", "rb") = nil
27708   0.000440 libpython2.7.so.1.0->fopen64("/usr/lib64/python2.7/textwrap.py", "rb") = 0x1143930
27708   0.000434 libpython2.7.so.1.0->__fxstat64(1, 5, 0x7ffef8d48540) = 0
27708   0.000353 libpython2.7.so.1.0->fopen64("/usr/lib64/python2.7/textwrap.pyc", "rb") = 0x1147bf0
27708   0.000502 libpython2.7.so.1.0->__fxstat64(1, 7, 0x7ffef8d48430) = 0
27708   0.000606 libpython2.7.so.1.0->__xstat64(1, "/var/condor/execute/dir_26812/worker-213124-26851/t.124/tools/string", 0x7ffef8d46e50) = -1
27708   0.000561 libpython2.7.so.1.0->fopen64("/var/condor/execute/dir_26812/worker-213124-26851/t.124/tools/string.so", "rb") = nil
27708   0.000539 libpython2.7.so.1.0->fopen64("/var/condor/execute/dir_26812/worker-213124-26851/t.124/tools/stringmodule.so", "rb") = nil
27708   0.000590 libpython2.7.so.1.0->fopen64("/var/condor/execute/dir_26812/worker-213124-26851/t.124/tools/string.py", "rb") = nil
27708   0.000635 libpython2.7.so.1.0->fopen64("/var/condor/execute/dir_26812/worker-213124-26851/t.124/tools/string.pyc", "rb") = nil
27708   0.000608 libpython2.7.so.1.0->__xstat64(1, "/usr/lib64/python2.7/string", 0x7ffef8d46e50) = -1
27708   0.000391 libpython2.7.so.1.0->fopen64("/usr/lib64/python2.7/string.so", "rb") = nil
27708   0.000381 libpython2.7.so.1.0->fopen64("/usr/lib64/python2.7/stringmodule.so", "rb") = nil
27708   0.000408 libpython2.7.so.1.0->fopen64("/usr/lib64/python2.7/string.py", "rb") = 0x1147bf0
27708   0.000380 libpython2.7.so.1.0->__fxstat64(1, 7, 0x7ffef8d47fc0) = 0
27708   0.000330 libpython2.7.so.1.0->fopen64("/usr/lib64/python2.7/string.pyc", "rb") = 0x1140e60
27708   0.000491 libpython2.7.so.1.0->__fxstat64(1, 8, 0x7ffef8d47eb0) = 0
27708   0.002742 libpython2.7.so.1.0->__xstat64(1, "/var/condor/execute/dir_26812/worker-213124-26851/t.124/tools/strop", 0x7ffef8d468d0) = -1
27708   0.000547 libpython2.7.so.1.0->fopen64("/var/condor/execute/dir_26812/worker-213124-26851/t.124/tools/strop.so", "rb") = nil
27708   0.000577 libpython2.7.so.1.0->fopen64("/var/condor/execute/dir_26812/worker-213124-26851/t.124/tools/stropmodule.so", "rb") = nil
27708   0.000577 libpython2.7.so.1.0->fopen64("/var/condor/execute/dir_26812/worker-213124-26851/t.124/tools/strop.py", "rb") = nil
27708   0.000535 libpython2.7.so.1.0->fopen64("/var/condor/execute/dir_26812/worker-213124-26851/t.124/tools/strop.pyc", "rb") = nil
27708   0.000695 libpython2.7.so.1.0->__xstat64(1, "/usr/lib64/python2.7/strop", 0x7ffef8d468d0) = -1
27708   0.000427 libpython2.7.so.1.0->fopen64("/usr/lib64/python2.7/strop.so", "rb") = nil
27708   0.000438 libpython2.7.so.1.0->fopen64("/usr/lib64/python2.7/stropmodule.so", "rb") = nil
27708   0.000454 libpython2.7.so.1.0->fopen64("/usr/lib64/python2.7/strop.py", "rb") = nil
27708   0.000443 libpython2.7.so.1.0->fopen64("/usr/lib64/python2.7/strop.pyc", "rb") = nil
27708   0.000427 libpython2.7.so.1.0->__xstat64(1, "/usr/lib64/python2.7/plat-linux2/strop", 0x7ffef8d468d0) = -1
27708   0.000436 libpython2.7.so.1.0->fopen64("/usr/lib64/python2.7/plat-linux2/strop.so", "rb") = nil
27708   0.000490 libpython2.7.so.1.0->fopen64("/usr/lib64/python2.7/plat-linux2/stropmodule.so", "rb") = nil
27708   0.000492 libpython2.7.so.1.0->fopen64("/usr/lib64/python2.7/plat-linux2/strop.py", "rb") = nil
27708   0.000463 libpython2.7.so.1.0->fopen64("/usr/lib64/python2.7/plat-linux2/strop.pyc", "rb") = nil
27708   0.000479 libpython2.7.so.1.0->__xstat64(1, "/usr/lib64/python2.7/lib-dynload/strop", 0x7ffef8d468d0) = -1
27708   0.000441 libpython2.7.so.1.0->fopen64("/usr/lib64/python2.7/lib-dynload/strop.so", "rb") = nil
27708   0.000423 libpython2.7.so.1.0->fopen64("/usr/lib64/python2.7/lib-dynload/stropmodule.so", "rb") = 0x115a550
27708   0.000462 libpython2.7.so.1.0->__fxstat64(1, 8, 0x7ffef8d47800) = 0
27708   0.000273 libpython2.7.so.1.0->dlopen("/usr/lib64/python2.7/lib-dynload/stropmodule.so", 2) = 0x115fb70
27708   0.019479 libpython2.7.so.1.0->__xstat64(1, "/var/condor/execute/dir_26812/worker-213124-26851/t.124/tools/gettext", 0x7ffef8d473d0) = -1
27708   0.000557 libpython2.7.so.1.0->fopen64("/var/condor/execute/dir_26812/worker-213124-26851/t.124/tools/gettext.so", "rb") = nil
27708   0.000545 libpython2.7.so.1.0->fopen64("/var/condor/execute/dir_26812/worker-213124-26851/t.124/tools/gettextmodule.so", "rb") = nil
27708   0.000608 libpython2.7.so.1.0->fopen64("/var/condor/execute/dir_26812/worker-213124-26851/t.124/tools/gettext.py", "rb") = nil
27708   0.000541 libpython2.7.so.1.0->fopen64("/var/condor/execute/dir_26812/worker-213124-26851/t.124/tools/gettext.pyc", "rb") = nil
27708   0.000545 libpython2.7.so.1.0->__xstat64(1, "/usr/lib64/python2.7/gettext", 0x7ffef8d473d0) = -1
27708   0.000457 libpython2.7.so.1.0->fopen64("/usr/lib64/python2.7/gettext.so", "rb") = nil
27708   0.000462 libpython2.7.so.1.0->fopen64("/usr/lib64/python2.7/gettextmodule.so", "rb") = nil
27708   0.000498 libpython2.7.so.1.0->fopen64("/usr/lib64/python2.7/gettext.py", "rb") = 0x1147bf0
27708   0.000418 libpython2.7.so.1.0->__fxstat64(1, 5, 0x7ffef8d48540) = 0
27708   0.000273 libpython2.7.so.1.0->fopen64("/usr/lib64/python2.7/gettext.pyc", "rb") = 0x115e610
27708   0.000514 libpython2.7.so.1.0->__fxstat64(1, 7, 0x7ffef8d48430) = 0
27708   0.000685 libpython2.7.so.1.0->__xstat64(1, "/var/condor/execute/dir_26812/worker-213124-26851/t.124/tools/locale", 0x7ffef8d46e50) = -1
27708   0.000560 libpython2.7.so.1.0->fopen64("/var/condor/execute/dir_26812/worker-213124-26851/t.124/tools/locale.so", "rb") = nil
27708   0.000607 libpython2.7.so.1.0->fopen64("/var/condor/execute/dir_26812/worker-213124-26851/t.124/tools/localemodule.so", "rb") = nil
27708   0.000587 libpython2.7.so.1.0->fopen64("/var/condor/execute/dir_26812/worker-213124-26851/t.124/tools/locale.py", "rb") = nil
27708   0.000548 libpython2.7.so.1.0->fopen64("/var/condor/execute/dir_26812/worker-213124-26851/t.124/tools/locale.pyc", "rb") = nil
27708   0.000543 libpython2.7.so.1.0->__xstat64(1, "/usr/lib64/python2.7/locale", 0x7ffef8d46e50) = -1
27708   0.000420 libpython2.7.so.1.0->fopen64("/usr/lib64/python2.7/locale.so", "rb") = nil
27708   0.000410 libpython2.7.so.1.0->fopen64("/usr/lib64/python2.7/localemodule.so", "rb") = nil
27708   0.000824 libpython2.7.so.1.0->fopen64("/usr/lib64/python2.7/locale.py", "rb") = 0x115e610
27708   0.000714 libpython2.7.so.1.0->__fxstat64(1, 7, 0x7ffef8d47fc0) = 0
27708   0.000426 libpython2.7.so.1.0->fopen64("/usr/lib64/python2.7/locale.pyc", "rb") = 0x115ce50
27708   0.000536 libpython2.7.so.1.0->__fxstat64(1, 8, 0x7ffef8d47eb0) = 0
27708   0.001548 libpython2.7.so.1.0->__xstat64(1, "/var/condor/execute/dir_26812/worker-213124-26851/t.124/tools/functools", 0x7ffef8d468d0) = -1
27708   0.000545 libpython2.7.so.1.0->fopen64("/var/condor/execute/dir_26812/worker-213124-26851/t.124/tools/functools.so", "rb") = nil
27708   0.000545 libpython2.7.so.1.0->fopen64("/var/condor/execute/dir_26812/worker-213124-26851/t.124/tools/functoolsmodule.so", "rb") = nil
27708   0.000602 libpython2.7.so.1.0->fopen64("/var/condor/execute/dir_26812/worker-213124-26851/t.124/tools/functools.py", "rb") = nil
27708   0.000537 libpython2.7.so.1.0->fopen64("/var/condor/execute/dir_26812/worker-213124-26851/t.124/tools/functools.pyc", "rb") = nil
27708   0.000565 libpython2.7.so.1.0->__xstat64(1, "/usr/lib64/python2.7/functools", 0x7ffef8d468d0) = -1
27708   0.000547 libpython2.7.so.1.0->fopen64("/usr/lib64/python2.7/functools.so", "rb") = nil
27708   0.000438 libpython2.7.so.1.0->fopen64("/usr/lib64/python2.7/functoolsmodule.so", "rb") = nil
27708   0.000419 libpython2.7.so.1.0->fopen64("/usr/lib64/python2.7/functools.py", "rb") = 0x115f8b0
27708   0.000441 libpython2.7.so.1.0->__fxstat64(1, 8, 0x7ffef8d47a40) = 0
27708   0.000275 libpython2.7.so.1.0->fopen64("/usr/lib64/python2.7/functools.pyc", "rb") = 0x115d160
27708   0.000529 libpython2.7.so.1.0->__fxstat64(1, 9, 0x7ffef8d47930) = 0
27708   0.000502 libpython2.7.so.1.0->__xstat64(1, "/var/condor/execute/dir_26812/worker-213124-26851/t.124/tools/_functools", 0x7ffef8d46350) = -1
27708   0.000539 libpython2.7.so.1.0->fopen64("/var/condor/execute/dir_26812/worker-213124-26851/t.124/tools/_functools.so", "rb") = nil
27708   0.000542 libpython2.7.so.1.0->fopen64("/var/condor/execute/dir_26812/worker-213124-26851/t.124/tools/_functoolsmodule.so", "rb") = nil
27708   0.000585 libpython2.7.so.1.0->fopen64("/var/condor/execute/dir_26812/worker-213124-26851/t.124/tools/_functools.py", "rb") = nil
27708   0.000538 libpython2.7.so.1.0->fopen64("/var/condor/execute/dir_26812/worker-213124-26851/t.124/tools/_functools.pyc", "rb") = nil
27708   0.000592 libpython2.7.so.1.0->__xstat64(1, "/usr/lib64/python2.7/_functools", 0x7ffef8d46350) = -1
27708   0.000383 libpython2.7.so.1.0->fopen64("/usr/lib64/python2.7/_functools.so", "rb") = nil
27708   0.000438 libpython2.7.so.1.0->fopen64("/usr/lib64/python2.7/_functoolsmodule.so", "rb") = nil
27708   0.000419 libpython2.7.so.1.0->fopen64("/usr/lib64/python2.7/_functools.py", "rb") = nil
27708   0.000410 libpython2.7.so.1.0->fopen64("/usr/lib64/python2.7/_functools.pyc", "rb") = nil
27708   0.000402 libpython2.7.so.1.0->__xstat64(1, "/usr/lib64/python2.7/plat-linux2/_functools", 0x7ffef8d46350) = -1
27708   0.000418 libpython2.7.so.1.0->fopen64("/usr/lib64/python2.7/plat-linux2/_functools.so", "rb") = nil
27708   0.000468 libpython2.7.so.1.0->fopen64("/usr/lib64/python2.7/plat-linux2/_functoolsmodule.so", "rb") = nil
27708   0.000454 libpython2.7.so.1.0->fopen64("/usr/lib64/python2.7/plat-linux2/_functools.py", "rb") = nil
27708   0.000474 libpython2.7.so.1.0->fopen64("/usr/lib64/python2.7/plat-linux2/_functools.pyc", "rb") = nil
27708   0.000444 libpython2.7.so.1.0->__xstat64(1, "/usr/lib64/python2.7/lib-dynload/_functools", 0x7ffef8d46350) = -1
27708   0.000458 libpython2.7.so.1.0->fopen64("/usr/lib64/python2.7/lib-dynload/_functools.so", "rb") = nil
27708   0.000440 libpython2.7.so.1.0->fopen64("/usr/lib64/python2.7/lib-dynload/_functoolsmodule.so", "rb") = 0x115d160
27708   0.000490 libpython2.7.so.1.0->__fxstat64(1, 9, 0x7ffef8d47280) = 0
27708   0.000275 libpython2.7.so.1.0->dlopen("/usr/lib64/python2.7/lib-dynload/_functoolsmodule.so", 2) = 0x11742e0
27708   0.020826 libpython2.7.so.1.0->__xstat64(1, "/var/condor/execute/dir_26812/worker-213124-26851/t.124/tools/_locale", 0x7ffef8d468d0) = -1
27708   0.000519 libpython2.7.so.1.0->fopen64("/var/condor/execute/dir_26812/worker-213124-26851/t.124/tools/_locale.so", "rb") = nil
27708   0.000565 libpython2.7.so.1.0->fopen64("/var/condor/execute/dir_26812/worker-213124-26851/t.124/tools/_localemodule.so", "rb") = nil
27708   0.000549 libpython2.7.so.1.0->fopen64("/var/condor/execute/dir_26812/worker-213124-26851/t.124/tools/_locale.py", "rb") = nil
27708   0.000614 libpython2.7.so.1.0->fopen64("/var/condor/execute/dir_26812/worker-213124-26851/t.124/tools/_locale.pyc", "rb") = nil
27708   0.000598 libpython2.7.so.1.0->__xstat64(1, "/usr/lib64/python2.7/_locale", 0x7ffef8d468d0) = -1
27708   0.000390 libpython2.7.so.1.0->fopen64("/usr/lib64/python2.7/_locale.so", "rb") = nil
27708   0.000394 libpython2.7.so.1.0->fopen64("/usr/lib64/python2.7/_localemodule.so", "rb") = nil
27708   0.000444 libpython2.7.so.1.0->fopen64("/usr/lib64/python2.7/_locale.py", "rb") = nil
27708   0.000390 libpython2.7.so.1.0->fopen64("/usr/lib64/python2.7/_locale.pyc", "rb") = nil
27708   0.000403 libpython2.7.so.1.0->__xstat64(1, "/usr/lib64/python2.7/plat-linux2/_locale", 0x7ffef8d468d0) = -1
27708   0.000408 libpython2.7.so.1.0->fopen64("/usr/lib64/python2.7/plat-linux2/_locale.so", "rb") = nil
27708   0.000424 libpython2.7.so.1.0->fopen64("/usr/lib64/python2.7/plat-linux2/_localemodule.so", "rb") = nil
27708   0.000533 libpython2.7.so.1.0->fopen64("/usr/lib64/python2.7/plat-linux2/_locale.py", "rb") = nil
27708   0.000428 libpython2.7.so.1.0->fopen64("/usr/lib64/python2.7/plat-linux2/_locale.pyc", "rb") = nil
27708   0.000481 libpython2.7.so.1.0->__xstat64(1, "/usr/lib64/python2.7/lib-dynload/_locale", 0x7ffef8d468d0) = -1
27708   0.000407 libpython2.7.so.1.0->fopen64("/usr/lib64/python2.7/lib-dynload/_locale.so", "rb") = nil
27708   0.000473 libpython2.7.so.1.0->fopen64("/usr/lib64/python2.7/lib-dynload/_localemodule.so", "rb") = 0x115f8b0
27708   0.000468 libpython2.7.so.1.0->__fxstat64(1, 8, 0x7ffef8d47800) = 0
27708   0.000285 libpython2.7.so.1.0->dlopen("/usr/lib64/python2.7/lib-dynload/_localemodule.so", 2) = 0x1162570
27708   0.022884 libpython2.7.so.1.0->__xstat64(1, "/var/condor/execute/dir_26812/worker-213124-26851/t.124/tools/struct", 0x7ffef8d46e50) = -1
27708   0.000544 libpython2.7.so.1.0->fopen64("/var/condor/execute/dir_26812/worker-213124-26851/t.124/tools/struct.so", "rb") = nil
27708   0.000537 libpython2.7.so.1.0->fopen64("/var/condor/execute/dir_26812/worker-213124-26851/t.124/tools/structmodule.so", "rb") = nil
27708   0.000557 libpython2.7.so.1.0->fopen64("/var/condor/execute/dir_26812/worker-213124-26851/t.124/tools/struct.py", "rb") = nil
27708   0.000529 libpython2.7.so.1.0->fopen64("/var/condor/execute/dir_26812/worker-213124-26851/t.124/tools/struct.pyc", "rb") = nil
27708   0.000533 libpython2.7.so.1.0->__xstat64(1, "/usr/lib64/python2.7/struct", 0x7ffef8d46e50) = -1
27708   0.000370 libpython2.7.so.1.0->fopen64("/usr/lib64/python2.7/struct.so", "rb") = nil
27708   0.000398 libpython2.7.so.1.0->fopen64("/usr/lib64/python2.7/structmodule.so", "rb") = nil
27708   0.000405 libpython2.7.so.1.0->fopen64("/usr/lib64/python2.7/struct.py", "rb") = 0x115f8b0
27708   0.000404 libpython2.7.so.1.0->__fxstat64(1, 7, 0x7ffef8d47fc0) = 0
27708   0.000275 libpython2.7.so.1.0->fopen64("/usr/lib64/python2.7/struct.pyc", "rb") = 0x1173e40
27708   0.000485 libpython2.7.so.1.0->__fxstat64(1, 8, 0x7ffef8d47eb0) = 0
27708   0.000411 libpython2.7.so.1.0->__xstat64(1, "/var/condor/execute/dir_26812/worker-213124-26851/t.124/tools/_struct", 0x7ffef8d468d0) = -1
27708   0.000512 libpython2.7.so.1.0->fopen64("/var/condor/execute/dir_26812/worker-213124-26851/t.124/tools/_struct.so", "rb") = nil
27708   0.000559 libpython2.7.so.1.0->fopen64("/var/condor/execute/dir_26812/worker-213124-26851/t.124/tools/_structmodule.so", "rb") = nil
27708   0.000542 libpython2.7.so.1.0->fopen64("/var/condor/execute/dir_26812/worker-213124-26851/t.124/tools/_struct.py", "rb") = nil
27708   0.000534 libpython2.7.so.1.0->fopen64("/var/condor/execute/dir_26812/worker-213124-26851/t.124/tools/_struct.pyc", "rb") = nil
27708   0.000545 libpython2.7.so.1.0->__xstat64(1, "/usr/lib64/python2.7/_struct", 0x7ffef8d468d0) = -1
27708   0.000375 libpython2.7.so.1.0->fopen64("/usr/lib64/python2.7/_struct.so", "rb") = nil
27708   0.000390 libpython2.7.so.1.0->fopen64("/usr/lib64/python2.7/_structmodule.so", "rb") = nil
27708   0.000449 libpython2.7.so.1.0->fopen64("/usr/lib64/python2.7/_struct.py", "rb") = nil
27708   0.000392 libpython2.7.so.1.0->fopen64("/usr/lib64/python2.7/_struct.pyc", "rb") = nil
27708   0.000403 libpython2.7.so.1.0->__xstat64(1, "/usr/lib64/python2.7/plat-linux2/_struct", 0x7ffef8d468d0) = -1
27708   0.000413 libpython2.7.so.1.0->fopen64("/usr/lib64/python2.7/plat-linux2/_struct.so", "rb") = nil
27708   0.000434 libpython2.7.so.1.0->fopen64("/usr/lib64/python2.7/plat-linux2/_structmodule.so", "rb") = nil
27708   0.000486 libpython2.7.so.1.0->fopen64("/usr/lib64/python2.7/plat-linux2/_struct.py", "rb") = nil
27708   0.000427 libpython2.7.so.1.0->fopen64("/usr/lib64/python2.7/plat-linux2/_struct.pyc", "rb") = nil
27708   0.000476 libpython2.7.so.1.0->__xstat64(1, "/usr/lib64/python2.7/lib-dynload/_struct", 0x7ffef8d468d0) = -1
27708   0.000407 libpython2.7.so.1.0->fopen64("/usr/lib64/python2.7/lib-dynload/_struct.so", "rb") = 0x1173e40
27708   0.000443 libpython2.7.so.1.0->__fxstat64(1, 8, 0x7ffef8d47800) = 0
27708   0.000274 libpython2.7.so.1.0->dlopen("/usr/lib64/python2.7/lib-dynload/_struct.so", 2) = 0x115d140
27708   0.024918 libpython2.7.so.1.0->__xstat64(1, "/usr/share/locale/en_US.UTF-8/LC_MESSAGES/messages.mo", 0x7ffef8d47e70) = -1
27708   0.000517 libpython2.7.so.1.0->__xstat64(1, "/usr/share/locale/en_US/LC_MESSAGES/messages.mo", 0x7ffef8d47e70) = -1
27708   0.000511 libpython2.7.so.1.0->__xstat64(1, "/usr/share/locale/en.UTF-8/LC_MESSAGES/messages.mo", 0x7ffef8d47e70) = -1
27708   0.000470 libpython2.7.so.1.0->__xstat64(1, "/usr/share/locale/en/LC_MESSAGES/messages.mo", 0x7ffef8d47e70) = -1
27708   0.000629 libpython2.7.so.1.0->__xstat64(1, "/usr/share/locale/en_US.UTF-8/LC_MESSAGES/messages.mo", 0x7ffef8d47e70) = -1
27708   0.000570 libpython2.7.so.1.0->__xstat64(1, "/usr/share/locale/en_US/LC_MESSAGES/messages.mo", 0x7ffef8d47e70) = -1
27708   0.000573 libpython2.7.so.1.0->__xstat64(1, "/usr/share/locale/en.UTF-8/LC_MESSAGES/messages.mo", 0x7ffef8d47e70) = -1
27708   0.000532 libpython2.7.so.1.0->__xstat64(1, "/usr/share/locale/en/LC_MESSAGES/messages.mo", 0x7ffef8d47e70) = -1
27708   0.000709 libpython2.7.so.1.0->__xstat64(1, "/usr/share/locale/en_US.UTF-8/LC_MESSAGES/messages.mo", 0x7ffef8d47e70) = -1
27708   0.000528 libpython2.7.so.1.0->__xstat64(1, "/usr/share/locale/en_US/LC_MESSAGES/messages.mo", 0x7ffef8d47e70) = -1
27708   0.000495 libpython2.7.so.1.0->__xstat64(1, "/usr/share/locale/en.UTF-8/LC_MESSAGES/messages.mo", 0x7ffef8d47e70) = -1
27708   0.000511 libpython2.7.so.1.0->__xstat64(1, "/usr/share/locale/en/LC_MESSAGES/messages.mo", 0x7ffef8d47e70) = -1
27708   0.001577 libpython2.7.so.1.0->fopen64("points/Athetis_maculatra_Lower.csv", "r") = 0x115c200
27708   0.000449 libpython2.7.so.1.0->__fxstat64(1, 3, 0x7ffef8d48b60) = 0
27708   0.000311 libpython2.7.so.1.0->fopen64("outputs/Athetis_maculatra_Lower.csv", "w") = 0x10bad40
27708   0.000514 libpython2.7.so.1.0->__fxstat64(1, 5, 0x7ffef8d48b60) = 0
27708   0.000792 libpython2.7.so.1.0->getenv("PYTHONINSPECT") = nil
27708   0.005160 +++ exited (status 0) +++
Wrote an ltrace for command: "python ./tools/process_points.py points/Athetis_maculatra_Lower.csv outputs/Athetis_maculatra_Lower.csv" with PID 27705 from PPID 27667 on disc21.crc.nd.edu with result 0
REMOTEHOST=10.17.150.11
_CONDOR_ANCESTOR_26812=26825:1600190003:4071021974
MANPATH=/afs/crc.nd.edu/user/n/nkremerh/cctools/share/man/:/afs/crc.nd.edu/group/ccl/software/x86_64/redhat7/ruby/current/share/man:/afs/crc.nd.edu/group/ccl/software/x86_64/redhat7/graphviz/current/share/man:/afs/crc.nd.edu/group/ccl/software/x86_64/redhat7/gnuplot/current/share/man:/afs/crc.nd.edu/group/ccl/software/x86_64/redhat7/git/current/share/man:/afs/crc.nd.edu/group/ccl/software/x86_64/redhat7/condor/current/share/man:/afs/crc.nd.edu/group/ccl/software/x86_64/redhat7/clang/current/share/man:/afs/crc.nd.edu/group/ccl/software/x86_64/redhat7/condor/current/share/man:/afs/crc.nd.edu/group/ccl/software/x86_64/redhat7/cctools/current/share/man:/afs/crc.nd.edu/group/ccl/software/x86_64/redhat7/cctools/current/share/man:/afs/crc.nd.edu/x86_64_linux/Modules/4.5.0/share/man:/opt/crc/usr/local/man:/opt/sge/man:/usr/share/man/overrides:/usr/share/man:/usr/local/share/man
_CONDOR_JOB_PIDS=
XDG_SESSION_ID=4102
HOSTNAME=disc01.crc.nd.edu
_CONDOR_ANCESTOR_3669=26812:1600190001:729388560
_LMFILES__modshare=/afs/crc.nd.edu/x86_64_linux/Modules/modules/system_modules/CRC_default/1.1:1
MODULEPATH_modshare=/afs/crc.nd.edu/x86_64_linux/Modules/modules/general_software:1:/afs/crc.nd.edu/x86_64_linux/Modules/modules/development_tools_and_libraries:1:/afs/crc.nd.edu/x86_64_linux/Modules/modules/system_modules:1:/afs/crc.nd.edu/x86_64_linux/Modules/current/modulefiles:1:/afs/crc.nd.edu/x86_64_linux/Modules/modules/restricted_software:1:/afs/crc.nd.edu/x86_64_linux/Modules/modules/deprecated_software:1
TERM=xterm-256color
SHELL=/bin/tcsh
HOST=disc01.crc.nd.edu
MODULES_CMD=/afs/crc.nd.edu/x86_64_linux/Modules/4.5.0/libexec/modulecmd.tcl
HISTSIZE=5000
MAKEFLAGS=
SSH_CLIENT=10.17.150.11 36546 22
TMPDIR=/var/condor/execute/dir_26812/worker-213124-26851/t.124/cctools-temp-t.124.0dQZ6z
PERL5LIB=/afs/crc.nd.edu/user/n/nkremerh/cctools/lib/perl5/site_perl/5.16.3:/afs/crc.nd.edu/user/n/nkremerh/.perl5/lib/perl5
SGE_CELL=crc
_CONDOR_SCRATCH_DIR=/var/condor/execute/dir_26812
PERL_MB_OPT=--install_base '/afs/crc.nd.edu/user/n/nkremerh/.perl5/'
SSH_TTY=/dev/pts/2
SGE_LOAD_AVG=load_avg
MAKEFLOW_MAX_LOCAL_JOBS=2
GROUP=campus
USER=nkremerh
_CHIRP_DELAYED_UPDATE_PREFIX=Chirp*
HISTFILESIZE=10000
TEMP=/var/condor/execute/dir_26812/worker-213124-26851/t.124/cctools-temp-t.124.0dQZ6z
LD_LIBRARY_PATH=/afs/crc.nd.edu/group/ccl/software/x86_64/redhat7/ruby/current/lib:/afs/crc.nd.edu/group/ccl/software/x86_64/redhat7/graphviz/current/lib:/afs/crc.nd.edu/group/ccl/software/x86_64/redhat7/git/current/lib:/afs/crc.nd.edu/group/ccl/software/x86_64/redhat7/condor/current/lib:/afs/crc.nd.edu/group/ccl/software/x86_64/redhat7/clang/current/lib:/afs/crc.nd.edu/group/ccl/software/x86_64/redhat7/condor/current/lib:/afs/crc.nd.edu/group/ccl/software/x86_64/redhat7/cctools/current/lib:/opt/crc/usr/local/lib
BATCH_SYSTEM=HTCondor
MODULES_LMALTNAME=CRC_default/1.1&CRC_default/default&CRC_default
ENV=/afs/crc.nd.edu/x86_64_linux/Modules/4.5.0/init/profile.sh
WORKER_TMPDIR=/var/condor/execute/dir_26812/worker-213124-26851/cache/tmp
HOSTTYPE=x86_64-linux
_CONDOR_HIGHPORT=9999
GLOBUS_GSSAPI_MAX_TLS_PROTOCOL=0
_CONDOR_CHIRP_CONFIG=/var/condor/execute/dir_26812/.chirp.config
MAKELEVEL=1
MFLAGS=
MAIL=/var/spool/mail/nkremerh
PATH=/afs/crc.nd.edu/user/n/nkremerh/cctools/bin:/afs/crc.nd.edu/user/n/nkremerh/miniconda/bin:/afs/crc.nd.edu/group/ccl/software/git:/afs/crc.nd.edu/user/n/nkremerh/.local/bin:/afs/crc.nd.edu/group/ccl/software/x86_64/redhat7/povray/3.7/bin:/afs/crc.nd.edu/user/n/nkremerh/.perl5/bin:/afs/crc.nd.edu/user/n/nkremerh/pegasus/bin:/afs/crc.nd.edu/user/n/nkremerh/nodejs/bin:/afs/crc.nd.edu/user/n/nkremerh/montage/bin:/afs/crc.nd.edu/user/n/nkremerh/latexdiff:/afs/crc.nd.edu/user/n/nkremerh/envtrace:/afs/crc.nd.edu/user/n/nkremerh/endlines:/afs/crc.nd.edu/user/n/nkremerh/cctools/bin:/afs/crc.nd.edu/user/n/nkremerh/.cargo/bin:/afs/crc.nd.edu/group/ccl/software/x86_64/redhat7/ruby/current/bin:/afs/crc.nd.edu/group/ccl/software/x86_64/redhat7/graphviz/current/bin:/afs/crc.nd.edu/group/ccl/software/x86_64/redhat7/gnuplot/current/bin:/afs/crc.nd.edu/group/ccl/software/x86_64/redhat7/git/current/bin:/afs/crc.nd.edu/group/ccl/software/x86_64/redhat7/condor/current/sbin:/afs/crc.nd.edu/group/ccl/software/x86_64/redhat7/condor/current/bin:/afs/crc.nd.edu/group/ccl/software/x86_64/redhat7/cmake/current/bin:/afs/crc.nd.edu/group/ccl/software/x86_64/redhat7/clang/current/bin:/afs/crc.nd.edu/group/ccl/software/x86_64/redhat7/condor/current/sbin:/afs/crc.nd.edu/group/ccl/software/x86_64/redhat7/condor/current/bin:/afs/crc.nd.edu/group/ccl/software/x86_64/redhat7/cctools/current/bin:/afs/crc.nd.edu/x86_64_linux/Modules/4.5.0/bin:/opt/crc/usr/local/bin:/opt/sge/bin/lx-amd64:/usr/local/bin:/usr/bin:/usr/local/sbin:/usr/sbin:/afs/crc.nd.edu/user/c/condor/software/bin:/afs/crc.nd.edu/user/c/condor/software/sbin
CCLSOFTWARE=/afs/crc.nd.edu/group/ccl/software/x86_64/redhat7
PWD=/var/condor/execute/dir_26812/worker-213124-26851/t.124
_LMFILES_=/afs/crc.nd.edu/x86_64_linux/Modules/modules/system_modules/CRC_default/1.1
EDITOR=vim
SGE_EXECD_PORT=6445
LANG=en_US.UTF-8
SGE_QMASTER_PORT=6444
MODULEPATH=/afs/crc.nd.edu/x86_64_linux/Modules/modules/development_tools_and_libraries:/afs/crc.nd.edu/x86_64_linux/Modules/modules/general_software:/afs/crc.nd.edu/x86_64_linux/Modules/modules/restricted_software:/afs/crc.nd.edu/x86_64_linux/Modules/modules/system_modules:/afs/crc.nd.edu/x86_64_linux/Modules/modules/deprecated_software:/afs/crc.nd.edu/x86_64_linux/Modules/current/modulefiles
LOADEDMODULES=CRC_default/1.1
SGE_ROOT=/opt/sge
CCLPLATFORM=x86_64/redhat7
_CONDOR_SLOT=slot1
WORK_QUEUE_SANDBOX=/var/condor/execute/dir_26812/worker-213124-26851
USE_SYSTEMD=true
_CONDOR_LOWPORT=9100
HISTCONTROL=ignoreboth:erasedups
KRB5CCNAME=FILE:/tmp/krb5cc_213124_DZSV7p
GLOBUS_GSSAPI_NAME_COMPATIBILITY=STRICT_RFC2818
HOME=disc01.crc.nd.edu
SHLVL=6
PATH_modshare=/opt/crc/usr/local/bin:1:/opt/sge/bin/lx-amd64:1:/usr/sbin:1:/usr/bin:1:/afs/crc.nd.edu/user/c/condor/software/sbin:1:/usr/local/sbin:1:/afs/crc.nd.edu/user/c/condor/software/bin:1:/usr/local/bin:1
OSTYPE=linux
_CONDOR_MACHINE_AD=/var/condor/execute/dir_26812/.machine.ad
GREP_OPTIONS=--color=auto
DISK=917490
GLOBUS_GSSAPI_MIN_TLS_PROTOCOL=TLS1_VERSION
MANPATH_modshare=/usr/share/man/overrides:1:/usr/local/share/man:1:/usr/share/man:1:/opt/crc/usr/local/man:1:/opt/sge/man:1
MEMORY=15899
PERL_LOCAL_LIB_ROOT=/afs/crc.nd.edu/user/n/nkremerh/.perl5/
BASH_ENV=/afs/crc.nd.edu/x86_64_linux/Modules/4.5.0/init/bash
VENDOR=unknown
TMP=/var/condor/execute/dir_26812/worker-213124-26851/t.124/cctools-temp-t.124.0dQZ6z
LOGNAME=nkremerh
MACHTYPE=x86_64
CCLHOME=/afs/crc.nd.edu/group/ccl
PYTHONPATH=/afs/crc.nd.edu/user/n/nkremerh/cctools/lib/python3.6/site-packages/
LD_LIBRARY_PATH_modshare=/opt/crc/usr/local/lib:1
SSH_CONNECTION=10.17.150.11 36546 129.74.128.103 22
MODULES_LMALTNAME_modshare=CRC_default/1.1&CRC_default/default&CRC_default:1
MODULESHOME=/afs/crc.nd.edu/x86_64_linux/Modules/4.5.0
_CONDOR_ANCESTOR_3314=3669:1598183978:1434769074
GLOBUS_GSSAPI_CIPHERS=HIGH
GLOBUS_GSSAPI_BACKWARD_COMPATIBLE_MIC=true
LESSOPEN=||/usr/bin/lesspipe.sh %s
OMP_NUM_THREADS=1
_CONDOR_JOB_AD=/var/condor/execute/dir_26812/.job.ad
LOADEDMODULES_modshare=CRC_default/1.1:1
XDG_RUNTIME_DIR=/run/user/213124
SGE_CLUSTER_NAME=CRC
CCTOOLS=../cctools
CORES=4
_CONDOR_JOB_IWD=/var/condor/execute/dir_26812
PERL_MM_OPT=INSTALL_BASE=/afs/crc.nd.edu/user/n/nkremerh/.perl5/
GLOBUS_GSSAPI_SERVER_CIPHER_ORDER=true
BASH_FUNC_module()=() {  unset _mlshdbg;
 if [ "${MODULES_SILENT_SHELL_DEBUG:-0}" = '1' ]; then
 case "$-" in 
 *v*x*)
 set +vx;
 _mlshdbg='vx'
 ;;
 *v*)
 set +v;
 _mlshdbg='v'
 ;;
 *x*)
 set +x;
 _mlshdbg='x'
 ;;
 *)
 _mlshdbg=''
 ;;
 esac;
 fi;
 unset _mlre _mlIFS;
 if [ -n "${IFS+x}" ]; then
 _mlIFS=$IFS;
 fi;
 IFS=' ';
 for _mlv in ${MODULES_RUN_QUARANTINE:-};
 do
 if [ "${_mlv}" = "${_mlv##*[!A-Za-z0-9_]}" -a "${_mlv}" = "${_mlv#[0-9]}" ]; then
 if [ -n "`eval 'echo ${'$_mlv'+x}'`" ]; then
 _mlre="${_mlre:-}${_mlv}_modquar='`eval 'echo ${'$_mlv'}'`' ";
 fi;
 _mlrv="MODULES_RUNENV_${_mlv}";
 _mlre="${_mlre:-}${_mlv}='`eval 'echo ${'$_mlrv':-}'`' ";
 fi;
 done;
 if [ -n "${_mlre:-}" ]; then
 eval `eval ${_mlre}/usr/bin/tclsh /afs/crc.nd.edu/x86_64_linux/Modules/4.5.0/libexec/modulecmd.tcl bash '"$@"'`;
 else
 eval `/usr/bin/tclsh /afs/crc.nd.edu/x86_64_linux/Modules/4.5.0/libexec/modulecmd.tcl bash "$@"`;
 fi;
 _mlstatus=$?;
 if [ -n "${_mlIFS+x}" ]; then
 IFS=$_mlIFS;
 else
 unset IFS;
 fi;
 unset _mlre _mlv _mlrv _mlIFS;
 if [ -n "${_mlshdbg:-}" ]; then
 set -$_mlshdbg;
 fi;
 unset _mlshdbg;
 return $_mlstatus
}
BASH_FUNC_ml()=() {  module ml "$@"
}
_=/usr/bin/printenv
