8056   0.000000 libjli.so->getenv("_JAVA_LAUNCHER_DEBUG") = nil
8056   0.001116 libjli.so->getenv("_JAVA_VERSION_SET") = nil
8056   0.000423 libjli.so->fopen("/usr/lib/jvm/java-1.8.0-openjdk-1.8.0.262.b10-0.el7_8.x86_64/jre/lib/amd64/jvm.cfg", "r") = 0x55c5152ad0e0
8056   0.000533 libjli.so->getenv("JDK_ALTERNATE_VM") = nil
8056   0.000221 libjli.so->__xstat(1, "/usr/lib/jvm/java-1.8.0-openjdk-1.8.0.262.b10-0.el7_8.x86_64/jre/lib/amd64/server/libjvm.so", 0x7ffd5d52a9d0) = 0
8056   0.000415 libjli.so->getenv("LD_LIBRARY_PATH") = "/afs/crc.nd.edu/group/ccl/software/x86_64/redhat7/ruby/current/lib:/afs/crc.nd.edu/group/ccl/software/x86_64/redhat7/graphviz/current/lib:/afs/crc.nd.edu/group/ccl/software/x86_64/redhat7/git/current/lib:/afs/crc.nd.edu/group/ccl/software/x86_64/redhat7/condor/current/lib:/afs/crc.nd.edu/group/ccl/software/x86_64/redhat7/clang/current/lib:/afs/crc.nd.edu/group/ccl/software/x86_64/redhat7/condor/current/lib:/afs/crc.nd.edu/group/ccl/software/x86_64/redhat7/cctools/current/lib:/opt/crc/usr/local/lib"
8056   0.001352 libjli.so->dlopen("/usr/lib/jvm/java-1.8.0-openjdk-1.8.0.262.b10-0.el7_8.x86_64/jre/lib/amd64/server/libjvm.so", 258 <unfinished ...>
8056   0.024737 libjvm.so->getenv("NMT_LEVEL_8056") = nil
8056   0.001061 <... dlopen resumed> )           = 0x55c5152ad4b0
8056   0.000051 libjli.so->getenv("CLASSPATH")   = nil
8056   0.000219 libjli.so->getenv("_JAVA_SPLASH_JAR") = nil
8056   0.000210 libjli.so->getenv("_JAVA_SPLASH_FILE") = nil
8056   0.000214 libjli.so->pthread_attr_setdetachstate(0x7ffd5d52a980, 0, 0x7ffd5d52aa10, 0) = 0
8056   0.000293 libpthread.so.0->__clone(0x2b324681dde0, 0x2b3246730fc0, 0x3d0f00, 0x2b3246731700) = 8059
8059   0.001225 libjvm.so->dlopen(0x2b3247ffc9ae, 1, 0xfffffffffff42c48, 4096) = 0x2b324c000990
8059   0.001716 libjvm.so->getenv(0x2b324801783e, 0, 115, 0x65737361) = 0x7ffd5d531682
8059   0.000289 libjvm.so->fopen(0x2b324672fc10, 0x2b3247fb3ccb, 0x6f732e79666972, 0x2b32470f5ab0) = 0x2b324c001440
8059   0.000869 libjvm.so->dlopen(0x2b324672fc10, 1, 0xffffffff, 0x2b324c002b00) = 0x2b324c001440
8059   0.000943 libjvm.so->fopen(0x2b324672fc10, 0x2b3247fb3ccb, 111, 0x732e6176) = 0x2b324c001b10
8059   0.000989 libjvm.so->dlopen(0x2b324672fc10, 1, 0xffffffff, 0x2b324c001a00) = 0x2b324c001b10
8059   0.000997 libjvm.so->__xstat(1, 0x2b3246730360, 0x2b3246730ba0, 0x746f7073746f682e) = -1
8059   0.000297 libjvm.so->getenv(0x2b3247fac541, 0x2b32467306d0, 1024, 0x2b324846661b) = 0
8059   0.000299 libjvm.so->getenv(0x2b3247fac533, 0x2b32467306d0, 1024, 0) = 0
8059   0.000285 libjvm.so->fopen(0x2b3247ffc315, 0x2b3247fb3ccb, 4095, 0xffffd4cdb8053b03) = 0x2b324c0032b0
8059   0.000675 libjvm.so->fopen(0x2b3247ffc361, 0x2b3247fb3ccb, 0x2b324c000078, 0x2b324c0032a0) = 0x2b324c0032b0
8059   0.000456 libjvm.so->fopen(0x2b324672a9b0, 0x2b3247fb3ccb, 4014, 3995) = 0x2b324c0032b0
8059   0.000407 libjvm.so->opendir(0x2b324c002b40, 0x2b324c002b40, 13, 16) = 0
8059   0.000307 libjvm.so->__xstat(1, 0x2b324672f8f0, 0x2b324672e860, 0x6f732e7477616d62) = -1
8059   0.000294 libjvm.so->__xstat(1, 0x2b324672f8f0, 0x2b324672e860, 0x5f74776162696c2f) = 0
8059   0.000322 libjvm.so->fopen(0x2b324672eb90, 0x2b3247fb3ccb, 4009, 3994) = 0x2b324c003790
8059   0.000383 libjvm.so->fopen(0x2b324672eb90, 0x2b3247fb3ccb, 4009, 3994) = 0x2b324c003790
8059   0.000376 libjvm.so->fopen(0x2b324672eb90, 0x2b3247fb3ccb, 4009, 4002) = 0x2b324c003790
8059   0.000434 libjvm.so->fopen(0x2b324672eb20, 0x2b3247fb3ccb, 4009, 3994) = 0x2b324c003790
8059   0.000396 libjvm.so->fopen(0x2b324672eb20, 0x2b3247fb3ccb, 4009, 3994) = 0x2b324c003790
8059   0.000396 libjvm.so->fopen(0x2b324672eb20, 0x2b3247fb3ccb, 4009, 4002) = 0x2b324c003790
8059   0.000412 libjvm.so->fopen(0x2b324672eb50, 0x2b3247fb3ccb, 4014, 3995) = 0x2b324c003790
8059   0.000510 libjvm.so->getenv(0x2b3247ffd0ff, 4096, 3, -1) = 0
8059   0.000586 libjvm.so->fopen(0x2b3247ffc998, 0x2b3247fb3ccb, 0x2b3246814908, 0x2b3246813df0) = 0x2b324c003790
8059   0.003077 libjvm.so->open(0x2b324c04a580, 0x20000, 0, 0x2b324c04a5c9) = 3
8059   0.000296 libjvm.so->__fxstat(1, 3, 0x2b3246730a00, -1) = 0
8059   0.000312 libjvm.so->opendir(0x2b324c04a580, 0x2b3246730a00, 0x4000, -1) = 0x2b324c04b490
8059   0.000300 libjvm.so->__fxstat(1, 3, 0x2b32467308a0, 0x2b324c04b490) = 0
8059   0.000269 libjvm.so->__fxstat(1, 5, 0x2b3246730930, -1) = 0
8059   0.000329 libjvm.so->open(0x2b3247fca9dc, 0, 0, 0) = 3
8059   0.000413 libjvm.so->__lxstat(1, 0x2b324c04a580, 0x2b3246730b50, -144) = 0
8059   0.000287 libjvm.so->open(0x2b324c04a580, 0x20000, 0x4000, -1) = 3
8059   0.000306 libjvm.so->__fxstat(1, 3, 0x2b3246730a00, -1) = 0
8059   0.000306 libjvm.so->opendir(0x2b324c04a580, 0x2b3246730a00, 0x4000, -1) = 0x2b324c04b490
8059   0.000270 libjvm.so->__fxstat(1, 3, 0x2b32467308a0, 0x2b324c04b490) = 0
8059   0.000281 libjvm.so->__fxstat(1, 5, 0x2b3246730930, -1) = 0
8059   0.000311 libjvm.so->open(0x2b3247fca9dc, 0, 0, 0) = 3
8059   0.000313 libjvm.so->open(0x2b324c04a5c9, 0x20042, 384, -1) = 7
8059   0.000405 libjvm.so->__fxstat(1, 7, 0x2b3246730b50, -1) = 0
8059   0.001110 libjvm.so->fopen(0x2b324672fb60, 0x2b3247fb3ccb, 4, 0x6f732e70) = 0x2b324c057be0
8059   0.000965 libjvm.so->dlopen(0x2b324672fb60, 1, 0xffffffff, 0x2b324c057b00) = 0x2b324c057be0
8059   0.001011 libjvm.so->__xstat(1, 0x2b3246730120, 0x2b3246730950, 2048) = 0
8059   0.000305 libjvm.so->__xstat(1, 0x2b3246730120, 0x2b3246730950, 2048) = 0
8059   0.000293 libjvm.so->__xstat(1, 0x2b3246730120, 0x2b3246730950, 2048) = -1
8059   0.000301 libjvm.so->__xstat(1, 0x2b3246730120, 0x2b3246730950, 2048) = 0
8059   0.000272 libjvm.so->__xstat(1, 0x2b3246730120, 0x2b3246730950, 2048) = 0
8059   0.000271 libjvm.so->__xstat(1, 0x2b3246730120, 0x2b3246730950, 2048) = 0
8059   0.000270 libjvm.so->__xstat(1, 0x2b3246730120, 0x2b3246730950, 2048) = 0
8059   0.000307 libjvm.so->__xstat(1, 0x2b3246730120, 0x2b3246730950, 2048) = -1
8059   0.000288 libjvm.so->fopen(0x2b324c002520, 0x2b3247fb3ccb, 0, 0) = 0x2b324c058a80
8059   0.006337 libjvm.so->open64(0x2b324672f410, 0, 0, 16) = 3
8059   0.000349 libjvm.so->__fxstat64(1, 3, 0x2b324672f240, -1) = 0
8059   0.023562 libjvm.so->__xstat(1, 0x2b324672ff20, 0x2b3246730750, 2048) = -1
8059   0.000388 libjvm.so->fopen(0x2b324672eb20, 0x2b3247fb3ccb, 4009, 3994) = 0x2b324c0b5ec0
8059   0.000470 libjvm.so->fopen(0x2b324672eb20, 0x2b3247fb3ccb, 4009, 3994) = 0x2b324c0b5ec0
8059   0.000400 libjvm.so->fopen(0x2b324672eb20, 0x2b3247fb3ccb, 4009, 4002) = 0x2b324c0b5ec0
8059   0.002820 libjvm.so->pthread_attr_setdetachstate(0x2b3246730c00, 1, 0, 0) = 0
8059   0.000349 libpthread.so.0->__clone(0x2b324681dde0, 0x2b325f0fffc0, 0x3d0f00, 0x2b325f100700) = 8060
8059   0.010606 libjvm.so->pthread_attr_setdetachstate(0x2b3246730290, 1, 0, 0) = 0
8059   0.000427 libpthread.so.0->__clone(0x2b324681dde0, 0x2b325f200fc0, 0x3d0f00, 0x2b325f201700) = 8061
8059   0.004470 libjvm.so->pthread_attr_setdetachstate(0x2b3246730610, 1, 0, 0) = 0
8059   0.000539 libpthread.so.0->__clone(0x2b324681dde0, 0x2b325f301fc0, 0x3d0f00, 0x2b325f302700) = 8062
8059   0.025040 libjvm.so->fopen(0x2b324c0f17e0, 0x2b3247fb3ccb, 4, 0x6f732e70) = 0x2b324c0f1ce0
8059   0.001403 libjvm.so->dlopen(0x2b324c0f17e0, 1, 0xffffffff, 0x2b324c0e8c00) = 0x2b324c057be0
8059   0.003373 libjvm.so->open64(0x2b324672f510, 0, 0, 16) = 5
8059   0.000596 libjvm.so->__fxstat64(1, 5, 0x2b324672f340, -1) = 0
8059   0.012407 libjvm.so->fopen(0x2b324672c130, 0x2b3247fb3ccb, 4009, 3994) = 0x2b324c0fccb0
8059   0.000748 libjvm.so->fopen(0x2b324672c130, 0x2b3247fb3ccb, 4009, 3994) = 0x2b324c0fccb0
8059   0.000761 libjvm.so->fopen(0x2b324672c130, 0x2b3247fb3ccb, 4009, 4002) = 0x2b324c0fccb0
8059   0.009912 libjvm.so->pthread_attr_setdetachstate(0x2b3246730b50, 1, 0, 0) = 0
8059   0.000604 libpthread.so.0->__clone(0x2b324681dde0, 0x2b325f402fc0, 0x3d0f00, 0x2b325f403700) = 8063
8059   0.000954 libjvm.so->__xstat64(1, 0x2b3246730be0, 0x2b3246730b50, 18) = -1
8059   0.000743 libjvm.so->pthread_attr_setdetachstate(0x2b3246730950, 1, 0, 0) = 0
8059   0.000787 libpthread.so.0->__clone(0x2b324681dde0, 0x2b325f503fc0, 0x3d0f00, 0x2b325f504700) = 8064
8059   0.001196 libjvm.so->pthread_attr_setdetachstate(0x2b3246730950, 1, 0, 0) = 0
8059   0.000866 libpthread.so.0->__clone(0x2b324681dde0, 0x2b325f604fc0, 0x3d0f00, 0x2b325f605700) = 8065
8059   0.008718 libjvm.so->pthread_attr_setdetachstate(0x2b3246730aa0, 1, 0, 0) = 0
8059   0.001170 libpthread.so.0->__clone(0x2b324681dde0, 0x2b325f705fc0, 0x3d0f00, 0x2b325f706700) = 8066
8059   0.001656 libjvm.so->pthread_attr_setdetachstate(0x2b3246730bb0, 1, 0, 0) = 0
8059   0.001512 libpthread.so.0->__clone(0x2b324681dde0, 0x2b325f806fc0, 0x3d0f00, 0x2b325f807700) = 8067
8059   0.009641 libjvm.so->open64(0x2b324c12e8b0, 0, 0, 48) = 7
8059   0.001255 libjvm.so->__fxstat64(1, 7, 0x2b324672df60, -1) = 0
8059   0.016572 libjvm.so->fopen(0x2b324c1546e0, 0x2b3247fb3ccb, 4, 0x6f732e6f) = 0x2b324c1547a0
8059   0.002476 libjvm.so->dlopen(0x2b324c1546e0, 1, 0xffffffff, 0x2b324c154700) = 0x2b324c1547a0
8059   0.067694 libjvm.so->fopen(0x2b324672ae40, 0x2b3247fb3ccb, 0x6f732e, 0x6d766a62696c2f72) = 0x2b324c16a0a0
8059   0.004166 libjvm.so->dlopen(0x2b324672ae40, 1, 0xffffffff, 0x2b324c16a000) = 0x55c5152ad4b0
8059   0.001158 libjvm.so->fopen(0x2b324672ae40, 0x2b3247fb3ccb, 0x6f732e, 0x6d766a62696c2f72) = 0x2b324c16a4a0
8059   0.009117 libjvm.so->dlopen(0x2b324672ae40, 1, 0xffffffff, 0x2b324c16a000) = 0x55c5152ad4b0
8059   0.001724 libjvm.so->fopen(0x2b324672ae40, 0x2b3247fb3ccb, 0x6f732e, 0x6d766a62696c2f72) = 0x2b324c16a0a0
8059   0.002684 libjvm.so->dlopen(0x2b324672ae40, 1, 0xffffffff, 0x2b324c16a000) = 0x55c5152ad4b0
8059   0.001244 libjvm.so->fopen(0x2b324672ae40, 0x2b3247fb3ccb, 0x6f732e, 0x6d766a62696c2f72) = 0x2b324c16a0a0
8059   0.002651 libjvm.so->dlopen(0x2b324672ae40, 1, 0xffffffff, 0x2b324c16a000) = 0x55c5152ad4b0
8059   0.029607 libjvm.so->fopen(0x2b324c1b3f00, 0x2b3247fb3ccb, 4, 0x6f732e74) = 0x2b324c1c7490
8059   0.002096 libjvm.so->dlopen(0x2b324c1b3f00, 1, 0xffffffff, 0x2b324c1a7500) = 0x2b324c1c7490
8059   0.089941 libjvm.so->fopen(0x2b324c2586f0, 0x2b3247fb3ccb, 0x6f732e7373656c, 0x656c646165685f74) = 0x2b324c2587d0
8059   0.001765 libjvm.so->dlopen(0x2b324c2586f0, 1, 0xffffffff, 0x2b324c258700) = 0x2b324c2587d0
8059   4.639385 --- SIGSEGV (Segmentation fault) ---
8059   0.000464 --- SIGSEGV (Segmentation fault) ---
8059   0.000308 --- SIGSEGV (Segmentation fault) ---
8059   0.572305 --- SIGSEGV (Segmentation fault) ---
8059   0.000442 --- SIGSEGV (Segmentation fault) ---
8059   0.000616 --- SIGSEGV (Segmentation fault) ---
8059   0.433736 --- SIGSEGV (Segmentation fault) ---
8059   0.000647 --- SIGSEGV (Segmentation fault) ---
8059   0.629156 --- SIGSEGV (Segmentation fault) ---
8059   0.000697 --- SIGSEGV (Segmentation fault) ---
8059   0.000355 --- SIGSEGV (Segmentation fault) ---
8059   0.583785 --- SIGSEGV (Segmentation fault) ---
8059   0.000899 --- SIGSEGV (Segmentation fault) ---
8059   0.000347 --- SIGSEGV (Segmentation fault) ---
8059   0.575857 --- SIGSEGV (Segmentation fault) ---
8059   0.000701 --- SIGSEGV (Segmentation fault) ---
8059   0.001517 --- SIGSEGV (Segmentation fault) ---
8059   1.026898 --- SIGSEGV (Segmentation fault) ---
8064   0.607498 --- SIGSEGV (Segmentation fault) ---
8059   0.001268 --- SIGSEGV (Segmentation fault) ---
8059   0.625002 --- SIGSEGV (Segmentation fault) ---
8059   0.001390 --- SIGSEGV (Segmentation fault) ---
8059   0.422425 --- SIGSEGV (Segmentation fault) ---
8059   0.000896 --- SIGSEGV (Segmentation fault) ---
8059   0.602398 --- SIGSEGV (Segmentation fault) ---
8059   0.000398 --- SIGSEGV (Segmentation fault) ---
8059   0.000369 --- SIGSEGV (Segmentation fault) ---
8059   0.000468 --- SIGSEGV (Segmentation fault) ---
8065   0.568151 --- SIGSEGV (Segmentation fault) ---
8059   0.000103 --- SIGSEGV (Segmentation fault) ---
8065   0.000488 --- SIGSEGV (Segmentation fault) ---
8059   0.000018 --- SIGSEGV (Segmentation fault) ---
8059   0.000552 --- SIGSEGV (Segmentation fault) ---
8065   0.000011 --- SIGSEGV (Segmentation fault) ---
8059   0.000771 --- SIGSEGV (Segmentation fault) ---
8059   0.630801 --- SIGSEGV (Segmentation fault) ---
8059   0.000861 --- SIGSEGV (Segmentation fault) ---
8059   0.676797 libjvm.so->fopen(0x2b324672dd70, 0x2b3247fb3ccb, 111, 0x732e6176) = 0x2b324c184100
8059   0.003024 libjvm.so->dlopen(0x2b324672dd70, 1, 0xffffffff, 0x2b324c26a400) = 0x2b324c001b10
8059   0.001160 libjvm.so->fopen(0x2b324672dd70, 0x2b3247fb3ccb, 111, 0x732e6176) = 0x2b324c1843b0
8059   0.002149 libjvm.so->dlopen(0x2b324672dd70, 1, 0xffffffff, 0x2b324c26a400) = 0x2b324c001b10
8059   0.001117 libjvm.so->fopen(0x2b324672dd70, 0x2b3247fb3ccb, 111, 0x732e6176) = 0x2b324c1843b0
8059   0.002032 libjvm.so->dlopen(0x2b324672dd70, 1, 0xffffffff, 0x2b324c26a400) = 0x2b324c001b10
8059   0.001129 libjvm.so->fopen(0x2b324672dd70, 0x2b3247fb3ccb, 111, 0x732e6176) = 0x2b324c184220
8059   0.002042 libjvm.so->dlopen(0x2b324672dd70, 1, 0xffffffff, 0x2b324c26a400) = 0x2b324c001b10
8059   0.008481 libjvm.so->fopen(0x2b324672dd70, 0x2b3247fb3ccb, 111, 0x732e6176) = 0x2b324c1841b0
8059   0.001944 libjvm.so->dlopen(0x2b324672dd70, 1, 0xffffffff, 0x2b324c203700) = 0x2b324c001b10
8059   0.001160 libjvm.so->fopen(0x2b324672dd70, 0x2b3247fb3ccb, 111, 0x732e6176) = 0x2b324c1841a0
8059   0.002255 libjvm.so->dlopen(0x2b324672dd70, 1, 0xffffffff, 0x2b324c276c00) = 0x2b324c001b10
8059   0.001142 libjvm.so->fopen(0x2b324672dd70, 0x2b3247fb3ccb, 111, 0x732e6176) = 0x2b324c184450
8059   0.002440 libjvm.so->dlopen(0x2b324672dd70, 1, 0xffffffff, 0x2b324c276c00) = 0x2b324c001b10
8059   0.001119 libjvm.so->fopen(0x2b324672dd70, 0x2b3247fb3ccb, 111, 0x732e6176) = 0x2b324c1841a0
8059   0.001827 libjvm.so->dlopen(0x2b324672dd70, 1, 0xffffffff, 0x2b324c276c00) = 0x2b324c001b10
8059   1.014792 --- SIGSEGV (Segmentation fault) ---
8059   0.002358 --- SIGSEGV (Segmentation fault) ---
8059   0.000552 --- SIGSEGV (Segmentation fault) ---
8059   1.000530 --- SIGSEGV (Segmentation fault) ---
8067   3.418672 +++ exited (status 0) +++
8063   0.000173 --- SIGSEGV (Segmentation fault) ---
8060   0.000322 +++ exited (status 0) +++
8059   0.000184 +++ exited (status 0) +++
8066   0.000257 +++ exited (status 0) +++
8065   0.000017 +++ exited (status 0) +++
8064   0.000018 +++ exited (status 0) +++
8062   0.000014 +++ exited (status 0) +++
8061   0.000011 +++ exited (status 0) +++
8063   0.015408 +++ exited (status 0) +++
8056   0.000079 +++ exited (status 0) +++
Wrote an ltrace for command: "java -cp ./tools/maxent.jar density.Project outputs/Cheilosia_vernalis/Cheilosia_vernalis.lambdas data/layers/worldclim outputs/Cheilosia_vernalis_worldclim.asc nowarnings nocache autorun -z" with PID 8054 from PPID 8038 on disc23.crc.nd.edu with result 0
_CONDOR_ANCESTOR_23327=23395:1599499133:663036008
REMOTEHOST=10.17.148.247
_CONDOR_JOB_PIDS=
MANPATH=/afs/crc.nd.edu/user/n/nkremerh/cctools/share/man/:/afs/crc.nd.edu/group/ccl/software/x86_64/redhat7/ruby/current/share/man:/afs/crc.nd.edu/group/ccl/software/x86_64/redhat7/graphviz/current/share/man:/afs/crc.nd.edu/group/ccl/software/x86_64/redhat7/gnuplot/current/share/man:/afs/crc.nd.edu/group/ccl/software/x86_64/redhat7/git/current/share/man:/afs/crc.nd.edu/group/ccl/software/x86_64/redhat7/condor/current/share/man:/afs/crc.nd.edu/group/ccl/software/x86_64/redhat7/clang/current/share/man:/afs/crc.nd.edu/group/ccl/software/x86_64/redhat7/condor/current/share/man:/afs/crc.nd.edu/group/ccl/software/x86_64/redhat7/cctools/current/share/man:/afs/crc.nd.edu/group/ccl/software/x86_64/redhat7/cctools/current/share/man:/afs/crc.nd.edu/x86_64_linux/Modules/4.5.0/share/man:/opt/crc/usr/local/man:/opt/sge/man:/usr/share/man/overrides:/usr/share/man:/usr/local/share/man
XDG_SESSION_ID=2686
HOSTNAME=disc01.crc.nd.edu
_LMFILES__modshare=/afs/crc.nd.edu/x86_64_linux/Modules/modules/system_modules/CRC_default/1.1:1
MODULEPATH_modshare=/afs/crc.nd.edu/x86_64_linux/Modules/modules/general_software:1:/afs/crc.nd.edu/x86_64_linux/Modules/modules/development_tools_and_libraries:1:/afs/crc.nd.edu/x86_64_linux/Modules/modules/system_modules:1:/afs/crc.nd.edu/x86_64_linux/Modules/current/modulefiles:1:/afs/crc.nd.edu/x86_64_linux/Modules/modules/restricted_software:1:/afs/crc.nd.edu/x86_64_linux/Modules/modules/deprecated_software:1
MODULES_CMD=/afs/crc.nd.edu/x86_64_linux/Modules/4.5.0/libexec/modulecmd.tcl
HOST=disc01.crc.nd.edu
SHELL=/bin/tcsh
TERM=xterm-256color
MAKEFLAGS=
HISTSIZE=5000
TMPDIR=/var/condor/execute/dir_23327/worker-213124-23421/t.1599/cctools-temp-t.1599.LdFeWv
SSH_CLIENT=10.17.148.247 49750 22
PERL5LIB=/afs/crc.nd.edu/user/n/nkremerh/cctools/lib/perl5/site_perl/5.16.3:/afs/crc.nd.edu/user/n/nkremerh/.perl5/lib/perl5
SGE_CELL=crc
_CONDOR_SCRATCH_DIR=/var/condor/execute/dir_23327
PERL_MB_OPT=--install_base '/afs/crc.nd.edu/user/n/nkremerh/.perl5/'
SSH_TTY=/dev/pts/0
SGE_LOAD_AVG=load_avg
MAKEFLOW_MAX_LOCAL_JOBS=2
HISTFILESIZE=10000
_CHIRP_DELAYED_UPDATE_PREFIX=Chirp*
USER=nkremerh
GROUP=campus
LD_LIBRARY_PATH=/afs/crc.nd.edu/group/ccl/software/x86_64/redhat7/ruby/current/lib:/afs/crc.nd.edu/group/ccl/software/x86_64/redhat7/graphviz/current/lib:/afs/crc.nd.edu/group/ccl/software/x86_64/redhat7/git/current/lib:/afs/crc.nd.edu/group/ccl/software/x86_64/redhat7/condor/current/lib:/afs/crc.nd.edu/group/ccl/software/x86_64/redhat7/clang/current/lib:/afs/crc.nd.edu/group/ccl/software/x86_64/redhat7/condor/current/lib:/afs/crc.nd.edu/group/ccl/software/x86_64/redhat7/cctools/current/lib:/opt/crc/usr/local/lib
TEMP=/var/condor/execute/dir_23327/worker-213124-23421/t.1599/cctools-temp-t.1599.LdFeWv
BATCH_SYSTEM=HTCondor
WORKER_TMPDIR=/var/condor/execute/dir_23327/worker-213124-23421/cache/tmp
ENV=/afs/crc.nd.edu/x86_64_linux/Modules/4.5.0/init/profile.sh
MODULES_LMALTNAME=CRC_default/1.1&CRC_default/default&CRC_default
_CONDOR_ANCESTOR_3574=23327:1599499132:4040868324
_CONDOR_CHIRP_CONFIG=/var/condor/execute/dir_23327/.chirp.config
GLOBUS_GSSAPI_MAX_TLS_PROTOCOL=0
_CONDOR_HIGHPORT=9999
HOSTTYPE=x86_64-linux
MAKELEVEL=1
MFLAGS=
CCLSOFTWARE=/afs/crc.nd.edu/group/ccl/software/x86_64/redhat7
PATH=/afs/crc.nd.edu/user/n/nkremerh/cctools/bin:/afs/crc.nd.edu/user/n/nkremerh/miniconda/bin:/afs/crc.nd.edu/group/ccl/software/git:/afs/crc.nd.edu/user/n/nkremerh/.local/bin:/afs/crc.nd.edu/group/ccl/software/x86_64/redhat7/povray/3.7/bin:/afs/crc.nd.edu/user/n/nkremerh/.perl5/bin:/afs/crc.nd.edu/user/n/nkremerh/pegasus/bin:/afs/crc.nd.edu/user/n/nkremerh/nodejs/bin:/afs/crc.nd.edu/user/n/nkremerh/montage/bin:/afs/crc.nd.edu/user/n/nkremerh/latexdiff:/afs/crc.nd.edu/user/n/nkremerh/envtrace:/afs/crc.nd.edu/user/n/nkremerh/endlines:/afs/crc.nd.edu/user/n/nkremerh/cctools/bin:/afs/crc.nd.edu/user/n/nkremerh/.cargo/bin:/afs/crc.nd.edu/group/ccl/software/x86_64/redhat7/ruby/current/bin:/afs/crc.nd.edu/group/ccl/software/x86_64/redhat7/graphviz/current/bin:/afs/crc.nd.edu/group/ccl/software/x86_64/redhat7/gnuplot/current/bin:/afs/crc.nd.edu/group/ccl/software/x86_64/redhat7/git/current/bin:/afs/crc.nd.edu/group/ccl/software/x86_64/redhat7/condor/current/sbin:/afs/crc.nd.edu/group/ccl/software/x86_64/redhat7/condor/current/bin:/afs/crc.nd.edu/group/ccl/software/x86_64/redhat7/cmake/current/bin:/afs/crc.nd.edu/group/ccl/software/x86_64/redhat7/clang/current/bin:/afs/crc.nd.edu/group/ccl/software/x86_64/redhat7/condor/current/sbin:/afs/crc.nd.edu/group/ccl/software/x86_64/redhat7/condor/current/bin:/afs/crc.nd.edu/group/ccl/software/x86_64/redhat7/cctools/current/bin:/afs/crc.nd.edu/x86_64_linux/Modules/4.5.0/bin:/opt/crc/usr/local/bin:/opt/sge/bin/lx-amd64:/usr/local/bin:/usr/bin:/usr/local/sbin:/usr/sbin:/afs/crc.nd.edu/user/c/condor/software/bin:/afs/crc.nd.edu/user/c/condor/software/sbin
MAIL=/var/spool/mail/nkremerh
_CONDOR_ANCESTOR_3382=3574:1598183948:1170902758
PWD=/var/condor/execute/dir_23327/worker-213124-23421/t.1599
_LMFILES_=/afs/crc.nd.edu/x86_64_linux/Modules/modules/system_modules/CRC_default/1.1
SGE_EXECD_PORT=6445
EDITOR=vim
LANG=en_US.UTF-8
MODULEPATH=/afs/crc.nd.edu/x86_64_linux/Modules/modules/development_tools_and_libraries:/afs/crc.nd.edu/x86_64_linux/Modules/modules/general_software:/afs/crc.nd.edu/x86_64_linux/Modules/modules/restricted_software:/afs/crc.nd.edu/x86_64_linux/Modules/modules/system_modules:/afs/crc.nd.edu/x86_64_linux/Modules/modules/deprecated_software:/afs/crc.nd.edu/x86_64_linux/Modules/current/modulefiles
SGE_QMASTER_PORT=6444
SGE_ROOT=/opt/sge
LOADEDMODULES=CRC_default/1.1
WORK_QUEUE_SANDBOX=/var/condor/execute/dir_23327/worker-213124-23421
_CONDOR_SLOT=slot2_2
CCLPLATFORM=x86_64/redhat7
USE_SYSTEMD=true
_CONDOR_LOWPORT=9100
KRB5CCNAME=FILE:/tmp/krb5cc_213124_dlYXoi
HISTCONTROL=ignoreboth:erasedups
PATH_modshare=/opt/crc/usr/local/bin:1:/opt/sge/bin/lx-amd64:1:/usr/sbin:1:/usr/bin:1:/afs/crc.nd.edu/user/c/condor/software/sbin:1:/usr/local/sbin:1:/afs/crc.nd.edu/user/c/condor/software/bin:1:/usr/local/bin:1
SHLVL=7
HOME=disc01.crc.nd.edu
GLOBUS_GSSAPI_NAME_COMPATIBILITY=STRICT_RFC2818
_CONDOR_MACHINE_AD=/var/condor/execute/dir_23327/.machine.ad
OSTYPE=linux
DISK=18248
GREP_OPTIONS=--color=auto
GLOBUS_GSSAPI_MIN_TLS_PROTOCOL=TLS1_VERSION
MEMORY=1948
MANPATH_modshare=/usr/share/man/overrides:1:/usr/local/share/man:1:/usr/share/man:1:/opt/crc/usr/local/man:1:/opt/sge/man:1
VENDOR=unknown
BASH_ENV=/afs/crc.nd.edu/x86_64_linux/Modules/4.5.0/init/bash
PERL_LOCAL_LIB_ROOT=/afs/crc.nd.edu/user/n/nkremerh/.perl5/
PYTHONPATH=/afs/crc.nd.edu/user/n/nkremerh/cctools/lib/python3.6/site-packages/
CCLHOME=/afs/crc.nd.edu/group/ccl
MACHTYPE=x86_64
LOGNAME=nkremerh
TMP=/var/condor/execute/dir_23327/worker-213124-23421/t.1599/cctools-temp-t.1599.LdFeWv
LD_LIBRARY_PATH_modshare=/opt/crc/usr/local/lib:1
MODULES_LMALTNAME_modshare=CRC_default/1.1&CRC_default/default&CRC_default:1
SSH_CONNECTION=10.17.148.247 49750 129.74.128.103 22
MODULESHOME=/afs/crc.nd.edu/x86_64_linux/Modules/4.5.0
OMP_NUM_THREADS=1
LESSOPEN=||/usr/bin/lesspipe.sh %s
GLOBUS_GSSAPI_BACKWARD_COMPATIBLE_MIC=true
GLOBUS_GSSAPI_CIPHERS=HIGH
LOADEDMODULES_modshare=CRC_default/1.1:1
_CONDOR_JOB_AD=/var/condor/execute/dir_23327/.job.ad
SGE_CLUSTER_NAME=CRC
XDG_RUNTIME_DIR=/run/user/213124
CCTOOLS=../cctools
CORES=2
_CONDOR_JOB_IWD=/var/condor/execute/dir_23327
PERL_MM_OPT=INSTALL_BASE=/afs/crc.nd.edu/user/n/nkremerh/.perl5/
GLOBUS_GSSAPI_SERVER_CIPHER_ORDER=true
BASH_FUNC_module()=() {  unset _mlshdbg;
 if [ "${MODULES_SILENT_SHELL_DEBUG:-0}" = '1' ]; then
 case "$-" in 
 *v*x*)
 set +vx;
 _mlshdbg='vx'
 ;;
 *v*)
 set +v;
 _mlshdbg='v'
 ;;
 *x*)
 set +x;
 _mlshdbg='x'
 ;;
 *)
 _mlshdbg=''
 ;;
 esac;
 fi;
 unset _mlre _mlIFS;
 if [ -n "${IFS+x}" ]; then
 _mlIFS=$IFS;
 fi;
 IFS=' ';
 for _mlv in ${MODULES_RUN_QUARANTINE:-};
 do
 if [ "${_mlv}" = "${_mlv##*[!A-Za-z0-9_]}" -a "${_mlv}" = "${_mlv#[0-9]}" ]; then
 if [ -n "`eval 'echo ${'$_mlv'+x}'`" ]; then
 _mlre="${_mlre:-}${_mlv}_modquar='`eval 'echo ${'$_mlv'}'`' ";
 fi;
 _mlrv="MODULES_RUNENV_${_mlv}";
 _mlre="${_mlre:-}${_mlv}='`eval 'echo ${'$_mlrv':-}'`' ";
 fi;
 done;
 if [ -n "${_mlre:-}" ]; then
 eval `eval ${_mlre}/usr/bin/tclsh /afs/crc.nd.edu/x86_64_linux/Modules/4.5.0/libexec/modulecmd.tcl bash '"$@"'`;
 else
 eval `/usr/bin/tclsh /afs/crc.nd.edu/x86_64_linux/Modules/4.5.0/libexec/modulecmd.tcl bash "$@"`;
 fi;
 _mlstatus=$?;
 if [ -n "${_mlIFS+x}" ]; then
 IFS=$_mlIFS;
 else
 unset IFS;
 fi;
 unset _mlre _mlv _mlrv _mlIFS;
 if [ -n "${_mlshdbg:-}" ]; then
 set -$_mlshdbg;
 fi;
 unset _mlshdbg;
 return $_mlstatus
}
BASH_FUNC_ml()=() {  module ml "$@"
}
_=/usr/bin/printenv
