21951   0.000000 libjli.so->getenv("_JAVA_LAUNCHER_DEBUG") = nil
21951   0.001121 libjli.so->getenv("_JAVA_VERSION_SET") = nil
21951   0.000422 libjli.so->fopen("/usr/lib/jvm/java-1.8.0-openjdk-1.8.0.262.b10-0.el7_8.x86_64/jre/lib/amd64/jvm.cfg", "r") = 0x5625496430e0
21951   0.000527 libjli.so->getenv("JDK_ALTERNATE_VM") = nil
21951   0.000204 libjli.so->__xstat(1, "/usr/lib/jvm/java-1.8.0-openjdk-1.8.0.262.b10-0.el7_8.x86_64/jre/lib/amd64/server/libjvm.so", 0x7ffd4e52ad10) = 0
21951   0.000392 libjli.so->getenv("LD_LIBRARY_PATH") = "/afs/crc.nd.edu/group/ccl/software/x86_64/redhat7/ruby/current/lib:/afs/crc.nd.edu/group/ccl/software/x86_64/redhat7/graphviz/current/lib:/afs/crc.nd.edu/group/ccl/software/x86_64/redhat7/git/current/lib:/afs/crc.nd.edu/group/ccl/software/x86_64/redhat7/condor/current/lib:/afs/crc.nd.edu/group/ccl/software/x86_64/redhat7/clang/current/lib:/afs/crc.nd.edu/group/ccl/software/x86_64/redhat7/condor/current/lib:/afs/crc.nd.edu/group/ccl/software/x86_64/redhat7/cctools/current/lib:/opt/crc/usr/local/lib"
21951   0.001378 libjli.so->dlopen("/usr/lib/jvm/java-1.8.0-openjdk-1.8.0.262.b10-0.el7_8.x86_64/jre/lib/amd64/server/libjvm.so", 258 <unfinished ...>
21951   0.024495 libjvm.so->getenv("NMT_LEVEL_21951") = nil
21951   0.001024 <... dlopen resumed> )          = 0x5625496434b0
21951   0.000044 libjli.so->getenv("CLASSPATH")  = nil
21951   0.000202 libjli.so->getenv("_JAVA_SPLASH_JAR") = nil
21951   0.000197 libjli.so->getenv("_JAVA_SPLASH_FILE") = nil
21951   0.000204 libjli.so->pthread_attr_setdetachstate(0x7ffd4e52acc0, 0, 0x7ffd4e52ad50, 0) = 0
21951   0.000367 libpthread.so.0->__clone(0x2aebe1208de0, 0x2aebe111bfc0, 0x3d0f00, 0x2aebe111c700) = 0x55c0
21952   0.001407 libjvm.so->dlopen(0x2aebe29e79ae, 1, 0xfffffffffff42c48, 4096) = 0x2aebe4000990
21952   0.001668 libjvm.so->getenv(0x2aebe2a0283e, 0, 115, 0x65737361) = 0x7ffd4e530692
21952   0.000301 libjvm.so->fopen(0x2aebe111ac10, 0x2aebe299eccb, 0x6f732e79666972, 0x2aebe1ae0ab0) = 0x2aebe4001440
21952   0.000886 libjvm.so->dlopen(0x2aebe111ac10, 1, 0xffffffff, 0x2aebe4002b00) = 0x2aebe4001440
21952   0.000946 libjvm.so->fopen(0x2aebe111ac10, 0x2aebe299eccb, 111, 0x732e6176) = 0x2aebe4001b10
21952   0.001056 libjvm.so->dlopen(0x2aebe111ac10, 1, 0xffffffff, 0x2aebe4001a00) = 0x2aebe4001b10
21952   0.001338 libjvm.so->__xstat(1, 0x2aebe111b360, 0x2aebe111bba0, 0x746f7073746f682e) = -1
21952   0.000333 libjvm.so->getenv(0x2aebe2997541, 0x2aebe111b6d0, 1024, 0x2aebe2e5161b) = 0
21952   0.000299 libjvm.so->getenv(0x2aebe2997533, 0x2aebe111b6d0, 1024, 0) = 0
21952   0.000268 libjvm.so->fopen(0x2aebe29e7315, 0x2aebe299eccb, 4095, 0xffffd5141d668b03) = 0x2aebe40032d0
21952   0.000739 libjvm.so->fopen(0x2aebe29e7361, 0x2aebe299eccb, 0x2aebe4000078, 0x2aebe40032c0) = 0x2aebe40032d0
21952   0.000471 libjvm.so->fopen(0x2aebe11159b0, 0x2aebe299eccb, 4014, 3995) = 0x2aebe40032d0
21952   0.000423 libjvm.so->opendir(0x2aebe4002b40, 0x2aebe4002b40, 13, 16) = 0
21952   0.000291 libjvm.so->__xstat(1, 0x2aebe111a8f0, 0x2aebe1119860, 0x6f732e7477616d62) = -1
21952   0.000279 libjvm.so->__xstat(1, 0x2aebe111a8f0, 0x2aebe1119860, 0x5f74776162696c2f) = 0
21952   0.000328 libjvm.so->fopen(0x2aebe1119b90, 0x2aebe299eccb, 4009, 3994) = 0x2aebe40037b0
21952   0.000388 libjvm.so->fopen(0x2aebe1119b90, 0x2aebe299eccb, 4009, 3994) = 0x2aebe40037b0
21952   0.000419 libjvm.so->fopen(0x2aebe1119b90, 0x2aebe299eccb, 4009, 4002) = 0x2aebe40037b0
21952   0.000418 libjvm.so->fopen(0x2aebe1119b20, 0x2aebe299eccb, 4009, 3994) = 0x2aebe40037b0
21952   0.000399 libjvm.so->fopen(0x2aebe1119b20, 0x2aebe299eccb, 4009, 3994) = 0x2aebe40037b0
21952   0.000448 libjvm.so->fopen(0x2aebe1119b20, 0x2aebe299eccb, 4009, 4002) = 0x2aebe40037b0
21952   0.000408 libjvm.so->fopen(0x2aebe1119b50, 0x2aebe299eccb, 4014, 3995) = 0x2aebe40037b0
21952   0.000523 libjvm.so->getenv(0x2aebe29e80ff, 4096, 3, -1) = 0
21952   0.000588 libjvm.so->fopen(0x2aebe29e7998, 0x2aebe299eccb, 0x2aebe11ff908, 0x2aebe11fedf0) = 0x2aebe40037b0
21952   0.003151 libjvm.so->open(0x2aebe404a5a0, 0x20000, 0, 0x2aebe404a5e9) = 3
21952   0.000287 libjvm.so->__fxstat(1, 3, 0x2aebe111ba00, -1) = 0
21952   0.000315 libjvm.so->opendir(0x2aebe404a5a0, 0x2aebe111ba00, 0x4000, -1) = 0x2aebe404b4b0
21952   0.000346 libjvm.so->__fxstat(1, 3, 0x2aebe111b8a0, 0x2aebe404b4b0) = 0
21952   0.000296 libjvm.so->__fxstat(1, 5, 0x2aebe111b930, -1) = 0
21952   0.000296 libjvm.so->open(0x2aebe29b59dc, 0, 0, 0) = 3
21952   0.000450 libjvm.so->__lxstat(1, 0x2aebe404a5a0, 0x2aebe111bb50, -144) = 0
21952   0.000352 libjvm.so->open(0x2aebe404a5a0, 0x20000, 0x4000, -1) = 3
21952   0.000282 libjvm.so->__fxstat(1, 3, 0x2aebe111ba00, -1) = 0
21952   0.000289 libjvm.so->opendir(0x2aebe404a5a0, 0x2aebe111ba00, 0x4000, -1) = 0x2aebe404b4b0
21952   0.000331 libjvm.so->__fxstat(1, 3, 0x2aebe111b8a0, 0x2aebe404b4b0) = 0
21952   0.000274 libjvm.so->__fxstat(1, 5, 0x2aebe111b930, -1) = 0
21952   0.000291 libjvm.so->open(0x2aebe29b59dc, 0, 0, 0) = 3
21952   0.000349 libjvm.so->open(0x2aebe404a5e9, 0x20042, 384, -1) = 7
21952   0.000499 libjvm.so->__fxstat(1, 7, 0x2aebe111bb50, -1) = 0
21952   0.001086 libjvm.so->fopen(0x2aebe111ab60, 0x2aebe299eccb, 4, 0x6f732e70) = 0x2aebe4057c00
21952   0.000989 libjvm.so->dlopen(0x2aebe111ab60, 1, 0xffffffff, 0x2aebe4057b00) = 0x2aebe4057c00
21952   0.000945 libjvm.so->__xstat(1, 0x2aebe111b120, 0x2aebe111b950, 2048) = 0
21952   0.000302 libjvm.so->__xstat(1, 0x2aebe111b120, 0x2aebe111b950, 2048) = 0
21952   0.000302 libjvm.so->__xstat(1, 0x2aebe111b120, 0x2aebe111b950, 2048) = -1
21952   0.000299 libjvm.so->__xstat(1, 0x2aebe111b120, 0x2aebe111b950, 2048) = 0
21952   0.000321 libjvm.so->__xstat(1, 0x2aebe111b120, 0x2aebe111b950, 2048) = 0
21952   0.000319 libjvm.so->__xstat(1, 0x2aebe111b120, 0x2aebe111b950, 2048) = 0
21952   0.000300 libjvm.so->__xstat(1, 0x2aebe111b120, 0x2aebe111b950, 2048) = 0
21952   0.000281 libjvm.so->__xstat(1, 0x2aebe111b120, 0x2aebe111b950, 2048) = -1
21952   0.000321 libjvm.so->fopen(0x2aebe4002520, 0x2aebe299eccb, 0, 0) = 0x2aebe4058aa0
21952   0.005987 libjvm.so->open64(0x2aebe111a410, 0, 0, 16) = 3
21952   0.000368 libjvm.so->__fxstat64(1, 3, 0x2aebe111a240, -1) = 0
21952   0.023202 libjvm.so->__xstat(1, 0x2aebe111af20, 0x2aebe111b750, 2048) = -1
21952   0.000402 libjvm.so->fopen(0x2aebe1119b20, 0x2aebe299eccb, 4009, 3994) = 0x2aebe40b1fb0
21952   0.000452 libjvm.so->fopen(0x2aebe1119b20, 0x2aebe299eccb, 4009, 3994) = 0x2aebe40b1fb0
21952   0.000410 libjvm.so->fopen(0x2aebe1119b20, 0x2aebe299eccb, 4009, 4002) = 0x2aebe40b1fb0
21952   0.002871 libjvm.so->pthread_attr_setdetachstate(0x2aebe111bc00, 1, 0, 0) = 0
21952   0.000349 libpthread.so.0->__clone(0x2aebe1208de0, 0x2aebf9aa5fc0, 0x3d0f00, 0x2aebf9aa6700) = 0x55c1
21952   0.010269 libjvm.so->pthread_attr_setdetachstate(0x2aebe111b290, 1, 0, 0) = 0
21952   0.000393 libpthread.so.0->__clone(0x2aebe1208de0, 0x2aebf9ba6fc0, 0x3d0f00, 0x2aebf9ba7700) = 0x55c2
21952   0.004558 libjvm.so->pthread_attr_setdetachstate(0x2aebe111b610, 1, 0, 0) = 0
21952   0.000504 libpthread.so.0->__clone(0x2aebe1208de0, 0x2aebf9ca7fc0, 0x3d0f00, 0x2aebf9ca8700) = 0x55c3
21952   0.026879 libjvm.so->fopen(0x2aebe40f17f0, 0x2aebe299eccb, 4, 0x6f732e70) = 0x2aebe40f1cf0
21952   0.001306 libjvm.so->dlopen(0x2aebe40f17f0, 1, 0xffffffff, 0x2aebe40e8c00) = 0x2aebe4057c00
21952   0.003476 libjvm.so->open64(0x2aebe111a510, 0, 0, 16) = 5
21952   0.000617 libjvm.so->__fxstat64(1, 5, 0x2aebe111a340, -1) = 0
21952   0.012924 libjvm.so->fopen(0x2aebe1117130, 0x2aebe299eccb, 4009, 3994) = 0x2aebe40fccc0
21952   0.000737 libjvm.so->fopen(0x2aebe1117130, 0x2aebe299eccb, 4009, 3994) = 0x2aebe40fccc0
21952   0.000689 libjvm.so->fopen(0x2aebe1117130, 0x2aebe299eccb, 4009, 4002) = 0x2aebe40fccc0
21952   0.010413 libjvm.so->pthread_attr_setdetachstate(0x2aebe111bb50, 1, 0, 0) = 0
21952   0.000621 libpthread.so.0->__clone(0x2aebe1208de0, 0x2aebf9da8fc0, 0x3d0f00, 0x2aebf9da9700) = 0x55c4
21952   0.000940 libjvm.so->__xstat64(1, 0x2aebe111bbe0, 0x2aebe111bb50, 19) = -1
21952   0.001003 libjvm.so->pthread_attr_setdetachstate(0x2aebe111b950, 1, 0, 0) = 0
21952   0.000752 libpthread.so.0->__clone(0x2aebe1208de0, 0x2aebf9ea9fc0, 0x3d0f00, 0x2aebf9eaa700) = 0x55c5
21952   0.001116 libjvm.so->pthread_attr_setdetachstate(0x2aebe111b950, 1, 0, 0) = 0
21952   0.000854 libpthread.so.0->__clone(0x2aebe1208de0, 0x2aebf9faafc0, 0x3d0f00, 0x2aebf9fab700) = 0x55c6
21952   0.005428 libjvm.so->pthread_attr_setdetachstate(0x2aebe111baa0, 1, 0, 0) = 0
21952   0.001299 libpthread.so.0->__clone(0x2aebe1208de0, 0x2aebfa0abfc0, 0x3d0f00, 0x2aebfa0ac700) = 0x55c8
21952   0.001834 libjvm.so->pthread_attr_setdetachstate(0x2aebe111bbb0, 1, 0, 0) = 0
21952   0.001108 libpthread.so.0->__clone(0x2aebe1208de0, 0x2aebfa1acfc0, 0x3d0f00, 0x2aebfa1ad700) = 0x55c9
21952   0.010489 libjvm.so->open64(0x2aebe41208a0, 0, 0, 32) = 7
21952   0.001162 libjvm.so->__fxstat64(1, 7, 0x2aebe1118f60, -1) = 0
21952   0.017553 libjvm.so->fopen(0x2aebe41546e0, 0x2aebe299eccb, 4, 0x6f732e6f) = 0x2aebe41547a0
21952   0.002164 libjvm.so->dlopen(0x2aebe41546e0, 1, 0xffffffff, 0x2aebe4154700) = 0x2aebe41547a0
21952   0.074054 libjvm.so->fopen(0x2aebe1115e40, 0x2aebe299eccb, 0x6f732e, 0x6d766a62696c2f72) = 0x2aebe4169e10
21952   0.004335 libjvm.so->dlopen(0x2aebe1115e40, 1, 0xffffffff, 0x2aebe4169d00) = 0x5625496434b0
21952   0.001114 libjvm.so->fopen(0x2aebe1115e40, 0x2aebe299eccb, 0x6f732e, 0x6d766a62696c2f72) = 0x2aebe416a210
21952   0.004710 libjvm.so->dlopen(0x2aebe1115e40, 1, 0xffffffff, 0x2aebe4169d00) = 0x5625496434b0
21952   0.001108 libjvm.so->fopen(0x2aebe1115e40, 0x2aebe299eccb, 0x6f732e, 0x6d766a62696c2f72) = 0x2aebe4169e10
21952   0.002728 libjvm.so->dlopen(0x2aebe1115e40, 1, 0xffffffff, 0x2aebe4169d00) = 0x5625496434b0
21952   0.001070 libjvm.so->fopen(0x2aebe1115e40, 0x2aebe299eccb, 0x6f732e, 0x6d766a62696c2f72) = 0x2aebe4169e10
21952   0.002402 libjvm.so->dlopen(0x2aebe1115e40, 1, 0xffffffff, 0x2aebe4169d00) = 0x5625496434b0
21952   0.033601 libjvm.so->fopen(0x2aebe41b73d0, 0x2aebe299eccb, 4, 0x6f732e74) = 0x2aebe41c52a0
21952   0.002075 libjvm.so->dlopen(0x2aebe41b73d0, 1, 0xffffffff, 0x2aebe41ad600) = 0x2aebe41c52a0
21952   0.092779 libjvm.so->fopen(0x2aebe4230510, 0x2aebe299eccb, 0x6f732e7373656c, 0x656c646165685f74) = 0x2aebe42305f0
21952   0.002998 libjvm.so->dlopen(0x2aebe4230510, 1, 0xffffffff, 0x2aebe4230500) = 0x2aebe42305f0
21961   0.026546 +++ exited (status 0) +++
21956   0.000276 +++ exited (status 0) +++
21953   0.000197 +++ exited (status 0) +++
21952   0.000128 +++ exited (status 0) +++
21960   0.000186 +++ exited (status 1) +++
21957   0.000017 +++ exited (status 1) +++
21955   0.000009 +++ exited (status 1) +++
21954   0.000009 +++ exited (status 1) +++
21958   0.003620 +++ exited (status 1) +++
21951   0.000028 +++ exited (status 1) +++
Wrote an ltrace for command: "java -cp ./tools/maxent.jar density.Project outputs/Perdita_fieldi_Timberlake/Perdita_fieldi_Timberlake.lambdas data/layers/worldclim outputs/Perdita_fieldi_Timberlake_worldclim.asc nowarnings nocache autorun -z" with PID 21949 from PPID 21933 on disc23.crc.nd.edu with result 1
REMOTEHOST=10.17.150.11
_CONDOR_JOB_PIDS=
MANPATH=/afs/crc.nd.edu/user/n/nkremerh/cctools/share/man/:/afs/crc.nd.edu/group/ccl/software/x86_64/redhat7/ruby/current/share/man:/afs/crc.nd.edu/group/ccl/software/x86_64/redhat7/graphviz/current/share/man:/afs/crc.nd.edu/group/ccl/software/x86_64/redhat7/gnuplot/current/share/man:/afs/crc.nd.edu/group/ccl/software/x86_64/redhat7/git/current/share/man:/afs/crc.nd.edu/group/ccl/software/x86_64/redhat7/condor/current/share/man:/afs/crc.nd.edu/group/ccl/software/x86_64/redhat7/clang/current/share/man:/afs/crc.nd.edu/group/ccl/software/x86_64/redhat7/condor/current/share/man:/afs/crc.nd.edu/group/ccl/software/x86_64/redhat7/cctools/current/share/man:/afs/crc.nd.edu/group/ccl/software/x86_64/redhat7/cctools/current/share/man:/afs/crc.nd.edu/x86_64_linux/Modules/4.5.0/share/man:/opt/crc/usr/local/man:/opt/sge/man:/usr/share/man/overrides:/usr/share/man:/usr/local/share/man
XDG_SESSION_ID=4102
HOSTNAME=disc01.crc.nd.edu
_LMFILES__modshare=/afs/crc.nd.edu/x86_64_linux/Modules/modules/system_modules/CRC_default/1.1:1
MODULEPATH_modshare=/afs/crc.nd.edu/x86_64_linux/Modules/modules/general_software:1:/afs/crc.nd.edu/x86_64_linux/Modules/modules/development_tools_and_libraries:1:/afs/crc.nd.edu/x86_64_linux/Modules/modules/system_modules:1:/afs/crc.nd.edu/x86_64_linux/Modules/current/modulefiles:1:/afs/crc.nd.edu/x86_64_linux/Modules/modules/restricted_software:1:/afs/crc.nd.edu/x86_64_linux/Modules/modules/deprecated_software:1
MODULES_CMD=/afs/crc.nd.edu/x86_64_linux/Modules/4.5.0/libexec/modulecmd.tcl
HOST=disc01.crc.nd.edu
SHELL=/bin/tcsh
TERM=xterm-256color
MAKEFLAGS=
HISTSIZE=5000
TMPDIR=/var/condor/execute/dir_4609/worker-213124-4822/t.1534/cctools-temp-t.1534.LD0Tmu
SSH_CLIENT=10.17.150.11 36546 22
PERL5LIB=/afs/crc.nd.edu/user/n/nkremerh/cctools/lib/perl5/site_perl/5.16.3:/afs/crc.nd.edu/user/n/nkremerh/.perl5/lib/perl5
SGE_CELL=crc
_CONDOR_SCRATCH_DIR=/var/condor/execute/dir_4609
PERL_MB_OPT=--install_base '/afs/crc.nd.edu/user/n/nkremerh/.perl5/'
SSH_TTY=/dev/pts/2
SGE_LOAD_AVG=load_avg
_CONDOR_ANCESTOR_4609=4759:1600190003:977361062
MAKEFLOW_MAX_LOCAL_JOBS=2
HISTFILESIZE=10000
_CHIRP_DELAYED_UPDATE_PREFIX=Chirp*
USER=nkremerh
GROUP=campus
LD_LIBRARY_PATH=/afs/crc.nd.edu/group/ccl/software/x86_64/redhat7/ruby/current/lib:/afs/crc.nd.edu/group/ccl/software/x86_64/redhat7/graphviz/current/lib:/afs/crc.nd.edu/group/ccl/software/x86_64/redhat7/git/current/lib:/afs/crc.nd.edu/group/ccl/software/x86_64/redhat7/condor/current/lib:/afs/crc.nd.edu/group/ccl/software/x86_64/redhat7/clang/current/lib:/afs/crc.nd.edu/group/ccl/software/x86_64/redhat7/condor/current/lib:/afs/crc.nd.edu/group/ccl/software/x86_64/redhat7/cctools/current/lib:/opt/crc/usr/local/lib
TEMP=/var/condor/execute/dir_4609/worker-213124-4822/t.1534/cctools-temp-t.1534.LD0Tmu
BATCH_SYSTEM=HTCondor
WORKER_TMPDIR=/var/condor/execute/dir_4609/worker-213124-4822/cache/tmp
ENV=/afs/crc.nd.edu/x86_64_linux/Modules/4.5.0/init/profile.sh
MODULES_LMALTNAME=CRC_default/1.1&CRC_default/default&CRC_default
_CONDOR_ANCESTOR_3574=4609:1600190002:4040868522
_CONDOR_CHIRP_CONFIG=/var/condor/execute/dir_4609/.chirp.config
GLOBUS_GSSAPI_MAX_TLS_PROTOCOL=0
_CONDOR_HIGHPORT=9999
HOSTTYPE=x86_64-linux
MAKELEVEL=1
MFLAGS=
CCLSOFTWARE=/afs/crc.nd.edu/group/ccl/software/x86_64/redhat7
PATH=/afs/crc.nd.edu/user/n/nkremerh/cctools/bin:/afs/crc.nd.edu/user/n/nkremerh/miniconda/bin:/afs/crc.nd.edu/group/ccl/software/git:/afs/crc.nd.edu/user/n/nkremerh/.local/bin:/afs/crc.nd.edu/group/ccl/software/x86_64/redhat7/povray/3.7/bin:/afs/crc.nd.edu/user/n/nkremerh/.perl5/bin:/afs/crc.nd.edu/user/n/nkremerh/pegasus/bin:/afs/crc.nd.edu/user/n/nkremerh/nodejs/bin:/afs/crc.nd.edu/user/n/nkremerh/montage/bin:/afs/crc.nd.edu/user/n/nkremerh/latexdiff:/afs/crc.nd.edu/user/n/nkremerh/envtrace:/afs/crc.nd.edu/user/n/nkremerh/endlines:/afs/crc.nd.edu/user/n/nkremerh/cctools/bin:/afs/crc.nd.edu/user/n/nkremerh/.cargo/bin:/afs/crc.nd.edu/group/ccl/software/x86_64/redhat7/ruby/current/bin:/afs/crc.nd.edu/group/ccl/software/x86_64/redhat7/graphviz/current/bin:/afs/crc.nd.edu/group/ccl/software/x86_64/redhat7/gnuplot/current/bin:/afs/crc.nd.edu/group/ccl/software/x86_64/redhat7/git/current/bin:/afs/crc.nd.edu/group/ccl/software/x86_64/redhat7/condor/current/sbin:/afs/crc.nd.edu/group/ccl/software/x86_64/redhat7/condor/current/bin:/afs/crc.nd.edu/group/ccl/software/x86_64/redhat7/cmake/current/bin:/afs/crc.nd.edu/group/ccl/software/x86_64/redhat7/clang/current/bin:/afs/crc.nd.edu/group/ccl/software/x86_64/redhat7/condor/current/sbin:/afs/crc.nd.edu/group/ccl/software/x86_64/redhat7/condor/current/bin:/afs/crc.nd.edu/group/ccl/software/x86_64/redhat7/cctools/current/bin:/afs/crc.nd.edu/x86_64_linux/Modules/4.5.0/bin:/opt/crc/usr/local/bin:/opt/sge/bin/lx-amd64:/usr/local/bin:/usr/bin:/usr/local/sbin:/usr/sbin:/afs/crc.nd.edu/user/c/condor/software/bin:/afs/crc.nd.edu/user/c/condor/software/sbin
MAIL=/var/spool/mail/nkremerh
_CONDOR_ANCESTOR_3382=3574:1598183948:1170902758
PWD=/var/condor/execute/dir_4609/worker-213124-4822/t.1534
_LMFILES_=/afs/crc.nd.edu/x86_64_linux/Modules/modules/system_modules/CRC_default/1.1
SGE_EXECD_PORT=6445
EDITOR=vim
LANG=en_US.UTF-8
MODULEPATH=/afs/crc.nd.edu/x86_64_linux/Modules/modules/development_tools_and_libraries:/afs/crc.nd.edu/x86_64_linux/Modules/modules/general_software:/afs/crc.nd.edu/x86_64_linux/Modules/modules/restricted_software:/afs/crc.nd.edu/x86_64_linux/Modules/modules/system_modules:/afs/crc.nd.edu/x86_64_linux/Modules/modules/deprecated_software:/afs/crc.nd.edu/x86_64_linux/Modules/current/modulefiles
SGE_QMASTER_PORT=6444
SGE_ROOT=/opt/sge
LOADEDMODULES=CRC_default/1.1
WORK_QUEUE_SANDBOX=/var/condor/execute/dir_4609/worker-213124-4822
_CONDOR_SLOT=slot2_2
CCLPLATFORM=x86_64/redhat7
USE_SYSTEMD=true
_CONDOR_LOWPORT=9100
KRB5CCNAME=FILE:/tmp/krb5cc_213124_DZSV7p
HISTCONTROL=ignoreboth:erasedups
PATH_modshare=/opt/crc/usr/local/bin:1:/opt/sge/bin/lx-amd64:1:/usr/sbin:1:/usr/bin:1:/afs/crc.nd.edu/user/c/condor/software/sbin:1:/usr/local/sbin:1:/afs/crc.nd.edu/user/c/condor/software/bin:1:/usr/local/bin:1
SHLVL=7
HOME=disc01.crc.nd.edu
GLOBUS_GSSAPI_NAME_COMPATIBILITY=STRICT_RFC2818
_CONDOR_MACHINE_AD=/var/condor/execute/dir_4609/.machine.ad
OSTYPE=linux
DISK=18248
GREP_OPTIONS=--color=auto
GLOBUS_GSSAPI_MIN_TLS_PROTOCOL=TLS1_VERSION
MEMORY=1948
MANPATH_modshare=/usr/share/man/overrides:1:/usr/local/share/man:1:/usr/share/man:1:/opt/crc/usr/local/man:1:/opt/sge/man:1
VENDOR=unknown
BASH_ENV=/afs/crc.nd.edu/x86_64_linux/Modules/4.5.0/init/bash
PERL_LOCAL_LIB_ROOT=/afs/crc.nd.edu/user/n/nkremerh/.perl5/
PYTHONPATH=/afs/crc.nd.edu/user/n/nkremerh/cctools/lib/python3.6/site-packages/
CCLHOME=/afs/crc.nd.edu/group/ccl
MACHTYPE=x86_64
LOGNAME=nkremerh
TMP=/var/condor/execute/dir_4609/worker-213124-4822/t.1534/cctools-temp-t.1534.LD0Tmu
LD_LIBRARY_PATH_modshare=/opt/crc/usr/local/lib:1
MODULES_LMALTNAME_modshare=CRC_default/1.1&CRC_default/default&CRC_default:1
SSH_CONNECTION=10.17.150.11 36546 129.74.128.103 22
MODULESHOME=/afs/crc.nd.edu/x86_64_linux/Modules/4.5.0
OMP_NUM_THREADS=1
LESSOPEN=||/usr/bin/lesspipe.sh %s
GLOBUS_GSSAPI_BACKWARD_COMPATIBLE_MIC=true
GLOBUS_GSSAPI_CIPHERS=HIGH
LOADEDMODULES_modshare=CRC_default/1.1:1
_CONDOR_JOB_AD=/var/condor/execute/dir_4609/.job.ad
SGE_CLUSTER_NAME=CRC
XDG_RUNTIME_DIR=/run/user/213124
CCTOOLS=../cctools
CORES=2
_CONDOR_JOB_IWD=/var/condor/execute/dir_4609
PERL_MM_OPT=INSTALL_BASE=/afs/crc.nd.edu/user/n/nkremerh/.perl5/
GLOBUS_GSSAPI_SERVER_CIPHER_ORDER=true
BASH_FUNC_module()=() {  unset _mlshdbg;
 if [ "${MODULES_SILENT_SHELL_DEBUG:-0}" = '1' ]; then
 case "$-" in 
 *v*x*)
 set +vx;
 _mlshdbg='vx'
 ;;
 *v*)
 set +v;
 _mlshdbg='v'
 ;;
 *x*)
 set +x;
 _mlshdbg='x'
 ;;
 *)
 _mlshdbg=''
 ;;
 esac;
 fi;
 unset _mlre _mlIFS;
 if [ -n "${IFS+x}" ]; then
 _mlIFS=$IFS;
 fi;
 IFS=' ';
 for _mlv in ${MODULES_RUN_QUARANTINE:-};
 do
 if [ "${_mlv}" = "${_mlv##*[!A-Za-z0-9_]}" -a "${_mlv}" = "${_mlv#[0-9]}" ]; then
 if [ -n "`eval 'echo ${'$_mlv'+x}'`" ]; then
 _mlre="${_mlre:-}${_mlv}_modquar='`eval 'echo ${'$_mlv'}'`' ";
 fi;
 _mlrv="MODULES_RUNENV_${_mlv}";
 _mlre="${_mlre:-}${_mlv}='`eval 'echo ${'$_mlrv':-}'`' ";
 fi;
 done;
 if [ -n "${_mlre:-}" ]; then
 eval `eval ${_mlre}/usr/bin/tclsh /afs/crc.nd.edu/x86_64_linux/Modules/4.5.0/libexec/modulecmd.tcl bash '"$@"'`;
 else
 eval `/usr/bin/tclsh /afs/crc.nd.edu/x86_64_linux/Modules/4.5.0/libexec/modulecmd.tcl bash "$@"`;
 fi;
 _mlstatus=$?;
 if [ -n "${_mlIFS+x}" ]; then
 IFS=$_mlIFS;
 else
 unset IFS;
 fi;
 unset _mlre _mlv _mlrv _mlIFS;
 if [ -n "${_mlshdbg:-}" ]; then
 set -$_mlshdbg;
 fi;
 unset _mlshdbg;
 return $_mlstatus
}
BASH_FUNC_ml()=() {  module ml "$@"
}
_=/usr/bin/printenv
