326   0.000000 libjli.so->getenv("_JAVA_LAUNCHER_DEBUG") = nil
326   0.001869 libjli.so->getenv("_JAVA_VERSION_SET") = nil
326   0.000952 libjli.so->fopen("/usr/lib/jvm/java-1.8.0-openjdk-1.8.0.262.b10-0.el7_8.x86_64/jre/lib/amd64/jvm.cfg", "r") = 0x55bce36e20e0
326   0.000812 libjli.so->getenv("JDK_ALTERNATE_VM") = nil
326   0.000315 libjli.so->__xstat(1, "/usr/lib/jvm/java-1.8.0-openjdk-1.8.0.262.b10-0.el7_8.x86_64/jre/lib/amd64/server/libjvm.so", 0x7ffc688d6550) = 0
326   0.000594 libjli.so->getenv("LD_LIBRARY_PATH") = "/afs/crc.nd.edu/group/ccl/software/x86_64/redhat7/ruby/current/lib:/afs/crc.nd.edu/group/ccl/software/x86_64/redhat7/graphviz/current/lib:/afs/crc.nd.edu/group/ccl/software/x86_64/redhat7/git/current/lib:/afs/crc.nd.edu/group/ccl/software/x86_64/redhat7/condor/current/lib:/afs/crc.nd.edu/group/ccl/software/x86_64/redhat7/clang/current/lib:/afs/crc.nd.edu/group/ccl/software/x86_64/redhat7/condor/current/lib:/afs/crc.nd.edu/group/ccl/software/x86_64/redhat7/cctools/current/lib:/opt/crc/usr/local/lib"
326   0.002261 libjli.so->dlopen("/usr/lib/jvm/java-1.8.0-openjdk-1.8.0.262.b10-0.el7_8.x86_64/jre/lib/amd64/server/libjvm.so", 258 <unfinished ...>
326   0.038152 libjvm.so->getenv("NMT_LEVEL_326") = nil
326   0.001601 <... dlopen resumed> )            = 0x55bce36e24b0
326   0.000071 libjli.so->getenv("CLASSPATH")    = nil
326   0.000306 libjli.so->getenv("_JAVA_SPLASH_JAR") = nil
326   0.000301 libjli.so->getenv("_JAVA_SPLASH_FILE") = nil
326   0.000365 libjli.so->pthread_attr_setdetachstate(0x7ffc688d6500, 0, 0x7ffc688d6590, 0) = 0
326   0.000505 libpthread.so.0->__clone(0x2b1f6e706de0, 0x2b1f6e619fc0, 0x3d0f00, 0x2b1f6e61a700) = 327
327   0.001634 libjvm.so->dlopen(0x2b1f6fee59ae, 1, 0xfffffffffff42c48, 4096) = 0x2b1f74000990
327   0.002534 libjvm.so->getenv(0x2b1f6ff0083e, 0, 115, 0x65737361) = 0x7ffc688dd681
327   0.000462 libjvm.so->fopen(0x2b1f6e618c10, 0x2b1f6fe9cccb, 0x6f732e79666972, 0x2b1f6efdeab0) = 0x2b1f74001440
327   0.001376 libjvm.so->dlopen(0x2b1f6e618c10, 1, 0xffffffff, 0x2b1f74002b00) = 0x2b1f74001440
327   0.001543 libjvm.so->fopen(0x2b1f6e618c10, 0x2b1f6fe9cccb, 111, 0x732e6176) = 0x2b1f74001b10
327   0.001524 libjvm.so->dlopen(0x2b1f6e618c10, 1, 0xffffffff, 0x2b1f74001a00) = 0x2b1f74001b10
327   0.001590 libjvm.so->__xstat(1, 0x2b1f6e619360, 0x2b1f6e619ba0, 0x746f7073746f682e) = -1
327   0.000460 libjvm.so->getenv(0x2b1f6fe95541, 0x2b1f6e6196d0, 1024, 0x2b1f7034f61b) = 0
327   0.000478 libjvm.so->getenv(0x2b1f6fe95533, 0x2b1f6e6196d0, 1024, 0) = 0
327   0.000438 libjvm.so->fopen(0x2b1f6fee5315, 0x2b1f6fe9cccb, 4095, 0xffffd4e09016ab03) = 0x2b1f740032f0
327   0.001130 libjvm.so->fopen(0x2b1f6fee5361, 0x2b1f6fe9cccb, 0x2b1f74000078, 0x2b1f740032e0) = 0x2b1f740032f0
327   0.000745 libjvm.so->fopen(0x2b1f6e6139b0, 0x2b1f6fe9cccb, 4014, 3995) = 0x2b1f740032f0
327   0.000652 libjvm.so->opendir(0x2b1f74002b40, 0x2b1f74002b40, 13, 16) = 0
327   0.000490 libjvm.so->__xstat(1, 0x2b1f6e6188f0, 0x2b1f6e617860, 0x6f732e7477616d62) = -1
327   0.000452 libjvm.so->__xstat(1, 0x2b1f6e6188f0, 0x2b1f6e617860, 0x5f74776162696c2f) = 0
327   0.000514 libjvm.so->fopen(0x2b1f6e617b90, 0x2b1f6fe9cccb, 4009, 3994) = 0x2b1f740037d0
327   0.000613 libjvm.so->fopen(0x2b1f6e617b90, 0x2b1f6fe9cccb, 4009, 3994) = 0x2b1f740037d0
327   0.000583 libjvm.so->fopen(0x2b1f6e617b90, 0x2b1f6fe9cccb, 4009, 4002) = 0x2b1f740037d0
327   0.000636 libjvm.so->fopen(0x2b1f6e617b20, 0x2b1f6fe9cccb, 4009, 3994) = 0x2b1f740037d0
327   0.000594 libjvm.so->fopen(0x2b1f6e617b20, 0x2b1f6fe9cccb, 4009, 3994) = 0x2b1f740037d0
327   0.000627 libjvm.so->fopen(0x2b1f6e617b20, 0x2b1f6fe9cccb, 4009, 4002) = 0x2b1f740037d0
327   0.000679 libjvm.so->fopen(0x2b1f6e617b50, 0x2b1f6fe9cccb, 4014, 3995) = 0x2b1f740037d0
327   0.000834 libjvm.so->getenv(0x2b1f6fee60ff, 4096, 3, -1) = 0
327   0.000907 libjvm.so->fopen(0x2b1f6fee5998, 0x2b1f6fe9cccb, 0x2b1f6e6fd908, 0x2b1f6e6fcdf0) = 0x2b1f740037d0
327   0.004780 libjvm.so->open(0x2b1f7404a5c0, 0x20000, 0, 0x2b1f7404a609) = 3
327   0.000481 libjvm.so->__fxstat(1, 3, 0x2b1f6e619a00, -1) = 0
327   0.000466 libjvm.so->opendir(0x2b1f7404a5c0, 0x2b1f6e619a00, 0x4000, -1) = 0x2b1f7404b4d0
327   0.000495 libjvm.so->__fxstat(1, 3, 0x2b1f6e6198a0, 0x2b1f7404b4d0) = 0
327   0.000430 libjvm.so->__fxstat(1, 5, 0x2b1f6e619930, -1) = 0
327   0.000483 libjvm.so->open(0x2b1f6feb39dc, 0, 0, 0) = 3
327   0.000661 libjvm.so->__lxstat(1, 0x2b1f7404a5c0, 0x2b1f6e619b50, -144) = 0
327   0.000500 libjvm.so->open(0x2b1f7404a5c0, 0x20000, 0x4000, -1) = 3
327   0.000470 libjvm.so->__fxstat(1, 3, 0x2b1f6e619a00, -1) = 0
327   0.000516 libjvm.so->opendir(0x2b1f7404a5c0, 0x2b1f6e619a00, 0x4000, -1) = 0x2b1f7404b4d0
327   0.000473 libjvm.so->__fxstat(1, 3, 0x2b1f6e6198a0, 0x2b1f7404b4d0) = 0
327   0.000483 libjvm.so->__fxstat(1, 5, 0x2b1f6e619930, -1) = 0
327   0.000480 libjvm.so->open(0x2b1f6feb39dc, 0, 0, 0) = 3
327   0.000488 libjvm.so->open(0x2b1f7404a609, 0x20042, 384, -1) = 7
327   0.000737 libjvm.so->__fxstat(1, 7, 0x2b1f6e619b50, -1) = 0
327   0.001687 libjvm.so->fopen(0x2b1f6e618b60, 0x2b1f6fe9cccb, 4, 0x6f732e70) = 0x2b1f74057c20
327   0.001490 libjvm.so->dlopen(0x2b1f6e618b60, 1, 0xffffffff, 0x2b1f74057b00) = 0x2b1f74057c20
327   0.001518 libjvm.so->__xstat(1, 0x2b1f6e619120, 0x2b1f6e619950, 2048) = 0
327   0.000550 libjvm.so->__xstat(1, 0x2b1f6e619120, 0x2b1f6e619950, 2048) = 0
327   0.000466 libjvm.so->__xstat(1, 0x2b1f6e619120, 0x2b1f6e619950, 2048) = -1
327   0.000481 libjvm.so->__xstat(1, 0x2b1f6e619120, 0x2b1f6e619950, 2048) = 0
327   0.000457 libjvm.so->__xstat(1, 0x2b1f6e619120, 0x2b1f6e619950, 2048) = 0
327   0.000489 libjvm.so->__xstat(1, 0x2b1f6e619120, 0x2b1f6e619950, 2048) = 0
327   0.000462 libjvm.so->__xstat(1, 0x2b1f6e619120, 0x2b1f6e619950, 2048) = 0
327   0.000488 libjvm.so->__xstat(1, 0x2b1f6e619120, 0x2b1f6e619950, 2048) = -1
327   0.000473 libjvm.so->fopen(0x2b1f74002520, 0x2b1f6fe9cccb, 0, 0) = 0x2b1f74058ac0
327   0.009152 libjvm.so->open64(0x2b1f6e618410, 0, 0, 16) = 3
327   0.000524 libjvm.so->__fxstat64(1, 3, 0x2b1f6e618240, -1) = 0
327   0.042126 libjvm.so->__xstat(1, 0x2b1f6e618f20, 0x2b1f6e619750, 2048) = -1
327   0.000505 libjvm.so->fopen(0x2b1f6e617b20, 0x2b1f6fe9cccb, 4009, 3994) = 0x2b1f740b5d40
327   0.000670 libjvm.so->fopen(0x2b1f6e617b20, 0x2b1f6fe9cccb, 4009, 3994) = 0x2b1f740b5d40
327   0.000868 libjvm.so->fopen(0x2b1f6e617b20, 0x2b1f6fe9cccb, 4009, 4002) = 0x2b1f740b5d40
327   0.004219 libjvm.so->pthread_attr_setdetachstate(0x2b1f6e619c00, 1, 0, 0) = 0
327   0.000552 libpthread.so.0->__clone(0x2b1f6e706de0, 0x2b1f73f8afc0, 0x3d0f00, 0x2b1f73f8b700) = 334
327   0.017567 libjvm.so->pthread_attr_setdetachstate(0x2b1f6e619290, 1, 0, 0) = 0
327   0.000672 libpthread.so.0->__clone(0x2b1f6e706de0, 0x2b1f870fffc0, 0x3d0f00, 0x2b1f87100700) = 337
327   0.007296 libjvm.so->pthread_attr_setdetachstate(0x2b1f6e619610, 1, 0, 0) = 0
327   0.000791 libpthread.so.0->__clone(0x2b1f6e706de0, 0x2b1f87200fc0, 0x3d0f00, 0x2b1f87201700) = 342
327   0.042914 libjvm.so->fopen(0x2b1f740f1810, 0x2b1f6fe9cccb, 4, 0x6f732e70) = 0x2b1f740f1d10
327   0.002008 libjvm.so->dlopen(0x2b1f740f1810, 1, 0xffffffff, 0x2b1f740e8c00) = 0x2b1f74057c20
327   0.005597 libjvm.so->open64(0x2b1f6e618510, 0, 0, 16) = 5
327   0.000941 libjvm.so->__fxstat64(1, 5, 0x2b1f6e618340, -1) = 0
327   0.019749 libjvm.so->fopen(0x2b1f6e615130, 0x2b1f6fe9cccb, 4009, 3994) = 0x2b1f740fcce0
327   0.001454 libjvm.so->fopen(0x2b1f6e615130, 0x2b1f6fe9cccb, 4009, 3994) = 0x2b1f740fcce0
327   0.001057 libjvm.so->fopen(0x2b1f6e615130, 0x2b1f6fe9cccb, 4009, 4002) = 0x2b1f740fcce0
327   0.015922 libjvm.so->pthread_attr_setdetachstate(0x2b1f6e619b50, 1, 0, 0) = 0
327   0.000987 libpthread.so.0->__clone(0x2b1f6e706de0, 0x2b1f87301fc0, 0x3d0f00, 0x2b1f87302700) = 347
327   0.002685 libjvm.so->__xstat64(1, 0x2b1f6e619be0, 0x2b1f6e619b50, 17) = -1
327   0.001217 libjvm.so->pthread_attr_setdetachstate(0x2b1f6e619950, 1, 0, 0) = 0
327   0.001104 libpthread.so.0->__clone(0x2b1f6e706de0, 0x2b1f87402fc0, 0x3d0f00, 0x2b1f87403700) = 348
327   0.001815 libjvm.so->pthread_attr_setdetachstate(0x2b1f6e619950, 1, 0, 0) = 0
327   0.001285 libpthread.so.0->__clone(0x2b1f6e706de0, 0x2b1f87503fc0, 0x3d0f00, 0x2b1f87504700) = 349
327   0.011628 libjvm.so->pthread_attr_setdetachstate(0x2b1f6e619aa0, 1, 0, 0) = 0
327   0.002500 libpthread.so.0->__clone(0x2b1f6e706de0, 0x2b1f87604fc0, 0x3d0f00, 0x2b1f87605700) = 352
327   0.002172 libjvm.so->pthread_attr_setdetachstate(0x2b1f6e619bb0, 1, 0, 0) = 0
327   0.002469 libpthread.so.0->__clone(0x2b1f6e706de0, 0x2b1f87705fc0, 0x3d0f00, 0x2b1f87706700) = 353
327   0.018122 libjvm.so->open64(0x2b1f741368d0, 0, 0, 16) = 7
327   0.001834 libjvm.so->__fxstat64(1, 7, 0x2b1f6e616f60, -1) = 0
327   0.026360 libjvm.so->fopen(0x2b1f7415c700, 0x2b1f6fe9cccb, 4, 0x6f732e6f) = 0x2b1f7415c7c0
327   0.003748 libjvm.so->dlopen(0x2b1f7415c700, 1, 0xffffffff, 0x2b1f7415c700) = 0x2b1f7415c7c0
327   0.115726 libjvm.so->fopen(0x2b1f6e613e40, 0x2b1f6fe9cccb, 0x6f732e, 0x6d766a62696c2f72) = 0x2b1f74171f30
327   0.009008 libjvm.so->dlopen(0x2b1f6e613e40, 1, 0xffffffff, 0x2b1f74171e00) = 0x55bce36e24b0
327   0.001794 libjvm.so->fopen(0x2b1f6e613e40, 0x2b1f6fe9cccb, 0x6f732e, 0x6d766a62696c2f72) = 0x2b1f74172330
327   0.006017 libjvm.so->dlopen(0x2b1f6e613e40, 1, 0xffffffff, 0x2b1f74171e00) = 0x55bce36e24b0
327   0.002106 libjvm.so->fopen(0x2b1f6e613e40, 0x2b1f6fe9cccb, 0x6f732e, 0x6d766a62696c2f72) = 0x2b1f74171f30
327   0.003931 libjvm.so->dlopen(0x2b1f6e613e40, 1, 0xffffffff, 0x2b1f74171e00) = 0x55bce36e24b0
327   0.001677 libjvm.so->fopen(0x2b1f6e613e40, 0x2b1f6fe9cccb, 0x6f732e, 0x6d766a62696c2f72) = 0x2b1f74171f30
327   0.004109 libjvm.so->dlopen(0x2b1f6e613e40, 1, 0xffffffff, 0x2b1f74171e00) = 0x55bce36e24b0
327   0.054417 libjvm.so->fopen(0x2b1f741ad560, 0x2b1f6fe9cccb, 4, 0x6f732e74) = 0x2b1f741c53d0
327   0.002976 libjvm.so->dlopen(0x2b1f741ad560, 1, 0xffffffff, 0x2b1f741b7400) = 0x2b1f741c53d0
327   0.162212 libjvm.so->fopen(0x2b1f74228850, 0x2b1f6fe9cccb, 0x6f732e7373656c, 0x656c646165685f74) = 0x2b1f74228930
327   0.004345 libjvm.so->dlopen(0x2b1f74228850, 1, 0xffffffff, 0x2b1f74228800) = 0x2b1f74228930
349   1.455213 --- SIGSEGV (Segmentation fault) ---
327   3.037007 --- SIGSEGV (Segmentation fault) ---
327   0.000582 --- SIGSEGV (Segmentation fault) ---
327   0.000626 --- SIGSEGV (Segmentation fault) ---
327   0.001060 --- SIGSEGV (Segmentation fault) ---
327   0.841046 --- SIGSEGV (Segmentation fault) ---
327   0.001766 --- SIGSEGV (Segmentation fault) ---
327   0.965743 --- SIGSEGV (Segmentation fault) ---
327   0.000596 --- SIGSEGV (Segmentation fault) ---
327   0.883340 --- SIGSEGV (Segmentation fault) ---
327   0.000838 --- SIGSEGV (Segmentation fault) ---
327   0.000925 --- SIGSEGV (Segmentation fault) ---
327   0.000832 --- SIGSEGV (Segmentation fault) ---
327   0.690145 --- SIGSEGV (Segmentation fault) ---
327   0.862267 --- SIGSEGV (Segmentation fault) ---
327   0.000695 --- SIGSEGV (Segmentation fault) ---
327   0.000598 --- SIGSEGV (Segmentation fault) ---
327   0.000607 --- SIGSEGV (Segmentation fault) ---
327   0.757352 --- SIGSEGV (Segmentation fault) ---
327   0.827479 --- SIGSEGV (Segmentation fault) ---
327   1.171086 --- SIGSEGV (Segmentation fault) ---
327   0.100499 --- SIGSEGV (Segmentation fault) ---
327   0.001026 --- SIGSEGV (Segmentation fault) ---
349   0.973042 --- SIGSEGV (Segmentation fault) ---
327   0.000084 --- SIGSEGV (Segmentation fault) ---
327   0.002375 --- SIGSEGV (Segmentation fault) ---
327   0.000554 --- SIGSEGV (Segmentation fault) ---
327   0.901106 --- SIGSEGV (Segmentation fault) ---
349   0.001095 --- SIGSEGV (Segmentation fault) ---
327   0.000191 --- SIGSEGV (Segmentation fault) ---
327   0.673166 --- SIGSEGV (Segmentation fault) ---
327   0.001510 --- SIGSEGV (Segmentation fault) ---
327   0.000591 --- SIGSEGV (Segmentation fault) ---
327   0.953593 --- SIGSEGV (Segmentation fault) ---
327   0.001279 --- SIGSEGV (Segmentation fault) ---
327   0.913636 --- SIGSEGV (Segmentation fault) ---
327   0.000499 --- SIGSEGV (Segmentation fault) ---
327   1.010438 --- SIGSEGV (Segmentation fault) ---
327   0.967619 libjvm.so->fopen(0x2b1f6e616e40, 0x2b1f6fe9cccb, 111, 0x732e6176) = 0x2b1f74246a00
327   0.002581 libjvm.so->dlopen(0x2b1f6e616e40, 1, 0xffffffff, 0x2b1f7413b400) = 0x2b1f74001b10
327   0.001244 libjvm.so->fopen(0x2b1f6e616e40, 0x2b1f6fe9cccb, 111, 0x732e6176) = 0x2b1f74246a00
327   0.001884 libjvm.so->dlopen(0x2b1f6e616e40, 1, 0xffffffff, 0x2b1f7413b400) = 0x2b1f74001b10
327   0.001111 libjvm.so->fopen(0x2b1f6e616e40, 0x2b1f6fe9cccb, 111, 0x732e6176) = 0x2b1f74246a00
327   0.002713 libjvm.so->dlopen(0x2b1f6e616e40, 1, 0xffffffff, 0x2b1f7413b400) = 0x2b1f74001b10
327   0.002910 libjvm.so->fopen(0x2b1f6e616e40, 0x2b1f6fe9cccb, 111, 0x732e6176) = 0x2b1f74246a00
327   0.001992 libjvm.so->dlopen(0x2b1f6e616e40, 1, 0xffffffff, 0x2b1f7413b400) = 0x2b1f74001b10
327   0.008693 libjvm.so->fopen(0x2b1f6e616e40, 0x2b1f6fe9cccb, 111, 0x732e6176) = 0x2b1f7413c450
327   0.001980 libjvm.so->dlopen(0x2b1f6e616e40, 1, 0xffffffff, 0x2b1f7418cc00) = 0x2b1f74001b10
327   0.001103 libjvm.so->fopen(0x2b1f6e616e40, 0x2b1f6fe9cccb, 111, 0x732e6176) = 0x2b1f7413c450
327   0.001921 libjvm.so->dlopen(0x2b1f6e616e40, 1, 0xffffffff, 0x2b1f7418cc00) = 0x2b1f74001b10
327   0.001096 libjvm.so->fopen(0x2b1f6e616e40, 0x2b1f6fe9cccb, 111, 0x732e6176) = 0x2b1f7413c450
327   0.001920 libjvm.so->dlopen(0x2b1f6e616e40, 1, 0xffffffff, 0x2b1f7418cc00) = 0x2b1f74001b10
327   0.001089 libjvm.so->fopen(0x2b1f6e616e40, 0x2b1f6fe9cccb, 111, 0x732e6176) = 0x2b1f7413c450
327   0.001808 libjvm.so->dlopen(0x2b1f6e616e40, 1, 0xffffffff, 0x2b1f7418cc00) = 0x2b1f74001b10
327   1.256401 --- SIGSEGV (Segmentation fault) ---
327   0.010699 --- SIGSEGV (Segmentation fault) ---
353   4.766004 +++ exited (status 0) +++
347   0.000293 +++ exited (status 0) +++
334   0.000262 +++ exited (status 0) +++
327   0.000268 +++ exited (status 0) +++
349   0.000300 +++ exited (status 0) +++
348   0.000022 +++ exited (status 0) +++
342   0.000014 +++ exited (status 0) +++
337   0.000015 +++ exited (status 0) +++
352   0.023940 +++ exited (status 0) +++
326   0.000091 +++ exited (status 0) +++
Wrote an ltrace for command: "java -cp ./tools/maxent.jar density.Project outputs/Plagiolepis_alluaudi_Emery/Plagiolepis_alluaudi_Emery.lambdas data/layers/worldclim outputs/Plagiolepis_alluaudi_Emery_worldclim.asc nowarnings nocache autorun -z" with PID 322 from PPID 32755 on disc24.crc.nd.edu with result 0
REMOTEHOST=129.74.154.87
_CONDOR_JOB_PIDS=
MANPATH=/afs/crc.nd.edu/user/n/nkremerh/cctools/share/man/:/afs/crc.nd.edu/group/ccl/software/x86_64/redhat7/ruby/current/share/man:/afs/crc.nd.edu/group/ccl/software/x86_64/redhat7/graphviz/current/share/man:/afs/crc.nd.edu/group/ccl/software/x86_64/redhat7/gnuplot/current/share/man:/afs/crc.nd.edu/group/ccl/software/x86_64/redhat7/git/current/share/man:/afs/crc.nd.edu/group/ccl/software/x86_64/redhat7/condor/current/share/man:/afs/crc.nd.edu/group/ccl/software/x86_64/redhat7/clang/current/share/man:/afs/crc.nd.edu/group/ccl/software/x86_64/redhat7/condor/current/share/man:/afs/crc.nd.edu/group/ccl/software/x86_64/redhat7/cctools/current/share/man:/afs/crc.nd.edu/group/ccl/software/x86_64/redhat7/cctools/current/share/man:/afs/crc.nd.edu/x86_64_linux/Modules/4.5.0/share/man:/opt/crc/usr/local/man:/opt/sge/man:/usr/share/man/overrides:/usr/share/man:/usr/local/share/man
XDG_SESSION_ID=2226
HOSTNAME=disc01.crc.nd.edu
_CONDOR_ANCESTOR_3558=3653:1596369982:487954646
_LMFILES__modshare=/afs/crc.nd.edu/x86_64_linux/Modules/modules/system_modules/CRC_default/1.1:1
MODULEPATH_modshare=/afs/crc.nd.edu/x86_64_linux/Modules/modules/general_software:1:/afs/crc.nd.edu/x86_64_linux/Modules/modules/development_tools_and_libraries:1:/afs/crc.nd.edu/x86_64_linux/Modules/modules/system_modules:1:/afs/crc.nd.edu/x86_64_linux/Modules/current/modulefiles:1:/afs/crc.nd.edu/x86_64_linux/Modules/modules/restricted_software:1:/afs/crc.nd.edu/x86_64_linux/Modules/modules/deprecated_software:1
MODULES_CMD=/afs/crc.nd.edu/x86_64_linux/Modules/4.5.0/libexec/modulecmd.tcl
HOST=disc01.crc.nd.edu
SHELL=/bin/tcsh
TERM=xterm-256color
MAKEFLAGS=
HISTSIZE=5000
TMPDIR=/var/condor/execute/dir_20560/worker-213124-20638/t.1683/cctools-temp-t.1683.H4dEuM
SSH_CLIENT=129.74.154.87 57278 22
PERL5LIB=/afs/crc.nd.edu/user/n/nkremerh/cctools/lib/perl5/site_perl/5.16.3:/afs/crc.nd.edu/user/n/nkremerh/.perl5/lib/perl5
SGE_CELL=crc
_CONDOR_SCRATCH_DIR=/var/condor/execute/dir_20560
PERL_MB_OPT=--install_base '/afs/crc.nd.edu/user/n/nkremerh/.perl5/'
SSH_TTY=/dev/pts/0
SGE_LOAD_AVG=load_avg
MAKEFLOW_MAX_LOCAL_JOBS=2
HISTFILESIZE=10000
_CHIRP_DELAYED_UPDATE_PREFIX=Chirp*
USER=nkremerh
GROUP=campus
LD_LIBRARY_PATH=/afs/crc.nd.edu/group/ccl/software/x86_64/redhat7/ruby/current/lib:/afs/crc.nd.edu/group/ccl/software/x86_64/redhat7/graphviz/current/lib:/afs/crc.nd.edu/group/ccl/software/x86_64/redhat7/git/current/lib:/afs/crc.nd.edu/group/ccl/software/x86_64/redhat7/condor/current/lib:/afs/crc.nd.edu/group/ccl/software/x86_64/redhat7/clang/current/lib:/afs/crc.nd.edu/group/ccl/software/x86_64/redhat7/condor/current/lib:/afs/crc.nd.edu/group/ccl/software/x86_64/redhat7/cctools/current/lib:/opt/crc/usr/local/lib
TEMP=/var/condor/execute/dir_20560/worker-213124-20638/t.1683/cctools-temp-t.1683.H4dEuM
_CONDOR_ANCESTOR_3653=20560:1597419250:2146104684
BATCH_SYSTEM=HTCondor
WORKER_TMPDIR=/var/condor/execute/dir_20560/worker-213124-20638/cache/tmp
ENV=/afs/crc.nd.edu/x86_64_linux/Modules/4.5.0/init/profile.sh
MODULES_LMALTNAME=CRC_default/1.1&CRC_default/default&CRC_default
_CONDOR_CHIRP_CONFIG=/var/condor/execute/dir_20560/.chirp.config
GLOBUS_GSSAPI_MAX_TLS_PROTOCOL=0
_CONDOR_HIGHPORT=9999
HOSTTYPE=x86_64-linux
MAKELEVEL=1
MFLAGS=
CCLSOFTWARE=/afs/crc.nd.edu/group/ccl/software/x86_64/redhat7
PATH=/afs/crc.nd.edu/user/n/nkremerh/cctools/bin:/afs/crc.nd.edu/user/n/nkremerh/miniconda/bin:/afs/crc.nd.edu/group/ccl/software/git:/afs/crc.nd.edu/user/n/nkremerh/.local/bin:/afs/crc.nd.edu/group/ccl/software/x86_64/redhat7/povray/3.7/bin:/afs/crc.nd.edu/user/n/nkremerh/.perl5/bin:/afs/crc.nd.edu/user/n/nkremerh/pegasus/bin:/afs/crc.nd.edu/user/n/nkremerh/nodejs/bin:/afs/crc.nd.edu/user/n/nkremerh/montage/bin:/afs/crc.nd.edu/user/n/nkremerh/latexdiff:/afs/crc.nd.edu/user/n/nkremerh/envtrace:/afs/crc.nd.edu/user/n/nkremerh/endlines:/afs/crc.nd.edu/user/n/nkremerh/cctools/bin:/afs/crc.nd.edu/user/n/nkremerh/.cargo/bin:/afs/crc.nd.edu/group/ccl/software/x86_64/redhat7/ruby/current/bin:/afs/crc.nd.edu/group/ccl/software/x86_64/redhat7/graphviz/current/bin:/afs/crc.nd.edu/group/ccl/software/x86_64/redhat7/gnuplot/current/bin:/afs/crc.nd.edu/group/ccl/software/x86_64/redhat7/git/current/bin:/afs/crc.nd.edu/group/ccl/software/x86_64/redhat7/condor/current/sbin:/afs/crc.nd.edu/group/ccl/software/x86_64/redhat7/condor/current/bin:/afs/crc.nd.edu/group/ccl/software/x86_64/redhat7/cmake/current/bin:/afs/crc.nd.edu/group/ccl/software/x86_64/redhat7/clang/current/bin:/afs/crc.nd.edu/group/ccl/software/x86_64/redhat7/condor/current/sbin:/afs/crc.nd.edu/group/ccl/software/x86_64/redhat7/condor/current/bin:/afs/crc.nd.edu/group/ccl/software/x86_64/redhat7/cctools/current/bin:/afs/crc.nd.edu/x86_64_linux/Modules/4.5.0/bin:/opt/crc/usr/local/bin:/opt/sge/bin/lx-amd64:/usr/local/bin:/usr/bin:/usr/local/sbin:/usr/sbin:/afs/crc.nd.edu/user/c/condor/software/bin:/afs/crc.nd.edu/user/c/condor/software/sbin
MAIL=/var/spool/mail/nkremerh
PWD=/var/condor/execute/dir_20560/worker-213124-20638/t.1683
_LMFILES_=/afs/crc.nd.edu/x86_64_linux/Modules/modules/system_modules/CRC_default/1.1
SGE_EXECD_PORT=6445
EDITOR=vim
LANG=en_US.UTF-8
MODULEPATH=/afs/crc.nd.edu/x86_64_linux/Modules/modules/development_tools_and_libraries:/afs/crc.nd.edu/x86_64_linux/Modules/modules/general_software:/afs/crc.nd.edu/x86_64_linux/Modules/modules/restricted_software:/afs/crc.nd.edu/x86_64_linux/Modules/modules/system_modules:/afs/crc.nd.edu/x86_64_linux/Modules/modules/deprecated_software:/afs/crc.nd.edu/x86_64_linux/Modules/current/modulefiles
SGE_QMASTER_PORT=6444
SGE_ROOT=/opt/sge
LOADEDMODULES=CRC_default/1.1
WORK_QUEUE_SANDBOX=/var/condor/execute/dir_20560/worker-213124-20638
_CONDOR_SLOT=slot2_2
CCLPLATFORM=x86_64/redhat7
USE_SYSTEMD=true
_CONDOR_LOWPORT=9100
KRB5CCNAME=FILE:/tmp/krb5cc_213124_jfvfni
HISTCONTROL=ignoreboth:erasedups
_CONDOR_ANCESTOR_20560=20571:1597419253:847561686
PATH_modshare=/opt/crc/usr/local/bin:1:/opt/sge/bin/lx-amd64:1:/usr/sbin:1:/usr/bin:1:/afs/crc.nd.edu/user/c/condor/software/sbin:1:/usr/local/sbin:1:/afs/crc.nd.edu/user/c/condor/software/bin:1:/usr/local/bin:1
SHLVL=7
HOME=disc01.crc.nd.edu
GLOBUS_GSSAPI_NAME_COMPATIBILITY=STRICT_RFC2818
_CONDOR_MACHINE_AD=/var/condor/execute/dir_20560/.machine.ad
OSTYPE=linux
DISK=18227
GREP_OPTIONS=--color=auto
GLOBUS_GSSAPI_MIN_TLS_PROTOCOL=TLS1_VERSION
MEMORY=1948
MANPATH_modshare=/usr/share/man/overrides:1:/usr/local/share/man:1:/usr/share/man:1:/opt/crc/usr/local/man:1:/opt/sge/man:1
VENDOR=unknown
BASH_ENV=/afs/crc.nd.edu/x86_64_linux/Modules/4.5.0/init/bash
PERL_LOCAL_LIB_ROOT=/afs/crc.nd.edu/user/n/nkremerh/.perl5/
PYTHONPATH=/afs/crc.nd.edu/user/n/nkremerh/cctools/lib/python3.6/site-packages/
CCLHOME=/afs/crc.nd.edu/group/ccl
MACHTYPE=x86_64
LOGNAME=nkremerh
TMP=/var/condor/execute/dir_20560/worker-213124-20638/t.1683/cctools-temp-t.1683.H4dEuM
LD_LIBRARY_PATH_modshare=/opt/crc/usr/local/lib:1
MODULES_LMALTNAME_modshare=CRC_default/1.1&CRC_default/default&CRC_default:1
SSH_CONNECTION=129.74.154.87 57278 129.74.128.103 22
MODULESHOME=/afs/crc.nd.edu/x86_64_linux/Modules/4.5.0
OMP_NUM_THREADS=1
LESSOPEN=||/usr/bin/lesspipe.sh %s
GLOBUS_GSSAPI_BACKWARD_COMPATIBLE_MIC=true
GLOBUS_GSSAPI_CIPHERS=HIGH
LOADEDMODULES_modshare=CRC_default/1.1:1
_CONDOR_JOB_AD=/var/condor/execute/dir_20560/.job.ad
SGE_CLUSTER_NAME=CRC
XDG_RUNTIME_DIR=/run/user/213124
CCTOOLS=../cctools
CORES=2
_CONDOR_JOB_IWD=/var/condor/execute/dir_20560
PERL_MM_OPT=INSTALL_BASE=/afs/crc.nd.edu/user/n/nkremerh/.perl5/
GLOBUS_GSSAPI_SERVER_CIPHER_ORDER=true
BASH_FUNC_module()=() {  unset _mlshdbg;
 if [ "${MODULES_SILENT_SHELL_DEBUG:-0}" = '1' ]; then
 case "$-" in 
 *v*x*)
 set +vx;
 _mlshdbg='vx'
 ;;
 *v*)
 set +v;
 _mlshdbg='v'
 ;;
 *x*)
 set +x;
 _mlshdbg='x'
 ;;
 *)
 _mlshdbg=''
 ;;
 esac;
 fi;
 unset _mlre _mlIFS;
 if [ -n "${IFS+x}" ]; then
 _mlIFS=$IFS;
 fi;
 IFS=' ';
 for _mlv in ${MODULES_RUN_QUARANTINE:-};
 do
 if [ "${_mlv}" = "${_mlv##*[!A-Za-z0-9_]}" -a "${_mlv}" = "${_mlv#[0-9]}" ]; then
 if [ -n "`eval 'echo ${'$_mlv'+x}'`" ]; then
 _mlre="${_mlre:-}${_mlv}_modquar='`eval 'echo ${'$_mlv'}'`' ";
 fi;
 _mlrv="MODULES_RUNENV_${_mlv}";
 _mlre="${_mlre:-}${_mlv}='`eval 'echo ${'$_mlrv':-}'`' ";
 fi;
 done;
 if [ -n "${_mlre:-}" ]; then
 eval `eval ${_mlre}/usr/bin/tclsh /afs/crc.nd.edu/x86_64_linux/Modules/4.5.0/libexec/modulecmd.tcl bash '"$@"'`;
 else
 eval `/usr/bin/tclsh /afs/crc.nd.edu/x86_64_linux/Modules/4.5.0/libexec/modulecmd.tcl bash "$@"`;
 fi;
 _mlstatus=$?;
 if [ -n "${_mlIFS+x}" ]; then
 IFS=$_mlIFS;
 else
 unset IFS;
 fi;
 unset _mlre _mlv _mlrv _mlIFS;
 if [ -n "${_mlshdbg:-}" ]; then
 set -$_mlshdbg;
 fi;
 unset _mlshdbg;
 return $_mlstatus
}
BASH_FUNC_ml()=() {  module ml "$@"
}
_=/usr/bin/printenv
