30800   0.000000 libjli.so->getenv("_JAVA_LAUNCHER_DEBUG") = nil
30800   0.001244 libjli.so->getenv("_JAVA_VERSION_SET") = nil
30800   0.000451 libjli.so->fopen("/usr/lib/jvm/java-1.8.0-openjdk-1.8.0.262.b10-0.el7_8.x86_64/jre/lib/amd64/jvm.cfg", "r") = 0x555ca9fcb0f0
30800   0.000558 libjli.so->getenv("JDK_ALTERNATE_VM") = nil
30800   0.000203 libjli.so->__xstat(1, "/usr/lib/jvm/java-1.8.0-openjdk-1.8.0.262.b10-0.el7_8.x86_64/jre/lib/amd64/server/libjvm.so", 0x7ffff7b2b710) = 0
30800   0.000394 libjli.so->getenv("LD_LIBRARY_PATH") = "/afs/crc.nd.edu/group/ccl/software/x86_64/redhat7/ruby/current/lib:/afs/crc.nd.edu/group/ccl/software/x86_64/redhat7/graphviz/current/lib:/afs/crc.nd.edu/group/ccl/software/x86_64/redhat7/git/current/lib:/afs/crc.nd.edu/group/ccl/software/x86_64/redhat7/condor/current/lib:/afs/crc.nd.edu/group/ccl/software/x86_64/redhat7/clang/current/lib:/afs/crc.nd.edu/group/ccl/software/x86_64/redhat7/condor/current/lib:/afs/crc.nd.edu/group/ccl/software/x86_64/redhat7/cctools/current/lib:/opt/crc/usr/local/lib"
30800   0.001395 libjli.so->dlopen("/usr/lib/jvm/java-1.8.0-openjdk-1.8.0.262.b10-0.el7_8.x86_64/jre/lib/amd64/server/libjvm.so", 258 <unfinished ...>
30800   0.025548 libjvm.so->getenv("NMT_LEVEL_30800") = nil
30800   0.001138 <... dlopen resumed> )          = 0x555ca9fcb4c0
30800   0.000066 libjli.so->getenv("CLASSPATH")  = nil
30800   0.000210 libjli.so->getenv("_JAVA_SPLASH_JAR") = nil
30800   0.000253 libjli.so->getenv("_JAVA_SPLASH_FILE") = nil
30800   0.000212 libjli.so->pthread_attr_setdetachstate(0x7ffff7b2b6c0, 0, 0x7ffff7b2b750, 0) = 0
30800   0.000359 libpthread.so.0->__clone(0x2b3a5d629de0, 0x2b3a5d53cfc0, 0x3d0f00, 0x2b3a5d53d700) = 0x7856
30806   0.001920 libjvm.so->dlopen(0x2b3a5ee089ae, 1, 0xfffffffffff42c48, 4096) = 0x2b3a60000990
30806   0.002506 libjvm.so->getenv(0x2b3a5ee2383e, 0, 115, 0x65737361) = 0x7ffff7b31711
30806   0.000457 libjvm.so->fopen(0x2b3a5d53bc10, 0x2b3a5edbfccb, 0x6f732e79666972, 0x2b3a5df01ab0) = 0x2b3a60001440
30806   0.001342 libjvm.so->dlopen(0x2b3a5d53bc10, 1, 0xffffffff, 0x2b3a60002b00) = 0x2b3a60001440
30806   0.001419 libjvm.so->fopen(0x2b3a5d53bc10, 0x2b3a5edbfccb, 111, 0x732e6176) = 0x2b3a60001b10
30806   0.001652 libjvm.so->dlopen(0x2b3a5d53bc10, 1, 0xffffffff, 0x2b3a60001a00) = 0x2b3a60001b10
30806   0.001617 libjvm.so->__xstat(1, 0x2b3a5d53c360, 0x2b3a5d53cba0, 0x746f7073746f682e) = -1
30806   0.000452 libjvm.so->getenv(0x2b3a5edb8541, 0x2b3a5d53c6d0, 1024, 0x2b3a5f27261b) = 0
30806   0.000542 libjvm.so->getenv(0x2b3a5edb8533, 0x2b3a5d53c6d0, 1024, 0) = 0
30806   0.000459 libjvm.so->fopen(0x2b3a5ee08315, 0x2b3a5edbfccb, 4095, 0xffffd4c5a1247b03) = 0x2b3a60003270
30806   0.001046 libjvm.so->fopen(0x2b3a5ee08361, 0x2b3a5edbfccb, 0x2b3a60000078, 0x2b3a60003260) = 0x2b3a60003270
30806   0.000689 libjvm.so->fopen(0x2b3a5d5369b0, 0x2b3a5edbfccb, 4016, 3997) = 0x2b3a60003270
30806   0.000632 libjvm.so->opendir(0x2b3a60002b40, 0x2b3a60002b40, 13, 16) = 0
30806   0.000466 libjvm.so->__xstat(1, 0x2b3a5d53b8f0, 0x2b3a5d53a860, 0x6f732e7477616d62) = -1
30806   0.000433 libjvm.so->__xstat(1, 0x2b3a5d53b8f0, 0x2b3a5d53a860, 0x5f74776162696c2f) = 0
30806   0.000606 libjvm.so->fopen(0x2b3a5d53ab90, 0x2b3a5edbfccb, 4011, 3996) = 0x2b3a60003750
30806   0.000607 libjvm.so->fopen(0x2b3a5d53ab90, 0x2b3a5edbfccb, 4011, 3996) = 0x2b3a60003750
30806   0.000582 libjvm.so->fopen(0x2b3a5d53ab90, 0x2b3a5edbfccb, 4011, 4004) = 0x2b3a60003750
30806   0.000630 libjvm.so->fopen(0x2b3a5d53ab20, 0x2b3a5edbfccb, 4011, 3996) = 0x2b3a60003750
30806   0.000577 libjvm.so->fopen(0x2b3a5d53ab20, 0x2b3a5edbfccb, 4011, 3996) = 0x2b3a60003750
30806   0.000600 libjvm.so->fopen(0x2b3a5d53ab20, 0x2b3a5edbfccb, 4011, 4004) = 0x2b3a60003750
30806   0.000606 libjvm.so->fopen(0x2b3a5d53ab50, 0x2b3a5edbfccb, 4016, 3997) = 0x2b3a60003750
30806   0.000774 libjvm.so->getenv(0x2b3a5ee090ff, 4096, 3, -1) = 0
30806   0.000895 libjvm.so->fopen(0x2b3a5ee08998, 0x2b3a5edbfccb, 0x2b3a5d620908, 0x2b3a5d61fdf0) = 0x2b3a60003750
30806   0.004677 libjvm.so->open(0x2b3a6004a540, 0x20000, 0, 0x2b3a6004a589) = 3
30806   0.000453 libjvm.so->__fxstat(1, 3, 0x2b3a5d53ca00, -1) = 0
30806   0.000588 libjvm.so->opendir(0x2b3a6004a540, 0x2b3a5d53ca00, 0x4000, -1) = 0x2b3a6004b450
30806   0.000462 libjvm.so->__fxstat(1, 3, 0x2b3a5d53c8a0, 0x2b3a6004b450) = 0
30806   0.000432 libjvm.so->__fxstat(1, 5, 0x2b3a5d53c930, -1) = 0
30806   0.000445 libjvm.so->open(0x2b3a5edd69dc, 0, 0, 0) = 3
30806   0.000672 libjvm.so->__lxstat(1, 0x2b3a6004a540, 0x2b3a5d53cb50, -144) = 0
30806   0.000445 libjvm.so->open(0x2b3a6004a540, 0x20000, 0x4000, -1) = 3
30806   0.001526 libjvm.so->__fxstat(1, 3, 0x2b3a5d53ca00, -1) = 0
30806   0.000501 libjvm.so->opendir(0x2b3a6004a540, 0x2b3a5d53ca00, 0x4000, -1) = 0x2b3a6004b450
30806   0.000459 libjvm.so->__fxstat(1, 3, 0x2b3a5d53c8a0, 0x2b3a6004b450) = 0
30806   0.000419 libjvm.so->__fxstat(1, 5, 0x2b3a5d53c930, -1) = 0
30806   0.000495 libjvm.so->open(0x2b3a5edd69dc, 0, 0, 0) = 3
30806   0.000448 libjvm.so->open(0x2b3a6004a589, 0x20042, 384, -1) = 7
30806   0.000607 libjvm.so->__fxstat(1, 7, 0x2b3a5d53cb50, -1) = 0
30806   0.001709 libjvm.so->fopen(0x2b3a5d53bb60, 0x2b3a5edbfccb, 4, 0x6f732e70) = 0x2b3a60057ba0
30806   0.001484 libjvm.so->dlopen(0x2b3a5d53bb60, 1, 0xffffffff, 0x2b3a60057b00) = 0x2b3a60057ba0
30806   0.001520 libjvm.so->__xstat(1, 0x2b3a5d53c120, 0x2b3a5d53c950, 2048) = 0
30806   0.000445 libjvm.so->__xstat(1, 0x2b3a5d53c120, 0x2b3a5d53c950, 2048) = 0
30806   0.000432 libjvm.so->__xstat(1, 0x2b3a5d53c120, 0x2b3a5d53c950, 2048) = -1
30806   0.000458 libjvm.so->__xstat(1, 0x2b3a5d53c120, 0x2b3a5d53c950, 2048) = 0
30806   0.000437 libjvm.so->__xstat(1, 0x2b3a5d53c120, 0x2b3a5d53c950, 2048) = 0
30806   0.000442 libjvm.so->__xstat(1, 0x2b3a5d53c120, 0x2b3a5d53c950, 2048) = 0
30806   0.000427 libjvm.so->__xstat(1, 0x2b3a5d53c120, 0x2b3a5d53c950, 2048) = 0
30806   0.000432 libjvm.so->__xstat(1, 0x2b3a5d53c120, 0x2b3a5d53c950, 2048) = -1
30806   0.000433 libjvm.so->fopen(0x2b3a60002520, 0x2b3a5edbfccb, 0, 0) = 0x2b3a60058a40
30806   0.009054 libjvm.so->open64(0x2b3a5d53b410, 0, 0, 16) = 3
30806   0.000498 libjvm.so->__fxstat64(1, 3, 0x2b3a5d53b240, -1) = 0
30806   0.036659 libjvm.so->__xstat(1, 0x2b3a5d53bf20, 0x2b3a5d53c750, 2048) = -1
30806   0.000616 libjvm.so->fopen(0x2b3a5d53ab20, 0x2b3a5edbfccb, 4011, 3996) = 0x2b3a600b1fd0
30806   0.000772 libjvm.so->fopen(0x2b3a5d53ab20, 0x2b3a5edbfccb, 4011, 3996) = 0x2b3a600b1fd0
30806   0.000626 libjvm.so->fopen(0x2b3a5d53ab20, 0x2b3a5edbfccb, 4011, 4004) = 0x2b3a600b1fd0
30806   0.004416 libjvm.so->pthread_attr_setdetachstate(0x2b3a5d53cc00, 1, 0, 0) = 0
30806   0.000493 libpthread.so.0->__clone(0x2b3a5d629de0, 0x2b3a75ee4fc0, 0x3d0f00, 0x2b3a75ee5700) = 0x7857
30806   0.015714 libjvm.so->pthread_attr_setdetachstate(0x2b3a5d53c290, 1, 0, 0) = 0
30806   0.000708 libpthread.so.0->__clone(0x2b3a5d629de0, 0x2b3a75fe5fc0, 0x3d0f00, 0x2b3a75fe6700) = 0x7858
30806   0.007232 libjvm.so->pthread_attr_setdetachstate(0x2b3a5d53c610, 1, 0, 0) = 0
30806   0.000809 libpthread.so.0->__clone(0x2b3a5d629de0, 0x2b3a760e6fc0, 0x3d0f00, 0x2b3a760e7700) = 0x7859
30806   0.040065 libjvm.so->fopen(0x2b3a600e9160, 0x2b3a5edbfccb, 4, 0x6f732e70) = 0x2b3a600f1ca0
30806   0.002440 libjvm.so->dlopen(0x2b3a600e9160, 1, 0xffffffff, 0x2b3a600ec300) = 0x2b3a60057ba0
30806   0.005217 libjvm.so->open64(0x2b3a5d53b510, 0, 0, 16) = 5
30806   0.000914 libjvm.so->__fxstat64(1, 5, 0x2b3a5d53b340, -1) = 0
30806   0.019973 libjvm.so->fopen(0x2b3a5d538130, 0x2b3a5edbfccb, 4011, 3996) = 0x2b3a600fcbf0
30806   0.001228 libjvm.so->fopen(0x2b3a5d538130, 0x2b3a5edbfccb, 4011, 3996) = 0x2b3a600fcbf0
30806   0.001089 libjvm.so->fopen(0x2b3a5d538130, 0x2b3a5edbfccb, 4011, 4004) = 0x2b3a600fcbf0
30806   0.015525 libjvm.so->pthread_attr_setdetachstate(0x2b3a5d53cb50, 1, 0, 0) = 0
30806   0.001056 libpthread.so.0->__clone(0x2b3a5d629de0, 0x2b3a761e7fc0, 0x3d0f00, 0x2b3a761e8700) = 0x785a
30806   0.001517 libjvm.so->__xstat64(1, 0x2b3a5d53cbe0, 0x2b3a5d53cb50, 19) = -1
30806   0.001220 libjvm.so->pthread_attr_setdetachstate(0x2b3a5d53c950, 1, 0, 0) = 0
30806   0.001103 libpthread.so.0->__clone(0x2b3a5d629de0, 0x2b3a762e8fc0, 0x3d0f00, 0x2b3a762e9700) = 0x785b
30806   0.002095 libjvm.so->pthread_attr_setdetachstate(0x2b3a5d53c950, 1, 0, 0) = 0
30806   0.001361 libpthread.so.0->__clone(0x2b3a5d629de0, 0x2b3a763e9fc0, 0x3d0f00, 0x2b3a763ea700) = 0x785c
30806   0.008217 libjvm.so->pthread_attr_setdetachstate(0x2b3a5d53caa0, 1, 0, 0) = 0
30806   0.001446 libpthread.so.0->__clone(0x2b3a5d629de0, 0x2b3a764eafc0, 0x3d0f00, 0x2b3a764eb700) = 0x785d
30806   0.002925 libjvm.so->pthread_attr_setdetachstate(0x2b3a5d53cbb0, 1, 0, 0) = 0
30806   0.001557 libpthread.so.0->__clone(0x2b3a5d629de0, 0x2b3a765ebfc0, 0x3d0f00, 0x2b3a765ec700) = 0x785e
30806   0.020500 libjvm.so->open64(0x2b3a6012e870, 0, 0, 48) = 7
30806   0.001801 libjvm.so->__fxstat64(1, 7, 0x2b3a5d539f60, -1) = 0
30806   0.028513 libjvm.so->fopen(0x2b3a601546b0, 0x2b3a5edbfccb, 4, 0x6f732e6f) = 0x2b3a60154770
30806   0.003231 libjvm.so->dlopen(0x2b3a601546b0, 1, 0xffffffff, 0x2b3a60154700) = 0x2b3a60154770
30806   0.134735 libjvm.so->fopen(0x2b3a60194df0, 0x2b3a5edbfccb, 4, 0x6f732e74) = 0x2b3a601929f0
30806   0.003144 libjvm.so->dlopen(0x2b3a60194df0, 1, 0xffffffff, 0x2b3a60195700) = 0x2b3a601a7dc0
30806   0.147598 libjvm.so->fopen(0x2b3a60200ec0, 0x2b3a5edbfccb, 0x6f732e7373656c, 0x656c646165685f74) = 0x2b3a60200fa0
30806   0.003803 libjvm.so->dlopen(0x2b3a60200ec0, 1, 0xffffffff, 0x2b3a60200f00) = 0x2b3a60200fa0
30806   0.020253 libjvm.so->fopen(0x2b3a5d535990, 0x2b3a5edbfccb, 0x6f732e, 0x6d766a62696c2f72) = 0x2b3a6020adb0
30806   0.006056 libjvm.so->dlopen(0x2b3a5d535990, 1, 0xffffffff, 0x2b3a6020a300) = 0x555ca9fcb4c0
30806   0.001667 libjvm.so->fopen(0x2b3a5d535990, 0x2b3a5edbfccb, 0x6f732e, 0x6d766a62696c2f72) = 0x2b3a6020ad50
30806   0.004772 libjvm.so->dlopen(0x2b3a5d535990, 1, 0xffffffff, 0x2b3a6020a300) = 0x555ca9fcb4c0
30806   0.001675 libjvm.so->fopen(0x2b3a5d535990, 0x2b3a5edbfccb, 0x6f732e, 0x6d766a62696c2f72) = 0x2b3a6020ad50
30806   0.003460 libjvm.so->dlopen(0x2b3a5d535990, 1, 0xffffffff, 0x2b3a6020a300) = 0x555ca9fcb4c0
30806   0.001652 libjvm.so->fopen(0x2b3a5d535990, 0x2b3a5edbfccb, 0x6f732e, 0x6d766a62696c2f72) = 0x2b3a6020ad50
30806   0.003351 libjvm.so->dlopen(0x2b3a5d535990, 1, 0xffffffff, 0x2b3a6020a300) = 0x555ca9fcb4c0
30806   0.482003 --- SIGSEGV (Segmentation fault) ---
30814  12.606465 +++ exited (status 0) +++
30810   0.000311 +++ exited (status 0) +++
30807   0.000370 +++ exited (status 0) +++
30806   0.000411 +++ exited (status 0) +++
30811   0.000474 +++ exited (status 0) +++
30813   0.000029 +++ exited (status 0) +++
30812   0.000020 +++ exited (status 0) +++
30808   0.000015 +++ exited (status 0) +++
30809   0.024706 +++ exited (status 0) +++
30800   0.000093 +++ exited (status 0) +++
Wrote an ltrace for command: "java -cp ./tools/maxent.jar density.MaxEnt -s outputs/Parides_tros.csv -e data/layers/worldclim -o outputs/Parides_tros nowarnings nocache autorun -z" with PID 30798 from PPID 30778 on disc25.crc.nd.edu with result 0
REMOTEHOST=10.17.150.11
MANPATH=/afs/crc.nd.edu/user/n/nkremerh/cctools/share/man/:/afs/crc.nd.edu/group/ccl/software/x86_64/redhat7/ruby/current/share/man:/afs/crc.nd.edu/group/ccl/software/x86_64/redhat7/graphviz/current/share/man:/afs/crc.nd.edu/group/ccl/software/x86_64/redhat7/gnuplot/current/share/man:/afs/crc.nd.edu/group/ccl/software/x86_64/redhat7/git/current/share/man:/afs/crc.nd.edu/group/ccl/software/x86_64/redhat7/condor/current/share/man:/afs/crc.nd.edu/group/ccl/software/x86_64/redhat7/clang/current/share/man:/afs/crc.nd.edu/group/ccl/software/x86_64/redhat7/condor/current/share/man:/afs/crc.nd.edu/group/ccl/software/x86_64/redhat7/cctools/current/share/man:/afs/crc.nd.edu/group/ccl/software/x86_64/redhat7/cctools/current/share/man:/afs/crc.nd.edu/x86_64_linux/Modules/4.5.0/share/man:/opt/crc/usr/local/man:/opt/sge/man:/usr/share/man/overrides:/usr/share/man:/usr/local/share/man
_CONDOR_JOB_PIDS=
XDG_SESSION_ID=4102
HOSTNAME=disc01.crc.nd.edu
_CONDOR_ANCESTOR_3764=26786:1600190002:1712875894
_LMFILES__modshare=/afs/crc.nd.edu/x86_64_linux/Modules/modules/system_modules/CRC_default/1.1:1
MODULEPATH_modshare=/afs/crc.nd.edu/x86_64_linux/Modules/modules/general_software:1:/afs/crc.nd.edu/x86_64_linux/Modules/modules/development_tools_and_libraries:1:/afs/crc.nd.edu/x86_64_linux/Modules/modules/system_modules:1:/afs/crc.nd.edu/x86_64_linux/Modules/current/modulefiles:1:/afs/crc.nd.edu/x86_64_linux/Modules/modules/restricted_software:1:/afs/crc.nd.edu/x86_64_linux/Modules/modules/deprecated_software:1
TERM=xterm-256color
SHELL=/bin/tcsh
HOST=disc01.crc.nd.edu
MODULES_CMD=/afs/crc.nd.edu/x86_64_linux/Modules/4.5.0/libexec/modulecmd.tcl
HISTSIZE=5000
MAKEFLAGS=
SSH_CLIENT=10.17.150.11 36546 22
TMPDIR=/var/condor/execute/dir_26786/worker-213124-26822/t.677/cctools-temp-t.677.PMF3nc
PERL5LIB=/afs/crc.nd.edu/user/n/nkremerh/cctools/lib/perl5/site_perl/5.16.3:/afs/crc.nd.edu/user/n/nkremerh/.perl5/lib/perl5
SGE_CELL=crc
_CONDOR_SCRATCH_DIR=/var/condor/execute/dir_26786
_CONDOR_ANCESTOR_26786=26799:1600190003:751663846
PERL_MB_OPT=--install_base '/afs/crc.nd.edu/user/n/nkremerh/.perl5/'
SSH_TTY=/dev/pts/2
SGE_LOAD_AVG=load_avg
MAKEFLOW_MAX_LOCAL_JOBS=2
GROUP=campus
USER=nkremerh
_CHIRP_DELAYED_UPDATE_PREFIX=Chirp*
HISTFILESIZE=10000
TEMP=/var/condor/execute/dir_26786/worker-213124-26822/t.677/cctools-temp-t.677.PMF3nc
LD_LIBRARY_PATH=/afs/crc.nd.edu/group/ccl/software/x86_64/redhat7/ruby/current/lib:/afs/crc.nd.edu/group/ccl/software/x86_64/redhat7/graphviz/current/lib:/afs/crc.nd.edu/group/ccl/software/x86_64/redhat7/git/current/lib:/afs/crc.nd.edu/group/ccl/software/x86_64/redhat7/condor/current/lib:/afs/crc.nd.edu/group/ccl/software/x86_64/redhat7/clang/current/lib:/afs/crc.nd.edu/group/ccl/software/x86_64/redhat7/condor/current/lib:/afs/crc.nd.edu/group/ccl/software/x86_64/redhat7/cctools/current/lib:/opt/crc/usr/local/lib
BATCH_SYSTEM=HTCondor
MODULES_LMALTNAME=CRC_default/1.1&CRC_default/default&CRC_default
ENV=/afs/crc.nd.edu/x86_64_linux/Modules/4.5.0/init/profile.sh
WORKER_TMPDIR=/var/condor/execute/dir_26786/worker-213124-26822/cache/tmp
HOSTTYPE=x86_64-linux
_CONDOR_HIGHPORT=9999
GLOBUS_GSSAPI_MAX_TLS_PROTOCOL=0
_CONDOR_CHIRP_CONFIG=/var/condor/execute/dir_26786/.chirp.config
MAKELEVEL=1
MFLAGS=
MAIL=/var/spool/mail/nkremerh
PATH=/afs/crc.nd.edu/user/n/nkremerh/cctools/bin:/afs/crc.nd.edu/user/n/nkremerh/miniconda/bin:/afs/crc.nd.edu/group/ccl/software/git:/afs/crc.nd.edu/user/n/nkremerh/.local/bin:/afs/crc.nd.edu/group/ccl/software/x86_64/redhat7/povray/3.7/bin:/afs/crc.nd.edu/user/n/nkremerh/.perl5/bin:/afs/crc.nd.edu/user/n/nkremerh/pegasus/bin:/afs/crc.nd.edu/user/n/nkremerh/nodejs/bin:/afs/crc.nd.edu/user/n/nkremerh/montage/bin:/afs/crc.nd.edu/user/n/nkremerh/latexdiff:/afs/crc.nd.edu/user/n/nkremerh/envtrace:/afs/crc.nd.edu/user/n/nkremerh/endlines:/afs/crc.nd.edu/user/n/nkremerh/cctools/bin:/afs/crc.nd.edu/user/n/nkremerh/.cargo/bin:/afs/crc.nd.edu/group/ccl/software/x86_64/redhat7/ruby/current/bin:/afs/crc.nd.edu/group/ccl/software/x86_64/redhat7/graphviz/current/bin:/afs/crc.nd.edu/group/ccl/software/x86_64/redhat7/gnuplot/current/bin:/afs/crc.nd.edu/group/ccl/software/x86_64/redhat7/git/current/bin:/afs/crc.nd.edu/group/ccl/software/x86_64/redhat7/condor/current/sbin:/afs/crc.nd.edu/group/ccl/software/x86_64/redhat7/condor/current/bin:/afs/crc.nd.edu/group/ccl/software/x86_64/redhat7/cmake/current/bin:/afs/crc.nd.edu/group/ccl/software/x86_64/redhat7/clang/current/bin:/afs/crc.nd.edu/group/ccl/software/x86_64/redhat7/condor/current/sbin:/afs/crc.nd.edu/group/ccl/software/x86_64/redhat7/condor/current/bin:/afs/crc.nd.edu/group/ccl/software/x86_64/redhat7/cctools/current/bin:/afs/crc.nd.edu/x86_64_linux/Modules/4.5.0/bin:/opt/crc/usr/local/bin:/opt/sge/bin/lx-amd64:/usr/local/bin:/usr/bin:/usr/local/sbin:/usr/sbin:/afs/crc.nd.edu/user/c/condor/software/bin:/afs/crc.nd.edu/user/c/condor/software/sbin
CCLSOFTWARE=/afs/crc.nd.edu/group/ccl/software/x86_64/redhat7
PWD=/var/condor/execute/dir_26786/worker-213124-26822/t.677
_LMFILES_=/afs/crc.nd.edu/x86_64_linux/Modules/modules/system_modules/CRC_default/1.1
EDITOR=vim
SGE_EXECD_PORT=6445
LANG=en_US.UTF-8
SGE_QMASTER_PORT=6444
MODULEPATH=/afs/crc.nd.edu/x86_64_linux/Modules/modules/development_tools_and_libraries:/afs/crc.nd.edu/x86_64_linux/Modules/modules/general_software:/afs/crc.nd.edu/x86_64_linux/Modules/modules/restricted_software:/afs/crc.nd.edu/x86_64_linux/Modules/modules/system_modules:/afs/crc.nd.edu/x86_64_linux/Modules/modules/deprecated_software:/afs/crc.nd.edu/x86_64_linux/Modules/current/modulefiles
LOADEDMODULES=CRC_default/1.1
SGE_ROOT=/opt/sge
CCLPLATFORM=x86_64/redhat7
_CONDOR_SLOT=slot1
WORK_QUEUE_SANDBOX=/var/condor/execute/dir_26786/worker-213124-26822
USE_SYSTEMD=true
_CONDOR_LOWPORT=9100
_CONDOR_ANCESTOR_3611=3764:1598184024:3503519607
HISTCONTROL=ignoreboth:erasedups
KRB5CCNAME=FILE:/tmp/krb5cc_213124_DZSV7p
GLOBUS_GSSAPI_NAME_COMPATIBILITY=STRICT_RFC2818
HOME=disc01.crc.nd.edu
SHLVL=6
PATH_modshare=/opt/crc/usr/local/bin:1:/opt/sge/bin/lx-amd64:1:/usr/sbin:1:/usr/bin:1:/afs/crc.nd.edu/user/c/condor/software/sbin:1:/usr/local/sbin:1:/afs/crc.nd.edu/user/c/condor/software/bin:1:/usr/local/bin:1
OSTYPE=linux
_CONDOR_MACHINE_AD=/var/condor/execute/dir_26786/.machine.ad
GREP_OPTIONS=--color=auto
DISK=916619
GLOBUS_GSSAPI_MIN_TLS_PROTOCOL=TLS1_VERSION
MANPATH_modshare=/usr/share/man/overrides:1:/usr/local/share/man:1:/usr/share/man:1:/opt/crc/usr/local/man:1:/opt/sge/man:1
MEMORY=15899
PERL_LOCAL_LIB_ROOT=/afs/crc.nd.edu/user/n/nkremerh/.perl5/
BASH_ENV=/afs/crc.nd.edu/x86_64_linux/Modules/4.5.0/init/bash
VENDOR=unknown
TMP=/var/condor/execute/dir_26786/worker-213124-26822/t.677/cctools-temp-t.677.PMF3nc
LOGNAME=nkremerh
MACHTYPE=x86_64
CCLHOME=/afs/crc.nd.edu/group/ccl
PYTHONPATH=/afs/crc.nd.edu/user/n/nkremerh/cctools/lib/python3.6/site-packages/
LD_LIBRARY_PATH_modshare=/opt/crc/usr/local/lib:1
SSH_CONNECTION=10.17.150.11 36546 129.74.128.103 22
MODULES_LMALTNAME_modshare=CRC_default/1.1&CRC_default/default&CRC_default:1
MODULESHOME=/afs/crc.nd.edu/x86_64_linux/Modules/4.5.0
GLOBUS_GSSAPI_CIPHERS=HIGH
GLOBUS_GSSAPI_BACKWARD_COMPATIBLE_MIC=true
LESSOPEN=||/usr/bin/lesspipe.sh %s
OMP_NUM_THREADS=1
_CONDOR_JOB_AD=/var/condor/execute/dir_26786/.job.ad
LOADEDMODULES_modshare=CRC_default/1.1:1
XDG_RUNTIME_DIR=/run/user/213124
SGE_CLUSTER_NAME=CRC
CCTOOLS=../cctools
CORES=4
_CONDOR_JOB_IWD=/var/condor/execute/dir_26786
PERL_MM_OPT=INSTALL_BASE=/afs/crc.nd.edu/user/n/nkremerh/.perl5/
GLOBUS_GSSAPI_SERVER_CIPHER_ORDER=true
BASH_FUNC_module()=() {  unset _mlshdbg;
 if [ "${MODULES_SILENT_SHELL_DEBUG:-0}" = '1' ]; then
 case "$-" in 
 *v*x*)
 set +vx;
 _mlshdbg='vx'
 ;;
 *v*)
 set +v;
 _mlshdbg='v'
 ;;
 *x*)
 set +x;
 _mlshdbg='x'
 ;;
 *)
 _mlshdbg=''
 ;;
 esac;
 fi;
 unset _mlre _mlIFS;
 if [ -n "${IFS+x}" ]; then
 _mlIFS=$IFS;
 fi;
 IFS=' ';
 for _mlv in ${MODULES_RUN_QUARANTINE:-};
 do
 if [ "${_mlv}" = "${_mlv##*[!A-Za-z0-9_]}" -a "${_mlv}" = "${_mlv#[0-9]}" ]; then
 if [ -n "`eval 'echo ${'$_mlv'+x}'`" ]; then
 _mlre="${_mlre:-}${_mlv}_modquar='`eval 'echo ${'$_mlv'}'`' ";
 fi;
 _mlrv="MODULES_RUNENV_${_mlv}";
 _mlre="${_mlre:-}${_mlv}='`eval 'echo ${'$_mlrv':-}'`' ";
 fi;
 done;
 if [ -n "${_mlre:-}" ]; then
 eval `eval ${_mlre}/usr/bin/tclsh /afs/crc.nd.edu/x86_64_linux/Modules/4.5.0/libexec/modulecmd.tcl bash '"$@"'`;
 else
 eval `/usr/bin/tclsh /afs/crc.nd.edu/x86_64_linux/Modules/4.5.0/libexec/modulecmd.tcl bash "$@"`;
 fi;
 _mlstatus=$?;
 if [ -n "${_mlIFS+x}" ]; then
 IFS=$_mlIFS;
 else
 unset IFS;
 fi;
 unset _mlre _mlv _mlrv _mlIFS;
 if [ -n "${_mlshdbg:-}" ]; then
 set -$_mlshdbg;
 fi;
 unset _mlshdbg;
 return $_mlstatus
}
BASH_FUNC_ml()=() {  module ml "$@"
}
_=/usr/bin/printenv
