23733   0.000000 libjli.so->getenv("_JAVA_LAUNCHER_DEBUG") = nil
23733   0.001749 libjli.so->getenv("_JAVA_VERSION_SET") = nil
23733   0.000725 libjli.so->fopen("/usr/lib/jvm/java-1.8.0-openjdk-1.8.0.262.b10-0.el7_8.x86_64/jre/lib/amd64/jvm.cfg", "r") = 0x55614eb900f0
23733   0.000910 libjli.so->getenv("JDK_ALTERNATE_VM") = nil
23733   0.000318 libjli.so->__xstat(1, "/usr/lib/jvm/java-1.8.0-openjdk-1.8.0.262.b10-0.el7_8.x86_64/jre/lib/amd64/server/libjvm.so", 0x7ffedfcdde80) = 0
23733   0.000623 libjli.so->getenv("LD_LIBRARY_PATH") = "/afs/crc.nd.edu/group/ccl/software/x86_64/redhat7/ruby/current/lib:/afs/crc.nd.edu/group/ccl/software/x86_64/redhat7/graphviz/current/lib:/afs/crc.nd.edu/group/ccl/software/x86_64/redhat7/git/current/lib:/afs/crc.nd.edu/group/ccl/software/x86_64/redhat7/condor/current/lib:/afs/crc.nd.edu/group/ccl/software/x86_64/redhat7/clang/current/lib:/afs/crc.nd.edu/group/ccl/software/x86_64/redhat7/condor/current/lib:/afs/crc.nd.edu/group/ccl/software/x86_64/redhat7/cctools/current/lib:/opt/crc/usr/local/lib"
23733   0.002199 libjli.so->dlopen("/usr/lib/jvm/java-1.8.0-openjdk-1.8.0.262.b10-0.el7_8.x86_64/jre/lib/amd64/server/libjvm.so", 258 <unfinished ...>
23733   0.039762 libjvm.so->getenv("NMT_LEVEL_23733") = nil
23733   0.001640 <... dlopen resumed> )          = 0x55614eb904c0
23733   0.000076 libjli.so->getenv("CLASSPATH")  = nil
23733   0.000320 libjli.so->getenv("_JAVA_SPLASH_JAR") = nil
23733   0.000324 libjli.so->getenv("_JAVA_SPLASH_FILE") = nil
23733   0.000307 libjli.so->pthread_attr_setdetachstate(0x7ffedfcdde30, 0, 0x7ffedfcddec0, 0) = 0
23733   0.000486 libpthread.so.0->__clone(0x2b5add378de0, 0x2b5add28bfc0, 0x3d0f00, 0x2b5add28c700) = 0x5cbb
23739   0.001685 libjvm.so->dlopen(0x2b5adeb579ae, 1, 0xfffffffffff42c48, 4096) = 0x2b5ae0000990
23739   0.001724 libjvm.so->getenv(0x2b5adeb7283e, 0, 115, 0x65737361) = 0x7ffedfce3710
23739   0.000324 libjvm.so->fopen(0x2b5add28ac10, 0x2b5adeb0eccb, 0x6f732e79666972, 0x2b5addc50ab0) = 0x2b5ae0001440
23739   0.000988 libjvm.so->dlopen(0x2b5add28ac10, 1, 0xffffffff, 0x2b5ae0002b00) = 0x2b5ae0001440
23739   0.000944 libjvm.so->fopen(0x2b5add28ac10, 0x2b5adeb0eccb, 111, 0x732e6176) = 0x2b5ae0001b10
23739   0.001040 libjvm.so->dlopen(0x2b5add28ac10, 1, 0xffffffff, 0x2b5ae0001a00) = 0x2b5ae0001b10
23739   0.001062 libjvm.so->__xstat(1, 0x2b5add28b360, 0x2b5add28bba0, 0x746f7073746f682e) = -1
23739   0.000313 libjvm.so->getenv(0x2b5adeb07541, 0x2b5add28b6d0, 1024, 0x2b5adefc161b) = 0
23739   0.000312 libjvm.so->getenv(0x2b5adeb07533, 0x2b5add28b6d0, 1024, 0) = 0
23739   0.000276 libjvm.so->fopen(0x2b5adeb57315, 0x2b5adeb0eccb, 4095, 0xffffd4a5214f8b03) = 0x2b5ae00032b0
23739   0.000761 libjvm.so->fopen(0x2b5adeb57361, 0x2b5adeb0eccb, 0x2b5ae0000078, 0x2b5ae00032a0) = 0x2b5ae00032b0
23739   0.000466 libjvm.so->fopen(0x2b5add2859b0, 0x2b5adeb0eccb, 4016, 3997) = 0x2b5ae00032b0
23739   0.000472 libjvm.so->opendir(0x2b5ae0002b40, 0x2b5ae0002b40, 13, 16) = 0
23739   0.000298 libjvm.so->__xstat(1, 0x2b5add28a8f0, 0x2b5add289860, 0x6f732e7477616d62) = -1
23739   0.000307 libjvm.so->__xstat(1, 0x2b5add28a8f0, 0x2b5add289860, 0x5f74776162696c2f) = 0
23739   0.000338 libjvm.so->fopen(0x2b5add289b90, 0x2b5adeb0eccb, 4011, 3996) = 0x2b5ae0003790
23739   0.000692 libjvm.so->fopen(0x2b5add289b90, 0x2b5adeb0eccb, 4011, 3996) = 0x2b5ae0003790
23739   0.000493 libjvm.so->fopen(0x2b5add289b90, 0x2b5adeb0eccb, 4011, 4004) = 0x2b5ae0003790
23739   0.000851 libjvm.so->fopen(0x2b5add289b20, 0x2b5adeb0eccb, 4011, 3996) = 0x2b5ae0003790
23739   0.000499 libjvm.so->fopen(0x2b5add289b20, 0x2b5adeb0eccb, 4011, 3996) = 0x2b5ae0003790
23739   0.000456 libjvm.so->fopen(0x2b5add289b20, 0x2b5adeb0eccb, 4011, 4004) = 0x2b5ae0003790
23739   0.000439 libjvm.so->fopen(0x2b5add289b50, 0x2b5adeb0eccb, 4016, 3997) = 0x2b5ae0003790
23739   0.000609 libjvm.so->getenv(0x2b5adeb580ff, 4096, 3, -1) = 0
23739   0.001025 libjvm.so->fopen(0x2b5adeb57998, 0x2b5adeb0eccb, 0x2b5add36f908, 0x2b5add36edf0) = 0x2b5ae0003790
23739   0.003535 libjvm.so->open(0x2b5ae004a580, 0x20000, 0, 0x2b5ae004a5c9) = 3
23739   0.000310 libjvm.so->__fxstat(1, 3, 0x2b5add28ba00, -1) = 0
23739   0.000337 libjvm.so->opendir(0x2b5ae004a580, 0x2b5add28ba00, 0x4000, -1) = 0x2b5ae004b490
23739   0.000410 libjvm.so->__fxstat(1, 3, 0x2b5add28b8a0, 0x2b5ae004b490) = 0
23739   0.000340 libjvm.so->__fxstat(1, 5, 0x2b5add28b930, -1) = 0
23739   0.000316 libjvm.so->open(0x2b5adeb259dc, 0, 0, 0) = 3
23739   0.000497 libjvm.so->__lxstat(1, 0x2b5ae004a580, 0x2b5add28bb50, -144) = 0
23739   0.000311 libjvm.so->open(0x2b5ae004a580, 0x20000, 0x4000, -1) = 3
23739   0.000289 libjvm.so->__fxstat(1, 3, 0x2b5add28ba00, -1) = 0
23739   0.000307 libjvm.so->opendir(0x2b5ae004a580, 0x2b5add28ba00, 0x4000, -1) = 0x2b5ae004b490
23739   0.000281 libjvm.so->__fxstat(1, 3, 0x2b5add28b8a0, 0x2b5ae004b490) = 0
23739   0.000285 libjvm.so->__fxstat(1, 5, 0x2b5add28b930, -1) = 0
23739   0.000343 libjvm.so->open(0x2b5adeb259dc, 0, 0, 0) = 3
23739   0.000340 libjvm.so->open(0x2b5ae004a5c9, 0x20042, 384, -1) = 7
23739   0.000414 libjvm.so->__fxstat(1, 7, 0x2b5add28bb50, -1) = 0
23739   0.002047 libjvm.so->fopen(0x2b5add28ab60, 0x2b5adeb0eccb, 4, 0x6f732e70) = 0x2b5ae0057be0
23739   0.001311 libjvm.so->dlopen(0x2b5add28ab60, 1, 0xffffffff, 0x2b5ae0057b00) = 0x2b5ae0057be0
23739   0.001034 libjvm.so->__xstat(1, 0x2b5add28b120, 0x2b5add28b950, 2048) = 0
23739   0.000316 libjvm.so->__xstat(1, 0x2b5add28b120, 0x2b5add28b950, 2048) = 0
23739   0.000300 libjvm.so->__xstat(1, 0x2b5add28b120, 0x2b5add28b950, 2048) = -1
23739   0.000338 libjvm.so->__xstat(1, 0x2b5add28b120, 0x2b5add28b950, 2048) = 0
23739   0.000291 libjvm.so->__xstat(1, 0x2b5add28b120, 0x2b5add28b950, 2048) = 0
23739   0.000287 libjvm.so->__xstat(1, 0x2b5add28b120, 0x2b5add28b950, 2048) = 0
23739   0.000331 libjvm.so->__xstat(1, 0x2b5add28b120, 0x2b5add28b950, 2048) = 0
23739   0.000295 libjvm.so->__xstat(1, 0x2b5add28b120, 0x2b5add28b950, 2048) = -1
23739   0.000290 libjvm.so->fopen(0x2b5ae0002520, 0x2b5adeb0eccb, 0, 0) = 0x2b5ae0058a80
23739   0.006468 libjvm.so->open64(0x2b5add28a410, 0, 0, 16) = 3
23739   0.000718 libjvm.so->__fxstat64(1, 3, 0x2b5add28a240, -1) = 0
23739   0.034442 libjvm.so->__xstat(1, 0x2b5add28af20, 0x2b5add28b750, 2048) = -1
23739   0.000589 libjvm.so->fopen(0x2b5add289b20, 0x2b5adeb0eccb, 4011, 3996) = 0x2b5ae00b5ec0
23739   0.000698 libjvm.so->fopen(0x2b5add289b20, 0x2b5adeb0eccb, 4011, 3996) = 0x2b5ae00b5ec0
23739   0.000622 libjvm.so->fopen(0x2b5add289b20, 0x2b5adeb0eccb, 4011, 4004) = 0x2b5ae00b5ec0
23739   0.004410 libjvm.so->pthread_attr_setdetachstate(0x2b5add28bc00, 1, 0, 0) = 0
23739   0.000629 libpthread.so.0->__clone(0x2b5add378de0, 0x2b5af5cb8fc0, 0x3d0f00, 0x2b5af5cb9700) = 0x5cbd
23739   0.015927 libjvm.so->pthread_attr_setdetachstate(0x2b5add28b290, 1, 0, 0) = 0
23739   0.000498 libpthread.so.0->__clone(0x2b5add378de0, 0x2b5af5db9fc0, 0x3d0f00, 0x2b5af5dba700) = 0x5cbe
23739   0.006923 libjvm.so->pthread_attr_setdetachstate(0x2b5add28b610, 1, 0, 0) = 0
23739   0.000626 libpthread.so.0->__clone(0x2b5add378de0, 0x2b5af5ebafc0, 0x3d0f00, 0x2b5af5ebb700) = 0x5cbf
23739   0.040350 libjvm.so->fopen(0x2b5ae00ec390, 0x2b5adeb0eccb, 4, 0x6f732e70) = 0x2b5ae00f1cd0
23739   0.002053 libjvm.so->dlopen(0x2b5ae00ec390, 1, 0xffffffff, 0x2b5ae00ec200) = 0x2b5ae0057be0
23739   0.005267 libjvm.so->open64(0x2b5add28a510, 0, 0, 16) = 5
23739   0.000923 libjvm.so->__fxstat64(1, 5, 0x2b5add28a340, -1) = 0
23739   0.019992 libjvm.so->fopen(0x2b5add287130, 0x2b5adeb0eccb, 4011, 3996) = 0x2b5ae00fcc60
23739   0.001187 libjvm.so->fopen(0x2b5add287130, 0x2b5adeb0eccb, 4011, 3996) = 0x2b5ae00fcc60
23739   0.001159 libjvm.so->fopen(0x2b5add287130, 0x2b5adeb0eccb, 4011, 4004) = 0x2b5ae00fcc60
23739   0.015480 libjvm.so->pthread_attr_setdetachstate(0x2b5add28bb50, 1, 0, 0) = 0
23739   0.001009 libpthread.so.0->__clone(0x2b5add378de0, 0x2b5af5fbbfc0, 0x3d0f00, 0x2b5af5fbc700) = 0x5cc0
23739   0.002576 libjvm.so->__xstat64(1, 0x2b5add28bbe0, 0x2b5add28bb50, 19) = -1
23739   0.001171 libjvm.so->pthread_attr_setdetachstate(0x2b5add28b950, 1, 0, 0) = 0
23739   0.001146 libpthread.so.0->__clone(0x2b5add378de0, 0x2b5af60bcfc0, 0x3d0f00, 0x2b5af60bd700) = 0x5cc1
23739   0.001702 libjvm.so->pthread_attr_setdetachstate(0x2b5add28b950, 1, 0, 0) = 0
23739   0.001260 libpthread.so.0->__clone(0x2b5add378de0, 0x2b5af61bdfc0, 0x3d0f00, 0x2b5af61be700) = 0x5cc2
23739   0.011130 libjvm.so->pthread_attr_setdetachstate(0x2b5add28baa0, 1, 0, 0) = 0
23739   0.001492 libpthread.so.0->__clone(0x2b5add378de0, 0x2b5af62befc0, 0x3d0f00, 0x2b5af62bf700) = 0x5cc3
23739   0.002290 libjvm.so->pthread_attr_setdetachstate(0x2b5add28bbb0, 1, 0, 0) = 0
23739   0.001657 libpthread.so.0->__clone(0x2b5add378de0, 0x2b5af63bffc0, 0x3d0f00, 0x2b5af63c0700) = 0x5cc4
23739   0.015279 libjvm.so->open64(0x2b5ae01368a0, 0, 0, 32) = 7
23739   0.001774 libjvm.so->__fxstat64(1, 7, 0x2b5add288f60, -1) = 0
23739   0.028268 libjvm.so->fopen(0x2b5ae015c620, 0x2b5adeb0eccb, 4, 0x6f732e6f) = 0x2b5ae015c6e0
23739   0.003108 libjvm.so->dlopen(0x2b5ae015c620, 1, 0xffffffff, 0x2b5ae015c600) = 0x2b5ae015c6e0
23739   0.135952 libjvm.so->fopen(0x2b5ae019cd00, 0x2b5adeb0eccb, 4, 0x6f732e74) = 0x2b5ae019a880
23739   0.003297 libjvm.so->dlopen(0x2b5ae019cd00, 1, 0xffffffff, 0x2b5ae019d600) = 0x2b5ae01b7f30
23739   0.144222 libjvm.so->fopen(0x2b5ae0230c40, 0x2b5adeb0eccb, 0x6f732e7373656c, 0x656c646165685f74) = 0x2b5ae0230d20
23739   0.002956 libjvm.so->dlopen(0x2b5ae0230c40, 1, 0xffffffff, 0x2b5ae0230c00) = 0x2b5ae0230d20
23739   0.021694 libjvm.so->fopen(0x2b5add284990, 0x2b5adeb0eccb, 0x6f732e, 0x6d766a62696c2f72) = 0x2b5ae023ac10
23739   0.006221 libjvm.so->dlopen(0x2b5add284990, 1, 0xffffffff, 0x2b5ae023a100) = 0x55614eb904c0
23739   0.001792 libjvm.so->fopen(0x2b5add284990, 0x2b5adeb0eccb, 0x6f732e, 0x6d766a62696c2f72) = 0x2b5ae023abb0
23739   0.005490 libjvm.so->dlopen(0x2b5add284990, 1, 0xffffffff, 0x2b5ae023a100) = 0x55614eb904c0
23739   0.001715 libjvm.so->fopen(0x2b5add284990, 0x2b5adeb0eccb, 0x6f732e, 0x6d766a62696c2f72) = 0x2b5ae023abb0
23739   0.003609 libjvm.so->dlopen(0x2b5add284990, 1, 0xffffffff, 0x2b5ae023a100) = 0x55614eb904c0
23739   0.004540 libjvm.so->fopen(0x2b5add284990, 0x2b5adeb0eccb, 0x6f732e, 0x6d766a62696c2f72) = 0x2b5ae023abb0
23739   0.003437 libjvm.so->dlopen(0x2b5add284990, 1, 0xffffffff, 0x2b5ae023a100) = 0x55614eb904c0
23739   0.277888 libjvm.so->fopen(0x2b5add288ed0, 0x2b5adeb0eccb, 111, 0x732e6176) = 0x2b5ae0280380
23739   0.004729 libjvm.so->dlopen(0x2b5add288ed0, 1, 0xffffffff, 0x2b5ae0280300) = 0x2b5ae0001b10
23739   0.001935 libjvm.so->fopen(0x2b5add288ed0, 0x2b5adeb0eccb, 111, 0x732e6176) = 0x2b5ae02806c0
23739   0.004503 libjvm.so->dlopen(0x2b5add288ed0, 1, 0xffffffff, 0x2b5ae0280300) = 0x2b5ae0001b10
23739   0.001725 libjvm.so->fopen(0x2b5add288ed0, 0x2b5adeb0eccb, 111, 0x732e6176) = 0x2b5ae0280380
23739   0.006441 libjvm.so->dlopen(0x2b5add288ed0, 1, 0xffffffff, 0x2b5ae0280300) = 0x2b5ae0001b10
23739   0.002104 libjvm.so->fopen(0x2b5add288ed0, 0x2b5adeb0eccb, 111, 0x732e6176) = 0x2b5ae0280380
23739   0.003041 libjvm.so->dlopen(0x2b5add288ed0, 1, 0xffffffff, 0x2b5ae0280300) = 0x2b5ae0001b10
23739   0.019179 libjvm.so->fopen(0x2b5add288eb0, 0x2b5adeb0eccb, 111, 0x732e6176) = 0x2b5ae0280380
23739   0.002960 libjvm.so->dlopen(0x2b5add288eb0, 1, 0xffffffff, 0x2b5ae0279f00) = 0x2b5ae0001b10
23739   0.003170 libjvm.so->fopen(0x2b5add288eb0, 0x2b5adeb0eccb, 111, 0x732e6176) = 0x2b5ae0280380
23739   0.004122 libjvm.so->dlopen(0x2b5add288eb0, 1, 0xffffffff, 0x2b5ae0279f00) = 0x2b5ae0001b10
23739   0.001715 libjvm.so->fopen(0x2b5add288eb0, 0x2b5adeb0eccb, 111, 0x732e6176) = 0x2b5ae0280380
23739   0.002886 libjvm.so->dlopen(0x2b5add288eb0, 1, 0xffffffff, 0x2b5ae0279f00) = 0x2b5ae0001b10
23739   0.001720 libjvm.so->fopen(0x2b5add288eb0, 0x2b5adeb0eccb, 111, 0x732e6176) = 0x2b5ae0280380
23739   0.002762 libjvm.so->dlopen(0x2b5add288eb0, 1, 0xffffffff, 0x2b5ae0279f00) = 0x2b5ae0001b10
23739   0.141330 --- SIGSEGV (Segmentation fault) ---
23739   0.892186 --- SIGSEGV (Segmentation fault) ---
23739   2.259073 --- SIGSEGV (Segmentation fault) ---
23748   8.737709 +++ exited (status 0) +++
23741   0.000434 +++ exited (status 0) +++
23739   0.000183 +++ exited (status 0) +++
23747   0.000282 +++ exited (status 0) +++
23746   0.000052 +++ exited (status 0) +++
23745   0.000013 +++ exited (status 0) +++
23743   0.000011 +++ exited (status 0) +++
23742   0.000010 +++ exited (status 0) +++
23744   0.026363 +++ exited (status 0) +++
23733   0.000089 +++ exited (status 0) +++
Wrote an ltrace for command: "java -cp ./tools/maxent.jar density.MaxEnt -s outputs/Metrius_contractus_Eschscholtz.csv -e data/layers/worldclim -o outputs/Metrius_contractus_Eschscholtz nowarnings nocache autorun -z" with PID 23731 from PPID 23713 on disc25.crc.nd.edu with result 0
REMOTEHOST=129.74.154.87
MANPATH=/afs/crc.nd.edu/user/n/nkremerh/cctools/share/man/:/afs/crc.nd.edu/group/ccl/software/x86_64/redhat7/ruby/current/share/man:/afs/crc.nd.edu/group/ccl/software/x86_64/redhat7/graphviz/current/share/man:/afs/crc.nd.edu/group/ccl/software/x86_64/redhat7/gnuplot/current/share/man:/afs/crc.nd.edu/group/ccl/software/x86_64/redhat7/git/current/share/man:/afs/crc.nd.edu/group/ccl/software/x86_64/redhat7/condor/current/share/man:/afs/crc.nd.edu/group/ccl/software/x86_64/redhat7/clang/current/share/man:/afs/crc.nd.edu/group/ccl/software/x86_64/redhat7/condor/current/share/man:/afs/crc.nd.edu/group/ccl/software/x86_64/redhat7/cctools/current/share/man:/afs/crc.nd.edu/group/ccl/software/x86_64/redhat7/cctools/current/share/man:/afs/crc.nd.edu/x86_64_linux/Modules/4.5.0/share/man:/opt/crc/usr/local/man:/opt/sge/man:/usr/share/man/overrides:/usr/share/man:/usr/local/share/man
_CONDOR_JOB_PIDS=
XDG_SESSION_ID=2226
HOSTNAME=disc01.crc.nd.edu
_LMFILES__modshare=/afs/crc.nd.edu/x86_64_linux/Modules/modules/system_modules/CRC_default/1.1:1
MODULEPATH_modshare=/afs/crc.nd.edu/x86_64_linux/Modules/modules/general_software:1:/afs/crc.nd.edu/x86_64_linux/Modules/modules/development_tools_and_libraries:1:/afs/crc.nd.edu/x86_64_linux/Modules/modules/system_modules:1:/afs/crc.nd.edu/x86_64_linux/Modules/current/modulefiles:1:/afs/crc.nd.edu/x86_64_linux/Modules/modules/restricted_software:1:/afs/crc.nd.edu/x86_64_linux/Modules/modules/deprecated_software:1
TERM=xterm-256color
SHELL=/bin/tcsh
HOST=disc01.crc.nd.edu
MODULES_CMD=/afs/crc.nd.edu/x86_64_linux/Modules/4.5.0/libexec/modulecmd.tcl
HISTSIZE=5000
MAKEFLAGS=
SSH_CLIENT=129.74.154.87 57278 22
TMPDIR=/var/condor/execute/dir_19614/worker-213124-19674/t.680/cctools-temp-t.680.tzxr2d
PERL5LIB=/afs/crc.nd.edu/user/n/nkremerh/cctools/lib/perl5/site_perl/5.16.3:/afs/crc.nd.edu/user/n/nkremerh/.perl5/lib/perl5
SGE_CELL=crc
_CONDOR_SCRATCH_DIR=/var/condor/execute/dir_19614
PERL_MB_OPT=--install_base '/afs/crc.nd.edu/user/n/nkremerh/.perl5/'
SSH_TTY=/dev/pts/0
_CONDOR_ANCESTOR_19614=19626:1597419253:2561947177
SGE_LOAD_AVG=load_avg
_CONDOR_ANCESTOR_3553=3727:1596370016:1581098405
MAKEFLOW_MAX_LOCAL_JOBS=2
GROUP=campus
USER=nkremerh
_CHIRP_DELAYED_UPDATE_PREFIX=Chirp*
HISTFILESIZE=10000
TEMP=/var/condor/execute/dir_19614/worker-213124-19674/t.680/cctools-temp-t.680.tzxr2d
LD_LIBRARY_PATH=/afs/crc.nd.edu/group/ccl/software/x86_64/redhat7/ruby/current/lib:/afs/crc.nd.edu/group/ccl/software/x86_64/redhat7/graphviz/current/lib:/afs/crc.nd.edu/group/ccl/software/x86_64/redhat7/git/current/lib:/afs/crc.nd.edu/group/ccl/software/x86_64/redhat7/condor/current/lib:/afs/crc.nd.edu/group/ccl/software/x86_64/redhat7/clang/current/lib:/afs/crc.nd.edu/group/ccl/software/x86_64/redhat7/condor/current/lib:/afs/crc.nd.edu/group/ccl/software/x86_64/redhat7/cctools/current/lib:/opt/crc/usr/local/lib
BATCH_SYSTEM=HTCondor
MODULES_LMALTNAME=CRC_default/1.1&CRC_default/default&CRC_default
ENV=/afs/crc.nd.edu/x86_64_linux/Modules/4.5.0/init/profile.sh
WORKER_TMPDIR=/var/condor/execute/dir_19614/worker-213124-19674/cache/tmp
HOSTTYPE=x86_64-linux
_CONDOR_HIGHPORT=9999
GLOBUS_GSSAPI_MAX_TLS_PROTOCOL=0
_CONDOR_CHIRP_CONFIG=/var/condor/execute/dir_19614/.chirp.config
MAKELEVEL=1
MFLAGS=
_CONDOR_ANCESTOR_3727=19614:1597419249:425629788
MAIL=/var/spool/mail/nkremerh
PATH=/afs/crc.nd.edu/user/n/nkremerh/cctools/bin:/afs/crc.nd.edu/user/n/nkremerh/miniconda/bin:/afs/crc.nd.edu/group/ccl/software/git:/afs/crc.nd.edu/user/n/nkremerh/.local/bin:/afs/crc.nd.edu/group/ccl/software/x86_64/redhat7/povray/3.7/bin:/afs/crc.nd.edu/user/n/nkremerh/.perl5/bin:/afs/crc.nd.edu/user/n/nkremerh/pegasus/bin:/afs/crc.nd.edu/user/n/nkremerh/nodejs/bin:/afs/crc.nd.edu/user/n/nkremerh/montage/bin:/afs/crc.nd.edu/user/n/nkremerh/latexdiff:/afs/crc.nd.edu/user/n/nkremerh/envtrace:/afs/crc.nd.edu/user/n/nkremerh/endlines:/afs/crc.nd.edu/user/n/nkremerh/cctools/bin:/afs/crc.nd.edu/user/n/nkremerh/.cargo/bin:/afs/crc.nd.edu/group/ccl/software/x86_64/redhat7/ruby/current/bin:/afs/crc.nd.edu/group/ccl/software/x86_64/redhat7/graphviz/current/bin:/afs/crc.nd.edu/group/ccl/software/x86_64/redhat7/gnuplot/current/bin:/afs/crc.nd.edu/group/ccl/software/x86_64/redhat7/git/current/bin:/afs/crc.nd.edu/group/ccl/software/x86_64/redhat7/condor/current/sbin:/afs/crc.nd.edu/group/ccl/software/x86_64/redhat7/condor/current/bin:/afs/crc.nd.edu/group/ccl/software/x86_64/redhat7/cmake/current/bin:/afs/crc.nd.edu/group/ccl/software/x86_64/redhat7/clang/current/bin:/afs/crc.nd.edu/group/ccl/software/x86_64/redhat7/condor/current/sbin:/afs/crc.nd.edu/group/ccl/software/x86_64/redhat7/condor/current/bin:/afs/crc.nd.edu/group/ccl/software/x86_64/redhat7/cctools/current/bin:/afs/crc.nd.edu/x86_64_linux/Modules/4.5.0/bin:/opt/crc/usr/local/bin:/opt/sge/bin/lx-amd64:/usr/local/bin:/usr/bin:/usr/local/sbin:/usr/sbin:/afs/crc.nd.edu/user/c/condor/software/bin:/afs/crc.nd.edu/user/c/condor/software/sbin
CCLSOFTWARE=/afs/crc.nd.edu/group/ccl/software/x86_64/redhat7
PWD=/var/condor/execute/dir_19614/worker-213124-19674/t.680
_LMFILES_=/afs/crc.nd.edu/x86_64_linux/Modules/modules/system_modules/CRC_default/1.1
EDITOR=vim
SGE_EXECD_PORT=6445
LANG=en_US.UTF-8
SGE_QMASTER_PORT=6444
MODULEPATH=/afs/crc.nd.edu/x86_64_linux/Modules/modules/development_tools_and_libraries:/afs/crc.nd.edu/x86_64_linux/Modules/modules/general_software:/afs/crc.nd.edu/x86_64_linux/Modules/modules/restricted_software:/afs/crc.nd.edu/x86_64_linux/Modules/modules/system_modules:/afs/crc.nd.edu/x86_64_linux/Modules/modules/deprecated_software:/afs/crc.nd.edu/x86_64_linux/Modules/current/modulefiles
LOADEDMODULES=CRC_default/1.1
SGE_ROOT=/opt/sge
CCLPLATFORM=x86_64/redhat7
_CONDOR_SLOT=slot1
WORK_QUEUE_SANDBOX=/var/condor/execute/dir_19614/worker-213124-19674
USE_SYSTEMD=true
_CONDOR_LOWPORT=9100
HISTCONTROL=ignoreboth:erasedups
KRB5CCNAME=FILE:/tmp/krb5cc_213124_jfvfni
GLOBUS_GSSAPI_NAME_COMPATIBILITY=STRICT_RFC2818
HOME=disc01.crc.nd.edu
SHLVL=6
PATH_modshare=/opt/crc/usr/local/bin:1:/opt/sge/bin/lx-amd64:1:/usr/sbin:1:/usr/bin:1:/afs/crc.nd.edu/user/c/condor/software/sbin:1:/usr/local/sbin:1:/afs/crc.nd.edu/user/c/condor/software/bin:1:/usr/local/bin:1
OSTYPE=linux
_CONDOR_MACHINE_AD=/var/condor/execute/dir_19614/.machine.ad
GREP_OPTIONS=--color=auto
DISK=916679
GLOBUS_GSSAPI_MIN_TLS_PROTOCOL=TLS1_VERSION
MANPATH_modshare=/usr/share/man/overrides:1:/usr/local/share/man:1:/usr/share/man:1:/opt/crc/usr/local/man:1:/opt/sge/man:1
MEMORY=15899
PERL_LOCAL_LIB_ROOT=/afs/crc.nd.edu/user/n/nkremerh/.perl5/
BASH_ENV=/afs/crc.nd.edu/x86_64_linux/Modules/4.5.0/init/bash
VENDOR=unknown
TMP=/var/condor/execute/dir_19614/worker-213124-19674/t.680/cctools-temp-t.680.tzxr2d
LOGNAME=nkremerh
MACHTYPE=x86_64
CCLHOME=/afs/crc.nd.edu/group/ccl
PYTHONPATH=/afs/crc.nd.edu/user/n/nkremerh/cctools/lib/python3.6/site-packages/
LD_LIBRARY_PATH_modshare=/opt/crc/usr/local/lib:1
SSH_CONNECTION=129.74.154.87 57278 129.74.128.103 22
MODULES_LMALTNAME_modshare=CRC_default/1.1&CRC_default/default&CRC_default:1
MODULESHOME=/afs/crc.nd.edu/x86_64_linux/Modules/4.5.0
GLOBUS_GSSAPI_CIPHERS=HIGH
GLOBUS_GSSAPI_BACKWARD_COMPATIBLE_MIC=true
LESSOPEN=||/usr/bin/lesspipe.sh %s
OMP_NUM_THREADS=1
_CONDOR_JOB_AD=/var/condor/execute/dir_19614/.job.ad
LOADEDMODULES_modshare=CRC_default/1.1:1
XDG_RUNTIME_DIR=/run/user/213124
SGE_CLUSTER_NAME=CRC
CCTOOLS=../cctools
CORES=4
_CONDOR_JOB_IWD=/var/condor/execute/dir_19614
PERL_MM_OPT=INSTALL_BASE=/afs/crc.nd.edu/user/n/nkremerh/.perl5/
GLOBUS_GSSAPI_SERVER_CIPHER_ORDER=true
BASH_FUNC_module()=() {  unset _mlshdbg;
 if [ "${MODULES_SILENT_SHELL_DEBUG:-0}" = '1' ]; then
 case "$-" in 
 *v*x*)
 set +vx;
 _mlshdbg='vx'
 ;;
 *v*)
 set +v;
 _mlshdbg='v'
 ;;
 *x*)
 set +x;
 _mlshdbg='x'
 ;;
 *)
 _mlshdbg=''
 ;;
 esac;
 fi;
 unset _mlre _mlIFS;
 if [ -n "${IFS+x}" ]; then
 _mlIFS=$IFS;
 fi;
 IFS=' ';
 for _mlv in ${MODULES_RUN_QUARANTINE:-};
 do
 if [ "${_mlv}" = "${_mlv##*[!A-Za-z0-9_]}" -a "${_mlv}" = "${_mlv#[0-9]}" ]; then
 if [ -n "`eval 'echo ${'$_mlv'+x}'`" ]; then
 _mlre="${_mlre:-}${_mlv}_modquar='`eval 'echo ${'$_mlv'}'`' ";
 fi;
 _mlrv="MODULES_RUNENV_${_mlv}";
 _mlre="${_mlre:-}${_mlv}='`eval 'echo ${'$_mlrv':-}'`' ";
 fi;
 done;
 if [ -n "${_mlre:-}" ]; then
 eval `eval ${_mlre}/usr/bin/tclsh /afs/crc.nd.edu/x86_64_linux/Modules/4.5.0/libexec/modulecmd.tcl bash '"$@"'`;
 else
 eval `/usr/bin/tclsh /afs/crc.nd.edu/x86_64_linux/Modules/4.5.0/libexec/modulecmd.tcl bash "$@"`;
 fi;
 _mlstatus=$?;
 if [ -n "${_mlIFS+x}" ]; then
 IFS=$_mlIFS;
 else
 unset IFS;
 fi;
 unset _mlre _mlv _mlrv _mlIFS;
 if [ -n "${_mlshdbg:-}" ]; then
 set -$_mlshdbg;
 fi;
 unset _mlshdbg;
 return $_mlstatus
}
BASH_FUNC_ml()=() {  module ml "$@"
}
_=/usr/bin/printenv
