31501   0.000000 libjli.so->getenv("_JAVA_LAUNCHER_DEBUG") = nil
31501   0.001761 libjli.so->getenv("_JAVA_VERSION_SET") = nil
31501   0.000766 libjli.so->fopen("/usr/lib/jvm/java-1.8.0-openjdk-1.8.0.262.b10-0.el7_8.x86_64/jre/lib/amd64/jvm.cfg", "r") = 0x563b7f61c0f0
31501   0.000845 libjli.so->getenv("JDK_ALTERNATE_VM") = nil
31501   0.000366 libjli.so->__xstat(1, "/usr/lib/jvm/java-1.8.0-openjdk-1.8.0.262.b10-0.el7_8.x86_64/jre/lib/amd64/server/libjvm.so", 0x7fff2c5c2fe0) = 0
31501   0.000610 libjli.so->getenv("LD_LIBRARY_PATH") = "/afs/crc.nd.edu/group/ccl/software/x86_64/redhat7/ruby/current/lib:/afs/crc.nd.edu/group/ccl/software/x86_64/redhat7/graphviz/current/lib:/afs/crc.nd.edu/group/ccl/software/x86_64/redhat7/git/current/lib:/afs/crc.nd.edu/group/ccl/software/x86_64/redhat7/condor/current/lib:/afs/crc.nd.edu/group/ccl/software/x86_64/redhat7/clang/current/lib:/afs/crc.nd.edu/group/ccl/software/x86_64/redhat7/condor/current/lib:/afs/crc.nd.edu/group/ccl/software/x86_64/redhat7/cctools/current/lib:/opt/crc/usr/local/lib"
31501   0.002193 libjli.so->dlopen("/usr/lib/jvm/java-1.8.0-openjdk-1.8.0.262.b10-0.el7_8.x86_64/jre/lib/amd64/server/libjvm.so", 258 <unfinished ...>
31501   0.038385 libjvm.so->getenv("NMT_LEVEL_31501") = nil
31501   0.001641 <... dlopen resumed> )          = 0x563b7f61c4c0
31501   0.000083 libjli.so->getenv("CLASSPATH")  = nil
31501   0.000316 libjli.so->getenv("_JAVA_SPLASH_JAR") = nil
31501   0.000299 libjli.so->getenv("_JAVA_SPLASH_FILE") = nil
31501   0.000348 libjli.so->pthread_attr_setdetachstate(0x7fff2c5c2f90, 0, 0x7fff2c5c3020, 0) = 0
31501   0.000483 libpthread.so.0->__clone(0x2b7782f2cde0, 0x2b7782e3ffc0, 0x3d0f00, 0x2b7782e40700) = 0x7b12
31506   0.001910 libjvm.so->dlopen(0x2b778470b9ae, 1, 0xfffffffffff42c48, 4096) = 0x2b7788000990
31506   0.002520 libjvm.so->getenv(0x2b778472683e, 0, 115, 0x65737361) = 0x7fff2c5c970f
31506   0.000522 libjvm.so->fopen(0x2b7782e3ec10, 0x2b77846c2ccb, 0x6f732e79666972, 0x2b7783804ab0) = 0x2b7788001440
31506   0.001357 libjvm.so->dlopen(0x2b7782e3ec10, 1, 0xffffffff, 0x2b7788002b00) = 0x2b7788001440
31506   0.001479 libjvm.so->fopen(0x2b7782e3ec10, 0x2b77846c2ccb, 111, 0x732e6176) = 0x2b7788001b10
31506   0.001849 libjvm.so->dlopen(0x2b7782e3ec10, 1, 0xffffffff, 0x2b7788001a00) = 0x2b7788001b10
31506   0.001514 libjvm.so->__xstat(1, 0x2b7782e3f360, 0x2b7782e3fba0, 0x746f7073746f682e) = -1
31506   0.000457 libjvm.so->getenv(0x2b77846bb541, 0x2b7782e3f6d0, 1024, 0x2b7784b7561b) = 0
31506   0.000425 libjvm.so->getenv(0x2b77846bb533, 0x2b7782e3f6d0, 1024, 0) = 0
31506   0.000417 libjvm.so->fopen(0x2b778470b315, 0x2b77846c2ccb, 4095, 0xffffd4887b944b03) = 0x2b77880032b0
31506   0.001038 libjvm.so->fopen(0x2b778470b361, 0x2b77846c2ccb, 0x2b7788000078, 0x2b77880032a0) = 0x2b77880032b0
31506   0.000674 libjvm.so->fopen(0x2b7782e399b0, 0x2b77846c2ccb, 4014, 3995) = 0x2b77880032b0
31506   0.000660 libjvm.so->opendir(0x2b7788002b40, 0x2b7788002b40, 13, 16) = 0
31506   0.000482 libjvm.so->__xstat(1, 0x2b7782e3e8f0, 0x2b7782e3d860, 0x6f732e7477616d62) = -1
31506   0.000462 libjvm.so->__xstat(1, 0x2b7782e3e8f0, 0x2b7782e3d860, 0x5f74776162696c2f) = 0
31506   0.000488 libjvm.so->fopen(0x2b7782e3db90, 0x2b77846c2ccb, 4009, 3994) = 0x2b7788003790
31506   0.000651 libjvm.so->fopen(0x2b7782e3db90, 0x2b77846c2ccb, 4009, 3994) = 0x2b7788003790
31506   0.000588 libjvm.so->fopen(0x2b7782e3db90, 0x2b77846c2ccb, 4009, 4002) = 0x2b7788003790
31506   0.000655 libjvm.so->fopen(0x2b7782e3db20, 0x2b77846c2ccb, 4009, 3994) = 0x2b7788003790
31506   0.000618 libjvm.so->fopen(0x2b7782e3db20, 0x2b77846c2ccb, 4009, 3994) = 0x2b7788003790
31506   0.000628 libjvm.so->fopen(0x2b7782e3db20, 0x2b77846c2ccb, 4009, 4002) = 0x2b7788003790
31506   0.000608 libjvm.so->fopen(0x2b7782e3db50, 0x2b77846c2ccb, 4014, 3995) = 0x2b7788003790
31506   0.000799 libjvm.so->getenv(0x2b778470c0ff, 4096, 3, -1) = 0
31506   0.000936 libjvm.so->fopen(0x2b778470b998, 0x2b77846c2ccb, 0x2b7782f23908, 0x2b7782f22df0) = 0x2b7788003790
31506   0.005105 libjvm.so->open(0x2b778804a580, 0x20000, 0, 0x2b778804a5c9) = 3
31506   0.000455 libjvm.so->__fxstat(1, 3, 0x2b7782e3fa00, -1) = 0
31506   0.000516 libjvm.so->opendir(0x2b778804a580, 0x2b7782e3fa00, 0x4000, -1) = 0x2b778804b490
31506   0.000461 libjvm.so->__fxstat(1, 3, 0x2b7782e3f8a0, 0x2b778804b490) = 0
31506   0.000438 libjvm.so->__fxstat(1, 5, 0x2b7782e3f930, -1) = 0
31506   0.000460 libjvm.so->open(0x2b77846d99dc, 0, 0, 0) = 3
31506   0.000702 libjvm.so->__lxstat(1, 0x2b778804a580, 0x2b7782e3fb50, -144) = 0
31506   0.000488 libjvm.so->open(0x2b778804a580, 0x20000, 0x4000, -1) = 3
31506   0.000441 libjvm.so->__fxstat(1, 3, 0x2b7782e3fa00, -1) = 0
31506   0.000455 libjvm.so->opendir(0x2b778804a580, 0x2b7782e3fa00, 0x4000, -1) = 0x2b778804b490
31506   0.000486 libjvm.so->__fxstat(1, 3, 0x2b7782e3f8a0, 0x2b778804b490) = 0
31506   0.000467 libjvm.so->__fxstat(1, 5, 0x2b7782e3f930, -1) = 0
31506   0.000518 libjvm.so->open(0x2b77846d99dc, 0, 0, 0) = 3
31506   0.000524 libjvm.so->open(0x2b778804a5c9, 0x20042, 384, -1) = 7
31506   0.000675 libjvm.so->__fxstat(1, 7, 0x2b7782e3fb50, -1) = 0
31506   0.001694 libjvm.so->fopen(0x2b7782e3eb60, 0x2b77846c2ccb, 4, 0x6f732e70) = 0x2b7788057be0
31506   0.001396 libjvm.so->dlopen(0x2b7782e3eb60, 1, 0xffffffff, 0x2b7788057b00) = 0x2b7788057be0
31506   0.001458 libjvm.so->__xstat(1, 0x2b7782e3f120, 0x2b7782e3f950, 2048) = 0
31506   0.000517 libjvm.so->__xstat(1, 0x2b7782e3f120, 0x2b7782e3f950, 2048) = 0
31506   0.000444 libjvm.so->__xstat(1, 0x2b7782e3f120, 0x2b7782e3f950, 2048) = -1
31506   0.000448 libjvm.so->__xstat(1, 0x2b7782e3f120, 0x2b7782e3f950, 2048) = 0
31506   0.000421 libjvm.so->__xstat(1, 0x2b7782e3f120, 0x2b7782e3f950, 2048) = 0
31506   0.000458 libjvm.so->__xstat(1, 0x2b7782e3f120, 0x2b7782e3f950, 2048) = 0
31506   0.000422 libjvm.so->__xstat(1, 0x2b7782e3f120, 0x2b7782e3f950, 2048) = 0
31506   0.000473 libjvm.so->__xstat(1, 0x2b7782e3f120, 0x2b7782e3f950, 2048) = -1
31506   0.000475 libjvm.so->fopen(0x2b7788002520, 0x2b77846c2ccb, 0, 0) = 0x2b7788058a80
31506   0.009015 libjvm.so->open64(0x2b7782e3e410, 0, 0, 16) = 3
31506   0.000486 libjvm.so->__fxstat64(1, 3, 0x2b7782e3e240, -1) = 0
31506   0.036553 libjvm.so->__xstat(1, 0x2b7782e3ef20, 0x2b7782e3f750, 2048) = -1
31506   0.000618 libjvm.so->fopen(0x2b7782e3db20, 0x2b77846c2ccb, 4009, 3994) = 0x2b77880b5ec0
31506   0.000693 libjvm.so->fopen(0x2b7782e3db20, 0x2b77846c2ccb, 4009, 3994) = 0x2b77880b5ec0
31506   0.000643 libjvm.so->fopen(0x2b7782e3db20, 0x2b77846c2ccb, 4009, 4002) = 0x2b77880b5ec0
31506   0.004276 libjvm.so->pthread_attr_setdetachstate(0x2b7782e3fc00, 1, 0, 0) = 0
31506   0.000512 libpthread.so.0->__clone(0x2b7782f2cde0, 0x2b7787fb0fc0, 0x3d0f00, 0x2b7787fb1700) = 0x7b13
31506   0.015749 libjvm.so->pthread_attr_setdetachstate(0x2b7782e3f290, 1, 0, 0) = 0
31506   0.000672 libpthread.so.0->__clone(0x2b7782f2cde0, 0x2b779b8fffc0, 0x3d0f00, 0x2b779b900700) = 0x7b14
31506   0.007097 libjvm.so->pthread_attr_setdetachstate(0x2b7782e3f610, 1, 0, 0) = 0
31506   0.000815 libpthread.so.0->__clone(0x2b7782f2cde0, 0x2b779ba00fc0, 0x3d0f00, 0x2b779ba01700) = 0x7b15
31506   0.040990 libjvm.so->fopen(0x2b77880ec390, 0x2b77846c2ccb, 4, 0x6f732e70) = 0x2b77880f1cd0
31506   0.002081 libjvm.so->dlopen(0x2b77880ec390, 1, 0xffffffff, 0x2b77880ec200) = 0x2b7788057be0
31506   0.005176 libjvm.so->open64(0x2b7782e3e510, 0, 0, 16) = 5
31506   0.000910 libjvm.so->__fxstat64(1, 5, 0x2b7782e3e340, -1) = 0
31506   0.020121 libjvm.so->fopen(0x2b7782e3b130, 0x2b77846c2ccb, 4009, 3994) = 0x2b77880fcc60
31506   0.001199 libjvm.so->fopen(0x2b7782e3b130, 0x2b77846c2ccb, 4009, 3994) = 0x2b77880fcc60
31506   0.001466 libjvm.so->fopen(0x2b7782e3b130, 0x2b77846c2ccb, 4009, 4002) = 0x2b77880fcc60
31506   0.015703 libjvm.so->pthread_attr_setdetachstate(0x2b7782e3fb50, 1, 0, 0) = 0
31506   0.001002 libpthread.so.0->__clone(0x2b7782f2cde0, 0x2b779bb01fc0, 0x3d0f00, 0x2b779bb02700) = 0x7b17
31506   0.001469 libjvm.so->__xstat64(1, 0x2b7782e3fbe0, 0x2b7782e3fb50, 19) = -1
31506   0.001219 libjvm.so->pthread_attr_setdetachstate(0x2b7782e3f950, 1, 0, 0) = 0
31506   0.001099 libpthread.so.0->__clone(0x2b7782f2cde0, 0x2b779bc02fc0, 0x3d0f00, 0x2b779bc03700) = 0x7b18
31506   0.001742 libjvm.so->pthread_attr_setdetachstate(0x2b7782e3f950, 1, 0, 0) = 0
31506   0.001321 libpthread.so.0->__clone(0x2b7782f2cde0, 0x2b779bd03fc0, 0x3d0f00, 0x2b779bd04700) = 0x7b19
31506   0.008850 libjvm.so->pthread_attr_setdetachstate(0x2b7782e3faa0, 1, 0, 0) = 0
31506   0.001466 libpthread.so.0->__clone(0x2b7782f2cde0, 0x2b779be04fc0, 0x3d0f00, 0x2b779be05700) = 0x7b1a
31506   0.002319 libjvm.so->pthread_attr_setdetachstate(0x2b7782e3fbb0, 1, 0, 0) = 0
31506   0.002102 libpthread.so.0->__clone(0x2b7782f2cde0, 0x2b779bf05fc0, 0x3d0f00, 0x2b779bf06700) = 0x7b1b
31506   0.016029 libjvm.so->open64(0x2b77881268c0, 0, 0, 0) = 7
31506   0.001793 libjvm.so->__fxstat64(1, 7, 0x2b7782e3cf60, -1) = 0
31506   0.028213 libjvm.so->fopen(0x2b778814c5f0, 0x2b77846c2ccb, 4, 0x6f732e6f) = 0x2b778814c6b0
31506   0.004276 libjvm.so->dlopen(0x2b778814c5f0, 1, 0xffffffff, 0x2b778814c600) = 0x2b778814c6b0
31506   0.150624 libjvm.so->fopen(0x2b77881951b0, 0x2b77846c2ccb, 4, 0x6f732e74) = 0x2b7788192d50
31506   0.003384 libjvm.so->dlopen(0x2b77881951b0, 1, 0xffffffff, 0x2b7788195a00) = 0x2b77881b03c0
31506   0.165516 libjvm.so->fopen(0x2b7788221200, 0x2b77846c2ccb, 0x6f732e7373656c, 0x656c646165685f74) = 0x2b77882212e0
31506   0.005111 libjvm.so->dlopen(0x2b7788221200, 1, 0xffffffff, 0x2b7788221200) = 0x2b77882212e0
31506   0.029843 libjvm.so->fopen(0x2b7782e38990, 0x2b77846c2ccb, 0x6f732e, 0x6d766a62696c2f72) = 0x2b778822b200
31506   0.006507 libjvm.so->dlopen(0x2b7782e38990, 1, 0xffffffff, 0x2b778822a700) = 0x563b7f61c4c0
31506   0.004912 libjvm.so->fopen(0x2b7782e38990, 0x2b77846c2ccb, 0x6f732e, 0x6d766a62696c2f72) = 0x2b778822b1a0
31506   0.005890 libjvm.so->dlopen(0x2b7782e38990, 1, 0xffffffff, 0x2b778822a700) = 0x563b7f61c4c0
31506   0.001755 libjvm.so->fopen(0x2b7782e38990, 0x2b77846c2ccb, 0x6f732e, 0x6d766a62696c2f72) = 0x2b778822b1a0
31506   0.003890 libjvm.so->dlopen(0x2b7782e38990, 1, 0xffffffff, 0x2b778822a700) = 0x563b7f61c4c0
31506   0.002753 libjvm.so->fopen(0x2b7782e38990, 0x2b77846c2ccb, 0x6f732e, 0x6d766a62696c2f72) = 0x2b778822b1a0
31506   0.005903 libjvm.so->dlopen(0x2b7782e38990, 1, 0xffffffff, 0x2b778822a700) = 0x563b7f61c4c0
31506   0.302193 libjvm.so->fopen(0x2b7782e3ced0, 0x2b77846c2ccb, 111, 0x732e6176) = 0x2b7788269540
31506   0.005760 libjvm.so->dlopen(0x2b7782e3ced0, 1, 0xffffffff, 0x2b7788269f00) = 0x2b7788001b10
31506   0.001693 libjvm.so->fopen(0x2b7782e3ced0, 0x2b77846c2ccb, 111, 0x732e6176) = 0x2b7788269540
31506   0.005262 libjvm.so->dlopen(0x2b7782e3ced0, 1, 0xffffffff, 0x2b7788269f00) = 0x2b7788001b10
31506   0.006730 libjvm.so->fopen(0x2b7782e3ced0, 0x2b77846c2ccb, 111, 0x732e6176) = 0x2b7788269540
31506   0.004625 libjvm.so->dlopen(0x2b7782e3ced0, 1, 0xffffffff, 0x2b7788269f00) = 0x2b7788001b10
31506   0.002476 libjvm.so->fopen(0x2b7782e3ced0, 0x2b77846c2ccb, 111, 0x732e6176) = 0x2b7788269540
31506   0.003866 libjvm.so->dlopen(0x2b7782e3ced0, 1, 0xffffffff, 0x2b7788269f00) = 0x2b7788001b10
31506   0.009125 libjvm.so->fopen(0x2b7782e3ceb0, 0x2b77846c2ccb, 111, 0x732e6176) = 0x2b7788269540
31506   0.005952 libjvm.so->dlopen(0x2b7782e3ceb0, 1, 0xffffffff, 0x2b7788269d00) = 0x2b7788001b10
31506   0.001727 libjvm.so->fopen(0x2b7782e3ceb0, 0x2b77846c2ccb, 111, 0x732e6176) = 0x2b7788269540
31506   0.004065 libjvm.so->dlopen(0x2b7782e3ceb0, 1, 0xffffffff, 0x2b7788269d00) = 0x2b7788001b10
31506   0.001747 libjvm.so->fopen(0x2b7782e3ceb0, 0x2b77846c2ccb, 111, 0x732e6176) = 0x2b7788269540
31506   0.003522 libjvm.so->dlopen(0x2b7782e3ceb0, 1, 0xffffffff, 0x2b7788269d00) = 0x2b7788001b10
31506   0.001864 libjvm.so->fopen(0x2b7782e3ceb0, 0x2b77846c2ccb, 111, 0x732e6176) = 0x2b7788269540
31506   0.003641 libjvm.so->dlopen(0x2b7782e3ceb0, 1, 0xffffffff, 0x2b7788269d00) = 0x2b7788001b10
31506   0.066258 --- SIGSEGV (Segmentation fault) ---
31515  10.048564 +++ exited (status 0) +++
31511   0.000162 +++ exited (status 0) +++
31507   0.000154 +++ exited (status 0) +++
31506   0.000154 +++ exited (status 0) +++
31514   0.000356 +++ exited (status 0) +++
31512   0.000016 +++ exited (status 0) +++
31513   0.000024 +++ exited (status 0) +++
31508   0.000010 +++ exited (status 0) +++
31509   0.026247 +++ exited (status 0) +++
31501   0.000048 +++ exited (status 0) +++
Wrote an ltrace for command: "java -cp ./tools/maxent.jar density.MaxEnt -s outputs/Ashmeadiella_rhodognatha_Cockerell.csv -e data/layers/worldclim -o outputs/Ashmeadiella_rhodognatha_Cockerell nowarnings nocache autorun -z" with PID 31498 from PPID 31479 on disc20.crc.nd.edu with result 0
REMOTEHOST=10.17.150.11
MANPATH=/afs/crc.nd.edu/user/n/nkremerh/cctools/share/man/:/afs/crc.nd.edu/group/ccl/software/x86_64/redhat7/ruby/current/share/man:/afs/crc.nd.edu/group/ccl/software/x86_64/redhat7/graphviz/current/share/man:/afs/crc.nd.edu/group/ccl/software/x86_64/redhat7/gnuplot/current/share/man:/afs/crc.nd.edu/group/ccl/software/x86_64/redhat7/git/current/share/man:/afs/crc.nd.edu/group/ccl/software/x86_64/redhat7/condor/current/share/man:/afs/crc.nd.edu/group/ccl/software/x86_64/redhat7/clang/current/share/man:/afs/crc.nd.edu/group/ccl/software/x86_64/redhat7/condor/current/share/man:/afs/crc.nd.edu/group/ccl/software/x86_64/redhat7/cctools/current/share/man:/afs/crc.nd.edu/group/ccl/software/x86_64/redhat7/cctools/current/share/man:/afs/crc.nd.edu/x86_64_linux/Modules/4.5.0/share/man:/opt/crc/usr/local/man:/opt/sge/man:/usr/share/man/overrides:/usr/share/man:/usr/local/share/man
_CONDOR_JOB_PIDS=
XDG_SESSION_ID=4102
HOSTNAME=disc01.crc.nd.edu
_LMFILES__modshare=/afs/crc.nd.edu/x86_64_linux/Modules/modules/system_modules/CRC_default/1.1:1
MODULEPATH_modshare=/afs/crc.nd.edu/x86_64_linux/Modules/modules/general_software:1:/afs/crc.nd.edu/x86_64_linux/Modules/modules/development_tools_and_libraries:1:/afs/crc.nd.edu/x86_64_linux/Modules/modules/system_modules:1:/afs/crc.nd.edu/x86_64_linux/Modules/current/modulefiles:1:/afs/crc.nd.edu/x86_64_linux/Modules/modules/restricted_software:1:/afs/crc.nd.edu/x86_64_linux/Modules/modules/deprecated_software:1
_CONDOR_ANCESTOR_3560=24274:1600190002:3669882635
TERM=xterm-256color
SHELL=/bin/tcsh
HOST=disc01.crc.nd.edu
MODULES_CMD=/afs/crc.nd.edu/x86_64_linux/Modules/4.5.0/libexec/modulecmd.tcl
HISTSIZE=5000
MAKEFLAGS=
SSH_CLIENT=10.17.150.11 36546 22
TMPDIR=/var/condor/execute/dir_24274/worker-213124-24338/t.928/cctools-temp-t.928.KaRdTQ
PERL5LIB=/afs/crc.nd.edu/user/n/nkremerh/cctools/lib/perl5/site_perl/5.16.3:/afs/crc.nd.edu/user/n/nkremerh/.perl5/lib/perl5
SGE_CELL=crc
_CONDOR_SCRATCH_DIR=/var/condor/execute/dir_24274
_CONDOR_ANCESTOR_3197=3560:1598183979:2962516177
PERL_MB_OPT=--install_base '/afs/crc.nd.edu/user/n/nkremerh/.perl5/'
SSH_TTY=/dev/pts/2
SGE_LOAD_AVG=load_avg
MAKEFLOW_MAX_LOCAL_JOBS=2
GROUP=campus
USER=nkremerh
_CHIRP_DELAYED_UPDATE_PREFIX=Chirp*
HISTFILESIZE=10000
TEMP=/var/condor/execute/dir_24274/worker-213124-24338/t.928/cctools-temp-t.928.KaRdTQ
LD_LIBRARY_PATH=/afs/crc.nd.edu/group/ccl/software/x86_64/redhat7/ruby/current/lib:/afs/crc.nd.edu/group/ccl/software/x86_64/redhat7/graphviz/current/lib:/afs/crc.nd.edu/group/ccl/software/x86_64/redhat7/git/current/lib:/afs/crc.nd.edu/group/ccl/software/x86_64/redhat7/condor/current/lib:/afs/crc.nd.edu/group/ccl/software/x86_64/redhat7/clang/current/lib:/afs/crc.nd.edu/group/ccl/software/x86_64/redhat7/condor/current/lib:/afs/crc.nd.edu/group/ccl/software/x86_64/redhat7/cctools/current/lib:/opt/crc/usr/local/lib
BATCH_SYSTEM=HTCondor
MODULES_LMALTNAME=CRC_default/1.1&CRC_default/default&CRC_default
ENV=/afs/crc.nd.edu/x86_64_linux/Modules/4.5.0/init/profile.sh
WORKER_TMPDIR=/var/condor/execute/dir_24274/worker-213124-24338/cache/tmp
HOSTTYPE=x86_64-linux
_CONDOR_HIGHPORT=9999
GLOBUS_GSSAPI_MAX_TLS_PROTOCOL=0
_CONDOR_CHIRP_CONFIG=/var/condor/execute/dir_24274/.chirp.config
MAKELEVEL=1
MFLAGS=
MAIL=/var/spool/mail/nkremerh
PATH=/afs/crc.nd.edu/user/n/nkremerh/cctools/bin:/afs/crc.nd.edu/user/n/nkremerh/miniconda/bin:/afs/crc.nd.edu/group/ccl/software/git:/afs/crc.nd.edu/user/n/nkremerh/.local/bin:/afs/crc.nd.edu/group/ccl/software/x86_64/redhat7/povray/3.7/bin:/afs/crc.nd.edu/user/n/nkremerh/.perl5/bin:/afs/crc.nd.edu/user/n/nkremerh/pegasus/bin:/afs/crc.nd.edu/user/n/nkremerh/nodejs/bin:/afs/crc.nd.edu/user/n/nkremerh/montage/bin:/afs/crc.nd.edu/user/n/nkremerh/latexdiff:/afs/crc.nd.edu/user/n/nkremerh/envtrace:/afs/crc.nd.edu/user/n/nkremerh/endlines:/afs/crc.nd.edu/user/n/nkremerh/cctools/bin:/afs/crc.nd.edu/user/n/nkremerh/.cargo/bin:/afs/crc.nd.edu/group/ccl/software/x86_64/redhat7/ruby/current/bin:/afs/crc.nd.edu/group/ccl/software/x86_64/redhat7/graphviz/current/bin:/afs/crc.nd.edu/group/ccl/software/x86_64/redhat7/gnuplot/current/bin:/afs/crc.nd.edu/group/ccl/software/x86_64/redhat7/git/current/bin:/afs/crc.nd.edu/group/ccl/software/x86_64/redhat7/condor/current/sbin:/afs/crc.nd.edu/group/ccl/software/x86_64/redhat7/condor/current/bin:/afs/crc.nd.edu/group/ccl/software/x86_64/redhat7/cmake/current/bin:/afs/crc.nd.edu/group/ccl/software/x86_64/redhat7/clang/current/bin:/afs/crc.nd.edu/group/ccl/software/x86_64/redhat7/condor/current/sbin:/afs/crc.nd.edu/group/ccl/software/x86_64/redhat7/condor/current/bin:/afs/crc.nd.edu/group/ccl/software/x86_64/redhat7/cctools/current/bin:/afs/crc.nd.edu/x86_64_linux/Modules/4.5.0/bin:/opt/crc/usr/local/bin:/opt/sge/bin/lx-amd64:/usr/local/bin:/usr/bin:/usr/local/sbin:/usr/sbin:/afs/crc.nd.edu/user/c/condor/software/bin:/afs/crc.nd.edu/user/c/condor/software/sbin
CCLSOFTWARE=/afs/crc.nd.edu/group/ccl/software/x86_64/redhat7
PWD=/var/condor/execute/dir_24274/worker-213124-24338/t.928
_LMFILES_=/afs/crc.nd.edu/x86_64_linux/Modules/modules/system_modules/CRC_default/1.1
EDITOR=vim
SGE_EXECD_PORT=6445
LANG=en_US.UTF-8
_CONDOR_ANCESTOR_24274=24316:1600190003:1981393190
SGE_QMASTER_PORT=6444
MODULEPATH=/afs/crc.nd.edu/x86_64_linux/Modules/modules/development_tools_and_libraries:/afs/crc.nd.edu/x86_64_linux/Modules/modules/general_software:/afs/crc.nd.edu/x86_64_linux/Modules/modules/restricted_software:/afs/crc.nd.edu/x86_64_linux/Modules/modules/system_modules:/afs/crc.nd.edu/x86_64_linux/Modules/modules/deprecated_software:/afs/crc.nd.edu/x86_64_linux/Modules/current/modulefiles
LOADEDMODULES=CRC_default/1.1
SGE_ROOT=/opt/sge
CCLPLATFORM=x86_64/redhat7
_CONDOR_SLOT=slot2_1
WORK_QUEUE_SANDBOX=/var/condor/execute/dir_24274/worker-213124-24338
USE_SYSTEMD=true
_CONDOR_LOWPORT=9100
HISTCONTROL=ignoreboth:erasedups
KRB5CCNAME=FILE:/tmp/krb5cc_213124_DZSV7p
GLOBUS_GSSAPI_NAME_COMPATIBILITY=STRICT_RFC2818
HOME=disc01.crc.nd.edu
SHLVL=6
PATH_modshare=/opt/crc/usr/local/bin:1:/opt/sge/bin/lx-amd64:1:/usr/sbin:1:/usr/bin:1:/afs/crc.nd.edu/user/c/condor/software/sbin:1:/usr/local/sbin:1:/afs/crc.nd.edu/user/c/condor/software/bin:1:/usr/local/bin:1
OSTYPE=linux
_CONDOR_MACHINE_AD=/var/condor/execute/dir_24274/.machine.ad
GREP_OPTIONS=--color=auto
DISK=18235
GLOBUS_GSSAPI_MIN_TLS_PROTOCOL=TLS1_VERSION
MANPATH_modshare=/usr/share/man/overrides:1:/usr/local/share/man:1:/usr/share/man:1:/opt/crc/usr/local/man:1:/opt/sge/man:1
MEMORY=1948
PERL_LOCAL_LIB_ROOT=/afs/crc.nd.edu/user/n/nkremerh/.perl5/
BASH_ENV=/afs/crc.nd.edu/x86_64_linux/Modules/4.5.0/init/bash
VENDOR=unknown
TMP=/var/condor/execute/dir_24274/worker-213124-24338/t.928/cctools-temp-t.928.KaRdTQ
LOGNAME=nkremerh
MACHTYPE=x86_64
CCLHOME=/afs/crc.nd.edu/group/ccl
PYTHONPATH=/afs/crc.nd.edu/user/n/nkremerh/cctools/lib/python3.6/site-packages/
LD_LIBRARY_PATH_modshare=/opt/crc/usr/local/lib:1
SSH_CONNECTION=10.17.150.11 36546 129.74.128.103 22
MODULES_LMALTNAME_modshare=CRC_default/1.1&CRC_default/default&CRC_default:1
MODULESHOME=/afs/crc.nd.edu/x86_64_linux/Modules/4.5.0
GLOBUS_GSSAPI_CIPHERS=HIGH
GLOBUS_GSSAPI_BACKWARD_COMPATIBLE_MIC=true
LESSOPEN=||/usr/bin/lesspipe.sh %s
OMP_NUM_THREADS=1
_CONDOR_JOB_AD=/var/condor/execute/dir_24274/.job.ad
LOADEDMODULES_modshare=CRC_default/1.1:1
XDG_RUNTIME_DIR=/run/user/213124
SGE_CLUSTER_NAME=CRC
CCTOOLS=../cctools
CORES=2
_CONDOR_JOB_IWD=/var/condor/execute/dir_24274
PERL_MM_OPT=INSTALL_BASE=/afs/crc.nd.edu/user/n/nkremerh/.perl5/
GLOBUS_GSSAPI_SERVER_CIPHER_ORDER=true
BASH_FUNC_module()=() {  unset _mlshdbg;
 if [ "${MODULES_SILENT_SHELL_DEBUG:-0}" = '1' ]; then
 case "$-" in 
 *v*x*)
 set +vx;
 _mlshdbg='vx'
 ;;
 *v*)
 set +v;
 _mlshdbg='v'
 ;;
 *x*)
 set +x;
 _mlshdbg='x'
 ;;
 *)
 _mlshdbg=''
 ;;
 esac;
 fi;
 unset _mlre _mlIFS;
 if [ -n "${IFS+x}" ]; then
 _mlIFS=$IFS;
 fi;
 IFS=' ';
 for _mlv in ${MODULES_RUN_QUARANTINE:-};
 do
 if [ "${_mlv}" = "${_mlv##*[!A-Za-z0-9_]}" -a "${_mlv}" = "${_mlv#[0-9]}" ]; then
 if [ -n "`eval 'echo ${'$_mlv'+x}'`" ]; then
 _mlre="${_mlre:-}${_mlv}_modquar='`eval 'echo ${'$_mlv'}'`' ";
 fi;
 _mlrv="MODULES_RUNENV_${_mlv}";
 _mlre="${_mlre:-}${_mlv}='`eval 'echo ${'$_mlrv':-}'`' ";
 fi;
 done;
 if [ -n "${_mlre:-}" ]; then
 eval `eval ${_mlre}/usr/bin/tclsh /afs/crc.nd.edu/x86_64_linux/Modules/4.5.0/libexec/modulecmd.tcl bash '"$@"'`;
 else
 eval `/usr/bin/tclsh /afs/crc.nd.edu/x86_64_linux/Modules/4.5.0/libexec/modulecmd.tcl bash "$@"`;
 fi;
 _mlstatus=$?;
 if [ -n "${_mlIFS+x}" ]; then
 IFS=$_mlIFS;
 else
 unset IFS;
 fi;
 unset _mlre _mlv _mlrv _mlIFS;
 if [ -n "${_mlshdbg:-}" ]; then
 set -$_mlshdbg;
 fi;
 unset _mlshdbg;
 return $_mlstatus
}
BASH_FUNC_ml()=() {  module ml "$@"
}
_=/usr/bin/printenv
