3236   0.000000 libjli.so->getenv("_JAVA_LAUNCHER_DEBUG") = nil
3236   0.001683 libjli.so->getenv("_JAVA_VERSION_SET") = nil
3236   0.000624 libjli.so->fopen("/usr/lib/jvm/java-1.8.0-openjdk-1.8.0.262.b10-0.el7_8.x86_64/jre/lib/amd64/jvm.cfg", "r") = 0x555a11b6a0f0
3236   0.000885 libjli.so->getenv("JDK_ALTERNATE_VM") = nil
3236   0.000376 libjli.so->__xstat(1, "/usr/lib/jvm/java-1.8.0-openjdk-1.8.0.262.b10-0.el7_8.x86_64/jre/lib/amd64/server/libjvm.so", 0x7ffd58367700) = 0
3236   0.000599 libjli.so->getenv("LD_LIBRARY_PATH") = "/afs/crc.nd.edu/group/ccl/software/x86_64/redhat7/ruby/current/lib:/afs/crc.nd.edu/group/ccl/software/x86_64/redhat7/graphviz/current/lib:/afs/crc.nd.edu/group/ccl/software/x86_64/redhat7/git/current/lib:/afs/crc.nd.edu/group/ccl/software/x86_64/redhat7/condor/current/lib:/afs/crc.nd.edu/group/ccl/software/x86_64/redhat7/clang/current/lib:/afs/crc.nd.edu/group/ccl/software/x86_64/redhat7/condor/current/lib:/afs/crc.nd.edu/group/ccl/software/x86_64/redhat7/cctools/current/lib:/opt/crc/usr/local/lib"
3236   0.003346 libjli.so->dlopen("/usr/lib/jvm/java-1.8.0-openjdk-1.8.0.262.b10-0.el7_8.x86_64/jre/lib/amd64/server/libjvm.so", 258 <unfinished ...>
3236   0.038862 libjvm.so->getenv("NMT_LEVEL_3236") = nil
3236   0.001612 <... dlopen resumed> )           = 0x555a11b6a4c0
3236   0.000070 libjli.so->getenv("CLASSPATH")   = nil
3236   0.000334 libjli.so->getenv("_JAVA_SPLASH_JAR") = nil
3236   0.000333 libjli.so->getenv("_JAVA_SPLASH_FILE") = nil
3236   0.000352 libjli.so->pthread_attr_setdetachstate(0x7ffd583676b0, 0, 0x7ffd58367740, 0) = 0
3236   0.000538 libpthread.so.0->__clone(0x2abe68300de0, 0x2abe68213fc0, 0x3d0f00, 0x2abe68214700) = 3238
3238   0.001808 libjvm.so->dlopen(0x2abe69adf9ae, 1, 0xfffffffffff42c48, 4096) = 0x2abe6c000990
3238   0.003161 libjvm.so->getenv(0x2abe69afa83e, 0, 115, 0x65737361) = 0x7ffd5836d70e
3238   0.000488 libjvm.so->fopen(0x2abe68212c10, 0x2abe69a96ccb, 0x6f732e79666972, 0x2abe68bd8ab0) = 0x2abe6c001440
3238   0.002101 libjvm.so->dlopen(0x2abe68212c10, 1, 0xffffffff, 0x2abe6c002b00) = 0x2abe6c001440
3238   0.001944 libjvm.so->fopen(0x2abe68212c10, 0x2abe69a96ccb, 111, 0x732e6176) = 0x2abe6c001b10
3238   0.002326 libjvm.so->dlopen(0x2abe68212c10, 1, 0xffffffff, 0x2abe6c001a00) = 0x2abe6c001b10
3238   0.001930 libjvm.so->__xstat(1, 0x2abe68213360, 0x2abe68213ba0, 0x746f7073746f682e) = -1
3238   0.000640 libjvm.so->getenv(0x2abe69a8f541, 0x2abe682136d0, 1024, 0x2abe69f4961b) = 0
3238   0.000513 libjvm.so->getenv(0x2abe69a8f533, 0x2abe682136d0, 1024, 0) = 0
3238   0.000548 libjvm.so->fopen(0x2abe69adf315, 0x2abe69a96ccb, 4095, 0xffffd54196570b03) = 0x2abe6c003290
3238   0.001343 libjvm.so->fopen(0x2abe69adf361, 0x2abe69a96ccb, 0x2abe6c000078, 0x2abe6c003280) = 0x2abe6c003290
3238   0.000935 libjvm.so->fopen(0x2abe6820d9b0, 0x2abe69a96ccb, 4016, 3997) = 0x2abe6c003290
3238   0.000769 libjvm.so->opendir(0x2abe6c002b40, 0x2abe6c002b40, 13, 16) = 0
3238   0.000524 libjvm.so->__xstat(1, 0x2abe682128f0, 0x2abe68211860, 0x6f732e7477616d62) = -1
3238   0.000468 libjvm.so->__xstat(1, 0x2abe682128f0, 0x2abe68211860, 0x5f74776162696c2f) = 0
3238   0.000633 libjvm.so->fopen(0x2abe68211b90, 0x2abe69a96ccb, 4011, 3996) = 0x2abe6c003770
3238   0.000826 libjvm.so->fopen(0x2abe68211b90, 0x2abe69a96ccb, 4011, 3996) = 0x2abe6c003770
3238   0.001165 libjvm.so->fopen(0x2abe68211b90, 0x2abe69a96ccb, 4011, 4004) = 0x2abe6c003770
3238   0.000803 libjvm.so->fopen(0x2abe68211b20, 0x2abe69a96ccb, 4011, 3996) = 0x2abe6c003770
3238   0.000702 libjvm.so->fopen(0x2abe68211b20, 0x2abe69a96ccb, 4011, 3996) = 0x2abe6c003770
3238   0.000699 libjvm.so->fopen(0x2abe68211b20, 0x2abe69a96ccb, 4011, 4004) = 0x2abe6c003770
3238   0.001251 libjvm.so->fopen(0x2abe68211b50, 0x2abe69a96ccb, 4016, 3997) = 0x2abe6c003770
3238   0.001041 libjvm.so->getenv(0x2abe69ae00ff, 4096, 3, -1) = 0
3238   0.001180 libjvm.so->fopen(0x2abe69adf998, 0x2abe69a96ccb, 0x2abe682f7908, 0x2abe682f6df0) = 0x2abe6c003770
3238   0.005864 libjvm.so->open(0x2abe6c04a560, 0x20000, 0, 0x2abe6c04a5a9) = 3
3238   0.000521 libjvm.so->__fxstat(1, 3, 0x2abe68213a00, -1) = 0
3238   0.000890 libjvm.so->opendir(0x2abe6c04a560, 0x2abe68213a00, 0x4000, -1) = 0x2abe6c04b470
3238   0.000799 libjvm.so->__fxstat(1, 3, 0x2abe682138a0, 0x2abe6c04b470) = 0
3238   0.000605 libjvm.so->__fxstat(1, 5, 0x2abe68213930, -1) = 0
3238   0.000493 libjvm.so->open(0x2abe69aad9dc, 0, 0, 0) = 3
3238   0.000739 libjvm.so->__lxstat(1, 0x2abe6c04a560, 0x2abe68213b50, -144) = 0
3238   0.000527 libjvm.so->open(0x2abe6c04a560, 0x20000, 0x4000, -1) = 3
3238   0.000520 libjvm.so->__fxstat(1, 3, 0x2abe68213a00, -1) = 0
3238   0.000534 libjvm.so->opendir(0x2abe6c04a560, 0x2abe68213a00, 0x4000, -1) = 0x2abe6c04b470
3238   0.000604 libjvm.so->__fxstat(1, 3, 0x2abe682138a0, 0x2abe6c04b470) = 0
3238   0.000479 libjvm.so->__fxstat(1, 5, 0x2abe68213930, -1) = 0
3238   0.000628 libjvm.so->open(0x2abe69aad9dc, 0, 0, 0) = 3
3238   0.000579 libjvm.so->open(0x2abe6c04a5a9, 0x20042, 384, -1) = 7
3238   0.000729 libjvm.so->__fxstat(1, 7, 0x2abe68213b50, -1) = 0
3238   0.002491 libjvm.so->fopen(0x2abe68212b60, 0x2abe69a96ccb, 4, 0x6f732e70) = 0x2abe6c057bc0
3238   0.001851 libjvm.so->dlopen(0x2abe68212b60, 1, 0xffffffff, 0x2abe6c057b00) = 0x2abe6c057bc0
3238   0.001856 libjvm.so->__xstat(1, 0x2abe68213120, 0x2abe68213950, 2048) = 0
3238   0.000596 libjvm.so->__xstat(1, 0x2abe68213120, 0x2abe68213950, 2048) = 0
3238   0.000490 libjvm.so->__xstat(1, 0x2abe68213120, 0x2abe68213950, 2048) = -1
3238   0.000476 libjvm.so->__xstat(1, 0x2abe68213120, 0x2abe68213950, 2048) = 0
3238   0.000891 libjvm.so->__xstat(1, 0x2abe68213120, 0x2abe68213950, 2048) = 0
3238   0.000498 libjvm.so->__xstat(1, 0x2abe68213120, 0x2abe68213950, 2048) = 0
3238   0.000563 libjvm.so->__xstat(1, 0x2abe68213120, 0x2abe68213950, 2048) = 0
3238   0.000713 libjvm.so->__xstat(1, 0x2abe68213120, 0x2abe68213950, 2048) = -1
3238   0.000516 libjvm.so->fopen(0x2abe6c002520, 0x2abe69a96ccb, 0, 0) = 0x2abe6c058a60
3238   0.010323 libjvm.so->open64(0x2abe68212410, 0, 0, 16) = 3
3238   0.002129 libjvm.so->__fxstat64(1, 3, 0x2abe68212240, -1) = 0
3238   0.046437 libjvm.so->__xstat(1, 0x2abe68212f20, 0x2abe68213750, 2048) = -1
3238   0.000731 libjvm.so->fopen(0x2abe68211b20, 0x2abe69a96ccb, 4011, 3996) = 0x2abe6c0b5e20
3238   0.000825 libjvm.so->fopen(0x2abe68211b20, 0x2abe69a96ccb, 4011, 3996) = 0x2abe6c0b5e20
3238   0.000767 libjvm.so->fopen(0x2abe68211b20, 0x2abe69a96ccb, 4011, 4004) = 0x2abe6c0b5e20
3238   0.004537 libjvm.so->pthread_attr_setdetachstate(0x2abe68213c00, 1, 0, 0) = 0
3238   0.000553 libpthread.so.0->__clone(0x2abe68300de0, 0x2abe6bfa7fc0, 0x3d0f00, 0x2abe6bfa8700) = 3253
3238   0.015640 libjvm.so->pthread_attr_setdetachstate(0x2abe68213290, 1, 0, 0) = 0
3238   0.000624 libpthread.so.0->__clone(0x2abe68300de0, 0x2abe80cdcfc0, 0x3d0f00, 0x2abe80cdd700) = 3259
3238   0.007101 libjvm.so->pthread_attr_setdetachstate(0x2abe68213610, 1, 0, 0) = 0
3238   0.001014 libpthread.so.0->__clone(0x2abe68300de0, 0x2abe80dddfc0, 0x3d0f00, 0x2abe80dde700) = 3263
3238   0.039838 libjvm.so->fopen(0x2abe6c0e9150, 0x2abe69a96ccb, 4, 0x6f732e70) = 0x2abe6c0f1c90
3238   0.001996 libjvm.so->dlopen(0x2abe6c0e9150, 1, 0xffffffff, 0x2abe6c0ec300) = 0x2abe6c057bc0
3238   0.005065 libjvm.so->open64(0x2abe68212510, 0, 0, 16) = 5
3238   0.000914 libjvm.so->__fxstat64(1, 5, 0x2abe68212340, -1) = 0
3238   0.020185 libjvm.so->fopen(0x2abe6820f130, 0x2abe69a96ccb, 4011, 3996) = 0x2abe6c0fcbe0
3238   0.001246 libjvm.so->fopen(0x2abe6820f130, 0x2abe69a96ccb, 4011, 3996) = 0x2abe6c0fcbe0
3238   0.001150 libjvm.so->fopen(0x2abe6820f130, 0x2abe69a96ccb, 4011, 4004) = 0x2abe6c0fcbe0
3238   0.015112 libjvm.so->pthread_attr_setdetachstate(0x2abe68213b50, 1, 0, 0) = 0
3238   0.000947 libpthread.so.0->__clone(0x2abe68300de0, 0x2abe80edefc0, 0x3d0f00, 0x2abe80edf700) = 3266
3238   0.002513 libjvm.so->__xstat64(1, 0x2abe68213be0, 0x2abe68213b50, 18) = -1
3238   0.001204 libjvm.so->pthread_attr_setdetachstate(0x2abe68213950, 1, 0, 0) = 0
3238   0.001159 libpthread.so.0->__clone(0x2abe68300de0, 0x2abe80fdffc0, 0x3d0f00, 0x2abe80fe0700) = 3268
3238   0.001634 libjvm.so->pthread_attr_setdetachstate(0x2abe68213950, 1, 0, 0) = 0
3238   0.002405 libpthread.so.0->__clone(0x2abe68300de0, 0x2abe810e0fc0, 0x3d0f00, 0x2abe810e1700) = 3270
3238   0.011353 libjvm.so->pthread_attr_setdetachstate(0x2abe68213aa0, 1, 0, 0) = 0
3238   0.001468 libpthread.so.0->__clone(0x2abe68300de0, 0x2abe811e1fc0, 0x3d0f00, 0x2abe811e2700) = 3275
3238   0.003234 libjvm.so->pthread_attr_setdetachstate(0x2abe68213bb0, 1, 0, 0) = 0
3238   0.002235 libpthread.so.0->__clone(0x2abe68300de0, 0x2abe812e2fc0, 0x3d0f00, 0x2abe812e3700) = 3277
3238   0.016438 libjvm.so->open64(0x2abe6c12e860, 0, 0, 32) = 7
3238   0.001778 libjvm.so->__fxstat64(1, 7, 0x2abe68210f60, -1) = 0
3238   0.025194 libjvm.so->fopen(0x2abe6c154590, 0x2abe69a96ccb, 4, 0x6f732e6f) = 0x2abe6c154650
3238   0.003350 libjvm.so->dlopen(0x2abe6c154590, 1, 0xffffffff, 0x2abe6c154500) = 0x2abe6c154650
3238   0.136820 libjvm.so->fopen(0x2abe6c19a790, 0x2abe69a96ccb, 4, 0x6f732e74) = 0x2abe6c19da40
3238   0.003129 libjvm.so->dlopen(0x2abe6c19a790, 1, 0xffffffff, 0x2abe6c19d900) = 0x2abe6c1a7df0
3238   0.148521 libjvm.so->fopen(0x2abe6c218e70, 0x2abe69a96ccb, 0x6f732e7373656c, 0x656c646165685f74) = 0x2abe6c218f50
3238   0.002997 libjvm.so->dlopen(0x2abe6c218e70, 1, 0xffffffff, 0x2abe6c218e00) = 0x2abe6c218f50
3238   0.036694 libjvm.so->fopen(0x2abe6820c990, 0x2abe69a96ccb, 0x6f732e, 0x6d766a62696c2f72) = 0x2abe6c222dd0
3238   0.007274 libjvm.so->dlopen(0x2abe6820c990, 1, 0xffffffff, 0x2abe6c222300) = 0x555a11b6a4c0
3238   0.002169 libjvm.so->fopen(0x2abe6820c990, 0x2abe69a96ccb, 0x6f732e, 0x6d766a62696c2f72) = 0x2abe6c222d70
3238   0.005924 libjvm.so->dlopen(0x2abe6820c990, 1, 0xffffffff, 0x2abe6c222300) = 0x555a11b6a4c0
3238   0.001700 libjvm.so->fopen(0x2abe6820c990, 0x2abe69a96ccb, 0x6f732e, 0x6d766a62696c2f72) = 0x2abe6c222d70
3238   0.006298 libjvm.so->dlopen(0x2abe6820c990, 1, 0xffffffff, 0x2abe6c222300) = 0x555a11b6a4c0
3238   0.001675 libjvm.so->fopen(0x2abe6820c990, 0x2abe69a96ccb, 0x6f732e, 0x6d766a62696c2f72) = 0x2abe6c222d70
3238   0.003559 libjvm.so->dlopen(0x2abe6820c990, 1, 0xffffffff, 0x2abe6c222300) = 0x555a11b6a4c0
3238   0.260279 libjvm.so->fopen(0x2abe68210ed0, 0x2abe69a96ccb, 111, 0x732e6176) = 0x2abe6c261530
3238   0.003624 libjvm.so->dlopen(0x2abe68210ed0, 1, 0xffffffff, 0x2abe6c261400) = 0x2abe6c001b10
3238   0.001797 libjvm.so->fopen(0x2abe68210ed0, 0x2abe69a96ccb, 111, 0x732e6176) = 0x2abe6c261850
3238   0.004019 libjvm.so->dlopen(0x2abe68210ed0, 1, 0xffffffff, 0x2abe6c261400) = 0x2abe6c001b10
3238   0.003289 libjvm.so->fopen(0x2abe68210ed0, 0x2abe69a96ccb, 111, 0x732e6176) = 0x2abe6c261830
3238   0.004703 libjvm.so->dlopen(0x2abe68210ed0, 1, 0xffffffff, 0x2abe6c261400) = 0x2abe6c001b10
3238   0.003014 libjvm.so->fopen(0x2abe68210ed0, 0x2abe69a96ccb, 111, 0x732e6176) = 0x2abe6c261830
3238   0.006413 libjvm.so->dlopen(0x2abe68210ed0, 1, 0xffffffff, 0x2abe6c261400) = 0x2abe6c001b10
3238   0.044524 libjvm.so->fopen(0x2abe68210eb0, 0x2abe69a96ccb, 111, 0x732e6176) = 0x2abe6c261940
3238   0.003237 libjvm.so->dlopen(0x2abe68210eb0, 1, 0xffffffff, 0x2abe6c261300) = 0x2abe6c001b10
3238   0.002543 libjvm.so->fopen(0x2abe68210eb0, 0x2abe69a96ccb, 111, 0x732e6176) = 0x2abe6c261940
3238   0.003233 libjvm.so->dlopen(0x2abe68210eb0, 1, 0xffffffff, 0x2abe6c261300) = 0x2abe6c001b10
3238   0.003830 libjvm.so->fopen(0x2abe68210eb0, 0x2abe69a96ccb, 111, 0x732e6176) = 0x2abe6c261940
3238   0.004818 libjvm.so->dlopen(0x2abe68210eb0, 1, 0xffffffff, 0x2abe6c261300) = 0x2abe6c001b10
3238   0.001967 libjvm.so->fopen(0x2abe68210eb0, 0x2abe69a96ccb, 111, 0x732e6176) = 0x2abe6c261940
3238   0.005434 libjvm.so->dlopen(0x2abe68210eb0, 1, 0xffffffff, 0x2abe6c261300) = 0x2abe6c001b10
3238   3.257617 --- SIGSEGV (Segmentation fault) ---
3277   8.830757 +++ exited (status 0) +++
3266   0.000141 +++ exited (status 0) +++
3253   0.000174 +++ exited (status 0) +++
3238   0.000192 +++ exited (status 0) +++
3275   0.000912 +++ exited (status 0) +++
3270   0.000019 +++ exited (status 0) +++
3268   0.000010 +++ exited (status 0) +++
3263   0.000010 +++ exited (status 0) +++
3259   0.016246 +++ exited (status 0) +++
3236   0.000083 +++ exited (status 0) +++
Wrote an ltrace for command: "java -cp ./tools/maxent.jar density.MaxEnt -s outputs/Amphipoea_americana_Speyer.csv -e data/layers/worldclim -o outputs/Amphipoea_americana_Speyer nowarnings nocache autorun -z" with PID 3229 from PPID 3175 on disc25.crc.nd.edu with result 0
REMOTEHOST=10.17.150.11
MANPATH=/afs/crc.nd.edu/user/n/nkremerh/cctools/share/man/:/afs/crc.nd.edu/group/ccl/software/x86_64/redhat7/ruby/current/share/man:/afs/crc.nd.edu/group/ccl/software/x86_64/redhat7/graphviz/current/share/man:/afs/crc.nd.edu/group/ccl/software/x86_64/redhat7/gnuplot/current/share/man:/afs/crc.nd.edu/group/ccl/software/x86_64/redhat7/git/current/share/man:/afs/crc.nd.edu/group/ccl/software/x86_64/redhat7/condor/current/share/man:/afs/crc.nd.edu/group/ccl/software/x86_64/redhat7/clang/current/share/man:/afs/crc.nd.edu/group/ccl/software/x86_64/redhat7/condor/current/share/man:/afs/crc.nd.edu/group/ccl/software/x86_64/redhat7/cctools/current/share/man:/afs/crc.nd.edu/group/ccl/software/x86_64/redhat7/cctools/current/share/man:/afs/crc.nd.edu/x86_64_linux/Modules/4.5.0/share/man:/opt/crc/usr/local/man:/opt/sge/man:/usr/share/man/overrides:/usr/share/man:/usr/local/share/man
_CONDOR_JOB_PIDS=
XDG_SESSION_ID=4102
HOSTNAME=disc01.crc.nd.edu
_CONDOR_ANCESTOR_3764=26786:1600190002:1712875894
_LMFILES__modshare=/afs/crc.nd.edu/x86_64_linux/Modules/modules/system_modules/CRC_default/1.1:1
MODULEPATH_modshare=/afs/crc.nd.edu/x86_64_linux/Modules/modules/general_software:1:/afs/crc.nd.edu/x86_64_linux/Modules/modules/development_tools_and_libraries:1:/afs/crc.nd.edu/x86_64_linux/Modules/modules/system_modules:1:/afs/crc.nd.edu/x86_64_linux/Modules/current/modulefiles:1:/afs/crc.nd.edu/x86_64_linux/Modules/modules/restricted_software:1:/afs/crc.nd.edu/x86_64_linux/Modules/modules/deprecated_software:1
TERM=xterm-256color
SHELL=/bin/tcsh
HOST=disc01.crc.nd.edu
MODULES_CMD=/afs/crc.nd.edu/x86_64_linux/Modules/4.5.0/libexec/modulecmd.tcl
HISTSIZE=5000
MAKEFLAGS=
SSH_CLIENT=10.17.150.11 36546 22
TMPDIR=/var/condor/execute/dir_26786/worker-213124-26822/t.1163/cctools-temp-t.1163.8R5zjo
PERL5LIB=/afs/crc.nd.edu/user/n/nkremerh/cctools/lib/perl5/site_perl/5.16.3:/afs/crc.nd.edu/user/n/nkremerh/.perl5/lib/perl5
SGE_CELL=crc
_CONDOR_SCRATCH_DIR=/var/condor/execute/dir_26786
_CONDOR_ANCESTOR_26786=26799:1600190003:751663846
PERL_MB_OPT=--install_base '/afs/crc.nd.edu/user/n/nkremerh/.perl5/'
SSH_TTY=/dev/pts/2
SGE_LOAD_AVG=load_avg
MAKEFLOW_MAX_LOCAL_JOBS=2
GROUP=campus
USER=nkremerh
_CHIRP_DELAYED_UPDATE_PREFIX=Chirp*
HISTFILESIZE=10000
TEMP=/var/condor/execute/dir_26786/worker-213124-26822/t.1163/cctools-temp-t.1163.8R5zjo
LD_LIBRARY_PATH=/afs/crc.nd.edu/group/ccl/software/x86_64/redhat7/ruby/current/lib:/afs/crc.nd.edu/group/ccl/software/x86_64/redhat7/graphviz/current/lib:/afs/crc.nd.edu/group/ccl/software/x86_64/redhat7/git/current/lib:/afs/crc.nd.edu/group/ccl/software/x86_64/redhat7/condor/current/lib:/afs/crc.nd.edu/group/ccl/software/x86_64/redhat7/clang/current/lib:/afs/crc.nd.edu/group/ccl/software/x86_64/redhat7/condor/current/lib:/afs/crc.nd.edu/group/ccl/software/x86_64/redhat7/cctools/current/lib:/opt/crc/usr/local/lib
BATCH_SYSTEM=HTCondor
MODULES_LMALTNAME=CRC_default/1.1&CRC_default/default&CRC_default
ENV=/afs/crc.nd.edu/x86_64_linux/Modules/4.5.0/init/profile.sh
WORKER_TMPDIR=/var/condor/execute/dir_26786/worker-213124-26822/cache/tmp
HOSTTYPE=x86_64-linux
_CONDOR_HIGHPORT=9999
GLOBUS_GSSAPI_MAX_TLS_PROTOCOL=0
_CONDOR_CHIRP_CONFIG=/var/condor/execute/dir_26786/.chirp.config
MAKELEVEL=1
MFLAGS=
MAIL=/var/spool/mail/nkremerh
PATH=/afs/crc.nd.edu/user/n/nkremerh/cctools/bin:/afs/crc.nd.edu/user/n/nkremerh/miniconda/bin:/afs/crc.nd.edu/group/ccl/software/git:/afs/crc.nd.edu/user/n/nkremerh/.local/bin:/afs/crc.nd.edu/group/ccl/software/x86_64/redhat7/povray/3.7/bin:/afs/crc.nd.edu/user/n/nkremerh/.perl5/bin:/afs/crc.nd.edu/user/n/nkremerh/pegasus/bin:/afs/crc.nd.edu/user/n/nkremerh/nodejs/bin:/afs/crc.nd.edu/user/n/nkremerh/montage/bin:/afs/crc.nd.edu/user/n/nkremerh/latexdiff:/afs/crc.nd.edu/user/n/nkremerh/envtrace:/afs/crc.nd.edu/user/n/nkremerh/endlines:/afs/crc.nd.edu/user/n/nkremerh/cctools/bin:/afs/crc.nd.edu/user/n/nkremerh/.cargo/bin:/afs/crc.nd.edu/group/ccl/software/x86_64/redhat7/ruby/current/bin:/afs/crc.nd.edu/group/ccl/software/x86_64/redhat7/graphviz/current/bin:/afs/crc.nd.edu/group/ccl/software/x86_64/redhat7/gnuplot/current/bin:/afs/crc.nd.edu/group/ccl/software/x86_64/redhat7/git/current/bin:/afs/crc.nd.edu/group/ccl/software/x86_64/redhat7/condor/current/sbin:/afs/crc.nd.edu/group/ccl/software/x86_64/redhat7/condor/current/bin:/afs/crc.nd.edu/group/ccl/software/x86_64/redhat7/cmake/current/bin:/afs/crc.nd.edu/group/ccl/software/x86_64/redhat7/clang/current/bin:/afs/crc.nd.edu/group/ccl/software/x86_64/redhat7/condor/current/sbin:/afs/crc.nd.edu/group/ccl/software/x86_64/redhat7/condor/current/bin:/afs/crc.nd.edu/group/ccl/software/x86_64/redhat7/cctools/current/bin:/afs/crc.nd.edu/x86_64_linux/Modules/4.5.0/bin:/opt/crc/usr/local/bin:/opt/sge/bin/lx-amd64:/usr/local/bin:/usr/bin:/usr/local/sbin:/usr/sbin:/afs/crc.nd.edu/user/c/condor/software/bin:/afs/crc.nd.edu/user/c/condor/software/sbin
CCLSOFTWARE=/afs/crc.nd.edu/group/ccl/software/x86_64/redhat7
PWD=/var/condor/execute/dir_26786/worker-213124-26822/t.1163
_LMFILES_=/afs/crc.nd.edu/x86_64_linux/Modules/modules/system_modules/CRC_default/1.1
EDITOR=vim
SGE_EXECD_PORT=6445
LANG=en_US.UTF-8
SGE_QMASTER_PORT=6444
MODULEPATH=/afs/crc.nd.edu/x86_64_linux/Modules/modules/development_tools_and_libraries:/afs/crc.nd.edu/x86_64_linux/Modules/modules/general_software:/afs/crc.nd.edu/x86_64_linux/Modules/modules/restricted_software:/afs/crc.nd.edu/x86_64_linux/Modules/modules/system_modules:/afs/crc.nd.edu/x86_64_linux/Modules/modules/deprecated_software:/afs/crc.nd.edu/x86_64_linux/Modules/current/modulefiles
LOADEDMODULES=CRC_default/1.1
SGE_ROOT=/opt/sge
CCLPLATFORM=x86_64/redhat7
_CONDOR_SLOT=slot1
WORK_QUEUE_SANDBOX=/var/condor/execute/dir_26786/worker-213124-26822
USE_SYSTEMD=true
_CONDOR_LOWPORT=9100
_CONDOR_ANCESTOR_3611=3764:1598184024:3503519607
HISTCONTROL=ignoreboth:erasedups
KRB5CCNAME=FILE:/tmp/krb5cc_213124_DZSV7p
GLOBUS_GSSAPI_NAME_COMPATIBILITY=STRICT_RFC2818
HOME=disc01.crc.nd.edu
SHLVL=6
PATH_modshare=/opt/crc/usr/local/bin:1:/opt/sge/bin/lx-amd64:1:/usr/sbin:1:/usr/bin:1:/afs/crc.nd.edu/user/c/condor/software/sbin:1:/usr/local/sbin:1:/afs/crc.nd.edu/user/c/condor/software/bin:1:/usr/local/bin:1
OSTYPE=linux
_CONDOR_MACHINE_AD=/var/condor/execute/dir_26786/.machine.ad
GREP_OPTIONS=--color=auto
DISK=916619
GLOBUS_GSSAPI_MIN_TLS_PROTOCOL=TLS1_VERSION
MANPATH_modshare=/usr/share/man/overrides:1:/usr/local/share/man:1:/usr/share/man:1:/opt/crc/usr/local/man:1:/opt/sge/man:1
MEMORY=15899
PERL_LOCAL_LIB_ROOT=/afs/crc.nd.edu/user/n/nkremerh/.perl5/
BASH_ENV=/afs/crc.nd.edu/x86_64_linux/Modules/4.5.0/init/bash
VENDOR=unknown
TMP=/var/condor/execute/dir_26786/worker-213124-26822/t.1163/cctools-temp-t.1163.8R5zjo
LOGNAME=nkremerh
MACHTYPE=x86_64
CCLHOME=/afs/crc.nd.edu/group/ccl
PYTHONPATH=/afs/crc.nd.edu/user/n/nkremerh/cctools/lib/python3.6/site-packages/
LD_LIBRARY_PATH_modshare=/opt/crc/usr/local/lib:1
SSH_CONNECTION=10.17.150.11 36546 129.74.128.103 22
MODULES_LMALTNAME_modshare=CRC_default/1.1&CRC_default/default&CRC_default:1
MODULESHOME=/afs/crc.nd.edu/x86_64_linux/Modules/4.5.0
GLOBUS_GSSAPI_CIPHERS=HIGH
GLOBUS_GSSAPI_BACKWARD_COMPATIBLE_MIC=true
LESSOPEN=||/usr/bin/lesspipe.sh %s
OMP_NUM_THREADS=1
_CONDOR_JOB_AD=/var/condor/execute/dir_26786/.job.ad
LOADEDMODULES_modshare=CRC_default/1.1:1
XDG_RUNTIME_DIR=/run/user/213124
SGE_CLUSTER_NAME=CRC
CCTOOLS=../cctools
CORES=4
_CONDOR_JOB_IWD=/var/condor/execute/dir_26786
PERL_MM_OPT=INSTALL_BASE=/afs/crc.nd.edu/user/n/nkremerh/.perl5/
GLOBUS_GSSAPI_SERVER_CIPHER_ORDER=true
BASH_FUNC_module()=() {  unset _mlshdbg;
 if [ "${MODULES_SILENT_SHELL_DEBUG:-0}" = '1' ]; then
 case "$-" in 
 *v*x*)
 set +vx;
 _mlshdbg='vx'
 ;;
 *v*)
 set +v;
 _mlshdbg='v'
 ;;
 *x*)
 set +x;
 _mlshdbg='x'
 ;;
 *)
 _mlshdbg=''
 ;;
 esac;
 fi;
 unset _mlre _mlIFS;
 if [ -n "${IFS+x}" ]; then
 _mlIFS=$IFS;
 fi;
 IFS=' ';
 for _mlv in ${MODULES_RUN_QUARANTINE:-};
 do
 if [ "${_mlv}" = "${_mlv##*[!A-Za-z0-9_]}" -a "${_mlv}" = "${_mlv#[0-9]}" ]; then
 if [ -n "`eval 'echo ${'$_mlv'+x}'`" ]; then
 _mlre="${_mlre:-}${_mlv}_modquar='`eval 'echo ${'$_mlv'}'`' ";
 fi;
 _mlrv="MODULES_RUNENV_${_mlv}";
 _mlre="${_mlre:-}${_mlv}='`eval 'echo ${'$_mlrv':-}'`' ";
 fi;
 done;
 if [ -n "${_mlre:-}" ]; then
 eval `eval ${_mlre}/usr/bin/tclsh /afs/crc.nd.edu/x86_64_linux/Modules/4.5.0/libexec/modulecmd.tcl bash '"$@"'`;
 else
 eval `/usr/bin/tclsh /afs/crc.nd.edu/x86_64_linux/Modules/4.5.0/libexec/modulecmd.tcl bash "$@"`;
 fi;
 _mlstatus=$?;
 if [ -n "${_mlIFS+x}" ]; then
 IFS=$_mlIFS;
 else
 unset IFS;
 fi;
 unset _mlre _mlv _mlrv _mlIFS;
 if [ -n "${_mlshdbg:-}" ]; then
 set -$_mlshdbg;
 fi;
 unset _mlshdbg;
 return $_mlstatus
}
BASH_FUNC_ml()=() {  module ml "$@"
}
_=/usr/bin/printenv
