24421   0.000000 libjli.so->getenv("_JAVA_LAUNCHER_DEBUG") = nil
24421   0.001748 libjli.so->getenv("_JAVA_VERSION_SET") = nil
24421   0.000716 libjli.so->fopen("/usr/lib/jvm/java-1.8.0-openjdk-1.8.0.262.b10-0.el7_8.x86_64/jre/lib/amd64/jvm.cfg", "r") = 0x55d8c14c10e0
24421   0.000806 libjli.so->getenv("JDK_ALTERNATE_VM") = nil
24421   0.000310 libjli.so->__xstat(1, "/usr/lib/jvm/java-1.8.0-openjdk-1.8.0.262.b10-0.el7_8.x86_64/jre/lib/amd64/server/libjvm.so", 0x7fffc5319d20) = 0
24421   0.000589 libjli.so->getenv("LD_LIBRARY_PATH") = "/afs/crc.nd.edu/group/ccl/software/x86_64/redhat7/ruby/current/lib:/afs/crc.nd.edu/group/ccl/software/x86_64/redhat7/graphviz/current/lib:/afs/crc.nd.edu/group/ccl/software/x86_64/redhat7/git/current/lib:/afs/crc.nd.edu/group/ccl/software/x86_64/redhat7/condor/current/lib:/afs/crc.nd.edu/group/ccl/software/x86_64/redhat7/clang/current/lib:/afs/crc.nd.edu/group/ccl/software/x86_64/redhat7/condor/current/lib:/afs/crc.nd.edu/group/ccl/software/x86_64/redhat7/cctools/current/lib:/opt/crc/usr/local/lib"
24421   0.002088 libjli.so->dlopen("/usr/lib/jvm/java-1.8.0-openjdk-1.8.0.262.b10-0.el7_8.x86_64/jre/lib/amd64/server/libjvm.so", 258 <unfinished ...>
24421   0.038713 libjvm.so->getenv("NMT_LEVEL_24421") = nil
24421   0.001674 <... dlopen resumed> )          = 0x55d8c14c14b0
24421   0.000072 libjli.so->getenv("CLASSPATH")  = nil
24421   0.000303 libjli.so->getenv("_JAVA_SPLASH_JAR") = nil
24421   0.000318 libjli.so->getenv("_JAVA_SPLASH_FILE") = nil
24421   0.000325 libjli.so->pthread_attr_setdetachstate(0x7fffc5319cd0, 0, 0x7fffc5319d60, 0) = 0
24421   0.000421 libpthread.so.0->__clone(0x2aef3e8b1de0, 0x2aef3e7c4fc0, 0x3d0f00, 0x2aef3e7c5700) = 0x5f72
24434   0.001518 libjvm.so->dlopen(0x2aef400909ae, 1, 0xfffffffffff42c48, 4096) = 0x2aef44000990
24434   0.002426 libjvm.so->getenv(0x2aef400ab83e, 0, 115, 0x65737361) = 0x7fffc532064f
24434   0.000485 libjvm.so->fopen(0x2aef3e7c3c10, 0x2aef40047ccb, 0x6f732e79666972, 0x2aef3f189ab0) = 0x2aef44001440
24434   0.001388 libjvm.so->dlopen(0x2aef3e7c3c10, 1, 0xffffffff, 0x2aef44002b00) = 0x2aef44001440
24434   0.001645 libjvm.so->fopen(0x2aef3e7c3c10, 0x2aef40047ccb, 111, 0x732e6176) = 0x2aef44001b10
24434   0.001626 libjvm.so->dlopen(0x2aef3e7c3c10, 1, 0xffffffff, 0x2aef44001a00) = 0x2aef44001b10
24434   0.001706 libjvm.so->__xstat(1, 0x2aef3e7c4360, 0x2aef3e7c4ba0, 0x746f7073746f682e) = -1
24434   0.000564 libjvm.so->getenv(0x2aef40040541, 0x2aef3e7c46d0, 1024, 0x2aef404fa61b) = 0
24434   0.000470 libjvm.so->getenv(0x2aef40040533, 0x2aef3e7c46d0, 1024, 0) = 0
24434   0.000607 libjvm.so->fopen(0x2aef40090315, 0x2aef40047ccb, 4095, 0xffffd510bffbfb03) = 0x2aef44003290
24434   0.001108 libjvm.so->fopen(0x2aef40090361, 0x2aef40047ccb, 0x2aef44000078, 0x2aef44003280) = 0x2aef44003290
24434   0.000704 libjvm.so->fopen(0x2aef3e7be9b0, 0x2aef40047ccb, 4014, 3995) = 0x2aef44003290
24434   0.000652 libjvm.so->opendir(0x2aef44002b40, 0x2aef44002b40, 13, 16) = 0
24434   0.000509 libjvm.so->__xstat(1, 0x2aef3e7c38f0, 0x2aef3e7c2860, 0x6f732e7477616d62) = -1
24434   0.000422 libjvm.so->__xstat(1, 0x2aef3e7c38f0, 0x2aef3e7c2860, 0x5f74776162696c2f) = 0
24434   0.000513 libjvm.so->fopen(0x2aef3e7c2b90, 0x2aef40047ccb, 4009, 3994) = 0x2aef44003770
24434   0.000614 libjvm.so->fopen(0x2aef3e7c2b90, 0x2aef40047ccb, 4009, 3994) = 0x2aef44003770
24434   0.000663 libjvm.so->fopen(0x2aef3e7c2b90, 0x2aef40047ccb, 4009, 4002) = 0x2aef44003770
24434   0.000673 libjvm.so->fopen(0x2aef3e7c2b20, 0x2aef40047ccb, 4009, 3994) = 0x2aef44003770
24434   0.000610 libjvm.so->fopen(0x2aef3e7c2b20, 0x2aef40047ccb, 4009, 3994) = 0x2aef44003770
24434   0.000608 libjvm.so->fopen(0x2aef3e7c2b20, 0x2aef40047ccb, 4009, 4002) = 0x2aef44003770
24434   0.000650 libjvm.so->fopen(0x2aef3e7c2b50, 0x2aef40047ccb, 4014, 3995) = 0x2aef44003770
24434   0.000791 libjvm.so->getenv(0x2aef400910ff, 4096, 3, -1) = 0
24434   0.000955 libjvm.so->fopen(0x2aef40090998, 0x2aef40047ccb, 0x2aef3e8a8908, 0x2aef3e8a7df0) = 0x2aef44003770
24434   0.004710 libjvm.so->open(0x2aef4404a560, 0x20000, 0, 0x2aef4404a5a9) = 3
24434   0.000497 libjvm.so->__fxstat(1, 3, 0x2aef3e7c4a00, -1) = 0
24434   0.000481 libjvm.so->opendir(0x2aef4404a560, 0x2aef3e7c4a00, 0x4000, -1) = 0x2aef4404b470
24434   0.000478 libjvm.so->__fxstat(1, 3, 0x2aef3e7c48a0, 0x2aef4404b470) = 0
24434   0.000444 libjvm.so->__fxstat(1, 5, 0x2aef3e7c4930, -1) = 0
24434   0.000465 libjvm.so->open(0x2aef4005e9dc, 0, 0, 0) = 3
24434   0.000671 libjvm.so->__lxstat(1, 0x2aef4404a560, 0x2aef3e7c4b50, -144) = 0
24434   0.000471 libjvm.so->open(0x2aef4404a560, 0x20000, 0x4000, -1) = 3
24434   0.000450 libjvm.so->__fxstat(1, 3, 0x2aef3e7c4a00, -1) = 0
24434   0.000450 libjvm.so->opendir(0x2aef4404a560, 0x2aef3e7c4a00, 0x4000, -1) = 0x2aef4404b470
24434   0.000460 libjvm.so->__fxstat(1, 3, 0x2aef3e7c48a0, 0x2aef4404b470) = 0
24434   0.000427 libjvm.so->__fxstat(1, 5, 0x2aef3e7c4930, -1) = 0
24434   0.000472 libjvm.so->open(0x2aef4005e9dc, 0, 0, 0) = 3
24434   0.000463 libjvm.so->open(0x2aef4404a5a9, 0x20042, 384, -1) = 7
24434   0.000759 libjvm.so->__fxstat(1, 7, 0x2aef3e7c4b50, -1) = 0
24434   0.001705 libjvm.so->fopen(0x2aef3e7c3b60, 0x2aef40047ccb, 4, 0x6f732e70) = 0x2aef44057bc0
24434   0.001477 libjvm.so->dlopen(0x2aef3e7c3b60, 1, 0xffffffff, 0x2aef44057b00) = 0x2aef44057bc0
24434   0.001507 libjvm.so->__xstat(1, 0x2aef3e7c4120, 0x2aef3e7c4950, 2048) = 0
24434   0.000453 libjvm.so->__xstat(1, 0x2aef3e7c4120, 0x2aef3e7c4950, 2048) = 0
24434   0.000458 libjvm.so->__xstat(1, 0x2aef3e7c4120, 0x2aef3e7c4950, 2048) = -1
24434   0.000436 libjvm.so->__xstat(1, 0x2aef3e7c4120, 0x2aef3e7c4950, 2048) = 0
24434   0.000429 libjvm.so->__xstat(1, 0x2aef3e7c4120, 0x2aef3e7c4950, 2048) = 0
24434   0.000448 libjvm.so->__xstat(1, 0x2aef3e7c4120, 0x2aef3e7c4950, 2048) = 0
24434   0.000431 libjvm.so->__xstat(1, 0x2aef3e7c4120, 0x2aef3e7c4950, 2048) = 0
24434   0.000502 libjvm.so->__xstat(1, 0x2aef3e7c4120, 0x2aef3e7c4950, 2048) = -1
24434   0.000458 libjvm.so->fopen(0x2aef44002520, 0x2aef40047ccb, 0, 0) = 0x2aef44058a60
24434   0.008474 libjvm.so->open64(0x2aef3e7c3410, 0, 0, 16) = 3
24434   0.000452 libjvm.so->__fxstat64(1, 3, 0x2aef3e7c3240, -1) = 0
24434   0.035635 libjvm.so->__xstat(1, 0x2aef3e7c3f20, 0x2aef3e7c4750, 2048) = -1
24434   0.000531 libjvm.so->fopen(0x2aef3e7c2b20, 0x2aef40047ccb, 4009, 3994) = 0x2aef440b5e20
24434   0.000688 libjvm.so->fopen(0x2aef3e7c2b20, 0x2aef40047ccb, 4009, 3994) = 0x2aef440b5e20
24434   0.000603 libjvm.so->fopen(0x2aef3e7c2b20, 0x2aef40047ccb, 4009, 4002) = 0x2aef440b5e20
24434   0.004240 libjvm.so->pthread_attr_setdetachstate(0x2aef3e7c4c00, 1, 0, 0) = 0
24434   0.000498 libpthread.so.0->__clone(0x2aef3e8b1de0, 0x2aef5714dfc0, 0x3d0f00, 0x2aef5714e700) = 0x5f74
24434   0.015544 libjvm.so->pthread_attr_setdetachstate(0x2aef3e7c4290, 1, 0, 0) = 0
24434   0.000611 libpthread.so.0->__clone(0x2aef3e8b1de0, 0x2aef5724efc0, 0x3d0f00, 0x2aef5724f700) = 0x5f75
24434   0.006948 libjvm.so->pthread_attr_setdetachstate(0x2aef3e7c4610, 1, 0, 0) = 0
24434   0.000805 libpthread.so.0->__clone(0x2aef3e8b1de0, 0x2aef5734ffc0, 0x3d0f00, 0x2aef57350700) = 0x5f77
24434   0.039509 libjvm.so->fopen(0x2aef440e9150, 0x2aef40047ccb, 4, 0x6f732e70) = 0x2aef440f1c90
24434   0.002018 libjvm.so->dlopen(0x2aef440e9150, 1, 0xffffffff, 0x2aef440ec300) = 0x2aef44057bc0
24434   0.005148 libjvm.so->open64(0x2aef3e7c3510, 0, 0, 16) = 5
24434   0.000953 libjvm.so->__fxstat64(1, 5, 0x2aef3e7c3340, -1) = 0
24434   0.019906 libjvm.so->fopen(0x2aef3e7c0130, 0x2aef40047ccb, 4009, 3994) = 0x2aef440fcbe0
24434   0.001174 libjvm.so->fopen(0x2aef3e7c0130, 0x2aef40047ccb, 4009, 3994) = 0x2aef440fcbe0
24434   0.001152 libjvm.so->fopen(0x2aef3e7c0130, 0x2aef40047ccb, 4009, 4002) = 0x2aef440fcbe0
24434   0.015460 libjvm.so->pthread_attr_setdetachstate(0x2aef3e7c4b50, 1, 0, 0) = 0
24434   0.000941 libpthread.so.0->__clone(0x2aef3e8b1de0, 0x2aef57450fc0, 0x3d0f00, 0x2aef57451700) = 0x5f7a
24434   0.001451 libjvm.so->__xstat64(1, 0x2aef3e7c4be0, 0x2aef3e7c4b50, 19) = -1
24434   0.001193 libjvm.so->pthread_attr_setdetachstate(0x2aef3e7c4950, 1, 0, 0) = 0
24434   0.001999 libpthread.so.0->__clone(0x2aef3e8b1de0, 0x2aef57551fc0, 0x3d0f00, 0x2aef57552700) = 0x5f7b
24434   0.001718 libjvm.so->pthread_attr_setdetachstate(0x2aef3e7c4950, 1, 0, 0) = 0
24434   0.001298 libpthread.so.0->__clone(0x2aef3e8b1de0, 0x2aef57652fc0, 0x3d0f00, 0x2aef57653700) = 0x5f7c
24434   0.008202 libjvm.so->pthread_attr_setdetachstate(0x2aef3e7c4aa0, 1, 0, 0) = 0
24434   0.001487 libpthread.so.0->__clone(0x2aef3e8b1de0, 0x2aef57753fc0, 0x3d0f00, 0x2aef57754700) = 0x5f7d
24434   0.002784 libjvm.so->pthread_attr_setdetachstate(0x2aef3e7c4bb0, 1, 0, 0) = 0
24434   0.001647 libpthread.so.0->__clone(0x2aef3e8b1de0, 0x2aef57854fc0, 0x3d0f00, 0x2aef57855700) = 0x5f7f
24434   0.016521 libjvm.so->open64(0x2aef4412e970, 0, 0, 48) = 7
24434   0.001758 libjvm.so->__fxstat64(1, 7, 0x2aef3e7c1f60, -1) = 0
24434   0.029130 libjvm.so->fopen(0x2aef441546c0, 0x2aef40047ccb, 4, 0x6f732e6f) = 0x2aef44154780
24434   0.004779 libjvm.so->dlopen(0x2aef441546c0, 1, 0xffffffff, 0x2aef44154700) = 0x2aef44154780
24434   0.105047 libjvm.so->fopen(0x2aef3e7bee40, 0x2aef40047ccb, 0x6f732e, 0x6d766a62696c2f72) = 0x2aef44169ea0
24434   0.008687 libjvm.so->dlopen(0x2aef3e7bee40, 1, 0xffffffff, 0x2aef44169e00) = 0x55d8c14c14b0
24434   0.001788 libjvm.so->fopen(0x2aef3e7bee40, 0x2aef40047ccb, 0x6f732e, 0x6d766a62696c2f72) = 0x2aef4416a2a0
24434   0.007839 libjvm.so->dlopen(0x2aef3e7bee40, 1, 0xffffffff, 0x2aef44169e00) = 0x55d8c14c14b0
24434   0.006364 libjvm.so->fopen(0x2aef3e7bee40, 0x2aef40047ccb, 0x6f732e, 0x6d766a62696c2f72) = 0x2aef44169ea0
24434   0.003963 libjvm.so->dlopen(0x2aef3e7bee40, 1, 0xffffffff, 0x2aef44169e00) = 0x55d8c14c14b0
24434   0.004364 libjvm.so->fopen(0x2aef3e7bee40, 0x2aef40047ccb, 0x6f732e, 0x6d766a62696c2f72) = 0x2aef44169ea0
24434   0.004484 libjvm.so->dlopen(0x2aef3e7bee40, 1, 0xffffffff, 0x2aef44169e00) = 0x55d8c14c14b0
24434   0.065459 libjvm.so->fopen(0x2aef441a7470, 0x2aef40047ccb, 4, 0x6f732e74) = 0x2aef441b5300
24434   0.003519 libjvm.so->dlopen(0x2aef441a7470, 1, 0xffffffff, 0x2aef4419d600) = 0x2aef441b5300
24434   0.148543 libjvm.so->fopen(0x2aef44238550, 0x2aef40047ccb, 0x6f732e7373656c, 0x656c646165685f74) = 0x2aef44238630
24434   0.003033 libjvm.so->dlopen(0x2aef44238550, 1, 0xffffffff, 0x2aef44238500) = 0x2aef44238630
24447   0.043068 +++ exited (status 0) +++
24442   0.000360 +++ exited (status 0) +++
24436   0.000298 +++ exited (status 0) +++
24434   0.000407 +++ exited (status 0) +++
24444   0.000313 +++ exited (status 1) +++
24443   0.000026 +++ exited (status 1) +++
24439   0.000016 +++ exited (status 1) +++
24437   0.000015 +++ exited (status 1) +++
24445   0.006459 +++ exited (status 1) +++
24421   0.000038 +++ exited (status 1) +++
Wrote an ltrace for command: "java -cp ./tools/maxent.jar density.Project outputs/Megaselia_tama/Megaselia_tama.lambdas data/layers/worldclim outputs/Megaselia_tama_worldclim.asc nowarnings nocache autorun -z" with PID 24412 from PPID 24386 on disc20.crc.nd.edu with result 1
REMOTEHOST=129.74.154.87
_CONDOR_JOB_PIDS=
MANPATH=/afs/crc.nd.edu/user/n/nkremerh/cctools/share/man/:/afs/crc.nd.edu/group/ccl/software/x86_64/redhat7/ruby/current/share/man:/afs/crc.nd.edu/group/ccl/software/x86_64/redhat7/graphviz/current/share/man:/afs/crc.nd.edu/group/ccl/software/x86_64/redhat7/gnuplot/current/share/man:/afs/crc.nd.edu/group/ccl/software/x86_64/redhat7/git/current/share/man:/afs/crc.nd.edu/group/ccl/software/x86_64/redhat7/condor/current/share/man:/afs/crc.nd.edu/group/ccl/software/x86_64/redhat7/clang/current/share/man:/afs/crc.nd.edu/group/ccl/software/x86_64/redhat7/condor/current/share/man:/afs/crc.nd.edu/group/ccl/software/x86_64/redhat7/cctools/current/share/man:/afs/crc.nd.edu/group/ccl/software/x86_64/redhat7/cctools/current/share/man:/afs/crc.nd.edu/x86_64_linux/Modules/4.5.0/share/man:/opt/crc/usr/local/man:/opt/sge/man:/usr/share/man/overrides:/usr/share/man:/usr/local/share/man
XDG_SESSION_ID=2226
HOSTNAME=disc01.crc.nd.edu
_LMFILES__modshare=/afs/crc.nd.edu/x86_64_linux/Modules/modules/system_modules/CRC_default/1.1:1
MODULEPATH_modshare=/afs/crc.nd.edu/x86_64_linux/Modules/modules/general_software:1:/afs/crc.nd.edu/x86_64_linux/Modules/modules/development_tools_and_libraries:1:/afs/crc.nd.edu/x86_64_linux/Modules/modules/system_modules:1:/afs/crc.nd.edu/x86_64_linux/Modules/current/modulefiles:1:/afs/crc.nd.edu/x86_64_linux/Modules/modules/restricted_software:1:/afs/crc.nd.edu/x86_64_linux/Modules/modules/deprecated_software:1
MODULES_CMD=/afs/crc.nd.edu/x86_64_linux/Modules/4.5.0/libexec/modulecmd.tcl
HOST=disc01.crc.nd.edu
SHELL=/bin/tcsh
TERM=xterm-256color
MAKEFLAGS=
HISTSIZE=5000
TMPDIR=/var/condor/execute/dir_11104/worker-213124-11181/t.1698/cctools-temp-t.1698.PihTxg
SSH_CLIENT=129.74.154.87 57278 22
PERL5LIB=/afs/crc.nd.edu/user/n/nkremerh/cctools/lib/perl5/site_perl/5.16.3:/afs/crc.nd.edu/user/n/nkremerh/.perl5/lib/perl5
SGE_CELL=crc
_CONDOR_SCRATCH_DIR=/var/condor/execute/dir_11104
PERL_MB_OPT=--install_base '/afs/crc.nd.edu/user/n/nkremerh/.perl5/'
SSH_TTY=/dev/pts/0
SGE_LOAD_AVG=load_avg
MAKEFLOW_MAX_LOCAL_JOBS=2
HISTFILESIZE=10000
_CHIRP_DELAYED_UPDATE_PREFIX=Chirp*
USER=nkremerh
GROUP=campus
LD_LIBRARY_PATH=/afs/crc.nd.edu/group/ccl/software/x86_64/redhat7/ruby/current/lib:/afs/crc.nd.edu/group/ccl/software/x86_64/redhat7/graphviz/current/lib:/afs/crc.nd.edu/group/ccl/software/x86_64/redhat7/git/current/lib:/afs/crc.nd.edu/group/ccl/software/x86_64/redhat7/condor/current/lib:/afs/crc.nd.edu/group/ccl/software/x86_64/redhat7/clang/current/lib:/afs/crc.nd.edu/group/ccl/software/x86_64/redhat7/condor/current/lib:/afs/crc.nd.edu/group/ccl/software/x86_64/redhat7/cctools/current/lib:/opt/crc/usr/local/lib
TEMP=/var/condor/execute/dir_11104/worker-213124-11181/t.1698/cctools-temp-t.1698.PihTxg
BATCH_SYSTEM=HTCondor
WORKER_TMPDIR=/var/condor/execute/dir_11104/worker-213124-11181/cache/tmp
ENV=/afs/crc.nd.edu/x86_64_linux/Modules/4.5.0/init/profile.sh
MODULES_LMALTNAME=CRC_default/1.1&CRC_default/default&CRC_default
_CONDOR_ANCESTOR_3365=3581:1596369961:2310611161
_CONDOR_CHIRP_CONFIG=/var/condor/execute/dir_11104/.chirp.config
GLOBUS_GSSAPI_MAX_TLS_PROTOCOL=0
_CONDOR_HIGHPORT=9999
HOSTTYPE=x86_64-linux
MAKELEVEL=1
MFLAGS=
CCLSOFTWARE=/afs/crc.nd.edu/group/ccl/software/x86_64/redhat7
PATH=/afs/crc.nd.edu/user/n/nkremerh/cctools/bin:/afs/crc.nd.edu/user/n/nkremerh/miniconda/bin:/afs/crc.nd.edu/group/ccl/software/git:/afs/crc.nd.edu/user/n/nkremerh/.local/bin:/afs/crc.nd.edu/group/ccl/software/x86_64/redhat7/povray/3.7/bin:/afs/crc.nd.edu/user/n/nkremerh/.perl5/bin:/afs/crc.nd.edu/user/n/nkremerh/pegasus/bin:/afs/crc.nd.edu/user/n/nkremerh/nodejs/bin:/afs/crc.nd.edu/user/n/nkremerh/montage/bin:/afs/crc.nd.edu/user/n/nkremerh/latexdiff:/afs/crc.nd.edu/user/n/nkremerh/envtrace:/afs/crc.nd.edu/user/n/nkremerh/endlines:/afs/crc.nd.edu/user/n/nkremerh/cctools/bin:/afs/crc.nd.edu/user/n/nkremerh/.cargo/bin:/afs/crc.nd.edu/group/ccl/software/x86_64/redhat7/ruby/current/bin:/afs/crc.nd.edu/group/ccl/software/x86_64/redhat7/graphviz/current/bin:/afs/crc.nd.edu/group/ccl/software/x86_64/redhat7/gnuplot/current/bin:/afs/crc.nd.edu/group/ccl/software/x86_64/redhat7/git/current/bin:/afs/crc.nd.edu/group/ccl/software/x86_64/redhat7/condor/current/sbin:/afs/crc.nd.edu/group/ccl/software/x86_64/redhat7/condor/current/bin:/afs/crc.nd.edu/group/ccl/software/x86_64/redhat7/cmake/current/bin:/afs/crc.nd.edu/group/ccl/software/x86_64/redhat7/clang/current/bin:/afs/crc.nd.edu/group/ccl/software/x86_64/redhat7/condor/current/sbin:/afs/crc.nd.edu/group/ccl/software/x86_64/redhat7/condor/current/bin:/afs/crc.nd.edu/group/ccl/software/x86_64/redhat7/cctools/current/bin:/afs/crc.nd.edu/x86_64_linux/Modules/4.5.0/bin:/opt/crc/usr/local/bin:/opt/sge/bin/lx-amd64:/usr/local/bin:/usr/bin:/usr/local/sbin:/usr/sbin:/afs/crc.nd.edu/user/c/condor/software/bin:/afs/crc.nd.edu/user/c/condor/software/sbin
MAIL=/var/spool/mail/nkremerh
_CONDOR_ANCESTOR_11104=11116:1597419253:1067789334
PWD=/var/condor/execute/dir_11104/worker-213124-11181/t.1698
_LMFILES_=/afs/crc.nd.edu/x86_64_linux/Modules/modules/system_modules/CRC_default/1.1
SGE_EXECD_PORT=6445
EDITOR=vim
LANG=en_US.UTF-8
MODULEPATH=/afs/crc.nd.edu/x86_64_linux/Modules/modules/development_tools_and_libraries:/afs/crc.nd.edu/x86_64_linux/Modules/modules/general_software:/afs/crc.nd.edu/x86_64_linux/Modules/modules/restricted_software:/afs/crc.nd.edu/x86_64_linux/Modules/modules/system_modules:/afs/crc.nd.edu/x86_64_linux/Modules/modules/deprecated_software:/afs/crc.nd.edu/x86_64_linux/Modules/current/modulefiles
SGE_QMASTER_PORT=6444
SGE_ROOT=/opt/sge
LOADEDMODULES=CRC_default/1.1
WORK_QUEUE_SANDBOX=/var/condor/execute/dir_11104/worker-213124-11181
_CONDOR_SLOT=slot2_1
CCLPLATFORM=x86_64/redhat7
USE_SYSTEMD=true
_CONDOR_ANCESTOR_3581=11104:1597419250:2078877539
_CONDOR_LOWPORT=9100
KRB5CCNAME=FILE:/tmp/krb5cc_213124_jfvfni
HISTCONTROL=ignoreboth:erasedups
PATH_modshare=/opt/crc/usr/local/bin:1:/opt/sge/bin/lx-amd64:1:/usr/sbin:1:/usr/bin:1:/afs/crc.nd.edu/user/c/condor/software/sbin:1:/usr/local/sbin:1:/afs/crc.nd.edu/user/c/condor/software/bin:1:/usr/local/bin:1
SHLVL=7
HOME=disc01.crc.nd.edu
GLOBUS_GSSAPI_NAME_COMPATIBILITY=STRICT_RFC2818
_CONDOR_MACHINE_AD=/var/condor/execute/dir_11104/.machine.ad
OSTYPE=linux
DISK=18236
GREP_OPTIONS=--color=auto
GLOBUS_GSSAPI_MIN_TLS_PROTOCOL=TLS1_VERSION
MEMORY=1948
MANPATH_modshare=/usr/share/man/overrides:1:/usr/local/share/man:1:/usr/share/man:1:/opt/crc/usr/local/man:1:/opt/sge/man:1
VENDOR=unknown
BASH_ENV=/afs/crc.nd.edu/x86_64_linux/Modules/4.5.0/init/bash
PERL_LOCAL_LIB_ROOT=/afs/crc.nd.edu/user/n/nkremerh/.perl5/
PYTHONPATH=/afs/crc.nd.edu/user/n/nkremerh/cctools/lib/python3.6/site-packages/
CCLHOME=/afs/crc.nd.edu/group/ccl
MACHTYPE=x86_64
LOGNAME=nkremerh
TMP=/var/condor/execute/dir_11104/worker-213124-11181/t.1698/cctools-temp-t.1698.PihTxg
LD_LIBRARY_PATH_modshare=/opt/crc/usr/local/lib:1
MODULES_LMALTNAME_modshare=CRC_default/1.1&CRC_default/default&CRC_default:1
SSH_CONNECTION=129.74.154.87 57278 129.74.128.103 22
MODULESHOME=/afs/crc.nd.edu/x86_64_linux/Modules/4.5.0
OMP_NUM_THREADS=1
LESSOPEN=||/usr/bin/lesspipe.sh %s
GLOBUS_GSSAPI_BACKWARD_COMPATIBLE_MIC=true
GLOBUS_GSSAPI_CIPHERS=HIGH
LOADEDMODULES_modshare=CRC_default/1.1:1
_CONDOR_JOB_AD=/var/condor/execute/dir_11104/.job.ad
SGE_CLUSTER_NAME=CRC
XDG_RUNTIME_DIR=/run/user/213124
CCTOOLS=../cctools
CORES=2
_CONDOR_JOB_IWD=/var/condor/execute/dir_11104
PERL_MM_OPT=INSTALL_BASE=/afs/crc.nd.edu/user/n/nkremerh/.perl5/
GLOBUS_GSSAPI_SERVER_CIPHER_ORDER=true
BASH_FUNC_module()=() {  unset _mlshdbg;
 if [ "${MODULES_SILENT_SHELL_DEBUG:-0}" = '1' ]; then
 case "$-" in 
 *v*x*)
 set +vx;
 _mlshdbg='vx'
 ;;
 *v*)
 set +v;
 _mlshdbg='v'
 ;;
 *x*)
 set +x;
 _mlshdbg='x'
 ;;
 *)
 _mlshdbg=''
 ;;
 esac;
 fi;
 unset _mlre _mlIFS;
 if [ -n "${IFS+x}" ]; then
 _mlIFS=$IFS;
 fi;
 IFS=' ';
 for _mlv in ${MODULES_RUN_QUARANTINE:-};
 do
 if [ "${_mlv}" = "${_mlv##*[!A-Za-z0-9_]}" -a "${_mlv}" = "${_mlv#[0-9]}" ]; then
 if [ -n "`eval 'echo ${'$_mlv'+x}'`" ]; then
 _mlre="${_mlre:-}${_mlv}_modquar='`eval 'echo ${'$_mlv'}'`' ";
 fi;
 _mlrv="MODULES_RUNENV_${_mlv}";
 _mlre="${_mlre:-}${_mlv}='`eval 'echo ${'$_mlrv':-}'`' ";
 fi;
 done;
 if [ -n "${_mlre:-}" ]; then
 eval `eval ${_mlre}/usr/bin/tclsh /afs/crc.nd.edu/x86_64_linux/Modules/4.5.0/libexec/modulecmd.tcl bash '"$@"'`;
 else
 eval `/usr/bin/tclsh /afs/crc.nd.edu/x86_64_linux/Modules/4.5.0/libexec/modulecmd.tcl bash "$@"`;
 fi;
 _mlstatus=$?;
 if [ -n "${_mlIFS+x}" ]; then
 IFS=$_mlIFS;
 else
 unset IFS;
 fi;
 unset _mlre _mlv _mlrv _mlIFS;
 if [ -n "${_mlshdbg:-}" ]; then
 set -$_mlshdbg;
 fi;
 unset _mlshdbg;
 return $_mlstatus
}
BASH_FUNC_ml()=() {  module ml "$@"
}
_=/usr/bin/printenv
