25043   0.000000 libjli.so->getenv("_JAVA_LAUNCHER_DEBUG") = nil
25043   0.001608 libjli.so->getenv("_JAVA_VERSION_SET") = nil
25043   0.000715 libjli.so->fopen("/usr/lib/jvm/java-1.8.0-openjdk-1.8.0.262.b10-0.el7_8.x86_64/jre/lib/amd64/jvm.cfg", "r") = 0x55cffaeb90f0
25043   0.000740 libjli.so->getenv("JDK_ALTERNATE_VM") = nil
25043   0.000300 libjli.so->__xstat(1, "/usr/lib/jvm/java-1.8.0-openjdk-1.8.0.262.b10-0.el7_8.x86_64/jre/lib/amd64/server/libjvm.so", 0x7ffe2da8a730) = 0
25043   0.000566 libjli.so->getenv("LD_LIBRARY_PATH") = "/afs/crc.nd.edu/group/ccl/software/x86_64/redhat7/ruby/current/lib:/afs/crc.nd.edu/group/ccl/software/x86_64/redhat7/graphviz/current/lib:/afs/crc.nd.edu/group/ccl/software/x86_64/redhat7/git/current/lib:/afs/crc.nd.edu/group/ccl/software/x86_64/redhat7/condor/current/lib:/afs/crc.nd.edu/group/ccl/software/x86_64/redhat7/clang/current/lib:/afs/crc.nd.edu/group/ccl/software/x86_64/redhat7/condor/current/lib:/afs/crc.nd.edu/group/ccl/software/x86_64/redhat7/cctools/current/lib:/opt/crc/usr/local/lib"
25043   0.002060 libjli.so->dlopen("/usr/lib/jvm/java-1.8.0-openjdk-1.8.0.262.b10-0.el7_8.x86_64/jre/lib/amd64/server/libjvm.so", 258 <unfinished ...>
25043   0.037039 libjvm.so->getenv("NMT_LEVEL_25043") = nil
25043   0.001568 <... dlopen resumed> )          = 0x55cffaeb94c0
25043   0.000072 libjli.so->getenv("CLASSPATH")  = nil
25043   0.000324 libjli.so->getenv("_JAVA_SPLASH_JAR") = nil
25043   0.000312 libjli.so->getenv("_JAVA_SPLASH_FILE") = nil
25043   0.000296 libjli.so->pthread_attr_setdetachstate(0x7ffe2da8a6e0, 0, 0x7ffe2da8a770, 0) = 0
25043   0.000465 libpthread.so.0->__clone(0x2ab897341de0, 0x2ab897254fc0, 0x3d0f00, 0x2ab897255700) = 0x61d8
25048   0.001893 libjvm.so->dlopen(0x2ab898b209ae, 1, 0xfffffffffff42c48, 4096) = 0x2ab89c000990
25048   0.002745 libjvm.so->getenv(0x2ab898b3b83e, 0, 115, 0x65737361) = 0x7ffe2da916dd
25048   0.000417 libjvm.so->fopen(0x2ab897253c10, 0x2ab898ad7ccb, 0x6f732e79666972, 0x2ab897c19ab0) = 0x2ab89c001440
25048   0.001486 libjvm.so->dlopen(0x2ab897253c10, 1, 0xffffffff, 0x2ab89c002b00) = 0x2ab89c001440
25048   0.001435 libjvm.so->fopen(0x2ab897253c10, 0x2ab898ad7ccb, 111, 0x732e6176) = 0x2ab89c001b10
25048   0.001647 libjvm.so->dlopen(0x2ab897253c10, 1, 0xffffffff, 0x2ab89c001a00) = 0x2ab89c001b10
25048   0.001455 libjvm.so->__xstat(1, 0x2ab897254360, 0x2ab897254ba0, 0x746f7073746f682e) = -1
25048   0.000445 libjvm.so->getenv(0x2ab898ad0541, 0x2ab8972546d0, 1024, 0x2ab898f8a61b) = 0
25048   0.000441 libjvm.so->getenv(0x2ab898ad0533, 0x2ab8972546d0, 1024, 0) = 0
25048   0.000411 libjvm.so->fopen(0x2ab898b20315, 0x2ab898ad7ccb, 4095, 0xffffd5476752fb03) = 0x2ab89c003290
25048   0.000996 libjvm.so->fopen(0x2ab898b20361, 0x2ab898ad7ccb, 0x2ab89c000078, 0x2ab89c003280) = 0x2ab89c003290
25048   0.001146 libjvm.so->fopen(0x2ab89724e9b0, 0x2ab898ad7ccb, 4016, 3997) = 0x2ab89c003290
25048   0.000592 libjvm.so->opendir(0x2ab89c002b40, 0x2ab89c002b40, 13, 16) = 0
25048   0.000430 libjvm.so->__xstat(1, 0x2ab8972538f0, 0x2ab897252860, 0x6f732e7477616d62) = -1
25048   0.000402 libjvm.so->__xstat(1, 0x2ab8972538f0, 0x2ab897252860, 0x5f74776162696c2f) = 0
25048   0.000478 libjvm.so->fopen(0x2ab897252b90, 0x2ab898ad7ccb, 4011, 3996) = 0x2ab89c003770
25048   0.000638 libjvm.so->fopen(0x2ab897252b90, 0x2ab898ad7ccb, 4011, 3996) = 0x2ab89c003770
25048   0.000638 libjvm.so->fopen(0x2ab897252b90, 0x2ab898ad7ccb, 4011, 4004) = 0x2ab89c003770
25048   0.000647 libjvm.so->fopen(0x2ab897252b20, 0x2ab898ad7ccb, 4011, 3996) = 0x2ab89c003770
25048   0.000662 libjvm.so->fopen(0x2ab897252b20, 0x2ab898ad7ccb, 4011, 3996) = 0x2ab89c003770
25048   0.000623 libjvm.so->fopen(0x2ab897252b20, 0x2ab898ad7ccb, 4011, 4004) = 0x2ab89c003770
25048   0.000582 libjvm.so->fopen(0x2ab897252b50, 0x2ab898ad7ccb, 4016, 3997) = 0x2ab89c003770
25048   0.001234 libjvm.so->getenv(0x2ab898b210ff, 4096, 3, -1) = 0
25048   0.001076 libjvm.so->fopen(0x2ab898b20998, 0x2ab898ad7ccb, 0x2ab897338908, 0x2ab897337df0) = 0x2ab89c003770
25048   0.005494 libjvm.so->open(0x2ab89c04a560, 0x20000, 0, 0x2ab89c04a5a9) = 3
25048   0.000428 libjvm.so->__fxstat(1, 3, 0x2ab897254a00, -1) = 0
25048   0.000433 libjvm.so->opendir(0x2ab89c04a560, 0x2ab897254a00, 0x4000, -1) = 0x2ab89c04b470
25048   0.000453 libjvm.so->__fxstat(1, 3, 0x2ab8972548a0, 0x2ab89c04b470) = 0
25048   0.000459 libjvm.so->__fxstat(1, 5, 0x2ab897254930, -1) = 0
25048   0.000478 libjvm.so->open(0x2ab898aee9dc, 0, 0, 0) = 3
25048   0.000712 libjvm.so->__lxstat(1, 0x2ab89c04a560, 0x2ab897254b50, -144) = 0
25048   0.000484 libjvm.so->open(0x2ab89c04a560, 0x20000, 0x4000, -1) = 3
25048   0.000418 libjvm.so->__fxstat(1, 3, 0x2ab897254a00, -1) = 0
25048   0.000478 libjvm.so->opendir(0x2ab89c04a560, 0x2ab897254a00, 0x4000, -1) = 0x2ab89c04b470
25048   0.000421 libjvm.so->__fxstat(1, 3, 0x2ab8972548a0, 0x2ab89c04b470) = 0
25048   0.000405 libjvm.so->__fxstat(1, 5, 0x2ab897254930, -1) = 0
25048   0.000473 libjvm.so->open(0x2ab898aee9dc, 0, 0, 0) = 3
25048   0.000446 libjvm.so->open(0x2ab89c04a5a9, 0x20042, 384, -1) = 7
25048   0.000618 libjvm.so->__fxstat(1, 7, 0x2ab897254b50, -1) = 0
25048   0.001675 libjvm.so->fopen(0x2ab897253b60, 0x2ab898ad7ccb, 4, 0x6f732e70) = 0x2ab89c057bc0
25048   0.001612 libjvm.so->dlopen(0x2ab897253b60, 1, 0xffffffff, 0x2ab89c057b00) = 0x2ab89c057bc0
25048   0.001522 libjvm.so->__xstat(1, 0x2ab897254120, 0x2ab897254950, 2048) = 0
25048   0.000452 libjvm.so->__xstat(1, 0x2ab897254120, 0x2ab897254950, 2048) = 0
25048   0.000586 libjvm.so->__xstat(1, 0x2ab897254120, 0x2ab897254950, 2048) = -1
25048   0.000432 libjvm.so->__xstat(1, 0x2ab897254120, 0x2ab897254950, 2048) = 0
25048   0.000436 libjvm.so->__xstat(1, 0x2ab897254120, 0x2ab897254950, 2048) = 0
25048   0.000403 libjvm.so->__xstat(1, 0x2ab897254120, 0x2ab897254950, 2048) = 0
25048   0.000456 libjvm.so->__xstat(1, 0x2ab897254120, 0x2ab897254950, 2048) = 0
25048   0.000441 libjvm.so->__xstat(1, 0x2ab897254120, 0x2ab897254950, 2048) = -1
25048   0.000437 libjvm.so->fopen(0x2ab89c002520, 0x2ab898ad7ccb, 0, 0) = 0x2ab89c058a60
25048   0.009361 libjvm.so->open64(0x2ab897253410, 0, 0, 16) = 3
25048   0.000473 libjvm.so->__fxstat64(1, 3, 0x2ab897253240, -1) = 0
25048   0.033560 libjvm.so->__xstat(1, 0x2ab897253f20, 0x2ab897254750, 2048) = -1
25048   0.000525 libjvm.so->fopen(0x2ab897252b20, 0x2ab898ad7ccb, 4011, 3996) = 0x2ab89c0b5e20
25048   0.000712 libjvm.so->fopen(0x2ab897252b20, 0x2ab898ad7ccb, 4011, 3996) = 0x2ab89c0b5e20
25048   0.000567 libjvm.so->fopen(0x2ab897252b20, 0x2ab898ad7ccb, 4011, 4004) = 0x2ab89c0b5e20
25048   0.003813 libjvm.so->pthread_attr_setdetachstate(0x2ab897254c00, 1, 0, 0) = 0
25048   0.000468 libpthread.so.0->__clone(0x2ab897341de0, 0x2ab89bf89fc0, 0x3d0f00, 0x2ab89bf8a700) = 0x61d9
25048   0.014145 libjvm.so->pthread_attr_setdetachstate(0x2ab897254290, 1, 0, 0) = 0
25048   0.000671 libpthread.so.0->__clone(0x2ab897341de0, 0x2ab8afd3bfc0, 0x3d0f00, 0x2ab8afd3c700) = 0x61da
25048   0.006396 libjvm.so->pthread_attr_setdetachstate(0x2ab897254610, 1, 0, 0) = 0
25048   0.000783 libpthread.so.0->__clone(0x2ab897341de0, 0x2ab8afe3cfc0, 0x3d0f00, 0x2ab8afe3d700) = 0x61db
25048   0.035736 libjvm.so->fopen(0x2ab89c0e9130, 0x2ab898ad7ccb, 4, 0x6f732e70) = 0x2ab89c0f1c70
25048   0.001812 libjvm.so->dlopen(0x2ab89c0e9130, 1, 0xffffffff, 0x2ab89c0ec300) = 0x2ab89c057bc0
25048   0.004539 libjvm.so->open64(0x2ab897253510, 0, 0, 16) = 5
25048   0.000880 libjvm.so->__fxstat64(1, 5, 0x2ab897253340, -1) = 0
25048   0.018320 libjvm.so->fopen(0x2ab897250130, 0x2ab898ad7ccb, 4011, 3996) = 0x2ab89c0fcbc0
25048   0.001147 libjvm.so->fopen(0x2ab897250130, 0x2ab898ad7ccb, 4011, 3996) = 0x2ab89c0fcbc0
25048   0.001304 libjvm.so->fopen(0x2ab897250130, 0x2ab898ad7ccb, 4011, 4004) = 0x2ab89c0fcbc0
25048   0.014875 libjvm.so->pthread_attr_setdetachstate(0x2ab897254b50, 1, 0, 0) = 0
25048   0.000941 libpthread.so.0->__clone(0x2ab897341de0, 0x2ab8aff3dfc0, 0x3d0f00, 0x2ab8aff3e700) = 0x61dc
25048   0.001424 libjvm.so->__xstat64(1, 0x2ab897254be0, 0x2ab897254b50, 19) = -1
25048   0.001198 libjvm.so->pthread_attr_setdetachstate(0x2ab897254950, 1, 0, 0) = 0
25048   0.001158 libpthread.so.0->__clone(0x2ab897341de0, 0x2ab8c2642fc0, 0x3d0f00, 0x2ab8c2643700) = 0x61dd
25048   0.001776 libjvm.so->pthread_attr_setdetachstate(0x2ab897254950, 1, 0, 0) = 0
25048   0.001313 libpthread.so.0->__clone(0x2ab897341de0, 0x2ab8c2743fc0, 0x3d0f00, 0x2ab8c2744700) = 0x61de
25048   0.007370 libjvm.so->pthread_attr_setdetachstate(0x2ab897254aa0, 1, 0, 0) = 0
25048   0.001431 libpthread.so.0->__clone(0x2ab897341de0, 0x2ab8c2844fc0, 0x3d0f00, 0x2ab8c2845700) = 0x61df
25048   0.002264 libjvm.so->pthread_attr_setdetachstate(0x2ab897254bb0, 1, 0, 0) = 0
25048   0.002112 libpthread.so.0->__clone(0x2ab897341de0, 0x2ab8c2945fc0, 0x3d0f00, 0x2ab8c2946700) = 0x61e0
25048   0.014940 libjvm.so->open64(0x2ab89c136830, 0, 0, 48) = 7
25048   0.001730 libjvm.so->__fxstat64(1, 7, 0x2ab897251f60, -1) = 0
25048   0.025270 libjvm.so->fopen(0x2ab89c15c5d0, 0x2ab898ad7ccb, 4, 0x6f732e6f) = 0x2ab89c15c690
25048   0.003733 libjvm.so->dlopen(0x2ab89c15c5d0, 1, 0xffffffff, 0x2ab89c15c600) = 0x2ab89c15c690
25048   0.126614 libjvm.so->fopen(0x2ab89c1aa480, 0x2ab898ad7ccb, 4, 0x6f732e74) = 0x2ab89c1ad730
25048   0.003188 libjvm.so->dlopen(0x2ab89c1aa480, 1, 0xffffffff, 0x2ab89c1ad600) = 0x2ab89c1b7ae0
25048   0.136900 libjvm.so->fopen(0x2ab89c228b30, 0x2ab898ad7ccb, 0x6f732e7373656c, 0x656c646165685f74) = 0x2ab89c228c10
25048   0.002914 libjvm.so->dlopen(0x2ab89c228b30, 1, 0xffffffff, 0x2ab89c228b00) = 0x2ab89c228c10
25048   0.018286 libjvm.so->fopen(0x2ab89724d990, 0x2ab898ad7ccb, 0x6f732e, 0x6d766a62696c2f72) = 0x2ab89c232ac0
25048   0.005877 libjvm.so->dlopen(0x2ab89724d990, 1, 0xffffffff, 0x2ab89c232000) = 0x55cffaeb94c0
25048   0.001679 libjvm.so->fopen(0x2ab89724d990, 0x2ab898ad7ccb, 0x6f732e, 0x6d766a62696c2f72) = 0x2ab89c232a60
25048   0.004789 libjvm.so->dlopen(0x2ab89724d990, 1, 0xffffffff, 0x2ab89c232000) = 0x55cffaeb94c0
25048   0.001664 libjvm.so->fopen(0x2ab89724d990, 0x2ab898ad7ccb, 0x6f732e, 0x6d766a62696c2f72) = 0x2ab89c232a60
25048   0.003445 libjvm.so->dlopen(0x2ab89724d990, 1, 0xffffffff, 0x2ab89c232000) = 0x55cffaeb94c0
25048   0.001654 libjvm.so->fopen(0x2ab89724d990, 0x2ab898ad7ccb, 0x6f732e, 0x6d766a62696c2f72) = 0x2ab89c232a60
25048   0.003325 libjvm.so->dlopen(0x2ab89724d990, 1, 0xffffffff, 0x2ab89c232000) = 0x55cffaeb94c0
25048   0.524146 --- SIGSEGV (Segmentation fault) ---
25048   3.138537 --- SIGSEGV (Segmentation fault) ---
25056   8.773496 +++ exited (status 0) +++
25052   0.000251 +++ exited (status 0) +++
25049   0.000209 +++ exited (status 0) +++
25048   0.000265 +++ exited (status 0) +++
25051   0.000239 +++ exited (status 0) +++
25050   0.000017 +++ exited (status 0) +++
25053   0.000017 +++ exited (status 0) +++
25054   0.000011 +++ exited (status 0) +++
25055   0.014573 +++ exited (status 0) +++
25043   0.000121 +++ exited (status 0) +++
Wrote an ltrace for command: "java -cp ./tools/maxent.jar density.MaxEnt -s outputs/Heteroponera_brounii.csv -e data/layers/worldclim -o outputs/Heteroponera_brounii nowarnings nocache autorun -z" with PID 25041 from PPID 25022 on disc25.crc.nd.edu with result 0
REMOTEHOST=10.17.148.247
MANPATH=/afs/crc.nd.edu/user/n/nkremerh/cctools/share/man/:/afs/crc.nd.edu/group/ccl/software/x86_64/redhat7/ruby/current/share/man:/afs/crc.nd.edu/group/ccl/software/x86_64/redhat7/graphviz/current/share/man:/afs/crc.nd.edu/group/ccl/software/x86_64/redhat7/gnuplot/current/share/man:/afs/crc.nd.edu/group/ccl/software/x86_64/redhat7/git/current/share/man:/afs/crc.nd.edu/group/ccl/software/x86_64/redhat7/condor/current/share/man:/afs/crc.nd.edu/group/ccl/software/x86_64/redhat7/clang/current/share/man:/afs/crc.nd.edu/group/ccl/software/x86_64/redhat7/condor/current/share/man:/afs/crc.nd.edu/group/ccl/software/x86_64/redhat7/cctools/current/share/man:/afs/crc.nd.edu/group/ccl/software/x86_64/redhat7/cctools/current/share/man:/afs/crc.nd.edu/x86_64_linux/Modules/4.5.0/share/man:/opt/crc/usr/local/man:/opt/sge/man:/usr/share/man/overrides:/usr/share/man:/usr/local/share/man
_CONDOR_JOB_PIDS=
XDG_SESSION_ID=2686
HOSTNAME=disc01.crc.nd.edu
_CONDOR_ANCESTOR_3764=17348:1599499132:1712875696
_LMFILES__modshare=/afs/crc.nd.edu/x86_64_linux/Modules/modules/system_modules/CRC_default/1.1:1
MODULEPATH_modshare=/afs/crc.nd.edu/x86_64_linux/Modules/modules/general_software:1:/afs/crc.nd.edu/x86_64_linux/Modules/modules/development_tools_and_libraries:1:/afs/crc.nd.edu/x86_64_linux/Modules/modules/system_modules:1:/afs/crc.nd.edu/x86_64_linux/Modules/current/modulefiles:1:/afs/crc.nd.edu/x86_64_linux/Modules/modules/restricted_software:1:/afs/crc.nd.edu/x86_64_linux/Modules/modules/deprecated_software:1
TERM=xterm-256color
SHELL=/bin/tcsh
HOST=disc01.crc.nd.edu
MODULES_CMD=/afs/crc.nd.edu/x86_64_linux/Modules/4.5.0/libexec/modulecmd.tcl
HISTSIZE=5000
MAKEFLAGS=
SSH_CLIENT=10.17.148.247 49750 22
TMPDIR=/var/condor/execute/dir_17348/worker-213124-17387/t.986/cctools-temp-t.986.p0XiBS
PERL5LIB=/afs/crc.nd.edu/user/n/nkremerh/cctools/lib/perl5/site_perl/5.16.3:/afs/crc.nd.edu/user/n/nkremerh/.perl5/lib/perl5
SGE_CELL=crc
_CONDOR_SCRATCH_DIR=/var/condor/execute/dir_17348
PERL_MB_OPT=--install_base '/afs/crc.nd.edu/user/n/nkremerh/.perl5/'
SSH_TTY=/dev/pts/0
SGE_LOAD_AVG=load_avg
MAKEFLOW_MAX_LOCAL_JOBS=2
GROUP=campus
USER=nkremerh
_CHIRP_DELAYED_UPDATE_PREFIX=Chirp*
HISTFILESIZE=10000
TEMP=/var/condor/execute/dir_17348/worker-213124-17387/t.986/cctools-temp-t.986.p0XiBS
LD_LIBRARY_PATH=/afs/crc.nd.edu/group/ccl/software/x86_64/redhat7/ruby/current/lib:/afs/crc.nd.edu/group/ccl/software/x86_64/redhat7/graphviz/current/lib:/afs/crc.nd.edu/group/ccl/software/x86_64/redhat7/git/current/lib:/afs/crc.nd.edu/group/ccl/software/x86_64/redhat7/condor/current/lib:/afs/crc.nd.edu/group/ccl/software/x86_64/redhat7/clang/current/lib:/afs/crc.nd.edu/group/ccl/software/x86_64/redhat7/condor/current/lib:/afs/crc.nd.edu/group/ccl/software/x86_64/redhat7/cctools/current/lib:/opt/crc/usr/local/lib
_CONDOR_ANCESTOR_17348=17361:1599499133:1222469480
BATCH_SYSTEM=HTCondor
MODULES_LMALTNAME=CRC_default/1.1&CRC_default/default&CRC_default
ENV=/afs/crc.nd.edu/x86_64_linux/Modules/4.5.0/init/profile.sh
WORKER_TMPDIR=/var/condor/execute/dir_17348/worker-213124-17387/cache/tmp
HOSTTYPE=x86_64-linux
_CONDOR_HIGHPORT=9999
GLOBUS_GSSAPI_MAX_TLS_PROTOCOL=0
_CONDOR_CHIRP_CONFIG=/var/condor/execute/dir_17348/.chirp.config
MAKELEVEL=1
MFLAGS=
MAIL=/var/spool/mail/nkremerh
PATH=/afs/crc.nd.edu/user/n/nkremerh/cctools/bin:/afs/crc.nd.edu/user/n/nkremerh/miniconda/bin:/afs/crc.nd.edu/group/ccl/software/git:/afs/crc.nd.edu/user/n/nkremerh/.local/bin:/afs/crc.nd.edu/group/ccl/software/x86_64/redhat7/povray/3.7/bin:/afs/crc.nd.edu/user/n/nkremerh/.perl5/bin:/afs/crc.nd.edu/user/n/nkremerh/pegasus/bin:/afs/crc.nd.edu/user/n/nkremerh/nodejs/bin:/afs/crc.nd.edu/user/n/nkremerh/montage/bin:/afs/crc.nd.edu/user/n/nkremerh/latexdiff:/afs/crc.nd.edu/user/n/nkremerh/envtrace:/afs/crc.nd.edu/user/n/nkremerh/endlines:/afs/crc.nd.edu/user/n/nkremerh/cctools/bin:/afs/crc.nd.edu/user/n/nkremerh/.cargo/bin:/afs/crc.nd.edu/group/ccl/software/x86_64/redhat7/ruby/current/bin:/afs/crc.nd.edu/group/ccl/software/x86_64/redhat7/graphviz/current/bin:/afs/crc.nd.edu/group/ccl/software/x86_64/redhat7/gnuplot/current/bin:/afs/crc.nd.edu/group/ccl/software/x86_64/redhat7/git/current/bin:/afs/crc.nd.edu/group/ccl/software/x86_64/redhat7/condor/current/sbin:/afs/crc.nd.edu/group/ccl/software/x86_64/redhat7/condor/current/bin:/afs/crc.nd.edu/group/ccl/software/x86_64/redhat7/cmake/current/bin:/afs/crc.nd.edu/group/ccl/software/x86_64/redhat7/clang/current/bin:/afs/crc.nd.edu/group/ccl/software/x86_64/redhat7/condor/current/sbin:/afs/crc.nd.edu/group/ccl/software/x86_64/redhat7/condor/current/bin:/afs/crc.nd.edu/group/ccl/software/x86_64/redhat7/cctools/current/bin:/afs/crc.nd.edu/x86_64_linux/Modules/4.5.0/bin:/opt/crc/usr/local/bin:/opt/sge/bin/lx-amd64:/usr/local/bin:/usr/bin:/usr/local/sbin:/usr/sbin:/afs/crc.nd.edu/user/c/condor/software/bin:/afs/crc.nd.edu/user/c/condor/software/sbin
CCLSOFTWARE=/afs/crc.nd.edu/group/ccl/software/x86_64/redhat7
PWD=/var/condor/execute/dir_17348/worker-213124-17387/t.986
_LMFILES_=/afs/crc.nd.edu/x86_64_linux/Modules/modules/system_modules/CRC_default/1.1
EDITOR=vim
SGE_EXECD_PORT=6445
LANG=en_US.UTF-8
SGE_QMASTER_PORT=6444
MODULEPATH=/afs/crc.nd.edu/x86_64_linux/Modules/modules/development_tools_and_libraries:/afs/crc.nd.edu/x86_64_linux/Modules/modules/general_software:/afs/crc.nd.edu/x86_64_linux/Modules/modules/restricted_software:/afs/crc.nd.edu/x86_64_linux/Modules/modules/system_modules:/afs/crc.nd.edu/x86_64_linux/Modules/modules/deprecated_software:/afs/crc.nd.edu/x86_64_linux/Modules/current/modulefiles
LOADEDMODULES=CRC_default/1.1
SGE_ROOT=/opt/sge
CCLPLATFORM=x86_64/redhat7
_CONDOR_SLOT=slot1
WORK_QUEUE_SANDBOX=/var/condor/execute/dir_17348/worker-213124-17387
USE_SYSTEMD=true
_CONDOR_LOWPORT=9100
_CONDOR_ANCESTOR_3611=3764:1598184024:3503519607
HISTCONTROL=ignoreboth:erasedups
KRB5CCNAME=FILE:/tmp/krb5cc_213124_dlYXoi
GLOBUS_GSSAPI_NAME_COMPATIBILITY=STRICT_RFC2818
HOME=disc01.crc.nd.edu
SHLVL=6
PATH_modshare=/opt/crc/usr/local/bin:1:/opt/sge/bin/lx-amd64:1:/usr/sbin:1:/usr/bin:1:/afs/crc.nd.edu/user/c/condor/software/sbin:1:/usr/local/sbin:1:/afs/crc.nd.edu/user/c/condor/software/bin:1:/usr/local/bin:1
OSTYPE=linux
_CONDOR_MACHINE_AD=/var/condor/execute/dir_17348/.machine.ad
GREP_OPTIONS=--color=auto
DISK=916619
GLOBUS_GSSAPI_MIN_TLS_PROTOCOL=TLS1_VERSION
MANPATH_modshare=/usr/share/man/overrides:1:/usr/local/share/man:1:/usr/share/man:1:/opt/crc/usr/local/man:1:/opt/sge/man:1
MEMORY=15899
PERL_LOCAL_LIB_ROOT=/afs/crc.nd.edu/user/n/nkremerh/.perl5/
BASH_ENV=/afs/crc.nd.edu/x86_64_linux/Modules/4.5.0/init/bash
VENDOR=unknown
TMP=/var/condor/execute/dir_17348/worker-213124-17387/t.986/cctools-temp-t.986.p0XiBS
LOGNAME=nkremerh
MACHTYPE=x86_64
CCLHOME=/afs/crc.nd.edu/group/ccl
PYTHONPATH=/afs/crc.nd.edu/user/n/nkremerh/cctools/lib/python3.6/site-packages/
LD_LIBRARY_PATH_modshare=/opt/crc/usr/local/lib:1
SSH_CONNECTION=10.17.148.247 49750 129.74.128.103 22
MODULES_LMALTNAME_modshare=CRC_default/1.1&CRC_default/default&CRC_default:1
MODULESHOME=/afs/crc.nd.edu/x86_64_linux/Modules/4.5.0
GLOBUS_GSSAPI_CIPHERS=HIGH
GLOBUS_GSSAPI_BACKWARD_COMPATIBLE_MIC=true
LESSOPEN=||/usr/bin/lesspipe.sh %s
OMP_NUM_THREADS=1
_CONDOR_JOB_AD=/var/condor/execute/dir_17348/.job.ad
LOADEDMODULES_modshare=CRC_default/1.1:1
XDG_RUNTIME_DIR=/run/user/213124
SGE_CLUSTER_NAME=CRC
CCTOOLS=../cctools
CORES=4
_CONDOR_JOB_IWD=/var/condor/execute/dir_17348
PERL_MM_OPT=INSTALL_BASE=/afs/crc.nd.edu/user/n/nkremerh/.perl5/
GLOBUS_GSSAPI_SERVER_CIPHER_ORDER=true
BASH_FUNC_module()=() {  unset _mlshdbg;
 if [ "${MODULES_SILENT_SHELL_DEBUG:-0}" = '1' ]; then
 case "$-" in 
 *v*x*)
 set +vx;
 _mlshdbg='vx'
 ;;
 *v*)
 set +v;
 _mlshdbg='v'
 ;;
 *x*)
 set +x;
 _mlshdbg='x'
 ;;
 *)
 _mlshdbg=''
 ;;
 esac;
 fi;
 unset _mlre _mlIFS;
 if [ -n "${IFS+x}" ]; then
 _mlIFS=$IFS;
 fi;
 IFS=' ';
 for _mlv in ${MODULES_RUN_QUARANTINE:-};
 do
 if [ "${_mlv}" = "${_mlv##*[!A-Za-z0-9_]}" -a "${_mlv}" = "${_mlv#[0-9]}" ]; then
 if [ -n "`eval 'echo ${'$_mlv'+x}'`" ]; then
 _mlre="${_mlre:-}${_mlv}_modquar='`eval 'echo ${'$_mlv'}'`' ";
 fi;
 _mlrv="MODULES_RUNENV_${_mlv}";
 _mlre="${_mlre:-}${_mlv}='`eval 'echo ${'$_mlrv':-}'`' ";
 fi;
 done;
 if [ -n "${_mlre:-}" ]; then
 eval `eval ${_mlre}/usr/bin/tclsh /afs/crc.nd.edu/x86_64_linux/Modules/4.5.0/libexec/modulecmd.tcl bash '"$@"'`;
 else
 eval `/usr/bin/tclsh /afs/crc.nd.edu/x86_64_linux/Modules/4.5.0/libexec/modulecmd.tcl bash "$@"`;
 fi;
 _mlstatus=$?;
 if [ -n "${_mlIFS+x}" ]; then
 IFS=$_mlIFS;
 else
 unset IFS;
 fi;
 unset _mlre _mlv _mlrv _mlIFS;
 if [ -n "${_mlshdbg:-}" ]; then
 set -$_mlshdbg;
 fi;
 unset _mlshdbg;
 return $_mlstatus
}
BASH_FUNC_ml()=() {  module ml "$@"
}
_=/usr/bin/printenv
