20311   0.000000 libjli.so->getenv("_JAVA_LAUNCHER_DEBUG") = nil
20311   0.001131 libjli.so->getenv("_JAVA_VERSION_SET") = nil
20311   0.000464 libjli.so->fopen("/usr/lib/jvm/java-1.8.0-openjdk-1.8.0.262.b10-0.el7_8.x86_64/jre/lib/amd64/jvm.cfg", "r") = 0x55fcca2500e0
20311   0.000564 libjli.so->getenv("JDK_ALTERNATE_VM") = nil
20311   0.000248 libjli.so->__xstat(1, "/usr/lib/jvm/java-1.8.0-openjdk-1.8.0.262.b10-0.el7_8.x86_64/jre/lib/amd64/server/libjvm.so", 0x7ffedbe4e0b0) = 0
20311   0.000387 libjli.so->getenv("LD_LIBRARY_PATH") = "/afs/crc.nd.edu/group/ccl/software/x86_64/redhat7/ruby/current/lib:/afs/crc.nd.edu/group/ccl/software/x86_64/redhat7/graphviz/current/lib:/afs/crc.nd.edu/group/ccl/software/x86_64/redhat7/git/current/lib:/afs/crc.nd.edu/group/ccl/software/x86_64/redhat7/condor/current/lib:/afs/crc.nd.edu/group/ccl/software/x86_64/redhat7/clang/current/lib:/afs/crc.nd.edu/group/ccl/software/x86_64/redhat7/condor/current/lib:/afs/crc.nd.edu/group/ccl/software/x86_64/redhat7/cctools/current/lib:/opt/crc/usr/local/lib"
20311   0.001418 libjli.so->dlopen("/usr/lib/jvm/java-1.8.0-openjdk-1.8.0.262.b10-0.el7_8.x86_64/jre/lib/amd64/server/libjvm.so", 258 <unfinished ...>
20311   0.025194 libjvm.so->getenv("NMT_LEVEL_20311") = nil
20311   0.001097 <... dlopen resumed> )          = 0x55fcca2504b0
20311   0.000056 libjli.so->getenv("CLASSPATH")  = nil
20311   0.000203 libjli.so->getenv("_JAVA_SPLASH_JAR") = nil
20311   0.000195 libjli.so->getenv("_JAVA_SPLASH_FILE") = nil
20311   0.000201 libjli.so->pthread_attr_setdetachstate(0x7ffedbe4e060, 0, 0x7ffedbe4e0f0, 0) = 0
20311   0.000308 libpthread.so.0->__clone(0x2aca39b63de0, 0x2aca39a76fc0, 0x3d0f00, 0x2aca39a77700) = 0x4f5c
20316   0.001064 libjvm.so->dlopen(0x2aca3b3429ae, 1, 0xfffffffffff42c48, 4096) = 0x2aca40000990
20316   0.001574 libjvm.so->getenv(0x2aca3b35d83e, 0, 115, 0x65737361) = 0x7ffedbe53691
20316   0.000294 libjvm.so->fopen(0x2aca39a75c10, 0x2aca3b2f9ccb, 0x6f732e79666972, 0x2aca3a43bab0) = 0x2aca40001440
20316   0.000900 libjvm.so->dlopen(0x2aca39a75c10, 1, 0xffffffff, 0x2aca40002b00) = 0x2aca40001440
20316   0.000939 libjvm.so->fopen(0x2aca39a75c10, 0x2aca3b2f9ccb, 111, 0x732e6176) = 0x2aca40001b10
20316   0.001148 libjvm.so->dlopen(0x2aca39a75c10, 1, 0xffffffff, 0x2aca40001a00) = 0x2aca40001b10
20316   0.001012 libjvm.so->__xstat(1, 0x2aca39a76360, 0x2aca39a76ba0, 0x746f7073746f682e) = -1
20316   0.000309 libjvm.so->getenv(0x2aca3b2f2541, 0x2aca39a766d0, 1024, 0x2aca3b7ac61b) = 0
20316   0.000327 libjvm.so->getenv(0x2aca3b2f2533, 0x2aca39a766d0, 1024, 0) = 0
20316   0.000517 libjvm.so->fopen(0x2aca3b342315, 0x2aca3b2f9ccb, 4095, 0xffffd535c4d0db03) = 0x2aca400032f0
20316   0.000749 libjvm.so->fopen(0x2aca3b342361, 0x2aca3b2f9ccb, 0x2aca40000078, 0x2aca400032e0) = 0x2aca400032f0
20316   0.000473 libjvm.so->fopen(0x2aca39a709b0, 0x2aca3b2f9ccb, 4014, 3995) = 0x2aca400032f0
20316   0.000426 libjvm.so->opendir(0x2aca40002b40, 0x2aca40002b40, 13, 16) = 0
20316   0.000314 libjvm.so->__xstat(1, 0x2aca39a758f0, 0x2aca39a74860, 0x6f732e7477616d62) = -1
20316   0.000287 libjvm.so->__xstat(1, 0x2aca39a758f0, 0x2aca39a74860, 0x5f74776162696c2f) = 0
20316   0.000317 libjvm.so->fopen(0x2aca39a74b90, 0x2aca3b2f9ccb, 4009, 3994) = 0x2aca400037d0
20316   0.000413 libjvm.so->fopen(0x2aca39a74b90, 0x2aca3b2f9ccb, 4009, 3994) = 0x2aca400037d0
20316   0.000387 libjvm.so->fopen(0x2aca39a74b90, 0x2aca3b2f9ccb, 4009, 4002) = 0x2aca400037d0
20316   0.000442 libjvm.so->fopen(0x2aca39a74b20, 0x2aca3b2f9ccb, 4009, 3994) = 0x2aca400037d0
20316   0.000473 libjvm.so->fopen(0x2aca39a74b20, 0x2aca3b2f9ccb, 4009, 3994) = 0x2aca400037d0
20316   0.000416 libjvm.so->fopen(0x2aca39a74b20, 0x2aca3b2f9ccb, 4009, 4002) = 0x2aca400037d0
20316   0.000424 libjvm.so->fopen(0x2aca39a74b50, 0x2aca3b2f9ccb, 4014, 3995) = 0x2aca400037d0
20316   0.000548 libjvm.so->getenv(0x2aca3b3430ff, 4096, 3, -1) = 0
20316   0.000592 libjvm.so->fopen(0x2aca3b342998, 0x2aca3b2f9ccb, 0x2aca39b5a908, 0x2aca39b59df0) = 0x2aca400037d0
20316   0.003186 libjvm.so->open(0x2aca4004a5c0, 0x20000, 0, 0x2aca4004a609) = 3
20316   0.000317 libjvm.so->__fxstat(1, 3, 0x2aca39a76a00, -1) = 0
20316   0.000309 libjvm.so->opendir(0x2aca4004a5c0, 0x2aca39a76a00, 0x4000, -1) = 0x2aca4004b4d0
20316   0.000311 libjvm.so->__fxstat(1, 3, 0x2aca39a768a0, 0x2aca4004b4d0) = 0
20316   0.000288 libjvm.so->__fxstat(1, 5, 0x2aca39a76930, -1) = 0
20316   0.000315 libjvm.so->open(0x2aca3b3109dc, 0, 0, 0) = 3
20316   0.000434 libjvm.so->__lxstat(1, 0x2aca4004a5c0, 0x2aca39a76b50, -144) = 0
20316   0.000305 libjvm.so->open(0x2aca4004a5c0, 0x20000, 0x4000, -1) = 3
20316   0.000280 libjvm.so->__fxstat(1, 3, 0x2aca39a76a00, -1) = 0
20316   0.000295 libjvm.so->opendir(0x2aca4004a5c0, 0x2aca39a76a00, 0x4000, -1) = 0x2aca4004b4d0
20316   0.000284 libjvm.so->__fxstat(1, 3, 0x2aca39a768a0, 0x2aca4004b4d0) = 0
20316   0.000305 libjvm.so->__fxstat(1, 5, 0x2aca39a76930, -1) = 0
20316   0.000317 libjvm.so->open(0x2aca3b3109dc, 0, 0, 0) = 3
20316   0.000294 libjvm.so->open(0x2aca4004a609, 0x20042, 384, -1) = 7
20316   0.000437 libjvm.so->__fxstat(1, 7, 0x2aca39a76b50, -1) = 0
20316   0.001183 libjvm.so->fopen(0x2aca39a75b60, 0x2aca3b2f9ccb, 4, 0x6f732e70) = 0x2aca40057c20
20316   0.000993 libjvm.so->dlopen(0x2aca39a75b60, 1, 0xffffffff, 0x2aca40057b00) = 0x2aca40057c20
20316   0.000984 libjvm.so->__xstat(1, 0x2aca39a76120, 0x2aca39a76950, 2048) = 0
20316   0.000288 libjvm.so->__xstat(1, 0x2aca39a76120, 0x2aca39a76950, 2048) = 0
20316   0.000294 libjvm.so->__xstat(1, 0x2aca39a76120, 0x2aca39a76950, 2048) = -1
20316   0.000298 libjvm.so->__xstat(1, 0x2aca39a76120, 0x2aca39a76950, 2048) = 0
20316   0.000279 libjvm.so->__xstat(1, 0x2aca39a76120, 0x2aca39a76950, 2048) = 0
20316   0.000281 libjvm.so->__xstat(1, 0x2aca39a76120, 0x2aca39a76950, 2048) = 0
20316   0.000313 libjvm.so->__xstat(1, 0x2aca39a76120, 0x2aca39a76950, 2048) = 0
20316   0.000308 libjvm.so->__xstat(1, 0x2aca39a76120, 0x2aca39a76950, 2048) = -1
20316   0.000281 libjvm.so->fopen(0x2aca40002520, 0x2aca3b2f9ccb, 0, 0) = 0x2aca40058ac0
20316   0.005918 libjvm.so->open64(0x2aca39a75410, 0, 0, 16) = 3
20316   0.000329 libjvm.so->__fxstat64(1, 3, 0x2aca39a75240, -1) = 0
20316   0.024533 libjvm.so->__xstat(1, 0x2aca39a75f20, 0x2aca39a76750, 2048) = -1
20316   0.000430 libjvm.so->fopen(0x2aca39a74b20, 0x2aca3b2f9ccb, 4009, 3994) = 0x2aca400b5d40
20316   0.000425 libjvm.so->fopen(0x2aca39a74b20, 0x2aca3b2f9ccb, 4009, 3994) = 0x2aca400b5d40
20316   0.000403 libjvm.so->fopen(0x2aca39a74b20, 0x2aca3b2f9ccb, 4009, 4002) = 0x2aca400b5d40
20316   0.002941 libjvm.so->pthread_attr_setdetachstate(0x2aca39a76c00, 1, 0, 0) = 0
20316   0.000328 libpthread.so.0->__clone(0x2aca39b63de0, 0x2aca3f3e7fc0, 0x3d0f00, 0x2aca3f3e8700) = 0x4f5d
20316   0.010581 libjvm.so->pthread_attr_setdetachstate(0x2aca39a76290, 1, 0, 0) = 0
20316   0.000473 libpthread.so.0->__clone(0x2aca39b63de0, 0x2aca3f4e8fc0, 0x3d0f00, 0x2aca3f4e9700) = 0x4f5e
20316   0.004783 libjvm.so->pthread_attr_setdetachstate(0x2aca39a76610, 1, 0, 0) = 0
20316   0.000504 libpthread.so.0->__clone(0x2aca39b63de0, 0x2aca3f5e9fc0, 0x3d0f00, 0x2aca3f5ea700) = 0x4f5f
20316   0.027623 libjvm.so->fopen(0x2aca400f17f0, 0x2aca3b2f9ccb, 4, 0x6f732e70) = 0x2aca400f1cf0
20316   0.001353 libjvm.so->dlopen(0x2aca400f17f0, 1, 0xffffffff, 0x2aca400e8c00) = 0x2aca40057c20
20316   0.003389 libjvm.so->open64(0x2aca39a75510, 0, 0, 16) = 5
20316   0.000610 libjvm.so->__fxstat64(1, 5, 0x2aca39a75340, -1) = 0
20316   0.014421 libjvm.so->fopen(0x2aca39a72130, 0x2aca3b2f9ccb, 4009, 3994) = 0x2aca400fccc0
20316   0.000740 libjvm.so->fopen(0x2aca39a72130, 0x2aca3b2f9ccb, 4009, 3994) = 0x2aca400fccc0
20316   0.000685 libjvm.so->fopen(0x2aca39a72130, 0x2aca3b2f9ccb, 4009, 4002) = 0x2aca400fccc0
20316   0.013585 libjvm.so->pthread_attr_setdetachstate(0x2aca39a76b50, 1, 0, 0) = 0
20316   0.000630 libpthread.so.0->__clone(0x2aca39b63de0, 0x2aca3f6eafc0, 0x3d0f00, 0x2aca3f6eb700) = 0x4f60
20316   0.000980 libjvm.so->__xstat64(1, 0x2aca39a76be0, 0x2aca39a76b50, 19) = -1
20316   0.000767 libjvm.so->pthread_attr_setdetachstate(0x2aca39a76950, 1, 0, 0) = 0
20316   0.000699 libpthread.so.0->__clone(0x2aca39b63de0, 0x2aca3f7ebfc0, 0x3d0f00, 0x2aca3f7ec700) = 0x4f61
20316   0.001139 libjvm.so->pthread_attr_setdetachstate(0x2aca39a76950, 1, 0, 0) = 0
20316   0.000804 libpthread.so.0->__clone(0x2aca39b63de0, 0x2aca3f8ecfc0, 0x3d0f00, 0x2aca3f8ed700) = 0x4f62
20316   0.009758 libjvm.so->pthread_attr_setdetachstate(0x2aca39a76aa0, 1, 0, 0) = 0
20316   0.000902 libpthread.so.0->__clone(0x2aca39b63de0, 0x2aca3f9edfc0, 0x3d0f00, 0x2aca3f9ee700) = 0x4f63
20316   0.001448 libjvm.so->pthread_attr_setdetachstate(0x2aca39a76bb0, 1, 0, 0) = 0
20316   0.001555 libpthread.so.0->__clone(0x2aca39b63de0, 0x2aca3faeefc0, 0x3d0f00, 0x2aca3faef700) = 0x4f64
20316   0.014714 libjvm.so->open64(0x2aca401208a0, 0, 0, 32) = 7
20316   0.001124 libjvm.so->__fxstat64(1, 7, 0x2aca39a73f60, -1) = 0
20316   0.017156 libjvm.so->fopen(0x2aca4014c840, 0x2aca3b2f9ccb, 4, 0x6f732e6f) = 0x2aca4014c900
20316   0.002543 libjvm.so->dlopen(0x2aca4014c840, 1, 0xffffffff, 0x2aca4014c800) = 0x2aca4014c900
20316   0.071830 libjvm.so->fopen(0x2aca39a70e40, 0x2aca3b2f9ccb, 0x6f732e, 0x6d766a62696c2f72) = 0x2aca40164610
20316   0.005196 libjvm.so->dlopen(0x2aca39a70e40, 1, 0xffffffff, 0x2aca4016c900) = 0x55fcca2504b0
20316   0.001094 libjvm.so->fopen(0x2aca39a70e40, 0x2aca3b2f9ccb, 0x6f732e, 0x6d766a62696c2f72) = 0x2aca40164930
20316   0.003610 libjvm.so->dlopen(0x2aca39a70e40, 1, 0xffffffff, 0x2aca4016c900) = 0x55fcca2504b0
20316   0.001137 libjvm.so->fopen(0x2aca39a70e40, 0x2aca3b2f9ccb, 0x6f732e, 0x6d766a62696c2f72) = 0x2aca40164610
20316   0.002194 libjvm.so->dlopen(0x2aca39a70e40, 1, 0xffffffff, 0x2aca4016c900) = 0x55fcca2504b0
20316   0.001068 libjvm.so->fopen(0x2aca39a70e40, 0x2aca3b2f9ccb, 0x6f732e, 0x6d766a62696c2f72) = 0x2aca40164610
20316   0.002158 libjvm.so->dlopen(0x2aca39a70e40, 1, 0xffffffff, 0x2aca4016c900) = 0x55fcca2504b0
20316   0.031178 libjvm.so->fopen(0x2aca4019d510, 0x2aca3b2f9ccb, 4, 0x6f732e74) = 0x2aca401b7290
20316   0.002129 libjvm.so->dlopen(0x2aca4019d510, 1, 0xffffffff, 0x2aca401a8000) = 0x2aca401cf630
20316   0.090670 libjvm.so->fopen(0x2aca402484f0, 0x2aca3b2f9ccb, 0x6f732e7373656c, 0x656c646165685f74) = 0x2aca402485d0
20316   0.002130 libjvm.so->dlopen(0x2aca402484f0, 1, 0xffffffff, 0x2aca40248500) = 0x2aca402485d0
20316   4.653029 --- SIGSEGV (Segmentation fault) ---
20316   0.000665 --- SIGSEGV (Segmentation fault) ---
20316   0.000468 --- SIGSEGV (Segmentation fault) ---
20316   0.592623 --- SIGSEGV (Segmentation fault) ---
20316   0.000700 --- SIGSEGV (Segmentation fault) ---
20316   0.000518 --- SIGSEGV (Segmentation fault) ---
20316   0.000584 --- SIGSEGV (Segmentation fault) ---
20316   0.447847 --- SIGSEGV (Segmentation fault) ---
20316   0.000820 --- SIGSEGV (Segmentation fault) ---
20316   0.000548 --- SIGSEGV (Segmentation fault) ---
20316   0.653952 --- SIGSEGV (Segmentation fault) ---
20316   0.000876 --- SIGSEGV (Segmentation fault) ---
20316   0.001283 --- SIGSEGV (Segmentation fault) ---
20316   0.586912 --- SIGSEGV (Segmentation fault) ---
20316   0.000465 --- SIGSEGV (Segmentation fault) ---
20316   0.565883 --- SIGSEGV (Segmentation fault) ---
20316   0.000498 --- SIGSEGV (Segmentation fault) ---
20316   0.000521 --- SIGSEGV (Segmentation fault) ---
20316   0.677770 --- SIGSEGV (Segmentation fault) ---
20316   0.000508 --- SIGSEGV (Segmentation fault) ---
20322   0.635052 --- SIGSEGV (Segmentation fault) ---
20321   0.000046 --- SIGSEGV (Segmentation fault) ---
20316   0.000028 --- SIGSEGV (Segmentation fault) ---
20316   0.001201 --- SIGSEGV (Segmentation fault) ---
20316   0.630246 --- SIGSEGV (Segmentation fault) ---
20316   0.000592 --- SIGSEGV (Segmentation fault) ---
20316   0.436600 --- SIGSEGV (Segmentation fault) ---
20316   0.000776 --- SIGSEGV (Segmentation fault) ---
20316   0.000871 --- SIGSEGV (Segmentation fault) ---
20316   0.591865 --- SIGSEGV (Segmentation fault) ---
20316   0.000447 --- SIGSEGV (Segmentation fault) ---
20316   0.000619 --- SIGSEGV (Segmentation fault) ---
20316   0.623161 --- SIGSEGV (Segmentation fault) ---
20316   0.614868 --- SIGSEGV (Segmentation fault) ---
20316   0.000588 --- SIGSEGV (Segmentation fault) ---
20316   0.000660 --- SIGSEGV (Segmentation fault) ---
20316   0.000632 --- SIGSEGV (Segmentation fault) ---
20316   0.658732 libjvm.so->fopen(0x2aca39a740e0, 0x2aca3b2f9ccb, 111, 0x732e6176) = 0x2aca4012c4c0
20316   0.003932 libjvm.so->dlopen(0x2aca39a740e0, 1, 0xffffffff, 0x2aca4017c400) = 0x2aca40001b10
20316   0.001387 libjvm.so->fopen(0x2aca39a740e0, 0x2aca3b2f9ccb, 111, 0x732e6176) = 0x2aca4012c570
20316   0.001943 libjvm.so->dlopen(0x2aca39a740e0, 1, 0xffffffff, 0x2aca4017c400) = 0x2aca40001b10
20316   0.001058 libjvm.so->fopen(0x2aca39a740e0, 0x2aca3b2f9ccb, 111, 0x732e6176) = 0x2aca4012c570
20316   0.001826 libjvm.so->dlopen(0x2aca39a740e0, 1, 0xffffffff, 0x2aca4017c400) = 0x2aca40001b10
20316   0.001083 libjvm.so->fopen(0x2aca39a740e0, 0x2aca3b2f9ccb, 111, 0x732e6176) = 0x2aca4012c570
20316   0.002529 libjvm.so->dlopen(0x2aca39a740e0, 1, 0xffffffff, 0x2aca4017c400) = 0x2aca40001b10
20316   0.025824 libjvm.so->fopen(0x2aca39a73e80, 0x2aca3b2f9ccb, 111, 0x732e6176) = 0x2aca4012c920
20316   0.002059 libjvm.so->dlopen(0x2aca39a73e80, 1, 0xffffffff, 0x2aca4023bc00) = 0x2aca40001b10
20316   0.001060 libjvm.so->fopen(0x2aca39a73e80, 0x2aca3b2f9ccb, 111, 0x732e6176) = 0x2aca4025b3e0
20316   0.001928 libjvm.so->dlopen(0x2aca39a73e80, 1, 0xffffffff, 0x2aca4023bc00) = 0x2aca40001b10
20316   0.001079 libjvm.so->fopen(0x2aca39a73e80, 0x2aca3b2f9ccb, 111, 0x732e6176) = 0x2aca4012c920
20316   0.001817 libjvm.so->dlopen(0x2aca39a73e80, 1, 0xffffffff, 0x2aca4023bc00) = 0x2aca40001b10
20316   0.001059 libjvm.so->fopen(0x2aca39a73e80, 0x2aca3b2f9ccb, 111, 0x732e6176) = 0x2aca4025b3e0
20316   0.001835 libjvm.so->dlopen(0x2aca39a73e80, 1, 0xffffffff, 0x2aca4023bc00) = 0x2aca40001b10
20316   1.059801 --- SIGSEGV (Segmentation fault) ---
20316   0.000673 --- SIGSEGV (Segmentation fault) ---
20316   0.000624 --- SIGSEGV (Segmentation fault) ---
20324   2.636022 +++ exited (status 0) +++
20320   0.000142 +++ exited (status 0) +++
20317   0.000182 +++ exited (status 0) +++
20316   0.000189 +++ exited (status 0) +++
20323   0.000377 +++ exited (status 0) +++
20322   0.000020 +++ exited (status 0) +++
20319   0.000013 +++ exited (status 0) +++
20318   0.000010 +++ exited (status 0) +++
20321   0.017842 +++ exited (status 0) +++
20311   0.000086 +++ exited (status 0) +++
Wrote an ltrace for command: "java -cp ./tools/maxent.jar density.Project outputs/Elattoneura_vrijdaghi_Fraser/Elattoneura_vrijdaghi_Fraser.lambdas data/layers/worldclim outputs/Elattoneura_vrijdaghi_Fraser_worldclim.asc nowarnings nocache autorun -z" with PID 20308 from PPID 20292 on disc23.crc.nd.edu with result 0
REMOTEHOST=129.74.154.87
_CONDOR_JOB_PIDS=
MANPATH=/afs/crc.nd.edu/user/n/nkremerh/cctools/share/man/:/afs/crc.nd.edu/group/ccl/software/x86_64/redhat7/ruby/current/share/man:/afs/crc.nd.edu/group/ccl/software/x86_64/redhat7/graphviz/current/share/man:/afs/crc.nd.edu/group/ccl/software/x86_64/redhat7/gnuplot/current/share/man:/afs/crc.nd.edu/group/ccl/software/x86_64/redhat7/git/current/share/man:/afs/crc.nd.edu/group/ccl/software/x86_64/redhat7/condor/current/share/man:/afs/crc.nd.edu/group/ccl/software/x86_64/redhat7/clang/current/share/man:/afs/crc.nd.edu/group/ccl/software/x86_64/redhat7/condor/current/share/man:/afs/crc.nd.edu/group/ccl/software/x86_64/redhat7/cctools/current/share/man:/afs/crc.nd.edu/group/ccl/software/x86_64/redhat7/cctools/current/share/man:/afs/crc.nd.edu/x86_64_linux/Modules/4.5.0/share/man:/opt/crc/usr/local/man:/opt/sge/man:/usr/share/man/overrides:/usr/share/man:/usr/local/share/man
XDG_SESSION_ID=2226
HOSTNAME=disc01.crc.nd.edu
_LMFILES__modshare=/afs/crc.nd.edu/x86_64_linux/Modules/modules/system_modules/CRC_default/1.1:1
MODULEPATH_modshare=/afs/crc.nd.edu/x86_64_linux/Modules/modules/general_software:1:/afs/crc.nd.edu/x86_64_linux/Modules/modules/development_tools_and_libraries:1:/afs/crc.nd.edu/x86_64_linux/Modules/modules/system_modules:1:/afs/crc.nd.edu/x86_64_linux/Modules/current/modulefiles:1:/afs/crc.nd.edu/x86_64_linux/Modules/modules/restricted_software:1:/afs/crc.nd.edu/x86_64_linux/Modules/modules/deprecated_software:1
MODULES_CMD=/afs/crc.nd.edu/x86_64_linux/Modules/4.5.0/libexec/modulecmd.tcl
HOST=disc01.crc.nd.edu
SHELL=/bin/tcsh
TERM=xterm-256color
MAKEFLAGS=
HISTSIZE=5000
TMPDIR=/var/condor/execute/dir_4001/worker-213124-4080/t.1461/cctools-temp-t.1461.zwLxej
SSH_CLIENT=129.74.154.87 57278 22
PERL5LIB=/afs/crc.nd.edu/user/n/nkremerh/cctools/lib/perl5/site_perl/5.16.3:/afs/crc.nd.edu/user/n/nkremerh/.perl5/lib/perl5
SGE_CELL=crc
_CONDOR_SCRATCH_DIR=/var/condor/execute/dir_4001
PERL_MB_OPT=--install_base '/afs/crc.nd.edu/user/n/nkremerh/.perl5/'
_CONDOR_ANCESTOR_4001=4014:1597419253:950791190
SSH_TTY=/dev/pts/0
SGE_LOAD_AVG=load_avg
MAKEFLOW_MAX_LOCAL_JOBS=2
HISTFILESIZE=10000
_CHIRP_DELAYED_UPDATE_PREFIX=Chirp*
USER=nkremerh
GROUP=campus
LD_LIBRARY_PATH=/afs/crc.nd.edu/group/ccl/software/x86_64/redhat7/ruby/current/lib:/afs/crc.nd.edu/group/ccl/software/x86_64/redhat7/graphviz/current/lib:/afs/crc.nd.edu/group/ccl/software/x86_64/redhat7/git/current/lib:/afs/crc.nd.edu/group/ccl/software/x86_64/redhat7/condor/current/lib:/afs/crc.nd.edu/group/ccl/software/x86_64/redhat7/clang/current/lib:/afs/crc.nd.edu/group/ccl/software/x86_64/redhat7/condor/current/lib:/afs/crc.nd.edu/group/ccl/software/x86_64/redhat7/cctools/current/lib:/opt/crc/usr/local/lib
TEMP=/var/condor/execute/dir_4001/worker-213124-4080/t.1461/cctools-temp-t.1461.zwLxej
BATCH_SYSTEM=HTCondor
WORKER_TMPDIR=/var/condor/execute/dir_4001/worker-213124-4080/cache/tmp
ENV=/afs/crc.nd.edu/x86_64_linux/Modules/4.5.0/init/profile.sh
MODULES_LMALTNAME=CRC_default/1.1&CRC_default/default&CRC_default
_CONDOR_CHIRP_CONFIG=/var/condor/execute/dir_4001/.chirp.config
GLOBUS_GSSAPI_MAX_TLS_PROTOCOL=0
_CONDOR_HIGHPORT=9999
HOSTTYPE=x86_64-linux
MAKELEVEL=1
MFLAGS=
CCLSOFTWARE=/afs/crc.nd.edu/group/ccl/software/x86_64/redhat7
PATH=/afs/crc.nd.edu/user/n/nkremerh/cctools/bin:/afs/crc.nd.edu/user/n/nkremerh/miniconda/bin:/afs/crc.nd.edu/group/ccl/software/git:/afs/crc.nd.edu/user/n/nkremerh/.local/bin:/afs/crc.nd.edu/group/ccl/software/x86_64/redhat7/povray/3.7/bin:/afs/crc.nd.edu/user/n/nkremerh/.perl5/bin:/afs/crc.nd.edu/user/n/nkremerh/pegasus/bin:/afs/crc.nd.edu/user/n/nkremerh/nodejs/bin:/afs/crc.nd.edu/user/n/nkremerh/montage/bin:/afs/crc.nd.edu/user/n/nkremerh/latexdiff:/afs/crc.nd.edu/user/n/nkremerh/envtrace:/afs/crc.nd.edu/user/n/nkremerh/endlines:/afs/crc.nd.edu/user/n/nkremerh/cctools/bin:/afs/crc.nd.edu/user/n/nkremerh/.cargo/bin:/afs/crc.nd.edu/group/ccl/software/x86_64/redhat7/ruby/current/bin:/afs/crc.nd.edu/group/ccl/software/x86_64/redhat7/graphviz/current/bin:/afs/crc.nd.edu/group/ccl/software/x86_64/redhat7/gnuplot/current/bin:/afs/crc.nd.edu/group/ccl/software/x86_64/redhat7/git/current/bin:/afs/crc.nd.edu/group/ccl/software/x86_64/redhat7/condor/current/sbin:/afs/crc.nd.edu/group/ccl/software/x86_64/redhat7/condor/current/bin:/afs/crc.nd.edu/group/ccl/software/x86_64/redhat7/cmake/current/bin:/afs/crc.nd.edu/group/ccl/software/x86_64/redhat7/clang/current/bin:/afs/crc.nd.edu/group/ccl/software/x86_64/redhat7/condor/current/sbin:/afs/crc.nd.edu/group/ccl/software/x86_64/redhat7/condor/current/bin:/afs/crc.nd.edu/group/ccl/software/x86_64/redhat7/cctools/current/bin:/afs/crc.nd.edu/x86_64_linux/Modules/4.5.0/bin:/opt/crc/usr/local/bin:/opt/sge/bin/lx-amd64:/usr/local/bin:/usr/bin:/usr/local/sbin:/usr/sbin:/afs/crc.nd.edu/user/c/condor/software/bin:/afs/crc.nd.edu/user/c/condor/software/sbin
MAIL=/var/spool/mail/nkremerh
PWD=/var/condor/execute/dir_4001/worker-213124-4080/t.1461
_LMFILES_=/afs/crc.nd.edu/x86_64_linux/Modules/modules/system_modules/CRC_default/1.1
SGE_EXECD_PORT=6445
EDITOR=vim
LANG=en_US.UTF-8
MODULEPATH=/afs/crc.nd.edu/x86_64_linux/Modules/modules/development_tools_and_libraries:/afs/crc.nd.edu/x86_64_linux/Modules/modules/general_software:/afs/crc.nd.edu/x86_64_linux/Modules/modules/restricted_software:/afs/crc.nd.edu/x86_64_linux/Modules/modules/system_modules:/afs/crc.nd.edu/x86_64_linux/Modules/modules/deprecated_software:/afs/crc.nd.edu/x86_64_linux/Modules/current/modulefiles
SGE_QMASTER_PORT=6444
SGE_ROOT=/opt/sge
LOADEDMODULES=CRC_default/1.1
WORK_QUEUE_SANDBOX=/var/condor/execute/dir_4001/worker-213124-4080
_CONDOR_SLOT=slot2_1
CCLPLATFORM=x86_64/redhat7
USE_SYSTEMD=true
_CONDOR_LOWPORT=9100
KRB5CCNAME=FILE:/tmp/krb5cc_213124_jfvfni
HISTCONTROL=ignoreboth:erasedups
PATH_modshare=/opt/crc/usr/local/bin:1:/opt/sge/bin/lx-amd64:1:/usr/sbin:1:/usr/bin:1:/afs/crc.nd.edu/user/c/condor/software/sbin:1:/usr/local/sbin:1:/afs/crc.nd.edu/user/c/condor/software/bin:1:/usr/local/bin:1
SHLVL=7
HOME=disc01.crc.nd.edu
GLOBUS_GSSAPI_NAME_COMPATIBILITY=STRICT_RFC2818
_CONDOR_MACHINE_AD=/var/condor/execute/dir_4001/.machine.ad
OSTYPE=linux
DISK=18250
GREP_OPTIONS=--color=auto
GLOBUS_GSSAPI_MIN_TLS_PROTOCOL=TLS1_VERSION
MEMORY=1948
MANPATH_modshare=/usr/share/man/overrides:1:/usr/local/share/man:1:/usr/share/man:1:/opt/crc/usr/local/man:1:/opt/sge/man:1
VENDOR=unknown
BASH_ENV=/afs/crc.nd.edu/x86_64_linux/Modules/4.5.0/init/bash
PERL_LOCAL_LIB_ROOT=/afs/crc.nd.edu/user/n/nkremerh/.perl5/
PYTHONPATH=/afs/crc.nd.edu/user/n/nkremerh/cctools/lib/python3.6/site-packages/
CCLHOME=/afs/crc.nd.edu/group/ccl
MACHTYPE=x86_64
LOGNAME=nkremerh
TMP=/var/condor/execute/dir_4001/worker-213124-4080/t.1461/cctools-temp-t.1461.zwLxej
LD_LIBRARY_PATH_modshare=/opt/crc/usr/local/lib:1
MODULES_LMALTNAME_modshare=CRC_default/1.1&CRC_default/default&CRC_default:1
SSH_CONNECTION=129.74.154.87 57278 129.74.128.103 22
_CONDOR_ANCESTOR_3431=3600:1596369936:4201989267
MODULESHOME=/afs/crc.nd.edu/x86_64_linux/Modules/4.5.0
OMP_NUM_THREADS=1
LESSOPEN=||/usr/bin/lesspipe.sh %s
GLOBUS_GSSAPI_BACKWARD_COMPATIBLE_MIC=true
GLOBUS_GSSAPI_CIPHERS=HIGH
_CONDOR_ANCESTOR_3600=4001:1597419250:2275575006
LOADEDMODULES_modshare=CRC_default/1.1:1
_CONDOR_JOB_AD=/var/condor/execute/dir_4001/.job.ad
SGE_CLUSTER_NAME=CRC
XDG_RUNTIME_DIR=/run/user/213124
CCTOOLS=../cctools
CORES=2
_CONDOR_JOB_IWD=/var/condor/execute/dir_4001
PERL_MM_OPT=INSTALL_BASE=/afs/crc.nd.edu/user/n/nkremerh/.perl5/
GLOBUS_GSSAPI_SERVER_CIPHER_ORDER=true
BASH_FUNC_module()=() {  unset _mlshdbg;
 if [ "${MODULES_SILENT_SHELL_DEBUG:-0}" = '1' ]; then
 case "$-" in 
 *v*x*)
 set +vx;
 _mlshdbg='vx'
 ;;
 *v*)
 set +v;
 _mlshdbg='v'
 ;;
 *x*)
 set +x;
 _mlshdbg='x'
 ;;
 *)
 _mlshdbg=''
 ;;
 esac;
 fi;
 unset _mlre _mlIFS;
 if [ -n "${IFS+x}" ]; then
 _mlIFS=$IFS;
 fi;
 IFS=' ';
 for _mlv in ${MODULES_RUN_QUARANTINE:-};
 do
 if [ "${_mlv}" = "${_mlv##*[!A-Za-z0-9_]}" -a "${_mlv}" = "${_mlv#[0-9]}" ]; then
 if [ -n "`eval 'echo ${'$_mlv'+x}'`" ]; then
 _mlre="${_mlre:-}${_mlv}_modquar='`eval 'echo ${'$_mlv'}'`' ";
 fi;
 _mlrv="MODULES_RUNENV_${_mlv}";
 _mlre="${_mlre:-}${_mlv}='`eval 'echo ${'$_mlrv':-}'`' ";
 fi;
 done;
 if [ -n "${_mlre:-}" ]; then
 eval `eval ${_mlre}/usr/bin/tclsh /afs/crc.nd.edu/x86_64_linux/Modules/4.5.0/libexec/modulecmd.tcl bash '"$@"'`;
 else
 eval `/usr/bin/tclsh /afs/crc.nd.edu/x86_64_linux/Modules/4.5.0/libexec/modulecmd.tcl bash "$@"`;
 fi;
 _mlstatus=$?;
 if [ -n "${_mlIFS+x}" ]; then
 IFS=$_mlIFS;
 else
 unset IFS;
 fi;
 unset _mlre _mlv _mlrv _mlIFS;
 if [ -n "${_mlshdbg:-}" ]; then
 set -$_mlshdbg;
 fi;
 unset _mlshdbg;
 return $_mlstatus
}
BASH_FUNC_ml()=() {  module ml "$@"
}
_=/usr/bin/printenv
