29830   0.000000 libjli.so->getenv("_JAVA_LAUNCHER_DEBUG") = nil
29830   0.001787 libjli.so->getenv("_JAVA_VERSION_SET") = nil
29830   0.000778 libjli.so->fopen("/usr/lib/jvm/java-1.8.0-openjdk-1.8.0.262.b10-0.el7_8.x86_64/jre/lib/amd64/jvm.cfg", "r") = 0x55af68eba0e0
29830   0.000805 libjli.so->getenv("JDK_ALTERNATE_VM") = nil
29830   0.000309 libjli.so->__xstat(1, "/usr/lib/jvm/java-1.8.0-openjdk-1.8.0.262.b10-0.el7_8.x86_64/jre/lib/amd64/server/libjvm.so", 0x7fffe126b090) = 0
29830   0.000590 libjli.so->getenv("LD_LIBRARY_PATH") = "/afs/crc.nd.edu/group/ccl/software/x86_64/redhat7/ruby/current/lib:/afs/crc.nd.edu/group/ccl/software/x86_64/redhat7/graphviz/current/lib:/afs/crc.nd.edu/group/ccl/software/x86_64/redhat7/git/current/lib:/afs/crc.nd.edu/group/ccl/software/x86_64/redhat7/condor/current/lib:/afs/crc.nd.edu/group/ccl/software/x86_64/redhat7/clang/current/lib:/afs/crc.nd.edu/group/ccl/software/x86_64/redhat7/condor/current/lib:/afs/crc.nd.edu/group/ccl/software/x86_64/redhat7/cctools/current/lib:/opt/crc/usr/local/lib"
29830   0.002150 libjli.so->dlopen("/usr/lib/jvm/java-1.8.0-openjdk-1.8.0.262.b10-0.el7_8.x86_64/jre/lib/amd64/server/libjvm.so", 258 <unfinished ...>
29830   0.037747 libjvm.so->getenv("NMT_LEVEL_29830") = nil
29830   0.001711 <... dlopen resumed> )          = 0x55af68eba4b0
29830   0.000092 libjli.so->getenv("CLASSPATH")  = nil
29830   0.000354 libjli.so->getenv("_JAVA_SPLASH_JAR") = nil
29830   0.000316 libjli.so->getenv("_JAVA_SPLASH_FILE") = nil
29830   0.000310 libjli.so->pthread_attr_setdetachstate(0x7fffe126b040, 0, 0x7fffe126b0d0, 0) = 0
29830   0.000543 libpthread.so.0->__clone(0x2b7496516de0, 0x2b7496429fc0, 0x3d0f00, 0x2b749642a700) = 0x748b
29835   0.001642 libjvm.so->dlopen(0x2b7497cf59ae, 1, 0xfffffffffff42c48, 4096) = 0x2b749c000990
29835   0.002861 libjvm.so->getenv(0x2b7497d1083e, 0, 115, 0x65737361) = 0x7fffe1270681
29835   0.000551 libjvm.so->fopen(0x2b7496428c10, 0x2b7497cacccb, 0x6f732e79666972, 0x2b7496deeab0) = 0x2b749c001440
29835   0.001611 libjvm.so->dlopen(0x2b7496428c10, 1, 0xffffffff, 0x2b749c002b00) = 0x2b749c001440
29835   0.001676 libjvm.so->fopen(0x2b7496428c10, 0x2b7497cacccb, 111, 0x732e6176) = 0x2b749c001b10
29835   0.002006 libjvm.so->dlopen(0x2b7496428c10, 1, 0xffffffff, 0x2b749c001a00) = 0x2b749c001b10
29835   0.001631 libjvm.so->__xstat(1, 0x2b7496429360, 0x2b7496429ba0, 0x746f7073746f682e) = -1
29835   0.000473 libjvm.so->getenv(0x2b7497ca5541, 0x2b74964296d0, 1024, 0x2b749815f61b) = 0
29835   0.000595 libjvm.so->getenv(0x2b7497ca5533, 0x2b74964296d0, 1024, 0) = 0
29835   0.000539 libjvm.so->fopen(0x2b7497cf5315, 0x2b7497cacccb, 4095, 0xffffd48b6835ab03) = 0x2b749c0032d0
29835   0.001261 libjvm.so->fopen(0x2b7497cf5361, 0x2b7497cacccb, 0x2b749c000078, 0x2b749c0032c0) = 0x2b749c0032d0
29835   0.000703 libjvm.so->fopen(0x2b74964239b0, 0x2b7497cacccb, 4014, 3995) = 0x2b749c0032d0
29835   0.000781 libjvm.so->opendir(0x2b749c002b40, 0x2b749c002b40, 13, 16) = 0
29835   0.000557 libjvm.so->__xstat(1, 0x2b74964288f0, 0x2b7496427860, 0x6f732e7477616d62) = -1
29835   0.000475 libjvm.so->__xstat(1, 0x2b74964288f0, 0x2b7496427860, 0x5f74776162696c2f) = 0
29835   0.000500 libjvm.so->fopen(0x2b7496427b90, 0x2b7497cacccb, 4009, 3994) = 0x2b749c0037b0
29835   0.000610 libjvm.so->fopen(0x2b7496427b90, 0x2b7497cacccb, 4009, 3994) = 0x2b749c0037b0
29835   0.000629 libjvm.so->fopen(0x2b7496427b90, 0x2b7497cacccb, 4009, 4002) = 0x2b749c0037b0
29835   0.000654 libjvm.so->fopen(0x2b7496427b20, 0x2b7497cacccb, 4009, 3994) = 0x2b749c0037b0
29835   0.000690 libjvm.so->fopen(0x2b7496427b20, 0x2b7497cacccb, 4009, 3994) = 0x2b749c0037b0
29835   0.000717 libjvm.so->fopen(0x2b7496427b20, 0x2b7497cacccb, 4009, 4002) = 0x2b749c0037b0
29835   0.000751 libjvm.so->fopen(0x2b7496427b50, 0x2b7497cacccb, 4014, 3995) = 0x2b749c0037b0
29835   0.001315 libjvm.so->getenv(0x2b7497cf60ff, 4096, 3, -1) = 0
29835   0.001063 libjvm.so->fopen(0x2b7497cf5998, 0x2b7497cacccb, 0x2b749650d908, 0x2b749650cdf0) = 0x2b749c0037b0
29835   0.006023 libjvm.so->open(0x2b749c04a5a0, 0x20000, 0, 0x2b749c04a5e9) = 3
29835   0.000530 libjvm.so->__fxstat(1, 3, 0x2b7496429a00, -1) = 0
29835   0.000574 libjvm.so->opendir(0x2b749c04a5a0, 0x2b7496429a00, 0x4000, -1) = 0x2b749c04b4b0
29835   0.000530 libjvm.so->__fxstat(1, 3, 0x2b74964298a0, 0x2b749c04b4b0) = 0
29835   0.000489 libjvm.so->__fxstat(1, 5, 0x2b7496429930, -1) = 0
29835   0.000472 libjvm.so->open(0x2b7497cc39dc, 0, 0, 0) = 3
29835   0.000721 libjvm.so->__lxstat(1, 0x2b749c04a5a0, 0x2b7496429b50, -144) = 0
29835   0.000568 libjvm.so->open(0x2b749c04a5a0, 0x20000, 0x4000, -1) = 3
29835   0.000564 libjvm.so->__fxstat(1, 3, 0x2b7496429a00, -1) = 0
29835   0.000556 libjvm.so->opendir(0x2b749c04a5a0, 0x2b7496429a00, 0x4000, -1) = 0x2b749c04b4b0
29835   0.000492 libjvm.so->__fxstat(1, 3, 0x2b74964298a0, 0x2b749c04b4b0) = 0
29835   0.000495 libjvm.so->__fxstat(1, 5, 0x2b7496429930, -1) = 0
29835   0.000622 libjvm.so->open(0x2b7497cc39dc, 0, 0, 0) = 3
29835   0.000528 libjvm.so->open(0x2b749c04a5e9, 0x20042, 384, -1) = 7
29835   0.000748 libjvm.so->__fxstat(1, 7, 0x2b7496429b50, -1) = 0
29835   0.001935 libjvm.so->fopen(0x2b7496428b60, 0x2b7497cacccb, 4, 0x6f732e70) = 0x2b749c057c00
29835   0.002437 libjvm.so->dlopen(0x2b7496428b60, 1, 0xffffffff, 0x2b749c057b00) = 0x2b749c057c00
29835   0.001707 libjvm.so->__xstat(1, 0x2b7496429120, 0x2b7496429950, 2048) = 0
29835   0.000491 libjvm.so->__xstat(1, 0x2b7496429120, 0x2b7496429950, 2048) = 0
29835   0.000532 libjvm.so->__xstat(1, 0x2b7496429120, 0x2b7496429950, 2048) = -1
29835   0.000541 libjvm.so->__xstat(1, 0x2b7496429120, 0x2b7496429950, 2048) = 0
29835   0.000471 libjvm.so->__xstat(1, 0x2b7496429120, 0x2b7496429950, 2048) = 0
29835   0.000468 libjvm.so->__xstat(1, 0x2b7496429120, 0x2b7496429950, 2048) = 0
29835   0.000463 libjvm.so->__xstat(1, 0x2b7496429120, 0x2b7496429950, 2048) = 0
29835   0.000495 libjvm.so->__xstat(1, 0x2b7496429120, 0x2b7496429950, 2048) = -1
29835   0.000546 libjvm.so->fopen(0x2b749c002520, 0x2b7497cacccb, 0, 0) = 0x2b749c058aa0
29835   0.009150 libjvm.so->open64(0x2b7496428410, 0, 0, 16) = 3
29835   0.000493 libjvm.so->__fxstat64(1, 3, 0x2b7496428240, -1) = 0
29835   0.038165 libjvm.so->__xstat(1, 0x2b7496428f20, 0x2b7496429750, 2048) = -1
29835   0.000593 libjvm.so->fopen(0x2b7496427b20, 0x2b7497cacccb, 4009, 3994) = 0x2b749c0b1fb0
29835   0.000652 libjvm.so->fopen(0x2b7496427b20, 0x2b7497cacccb, 4009, 3994) = 0x2b749c0b1fb0
29835   0.000603 libjvm.so->fopen(0x2b7496427b20, 0x2b7497cacccb, 4009, 4002) = 0x2b749c0b1fb0
29835   0.004405 libjvm.so->pthread_attr_setdetachstate(0x2b7496429c00, 1, 0, 0) = 0
29835   0.000531 libpthread.so.0->__clone(0x2b7496516de0, 0x2b749bd9afc0, 0x3d0f00, 0x2b749bd9b700) = 0x748d
29835   0.015763 libjvm.so->pthread_attr_setdetachstate(0x2b7496429290, 1, 0, 0) = 0
29835   0.000692 libpthread.so.0->__clone(0x2b7496516de0, 0x2b749be9bfc0, 0x3d0f00, 0x2b749be9c700) = 0x748e
29835   0.007120 libjvm.so->pthread_attr_setdetachstate(0x2b7496429610, 1, 0, 0) = 0
29835   0.000774 libpthread.so.0->__clone(0x2b7496516de0, 0x2b749bf9cfc0, 0x3d0f00, 0x2b749bf9d700) = 0x748f
29835   0.040177 libjvm.so->fopen(0x2b749c0f1810, 0x2b7497cacccb, 4, 0x6f732e70) = 0x2b749c0f1d10
29835   0.002109 libjvm.so->dlopen(0x2b749c0f1810, 1, 0xffffffff, 0x2b749c0e8c00) = 0x2b749c057c00
29835   0.005085 libjvm.so->open64(0x2b7496428510, 0, 0, 16) = 5
29835   0.000905 libjvm.so->__fxstat64(1, 5, 0x2b7496428340, -1) = 0
29835   0.020097 libjvm.so->fopen(0x2b7496425130, 0x2b7497cacccb, 4009, 3994) = 0x2b749c0fcce0
29835   0.001173 libjvm.so->fopen(0x2b7496425130, 0x2b7497cacccb, 4009, 3994) = 0x2b749c0fcce0
29835   0.001063 libjvm.so->fopen(0x2b7496425130, 0x2b7497cacccb, 4009, 4002) = 0x2b749c0fcce0
29835   0.015409 libjvm.so->pthread_attr_setdetachstate(0x2b7496429b50, 1, 0, 0) = 0
29835   0.001013 libpthread.so.0->__clone(0x2b7496516de0, 0x2b74af0fffc0, 0x3d0f00, 0x2b74af100700) = 0x7490
29835   0.001514 libjvm.so->__xstat64(1, 0x2b7496429be0, 0x2b7496429b50, 19) = -1
29835   0.001171 libjvm.so->pthread_attr_setdetachstate(0x2b7496429950, 1, 0, 0) = 0
29835   0.001102 libpthread.so.0->__clone(0x2b7496516de0, 0x2b74af200fc0, 0x3d0f00, 0x2b74af201700) = 0x7491
29835   0.001622 libjvm.so->pthread_attr_setdetachstate(0x2b7496429950, 1, 0, 0) = 0
29835   0.001248 libpthread.so.0->__clone(0x2b7496516de0, 0x2b74af301fc0, 0x3d0f00, 0x2b74af302700) = 0x7492
29835   0.008162 libjvm.so->pthread_attr_setdetachstate(0x2b7496429aa0, 1, 0, 0) = 0
29835   0.001381 libpthread.so.0->__clone(0x2b7496516de0, 0x2b74af402fc0, 0x3d0f00, 0x2b74af403700) = 0x7493
29835   0.002050 libjvm.so->pthread_attr_setdetachstate(0x2b7496429bb0, 1, 0, 0) = 0
29835   0.001997 libpthread.so.0->__clone(0x2b7496516de0, 0x2b74af503fc0, 0x3d0f00, 0x2b74af504700) = 0x7494
29835   0.014631 libjvm.so->open64(0x2b749c12e9f0, 0, 0, 48) = 7
29835   0.001788 libjvm.so->__fxstat64(1, 7, 0x2b7496426f60, -1) = 0
29835   0.027209 libjvm.so->fopen(0x2b749c1546b0, 0x2b7497cacccb, 4, 0x6f732e6f) = 0x2b749c154770
29835   0.004694 libjvm.so->dlopen(0x2b749c1546b0, 1, 0xffffffff, 0x2b749c154700) = 0x2b749c154770
29835   0.150447 libjvm.so->fopen(0x2b749c1d2e40, 0x2b7497cacccb, 4, 0x6f732e74) = 0x2b749c1c9430
29835   0.003271 libjvm.so->dlopen(0x2b749c1d2e40, 1, 0xffffffff, 0x2b749c1d2700) = 0x2b749c1c9430
29835   0.060899 libjvm.so->fopen(0x2b7496422070, 0x2b7497cacccb, 0x6f732e, 0x6d766a62696c2f72) = 0x2b749c1f1c70
29835   0.006353 libjvm.so->dlopen(0x2b7496422070, 1, 0xffffffff, 0x2b749c1f1b00) = 0x55af68eba4b0
29835   0.001764 libjvm.so->fopen(0x2b7496422070, 0x2b7497cacccb, 0x6f732e, 0x6d766a62696c2f72) = 0x2b749c1f2070
29835   0.005276 libjvm.so->dlopen(0x2b7496422070, 1, 0xffffffff, 0x2b749c1f1b00) = 0x55af68eba4b0
29835   0.001686 libjvm.so->fopen(0x2b7496422070, 0x2b7497cacccb, 0x6f732e, 0x6d766a62696c2f72) = 0x2b749c1f2000
29835   0.003803 libjvm.so->dlopen(0x2b7496422070, 1, 0xffffffff, 0x2b749c1f1b00) = 0x55af68eba4b0
29835   0.001714 libjvm.so->fopen(0x2b7496422070, 0x2b7497cacccb, 0x6f732e, 0x6d766a62696c2f72) = 0x2b749c1f2000
29835   0.007723 libjvm.so->dlopen(0x2b7496422070, 1, 0xffffffff, 0x2b749c1f1b00) = 0x55af68eba4b0
29835   0.083168 libjvm.so->fopen(0x2b749c240580, 0x2b7497cacccb, 0x6f732e7373656c, 0x656c646165685f74) = 0x2b749c240660
29835   0.002938 libjvm.so->dlopen(0x2b749c240580, 1, 0xffffffff, 0x2b749c240500) = 0x2b749c240660
29844   0.038671 +++ exited (status 0) +++
29840   0.000432 +++ exited (status 0) +++
29837   0.000235 +++ exited (status 0) +++
29835   0.000296 +++ exited (status 0) +++
29843   0.000270 +++ exited (status 1) +++
29842   0.000027 +++ exited (status 1) +++
29839   0.000016 +++ exited (status 1) +++
29838   0.000014 +++ exited (status 1) +++
29841   0.004577 +++ exited (status 1) +++
29830   0.000040 +++ exited (status 1) +++
Wrote an ltrace for command: "java -cp ./tools/maxent.jar density.Project outputs/Ipnista_marina_Druce/Ipnista_marina_Druce.lambdas data/layers/worldclim outputs/Ipnista_marina_Druce_worldclim.asc nowarnings nocache autorun -z" with PID 29828 from PPID 29812 on disc21.crc.nd.edu with result 1
REMOTEHOST=10.17.148.247
_CONDOR_JOB_PIDS=
MANPATH=/afs/crc.nd.edu/user/n/nkremerh/cctools/share/man/:/afs/crc.nd.edu/group/ccl/software/x86_64/redhat7/ruby/current/share/man:/afs/crc.nd.edu/group/ccl/software/x86_64/redhat7/graphviz/current/share/man:/afs/crc.nd.edu/group/ccl/software/x86_64/redhat7/gnuplot/current/share/man:/afs/crc.nd.edu/group/ccl/software/x86_64/redhat7/git/current/share/man:/afs/crc.nd.edu/group/ccl/software/x86_64/redhat7/condor/current/share/man:/afs/crc.nd.edu/group/ccl/software/x86_64/redhat7/clang/current/share/man:/afs/crc.nd.edu/group/ccl/software/x86_64/redhat7/condor/current/share/man:/afs/crc.nd.edu/group/ccl/software/x86_64/redhat7/cctools/current/share/man:/afs/crc.nd.edu/group/ccl/software/x86_64/redhat7/cctools/current/share/man:/afs/crc.nd.edu/x86_64_linux/Modules/4.5.0/share/man:/opt/crc/usr/local/man:/opt/sge/man:/usr/share/man/overrides:/usr/share/man:/usr/local/share/man
XDG_SESSION_ID=2686
_CONDOR_ANCESTOR_3669=16405:1599499132:729388362
HOSTNAME=disc01.crc.nd.edu
_LMFILES__modshare=/afs/crc.nd.edu/x86_64_linux/Modules/modules/system_modules/CRC_default/1.1:1
MODULEPATH_modshare=/afs/crc.nd.edu/x86_64_linux/Modules/modules/general_software:1:/afs/crc.nd.edu/x86_64_linux/Modules/modules/development_tools_and_libraries:1:/afs/crc.nd.edu/x86_64_linux/Modules/modules/system_modules:1:/afs/crc.nd.edu/x86_64_linux/Modules/current/modulefiles:1:/afs/crc.nd.edu/x86_64_linux/Modules/modules/restricted_software:1:/afs/crc.nd.edu/x86_64_linux/Modules/modules/deprecated_software:1
MODULES_CMD=/afs/crc.nd.edu/x86_64_linux/Modules/4.5.0/libexec/modulecmd.tcl
HOST=disc01.crc.nd.edu
SHELL=/bin/tcsh
TERM=xterm-256color
MAKEFLAGS=
HISTSIZE=5000
TMPDIR=/var/condor/execute/dir_16405/worker-213124-16471/t.1618/cctools-temp-t.1618.fVSXL6
SSH_CLIENT=10.17.148.247 49750 22
PERL5LIB=/afs/crc.nd.edu/user/n/nkremerh/cctools/lib/perl5/site_perl/5.16.3:/afs/crc.nd.edu/user/n/nkremerh/.perl5/lib/perl5
SGE_CELL=crc
_CONDOR_SCRATCH_DIR=/var/condor/execute/dir_16405
PERL_MB_OPT=--install_base '/afs/crc.nd.edu/user/n/nkremerh/.perl5/'
SSH_TTY=/dev/pts/0
SGE_LOAD_AVG=load_avg
MAKEFLOW_MAX_LOCAL_JOBS=2
HISTFILESIZE=10000
_CHIRP_DELAYED_UPDATE_PREFIX=Chirp*
USER=nkremerh
GROUP=campus
LD_LIBRARY_PATH=/afs/crc.nd.edu/group/ccl/software/x86_64/redhat7/ruby/current/lib:/afs/crc.nd.edu/group/ccl/software/x86_64/redhat7/graphviz/current/lib:/afs/crc.nd.edu/group/ccl/software/x86_64/redhat7/git/current/lib:/afs/crc.nd.edu/group/ccl/software/x86_64/redhat7/condor/current/lib:/afs/crc.nd.edu/group/ccl/software/x86_64/redhat7/clang/current/lib:/afs/crc.nd.edu/group/ccl/software/x86_64/redhat7/condor/current/lib:/afs/crc.nd.edu/group/ccl/software/x86_64/redhat7/cctools/current/lib:/opt/crc/usr/local/lib
TEMP=/var/condor/execute/dir_16405/worker-213124-16471/t.1618/cctools-temp-t.1618.fVSXL6
BATCH_SYSTEM=HTCondor
WORKER_TMPDIR=/var/condor/execute/dir_16405/worker-213124-16471/cache/tmp
ENV=/afs/crc.nd.edu/x86_64_linux/Modules/4.5.0/init/profile.sh
MODULES_LMALTNAME=CRC_default/1.1&CRC_default/default&CRC_default
_CONDOR_CHIRP_CONFIG=/var/condor/execute/dir_16405/.chirp.config
GLOBUS_GSSAPI_MAX_TLS_PROTOCOL=0
_CONDOR_HIGHPORT=9999
HOSTTYPE=x86_64-linux
MAKELEVEL=1
MFLAGS=
CCLSOFTWARE=/afs/crc.nd.edu/group/ccl/software/x86_64/redhat7
PATH=/afs/crc.nd.edu/user/n/nkremerh/cctools/bin:/afs/crc.nd.edu/user/n/nkremerh/miniconda/bin:/afs/crc.nd.edu/group/ccl/software/git:/afs/crc.nd.edu/user/n/nkremerh/.local/bin:/afs/crc.nd.edu/group/ccl/software/x86_64/redhat7/povray/3.7/bin:/afs/crc.nd.edu/user/n/nkremerh/.perl5/bin:/afs/crc.nd.edu/user/n/nkremerh/pegasus/bin:/afs/crc.nd.edu/user/n/nkremerh/nodejs/bin:/afs/crc.nd.edu/user/n/nkremerh/montage/bin:/afs/crc.nd.edu/user/n/nkremerh/latexdiff:/afs/crc.nd.edu/user/n/nkremerh/envtrace:/afs/crc.nd.edu/user/n/nkremerh/endlines:/afs/crc.nd.edu/user/n/nkremerh/cctools/bin:/afs/crc.nd.edu/user/n/nkremerh/.cargo/bin:/afs/crc.nd.edu/group/ccl/software/x86_64/redhat7/ruby/current/bin:/afs/crc.nd.edu/group/ccl/software/x86_64/redhat7/graphviz/current/bin:/afs/crc.nd.edu/group/ccl/software/x86_64/redhat7/gnuplot/current/bin:/afs/crc.nd.edu/group/ccl/software/x86_64/redhat7/git/current/bin:/afs/crc.nd.edu/group/ccl/software/x86_64/redhat7/condor/current/sbin:/afs/crc.nd.edu/group/ccl/software/x86_64/redhat7/condor/current/bin:/afs/crc.nd.edu/group/ccl/software/x86_64/redhat7/cmake/current/bin:/afs/crc.nd.edu/group/ccl/software/x86_64/redhat7/clang/current/bin:/afs/crc.nd.edu/group/ccl/software/x86_64/redhat7/condor/current/sbin:/afs/crc.nd.edu/group/ccl/software/x86_64/redhat7/condor/current/bin:/afs/crc.nd.edu/group/ccl/software/x86_64/redhat7/cctools/current/bin:/afs/crc.nd.edu/x86_64_linux/Modules/4.5.0/bin:/opt/crc/usr/local/bin:/opt/sge/bin/lx-amd64:/usr/local/bin:/usr/bin:/usr/local/sbin:/usr/sbin:/afs/crc.nd.edu/user/c/condor/software/bin:/afs/crc.nd.edu/user/c/condor/software/sbin
MAIL=/var/spool/mail/nkremerh
PWD=/var/condor/execute/dir_16405/worker-213124-16471/t.1618
_LMFILES_=/afs/crc.nd.edu/x86_64_linux/Modules/modules/system_modules/CRC_default/1.1
SGE_EXECD_PORT=6445
EDITOR=vim
LANG=en_US.UTF-8
MODULEPATH=/afs/crc.nd.edu/x86_64_linux/Modules/modules/development_tools_and_libraries:/afs/crc.nd.edu/x86_64_linux/Modules/modules/general_software:/afs/crc.nd.edu/x86_64_linux/Modules/modules/restricted_software:/afs/crc.nd.edu/x86_64_linux/Modules/modules/system_modules:/afs/crc.nd.edu/x86_64_linux/Modules/modules/deprecated_software:/afs/crc.nd.edu/x86_64_linux/Modules/current/modulefiles
SGE_QMASTER_PORT=6444
SGE_ROOT=/opt/sge
LOADEDMODULES=CRC_default/1.1
WORK_QUEUE_SANDBOX=/var/condor/execute/dir_16405/worker-213124-16471
_CONDOR_SLOT=slot2_1
CCLPLATFORM=x86_64/redhat7
USE_SYSTEMD=true
_CONDOR_LOWPORT=9100
KRB5CCNAME=FILE:/tmp/krb5cc_213124_dlYXoi
HISTCONTROL=ignoreboth:erasedups
PATH_modshare=/opt/crc/usr/local/bin:1:/opt/sge/bin/lx-amd64:1:/usr/sbin:1:/usr/bin:1:/afs/crc.nd.edu/user/c/condor/software/sbin:1:/usr/local/sbin:1:/afs/crc.nd.edu/user/c/condor/software/bin:1:/usr/local/bin:1
SHLVL=7
HOME=disc01.crc.nd.edu
GLOBUS_GSSAPI_NAME_COMPATIBILITY=STRICT_RFC2818
_CONDOR_MACHINE_AD=/var/condor/execute/dir_16405/.machine.ad
OSTYPE=linux
DISK=18251
GREP_OPTIONS=--color=auto
GLOBUS_GSSAPI_MIN_TLS_PROTOCOL=TLS1_VERSION
MEMORY=1948
MANPATH_modshare=/usr/share/man/overrides:1:/usr/local/share/man:1:/usr/share/man:1:/opt/crc/usr/local/man:1:/opt/sge/man:1
VENDOR=unknown
BASH_ENV=/afs/crc.nd.edu/x86_64_linux/Modules/4.5.0/init/bash
PERL_LOCAL_LIB_ROOT=/afs/crc.nd.edu/user/n/nkremerh/.perl5/
PYTHONPATH=/afs/crc.nd.edu/user/n/nkremerh/cctools/lib/python3.6/site-packages/
CCLHOME=/afs/crc.nd.edu/group/ccl
MACHTYPE=x86_64
LOGNAME=nkremerh
TMP=/var/condor/execute/dir_16405/worker-213124-16471/t.1618/cctools-temp-t.1618.fVSXL6
LD_LIBRARY_PATH_modshare=/opt/crc/usr/local/lib:1
MODULES_LMALTNAME_modshare=CRC_default/1.1&CRC_default/default&CRC_default:1
SSH_CONNECTION=10.17.148.247 49750 129.74.128.103 22
_CONDOR_ANCESTOR_3314=3669:1598183978:1434769074
MODULESHOME=/afs/crc.nd.edu/x86_64_linux/Modules/4.5.0
OMP_NUM_THREADS=1
LESSOPEN=||/usr/bin/lesspipe.sh %s
GLOBUS_GSSAPI_BACKWARD_COMPATIBLE_MIC=true
GLOBUS_GSSAPI_CIPHERS=HIGH
LOADEDMODULES_modshare=CRC_default/1.1:1
_CONDOR_JOB_AD=/var/condor/execute/dir_16405/.job.ad
SGE_CLUSTER_NAME=CRC
XDG_RUNTIME_DIR=/run/user/213124
_CONDOR_ANCESTOR_16405=16436:1599499133:3044183768
CCTOOLS=../cctools
CORES=2
_CONDOR_JOB_IWD=/var/condor/execute/dir_16405
PERL_MM_OPT=INSTALL_BASE=/afs/crc.nd.edu/user/n/nkremerh/.perl5/
GLOBUS_GSSAPI_SERVER_CIPHER_ORDER=true
BASH_FUNC_module()=() {  unset _mlshdbg;
 if [ "${MODULES_SILENT_SHELL_DEBUG:-0}" = '1' ]; then
 case "$-" in 
 *v*x*)
 set +vx;
 _mlshdbg='vx'
 ;;
 *v*)
 set +v;
 _mlshdbg='v'
 ;;
 *x*)
 set +x;
 _mlshdbg='x'
 ;;
 *)
 _mlshdbg=''
 ;;
 esac;
 fi;
 unset _mlre _mlIFS;
 if [ -n "${IFS+x}" ]; then
 _mlIFS=$IFS;
 fi;
 IFS=' ';
 for _mlv in ${MODULES_RUN_QUARANTINE:-};
 do
 if [ "${_mlv}" = "${_mlv##*[!A-Za-z0-9_]}" -a "${_mlv}" = "${_mlv#[0-9]}" ]; then
 if [ -n "`eval 'echo ${'$_mlv'+x}'`" ]; then
 _mlre="${_mlre:-}${_mlv}_modquar='`eval 'echo ${'$_mlv'}'`' ";
 fi;
 _mlrv="MODULES_RUNENV_${_mlv}";
 _mlre="${_mlre:-}${_mlv}='`eval 'echo ${'$_mlrv':-}'`' ";
 fi;
 done;
 if [ -n "${_mlre:-}" ]; then
 eval `eval ${_mlre}/usr/bin/tclsh /afs/crc.nd.edu/x86_64_linux/Modules/4.5.0/libexec/modulecmd.tcl bash '"$@"'`;
 else
 eval `/usr/bin/tclsh /afs/crc.nd.edu/x86_64_linux/Modules/4.5.0/libexec/modulecmd.tcl bash "$@"`;
 fi;
 _mlstatus=$?;
 if [ -n "${_mlIFS+x}" ]; then
 IFS=$_mlIFS;
 else
 unset IFS;
 fi;
 unset _mlre _mlv _mlrv _mlIFS;
 if [ -n "${_mlshdbg:-}" ]; then
 set -$_mlshdbg;
 fi;
 unset _mlshdbg;
 return $_mlstatus
}
BASH_FUNC_ml()=() {  module ml "$@"
}
_=/usr/bin/printenv
