6331   0.000000 libjli.so->getenv("_JAVA_LAUNCHER_DEBUG") = nil
6331   0.001806 libjli.so->getenv("_JAVA_VERSION_SET") = nil
6331   0.000755 libjli.so->fopen("/usr/lib/jvm/java-1.8.0-openjdk-1.8.0.262.b10-0.el7_8.x86_64/jre/lib/amd64/jvm.cfg", "r") = 0x558bfc9800e0
6331   0.000819 libjli.so->getenv("JDK_ALTERNATE_VM") = nil
6331   0.000310 libjli.so->__xstat(1, "/usr/lib/jvm/java-1.8.0-openjdk-1.8.0.262.b10-0.el7_8.x86_64/jre/lib/amd64/server/libjvm.so", 0x7ffe639f01c0) = 0
6331   0.000623 libjli.so->getenv("LD_LIBRARY_PATH") = "/afs/crc.nd.edu/group/ccl/software/x86_64/redhat7/ruby/current/lib:/afs/crc.nd.edu/group/ccl/software/x86_64/redhat7/graphviz/current/lib:/afs/crc.nd.edu/group/ccl/software/x86_64/redhat7/git/current/lib:/afs/crc.nd.edu/group/ccl/software/x86_64/redhat7/condor/current/lib:/afs/crc.nd.edu/group/ccl/software/x86_64/redhat7/clang/current/lib:/afs/crc.nd.edu/group/ccl/software/x86_64/redhat7/condor/current/lib:/afs/crc.nd.edu/group/ccl/software/x86_64/redhat7/cctools/current/lib:/opt/crc/usr/local/lib"
6331   0.002176 libjli.so->dlopen("/usr/lib/jvm/java-1.8.0-openjdk-1.8.0.262.b10-0.el7_8.x86_64/jre/lib/amd64/server/libjvm.so", 258 <unfinished ...>
6331   0.037985 libjvm.so->getenv("NMT_LEVEL_6331") = nil
6331   0.002077 <... dlopen resumed> )           = 0x558bfc9804b0
6331   0.000109 libjli.so->getenv("CLASSPATH")   = nil
6331   0.000381 libjli.so->getenv("_JAVA_SPLASH_JAR") = nil
6331   0.000394 libjli.so->getenv("_JAVA_SPLASH_FILE") = nil
6331   0.000382 libjli.so->pthread_attr_setdetachstate(0x7ffe639f0170, 0, 0x7ffe639f0200, 0) = 0
6331   0.000465 libpthread.so.0->__clone(0x2b37b06c0de0, 0x2b37b05d3fc0, 0x3d0f00, 0x2b37b05d4700) = 6332
6332   0.001572 libjvm.so->dlopen(0x2b37b1e9f9ae, 1, 0xfffffffffff42c48, 4096) = 0x2b37b4000990
6332   0.002298 libjvm.so->getenv(0x2b37b1eba83e, 0, 115, 0x65737361) = 0x7ffe639f56b5
6332   0.000453 libjvm.so->fopen(0x2b37b05d2c10, 0x2b37b1e56ccb, 0x6f732e79666972, 0x2b37b0f98ab0) = 0x2b37b4001440
6332   0.001333 libjvm.so->dlopen(0x2b37b05d2c10, 1, 0xffffffff, 0x2b37b4002b00) = 0x2b37b4001440
6332   0.001398 libjvm.so->fopen(0x2b37b05d2c10, 0x2b37b1e56ccb, 111, 0x732e6176) = 0x2b37b4001b10
6332   0.001526 libjvm.so->dlopen(0x2b37b05d2c10, 1, 0xffffffff, 0x2b37b4001a00) = 0x2b37b4001b10
6332   0.001559 libjvm.so->__xstat(1, 0x2b37b05d3360, 0x2b37b05d3ba0, 0x746f7073746f682e) = -1
6332   0.000461 libjvm.so->getenv(0x2b37b1e4f541, 0x2b37b05d36d0, 1024, 0x2b37b230961b) = 0
6332   0.000478 libjvm.so->getenv(0x2b37b1e4f533, 0x2b37b05d36d0, 1024, 0) = 0
6332   0.000434 libjvm.so->fopen(0x2b37b1e9f315, 0x2b37b1e56ccb, 4095, 0xffffd4c84e1b0b03) = 0x2b37b40032f0
6332   0.001014 libjvm.so->fopen(0x2b37b1e9f361, 0x2b37b1e56ccb, 0x2b37b4000078, 0x2b37b40032e0) = 0x2b37b40032f0
6332   0.000690 libjvm.so->fopen(0x2b37b05cd9b0, 0x2b37b1e56ccb, 4016, 3997) = 0x2b37b40032f0
6332   0.000621 libjvm.so->opendir(0x2b37b4002b40, 0x2b37b4002b40, 13, 16) = 0
6332   0.000463 libjvm.so->__xstat(1, 0x2b37b05d28f0, 0x2b37b05d1860, 0x6f732e7477616d62) = -1
6332   0.000435 libjvm.so->__xstat(1, 0x2b37b05d28f0, 0x2b37b05d1860, 0x5f74776162696c2f) = 0
6332   0.000510 libjvm.so->fopen(0x2b37b05d1b90, 0x2b37b1e56ccb, 4011, 3996) = 0x2b37b40037d0
6332   0.000584 libjvm.so->fopen(0x2b37b05d1b90, 0x2b37b1e56ccb, 4011, 3996) = 0x2b37b40037d0
6332   0.000593 libjvm.so->fopen(0x2b37b05d1b90, 0x2b37b1e56ccb, 4011, 4004) = 0x2b37b40037d0
6332   0.000637 libjvm.so->fopen(0x2b37b05d1b20, 0x2b37b1e56ccb, 4011, 3996) = 0x2b37b40037d0
6332   0.000599 libjvm.so->fopen(0x2b37b05d1b20, 0x2b37b1e56ccb, 4011, 3996) = 0x2b37b40037d0
6332   0.000583 libjvm.so->fopen(0x2b37b05d1b20, 0x2b37b1e56ccb, 4011, 4004) = 0x2b37b40037d0
6332   0.000581 libjvm.so->fopen(0x2b37b05d1b50, 0x2b37b1e56ccb, 4016, 3997) = 0x2b37b40037d0
6332   0.000772 libjvm.so->getenv(0x2b37b1ea00ff, 4096, 3, -1) = 0
6332   0.000888 libjvm.so->fopen(0x2b37b1e9f998, 0x2b37b1e56ccb, 0x2b37b06b7908, 0x2b37b06b6df0) = 0x2b37b40037d0
6332   0.004650 libjvm.so->open(0x2b37b404a5c0, 0x20000, 0, 0x2b37b404a609) = 3
6332   0.000437 libjvm.so->__fxstat(1, 3, 0x2b37b05d3a00, -1) = 0
6332   0.000477 libjvm.so->opendir(0x2b37b404a5c0, 0x2b37b05d3a00, 0x4000, -1) = 0x2b37b404b4d0
6332   0.000537 libjvm.so->__fxstat(1, 3, 0x2b37b05d38a0, 0x2b37b404b4d0) = 0
6332   0.000465 libjvm.so->__fxstat(1, 5, 0x2b37b05d3930, -1) = 0
6332   0.000466 libjvm.so->open(0x2b37b1e6d9dc, 0, 0, 0) = 3
6332   0.000668 libjvm.so->__lxstat(1, 0x2b37b404a5c0, 0x2b37b05d3b50, -144) = 0
6332   0.000446 libjvm.so->open(0x2b37b404a5c0, 0x20000, 0x4000, -1) = 3
6332   0.000467 libjvm.so->__fxstat(1, 3, 0x2b37b05d3a00, -1) = 0
6332   0.000458 libjvm.so->opendir(0x2b37b404a5c0, 0x2b37b05d3a00, 0x4000, -1) = 0x2b37b404b4d0
6332   0.000447 libjvm.so->__fxstat(1, 3, 0x2b37b05d38a0, 0x2b37b404b4d0) = 0
6332   0.000459 libjvm.so->__fxstat(1, 5, 0x2b37b05d3930, -1) = 0
6332   0.000903 libjvm.so->open(0x2b37b1e6d9dc, 0, 0, 0) = 3
6332   0.000529 libjvm.so->open(0x2b37b404a609, 0x20042, 384, -1) = 7
6332   0.000847 libjvm.so->__fxstat(1, 7, 0x2b37b05d3b50, -1) = 0
6332   0.001985 libjvm.so->fopen(0x2b37b05d2b60, 0x2b37b1e56ccb, 4, 0x6f732e70) = 0x2b37b4057c20
6332   0.001687 libjvm.so->dlopen(0x2b37b05d2b60, 1, 0xffffffff, 0x2b37b4057b00) = 0x2b37b4057c20
6332   0.001453 libjvm.so->__xstat(1, 0x2b37b05d3120, 0x2b37b05d3950, 2048) = 0
6332   0.000467 libjvm.so->__xstat(1, 0x2b37b05d3120, 0x2b37b05d3950, 2048) = 0
6332   0.000456 libjvm.so->__xstat(1, 0x2b37b05d3120, 0x2b37b05d3950, 2048) = -1
6332   0.000472 libjvm.so->__xstat(1, 0x2b37b05d3120, 0x2b37b05d3950, 2048) = 0
6332   0.000440 libjvm.so->__xstat(1, 0x2b37b05d3120, 0x2b37b05d3950, 2048) = 0
6332   0.000471 libjvm.so->__xstat(1, 0x2b37b05d3120, 0x2b37b05d3950, 2048) = 0
6332   0.000503 libjvm.so->__xstat(1, 0x2b37b05d3120, 0x2b37b05d3950, 2048) = 0
6332   0.000519 libjvm.so->__xstat(1, 0x2b37b05d3120, 0x2b37b05d3950, 2048) = -1
6332   0.000479 libjvm.so->fopen(0x2b37b4002520, 0x2b37b1e56ccb, 0, 0) = 0x2b37b4058ac0
6332   0.010247 libjvm.so->open64(0x2b37b05d2410, 0, 0, 16) = 3
6332   0.000501 libjvm.so->__fxstat64(1, 3, 0x2b37b05d2240, -1) = 0
6332   0.039969 libjvm.so->__xstat(1, 0x2b37b05d2f20, 0x2b37b05d3750, 2048) = -1
6332   0.000590 libjvm.so->fopen(0x2b37b05d1b20, 0x2b37b1e56ccb, 4011, 3996) = 0x2b37b40b5d40
6332   0.000632 libjvm.so->fopen(0x2b37b05d1b20, 0x2b37b1e56ccb, 4011, 3996) = 0x2b37b40b5d40
6332   0.000607 libjvm.so->fopen(0x2b37b05d1b20, 0x2b37b1e56ccb, 4011, 4004) = 0x2b37b40b5d40
6332   0.004482 libjvm.so->pthread_attr_setdetachstate(0x2b37b05d3c00, 1, 0, 0) = 0
6332   0.000601 libpthread.so.0->__clone(0x2b37b06c0de0, 0x2b37b3d38fc0, 0x3d0f00, 0x2b37b3d39700) = 6338
6332   0.018614 libjvm.so->pthread_attr_setdetachstate(0x2b37b05d3290, 1, 0, 0) = 0
6332   0.000747 libpthread.so.0->__clone(0x2b37b06c0de0, 0x2b37b3e39fc0, 0x3d0f00, 0x2b37b3e3a700) = 6339
6332   0.008059 libjvm.so->pthread_attr_setdetachstate(0x2b37b05d3610, 1, 0, 0) = 0
6332   0.000808 libpthread.so.0->__clone(0x2b37b06c0de0, 0x2b37b3f3afc0, 0x3d0f00, 0x2b37b3f3b700) = 6340
6332   0.041432 libjvm.so->fopen(0x2b37b40f1810, 0x2b37b1e56ccb, 4, 0x6f732e70) = 0x2b37b40f1d10
6332   0.001973 libjvm.so->dlopen(0x2b37b40f1810, 1, 0xffffffff, 0x2b37b40e8c00) = 0x2b37b4057c20
6332   0.005019 libjvm.so->open64(0x2b37b05d2510, 0, 0, 16) = 5
6332   0.000894 libjvm.so->__fxstat64(1, 5, 0x2b37b05d2340, -1) = 0
6332   0.019542 libjvm.so->fopen(0x2b37b05cf130, 0x2b37b1e56ccb, 4011, 3996) = 0x2b37b40fcce0
6332   0.001077 libjvm.so->fopen(0x2b37b05cf130, 0x2b37b1e56ccb, 4011, 3996) = 0x2b37b40fcce0
6332   0.001048 libjvm.so->fopen(0x2b37b05cf130, 0x2b37b1e56ccb, 4011, 4004) = 0x2b37b40fcce0
6332   0.015456 libjvm.so->pthread_attr_setdetachstate(0x2b37b05d3b50, 1, 0, 0) = 0
6332   0.000920 libpthread.so.0->__clone(0x2b37b06c0de0, 0x2b37c930bfc0, 0x3d0f00, 0x2b37c930c700) = 6341
6332   0.001493 libjvm.so->__xstat64(1, 0x2b37b05d3be0, 0x2b37b05d3b50, 18) = -1
6332   0.001110 libjvm.so->pthread_attr_setdetachstate(0x2b37b05d3950, 1, 0, 0) = 0
6332   0.001179 libpthread.so.0->__clone(0x2b37b06c0de0, 0x2b37c940cfc0, 0x3d0f00, 0x2b37c940d700) = 6342
6332   0.001676 libjvm.so->pthread_attr_setdetachstate(0x2b37b05d3950, 1, 0, 0) = 0
6332   0.001303 libpthread.so.0->__clone(0x2b37b06c0de0, 0x2b37c950dfc0, 0x3d0f00, 0x2b37c950e700) = 6343
6332   0.007615 libjvm.so->pthread_attr_setdetachstate(0x2b37b05d3aa0, 1, 0, 0) = 0
6332   0.002260 libpthread.so.0->__clone(0x2b37b06c0de0, 0x2b37c960efc0, 0x3d0f00, 0x2b37c960f700) = 6344
6332   0.002194 libjvm.so->pthread_attr_setdetachstate(0x2b37b05d3bb0, 1, 0, 0) = 0
6332   0.002136 libpthread.so.0->__clone(0x2b37b06c0de0, 0x2b37c970ffc0, 0x3d0f00, 0x2b37c9710700) = 6345
6332   0.014929 libjvm.so->open64(0x2b37b41368d0, 0, 0, 16) = 7
6332   0.002268 libjvm.so->__fxstat64(1, 7, 0x2b37b05d0f60, -1) = 0
6332   0.026994 libjvm.so->fopen(0x2b37b415c700, 0x2b37b1e56ccb, 4, 0x6f732e6f) = 0x2b37b415c7c0
6332   0.004945 libjvm.so->dlopen(0x2b37b415c700, 1, 0xffffffff, 0x2b37b415c700) = 0x2b37b415c7c0
6332   0.099496 libjvm.so->fopen(0x2b37b05cde40, 0x2b37b1e56ccb, 0x6f732e, 0x6d766a62696c2f72) = 0x2b37b4171f00
6332   0.005954 libjvm.so->dlopen(0x2b37b05cde40, 1, 0xffffffff, 0x2b37b4171e00) = 0x558bfc9804b0
6332   0.001670 libjvm.so->fopen(0x2b37b05cde40, 0x2b37b1e56ccb, 0x6f732e, 0x6d766a62696c2f72) = 0x2b37b4172300
6332   0.004684 libjvm.so->dlopen(0x2b37b05cde40, 1, 0xffffffff, 0x2b37b4171e00) = 0x558bfc9804b0
6332   0.001674 libjvm.so->fopen(0x2b37b05cde40, 0x2b37b1e56ccb, 0x6f732e, 0x6d766a62696c2f72) = 0x2b37b4171f00
6332   0.003287 libjvm.so->dlopen(0x2b37b05cde40, 1, 0xffffffff, 0x2b37b4171e00) = 0x558bfc9804b0
6332   0.001671 libjvm.so->fopen(0x2b37b05cde40, 0x2b37b1e56ccb, 0x6f732e, 0x6d766a62696c2f72) = 0x2b37b4171f00
6332   0.003267 libjvm.so->dlopen(0x2b37b05cde40, 1, 0xffffffff, 0x2b37b4171e00) = 0x558bfc9804b0
6332   0.046897 libjvm.so->fopen(0x2b37b41ad560, 0x2b37b1e56ccb, 4, 0x6f732e74) = 0x2b37b41c5340
6332   0.003382 libjvm.so->dlopen(0x2b37b41ad560, 1, 0xffffffff, 0x2b37b41b7400) = 0x2b37b41c5340
6332   0.149226 libjvm.so->fopen(0x2b37b42185d0, 0x2b37b1e56ccb, 0x6f732e7373656c, 0x656c646165685f74) = 0x2b37b42186b0
6332   0.003137 libjvm.so->dlopen(0x2b37b42185d0, 1, 0xffffffff, 0x2b37b4218600) = 0x2b37b42186b0
6345   0.040349 +++ exited (status 0) +++
6341   0.000431 +++ exited (status 0) +++
6338   0.000307 +++ exited (status 0) +++
6332   0.000789 +++ exited (status 0) +++
6344   0.000295 +++ exited (status 1) +++
6343   0.000024 +++ exited (status 1) +++
6340   0.000023 +++ exited (status 1) +++
6339   0.000015 +++ exited (status 1) +++
6342   0.005280 +++ exited (status 1) +++
6331   0.000047 +++ exited (status 1) +++
Wrote an ltrace for command: "java -cp ./tools/maxent.jar density.Project outputs/Platypterocis_paradoxus_Lea/Platypterocis_paradoxus_Lea.lambdas data/layers/worldclim outputs/Platypterocis_paradoxus_Lea_worldclim.asc nowarnings nocache autorun -z" with PID 6329 from PPID 6313 on disc21.crc.nd.edu with result 1
_CONDOR_ANCESTOR_26812=26825:1600190003:4071021974
REMOTEHOST=10.17.150.11
_CONDOR_JOB_PIDS=
MANPATH=/afs/crc.nd.edu/user/n/nkremerh/cctools/share/man/:/afs/crc.nd.edu/group/ccl/software/x86_64/redhat7/ruby/current/share/man:/afs/crc.nd.edu/group/ccl/software/x86_64/redhat7/graphviz/current/share/man:/afs/crc.nd.edu/group/ccl/software/x86_64/redhat7/gnuplot/current/share/man:/afs/crc.nd.edu/group/ccl/software/x86_64/redhat7/git/current/share/man:/afs/crc.nd.edu/group/ccl/software/x86_64/redhat7/condor/current/share/man:/afs/crc.nd.edu/group/ccl/software/x86_64/redhat7/clang/current/share/man:/afs/crc.nd.edu/group/ccl/software/x86_64/redhat7/condor/current/share/man:/afs/crc.nd.edu/group/ccl/software/x86_64/redhat7/cctools/current/share/man:/afs/crc.nd.edu/group/ccl/software/x86_64/redhat7/cctools/current/share/man:/afs/crc.nd.edu/x86_64_linux/Modules/4.5.0/share/man:/opt/crc/usr/local/man:/opt/sge/man:/usr/share/man/overrides:/usr/share/man:/usr/local/share/man
XDG_SESSION_ID=4102
_CONDOR_ANCESTOR_3669=26812:1600190001:729388560
HOSTNAME=disc01.crc.nd.edu
_LMFILES__modshare=/afs/crc.nd.edu/x86_64_linux/Modules/modules/system_modules/CRC_default/1.1:1
MODULEPATH_modshare=/afs/crc.nd.edu/x86_64_linux/Modules/modules/general_software:1:/afs/crc.nd.edu/x86_64_linux/Modules/modules/development_tools_and_libraries:1:/afs/crc.nd.edu/x86_64_linux/Modules/modules/system_modules:1:/afs/crc.nd.edu/x86_64_linux/Modules/current/modulefiles:1:/afs/crc.nd.edu/x86_64_linux/Modules/modules/restricted_software:1:/afs/crc.nd.edu/x86_64_linux/Modules/modules/deprecated_software:1
MODULES_CMD=/afs/crc.nd.edu/x86_64_linux/Modules/4.5.0/libexec/modulecmd.tcl
HOST=disc01.crc.nd.edu
SHELL=/bin/tcsh
TERM=xterm-256color
MAKEFLAGS=
HISTSIZE=5000
TMPDIR=/var/condor/execute/dir_26812/worker-213124-26851/t.1448/cctools-temp-t.1448.3Cfwtn
SSH_CLIENT=10.17.150.11 36546 22
PERL5LIB=/afs/crc.nd.edu/user/n/nkremerh/cctools/lib/perl5/site_perl/5.16.3:/afs/crc.nd.edu/user/n/nkremerh/.perl5/lib/perl5
SGE_CELL=crc
_CONDOR_SCRATCH_DIR=/var/condor/execute/dir_26812
PERL_MB_OPT=--install_base '/afs/crc.nd.edu/user/n/nkremerh/.perl5/'
SSH_TTY=/dev/pts/2
SGE_LOAD_AVG=load_avg
MAKEFLOW_MAX_LOCAL_JOBS=2
HISTFILESIZE=10000
_CHIRP_DELAYED_UPDATE_PREFIX=Chirp*
USER=nkremerh
GROUP=campus
LD_LIBRARY_PATH=/afs/crc.nd.edu/group/ccl/software/x86_64/redhat7/ruby/current/lib:/afs/crc.nd.edu/group/ccl/software/x86_64/redhat7/graphviz/current/lib:/afs/crc.nd.edu/group/ccl/software/x86_64/redhat7/git/current/lib:/afs/crc.nd.edu/group/ccl/software/x86_64/redhat7/condor/current/lib:/afs/crc.nd.edu/group/ccl/software/x86_64/redhat7/clang/current/lib:/afs/crc.nd.edu/group/ccl/software/x86_64/redhat7/condor/current/lib:/afs/crc.nd.edu/group/ccl/software/x86_64/redhat7/cctools/current/lib:/opt/crc/usr/local/lib
TEMP=/var/condor/execute/dir_26812/worker-213124-26851/t.1448/cctools-temp-t.1448.3Cfwtn
BATCH_SYSTEM=HTCondor
WORKER_TMPDIR=/var/condor/execute/dir_26812/worker-213124-26851/cache/tmp
ENV=/afs/crc.nd.edu/x86_64_linux/Modules/4.5.0/init/profile.sh
MODULES_LMALTNAME=CRC_default/1.1&CRC_default/default&CRC_default
_CONDOR_CHIRP_CONFIG=/var/condor/execute/dir_26812/.chirp.config
GLOBUS_GSSAPI_MAX_TLS_PROTOCOL=0
_CONDOR_HIGHPORT=9999
HOSTTYPE=x86_64-linux
MAKELEVEL=1
MFLAGS=
CCLSOFTWARE=/afs/crc.nd.edu/group/ccl/software/x86_64/redhat7
PATH=/afs/crc.nd.edu/user/n/nkremerh/cctools/bin:/afs/crc.nd.edu/user/n/nkremerh/miniconda/bin:/afs/crc.nd.edu/group/ccl/software/git:/afs/crc.nd.edu/user/n/nkremerh/.local/bin:/afs/crc.nd.edu/group/ccl/software/x86_64/redhat7/povray/3.7/bin:/afs/crc.nd.edu/user/n/nkremerh/.perl5/bin:/afs/crc.nd.edu/user/n/nkremerh/pegasus/bin:/afs/crc.nd.edu/user/n/nkremerh/nodejs/bin:/afs/crc.nd.edu/user/n/nkremerh/montage/bin:/afs/crc.nd.edu/user/n/nkremerh/latexdiff:/afs/crc.nd.edu/user/n/nkremerh/envtrace:/afs/crc.nd.edu/user/n/nkremerh/endlines:/afs/crc.nd.edu/user/n/nkremerh/cctools/bin:/afs/crc.nd.edu/user/n/nkremerh/.cargo/bin:/afs/crc.nd.edu/group/ccl/software/x86_64/redhat7/ruby/current/bin:/afs/crc.nd.edu/group/ccl/software/x86_64/redhat7/graphviz/current/bin:/afs/crc.nd.edu/group/ccl/software/x86_64/redhat7/gnuplot/current/bin:/afs/crc.nd.edu/group/ccl/software/x86_64/redhat7/git/current/bin:/afs/crc.nd.edu/group/ccl/software/x86_64/redhat7/condor/current/sbin:/afs/crc.nd.edu/group/ccl/software/x86_64/redhat7/condor/current/bin:/afs/crc.nd.edu/group/ccl/software/x86_64/redhat7/cmake/current/bin:/afs/crc.nd.edu/group/ccl/software/x86_64/redhat7/clang/current/bin:/afs/crc.nd.edu/group/ccl/software/x86_64/redhat7/condor/current/sbin:/afs/crc.nd.edu/group/ccl/software/x86_64/redhat7/condor/current/bin:/afs/crc.nd.edu/group/ccl/software/x86_64/redhat7/cctools/current/bin:/afs/crc.nd.edu/x86_64_linux/Modules/4.5.0/bin:/opt/crc/usr/local/bin:/opt/sge/bin/lx-amd64:/usr/local/bin:/usr/bin:/usr/local/sbin:/usr/sbin:/afs/crc.nd.edu/user/c/condor/software/bin:/afs/crc.nd.edu/user/c/condor/software/sbin
MAIL=/var/spool/mail/nkremerh
PWD=/var/condor/execute/dir_26812/worker-213124-26851/t.1448
_LMFILES_=/afs/crc.nd.edu/x86_64_linux/Modules/modules/system_modules/CRC_default/1.1
SGE_EXECD_PORT=6445
EDITOR=vim
LANG=en_US.UTF-8
MODULEPATH=/afs/crc.nd.edu/x86_64_linux/Modules/modules/development_tools_and_libraries:/afs/crc.nd.edu/x86_64_linux/Modules/modules/general_software:/afs/crc.nd.edu/x86_64_linux/Modules/modules/restricted_software:/afs/crc.nd.edu/x86_64_linux/Modules/modules/system_modules:/afs/crc.nd.edu/x86_64_linux/Modules/modules/deprecated_software:/afs/crc.nd.edu/x86_64_linux/Modules/current/modulefiles
SGE_QMASTER_PORT=6444
SGE_ROOT=/opt/sge
LOADEDMODULES=CRC_default/1.1
WORK_QUEUE_SANDBOX=/var/condor/execute/dir_26812/worker-213124-26851
_CONDOR_SLOT=slot1
CCLPLATFORM=x86_64/redhat7
USE_SYSTEMD=true
_CONDOR_LOWPORT=9100
KRB5CCNAME=FILE:/tmp/krb5cc_213124_DZSV7p
HISTCONTROL=ignoreboth:erasedups
PATH_modshare=/opt/crc/usr/local/bin:1:/opt/sge/bin/lx-amd64:1:/usr/sbin:1:/usr/bin:1:/afs/crc.nd.edu/user/c/condor/software/sbin:1:/usr/local/sbin:1:/afs/crc.nd.edu/user/c/condor/software/bin:1:/usr/local/bin:1
SHLVL=7
HOME=disc01.crc.nd.edu
GLOBUS_GSSAPI_NAME_COMPATIBILITY=STRICT_RFC2818
_CONDOR_MACHINE_AD=/var/condor/execute/dir_26812/.machine.ad
OSTYPE=linux
DISK=917490
GREP_OPTIONS=--color=auto
GLOBUS_GSSAPI_MIN_TLS_PROTOCOL=TLS1_VERSION
MEMORY=15899
MANPATH_modshare=/usr/share/man/overrides:1:/usr/local/share/man:1:/usr/share/man:1:/opt/crc/usr/local/man:1:/opt/sge/man:1
VENDOR=unknown
BASH_ENV=/afs/crc.nd.edu/x86_64_linux/Modules/4.5.0/init/bash
PERL_LOCAL_LIB_ROOT=/afs/crc.nd.edu/user/n/nkremerh/.perl5/
PYTHONPATH=/afs/crc.nd.edu/user/n/nkremerh/cctools/lib/python3.6/site-packages/
CCLHOME=/afs/crc.nd.edu/group/ccl
MACHTYPE=x86_64
LOGNAME=nkremerh
TMP=/var/condor/execute/dir_26812/worker-213124-26851/t.1448/cctools-temp-t.1448.3Cfwtn
LD_LIBRARY_PATH_modshare=/opt/crc/usr/local/lib:1
MODULES_LMALTNAME_modshare=CRC_default/1.1&CRC_default/default&CRC_default:1
SSH_CONNECTION=10.17.150.11 36546 129.74.128.103 22
_CONDOR_ANCESTOR_3314=3669:1598183978:1434769074
MODULESHOME=/afs/crc.nd.edu/x86_64_linux/Modules/4.5.0
OMP_NUM_THREADS=1
LESSOPEN=||/usr/bin/lesspipe.sh %s
GLOBUS_GSSAPI_BACKWARD_COMPATIBLE_MIC=true
GLOBUS_GSSAPI_CIPHERS=HIGH
LOADEDMODULES_modshare=CRC_default/1.1:1
_CONDOR_JOB_AD=/var/condor/execute/dir_26812/.job.ad
SGE_CLUSTER_NAME=CRC
XDG_RUNTIME_DIR=/run/user/213124
CCTOOLS=../cctools
CORES=4
_CONDOR_JOB_IWD=/var/condor/execute/dir_26812
PERL_MM_OPT=INSTALL_BASE=/afs/crc.nd.edu/user/n/nkremerh/.perl5/
GLOBUS_GSSAPI_SERVER_CIPHER_ORDER=true
BASH_FUNC_module()=() {  unset _mlshdbg;
 if [ "${MODULES_SILENT_SHELL_DEBUG:-0}" = '1' ]; then
 case "$-" in 
 *v*x*)
 set +vx;
 _mlshdbg='vx'
 ;;
 *v*)
 set +v;
 _mlshdbg='v'
 ;;
 *x*)
 set +x;
 _mlshdbg='x'
 ;;
 *)
 _mlshdbg=''
 ;;
 esac;
 fi;
 unset _mlre _mlIFS;
 if [ -n "${IFS+x}" ]; then
 _mlIFS=$IFS;
 fi;
 IFS=' ';
 for _mlv in ${MODULES_RUN_QUARANTINE:-};
 do
 if [ "${_mlv}" = "${_mlv##*[!A-Za-z0-9_]}" -a "${_mlv}" = "${_mlv#[0-9]}" ]; then
 if [ -n "`eval 'echo ${'$_mlv'+x}'`" ]; then
 _mlre="${_mlre:-}${_mlv}_modquar='`eval 'echo ${'$_mlv'}'`' ";
 fi;
 _mlrv="MODULES_RUNENV_${_mlv}";
 _mlre="${_mlre:-}${_mlv}='`eval 'echo ${'$_mlrv':-}'`' ";
 fi;
 done;
 if [ -n "${_mlre:-}" ]; then
 eval `eval ${_mlre}/usr/bin/tclsh /afs/crc.nd.edu/x86_64_linux/Modules/4.5.0/libexec/modulecmd.tcl bash '"$@"'`;
 else
 eval `/usr/bin/tclsh /afs/crc.nd.edu/x86_64_linux/Modules/4.5.0/libexec/modulecmd.tcl bash "$@"`;
 fi;
 _mlstatus=$?;
 if [ -n "${_mlIFS+x}" ]; then
 IFS=$_mlIFS;
 else
 unset IFS;
 fi;
 unset _mlre _mlv _mlrv _mlIFS;
 if [ -n "${_mlshdbg:-}" ]; then
 set -$_mlshdbg;
 fi;
 unset _mlshdbg;
 return $_mlstatus
}
BASH_FUNC_ml()=() {  module ml "$@"
}
_=/usr/bin/printenv
