28168   0.000000 libjli.so->getenv("_JAVA_LAUNCHER_DEBUG") = nil
28168   0.001881 libjli.so->getenv("_JAVA_VERSION_SET") = nil
28168   0.000887 libjli.so->fopen("/usr/lib/jvm/java-1.8.0-openjdk-1.8.0.262.b10-0.el7_8.x86_64/jre/lib/amd64/jvm.cfg", "r") = 0x560b0a91f0f0
28168   0.000816 libjli.so->getenv("JDK_ALTERNATE_VM") = nil
28168   0.000309 libjli.so->__xstat(1, "/usr/lib/jvm/java-1.8.0-openjdk-1.8.0.262.b10-0.el7_8.x86_64/jre/lib/amd64/server/libjvm.so", 0x7ffc9e4346e0) = 0
28168   0.000619 libjli.so->getenv("LD_LIBRARY_PATH") = "/afs/crc.nd.edu/group/ccl/software/x86_64/redhat7/ruby/current/lib:/afs/crc.nd.edu/group/ccl/software/x86_64/redhat7/graphviz/current/lib:/afs/crc.nd.edu/group/ccl/software/x86_64/redhat7/git/current/lib:/afs/crc.nd.edu/group/ccl/software/x86_64/redhat7/condor/current/lib:/afs/crc.nd.edu/group/ccl/software/x86_64/redhat7/clang/current/lib:/afs/crc.nd.edu/group/ccl/software/x86_64/redhat7/condor/current/lib:/afs/crc.nd.edu/group/ccl/software/x86_64/redhat7/cctools/current/lib:/opt/crc/usr/local/lib"
28168   0.002215 libjli.so->dlopen("/usr/lib/jvm/java-1.8.0-openjdk-1.8.0.262.b10-0.el7_8.x86_64/jre/lib/amd64/server/libjvm.so", 258 <unfinished ...>
28168   0.038050 libjvm.so->getenv("NMT_LEVEL_28168") = nil
28168   0.001656 <... dlopen resumed> )          = 0x560b0a91f4c0
28168   0.000080 libjli.so->getenv("CLASSPATH")  = nil
28168   0.000313 libjli.so->getenv("_JAVA_SPLASH_JAR") = nil
28168   0.000328 libjli.so->getenv("_JAVA_SPLASH_FILE") = nil
28168   0.000428 libjli.so->pthread_attr_setdetachstate(0x7ffc9e434690, 0, 0x7ffc9e434720, 0) = 0
28168   0.000466 libpthread.so.0->__clone(0x2b9b77137de0, 0x2b9b7704afc0, 0x3d0f00, 0x2b9b7704b700) = 0x6e0b
28171   0.002100 libjvm.so->dlopen(0x2b9b789169ae, 1, 0xfffffffffff42c48, 4096) = 0x2b9b7c000990
28171   0.002878 libjvm.so->getenv(0x2b9b7893183e, 0, 115, 0x65737361) = 0x7ffc9e43b70f
28171   0.000467 libjvm.so->fopen(0x2b9b77049c10, 0x2b9b788cdccb, 0x6f732e79666972, 0x2b9b77a0fab0) = 0x2b9b7c001440
28171   0.001426 libjvm.so->dlopen(0x2b9b77049c10, 1, 0xffffffff, 0x2b9b7c002b00) = 0x2b9b7c001440
28171   0.001447 libjvm.so->fopen(0x2b9b77049c10, 0x2b9b788cdccb, 111, 0x732e6176) = 0x2b9b7c001b10
28171   0.001581 libjvm.so->dlopen(0x2b9b77049c10, 1, 0xffffffff, 0x2b9b7c001a00) = 0x2b9b7c001b10
28171   0.001547 libjvm.so->__xstat(1, 0x2b9b7704a360, 0x2b9b7704aba0, 0x746f7073746f682e) = -1
28171   0.000479 libjvm.so->getenv(0x2b9b788c6541, 0x2b9b7704a6d0, 1024, 0x2b9b78d8061b) = 0
28171   0.000447 libjvm.so->getenv(0x2b9b788c6533, 0x2b9b7704a6d0, 1024, 0) = 0
28171   0.000428 libjvm.so->fopen(0x2b9b78916315, 0x2b9b788cdccb, 4095, 0xffffd46487739b03) = 0x2b9b7c0032b0
28171   0.001026 libjvm.so->fopen(0x2b9b78916361, 0x2b9b788cdccb, 0x2b9b7c000078, 0x2b9b7c0032a0) = 0x2b9b7c0032b0
28171   0.000701 libjvm.so->fopen(0x2b9b770449b0, 0x2b9b788cdccb, 4016, 3997) = 0x2b9b7c0032b0
28171   0.000618 libjvm.so->opendir(0x2b9b7c002b40, 0x2b9b7c002b40, 13, 16) = 0
28171   0.000477 libjvm.so->__xstat(1, 0x2b9b770498f0, 0x2b9b77048860, 0x6f732e7477616d62) = -1
28171   0.000435 libjvm.so->__xstat(1, 0x2b9b770498f0, 0x2b9b77048860, 0x5f74776162696c2f) = 0
28171   0.000496 libjvm.so->fopen(0x2b9b77048b90, 0x2b9b788cdccb, 4011, 3996) = 0x2b9b7c003790
28171   0.000598 libjvm.so->fopen(0x2b9b77048b90, 0x2b9b788cdccb, 4011, 3996) = 0x2b9b7c003790
28171   0.000639 libjvm.so->fopen(0x2b9b77048b90, 0x2b9b788cdccb, 4011, 4004) = 0x2b9b7c003790
28171   0.000630 libjvm.so->fopen(0x2b9b77048b20, 0x2b9b788cdccb, 4011, 3996) = 0x2b9b7c003790
28171   0.000608 libjvm.so->fopen(0x2b9b77048b20, 0x2b9b788cdccb, 4011, 3996) = 0x2b9b7c003790
28171   0.000587 libjvm.so->fopen(0x2b9b77048b20, 0x2b9b788cdccb, 4011, 4004) = 0x2b9b7c003790
28171   0.000601 libjvm.so->fopen(0x2b9b77048b50, 0x2b9b788cdccb, 4016, 3997) = 0x2b9b7c003790
28171   0.000796 libjvm.so->getenv(0x2b9b789170ff, 4096, 3, -1) = 0
28171   0.000899 libjvm.so->fopen(0x2b9b78916998, 0x2b9b788cdccb, 0x2b9b7712e908, 0x2b9b7712ddf0) = 0x2b9b7c003790
28171   0.004662 libjvm.so->open(0x2b9b7c04a580, 0x20000, 0, 0x2b9b7c04a5c9) = 3
28171   0.000446 libjvm.so->__fxstat(1, 3, 0x2b9b7704aa00, -1) = 0
28171   0.000473 libjvm.so->opendir(0x2b9b7c04a580, 0x2b9b7704aa00, 0x4000, -1) = 0x2b9b7c04b490
28171   0.000469 libjvm.so->__fxstat(1, 3, 0x2b9b7704a8a0, 0x2b9b7c04b490) = 0
28171   0.000446 libjvm.so->__fxstat(1, 5, 0x2b9b7704a930, -1) = 0
28171   0.000471 libjvm.so->open(0x2b9b788e49dc, 0, 0, 0) = 3
28171   0.000659 libjvm.so->__lxstat(1, 0x2b9b7c04a580, 0x2b9b7704ab50, -144) = 0
28171   0.000465 libjvm.so->open(0x2b9b7c04a580, 0x20000, 0x4000, -1) = 3
28171   0.000451 libjvm.so->__fxstat(1, 3, 0x2b9b7704aa00, -1) = 0
28171   0.000465 libjvm.so->opendir(0x2b9b7c04a580, 0x2b9b7704aa00, 0x4000, -1) = 0x2b9b7c04b490
28171   0.000430 libjvm.so->__fxstat(1, 3, 0x2b9b7704a8a0, 0x2b9b7c04b490) = 0
28171   0.000448 libjvm.so->__fxstat(1, 5, 0x2b9b7704a930, -1) = 0
28171   0.000454 libjvm.so->open(0x2b9b788e49dc, 0, 0, 0) = 3
28171   0.000485 libjvm.so->open(0x2b9b7c04a5c9, 0x20042, 384, -1) = 7
28171   0.000563 libjvm.so->__fxstat(1, 7, 0x2b9b7704ab50, -1) = 0
28171   0.001687 libjvm.so->fopen(0x2b9b77049b60, 0x2b9b788cdccb, 4, 0x6f732e70) = 0x2b9b7c057be0
28171   0.001469 libjvm.so->dlopen(0x2b9b77049b60, 1, 0xffffffff, 0x2b9b7c057b00) = 0x2b9b7c057be0
28171   0.001545 libjvm.so->__xstat(1, 0x2b9b7704a120, 0x2b9b7704a950, 2048) = 0
28171   0.000452 libjvm.so->__xstat(1, 0x2b9b7704a120, 0x2b9b7704a950, 2048) = 0
28171   0.000428 libjvm.so->__xstat(1, 0x2b9b7704a120, 0x2b9b7704a950, 2048) = -1
28171   0.000437 libjvm.so->__xstat(1, 0x2b9b7704a120, 0x2b9b7704a950, 2048) = 0
28171   0.000493 libjvm.so->__xstat(1, 0x2b9b7704a120, 0x2b9b7704a950, 2048) = 0
28171   0.000425 libjvm.so->__xstat(1, 0x2b9b7704a120, 0x2b9b7704a950, 2048) = 0
28171   0.000550 libjvm.so->__xstat(1, 0x2b9b7704a120, 0x2b9b7704a950, 2048) = 0
28171   0.000474 libjvm.so->__xstat(1, 0x2b9b7704a120, 0x2b9b7704a950, 2048) = -1
28171   0.000589 libjvm.so->fopen(0x2b9b7c002520, 0x2b9b788cdccb, 0, 0) = 0x2b9b7c058a80
28171   0.009086 libjvm.so->open64(0x2b9b77049410, 0, 0, 16) = 3
28171   0.000490 libjvm.so->__fxstat64(1, 3, 0x2b9b77049240, -1) = 0
28171   0.036848 libjvm.so->__xstat(1, 0x2b9b77049f20, 0x2b9b7704a750, 2048) = -1
28171   0.000695 libjvm.so->fopen(0x2b9b77048b20, 0x2b9b788cdccb, 4011, 3996) = 0x2b9b7c0b5ec0
28171   0.000822 libjvm.so->fopen(0x2b9b77048b20, 0x2b9b788cdccb, 4011, 3996) = 0x2b9b7c0b5ec0
28171   0.000617 libjvm.so->fopen(0x2b9b77048b20, 0x2b9b788cdccb, 4011, 4004) = 0x2b9b7c0b5ec0
28171   0.004363 libjvm.so->pthread_attr_setdetachstate(0x2b9b7704ac00, 1, 0, 0) = 0
28171   0.000497 libpthread.so.0->__clone(0x2b9b77137de0, 0x2b9b7bfeafc0, 0x3d0f00, 0x2b9b7bfeb700) = 0x6e0d
28171   0.016173 libjvm.so->pthread_attr_setdetachstate(0x2b9b7704a290, 1, 0, 0) = 0
28171   0.000718 libpthread.so.0->__clone(0x2b9b77137de0, 0x2b9b8fad0fc0, 0x3d0f00, 0x2b9b8fad1700) = 0x6e0f
28171   0.007229 libjvm.so->pthread_attr_setdetachstate(0x2b9b7704a610, 1, 0, 0) = 0
28171   0.000819 libpthread.so.0->__clone(0x2b9b77137de0, 0x2b9b8fbd1fc0, 0x3d0f00, 0x2b9b8fbd2700) = 0x6e12
28171   0.040912 libjvm.so->fopen(0x2b9b7c0ec390, 0x2b9b788cdccb, 4, 0x6f732e70) = 0x2b9b7c0f1cd0
28171   0.002090 libjvm.so->dlopen(0x2b9b7c0ec390, 1, 0xffffffff, 0x2b9b7c0ec200) = 0x2b9b7c057be0
28171   0.005278 libjvm.so->open64(0x2b9b77049510, 0, 0, 16) = 5
28171   0.000962 libjvm.so->__fxstat64(1, 5, 0x2b9b77049340, -1) = 0
28171   0.019578 libjvm.so->fopen(0x2b9b77046130, 0x2b9b788cdccb, 4011, 3996) = 0x2b9b7c0fcc60
28171   0.001238 libjvm.so->fopen(0x2b9b77046130, 0x2b9b788cdccb, 4011, 3996) = 0x2b9b7c0fcc60
28171   0.001152 libjvm.so->fopen(0x2b9b77046130, 0x2b9b788cdccb, 4011, 4004) = 0x2b9b7c0fcc60
28171   0.015363 libjvm.so->pthread_attr_setdetachstate(0x2b9b7704ab50, 1, 0, 0) = 0
28171   0.001102 libpthread.so.0->__clone(0x2b9b77137de0, 0x2b9b8fcd2fc0, 0x3d0f00, 0x2b9b8fcd3700) = 0x6e14
28171   0.001549 libjvm.so->__xstat64(1, 0x2b9b7704abe0, 0x2b9b7704ab50, 19) = -1
28171   0.001207 libjvm.so->pthread_attr_setdetachstate(0x2b9b7704a950, 1, 0, 0) = 0
28171   0.001745 libpthread.so.0->__clone(0x2b9b77137de0, 0x2b9b8fdd3fc0, 0x3d0f00, 0x2b9b8fdd4700) = 0x6e16
28171   0.001807 libjvm.so->pthread_attr_setdetachstate(0x2b9b7704a950, 1, 0, 0) = 0
28171   0.001356 libpthread.so.0->__clone(0x2b9b77137de0, 0x2b9b8fed4fc0, 0x3d0f00, 0x2b9b8fed5700) = 0x6e18
28171   0.010968 libjvm.so->pthread_attr_setdetachstate(0x2b9b7704aaa0, 1, 0, 0) = 0
28171   0.001588 libpthread.so.0->__clone(0x2b9b77137de0, 0x2b9b8ffd5fc0, 0x3d0f00, 0x2b9b8ffd6700) = 0x6e1a
28171   0.002645 libjvm.so->pthread_attr_setdetachstate(0x2b9b7704abb0, 1, 0, 0) = 0
28171   0.001688 libpthread.so.0->__clone(0x2b9b77137de0, 0x2b9b9e642fc0, 0x3d0f00, 0x2b9b9e643700) = 0x6e1c
28171   0.019768 libjvm.so->open64(0x2b9b7c1269d0, 0, 0, 16) = 7
28171   0.001824 libjvm.so->__fxstat64(1, 7, 0x2b9b77047f60, -1) = 0
28171   0.030628 libjvm.so->fopen(0x2b9b7c14c690, 0x2b9b788cdccb, 4, 0x6f732e6f) = 0x2b9b7c14c750
28171   0.008762 libjvm.so->dlopen(0x2b9b7c14c690, 1, 0xffffffff, 0x2b9b7c14c600) = 0x2b9b7c14c750
28171   0.146848 libjvm.so->fopen(0x2b9b7c18d060, 0x2b9b788cdccb, 4, 0x6f732e74) = 0x2b9b7c18ac60
28171   0.003813 libjvm.so->dlopen(0x2b9b7c18d060, 1, 0xffffffff, 0x2b9b7c18d900) = 0x2b9b7c1a0030
28171   0.155910 libjvm.so->fopen(0x2b9b7c209040, 0x2b9b788cdccb, 0x6f732e7373656c, 0x656c646165685f74) = 0x2b9b7c209120
28171   0.003260 libjvm.so->dlopen(0x2b9b7c209040, 1, 0xffffffff, 0x2b9b7c209000) = 0x2b9b7c209120
28171   0.024096 libjvm.so->fopen(0x2b9b77043990, 0x2b9b788cdccb, 0x6f732e, 0x6d766a62696c2f72) = 0x2b9b7c213060
28171   0.008119 libjvm.so->dlopen(0x2b9b77043990, 1, 0xffffffff, 0x2b9b7c212600) = 0x560b0a91f4c0
28171   0.001789 libjvm.so->fopen(0x2b9b77043990, 0x2b9b788cdccb, 0x6f732e, 0x6d766a62696c2f72) = 0x2b9b7c213000
28171   0.005447 libjvm.so->dlopen(0x2b9b77043990, 1, 0xffffffff, 0x2b9b7c212600) = 0x560b0a91f4c0
28171   0.002645 libjvm.so->fopen(0x2b9b77043990, 0x2b9b788cdccb, 0x6f732e, 0x6d766a62696c2f72) = 0x2b9b7c213000
28171   0.006051 libjvm.so->dlopen(0x2b9b77043990, 1, 0xffffffff, 0x2b9b7c212600) = 0x560b0a91f4c0
28171   0.001724 libjvm.so->fopen(0x2b9b77043990, 0x2b9b788cdccb, 0x6f732e, 0x6d766a62696c2f72) = 0x2b9b7c213000
28171   0.004122 libjvm.so->dlopen(0x2b9b77043990, 1, 0xffffffff, 0x2b9b7c212600) = 0x560b0a91f4c0
28188  13.216181 +++ exited (status 0) +++
28180   0.000380 --- SIGSEGV (Segmentation fault) ---
28173   0.000520 +++ exited (status 0) +++
28171   0.000207 +++ exited (status 0) +++
28186   0.000424 +++ exited (status 0) +++
28184   0.000025 +++ exited (status 0) +++
28180   0.000017 +++ exited (status 0) +++
28178   0.000015 +++ exited (status 0) +++
28175   0.000015 +++ exited (status 0) +++
28182   0.023882 +++ exited (status 0) +++
28168   0.000071 +++ exited (status 0) +++
Wrote an ltrace for command: "java -cp ./tools/maxent.jar density.MaxEnt -s outputs/Lasioglossum_ochrochilum_Walker.csv -e data/layers/worldclim -o outputs/Lasioglossum_ochrochilum_Walker nowarnings nocache autorun -z" with PID 28164 from PPID 28128 on disc20.crc.nd.edu with result 0
REMOTEHOST=10.17.150.11
MANPATH=/afs/crc.nd.edu/user/n/nkremerh/cctools/share/man/:/afs/crc.nd.edu/group/ccl/software/x86_64/redhat7/ruby/current/share/man:/afs/crc.nd.edu/group/ccl/software/x86_64/redhat7/graphviz/current/share/man:/afs/crc.nd.edu/group/ccl/software/x86_64/redhat7/gnuplot/current/share/man:/afs/crc.nd.edu/group/ccl/software/x86_64/redhat7/git/current/share/man:/afs/crc.nd.edu/group/ccl/software/x86_64/redhat7/condor/current/share/man:/afs/crc.nd.edu/group/ccl/software/x86_64/redhat7/clang/current/share/man:/afs/crc.nd.edu/group/ccl/software/x86_64/redhat7/condor/current/share/man:/afs/crc.nd.edu/group/ccl/software/x86_64/redhat7/cctools/current/share/man:/afs/crc.nd.edu/group/ccl/software/x86_64/redhat7/cctools/current/share/man:/afs/crc.nd.edu/x86_64_linux/Modules/4.5.0/share/man:/opt/crc/usr/local/man:/opt/sge/man:/usr/share/man/overrides:/usr/share/man:/usr/local/share/man
_CONDOR_JOB_PIDS=
XDG_SESSION_ID=4102
HOSTNAME=disc01.crc.nd.edu
_LMFILES__modshare=/afs/crc.nd.edu/x86_64_linux/Modules/modules/system_modules/CRC_default/1.1:1
MODULEPATH_modshare=/afs/crc.nd.edu/x86_64_linux/Modules/modules/general_software:1:/afs/crc.nd.edu/x86_64_linux/Modules/modules/development_tools_and_libraries:1:/afs/crc.nd.edu/x86_64_linux/Modules/modules/system_modules:1:/afs/crc.nd.edu/x86_64_linux/Modules/current/modulefiles:1:/afs/crc.nd.edu/x86_64_linux/Modules/modules/restricted_software:1:/afs/crc.nd.edu/x86_64_linux/Modules/modules/deprecated_software:1
_CONDOR_ANCESTOR_3560=24271:1600190001:3669882634
TERM=xterm-256color
SHELL=/bin/tcsh
HOST=disc01.crc.nd.edu
MODULES_CMD=/afs/crc.nd.edu/x86_64_linux/Modules/4.5.0/libexec/modulecmd.tcl
HISTSIZE=5000
MAKEFLAGS=
SSH_CLIENT=10.17.150.11 36546 22
TMPDIR=/var/condor/execute/dir_24271/worker-213124-24306/t.653/cctools-temp-t.653.kgmsHd
PERL5LIB=/afs/crc.nd.edu/user/n/nkremerh/cctools/lib/perl5/site_perl/5.16.3:/afs/crc.nd.edu/user/n/nkremerh/.perl5/lib/perl5
SGE_CELL=crc
_CONDOR_SCRATCH_DIR=/var/condor/execute/dir_24271
_CONDOR_ANCESTOR_3197=3560:1598183979:2962516177
PERL_MB_OPT=--install_base '/afs/crc.nd.edu/user/n/nkremerh/.perl5/'
SSH_TTY=/dev/pts/2
SGE_LOAD_AVG=load_avg
MAKEFLOW_MAX_LOCAL_JOBS=2
GROUP=campus
USER=nkremerh
_CHIRP_DELAYED_UPDATE_PREFIX=Chirp*
HISTFILESIZE=10000
TEMP=/var/condor/execute/dir_24271/worker-213124-24306/t.653/cctools-temp-t.653.kgmsHd
LD_LIBRARY_PATH=/afs/crc.nd.edu/group/ccl/software/x86_64/redhat7/ruby/current/lib:/afs/crc.nd.edu/group/ccl/software/x86_64/redhat7/graphviz/current/lib:/afs/crc.nd.edu/group/ccl/software/x86_64/redhat7/git/current/lib:/afs/crc.nd.edu/group/ccl/software/x86_64/redhat7/condor/current/lib:/afs/crc.nd.edu/group/ccl/software/x86_64/redhat7/clang/current/lib:/afs/crc.nd.edu/group/ccl/software/x86_64/redhat7/condor/current/lib:/afs/crc.nd.edu/group/ccl/software/x86_64/redhat7/cctools/current/lib:/opt/crc/usr/local/lib
BATCH_SYSTEM=HTCondor
MODULES_LMALTNAME=CRC_default/1.1&CRC_default/default&CRC_default
ENV=/afs/crc.nd.edu/x86_64_linux/Modules/4.5.0/init/profile.sh
WORKER_TMPDIR=/var/condor/execute/dir_24271/worker-213124-24306/cache/tmp
HOSTTYPE=x86_64-linux
_CONDOR_HIGHPORT=9999
GLOBUS_GSSAPI_MAX_TLS_PROTOCOL=0
_CONDOR_CHIRP_CONFIG=/var/condor/execute/dir_24271/.chirp.config
MAKELEVEL=1
MFLAGS=
MAIL=/var/spool/mail/nkremerh
PATH=/afs/crc.nd.edu/user/n/nkremerh/cctools/bin:/afs/crc.nd.edu/user/n/nkremerh/miniconda/bin:/afs/crc.nd.edu/group/ccl/software/git:/afs/crc.nd.edu/user/n/nkremerh/.local/bin:/afs/crc.nd.edu/group/ccl/software/x86_64/redhat7/povray/3.7/bin:/afs/crc.nd.edu/user/n/nkremerh/.perl5/bin:/afs/crc.nd.edu/user/n/nkremerh/pegasus/bin:/afs/crc.nd.edu/user/n/nkremerh/nodejs/bin:/afs/crc.nd.edu/user/n/nkremerh/montage/bin:/afs/crc.nd.edu/user/n/nkremerh/latexdiff:/afs/crc.nd.edu/user/n/nkremerh/envtrace:/afs/crc.nd.edu/user/n/nkremerh/endlines:/afs/crc.nd.edu/user/n/nkremerh/cctools/bin:/afs/crc.nd.edu/user/n/nkremerh/.cargo/bin:/afs/crc.nd.edu/group/ccl/software/x86_64/redhat7/ruby/current/bin:/afs/crc.nd.edu/group/ccl/software/x86_64/redhat7/graphviz/current/bin:/afs/crc.nd.edu/group/ccl/software/x86_64/redhat7/gnuplot/current/bin:/afs/crc.nd.edu/group/ccl/software/x86_64/redhat7/git/current/bin:/afs/crc.nd.edu/group/ccl/software/x86_64/redhat7/condor/current/sbin:/afs/crc.nd.edu/group/ccl/software/x86_64/redhat7/condor/current/bin:/afs/crc.nd.edu/group/ccl/software/x86_64/redhat7/cmake/current/bin:/afs/crc.nd.edu/group/ccl/software/x86_64/redhat7/clang/current/bin:/afs/crc.nd.edu/group/ccl/software/x86_64/redhat7/condor/current/sbin:/afs/crc.nd.edu/group/ccl/software/x86_64/redhat7/condor/current/bin:/afs/crc.nd.edu/group/ccl/software/x86_64/redhat7/cctools/current/bin:/afs/crc.nd.edu/x86_64_linux/Modules/4.5.0/bin:/opt/crc/usr/local/bin:/opt/sge/bin/lx-amd64:/usr/local/bin:/usr/bin:/usr/local/sbin:/usr/sbin:/afs/crc.nd.edu/user/c/condor/software/bin:/afs/crc.nd.edu/user/c/condor/software/sbin
CCLSOFTWARE=/afs/crc.nd.edu/group/ccl/software/x86_64/redhat7
PWD=/var/condor/execute/dir_24271/worker-213124-24306/t.653
_CONDOR_ANCESTOR_24271=24284:1600190003:4149837206
_LMFILES_=/afs/crc.nd.edu/x86_64_linux/Modules/modules/system_modules/CRC_default/1.1
EDITOR=vim
SGE_EXECD_PORT=6445
LANG=en_US.UTF-8
SGE_QMASTER_PORT=6444
MODULEPATH=/afs/crc.nd.edu/x86_64_linux/Modules/modules/development_tools_and_libraries:/afs/crc.nd.edu/x86_64_linux/Modules/modules/general_software:/afs/crc.nd.edu/x86_64_linux/Modules/modules/restricted_software:/afs/crc.nd.edu/x86_64_linux/Modules/modules/system_modules:/afs/crc.nd.edu/x86_64_linux/Modules/modules/deprecated_software:/afs/crc.nd.edu/x86_64_linux/Modules/current/modulefiles
LOADEDMODULES=CRC_default/1.1
SGE_ROOT=/opt/sge
CCLPLATFORM=x86_64/redhat7
_CONDOR_SLOT=slot1
WORK_QUEUE_SANDBOX=/var/condor/execute/dir_24271/worker-213124-24306
USE_SYSTEMD=true
_CONDOR_LOWPORT=9100
HISTCONTROL=ignoreboth:erasedups
KRB5CCNAME=FILE:/tmp/krb5cc_213124_DZSV7p
GLOBUS_GSSAPI_NAME_COMPATIBILITY=STRICT_RFC2818
HOME=disc01.crc.nd.edu
SHLVL=6
PATH_modshare=/opt/crc/usr/local/bin:1:/opt/sge/bin/lx-amd64:1:/usr/sbin:1:/usr/bin:1:/afs/crc.nd.edu/user/c/condor/software/sbin:1:/usr/local/sbin:1:/afs/crc.nd.edu/user/c/condor/software/bin:1:/usr/local/bin:1
OSTYPE=linux
_CONDOR_MACHINE_AD=/var/condor/execute/dir_24271/.machine.ad
GREP_OPTIONS=--color=auto
DISK=916662
GLOBUS_GSSAPI_MIN_TLS_PROTOCOL=TLS1_VERSION
MANPATH_modshare=/usr/share/man/overrides:1:/usr/local/share/man:1:/usr/share/man:1:/opt/crc/usr/local/man:1:/opt/sge/man:1
MEMORY=15899
PERL_LOCAL_LIB_ROOT=/afs/crc.nd.edu/user/n/nkremerh/.perl5/
BASH_ENV=/afs/crc.nd.edu/x86_64_linux/Modules/4.5.0/init/bash
VENDOR=unknown
TMP=/var/condor/execute/dir_24271/worker-213124-24306/t.653/cctools-temp-t.653.kgmsHd
LOGNAME=nkremerh
MACHTYPE=x86_64
CCLHOME=/afs/crc.nd.edu/group/ccl
PYTHONPATH=/afs/crc.nd.edu/user/n/nkremerh/cctools/lib/python3.6/site-packages/
LD_LIBRARY_PATH_modshare=/opt/crc/usr/local/lib:1
SSH_CONNECTION=10.17.150.11 36546 129.74.128.103 22
MODULES_LMALTNAME_modshare=CRC_default/1.1&CRC_default/default&CRC_default:1
MODULESHOME=/afs/crc.nd.edu/x86_64_linux/Modules/4.5.0
GLOBUS_GSSAPI_CIPHERS=HIGH
GLOBUS_GSSAPI_BACKWARD_COMPATIBLE_MIC=true
LESSOPEN=||/usr/bin/lesspipe.sh %s
OMP_NUM_THREADS=1
_CONDOR_JOB_AD=/var/condor/execute/dir_24271/.job.ad
LOADEDMODULES_modshare=CRC_default/1.1:1
XDG_RUNTIME_DIR=/run/user/213124
SGE_CLUSTER_NAME=CRC
CCTOOLS=../cctools
CORES=4
_CONDOR_JOB_IWD=/var/condor/execute/dir_24271
PERL_MM_OPT=INSTALL_BASE=/afs/crc.nd.edu/user/n/nkremerh/.perl5/
GLOBUS_GSSAPI_SERVER_CIPHER_ORDER=true
BASH_FUNC_module()=() {  unset _mlshdbg;
 if [ "${MODULES_SILENT_SHELL_DEBUG:-0}" = '1' ]; then
 case "$-" in 
 *v*x*)
 set +vx;
 _mlshdbg='vx'
 ;;
 *v*)
 set +v;
 _mlshdbg='v'
 ;;
 *x*)
 set +x;
 _mlshdbg='x'
 ;;
 *)
 _mlshdbg=''
 ;;
 esac;
 fi;
 unset _mlre _mlIFS;
 if [ -n "${IFS+x}" ]; then
 _mlIFS=$IFS;
 fi;
 IFS=' ';
 for _mlv in ${MODULES_RUN_QUARANTINE:-};
 do
 if [ "${_mlv}" = "${_mlv##*[!A-Za-z0-9_]}" -a "${_mlv}" = "${_mlv#[0-9]}" ]; then
 if [ -n "`eval 'echo ${'$_mlv'+x}'`" ]; then
 _mlre="${_mlre:-}${_mlv}_modquar='`eval 'echo ${'$_mlv'}'`' ";
 fi;
 _mlrv="MODULES_RUNENV_${_mlv}";
 _mlre="${_mlre:-}${_mlv}='`eval 'echo ${'$_mlrv':-}'`' ";
 fi;
 done;
 if [ -n "${_mlre:-}" ]; then
 eval `eval ${_mlre}/usr/bin/tclsh /afs/crc.nd.edu/x86_64_linux/Modules/4.5.0/libexec/modulecmd.tcl bash '"$@"'`;
 else
 eval `/usr/bin/tclsh /afs/crc.nd.edu/x86_64_linux/Modules/4.5.0/libexec/modulecmd.tcl bash "$@"`;
 fi;
 _mlstatus=$?;
 if [ -n "${_mlIFS+x}" ]; then
 IFS=$_mlIFS;
 else
 unset IFS;
 fi;
 unset _mlre _mlv _mlrv _mlIFS;
 if [ -n "${_mlshdbg:-}" ]; then
 set -$_mlshdbg;
 fi;
 unset _mlshdbg;
 return $_mlstatus
}
BASH_FUNC_ml()=() {  module ml "$@"
}
_=/usr/bin/printenv
