2820   0.000000 libjli.so->getenv("_JAVA_LAUNCHER_DEBUG") = nil
2820   0.001236 libjli.so->getenv("_JAVA_VERSION_SET") = nil
2820   0.000454 libjli.so->fopen("/usr/lib/jvm/java-1.8.0-openjdk-1.8.0.262.b10-0.el7_8.x86_64/jre/lib/amd64/jvm.cfg", "r") = 0x5617b85b30f0
2820   0.000552 libjli.so->getenv("JDK_ALTERNATE_VM") = nil
2820   0.000250 libjli.so->__xstat(1, "/usr/lib/jvm/java-1.8.0-openjdk-1.8.0.262.b10-0.el7_8.x86_64/jre/lib/amd64/server/libjvm.so", 0x7fffd0b14c30) = 0
2820   0.000416 libjli.so->getenv("LD_LIBRARY_PATH") = "/afs/crc.nd.edu/group/ccl/software/x86_64/redhat7/ruby/current/lib:/afs/crc.nd.edu/group/ccl/software/x86_64/redhat7/graphviz/current/lib:/afs/crc.nd.edu/group/ccl/software/x86_64/redhat7/git/current/lib:/afs/crc.nd.edu/group/ccl/software/x86_64/redhat7/condor/current/lib:/afs/crc.nd.edu/group/ccl/software/x86_64/redhat7/clang/current/lib:/afs/crc.nd.edu/group/ccl/software/x86_64/redhat7/condor/current/lib:/afs/crc.nd.edu/group/ccl/software/x86_64/redhat7/cctools/current/lib:/opt/crc/usr/local/lib"
2820   0.001414 libjli.so->dlopen("/usr/lib/jvm/java-1.8.0-openjdk-1.8.0.262.b10-0.el7_8.x86_64/jre/lib/amd64/server/libjvm.so", 258 <unfinished ...>
2820   0.025408 libjvm.so->getenv("NMT_LEVEL_2820") = nil
2820   0.001149 <... dlopen resumed> )           = 0x5617b85b34c0
2820   0.000051 libjli.so->getenv("CLASSPATH")   = nil
2820   0.000203 libjli.so->getenv("_JAVA_SPLASH_JAR") = nil
2820   0.000211 libjli.so->getenv("_JAVA_SPLASH_FILE") = nil
2820   0.000211 libjli.so->pthread_attr_setdetachstate(0x7fffd0b14be0, 0, 0x7fffd0b14c70, 0) = 0
2820   0.000301 libpthread.so.0->__clone(0x2afb9bd88de0, 0x2afb9bc9bfc0, 0x3d0f00, 0x2afb9bc9c700) = 2826
2826   0.001623 libjvm.so->dlopen(0x2afb9d5679ae, 1, 0xfffffffffff42c48, 4096) = 0x2afba0000990
2826   0.002220 libjvm.so->getenv(0x2afb9d58283e, 0, 115, 0x65737361) = 0x7fffd0b1a70e
2826   0.000423 libjvm.so->fopen(0x2afb9bc9ac10, 0x2afb9d51eccb, 0x6f732e79666972, 0x2afb9c660ab0) = 0x2afba0001440
2826   0.001302 libjvm.so->dlopen(0x2afb9bc9ac10, 1, 0xffffffff, 0x2afba0002b00) = 0x2afba0001440
2826   0.001369 libjvm.so->fopen(0x2afb9bc9ac10, 0x2afb9d51eccb, 111, 0x732e6176) = 0x2afba0001b10
2826   0.001502 libjvm.so->dlopen(0x2afb9bc9ac10, 1, 0xffffffff, 0x2afba0001a00) = 0x2afba0001b10
2826   0.001498 libjvm.so->__xstat(1, 0x2afb9bc9b360, 0x2afb9bc9bba0, 0x746f7073746f682e) = -1
2826   0.000425 libjvm.so->getenv(0x2afb9d517541, 0x2afb9bc9b6d0, 1024, 0x2afb9d9d161b) = 0
2826   0.000432 libjvm.so->getenv(0x2afb9d517533, 0x2afb9bc9b6d0, 1024, 0) = 0
2826   0.000392 libjvm.so->fopen(0x2afb9d567315, 0x2afb9d51eccb, 4095, 0xffffd50462ae8b03) = 0x2afba0003290
2826   0.000965 libjvm.so->fopen(0x2afb9d567361, 0x2afb9d51eccb, 0x2afba0000078, 0x2afba0003280) = 0x2afba0003290
2826   0.000640 libjvm.so->fopen(0x2afb9bc959b0, 0x2afb9d51eccb, 4016, 3997) = 0x2afba0003290
2826   0.000606 libjvm.so->opendir(0x2afba0002b40, 0x2afba0002b40, 13, 16) = 0
2826   0.000417 libjvm.so->__xstat(1, 0x2afb9bc9a8f0, 0x2afb9bc99860, 0x6f732e7477616d62) = -1
2826   0.000405 libjvm.so->__xstat(1, 0x2afb9bc9a8f0, 0x2afb9bc99860, 0x5f74776162696c2f) = 0
2826   0.000440 libjvm.so->fopen(0x2afb9bc99b90, 0x2afb9d51eccb, 4011, 3996) = 0x2afba0003770
2826   0.000561 libjvm.so->fopen(0x2afb9bc99b90, 0x2afb9d51eccb, 4011, 3996) = 0x2afba0003770
2826   0.000567 libjvm.so->fopen(0x2afb9bc99b90, 0x2afb9d51eccb, 4011, 4004) = 0x2afba0003770
2826   0.000587 libjvm.so->fopen(0x2afb9bc99b20, 0x2afb9d51eccb, 4011, 3996) = 0x2afba0003770
2826   0.000561 libjvm.so->fopen(0x2afb9bc99b20, 0x2afb9d51eccb, 4011, 3996) = 0x2afba0003770
2826   0.000594 libjvm.so->fopen(0x2afb9bc99b20, 0x2afb9d51eccb, 4011, 4004) = 0x2afba0003770
2826   0.000610 libjvm.so->fopen(0x2afb9bc99b50, 0x2afb9d51eccb, 4016, 3997) = 0x2afba0003770
2826   0.000781 libjvm.so->getenv(0x2afb9d5680ff, 4096, 3, -1) = 0
2826   0.000853 libjvm.so->fopen(0x2afb9d567998, 0x2afb9d51eccb, 0x2afb9bd7f908, 0x2afb9bd7edf0) = 0x2afba0003770
2826   0.004380 libjvm.so->open(0x2afba004a560, 0x20000, 0, 0x2afba004a5a9) = 3
2826   0.000407 libjvm.so->__fxstat(1, 3, 0x2afb9bc9ba00, -1) = 0
2826   0.000453 libjvm.so->opendir(0x2afba004a560, 0x2afb9bc9ba00, 0x4000, -1) = 0x2afba004b470
2826   0.000432 libjvm.so->__fxstat(1, 3, 0x2afb9bc9b8a0, 0x2afba004b470) = 0
2826   0.000488 libjvm.so->__fxstat(1, 5, 0x2afb9bc9b930, -1) = 0
2826   0.000436 libjvm.so->open(0x2afb9d5359dc, 0, 0, 0) = 3
2826   0.000607 libjvm.so->__lxstat(1, 0x2afba004a560, 0x2afb9bc9bb50, -144) = 0
2826   0.000409 libjvm.so->open(0x2afba004a560, 0x20000, 0x4000, -1) = 3
2826   0.000410 libjvm.so->__fxstat(1, 3, 0x2afb9bc9ba00, -1) = 0
2826   0.000420 libjvm.so->opendir(0x2afba004a560, 0x2afb9bc9ba00, 0x4000, -1) = 0x2afba004b470
2826   0.000397 libjvm.so->__fxstat(1, 3, 0x2afb9bc9b8a0, 0x2afba004b470) = 0
2826   0.000435 libjvm.so->__fxstat(1, 5, 0x2afb9bc9b930, -1) = 0
2826   0.000431 libjvm.so->open(0x2afb9d5359dc, 0, 0, 0) = 3
2826   0.000436 libjvm.so->open(0x2afba004a5a9, 0x20042, 384, -1) = 7
2826   0.000596 libjvm.so->__fxstat(1, 7, 0x2afb9bc9bb50, -1) = 0
2826   0.001557 libjvm.so->fopen(0x2afb9bc9ab60, 0x2afb9d51eccb, 4, 0x6f732e70) = 0x2afba0057bc0
2826   0.001347 libjvm.so->dlopen(0x2afb9bc9ab60, 1, 0xffffffff, 0x2afba0057b00) = 0x2afba0057bc0
2826   0.001330 libjvm.so->__xstat(1, 0x2afb9bc9b120, 0x2afb9bc9b950, 2048) = 0
2826   0.000440 libjvm.so->__xstat(1, 0x2afb9bc9b120, 0x2afb9bc9b950, 2048) = 0
2826   0.000398 libjvm.so->__xstat(1, 0x2afb9bc9b120, 0x2afb9bc9b950, 2048) = -1
2826   0.000447 libjvm.so->__xstat(1, 0x2afb9bc9b120, 0x2afb9bc9b950, 2048) = 0
2826   0.000421 libjvm.so->__xstat(1, 0x2afb9bc9b120, 0x2afb9bc9b950, 2048) = 0
2826   0.000422 libjvm.so->__xstat(1, 0x2afb9bc9b120, 0x2afb9bc9b950, 2048) = 0
2826   0.000446 libjvm.so->__xstat(1, 0x2afb9bc9b120, 0x2afb9bc9b950, 2048) = 0
2826   0.000412 libjvm.so->__xstat(1, 0x2afb9bc9b120, 0x2afb9bc9b950, 2048) = -1
2826   0.000453 libjvm.so->fopen(0x2afba0002520, 0x2afb9d51eccb, 0, 0) = 0x2afba0058a60
2826   0.008919 libjvm.so->open64(0x2afb9bc9a410, 0, 0, 16) = 3
2826   0.000469 libjvm.so->__fxstat64(1, 3, 0x2afb9bc9a240, -1) = 0
2826   0.033355 libjvm.so->__xstat(1, 0x2afb9bc9af20, 0x2afb9bc9b750, 2048) = -1
2826   0.000548 libjvm.so->fopen(0x2afb9bc99b20, 0x2afb9d51eccb, 4011, 3996) = 0x2afba00b5e20
2826   0.000650 libjvm.so->fopen(0x2afb9bc99b20, 0x2afb9d51eccb, 4011, 3996) = 0x2afba00b5e20
2826   0.000578 libjvm.so->fopen(0x2afb9bc99b20, 0x2afb9d51eccb, 4011, 4004) = 0x2afba00b5e20
2826   0.003954 libjvm.so->pthread_attr_setdetachstate(0x2afb9bc9bc00, 1, 0, 0) = 0
2826   0.000476 libpthread.so.0->__clone(0x2afb9bd88de0, 0x2afb9fe6bfc0, 0x3d0f00, 0x2afb9fe6c700) = 2827
2826   0.014365 libjvm.so->pthread_attr_setdetachstate(0x2afb9bc9b290, 1, 0, 0) = 0
2826   0.000628 libpthread.so.0->__clone(0x2afb9bd88de0, 0x2afb9ff6cfc0, 0x3d0f00, 0x2afb9ff6d700) = 2828
2826   0.006483 libjvm.so->pthread_attr_setdetachstate(0x2afb9bc9b610, 1, 0, 0) = 0
2826   0.000758 libpthread.so.0->__clone(0x2afb9bd88de0, 0x2afbb48a0fc0, 0x3d0f00, 0x2afbb48a1700) = 2829
2826   0.037906 libjvm.so->fopen(0x2afba00e9150, 0x2afb9d51eccb, 4, 0x6f732e70) = 0x2afba00f1c90
2826   0.001872 libjvm.so->dlopen(0x2afba00e9150, 1, 0xffffffff, 0x2afba00ec300) = 0x2afba0057bc0
2826   0.004754 libjvm.so->open64(0x2afb9bc9a510, 0, 0, 16) = 5
2826   0.000853 libjvm.so->__fxstat64(1, 5, 0x2afb9bc9a340, -1) = 0
2826   0.018216 libjvm.so->fopen(0x2afb9bc97130, 0x2afb9d51eccb, 4011, 3996) = 0x2afba00fcbe0
2826   0.001110 libjvm.so->fopen(0x2afb9bc97130, 0x2afb9d51eccb, 4011, 3996) = 0x2afba00fcbe0
2826   0.001024 libjvm.so->fopen(0x2afb9bc97130, 0x2afb9d51eccb, 4011, 4004) = 0x2afba00fcbe0
2826   0.015044 libjvm.so->pthread_attr_setdetachstate(0x2afb9bc9bb50, 1, 0, 0) = 0
2826   0.000919 libpthread.so.0->__clone(0x2afb9bd88de0, 0x2afbb49a1fc0, 0x3d0f00, 0x2afbb49a2700) = 2830
2826   0.001323 libjvm.so->__xstat64(1, 0x2afb9bc9bbe0, 0x2afb9bc9bb50, 18) = -1
2826   0.001076 libjvm.so->pthread_attr_setdetachstate(0x2afb9bc9b950, 1, 0, 0) = 0
2826   0.001031 libpthread.so.0->__clone(0x2afb9bd88de0, 0x2afbb4aa2fc0, 0x3d0f00, 0x2afbb4aa3700) = 2831
2826   0.001587 libjvm.so->pthread_attr_setdetachstate(0x2afb9bc9b950, 1, 0, 0) = 0
2826   0.001187 libpthread.so.0->__clone(0x2afb9bd88de0, 0x2afbb4ba3fc0, 0x3d0f00, 0x2afbb4ba4700) = 2832
2826   0.008519 libjvm.so->pthread_attr_setdetachstate(0x2afb9bc9baa0, 1, 0, 0) = 0
2826   0.001306 libpthread.so.0->__clone(0x2afb9bd88de0, 0x2afbb4ca4fc0, 0x3d0f00, 0x2afbb4ca5700) = 2833
2826   0.001946 libjvm.so->pthread_attr_setdetachstate(0x2afb9bc9bbb0, 1, 0, 0) = 0
2826   0.001461 libpthread.so.0->__clone(0x2afb9bd88de0, 0x2afbb4da5fc0, 0x3d0f00, 0x2afbb4da6700) = 2834
2826   0.014139 libjvm.so->open64(0x2afba012e860, 0, 0, 32) = 7
2826   0.001639 libjvm.so->__fxstat64(1, 7, 0x2afb9bc98f60, -1) = 0
2826   0.024623 libjvm.so->fopen(0x2afba0154590, 0x2afb9d51eccb, 4, 0x6f732e6f) = 0x2afba0154650
2826   0.003242 libjvm.so->dlopen(0x2afba0154590, 1, 0xffffffff, 0x2afba0154500) = 0x2afba0154650
2826   0.136484 libjvm.so->fopen(0x2afba019a3b0, 0x2afb9d51eccb, 4, 0x6f732e74) = 0x2afba019d660
2826   0.003324 libjvm.so->dlopen(0x2afba019a3b0, 1, 0xffffffff, 0x2afba019d500) = 0x2afba01a7a10
2826   0.137958 libjvm.so->fopen(0x2afba0200c40, 0x2afb9d51eccb, 0x6f732e7373656c, 0x656c646165685f74) = 0x2afba0200d20
2826   0.002903 libjvm.so->dlopen(0x2afba0200c40, 1, 0xffffffff, 0x2afba0200c00) = 0x2afba0200d20
2826   0.019026 libjvm.so->fopen(0x2afb9bc94990, 0x2afb9d51eccb, 0x6f732e, 0x6d766a62696c2f72) = 0x2afba020ac20
2826   0.007141 libjvm.so->dlopen(0x2afb9bc94990, 1, 0xffffffff, 0x2afba020a200) = 0x5617b85b34c0
2826   0.001735 libjvm.so->fopen(0x2afb9bc94990, 0x2afb9d51eccb, 0x6f732e, 0x6d766a62696c2f72) = 0x2afba020abc0
2826   0.005401 libjvm.so->dlopen(0x2afb9bc94990, 1, 0xffffffff, 0x2afba020a200) = 0x5617b85b34c0
2826   0.001766 libjvm.so->fopen(0x2afb9bc94990, 0x2afb9d51eccb, 0x6f732e, 0x6d766a62696c2f72) = 0x2afba020abc0
2826   0.004472 libjvm.so->dlopen(0x2afb9bc94990, 1, 0xffffffff, 0x2afba020a200) = 0x5617b85b34c0
2826   0.001697 libjvm.so->fopen(0x2afb9bc94990, 0x2afb9d51eccb, 0x6f732e, 0x6d766a62696c2f72) = 0x2afba020abc0
2826   0.009779 libjvm.so->dlopen(0x2afb9bc94990, 1, 0xffffffff, 0x2afba020a200) = 0x5617b85b34c0
2826  13.609147 libjvm.so->fopen(0x2afb9bc95920, 0x2afb9d51eccb, 4, 0x6f732e70) = 0x2afba02485c0
2826   0.006080 libjvm.so->dlopen(0x2afb9bc95920, 1, 0xffffffff, 0x2afba0248d00) = 0x2afba0057bc0
2826   0.004875 libjvm.so->fopen(0x2afb9bc95920, 0x2afb9d51eccb, 4, 0x6f732e70) = 0x2afba01f09c0
2826   0.002870 libjvm.so->dlopen(0x2afb9bc95920, 1, 0xffffffff, 0x2afba0248d00) = 0x2afba0057bc0
2826   0.001705 libjvm.so->fopen(0x2afb9bc95920, 0x2afb9d51eccb, 4, 0x6f732e70) = 0x2afba01f09c0
2826   0.002645 libjvm.so->dlopen(0x2afb9bc95920, 1, 0xffffffff, 0x2afba0248d00) = 0x2afba0057bc0
2826   0.001638 libjvm.so->fopen(0x2afb9bc95920, 0x2afb9d51eccb, 4, 0x6f732e70) = 0x2afba01f09c0
2826   0.002968 libjvm.so->dlopen(0x2afb9bc95920, 1, 0xffffffff, 0x2afba0248d00) = 0x2afba0057bc0
2826   0.001723 libjvm.so->fopen(0x2afb9bc95920, 0x2afb9d51eccb, 4, 0x6f732e70) = 0x2afba01f09c0
2826   0.002660 libjvm.so->dlopen(0x2afb9bc95920, 1, 0xffffffff, 0x2afba0248900) = 0x2afba0057bc0
2826   0.001662 libjvm.so->fopen(0x2afb9bc95920, 0x2afb9d51eccb, 4, 0x6f732e70) = 0x2afba01f09c0
2826   0.002541 libjvm.so->dlopen(0x2afb9bc95920, 1, 0xffffffff, 0x2afba0248900) = 0x2afba0057bc0
2826   0.001662 libjvm.so->fopen(0x2afb9bc95920, 0x2afb9d51eccb, 4, 0x6f732e70) = 0x2afba01f09c0
2826   0.002926 libjvm.so->dlopen(0x2afb9bc95920, 1, 0xffffffff, 0x2afba0248900) = 0x2afba0057bc0
2826   0.001651 libjvm.so->fopen(0x2afb9bc95920, 0x2afb9d51eccb, 4, 0x6f732e70) = 0x2afba01f09c0
2826   0.002588 libjvm.so->dlopen(0x2afb9bc95920, 1, 0xffffffff, 0x2afba0248900) = 0x2afba0057bc0
2826   0.426294 libjvm.so->fopen(0x2afb9bc98cb0, 0x2afb9d51eccb, 111, 0x732e6176) = 0x2afba01f11e0
2826   0.003335 libjvm.so->dlopen(0x2afb9bc98cb0, 1, 0xffffffff, 0x2afba01f1100) = 0x2afba0001b10
2826   0.001657 libjvm.so->fopen(0x2afb9bc98cb0, 0x2afb9d51eccb, 111, 0x732e6176) = 0x2afba01f11e0
2826   0.002874 libjvm.so->dlopen(0x2afb9bc98cb0, 1, 0xffffffff, 0x2afba01f1100) = 0x2afba0001b10
2826   0.001666 libjvm.so->fopen(0x2afb9bc98cb0, 0x2afb9d51eccb, 111, 0x732e6176) = 0x2afba01f11e0
2826   0.002816 libjvm.so->dlopen(0x2afb9bc98cb0, 1, 0xffffffff, 0x2afba01f1100) = 0x2afba0001b10
2826   0.004164 libjvm.so->fopen(0x2afb9bc98cb0, 0x2afb9d51eccb, 111, 0x732e6176) = 0x2afba01f4490
2826   0.003020 libjvm.so->dlopen(0x2afb9bc98cb0, 1, 0xffffffff, 0x2afba01f1100) = 0x2afba0001b10
2826   0.233659 libjvm.so->fopen(0x2afb9bc98c40, 0x2afb9d51eccb, 111, 0x732e6176) = 0x2afba01f11e0
2826   0.003082 libjvm.so->dlopen(0x2afb9bc98c40, 1, 0xffffffff, 0x2afba01f1900) = 0x2afba0001b10
2826   0.001658 libjvm.so->fopen(0x2afb9bc98c40, 0x2afb9d51eccb, 111, 0x732e6176) = 0x2afba01f11e0
2826   0.002826 libjvm.so->dlopen(0x2afb9bc98c40, 1, 0xffffffff, 0x2afba01f1900) = 0x2afba0001b10
2826   0.001647 libjvm.so->fopen(0x2afb9bc98c40, 0x2afb9d51eccb, 111, 0x732e6176) = 0x2afba01f11e0
2826   0.002791 libjvm.so->dlopen(0x2afb9bc98c40, 1, 0xffffffff, 0x2afba01f1900) = 0x2afba0001b10
2826   0.001715 libjvm.so->fopen(0x2afb9bc98c40, 0x2afb9d51eccb, 111, 0x732e6176) = 0x2afba01f11e0
2826   0.002874 libjvm.so->dlopen(0x2afb9bc98c40, 1, 0xffffffff, 0x2afba01f1900) = 0x2afba0001b10
2826   0.277990 libjvm.so->fopen(0x2afba027b0f0, 0x2afb9d51eccb, 0x6f732e72656761, 0x6567616e616d746e) = 0x2afba027b1d0
2826   0.002983 libjvm.so->dlopen(0x2afba027b0f0, 1, 0xffffffff, 0x2afba027b100) = 0x2afba027b1d0
2826   0.019365 libjvm.so->pthread_attr_setdetachstate(0x2afb9bc97df0, 1, 0, 0) = 0
2826   0.001806 libpthread.so.0->__clone(0x2afb9bd88de0, 0x2afbb60fcfc0, 0x3d0f00, 0x2afbb60fd700) = 3087
2826   0.021178 libjvm.so->fopen(0x2afba0292570, 0x2afb9d51eccb, 4, 0x6f732e74) = 0x2afba0292630
2826   0.003032 libjvm.so->dlopen(0x2afba0292570, 1, 0xffffffff, 0x2afba0292500) = 0x2afba0154cf0
2826   0.125860 libjvm.so->open64(0x2afb9bc960c0, 0, 0, 0) = 14
2826   0.001953 libjvm.so->__fxstat64(1, 14, 0x2afb9bc95ef0, -1) = 0
2826   0.117459 libjvm.so->fopen(0x2afb9bc97a80, 0x2afb9d51eccb, 0x6f732e, 0x6d766a62696c2f72) = 0x2afba03504f0
2826   0.005273 libjvm.so->dlopen(0x2afb9bc97a80, 1, 0xffffffff, 0x2afba0375800) = 0x5617b85b34c0
2826   0.001814 libjvm.so->fopen(0x2afb9bc97a80, 0x2afb9d51eccb, 0x6f732e, 0x6d766a62696c2f72) = 0x2afba03559a0
2826   0.003631 libjvm.so->dlopen(0x2afb9bc97a80, 1, 0xffffffff, 0x2afba0375800) = 0x5617b85b34c0
2826   0.001864 libjvm.so->fopen(0x2afb9bc97a80, 0x2afb9d51eccb, 0x6f732e, 0x6d766a62696c2f72) = 0x2afba03559a0
2826   0.003533 libjvm.so->dlopen(0x2afb9bc97a80, 1, 0xffffffff, 0x2afba0375800) = 0x5617b85b34c0
2826   0.001789 libjvm.so->fopen(0x2afb9bc97a80, 0x2afb9d51eccb, 0x6f732e, 0x6d766a62696c2f72) = 0x2afba03559a0
2826   0.003504 libjvm.so->dlopen(0x2afb9bc97a80, 1, 0xffffffff, 0x2afba0375800) = 0x5617b85b34c0
2826   0.023853 libjvm.so->fopen(0x2afb9bc976e0, 0x2afb9d51eccb, 4, 0x6f732e6f) = 0x2afba03559a0
2826   0.003001 libjvm.so->dlopen(0x2afb9bc976e0, 1, 0xffffffff, 0x2afba02d8200) = 0x2afba0154650
2826   0.001818 libjvm.so->fopen(0x2afb9bc976e0, 0x2afb9d51eccb, 4, 0x6f732e6f) = 0x2afba03559a0
2826   0.002907 libjvm.so->dlopen(0x2afb9bc976e0, 1, 0xffffffff, 0x2afba02d8200) = 0x2afba0154650
2826   0.001786 libjvm.so->fopen(0x2afb9bc976e0, 0x2afb9d51eccb, 4, 0x6f732e6f) = 0x2afba03559a0
2826   0.003100 libjvm.so->dlopen(0x2afb9bc976e0, 1, 0xffffffff, 0x2afba02d8200) = 0x2afba0154650
2826   0.001786 libjvm.so->fopen(0x2afb9bc976e0, 0x2afb9d51eccb, 4, 0x6f732e6f) = 0x2afba03559a0
2826   0.003046 libjvm.so->dlopen(0x2afb9bc976e0, 1, 0xffffffff, 0x2afba02d8200) = 0x2afba0154650
2831   0.012698 --- SIGSEGV (Segmentation fault) ---
2826   0.179061 libjvm.so->open64(0x2afba0419240, 0, 0, 0) = 23
2826   0.001952 libjvm.so->__fxstat64(1, 23, 0x2afb9bc98780, -1) = 0
2826   0.898641 --- SIGSEGV (Segmentation fault) ---
2826   0.001400 --- SIGSEGV (Segmentation fault) ---
2826   0.000890 --- SIGSEGV (Segmentation fault) ---
2826   0.000668 --- SIGSEGV (Segmentation fault) ---
2826  13.643439 libjvm.so->fopen(0x2afb9bc99040, 0x2afb9d51eccb, 111, 0x732e6176) = 0x2afba03945a0
2826   0.003272 libjvm.so->dlopen(0x2afb9bc99040, 1, 0xffffffff, 0x2afba0493200) = 0x2afba0001b10
2826   0.001843 libjvm.so->fopen(0x2afb9bc99040, 0x2afb9d51eccb, 111, 0x732e6176) = 0x2afba0493330
2826   0.003084 libjvm.so->dlopen(0x2afb9bc99040, 1, 0xffffffff, 0x2afba0493200) = 0x2afba0001b10
2826   0.001874 libjvm.so->fopen(0x2afb9bc99040, 0x2afb9d51eccb, 111, 0x732e6176) = 0x2afba0493330
2826   0.003010 libjvm.so->dlopen(0x2afb9bc99040, 1, 0xffffffff, 0x2afba0493200) = 0x2afba0001b10
2826   0.001885 libjvm.so->fopen(0x2afb9bc99040, 0x2afb9d51eccb, 111, 0x732e6176) = 0x2afba0493330
2826   0.003689 libjvm.so->dlopen(0x2afb9bc99040, 1, 0xffffffff, 0x2afba0493200) = 0x2afba0001b10
2826   0.002187 libjvm.so->fopen(0x2afb9bc99040, 0x2afb9d51eccb, 111, 0x732e6176) = 0x2afba0493330
2826   0.003529 libjvm.so->dlopen(0x2afb9bc99040, 1, 0xffffffff, 0x2afba0394700) = 0x2afba0001b10
2826   0.001800 libjvm.so->fopen(0x2afb9bc99040, 0x2afb9d51eccb, 111, 0x732e6176) = 0x2afba0493330
2826   0.003352 libjvm.so->dlopen(0x2afb9bc99040, 1, 0xffffffff, 0x2afba0394700) = 0x2afba0001b10
2826   0.001801 libjvm.so->fopen(0x2afb9bc99040, 0x2afb9d51eccb, 111, 0x732e6176) = 0x2afba0493330
2826   0.003269 libjvm.so->dlopen(0x2afb9bc99040, 1, 0xffffffff, 0x2afba0394700) = 0x2afba0001b10
2826   0.001804 libjvm.so->fopen(0x2afb9bc99040, 0x2afb9d51eccb, 111, 0x732e6176) = 0x2afba0493330
2826   0.003359 libjvm.so->dlopen(0x2afb9bc99040, 1, 0xffffffff, 0x2afba0394700) = 0x2afba0001b10
2829   2.603910 --- SIGSEGV (Segmentation fault) ---
2834   0.605506 +++ exited (status 0) +++
2827   0.011296 +++ exited (status 0) +++
2826   0.000395 +++ exited (status 0) +++
3087   0.000448 +++ exited (status 0) +++
2832   0.000041 +++ exited (status 0) +++
2833   0.000032 +++ exited (status 0) +++
2831   0.000016 +++ exited (status 0) +++
2830   0.000015 +++ exited (status 0) +++
2829   0.000014 +++ exited (status 0) +++
2828   0.032961 +++ exited (status 0) +++
2820   0.000096 +++ exited (status 0) +++
Wrote an ltrace for command: "java -cp ./tools/maxent.jar density.MaxEnt -s outputs/Aulagromyza_trivittata.csv -e data/layers/worldclim -o outputs/Aulagromyza_trivittata nowarnings nocache autorun -z" with PID 2817 from PPID 2799 on disc25.crc.nd.edu with result 0
REMOTEHOST=10.17.150.11
MANPATH=/afs/crc.nd.edu/user/n/nkremerh/cctools/share/man/:/afs/crc.nd.edu/group/ccl/software/x86_64/redhat7/ruby/current/share/man:/afs/crc.nd.edu/group/ccl/software/x86_64/redhat7/graphviz/current/share/man:/afs/crc.nd.edu/group/ccl/software/x86_64/redhat7/gnuplot/current/share/man:/afs/crc.nd.edu/group/ccl/software/x86_64/redhat7/git/current/share/man:/afs/crc.nd.edu/group/ccl/software/x86_64/redhat7/condor/current/share/man:/afs/crc.nd.edu/group/ccl/software/x86_64/redhat7/clang/current/share/man:/afs/crc.nd.edu/group/ccl/software/x86_64/redhat7/condor/current/share/man:/afs/crc.nd.edu/group/ccl/software/x86_64/redhat7/cctools/current/share/man:/afs/crc.nd.edu/group/ccl/software/x86_64/redhat7/cctools/current/share/man:/afs/crc.nd.edu/x86_64_linux/Modules/4.5.0/share/man:/opt/crc/usr/local/man:/opt/sge/man:/usr/share/man/overrides:/usr/share/man:/usr/local/share/man
_CONDOR_JOB_PIDS=
XDG_SESSION_ID=4102
HOSTNAME=disc01.crc.nd.edu
_CONDOR_ANCESTOR_3764=26786:1600190002:1712875894
_LMFILES__modshare=/afs/crc.nd.edu/x86_64_linux/Modules/modules/system_modules/CRC_default/1.1:1
MODULEPATH_modshare=/afs/crc.nd.edu/x86_64_linux/Modules/modules/general_software:1:/afs/crc.nd.edu/x86_64_linux/Modules/modules/development_tools_and_libraries:1:/afs/crc.nd.edu/x86_64_linux/Modules/modules/system_modules:1:/afs/crc.nd.edu/x86_64_linux/Modules/current/modulefiles:1:/afs/crc.nd.edu/x86_64_linux/Modules/modules/restricted_software:1:/afs/crc.nd.edu/x86_64_linux/Modules/modules/deprecated_software:1
TERM=xterm-256color
SHELL=/bin/tcsh
HOST=disc01.crc.nd.edu
MODULES_CMD=/afs/crc.nd.edu/x86_64_linux/Modules/4.5.0/libexec/modulecmd.tcl
HISTSIZE=5000
MAKEFLAGS=
SSH_CLIENT=10.17.150.11 36546 22
TMPDIR=/var/condor/execute/dir_26786/worker-213124-26822/t.1087/cctools-temp-t.1087.ZqL23D
PERL5LIB=/afs/crc.nd.edu/user/n/nkremerh/cctools/lib/perl5/site_perl/5.16.3:/afs/crc.nd.edu/user/n/nkremerh/.perl5/lib/perl5
SGE_CELL=crc
_CONDOR_SCRATCH_DIR=/var/condor/execute/dir_26786
_CONDOR_ANCESTOR_26786=26799:1600190003:751663846
PERL_MB_OPT=--install_base '/afs/crc.nd.edu/user/n/nkremerh/.perl5/'
SSH_TTY=/dev/pts/2
SGE_LOAD_AVG=load_avg
MAKEFLOW_MAX_LOCAL_JOBS=2
GROUP=campus
USER=nkremerh
_CHIRP_DELAYED_UPDATE_PREFIX=Chirp*
HISTFILESIZE=10000
TEMP=/var/condor/execute/dir_26786/worker-213124-26822/t.1087/cctools-temp-t.1087.ZqL23D
LD_LIBRARY_PATH=/afs/crc.nd.edu/group/ccl/software/x86_64/redhat7/ruby/current/lib:/afs/crc.nd.edu/group/ccl/software/x86_64/redhat7/graphviz/current/lib:/afs/crc.nd.edu/group/ccl/software/x86_64/redhat7/git/current/lib:/afs/crc.nd.edu/group/ccl/software/x86_64/redhat7/condor/current/lib:/afs/crc.nd.edu/group/ccl/software/x86_64/redhat7/clang/current/lib:/afs/crc.nd.edu/group/ccl/software/x86_64/redhat7/condor/current/lib:/afs/crc.nd.edu/group/ccl/software/x86_64/redhat7/cctools/current/lib:/opt/crc/usr/local/lib
BATCH_SYSTEM=HTCondor
MODULES_LMALTNAME=CRC_default/1.1&CRC_default/default&CRC_default
ENV=/afs/crc.nd.edu/x86_64_linux/Modules/4.5.0/init/profile.sh
WORKER_TMPDIR=/var/condor/execute/dir_26786/worker-213124-26822/cache/tmp
HOSTTYPE=x86_64-linux
_CONDOR_HIGHPORT=9999
GLOBUS_GSSAPI_MAX_TLS_PROTOCOL=0
_CONDOR_CHIRP_CONFIG=/var/condor/execute/dir_26786/.chirp.config
MAKELEVEL=1
MFLAGS=
MAIL=/var/spool/mail/nkremerh
PATH=/afs/crc.nd.edu/user/n/nkremerh/cctools/bin:/afs/crc.nd.edu/user/n/nkremerh/miniconda/bin:/afs/crc.nd.edu/group/ccl/software/git:/afs/crc.nd.edu/user/n/nkremerh/.local/bin:/afs/crc.nd.edu/group/ccl/software/x86_64/redhat7/povray/3.7/bin:/afs/crc.nd.edu/user/n/nkremerh/.perl5/bin:/afs/crc.nd.edu/user/n/nkremerh/pegasus/bin:/afs/crc.nd.edu/user/n/nkremerh/nodejs/bin:/afs/crc.nd.edu/user/n/nkremerh/montage/bin:/afs/crc.nd.edu/user/n/nkremerh/latexdiff:/afs/crc.nd.edu/user/n/nkremerh/envtrace:/afs/crc.nd.edu/user/n/nkremerh/endlines:/afs/crc.nd.edu/user/n/nkremerh/cctools/bin:/afs/crc.nd.edu/user/n/nkremerh/.cargo/bin:/afs/crc.nd.edu/group/ccl/software/x86_64/redhat7/ruby/current/bin:/afs/crc.nd.edu/group/ccl/software/x86_64/redhat7/graphviz/current/bin:/afs/crc.nd.edu/group/ccl/software/x86_64/redhat7/gnuplot/current/bin:/afs/crc.nd.edu/group/ccl/software/x86_64/redhat7/git/current/bin:/afs/crc.nd.edu/group/ccl/software/x86_64/redhat7/condor/current/sbin:/afs/crc.nd.edu/group/ccl/software/x86_64/redhat7/condor/current/bin:/afs/crc.nd.edu/group/ccl/software/x86_64/redhat7/cmake/current/bin:/afs/crc.nd.edu/group/ccl/software/x86_64/redhat7/clang/current/bin:/afs/crc.nd.edu/group/ccl/software/x86_64/redhat7/condor/current/sbin:/afs/crc.nd.edu/group/ccl/software/x86_64/redhat7/condor/current/bin:/afs/crc.nd.edu/group/ccl/software/x86_64/redhat7/cctools/current/bin:/afs/crc.nd.edu/x86_64_linux/Modules/4.5.0/bin:/opt/crc/usr/local/bin:/opt/sge/bin/lx-amd64:/usr/local/bin:/usr/bin:/usr/local/sbin:/usr/sbin:/afs/crc.nd.edu/user/c/condor/software/bin:/afs/crc.nd.edu/user/c/condor/software/sbin
CCLSOFTWARE=/afs/crc.nd.edu/group/ccl/software/x86_64/redhat7
PWD=/var/condor/execute/dir_26786/worker-213124-26822/t.1087
_LMFILES_=/afs/crc.nd.edu/x86_64_linux/Modules/modules/system_modules/CRC_default/1.1
EDITOR=vim
SGE_EXECD_PORT=6445
LANG=en_US.UTF-8
SGE_QMASTER_PORT=6444
MODULEPATH=/afs/crc.nd.edu/x86_64_linux/Modules/modules/development_tools_and_libraries:/afs/crc.nd.edu/x86_64_linux/Modules/modules/general_software:/afs/crc.nd.edu/x86_64_linux/Modules/modules/restricted_software:/afs/crc.nd.edu/x86_64_linux/Modules/modules/system_modules:/afs/crc.nd.edu/x86_64_linux/Modules/modules/deprecated_software:/afs/crc.nd.edu/x86_64_linux/Modules/current/modulefiles
LOADEDMODULES=CRC_default/1.1
SGE_ROOT=/opt/sge
CCLPLATFORM=x86_64/redhat7
_CONDOR_SLOT=slot1
WORK_QUEUE_SANDBOX=/var/condor/execute/dir_26786/worker-213124-26822
USE_SYSTEMD=true
_CONDOR_LOWPORT=9100
_CONDOR_ANCESTOR_3611=3764:1598184024:3503519607
HISTCONTROL=ignoreboth:erasedups
KRB5CCNAME=FILE:/tmp/krb5cc_213124_DZSV7p
GLOBUS_GSSAPI_NAME_COMPATIBILITY=STRICT_RFC2818
HOME=disc01.crc.nd.edu
SHLVL=6
PATH_modshare=/opt/crc/usr/local/bin:1:/opt/sge/bin/lx-amd64:1:/usr/sbin:1:/usr/bin:1:/afs/crc.nd.edu/user/c/condor/software/sbin:1:/usr/local/sbin:1:/afs/crc.nd.edu/user/c/condor/software/bin:1:/usr/local/bin:1
OSTYPE=linux
_CONDOR_MACHINE_AD=/var/condor/execute/dir_26786/.machine.ad
GREP_OPTIONS=--color=auto
DISK=916619
GLOBUS_GSSAPI_MIN_TLS_PROTOCOL=TLS1_VERSION
MANPATH_modshare=/usr/share/man/overrides:1:/usr/local/share/man:1:/usr/share/man:1:/opt/crc/usr/local/man:1:/opt/sge/man:1
MEMORY=15899
PERL_LOCAL_LIB_ROOT=/afs/crc.nd.edu/user/n/nkremerh/.perl5/
BASH_ENV=/afs/crc.nd.edu/x86_64_linux/Modules/4.5.0/init/bash
VENDOR=unknown
TMP=/var/condor/execute/dir_26786/worker-213124-26822/t.1087/cctools-temp-t.1087.ZqL23D
LOGNAME=nkremerh
MACHTYPE=x86_64
CCLHOME=/afs/crc.nd.edu/group/ccl
PYTHONPATH=/afs/crc.nd.edu/user/n/nkremerh/cctools/lib/python3.6/site-packages/
LD_LIBRARY_PATH_modshare=/opt/crc/usr/local/lib:1
SSH_CONNECTION=10.17.150.11 36546 129.74.128.103 22
MODULES_LMALTNAME_modshare=CRC_default/1.1&CRC_default/default&CRC_default:1
MODULESHOME=/afs/crc.nd.edu/x86_64_linux/Modules/4.5.0
GLOBUS_GSSAPI_CIPHERS=HIGH
GLOBUS_GSSAPI_BACKWARD_COMPATIBLE_MIC=true
LESSOPEN=||/usr/bin/lesspipe.sh %s
OMP_NUM_THREADS=1
_CONDOR_JOB_AD=/var/condor/execute/dir_26786/.job.ad
LOADEDMODULES_modshare=CRC_default/1.1:1
XDG_RUNTIME_DIR=/run/user/213124
SGE_CLUSTER_NAME=CRC
CCTOOLS=../cctools
CORES=4
_CONDOR_JOB_IWD=/var/condor/execute/dir_26786
PERL_MM_OPT=INSTALL_BASE=/afs/crc.nd.edu/user/n/nkremerh/.perl5/
GLOBUS_GSSAPI_SERVER_CIPHER_ORDER=true
BASH_FUNC_module()=() {  unset _mlshdbg;
 if [ "${MODULES_SILENT_SHELL_DEBUG:-0}" = '1' ]; then
 case "$-" in 
 *v*x*)
 set +vx;
 _mlshdbg='vx'
 ;;
 *v*)
 set +v;
 _mlshdbg='v'
 ;;
 *x*)
 set +x;
 _mlshdbg='x'
 ;;
 *)
 _mlshdbg=''
 ;;
 esac;
 fi;
 unset _mlre _mlIFS;
 if [ -n "${IFS+x}" ]; then
 _mlIFS=$IFS;
 fi;
 IFS=' ';
 for _mlv in ${MODULES_RUN_QUARANTINE:-};
 do
 if [ "${_mlv}" = "${_mlv##*[!A-Za-z0-9_]}" -a "${_mlv}" = "${_mlv#[0-9]}" ]; then
 if [ -n "`eval 'echo ${'$_mlv'+x}'`" ]; then
 _mlre="${_mlre:-}${_mlv}_modquar='`eval 'echo ${'$_mlv'}'`' ";
 fi;
 _mlrv="MODULES_RUNENV_${_mlv}";
 _mlre="${_mlre:-}${_mlv}='`eval 'echo ${'$_mlrv':-}'`' ";
 fi;
 done;
 if [ -n "${_mlre:-}" ]; then
 eval `eval ${_mlre}/usr/bin/tclsh /afs/crc.nd.edu/x86_64_linux/Modules/4.5.0/libexec/modulecmd.tcl bash '"$@"'`;
 else
 eval `/usr/bin/tclsh /afs/crc.nd.edu/x86_64_linux/Modules/4.5.0/libexec/modulecmd.tcl bash "$@"`;
 fi;
 _mlstatus=$?;
 if [ -n "${_mlIFS+x}" ]; then
 IFS=$_mlIFS;
 else
 unset IFS;
 fi;
 unset _mlre _mlv _mlrv _mlIFS;
 if [ -n "${_mlshdbg:-}" ]; then
 set -$_mlshdbg;
 fi;
 unset _mlshdbg;
 return $_mlstatus
}
BASH_FUNC_ml()=() {  module ml "$@"
}
_=/usr/bin/printenv
