31823   0.000000 libjli.so->getenv("_JAVA_LAUNCHER_DEBUG") = nil
31823   0.001106 libjli.so->getenv("_JAVA_VERSION_SET") = nil
31823   0.000466 libjli.so->fopen("/usr/lib/jvm/java-1.8.0-openjdk-1.8.0.262.b10-0.el7_8.x86_64/jre/lib/amd64/jvm.cfg", "r") = 0x5582cde130f0
31823   0.000531 libjli.so->getenv("JDK_ALTERNATE_VM") = nil
31823   0.000204 libjli.so->__xstat(1, "/usr/lib/jvm/java-1.8.0-openjdk-1.8.0.262.b10-0.el7_8.x86_64/jre/lib/amd64/server/libjvm.so", 0x7ffef72dc590) = 0
31823   0.000490 libjli.so->getenv("LD_LIBRARY_PATH") = "/afs/crc.nd.edu/group/ccl/software/x86_64/redhat7/ruby/current/lib:/afs/crc.nd.edu/group/ccl/software/x86_64/redhat7/graphviz/current/lib:/afs/crc.nd.edu/group/ccl/software/x86_64/redhat7/git/current/lib:/afs/crc.nd.edu/group/ccl/software/x86_64/redhat7/condor/current/lib:/afs/crc.nd.edu/group/ccl/software/x86_64/redhat7/clang/current/lib:/afs/crc.nd.edu/group/ccl/software/x86_64/redhat7/condor/current/lib:/afs/crc.nd.edu/group/ccl/software/x86_64/redhat7/cctools/current/lib:/opt/crc/usr/local/lib"
31823   0.001473 libjli.so->dlopen("/usr/lib/jvm/java-1.8.0-openjdk-1.8.0.262.b10-0.el7_8.x86_64/jre/lib/amd64/server/libjvm.so", 258 <unfinished ...>
31823   0.024221 libjvm.so->getenv("NMT_LEVEL_31823") = nil
31823   0.001106 <... dlopen resumed> )          = 0x5582cde134c0
31823   0.000048 libjli.so->getenv("CLASSPATH")  = nil
31823   0.000205 libjli.so->getenv("_JAVA_SPLASH_JAR") = nil
31823   0.000208 libjli.so->getenv("_JAVA_SPLASH_FILE") = nil
31823   0.000216 libjli.so->pthread_attr_setdetachstate(0x7ffef72dc540, 0, 0x7ffef72dc5d0, 0) = 0
31823   0.000307 libpthread.so.0->__clone(0x2aeb3c78cde0, 0x2aeb3c69ffc0, 0x3d0f00, 0x2aeb3c6a0700) = 0x7c55
31829   0.001382 libjvm.so->dlopen(0x2aeb3df6b9ae, 1, 0xfffffffffff42c48, 4096) = 0x2aeb40000990
31829   0.001623 libjvm.so->getenv(0x2aeb3df8683e, 0, 115, 0x65737361) = 0x7ffef72e36de
31829   0.000285 libjvm.so->fopen(0x2aeb3c69ec10, 0x2aeb3df22ccb, 0x6f732e79666972, 0x2aeb3d064ab0) = 0x2aeb40001440
31829   0.000921 libjvm.so->dlopen(0x2aeb3c69ec10, 1, 0xffffffff, 0x2aeb40002b00) = 0x2aeb40001440
31829   0.000952 libjvm.so->fopen(0x2aeb3c69ec10, 0x2aeb3df22ccb, 111, 0x732e6176) = 0x2aeb40001b10
31829   0.001035 libjvm.so->dlopen(0x2aeb3c69ec10, 1, 0xffffffff, 0x2aeb40001a00) = 0x2aeb40001b10
31829   0.001010 libjvm.so->__xstat(1, 0x2aeb3c69f360, 0x2aeb3c69fba0, 0x746f7073746f682e) = -1
31829   0.000319 libjvm.so->getenv(0x2aeb3df1b541, 0x2aeb3c69f6d0, 1024, 0x2aeb3e3d561b) = 0
31829   0.000295 libjvm.so->getenv(0x2aeb3df1b533, 0x2aeb3c69f6d0, 1024, 0) = 0
31829   0.000272 libjvm.so->fopen(0x2aeb3df6b315, 0x2aeb3df22ccb, 4095, 0xffffd514c20e4b03) = 0x2aeb40003290
31829   0.000696 libjvm.so->fopen(0x2aeb3df6b361, 0x2aeb3df22ccb, 0x2aeb40000078, 0x2aeb40003280) = 0x2aeb40003290
31829   0.000462 libjvm.so->fopen(0x2aeb3c6999b0, 0x2aeb3df22ccb, 4014, 3995) = 0x2aeb40003290
31829   0.000461 libjvm.so->opendir(0x2aeb40002b40, 0x2aeb40002b40, 13, 16) = 0
31829   0.000342 libjvm.so->__xstat(1, 0x2aeb3c69e8f0, 0x2aeb3c69d860, 0x6f732e7477616d62) = -1
31829   0.000358 libjvm.so->__xstat(1, 0x2aeb3c69e8f0, 0x2aeb3c69d860, 0x5f74776162696c2f) = 0
31829   0.000329 libjvm.so->fopen(0x2aeb3c69db90, 0x2aeb3df22ccb, 4009, 3994) = 0x2aeb40003770
31829   0.000396 libjvm.so->fopen(0x2aeb3c69db90, 0x2aeb3df22ccb, 4009, 3994) = 0x2aeb40003770
31829   0.000401 libjvm.so->fopen(0x2aeb3c69db90, 0x2aeb3df22ccb, 4009, 4002) = 0x2aeb40003770
31829   0.000427 libjvm.so->fopen(0x2aeb3c69db20, 0x2aeb3df22ccb, 4009, 3994) = 0x2aeb40003770
31829   0.000391 libjvm.so->fopen(0x2aeb3c69db20, 0x2aeb3df22ccb, 4009, 3994) = 0x2aeb40003770
31829   0.000408 libjvm.so->fopen(0x2aeb3c69db20, 0x2aeb3df22ccb, 4009, 4002) = 0x2aeb40003770
31829   0.000417 libjvm.so->fopen(0x2aeb3c69db50, 0x2aeb3df22ccb, 4014, 3995) = 0x2aeb40003770
31829   0.000570 libjvm.so->getenv(0x2aeb3df6c0ff, 4096, 3, -1) = 0
31829   0.000607 libjvm.so->fopen(0x2aeb3df6b998, 0x2aeb3df22ccb, 0x2aeb3c783908, 0x2aeb3c782df0) = 0x2aeb40003770
31829   0.003152 libjvm.so->open(0x2aeb4004a560, 0x20000, 0, 0x2aeb4004a5a9) = 3
31829   0.000285 libjvm.so->__fxstat(1, 3, 0x2aeb3c69fa00, -1) = 0
31829   0.000304 libjvm.so->opendir(0x2aeb4004a560, 0x2aeb3c69fa00, 0x4000, -1) = 0x2aeb4004b470
31829   0.000312 libjvm.so->__fxstat(1, 3, 0x2aeb3c69f8a0, 0x2aeb4004b470) = 0
31829   0.000293 libjvm.so->__fxstat(1, 5, 0x2aeb3c69f930, -1) = 0
31829   0.000314 libjvm.so->open(0x2aeb3df399dc, 0, 0, 0) = 3
31829   0.000435 libjvm.so->__lxstat(1, 0x2aeb4004a560, 0x2aeb3c69fb50, -144) = 0
31829   0.000313 libjvm.so->open(0x2aeb4004a560, 0x20000, 0x4000, -1) = 3
31829   0.000273 libjvm.so->__fxstat(1, 3, 0x2aeb3c69fa00, -1) = 0
31829   0.000292 libjvm.so->opendir(0x2aeb4004a560, 0x2aeb3c69fa00, 0x4000, -1) = 0x2aeb4004b470
31829   0.000304 libjvm.so->__fxstat(1, 3, 0x2aeb3c69f8a0, 0x2aeb4004b470) = 0
31829   0.000272 libjvm.so->__fxstat(1, 5, 0x2aeb3c69f930, -1) = 0
31829   0.000295 libjvm.so->open(0x2aeb3df399dc, 0, 0, 0) = 3
31829   0.000332 libjvm.so->open(0x2aeb4004a5a9, 0x20042, 384, -1) = 7
31829   0.000407 libjvm.so->__fxstat(1, 7, 0x2aeb3c69fb50, -1) = 0
31829   0.001118 libjvm.so->fopen(0x2aeb3c69eb60, 0x2aeb3df22ccb, 4, 0x6f732e70) = 0x2aeb40057bc0
31829   0.000959 libjvm.so->dlopen(0x2aeb3c69eb60, 1, 0xffffffff, 0x2aeb40057b00) = 0x2aeb40057bc0
31829   0.000966 libjvm.so->__xstat(1, 0x2aeb3c69f120, 0x2aeb3c69f950, 2048) = 0
31829   0.000284 libjvm.so->__xstat(1, 0x2aeb3c69f120, 0x2aeb3c69f950, 2048) = 0
31829   0.000352 libjvm.so->__xstat(1, 0x2aeb3c69f120, 0x2aeb3c69f950, 2048) = -1
31829   0.000302 libjvm.so->__xstat(1, 0x2aeb3c69f120, 0x2aeb3c69f950, 2048) = 0
31829   0.000272 libjvm.so->__xstat(1, 0x2aeb3c69f120, 0x2aeb3c69f950, 2048) = 0
31829   0.000309 libjvm.so->__xstat(1, 0x2aeb3c69f120, 0x2aeb3c69f950, 2048) = 0
31829   0.000296 libjvm.so->__xstat(1, 0x2aeb3c69f120, 0x2aeb3c69f950, 2048) = 0
31829   0.000273 libjvm.so->__xstat(1, 0x2aeb3c69f120, 0x2aeb3c69f950, 2048) = -1
31829   0.000295 libjvm.so->fopen(0x2aeb40002520, 0x2aeb3df22ccb, 0, 0) = 0x2aeb40058a60
31829   0.005930 libjvm.so->open64(0x2aeb3c69e410, 0, 0, 16) = 3
31829   0.000367 libjvm.so->__fxstat64(1, 3, 0x2aeb3c69e240, -1) = 0
31829   0.023651 libjvm.so->__xstat(1, 0x2aeb3c69ef20, 0x2aeb3c69f750, 2048) = -1
31829   0.000391 libjvm.so->fopen(0x2aeb3c69db20, 0x2aeb3df22ccb, 4009, 3994) = 0x2aeb400b5e20
31829   0.000456 libjvm.so->fopen(0x2aeb3c69db20, 0x2aeb3df22ccb, 4009, 3994) = 0x2aeb400b5e20
31829   0.000454 libjvm.so->fopen(0x2aeb3c69db20, 0x2aeb3df22ccb, 4009, 4002) = 0x2aeb400b5e20
31829   0.002913 libjvm.so->pthread_attr_setdetachstate(0x2aeb3c69fc00, 1, 0, 0) = 0
31829   0.000370 libpthread.so.0->__clone(0x2aeb3c78cde0, 0x2aeb3fe04fc0, 0x3d0f00, 0x2aeb3fe05700) = 0x7c56
31829   0.010162 libjvm.so->pthread_attr_setdetachstate(0x2aeb3c69f290, 1, 0, 0) = 0
31829   0.000425 libpthread.so.0->__clone(0x2aeb3c78cde0, 0x2aeb3ff05fc0, 0x3d0f00, 0x2aeb3ff06700) = 0x7c57
31829   0.004530 libjvm.so->pthread_attr_setdetachstate(0x2aeb3c69f610, 1, 0, 0) = 0
31829   0.000535 libpthread.so.0->__clone(0x2aeb3c78cde0, 0x2aeb5530bfc0, 0x3d0f00, 0x2aeb5530c700) = 0x7c58
31829   0.026470 libjvm.so->fopen(0x2aeb400e9130, 0x2aeb3df22ccb, 4, 0x6f732e70) = 0x2aeb400f1c70
31829   0.001272 libjvm.so->dlopen(0x2aeb400e9130, 1, 0xffffffff, 0x2aeb400ec300) = 0x2aeb40057bc0
31829   0.003298 libjvm.so->open64(0x2aeb3c69e510, 0, 0, 16) = 5
31829   0.000578 libjvm.so->__fxstat64(1, 5, 0x2aeb3c69e340, -1) = 0
31829   0.012842 libjvm.so->fopen(0x2aeb3c69b130, 0x2aeb3df22ccb, 4009, 3994) = 0x2aeb400fcbc0
31829   0.000759 libjvm.so->fopen(0x2aeb3c69b130, 0x2aeb3df22ccb, 4009, 3994) = 0x2aeb400fcbc0
31829   0.000691 libjvm.so->fopen(0x2aeb3c69b130, 0x2aeb3df22ccb, 4009, 4002) = 0x2aeb400fcbc0
31829   0.010011 libjvm.so->pthread_attr_setdetachstate(0x2aeb3c69fb50, 1, 0, 0) = 0
31829   0.000581 libpthread.so.0->__clone(0x2aeb3c78cde0, 0x2aeb5540cfc0, 0x3d0f00, 0x2aeb5540d700) = 0x7c59
31829   0.000889 libjvm.so->__xstat64(1, 0x2aeb3c69fbe0, 0x2aeb3c69fb50, 19) = -1
31829   0.000733 libjvm.so->pthread_attr_setdetachstate(0x2aeb3c69f950, 1, 0, 0) = 0
31829   0.000672 libpthread.so.0->__clone(0x2aeb3c78cde0, 0x2aeb5550dfc0, 0x3d0f00, 0x2aeb5550e700) = 0x7c5a
31829   0.001060 libjvm.so->pthread_attr_setdetachstate(0x2aeb3c69f950, 1, 0, 0) = 0
31829   0.000803 libpthread.so.0->__clone(0x2aeb3c78cde0, 0x2aeb5560efc0, 0x3d0f00, 0x2aeb5560f700) = 0x7c5b
31829   0.005248 libjvm.so->pthread_attr_setdetachstate(0x2aeb3c69faa0, 1, 0, 0) = 0
31829   0.000871 libpthread.so.0->__clone(0x2aeb3c78cde0, 0x2aeb5570ffc0, 0x3d0f00, 0x2aeb55710700) = 0x7c5c
31829   0.001461 libjvm.so->pthread_attr_setdetachstate(0x2aeb3c69fbb0, 1, 0, 0) = 0
31829   0.000969 libpthread.so.0->__clone(0x2aeb3c78cde0, 0x2aeb55810fc0, 0x3d0f00, 0x2aeb55811700) = 0x7c5d
31829   0.010074 libjvm.so->open64(0x2aeb4012e840, 0, 0, 0) = 7
31829   0.001107 libjvm.so->__fxstat64(1, 7, 0x2aeb3c69cf60, -1) = 0
31829   0.016844 libjvm.so->fopen(0x2aeb40154690, 0x2aeb3df22ccb, 4, 0x6f732e6f) = 0x2aeb40154750
31829   0.003018 libjvm.so->dlopen(0x2aeb40154690, 1, 0xffffffff, 0x2aeb40154600) = 0x2aeb40154750
31829   0.092299 libjvm.so->fopen(0x2aeb40192600, 0x2aeb3df22ccb, 4, 0x6f732e74) = 0x2aeb401958b0
31829   0.002163 libjvm.so->dlopen(0x2aeb40192600, 1, 0xffffffff, 0x2aeb40195800) = 0x2aeb4019fc60
31829   0.099081 libjvm.so->fopen(0x2aeb40200c90, 0x2aeb3df22ccb, 0x6f732e7373656c, 0x656c646165685f74) = 0x2aeb40200d70
31829   0.003317 libjvm.so->dlopen(0x2aeb40200c90, 1, 0xffffffff, 0x2aeb40200c00) = 0x2aeb40200d70
31829   0.017241 libjvm.so->fopen(0x2aeb3c698990, 0x2aeb3df22ccb, 0x6f732e, 0x6d766a62696c2f72) = 0x2aeb4020abc0
31829   0.005479 libjvm.so->dlopen(0x2aeb3c698990, 1, 0xffffffff, 0x2aeb4020a100) = 0x5582cde134c0
31829   0.001534 libjvm.so->fopen(0x2aeb3c698990, 0x2aeb3df22ccb, 0x6f732e, 0x6d766a62696c2f72) = 0x2aeb4020ab60
31829   0.004518 libjvm.so->dlopen(0x2aeb3c698990, 1, 0xffffffff, 0x2aeb4020a100) = 0x5582cde134c0
31829   0.001545 libjvm.so->fopen(0x2aeb3c698990, 0x2aeb3df22ccb, 0x6f732e, 0x6d766a62696c2f72) = 0x2aeb4020ab60
31829   0.003086 libjvm.so->dlopen(0x2aeb3c698990, 1, 0xffffffff, 0x2aeb4020a100) = 0x5582cde134c0
31829   0.001556 libjvm.so->fopen(0x2aeb3c698990, 0x2aeb3df22ccb, 0x6f732e, 0x6d766a62696c2f72) = 0x2aeb4020ab60
31829   0.004211 libjvm.so->dlopen(0x2aeb3c698990, 1, 0xffffffff, 0x2aeb4020a100) = 0x5582cde134c0
31837  12.225268 +++ exited (status 0) +++
31833   0.000692 +++ exited (status 0) +++
31830   0.000182 +++ exited (status 0) +++
31829   0.000324 +++ exited (status 0) +++
31832   0.000341 +++ exited (status 0) +++
31836   0.000026 +++ exited (status 0) +++
31835   0.000016 +++ exited (status 0) +++
31831   0.000014 +++ exited (status 0) +++
31834   0.024096 +++ exited (status 0) +++
31823   0.000096 +++ exited (status 0) +++
Wrote an ltrace for command: "java -cp ./tools/maxent.jar density.MaxEnt -s outputs/Peoria_bipartitella_Ragonot.csv -e data/layers/worldclim -o outputs/Peoria_bipartitella_Ragonot nowarnings nocache autorun -z" with PID 31821 from PPID 31802 on disc25.crc.nd.edu with result 0
REMOTEHOST=10.17.150.11
MANPATH=/afs/crc.nd.edu/user/n/nkremerh/cctools/share/man/:/afs/crc.nd.edu/group/ccl/software/x86_64/redhat7/ruby/current/share/man:/afs/crc.nd.edu/group/ccl/software/x86_64/redhat7/graphviz/current/share/man:/afs/crc.nd.edu/group/ccl/software/x86_64/redhat7/gnuplot/current/share/man:/afs/crc.nd.edu/group/ccl/software/x86_64/redhat7/git/current/share/man:/afs/crc.nd.edu/group/ccl/software/x86_64/redhat7/condor/current/share/man:/afs/crc.nd.edu/group/ccl/software/x86_64/redhat7/clang/current/share/man:/afs/crc.nd.edu/group/ccl/software/x86_64/redhat7/condor/current/share/man:/afs/crc.nd.edu/group/ccl/software/x86_64/redhat7/cctools/current/share/man:/afs/crc.nd.edu/group/ccl/software/x86_64/redhat7/cctools/current/share/man:/afs/crc.nd.edu/x86_64_linux/Modules/4.5.0/share/man:/opt/crc/usr/local/man:/opt/sge/man:/usr/share/man/overrides:/usr/share/man:/usr/local/share/man
_CONDOR_JOB_PIDS=
XDG_SESSION_ID=4102
HOSTNAME=disc01.crc.nd.edu
_CONDOR_ANCESTOR_3764=26793:1600190002:1712875896
_LMFILES__modshare=/afs/crc.nd.edu/x86_64_linux/Modules/modules/system_modules/CRC_default/1.1:1
MODULEPATH_modshare=/afs/crc.nd.edu/x86_64_linux/Modules/modules/general_software:1:/afs/crc.nd.edu/x86_64_linux/Modules/modules/development_tools_and_libraries:1:/afs/crc.nd.edu/x86_64_linux/Modules/modules/system_modules:1:/afs/crc.nd.edu/x86_64_linux/Modules/current/modulefiles:1:/afs/crc.nd.edu/x86_64_linux/Modules/modules/restricted_software:1:/afs/crc.nd.edu/x86_64_linux/Modules/modules/deprecated_software:1
TERM=xterm-256color
SHELL=/bin/tcsh
HOST=disc01.crc.nd.edu
MODULES_CMD=/afs/crc.nd.edu/x86_64_linux/Modules/4.5.0/libexec/modulecmd.tcl
HISTSIZE=5000
MAKEFLAGS=
SSH_CLIENT=10.17.150.11 36546 22
TMPDIR=/var/condor/execute/dir_26793/worker-213124-26886/t.766/cctools-temp-t.766.ouqWrl
PERL5LIB=/afs/crc.nd.edu/user/n/nkremerh/cctools/lib/perl5/site_perl/5.16.3:/afs/crc.nd.edu/user/n/nkremerh/.perl5/lib/perl5
SGE_CELL=crc
_CONDOR_SCRATCH_DIR=/var/condor/execute/dir_26793
PERL_MB_OPT=--install_base '/afs/crc.nd.edu/user/n/nkremerh/.perl5/'
SSH_TTY=/dev/pts/2
SGE_LOAD_AVG=load_avg
MAKEFLOW_MAX_LOCAL_JOBS=2
GROUP=campus
USER=nkremerh
_CHIRP_DELAYED_UPDATE_PREFIX=Chirp*
HISTFILESIZE=10000
TEMP=/var/condor/execute/dir_26793/worker-213124-26886/t.766/cctools-temp-t.766.ouqWrl
LD_LIBRARY_PATH=/afs/crc.nd.edu/group/ccl/software/x86_64/redhat7/ruby/current/lib:/afs/crc.nd.edu/group/ccl/software/x86_64/redhat7/graphviz/current/lib:/afs/crc.nd.edu/group/ccl/software/x86_64/redhat7/git/current/lib:/afs/crc.nd.edu/group/ccl/software/x86_64/redhat7/condor/current/lib:/afs/crc.nd.edu/group/ccl/software/x86_64/redhat7/clang/current/lib:/afs/crc.nd.edu/group/ccl/software/x86_64/redhat7/condor/current/lib:/afs/crc.nd.edu/group/ccl/software/x86_64/redhat7/cctools/current/lib:/opt/crc/usr/local/lib
BATCH_SYSTEM=HTCondor
MODULES_LMALTNAME=CRC_default/1.1&CRC_default/default&CRC_default
ENV=/afs/crc.nd.edu/x86_64_linux/Modules/4.5.0/init/profile.sh
WORKER_TMPDIR=/var/condor/execute/dir_26793/worker-213124-26886/cache/tmp
HOSTTYPE=x86_64-linux
_CONDOR_HIGHPORT=9999
GLOBUS_GSSAPI_MAX_TLS_PROTOCOL=0
_CONDOR_CHIRP_CONFIG=/var/condor/execute/dir_26793/.chirp.config
MAKELEVEL=1
MFLAGS=
MAIL=/var/spool/mail/nkremerh
PATH=/afs/crc.nd.edu/user/n/nkremerh/cctools/bin:/afs/crc.nd.edu/user/n/nkremerh/miniconda/bin:/afs/crc.nd.edu/group/ccl/software/git:/afs/crc.nd.edu/user/n/nkremerh/.local/bin:/afs/crc.nd.edu/group/ccl/software/x86_64/redhat7/povray/3.7/bin:/afs/crc.nd.edu/user/n/nkremerh/.perl5/bin:/afs/crc.nd.edu/user/n/nkremerh/pegasus/bin:/afs/crc.nd.edu/user/n/nkremerh/nodejs/bin:/afs/crc.nd.edu/user/n/nkremerh/montage/bin:/afs/crc.nd.edu/user/n/nkremerh/latexdiff:/afs/crc.nd.edu/user/n/nkremerh/envtrace:/afs/crc.nd.edu/user/n/nkremerh/endlines:/afs/crc.nd.edu/user/n/nkremerh/cctools/bin:/afs/crc.nd.edu/user/n/nkremerh/.cargo/bin:/afs/crc.nd.edu/group/ccl/software/x86_64/redhat7/ruby/current/bin:/afs/crc.nd.edu/group/ccl/software/x86_64/redhat7/graphviz/current/bin:/afs/crc.nd.edu/group/ccl/software/x86_64/redhat7/gnuplot/current/bin:/afs/crc.nd.edu/group/ccl/software/x86_64/redhat7/git/current/bin:/afs/crc.nd.edu/group/ccl/software/x86_64/redhat7/condor/current/sbin:/afs/crc.nd.edu/group/ccl/software/x86_64/redhat7/condor/current/bin:/afs/crc.nd.edu/group/ccl/software/x86_64/redhat7/cmake/current/bin:/afs/crc.nd.edu/group/ccl/software/x86_64/redhat7/clang/current/bin:/afs/crc.nd.edu/group/ccl/software/x86_64/redhat7/condor/current/sbin:/afs/crc.nd.edu/group/ccl/software/x86_64/redhat7/condor/current/bin:/afs/crc.nd.edu/group/ccl/software/x86_64/redhat7/cctools/current/bin:/afs/crc.nd.edu/x86_64_linux/Modules/4.5.0/bin:/opt/crc/usr/local/bin:/opt/sge/bin/lx-amd64:/usr/local/bin:/usr/bin:/usr/local/sbin:/usr/sbin:/afs/crc.nd.edu/user/c/condor/software/bin:/afs/crc.nd.edu/user/c/condor/software/sbin
CCLSOFTWARE=/afs/crc.nd.edu/group/ccl/software/x86_64/redhat7
PWD=/var/condor/execute/dir_26793/worker-213124-26886/t.766
_LMFILES_=/afs/crc.nd.edu/x86_64_linux/Modules/modules/system_modules/CRC_default/1.1
EDITOR=vim
SGE_EXECD_PORT=6445
LANG=en_US.UTF-8
SGE_QMASTER_PORT=6444
MODULEPATH=/afs/crc.nd.edu/x86_64_linux/Modules/modules/development_tools_and_libraries:/afs/crc.nd.edu/x86_64_linux/Modules/modules/general_software:/afs/crc.nd.edu/x86_64_linux/Modules/modules/restricted_software:/afs/crc.nd.edu/x86_64_linux/Modules/modules/system_modules:/afs/crc.nd.edu/x86_64_linux/Modules/modules/deprecated_software:/afs/crc.nd.edu/x86_64_linux/Modules/current/modulefiles
LOADEDMODULES=CRC_default/1.1
SGE_ROOT=/opt/sge
CCLPLATFORM=x86_64/redhat7
_CONDOR_SLOT=slot2_2
WORK_QUEUE_SANDBOX=/var/condor/execute/dir_26793/worker-213124-26886
USE_SYSTEMD=true
_CONDOR_LOWPORT=9100
_CONDOR_ANCESTOR_3611=3764:1598184024:3503519607
HISTCONTROL=ignoreboth:erasedups
KRB5CCNAME=FILE:/tmp/krb5cc_213124_DZSV7p
GLOBUS_GSSAPI_NAME_COMPATIBILITY=STRICT_RFC2818
HOME=disc01.crc.nd.edu
SHLVL=6
PATH_modshare=/opt/crc/usr/local/bin:1:/opt/sge/bin/lx-amd64:1:/usr/sbin:1:/usr/bin:1:/afs/crc.nd.edu/user/c/condor/software/sbin:1:/usr/local/sbin:1:/afs/crc.nd.edu/user/c/condor/software/bin:1:/usr/local/bin:1
OSTYPE=linux
_CONDOR_MACHINE_AD=/var/condor/execute/dir_26793/.machine.ad
GREP_OPTIONS=--color=auto
DISK=18234
GLOBUS_GSSAPI_MIN_TLS_PROTOCOL=TLS1_VERSION
MANPATH_modshare=/usr/share/man/overrides:1:/usr/local/share/man:1:/usr/share/man:1:/opt/crc/usr/local/man:1:/opt/sge/man:1
MEMORY=1948
PERL_LOCAL_LIB_ROOT=/afs/crc.nd.edu/user/n/nkremerh/.perl5/
BASH_ENV=/afs/crc.nd.edu/x86_64_linux/Modules/4.5.0/init/bash
VENDOR=unknown
TMP=/var/condor/execute/dir_26793/worker-213124-26886/t.766/cctools-temp-t.766.ouqWrl
LOGNAME=nkremerh
MACHTYPE=x86_64
CCLHOME=/afs/crc.nd.edu/group/ccl
PYTHONPATH=/afs/crc.nd.edu/user/n/nkremerh/cctools/lib/python3.6/site-packages/
LD_LIBRARY_PATH_modshare=/opt/crc/usr/local/lib:1
SSH_CONNECTION=10.17.150.11 36546 129.74.128.103 22
MODULES_LMALTNAME_modshare=CRC_default/1.1&CRC_default/default&CRC_default:1
MODULESHOME=/afs/crc.nd.edu/x86_64_linux/Modules/4.5.0
GLOBUS_GSSAPI_CIPHERS=HIGH
GLOBUS_GSSAPI_BACKWARD_COMPATIBLE_MIC=true
LESSOPEN=||/usr/bin/lesspipe.sh %s
OMP_NUM_THREADS=1
_CONDOR_JOB_AD=/var/condor/execute/dir_26793/.job.ad
LOADEDMODULES_modshare=CRC_default/1.1:1
XDG_RUNTIME_DIR=/run/user/213124
SGE_CLUSTER_NAME=CRC
CCTOOLS=../cctools
CORES=2
_CONDOR_JOB_IWD=/var/condor/execute/dir_26793
PERL_MM_OPT=INSTALL_BASE=/afs/crc.nd.edu/user/n/nkremerh/.perl5/
_CONDOR_ANCESTOR_26793=26851:1600190003:4205143622
GLOBUS_GSSAPI_SERVER_CIPHER_ORDER=true
BASH_FUNC_module()=() {  unset _mlshdbg;
 if [ "${MODULES_SILENT_SHELL_DEBUG:-0}" = '1' ]; then
 case "$-" in 
 *v*x*)
 set +vx;
 _mlshdbg='vx'
 ;;
 *v*)
 set +v;
 _mlshdbg='v'
 ;;
 *x*)
 set +x;
 _mlshdbg='x'
 ;;
 *)
 _mlshdbg=''
 ;;
 esac;
 fi;
 unset _mlre _mlIFS;
 if [ -n "${IFS+x}" ]; then
 _mlIFS=$IFS;
 fi;
 IFS=' ';
 for _mlv in ${MODULES_RUN_QUARANTINE:-};
 do
 if [ "${_mlv}" = "${_mlv##*[!A-Za-z0-9_]}" -a "${_mlv}" = "${_mlv#[0-9]}" ]; then
 if [ -n "`eval 'echo ${'$_mlv'+x}'`" ]; then
 _mlre="${_mlre:-}${_mlv}_modquar='`eval 'echo ${'$_mlv'}'`' ";
 fi;
 _mlrv="MODULES_RUNENV_${_mlv}";
 _mlre="${_mlre:-}${_mlv}='`eval 'echo ${'$_mlrv':-}'`' ";
 fi;
 done;
 if [ -n "${_mlre:-}" ]; then
 eval `eval ${_mlre}/usr/bin/tclsh /afs/crc.nd.edu/x86_64_linux/Modules/4.5.0/libexec/modulecmd.tcl bash '"$@"'`;
 else
 eval `/usr/bin/tclsh /afs/crc.nd.edu/x86_64_linux/Modules/4.5.0/libexec/modulecmd.tcl bash "$@"`;
 fi;
 _mlstatus=$?;
 if [ -n "${_mlIFS+x}" ]; then
 IFS=$_mlIFS;
 else
 unset IFS;
 fi;
 unset _mlre _mlv _mlrv _mlIFS;
 if [ -n "${_mlshdbg:-}" ]; then
 set -$_mlshdbg;
 fi;
 unset _mlshdbg;
 return $_mlstatus
}
BASH_FUNC_ml()=() {  module ml "$@"
}
_=/usr/bin/printenv
