26551   0.000000 libjli.so->getenv("_JAVA_LAUNCHER_DEBUG") = nil
26551   0.001863 libjli.so->getenv("_JAVA_VERSION_SET") = nil
26551   0.000712 libjli.so->fopen("/usr/lib/jvm/java-1.8.0-openjdk-1.8.0.262.b10-0.el7_8.x86_64/jre/lib/amd64/jvm.cfg", "r") = 0x557ef60980e0
26551   0.000800 libjli.so->getenv("JDK_ALTERNATE_VM") = nil
26551   0.000307 libjli.so->__xstat(1, "/usr/lib/jvm/java-1.8.0-openjdk-1.8.0.262.b10-0.el7_8.x86_64/jre/lib/amd64/server/libjvm.so", 0x7ffd4efcab20) = 0
26551   0.000595 libjli.so->getenv("LD_LIBRARY_PATH") = "/afs/crc.nd.edu/group/ccl/software/x86_64/redhat7/ruby/current/lib:/afs/crc.nd.edu/group/ccl/software/x86_64/redhat7/graphviz/current/lib:/afs/crc.nd.edu/group/ccl/software/x86_64/redhat7/git/current/lib:/afs/crc.nd.edu/group/ccl/software/x86_64/redhat7/condor/current/lib:/afs/crc.nd.edu/group/ccl/software/x86_64/redhat7/clang/current/lib:/afs/crc.nd.edu/group/ccl/software/x86_64/redhat7/condor/current/lib:/afs/crc.nd.edu/group/ccl/software/x86_64/redhat7/cctools/current/lib:/opt/crc/usr/local/lib"
26551   0.002168 libjli.so->dlopen("/usr/lib/jvm/java-1.8.0-openjdk-1.8.0.262.b10-0.el7_8.x86_64/jre/lib/amd64/server/libjvm.so", 258 <unfinished ...>
26551   0.038996 libjvm.so->getenv("NMT_LEVEL_26551") = nil
26551   0.001627 <... dlopen resumed> )          = 0x557ef60984b0
26551   0.000089 libjli.so->getenv("CLASSPATH")  = nil
26551   0.000312 libjli.so->getenv("_JAVA_SPLASH_JAR") = nil
26551   0.000299 libjli.so->getenv("_JAVA_SPLASH_FILE") = nil
26551   0.000307 libjli.so->pthread_attr_setdetachstate(0x7ffd4efcaad0, 0, 0x7ffd4efcab60, 0) = 0
26551   0.000452 libpthread.so.0->__clone(0x2b351e111de0, 0x2b351e024fc0, 0x3d0f00, 0x2b351e025700) = 0x67bc
26556   0.001588 libjvm.so->dlopen(0x2b351f8f09ae, 1, 0xfffffffffff42c48, 4096) = 0x2b3524000990
26556   0.002403 libjvm.so->getenv(0x2b351f90b83e, 0, 115, 0x65737361) = 0x7ffd4efd16b2
26556   0.000460 libjvm.so->fopen(0x2b351e023c10, 0x2b351f8a7ccb, 0x6f732e79666972, 0x2b351e9e9ab0) = 0x2b3524001440
26556   0.001432 libjvm.so->dlopen(0x2b351e023c10, 1, 0xffffffff, 0x2b3524002b00) = 0x2b3524001440
26556   0.001481 libjvm.so->fopen(0x2b351e023c10, 0x2b351f8a7ccb, 111, 0x732e6176) = 0x2b3524001b10
26556   0.001620 libjvm.so->dlopen(0x2b351e023c10, 1, 0xffffffff, 0x2b3524001a00) = 0x2b3524001b10
26556   0.001611 libjvm.so->__xstat(1, 0x2b351e024360, 0x2b351e024ba0, 0x746f7073746f682e) = -1
26556   0.000467 libjvm.so->getenv(0x2b351f8a0541, 0x2b351e0246d0, 1024, 0x2b351fd5a61b) = 0
26556   0.000433 libjvm.so->getenv(0x2b351f8a0533, 0x2b351e0246d0, 1024, 0) = 0
26556   0.000475 libjvm.so->fopen(0x2b351f8f0315, 0x2b351f8a7ccb, 4095, 0xffffd4cae075fb03) = 0x2b35240032d0
26556   0.001081 libjvm.so->fopen(0x2b351f8f0361, 0x2b351f8a7ccb, 0x2b3524000078, 0x2b35240032c0) = 0x2b35240032d0
26556   0.000725 libjvm.so->fopen(0x2b351e01e9b0, 0x2b351f8a7ccb, 4014, 3995) = 0x2b35240032d0
26556   0.000644 libjvm.so->opendir(0x2b3524002b40, 0x2b3524002b40, 13, 16) = 0
26556   0.000484 libjvm.so->__xstat(1, 0x2b351e0238f0, 0x2b351e022860, 0x6f732e7477616d62) = -1
26556   0.000438 libjvm.so->__xstat(1, 0x2b351e0238f0, 0x2b351e022860, 0x5f74776162696c2f) = 0
26556   0.000535 libjvm.so->fopen(0x2b351e022b90, 0x2b351f8a7ccb, 4009, 3994) = 0x2b35240037b0
26556   0.000601 libjvm.so->fopen(0x2b351e022b90, 0x2b351f8a7ccb, 4009, 3994) = 0x2b35240037b0
26556   0.000721 libjvm.so->fopen(0x2b351e022b90, 0x2b351f8a7ccb, 4009, 4002) = 0x2b35240037b0
26556   0.000662 libjvm.so->fopen(0x2b351e022b20, 0x2b351f8a7ccb, 4009, 3994) = 0x2b35240037b0
26556   0.000581 libjvm.so->fopen(0x2b351e022b20, 0x2b351f8a7ccb, 4009, 3994) = 0x2b35240037b0
26556   0.000633 libjvm.so->fopen(0x2b351e022b20, 0x2b351f8a7ccb, 4009, 4002) = 0x2b35240037b0
26556   0.000647 libjvm.so->fopen(0x2b351e022b50, 0x2b351f8a7ccb, 4014, 3995) = 0x2b35240037b0
26556   0.000770 libjvm.so->getenv(0x2b351f8f10ff, 4096, 3, -1) = 0
26556   0.000870 libjvm.so->fopen(0x2b351f8f0998, 0x2b351f8a7ccb, 0x2b351e108908, 0x2b351e107df0) = 0x2b35240037b0
26556   0.004669 libjvm.so->open(0x2b352404a5a0, 0x20000, 0, 0x2b352404a5e9) = 3
26556   0.000461 libjvm.so->__fxstat(1, 3, 0x2b351e024a00, -1) = 0
26556   0.000526 libjvm.so->opendir(0x2b352404a5a0, 0x2b351e024a00, 0x4000, -1) = 0x2b352404b4b0
26556   0.000465 libjvm.so->__fxstat(1, 3, 0x2b351e0248a0, 0x2b352404b4b0) = 0
26556   0.000451 libjvm.so->__fxstat(1, 5, 0x2b351e024930, -1) = 0
26556   0.000494 libjvm.so->open(0x2b351f8be9dc, 0, 0, 0) = 3
26556   0.000751 libjvm.so->__lxstat(1, 0x2b352404a5a0, 0x2b351e024b50, -144) = 0
26556   0.000483 libjvm.so->open(0x2b352404a5a0, 0x20000, 0x4000, -1) = 3
26556   0.000427 libjvm.so->__fxstat(1, 3, 0x2b351e024a00, -1) = 0
26556   0.000503 libjvm.so->opendir(0x2b352404a5a0, 0x2b351e024a00, 0x4000, -1) = 0x2b352404b4b0
26556   0.000432 libjvm.so->__fxstat(1, 3, 0x2b351e0248a0, 0x2b352404b4b0) = 0
26556   0.000418 libjvm.so->__fxstat(1, 5, 0x2b351e024930, -1) = 0
26556   0.000504 libjvm.so->open(0x2b351f8be9dc, 0, 0, 0) = 3
26556   0.000451 libjvm.so->open(0x2b352404a5e9, 0x20042, 384, -1) = 7
26556   0.000777 libjvm.so->__fxstat(1, 7, 0x2b351e024b50, -1) = 0
26556   0.001660 libjvm.so->fopen(0x2b351e023b60, 0x2b351f8a7ccb, 4, 0x6f732e70) = 0x2b3524057c00
26556   0.001405 libjvm.so->dlopen(0x2b351e023b60, 1, 0xffffffff, 0x2b3524057b00) = 0x2b3524057c00
26556   0.001498 libjvm.so->__xstat(1, 0x2b351e024120, 0x2b351e024950, 2048) = 0
26556   0.000451 libjvm.so->__xstat(1, 0x2b351e024120, 0x2b351e024950, 2048) = 0
26556   0.000432 libjvm.so->__xstat(1, 0x2b351e024120, 0x2b351e024950, 2048) = -1
26556   0.000452 libjvm.so->__xstat(1, 0x2b351e024120, 0x2b351e024950, 2048) = 0
26556   0.000417 libjvm.so->__xstat(1, 0x2b351e024120, 0x2b351e024950, 2048) = 0
26556   0.000453 libjvm.so->__xstat(1, 0x2b351e024120, 0x2b351e024950, 2048) = 0
26556   0.000431 libjvm.so->__xstat(1, 0x2b351e024120, 0x2b351e024950, 2048) = 0
26556   0.000479 libjvm.so->__xstat(1, 0x2b351e024120, 0x2b351e024950, 2048) = -1
26556   0.000426 libjvm.so->fopen(0x2b3524002520, 0x2b351f8a7ccb, 0, 0) = 0x2b3524058aa0
26556   0.009468 libjvm.so->open64(0x2b351e023410, 0, 0, 16) = 3
26556   0.000518 libjvm.so->__fxstat64(1, 3, 0x2b351e023240, -1) = 0
26556   0.036548 libjvm.so->__xstat(1, 0x2b351e023f20, 0x2b351e024750, 2048) = -1
26556   0.000594 libjvm.so->fopen(0x2b351e022b20, 0x2b351f8a7ccb, 4009, 3994) = 0x2b35240b1fb0
26556   0.000644 libjvm.so->fopen(0x2b351e022b20, 0x2b351f8a7ccb, 4009, 3994) = 0x2b35240b1fb0
26556   0.000624 libjvm.so->fopen(0x2b351e022b20, 0x2b351f8a7ccb, 4009, 4002) = 0x2b35240b1fb0
26556   0.004301 libjvm.so->pthread_attr_setdetachstate(0x2b351e024c00, 1, 0, 0) = 0
26556   0.000482 libpthread.so.0->__clone(0x2b351e111de0, 0x2b3523995fc0, 0x3d0f00, 0x2b3523996700) = 0x67bd
26556   0.015433 libjvm.so->pthread_attr_setdetachstate(0x2b351e024290, 1, 0, 0) = 0
26556   0.000661 libpthread.so.0->__clone(0x2b351e111de0, 0x2b3523a96fc0, 0x3d0f00, 0x2b3523a97700) = 0x67be
26556   0.006822 libjvm.so->pthread_attr_setdetachstate(0x2b351e024610, 1, 0, 0) = 0
26556   0.000826 libpthread.so.0->__clone(0x2b351e111de0, 0x2b3523b97fc0, 0x3d0f00, 0x2b3523b98700) = 0x67bf
26556   0.039163 libjvm.so->fopen(0x2b35240f1810, 0x2b351f8a7ccb, 4, 0x6f732e70) = 0x2b35240f1d10
26556   0.002061 libjvm.so->dlopen(0x2b35240f1810, 1, 0xffffffff, 0x2b35240e8c00) = 0x2b3524057c00
26556   0.005025 libjvm.so->open64(0x2b351e023510, 0, 0, 16) = 5
26556   0.001101 libjvm.so->__fxstat64(1, 5, 0x2b351e023340, -1) = 0
26556   0.019653 libjvm.so->fopen(0x2b351e020130, 0x2b351f8a7ccb, 4009, 3994) = 0x2b35240fcce0
26556   0.001191 libjvm.so->fopen(0x2b351e020130, 0x2b351f8a7ccb, 4009, 3994) = 0x2b35240fcce0
26556   0.001093 libjvm.so->fopen(0x2b351e020130, 0x2b351f8a7ccb, 4009, 4002) = 0x2b35240fcce0
26556   0.015731 libjvm.so->pthread_attr_setdetachstate(0x2b351e024b50, 1, 0, 0) = 0
26556   0.000990 libpthread.so.0->__clone(0x2b351e111de0, 0x2b3523c98fc0, 0x3d0f00, 0x2b3523c99700) = 0x67c0
26556   0.001393 libjvm.so->__xstat64(1, 0x2b351e024be0, 0x2b351e024b50, 19) = -1
26556   0.001279 libjvm.so->pthread_attr_setdetachstate(0x2b351e024950, 1, 0, 0) = 0
26556   0.001152 libpthread.so.0->__clone(0x2b351e111de0, 0x2b3523d99fc0, 0x3d0f00, 0x2b3523d9a700) = 0x67c1
26556   0.001721 libjvm.so->pthread_attr_setdetachstate(0x2b351e024950, 1, 0, 0) = 0
26556   0.001272 libpthread.so.0->__clone(0x2b351e111de0, 0x2b3523e9afc0, 0x3d0f00, 0x2b3523e9b700) = 0x67c2
26556   0.008024 libjvm.so->pthread_attr_setdetachstate(0x2b351e024aa0, 1, 0, 0) = 0
26556   0.001417 libpthread.so.0->__clone(0x2b351e111de0, 0x2b3523f9bfc0, 0x3d0f00, 0x2b3523f9c700) = 0x67c3
26556   0.002303 libjvm.so->pthread_attr_setdetachstate(0x2b351e024bb0, 1, 0, 0) = 0
26556   0.001588 libpthread.so.0->__clone(0x2b351e111de0, 0x2b35370fffc0, 0x3d0f00, 0x2b3537100700) = 0x67c4
26556   0.015804 libjvm.so->open64(0x2b352412e8e0, 0, 0, 32) = 7
26556   0.001734 libjvm.so->__fxstat64(1, 7, 0x2b351e021f60, -1) = 0
26556   0.027802 libjvm.so->fopen(0x2b3524154710, 0x2b351f8a7ccb, 4, 0x6f732e6f) = 0x2b35241547d0
26556   0.003368 libjvm.so->dlopen(0x2b3524154710, 1, 0xffffffff, 0x2b3524154700) = 0x2b35241547d0
26556   0.102127 libjvm.so->fopen(0x2b351e01ee40, 0x2b351f8a7ccb, 0x6f732e, 0x6d766a62696c2f72) = 0x2b3524169f20
26556   0.006132 libjvm.so->dlopen(0x2b351e01ee40, 1, 0xffffffff, 0x2b3524169e00) = 0x557ef60984b0
26556   0.001691 libjvm.so->fopen(0x2b351e01ee40, 0x2b351f8a7ccb, 0x6f732e, 0x6d766a62696c2f72) = 0x2b352416a320
26556   0.005236 libjvm.so->dlopen(0x2b351e01ee40, 1, 0xffffffff, 0x2b3524169e00) = 0x557ef60984b0
26556   0.002209 libjvm.so->fopen(0x2b351e01ee40, 0x2b351f8a7ccb, 0x6f732e, 0x6d766a62696c2f72) = 0x2b3524169f20
26556   0.003824 libjvm.so->dlopen(0x2b351e01ee40, 1, 0xffffffff, 0x2b3524169e00) = 0x557ef60984b0
26556   0.001757 libjvm.so->fopen(0x2b351e01ee40, 0x2b351f8a7ccb, 0x6f732e, 0x6d766a62696c2f72) = 0x2b3524169f20
26556   0.003632 libjvm.so->dlopen(0x2b351e01ee40, 1, 0xffffffff, 0x2b3524169e00) = 0x557ef60984b0
26556   0.052626 libjvm.so->fopen(0x2b35241a7540, 0x2b351f8a7ccb, 4, 0x6f732e74) = 0x2b35241bf450
26556   0.003069 libjvm.so->dlopen(0x2b35241a7540, 1, 0xffffffff, 0x2b35241b4000) = 0x2b35241bf450
26556   0.145318 libjvm.so->fopen(0x2b3524240610, 0x2b351f8a7ccb, 0x6f732e7373656c, 0x656c646165685f74) = 0x2b35242406f0
26556   0.003474 libjvm.so->dlopen(0x2b3524240610, 1, 0xffffffff, 0x2b3524240600) = 0x2b35242406f0
26556   4.839859 --- SIGSEGV (Segmentation fault) ---
26556   0.001373 --- SIGSEGV (Segmentation fault) ---
26556   0.924231 --- SIGSEGV (Segmentation fault) ---
26556   0.000604 --- SIGSEGV (Segmentation fault) ---
26556   0.878844 --- SIGSEGV (Segmentation fault) ---
26556   0.001031 --- SIGSEGV (Segmentation fault) ---
26556   0.806856 --- SIGSEGV (Segmentation fault) ---
26556   0.000655 --- SIGSEGV (Segmentation fault) ---
26556   0.000541 --- SIGSEGV (Segmentation fault) ---
26556   0.638985 --- SIGSEGV (Segmentation fault) ---
26556   0.001268 --- SIGSEGV (Segmentation fault) ---
26556   0.883838 --- SIGSEGV (Segmentation fault) ---
26556   0.001593 --- SIGSEGV (Segmentation fault) ---
26556   0.981804 --- SIGSEGV (Segmentation fault) ---
26556   0.000617 --- SIGSEGV (Segmentation fault) ---
26556   0.896606 --- SIGSEGV (Segmentation fault) ---
26556   0.000922 --- SIGSEGV (Segmentation fault) ---
26556   1.197652 --- SIGSEGV (Segmentation fault) ---
26556   0.000658 --- SIGSEGV (Segmentation fault) ---
26556   0.000765 --- SIGSEGV (Segmentation fault) ---
26556   0.937493 --- SIGSEGV (Segmentation fault) ---
26556   0.959015 --- SIGSEGV (Segmentation fault) ---
26556   0.000830 --- SIGSEGV (Segmentation fault) ---
26562   0.001060 --- SIGSEGV (Segmentation fault) ---
26556   0.658200 --- SIGSEGV (Segmentation fault) ---
26556   0.000949 --- SIGSEGV (Segmentation fault) ---
26556   0.000710 --- SIGSEGV (Segmentation fault) ---
26556   0.924387 --- SIGSEGV (Segmentation fault) ---
26556   0.000724 --- SIGSEGV (Segmentation fault) ---
26556   0.000466 --- SIGSEGV (Segmentation fault) ---
26556   0.000754 --- SIGSEGV (Segmentation fault) ---
26558   0.927633 --- SIGSEGV (Segmentation fault) ---
26556   1.014059 --- SIGSEGV (Segmentation fault) ---
26556   0.994990 libjvm.so->fopen(0x2b351e0220e0, 0x2b351f8a7ccb, 111, 0x732e6176) = 0x2b35241ea290
26556   0.003096 libjvm.so->dlopen(0x2b351e0220e0, 1, 0xffffffff, 0x2b35241ea100) = 0x2b3524001b10
26556   0.001680 libjvm.so->fopen(0x2b351e0220e0, 0x2b351f8a7ccb, 111, 0x732e6176) = 0x2b35241ea620
26556   0.002710 libjvm.so->dlopen(0x2b351e0220e0, 1, 0xffffffff, 0x2b35241ea100) = 0x2b3524001b10
26556   0.001703 libjvm.so->fopen(0x2b351e0220e0, 0x2b351f8a7ccb, 111, 0x732e6176) = 0x2b35241ea620
26556   0.002844 libjvm.so->dlopen(0x2b351e0220e0, 1, 0xffffffff, 0x2b35241ea100) = 0x2b3524001b10
26556   0.001710 libjvm.so->fopen(0x2b351e0220e0, 0x2b351f8a7ccb, 111, 0x732e6176) = 0x2b35241ea340
26556   0.002753 libjvm.so->dlopen(0x2b351e0220e0, 1, 0xffffffff, 0x2b35241ea100) = 0x2b3524001b10
26556   0.057408 libjvm.so->fopen(0x2b351e021e50, 0x2b351f8a7ccb, 111, 0x732e6176) = 0x2b3524297dc0
26556   0.003146 libjvm.so->dlopen(0x2b351e021e50, 1, 0xffffffff, 0x2b3524184200) = 0x2b3524001b10
26556   0.001678 libjvm.so->fopen(0x2b351e021e50, 0x2b351f8a7ccb, 111, 0x732e6176) = 0x2b3524297d90
26556   0.002720 libjvm.so->dlopen(0x2b351e021e50, 1, 0xffffffff, 0x2b3524184200) = 0x2b3524001b10
26556   0.001637 libjvm.so->fopen(0x2b351e021e50, 0x2b351f8a7ccb, 111, 0x732e6176) = 0x2b3524297d90
26556   0.002974 libjvm.so->dlopen(0x2b351e021e50, 1, 0xffffffff, 0x2b3524184200) = 0x2b3524001b10
26556   0.001692 libjvm.so->fopen(0x2b351e021e50, 0x2b351f8a7ccb, 111, 0x732e6176) = 0x2b3524297d90
26556   0.002682 libjvm.so->dlopen(0x2b351e021e50, 1, 0xffffffff, 0x2b3524184200) = 0x2b3524001b10
26556   1.168753 --- SIGSEGV (Segmentation fault) ---
26556   0.344554 --- SIGSEGV (Segmentation fault) ---
26556   5.882296 --- SIGSEGV (Segmentation fault) ---
26564   0.655453 +++ exited (status 0) +++
26557   0.010981 +++ exited (status 0) +++
26556   0.001338 +++ exited (status 0) +++
26561   0.000333 +++ exited (status 0) +++
26563   0.000039 +++ exited (status 0) +++
26562   0.000016 +++ exited (status 0) +++
26560   0.000014 +++ exited (status 0) +++
26558   0.000017 +++ exited (status 0) +++
26559   0.022554 +++ exited (status 0) +++
26551   0.000093 +++ exited (status 0) +++
Wrote an ltrace for command: "java -cp ./tools/maxent.jar density.Project outputs/Hadena_magnolii_Boisduval/Hadena_magnolii_Boisduval.lambdas data/layers/worldclim outputs/Hadena_magnolii_Boisduval_worldclim.asc nowarnings nocache autorun -z" with PID 26548 from PPID 26532 on disc20.crc.nd.edu with result 0
REMOTEHOST=10.17.148.247
_CONDOR_JOB_PIDS=
MANPATH=/afs/crc.nd.edu/user/n/nkremerh/cctools/share/man/:/afs/crc.nd.edu/group/ccl/software/x86_64/redhat7/ruby/current/share/man:/afs/crc.nd.edu/group/ccl/software/x86_64/redhat7/graphviz/current/share/man:/afs/crc.nd.edu/group/ccl/software/x86_64/redhat7/gnuplot/current/share/man:/afs/crc.nd.edu/group/ccl/software/x86_64/redhat7/git/current/share/man:/afs/crc.nd.edu/group/ccl/software/x86_64/redhat7/condor/current/share/man:/afs/crc.nd.edu/group/ccl/software/x86_64/redhat7/clang/current/share/man:/afs/crc.nd.edu/group/ccl/software/x86_64/redhat7/condor/current/share/man:/afs/crc.nd.edu/group/ccl/software/x86_64/redhat7/cctools/current/share/man:/afs/crc.nd.edu/group/ccl/software/x86_64/redhat7/cctools/current/share/man:/afs/crc.nd.edu/x86_64_linux/Modules/4.5.0/share/man:/opt/crc/usr/local/man:/opt/sge/man:/usr/share/man/overrides:/usr/share/man:/usr/local/share/man
XDG_SESSION_ID=2686
HOSTNAME=disc01.crc.nd.edu
_LMFILES__modshare=/afs/crc.nd.edu/x86_64_linux/Modules/modules/system_modules/CRC_default/1.1:1
_CONDOR_ANCESTOR_3560=15204:1599499132:3669882438
MODULEPATH_modshare=/afs/crc.nd.edu/x86_64_linux/Modules/modules/general_software:1:/afs/crc.nd.edu/x86_64_linux/Modules/modules/development_tools_and_libraries:1:/afs/crc.nd.edu/x86_64_linux/Modules/modules/system_modules:1:/afs/crc.nd.edu/x86_64_linux/Modules/current/modulefiles:1:/afs/crc.nd.edu/x86_64_linux/Modules/modules/restricted_software:1:/afs/crc.nd.edu/x86_64_linux/Modules/modules/deprecated_software:1
MODULES_CMD=/afs/crc.nd.edu/x86_64_linux/Modules/4.5.0/libexec/modulecmd.tcl
HOST=disc01.crc.nd.edu
SHELL=/bin/tcsh
TERM=xterm-256color
MAKEFLAGS=
HISTSIZE=5000
TMPDIR=/var/condor/execute/dir_15204/worker-213124-15295/t.1363/cctools-temp-t.1363.6ZQsl2
SSH_CLIENT=10.17.148.247 49750 22
PERL5LIB=/afs/crc.nd.edu/user/n/nkremerh/cctools/lib/perl5/site_perl/5.16.3:/afs/crc.nd.edu/user/n/nkremerh/.perl5/lib/perl5
SGE_CELL=crc
_CONDOR_ANCESTOR_3197=3560:1598183979:2962516177
_CONDOR_SCRATCH_DIR=/var/condor/execute/dir_15204
PERL_MB_OPT=--install_base '/afs/crc.nd.edu/user/n/nkremerh/.perl5/'
SSH_TTY=/dev/pts/0
SGE_LOAD_AVG=load_avg
MAKEFLOW_MAX_LOCAL_JOBS=2
HISTFILESIZE=10000
_CHIRP_DELAYED_UPDATE_PREFIX=Chirp*
USER=nkremerh
GROUP=campus
LD_LIBRARY_PATH=/afs/crc.nd.edu/group/ccl/software/x86_64/redhat7/ruby/current/lib:/afs/crc.nd.edu/group/ccl/software/x86_64/redhat7/graphviz/current/lib:/afs/crc.nd.edu/group/ccl/software/x86_64/redhat7/git/current/lib:/afs/crc.nd.edu/group/ccl/software/x86_64/redhat7/condor/current/lib:/afs/crc.nd.edu/group/ccl/software/x86_64/redhat7/clang/current/lib:/afs/crc.nd.edu/group/ccl/software/x86_64/redhat7/condor/current/lib:/afs/crc.nd.edu/group/ccl/software/x86_64/redhat7/cctools/current/lib:/opt/crc/usr/local/lib
TEMP=/var/condor/execute/dir_15204/worker-213124-15295/t.1363/cctools-temp-t.1363.6ZQsl2
BATCH_SYSTEM=HTCondor
WORKER_TMPDIR=/var/condor/execute/dir_15204/worker-213124-15295/cache/tmp
ENV=/afs/crc.nd.edu/x86_64_linux/Modules/4.5.0/init/profile.sh
MODULES_LMALTNAME=CRC_default/1.1&CRC_default/default&CRC_default
_CONDOR_CHIRP_CONFIG=/var/condor/execute/dir_15204/.chirp.config
GLOBUS_GSSAPI_MAX_TLS_PROTOCOL=0
_CONDOR_HIGHPORT=9999
HOSTTYPE=x86_64-linux
MAKELEVEL=1
_CONDOR_ANCESTOR_15204=15253:1599499133:3930759272
MFLAGS=
CCLSOFTWARE=/afs/crc.nd.edu/group/ccl/software/x86_64/redhat7
PATH=/afs/crc.nd.edu/user/n/nkremerh/cctools/bin:/afs/crc.nd.edu/user/n/nkremerh/miniconda/bin:/afs/crc.nd.edu/group/ccl/software/git:/afs/crc.nd.edu/user/n/nkremerh/.local/bin:/afs/crc.nd.edu/group/ccl/software/x86_64/redhat7/povray/3.7/bin:/afs/crc.nd.edu/user/n/nkremerh/.perl5/bin:/afs/crc.nd.edu/user/n/nkremerh/pegasus/bin:/afs/crc.nd.edu/user/n/nkremerh/nodejs/bin:/afs/crc.nd.edu/user/n/nkremerh/montage/bin:/afs/crc.nd.edu/user/n/nkremerh/latexdiff:/afs/crc.nd.edu/user/n/nkremerh/envtrace:/afs/crc.nd.edu/user/n/nkremerh/endlines:/afs/crc.nd.edu/user/n/nkremerh/cctools/bin:/afs/crc.nd.edu/user/n/nkremerh/.cargo/bin:/afs/crc.nd.edu/group/ccl/software/x86_64/redhat7/ruby/current/bin:/afs/crc.nd.edu/group/ccl/software/x86_64/redhat7/graphviz/current/bin:/afs/crc.nd.edu/group/ccl/software/x86_64/redhat7/gnuplot/current/bin:/afs/crc.nd.edu/group/ccl/software/x86_64/redhat7/git/current/bin:/afs/crc.nd.edu/group/ccl/software/x86_64/redhat7/condor/current/sbin:/afs/crc.nd.edu/group/ccl/software/x86_64/redhat7/condor/current/bin:/afs/crc.nd.edu/group/ccl/software/x86_64/redhat7/cmake/current/bin:/afs/crc.nd.edu/group/ccl/software/x86_64/redhat7/clang/current/bin:/afs/crc.nd.edu/group/ccl/software/x86_64/redhat7/condor/current/sbin:/afs/crc.nd.edu/group/ccl/software/x86_64/redhat7/condor/current/bin:/afs/crc.nd.edu/group/ccl/software/x86_64/redhat7/cctools/current/bin:/afs/crc.nd.edu/x86_64_linux/Modules/4.5.0/bin:/opt/crc/usr/local/bin:/opt/sge/bin/lx-amd64:/usr/local/bin:/usr/bin:/usr/local/sbin:/usr/sbin:/afs/crc.nd.edu/user/c/condor/software/bin:/afs/crc.nd.edu/user/c/condor/software/sbin
MAIL=/var/spool/mail/nkremerh
PWD=/var/condor/execute/dir_15204/worker-213124-15295/t.1363
_LMFILES_=/afs/crc.nd.edu/x86_64_linux/Modules/modules/system_modules/CRC_default/1.1
SGE_EXECD_PORT=6445
EDITOR=vim
LANG=en_US.UTF-8
MODULEPATH=/afs/crc.nd.edu/x86_64_linux/Modules/modules/development_tools_and_libraries:/afs/crc.nd.edu/x86_64_linux/Modules/modules/general_software:/afs/crc.nd.edu/x86_64_linux/Modules/modules/restricted_software:/afs/crc.nd.edu/x86_64_linux/Modules/modules/system_modules:/afs/crc.nd.edu/x86_64_linux/Modules/modules/deprecated_software:/afs/crc.nd.edu/x86_64_linux/Modules/current/modulefiles
SGE_QMASTER_PORT=6444
SGE_ROOT=/opt/sge
LOADEDMODULES=CRC_default/1.1
WORK_QUEUE_SANDBOX=/var/condor/execute/dir_15204/worker-213124-15295
_CONDOR_SLOT=slot2_2
CCLPLATFORM=x86_64/redhat7
USE_SYSTEMD=true
_CONDOR_LOWPORT=9100
KRB5CCNAME=FILE:/tmp/krb5cc_213124_dlYXoi
HISTCONTROL=ignoreboth:erasedups
PATH_modshare=/opt/crc/usr/local/bin:1:/opt/sge/bin/lx-amd64:1:/usr/sbin:1:/usr/bin:1:/afs/crc.nd.edu/user/c/condor/software/sbin:1:/usr/local/sbin:1:/afs/crc.nd.edu/user/c/condor/software/bin:1:/usr/local/bin:1
SHLVL=7
HOME=disc01.crc.nd.edu
GLOBUS_GSSAPI_NAME_COMPATIBILITY=STRICT_RFC2818
_CONDOR_MACHINE_AD=/var/condor/execute/dir_15204/.machine.ad
OSTYPE=linux
DISK=18235
GREP_OPTIONS=--color=auto
GLOBUS_GSSAPI_MIN_TLS_PROTOCOL=TLS1_VERSION
MEMORY=1948
MANPATH_modshare=/usr/share/man/overrides:1:/usr/local/share/man:1:/usr/share/man:1:/opt/crc/usr/local/man:1:/opt/sge/man:1
VENDOR=unknown
BASH_ENV=/afs/crc.nd.edu/x86_64_linux/Modules/4.5.0/init/bash
PERL_LOCAL_LIB_ROOT=/afs/crc.nd.edu/user/n/nkremerh/.perl5/
PYTHONPATH=/afs/crc.nd.edu/user/n/nkremerh/cctools/lib/python3.6/site-packages/
CCLHOME=/afs/crc.nd.edu/group/ccl
MACHTYPE=x86_64
LOGNAME=nkremerh
TMP=/var/condor/execute/dir_15204/worker-213124-15295/t.1363/cctools-temp-t.1363.6ZQsl2
LD_LIBRARY_PATH_modshare=/opt/crc/usr/local/lib:1
MODULES_LMALTNAME_modshare=CRC_default/1.1&CRC_default/default&CRC_default:1
SSH_CONNECTION=10.17.148.247 49750 129.74.128.103 22
MODULESHOME=/afs/crc.nd.edu/x86_64_linux/Modules/4.5.0
OMP_NUM_THREADS=1
LESSOPEN=||/usr/bin/lesspipe.sh %s
GLOBUS_GSSAPI_BACKWARD_COMPATIBLE_MIC=true
GLOBUS_GSSAPI_CIPHERS=HIGH
LOADEDMODULES_modshare=CRC_default/1.1:1
_CONDOR_JOB_AD=/var/condor/execute/dir_15204/.job.ad
SGE_CLUSTER_NAME=CRC
XDG_RUNTIME_DIR=/run/user/213124
CCTOOLS=../cctools
CORES=2
_CONDOR_JOB_IWD=/var/condor/execute/dir_15204
PERL_MM_OPT=INSTALL_BASE=/afs/crc.nd.edu/user/n/nkremerh/.perl5/
GLOBUS_GSSAPI_SERVER_CIPHER_ORDER=true
BASH_FUNC_module()=() {  unset _mlshdbg;
 if [ "${MODULES_SILENT_SHELL_DEBUG:-0}" = '1' ]; then
 case "$-" in 
 *v*x*)
 set +vx;
 _mlshdbg='vx'
 ;;
 *v*)
 set +v;
 _mlshdbg='v'
 ;;
 *x*)
 set +x;
 _mlshdbg='x'
 ;;
 *)
 _mlshdbg=''
 ;;
 esac;
 fi;
 unset _mlre _mlIFS;
 if [ -n "${IFS+x}" ]; then
 _mlIFS=$IFS;
 fi;
 IFS=' ';
 for _mlv in ${MODULES_RUN_QUARANTINE:-};
 do
 if [ "${_mlv}" = "${_mlv##*[!A-Za-z0-9_]}" -a "${_mlv}" = "${_mlv#[0-9]}" ]; then
 if [ -n "`eval 'echo ${'$_mlv'+x}'`" ]; then
 _mlre="${_mlre:-}${_mlv}_modquar='`eval 'echo ${'$_mlv'}'`' ";
 fi;
 _mlrv="MODULES_RUNENV_${_mlv}";
 _mlre="${_mlre:-}${_mlv}='`eval 'echo ${'$_mlrv':-}'`' ";
 fi;
 done;
 if [ -n "${_mlre:-}" ]; then
 eval `eval ${_mlre}/usr/bin/tclsh /afs/crc.nd.edu/x86_64_linux/Modules/4.5.0/libexec/modulecmd.tcl bash '"$@"'`;
 else
 eval `/usr/bin/tclsh /afs/crc.nd.edu/x86_64_linux/Modules/4.5.0/libexec/modulecmd.tcl bash "$@"`;
 fi;
 _mlstatus=$?;
 if [ -n "${_mlIFS+x}" ]; then
 IFS=$_mlIFS;
 else
 unset IFS;
 fi;
 unset _mlre _mlv _mlrv _mlIFS;
 if [ -n "${_mlshdbg:-}" ]; then
 set -$_mlshdbg;
 fi;
 unset _mlshdbg;
 return $_mlstatus
}
BASH_FUNC_ml()=() {  module ml "$@"
}
_=/usr/bin/printenv
