18432   0.000000 libjli.so->getenv("_JAVA_LAUNCHER_DEBUG") = nil
18432   0.001192 libjli.so->getenv("_JAVA_VERSION_SET") = nil
18432   0.000522 libjli.so->fopen("/usr/lib/jvm/java-1.8.0-openjdk-1.8.0.262.b10-0.el7_8.x86_64/jre/lib/amd64/jvm.cfg", "r") = 0x55df7cf3d0e0
18432   0.000538 libjli.so->getenv("JDK_ALTERNATE_VM") = nil
18432   0.000205 libjli.so->__xstat(1, "/usr/lib/jvm/java-1.8.0-openjdk-1.8.0.262.b10-0.el7_8.x86_64/jre/lib/amd64/server/libjvm.so", 0x7ffee03e3930) = 0
18432   0.000387 libjli.so->getenv("LD_LIBRARY_PATH") = "/afs/crc.nd.edu/group/ccl/software/x86_64/redhat7/ruby/current/lib:/afs/crc.nd.edu/group/ccl/software/x86_64/redhat7/graphviz/current/lib:/afs/crc.nd.edu/group/ccl/software/x86_64/redhat7/git/current/lib:/afs/crc.nd.edu/group/ccl/software/x86_64/redhat7/condor/current/lib:/afs/crc.nd.edu/group/ccl/software/x86_64/redhat7/clang/current/lib:/afs/crc.nd.edu/group/ccl/software/x86_64/redhat7/condor/current/lib:/afs/crc.nd.edu/group/ccl/software/x86_64/redhat7/cctools/current/lib:/opt/crc/usr/local/lib"
18432   0.001433 libjli.so->dlopen("/usr/lib/jvm/java-1.8.0-openjdk-1.8.0.262.b10-0.el7_8.x86_64/jre/lib/amd64/server/libjvm.so", 258 <unfinished ...>
18432   0.025313 libjvm.so->getenv("NMT_LEVEL_18432") = nil
18432   0.001110 <... dlopen resumed> )          = 0x55df7cf3d4b0
18432   0.000049 libjli.so->getenv("CLASSPATH")  = nil
18432   0.000219 libjli.so->getenv("_JAVA_SPLASH_JAR") = nil
18432   0.000200 libjli.so->getenv("_JAVA_SPLASH_FILE") = nil
18432   0.000216 libjli.so->pthread_attr_setdetachstate(0x7ffee03e38e0, 0, 0x7ffee03e3970, 0) = 0
18432   0.000284 libpthread.so.0->__clone(0x2b543062ade0, 0x2b543053dfc0, 0x3d0f00, 0x2b543053e700) = 0x4801
18433   0.001085 libjvm.so->dlopen(0x2b5431e099ae, 1, 0xfffffffffff42c48, 4096) = 0x2b5434000990
18433   0.001620 libjvm.so->getenv(0x2b5431e2483e, 0, 115, 0x65737361) = 0x7ffee03ea691
18433   0.000294 libjvm.so->fopen(0x2b543053cc10, 0x2b5431dc0ccb, 0x6f732e79666972, 0x2b5430f02ab0) = 0x2b5434001440
18433   0.000977 libjvm.so->dlopen(0x2b543053cc10, 1, 0xffffffff, 0x2b5434002b00) = 0x2b5434001440
18433   0.000955 libjvm.so->fopen(0x2b543053cc10, 0x2b5431dc0ccb, 111, 0x732e6176) = 0x2b5434001b10
18433   0.001028 libjvm.so->dlopen(0x2b543053cc10, 1, 0xffffffff, 0x2b5434001a00) = 0x2b5434001b10
18433   0.001045 libjvm.so->__xstat(1, 0x2b543053d360, 0x2b543053dba0, 0x746f7073746f682e) = -1
18433   0.000335 libjvm.so->getenv(0x2b5431db9541, 0x2b543053d6d0, 1024, 0x2b543227361b) = 0
18433   0.000310 libjvm.so->getenv(0x2b5431db9533, 0x2b543053d6d0, 1024, 0) = 0
18433   0.000282 libjvm.so->fopen(0x2b5431e09315, 0x2b5431dc0ccb, 4095, 0xffffd4abce246b03) = 0x2b5434003310
18433   0.000710 libjvm.so->fopen(0x2b5431e09361, 0x2b5431dc0ccb, 0x2b5434000078, 0x2b5434003300) = 0x2b5434003310
18433   0.000470 libjvm.so->fopen(0x2b54305379b0, 0x2b5431dc0ccb, 4016, 3997) = 0x2b5434003310
18433   0.000447 libjvm.so->opendir(0x2b5434002b40, 0x2b5434002b40, 13, 16) = 0
18433   0.000296 libjvm.so->__xstat(1, 0x2b543053c8f0, 0x2b543053b860, 0x6f732e7477616d62) = -1
18433   0.000281 libjvm.so->__xstat(1, 0x2b543053c8f0, 0x2b543053b860, 0x5f74776162696c2f) = 0
18433   0.000362 libjvm.so->fopen(0x2b543053bb90, 0x2b5431dc0ccb, 4011, 3996) = 0x2b54340037f0
18433   0.000432 libjvm.so->fopen(0x2b543053bb90, 0x2b5431dc0ccb, 4011, 3996) = 0x2b54340037f0
18433   0.000422 libjvm.so->fopen(0x2b543053bb90, 0x2b5431dc0ccb, 4011, 4004) = 0x2b54340037f0
18433   0.000410 libjvm.so->fopen(0x2b543053bb20, 0x2b5431dc0ccb, 4011, 3996) = 0x2b54340037f0
18433   0.000382 libjvm.so->fopen(0x2b543053bb20, 0x2b5431dc0ccb, 4011, 3996) = 0x2b54340037f0
18433   0.000400 libjvm.so->fopen(0x2b543053bb20, 0x2b5431dc0ccb, 4011, 4004) = 0x2b54340037f0
18433   0.000402 libjvm.so->fopen(0x2b543053bb50, 0x2b5431dc0ccb, 4016, 3997) = 0x2b54340037f0
18433   0.000528 libjvm.so->getenv(0x2b5431e0a0ff, 4096, 3, -1) = 0
18433   0.000590 libjvm.so->fopen(0x2b5431e09998, 0x2b5431dc0ccb, 0x2b5430621908, 0x2b5430620df0) = 0x2b54340037f0
18433   0.003096 libjvm.so->open(0x2b543404a5e0, 0x20000, 0, 0x2b543404a629) = 3
18433   0.000311 libjvm.so->__fxstat(1, 3, 0x2b543053da00, -1) = 0
18433   0.000316 libjvm.so->opendir(0x2b543404a5e0, 0x2b543053da00, 0x4000, -1) = 0x2b543404b4f0
18433   0.000312 libjvm.so->__fxstat(1, 3, 0x2b543053d8a0, 0x2b543404b4f0) = 0
18433   0.000288 libjvm.so->__fxstat(1, 5, 0x2b543053d930, -1) = 0
18433   0.000292 libjvm.so->open(0x2b5431dd79dc, 0, 0, 0) = 3
18433   0.000425 libjvm.so->__lxstat(1, 0x2b543404a5e0, 0x2b543053db50, -144) = 0
18433   0.000310 libjvm.so->open(0x2b543404a5e0, 0x20000, 0x4000, -1) = 3
18433   0.000287 libjvm.so->__fxstat(1, 3, 0x2b543053da00, -1) = 0
18433   0.000294 libjvm.so->opendir(0x2b543404a5e0, 0x2b543053da00, 0x4000, -1) = 0x2b543404b4f0
18433   0.000287 libjvm.so->__fxstat(1, 3, 0x2b543053d8a0, 0x2b543404b4f0) = 0
18433   0.000285 libjvm.so->__fxstat(1, 5, 0x2b543053d930, -1) = 0
18433   0.000302 libjvm.so->open(0x2b5431dd79dc, 0, 0, 0) = 3
18433   0.000303 libjvm.so->open(0x2b543404a629, 0x20042, 384, -1) = 7
18433   0.000422 libjvm.so->__fxstat(1, 7, 0x2b543053db50, -1) = 0
18433   0.001113 libjvm.so->fopen(0x2b543053cb60, 0x2b5431dc0ccb, 4, 0x6f732e70) = 0x2b5434057c40
18433   0.001006 libjvm.so->dlopen(0x2b543053cb60, 1, 0xffffffff, 0x2b5434057b00) = 0x2b5434057c40
18433   0.000947 libjvm.so->__xstat(1, 0x2b543053d120, 0x2b543053d950, 2048) = 0
18433   0.000296 libjvm.so->__xstat(1, 0x2b543053d120, 0x2b543053d950, 2048) = 0
18433   0.000320 libjvm.so->__xstat(1, 0x2b543053d120, 0x2b543053d950, 2048) = -1
18433   0.000275 libjvm.so->__xstat(1, 0x2b543053d120, 0x2b543053d950, 2048) = 0
18433   0.000281 libjvm.so->__xstat(1, 0x2b543053d120, 0x2b543053d950, 2048) = 0
18433   0.000293 libjvm.so->__xstat(1, 0x2b543053d120, 0x2b543053d950, 2048) = 0
18433   0.000330 libjvm.so->__xstat(1, 0x2b543053d120, 0x2b543053d950, 2048) = 0
18433   0.000284 libjvm.so->__xstat(1, 0x2b543053d120, 0x2b543053d950, 2048) = -1
18433   0.000308 libjvm.so->fopen(0x2b5434002520, 0x2b5431dc0ccb, 0, 0) = 0x2b5434058ae0
18433   0.005908 libjvm.so->open64(0x2b543053c410, 0, 0, 16) = 3
18433   0.000322 libjvm.so->__fxstat64(1, 3, 0x2b543053c240, -1) = 0
18433   0.023740 libjvm.so->__xstat(1, 0x2b543053cf20, 0x2b543053d750, 2048) = -1
18433   0.000438 libjvm.so->fopen(0x2b543053bb20, 0x2b5431dc0ccb, 4011, 3996) = 0x2b54340b5fa0
18433   0.000440 libjvm.so->fopen(0x2b543053bb20, 0x2b5431dc0ccb, 4011, 3996) = 0x2b54340b5fa0
18433   0.000439 libjvm.so->fopen(0x2b543053bb20, 0x2b5431dc0ccb, 4011, 4004) = 0x2b54340b5fa0
18433   0.003006 libjvm.so->pthread_attr_setdetachstate(0x2b543053dc00, 1, 0, 0) = 0
18433   0.000328 libpthread.so.0->__clone(0x2b543062ade0, 0x2b5433ca2fc0, 0x3d0f00, 0x2b5433ca3700) = 0x4802
18433   0.010561 libjvm.so->pthread_attr_setdetachstate(0x2b543053d290, 1, 0, 0) = 0
18433   0.000461 libpthread.so.0->__clone(0x2b543062ade0, 0x2b5433da3fc0, 0x3d0f00, 0x2b5433da4700) = 0x4803
18433   0.004848 libjvm.so->pthread_attr_setdetachstate(0x2b543053d610, 1, 0, 0) = 0
18433   0.000505 libpthread.so.0->__clone(0x2b543062ade0, 0x2b5433ea4fc0, 0x3d0f00, 0x2b5433ea5700) = 0x4804
18433   0.027166 libjvm.so->fopen(0x2b54340e55c0, 0x2b5431dc0ccb, 4, 0x6f732e70) = 0x2b54340f1ce0
18433   0.001347 libjvm.so->dlopen(0x2b54340e55c0, 1, 0xffffffff, 0x2b54340ec300) = 0x2b5434057c40
18433   0.003496 libjvm.so->open64(0x2b543053c510, 0, 0, 16) = 5
18433   0.000597 libjvm.so->__fxstat64(1, 5, 0x2b543053c340, -1) = 0
18433   0.013361 libjvm.so->fopen(0x2b5430539130, 0x2b5431dc0ccb, 4011, 3996) = 0x2b54340fcc80
18433   0.000776 libjvm.so->fopen(0x2b5430539130, 0x2b5431dc0ccb, 4011, 3996) = 0x2b54340fcc80
18433   0.000721 libjvm.so->fopen(0x2b5430539130, 0x2b5431dc0ccb, 4011, 4004) = 0x2b54340fcc80
18433   0.010553 libjvm.so->pthread_attr_setdetachstate(0x2b543053db50, 1, 0, 0) = 0
18433   0.000685 libpthread.so.0->__clone(0x2b543062ade0, 0x2b5433fa5fc0, 0x3d0f00, 0x2b5433fa6700) = 0x4805
18433   0.000998 libjvm.so->__xstat64(1, 0x2b543053dbe0, 0x2b543053db50, 19) = -1
18433   0.000751 libjvm.so->pthread_attr_setdetachstate(0x2b543053d950, 1, 0, 0) = 0
18433   0.000692 libpthread.so.0->__clone(0x2b543062ade0, 0x2b544930bfc0, 0x3d0f00, 0x2b544930c700) = 0x4806
18433   0.001140 libjvm.so->pthread_attr_setdetachstate(0x2b543053d950, 1, 0, 0) = 0
18433   0.000853 libpthread.so.0->__clone(0x2b543062ade0, 0x2b544940cfc0, 0x3d0f00, 0x2b544940d700) = 0x4807
18433   0.005613 libjvm.so->pthread_attr_setdetachstate(0x2b543053daa0, 1, 0, 0) = 0
18433   0.000944 libpthread.so.0->__clone(0x2b543062ade0, 0x2b544950dfc0, 0x3d0f00, 0x2b544950e700) = 0x4808
18433   0.001460 libjvm.so->pthread_attr_setdetachstate(0x2b543053dbb0, 1, 0, 0) = 0
18433   0.001738 libpthread.so.0->__clone(0x2b543062ade0, 0x2b544960efc0, 0x3d0f00, 0x2b544960f700) = 0x4809
18433   0.010726 libjvm.so->open64(0x2b54341288f0, 0, 0, 48) = 7
18433   0.001156 libjvm.so->__fxstat64(1, 7, 0x2b543053af60, -1) = 0
18433   0.021588 libjvm.so->fopen(0x2b5434154710, 0x2b5431dc0ccb, 4, 0x6f732e6f) = 0x2b54341547d0
18433   0.002816 libjvm.so->dlopen(0x2b5434154710, 1, 0xffffffff, 0x2b5434154700) = 0x2b54341547d0
18433   0.077352 libjvm.so->fopen(0x2b5430537e40, 0x2b5431dc0ccb, 0x6f732e, 0x6d766a62696c2f72) = 0x2b543416c4a0
18433   0.005216 libjvm.so->dlopen(0x2b5430537e40, 1, 0xffffffff, 0x2b543416c400) = 0x55df7cf3d4b0
18433   0.001181 libjvm.so->fopen(0x2b5430537e40, 0x2b5431dc0ccb, 0x6f732e, 0x6d766a62696c2f72) = 0x2b543416c8a0
18433   0.007534 libjvm.so->dlopen(0x2b5430537e40, 1, 0xffffffff, 0x2b543416c400) = 0x55df7cf3d4b0
18433   0.001164 libjvm.so->fopen(0x2b5430537e40, 0x2b5431dc0ccb, 0x6f732e, 0x6d766a62696c2f72) = 0x2b543416c4a0
18433   0.002578 libjvm.so->dlopen(0x2b5430537e40, 1, 0xffffffff, 0x2b543416c400) = 0x55df7cf3d4b0
18433   0.001101 libjvm.so->fopen(0x2b5430537e40, 0x2b5431dc0ccb, 0x6f732e, 0x6d766a62696c2f72) = 0x2b543416c4a0
18433   0.002510 libjvm.so->dlopen(0x2b5430537e40, 1, 0xffffffff, 0x2b543416c400) = 0x55df7cf3d4b0
18433   0.031901 libjvm.so->fopen(0x2b54341b7360, 0x2b5431dc0ccb, 4, 0x6f732e74) = 0x2b54341c71a0
18433   0.002197 libjvm.so->dlopen(0x2b54341b7360, 1, 0xffffffff, 0x2b54341b7c00) = 0x2b54341cf460
18433   0.096924 libjvm.so->fopen(0x2b5434248490, 0x2b5431dc0ccb, 0x6f732e7373656c, 0x656c646165685f74) = 0x2b5434248570
18433   0.002125 libjvm.so->dlopen(0x2b5434248490, 1, 0xffffffff, 0x2b5434248400) = 0x2b5434248570
18441   0.026837 +++ exited (status 0) +++
18434   0.000389 +++ exited (status 0) +++
18433   0.000160 +++ exited (status 0) +++
18439   0.000212 +++ exited (status 1) +++
18440   0.000031 +++ exited (status 1) +++
18438   0.000012 +++ exited (status 1) +++
18436   0.000011 +++ exited (status 1) +++
18435   0.000009 +++ exited (status 1) +++
18437   0.003552 +++ exited (status 1) +++
18432   0.000029 +++ exited (status 1) +++
Wrote an ltrace for command: "java -cp ./tools/maxent.jar density.Project outputs/Austroaeschna_obscura_Theischinger/Austroaeschna_obscura_Theischinger.lambdas data/layers/worldclim outputs/Austroaeschna_obscura_Theischinger_worldclim.asc nowarnings nocache autorun -z" with PID 18430 from PPID 18414 on disc23.crc.nd.edu with result 1
REMOTEHOST=129.74.154.87
_CONDOR_JOB_PIDS=
MANPATH=/afs/crc.nd.edu/user/n/nkremerh/cctools/share/man/:/afs/crc.nd.edu/group/ccl/software/x86_64/redhat7/ruby/current/share/man:/afs/crc.nd.edu/group/ccl/software/x86_64/redhat7/graphviz/current/share/man:/afs/crc.nd.edu/group/ccl/software/x86_64/redhat7/gnuplot/current/share/man:/afs/crc.nd.edu/group/ccl/software/x86_64/redhat7/git/current/share/man:/afs/crc.nd.edu/group/ccl/software/x86_64/redhat7/condor/current/share/man:/afs/crc.nd.edu/group/ccl/software/x86_64/redhat7/clang/current/share/man:/afs/crc.nd.edu/group/ccl/software/x86_64/redhat7/condor/current/share/man:/afs/crc.nd.edu/group/ccl/software/x86_64/redhat7/cctools/current/share/man:/afs/crc.nd.edu/group/ccl/software/x86_64/redhat7/cctools/current/share/man:/afs/crc.nd.edu/x86_64_linux/Modules/4.5.0/share/man:/opt/crc/usr/local/man:/opt/sge/man:/usr/share/man/overrides:/usr/share/man:/usr/local/share/man
XDG_SESSION_ID=2226
HOSTNAME=disc01.crc.nd.edu
_LMFILES__modshare=/afs/crc.nd.edu/x86_64_linux/Modules/modules/system_modules/CRC_default/1.1:1
MODULEPATH_modshare=/afs/crc.nd.edu/x86_64_linux/Modules/modules/general_software:1:/afs/crc.nd.edu/x86_64_linux/Modules/modules/development_tools_and_libraries:1:/afs/crc.nd.edu/x86_64_linux/Modules/modules/system_modules:1:/afs/crc.nd.edu/x86_64_linux/Modules/current/modulefiles:1:/afs/crc.nd.edu/x86_64_linux/Modules/modules/restricted_software:1:/afs/crc.nd.edu/x86_64_linux/Modules/modules/deprecated_software:1
MODULES_CMD=/afs/crc.nd.edu/x86_64_linux/Modules/4.5.0/libexec/modulecmd.tcl
HOST=disc01.crc.nd.edu
SHELL=/bin/tcsh
TERM=xterm-256color
MAKEFLAGS=
HISTSIZE=5000
TMPDIR=/var/condor/execute/dir_4000/worker-213124-4078/t.1306/cctools-temp-t.1306.ciGkFR
SSH_CLIENT=129.74.154.87 57278 22
PERL5LIB=/afs/crc.nd.edu/user/n/nkremerh/cctools/lib/perl5/site_perl/5.16.3:/afs/crc.nd.edu/user/n/nkremerh/.perl5/lib/perl5
SGE_CELL=crc
_CONDOR_SCRATCH_DIR=/var/condor/execute/dir_4000
PERL_MB_OPT=--install_base '/afs/crc.nd.edu/user/n/nkremerh/.perl5/'
SSH_TTY=/dev/pts/0
_CONDOR_ANCESTOR_4000=4012:1597419253:1934777446
SGE_LOAD_AVG=load_avg
MAKEFLOW_MAX_LOCAL_JOBS=2
HISTFILESIZE=10000
_CHIRP_DELAYED_UPDATE_PREFIX=Chirp*
USER=nkremerh
GROUP=campus
LD_LIBRARY_PATH=/afs/crc.nd.edu/group/ccl/software/x86_64/redhat7/ruby/current/lib:/afs/crc.nd.edu/group/ccl/software/x86_64/redhat7/graphviz/current/lib:/afs/crc.nd.edu/group/ccl/software/x86_64/redhat7/git/current/lib:/afs/crc.nd.edu/group/ccl/software/x86_64/redhat7/condor/current/lib:/afs/crc.nd.edu/group/ccl/software/x86_64/redhat7/clang/current/lib:/afs/crc.nd.edu/group/ccl/software/x86_64/redhat7/condor/current/lib:/afs/crc.nd.edu/group/ccl/software/x86_64/redhat7/cctools/current/lib:/opt/crc/usr/local/lib
TEMP=/var/condor/execute/dir_4000/worker-213124-4078/t.1306/cctools-temp-t.1306.ciGkFR
BATCH_SYSTEM=HTCondor
WORKER_TMPDIR=/var/condor/execute/dir_4000/worker-213124-4078/cache/tmp
ENV=/afs/crc.nd.edu/x86_64_linux/Modules/4.5.0/init/profile.sh
MODULES_LMALTNAME=CRC_default/1.1&CRC_default/default&CRC_default
_CONDOR_CHIRP_CONFIG=/var/condor/execute/dir_4000/.chirp.config
GLOBUS_GSSAPI_MAX_TLS_PROTOCOL=0
_CONDOR_HIGHPORT=9999
HOSTTYPE=x86_64-linux
MAKELEVEL=1
MFLAGS=
CCLSOFTWARE=/afs/crc.nd.edu/group/ccl/software/x86_64/redhat7
PATH=/afs/crc.nd.edu/user/n/nkremerh/cctools/bin:/afs/crc.nd.edu/user/n/nkremerh/miniconda/bin:/afs/crc.nd.edu/group/ccl/software/git:/afs/crc.nd.edu/user/n/nkremerh/.local/bin:/afs/crc.nd.edu/group/ccl/software/x86_64/redhat7/povray/3.7/bin:/afs/crc.nd.edu/user/n/nkremerh/.perl5/bin:/afs/crc.nd.edu/user/n/nkremerh/pegasus/bin:/afs/crc.nd.edu/user/n/nkremerh/nodejs/bin:/afs/crc.nd.edu/user/n/nkremerh/montage/bin:/afs/crc.nd.edu/user/n/nkremerh/latexdiff:/afs/crc.nd.edu/user/n/nkremerh/envtrace:/afs/crc.nd.edu/user/n/nkremerh/endlines:/afs/crc.nd.edu/user/n/nkremerh/cctools/bin:/afs/crc.nd.edu/user/n/nkremerh/.cargo/bin:/afs/crc.nd.edu/group/ccl/software/x86_64/redhat7/ruby/current/bin:/afs/crc.nd.edu/group/ccl/software/x86_64/redhat7/graphviz/current/bin:/afs/crc.nd.edu/group/ccl/software/x86_64/redhat7/gnuplot/current/bin:/afs/crc.nd.edu/group/ccl/software/x86_64/redhat7/git/current/bin:/afs/crc.nd.edu/group/ccl/software/x86_64/redhat7/condor/current/sbin:/afs/crc.nd.edu/group/ccl/software/x86_64/redhat7/condor/current/bin:/afs/crc.nd.edu/group/ccl/software/x86_64/redhat7/cmake/current/bin:/afs/crc.nd.edu/group/ccl/software/x86_64/redhat7/clang/current/bin:/afs/crc.nd.edu/group/ccl/software/x86_64/redhat7/condor/current/sbin:/afs/crc.nd.edu/group/ccl/software/x86_64/redhat7/condor/current/bin:/afs/crc.nd.edu/group/ccl/software/x86_64/redhat7/cctools/current/bin:/afs/crc.nd.edu/x86_64_linux/Modules/4.5.0/bin:/opt/crc/usr/local/bin:/opt/sge/bin/lx-amd64:/usr/local/bin:/usr/bin:/usr/local/sbin:/usr/sbin:/afs/crc.nd.edu/user/c/condor/software/bin:/afs/crc.nd.edu/user/c/condor/software/sbin
MAIL=/var/spool/mail/nkremerh
PWD=/var/condor/execute/dir_4000/worker-213124-4078/t.1306
_LMFILES_=/afs/crc.nd.edu/x86_64_linux/Modules/modules/system_modules/CRC_default/1.1
SGE_EXECD_PORT=6445
EDITOR=vim
LANG=en_US.UTF-8
MODULEPATH=/afs/crc.nd.edu/x86_64_linux/Modules/modules/development_tools_and_libraries:/afs/crc.nd.edu/x86_64_linux/Modules/modules/general_software:/afs/crc.nd.edu/x86_64_linux/Modules/modules/restricted_software:/afs/crc.nd.edu/x86_64_linux/Modules/modules/system_modules:/afs/crc.nd.edu/x86_64_linux/Modules/modules/deprecated_software:/afs/crc.nd.edu/x86_64_linux/Modules/current/modulefiles
SGE_QMASTER_PORT=6444
SGE_ROOT=/opt/sge
LOADEDMODULES=CRC_default/1.1
WORK_QUEUE_SANDBOX=/var/condor/execute/dir_4000/worker-213124-4078
_CONDOR_SLOT=slot1
CCLPLATFORM=x86_64/redhat7
USE_SYSTEMD=true
_CONDOR_LOWPORT=9100
KRB5CCNAME=FILE:/tmp/krb5cc_213124_jfvfni
HISTCONTROL=ignoreboth:erasedups
PATH_modshare=/opt/crc/usr/local/bin:1:/opt/sge/bin/lx-amd64:1:/usr/sbin:1:/usr/bin:1:/afs/crc.nd.edu/user/c/condor/software/sbin:1:/usr/local/sbin:1:/afs/crc.nd.edu/user/c/condor/software/bin:1:/usr/local/bin:1
SHLVL=7
HOME=disc01.crc.nd.edu
GLOBUS_GSSAPI_NAME_COMPATIBILITY=STRICT_RFC2818
_CONDOR_MACHINE_AD=/var/condor/execute/dir_4000/.machine.ad
OSTYPE=linux
DISK=917414
GREP_OPTIONS=--color=auto
GLOBUS_GSSAPI_MIN_TLS_PROTOCOL=TLS1_VERSION
MEMORY=15899
MANPATH_modshare=/usr/share/man/overrides:1:/usr/local/share/man:1:/usr/share/man:1:/opt/crc/usr/local/man:1:/opt/sge/man:1
VENDOR=unknown
BASH_ENV=/afs/crc.nd.edu/x86_64_linux/Modules/4.5.0/init/bash
PERL_LOCAL_LIB_ROOT=/afs/crc.nd.edu/user/n/nkremerh/.perl5/
PYTHONPATH=/afs/crc.nd.edu/user/n/nkremerh/cctools/lib/python3.6/site-packages/
CCLHOME=/afs/crc.nd.edu/group/ccl
MACHTYPE=x86_64
LOGNAME=nkremerh
TMP=/var/condor/execute/dir_4000/worker-213124-4078/t.1306/cctools-temp-t.1306.ciGkFR
LD_LIBRARY_PATH_modshare=/opt/crc/usr/local/lib:1
MODULES_LMALTNAME_modshare=CRC_default/1.1&CRC_default/default&CRC_default:1
SSH_CONNECTION=129.74.154.87 57278 129.74.128.103 22
_CONDOR_ANCESTOR_3431=3600:1596369936:4201989267
MODULESHOME=/afs/crc.nd.edu/x86_64_linux/Modules/4.5.0
OMP_NUM_THREADS=1
LESSOPEN=||/usr/bin/lesspipe.sh %s
GLOBUS_GSSAPI_BACKWARD_COMPATIBLE_MIC=true
GLOBUS_GSSAPI_CIPHERS=HIGH
_CONDOR_ANCESTOR_3600=4000:1597419249:2275575005
LOADEDMODULES_modshare=CRC_default/1.1:1
_CONDOR_JOB_AD=/var/condor/execute/dir_4000/.job.ad
SGE_CLUSTER_NAME=CRC
XDG_RUNTIME_DIR=/run/user/213124
CCTOOLS=../cctools
CORES=4
_CONDOR_JOB_IWD=/var/condor/execute/dir_4000
PERL_MM_OPT=INSTALL_BASE=/afs/crc.nd.edu/user/n/nkremerh/.perl5/
GLOBUS_GSSAPI_SERVER_CIPHER_ORDER=true
BASH_FUNC_module()=() {  unset _mlshdbg;
 if [ "${MODULES_SILENT_SHELL_DEBUG:-0}" = '1' ]; then
 case "$-" in 
 *v*x*)
 set +vx;
 _mlshdbg='vx'
 ;;
 *v*)
 set +v;
 _mlshdbg='v'
 ;;
 *x*)
 set +x;
 _mlshdbg='x'
 ;;
 *)
 _mlshdbg=''
 ;;
 esac;
 fi;
 unset _mlre _mlIFS;
 if [ -n "${IFS+x}" ]; then
 _mlIFS=$IFS;
 fi;
 IFS=' ';
 for _mlv in ${MODULES_RUN_QUARANTINE:-};
 do
 if [ "${_mlv}" = "${_mlv##*[!A-Za-z0-9_]}" -a "${_mlv}" = "${_mlv#[0-9]}" ]; then
 if [ -n "`eval 'echo ${'$_mlv'+x}'`" ]; then
 _mlre="${_mlre:-}${_mlv}_modquar='`eval 'echo ${'$_mlv'}'`' ";
 fi;
 _mlrv="MODULES_RUNENV_${_mlv}";
 _mlre="${_mlre:-}${_mlv}='`eval 'echo ${'$_mlrv':-}'`' ";
 fi;
 done;
 if [ -n "${_mlre:-}" ]; then
 eval `eval ${_mlre}/usr/bin/tclsh /afs/crc.nd.edu/x86_64_linux/Modules/4.5.0/libexec/modulecmd.tcl bash '"$@"'`;
 else
 eval `/usr/bin/tclsh /afs/crc.nd.edu/x86_64_linux/Modules/4.5.0/libexec/modulecmd.tcl bash "$@"`;
 fi;
 _mlstatus=$?;
 if [ -n "${_mlIFS+x}" ]; then
 IFS=$_mlIFS;
 else
 unset IFS;
 fi;
 unset _mlre _mlv _mlrv _mlIFS;
 if [ -n "${_mlshdbg:-}" ]; then
 set -$_mlshdbg;
 fi;
 unset _mlshdbg;
 return $_mlstatus
}
BASH_FUNC_ml()=() {  module ml "$@"
}
_=/usr/bin/printenv
