32421   0.000000 libjli.so->getenv("_JAVA_LAUNCHER_DEBUG") = nil
32421   0.001100 libjli.so->getenv("_JAVA_VERSION_SET") = nil
32421   0.000514 libjli.so->fopen("/usr/lib/jvm/java-1.8.0-openjdk-1.8.0.262.b10-0.el7_8.x86_64/jre/lib/amd64/jvm.cfg", "r") = 0x562e40c750f0
32421   0.000556 libjli.so->getenv("JDK_ALTERNATE_VM") = nil
32421   0.000224 libjli.so->__xstat(1, "/usr/lib/jvm/java-1.8.0-openjdk-1.8.0.262.b10-0.el7_8.x86_64/jre/lib/amd64/server/libjvm.so", 0x7ffe1754c460) = 0
32421   0.000415 libjli.so->getenv("LD_LIBRARY_PATH") = "/afs/crc.nd.edu/group/ccl/software/x86_64/redhat7/ruby/current/lib:/afs/crc.nd.edu/group/ccl/software/x86_64/redhat7/graphviz/current/lib:/afs/crc.nd.edu/group/ccl/software/x86_64/redhat7/git/current/lib:/afs/crc.nd.edu/group/ccl/software/x86_64/redhat7/condor/current/lib:/afs/crc.nd.edu/group/ccl/software/x86_64/redhat7/clang/current/lib:/afs/crc.nd.edu/group/ccl/software/x86_64/redhat7/condor/current/lib:/afs/crc.nd.edu/group/ccl/software/x86_64/redhat7/cctools/current/lib:/opt/crc/usr/local/lib"
32421   0.001427 libjli.so->dlopen("/usr/lib/jvm/java-1.8.0-openjdk-1.8.0.262.b10-0.el7_8.x86_64/jre/lib/amd64/server/libjvm.so", 258 <unfinished ...>
32421   0.024141 libjvm.so->getenv("NMT_LEVEL_32421") = nil
32421   0.001069 <... dlopen resumed> )          = 0x562e40c754c0
32421   0.000056 libjli.so->getenv("CLASSPATH")  = nil
32421   0.000201 libjli.so->getenv("_JAVA_SPLASH_JAR") = nil
32421   0.000263 libjli.so->getenv("_JAVA_SPLASH_FILE") = nil
32421   0.000228 libjli.so->pthread_attr_setdetachstate(0x7ffe1754c410, 0, 0x7ffe1754c4a0, 0) = 0
32421   0.000281 libpthread.so.0->__clone(0x2b7dc1cc0de0, 0x2b7dc1bd3fc0, 0x3d0f00, 0x2b7dc1bd4700) = 0x7ea6
32422   0.001452 libjvm.so->dlopen(0x2b7dc349f9ae, 1, 0xfffffffffff42c48, 4096) = 0x2b7dc8000990
32422   0.001542 libjvm.so->getenv(0x2b7dc34ba83e, 0, 115, 0x65737361) = 0x7ffe175516de
32422   0.000299 libjvm.so->fopen(0x2b7dc1bd2c10, 0x2b7dc3456ccb, 0x6f732e79666972, 0x2b7dc2598ab0) = 0x2b7dc8001440
32422   0.000992 libjvm.so->dlopen(0x2b7dc1bd2c10, 1, 0xffffffff, 0x2b7dc8002b00) = 0x2b7dc8001440
32422   0.000936 libjvm.so->fopen(0x2b7dc1bd2c10, 0x2b7dc3456ccb, 111, 0x732e6176) = 0x2b7dc8001b10
32422   0.001012 libjvm.so->dlopen(0x2b7dc1bd2c10, 1, 0xffffffff, 0x2b7dc8001a00) = 0x2b7dc8001b10
32422   0.001010 libjvm.so->__xstat(1, 0x2b7dc1bd3360, 0x2b7dc1bd3ba0, 0x746f7073746f682e) = -1
32422   0.000321 libjvm.so->getenv(0x2b7dc344f541, 0x2b7dc1bd36d0, 1024, 0x2b7dc390961b) = 0
32422   0.000303 libjvm.so->getenv(0x2b7dc344f533, 0x2b7dc1bd36d0, 1024, 0) = 0
32422   0.000264 libjvm.so->fopen(0x2b7dc349f315, 0x2b7dc3456ccb, 4095, 0xffffd4823cbb0b03) = 0x2b7dc8003290
32422   0.000687 libjvm.so->fopen(0x2b7dc349f361, 0x2b7dc3456ccb, 0x2b7dc8000078, 0x2b7dc8003280) = 0x2b7dc8003290
32422   0.000460 libjvm.so->fopen(0x2b7dc1bcd9b0, 0x2b7dc3456ccb, 4014, 3995) = 0x2b7dc8003290
32422   0.000429 libjvm.so->opendir(0x2b7dc8002b40, 0x2b7dc8002b40, 13, 16) = 0
32422   0.000309 libjvm.so->__xstat(1, 0x2b7dc1bd28f0, 0x2b7dc1bd1860, 0x6f732e7477616d62) = -1
32422   0.000269 libjvm.so->__xstat(1, 0x2b7dc1bd28f0, 0x2b7dc1bd1860, 0x5f74776162696c2f) = 0
32422   0.000337 libjvm.so->fopen(0x2b7dc1bd1b90, 0x2b7dc3456ccb, 4009, 3994) = 0x2b7dc8003770
32422   0.000387 libjvm.so->fopen(0x2b7dc1bd1b90, 0x2b7dc3456ccb, 4009, 3994) = 0x2b7dc8003770
32422   0.000377 libjvm.so->fopen(0x2b7dc1bd1b90, 0x2b7dc3456ccb, 4009, 4002) = 0x2b7dc8003770
32422   0.000489 libjvm.so->fopen(0x2b7dc1bd1b20, 0x2b7dc3456ccb, 4009, 3994) = 0x2b7dc8003770
32422   0.000385 libjvm.so->fopen(0x2b7dc1bd1b20, 0x2b7dc3456ccb, 4009, 3994) = 0x2b7dc8003770
32422   0.000411 libjvm.so->fopen(0x2b7dc1bd1b20, 0x2b7dc3456ccb, 4009, 4002) = 0x2b7dc8003770
32422   0.000403 libjvm.so->fopen(0x2b7dc1bd1b50, 0x2b7dc3456ccb, 4014, 3995) = 0x2b7dc8003770
32422   0.000558 libjvm.so->getenv(0x2b7dc34a00ff, 4096, 3, -1) = 0
32422   0.000578 libjvm.so->fopen(0x2b7dc349f998, 0x2b7dc3456ccb, 0x2b7dc1cb7908, 0x2b7dc1cb6df0) = 0x2b7dc8003770
32422   0.003137 libjvm.so->open(0x2b7dc804a560, 0x20000, 0, 0x2b7dc804a5a9) = 3
32422   0.000298 libjvm.so->__fxstat(1, 3, 0x2b7dc1bd3a00, -1) = 0
32422   0.000303 libjvm.so->opendir(0x2b7dc804a560, 0x2b7dc1bd3a00, 0x4000, -1) = 0x2b7dc804b470
32422   0.000300 libjvm.so->__fxstat(1, 3, 0x2b7dc1bd38a0, 0x2b7dc804b470) = 0
32422   0.000287 libjvm.so->__fxstat(1, 5, 0x2b7dc1bd3930, -1) = 0
32422   0.000291 libjvm.so->open(0x2b7dc346d9dc, 0, 0, 0) = 3
32422   0.000416 libjvm.so->__lxstat(1, 0x2b7dc804a560, 0x2b7dc1bd3b50, -144) = 0
32422   0.000305 libjvm.so->open(0x2b7dc804a560, 0x20000, 0x4000, -1) = 3
32422   0.000276 libjvm.so->__fxstat(1, 3, 0x2b7dc1bd3a00, -1) = 0
32422   0.000289 libjvm.so->opendir(0x2b7dc804a560, 0x2b7dc1bd3a00, 0x4000, -1) = 0x2b7dc804b470
32422   0.000275 libjvm.so->__fxstat(1, 3, 0x2b7dc1bd38a0, 0x2b7dc804b470) = 0
32422   0.000286 libjvm.so->__fxstat(1, 5, 0x2b7dc1bd3930, -1) = 0
32422   0.000300 libjvm.so->open(0x2b7dc346d9dc, 0, 0, 0) = 3
32422   0.000294 libjvm.so->open(0x2b7dc804a5a9, 0x20042, 384, -1) = 7
32422   0.001370 libjvm.so->__fxstat(1, 7, 0x2b7dc1bd3b50, -1) = 0
32422   0.001278 libjvm.so->fopen(0x2b7dc1bd2b60, 0x2b7dc3456ccb, 4, 0x6f732e70) = 0x2b7dc8057bc0
32422   0.000924 libjvm.so->dlopen(0x2b7dc1bd2b60, 1, 0xffffffff, 0x2b7dc8057b00) = 0x2b7dc8057bc0
32422   0.001131 libjvm.so->__xstat(1, 0x2b7dc1bd3120, 0x2b7dc1bd3950, 2048) = 0
32422   0.000290 libjvm.so->__xstat(1, 0x2b7dc1bd3120, 0x2b7dc1bd3950, 2048) = 0
32422   0.000288 libjvm.so->__xstat(1, 0x2b7dc1bd3120, 0x2b7dc1bd3950, 2048) = -1
32422   0.000275 libjvm.so->__xstat(1, 0x2b7dc1bd3120, 0x2b7dc1bd3950, 2048) = 0
32422   0.000278 libjvm.so->__xstat(1, 0x2b7dc1bd3120, 0x2b7dc1bd3950, 2048) = 0
32422   0.000344 libjvm.so->__xstat(1, 0x2b7dc1bd3120, 0x2b7dc1bd3950, 2048) = 0
32422   0.000302 libjvm.so->__xstat(1, 0x2b7dc1bd3120, 0x2b7dc1bd3950, 2048) = 0
32422   0.000285 libjvm.so->__xstat(1, 0x2b7dc1bd3120, 0x2b7dc1bd3950, 2048) = -1
32422   0.000278 libjvm.so->fopen(0x2b7dc8002520, 0x2b7dc3456ccb, 0, 0) = 0x2b7dc8058a60
32422   0.006617 libjvm.so->open64(0x2b7dc1bd2410, 0, 0, 16) = 3
32422   0.000329 libjvm.so->__fxstat64(1, 3, 0x2b7dc1bd2240, -1) = 0
32422   0.024115 libjvm.so->__xstat(1, 0x2b7dc1bd2f20, 0x2b7dc1bd3750, 2048) = -1
32422   0.000402 libjvm.so->fopen(0x2b7dc1bd1b20, 0x2b7dc3456ccb, 4009, 3994) = 0x2b7dc80b5e20
32422   0.001317 libjvm.so->fopen(0x2b7dc1bd1b20, 0x2b7dc3456ccb, 4009, 3994) = 0x2b7dc80b5e20
32422   0.000433 libjvm.so->fopen(0x2b7dc1bd1b20, 0x2b7dc3456ccb, 4009, 4002) = 0x2b7dc80b5e20
32422   0.002842 libjvm.so->pthread_attr_setdetachstate(0x2b7dc1bd3c00, 1, 0, 0) = 0
32422   0.000413 libpthread.so.0->__clone(0x2b7dc1cc0de0, 0x2b7dc7544fc0, 0x3d0f00, 0x2b7dc7545700) = 0x7ea7
32422   0.011907 libjvm.so->pthread_attr_setdetachstate(0x2b7dc1bd3290, 1, 0, 0) = 0
32422   0.000418 libpthread.so.0->__clone(0x2b7dc1cc0de0, 0x2b7dc7645fc0, 0x3d0f00, 0x2b7dc7646700) = 0x7ea8
32422   0.004708 libjvm.so->pthread_attr_setdetachstate(0x2b7dc1bd3610, 1, 0, 0) = 0
32422   0.001904 libpthread.so.0->__clone(0x2b7dc1cc0de0, 0x2b7dc7746fc0, 0x3d0f00, 0x2b7dc7747700) = 0x7ea9
32422   0.026945 libjvm.so->fopen(0x2b7dc80e9130, 0x2b7dc3456ccb, 4, 0x6f732e70) = 0x2b7dc80f1c70
32422   0.001303 libjvm.so->dlopen(0x2b7dc80e9130, 1, 0xffffffff, 0x2b7dc80ec300) = 0x2b7dc8057bc0
32422   0.003444 libjvm.so->open64(0x2b7dc1bd2510, 0, 0, 16) = 5
32422   0.000601 libjvm.so->__fxstat64(1, 5, 0x2b7dc1bd2340, -1) = 0
32422   0.014851 libjvm.so->fopen(0x2b7dc1bcf130, 0x2b7dc3456ccb, 4009, 3994) = 0x2b7dc80fcbc0
32422   0.000844 libjvm.so->fopen(0x2b7dc1bcf130, 0x2b7dc3456ccb, 4009, 3994) = 0x2b7dc80fcbc0
32422   0.000736 libjvm.so->fopen(0x2b7dc1bcf130, 0x2b7dc3456ccb, 4009, 4002) = 0x2b7dc80fcbc0
32422   0.012224 libjvm.so->pthread_attr_setdetachstate(0x2b7dc1bd3b50, 1, 0, 0) = 0
32422   0.000707 libpthread.so.0->__clone(0x2b7dc1cc0de0, 0x2b7dc7847fc0, 0x3d0f00, 0x2b7dc7848700) = 0x7eb1
32422   0.001077 libjvm.so->__xstat64(1, 0x2b7dc1bd3be0, 0x2b7dc1bd3b50, 19) = -1
32422   0.000806 libjvm.so->pthread_attr_setdetachstate(0x2b7dc1bd3950, 1, 0, 0) = 0
32422   0.000762 libpthread.so.0->__clone(0x2b7dc1cc0de0, 0x2b7dc7948fc0, 0x3d0f00, 0x2b7dc7949700) = 0x7eb2
32422   0.002106 libjvm.so->pthread_attr_setdetachstate(0x2b7dc1bd3950, 1, 0, 0) = 0
32422   0.000887 libpthread.so.0->__clone(0x2b7dc1cc0de0, 0x2b7dc7a49fc0, 0x3d0f00, 0x2b7dc7a4a700) = 0x7eb3
32422   0.005339 libjvm.so->pthread_attr_setdetachstate(0x2b7dc1bd3aa0, 1, 0, 0) = 0
32422   0.000970 libpthread.so.0->__clone(0x2b7dc1cc0de0, 0x2b7dc7b4afc0, 0x3d0f00, 0x2b7dc7b4b700) = 0x7eb4
32422   0.001567 libjvm.so->pthread_attr_setdetachstate(0x2b7dc1bd3bb0, 1, 0, 0) = 0
32422   0.001060 libpthread.so.0->__clone(0x2b7dc1cc0de0, 0x2b7dc7c4bfc0, 0x3d0f00, 0x2b7dc7c4c700) = 0x7eb5
32422   0.010690 libjvm.so->open64(0x2b7dc812e840, 0, 0, 0) = 7
32422   0.001173 libjvm.so->__fxstat64(1, 7, 0x2b7dc1bd0f60, -1) = 0
32422   0.020159 libjvm.so->fopen(0x2b7dc8154580, 0x2b7dc3456ccb, 4, 0x6f732e6f) = 0x2b7dc8154640
32422   0.002708 libjvm.so->dlopen(0x2b7dc8154580, 1, 0xffffffff, 0x2b7dc8154500) = 0x2b7dc8154640
32422   0.088013 libjvm.so->fopen(0x2b7dc819ca10, 0x2b7dc3456ccb, 4, 0x6f732e74) = 0x2b7dc819a610
32422   0.002149 libjvm.so->dlopen(0x2b7dc819ca10, 1, 0xffffffff, 0x2b7dc819d300) = 0x2b7dc81af9e0
32422   0.093178 libjvm.so->fopen(0x2b7dc8200c20, 0x2b7dc3456ccb, 0x6f732e7373656c, 0x656c646165685f74) = 0x2b7dc8200d00
32422   0.002386 libjvm.so->dlopen(0x2b7dc8200c20, 1, 0xffffffff, 0x2b7dc8200c00) = 0x2b7dc8200d00
32422   0.013544 libjvm.so->fopen(0x2b7dc1bcc990, 0x2b7dc3456ccb, 0x6f732e, 0x6d766a62696c2f72) = 0x2b7dc820ab50
32422   0.004699 libjvm.so->dlopen(0x2b7dc1bcc990, 1, 0xffffffff, 0x2b7dc820a100) = 0x562e40c754c0
32422   0.001107 libjvm.so->fopen(0x2b7dc1bcc990, 0x2b7dc3456ccb, 0x6f732e, 0x6d766a62696c2f72) = 0x2b7dc820aaf0
32422   0.003342 libjvm.so->dlopen(0x2b7dc1bcc990, 1, 0xffffffff, 0x2b7dc820a100) = 0x562e40c754c0
32422   0.001099 libjvm.so->fopen(0x2b7dc1bcc990, 0x2b7dc3456ccb, 0x6f732e, 0x6d766a62696c2f72) = 0x2b7dc820aaf0
32422   0.002417 libjvm.so->dlopen(0x2b7dc1bcc990, 1, 0xffffffff, 0x2b7dc820a100) = 0x562e40c754c0
32422   0.001085 libjvm.so->fopen(0x2b7dc1bcc990, 0x2b7dc3456ccb, 0x6f732e, 0x6d766a62696c2f72) = 0x2b7dc820aaf0
32422   0.002227 libjvm.so->dlopen(0x2b7dc1bcc990, 1, 0xffffffff, 0x2b7dc820a100) = 0x562e40c754c0
32422   3.764108 --- SIGSEGV (Segmentation fault) ---
32422   0.699371 libjvm.so->fopen(0x2b7dc1bd0e10, 0x2b7dc3456ccb, 111, 0x732e6176) = 0x2b7dc824a290
32422   0.002113 libjvm.so->dlopen(0x2b7dc1bd0e10, 1, 0xffffffff, 0x2b7dc8204d00) = 0x2b7dc8001b10
32422   0.001141 libjvm.so->fopen(0x2b7dc1bd0e10, 0x2b7dc3456ccb, 111, 0x732e6176) = 0x2b7dc824a290
32422   0.001813 libjvm.so->dlopen(0x2b7dc1bd0e10, 1, 0xffffffff, 0x2b7dc8204d00) = 0x2b7dc8001b10
32422   0.001065 libjvm.so->fopen(0x2b7dc1bd0e10, 0x2b7dc3456ccb, 111, 0x732e6176) = 0x2b7dc824a290
32422   0.005032 libjvm.so->dlopen(0x2b7dc1bd0e10, 1, 0xffffffff, 0x2b7dc8204d00) = 0x2b7dc8001b10
32422   0.002002 libjvm.so->fopen(0x2b7dc1bd0e10, 0x2b7dc3456ccb, 111, 0x732e6176) = 0x2b7dc824a290
32422   0.001817 libjvm.so->dlopen(0x2b7dc1bd0e10, 1, 0xffffffff, 0x2b7dc8204d00) = 0x2b7dc8001b10
32437   4.175298 +++ exited (status 0) +++
32423   0.000342 +++ exited (status 0) +++
32422   0.000242 +++ exited (status 0) +++
32436   0.000394 +++ exited (status 0) +++
32434   0.000017 +++ exited (status 0) +++
32433   0.000011 +++ exited (status 0) +++
32425   0.000010 +++ exited (status 0) +++
32424   0.000010 +++ exited (status 0) +++
32435   0.013984 +++ exited (status 0) +++
32421   0.000076 +++ exited (status 0) +++
Wrote an ltrace for command: "java -cp ./tools/maxent.jar density.MaxEnt -s outputs/Cosmiotes_freyerella_H.csv -e data/layers/worldclim -o outputs/Cosmiotes_freyerella_H nowarnings nocache autorun -z" with PID 32419 from PPID 32401 on disc23.crc.nd.edu with result 0
REMOTEHOST=10.17.148.247
MANPATH=/afs/crc.nd.edu/user/n/nkremerh/cctools/share/man/:/afs/crc.nd.edu/group/ccl/software/x86_64/redhat7/ruby/current/share/man:/afs/crc.nd.edu/group/ccl/software/x86_64/redhat7/graphviz/current/share/man:/afs/crc.nd.edu/group/ccl/software/x86_64/redhat7/gnuplot/current/share/man:/afs/crc.nd.edu/group/ccl/software/x86_64/redhat7/git/current/share/man:/afs/crc.nd.edu/group/ccl/software/x86_64/redhat7/condor/current/share/man:/afs/crc.nd.edu/group/ccl/software/x86_64/redhat7/clang/current/share/man:/afs/crc.nd.edu/group/ccl/software/x86_64/redhat7/condor/current/share/man:/afs/crc.nd.edu/group/ccl/software/x86_64/redhat7/cctools/current/share/man:/afs/crc.nd.edu/group/ccl/software/x86_64/redhat7/cctools/current/share/man:/afs/crc.nd.edu/x86_64_linux/Modules/4.5.0/share/man:/opt/crc/usr/local/man:/opt/sge/man:/usr/share/man/overrides:/usr/share/man:/usr/local/share/man
_CONDOR_JOB_PIDS=
XDG_SESSION_ID=2686
HOSTNAME=disc01.crc.nd.edu
_LMFILES__modshare=/afs/crc.nd.edu/x86_64_linux/Modules/modules/system_modules/CRC_default/1.1:1
MODULEPATH_modshare=/afs/crc.nd.edu/x86_64_linux/Modules/modules/general_software:1:/afs/crc.nd.edu/x86_64_linux/Modules/modules/development_tools_and_libraries:1:/afs/crc.nd.edu/x86_64_linux/Modules/modules/system_modules:1:/afs/crc.nd.edu/x86_64_linux/Modules/current/modulefiles:1:/afs/crc.nd.edu/x86_64_linux/Modules/modules/restricted_software:1:/afs/crc.nd.edu/x86_64_linux/Modules/modules/deprecated_software:1
TERM=xterm-256color
SHELL=/bin/tcsh
HOST=disc01.crc.nd.edu
MODULES_CMD=/afs/crc.nd.edu/x86_64_linux/Modules/4.5.0/libexec/modulecmd.tcl
_CONDOR_ANCESTOR_23321=23334:1599499133:751320184
HISTSIZE=5000
MAKEFLAGS=
SSH_CLIENT=10.17.148.247 49750 22
TMPDIR=/var/condor/execute/dir_23321/worker-213124-23380/t.911/cctools-temp-t.911.Ij51LF
PERL5LIB=/afs/crc.nd.edu/user/n/nkremerh/cctools/lib/perl5/site_perl/5.16.3:/afs/crc.nd.edu/user/n/nkremerh/.perl5/lib/perl5
SGE_CELL=crc
_CONDOR_SCRATCH_DIR=/var/condor/execute/dir_23321
PERL_MB_OPT=--install_base '/afs/crc.nd.edu/user/n/nkremerh/.perl5/'
SSH_TTY=/dev/pts/0
SGE_LOAD_AVG=load_avg
MAKEFLOW_MAX_LOCAL_JOBS=2
GROUP=campus
USER=nkremerh
_CHIRP_DELAYED_UPDATE_PREFIX=Chirp*
HISTFILESIZE=10000
TEMP=/var/condor/execute/dir_23321/worker-213124-23380/t.911/cctools-temp-t.911.Ij51LF
LD_LIBRARY_PATH=/afs/crc.nd.edu/group/ccl/software/x86_64/redhat7/ruby/current/lib:/afs/crc.nd.edu/group/ccl/software/x86_64/redhat7/graphviz/current/lib:/afs/crc.nd.edu/group/ccl/software/x86_64/redhat7/git/current/lib:/afs/crc.nd.edu/group/ccl/software/x86_64/redhat7/condor/current/lib:/afs/crc.nd.edu/group/ccl/software/x86_64/redhat7/clang/current/lib:/afs/crc.nd.edu/group/ccl/software/x86_64/redhat7/condor/current/lib:/afs/crc.nd.edu/group/ccl/software/x86_64/redhat7/cctools/current/lib:/opt/crc/usr/local/lib
BATCH_SYSTEM=HTCondor
MODULES_LMALTNAME=CRC_default/1.1&CRC_default/default&CRC_default
ENV=/afs/crc.nd.edu/x86_64_linux/Modules/4.5.0/init/profile.sh
WORKER_TMPDIR=/var/condor/execute/dir_23321/worker-213124-23380/cache/tmp
HOSTTYPE=x86_64-linux
_CONDOR_HIGHPORT=9999
GLOBUS_GSSAPI_MAX_TLS_PROTOCOL=0
_CONDOR_CHIRP_CONFIG=/var/condor/execute/dir_23321/.chirp.config
_CONDOR_ANCESTOR_3574=23321:1599499132:4040868323
MAKELEVEL=1
MFLAGS=
MAIL=/var/spool/mail/nkremerh
PATH=/afs/crc.nd.edu/user/n/nkremerh/cctools/bin:/afs/crc.nd.edu/user/n/nkremerh/miniconda/bin:/afs/crc.nd.edu/group/ccl/software/git:/afs/crc.nd.edu/user/n/nkremerh/.local/bin:/afs/crc.nd.edu/group/ccl/software/x86_64/redhat7/povray/3.7/bin:/afs/crc.nd.edu/user/n/nkremerh/.perl5/bin:/afs/crc.nd.edu/user/n/nkremerh/pegasus/bin:/afs/crc.nd.edu/user/n/nkremerh/nodejs/bin:/afs/crc.nd.edu/user/n/nkremerh/montage/bin:/afs/crc.nd.edu/user/n/nkremerh/latexdiff:/afs/crc.nd.edu/user/n/nkremerh/envtrace:/afs/crc.nd.edu/user/n/nkremerh/endlines:/afs/crc.nd.edu/user/n/nkremerh/cctools/bin:/afs/crc.nd.edu/user/n/nkremerh/.cargo/bin:/afs/crc.nd.edu/group/ccl/software/x86_64/redhat7/ruby/current/bin:/afs/crc.nd.edu/group/ccl/software/x86_64/redhat7/graphviz/current/bin:/afs/crc.nd.edu/group/ccl/software/x86_64/redhat7/gnuplot/current/bin:/afs/crc.nd.edu/group/ccl/software/x86_64/redhat7/git/current/bin:/afs/crc.nd.edu/group/ccl/software/x86_64/redhat7/condor/current/sbin:/afs/crc.nd.edu/group/ccl/software/x86_64/redhat7/condor/current/bin:/afs/crc.nd.edu/group/ccl/software/x86_64/redhat7/cmake/current/bin:/afs/crc.nd.edu/group/ccl/software/x86_64/redhat7/clang/current/bin:/afs/crc.nd.edu/group/ccl/software/x86_64/redhat7/condor/current/sbin:/afs/crc.nd.edu/group/ccl/software/x86_64/redhat7/condor/current/bin:/afs/crc.nd.edu/group/ccl/software/x86_64/redhat7/cctools/current/bin:/afs/crc.nd.edu/x86_64_linux/Modules/4.5.0/bin:/opt/crc/usr/local/bin:/opt/sge/bin/lx-amd64:/usr/local/bin:/usr/bin:/usr/local/sbin:/usr/sbin:/afs/crc.nd.edu/user/c/condor/software/bin:/afs/crc.nd.edu/user/c/condor/software/sbin
CCLSOFTWARE=/afs/crc.nd.edu/group/ccl/software/x86_64/redhat7
_CONDOR_ANCESTOR_3382=3574:1598183948:1170902758
PWD=/var/condor/execute/dir_23321/worker-213124-23380/t.911
_LMFILES_=/afs/crc.nd.edu/x86_64_linux/Modules/modules/system_modules/CRC_default/1.1
EDITOR=vim
SGE_EXECD_PORT=6445
LANG=en_US.UTF-8
SGE_QMASTER_PORT=6444
MODULEPATH=/afs/crc.nd.edu/x86_64_linux/Modules/modules/development_tools_and_libraries:/afs/crc.nd.edu/x86_64_linux/Modules/modules/general_software:/afs/crc.nd.edu/x86_64_linux/Modules/modules/restricted_software:/afs/crc.nd.edu/x86_64_linux/Modules/modules/system_modules:/afs/crc.nd.edu/x86_64_linux/Modules/modules/deprecated_software:/afs/crc.nd.edu/x86_64_linux/Modules/current/modulefiles
LOADEDMODULES=CRC_default/1.1
SGE_ROOT=/opt/sge
CCLPLATFORM=x86_64/redhat7
_CONDOR_SLOT=slot2_1
WORK_QUEUE_SANDBOX=/var/condor/execute/dir_23321/worker-213124-23380
USE_SYSTEMD=true
_CONDOR_LOWPORT=9100
HISTCONTROL=ignoreboth:erasedups
KRB5CCNAME=FILE:/tmp/krb5cc_213124_dlYXoi
GLOBUS_GSSAPI_NAME_COMPATIBILITY=STRICT_RFC2818
HOME=disc01.crc.nd.edu
SHLVL=6
PATH_modshare=/opt/crc/usr/local/bin:1:/opt/sge/bin/lx-amd64:1:/usr/sbin:1:/usr/bin:1:/afs/crc.nd.edu/user/c/condor/software/sbin:1:/usr/local/sbin:1:/afs/crc.nd.edu/user/c/condor/software/bin:1:/usr/local/bin:1
OSTYPE=linux
_CONDOR_MACHINE_AD=/var/condor/execute/dir_23321/.machine.ad
GREP_OPTIONS=--color=auto
DISK=18248
GLOBUS_GSSAPI_MIN_TLS_PROTOCOL=TLS1_VERSION
MANPATH_modshare=/usr/share/man/overrides:1:/usr/local/share/man:1:/usr/share/man:1:/opt/crc/usr/local/man:1:/opt/sge/man:1
MEMORY=1948
PERL_LOCAL_LIB_ROOT=/afs/crc.nd.edu/user/n/nkremerh/.perl5/
BASH_ENV=/afs/crc.nd.edu/x86_64_linux/Modules/4.5.0/init/bash
VENDOR=unknown
TMP=/var/condor/execute/dir_23321/worker-213124-23380/t.911/cctools-temp-t.911.Ij51LF
LOGNAME=nkremerh
MACHTYPE=x86_64
CCLHOME=/afs/crc.nd.edu/group/ccl
PYTHONPATH=/afs/crc.nd.edu/user/n/nkremerh/cctools/lib/python3.6/site-packages/
LD_LIBRARY_PATH_modshare=/opt/crc/usr/local/lib:1
SSH_CONNECTION=10.17.148.247 49750 129.74.128.103 22
MODULES_LMALTNAME_modshare=CRC_default/1.1&CRC_default/default&CRC_default:1
MODULESHOME=/afs/crc.nd.edu/x86_64_linux/Modules/4.5.0
GLOBUS_GSSAPI_CIPHERS=HIGH
GLOBUS_GSSAPI_BACKWARD_COMPATIBLE_MIC=true
LESSOPEN=||/usr/bin/lesspipe.sh %s
OMP_NUM_THREADS=1
_CONDOR_JOB_AD=/var/condor/execute/dir_23321/.job.ad
LOADEDMODULES_modshare=CRC_default/1.1:1
XDG_RUNTIME_DIR=/run/user/213124
SGE_CLUSTER_NAME=CRC
CCTOOLS=../cctools
CORES=2
_CONDOR_JOB_IWD=/var/condor/execute/dir_23321
PERL_MM_OPT=INSTALL_BASE=/afs/crc.nd.edu/user/n/nkremerh/.perl5/
GLOBUS_GSSAPI_SERVER_CIPHER_ORDER=true
BASH_FUNC_module()=() {  unset _mlshdbg;
 if [ "${MODULES_SILENT_SHELL_DEBUG:-0}" = '1' ]; then
 case "$-" in 
 *v*x*)
 set +vx;
 _mlshdbg='vx'
 ;;
 *v*)
 set +v;
 _mlshdbg='v'
 ;;
 *x*)
 set +x;
 _mlshdbg='x'
 ;;
 *)
 _mlshdbg=''
 ;;
 esac;
 fi;
 unset _mlre _mlIFS;
 if [ -n "${IFS+x}" ]; then
 _mlIFS=$IFS;
 fi;
 IFS=' ';
 for _mlv in ${MODULES_RUN_QUARANTINE:-};
 do
 if [ "${_mlv}" = "${_mlv##*[!A-Za-z0-9_]}" -a "${_mlv}" = "${_mlv#[0-9]}" ]; then
 if [ -n "`eval 'echo ${'$_mlv'+x}'`" ]; then
 _mlre="${_mlre:-}${_mlv}_modquar='`eval 'echo ${'$_mlv'}'`' ";
 fi;
 _mlrv="MODULES_RUNENV_${_mlv}";
 _mlre="${_mlre:-}${_mlv}='`eval 'echo ${'$_mlrv':-}'`' ";
 fi;
 done;
 if [ -n "${_mlre:-}" ]; then
 eval `eval ${_mlre}/usr/bin/tclsh /afs/crc.nd.edu/x86_64_linux/Modules/4.5.0/libexec/modulecmd.tcl bash '"$@"'`;
 else
 eval `/usr/bin/tclsh /afs/crc.nd.edu/x86_64_linux/Modules/4.5.0/libexec/modulecmd.tcl bash "$@"`;
 fi;
 _mlstatus=$?;
 if [ -n "${_mlIFS+x}" ]; then
 IFS=$_mlIFS;
 else
 unset IFS;
 fi;
 unset _mlre _mlv _mlrv _mlIFS;
 if [ -n "${_mlshdbg:-}" ]; then
 set -$_mlshdbg;
 fi;
 unset _mlshdbg;
 return $_mlstatus
}
BASH_FUNC_ml()=() {  module ml "$@"
}
_=/usr/bin/printenv
