12258   0.000000 libjli.so->getenv("_JAVA_LAUNCHER_DEBUG") = nil
12258   0.001183 libjli.so->getenv("_JAVA_VERSION_SET") = nil
12258   0.000578 libjli.so->fopen("/usr/lib/jvm/java-1.8.0-openjdk-1.8.0.262.b10-0.el7_8.x86_64/jre/lib/amd64/jvm.cfg", "r") = 0x55b9a00a00f0
12258   0.000531 libjli.so->getenv("JDK_ALTERNATE_VM") = nil
12258   0.000264 libjli.so->__xstat(1, "/usr/lib/jvm/java-1.8.0-openjdk-1.8.0.262.b10-0.el7_8.x86_64/jre/lib/amd64/server/libjvm.so", 0x7ffee4024620) = 0
12258   0.000406 libjli.so->getenv("LD_LIBRARY_PATH") = "/afs/crc.nd.edu/group/ccl/software/x86_64/redhat7/ruby/current/lib:/afs/crc.nd.edu/group/ccl/software/x86_64/redhat7/graphviz/current/lib:/afs/crc.nd.edu/group/ccl/software/x86_64/redhat7/git/current/lib:/afs/crc.nd.edu/group/ccl/software/x86_64/redhat7/condor/current/lib:/afs/crc.nd.edu/group/ccl/software/x86_64/redhat7/clang/current/lib:/afs/crc.nd.edu/group/ccl/software/x86_64/redhat7/condor/current/lib:/afs/crc.nd.edu/group/ccl/software/x86_64/redhat7/cctools/current/lib:/opt/crc/usr/local/lib"
12258   0.001405 libjli.so->dlopen("/usr/lib/jvm/java-1.8.0-openjdk-1.8.0.262.b10-0.el7_8.x86_64/jre/lib/amd64/server/libjvm.so", 258 <unfinished ...>
12258   0.025155 libjvm.so->getenv("NMT_LEVEL_12258") = nil
12258   0.001128 <... dlopen resumed> )          = 0x55b9a00a04c0
12258   0.000055 libjli.so->getenv("CLASSPATH")  = nil
12258   0.000226 libjli.so->getenv("_JAVA_SPLASH_JAR") = nil
12258   0.000274 libjli.so->getenv("_JAVA_SPLASH_FILE") = nil
12258   0.000256 libjli.so->pthread_attr_setdetachstate(0x7ffee40245d0, 0, 0x7ffee4024660, 0) = 0
12258   0.000326 libpthread.so.0->__clone(0x2acafa80ade0, 0x2acafa71dfc0, 0x3d0f00, 0x2acafa71e700) = 0x2fe3
12259   0.001345 libjvm.so->dlopen(0x2acafbfe99ae, 1, 0xfffffffffff42c48, 4096) = 0x2acb00000990
12259   0.001898 libjvm.so->getenv(0x2acafc00483e, 0, 115, 0x65737361) = 0x7ffee402b6bb
12259   0.000309 libjvm.so->fopen(0x2acafa71cc10, 0x2acafbfa0ccb, 0x6f732e79666972, 0x2acafb0e2ab0) = 0x2acb00001440
12259   0.001891 libjvm.so->dlopen(0x2acafa71cc10, 1, 0xffffffff, 0x2acb00002b00) = 0x2acb00001440
12259   0.001985 libjvm.so->fopen(0x2acafa71cc10, 0x2acafbfa0ccb, 111, 0x732e6176) = 0x2acb00001b10
12259   0.002460 libjvm.so->dlopen(0x2acafa71cc10, 1, 0xffffffff, 0x2acb00001a00) = 0x2acb00001b10
12259   0.001218 libjvm.so->__xstat(1, 0x2acafa71d360, 0x2acafa71dba0, 0x746f7073746f682e) = -1
12259   0.000324 libjvm.so->getenv(0x2acafbf99541, 0x2acafa71d6d0, 1024, 0x2acafc45361b) = 0
12259   0.000336 libjvm.so->getenv(0x2acafbf99533, 0x2acafa71d6d0, 1024, 0) = 0
12259   0.000316 libjvm.so->fopen(0x2acafbfe9315, 0x2acafbfa0ccb, 4095, 0xffffd53504066b03) = 0x2acb00003270
12259   0.001557 libjvm.so->fopen(0x2acafbfe9361, 0x2acafbfa0ccb, 0x2acb00000078, 0x2acb00003260) = 0x2acb00003270
12259   0.000558 libjvm.so->fopen(0x2acafa7179b0, 0x2acafbfa0ccb, 4014, 3995) = 0x2acb00003270
12259   0.000478 libjvm.so->opendir(0x2acb00002b40, 0x2acb00002b40, 13, 16) = 0
12259   0.000631 libjvm.so->__xstat(1, 0x2acafa71c8f0, 0x2acafa71b860, 0x6f732e7477616d62) = -1
12259   0.000294 libjvm.so->__xstat(1, 0x2acafa71c8f0, 0x2acafa71b860, 0x5f74776162696c2f) = 0
12259   0.000325 libjvm.so->fopen(0x2acafa71bb90, 0x2acafbfa0ccb, 4009, 3994) = 0x2acb00003750
12259   0.000491 libjvm.so->fopen(0x2acafa71bb90, 0x2acafbfa0ccb, 4009, 3994) = 0x2acb00003750
12259   0.000522 libjvm.so->fopen(0x2acafa71bb90, 0x2acafbfa0ccb, 4009, 4002) = 0x2acb00003750
12259   0.000500 libjvm.so->fopen(0x2acafa71bb20, 0x2acafbfa0ccb, 4009, 3994) = 0x2acb00003750
12259   0.000936 libjvm.so->fopen(0x2acafa71bb20, 0x2acafbfa0ccb, 4009, 3994) = 0x2acb00003750
12259   0.001073 libjvm.so->fopen(0x2acafa71bb20, 0x2acafbfa0ccb, 4009, 4002) = 0x2acb00003750
12259   0.000432 libjvm.so->fopen(0x2acafa71bb50, 0x2acafbfa0ccb, 4014, 3995) = 0x2acb00003750
12259   0.000681 libjvm.so->getenv(0x2acafbfea0ff, 4096, 3, -1) = 0
12259   0.001102 libjvm.so->fopen(0x2acafbfe9998, 0x2acafbfa0ccb, 0x2acafa801908, 0x2acafa800df0) = 0x2acb00003750
12259   0.004454 libjvm.so->open(0x2acb0004a540, 0x20000, 0, 0x2acb0004a589) = 3
12259   0.000341 libjvm.so->__fxstat(1, 3, 0x2acafa71da00, -1) = 0
12259   0.000601 libjvm.so->opendir(0x2acb0004a540, 0x2acafa71da00, 0x4000, -1) = 0x2acb0004b450
12259   0.000386 libjvm.so->__fxstat(1, 3, 0x2acafa71d8a0, 0x2acb0004b450) = 0
12259   0.000287 libjvm.so->__fxstat(1, 5, 0x2acafa71d930, -1) = 0
12259   0.000339 libjvm.so->open(0x2acafbfb79dc, 0, 0, 0) = 3
12259   0.000495 libjvm.so->__lxstat(1, 0x2acb0004a540, 0x2acafa71db50, -144) = 0
12259   0.000330 libjvm.so->open(0x2acb0004a540, 0x20000, 0x4000, -1) = 3
12259   0.001244 libjvm.so->__fxstat(1, 3, 0x2acafa71da00, -1) = 0
12259   0.000346 libjvm.so->opendir(0x2acb0004a540, 0x2acafa71da00, 0x4000, -1) = 0x2acb0004b450
12259   0.000337 libjvm.so->__fxstat(1, 3, 0x2acafa71d8a0, 0x2acb0004b450) = 0
12259   0.000345 libjvm.so->__fxstat(1, 5, 0x2acafa71d930, -1) = 0
12259   0.000347 libjvm.so->open(0x2acafbfb79dc, 0, 0, 0) = 3
12259   0.000350 libjvm.so->open(0x2acb0004a589, 0x20042, 384, -1) = 7
12259   0.000484 libjvm.so->__fxstat(1, 7, 0x2acafa71db50, -1) = 0
12259   0.003027 libjvm.so->fopen(0x2acafa71cb60, 0x2acafbfa0ccb, 4, 0x6f732e70) = 0x2acb00057ba0
12259   0.002956 libjvm.so->dlopen(0x2acafa71cb60, 1, 0xffffffff, 0x2acb00057b00) = 0x2acb00057ba0
12259   0.001006 libjvm.so->__xstat(1, 0x2acafa71d120, 0x2acafa71d950, 2048) = 0
12259   0.000308 libjvm.so->__xstat(1, 0x2acafa71d120, 0x2acafa71d950, 2048) = 0
12259   0.000324 libjvm.so->__xstat(1, 0x2acafa71d120, 0x2acafa71d950, 2048) = -1
12259   0.000284 libjvm.so->__xstat(1, 0x2acafa71d120, 0x2acafa71d950, 2048) = 0
12259   0.000315 libjvm.so->__xstat(1, 0x2acafa71d120, 0x2acafa71d950, 2048) = 0
12259   0.000347 libjvm.so->__xstat(1, 0x2acafa71d120, 0x2acafa71d950, 2048) = 0
12259   0.000579 libjvm.so->__xstat(1, 0x2acafa71d120, 0x2acafa71d950, 2048) = 0
12259   0.000305 libjvm.so->__xstat(1, 0x2acafa71d120, 0x2acafa71d950, 2048) = -1
12259   0.000371 libjvm.so->fopen(0x2acb00002520, 0x2acafbfa0ccb, 0, 0) = 0x2acb00058a40
12259   0.006598 libjvm.so->open64(0x2acafa71c410, 0, 0, 16) = 3
12259   0.000467 libjvm.so->__fxstat64(1, 3, 0x2acafa71c240, -1) = 0
12259   0.034076 libjvm.so->__xstat(1, 0x2acafa71cf20, 0x2acafa71d750, 2048) = -1
12259   0.000467 libjvm.so->fopen(0x2acafa71bb20, 0x2acafbfa0ccb, 4009, 3994) = 0x2acb000b1fd0
12259   0.000720 libjvm.so->fopen(0x2acafa71bb20, 0x2acafbfa0ccb, 4009, 3994) = 0x2acb000b1fd0
12259   0.001232 libjvm.so->fopen(0x2acafa71bb20, 0x2acafbfa0ccb, 4009, 4002) = 0x2acb000b1fd0
12259   0.003262 libjvm.so->pthread_attr_setdetachstate(0x2acafa71dc00, 1, 0, 0) = 0
12259   0.000434 libpthread.so.0->__clone(0x2acafa80ade0, 0x2acb130fffc0, 0x3d0f00, 0x2acb13100700) = 0x2fe7
12259   0.012216 libjvm.so->pthread_attr_setdetachstate(0x2acafa71d290, 1, 0, 0) = 0
12259   0.000581 libpthread.so.0->__clone(0x2acafa80ade0, 0x2acb13200fc0, 0x3d0f00, 0x2acb13201700) = 0x2fe9
12259   0.004947 libjvm.so->pthread_attr_setdetachstate(0x2acafa71d610, 1, 0, 0) = 0
12259   0.000521 libpthread.so.0->__clone(0x2acafa80ade0, 0x2acb13301fc0, 0x3d0f00, 0x2acb13302700) = 0x2feb
12259   0.026205 libjvm.so->fopen(0x2acb000e9160, 0x2acafbfa0ccb, 4, 0x6f732e70) = 0x2acb000f1ca0
12259   0.001319 libjvm.so->dlopen(0x2acb000e9160, 1, 0xffffffff, 0x2acb000ec300) = 0x2acb00057ba0
12259   0.003405 libjvm.so->open64(0x2acafa71c510, 0, 0, 16) = 5
12259   0.000599 libjvm.so->__fxstat64(1, 5, 0x2acafa71c340, -1) = 0
12259   0.013041 libjvm.so->fopen(0x2acafa719130, 0x2acafbfa0ccb, 4009, 3994) = 0x2acb000fcbf0
12259   0.000756 libjvm.so->fopen(0x2acafa719130, 0x2acafbfa0ccb, 4009, 3994) = 0x2acb000fcbf0
12259   0.000709 libjvm.so->fopen(0x2acafa719130, 0x2acafbfa0ccb, 4009, 4002) = 0x2acb000fcbf0
12259   0.010452 libjvm.so->pthread_attr_setdetachstate(0x2acafa71db50, 1, 0, 0) = 0
12259   0.000630 libpthread.so.0->__clone(0x2acafa80ade0, 0x2acb13402fc0, 0x3d0f00, 0x2acb13403700) = 0x2fed
12259   0.000997 libjvm.so->__xstat64(1, 0x2acafa71dbe0, 0x2acafa71db50, 19) = -1
12259   0.000769 libjvm.so->pthread_attr_setdetachstate(0x2acafa71d950, 1, 0, 0) = 0
12259   0.000752 libpthread.so.0->__clone(0x2acafa80ade0, 0x2acb13503fc0, 0x3d0f00, 0x2acb13504700) = 0x2fee
12259   0.001127 libjvm.so->pthread_attr_setdetachstate(0x2acafa71d950, 1, 0, 0) = 0
12259   0.000862 libpthread.so.0->__clone(0x2acafa80ade0, 0x2acb13604fc0, 0x3d0f00, 0x2acb13605700) = 0x2fef
12259   0.005237 libjvm.so->pthread_attr_setdetachstate(0x2acafa71daa0, 1, 0, 0) = 0
12259   0.000897 libpthread.so.0->__clone(0x2acafa80ade0, 0x2acb13705fc0, 0x3d0f00, 0x2acb13706700) = 0x2ff0
12259   0.001461 libjvm.so->pthread_attr_setdetachstate(0x2acafa71dbb0, 1, 0, 0) = 0
12259   0.001505 libpthread.so.0->__clone(0x2acafa80ade0, 0x2acb13806fc0, 0x3d0f00, 0x2acb13807700) = 0x2ff1
12259   0.009808 libjvm.so->open64(0x2acb00128880, 0, 0, 0) = 7
12259   0.001138 libjvm.so->__fxstat64(1, 7, 0x2acafa71af60, -1) = 0
12259   0.017230 libjvm.so->fopen(0x2acb0015c680, 0x2acafbfa0ccb, 4, 0x6f732e6f) = 0x2acb0015c740
12259   0.002116 libjvm.so->dlopen(0x2acb0015c680, 1, 0xffffffff, 0x2acb0015c600) = 0x2acb0015c740
12259   0.089737 libjvm.so->fopen(0x2acb001a2800, 0x2acafbfa0ccb, 4, 0x6f732e74) = 0x2acb001a5ab0
12259   0.002154 libjvm.so->dlopen(0x2acb001a2800, 1, 0xffffffff, 0x2acb001a5a00) = 0x2acb001afe60
12259   0.092876 libjvm.so->fopen(0x2acb00228f40, 0x2acafbfa0ccb, 0x6f732e7373656c, 0x656c646165685f74) = 0x2acb00228fb0
12259   0.002535 libjvm.so->dlopen(0x2acb00228f40, 1, 0xffffffff, 0x2acb00224200) = 0x2acb00228fb0
12259   0.012615 libjvm.so->fopen(0x2acafa716990, 0x2acafbfa0ccb, 0x6f732e, 0x6d766a62696c2f72) = 0x2acb00232e40
12259   0.004018 libjvm.so->dlopen(0x2acafa716990, 1, 0xffffffff, 0x2acb00232400) = 0x55b9a00a04c0
12259   0.001471 libjvm.so->fopen(0x2acafa716990, 0x2acafbfa0ccb, 0x6f732e, 0x6d766a62696c2f72) = 0x2acb00232de0
12259   0.003367 libjvm.so->dlopen(0x2acafa716990, 1, 0xffffffff, 0x2acb00232400) = 0x55b9a00a04c0
12259   0.001259 libjvm.so->fopen(0x2acafa716990, 0x2acafbfa0ccb, 0x6f732e, 0x6d766a62696c2f72) = 0x2acb00232de0
12259   0.002277 libjvm.so->dlopen(0x2acafa716990, 1, 0xffffffff, 0x2acb00232400) = 0x55b9a00a04c0
12259   0.001547 libjvm.so->fopen(0x2acafa716990, 0x2acafbfa0ccb, 0x6f732e, 0x6d766a62696c2f72) = 0x2acb00232de0
12259   0.002169 libjvm.so->dlopen(0x2acafa716990, 1, 0xffffffff, 0x2acb00232400) = 0x55b9a00a04c0
12259   3.766097 --- SIGSEGV (Segmentation fault) ---
12273   4.673383 +++ exited (status 0) +++
12269   0.000250 --- SIGSEGV (Segmentation fault) ---
12263   0.000541 +++ exited (status 0) +++
12259   0.000213 +++ exited (status 0) +++
12272   0.000347 +++ exited (status 0) +++
12270   0.000020 +++ exited (status 0) +++
12269   0.000011 +++ exited (status 0) +++
12267   0.000009 +++ exited (status 0) +++
12265   0.000011 +++ exited (status 0) +++
12271   0.016198 +++ exited (status 0) +++
12258   0.000099 +++ exited (status 0) +++
Wrote an ltrace for command: "java -cp ./tools/maxent.jar density.MaxEnt -s outputs/Ceraclea_erulla.csv -e data/layers/worldclim -o outputs/Ceraclea_erulla nowarnings nocache autorun -z" with PID 12256 from PPID 12237 on disc23.crc.nd.edu with result 0
REMOTEHOST=10.17.150.11
MANPATH=/afs/crc.nd.edu/user/n/nkremerh/cctools/share/man/:/afs/crc.nd.edu/group/ccl/software/x86_64/redhat7/ruby/current/share/man:/afs/crc.nd.edu/group/ccl/software/x86_64/redhat7/graphviz/current/share/man:/afs/crc.nd.edu/group/ccl/software/x86_64/redhat7/gnuplot/current/share/man:/afs/crc.nd.edu/group/ccl/software/x86_64/redhat7/git/current/share/man:/afs/crc.nd.edu/group/ccl/software/x86_64/redhat7/condor/current/share/man:/afs/crc.nd.edu/group/ccl/software/x86_64/redhat7/clang/current/share/man:/afs/crc.nd.edu/group/ccl/software/x86_64/redhat7/condor/current/share/man:/afs/crc.nd.edu/group/ccl/software/x86_64/redhat7/cctools/current/share/man:/afs/crc.nd.edu/group/ccl/software/x86_64/redhat7/cctools/current/share/man:/afs/crc.nd.edu/x86_64_linux/Modules/4.5.0/share/man:/opt/crc/usr/local/man:/opt/sge/man:/usr/share/man/overrides:/usr/share/man:/usr/local/share/man
_CONDOR_JOB_PIDS=
XDG_SESSION_ID=4102
HOSTNAME=disc01.crc.nd.edu
_LMFILES__modshare=/afs/crc.nd.edu/x86_64_linux/Modules/modules/system_modules/CRC_default/1.1:1
MODULEPATH_modshare=/afs/crc.nd.edu/x86_64_linux/Modules/modules/general_software:1:/afs/crc.nd.edu/x86_64_linux/Modules/modules/development_tools_and_libraries:1:/afs/crc.nd.edu/x86_64_linux/Modules/modules/system_modules:1:/afs/crc.nd.edu/x86_64_linux/Modules/current/modulefiles:1:/afs/crc.nd.edu/x86_64_linux/Modules/modules/restricted_software:1:/afs/crc.nd.edu/x86_64_linux/Modules/modules/deprecated_software:1
TERM=xterm-256color
SHELL=/bin/tcsh
HOST=disc01.crc.nd.edu
MODULES_CMD=/afs/crc.nd.edu/x86_64_linux/Modules/4.5.0/libexec/modulecmd.tcl
HISTSIZE=5000
MAKEFLAGS=
SSH_CLIENT=10.17.150.11 36546 22
TMPDIR=/var/condor/execute/dir_4602/worker-213124-4760/t.775/cctools-temp-t.775.SzNtKk
PERL5LIB=/afs/crc.nd.edu/user/n/nkremerh/cctools/lib/perl5/site_perl/5.16.3:/afs/crc.nd.edu/user/n/nkremerh/.perl5/lib/perl5
SGE_CELL=crc
_CONDOR_SCRATCH_DIR=/var/condor/execute/dir_4602
PERL_MB_OPT=--install_base '/afs/crc.nd.edu/user/n/nkremerh/.perl5/'
SSH_TTY=/dev/pts/2
SGE_LOAD_AVG=load_avg
MAKEFLOW_MAX_LOCAL_JOBS=2
GROUP=campus
USER=nkremerh
_CHIRP_DELAYED_UPDATE_PREFIX=Chirp*
HISTFILESIZE=10000
TEMP=/var/condor/execute/dir_4602/worker-213124-4760/t.775/cctools-temp-t.775.SzNtKk
LD_LIBRARY_PATH=/afs/crc.nd.edu/group/ccl/software/x86_64/redhat7/ruby/current/lib:/afs/crc.nd.edu/group/ccl/software/x86_64/redhat7/graphviz/current/lib:/afs/crc.nd.edu/group/ccl/software/x86_64/redhat7/git/current/lib:/afs/crc.nd.edu/group/ccl/software/x86_64/redhat7/condor/current/lib:/afs/crc.nd.edu/group/ccl/software/x86_64/redhat7/clang/current/lib:/afs/crc.nd.edu/group/ccl/software/x86_64/redhat7/condor/current/lib:/afs/crc.nd.edu/group/ccl/software/x86_64/redhat7/cctools/current/lib:/opt/crc/usr/local/lib
BATCH_SYSTEM=HTCondor
MODULES_LMALTNAME=CRC_default/1.1&CRC_default/default&CRC_default
ENV=/afs/crc.nd.edu/x86_64_linux/Modules/4.5.0/init/profile.sh
WORKER_TMPDIR=/var/condor/execute/dir_4602/worker-213124-4760/cache/tmp
HOSTTYPE=x86_64-linux
_CONDOR_HIGHPORT=9999
GLOBUS_GSSAPI_MAX_TLS_PROTOCOL=0
_CONDOR_CHIRP_CONFIG=/var/condor/execute/dir_4602/.chirp.config
_CONDOR_ANCESTOR_3574=4602:1600190002:4040868520
MAKELEVEL=1
MFLAGS=
_CONDOR_ANCESTOR_4602=4736:1600190003:2984395350
MAIL=/var/spool/mail/nkremerh
PATH=/afs/crc.nd.edu/user/n/nkremerh/cctools/bin:/afs/crc.nd.edu/user/n/nkremerh/miniconda/bin:/afs/crc.nd.edu/group/ccl/software/git:/afs/crc.nd.edu/user/n/nkremerh/.local/bin:/afs/crc.nd.edu/group/ccl/software/x86_64/redhat7/povray/3.7/bin:/afs/crc.nd.edu/user/n/nkremerh/.perl5/bin:/afs/crc.nd.edu/user/n/nkremerh/pegasus/bin:/afs/crc.nd.edu/user/n/nkremerh/nodejs/bin:/afs/crc.nd.edu/user/n/nkremerh/montage/bin:/afs/crc.nd.edu/user/n/nkremerh/latexdiff:/afs/crc.nd.edu/user/n/nkremerh/envtrace:/afs/crc.nd.edu/user/n/nkremerh/endlines:/afs/crc.nd.edu/user/n/nkremerh/cctools/bin:/afs/crc.nd.edu/user/n/nkremerh/.cargo/bin:/afs/crc.nd.edu/group/ccl/software/x86_64/redhat7/ruby/current/bin:/afs/crc.nd.edu/group/ccl/software/x86_64/redhat7/graphviz/current/bin:/afs/crc.nd.edu/group/ccl/software/x86_64/redhat7/gnuplot/current/bin:/afs/crc.nd.edu/group/ccl/software/x86_64/redhat7/git/current/bin:/afs/crc.nd.edu/group/ccl/software/x86_64/redhat7/condor/current/sbin:/afs/crc.nd.edu/group/ccl/software/x86_64/redhat7/condor/current/bin:/afs/crc.nd.edu/group/ccl/software/x86_64/redhat7/cmake/current/bin:/afs/crc.nd.edu/group/ccl/software/x86_64/redhat7/clang/current/bin:/afs/crc.nd.edu/group/ccl/software/x86_64/redhat7/condor/current/sbin:/afs/crc.nd.edu/group/ccl/software/x86_64/redhat7/condor/current/bin:/afs/crc.nd.edu/group/ccl/software/x86_64/redhat7/cctools/current/bin:/afs/crc.nd.edu/x86_64_linux/Modules/4.5.0/bin:/opt/crc/usr/local/bin:/opt/sge/bin/lx-amd64:/usr/local/bin:/usr/bin:/usr/local/sbin:/usr/sbin:/afs/crc.nd.edu/user/c/condor/software/bin:/afs/crc.nd.edu/user/c/condor/software/sbin
CCLSOFTWARE=/afs/crc.nd.edu/group/ccl/software/x86_64/redhat7
_CONDOR_ANCESTOR_3382=3574:1598183948:1170902758
PWD=/var/condor/execute/dir_4602/worker-213124-4760/t.775
_LMFILES_=/afs/crc.nd.edu/x86_64_linux/Modules/modules/system_modules/CRC_default/1.1
EDITOR=vim
SGE_EXECD_PORT=6445
LANG=en_US.UTF-8
SGE_QMASTER_PORT=6444
MODULEPATH=/afs/crc.nd.edu/x86_64_linux/Modules/modules/development_tools_and_libraries:/afs/crc.nd.edu/x86_64_linux/Modules/modules/general_software:/afs/crc.nd.edu/x86_64_linux/Modules/modules/restricted_software:/afs/crc.nd.edu/x86_64_linux/Modules/modules/system_modules:/afs/crc.nd.edu/x86_64_linux/Modules/modules/deprecated_software:/afs/crc.nd.edu/x86_64_linux/Modules/current/modulefiles
LOADEDMODULES=CRC_default/1.1
SGE_ROOT=/opt/sge
CCLPLATFORM=x86_64/redhat7
_CONDOR_SLOT=slot2_1
WORK_QUEUE_SANDBOX=/var/condor/execute/dir_4602/worker-213124-4760
USE_SYSTEMD=true
_CONDOR_LOWPORT=9100
HISTCONTROL=ignoreboth:erasedups
KRB5CCNAME=FILE:/tmp/krb5cc_213124_DZSV7p
GLOBUS_GSSAPI_NAME_COMPATIBILITY=STRICT_RFC2818
HOME=disc01.crc.nd.edu
SHLVL=6
PATH_modshare=/opt/crc/usr/local/bin:1:/opt/sge/bin/lx-amd64:1:/usr/sbin:1:/usr/bin:1:/afs/crc.nd.edu/user/c/condor/software/sbin:1:/usr/local/sbin:1:/afs/crc.nd.edu/user/c/condor/software/bin:1:/usr/local/bin:1
OSTYPE=linux
_CONDOR_MACHINE_AD=/var/condor/execute/dir_4602/.machine.ad
GREP_OPTIONS=--color=auto
DISK=18248
GLOBUS_GSSAPI_MIN_TLS_PROTOCOL=TLS1_VERSION
MANPATH_modshare=/usr/share/man/overrides:1:/usr/local/share/man:1:/usr/share/man:1:/opt/crc/usr/local/man:1:/opt/sge/man:1
MEMORY=1948
PERL_LOCAL_LIB_ROOT=/afs/crc.nd.edu/user/n/nkremerh/.perl5/
BASH_ENV=/afs/crc.nd.edu/x86_64_linux/Modules/4.5.0/init/bash
VENDOR=unknown
TMP=/var/condor/execute/dir_4602/worker-213124-4760/t.775/cctools-temp-t.775.SzNtKk
LOGNAME=nkremerh
MACHTYPE=x86_64
CCLHOME=/afs/crc.nd.edu/group/ccl
PYTHONPATH=/afs/crc.nd.edu/user/n/nkremerh/cctools/lib/python3.6/site-packages/
LD_LIBRARY_PATH_modshare=/opt/crc/usr/local/lib:1
SSH_CONNECTION=10.17.150.11 36546 129.74.128.103 22
MODULES_LMALTNAME_modshare=CRC_default/1.1&CRC_default/default&CRC_default:1
MODULESHOME=/afs/crc.nd.edu/x86_64_linux/Modules/4.5.0
GLOBUS_GSSAPI_CIPHERS=HIGH
GLOBUS_GSSAPI_BACKWARD_COMPATIBLE_MIC=true
LESSOPEN=||/usr/bin/lesspipe.sh %s
OMP_NUM_THREADS=1
_CONDOR_JOB_AD=/var/condor/execute/dir_4602/.job.ad
LOADEDMODULES_modshare=CRC_default/1.1:1
XDG_RUNTIME_DIR=/run/user/213124
SGE_CLUSTER_NAME=CRC
CCTOOLS=../cctools
CORES=2
_CONDOR_JOB_IWD=/var/condor/execute/dir_4602
PERL_MM_OPT=INSTALL_BASE=/afs/crc.nd.edu/user/n/nkremerh/.perl5/
GLOBUS_GSSAPI_SERVER_CIPHER_ORDER=true
BASH_FUNC_module()=() {  unset _mlshdbg;
 if [ "${MODULES_SILENT_SHELL_DEBUG:-0}" = '1' ]; then
 case "$-" in 
 *v*x*)
 set +vx;
 _mlshdbg='vx'
 ;;
 *v*)
 set +v;
 _mlshdbg='v'
 ;;
 *x*)
 set +x;
 _mlshdbg='x'
 ;;
 *)
 _mlshdbg=''
 ;;
 esac;
 fi;
 unset _mlre _mlIFS;
 if [ -n "${IFS+x}" ]; then
 _mlIFS=$IFS;
 fi;
 IFS=' ';
 for _mlv in ${MODULES_RUN_QUARANTINE:-};
 do
 if [ "${_mlv}" = "${_mlv##*[!A-Za-z0-9_]}" -a "${_mlv}" = "${_mlv#[0-9]}" ]; then
 if [ -n "`eval 'echo ${'$_mlv'+x}'`" ]; then
 _mlre="${_mlre:-}${_mlv}_modquar='`eval 'echo ${'$_mlv'}'`' ";
 fi;
 _mlrv="MODULES_RUNENV_${_mlv}";
 _mlre="${_mlre:-}${_mlv}='`eval 'echo ${'$_mlrv':-}'`' ";
 fi;
 done;
 if [ -n "${_mlre:-}" ]; then
 eval `eval ${_mlre}/usr/bin/tclsh /afs/crc.nd.edu/x86_64_linux/Modules/4.5.0/libexec/modulecmd.tcl bash '"$@"'`;
 else
 eval `/usr/bin/tclsh /afs/crc.nd.edu/x86_64_linux/Modules/4.5.0/libexec/modulecmd.tcl bash "$@"`;
 fi;
 _mlstatus=$?;
 if [ -n "${_mlIFS+x}" ]; then
 IFS=$_mlIFS;
 else
 unset IFS;
 fi;
 unset _mlre _mlv _mlrv _mlIFS;
 if [ -n "${_mlshdbg:-}" ]; then
 set -$_mlshdbg;
 fi;
 unset _mlshdbg;
 return $_mlstatus
}
BASH_FUNC_ml()=() {  module ml "$@"
}
_=/usr/bin/printenv
