24567   0.000000 libjli.so->getenv("_JAVA_LAUNCHER_DEBUG") = nil
24567   0.001184 libjli.so->getenv("_JAVA_VERSION_SET") = nil
24567   0.000523 libjli.so->fopen("/usr/lib/jvm/java-1.8.0-openjdk-1.8.0.262.b10-0.el7_8.x86_64/jre/lib/amd64/jvm.cfg", "r") = 0x56439b6470f0
24567   0.000893 libjli.so->getenv("JDK_ALTERNATE_VM") = nil
24567   0.000245 libjli.so->__xstat(1, "/usr/lib/jvm/java-1.8.0-openjdk-1.8.0.262.b10-0.el7_8.x86_64/jre/lib/amd64/server/libjvm.so", 0x7fffc0592ab0) = 0
24567   0.000453 libjli.so->getenv("LD_LIBRARY_PATH") = "/afs/crc.nd.edu/group/ccl/software/x86_64/redhat7/ruby/current/lib:/afs/crc.nd.edu/group/ccl/software/x86_64/redhat7/graphviz/current/lib:/afs/crc.nd.edu/group/ccl/software/x86_64/redhat7/git/current/lib:/afs/crc.nd.edu/group/ccl/software/x86_64/redhat7/condor/current/lib:/afs/crc.nd.edu/group/ccl/software/x86_64/redhat7/clang/current/lib:/afs/crc.nd.edu/group/ccl/software/x86_64/redhat7/condor/current/lib:/afs/crc.nd.edu/group/ccl/software/x86_64/redhat7/cctools/current/lib:/opt/crc/usr/local/lib"
24567   0.001578 libjli.so->dlopen("/usr/lib/jvm/java-1.8.0-openjdk-1.8.0.262.b10-0.el7_8.x86_64/jre/lib/amd64/server/libjvm.so", 258 <unfinished ...>
24567   0.028570 libjvm.so->getenv("NMT_LEVEL_24567") = nil
24567   0.001689 <... dlopen resumed> )          = 0x56439b6474c0
24567   0.000071 libjli.so->getenv("CLASSPATH")  = nil
24567   0.000318 libjli.so->getenv("_JAVA_SPLASH_JAR") = nil
24567   0.000306 libjli.so->getenv("_JAVA_SPLASH_FILE") = nil
24567   0.000317 libjli.so->pthread_attr_setdetachstate(0x7fffc0592a60, 0, 0x7fffc0592af0, 0) = 0
24567   0.000431 libpthread.so.0->__clone(0x2b8a1c444de0, 0x2b8a1c357fc0, 0x3d0f00, 0x2b8a1c358700) = 0x5ff8
24568   0.001574 libjvm.so->dlopen(0x2b8a1dc239ae, 1, 0xfffffffffff42c48, 4096) = 0x2b8a20000990
24568   0.002433 libjvm.so->getenv(0x2b8a1dc3e83e, 0, 115, 0x65737361) = 0x7fffc05996dc
24568   0.000451 libjvm.so->fopen(0x2b8a1c356c10, 0x2b8a1dbdaccb, 0x6f732e79666972, 0x2b8a1cd1cab0) = 0x2b8a20001440
24568   0.001482 libjvm.so->dlopen(0x2b8a1c356c10, 1, 0xffffffff, 0x2b8a20002b00) = 0x2b8a20001440
24568   0.001445 libjvm.so->fopen(0x2b8a1c356c10, 0x2b8a1dbdaccb, 111, 0x732e6176) = 0x2b8a20001b10
24568   0.001590 libjvm.so->dlopen(0x2b8a1c356c10, 1, 0xffffffff, 0x2b8a20001a00) = 0x2b8a20001b10
24568   0.001588 libjvm.so->__xstat(1, 0x2b8a1c357360, 0x2b8a1c357ba0, 0x746f7073746f682e) = -1
24568   0.000513 libjvm.so->getenv(0x2b8a1dbd3541, 0x2b8a1c3576d0, 1024, 0x2b8a1e08d61b) = 0
24568   0.000522 libjvm.so->getenv(0x2b8a1dbd3533, 0x2b8a1c3576d0, 1024, 0) = 0
24568   0.000452 libjvm.so->fopen(0x2b8a1dc23315, 0x2b8a1dbdaccb, 4095, 0xffffd475e242cb03) = 0x2b8a20003290
24568   0.001048 libjvm.so->fopen(0x2b8a1dc23361, 0x2b8a1dbdaccb, 0x2b8a20000078, 0x2b8a20003280) = 0x2b8a20003290
24568   0.000663 libjvm.so->fopen(0x2b8a1c3519b0, 0x2b8a1dbdaccb, 4016, 3997) = 0x2b8a20003290
24568   0.000649 libjvm.so->opendir(0x2b8a20002b40, 0x2b8a20002b40, 13, 16) = 0
24568   0.000481 libjvm.so->__xstat(1, 0x2b8a1c3568f0, 0x2b8a1c355860, 0x6f732e7477616d62) = -1
24568   0.000434 libjvm.so->__xstat(1, 0x2b8a1c3568f0, 0x2b8a1c355860, 0x5f74776162696c2f) = 0
24568   0.000472 libjvm.so->fopen(0x2b8a1c355b90, 0x2b8a1dbdaccb, 4011, 3996) = 0x2b8a20003770
24568   0.000636 libjvm.so->fopen(0x2b8a1c355b90, 0x2b8a1dbdaccb, 4011, 3996) = 0x2b8a20003770
24568   0.000594 libjvm.so->fopen(0x2b8a1c355b90, 0x2b8a1dbdaccb, 4011, 4004) = 0x2b8a20003770
24568   0.000650 libjvm.so->fopen(0x2b8a1c355b20, 0x2b8a1dbdaccb, 4011, 3996) = 0x2b8a20003770
24568   0.000644 libjvm.so->fopen(0x2b8a1c355b20, 0x2b8a1dbdaccb, 4011, 3996) = 0x2b8a20003770
24568   0.000606 libjvm.so->fopen(0x2b8a1c355b20, 0x2b8a1dbdaccb, 4011, 4004) = 0x2b8a20003770
24568   0.000597 libjvm.so->fopen(0x2b8a1c355b50, 0x2b8a1dbdaccb, 4016, 3997) = 0x2b8a20003770
24568   0.000778 libjvm.so->getenv(0x2b8a1dc240ff, 4096, 3, -1) = 0
24568   0.000911 libjvm.so->fopen(0x2b8a1dc23998, 0x2b8a1dbdaccb, 0x2b8a1c43b908, 0x2b8a1c43adf0) = 0x2b8a20003770
24568   0.004680 libjvm.so->open(0x2b8a2004a560, 0x20000, 0, 0x2b8a2004a5a9) = 3
24568   0.000444 libjvm.so->__fxstat(1, 3, 0x2b8a1c357a00, -1) = 0
24568   0.000494 libjvm.so->opendir(0x2b8a2004a560, 0x2b8a1c357a00, 0x4000, -1) = 0x2b8a2004b470
24568   0.000575 libjvm.so->__fxstat(1, 3, 0x2b8a1c3578a0, 0x2b8a2004b470) = 0
24568   0.000544 libjvm.so->__fxstat(1, 5, 0x2b8a1c357930, -1) = 0
24568   0.000460 libjvm.so->open(0x2b8a1dbf19dc, 0, 0, 0) = 3
24568   0.000766 libjvm.so->__lxstat(1, 0x2b8a2004a560, 0x2b8a1c357b50, -144) = 0
24568   0.000529 libjvm.so->open(0x2b8a2004a560, 0x20000, 0x4000, -1) = 3
24568   0.000900 libjvm.so->__fxstat(1, 3, 0x2b8a1c357a00, -1) = 0
24568   0.000524 libjvm.so->opendir(0x2b8a2004a560, 0x2b8a1c357a00, 0x4000, -1) = 0x2b8a2004b470
24568   0.000494 libjvm.so->__fxstat(1, 3, 0x2b8a1c3578a0, 0x2b8a2004b470) = 0
24568   0.000433 libjvm.so->__fxstat(1, 5, 0x2b8a1c357930, -1) = 0
24568   0.000595 libjvm.so->open(0x2b8a1dbf19dc, 0, 0, 0) = 3
24568   0.000522 libjvm.so->open(0x2b8a2004a5a9, 0x20042, 384, -1) = 7
24568   0.000576 libjvm.so->__fxstat(1, 7, 0x2b8a1c357b50, -1) = 0
24568   0.002204 libjvm.so->fopen(0x2b8a1c356b60, 0x2b8a1dbdaccb, 4, 0x6f732e70) = 0x2b8a20057bc0
24568   0.001436 libjvm.so->dlopen(0x2b8a1c356b60, 1, 0xffffffff, 0x2b8a20057b00) = 0x2b8a20057bc0
24568   0.001516 libjvm.so->__xstat(1, 0x2b8a1c357120, 0x2b8a1c357950, 2048) = 0
24568   0.000468 libjvm.so->__xstat(1, 0x2b8a1c357120, 0x2b8a1c357950, 2048) = 0
24568   0.000430 libjvm.so->__xstat(1, 0x2b8a1c357120, 0x2b8a1c357950, 2048) = -1
24568   0.000504 libjvm.so->__xstat(1, 0x2b8a1c357120, 0x2b8a1c357950, 2048) = 0
24568   0.000422 libjvm.so->__xstat(1, 0x2b8a1c357120, 0x2b8a1c357950, 2048) = 0
24568   0.000446 libjvm.so->__xstat(1, 0x2b8a1c357120, 0x2b8a1c357950, 2048) = 0
24568   0.000429 libjvm.so->__xstat(1, 0x2b8a1c357120, 0x2b8a1c357950, 2048) = 0
24568   0.000449 libjvm.so->__xstat(1, 0x2b8a1c357120, 0x2b8a1c357950, 2048) = -1
24568   0.000449 libjvm.so->fopen(0x2b8a20002520, 0x2b8a1dbdaccb, 0, 0) = 0x2b8a20058a60
24568   0.008664 libjvm.so->open64(0x2b8a1c356410, 0, 0, 16) = 3
24568   0.000478 libjvm.so->__fxstat64(1, 3, 0x2b8a1c356240, -1) = 0
24568   0.042285 libjvm.so->__xstat(1, 0x2b8a1c356f20, 0x2b8a1c357750, 2048) = -1
24568   0.000624 libjvm.so->fopen(0x2b8a1c355b20, 0x2b8a1dbdaccb, 4011, 3996) = 0x2b8a200b5e20
24568   0.000718 libjvm.so->fopen(0x2b8a1c355b20, 0x2b8a1dbdaccb, 4011, 3996) = 0x2b8a200b5e20
24568   0.000646 libjvm.so->fopen(0x2b8a1c355b20, 0x2b8a1dbdaccb, 4011, 4004) = 0x2b8a200b5e20
24568   0.004545 libjvm.so->pthread_attr_setdetachstate(0x2b8a1c357c00, 1, 0, 0) = 0
24568   0.000653 libpthread.so.0->__clone(0x2b8a1c444de0, 0x2b8a34cdcfc0, 0x3d0f00, 0x2b8a34cdd700) = 0x5ffb
24568   0.017723 libjvm.so->pthread_attr_setdetachstate(0x2b8a1c357290, 1, 0, 0) = 0
24568   0.000745 libpthread.so.0->__clone(0x2b8a1c444de0, 0x2b8a34dddfc0, 0x3d0f00, 0x2b8a34dde700) = 0x6000
24568   0.008826 libjvm.so->pthread_attr_setdetachstate(0x2b8a1c357610, 1, 0, 0) = 0
24568   0.000833 libpthread.so.0->__clone(0x2b8a1c444de0, 0x2b8a34edefc0, 0x3d0f00, 0x2b8a34edf700) = 0x6002
24568   0.044709 libjvm.so->fopen(0x2b8a200e9130, 0x2b8a1dbdaccb, 4, 0x6f732e70) = 0x2b8a200f1c70
24568   0.002044 libjvm.so->dlopen(0x2b8a200e9130, 1, 0xffffffff, 0x2b8a200ec300) = 0x2b8a20057bc0
24568   0.005120 libjvm.so->open64(0x2b8a1c356510, 0, 0, 16) = 5
24568   0.000940 libjvm.so->__fxstat64(1, 5, 0x2b8a1c356340, -1) = 0
24568   0.019930 libjvm.so->fopen(0x2b8a1c353130, 0x2b8a1dbdaccb, 4011, 3996) = 0x2b8a200fcbc0
24568   0.001227 libjvm.so->fopen(0x2b8a1c353130, 0x2b8a1dbdaccb, 4011, 3996) = 0x2b8a200fcbc0
24568   0.001077 libjvm.so->fopen(0x2b8a1c353130, 0x2b8a1dbdaccb, 4011, 4004) = 0x2b8a200fcbc0
24568   0.015540 libjvm.so->pthread_attr_setdetachstate(0x2b8a1c357b50, 1, 0, 0) = 0
24568   0.000950 libpthread.so.0->__clone(0x2b8a1c444de0, 0x2b8a34fdffc0, 0x3d0f00, 0x2b8a34fe0700) = 0x6003
24568   0.001586 libjvm.so->__xstat64(1, 0x2b8a1c357be0, 0x2b8a1c357b50, 19) = -1
24568   0.001430 libjvm.so->pthread_attr_setdetachstate(0x2b8a1c357950, 1, 0, 0) = 0
24568   0.001157 libpthread.so.0->__clone(0x2b8a1c444de0, 0x2b8a350e0fc0, 0x3d0f00, 0x2b8a350e1700) = 0x6004
24568   0.001717 libjvm.so->pthread_attr_setdetachstate(0x2b8a1c357950, 1, 0, 0) = 0
24568   0.001403 libpthread.so.0->__clone(0x2b8a1c444de0, 0x2b8a351e1fc0, 0x3d0f00, 0x2b8a351e2700) = 0x6005
24568   0.009828 libjvm.so->pthread_attr_setdetachstate(0x2b8a1c357aa0, 1, 0, 0) = 0
24568   0.001464 libpthread.so.0->__clone(0x2b8a1c444de0, 0x2b8a352e2fc0, 0x3d0f00, 0x2b8a352e3700) = 0x6006
24568   0.002304 libjvm.so->pthread_attr_setdetachstate(0x2b8a1c357bb0, 1, 0, 0) = 0
24568   0.001559 libpthread.so.0->__clone(0x2b8a1c444de0, 0x2b8a353e3fc0, 0x3d0f00, 0x2b8a353e4700) = 0x6007
24568   0.014905 libjvm.so->open64(0x2b8a2012e950, 0, 0, 16) = 7
24568   0.001789 libjvm.so->__fxstat64(1, 7, 0x2b8a1c354f60, -1) = 0
24568   0.026022 libjvm.so->fopen(0x2b8a201546a0, 0x2b8a1dbdaccb, 4, 0x6f732e6f) = 0x2b8a20154760
24568   0.005161 libjvm.so->dlopen(0x2b8a201546a0, 1, 0xffffffff, 0x2b8a20154600) = 0x2b8a20154760
24568   0.141387 libjvm.so->fopen(0x2b8a20192bb0, 0x2b8a1dbdaccb, 4, 0x6f732e74) = 0x2b8a20195e60
24568   0.003187 libjvm.so->dlopen(0x2b8a20192bb0, 1, 0xffffffff, 0x2b8a20195d00) = 0x2b8a201a0210
24568   0.143170 libjvm.so->fopen(0x2b8a202192a0, 0x2b8a1dbdaccb, 0x6f732e7373656c, 0x656c646165685f74) = 0x2b8a20219380
24568   0.004496 libjvm.so->dlopen(0x2b8a202192a0, 1, 0xffffffff, 0x2b8a20219300) = 0x2b8a20219380
24568   0.024057 libjvm.so->fopen(0x2b8a1c350990, 0x2b8a1dbdaccb, 0x6f732e, 0x6d766a62696c2f72) = 0x2b8a202232a0
24568   0.006731 libjvm.so->dlopen(0x2b8a1c350990, 1, 0xffffffff, 0x2b8a20222800) = 0x56439b6474c0
24568   0.001723 libjvm.so->fopen(0x2b8a1c350990, 0x2b8a1dbdaccb, 0x6f732e, 0x6d766a62696c2f72) = 0x2b8a20223240
24568   0.005737 libjvm.so->dlopen(0x2b8a1c350990, 1, 0xffffffff, 0x2b8a20222800) = 0x56439b6474c0
24568   0.001806 libjvm.so->fopen(0x2b8a1c350990, 0x2b8a1dbdaccb, 0x6f732e, 0x6d766a62696c2f72) = 0x2b8a20223240
24568   0.004326 libjvm.so->dlopen(0x2b8a1c350990, 1, 0xffffffff, 0x2b8a20222800) = 0x56439b6474c0
24568   0.001730 libjvm.so->fopen(0x2b8a1c350990, 0x2b8a1dbdaccb, 0x6f732e, 0x6d766a62696c2f72) = 0x2b8a20223240
24568   0.005311 libjvm.so->dlopen(0x2b8a1c350990, 1, 0xffffffff, 0x2b8a20222800) = 0x56439b6474c0
24568   0.468261 --- SIGSEGV (Segmentation fault) ---
24580   3.403625 --- SIGSEGV (Segmentation fault) ---
24583   8.763283 +++ exited (status 0) +++
24579   0.000156 +++ exited (status 0) +++
24571   0.000170 +++ exited (status 0) +++
24568   0.000188 +++ exited (status 0) +++
24582   0.000298 +++ exited (status 0) +++
24580   0.000016 +++ exited (status 0) +++
24578   0.000011 +++ exited (status 0) +++
24576   0.000010 +++ exited (status 0) +++
24581   0.023732 +++ exited (status 0) +++
24567   0.000091 +++ exited (status 0) +++
Wrote an ltrace for command: "java -cp ./tools/maxent.jar density.MaxEnt -s outputs/Amblycheila_hoversoni_Gage.csv -e data/layers/worldclim -o outputs/Amblycheila_hoversoni_Gage nowarnings nocache autorun -z" with PID 24565 from PPID 24546 on disc24.crc.nd.edu with result 0
REMOTEHOST=129.74.154.87
MANPATH=/afs/crc.nd.edu/user/n/nkremerh/cctools/share/man/:/afs/crc.nd.edu/group/ccl/software/x86_64/redhat7/ruby/current/share/man:/afs/crc.nd.edu/group/ccl/software/x86_64/redhat7/graphviz/current/share/man:/afs/crc.nd.edu/group/ccl/software/x86_64/redhat7/gnuplot/current/share/man:/afs/crc.nd.edu/group/ccl/software/x86_64/redhat7/git/current/share/man:/afs/crc.nd.edu/group/ccl/software/x86_64/redhat7/condor/current/share/man:/afs/crc.nd.edu/group/ccl/software/x86_64/redhat7/clang/current/share/man:/afs/crc.nd.edu/group/ccl/software/x86_64/redhat7/condor/current/share/man:/afs/crc.nd.edu/group/ccl/software/x86_64/redhat7/cctools/current/share/man:/afs/crc.nd.edu/group/ccl/software/x86_64/redhat7/cctools/current/share/man:/afs/crc.nd.edu/x86_64_linux/Modules/4.5.0/share/man:/opt/crc/usr/local/man:/opt/sge/man:/usr/share/man/overrides:/usr/share/man:/usr/local/share/man
_CONDOR_JOB_PIDS=
XDG_SESSION_ID=2226
HOSTNAME=disc01.crc.nd.edu
_LMFILES__modshare=/afs/crc.nd.edu/x86_64_linux/Modules/modules/system_modules/CRC_default/1.1:1
_CONDOR_ANCESTOR_3558=3653:1596369982:487954646
MODULEPATH_modshare=/afs/crc.nd.edu/x86_64_linux/Modules/modules/general_software:1:/afs/crc.nd.edu/x86_64_linux/Modules/modules/development_tools_and_libraries:1:/afs/crc.nd.edu/x86_64_linux/Modules/modules/system_modules:1:/afs/crc.nd.edu/x86_64_linux/Modules/current/modulefiles:1:/afs/crc.nd.edu/x86_64_linux/Modules/modules/restricted_software:1:/afs/crc.nd.edu/x86_64_linux/Modules/modules/deprecated_software:1
TERM=xterm-256color
SHELL=/bin/tcsh
HOST=disc01.crc.nd.edu
MODULES_CMD=/afs/crc.nd.edu/x86_64_linux/Modules/4.5.0/libexec/modulecmd.tcl
HISTSIZE=5000
MAKEFLAGS=
SSH_CLIENT=129.74.154.87 57278 22
TMPDIR=/var/condor/execute/dir_20557/worker-213124-20637/t.705/cctools-temp-t.705.8SRTYq
PERL5LIB=/afs/crc.nd.edu/user/n/nkremerh/cctools/lib/perl5/site_perl/5.16.3:/afs/crc.nd.edu/user/n/nkremerh/.perl5/lib/perl5
SGE_CELL=crc
_CONDOR_SCRATCH_DIR=/var/condor/execute/dir_20557
PERL_MB_OPT=--install_base '/afs/crc.nd.edu/user/n/nkremerh/.perl5/'
SSH_TTY=/dev/pts/0
SGE_LOAD_AVG=load_avg
MAKEFLOW_MAX_LOCAL_JOBS=2
GROUP=campus
USER=nkremerh
_CHIRP_DELAYED_UPDATE_PREFIX=Chirp*
HISTFILESIZE=10000
TEMP=/var/condor/execute/dir_20557/worker-213124-20637/t.705/cctools-temp-t.705.8SRTYq
LD_LIBRARY_PATH=/afs/crc.nd.edu/group/ccl/software/x86_64/redhat7/ruby/current/lib:/afs/crc.nd.edu/group/ccl/software/x86_64/redhat7/graphviz/current/lib:/afs/crc.nd.edu/group/ccl/software/x86_64/redhat7/git/current/lib:/afs/crc.nd.edu/group/ccl/software/x86_64/redhat7/condor/current/lib:/afs/crc.nd.edu/group/ccl/software/x86_64/redhat7/clang/current/lib:/afs/crc.nd.edu/group/ccl/software/x86_64/redhat7/condor/current/lib:/afs/crc.nd.edu/group/ccl/software/x86_64/redhat7/cctools/current/lib:/opt/crc/usr/local/lib
BATCH_SYSTEM=HTCondor
_CONDOR_ANCESTOR_3653=20557:1597419249:2146104682
MODULES_LMALTNAME=CRC_default/1.1&CRC_default/default&CRC_default
ENV=/afs/crc.nd.edu/x86_64_linux/Modules/4.5.0/init/profile.sh
WORKER_TMPDIR=/var/condor/execute/dir_20557/worker-213124-20637/cache/tmp
HOSTTYPE=x86_64-linux
_CONDOR_HIGHPORT=9999
GLOBUS_GSSAPI_MAX_TLS_PROTOCOL=0
_CONDOR_CHIRP_CONFIG=/var/condor/execute/dir_20557/.chirp.config
MAKELEVEL=1
MFLAGS=
MAIL=/var/spool/mail/nkremerh
PATH=/afs/crc.nd.edu/user/n/nkremerh/cctools/bin:/afs/crc.nd.edu/user/n/nkremerh/miniconda/bin:/afs/crc.nd.edu/group/ccl/software/git:/afs/crc.nd.edu/user/n/nkremerh/.local/bin:/afs/crc.nd.edu/group/ccl/software/x86_64/redhat7/povray/3.7/bin:/afs/crc.nd.edu/user/n/nkremerh/.perl5/bin:/afs/crc.nd.edu/user/n/nkremerh/pegasus/bin:/afs/crc.nd.edu/user/n/nkremerh/nodejs/bin:/afs/crc.nd.edu/user/n/nkremerh/montage/bin:/afs/crc.nd.edu/user/n/nkremerh/latexdiff:/afs/crc.nd.edu/user/n/nkremerh/envtrace:/afs/crc.nd.edu/user/n/nkremerh/endlines:/afs/crc.nd.edu/user/n/nkremerh/cctools/bin:/afs/crc.nd.edu/user/n/nkremerh/.cargo/bin:/afs/crc.nd.edu/group/ccl/software/x86_64/redhat7/ruby/current/bin:/afs/crc.nd.edu/group/ccl/software/x86_64/redhat7/graphviz/current/bin:/afs/crc.nd.edu/group/ccl/software/x86_64/redhat7/gnuplot/current/bin:/afs/crc.nd.edu/group/ccl/software/x86_64/redhat7/git/current/bin:/afs/crc.nd.edu/group/ccl/software/x86_64/redhat7/condor/current/sbin:/afs/crc.nd.edu/group/ccl/software/x86_64/redhat7/condor/current/bin:/afs/crc.nd.edu/group/ccl/software/x86_64/redhat7/cmake/current/bin:/afs/crc.nd.edu/group/ccl/software/x86_64/redhat7/clang/current/bin:/afs/crc.nd.edu/group/ccl/software/x86_64/redhat7/condor/current/sbin:/afs/crc.nd.edu/group/ccl/software/x86_64/redhat7/condor/current/bin:/afs/crc.nd.edu/group/ccl/software/x86_64/redhat7/cctools/current/bin:/afs/crc.nd.edu/x86_64_linux/Modules/4.5.0/bin:/opt/crc/usr/local/bin:/opt/sge/bin/lx-amd64:/usr/local/bin:/usr/bin:/usr/local/sbin:/usr/sbin:/afs/crc.nd.edu/user/c/condor/software/bin:/afs/crc.nd.edu/user/c/condor/software/sbin
CCLSOFTWARE=/afs/crc.nd.edu/group/ccl/software/x86_64/redhat7
PWD=/var/condor/execute/dir_20557/worker-213124-20637/t.705
_LMFILES_=/afs/crc.nd.edu/x86_64_linux/Modules/modules/system_modules/CRC_default/1.1
_CONDOR_ANCESTOR_20557=20570:1597419253:1892533206
EDITOR=vim
SGE_EXECD_PORT=6445
LANG=en_US.UTF-8
SGE_QMASTER_PORT=6444
MODULEPATH=/afs/crc.nd.edu/x86_64_linux/Modules/modules/development_tools_and_libraries:/afs/crc.nd.edu/x86_64_linux/Modules/modules/general_software:/afs/crc.nd.edu/x86_64_linux/Modules/modules/restricted_software:/afs/crc.nd.edu/x86_64_linux/Modules/modules/system_modules:/afs/crc.nd.edu/x86_64_linux/Modules/modules/deprecated_software:/afs/crc.nd.edu/x86_64_linux/Modules/current/modulefiles
LOADEDMODULES=CRC_default/1.1
SGE_ROOT=/opt/sge
CCLPLATFORM=x86_64/redhat7
_CONDOR_SLOT=slot1
WORK_QUEUE_SANDBOX=/var/condor/execute/dir_20557/worker-213124-20637
USE_SYSTEMD=true
_CONDOR_LOWPORT=9100
HISTCONTROL=ignoreboth:erasedups
KRB5CCNAME=FILE:/tmp/krb5cc_213124_jfvfni
GLOBUS_GSSAPI_NAME_COMPATIBILITY=STRICT_RFC2818
HOME=disc01.crc.nd.edu
SHLVL=6
PATH_modshare=/opt/crc/usr/local/bin:1:/opt/sge/bin/lx-amd64:1:/usr/sbin:1:/usr/bin:1:/afs/crc.nd.edu/user/c/condor/software/sbin:1:/usr/local/sbin:1:/afs/crc.nd.edu/user/c/condor/software/bin:1:/usr/local/bin:1
OSTYPE=linux
_CONDOR_MACHINE_AD=/var/condor/execute/dir_20557/.machine.ad
GREP_OPTIONS=--color=auto
DISK=916272
GLOBUS_GSSAPI_MIN_TLS_PROTOCOL=TLS1_VERSION
MANPATH_modshare=/usr/share/man/overrides:1:/usr/local/share/man:1:/usr/share/man:1:/opt/crc/usr/local/man:1:/opt/sge/man:1
MEMORY=15899
PERL_LOCAL_LIB_ROOT=/afs/crc.nd.edu/user/n/nkremerh/.perl5/
BASH_ENV=/afs/crc.nd.edu/x86_64_linux/Modules/4.5.0/init/bash
VENDOR=unknown
TMP=/var/condor/execute/dir_20557/worker-213124-20637/t.705/cctools-temp-t.705.8SRTYq
LOGNAME=nkremerh
MACHTYPE=x86_64
CCLHOME=/afs/crc.nd.edu/group/ccl
PYTHONPATH=/afs/crc.nd.edu/user/n/nkremerh/cctools/lib/python3.6/site-packages/
LD_LIBRARY_PATH_modshare=/opt/crc/usr/local/lib:1
SSH_CONNECTION=129.74.154.87 57278 129.74.128.103 22
MODULES_LMALTNAME_modshare=CRC_default/1.1&CRC_default/default&CRC_default:1
MODULESHOME=/afs/crc.nd.edu/x86_64_linux/Modules/4.5.0
GLOBUS_GSSAPI_CIPHERS=HIGH
GLOBUS_GSSAPI_BACKWARD_COMPATIBLE_MIC=true
LESSOPEN=||/usr/bin/lesspipe.sh %s
OMP_NUM_THREADS=1
_CONDOR_JOB_AD=/var/condor/execute/dir_20557/.job.ad
LOADEDMODULES_modshare=CRC_default/1.1:1
XDG_RUNTIME_DIR=/run/user/213124
SGE_CLUSTER_NAME=CRC
CCTOOLS=../cctools
CORES=4
_CONDOR_JOB_IWD=/var/condor/execute/dir_20557
PERL_MM_OPT=INSTALL_BASE=/afs/crc.nd.edu/user/n/nkremerh/.perl5/
GLOBUS_GSSAPI_SERVER_CIPHER_ORDER=true
BASH_FUNC_module()=() {  unset _mlshdbg;
 if [ "${MODULES_SILENT_SHELL_DEBUG:-0}" = '1' ]; then
 case "$-" in 
 *v*x*)
 set +vx;
 _mlshdbg='vx'
 ;;
 *v*)
 set +v;
 _mlshdbg='v'
 ;;
 *x*)
 set +x;
 _mlshdbg='x'
 ;;
 *)
 _mlshdbg=''
 ;;
 esac;
 fi;
 unset _mlre _mlIFS;
 if [ -n "${IFS+x}" ]; then
 _mlIFS=$IFS;
 fi;
 IFS=' ';
 for _mlv in ${MODULES_RUN_QUARANTINE:-};
 do
 if [ "${_mlv}" = "${_mlv##*[!A-Za-z0-9_]}" -a "${_mlv}" = "${_mlv#[0-9]}" ]; then
 if [ -n "`eval 'echo ${'$_mlv'+x}'`" ]; then
 _mlre="${_mlre:-}${_mlv}_modquar='`eval 'echo ${'$_mlv'}'`' ";
 fi;
 _mlrv="MODULES_RUNENV_${_mlv}";
 _mlre="${_mlre:-}${_mlv}='`eval 'echo ${'$_mlrv':-}'`' ";
 fi;
 done;
 if [ -n "${_mlre:-}" ]; then
 eval `eval ${_mlre}/usr/bin/tclsh /afs/crc.nd.edu/x86_64_linux/Modules/4.5.0/libexec/modulecmd.tcl bash '"$@"'`;
 else
 eval `/usr/bin/tclsh /afs/crc.nd.edu/x86_64_linux/Modules/4.5.0/libexec/modulecmd.tcl bash "$@"`;
 fi;
 _mlstatus=$?;
 if [ -n "${_mlIFS+x}" ]; then
 IFS=$_mlIFS;
 else
 unset IFS;
 fi;
 unset _mlre _mlv _mlrv _mlIFS;
 if [ -n "${_mlshdbg:-}" ]; then
 set -$_mlshdbg;
 fi;
 unset _mlshdbg;
 return $_mlstatus
}
BASH_FUNC_ml()=() {  module ml "$@"
}
_=/usr/bin/printenv
