1406   0.000000 libjli.so->getenv("_JAVA_LAUNCHER_DEBUG") = nil
1406   0.001756 libjli.so->getenv("_JAVA_VERSION_SET") = nil
1406   0.000888 libjli.so->fopen("/usr/lib/jvm/java-1.8.0-openjdk-1.8.0.262.b10-0.el7_8.x86_64/jre/lib/amd64/jvm.cfg", "r") = 0x55ad5d83c0e0
1406   0.001010 libjli.so->getenv("JDK_ALTERNATE_VM") = nil
1406   0.000384 libjli.so->__xstat(1, "/usr/lib/jvm/java-1.8.0-openjdk-1.8.0.262.b10-0.el7_8.x86_64/jre/lib/amd64/server/libjvm.so", 0x7ffdf1db7af0) = 0
1406   0.000623 libjli.so->getenv("LD_LIBRARY_PATH") = "/afs/crc.nd.edu/group/ccl/software/x86_64/redhat7/ruby/current/lib:/afs/crc.nd.edu/group/ccl/software/x86_64/redhat7/graphviz/current/lib:/afs/crc.nd.edu/group/ccl/software/x86_64/redhat7/git/current/lib:/afs/crc.nd.edu/group/ccl/software/x86_64/redhat7/condor/current/lib:/afs/crc.nd.edu/group/ccl/software/x86_64/redhat7/clang/current/lib:/afs/crc.nd.edu/group/ccl/software/x86_64/redhat7/condor/current/lib:/afs/crc.nd.edu/group/ccl/software/x86_64/redhat7/cctools/current/lib:/opt/crc/usr/local/lib"
1406   0.002212 libjli.so->dlopen("/usr/lib/jvm/java-1.8.0-openjdk-1.8.0.262.b10-0.el7_8.x86_64/jre/lib/amd64/server/libjvm.so", 258 <unfinished ...>
1406   0.040719 libjvm.so->getenv("NMT_LEVEL_1406") = nil
1406   0.001669 <... dlopen resumed> )           = 0x55ad5d83c4b0
1406   0.000072 libjli.so->getenv("CLASSPATH")   = nil
1406   0.000350 libjli.so->getenv("_JAVA_SPLASH_JAR") = nil
1406   0.000380 libjli.so->getenv("_JAVA_SPLASH_FILE") = nil
1406   0.000352 libjli.so->pthread_attr_setdetachstate(0x7ffdf1db7aa0, 0, 0x7ffdf1db7b30, 0) = 0
1406   0.000530 libpthread.so.0->__clone(0x2b1be6305de0, 0x2b1be6218fc0, 0x3d0f00, 0x2b1be6219700) = 1410
1410   0.002605 libjvm.so->dlopen(0x2b1be7ae49ae, 1, 0xfffffffffff42c48, 4096) = 0x2b1bec000990
1410   0.002852 libjvm.so->getenv(0x2b1be7aff83e, 0, 115, 0x65737361) = 0x7ffdf1dbd681
1410   0.000464 libjvm.so->fopen(0x2b1be6217c10, 0x2b1be7a9bccb, 0x6f732e79666972, 0x2b1be6bddab0) = 0x2b1bec001440
1410   0.001988 libjvm.so->dlopen(0x2b1be6217c10, 1, 0xffffffff, 0x2b1bec002b00) = 0x2b1bec001440
1410   0.001682 libjvm.so->fopen(0x2b1be6217c10, 0x2b1be7a9bccb, 111, 0x732e6176) = 0x2b1bec001b10
1410   0.002911 libjvm.so->dlopen(0x2b1be6217c10, 1, 0xffffffff, 0x2b1bec001a00) = 0x2b1bec001b10
1410   0.001956 libjvm.so->__xstat(1, 0x2b1be6218360, 0x2b1be6218ba0, 0x746f7073746f682e) = -1
1410   0.000572 libjvm.so->getenv(0x2b1be7a94541, 0x2b1be62186d0, 1024, 0x2b1be7f4e61b) = 0
1410   0.000579 libjvm.so->getenv(0x2b1be7a94533, 0x2b1be62186d0, 1024, 0) = 0
1410   0.000603 libjvm.so->fopen(0x2b1be7ae4315, 0x2b1be7a9bccb, 4095, 0xffffd4e41856bb03) = 0x2b1bec0032d0
1410   0.001192 libjvm.so->fopen(0x2b1be7ae4361, 0x2b1be7a9bccb, 0x2b1bec000078, 0x2b1bec0032c0) = 0x2b1bec0032d0
1410   0.000892 libjvm.so->fopen(0x2b1be62129b0, 0x2b1be7a9bccb, 4014, 3995) = 0x2b1bec0032d0
1410   0.001112 libjvm.so->opendir(0x2b1bec002b40, 0x2b1bec002b40, 13, 16) = 0
1410   0.000810 libjvm.so->__xstat(1, 0x2b1be62178f0, 0x2b1be6216860, 0x6f732e7477616d62) = -1
1410   0.000533 libjvm.so->__xstat(1, 0x2b1be62178f0, 0x2b1be6216860, 0x5f74776162696c2f) = 0
1410   0.000586 libjvm.so->fopen(0x2b1be6216b90, 0x2b1be7a9bccb, 4009, 3994) = 0x2b1bec0037b0
1410   0.001930 libjvm.so->fopen(0x2b1be6216b90, 0x2b1be7a9bccb, 4009, 3994) = 0x2b1bec0037b0
1410   0.001170 libjvm.so->fopen(0x2b1be6216b90, 0x2b1be7a9bccb, 4009, 4002) = 0x2b1bec0037b0
1410   0.001609 libjvm.so->fopen(0x2b1be6216b20, 0x2b1be7a9bccb, 4009, 3994) = 0x2b1bec0037b0
1410   0.001096 libjvm.so->fopen(0x2b1be6216b20, 0x2b1be7a9bccb, 4009, 3994) = 0x2b1bec0037b0
1410   0.000731 libjvm.so->fopen(0x2b1be6216b20, 0x2b1be7a9bccb, 4009, 4002) = 0x2b1bec0037b0
1410   0.000745 libjvm.so->fopen(0x2b1be6216b50, 0x2b1be7a9bccb, 4014, 3995) = 0x2b1bec0037b0
1410   0.000878 libjvm.so->getenv(0x2b1be7ae50ff, 4096, 3, -1) = 0
1410   0.001718 libjvm.so->fopen(0x2b1be7ae4998, 0x2b1be7a9bccb, 0x2b1be62fc908, 0x2b1be62fbdf0) = 0x2b1bec0037b0
1410   0.005996 libjvm.so->open(0x2b1bec04a5a0, 0x20000, 0, 0x2b1bec04a5e9) = 3
1410   0.000548 libjvm.so->__fxstat(1, 3, 0x2b1be6218a00, -1) = 0
1410   0.000491 libjvm.so->opendir(0x2b1bec04a5a0, 0x2b1be6218a00, 0x4000, -1) = 0x2b1bec04b4b0
1410   0.000499 libjvm.so->__fxstat(1, 3, 0x2b1be62188a0, 0x2b1bec04b4b0) = 0
1410   0.000468 libjvm.so->__fxstat(1, 5, 0x2b1be6218930, -1) = 0
1410   0.000479 libjvm.so->open(0x2b1be7ab29dc, 0, 0, 0) = 3
1410   0.000714 libjvm.so->__lxstat(1, 0x2b1bec04a5a0, 0x2b1be6218b50, -144) = 0
1410   0.000617 libjvm.so->open(0x2b1bec04a5a0, 0x20000, 0x4000, -1) = 3
1410   0.000498 libjvm.so->__fxstat(1, 3, 0x2b1be6218a00, -1) = 0
1410   0.000675 libjvm.so->opendir(0x2b1bec04a5a0, 0x2b1be6218a00, 0x4000, -1) = 0x2b1bec04b4b0
1410   0.000521 libjvm.so->__fxstat(1, 3, 0x2b1be62188a0, 0x2b1bec04b4b0) = 0
1410   0.000487 libjvm.so->__fxstat(1, 5, 0x2b1be6218930, -1) = 0
1410   0.000614 libjvm.so->open(0x2b1be7ab29dc, 0, 0, 0) = 3
1410   0.000568 libjvm.so->open(0x2b1bec04a5e9, 0x20042, 384, -1) = 7
1410   0.000670 libjvm.so->__fxstat(1, 7, 0x2b1be6218b50, -1) = 0
1410   0.001711 libjvm.so->fopen(0x2b1be6217b60, 0x2b1be7a9bccb, 4, 0x6f732e70) = 0x2b1bec057c00
1410   0.002508 libjvm.so->dlopen(0x2b1be6217b60, 1, 0xffffffff, 0x2b1bec057b00) = 0x2b1bec057c00
1410   0.001642 libjvm.so->__xstat(1, 0x2b1be6218120, 0x2b1be6218950, 2048) = 0
1410   0.000612 libjvm.so->__xstat(1, 0x2b1be6218120, 0x2b1be6218950, 2048) = 0
1410   0.000493 libjvm.so->__xstat(1, 0x2b1be6218120, 0x2b1be6218950, 2048) = -1
1410   0.000586 libjvm.so->__xstat(1, 0x2b1be6218120, 0x2b1be6218950, 2048) = 0
1410   0.000489 libjvm.so->__xstat(1, 0x2b1be6218120, 0x2b1be6218950, 2048) = 0
1410   0.000502 libjvm.so->__xstat(1, 0x2b1be6218120, 0x2b1be6218950, 2048) = 0
1410   0.000495 libjvm.so->__xstat(1, 0x2b1be6218120, 0x2b1be6218950, 2048) = 0
1410   0.000509 libjvm.so->__xstat(1, 0x2b1be6218120, 0x2b1be6218950, 2048) = -1
1410   0.000456 libjvm.so->fopen(0x2b1bec002520, 0x2b1be7a9bccb, 0, 0) = 0x2b1bec058aa0
1410   0.009301 libjvm.so->open64(0x2b1be6217410, 0, 0, 16) = 3
1410   0.000597 libjvm.so->__fxstat64(1, 3, 0x2b1be6217240, -1) = 0
1410   0.040019 libjvm.so->__xstat(1, 0x2b1be6217f20, 0x2b1be6218750, 2048) = -1
1410   0.000568 libjvm.so->fopen(0x2b1be6216b20, 0x2b1be7a9bccb, 4009, 3994) = 0x2b1bec0b1fb0
1410   0.000670 libjvm.so->fopen(0x2b1be6216b20, 0x2b1be7a9bccb, 4009, 3994) = 0x2b1bec0b1fb0
1410   0.000614 libjvm.so->fopen(0x2b1be6216b20, 0x2b1be7a9bccb, 4009, 4002) = 0x2b1bec0b1fb0
1410   0.004659 libjvm.so->pthread_attr_setdetachstate(0x2b1be6218c00, 1, 0, 0) = 0
1410   0.000536 libpthread.so.0->__clone(0x2b1be6305de0, 0x2b1bebb89fc0, 0x3d0f00, 0x2b1bebb8a700) = 1413
1410   0.015541 libjvm.so->pthread_attr_setdetachstate(0x2b1be6218290, 1, 0, 0) = 0
1410   0.000659 libpthread.so.0->__clone(0x2b1be6305de0, 0x2b1bebc8afc0, 0x3d0f00, 0x2b1bebc8b700) = 1414
1410   0.006909 libjvm.so->pthread_attr_setdetachstate(0x2b1be6218610, 1, 0, 0) = 0
1410   0.000794 libpthread.so.0->__clone(0x2b1be6305de0, 0x2b1bebd8bfc0, 0x3d0f00, 0x2b1bebd8c700) = 1415
1410   0.039309 libjvm.so->fopen(0x2b1bec0f1810, 0x2b1be7a9bccb, 4, 0x6f732e70) = 0x2b1bec0f1d10
1410   0.001888 libjvm.so->dlopen(0x2b1bec0f1810, 1, 0xffffffff, 0x2b1bec0e8c00) = 0x2b1bec057c00
1410   0.005047 libjvm.so->open64(0x2b1be6217510, 0, 0, 16) = 5
1410   0.000929 libjvm.so->__fxstat64(1, 5, 0x2b1be6217340, -1) = 0
1410   0.019581 libjvm.so->fopen(0x2b1be6214130, 0x2b1be7a9bccb, 4009, 3994) = 0x2b1bec0fcce0
1410   0.001151 libjvm.so->fopen(0x2b1be6214130, 0x2b1be7a9bccb, 4009, 3994) = 0x2b1bec0fcce0
1410   0.001113 libjvm.so->fopen(0x2b1be6214130, 0x2b1be7a9bccb, 4009, 4002) = 0x2b1bec0fcce0
1410   0.015314 libjvm.so->pthread_attr_setdetachstate(0x2b1be6218b50, 1, 0, 0) = 0
1410   0.000949 libpthread.so.0->__clone(0x2b1be6305de0, 0x2b1bebe8cfc0, 0x3d0f00, 0x2b1bebe8d700) = 1416
1410   0.001349 libjvm.so->__xstat64(1, 0x2b1be6218be0, 0x2b1be6218b50, 18) = -1
1410   0.001155 libjvm.so->pthread_attr_setdetachstate(0x2b1be6218950, 1, 0, 0) = 0
1410   0.001085 libpthread.so.0->__clone(0x2b1be6305de0, 0x2b1bebf8dfc0, 0x3d0f00, 0x2b1bebf8e700) = 1417
1410   0.001625 libjvm.so->pthread_attr_setdetachstate(0x2b1be6218950, 1, 0, 0) = 0
1410   0.001287 libpthread.so.0->__clone(0x2b1be6305de0, 0x2b1bff0fffc0, 0x3d0f00, 0x2b1bff100700) = 1418
1410   0.008752 libjvm.so->pthread_attr_setdetachstate(0x2b1be6218aa0, 1, 0, 0) = 0
1410   0.001424 libpthread.so.0->__clone(0x2b1be6305de0, 0x2b1bff200fc0, 0x3d0f00, 0x2b1bff201700) = 1419
1410   0.002123 libjvm.so->pthread_attr_setdetachstate(0x2b1be6218bb0, 1, 0, 0) = 0
1410   0.001581 libpthread.so.0->__clone(0x2b1be6305de0, 0x2b1bff301fc0, 0x3d0f00, 0x2b1bff302700) = 1420
1410   0.014871 libjvm.so->open64(0x2b1bec12e8e0, 0, 0, 32) = 7
1410   0.001736 libjvm.so->__fxstat64(1, 7, 0x2b1be6215f60, -1) = 0
1410   0.025807 libjvm.so->fopen(0x2b1bec154600, 0x2b1be7a9bccb, 4, 0x6f732e6f) = 0x2b1bec1547d0
1410   0.003055 libjvm.so->dlopen(0x2b1bec154600, 1, 0xffffffff, 0x2b1bec154700) = 0x2b1bec1547d0
1410   0.105978 libjvm.so->fopen(0x2b1be6212e40, 0x2b1be7a9bccb, 0x6f732e, 0x6d766a62696c2f72) = 0x2b1bec169fa0
1410   0.005867 libjvm.so->dlopen(0x2b1be6212e40, 1, 0xffffffff, 0x2b1bec169f00) = 0x55ad5d83c4b0
1410   0.001711 libjvm.so->fopen(0x2b1be6212e40, 0x2b1be7a9bccb, 0x6f732e, 0x6d766a62696c2f72) = 0x2b1bec16a3a0
1410   0.005177 libjvm.so->dlopen(0x2b1be6212e40, 1, 0xffffffff, 0x2b1bec169f00) = 0x55ad5d83c4b0
1410   0.001680 libjvm.so->fopen(0x2b1be6212e40, 0x2b1be7a9bccb, 0x6f732e, 0x6d766a62696c2f72) = 0x2b1bec169fa0
1410   0.006513 libjvm.so->dlopen(0x2b1be6212e40, 1, 0xffffffff, 0x2b1bec169f00) = 0x55ad5d83c4b0
1410   0.001706 libjvm.so->fopen(0x2b1be6212e40, 0x2b1be7a9bccb, 0x6f732e, 0x6d766a62696c2f72) = 0x2b1bec169fa0
1410   0.003444 libjvm.so->dlopen(0x2b1be6212e40, 1, 0xffffffff, 0x2b1bec169f00) = 0x55ad5d83c4b0
1410   0.045107 libjvm.so->fopen(0x2b1bec1af5b0, 0x2b1be7a9bccb, 4, 0x6f732e74) = 0x2b1bec1cf430
1410   0.003072 libjvm.so->dlopen(0x2b1bec1af5b0, 1, 0xffffffff, 0x2b1bec1af200) = 0x2b1bec1cf430
1410   0.138140 libjvm.so->fopen(0x2b1bec2406d0, 0x2b1be7a9bccb, 0x6f732e7373656c, 0x656c646165685f74) = 0x2b1bec2407b0
1410   0.003475 libjvm.so->dlopen(0x2b1bec2406d0, 1, 0xffffffff, 0x2b1bec240700) = 0x2b1bec2407b0
1420   0.042571 +++ exited (status 0) +++
1416   0.000624 +++ exited (status 0) +++
1413   0.000217 +++ exited (status 0) +++
1410   0.000223 +++ exited (status 0) +++
1415   0.000316 +++ exited (status 1) +++
1419   0.000037 +++ exited (status 1) +++
1417   0.000015 +++ exited (status 1) +++
1414   0.000014 +++ exited (status 1) +++
1418   0.005306 +++ exited (status 1) +++
1406   0.000038 +++ exited (status 1) +++
Wrote an ltrace for command: "java -cp ./tools/maxent.jar density.Project outputs/Chilicola_styliventris/Chilicola_styliventris.lambdas data/layers/worldclim outputs/Chilicola_styliventris_worldclim.asc nowarnings nocache autorun -z" with PID 1404 from PPID 1388 on disc25.crc.nd.edu with result 1
REMOTEHOST=129.74.154.87
_CONDOR_JOB_PIDS=
MANPATH=/afs/crc.nd.edu/user/n/nkremerh/cctools/share/man/:/afs/crc.nd.edu/group/ccl/software/x86_64/redhat7/ruby/current/share/man:/afs/crc.nd.edu/group/ccl/software/x86_64/redhat7/graphviz/current/share/man:/afs/crc.nd.edu/group/ccl/software/x86_64/redhat7/gnuplot/current/share/man:/afs/crc.nd.edu/group/ccl/software/x86_64/redhat7/git/current/share/man:/afs/crc.nd.edu/group/ccl/software/x86_64/redhat7/condor/current/share/man:/afs/crc.nd.edu/group/ccl/software/x86_64/redhat7/clang/current/share/man:/afs/crc.nd.edu/group/ccl/software/x86_64/redhat7/condor/current/share/man:/afs/crc.nd.edu/group/ccl/software/x86_64/redhat7/cctools/current/share/man:/afs/crc.nd.edu/group/ccl/software/x86_64/redhat7/cctools/current/share/man:/afs/crc.nd.edu/x86_64_linux/Modules/4.5.0/share/man:/opt/crc/usr/local/man:/opt/sge/man:/usr/share/man/overrides:/usr/share/man:/usr/local/share/man
XDG_SESSION_ID=2226
HOSTNAME=disc01.crc.nd.edu
_LMFILES__modshare=/afs/crc.nd.edu/x86_64_linux/Modules/modules/system_modules/CRC_default/1.1:1
MODULEPATH_modshare=/afs/crc.nd.edu/x86_64_linux/Modules/modules/general_software:1:/afs/crc.nd.edu/x86_64_linux/Modules/modules/development_tools_and_libraries:1:/afs/crc.nd.edu/x86_64_linux/Modules/modules/system_modules:1:/afs/crc.nd.edu/x86_64_linux/Modules/current/modulefiles:1:/afs/crc.nd.edu/x86_64_linux/Modules/modules/restricted_software:1:/afs/crc.nd.edu/x86_64_linux/Modules/modules/deprecated_software:1
MODULES_CMD=/afs/crc.nd.edu/x86_64_linux/Modules/4.5.0/libexec/modulecmd.tcl
HOST=disc01.crc.nd.edu
SHELL=/bin/tcsh
TERM=xterm-256color
MAKEFLAGS=
HISTSIZE=5000
TMPDIR=/var/condor/execute/dir_19622/worker-213124-19699/t.1853/cctools-temp-t.1853.aw3l4b
SSH_CLIENT=129.74.154.87 57278 22
PERL5LIB=/afs/crc.nd.edu/user/n/nkremerh/cctools/lib/perl5/site_perl/5.16.3:/afs/crc.nd.edu/user/n/nkremerh/.perl5/lib/perl5
SGE_CELL=crc
_CONDOR_SCRATCH_DIR=/var/condor/execute/dir_19622
PERL_MB_OPT=--install_base '/afs/crc.nd.edu/user/n/nkremerh/.perl5/'
SSH_TTY=/dev/pts/0
_CONDOR_ANCESTOR_3553=3727:1596370016:1581098405
SGE_LOAD_AVG=load_avg
MAKEFLOW_MAX_LOCAL_JOBS=2
HISTFILESIZE=10000
_CHIRP_DELAYED_UPDATE_PREFIX=Chirp*
USER=nkremerh
GROUP=campus
LD_LIBRARY_PATH=/afs/crc.nd.edu/group/ccl/software/x86_64/redhat7/ruby/current/lib:/afs/crc.nd.edu/group/ccl/software/x86_64/redhat7/graphviz/current/lib:/afs/crc.nd.edu/group/ccl/software/x86_64/redhat7/git/current/lib:/afs/crc.nd.edu/group/ccl/software/x86_64/redhat7/condor/current/lib:/afs/crc.nd.edu/group/ccl/software/x86_64/redhat7/clang/current/lib:/afs/crc.nd.edu/group/ccl/software/x86_64/redhat7/condor/current/lib:/afs/crc.nd.edu/group/ccl/software/x86_64/redhat7/cctools/current/lib:/opt/crc/usr/local/lib
TEMP=/var/condor/execute/dir_19622/worker-213124-19699/t.1853/cctools-temp-t.1853.aw3l4b
BATCH_SYSTEM=HTCondor
WORKER_TMPDIR=/var/condor/execute/dir_19622/worker-213124-19699/cache/tmp
_CONDOR_ANCESTOR_19622=19631:1597419253:3532010214
ENV=/afs/crc.nd.edu/x86_64_linux/Modules/4.5.0/init/profile.sh
MODULES_LMALTNAME=CRC_default/1.1&CRC_default/default&CRC_default
_CONDOR_CHIRP_CONFIG=/var/condor/execute/dir_19622/.chirp.config
GLOBUS_GSSAPI_MAX_TLS_PROTOCOL=0
_CONDOR_HIGHPORT=9999
HOSTTYPE=x86_64-linux
MAKELEVEL=1
MFLAGS=
_CONDOR_ANCESTOR_3727=19622:1597419250:425629790
CCLSOFTWARE=/afs/crc.nd.edu/group/ccl/software/x86_64/redhat7
PATH=/afs/crc.nd.edu/user/n/nkremerh/cctools/bin:/afs/crc.nd.edu/user/n/nkremerh/miniconda/bin:/afs/crc.nd.edu/group/ccl/software/git:/afs/crc.nd.edu/user/n/nkremerh/.local/bin:/afs/crc.nd.edu/group/ccl/software/x86_64/redhat7/povray/3.7/bin:/afs/crc.nd.edu/user/n/nkremerh/.perl5/bin:/afs/crc.nd.edu/user/n/nkremerh/pegasus/bin:/afs/crc.nd.edu/user/n/nkremerh/nodejs/bin:/afs/crc.nd.edu/user/n/nkremerh/montage/bin:/afs/crc.nd.edu/user/n/nkremerh/latexdiff:/afs/crc.nd.edu/user/n/nkremerh/envtrace:/afs/crc.nd.edu/user/n/nkremerh/endlines:/afs/crc.nd.edu/user/n/nkremerh/cctools/bin:/afs/crc.nd.edu/user/n/nkremerh/.cargo/bin:/afs/crc.nd.edu/group/ccl/software/x86_64/redhat7/ruby/current/bin:/afs/crc.nd.edu/group/ccl/software/x86_64/redhat7/graphviz/current/bin:/afs/crc.nd.edu/group/ccl/software/x86_64/redhat7/gnuplot/current/bin:/afs/crc.nd.edu/group/ccl/software/x86_64/redhat7/git/current/bin:/afs/crc.nd.edu/group/ccl/software/x86_64/redhat7/condor/current/sbin:/afs/crc.nd.edu/group/ccl/software/x86_64/redhat7/condor/current/bin:/afs/crc.nd.edu/group/ccl/software/x86_64/redhat7/cmake/current/bin:/afs/crc.nd.edu/group/ccl/software/x86_64/redhat7/clang/current/bin:/afs/crc.nd.edu/group/ccl/software/x86_64/redhat7/condor/current/sbin:/afs/crc.nd.edu/group/ccl/software/x86_64/redhat7/condor/current/bin:/afs/crc.nd.edu/group/ccl/software/x86_64/redhat7/cctools/current/bin:/afs/crc.nd.edu/x86_64_linux/Modules/4.5.0/bin:/opt/crc/usr/local/bin:/opt/sge/bin/lx-amd64:/usr/local/bin:/usr/bin:/usr/local/sbin:/usr/sbin:/afs/crc.nd.edu/user/c/condor/software/bin:/afs/crc.nd.edu/user/c/condor/software/sbin
MAIL=/var/spool/mail/nkremerh
PWD=/var/condor/execute/dir_19622/worker-213124-19699/t.1853
_LMFILES_=/afs/crc.nd.edu/x86_64_linux/Modules/modules/system_modules/CRC_default/1.1
SGE_EXECD_PORT=6445
EDITOR=vim
LANG=en_US.UTF-8
MODULEPATH=/afs/crc.nd.edu/x86_64_linux/Modules/modules/development_tools_and_libraries:/afs/crc.nd.edu/x86_64_linux/Modules/modules/general_software:/afs/crc.nd.edu/x86_64_linux/Modules/modules/restricted_software:/afs/crc.nd.edu/x86_64_linux/Modules/modules/system_modules:/afs/crc.nd.edu/x86_64_linux/Modules/modules/deprecated_software:/afs/crc.nd.edu/x86_64_linux/Modules/current/modulefiles
SGE_QMASTER_PORT=6444
SGE_ROOT=/opt/sge
LOADEDMODULES=CRC_default/1.1
WORK_QUEUE_SANDBOX=/var/condor/execute/dir_19622/worker-213124-19699
_CONDOR_SLOT=slot2_1
CCLPLATFORM=x86_64/redhat7
USE_SYSTEMD=true
_CONDOR_LOWPORT=9100
KRB5CCNAME=FILE:/tmp/krb5cc_213124_jfvfni
HISTCONTROL=ignoreboth:erasedups
PATH_modshare=/opt/crc/usr/local/bin:1:/opt/sge/bin/lx-amd64:1:/usr/sbin:1:/usr/bin:1:/afs/crc.nd.edu/user/c/condor/software/sbin:1:/usr/local/sbin:1:/afs/crc.nd.edu/user/c/condor/software/bin:1:/usr/local/bin:1
SHLVL=7
HOME=disc01.crc.nd.edu
GLOBUS_GSSAPI_NAME_COMPATIBILITY=STRICT_RFC2818
_CONDOR_MACHINE_AD=/var/condor/execute/dir_19622/.machine.ad
OSTYPE=linux
DISK=18235
GREP_OPTIONS=--color=auto
GLOBUS_GSSAPI_MIN_TLS_PROTOCOL=TLS1_VERSION
MEMORY=1948
MANPATH_modshare=/usr/share/man/overrides:1:/usr/local/share/man:1:/usr/share/man:1:/opt/crc/usr/local/man:1:/opt/sge/man:1
VENDOR=unknown
BASH_ENV=/afs/crc.nd.edu/x86_64_linux/Modules/4.5.0/init/bash
PERL_LOCAL_LIB_ROOT=/afs/crc.nd.edu/user/n/nkremerh/.perl5/
PYTHONPATH=/afs/crc.nd.edu/user/n/nkremerh/cctools/lib/python3.6/site-packages/
CCLHOME=/afs/crc.nd.edu/group/ccl
MACHTYPE=x86_64
LOGNAME=nkremerh
TMP=/var/condor/execute/dir_19622/worker-213124-19699/t.1853/cctools-temp-t.1853.aw3l4b
LD_LIBRARY_PATH_modshare=/opt/crc/usr/local/lib:1
MODULES_LMALTNAME_modshare=CRC_default/1.1&CRC_default/default&CRC_default:1
SSH_CONNECTION=129.74.154.87 57278 129.74.128.103 22
MODULESHOME=/afs/crc.nd.edu/x86_64_linux/Modules/4.5.0
OMP_NUM_THREADS=1
LESSOPEN=||/usr/bin/lesspipe.sh %s
GLOBUS_GSSAPI_BACKWARD_COMPATIBLE_MIC=true
GLOBUS_GSSAPI_CIPHERS=HIGH
LOADEDMODULES_modshare=CRC_default/1.1:1
_CONDOR_JOB_AD=/var/condor/execute/dir_19622/.job.ad
SGE_CLUSTER_NAME=CRC
XDG_RUNTIME_DIR=/run/user/213124
CCTOOLS=../cctools
CORES=2
_CONDOR_JOB_IWD=/var/condor/execute/dir_19622
PERL_MM_OPT=INSTALL_BASE=/afs/crc.nd.edu/user/n/nkremerh/.perl5/
GLOBUS_GSSAPI_SERVER_CIPHER_ORDER=true
BASH_FUNC_module()=() {  unset _mlshdbg;
 if [ "${MODULES_SILENT_SHELL_DEBUG:-0}" = '1' ]; then
 case "$-" in 
 *v*x*)
 set +vx;
 _mlshdbg='vx'
 ;;
 *v*)
 set +v;
 _mlshdbg='v'
 ;;
 *x*)
 set +x;
 _mlshdbg='x'
 ;;
 *)
 _mlshdbg=''
 ;;
 esac;
 fi;
 unset _mlre _mlIFS;
 if [ -n "${IFS+x}" ]; then
 _mlIFS=$IFS;
 fi;
 IFS=' ';
 for _mlv in ${MODULES_RUN_QUARANTINE:-};
 do
 if [ "${_mlv}" = "${_mlv##*[!A-Za-z0-9_]}" -a "${_mlv}" = "${_mlv#[0-9]}" ]; then
 if [ -n "`eval 'echo ${'$_mlv'+x}'`" ]; then
 _mlre="${_mlre:-}${_mlv}_modquar='`eval 'echo ${'$_mlv'}'`' ";
 fi;
 _mlrv="MODULES_RUNENV_${_mlv}";
 _mlre="${_mlre:-}${_mlv}='`eval 'echo ${'$_mlrv':-}'`' ";
 fi;
 done;
 if [ -n "${_mlre:-}" ]; then
 eval `eval ${_mlre}/usr/bin/tclsh /afs/crc.nd.edu/x86_64_linux/Modules/4.5.0/libexec/modulecmd.tcl bash '"$@"'`;
 else
 eval `/usr/bin/tclsh /afs/crc.nd.edu/x86_64_linux/Modules/4.5.0/libexec/modulecmd.tcl bash "$@"`;
 fi;
 _mlstatus=$?;
 if [ -n "${_mlIFS+x}" ]; then
 IFS=$_mlIFS;
 else
 unset IFS;
 fi;
 unset _mlre _mlv _mlrv _mlIFS;
 if [ -n "${_mlshdbg:-}" ]; then
 set -$_mlshdbg;
 fi;
 unset _mlshdbg;
 return $_mlstatus
}
BASH_FUNC_ml()=() {  module ml "$@"
}
_=/usr/bin/printenv
