10171   0.000000 libjli.so->getenv("_JAVA_LAUNCHER_DEBUG") = nil
10171   0.001206 libjli.so->getenv("_JAVA_VERSION_SET") = nil
10171   0.000464 libjli.so->fopen("/usr/lib/jvm/java-1.8.0-openjdk-1.8.0.262.b10-0.el7_8.x86_64/jre/lib/amd64/jvm.cfg", "r") = 0x55b8018940e0
10171   0.000515 libjli.so->getenv("JDK_ALTERNATE_VM") = nil
10171   0.000202 libjli.so->__xstat(1, "/usr/lib/jvm/java-1.8.0-openjdk-1.8.0.262.b10-0.el7_8.x86_64/jre/lib/amd64/server/libjvm.so", 0x7ffffd242f60) = 0
10171   0.000389 libjli.so->getenv("LD_LIBRARY_PATH") = "/afs/crc.nd.edu/group/ccl/software/x86_64/redhat7/ruby/current/lib:/afs/crc.nd.edu/group/ccl/software/x86_64/redhat7/graphviz/current/lib:/afs/crc.nd.edu/group/ccl/software/x86_64/redhat7/git/current/lib:/afs/crc.nd.edu/group/ccl/software/x86_64/redhat7/condor/current/lib:/afs/crc.nd.edu/group/ccl/software/x86_64/redhat7/clang/current/lib:/afs/crc.nd.edu/group/ccl/software/x86_64/redhat7/condor/current/lib:/afs/crc.nd.edu/group/ccl/software/x86_64/redhat7/cctools/current/lib:/opt/crc/usr/local/lib"
10171   0.001344 libjli.so->dlopen("/usr/lib/jvm/java-1.8.0-openjdk-1.8.0.262.b10-0.el7_8.x86_64/jre/lib/amd64/server/libjvm.so", 258 <unfinished ...>
10171   0.024249 libjvm.so->getenv("NMT_LEVEL_10171") = nil
10171   0.001031 <... dlopen resumed> )          = 0x55b8018944b0
10171   0.000044 libjli.so->getenv("CLASSPATH")  = nil
10171   0.000210 libjli.so->getenv("_JAVA_SPLASH_JAR") = nil
10171   0.000198 libjli.so->getenv("_JAVA_SPLASH_FILE") = nil
10171   0.000202 libjli.so->pthread_attr_setdetachstate(0x7ffffd242f10, 0, 0x7ffffd242fa0, 0) = 0
10171   0.000280 libpthread.so.0->__clone(0x2aaf1ebacde0, 0x2aaf1eabffc0, 0x3d0f00, 0x2aaf1eac0700) = 0x27c0
10176   0.001189 libjvm.so->dlopen(0x2aaf2038b9ae, 1, 0xfffffffffff42c48, 4096) = 0x2aaf24000990
10176   0.001624 libjvm.so->getenv(0x2aaf203a683e, 0, 115, 0x65737361) = 0x7ffffd249682
10176   0.000285 libjvm.so->fopen(0x2aaf1eabec10, 0x2aaf20342ccb, 0x6f732e79666972, 0x2aaf1f484ab0) = 0x2aaf24001440
10176   0.000878 libjvm.so->dlopen(0x2aaf1eabec10, 1, 0xffffffff, 0x2aaf24002b00) = 0x2aaf24001440
10176   0.000908 libjvm.so->fopen(0x2aaf1eabec10, 0x2aaf20342ccb, 111, 0x732e6176) = 0x2aaf24001b10
10176   0.001026 libjvm.so->dlopen(0x2aaf1eabec10, 1, 0xffffffff, 0x2aaf24001a00) = 0x2aaf24001b10
10176   0.000979 libjvm.so->__xstat(1, 0x2aaf1eabf360, 0x2aaf1eabfba0, 0x746f7073746f682e) = -1
10176   0.000301 libjvm.so->getenv(0x2aaf2033b541, 0x2aaf1eabf6d0, 1024, 0x2aaf207f561b) = 0
10176   0.000279 libjvm.so->getenv(0x2aaf2033b533, 0x2aaf1eabf6d0, 1024, 0) = 0
10176   0.000269 libjvm.so->fopen(0x2aaf2038b315, 0x2aaf20342ccb, 4095, 0xffffd550dfcc4b03) = 0x2aaf240032f0
10176   0.000689 libjvm.so->fopen(0x2aaf2038b361, 0x2aaf20342ccb, 0x2aaf24000078, 0x2aaf240032e0) = 0x2aaf240032f0
10176   0.000444 libjvm.so->fopen(0x2aaf1eab99b0, 0x2aaf20342ccb, 4014, 3995) = 0x2aaf240032f0
10176   0.000414 libjvm.so->opendir(0x2aaf24002b40, 0x2aaf24002b40, 13, 16) = 0
10176   0.000290 libjvm.so->__xstat(1, 0x2aaf1eabe8f0, 0x2aaf1eabd860, 0x6f732e7477616d62) = -1
10176   0.000281 libjvm.so->__xstat(1, 0x2aaf1eabe8f0, 0x2aaf1eabd860, 0x5f74776162696c2f) = 0
10176   0.000332 libjvm.so->fopen(0x2aaf1eabdb90, 0x2aaf20342ccb, 4009, 3994) = 0x2aaf240037d0
10176   0.000394 libjvm.so->fopen(0x2aaf1eabdb90, 0x2aaf20342ccb, 4009, 3994) = 0x2aaf240037d0
10176   0.000380 libjvm.so->fopen(0x2aaf1eabdb90, 0x2aaf20342ccb, 4009, 4002) = 0x2aaf240037d0
10176   0.000420 libjvm.so->fopen(0x2aaf1eabdb20, 0x2aaf20342ccb, 4009, 3994) = 0x2aaf240037d0
10176   0.000381 libjvm.so->fopen(0x2aaf1eabdb20, 0x2aaf20342ccb, 4009, 3994) = 0x2aaf240037d0
10176   0.000390 libjvm.so->fopen(0x2aaf1eabdb20, 0x2aaf20342ccb, 4009, 4002) = 0x2aaf240037d0
10176   0.000397 libjvm.so->fopen(0x2aaf1eabdb50, 0x2aaf20342ccb, 4014, 3995) = 0x2aaf240037d0
10176   0.000508 libjvm.so->getenv(0x2aaf2038c0ff, 4096, 3, -1) = 0
10176   0.000590 libjvm.so->fopen(0x2aaf2038b998, 0x2aaf20342ccb, 0x2aaf1eba3908, 0x2aaf1eba2df0) = 0x2aaf240037d0
10176   0.002995 libjvm.so->open(0x2aaf2404a5c0, 0x20000, 0, 0x2aaf2404a609) = 3
10176   0.000288 libjvm.so->__fxstat(1, 3, 0x2aaf1eabfa00, -1) = 0
10176   0.000322 libjvm.so->opendir(0x2aaf2404a5c0, 0x2aaf1eabfa00, 0x4000, -1) = 0x2aaf2404b4d0
10176   0.000306 libjvm.so->__fxstat(1, 3, 0x2aaf1eabf8a0, 0x2aaf2404b4d0) = 0
10176   0.000279 libjvm.so->__fxstat(1, 5, 0x2aaf1eabf930, -1) = 0
10176   0.000301 libjvm.so->open(0x2aaf203599dc, 0, 0, 0) = 3
10176   0.000427 libjvm.so->__lxstat(1, 0x2aaf2404a5c0, 0x2aaf1eabfb50, -144) = 0
10176   0.000293 libjvm.so->open(0x2aaf2404a5c0, 0x20000, 0x4000, -1) = 3
10176   0.000286 libjvm.so->__fxstat(1, 3, 0x2aaf1eabfa00, -1) = 0
10176   0.000296 libjvm.so->opendir(0x2aaf2404a5c0, 0x2aaf1eabfa00, 0x4000, -1) = 0x2aaf2404b4d0
10176   0.000278 libjvm.so->__fxstat(1, 3, 0x2aaf1eabf8a0, 0x2aaf2404b4d0) = 0
10176   0.000276 libjvm.so->__fxstat(1, 5, 0x2aaf1eabf930, -1) = 0
10176   0.000306 libjvm.so->open(0x2aaf203599dc, 0, 0, 0) = 3
10176   0.000294 libjvm.so->open(0x2aaf2404a609, 0x20042, 384, -1) = 7
10176   0.000399 libjvm.so->__fxstat(1, 7, 0x2aaf1eabfb50, -1) = 0
10176   0.001091 libjvm.so->fopen(0x2aaf1eabeb60, 0x2aaf20342ccb, 4, 0x6f732e70) = 0x2aaf24057c20
10176   0.000946 libjvm.so->dlopen(0x2aaf1eabeb60, 1, 0xffffffff, 0x2aaf24057b00) = 0x2aaf24057c20
10176   0.000911 libjvm.so->__xstat(1, 0x2aaf1eabf120, 0x2aaf1eabf950, 2048) = 0
10176   0.000337 libjvm.so->__xstat(1, 0x2aaf1eabf120, 0x2aaf1eabf950, 2048) = 0
10176   0.000281 libjvm.so->__xstat(1, 0x2aaf1eabf120, 0x2aaf1eabf950, 2048) = -1
10176   0.000281 libjvm.so->__xstat(1, 0x2aaf1eabf120, 0x2aaf1eabf950, 2048) = 0
10176   0.000292 libjvm.so->__xstat(1, 0x2aaf1eabf120, 0x2aaf1eabf950, 2048) = 0
10176   0.000283 libjvm.so->__xstat(1, 0x2aaf1eabf120, 0x2aaf1eabf950, 2048) = 0
10176   0.000283 libjvm.so->__xstat(1, 0x2aaf1eabf120, 0x2aaf1eabf950, 2048) = 0
10176   0.000278 libjvm.so->__xstat(1, 0x2aaf1eabf120, 0x2aaf1eabf950, 2048) = -1
10176   0.000328 libjvm.so->fopen(0x2aaf24002520, 0x2aaf20342ccb, 0, 0) = 0x2aaf24058ac0
10176   0.005735 libjvm.so->open64(0x2aaf1eabe410, 0, 0, 16) = 3
10176   0.000328 libjvm.so->__fxstat64(1, 3, 0x2aaf1eabe240, -1) = 0
10176   0.039886 libjvm.so->__xstat(1, 0x2aaf1eabef20, 0x2aaf1eabf750, 2048) = -1
10176   0.000717 libjvm.so->fopen(0x2aaf1eabdb20, 0x2aaf20342ccb, 4009, 3994) = 0x2aaf240b5d40
10176   0.000737 libjvm.so->fopen(0x2aaf1eabdb20, 0x2aaf20342ccb, 4009, 3994) = 0x2aaf240b5d40
10176   0.000493 libjvm.so->fopen(0x2aaf1eabdb20, 0x2aaf20342ccb, 4009, 4002) = 0x2aaf240b5d40
10176   0.003100 libjvm.so->pthread_attr_setdetachstate(0x2aaf1eabfc00, 1, 0, 0) = 0
10176   0.000434 libpthread.so.0->__clone(0x2aaf1ebacde0, 0x2aaf23c30fc0, 0x3d0f00, 0x2aaf23c31700) = 0x27c1
10176   0.010778 libjvm.so->pthread_attr_setdetachstate(0x2aaf1eabf290, 1, 0, 0) = 0
10176   0.000571 libpthread.so.0->__clone(0x2aaf1ebacde0, 0x2aaf23d31fc0, 0x3d0f00, 0x2aaf23d32700) = 0x27c2
10176   0.005232 libjvm.so->pthread_attr_setdetachstate(0x2aaf1eabf610, 1, 0, 0) = 0
10176   0.000630 libpthread.so.0->__clone(0x2aaf1ebacde0, 0x2aaf23e32fc0, 0x3d0f00, 0x2aaf23e33700) = 0x27c3
10176   0.027561 libjvm.so->fopen(0x2aaf240f1810, 0x2aaf20342ccb, 4, 0x6f732e70) = 0x2aaf240f1d10
10176   0.002687 libjvm.so->dlopen(0x2aaf240f1810, 1, 0xffffffff, 0x2aaf240e8c00) = 0x2aaf24057c20
10176   0.003616 libjvm.so->open64(0x2aaf1eabe510, 0, 0, 16) = 5
10176   0.000666 libjvm.so->__fxstat64(1, 5, 0x2aaf1eabe340, -1) = 0
10176   0.013868 libjvm.so->fopen(0x2aaf1eabb130, 0x2aaf20342ccb, 4009, 3994) = 0x2aaf240fcce0
10176   0.000718 libjvm.so->fopen(0x2aaf1eabb130, 0x2aaf20342ccb, 4009, 3994) = 0x2aaf240fcce0
10176   0.000703 libjvm.so->fopen(0x2aaf1eabb130, 0x2aaf20342ccb, 4009, 4002) = 0x2aaf240fcce0
10176   0.010330 libjvm.so->pthread_attr_setdetachstate(0x2aaf1eabfb50, 1, 0, 0) = 0
10176   0.000606 libpthread.so.0->__clone(0x2aaf1ebacde0, 0x2aaf23f33fc0, 0x3d0f00, 0x2aaf23f34700) = 0x27c4
10176   0.000983 libjvm.so->__xstat64(1, 0x2aaf1eabfbe0, 0x2aaf1eabfb50, 19) = -1
10176   0.000757 libjvm.so->pthread_attr_setdetachstate(0x2aaf1eabf950, 1, 0, 0) = 0
10176   0.000690 libpthread.so.0->__clone(0x2aaf1ebacde0, 0x2aaf378fffc0, 0x3d0f00, 0x2aaf37900700) = 0x27c5
10176   0.001063 libjvm.so->pthread_attr_setdetachstate(0x2aaf1eabf950, 1, 0, 0) = 0
10176   0.000799 libpthread.so.0->__clone(0x2aaf1ebacde0, 0x2aaf37a00fc0, 0x3d0f00, 0x2aaf37a01700) = 0x27c6
10176   0.006074 libjvm.so->pthread_attr_setdetachstate(0x2aaf1eabfaa0, 1, 0, 0) = 0
10176   0.000920 libpthread.so.0->__clone(0x2aaf1ebacde0, 0x2aaf37b01fc0, 0x3d0f00, 0x2aaf37b02700) = 0x27c7
10176   0.001350 libjvm.so->pthread_attr_setdetachstate(0x2aaf1eabfbb0, 1, 0, 0) = 0
10176   0.001020 libpthread.so.0->__clone(0x2aaf1ebacde0, 0x2aaf37c02fc0, 0x3d0f00, 0x2aaf37c03700) = 0x27c8
10176   0.010063 libjvm.so->open64(0x2aaf2412e8e0, 0, 0, 32) = 7
10176   0.001096 libjvm.so->__fxstat64(1, 7, 0x2aaf1eabcf60, -1) = 0
10176   0.017035 libjvm.so->fopen(0x2aaf24154710, 0x2aaf20342ccb, 4, 0x6f732e6f) = 0x2aaf241547d0
10176   0.002602 libjvm.so->dlopen(0x2aaf24154710, 1, 0xffffffff, 0x2aaf24154700) = 0x2aaf241547d0
10176   0.069606 libjvm.so->fopen(0x2aaf1eab9e40, 0x2aaf20342ccb, 0x6f732e, 0x6d766a62696c2f72) = 0x2aaf2416c5e0
10176   0.004645 libjvm.so->dlopen(0x2aaf1eab9e40, 1, 0xffffffff, 0x2aaf2416c500) = 0x55b8018944b0
10176   0.001110 libjvm.so->fopen(0x2aaf1eab9e40, 0x2aaf20342ccb, 0x6f732e, 0x6d766a62696c2f72) = 0x2aaf2416c9e0
10176   0.003412 libjvm.so->dlopen(0x2aaf1eab9e40, 1, 0xffffffff, 0x2aaf2416c500) = 0x55b8018944b0
10176   0.001054 libjvm.so->fopen(0x2aaf1eab9e40, 0x2aaf20342ccb, 0x6f732e, 0x6d766a62696c2f72) = 0x2aaf2416c5e0
10176   0.002485 libjvm.so->dlopen(0x2aaf1eab9e40, 1, 0xffffffff, 0x2aaf2416c500) = 0x55b8018944b0
10176   0.001914 libjvm.so->fopen(0x2aaf1eab9e40, 0x2aaf20342ccb, 0x6f732e, 0x6d766a62696c2f72) = 0x2aaf2416c5e0
10176   0.003235 libjvm.so->dlopen(0x2aaf1eab9e40, 1, 0xffffffff, 0x2aaf2416c500) = 0x55b8018944b0
10176   0.030341 libjvm.so->fopen(0x2aaf241a74a0, 0x2aaf20342ccb, 4, 0x6f732e74) = 0x2aaf241cf430
10176   0.001911 libjvm.so->dlopen(0x2aaf241a74a0, 1, 0xffffffff, 0x2aaf241b4000) = 0x2aaf241cf430
10176   0.103543 libjvm.so->fopen(0x2aaf242585d0, 0x2aaf20342ccb, 0x6f732e7373656c, 0x656c646165685f74) = 0x2aaf242586b0
10176   0.001855 libjvm.so->dlopen(0x2aaf242585d0, 1, 0xffffffff, 0x2aaf24258600) = 0x2aaf242586b0
10176   3.759148 --- SIGSEGV (Segmentation fault) ---
10176   1.073743 --- SIGSEGV (Segmentation fault) ---
10176   0.000641 --- SIGSEGV (Segmentation fault) ---
10176   0.000500 --- SIGSEGV (Segmentation fault) ---
10176   0.000671 --- SIGSEGV (Segmentation fault) ---
10176   0.610695 --- SIGSEGV (Segmentation fault) ---
10176   0.000478 --- SIGSEGV (Segmentation fault) ---
10176   0.000410 --- SIGSEGV (Segmentation fault) ---
10176   0.439489 --- SIGSEGV (Segmentation fault) ---
10176   0.000752 --- SIGSEGV (Segmentation fault) ---
10176   0.000547 --- SIGSEGV (Segmentation fault) ---
10176   0.590126 --- SIGSEGV (Segmentation fault) ---
10176   0.620306 --- SIGSEGV (Segmentation fault) ---
10176   0.000583 --- SIGSEGV (Segmentation fault) ---
10176   0.000660 --- SIGSEGV (Segmentation fault) ---
10176   0.586841 --- SIGSEGV (Segmentation fault) ---
10176   0.000696 --- SIGSEGV (Segmentation fault) ---
10176   0.000377 --- SIGSEGV (Segmentation fault) ---
10176   0.795785 --- SIGSEGV (Segmentation fault) ---
10176   0.000596 --- SIGSEGV (Segmentation fault) ---
10176   0.000662 --- SIGSEGV (Segmentation fault) ---
10176   0.000298 --- SIGSEGV (Segmentation fault) ---
10176   0.598153 --- SIGSEGV (Segmentation fault) ---
10176   0.619306 --- SIGSEGV (Segmentation fault) ---
10176   0.441602 --- SIGSEGV (Segmentation fault) ---
10176   0.656923 --- SIGSEGV (Segmentation fault) ---
10176   0.000507 --- SIGSEGV (Segmentation fault) ---
10176   0.000471 --- SIGSEGV (Segmentation fault) ---
10176   0.000621 --- SIGSEGV (Segmentation fault) ---
10176   0.613237 --- SIGSEGV (Segmentation fault) ---
10176   0.001158 --- SIGSEGV (Segmentation fault) ---
10176   0.000510 --- SIGSEGV (Segmentation fault) ---
10176   0.620779 --- SIGSEGV (Segmentation fault) ---
10176   0.000597 --- SIGSEGV (Segmentation fault) ---
10176   0.656796 libjvm.so->fopen(0x2aaf1eabce40, 0x2aaf20342ccb, 111, 0x732e6176) = 0x2aaf241338c0
10176   0.002036 libjvm.so->dlopen(0x2aaf1eabce40, 1, 0xffffffff, 0x2aaf241c9300) = 0x2aaf24001b10
10176   0.001143 libjvm.so->fopen(0x2aaf1eabce40, 0x2aaf20342ccb, 111, 0x732e6176) = 0x2aaf2420cb80
10176   0.002036 libjvm.so->dlopen(0x2aaf1eabce40, 1, 0xffffffff, 0x2aaf241c9300) = 0x2aaf24001b10
10176   0.001104 libjvm.so->fopen(0x2aaf1eabce40, 0x2aaf20342ccb, 111, 0x732e6176) = 0x2aaf2420cb80
10176   0.001831 libjvm.so->dlopen(0x2aaf1eabce40, 1, 0xffffffff, 0x2aaf241c9300) = 0x2aaf24001b10
10176   0.001090 libjvm.so->fopen(0x2aaf1eabce40, 0x2aaf20342ccb, 111, 0x732e6176) = 0x2aaf2420cb80
10176   0.001763 libjvm.so->dlopen(0x2aaf1eabce40, 1, 0xffffffff, 0x2aaf241c9300) = 0x2aaf24001b10
10176   0.027611 libjvm.so->fopen(0x2aaf1eabceb0, 0x2aaf20342ccb, 111, 0x732e6176) = 0x2aaf2420cb20
10176   0.001967 libjvm.so->dlopen(0x2aaf1eabceb0, 1, 0xffffffff, 0x2aaf24133c00) = 0x2aaf24001b10
10176   0.001030 libjvm.so->fopen(0x2aaf1eabceb0, 0x2aaf20342ccb, 111, 0x732e6176) = 0x2aaf2420cb20
10176   0.001818 libjvm.so->dlopen(0x2aaf1eabceb0, 1, 0xffffffff, 0x2aaf24133c00) = 0x2aaf24001b10
10176   0.001047 libjvm.so->fopen(0x2aaf1eabceb0, 0x2aaf20342ccb, 111, 0x732e6176) = 0x2aaf2420ceb0
10176   0.001785 libjvm.so->dlopen(0x2aaf1eabceb0, 1, 0xffffffff, 0x2aaf24133c00) = 0x2aaf24001b10
10176   0.002547 libjvm.so->fopen(0x2aaf1eabceb0, 0x2aaf20342ccb, 111, 0x732e6176) = 0x2aaf2420cc40
10176   0.001832 libjvm.so->dlopen(0x2aaf1eabceb0, 1, 0xffffffff, 0x2aaf24133c00) = 0x2aaf24001b10
10176   1.450178 --- SIGSEGV (Segmentation fault) ---
10176   0.014093 --- SIGSEGV (Segmentation fault) ---
10184   4.931814 +++ exited (status 0) +++
10177   0.000306 +++ exited (status 0) +++
10176   0.000189 +++ exited (status 0) +++
10183   0.000289 +++ exited (status 0) +++
10182   0.000023 +++ exited (status 0) +++
10181   0.000014 +++ exited (status 0) +++
10179   0.000010 +++ exited (status 0) +++
10178   0.000009 +++ exited (status 0) +++
10180   0.017809 +++ exited (status 0) +++
10171   0.000063 +++ exited (status 0) +++
Wrote an ltrace for command: "java -cp ./tools/maxent.jar density.Project outputs/Arethusana_arethusa_Schifferm/Arethusana_arethusa_Schifferm.lambdas data/layers/worldclim outputs/Arethusana_arethusa_Schifferm_worldclim.asc nowarnings nocache autorun -z" with PID 10168 from PPID 10152 on disc23.crc.nd.edu with result 0
_CONDOR_ANCESTOR_23327=23395:1599499133:663036008
REMOTEHOST=10.17.148.247
_CONDOR_JOB_PIDS=
MANPATH=/afs/crc.nd.edu/user/n/nkremerh/cctools/share/man/:/afs/crc.nd.edu/group/ccl/software/x86_64/redhat7/ruby/current/share/man:/afs/crc.nd.edu/group/ccl/software/x86_64/redhat7/graphviz/current/share/man:/afs/crc.nd.edu/group/ccl/software/x86_64/redhat7/gnuplot/current/share/man:/afs/crc.nd.edu/group/ccl/software/x86_64/redhat7/git/current/share/man:/afs/crc.nd.edu/group/ccl/software/x86_64/redhat7/condor/current/share/man:/afs/crc.nd.edu/group/ccl/software/x86_64/redhat7/clang/current/share/man:/afs/crc.nd.edu/group/ccl/software/x86_64/redhat7/condor/current/share/man:/afs/crc.nd.edu/group/ccl/software/x86_64/redhat7/cctools/current/share/man:/afs/crc.nd.edu/group/ccl/software/x86_64/redhat7/cctools/current/share/man:/afs/crc.nd.edu/x86_64_linux/Modules/4.5.0/share/man:/opt/crc/usr/local/man:/opt/sge/man:/usr/share/man/overrides:/usr/share/man:/usr/local/share/man
XDG_SESSION_ID=2686
HOSTNAME=disc01.crc.nd.edu
_LMFILES__modshare=/afs/crc.nd.edu/x86_64_linux/Modules/modules/system_modules/CRC_default/1.1:1
MODULEPATH_modshare=/afs/crc.nd.edu/x86_64_linux/Modules/modules/general_software:1:/afs/crc.nd.edu/x86_64_linux/Modules/modules/development_tools_and_libraries:1:/afs/crc.nd.edu/x86_64_linux/Modules/modules/system_modules:1:/afs/crc.nd.edu/x86_64_linux/Modules/current/modulefiles:1:/afs/crc.nd.edu/x86_64_linux/Modules/modules/restricted_software:1:/afs/crc.nd.edu/x86_64_linux/Modules/modules/deprecated_software:1
MODULES_CMD=/afs/crc.nd.edu/x86_64_linux/Modules/4.5.0/libexec/modulecmd.tcl
HOST=disc01.crc.nd.edu
SHELL=/bin/tcsh
TERM=xterm-256color
MAKEFLAGS=
HISTSIZE=5000
TMPDIR=/var/condor/execute/dir_23327/worker-213124-23421/t.1762/cctools-temp-t.1762.RpU73p
SSH_CLIENT=10.17.148.247 49750 22
PERL5LIB=/afs/crc.nd.edu/user/n/nkremerh/cctools/lib/perl5/site_perl/5.16.3:/afs/crc.nd.edu/user/n/nkremerh/.perl5/lib/perl5
SGE_CELL=crc
_CONDOR_SCRATCH_DIR=/var/condor/execute/dir_23327
PERL_MB_OPT=--install_base '/afs/crc.nd.edu/user/n/nkremerh/.perl5/'
SSH_TTY=/dev/pts/0
SGE_LOAD_AVG=load_avg
MAKEFLOW_MAX_LOCAL_JOBS=2
HISTFILESIZE=10000
_CHIRP_DELAYED_UPDATE_PREFIX=Chirp*
USER=nkremerh
GROUP=campus
LD_LIBRARY_PATH=/afs/crc.nd.edu/group/ccl/software/x86_64/redhat7/ruby/current/lib:/afs/crc.nd.edu/group/ccl/software/x86_64/redhat7/graphviz/current/lib:/afs/crc.nd.edu/group/ccl/software/x86_64/redhat7/git/current/lib:/afs/crc.nd.edu/group/ccl/software/x86_64/redhat7/condor/current/lib:/afs/crc.nd.edu/group/ccl/software/x86_64/redhat7/clang/current/lib:/afs/crc.nd.edu/group/ccl/software/x86_64/redhat7/condor/current/lib:/afs/crc.nd.edu/group/ccl/software/x86_64/redhat7/cctools/current/lib:/opt/crc/usr/local/lib
TEMP=/var/condor/execute/dir_23327/worker-213124-23421/t.1762/cctools-temp-t.1762.RpU73p
BATCH_SYSTEM=HTCondor
WORKER_TMPDIR=/var/condor/execute/dir_23327/worker-213124-23421/cache/tmp
ENV=/afs/crc.nd.edu/x86_64_linux/Modules/4.5.0/init/profile.sh
MODULES_LMALTNAME=CRC_default/1.1&CRC_default/default&CRC_default
_CONDOR_ANCESTOR_3574=23327:1599499132:4040868324
_CONDOR_CHIRP_CONFIG=/var/condor/execute/dir_23327/.chirp.config
GLOBUS_GSSAPI_MAX_TLS_PROTOCOL=0
_CONDOR_HIGHPORT=9999
HOSTTYPE=x86_64-linux
MAKELEVEL=1
MFLAGS=
CCLSOFTWARE=/afs/crc.nd.edu/group/ccl/software/x86_64/redhat7
PATH=/afs/crc.nd.edu/user/n/nkremerh/cctools/bin:/afs/crc.nd.edu/user/n/nkremerh/miniconda/bin:/afs/crc.nd.edu/group/ccl/software/git:/afs/crc.nd.edu/user/n/nkremerh/.local/bin:/afs/crc.nd.edu/group/ccl/software/x86_64/redhat7/povray/3.7/bin:/afs/crc.nd.edu/user/n/nkremerh/.perl5/bin:/afs/crc.nd.edu/user/n/nkremerh/pegasus/bin:/afs/crc.nd.edu/user/n/nkremerh/nodejs/bin:/afs/crc.nd.edu/user/n/nkremerh/montage/bin:/afs/crc.nd.edu/user/n/nkremerh/latexdiff:/afs/crc.nd.edu/user/n/nkremerh/envtrace:/afs/crc.nd.edu/user/n/nkremerh/endlines:/afs/crc.nd.edu/user/n/nkremerh/cctools/bin:/afs/crc.nd.edu/user/n/nkremerh/.cargo/bin:/afs/crc.nd.edu/group/ccl/software/x86_64/redhat7/ruby/current/bin:/afs/crc.nd.edu/group/ccl/software/x86_64/redhat7/graphviz/current/bin:/afs/crc.nd.edu/group/ccl/software/x86_64/redhat7/gnuplot/current/bin:/afs/crc.nd.edu/group/ccl/software/x86_64/redhat7/git/current/bin:/afs/crc.nd.edu/group/ccl/software/x86_64/redhat7/condor/current/sbin:/afs/crc.nd.edu/group/ccl/software/x86_64/redhat7/condor/current/bin:/afs/crc.nd.edu/group/ccl/software/x86_64/redhat7/cmake/current/bin:/afs/crc.nd.edu/group/ccl/software/x86_64/redhat7/clang/current/bin:/afs/crc.nd.edu/group/ccl/software/x86_64/redhat7/condor/current/sbin:/afs/crc.nd.edu/group/ccl/software/x86_64/redhat7/condor/current/bin:/afs/crc.nd.edu/group/ccl/software/x86_64/redhat7/cctools/current/bin:/afs/crc.nd.edu/x86_64_linux/Modules/4.5.0/bin:/opt/crc/usr/local/bin:/opt/sge/bin/lx-amd64:/usr/local/bin:/usr/bin:/usr/local/sbin:/usr/sbin:/afs/crc.nd.edu/user/c/condor/software/bin:/afs/crc.nd.edu/user/c/condor/software/sbin
MAIL=/var/spool/mail/nkremerh
_CONDOR_ANCESTOR_3382=3574:1598183948:1170902758
PWD=/var/condor/execute/dir_23327/worker-213124-23421/t.1762
_LMFILES_=/afs/crc.nd.edu/x86_64_linux/Modules/modules/system_modules/CRC_default/1.1
SGE_EXECD_PORT=6445
EDITOR=vim
LANG=en_US.UTF-8
MODULEPATH=/afs/crc.nd.edu/x86_64_linux/Modules/modules/development_tools_and_libraries:/afs/crc.nd.edu/x86_64_linux/Modules/modules/general_software:/afs/crc.nd.edu/x86_64_linux/Modules/modules/restricted_software:/afs/crc.nd.edu/x86_64_linux/Modules/modules/system_modules:/afs/crc.nd.edu/x86_64_linux/Modules/modules/deprecated_software:/afs/crc.nd.edu/x86_64_linux/Modules/current/modulefiles
SGE_QMASTER_PORT=6444
SGE_ROOT=/opt/sge
LOADEDMODULES=CRC_default/1.1
WORK_QUEUE_SANDBOX=/var/condor/execute/dir_23327/worker-213124-23421
_CONDOR_SLOT=slot2_2
CCLPLATFORM=x86_64/redhat7
USE_SYSTEMD=true
_CONDOR_LOWPORT=9100
KRB5CCNAME=FILE:/tmp/krb5cc_213124_dlYXoi
HISTCONTROL=ignoreboth:erasedups
PATH_modshare=/opt/crc/usr/local/bin:1:/opt/sge/bin/lx-amd64:1:/usr/sbin:1:/usr/bin:1:/afs/crc.nd.edu/user/c/condor/software/sbin:1:/usr/local/sbin:1:/afs/crc.nd.edu/user/c/condor/software/bin:1:/usr/local/bin:1
SHLVL=7
HOME=disc01.crc.nd.edu
GLOBUS_GSSAPI_NAME_COMPATIBILITY=STRICT_RFC2818
_CONDOR_MACHINE_AD=/var/condor/execute/dir_23327/.machine.ad
OSTYPE=linux
DISK=18248
GREP_OPTIONS=--color=auto
GLOBUS_GSSAPI_MIN_TLS_PROTOCOL=TLS1_VERSION
MEMORY=1948
MANPATH_modshare=/usr/share/man/overrides:1:/usr/local/share/man:1:/usr/share/man:1:/opt/crc/usr/local/man:1:/opt/sge/man:1
VENDOR=unknown
BASH_ENV=/afs/crc.nd.edu/x86_64_linux/Modules/4.5.0/init/bash
PERL_LOCAL_LIB_ROOT=/afs/crc.nd.edu/user/n/nkremerh/.perl5/
PYTHONPATH=/afs/crc.nd.edu/user/n/nkremerh/cctools/lib/python3.6/site-packages/
CCLHOME=/afs/crc.nd.edu/group/ccl
MACHTYPE=x86_64
LOGNAME=nkremerh
TMP=/var/condor/execute/dir_23327/worker-213124-23421/t.1762/cctools-temp-t.1762.RpU73p
LD_LIBRARY_PATH_modshare=/opt/crc/usr/local/lib:1
MODULES_LMALTNAME_modshare=CRC_default/1.1&CRC_default/default&CRC_default:1
SSH_CONNECTION=10.17.148.247 49750 129.74.128.103 22
MODULESHOME=/afs/crc.nd.edu/x86_64_linux/Modules/4.5.0
OMP_NUM_THREADS=1
LESSOPEN=||/usr/bin/lesspipe.sh %s
GLOBUS_GSSAPI_BACKWARD_COMPATIBLE_MIC=true
GLOBUS_GSSAPI_CIPHERS=HIGH
LOADEDMODULES_modshare=CRC_default/1.1:1
_CONDOR_JOB_AD=/var/condor/execute/dir_23327/.job.ad
SGE_CLUSTER_NAME=CRC
XDG_RUNTIME_DIR=/run/user/213124
CCTOOLS=../cctools
CORES=2
_CONDOR_JOB_IWD=/var/condor/execute/dir_23327
PERL_MM_OPT=INSTALL_BASE=/afs/crc.nd.edu/user/n/nkremerh/.perl5/
GLOBUS_GSSAPI_SERVER_CIPHER_ORDER=true
BASH_FUNC_module()=() {  unset _mlshdbg;
 if [ "${MODULES_SILENT_SHELL_DEBUG:-0}" = '1' ]; then
 case "$-" in 
 *v*x*)
 set +vx;
 _mlshdbg='vx'
 ;;
 *v*)
 set +v;
 _mlshdbg='v'
 ;;
 *x*)
 set +x;
 _mlshdbg='x'
 ;;
 *)
 _mlshdbg=''
 ;;
 esac;
 fi;
 unset _mlre _mlIFS;
 if [ -n "${IFS+x}" ]; then
 _mlIFS=$IFS;
 fi;
 IFS=' ';
 for _mlv in ${MODULES_RUN_QUARANTINE:-};
 do
 if [ "${_mlv}" = "${_mlv##*[!A-Za-z0-9_]}" -a "${_mlv}" = "${_mlv#[0-9]}" ]; then
 if [ -n "`eval 'echo ${'$_mlv'+x}'`" ]; then
 _mlre="${_mlre:-}${_mlv}_modquar='`eval 'echo ${'$_mlv'}'`' ";
 fi;
 _mlrv="MODULES_RUNENV_${_mlv}";
 _mlre="${_mlre:-}${_mlv}='`eval 'echo ${'$_mlrv':-}'`' ";
 fi;
 done;
 if [ -n "${_mlre:-}" ]; then
 eval `eval ${_mlre}/usr/bin/tclsh /afs/crc.nd.edu/x86_64_linux/Modules/4.5.0/libexec/modulecmd.tcl bash '"$@"'`;
 else
 eval `/usr/bin/tclsh /afs/crc.nd.edu/x86_64_linux/Modules/4.5.0/libexec/modulecmd.tcl bash "$@"`;
 fi;
 _mlstatus=$?;
 if [ -n "${_mlIFS+x}" ]; then
 IFS=$_mlIFS;
 else
 unset IFS;
 fi;
 unset _mlre _mlv _mlrv _mlIFS;
 if [ -n "${_mlshdbg:-}" ]; then
 set -$_mlshdbg;
 fi;
 unset _mlshdbg;
 return $_mlstatus
}
BASH_FUNC_ml()=() {  module ml "$@"
}
_=/usr/bin/printenv
