32442   0.000000 libjli.so->getenv("_JAVA_LAUNCHER_DEBUG") = nil
32442   0.001705 libjli.so->getenv("_JAVA_VERSION_SET") = nil
32442   0.000636 libjli.so->fopen("/usr/lib/jvm/java-1.8.0-openjdk-1.8.0.262.b10-0.el7_8.x86_64/jre/lib/amd64/jvm.cfg", "r") = 0x55dbf7b010e0
32442   0.000823 libjli.so->getenv("JDK_ALTERNATE_VM") = nil
32442   0.000313 libjli.so->__xstat(1, "/usr/lib/jvm/java-1.8.0-openjdk-1.8.0.262.b10-0.el7_8.x86_64/jre/lib/amd64/server/libjvm.so", 0x7ffd8a245fe0) = 0
32442   0.000638 libjli.so->getenv("LD_LIBRARY_PATH") = "/afs/crc.nd.edu/group/ccl/software/x86_64/redhat7/ruby/current/lib:/afs/crc.nd.edu/group/ccl/software/x86_64/redhat7/graphviz/current/lib:/afs/crc.nd.edu/group/ccl/software/x86_64/redhat7/git/current/lib:/afs/crc.nd.edu/group/ccl/software/x86_64/redhat7/condor/current/lib:/afs/crc.nd.edu/group/ccl/software/x86_64/redhat7/clang/current/lib:/afs/crc.nd.edu/group/ccl/software/x86_64/redhat7/condor/current/lib:/afs/crc.nd.edu/group/ccl/software/x86_64/redhat7/cctools/current/lib:/opt/crc/usr/local/lib"
32442   0.002267 libjli.so->dlopen("/usr/lib/jvm/java-1.8.0-openjdk-1.8.0.262.b10-0.el7_8.x86_64/jre/lib/amd64/server/libjvm.so", 258 <unfinished ...>
32442   0.038633 libjvm.so->getenv("NMT_LEVEL_32442") = nil
32442   0.001798 <... dlopen resumed> )          = 0x55dbf7b014b0
32442   0.000079 libjli.so->getenv("CLASSPATH")  = nil
32442   0.000310 libjli.so->getenv("_JAVA_SPLASH_JAR") = nil
32442   0.000305 libjli.so->getenv("_JAVA_SPLASH_FILE") = nil
32442   0.000311 libjli.so->pthread_attr_setdetachstate(0x7ffd8a245f90, 0, 0x7ffd8a246020, 0) = 0
32442   0.000539 libpthread.so.0->__clone(0x2b8282befde0, 0x2b8282b02fc0, 0x3d0f00, 0x2b8282b03700) = 0x7ec3
32451   0.001344 libjvm.so->dlopen(0x2b82843ce9ae, 1, 0xfffffffffff42c48, 4096) = 0x2b8288000990
32451   0.002440 libjvm.so->getenv(0x2b82843e983e, 0, 115, 0x65737361) = 0x7ffd8a24b681
32451   0.000566 libjvm.so->fopen(0x2b8282b01c10, 0x2b8284385ccb, 0x6f732e79666972, 0x2b82834c7ab0) = 0x2b8288001440
32451   0.001595 libjvm.so->dlopen(0x2b8282b01c10, 1, 0xffffffff, 0x2b8288002b00) = 0x2b8288001440
32451   0.001544 libjvm.so->fopen(0x2b8282b01c10, 0x2b8284385ccb, 111, 0x732e6176) = 0x2b8288001b10
32451   0.001735 libjvm.so->dlopen(0x2b8282b01c10, 1, 0xffffffff, 0x2b8288001a00) = 0x2b8288001b10
32451   0.001741 libjvm.so->__xstat(1, 0x2b8282b02360, 0x2b8282b02ba0, 0x746f7073746f682e) = -1
32451   0.000448 libjvm.so->getenv(0x2b828437e541, 0x2b8282b026d0, 1024, 0x2b828483861b) = 0
32451   0.000460 libjvm.so->getenv(0x2b828437e533, 0x2b8282b026d0, 1024, 0) = 0
32451   0.000416 libjvm.so->fopen(0x2b82843ce315, 0x2b8284385ccb, 4095, 0xffffd47d7bc81b03) = 0x2b82880032f0
32451   0.001038 libjvm.so->fopen(0x2b82843ce361, 0x2b8284385ccb, 0x2b8288000078, 0x2b82880032e0) = 0x2b82880032f0
32451   0.001328 libjvm.so->fopen(0x2b8282afc9b0, 0x2b8284385ccb, 4014, 3995) = 0x2b82880032f0
32451   0.000681 libjvm.so->opendir(0x2b8288002b40, 0x2b8288002b40, 13, 16) = 0
32451   0.000477 libjvm.so->__xstat(1, 0x2b8282b018f0, 0x2b8282b00860, 0x6f732e7477616d62) = -1
32451   0.000432 libjvm.so->__xstat(1, 0x2b8282b018f0, 0x2b8282b00860, 0x5f74776162696c2f) = 0
32451   0.003626 libjvm.so->fopen(0x2b8282b00b90, 0x2b8284385ccb, 4009, 3994) = 0x2b82880037d0
32451   0.000686 libjvm.so->fopen(0x2b8282b00b90, 0x2b8284385ccb, 4009, 3994) = 0x2b82880037d0
32451   0.000782 libjvm.so->fopen(0x2b8282b00b90, 0x2b8284385ccb, 4009, 4002) = 0x2b82880037d0
32451   0.000727 libjvm.so->fopen(0x2b8282b00b20, 0x2b8284385ccb, 4009, 3994) = 0x2b82880037d0
32451   0.000852 libjvm.so->fopen(0x2b8282b00b20, 0x2b8284385ccb, 4009, 3994) = 0x2b82880037d0
32451   0.000811 libjvm.so->fopen(0x2b8282b00b20, 0x2b8284385ccb, 4009, 4002) = 0x2b82880037d0
32451   0.000776 libjvm.so->fopen(0x2b8282b00b50, 0x2b8284385ccb, 4014, 3995) = 0x2b82880037d0
32451   0.001367 libjvm.so->getenv(0x2b82843cf0ff, 4096, 3, -1) = 0
32451   0.001371 libjvm.so->fopen(0x2b82843ce998, 0x2b8284385ccb, 0x2b8282be6908, 0x2b8282be5df0) = 0x2b82880037d0
32451   0.005772 libjvm.so->open(0x2b828804a5c0, 0x20000, 0, 0x2b828804a609) = 3
32451   0.000441 libjvm.so->__fxstat(1, 3, 0x2b8282b02a00, -1) = 0
32451   0.000492 libjvm.so->opendir(0x2b828804a5c0, 0x2b8282b02a00, 0x4000, -1) = 0x2b828804b4d0
32451   0.000480 libjvm.so->__fxstat(1, 3, 0x2b8282b028a0, 0x2b828804b4d0) = 0
32451   0.000444 libjvm.so->__fxstat(1, 5, 0x2b8282b02930, -1) = 0
32451   0.000455 libjvm.so->open(0x2b828439c9dc, 0, 0, 0) = 3
32451   0.000693 libjvm.so->__lxstat(1, 0x2b828804a5c0, 0x2b8282b02b50, -144) = 0
32451   0.000483 libjvm.so->open(0x2b828804a5c0, 0x20000, 0x4000, -1) = 3
32451   0.000437 libjvm.so->__fxstat(1, 3, 0x2b8282b02a00, -1) = 0
32451   0.000463 libjvm.so->opendir(0x2b828804a5c0, 0x2b8282b02a00, 0x4000, -1) = 0x2b828804b4d0
32451   0.000522 libjvm.so->__fxstat(1, 3, 0x2b8282b028a0, 0x2b828804b4d0) = 0
32451   0.000425 libjvm.so->__fxstat(1, 5, 0x2b8282b02930, -1) = 0
32451   0.000477 libjvm.so->open(0x2b828439c9dc, 0, 0, 0) = 3
32451   0.000462 libjvm.so->open(0x2b828804a609, 0x20042, 384, -1) = 7
32451   0.000751 libjvm.so->__fxstat(1, 7, 0x2b8282b02b50, -1) = 0
32451   0.001724 libjvm.so->fopen(0x2b8282b01b60, 0x2b8284385ccb, 4, 0x6f732e70) = 0x2b8288057c20
32451   0.001445 libjvm.so->dlopen(0x2b8282b01b60, 1, 0xffffffff, 0x2b8288057b00) = 0x2b8288057c20
32451   0.001584 libjvm.so->__xstat(1, 0x2b8282b02120, 0x2b8282b02950, 2048) = 0
32451   0.000483 libjvm.so->__xstat(1, 0x2b8282b02120, 0x2b8282b02950, 2048) = 0
32451   0.000481 libjvm.so->__xstat(1, 0x2b8282b02120, 0x2b8282b02950, 2048) = -1
32451   0.000434 libjvm.so->__xstat(1, 0x2b8282b02120, 0x2b8282b02950, 2048) = 0
32451   0.000468 libjvm.so->__xstat(1, 0x2b8282b02120, 0x2b8282b02950, 2048) = 0
32451   0.000471 libjvm.so->__xstat(1, 0x2b8282b02120, 0x2b8282b02950, 2048) = 0
32451   0.000474 libjvm.so->__xstat(1, 0x2b8282b02120, 0x2b8282b02950, 2048) = 0
32451   0.000460 libjvm.so->__xstat(1, 0x2b8282b02120, 0x2b8282b02950, 2048) = -1
32451   0.000708 libjvm.so->fopen(0x2b8288002520, 0x2b8284385ccb, 0, 0) = 0x2b8288058ac0
32451   0.009395 libjvm.so->open64(0x2b8282b01410, 0, 0, 16) = 3
32451   0.000493 libjvm.so->__fxstat64(1, 3, 0x2b8282b01240, -1) = 0
32451   0.042304 libjvm.so->__xstat(1, 0x2b8282b01f20, 0x2b8282b02750, 2048) = -1
32451   0.000623 libjvm.so->fopen(0x2b8282b00b20, 0x2b8284385ccb, 4009, 3994) = 0x2b82880b5d40
32451   0.000688 libjvm.so->fopen(0x2b8282b00b20, 0x2b8284385ccb, 4009, 3994) = 0x2b82880b5d40
32451   0.000664 libjvm.so->fopen(0x2b8282b00b20, 0x2b8284385ccb, 4009, 4002) = 0x2b82880b5d40
32451   0.004425 libjvm.so->pthread_attr_setdetachstate(0x2b8282b02c00, 1, 0, 0) = 0
32451   0.000566 libpthread.so.0->__clone(0x2b8282befde0, 0x2b8287c73fc0, 0x3d0f00, 0x2b8287c74700) = 0x7eca
32451   0.018132 libjvm.so->pthread_attr_setdetachstate(0x2b8282b02290, 1, 0, 0) = 0
32451   0.000702 libpthread.so.0->__clone(0x2b8282befde0, 0x2b8287d74fc0, 0x3d0f00, 0x2b8287d75700) = 0x7ecc
32451   0.007649 libjvm.so->pthread_attr_setdetachstate(0x2b8282b02610, 1, 0, 0) = 0
32451   0.000919 libpthread.so.0->__clone(0x2b8282befde0, 0x2b8287e75fc0, 0x3d0f00, 0x2b8287e76700) = 0x7ecd
32451   0.047404 libjvm.so->fopen(0x2b82880f1810, 0x2b8284385ccb, 4, 0x6f732e70) = 0x2b82880f1d10
32451   0.002715 libjvm.so->dlopen(0x2b82880f1810, 1, 0xffffffff, 0x2b82880e8c00) = 0x2b8288057c20
32451   0.005989 libjvm.so->open64(0x2b8282b01510, 0, 0, 16) = 5
32451   0.003182 libjvm.so->__fxstat64(1, 5, 0x2b8282b01340, -1) = 0
32451   0.028713 libjvm.so->fopen(0x2b8282afe130, 0x2b8284385ccb, 4009, 3994) = 0x2b82880fcce0
32451   0.001378 libjvm.so->fopen(0x2b8282afe130, 0x2b8284385ccb, 4009, 3994) = 0x2b82880fcce0
32451   0.001236 libjvm.so->fopen(0x2b8282afe130, 0x2b8284385ccb, 4009, 4002) = 0x2b82880fcce0
32451   0.019679 libjvm.so->pthread_attr_setdetachstate(0x2b8282b02b50, 1, 0, 0) = 0
32451   0.001026 libpthread.so.0->__clone(0x2b8282befde0, 0x2b8287f76fc0, 0x3d0f00, 0x2b8287f77700) = 0x7ed2
32451   0.001485 libjvm.so->__xstat64(1, 0x2b8282b02be0, 0x2b8282b02b50, 19) = -1
32451   0.001200 libjvm.so->pthread_attr_setdetachstate(0x2b8282b02950, 1, 0, 0) = 0
32451   0.001699 libpthread.so.0->__clone(0x2b8282befde0, 0x2b829b8fffc0, 0x3d0f00, 0x2b829b900700) = 0x7ed4
32451   0.002552 libjvm.so->pthread_attr_setdetachstate(0x2b8282b02950, 1, 0, 0) = 0
32451   0.001341 libpthread.so.0->__clone(0x2b8282befde0, 0x2b829ba00fc0, 0x3d0f00, 0x2b829ba01700) = 0x7ed5
32451   0.011885 libjvm.so->pthread_attr_setdetachstate(0x2b8282b02aa0, 1, 0, 0) = 0
32451   0.004251 libpthread.so.0->__clone(0x2b8282befde0, 0x2b829bb01fc0, 0x3d0f00, 0x2b829bb02700) = 0x7ed8
32451   0.002690 libjvm.so->pthread_attr_setdetachstate(0x2b8282b02bb0, 1, 0, 0) = 0
32451   0.001602 libpthread.so.0->__clone(0x2b8282befde0, 0x2b829bc02fc0, 0x3d0f00, 0x2b829bc03700) = 0x7ed9
32451   0.015412 libjvm.so->open64(0x2b828812e8e0, 0, 0, 32) = 7
32451   0.001771 libjvm.so->__fxstat64(1, 7, 0x2b8282afff60, -1) = 0
32451   0.026873 libjvm.so->fopen(0x2b8288154600, 0x2b8284385ccb, 4, 0x6f732e6f) = 0x2b82881547d0
32451   0.003243 libjvm.so->dlopen(0x2b8288154600, 1, 0xffffffff, 0x2b8288154700) = 0x2b82881547d0
32451   0.108488 libjvm.so->fopen(0x2b8282afce40, 0x2b8284385ccb, 0x6f732e, 0x6d766a62696c2f72) = 0x2b8288169fc0
32451   0.006325 libjvm.so->dlopen(0x2b8282afce40, 1, 0xffffffff, 0x2b8288169f00) = 0x55dbf7b014b0
32451   0.002926 libjvm.so->fopen(0x2b8282afce40, 0x2b8284385ccb, 0x6f732e, 0x6d766a62696c2f72) = 0x2b828816a3c0
32451   0.005237 libjvm.so->dlopen(0x2b8282afce40, 1, 0xffffffff, 0x2b8288169f00) = 0x55dbf7b014b0
32451   0.002173 libjvm.so->fopen(0x2b8282afce40, 0x2b8284385ccb, 0x6f732e, 0x6d766a62696c2f72) = 0x2b8288169fc0
32451   0.006546 libjvm.so->dlopen(0x2b8282afce40, 1, 0xffffffff, 0x2b8288169f00) = 0x55dbf7b014b0
32451   0.001742 libjvm.so->fopen(0x2b8282afce40, 0x2b8284385ccb, 0x6f732e, 0x6d766a62696c2f72) = 0x2b8288169fc0
32451   0.003542 libjvm.so->dlopen(0x2b8282afce40, 1, 0xffffffff, 0x2b8288169f00) = 0x55dbf7b014b0
32451   0.046097 libjvm.so->fopen(0x2b828819d580, 0x2b8284385ccb, 4, 0x6f732e74) = 0x2b82881b53d0
32451   0.003162 libjvm.so->dlopen(0x2b828819d580, 1, 0xffffffff, 0x2b828819d600) = 0x2b82881b53d0
32451   0.154803 libjvm.so->fopen(0x2b82882185b0, 0x2b8284385ccb, 0x6f732e7373656c, 0x656c646165685f74) = 0x2b8288218690
32451   0.002914 libjvm.so->dlopen(0x2b82882185b0, 1, 0xffffffff, 0x2b8288218600) = 0x2b8288218690
32473   0.047966 +++ exited (status 0) +++
32466   0.000277 --- SIGSEGV (Segmentation fault) ---
32458   0.000750 +++ exited (status 0) +++
32451   0.000275 +++ exited (status 0) +++
32472   0.000329 +++ exited (status 1) +++
32468   0.000026 +++ exited (status 1) +++
32466   0.000017 +++ exited (status 1) +++
32461   0.000015 +++ exited (status 1) +++
32460   0.000015 +++ exited (status 1) +++
32469   0.004908 +++ exited (status 1) +++
32442   0.000041 +++ exited (status 1) +++
Wrote an ltrace for command: "java -cp ./tools/maxent.jar density.Project outputs/Eurhopalothrix_clypeata_Brown/Eurhopalothrix_clypeata_Brown.lambdas data/layers/worldclim outputs/Eurhopalothrix_clypeata_Brown_worldclim.asc nowarnings nocache autorun -z" with PID 32438 from PPID 32408 on disc24.crc.nd.edu with result 1
REMOTEHOST=129.74.154.87
_CONDOR_JOB_PIDS=
MANPATH=/afs/crc.nd.edu/user/n/nkremerh/cctools/share/man/:/afs/crc.nd.edu/group/ccl/software/x86_64/redhat7/ruby/current/share/man:/afs/crc.nd.edu/group/ccl/software/x86_64/redhat7/graphviz/current/share/man:/afs/crc.nd.edu/group/ccl/software/x86_64/redhat7/gnuplot/current/share/man:/afs/crc.nd.edu/group/ccl/software/x86_64/redhat7/git/current/share/man:/afs/crc.nd.edu/group/ccl/software/x86_64/redhat7/condor/current/share/man:/afs/crc.nd.edu/group/ccl/software/x86_64/redhat7/clang/current/share/man:/afs/crc.nd.edu/group/ccl/software/x86_64/redhat7/condor/current/share/man:/afs/crc.nd.edu/group/ccl/software/x86_64/redhat7/cctools/current/share/man:/afs/crc.nd.edu/group/ccl/software/x86_64/redhat7/cctools/current/share/man:/afs/crc.nd.edu/x86_64_linux/Modules/4.5.0/share/man:/opt/crc/usr/local/man:/opt/sge/man:/usr/share/man/overrides:/usr/share/man:/usr/local/share/man
XDG_SESSION_ID=2226
HOSTNAME=disc01.crc.nd.edu
_CONDOR_ANCESTOR_3558=3653:1596369982:487954646
_LMFILES__modshare=/afs/crc.nd.edu/x86_64_linux/Modules/modules/system_modules/CRC_default/1.1:1
MODULEPATH_modshare=/afs/crc.nd.edu/x86_64_linux/Modules/modules/general_software:1:/afs/crc.nd.edu/x86_64_linux/Modules/modules/development_tools_and_libraries:1:/afs/crc.nd.edu/x86_64_linux/Modules/modules/system_modules:1:/afs/crc.nd.edu/x86_64_linux/Modules/current/modulefiles:1:/afs/crc.nd.edu/x86_64_linux/Modules/modules/restricted_software:1:/afs/crc.nd.edu/x86_64_linux/Modules/modules/deprecated_software:1
MODULES_CMD=/afs/crc.nd.edu/x86_64_linux/Modules/4.5.0/libexec/modulecmd.tcl
HOST=disc01.crc.nd.edu
SHELL=/bin/tcsh
TERM=xterm-256color
MAKEFLAGS=
HISTSIZE=5000
TMPDIR=/var/condor/execute/dir_20560/worker-213124-20638/t.1665/cctools-temp-t.1665.jKXS4a
SSH_CLIENT=129.74.154.87 57278 22
PERL5LIB=/afs/crc.nd.edu/user/n/nkremerh/cctools/lib/perl5/site_perl/5.16.3:/afs/crc.nd.edu/user/n/nkremerh/.perl5/lib/perl5
SGE_CELL=crc
_CONDOR_SCRATCH_DIR=/var/condor/execute/dir_20560
PERL_MB_OPT=--install_base '/afs/crc.nd.edu/user/n/nkremerh/.perl5/'
SSH_TTY=/dev/pts/0
SGE_LOAD_AVG=load_avg
MAKEFLOW_MAX_LOCAL_JOBS=2
HISTFILESIZE=10000
_CHIRP_DELAYED_UPDATE_PREFIX=Chirp*
USER=nkremerh
GROUP=campus
LD_LIBRARY_PATH=/afs/crc.nd.edu/group/ccl/software/x86_64/redhat7/ruby/current/lib:/afs/crc.nd.edu/group/ccl/software/x86_64/redhat7/graphviz/current/lib:/afs/crc.nd.edu/group/ccl/software/x86_64/redhat7/git/current/lib:/afs/crc.nd.edu/group/ccl/software/x86_64/redhat7/condor/current/lib:/afs/crc.nd.edu/group/ccl/software/x86_64/redhat7/clang/current/lib:/afs/crc.nd.edu/group/ccl/software/x86_64/redhat7/condor/current/lib:/afs/crc.nd.edu/group/ccl/software/x86_64/redhat7/cctools/current/lib:/opt/crc/usr/local/lib
TEMP=/var/condor/execute/dir_20560/worker-213124-20638/t.1665/cctools-temp-t.1665.jKXS4a
_CONDOR_ANCESTOR_3653=20560:1597419250:2146104684
BATCH_SYSTEM=HTCondor
WORKER_TMPDIR=/var/condor/execute/dir_20560/worker-213124-20638/cache/tmp
ENV=/afs/crc.nd.edu/x86_64_linux/Modules/4.5.0/init/profile.sh
MODULES_LMALTNAME=CRC_default/1.1&CRC_default/default&CRC_default
_CONDOR_CHIRP_CONFIG=/var/condor/execute/dir_20560/.chirp.config
GLOBUS_GSSAPI_MAX_TLS_PROTOCOL=0
_CONDOR_HIGHPORT=9999
HOSTTYPE=x86_64-linux
MAKELEVEL=1
MFLAGS=
CCLSOFTWARE=/afs/crc.nd.edu/group/ccl/software/x86_64/redhat7
PATH=/afs/crc.nd.edu/user/n/nkremerh/cctools/bin:/afs/crc.nd.edu/user/n/nkremerh/miniconda/bin:/afs/crc.nd.edu/group/ccl/software/git:/afs/crc.nd.edu/user/n/nkremerh/.local/bin:/afs/crc.nd.edu/group/ccl/software/x86_64/redhat7/povray/3.7/bin:/afs/crc.nd.edu/user/n/nkremerh/.perl5/bin:/afs/crc.nd.edu/user/n/nkremerh/pegasus/bin:/afs/crc.nd.edu/user/n/nkremerh/nodejs/bin:/afs/crc.nd.edu/user/n/nkremerh/montage/bin:/afs/crc.nd.edu/user/n/nkremerh/latexdiff:/afs/crc.nd.edu/user/n/nkremerh/envtrace:/afs/crc.nd.edu/user/n/nkremerh/endlines:/afs/crc.nd.edu/user/n/nkremerh/cctools/bin:/afs/crc.nd.edu/user/n/nkremerh/.cargo/bin:/afs/crc.nd.edu/group/ccl/software/x86_64/redhat7/ruby/current/bin:/afs/crc.nd.edu/group/ccl/software/x86_64/redhat7/graphviz/current/bin:/afs/crc.nd.edu/group/ccl/software/x86_64/redhat7/gnuplot/current/bin:/afs/crc.nd.edu/group/ccl/software/x86_64/redhat7/git/current/bin:/afs/crc.nd.edu/group/ccl/software/x86_64/redhat7/condor/current/sbin:/afs/crc.nd.edu/group/ccl/software/x86_64/redhat7/condor/current/bin:/afs/crc.nd.edu/group/ccl/software/x86_64/redhat7/cmake/current/bin:/afs/crc.nd.edu/group/ccl/software/x86_64/redhat7/clang/current/bin:/afs/crc.nd.edu/group/ccl/software/x86_64/redhat7/condor/current/sbin:/afs/crc.nd.edu/group/ccl/software/x86_64/redhat7/condor/current/bin:/afs/crc.nd.edu/group/ccl/software/x86_64/redhat7/cctools/current/bin:/afs/crc.nd.edu/x86_64_linux/Modules/4.5.0/bin:/opt/crc/usr/local/bin:/opt/sge/bin/lx-amd64:/usr/local/bin:/usr/bin:/usr/local/sbin:/usr/sbin:/afs/crc.nd.edu/user/c/condor/software/bin:/afs/crc.nd.edu/user/c/condor/software/sbin
MAIL=/var/spool/mail/nkremerh
PWD=/var/condor/execute/dir_20560/worker-213124-20638/t.1665
_LMFILES_=/afs/crc.nd.edu/x86_64_linux/Modules/modules/system_modules/CRC_default/1.1
SGE_EXECD_PORT=6445
EDITOR=vim
LANG=en_US.UTF-8
MODULEPATH=/afs/crc.nd.edu/x86_64_linux/Modules/modules/development_tools_and_libraries:/afs/crc.nd.edu/x86_64_linux/Modules/modules/general_software:/afs/crc.nd.edu/x86_64_linux/Modules/modules/restricted_software:/afs/crc.nd.edu/x86_64_linux/Modules/modules/system_modules:/afs/crc.nd.edu/x86_64_linux/Modules/modules/deprecated_software:/afs/crc.nd.edu/x86_64_linux/Modules/current/modulefiles
SGE_QMASTER_PORT=6444
SGE_ROOT=/opt/sge
LOADEDMODULES=CRC_default/1.1
WORK_QUEUE_SANDBOX=/var/condor/execute/dir_20560/worker-213124-20638
_CONDOR_SLOT=slot2_2
CCLPLATFORM=x86_64/redhat7
USE_SYSTEMD=true
_CONDOR_LOWPORT=9100
KRB5CCNAME=FILE:/tmp/krb5cc_213124_jfvfni
HISTCONTROL=ignoreboth:erasedups
_CONDOR_ANCESTOR_20560=20571:1597419253:847561686
PATH_modshare=/opt/crc/usr/local/bin:1:/opt/sge/bin/lx-amd64:1:/usr/sbin:1:/usr/bin:1:/afs/crc.nd.edu/user/c/condor/software/sbin:1:/usr/local/sbin:1:/afs/crc.nd.edu/user/c/condor/software/bin:1:/usr/local/bin:1
SHLVL=7
HOME=disc01.crc.nd.edu
GLOBUS_GSSAPI_NAME_COMPATIBILITY=STRICT_RFC2818
_CONDOR_MACHINE_AD=/var/condor/execute/dir_20560/.machine.ad
OSTYPE=linux
DISK=18227
GREP_OPTIONS=--color=auto
GLOBUS_GSSAPI_MIN_TLS_PROTOCOL=TLS1_VERSION
MEMORY=1948
MANPATH_modshare=/usr/share/man/overrides:1:/usr/local/share/man:1:/usr/share/man:1:/opt/crc/usr/local/man:1:/opt/sge/man:1
VENDOR=unknown
BASH_ENV=/afs/crc.nd.edu/x86_64_linux/Modules/4.5.0/init/bash
PERL_LOCAL_LIB_ROOT=/afs/crc.nd.edu/user/n/nkremerh/.perl5/
PYTHONPATH=/afs/crc.nd.edu/user/n/nkremerh/cctools/lib/python3.6/site-packages/
CCLHOME=/afs/crc.nd.edu/group/ccl
MACHTYPE=x86_64
LOGNAME=nkremerh
TMP=/var/condor/execute/dir_20560/worker-213124-20638/t.1665/cctools-temp-t.1665.jKXS4a
LD_LIBRARY_PATH_modshare=/opt/crc/usr/local/lib:1
MODULES_LMALTNAME_modshare=CRC_default/1.1&CRC_default/default&CRC_default:1
SSH_CONNECTION=129.74.154.87 57278 129.74.128.103 22
MODULESHOME=/afs/crc.nd.edu/x86_64_linux/Modules/4.5.0
OMP_NUM_THREADS=1
LESSOPEN=||/usr/bin/lesspipe.sh %s
GLOBUS_GSSAPI_BACKWARD_COMPATIBLE_MIC=true
GLOBUS_GSSAPI_CIPHERS=HIGH
LOADEDMODULES_modshare=CRC_default/1.1:1
_CONDOR_JOB_AD=/var/condor/execute/dir_20560/.job.ad
SGE_CLUSTER_NAME=CRC
XDG_RUNTIME_DIR=/run/user/213124
CCTOOLS=../cctools
CORES=2
_CONDOR_JOB_IWD=/var/condor/execute/dir_20560
PERL_MM_OPT=INSTALL_BASE=/afs/crc.nd.edu/user/n/nkremerh/.perl5/
GLOBUS_GSSAPI_SERVER_CIPHER_ORDER=true
BASH_FUNC_module()=() {  unset _mlshdbg;
 if [ "${MODULES_SILENT_SHELL_DEBUG:-0}" = '1' ]; then
 case "$-" in 
 *v*x*)
 set +vx;
 _mlshdbg='vx'
 ;;
 *v*)
 set +v;
 _mlshdbg='v'
 ;;
 *x*)
 set +x;
 _mlshdbg='x'
 ;;
 *)
 _mlshdbg=''
 ;;
 esac;
 fi;
 unset _mlre _mlIFS;
 if [ -n "${IFS+x}" ]; then
 _mlIFS=$IFS;
 fi;
 IFS=' ';
 for _mlv in ${MODULES_RUN_QUARANTINE:-};
 do
 if [ "${_mlv}" = "${_mlv##*[!A-Za-z0-9_]}" -a "${_mlv}" = "${_mlv#[0-9]}" ]; then
 if [ -n "`eval 'echo ${'$_mlv'+x}'`" ]; then
 _mlre="${_mlre:-}${_mlv}_modquar='`eval 'echo ${'$_mlv'}'`' ";
 fi;
 _mlrv="MODULES_RUNENV_${_mlv}";
 _mlre="${_mlre:-}${_mlv}='`eval 'echo ${'$_mlrv':-}'`' ";
 fi;
 done;
 if [ -n "${_mlre:-}" ]; then
 eval `eval ${_mlre}/usr/bin/tclsh /afs/crc.nd.edu/x86_64_linux/Modules/4.5.0/libexec/modulecmd.tcl bash '"$@"'`;
 else
 eval `/usr/bin/tclsh /afs/crc.nd.edu/x86_64_linux/Modules/4.5.0/libexec/modulecmd.tcl bash "$@"`;
 fi;
 _mlstatus=$?;
 if [ -n "${_mlIFS+x}" ]; then
 IFS=$_mlIFS;
 else
 unset IFS;
 fi;
 unset _mlre _mlv _mlrv _mlIFS;
 if [ -n "${_mlshdbg:-}" ]; then
 set -$_mlshdbg;
 fi;
 unset _mlshdbg;
 return $_mlstatus
}
BASH_FUNC_ml()=() {  module ml "$@"
}
_=/usr/bin/printenv
