15648   0.000000 libjli.so->getenv("_JAVA_LAUNCHER_DEBUG") = nil
15648   0.001830 libjli.so->getenv("_JAVA_VERSION_SET") = nil
15648   0.000790 libjli.so->fopen("/usr/lib/jvm/java-1.8.0-openjdk-1.8.0.262.b10-0.el7_8.x86_64/jre/lib/amd64/jvm.cfg", "r") = 0x557a188d00f0
15648   0.000792 libjli.so->getenv("JDK_ALTERNATE_VM") = nil
15648   0.000321 libjli.so->__xstat(1, "/usr/lib/jvm/java-1.8.0-openjdk-1.8.0.262.b10-0.el7_8.x86_64/jre/lib/amd64/server/libjvm.so", 0x7fff528a7520) = 0
15648   0.000700 libjli.so->getenv("LD_LIBRARY_PATH") = "/afs/crc.nd.edu/group/ccl/software/x86_64/redhat7/ruby/current/lib:/afs/crc.nd.edu/group/ccl/software/x86_64/redhat7/graphviz/current/lib:/afs/crc.nd.edu/group/ccl/software/x86_64/redhat7/git/current/lib:/afs/crc.nd.edu/group/ccl/software/x86_64/redhat7/condor/current/lib:/afs/crc.nd.edu/group/ccl/software/x86_64/redhat7/clang/current/lib:/afs/crc.nd.edu/group/ccl/software/x86_64/redhat7/condor/current/lib:/afs/crc.nd.edu/group/ccl/software/x86_64/redhat7/cctools/current/lib:/opt/crc/usr/local/lib"
15648   0.002249 libjli.so->dlopen("/usr/lib/jvm/java-1.8.0-openjdk-1.8.0.262.b10-0.el7_8.x86_64/jre/lib/amd64/server/libjvm.so", 258 <unfinished ...>
15648   0.038949 libjvm.so->getenv("NMT_LEVEL_15648") = nil
15648   0.001707 <... dlopen resumed> )          = 0x557a188d04c0
15648   0.000071 libjli.so->getenv("CLASSPATH")  = nil
15648   0.000319 libjli.so->getenv("_JAVA_SPLASH_JAR") = nil
15648   0.000314 libjli.so->getenv("_JAVA_SPLASH_FILE") = nil
15648   0.000309 libjli.so->pthread_attr_setdetachstate(0x7fff528a74d0, 0, 0x7fff528a7560, 0) = 0
15648   0.000550 libpthread.so.0->__clone(0x2b4b21349de0, 0x2b4b2125cfc0, 0x3d0f00, 0x2b4b2125d700) = 0x3d26
15654   0.001549 libjvm.so->dlopen(0x2b4b22b289ae, 1, 0xfffffffffff42c48, 4096) = 0x2b4b24000990
15654   0.002456 libjvm.so->getenv(0x2b4b22b4383e, 0, 115, 0x65737361) = 0x7fff528ad6ba
15654   0.000434 libjvm.so->fopen(0x2b4b2125bc10, 0x2b4b22adfccb, 0x6f732e79666972, 0x2b4b21c21ab0) = 0x2b4b24001440
15654   0.001374 libjvm.so->dlopen(0x2b4b2125bc10, 1, 0xffffffff, 0x2b4b24002b00) = 0x2b4b24001440
15654   0.001389 libjvm.so->fopen(0x2b4b2125bc10, 0x2b4b22adfccb, 111, 0x732e6176) = 0x2b4b24001b10
15654   0.001598 libjvm.so->dlopen(0x2b4b2125bc10, 1, 0xffffffff, 0x2b4b24001a00) = 0x2b4b24001b10
15654   0.001586 libjvm.so->__xstat(1, 0x2b4b2125c360, 0x2b4b2125cba0, 0x746f7073746f682e) = -1
15654   0.000518 libjvm.so->getenv(0x2b4b22ad8541, 0x2b4b2125c6d0, 1024, 0x2b4b22f9261b) = 0
15654   0.000470 libjvm.so->getenv(0x2b4b22ad8533, 0x2b4b2125c6d0, 1024, 0) = 0
15654   0.000456 libjvm.so->fopen(0x2b4b22b28315, 0x2b4b22adfccb, 4095, 0xffffd4b4dd527b03) = 0x2b4b24003290
15654   0.001062 libjvm.so->fopen(0x2b4b22b28361, 0x2b4b22adfccb, 0x2b4b24000078, 0x2b4b24003280) = 0x2b4b24003290
15654   0.000670 libjvm.so->fopen(0x2b4b212569b0, 0x2b4b22adfccb, 4016, 3997) = 0x2b4b24003290
15654   0.000660 libjvm.so->opendir(0x2b4b24002b40, 0x2b4b24002b40, 13, 16) = 0
15654   0.000453 libjvm.so->__xstat(1, 0x2b4b2125b8f0, 0x2b4b2125a860, 0x6f732e7477616d62) = -1
15654   0.000433 libjvm.so->__xstat(1, 0x2b4b2125b8f0, 0x2b4b2125a860, 0x5f74776162696c2f) = 0
15654   0.000470 libjvm.so->fopen(0x2b4b2125ab90, 0x2b4b22adfccb, 4011, 3996) = 0x2b4b24003770
15654   0.000617 libjvm.so->fopen(0x2b4b2125ab90, 0x2b4b22adfccb, 4011, 3996) = 0x2b4b24003770
15654   0.000603 libjvm.so->fopen(0x2b4b2125ab90, 0x2b4b22adfccb, 4011, 4004) = 0x2b4b24003770
15654   0.000650 libjvm.so->fopen(0x2b4b2125ab20, 0x2b4b22adfccb, 4011, 3996) = 0x2b4b24003770
15654   0.000630 libjvm.so->fopen(0x2b4b2125ab20, 0x2b4b22adfccb, 4011, 3996) = 0x2b4b24003770
15654   0.000659 libjvm.so->fopen(0x2b4b2125ab20, 0x2b4b22adfccb, 4011, 4004) = 0x2b4b24003770
15654   0.000650 libjvm.so->fopen(0x2b4b2125ab50, 0x2b4b22adfccb, 4016, 3997) = 0x2b4b24003770
15654   0.000868 libjvm.so->getenv(0x2b4b22b290ff, 4096, 3, -1) = 0
15654   0.000916 libjvm.so->fopen(0x2b4b22b28998, 0x2b4b22adfccb, 0x2b4b21340908, 0x2b4b2133fdf0) = 0x2b4b24003770
15654   0.004693 libjvm.so->open(0x2b4b2404a560, 0x20000, 0, 0x2b4b2404a5a9) = 3
15654   0.000443 libjvm.so->__fxstat(1, 3, 0x2b4b2125ca00, -1) = 0
15654   0.000468 libjvm.so->opendir(0x2b4b2404a560, 0x2b4b2125ca00, 0x4000, -1) = 0x2b4b2404b470
15654   0.000503 libjvm.so->__fxstat(1, 3, 0x2b4b2125c8a0, 0x2b4b2404b470) = 0
15654   0.000432 libjvm.so->__fxstat(1, 5, 0x2b4b2125c930, -1) = 0
15654   0.000479 libjvm.so->open(0x2b4b22af69dc, 0, 0, 0) = 3
15654   0.000639 libjvm.so->__lxstat(1, 0x2b4b2404a560, 0x2b4b2125cb50, -144) = 0
15654   0.000478 libjvm.so->open(0x2b4b2404a560, 0x20000, 0x4000, -1) = 3
15654   0.000427 libjvm.so->__fxstat(1, 3, 0x2b4b2125ca00, -1) = 0
15654   0.000477 libjvm.so->opendir(0x2b4b2404a560, 0x2b4b2125ca00, 0x4000, -1) = 0x2b4b2404b470
15654   0.000414 libjvm.so->__fxstat(1, 3, 0x2b4b2125c8a0, 0x2b4b2404b470) = 0
15654   0.000461 libjvm.so->__fxstat(1, 5, 0x2b4b2125c930, -1) = 0
15654   0.000439 libjvm.so->open(0x2b4b22af69dc, 0, 0, 0) = 3
15654   0.000492 libjvm.so->open(0x2b4b2404a5a9, 0x20042, 384, -1) = 7
15654   0.000614 libjvm.so->__fxstat(1, 7, 0x2b4b2125cb50, -1) = 0
15654   0.001679 libjvm.so->fopen(0x2b4b2125bb60, 0x2b4b22adfccb, 4, 0x6f732e70) = 0x2b4b24057bc0
15654   0.001422 libjvm.so->dlopen(0x2b4b2125bb60, 1, 0xffffffff, 0x2b4b24057b00) = 0x2b4b24057bc0
15654   0.001505 libjvm.so->__xstat(1, 0x2b4b2125c120, 0x2b4b2125c950, 2048) = 0
15654   0.000453 libjvm.so->__xstat(1, 0x2b4b2125c120, 0x2b4b2125c950, 2048) = 0
15654   0.000422 libjvm.so->__xstat(1, 0x2b4b2125c120, 0x2b4b2125c950, 2048) = -1
15654   0.000431 libjvm.so->__xstat(1, 0x2b4b2125c120, 0x2b4b2125c950, 2048) = 0
15654   0.000442 libjvm.so->__xstat(1, 0x2b4b2125c120, 0x2b4b2125c950, 2048) = 0
15654   0.000466 libjvm.so->__xstat(1, 0x2b4b2125c120, 0x2b4b2125c950, 2048) = 0
15654   0.000468 libjvm.so->__xstat(1, 0x2b4b2125c120, 0x2b4b2125c950, 2048) = 0
15654   0.000457 libjvm.so->__xstat(1, 0x2b4b2125c120, 0x2b4b2125c950, 2048) = -1
15654   0.000444 libjvm.so->fopen(0x2b4b24002520, 0x2b4b22adfccb, 0, 0) = 0x2b4b24058a60
15654   0.008706 libjvm.so->open64(0x2b4b2125b410, 0, 0, 16) = 3
15654   0.000534 libjvm.so->__fxstat64(1, 3, 0x2b4b2125b240, -1) = 0
15654   0.036370 libjvm.so->__xstat(1, 0x2b4b2125bf20, 0x2b4b2125c750, 2048) = -1
15654   0.000584 libjvm.so->fopen(0x2b4b2125ab20, 0x2b4b22adfccb, 4011, 3996) = 0x2b4b240b5e20
15654   0.000682 libjvm.so->fopen(0x2b4b2125ab20, 0x2b4b22adfccb, 4011, 3996) = 0x2b4b240b5e20
15654   0.000595 libjvm.so->fopen(0x2b4b2125ab20, 0x2b4b22adfccb, 4011, 4004) = 0x2b4b240b5e20
15654   0.004222 libjvm.so->pthread_attr_setdetachstate(0x2b4b2125cc00, 1, 0, 0) = 0
15654   0.000518 libpthread.so.0->__clone(0x2b4b21349de0, 0x2b4b39cb8fc0, 0x3d0f00, 0x2b4b39cb9700) = 0x3d27
15654   0.015923 libjvm.so->pthread_attr_setdetachstate(0x2b4b2125c290, 1, 0, 0) = 0
15654   0.000647 libpthread.so.0->__clone(0x2b4b21349de0, 0x2b4b39db9fc0, 0x3d0f00, 0x2b4b39dba700) = 0x3d28
15654   0.006985 libjvm.so->pthread_attr_setdetachstate(0x2b4b2125c610, 1, 0, 0) = 0
15654   0.000782 libpthread.so.0->__clone(0x2b4b21349de0, 0x2b4b39ebafc0, 0x3d0f00, 0x2b4b39ebb700) = 0x3d29
15654   0.040537 libjvm.so->fopen(0x2b4b240e9130, 0x2b4b22adfccb, 4, 0x6f732e70) = 0x2b4b240f1c70
15654   0.002062 libjvm.so->dlopen(0x2b4b240e9130, 1, 0xffffffff, 0x2b4b240ec300) = 0x2b4b24057bc0
15654   0.005078 libjvm.so->open64(0x2b4b2125b510, 0, 0, 16) = 5
15654   0.000924 libjvm.so->__fxstat64(1, 5, 0x2b4b2125b340, -1) = 0
15654   0.020018 libjvm.so->fopen(0x2b4b21258130, 0x2b4b22adfccb, 4011, 3996) = 0x2b4b240fcbc0
15654   0.001260 libjvm.so->fopen(0x2b4b21258130, 0x2b4b22adfccb, 4011, 3996) = 0x2b4b240fcbc0
15654   0.001101 libjvm.so->fopen(0x2b4b21258130, 0x2b4b22adfccb, 4011, 4004) = 0x2b4b240fcbc0
15654   0.015437 libjvm.so->pthread_attr_setdetachstate(0x2b4b2125cb50, 1, 0, 0) = 0
15654   0.000951 libpthread.so.0->__clone(0x2b4b21349de0, 0x2b4b39fbbfc0, 0x3d0f00, 0x2b4b39fbc700) = 0x3d2a
15654   0.001410 libjvm.so->__xstat64(1, 0x2b4b2125cbe0, 0x2b4b2125cb50, 19) = -1
15654   0.001726 libjvm.so->pthread_attr_setdetachstate(0x2b4b2125c950, 1, 0, 0) = 0
15654   0.001187 libpthread.so.0->__clone(0x2b4b21349de0, 0x2b4b3a0bcfc0, 0x3d0f00, 0x2b4b3a0bd700) = 0x3d2b
15654   0.001714 libjvm.so->pthread_attr_setdetachstate(0x2b4b2125c950, 1, 0, 0) = 0
15654   0.001317 libpthread.so.0->__clone(0x2b4b21349de0, 0x2b4b3a1bdfc0, 0x3d0f00, 0x2b4b3a1be700) = 0x3d2c
15654   0.009292 libjvm.so->pthread_attr_setdetachstate(0x2b4b2125caa0, 1, 0, 0) = 0
15654   0.001445 libpthread.so.0->__clone(0x2b4b21349de0, 0x2b4b3a2befc0, 0x3d0f00, 0x2b4b3a2bf700) = 0x3d2d
15654   0.002185 libjvm.so->pthread_attr_setdetachstate(0x2b4b2125cbb0, 1, 0, 0) = 0
15654   0.001550 libpthread.so.0->__clone(0x2b4b21349de0, 0x2b4b3a3bffc0, 0x3d0f00, 0x2b4b3a3c0700) = 0x3d2e
15654   0.015165 libjvm.so->open64(0x2b4b24128850, 0, 0, 16) = 7
15654   0.001813 libjvm.so->__fxstat64(1, 7, 0x2b4b21259f60, -1) = 0
15654   0.025587 libjvm.so->fopen(0x2b4b241545c0, 0x2b4b22adfccb, 4, 0x6f732e6f) = 0x2b4b24154680
15654   0.003137 libjvm.so->dlopen(0x2b4b241545c0, 1, 0xffffffff, 0x2b4b24154600) = 0x2b4b24154680
15654   0.132596 libjvm.so->fopen(0x2b4b2419a490, 0x2b4b22adfccb, 4, 0x6f732e74) = 0x2b4b2419d740
15654   0.003676 libjvm.so->dlopen(0x2b4b2419a490, 1, 0xffffffff, 0x2b4b2419d600) = 0x2b4b241a7af0
15654   0.146043 libjvm.so->fopen(0x2b4b24220a80, 0x2b4b22adfccb, 0x6f732e7373656c, 0x656c646165685f74) = 0x2b4b24220b60
15654   0.006446 libjvm.so->dlopen(0x2b4b24220a80, 1, 0xffffffff, 0x2b4b24220a00) = 0x2b4b24220b60
15654   0.019687 libjvm.so->fopen(0x2b4b21255990, 0x2b4b22adfccb, 0x6f732e, 0x6d766a62696c2f72) = 0x2b4b2422aa50
15654   0.006156 libjvm.so->dlopen(0x2b4b21255990, 1, 0xffffffff, 0x2b4b2422a000) = 0x557a188d04c0
15654   0.002126 libjvm.so->fopen(0x2b4b21255990, 0x2b4b22adfccb, 0x6f732e, 0x6d766a62696c2f72) = 0x2b4b2422a9f0
15654   0.004901 libjvm.so->dlopen(0x2b4b21255990, 1, 0xffffffff, 0x2b4b2422a000) = 0x557a188d04c0
15654   0.001677 libjvm.so->fopen(0x2b4b21255990, 0x2b4b22adfccb, 0x6f732e, 0x6d766a62696c2f72) = 0x2b4b2422a9f0
15654   0.003595 libjvm.so->dlopen(0x2b4b21255990, 1, 0xffffffff, 0x2b4b2422a000) = 0x557a188d04c0
15654   0.001754 libjvm.so->fopen(0x2b4b21255990, 0x2b4b22adfccb, 0x6f732e, 0x6d766a62696c2f72) = 0x2b4b2422a9f0
15654   0.003692 libjvm.so->dlopen(0x2b4b21255990, 1, 0xffffffff, 0x2b4b2422a000) = 0x557a188d04c0
15654   0.489936 --- SIGSEGV (Segmentation fault) ---
15662  12.653387 +++ exited (status 0) +++
15655   0.000651 +++ exited (status 0) +++
15654   0.000250 +++ exited (status 0) +++
15661   0.000289 +++ exited (status 0) +++
15659   0.000031 +++ exited (status 0) +++
15658   0.000016 +++ exited (status 0) +++
15657   0.000013 +++ exited (status 0) +++
15656   0.000013 +++ exited (status 0) +++
15660   0.023822 +++ exited (status 0) +++
15648   0.000088 +++ exited (status 0) +++
Wrote an ltrace for command: "java -cp ./tools/maxent.jar density.MaxEnt -s outputs/Pseudomyrmex_simulans_Kempf.csv -e data/layers/worldclim -o outputs/Pseudomyrmex_simulans_Kempf nowarnings nocache autorun -z" with PID 15645 from PPID 15627 on disc22.crc.nd.edu with result 0
REMOTEHOST=129.74.154.87
MANPATH=/afs/crc.nd.edu/user/n/nkremerh/cctools/share/man/:/afs/crc.nd.edu/group/ccl/software/x86_64/redhat7/ruby/current/share/man:/afs/crc.nd.edu/group/ccl/software/x86_64/redhat7/graphviz/current/share/man:/afs/crc.nd.edu/group/ccl/software/x86_64/redhat7/gnuplot/current/share/man:/afs/crc.nd.edu/group/ccl/software/x86_64/redhat7/git/current/share/man:/afs/crc.nd.edu/group/ccl/software/x86_64/redhat7/condor/current/share/man:/afs/crc.nd.edu/group/ccl/software/x86_64/redhat7/clang/current/share/man:/afs/crc.nd.edu/group/ccl/software/x86_64/redhat7/condor/current/share/man:/afs/crc.nd.edu/group/ccl/software/x86_64/redhat7/cctools/current/share/man:/afs/crc.nd.edu/group/ccl/software/x86_64/redhat7/cctools/current/share/man:/afs/crc.nd.edu/x86_64_linux/Modules/4.5.0/share/man:/opt/crc/usr/local/man:/opt/sge/man:/usr/share/man/overrides:/usr/share/man:/usr/local/share/man
_CONDOR_JOB_PIDS=
XDG_SESSION_ID=2226
HOSTNAME=disc01.crc.nd.edu
_LMFILES__modshare=/afs/crc.nd.edu/x86_64_linux/Modules/modules/system_modules/CRC_default/1.1:1
MODULEPATH_modshare=/afs/crc.nd.edu/x86_64_linux/Modules/modules/general_software:1:/afs/crc.nd.edu/x86_64_linux/Modules/modules/development_tools_and_libraries:1:/afs/crc.nd.edu/x86_64_linux/Modules/modules/system_modules:1:/afs/crc.nd.edu/x86_64_linux/Modules/current/modulefiles:1:/afs/crc.nd.edu/x86_64_linux/Modules/modules/restricted_software:1:/afs/crc.nd.edu/x86_64_linux/Modules/modules/deprecated_software:1
TERM=xterm-256color
SHELL=/bin/tcsh
HOST=disc01.crc.nd.edu
MODULES_CMD=/afs/crc.nd.edu/x86_64_linux/Modules/4.5.0/libexec/modulecmd.tcl
HISTSIZE=5000
MAKEFLAGS=
SSH_CLIENT=129.74.154.87 57278 22
TMPDIR=/var/condor/execute/dir_6462/worker-213124-6541/t.1200/cctools-temp-t.1200.vALd8B
PERL5LIB=/afs/crc.nd.edu/user/n/nkremerh/cctools/lib/perl5/site_perl/5.16.3:/afs/crc.nd.edu/user/n/nkremerh/.perl5/lib/perl5
SGE_CELL=crc
_CONDOR_SCRATCH_DIR=/var/condor/execute/dir_6462
PERL_MB_OPT=--install_base '/afs/crc.nd.edu/user/n/nkremerh/.perl5/'
SSH_TTY=/dev/pts/0
SGE_LOAD_AVG=load_avg
MAKEFLOW_MAX_LOCAL_JOBS=2
GROUP=campus
USER=nkremerh
_CHIRP_DELAYED_UPDATE_PREFIX=Chirp*
HISTFILESIZE=10000
TEMP=/var/condor/execute/dir_6462/worker-213124-6541/t.1200/cctools-temp-t.1200.vALd8B
LD_LIBRARY_PATH=/afs/crc.nd.edu/group/ccl/software/x86_64/redhat7/ruby/current/lib:/afs/crc.nd.edu/group/ccl/software/x86_64/redhat7/graphviz/current/lib:/afs/crc.nd.edu/group/ccl/software/x86_64/redhat7/git/current/lib:/afs/crc.nd.edu/group/ccl/software/x86_64/redhat7/condor/current/lib:/afs/crc.nd.edu/group/ccl/software/x86_64/redhat7/clang/current/lib:/afs/crc.nd.edu/group/ccl/software/x86_64/redhat7/condor/current/lib:/afs/crc.nd.edu/group/ccl/software/x86_64/redhat7/cctools/current/lib:/opt/crc/usr/local/lib
BATCH_SYSTEM=HTCondor
MODULES_LMALTNAME=CRC_default/1.1&CRC_default/default&CRC_default
ENV=/afs/crc.nd.edu/x86_64_linux/Modules/4.5.0/init/profile.sh
WORKER_TMPDIR=/var/condor/execute/dir_6462/worker-213124-6541/cache/tmp
HOSTTYPE=x86_64-linux
_CONDOR_HIGHPORT=9999
GLOBUS_GSSAPI_MAX_TLS_PROTOCOL=0
_CONDOR_CHIRP_CONFIG=/var/condor/execute/dir_6462/.chirp.config
MAKELEVEL=1
MFLAGS=
_CONDOR_ANCESTOR_3778=6462:1597419249:2083861503
MAIL=/var/spool/mail/nkremerh
PATH=/afs/crc.nd.edu/user/n/nkremerh/cctools/bin:/afs/crc.nd.edu/user/n/nkremerh/miniconda/bin:/afs/crc.nd.edu/group/ccl/software/git:/afs/crc.nd.edu/user/n/nkremerh/.local/bin:/afs/crc.nd.edu/group/ccl/software/x86_64/redhat7/povray/3.7/bin:/afs/crc.nd.edu/user/n/nkremerh/.perl5/bin:/afs/crc.nd.edu/user/n/nkremerh/pegasus/bin:/afs/crc.nd.edu/user/n/nkremerh/nodejs/bin:/afs/crc.nd.edu/user/n/nkremerh/montage/bin:/afs/crc.nd.edu/user/n/nkremerh/latexdiff:/afs/crc.nd.edu/user/n/nkremerh/envtrace:/afs/crc.nd.edu/user/n/nkremerh/endlines:/afs/crc.nd.edu/user/n/nkremerh/cctools/bin:/afs/crc.nd.edu/user/n/nkremerh/.cargo/bin:/afs/crc.nd.edu/group/ccl/software/x86_64/redhat7/ruby/current/bin:/afs/crc.nd.edu/group/ccl/software/x86_64/redhat7/graphviz/current/bin:/afs/crc.nd.edu/group/ccl/software/x86_64/redhat7/gnuplot/current/bin:/afs/crc.nd.edu/group/ccl/software/x86_64/redhat7/git/current/bin:/afs/crc.nd.edu/group/ccl/software/x86_64/redhat7/condor/current/sbin:/afs/crc.nd.edu/group/ccl/software/x86_64/redhat7/condor/current/bin:/afs/crc.nd.edu/group/ccl/software/x86_64/redhat7/cmake/current/bin:/afs/crc.nd.edu/group/ccl/software/x86_64/redhat7/clang/current/bin:/afs/crc.nd.edu/group/ccl/software/x86_64/redhat7/condor/current/sbin:/afs/crc.nd.edu/group/ccl/software/x86_64/redhat7/condor/current/bin:/afs/crc.nd.edu/group/ccl/software/x86_64/redhat7/cctools/current/bin:/afs/crc.nd.edu/x86_64_linux/Modules/4.5.0/bin:/opt/crc/usr/local/bin:/opt/sge/bin/lx-amd64:/usr/local/bin:/usr/bin:/usr/local/sbin:/usr/sbin:/afs/crc.nd.edu/user/c/condor/software/bin:/afs/crc.nd.edu/user/c/condor/software/sbin
CCLSOFTWARE=/afs/crc.nd.edu/group/ccl/software/x86_64/redhat7
PWD=/var/condor/execute/dir_6462/worker-213124-6541/t.1200
_LMFILES_=/afs/crc.nd.edu/x86_64_linux/Modules/modules/system_modules/CRC_default/1.1
EDITOR=vim
SGE_EXECD_PORT=6445
LANG=en_US.UTF-8
SGE_QMASTER_PORT=6444
MODULEPATH=/afs/crc.nd.edu/x86_64_linux/Modules/modules/development_tools_and_libraries:/afs/crc.nd.edu/x86_64_linux/Modules/modules/general_software:/afs/crc.nd.edu/x86_64_linux/Modules/modules/restricted_software:/afs/crc.nd.edu/x86_64_linux/Modules/modules/system_modules:/afs/crc.nd.edu/x86_64_linux/Modules/modules/deprecated_software:/afs/crc.nd.edu/x86_64_linux/Modules/current/modulefiles
_CONDOR_ANCESTOR_6462=6475:1597419253:76846646
LOADEDMODULES=CRC_default/1.1
SGE_ROOT=/opt/sge
CCLPLATFORM=x86_64/redhat7
_CONDOR_SLOT=slot1
WORK_QUEUE_SANDBOX=/var/condor/execute/dir_6462/worker-213124-6541
USE_SYSTEMD=true
_CONDOR_LOWPORT=9100
HISTCONTROL=ignoreboth:erasedups
KRB5CCNAME=FILE:/tmp/krb5cc_213124_jfvfni
GLOBUS_GSSAPI_NAME_COMPATIBILITY=STRICT_RFC2818
HOME=disc01.crc.nd.edu
SHLVL=6
PATH_modshare=/opt/crc/usr/local/bin:1:/opt/sge/bin/lx-amd64:1:/usr/sbin:1:/usr/bin:1:/afs/crc.nd.edu/user/c/condor/software/sbin:1:/usr/local/sbin:1:/afs/crc.nd.edu/user/c/condor/software/bin:1:/usr/local/bin:1
OSTYPE=linux
_CONDOR_MACHINE_AD=/var/condor/execute/dir_6462/.machine.ad
GREP_OPTIONS=--color=auto
DISK=917812
GLOBUS_GSSAPI_MIN_TLS_PROTOCOL=TLS1_VERSION
_CONDOR_ANCESTOR_3598=3778:1596369973:332739166
MANPATH_modshare=/usr/share/man/overrides:1:/usr/local/share/man:1:/usr/share/man:1:/opt/crc/usr/local/man:1:/opt/sge/man:1
MEMORY=15899
PERL_LOCAL_LIB_ROOT=/afs/crc.nd.edu/user/n/nkremerh/.perl5/
BASH_ENV=/afs/crc.nd.edu/x86_64_linux/Modules/4.5.0/init/bash
VENDOR=unknown
TMP=/var/condor/execute/dir_6462/worker-213124-6541/t.1200/cctools-temp-t.1200.vALd8B
LOGNAME=nkremerh
MACHTYPE=x86_64
CCLHOME=/afs/crc.nd.edu/group/ccl
PYTHONPATH=/afs/crc.nd.edu/user/n/nkremerh/cctools/lib/python3.6/site-packages/
LD_LIBRARY_PATH_modshare=/opt/crc/usr/local/lib:1
SSH_CONNECTION=129.74.154.87 57278 129.74.128.103 22
MODULES_LMALTNAME_modshare=CRC_default/1.1&CRC_default/default&CRC_default:1
MODULESHOME=/afs/crc.nd.edu/x86_64_linux/Modules/4.5.0
GLOBUS_GSSAPI_CIPHERS=HIGH
GLOBUS_GSSAPI_BACKWARD_COMPATIBLE_MIC=true
LESSOPEN=||/usr/bin/lesspipe.sh %s
OMP_NUM_THREADS=1
_CONDOR_JOB_AD=/var/condor/execute/dir_6462/.job.ad
LOADEDMODULES_modshare=CRC_default/1.1:1
XDG_RUNTIME_DIR=/run/user/213124
SGE_CLUSTER_NAME=CRC
CCTOOLS=../cctools
CORES=4
_CONDOR_JOB_IWD=/var/condor/execute/dir_6462
PERL_MM_OPT=INSTALL_BASE=/afs/crc.nd.edu/user/n/nkremerh/.perl5/
GLOBUS_GSSAPI_SERVER_CIPHER_ORDER=true
BASH_FUNC_module()=() {  unset _mlshdbg;
 if [ "${MODULES_SILENT_SHELL_DEBUG:-0}" = '1' ]; then
 case "$-" in 
 *v*x*)
 set +vx;
 _mlshdbg='vx'
 ;;
 *v*)
 set +v;
 _mlshdbg='v'
 ;;
 *x*)
 set +x;
 _mlshdbg='x'
 ;;
 *)
 _mlshdbg=''
 ;;
 esac;
 fi;
 unset _mlre _mlIFS;
 if [ -n "${IFS+x}" ]; then
 _mlIFS=$IFS;
 fi;
 IFS=' ';
 for _mlv in ${MODULES_RUN_QUARANTINE:-};
 do
 if [ "${_mlv}" = "${_mlv##*[!A-Za-z0-9_]}" -a "${_mlv}" = "${_mlv#[0-9]}" ]; then
 if [ -n "`eval 'echo ${'$_mlv'+x}'`" ]; then
 _mlre="${_mlre:-}${_mlv}_modquar='`eval 'echo ${'$_mlv'}'`' ";
 fi;
 _mlrv="MODULES_RUNENV_${_mlv}";
 _mlre="${_mlre:-}${_mlv}='`eval 'echo ${'$_mlrv':-}'`' ";
 fi;
 done;
 if [ -n "${_mlre:-}" ]; then
 eval `eval ${_mlre}/usr/bin/tclsh /afs/crc.nd.edu/x86_64_linux/Modules/4.5.0/libexec/modulecmd.tcl bash '"$@"'`;
 else
 eval `/usr/bin/tclsh /afs/crc.nd.edu/x86_64_linux/Modules/4.5.0/libexec/modulecmd.tcl bash "$@"`;
 fi;
 _mlstatus=$?;
 if [ -n "${_mlIFS+x}" ]; then
 IFS=$_mlIFS;
 else
 unset IFS;
 fi;
 unset _mlre _mlv _mlrv _mlIFS;
 if [ -n "${_mlshdbg:-}" ]; then
 set -$_mlshdbg;
 fi;
 unset _mlshdbg;
 return $_mlstatus
}
BASH_FUNC_ml()=() {  module ml "$@"
}
_=/usr/bin/printenv
