9620   0.000000 libjli.so->getenv("_JAVA_LAUNCHER_DEBUG") = nil
9620   0.001732 libjli.so->getenv("_JAVA_VERSION_SET") = nil
9620   0.000741 libjli.so->fopen("/usr/lib/jvm/java-1.8.0-openjdk-1.8.0.262.b10-0.el7_8.x86_64/jre/lib/amd64/jvm.cfg", "r") = 0x55f852c320e0
9620   0.000963 libjli.so->getenv("JDK_ALTERNATE_VM") = nil
9620   0.000323 libjli.so->__xstat(1, "/usr/lib/jvm/java-1.8.0-openjdk-1.8.0.262.b10-0.el7_8.x86_64/jre/lib/amd64/server/libjvm.so", 0x7ffc6d312970) = 0
9620   0.000703 libjli.so->getenv("LD_LIBRARY_PATH") = "/afs/crc.nd.edu/group/ccl/software/x86_64/redhat7/ruby/current/lib:/afs/crc.nd.edu/group/ccl/software/x86_64/redhat7/graphviz/current/lib:/afs/crc.nd.edu/group/ccl/software/x86_64/redhat7/git/current/lib:/afs/crc.nd.edu/group/ccl/software/x86_64/redhat7/condor/current/lib:/afs/crc.nd.edu/group/ccl/software/x86_64/redhat7/clang/current/lib:/afs/crc.nd.edu/group/ccl/software/x86_64/redhat7/condor/current/lib:/afs/crc.nd.edu/group/ccl/software/x86_64/redhat7/cctools/current/lib:/opt/crc/usr/local/lib"
9620   0.002168 libjli.so->dlopen("/usr/lib/jvm/java-1.8.0-openjdk-1.8.0.262.b10-0.el7_8.x86_64/jre/lib/amd64/server/libjvm.so", 258 <unfinished ...>
9620   0.039631 libjvm.so->getenv("NMT_LEVEL_9620") = nil
9620   0.001662 <... dlopen resumed> )           = 0x55f852c324b0
9620   0.000068 libjli.so->getenv("CLASSPATH")   = nil
9620   0.000317 libjli.so->getenv("_JAVA_SPLASH_JAR") = nil
9620   0.000298 libjli.so->getenv("_JAVA_SPLASH_FILE") = nil
9620   0.000302 libjli.so->pthread_attr_setdetachstate(0x7ffc6d312920, 0, 0x7ffc6d3129b0, 0) = 0
9620   0.000562 libpthread.so.0->__clone(0x2aef1a499de0, 0x2aef1a3acfc0, 0x3d0f00, 0x2aef1a3ad700) = 9621
9621   0.001894 libjvm.so->dlopen(0x2aef1bc789ae, 1, 0xfffffffffff42c48, 4096) = 0x2aef20000990
9621   0.002618 libjvm.so->getenv(0x2aef1bc9383e, 0, 115, 0x65737361) = 0x7ffc6d319682
9621   0.000459 libjvm.so->fopen(0x2aef1a3abc10, 0x2aef1bc2fccb, 0x6f732e79666972, 0x2aef1ad71ab0) = 0x2aef20001440
9621   0.001321 libjvm.so->dlopen(0x2aef1a3abc10, 1, 0xffffffff, 0x2aef20002b00) = 0x2aef20001440
9621   0.001443 libjvm.so->fopen(0x2aef1a3abc10, 0x2aef1bc2fccb, 111, 0x732e6176) = 0x2aef20001b10
9621   0.001605 libjvm.so->dlopen(0x2aef1a3abc10, 1, 0xffffffff, 0x2aef20001a00) = 0x2aef20001b10
9621   0.001514 libjvm.so->__xstat(1, 0x2aef1a3ac360, 0x2aef1a3acba0, 0x746f7073746f682e) = -1
9621   0.000452 libjvm.so->getenv(0x2aef1bc28541, 0x2aef1a3ac6d0, 1024, 0x2aef1c0e261b) = 0
9621   0.000447 libjvm.so->getenv(0x2aef1bc28533, 0x2aef1a3ac6d0, 1024, 0) = 0
9621   0.000454 libjvm.so->fopen(0x2aef1bc78315, 0x2aef1bc2fccb, 4095, 0xffffd510e43d7b03) = 0x2aef200032d0
9621   0.001065 libjvm.so->fopen(0x2aef1bc78361, 0x2aef1bc2fccb, 0x2aef20000078, 0x2aef200032c0) = 0x2aef200032d0
9621   0.000668 libjvm.so->fopen(0x2aef1a3a69b0, 0x2aef1bc2fccb, 4014, 3995) = 0x2aef200032d0
9621   0.000647 libjvm.so->opendir(0x2aef20002b40, 0x2aef20002b40, 13, 16) = 0
9621   0.000487 libjvm.so->__xstat(1, 0x2aef1a3ab8f0, 0x2aef1a3aa860, 0x6f732e7477616d62) = -1
9621   0.000432 libjvm.so->__xstat(1, 0x2aef1a3ab8f0, 0x2aef1a3aa860, 0x5f74776162696c2f) = 0
9621   0.000515 libjvm.so->fopen(0x2aef1a3aab90, 0x2aef1bc2fccb, 4009, 3994) = 0x2aef200037b0
9621   0.000592 libjvm.so->fopen(0x2aef1a3aab90, 0x2aef1bc2fccb, 4009, 3994) = 0x2aef200037b0
9621   0.000902 libjvm.so->fopen(0x2aef1a3aab90, 0x2aef1bc2fccb, 4009, 4002) = 0x2aef200037b0
9621   0.000663 libjvm.so->fopen(0x2aef1a3aab20, 0x2aef1bc2fccb, 4009, 3994) = 0x2aef200037b0
9621   0.000649 libjvm.so->fopen(0x2aef1a3aab20, 0x2aef1bc2fccb, 4009, 3994) = 0x2aef200037b0
9621   0.000598 libjvm.so->fopen(0x2aef1a3aab20, 0x2aef1bc2fccb, 4009, 4002) = 0x2aef200037b0
9621   0.000611 libjvm.so->fopen(0x2aef1a3aab50, 0x2aef1bc2fccb, 4014, 3995) = 0x2aef200037b0
9621   0.000789 libjvm.so->getenv(0x2aef1bc790ff, 4096, 3, -1) = 0
9621   0.000907 libjvm.so->fopen(0x2aef1bc78998, 0x2aef1bc2fccb, 0x2aef1a490908, 0x2aef1a48fdf0) = 0x2aef200037b0
9621   0.004680 libjvm.so->open(0x2aef2004a5a0, 0x20000, 0, 0x2aef2004a5e9) = 3
9621   0.000464 libjvm.so->__fxstat(1, 3, 0x2aef1a3aca00, -1) = 0
9621   0.000481 libjvm.so->opendir(0x2aef2004a5a0, 0x2aef1a3aca00, 0x4000, -1) = 0x2aef2004b4b0
9621   0.000520 libjvm.so->__fxstat(1, 3, 0x2aef1a3ac8a0, 0x2aef2004b4b0) = 0
9621   0.000421 libjvm.so->__fxstat(1, 5, 0x2aef1a3ac930, -1) = 0
9621   0.000488 libjvm.so->open(0x2aef1bc469dc, 0, 0, 0) = 3
9621   0.000688 libjvm.so->__lxstat(1, 0x2aef2004a5a0, 0x2aef1a3acb50, -144) = 0
9621   0.000467 libjvm.so->open(0x2aef2004a5a0, 0x20000, 0x4000, -1) = 3
9621   0.000426 libjvm.so->__fxstat(1, 3, 0x2aef1a3aca00, -1) = 0
9621   0.000560 libjvm.so->opendir(0x2aef2004a5a0, 0x2aef1a3aca00, 0x4000, -1) = 0x2aef2004b4b0
9621   0.000434 libjvm.so->__fxstat(1, 3, 0x2aef1a3ac8a0, 0x2aef2004b4b0) = 0
9621   0.000489 libjvm.so->__fxstat(1, 5, 0x2aef1a3ac930, -1) = 0
9621   0.000455 libjvm.so->open(0x2aef1bc469dc, 0, 0, 0) = 3
9621   0.000497 libjvm.so->open(0x2aef2004a5e9, 0x20042, 384, -1) = 7
9621   0.000608 libjvm.so->__fxstat(1, 7, 0x2aef1a3acb50, -1) = 0
9621   0.001679 libjvm.so->fopen(0x2aef1a3abb60, 0x2aef1bc2fccb, 4, 0x6f732e70) = 0x2aef20057c00
9621   0.001404 libjvm.so->dlopen(0x2aef1a3abb60, 1, 0xffffffff, 0x2aef20057b00) = 0x2aef20057c00
9621   0.001503 libjvm.so->__xstat(1, 0x2aef1a3ac120, 0x2aef1a3ac950, 2048) = 0
9621   0.000453 libjvm.so->__xstat(1, 0x2aef1a3ac120, 0x2aef1a3ac950, 2048) = 0
9621   0.000448 libjvm.so->__xstat(1, 0x2aef1a3ac120, 0x2aef1a3ac950, 2048) = -1
9621   0.000439 libjvm.so->__xstat(1, 0x2aef1a3ac120, 0x2aef1a3ac950, 2048) = 0
9621   0.000440 libjvm.so->__xstat(1, 0x2aef1a3ac120, 0x2aef1a3ac950, 2048) = 0
9621   0.000455 libjvm.so->__xstat(1, 0x2aef1a3ac120, 0x2aef1a3ac950, 2048) = 0
9621   0.000513 libjvm.so->__xstat(1, 0x2aef1a3ac120, 0x2aef1a3ac950, 2048) = 0
9621   0.000451 libjvm.so->__xstat(1, 0x2aef1a3ac120, 0x2aef1a3ac950, 2048) = -1
9621   0.000449 libjvm.so->fopen(0x2aef20002520, 0x2aef1bc2fccb, 0, 0) = 0x2aef20058aa0
9621   0.008868 libjvm.so->open64(0x2aef1a3ab410, 0, 0, 16) = 3
9621   0.000478 libjvm.so->__fxstat64(1, 3, 0x2aef1a3ab240, -1) = 0
9621   0.036500 libjvm.so->__xstat(1, 0x2aef1a3abf20, 0x2aef1a3ac750, 2048) = -1
9621   0.000596 libjvm.so->fopen(0x2aef1a3aab20, 0x2aef1bc2fccb, 4009, 3994) = 0x2aef200b1fb0
9621   0.000629 libjvm.so->fopen(0x2aef1a3aab20, 0x2aef1bc2fccb, 4009, 3994) = 0x2aef200b1fb0
9621   0.000585 libjvm.so->fopen(0x2aef1a3aab20, 0x2aef1bc2fccb, 4009, 4002) = 0x2aef200b1fb0
9621   0.004105 libjvm.so->pthread_attr_setdetachstate(0x2aef1a3acc00, 1, 0, 0) = 0
9621   0.000505 libpthread.so.0->__clone(0x2aef1a499de0, 0x2aef1fd1dfc0, 0x3d0f00, 0x2aef1fd1e700) = 9622
9621   0.015623 libjvm.so->pthread_attr_setdetachstate(0x2aef1a3ac290, 1, 0, 0) = 0
9621   0.002318 libpthread.so.0->__clone(0x2aef1a499de0, 0x2aef1fe1efc0, 0x3d0f00, 0x2aef1fe1f700) = 9623
9621   0.007169 libjvm.so->pthread_attr_setdetachstate(0x2aef1a3ac610, 1, 0, 0) = 0
9621   0.000949 libpthread.so.0->__clone(0x2aef1a499de0, 0x2aef1ff1ffc0, 0x3d0f00, 0x2aef1ff20700) = 9624
9621   0.043968 libjvm.so->fopen(0x2aef200f1810, 0x2aef1bc2fccb, 4, 0x6f732e70) = 0x2aef200f1d10
9621   0.002035 libjvm.so->dlopen(0x2aef200f1810, 1, 0xffffffff, 0x2aef200e8c00) = 0x2aef20057c00
9621   0.005352 libjvm.so->open64(0x2aef1a3ab510, 0, 0, 16) = 5
9621   0.000902 libjvm.so->__fxstat64(1, 5, 0x2aef1a3ab340, -1) = 0
9621   0.019513 libjvm.so->fopen(0x2aef1a3a8130, 0x2aef1bc2fccb, 4009, 3994) = 0x2aef200fcce0
9621   0.001112 libjvm.so->fopen(0x2aef1a3a8130, 0x2aef1bc2fccb, 4009, 3994) = 0x2aef200fcce0
9621   0.001169 libjvm.so->fopen(0x2aef1a3a8130, 0x2aef1bc2fccb, 4009, 4002) = 0x2aef200fcce0
9621   0.017393 libjvm.so->pthread_attr_setdetachstate(0x2aef1a3acb50, 1, 0, 0) = 0
9621   0.000937 libpthread.so.0->__clone(0x2aef1a499de0, 0x2aef330fffc0, 0x3d0f00, 0x2aef33100700) = 9629
9621   0.001805 libjvm.so->__xstat64(1, 0x2aef1a3acbe0, 0x2aef1a3acb50, 18) = -1
9621   0.001304 libjvm.so->pthread_attr_setdetachstate(0x2aef1a3ac950, 1, 0, 0) = 0
9621   0.001236 libpthread.so.0->__clone(0x2aef1a499de0, 0x2aef33200fc0, 0x3d0f00, 0x2aef33201700) = 9630
9621   0.002017 libjvm.so->pthread_attr_setdetachstate(0x2aef1a3ac950, 1, 0, 0) = 0
9621   0.001324 libpthread.so.0->__clone(0x2aef1a499de0, 0x2aef33301fc0, 0x3d0f00, 0x2aef33302700) = 9631
9621   0.009191 libjvm.so->pthread_attr_setdetachstate(0x2aef1a3acaa0, 1, 0, 0) = 0
9621   0.001396 libpthread.so.0->__clone(0x2aef1a499de0, 0x2aef33402fc0, 0x3d0f00, 0x2aef33403700) = 9633
9621   0.004206 libjvm.so->pthread_attr_setdetachstate(0x2aef1a3acbb0, 1, 0, 0) = 0
9621   0.001587 libpthread.so.0->__clone(0x2aef1a499de0, 0x2aef33503fc0, 0x3d0f00, 0x2aef33504700) = 9634
9621   0.015399 libjvm.so->open64(0x2aef2012e9f0, 0, 0, 48) = 7
9621   0.001724 libjvm.so->__fxstat64(1, 7, 0x2aef1a3a9f60, -1) = 0
9621   0.031482 libjvm.so->fopen(0x2aef201546b0, 0x2aef1bc2fccb, 4, 0x6f732e6f) = 0x2aef20154770
9621   0.004127 libjvm.so->dlopen(0x2aef201546b0, 1, 0xffffffff, 0x2aef20154700) = 0x2aef20154770
9631   0.049933 --- SIGSEGV (Segmentation fault) ---
9621   0.063240 libjvm.so->fopen(0x2aef1a3a6e40, 0x2aef1bc2fccb, 0x6f732e, 0x6d766a62696c2f72) = 0x2aef2016a160
9621   0.006755 libjvm.so->dlopen(0x2aef1a3a6e40, 1, 0xffffffff, 0x2aef2016a000) = 0x55f852c324b0
9621   0.001737 libjvm.so->fopen(0x2aef1a3a6e40, 0x2aef1bc2fccb, 0x6f732e, 0x6d766a62696c2f72) = 0x2aef2016a560
9621   0.005303 libjvm.so->dlopen(0x2aef1a3a6e40, 1, 0xffffffff, 0x2aef2016a000) = 0x55f852c324b0
9621   0.001746 libjvm.so->fopen(0x2aef1a3a6e40, 0x2aef1bc2fccb, 0x6f732e, 0x6d766a62696c2f72) = 0x2aef2016a480
9621   0.003883 libjvm.so->dlopen(0x2aef1a3a6e40, 1, 0xffffffff, 0x2aef2016a000) = 0x55f852c324b0
9621   0.001697 libjvm.so->fopen(0x2aef1a3a6e40, 0x2aef1bc2fccb, 0x6f732e, 0x6d766a62696c2f72) = 0x2aef2016a160
9621   0.005234 libjvm.so->dlopen(0x2aef1a3a6e40, 1, 0xffffffff, 0x2aef2016a000) = 0x55f852c324b0
9621   0.047460 libjvm.so->fopen(0x2aef201d7710, 0x2aef1bc2fccb, 4, 0x6f732e74) = 0x2aef201e5600
9621   0.003316 libjvm.so->dlopen(0x2aef201d7710, 1, 0xffffffff, 0x2aef201cd600) = 0x2aef201e5600
9621   0.140559 libjvm.so->fopen(0x2aef20250890, 0x2aef1bc2fccb, 0x6f732e7373656c, 0x656c646165685f74) = 0x2aef20250970
9621   0.002789 libjvm.so->dlopen(0x2aef20250890, 1, 0xffffffff, 0x2aef20250800) = 0x2aef20250970
9634   0.042726 +++ exited (status 0) +++
9629   0.000331 +++ exited (status 0) +++
9622   0.000330 +++ exited (status 0) +++
9621   0.000194 +++ exited (status 0) +++
9633   0.000352 +++ exited (status 1) +++
9631   0.000024 +++ exited (status 1) +++
9630   0.000015 +++ exited (status 1) +++
9623   0.000016 +++ exited (status 1) +++
9624   0.006312 +++ exited (status 1) +++
9620   0.000042 +++ exited (status 1) +++
Wrote an ltrace for command: "java -cp ./tools/maxent.jar density.Project outputs/Glossosoma_pyroxum_Ross/Glossosoma_pyroxum_Ross.lambdas data/layers/worldclim outputs/Glossosoma_pyroxum_Ross_worldclim.asc nowarnings nocache autorun -z" with PID 9618 from PPID 9601 on disc25.crc.nd.edu with result 1
REMOTEHOST=10.17.150.11
_CONDOR_JOB_PIDS=
MANPATH=/afs/crc.nd.edu/user/n/nkremerh/cctools/share/man/:/afs/crc.nd.edu/group/ccl/software/x86_64/redhat7/ruby/current/share/man:/afs/crc.nd.edu/group/ccl/software/x86_64/redhat7/graphviz/current/share/man:/afs/crc.nd.edu/group/ccl/software/x86_64/redhat7/gnuplot/current/share/man:/afs/crc.nd.edu/group/ccl/software/x86_64/redhat7/git/current/share/man:/afs/crc.nd.edu/group/ccl/software/x86_64/redhat7/condor/current/share/man:/afs/crc.nd.edu/group/ccl/software/x86_64/redhat7/clang/current/share/man:/afs/crc.nd.edu/group/ccl/software/x86_64/redhat7/condor/current/share/man:/afs/crc.nd.edu/group/ccl/software/x86_64/redhat7/cctools/current/share/man:/afs/crc.nd.edu/group/ccl/software/x86_64/redhat7/cctools/current/share/man:/afs/crc.nd.edu/x86_64_linux/Modules/4.5.0/share/man:/opt/crc/usr/local/man:/opt/sge/man:/usr/share/man/overrides:/usr/share/man:/usr/local/share/man
XDG_SESSION_ID=4102
_CONDOR_ANCESTOR_3764=26793:1600190002:1712875896
HOSTNAME=disc01.crc.nd.edu
_LMFILES__modshare=/afs/crc.nd.edu/x86_64_linux/Modules/modules/system_modules/CRC_default/1.1:1
MODULEPATH_modshare=/afs/crc.nd.edu/x86_64_linux/Modules/modules/general_software:1:/afs/crc.nd.edu/x86_64_linux/Modules/modules/development_tools_and_libraries:1:/afs/crc.nd.edu/x86_64_linux/Modules/modules/system_modules:1:/afs/crc.nd.edu/x86_64_linux/Modules/current/modulefiles:1:/afs/crc.nd.edu/x86_64_linux/Modules/modules/restricted_software:1:/afs/crc.nd.edu/x86_64_linux/Modules/modules/deprecated_software:1
MODULES_CMD=/afs/crc.nd.edu/x86_64_linux/Modules/4.5.0/libexec/modulecmd.tcl
HOST=disc01.crc.nd.edu
SHELL=/bin/tcsh
TERM=xterm-256color
MAKEFLAGS=
HISTSIZE=5000
TMPDIR=/var/condor/execute/dir_26793/worker-213124-26886/t.1836/cctools-temp-t.1836.pOWkkm
SSH_CLIENT=10.17.150.11 36546 22
PERL5LIB=/afs/crc.nd.edu/user/n/nkremerh/cctools/lib/perl5/site_perl/5.16.3:/afs/crc.nd.edu/user/n/nkremerh/.perl5/lib/perl5
SGE_CELL=crc
_CONDOR_SCRATCH_DIR=/var/condor/execute/dir_26793
PERL_MB_OPT=--install_base '/afs/crc.nd.edu/user/n/nkremerh/.perl5/'
SSH_TTY=/dev/pts/2
SGE_LOAD_AVG=load_avg
MAKEFLOW_MAX_LOCAL_JOBS=2
HISTFILESIZE=10000
_CHIRP_DELAYED_UPDATE_PREFIX=Chirp*
USER=nkremerh
GROUP=campus
LD_LIBRARY_PATH=/afs/crc.nd.edu/group/ccl/software/x86_64/redhat7/ruby/current/lib:/afs/crc.nd.edu/group/ccl/software/x86_64/redhat7/graphviz/current/lib:/afs/crc.nd.edu/group/ccl/software/x86_64/redhat7/git/current/lib:/afs/crc.nd.edu/group/ccl/software/x86_64/redhat7/condor/current/lib:/afs/crc.nd.edu/group/ccl/software/x86_64/redhat7/clang/current/lib:/afs/crc.nd.edu/group/ccl/software/x86_64/redhat7/condor/current/lib:/afs/crc.nd.edu/group/ccl/software/x86_64/redhat7/cctools/current/lib:/opt/crc/usr/local/lib
TEMP=/var/condor/execute/dir_26793/worker-213124-26886/t.1836/cctools-temp-t.1836.pOWkkm
BATCH_SYSTEM=HTCondor
WORKER_TMPDIR=/var/condor/execute/dir_26793/worker-213124-26886/cache/tmp
ENV=/afs/crc.nd.edu/x86_64_linux/Modules/4.5.0/init/profile.sh
MODULES_LMALTNAME=CRC_default/1.1&CRC_default/default&CRC_default
_CONDOR_CHIRP_CONFIG=/var/condor/execute/dir_26793/.chirp.config
GLOBUS_GSSAPI_MAX_TLS_PROTOCOL=0
_CONDOR_HIGHPORT=9999
HOSTTYPE=x86_64-linux
MAKELEVEL=1
MFLAGS=
CCLSOFTWARE=/afs/crc.nd.edu/group/ccl/software/x86_64/redhat7
PATH=/afs/crc.nd.edu/user/n/nkremerh/cctools/bin:/afs/crc.nd.edu/user/n/nkremerh/miniconda/bin:/afs/crc.nd.edu/group/ccl/software/git:/afs/crc.nd.edu/user/n/nkremerh/.local/bin:/afs/crc.nd.edu/group/ccl/software/x86_64/redhat7/povray/3.7/bin:/afs/crc.nd.edu/user/n/nkremerh/.perl5/bin:/afs/crc.nd.edu/user/n/nkremerh/pegasus/bin:/afs/crc.nd.edu/user/n/nkremerh/nodejs/bin:/afs/crc.nd.edu/user/n/nkremerh/montage/bin:/afs/crc.nd.edu/user/n/nkremerh/latexdiff:/afs/crc.nd.edu/user/n/nkremerh/envtrace:/afs/crc.nd.edu/user/n/nkremerh/endlines:/afs/crc.nd.edu/user/n/nkremerh/cctools/bin:/afs/crc.nd.edu/user/n/nkremerh/.cargo/bin:/afs/crc.nd.edu/group/ccl/software/x86_64/redhat7/ruby/current/bin:/afs/crc.nd.edu/group/ccl/software/x86_64/redhat7/graphviz/current/bin:/afs/crc.nd.edu/group/ccl/software/x86_64/redhat7/gnuplot/current/bin:/afs/crc.nd.edu/group/ccl/software/x86_64/redhat7/git/current/bin:/afs/crc.nd.edu/group/ccl/software/x86_64/redhat7/condor/current/sbin:/afs/crc.nd.edu/group/ccl/software/x86_64/redhat7/condor/current/bin:/afs/crc.nd.edu/group/ccl/software/x86_64/redhat7/cmake/current/bin:/afs/crc.nd.edu/group/ccl/software/x86_64/redhat7/clang/current/bin:/afs/crc.nd.edu/group/ccl/software/x86_64/redhat7/condor/current/sbin:/afs/crc.nd.edu/group/ccl/software/x86_64/redhat7/condor/current/bin:/afs/crc.nd.edu/group/ccl/software/x86_64/redhat7/cctools/current/bin:/afs/crc.nd.edu/x86_64_linux/Modules/4.5.0/bin:/opt/crc/usr/local/bin:/opt/sge/bin/lx-amd64:/usr/local/bin:/usr/bin:/usr/local/sbin:/usr/sbin:/afs/crc.nd.edu/user/c/condor/software/bin:/afs/crc.nd.edu/user/c/condor/software/sbin
MAIL=/var/spool/mail/nkremerh
PWD=/var/condor/execute/dir_26793/worker-213124-26886/t.1836
_LMFILES_=/afs/crc.nd.edu/x86_64_linux/Modules/modules/system_modules/CRC_default/1.1
SGE_EXECD_PORT=6445
EDITOR=vim
LANG=en_US.UTF-8
MODULEPATH=/afs/crc.nd.edu/x86_64_linux/Modules/modules/development_tools_and_libraries:/afs/crc.nd.edu/x86_64_linux/Modules/modules/general_software:/afs/crc.nd.edu/x86_64_linux/Modules/modules/restricted_software:/afs/crc.nd.edu/x86_64_linux/Modules/modules/system_modules:/afs/crc.nd.edu/x86_64_linux/Modules/modules/deprecated_software:/afs/crc.nd.edu/x86_64_linux/Modules/current/modulefiles
SGE_QMASTER_PORT=6444
SGE_ROOT=/opt/sge
LOADEDMODULES=CRC_default/1.1
WORK_QUEUE_SANDBOX=/var/condor/execute/dir_26793/worker-213124-26886
_CONDOR_SLOT=slot2_2
CCLPLATFORM=x86_64/redhat7
USE_SYSTEMD=true
_CONDOR_ANCESTOR_3611=3764:1598184024:3503519607
_CONDOR_LOWPORT=9100
KRB5CCNAME=FILE:/tmp/krb5cc_213124_DZSV7p
HISTCONTROL=ignoreboth:erasedups
PATH_modshare=/opt/crc/usr/local/bin:1:/opt/sge/bin/lx-amd64:1:/usr/sbin:1:/usr/bin:1:/afs/crc.nd.edu/user/c/condor/software/sbin:1:/usr/local/sbin:1:/afs/crc.nd.edu/user/c/condor/software/bin:1:/usr/local/bin:1
SHLVL=7
HOME=disc01.crc.nd.edu
GLOBUS_GSSAPI_NAME_COMPATIBILITY=STRICT_RFC2818
_CONDOR_MACHINE_AD=/var/condor/execute/dir_26793/.machine.ad
OSTYPE=linux
DISK=18234
GREP_OPTIONS=--color=auto
GLOBUS_GSSAPI_MIN_TLS_PROTOCOL=TLS1_VERSION
MEMORY=1948
MANPATH_modshare=/usr/share/man/overrides:1:/usr/local/share/man:1:/usr/share/man:1:/opt/crc/usr/local/man:1:/opt/sge/man:1
VENDOR=unknown
BASH_ENV=/afs/crc.nd.edu/x86_64_linux/Modules/4.5.0/init/bash
PERL_LOCAL_LIB_ROOT=/afs/crc.nd.edu/user/n/nkremerh/.perl5/
PYTHONPATH=/afs/crc.nd.edu/user/n/nkremerh/cctools/lib/python3.6/site-packages/
CCLHOME=/afs/crc.nd.edu/group/ccl
MACHTYPE=x86_64
LOGNAME=nkremerh
TMP=/var/condor/execute/dir_26793/worker-213124-26886/t.1836/cctools-temp-t.1836.pOWkkm
LD_LIBRARY_PATH_modshare=/opt/crc/usr/local/lib:1
MODULES_LMALTNAME_modshare=CRC_default/1.1&CRC_default/default&CRC_default:1
SSH_CONNECTION=10.17.150.11 36546 129.74.128.103 22
MODULESHOME=/afs/crc.nd.edu/x86_64_linux/Modules/4.5.0
OMP_NUM_THREADS=1
LESSOPEN=||/usr/bin/lesspipe.sh %s
GLOBUS_GSSAPI_BACKWARD_COMPATIBLE_MIC=true
GLOBUS_GSSAPI_CIPHERS=HIGH
LOADEDMODULES_modshare=CRC_default/1.1:1
_CONDOR_JOB_AD=/var/condor/execute/dir_26793/.job.ad
SGE_CLUSTER_NAME=CRC
XDG_RUNTIME_DIR=/run/user/213124
CCTOOLS=../cctools
CORES=2
_CONDOR_JOB_IWD=/var/condor/execute/dir_26793
_CONDOR_ANCESTOR_26793=26851:1600190003:4205143622
PERL_MM_OPT=INSTALL_BASE=/afs/crc.nd.edu/user/n/nkremerh/.perl5/
GLOBUS_GSSAPI_SERVER_CIPHER_ORDER=true
BASH_FUNC_module()=() {  unset _mlshdbg;
 if [ "${MODULES_SILENT_SHELL_DEBUG:-0}" = '1' ]; then
 case "$-" in 
 *v*x*)
 set +vx;
 _mlshdbg='vx'
 ;;
 *v*)
 set +v;
 _mlshdbg='v'
 ;;
 *x*)
 set +x;
 _mlshdbg='x'
 ;;
 *)
 _mlshdbg=''
 ;;
 esac;
 fi;
 unset _mlre _mlIFS;
 if [ -n "${IFS+x}" ]; then
 _mlIFS=$IFS;
 fi;
 IFS=' ';
 for _mlv in ${MODULES_RUN_QUARANTINE:-};
 do
 if [ "${_mlv}" = "${_mlv##*[!A-Za-z0-9_]}" -a "${_mlv}" = "${_mlv#[0-9]}" ]; then
 if [ -n "`eval 'echo ${'$_mlv'+x}'`" ]; then
 _mlre="${_mlre:-}${_mlv}_modquar='`eval 'echo ${'$_mlv'}'`' ";
 fi;
 _mlrv="MODULES_RUNENV_${_mlv}";
 _mlre="${_mlre:-}${_mlv}='`eval 'echo ${'$_mlrv':-}'`' ";
 fi;
 done;
 if [ -n "${_mlre:-}" ]; then
 eval `eval ${_mlre}/usr/bin/tclsh /afs/crc.nd.edu/x86_64_linux/Modules/4.5.0/libexec/modulecmd.tcl bash '"$@"'`;
 else
 eval `/usr/bin/tclsh /afs/crc.nd.edu/x86_64_linux/Modules/4.5.0/libexec/modulecmd.tcl bash "$@"`;
 fi;
 _mlstatus=$?;
 if [ -n "${_mlIFS+x}" ]; then
 IFS=$_mlIFS;
 else
 unset IFS;
 fi;
 unset _mlre _mlv _mlrv _mlIFS;
 if [ -n "${_mlshdbg:-}" ]; then
 set -$_mlshdbg;
 fi;
 unset _mlshdbg;
 return $_mlstatus
}
BASH_FUNC_ml()=() {  module ml "$@"
}
_=/usr/bin/printenv
