26275   0.000000 libjli.so->getenv("_JAVA_LAUNCHER_DEBUG") = nil
26275   0.001758 libjli.so->getenv("_JAVA_VERSION_SET") = nil
26275   0.000622 libjli.so->fopen("/usr/lib/jvm/java-1.8.0-openjdk-1.8.0.262.b10-0.el7_8.x86_64/jre/lib/amd64/jvm.cfg", "r") = 0x5620ba2990f0
26275   0.000758 libjli.so->getenv("JDK_ALTERNATE_VM") = nil
26275   0.000288 libjli.so->__xstat(1, "/usr/lib/jvm/java-1.8.0-openjdk-1.8.0.262.b10-0.el7_8.x86_64/jre/lib/amd64/server/libjvm.so", 0x7fffa5ca4f90) = 0
26275   0.000542 libjli.so->getenv("LD_LIBRARY_PATH") = "/afs/crc.nd.edu/group/ccl/software/x86_64/redhat7/ruby/current/lib:/afs/crc.nd.edu/group/ccl/software/x86_64/redhat7/graphviz/current/lib:/afs/crc.nd.edu/group/ccl/software/x86_64/redhat7/git/current/lib:/afs/crc.nd.edu/group/ccl/software/x86_64/redhat7/condor/current/lib:/afs/crc.nd.edu/group/ccl/software/x86_64/redhat7/clang/current/lib:/afs/crc.nd.edu/group/ccl/software/x86_64/redhat7/condor/current/lib:/afs/crc.nd.edu/group/ccl/software/x86_64/redhat7/cctools/current/lib:/opt/crc/usr/local/lib"
26275   0.002021 libjli.so->dlopen("/usr/lib/jvm/java-1.8.0-openjdk-1.8.0.262.b10-0.el7_8.x86_64/jre/lib/amd64/server/libjvm.so", 258 <unfinished ...>
26275   0.035736 libjvm.so->getenv("NMT_LEVEL_26275") = nil
26275   0.001573 <... dlopen resumed> )          = 0x5620ba2994c0
26275   0.000074 libjli.so->getenv("CLASSPATH")  = nil
26275   0.000286 libjli.so->getenv("_JAVA_SPLASH_JAR") = nil
26275   0.000279 libjli.so->getenv("_JAVA_SPLASH_FILE") = nil
26275   0.000402 libjli.so->pthread_attr_setdetachstate(0x7fffa5ca4f40, 0, 0x7fffa5ca4fd0, 0) = 0
26275   0.000429 libpthread.so.0->__clone(0x2ab6a061fde0, 0x2ab6a0532fc0, 0x3d0f00, 0x2ab6a0533700) = 0x66a9
26281   0.001901 libjvm.so->dlopen(0x2ab6a1dfe9ae, 1, 0xfffffffffff42c48, 4096) = 0x2ab6a4000990
26281   0.002709 libjvm.so->getenv(0x2ab6a1e1983e, 0, 115, 0x65737361) = 0x7fffa5caa710
26281   0.000436 libjvm.so->fopen(0x2ab6a0531c10, 0x2ab6a1db5ccb, 0x6f732e79666972, 0x2ab6a0ef7ab0) = 0x2ab6a4001440
26281   0.001531 libjvm.so->dlopen(0x2ab6a0531c10, 1, 0xffffffff, 0x2ab6a4002b00) = 0x2ab6a4001440
26281   0.001433 libjvm.so->fopen(0x2ab6a0531c10, 0x2ab6a1db5ccb, 111, 0x732e6176) = 0x2ab6a4001b10
26281   0.001834 libjvm.so->dlopen(0x2ab6a0531c10, 1, 0xffffffff, 0x2ab6a4001a00) = 0x2ab6a4001b10
26281   0.001545 libjvm.so->__xstat(1, 0x2ab6a0532360, 0x2ab6a0532ba0, 0x746f7073746f682e) = -1
26281   0.000473 libjvm.so->getenv(0x2ab6a1dae541, 0x2ab6a05326d0, 1024, 0x2ab6a226861b) = 0
26281   0.000429 libjvm.so->getenv(0x2ab6a1dae533, 0x2ab6a05326d0, 1024, 0) = 0
26281   0.000423 libjvm.so->fopen(0x2ab6a1dfe315, 0x2ab6a1db5ccb, 4095, 0xffffd5495e251b03) = 0x2ab6a4003270
26281   0.001085 libjvm.so->fopen(0x2ab6a1dfe361, 0x2ab6a1db5ccb, 0x2ab6a4000078, 0x2ab6a4003260) = 0x2ab6a4003270
26281   0.000711 libjvm.so->fopen(0x2ab6a052c9b0, 0x2ab6a1db5ccb, 4014, 3995) = 0x2ab6a4003270
26281   0.000729 libjvm.so->opendir(0x2ab6a4002b40, 0x2ab6a4002b40, 13, 16) = 0
26281   0.000485 libjvm.so->__xstat(1, 0x2ab6a05318f0, 0x2ab6a0530860, 0x6f732e7477616d62) = -1
26281   0.000419 libjvm.so->__xstat(1, 0x2ab6a05318f0, 0x2ab6a0530860, 0x5f74776162696c2f) = 0
26281   0.000648 libjvm.so->fopen(0x2ab6a0530b90, 0x2ab6a1db5ccb, 4009, 3994) = 0x2ab6a4003750
26281   0.000635 libjvm.so->fopen(0x2ab6a0530b90, 0x2ab6a1db5ccb, 4009, 3994) = 0x2ab6a4003750
26281   0.000651 libjvm.so->fopen(0x2ab6a0530b90, 0x2ab6a1db5ccb, 4009, 4002) = 0x2ab6a4003750
26281   0.000702 libjvm.so->fopen(0x2ab6a0530b20, 0x2ab6a1db5ccb, 4009, 3994) = 0x2ab6a4003750
26281   0.000692 libjvm.so->fopen(0x2ab6a0530b20, 0x2ab6a1db5ccb, 4009, 3994) = 0x2ab6a4003750
26281   0.000684 libjvm.so->fopen(0x2ab6a0530b20, 0x2ab6a1db5ccb, 4009, 4002) = 0x2ab6a4003750
26281   0.000679 libjvm.so->fopen(0x2ab6a0530b50, 0x2ab6a1db5ccb, 4014, 3995) = 0x2ab6a4003750
26281   0.000877 libjvm.so->getenv(0x2ab6a1dff0ff, 4096, 3, -1) = 0
26281   0.001184 libjvm.so->fopen(0x2ab6a1dfe998, 0x2ab6a1db5ccb, 0x2ab6a0616908, 0x2ab6a0615df0) = 0x2ab6a4003750
26281   0.005104 libjvm.so->open(0x2ab6a404a540, 0x20000, 0, 0x2ab6a404a589) = 3
26281   0.000512 libjvm.so->__fxstat(1, 3, 0x2ab6a0532a00, -1) = 0
26281   0.000500 libjvm.so->opendir(0x2ab6a404a540, 0x2ab6a0532a00, 0x4000, -1) = 0x2ab6a404b450
26281   0.000523 libjvm.so->__fxstat(1, 3, 0x2ab6a05328a0, 0x2ab6a404b450) = 0
26281   0.000455 libjvm.so->__fxstat(1, 5, 0x2ab6a0532930, -1) = 0
26281   0.000467 libjvm.so->open(0x2ab6a1dcc9dc, 0, 0, 0) = 3
26281   0.000681 libjvm.so->__lxstat(1, 0x2ab6a404a540, 0x2ab6a0532b50, -144) = 0
26281   0.000499 libjvm.so->open(0x2ab6a404a540, 0x20000, 0x4000, -1) = 3
26281   0.000455 libjvm.so->__fxstat(1, 3, 0x2ab6a0532a00, -1) = 0
26281   0.000734 libjvm.so->opendir(0x2ab6a404a540, 0x2ab6a0532a00, 0x4000, -1) = 0x2ab6a404b450
26281   0.000449 libjvm.so->__fxstat(1, 3, 0x2ab6a05328a0, 0x2ab6a404b450) = 0
26281   0.000451 libjvm.so->__fxstat(1, 5, 0x2ab6a0532930, -1) = 0
26281   0.000438 libjvm.so->open(0x2ab6a1dcc9dc, 0, 0, 0) = 3
26281   0.000585 libjvm.so->open(0x2ab6a404a589, 0x20042, 384, -1) = 7
26281   0.000632 libjvm.so->__fxstat(1, 7, 0x2ab6a0532b50, -1) = 0
26281   0.001782 libjvm.so->fopen(0x2ab6a0531b60, 0x2ab6a1db5ccb, 4, 0x6f732e70) = 0x2ab6a4057ba0
26281   0.001860 libjvm.so->dlopen(0x2ab6a0531b60, 1, 0xffffffff, 0x2ab6a4057b00) = 0x2ab6a4057ba0
26281   0.001523 libjvm.so->__xstat(1, 0x2ab6a0532120, 0x2ab6a0532950, 2048) = 0
26281   0.000477 libjvm.so->__xstat(1, 0x2ab6a0532120, 0x2ab6a0532950, 2048) = 0
26281   0.000506 libjvm.so->__xstat(1, 0x2ab6a0532120, 0x2ab6a0532950, 2048) = -1
26281   0.000455 libjvm.so->__xstat(1, 0x2ab6a0532120, 0x2ab6a0532950, 2048) = 0
26281   0.000487 libjvm.so->__xstat(1, 0x2ab6a0532120, 0x2ab6a0532950, 2048) = 0
26281   0.000457 libjvm.so->__xstat(1, 0x2ab6a0532120, 0x2ab6a0532950, 2048) = 0
26281   0.000432 libjvm.so->__xstat(1, 0x2ab6a0532120, 0x2ab6a0532950, 2048) = 0
26281   0.000470 libjvm.so->__xstat(1, 0x2ab6a0532120, 0x2ab6a0532950, 2048) = -1
26281   0.000442 libjvm.so->fopen(0x2ab6a4002520, 0x2ab6a1db5ccb, 0, 0) = 0x2ab6a4058a40
26281   0.008843 libjvm.so->open64(0x2ab6a0531410, 0, 0, 16) = 3
26281   0.000650 libjvm.so->__fxstat64(1, 3, 0x2ab6a0531240, -1) = 0
26281   0.036820 libjvm.so->__xstat(1, 0x2ab6a0531f20, 0x2ab6a0532750, 2048) = -1
26281   0.000631 libjvm.so->fopen(0x2ab6a0530b20, 0x2ab6a1db5ccb, 4009, 3994) = 0x2ab6a40b1fd0
26281   0.000675 libjvm.so->fopen(0x2ab6a0530b20, 0x2ab6a1db5ccb, 4009, 3994) = 0x2ab6a40b1fd0
26281   0.000642 libjvm.so->fopen(0x2ab6a0530b20, 0x2ab6a1db5ccb, 4009, 4002) = 0x2ab6a40b1fd0
26281   0.004421 libjvm.so->pthread_attr_setdetachstate(0x2ab6a0532c00, 1, 0, 0) = 0
26281   0.000536 libpthread.so.0->__clone(0x2ab6a061fde0, 0x2ab6a3c97fc0, 0x3d0f00, 0x2ab6a3c98700) = 0x66aa
26281   0.016504 libjvm.so->pthread_attr_setdetachstate(0x2ab6a0532290, 1, 0, 0) = 0
26281   0.000619 libpthread.so.0->__clone(0x2ab6a061fde0, 0x2ab6a3d98fc0, 0x3d0f00, 0x2ab6a3d99700) = 0x66ab
26281   0.007576 libjvm.so->pthread_attr_setdetachstate(0x2ab6a0532610, 1, 0, 0) = 0
26281   0.000814 libpthread.so.0->__clone(0x2ab6a061fde0, 0x2ab6a3e99fc0, 0x3d0f00, 0x2ab6a3e9a700) = 0x66ac
26281   0.042194 libjvm.so->fopen(0x2ab6a40e9160, 0x2ab6a1db5ccb, 4, 0x6f732e70) = 0x2ab6a40f1ca0
26281   0.002250 libjvm.so->dlopen(0x2ab6a40e9160, 1, 0xffffffff, 0x2ab6a40ec300) = 0x2ab6a4057ba0
26281   0.005201 libjvm.so->open64(0x2ab6a0531510, 0, 0, 16) = 5
26281   0.000925 libjvm.so->__fxstat64(1, 5, 0x2ab6a0531340, -1) = 0
26281   0.020085 libjvm.so->fopen(0x2ab6a052e130, 0x2ab6a1db5ccb, 4009, 3994) = 0x2ab6a40fcbf0
26281   0.001286 libjvm.so->fopen(0x2ab6a052e130, 0x2ab6a1db5ccb, 4009, 3994) = 0x2ab6a40fcbf0
26281   0.001167 libjvm.so->fopen(0x2ab6a052e130, 0x2ab6a1db5ccb, 4009, 4002) = 0x2ab6a40fcbf0
26281   0.015766 libjvm.so->pthread_attr_setdetachstate(0x2ab6a0532b50, 1, 0, 0) = 0
26281   0.001041 libpthread.so.0->__clone(0x2ab6a061fde0, 0x2ab6a3f9afc0, 0x3d0f00, 0x2ab6a3f9b700) = 0x66ad
26281   0.001525 libjvm.so->__xstat64(1, 0x2ab6a0532be0, 0x2ab6a0532b50, 19) = -1
26281   0.001174 libjvm.so->pthread_attr_setdetachstate(0x2ab6a0532950, 1, 0, 0) = 0
26281   0.001109 libpthread.so.0->__clone(0x2ab6a061fde0, 0x2ab6b930bfc0, 0x3d0f00, 0x2ab6b930c700) = 0x66ae
26281   0.001814 libjvm.so->pthread_attr_setdetachstate(0x2ab6a0532950, 1, 0, 0) = 0
26281   0.001290 libpthread.so.0->__clone(0x2ab6a061fde0, 0x2ab6b940cfc0, 0x3d0f00, 0x2ab6b940d700) = 0x66af
26281   0.008628 libjvm.so->pthread_attr_setdetachstate(0x2ab6a0532aa0, 1, 0, 0) = 0
26281   0.001504 libpthread.so.0->__clone(0x2ab6a061fde0, 0x2ab6b950dfc0, 0x3d0f00, 0x2ab6b950e700) = 0x66b0
26281   0.003159 libjvm.so->pthread_attr_setdetachstate(0x2ab6a0532bb0, 1, 0, 0) = 0
26281   0.001664 libpthread.so.0->__clone(0x2ab6a061fde0, 0x2ab6b960efc0, 0x3d0f00, 0x2ab6b960f700) = 0x66b1
26281   0.015750 libjvm.so->open64(0x2ab6a4136970, 0, 0, 48) = 7
26281   0.001884 libjvm.so->__fxstat64(1, 7, 0x2ab6a052ff60, -1) = 0
26281   0.026491 libjvm.so->fopen(0x2ab6a415c630, 0x2ab6a1db5ccb, 4, 0x6f732e6f) = 0x2ab6a415c6f0
26281   0.003757 libjvm.so->dlopen(0x2ab6a415c630, 1, 0xffffffff, 0x2ab6a415c600) = 0x2ab6a415c6f0
26281   0.138509 libjvm.so->fopen(0x2ab6a41b0300, 0x2ab6a1db5ccb, 4, 0x6f732e74) = 0x2ab6a41bfb10
26281   0.003224 libjvm.so->dlopen(0x2ab6a41b0300, 1, 0xffffffff, 0x2ab6a41b1a00) = 0x2ab6a41bfb10
26281   0.143469 libjvm.so->fopen(0x2ab6a4218cc0, 0x2ab6a1db5ccb, 0x6f732e7373656c, 0x656c646165685f74) = 0x2ab6a4218da0
26281   0.003301 libjvm.so->dlopen(0x2ab6a4218cc0, 1, 0xffffffff, 0x2ab6a4218d00) = 0x2ab6a4218da0
26281   0.027958 libjvm.so->fopen(0x2ab6a052b990, 0x2ab6a1db5ccb, 0x6f732e, 0x6d766a62696c2f72) = 0x2ab6a4222c20
26281   0.008145 libjvm.so->dlopen(0x2ab6a052b990, 1, 0xffffffff, 0x2ab6a4222200) = 0x5620ba2994c0
26281   0.001650 libjvm.so->fopen(0x2ab6a052b990, 0x2ab6a1db5ccb, 0x6f732e, 0x6d766a62696c2f72) = 0x2ab6a4222bc0
26281   0.005306 libjvm.so->dlopen(0x2ab6a052b990, 1, 0xffffffff, 0x2ab6a4222200) = 0x5620ba2994c0
26281   0.001716 libjvm.so->fopen(0x2ab6a052b990, 0x2ab6a1db5ccb, 0x6f732e, 0x6d766a62696c2f72) = 0x2ab6a4222bc0
26281   0.003482 libjvm.so->dlopen(0x2ab6a052b990, 1, 0xffffffff, 0x2ab6a4222200) = 0x5620ba2994c0
26281   0.001686 libjvm.so->fopen(0x2ab6a052b990, 0x2ab6a1db5ccb, 0x6f732e, 0x6d766a62696c2f72) = 0x2ab6a4222bc0
26281   0.003581 libjvm.so->dlopen(0x2ab6a052b990, 1, 0xffffffff, 0x2ab6a4222200) = 0x5620ba2994c0
26281   0.474457 --- SIGSEGV (Segmentation fault) ---
26281   3.150502 --- SIGSEGV (Segmentation fault) ---
26289   8.013092 +++ exited (status 0) +++
26285   0.000250 +++ exited (status 0) +++
26282   0.000237 +++ exited (status 0) +++
26281   0.000325 +++ exited (status 0) +++
26288   0.000569 +++ exited (status 0) +++
26286   0.000021 +++ exited (status 0) +++
26284   0.000015 +++ exited (status 0) +++
26283   0.000014 +++ exited (status 0) +++
26287   0.022171 +++ exited (status 0) +++
26275   0.000096 +++ exited (status 0) +++
Wrote an ltrace for command: "java -cp ./tools/maxent.jar density.MaxEnt -s outputs/Hiantopora_ferox.csv -e data/layers/worldclim -o outputs/Hiantopora_ferox nowarnings nocache autorun -z" with PID 26272 from PPID 26254 on disc25.crc.nd.edu with result 0
REMOTEHOST=129.74.154.87
MANPATH=/afs/crc.nd.edu/user/n/nkremerh/cctools/share/man/:/afs/crc.nd.edu/group/ccl/software/x86_64/redhat7/ruby/current/share/man:/afs/crc.nd.edu/group/ccl/software/x86_64/redhat7/graphviz/current/share/man:/afs/crc.nd.edu/group/ccl/software/x86_64/redhat7/gnuplot/current/share/man:/afs/crc.nd.edu/group/ccl/software/x86_64/redhat7/git/current/share/man:/afs/crc.nd.edu/group/ccl/software/x86_64/redhat7/condor/current/share/man:/afs/crc.nd.edu/group/ccl/software/x86_64/redhat7/clang/current/share/man:/afs/crc.nd.edu/group/ccl/software/x86_64/redhat7/condor/current/share/man:/afs/crc.nd.edu/group/ccl/software/x86_64/redhat7/cctools/current/share/man:/afs/crc.nd.edu/group/ccl/software/x86_64/redhat7/cctools/current/share/man:/afs/crc.nd.edu/x86_64_linux/Modules/4.5.0/share/man:/opt/crc/usr/local/man:/opt/sge/man:/usr/share/man/overrides:/usr/share/man:/usr/local/share/man
_CONDOR_JOB_PIDS=
XDG_SESSION_ID=2226
HOSTNAME=disc01.crc.nd.edu
_LMFILES__modshare=/afs/crc.nd.edu/x86_64_linux/Modules/modules/system_modules/CRC_default/1.1:1
MODULEPATH_modshare=/afs/crc.nd.edu/x86_64_linux/Modules/modules/general_software:1:/afs/crc.nd.edu/x86_64_linux/Modules/modules/development_tools_and_libraries:1:/afs/crc.nd.edu/x86_64_linux/Modules/modules/system_modules:1:/afs/crc.nd.edu/x86_64_linux/Modules/current/modulefiles:1:/afs/crc.nd.edu/x86_64_linux/Modules/modules/restricted_software:1:/afs/crc.nd.edu/x86_64_linux/Modules/modules/deprecated_software:1
TERM=xterm-256color
SHELL=/bin/tcsh
HOST=disc01.crc.nd.edu
MODULES_CMD=/afs/crc.nd.edu/x86_64_linux/Modules/4.5.0/libexec/modulecmd.tcl
HISTSIZE=5000
MAKEFLAGS=
SSH_CLIENT=129.74.154.87 57278 22
TMPDIR=/var/condor/execute/dir_19617/worker-213124-19697/t.917/cctools-temp-t.917.OzqbNQ
PERL5LIB=/afs/crc.nd.edu/user/n/nkremerh/cctools/lib/perl5/site_perl/5.16.3:/afs/crc.nd.edu/user/n/nkremerh/.perl5/lib/perl5
SGE_CELL=crc
_CONDOR_SCRATCH_DIR=/var/condor/execute/dir_19617
PERL_MB_OPT=--install_base '/afs/crc.nd.edu/user/n/nkremerh/.perl5/'
_CONDOR_ANCESTOR_19617=19630:1597419253:4109303046
SSH_TTY=/dev/pts/0
SGE_LOAD_AVG=load_avg
_CONDOR_ANCESTOR_3553=3727:1596370016:1581098405
MAKEFLOW_MAX_LOCAL_JOBS=2
GROUP=campus
USER=nkremerh
_CHIRP_DELAYED_UPDATE_PREFIX=Chirp*
HISTFILESIZE=10000
TEMP=/var/condor/execute/dir_19617/worker-213124-19697/t.917/cctools-temp-t.917.OzqbNQ
LD_LIBRARY_PATH=/afs/crc.nd.edu/group/ccl/software/x86_64/redhat7/ruby/current/lib:/afs/crc.nd.edu/group/ccl/software/x86_64/redhat7/graphviz/current/lib:/afs/crc.nd.edu/group/ccl/software/x86_64/redhat7/git/current/lib:/afs/crc.nd.edu/group/ccl/software/x86_64/redhat7/condor/current/lib:/afs/crc.nd.edu/group/ccl/software/x86_64/redhat7/clang/current/lib:/afs/crc.nd.edu/group/ccl/software/x86_64/redhat7/condor/current/lib:/afs/crc.nd.edu/group/ccl/software/x86_64/redhat7/cctools/current/lib:/opt/crc/usr/local/lib
BATCH_SYSTEM=HTCondor
MODULES_LMALTNAME=CRC_default/1.1&CRC_default/default&CRC_default
ENV=/afs/crc.nd.edu/x86_64_linux/Modules/4.5.0/init/profile.sh
WORKER_TMPDIR=/var/condor/execute/dir_19617/worker-213124-19697/cache/tmp
HOSTTYPE=x86_64-linux
_CONDOR_HIGHPORT=9999
GLOBUS_GSSAPI_MAX_TLS_PROTOCOL=0
_CONDOR_CHIRP_CONFIG=/var/condor/execute/dir_19617/.chirp.config
MAKELEVEL=1
MFLAGS=
_CONDOR_ANCESTOR_3727=19617:1597419250:425629789
MAIL=/var/spool/mail/nkremerh
PATH=/afs/crc.nd.edu/user/n/nkremerh/cctools/bin:/afs/crc.nd.edu/user/n/nkremerh/miniconda/bin:/afs/crc.nd.edu/group/ccl/software/git:/afs/crc.nd.edu/user/n/nkremerh/.local/bin:/afs/crc.nd.edu/group/ccl/software/x86_64/redhat7/povray/3.7/bin:/afs/crc.nd.edu/user/n/nkremerh/.perl5/bin:/afs/crc.nd.edu/user/n/nkremerh/pegasus/bin:/afs/crc.nd.edu/user/n/nkremerh/nodejs/bin:/afs/crc.nd.edu/user/n/nkremerh/montage/bin:/afs/crc.nd.edu/user/n/nkremerh/latexdiff:/afs/crc.nd.edu/user/n/nkremerh/envtrace:/afs/crc.nd.edu/user/n/nkremerh/endlines:/afs/crc.nd.edu/user/n/nkremerh/cctools/bin:/afs/crc.nd.edu/user/n/nkremerh/.cargo/bin:/afs/crc.nd.edu/group/ccl/software/x86_64/redhat7/ruby/current/bin:/afs/crc.nd.edu/group/ccl/software/x86_64/redhat7/graphviz/current/bin:/afs/crc.nd.edu/group/ccl/software/x86_64/redhat7/gnuplot/current/bin:/afs/crc.nd.edu/group/ccl/software/x86_64/redhat7/git/current/bin:/afs/crc.nd.edu/group/ccl/software/x86_64/redhat7/condor/current/sbin:/afs/crc.nd.edu/group/ccl/software/x86_64/redhat7/condor/current/bin:/afs/crc.nd.edu/group/ccl/software/x86_64/redhat7/cmake/current/bin:/afs/crc.nd.edu/group/ccl/software/x86_64/redhat7/clang/current/bin:/afs/crc.nd.edu/group/ccl/software/x86_64/redhat7/condor/current/sbin:/afs/crc.nd.edu/group/ccl/software/x86_64/redhat7/condor/current/bin:/afs/crc.nd.edu/group/ccl/software/x86_64/redhat7/cctools/current/bin:/afs/crc.nd.edu/x86_64_linux/Modules/4.5.0/bin:/opt/crc/usr/local/bin:/opt/sge/bin/lx-amd64:/usr/local/bin:/usr/bin:/usr/local/sbin:/usr/sbin:/afs/crc.nd.edu/user/c/condor/software/bin:/afs/crc.nd.edu/user/c/condor/software/sbin
CCLSOFTWARE=/afs/crc.nd.edu/group/ccl/software/x86_64/redhat7
PWD=/var/condor/execute/dir_19617/worker-213124-19697/t.917
_LMFILES_=/afs/crc.nd.edu/x86_64_linux/Modules/modules/system_modules/CRC_default/1.1
EDITOR=vim
SGE_EXECD_PORT=6445
LANG=en_US.UTF-8
SGE_QMASTER_PORT=6444
MODULEPATH=/afs/crc.nd.edu/x86_64_linux/Modules/modules/development_tools_and_libraries:/afs/crc.nd.edu/x86_64_linux/Modules/modules/general_software:/afs/crc.nd.edu/x86_64_linux/Modules/modules/restricted_software:/afs/crc.nd.edu/x86_64_linux/Modules/modules/system_modules:/afs/crc.nd.edu/x86_64_linux/Modules/modules/deprecated_software:/afs/crc.nd.edu/x86_64_linux/Modules/current/modulefiles
LOADEDMODULES=CRC_default/1.1
SGE_ROOT=/opt/sge
CCLPLATFORM=x86_64/redhat7
_CONDOR_SLOT=slot2_2
WORK_QUEUE_SANDBOX=/var/condor/execute/dir_19617/worker-213124-19697
USE_SYSTEMD=true
_CONDOR_LOWPORT=9100
HISTCONTROL=ignoreboth:erasedups
KRB5CCNAME=FILE:/tmp/krb5cc_213124_jfvfni
GLOBUS_GSSAPI_NAME_COMPATIBILITY=STRICT_RFC2818
HOME=disc01.crc.nd.edu
SHLVL=6
PATH_modshare=/opt/crc/usr/local/bin:1:/opt/sge/bin/lx-amd64:1:/usr/sbin:1:/usr/bin:1:/afs/crc.nd.edu/user/c/condor/software/sbin:1:/usr/local/sbin:1:/afs/crc.nd.edu/user/c/condor/software/bin:1:/usr/local/bin:1
OSTYPE=linux
_CONDOR_MACHINE_AD=/var/condor/execute/dir_19617/.machine.ad
GREP_OPTIONS=--color=auto
DISK=18235
GLOBUS_GSSAPI_MIN_TLS_PROTOCOL=TLS1_VERSION
MANPATH_modshare=/usr/share/man/overrides:1:/usr/local/share/man:1:/usr/share/man:1:/opt/crc/usr/local/man:1:/opt/sge/man:1
MEMORY=1948
PERL_LOCAL_LIB_ROOT=/afs/crc.nd.edu/user/n/nkremerh/.perl5/
BASH_ENV=/afs/crc.nd.edu/x86_64_linux/Modules/4.5.0/init/bash
VENDOR=unknown
TMP=/var/condor/execute/dir_19617/worker-213124-19697/t.917/cctools-temp-t.917.OzqbNQ
LOGNAME=nkremerh
MACHTYPE=x86_64
CCLHOME=/afs/crc.nd.edu/group/ccl
PYTHONPATH=/afs/crc.nd.edu/user/n/nkremerh/cctools/lib/python3.6/site-packages/
LD_LIBRARY_PATH_modshare=/opt/crc/usr/local/lib:1
SSH_CONNECTION=129.74.154.87 57278 129.74.128.103 22
MODULES_LMALTNAME_modshare=CRC_default/1.1&CRC_default/default&CRC_default:1
MODULESHOME=/afs/crc.nd.edu/x86_64_linux/Modules/4.5.0
GLOBUS_GSSAPI_CIPHERS=HIGH
GLOBUS_GSSAPI_BACKWARD_COMPATIBLE_MIC=true
LESSOPEN=||/usr/bin/lesspipe.sh %s
OMP_NUM_THREADS=1
_CONDOR_JOB_AD=/var/condor/execute/dir_19617/.job.ad
LOADEDMODULES_modshare=CRC_default/1.1:1
XDG_RUNTIME_DIR=/run/user/213124
SGE_CLUSTER_NAME=CRC
CCTOOLS=../cctools
CORES=2
_CONDOR_JOB_IWD=/var/condor/execute/dir_19617
PERL_MM_OPT=INSTALL_BASE=/afs/crc.nd.edu/user/n/nkremerh/.perl5/
GLOBUS_GSSAPI_SERVER_CIPHER_ORDER=true
BASH_FUNC_module()=() {  unset _mlshdbg;
 if [ "${MODULES_SILENT_SHELL_DEBUG:-0}" = '1' ]; then
 case "$-" in 
 *v*x*)
 set +vx;
 _mlshdbg='vx'
 ;;
 *v*)
 set +v;
 _mlshdbg='v'
 ;;
 *x*)
 set +x;
 _mlshdbg='x'
 ;;
 *)
 _mlshdbg=''
 ;;
 esac;
 fi;
 unset _mlre _mlIFS;
 if [ -n "${IFS+x}" ]; then
 _mlIFS=$IFS;
 fi;
 IFS=' ';
 for _mlv in ${MODULES_RUN_QUARANTINE:-};
 do
 if [ "${_mlv}" = "${_mlv##*[!A-Za-z0-9_]}" -a "${_mlv}" = "${_mlv#[0-9]}" ]; then
 if [ -n "`eval 'echo ${'$_mlv'+x}'`" ]; then
 _mlre="${_mlre:-}${_mlv}_modquar='`eval 'echo ${'$_mlv'}'`' ";
 fi;
 _mlrv="MODULES_RUNENV_${_mlv}";
 _mlre="${_mlre:-}${_mlv}='`eval 'echo ${'$_mlrv':-}'`' ";
 fi;
 done;
 if [ -n "${_mlre:-}" ]; then
 eval `eval ${_mlre}/usr/bin/tclsh /afs/crc.nd.edu/x86_64_linux/Modules/4.5.0/libexec/modulecmd.tcl bash '"$@"'`;
 else
 eval `/usr/bin/tclsh /afs/crc.nd.edu/x86_64_linux/Modules/4.5.0/libexec/modulecmd.tcl bash "$@"`;
 fi;
 _mlstatus=$?;
 if [ -n "${_mlIFS+x}" ]; then
 IFS=$_mlIFS;
 else
 unset IFS;
 fi;
 unset _mlre _mlv _mlrv _mlIFS;
 if [ -n "${_mlshdbg:-}" ]; then
 set -$_mlshdbg;
 fi;
 unset _mlshdbg;
 return $_mlstatus
}
BASH_FUNC_ml()=() {  module ml "$@"
}
_=/usr/bin/printenv
