15299   0.000000 libjli.so->getenv("_JAVA_LAUNCHER_DEBUG") = nil
15299   0.001159 libjli.so->getenv("_JAVA_VERSION_SET") = nil
15299   0.000492 libjli.so->fopen("/usr/lib/jvm/java-1.8.0-openjdk-1.8.0.262.b10-0.el7_8.x86_64/jre/lib/amd64/jvm.cfg", "r") = 0x557f208a40f0
15299   0.000664 libjli.so->getenv("JDK_ALTERNATE_VM") = nil
15299   0.000251 libjli.so->__xstat(1, "/usr/lib/jvm/java-1.8.0-openjdk-1.8.0.262.b10-0.el7_8.x86_64/jre/lib/amd64/server/libjvm.so", 0x7ffc88733a70) = 0
15299   0.000442 libjli.so->getenv("LD_LIBRARY_PATH") = "/afs/crc.nd.edu/group/ccl/software/x86_64/redhat7/ruby/current/lib:/afs/crc.nd.edu/group/ccl/software/x86_64/redhat7/graphviz/current/lib:/afs/crc.nd.edu/group/ccl/software/x86_64/redhat7/git/current/lib:/afs/crc.nd.edu/group/ccl/software/x86_64/redhat7/condor/current/lib:/afs/crc.nd.edu/group/ccl/software/x86_64/redhat7/clang/current/lib:/afs/crc.nd.edu/group/ccl/software/x86_64/redhat7/condor/current/lib:/afs/crc.nd.edu/group/ccl/software/x86_64/redhat7/cctools/current/lib:/opt/crc/usr/local/lib"
15299   0.001786 libjli.so->dlopen("/usr/lib/jvm/java-1.8.0-openjdk-1.8.0.262.b10-0.el7_8.x86_64/jre/lib/amd64/server/libjvm.so", 258 <unfinished ...>
15299   0.025765 libjvm.so->getenv("NMT_LEVEL_15299") = nil
15299   0.001116 <... dlopen resumed> )          = 0x557f208a44c0
15299   0.000057 libjli.so->getenv("CLASSPATH")  = nil
15299   0.000245 libjli.so->getenv("_JAVA_SPLASH_JAR") = nil
15299   0.000208 libjli.so->getenv("_JAVA_SPLASH_FILE") = nil
15299   0.000287 libjli.so->pthread_attr_setdetachstate(0x7ffc88733a20, 0, 0x7ffc88733ab0, 0) = 0
15299   0.000327 libpthread.so.0->__clone(0x2b75d9a7cde0, 0x2b75d998ffc0, 0x3d0f00, 0x2b75d9990700) = 0x3bc8
15304   0.001231 libjvm.so->dlopen(0x2b75db25b9ae, 1, 0xfffffffffff42c48, 4096) = 0x2b75dc000990
15304   0.001857 libjvm.so->getenv(0x2b75db27683e, 0, 115, 0x65737361) = 0x7ffc887396e8
15304   0.000332 libjvm.so->fopen(0x2b75d998ec10, 0x2b75db212ccb, 0x6f732e79666972, 0x2b75da354ab0) = 0x2b75dc001440
15304   0.001117 libjvm.so->dlopen(0x2b75d998ec10, 1, 0xffffffff, 0x2b75dc002b00) = 0x2b75dc001440
15304   0.001179 libjvm.so->fopen(0x2b75d998ec10, 0x2b75db212ccb, 111, 0x732e6176) = 0x2b75dc001b10
15304   0.002460 libjvm.so->dlopen(0x2b75d998ec10, 1, 0xffffffff, 0x2b75dc001a00) = 0x2b75dc001b10
15304   0.001594 libjvm.so->__xstat(1, 0x2b75d998f360, 0x2b75d998fba0, 0x746f7073746f682e) = -1
15304   0.000329 libjvm.so->getenv(0x2b75db20b541, 0x2b75d998f6d0, 1024, 0x2b75db6c561b) = 0
15304   0.000301 libjvm.so->getenv(0x2b75db20b533, 0x2b75d998f6d0, 1024, 0) = 0
15304   0.000303 libjvm.so->fopen(0x2b75db25b315, 0x2b75db212ccb, 4095, 0xffffd48a24df4b03) = 0x2b75dc0032b0
15304   0.001252 libjvm.so->fopen(0x2b75db25b361, 0x2b75db212ccb, 0x2b75dc000078, 0x2b75dc0032a0) = 0x2b75dc0032b0
15304   0.000850 libjvm.so->fopen(0x2b75d99899b0, 0x2b75db212ccb, 4016, 3997) = 0x2b75dc0032b0
15304   0.000526 libjvm.so->opendir(0x2b75dc002b40, 0x2b75dc002b40, 13, 16) = 0
15304   0.000318 libjvm.so->__xstat(1, 0x2b75d998e8f0, 0x2b75d998d860, 0x6f732e7477616d62) = -1
15304   0.000311 libjvm.so->__xstat(1, 0x2b75d998e8f0, 0x2b75d998d860, 0x5f74776162696c2f) = 0
15304   0.000392 libjvm.so->fopen(0x2b75d998db90, 0x2b75db212ccb, 4011, 3996) = 0x2b75dc003790
15304   0.000420 libjvm.so->fopen(0x2b75d998db90, 0x2b75db212ccb, 4011, 3996) = 0x2b75dc003790
15304   0.000399 libjvm.so->fopen(0x2b75d998db90, 0x2b75db212ccb, 4011, 4004) = 0x2b75dc003790
15304   0.000472 libjvm.so->fopen(0x2b75d998db20, 0x2b75db212ccb, 4011, 3996) = 0x2b75dc003790
15304   0.000639 libjvm.so->fopen(0x2b75d998db20, 0x2b75db212ccb, 4011, 3996) = 0x2b75dc003790
15304   0.000417 libjvm.so->fopen(0x2b75d998db20, 0x2b75db212ccb, 4011, 4004) = 0x2b75dc003790
15304   0.000485 libjvm.so->fopen(0x2b75d998db50, 0x2b75db212ccb, 4016, 3997) = 0x2b75dc003790
15304   0.000682 libjvm.so->getenv(0x2b75db25c0ff, 4096, 3, -1) = 0
15304   0.001235 libjvm.so->fopen(0x2b75db25b998, 0x2b75db212ccb, 0x2b75d9a73908, 0x2b75d9a72df0) = 0x2b75dc003790
15304   0.004157 libjvm.so->open(0x2b75dc04a580, 0x20000, 0, 0x2b75dc04a5c9) = 3
15304   0.000612 libjvm.so->__fxstat(1, 3, 0x2b75d998fa00, -1) = 0
15304   0.000312 libjvm.so->opendir(0x2b75dc04a580, 0x2b75d998fa00, 0x4000, -1) = 0x2b75dc04b490
15304   0.000308 libjvm.so->__fxstat(1, 3, 0x2b75d998f8a0, 0x2b75dc04b490) = 0
15304   0.000291 libjvm.so->__fxstat(1, 5, 0x2b75d998f930, -1) = 0
15304   0.000297 libjvm.so->open(0x2b75db2299dc, 0, 0, 0) = 3
15304   0.000434 libjvm.so->__lxstat(1, 0x2b75dc04a580, 0x2b75d998fb50, -144) = 0
15304   0.000300 libjvm.so->open(0x2b75dc04a580, 0x20000, 0x4000, -1) = 3
15304   0.000278 libjvm.so->__fxstat(1, 3, 0x2b75d998fa00, -1) = 0
15304   0.000287 libjvm.so->opendir(0x2b75dc04a580, 0x2b75d998fa00, 0x4000, -1) = 0x2b75dc04b490
15304   0.000288 libjvm.so->__fxstat(1, 3, 0x2b75d998f8a0, 0x2b75dc04b490) = 0
15304   0.000277 libjvm.so->__fxstat(1, 5, 0x2b75d998f930, -1) = 0
15304   0.000306 libjvm.so->open(0x2b75db2299dc, 0, 0, 0) = 3
15304   0.000308 libjvm.so->open(0x2b75dc04a5c9, 0x20042, 384, -1) = 7
15304   0.000461 libjvm.so->__fxstat(1, 7, 0x2b75d998fb50, -1) = 0
15304   0.001143 libjvm.so->fopen(0x2b75d998eb60, 0x2b75db212ccb, 4, 0x6f732e70) = 0x2b75dc057be0
15304   0.000949 libjvm.so->dlopen(0x2b75d998eb60, 1, 0xffffffff, 0x2b75dc057b00) = 0x2b75dc057be0
15304   0.000966 libjvm.so->__xstat(1, 0x2b75d998f120, 0x2b75d998f950, 2048) = 0
15304   0.000308 libjvm.so->__xstat(1, 0x2b75d998f120, 0x2b75d998f950, 2048) = 0
15304   0.000305 libjvm.so->__xstat(1, 0x2b75d998f120, 0x2b75d998f950, 2048) = -1
15304   0.000291 libjvm.so->__xstat(1, 0x2b75d998f120, 0x2b75d998f950, 2048) = 0
15304   0.000282 libjvm.so->__xstat(1, 0x2b75d998f120, 0x2b75d998f950, 2048) = 0
15304   0.000284 libjvm.so->__xstat(1, 0x2b75d998f120, 0x2b75d998f950, 2048) = 0
15304   0.000283 libjvm.so->__xstat(1, 0x2b75d998f120, 0x2b75d998f950, 2048) = 0
15304   0.000273 libjvm.so->__xstat(1, 0x2b75d998f120, 0x2b75d998f950, 2048) = -1
15304   0.000287 libjvm.so->fopen(0x2b75dc002520, 0x2b75db212ccb, 0, 0) = 0x2b75dc058a80
15304   0.005893 libjvm.so->open64(0x2b75d998e410, 0, 0, 16) = 3
15304   0.000328 libjvm.so->__fxstat64(1, 3, 0x2b75d998e240, -1) = 0
15304   0.023917 libjvm.so->__xstat(1, 0x2b75d998ef20, 0x2b75d998f750, 2048) = -1
15304   0.000464 libjvm.so->fopen(0x2b75d998db20, 0x2b75db212ccb, 4011, 3996) = 0x2b75dc0b5ec0
15304   0.000458 libjvm.so->fopen(0x2b75d998db20, 0x2b75db212ccb, 4011, 3996) = 0x2b75dc0b5ec0
15304   0.000400 libjvm.so->fopen(0x2b75d998db20, 0x2b75db212ccb, 4011, 4004) = 0x2b75dc0b5ec0
15304   0.002959 libjvm.so->pthread_attr_setdetachstate(0x2b75d998fc00, 1, 0, 0) = 0
15304   0.000337 libpthread.so.0->__clone(0x2b75d9a7cde0, 0x2b75f2349fc0, 0x3d0f00, 0x2b75f234a700) = 0x3bc9
15304   0.010564 libjvm.so->pthread_attr_setdetachstate(0x2b75d998f290, 1, 0, 0) = 0
15304   0.000456 libpthread.so.0->__clone(0x2b75d9a7cde0, 0x2b75f244afc0, 0x3d0f00, 0x2b75f244b700) = 0x3bca
15304   0.004709 libjvm.so->pthread_attr_setdetachstate(0x2b75d998f610, 1, 0, 0) = 0
15304   0.000516 libpthread.so.0->__clone(0x2b75d9a7cde0, 0x2b75f254bfc0, 0x3d0f00, 0x2b75f254c700) = 0x3bcb
15304   0.027162 libjvm.so->fopen(0x2b75dc0ec390, 0x2b75db212ccb, 4, 0x6f732e70) = 0x2b75dc0f1cd0
15304   0.001357 libjvm.so->dlopen(0x2b75dc0ec390, 1, 0xffffffff, 0x2b75dc0ec200) = 0x2b75dc057be0
15304   0.003555 libjvm.so->open64(0x2b75d998e510, 0, 0, 16) = 5
15304   0.000626 libjvm.so->__fxstat64(1, 5, 0x2b75d998e340, -1) = 0
15304   0.013111 libjvm.so->fopen(0x2b75d998b130, 0x2b75db212ccb, 4011, 3996) = 0x2b75dc0fcc60
15304   0.000781 libjvm.so->fopen(0x2b75d998b130, 0x2b75db212ccb, 4011, 3996) = 0x2b75dc0fcc60
15304   0.000693 libjvm.so->fopen(0x2b75d998b130, 0x2b75db212ccb, 4011, 4004) = 0x2b75dc0fcc60
15304   0.010333 libjvm.so->pthread_attr_setdetachstate(0x2b75d998fb50, 1, 0, 0) = 0
15304   0.000651 libpthread.so.0->__clone(0x2b75d9a7cde0, 0x2b75f264cfc0, 0x3d0f00, 0x2b75f264d700) = 0x3bcc
15304   0.000915 libjvm.so->__xstat64(1, 0x2b75d998fbe0, 0x2b75d998fb50, 19) = -1
15304   0.000754 libjvm.so->pthread_attr_setdetachstate(0x2b75d998f950, 1, 0, 0) = 0
15304   0.000735 libpthread.so.0->__clone(0x2b75d9a7cde0, 0x2b75f274dfc0, 0x3d0f00, 0x2b75f274e700) = 0x3bcd
15304   0.001109 libjvm.so->pthread_attr_setdetachstate(0x2b75d998f950, 1, 0, 0) = 0
15304   0.000850 libpthread.so.0->__clone(0x2b75d9a7cde0, 0x2b75f284efc0, 0x3d0f00, 0x2b75f284f700) = 0x3bce
15304   0.005944 libjvm.so->pthread_attr_setdetachstate(0x2b75d998faa0, 1, 0, 0) = 0
15304   0.000932 libpthread.so.0->__clone(0x2b75d9a7cde0, 0x2b75f294ffc0, 0x3d0f00, 0x2b75f2950700) = 0x3bcf
15304   0.001455 libjvm.so->pthread_attr_setdetachstate(0x2b75d998fbb0, 1, 0, 0) = 0
15304   0.002766 libpthread.so.0->__clone(0x2b75d9a7cde0, 0x2b75f2a50fc0, 0x3d0f00, 0x2b75f2a51700) = 0x3bd0
15304   0.010587 libjvm.so->open64(0x2b75dc128880, 0, 0, 0) = 7
15304   0.001170 libjvm.so->__fxstat64(1, 7, 0x2b75d998cf60, -1) = 0
15304   0.017379 libjvm.so->fopen(0x2b75dc154750, 0x2b75db212ccb, 4, 0x6f732e6f) = 0x2b75dc154810
15304   0.002308 libjvm.so->dlopen(0x2b75dc154750, 1, 0xffffffff, 0x2b75dc154700) = 0x2b75dc154810
15304   0.092065 libjvm.so->fopen(0x2b75dc195970, 0x2b75db212ccb, 4, 0x6f732e74) = 0x2b75dc195a30
15304   0.002201 libjvm.so->dlopen(0x2b75dc195970, 1, 0xffffffff, 0x2b75dc195900) = 0x2b75dc1a7e00
15304   0.109169 libjvm.so->fopen(0x2b75dc208410, 0x2b75db212ccb, 0x6f732e7373656c, 0x656c646165685f74) = 0x2b75dc209010
15304   0.002369 libjvm.so->dlopen(0x2b75dc208410, 1, 0xffffffff, 0x2b75dc208f00) = 0x2b75dc209010
15304   0.016156 libjvm.so->fopen(0x2b75d9988990, 0x2b75db212ccb, 0x6f732e, 0x6d766a62696c2f72) = 0x2b75dc212fb0
15304   0.004769 libjvm.so->dlopen(0x2b75d9988990, 1, 0xffffffff, 0x2b75dc212500) = 0x557f208a44c0
15304   0.001098 libjvm.so->fopen(0x2b75d9988990, 0x2b75db212ccb, 0x6f732e, 0x6d766a62696c2f72) = 0x2b75dc212f50
15304   0.004701 libjvm.so->dlopen(0x2b75d9988990, 1, 0xffffffff, 0x2b75dc212500) = 0x557f208a44c0
15304   0.001245 libjvm.so->fopen(0x2b75d9988990, 0x2b75db212ccb, 0x6f732e, 0x6d766a62696c2f72) = 0x2b75dc212f50
15304   0.003059 libjvm.so->dlopen(0x2b75d9988990, 1, 0xffffffff, 0x2b75dc212500) = 0x557f208a44c0
15304   0.001105 libjvm.so->fopen(0x2b75d9988990, 0x2b75db212ccb, 0x6f732e, 0x6d766a62696c2f72) = 0x2b75dc212f50
15304   0.002504 libjvm.so->dlopen(0x2b75d9988990, 1, 0xffffffff, 0x2b75dc212500) = 0x557f208a44c0
15304   3.741882 --- SIGSEGV (Segmentation fault) ---
15312   5.114090 +++ exited (status 0) +++
15308   0.000225 +++ exited (status 0) +++
15305   0.000175 +++ exited (status 0) +++
15304   0.000176 +++ exited (status 0) +++
15306   0.000238 +++ exited (status 0) +++
15310   0.000014 +++ exited (status 0) +++
15309   0.000011 +++ exited (status 0) +++
15307   0.000120 +++ exited (status 0) +++
15311   0.022488 +++ exited (status 0) +++
15299   0.000075 +++ exited (status 0) +++
Wrote an ltrace for command: "java -cp ./tools/maxent.jar density.MaxEnt -s outputs/Polygrammodes_modestalis_Dyar.csv -e data/layers/worldclim -o outputs/Polygrammodes_modestalis_Dyar nowarnings nocache autorun -z" with PID 15296 from PPID 15278 on disc23.crc.nd.edu with result 0
REMOTEHOST=129.74.154.87
MANPATH=/afs/crc.nd.edu/user/n/nkremerh/cctools/share/man/:/afs/crc.nd.edu/group/ccl/software/x86_64/redhat7/ruby/current/share/man:/afs/crc.nd.edu/group/ccl/software/x86_64/redhat7/graphviz/current/share/man:/afs/crc.nd.edu/group/ccl/software/x86_64/redhat7/gnuplot/current/share/man:/afs/crc.nd.edu/group/ccl/software/x86_64/redhat7/git/current/share/man:/afs/crc.nd.edu/group/ccl/software/x86_64/redhat7/condor/current/share/man:/afs/crc.nd.edu/group/ccl/software/x86_64/redhat7/clang/current/share/man:/afs/crc.nd.edu/group/ccl/software/x86_64/redhat7/condor/current/share/man:/afs/crc.nd.edu/group/ccl/software/x86_64/redhat7/cctools/current/share/man:/afs/crc.nd.edu/group/ccl/software/x86_64/redhat7/cctools/current/share/man:/afs/crc.nd.edu/x86_64_linux/Modules/4.5.0/share/man:/opt/crc/usr/local/man:/opt/sge/man:/usr/share/man/overrides:/usr/share/man:/usr/local/share/man
_CONDOR_JOB_PIDS=
XDG_SESSION_ID=2226
HOSTNAME=disc01.crc.nd.edu
_LMFILES__modshare=/afs/crc.nd.edu/x86_64_linux/Modules/modules/system_modules/CRC_default/1.1:1
MODULEPATH_modshare=/afs/crc.nd.edu/x86_64_linux/Modules/modules/general_software:1:/afs/crc.nd.edu/x86_64_linux/Modules/modules/development_tools_and_libraries:1:/afs/crc.nd.edu/x86_64_linux/Modules/modules/system_modules:1:/afs/crc.nd.edu/x86_64_linux/Modules/current/modulefiles:1:/afs/crc.nd.edu/x86_64_linux/Modules/modules/restricted_software:1:/afs/crc.nd.edu/x86_64_linux/Modules/modules/deprecated_software:1
TERM=xterm-256color
SHELL=/bin/tcsh
HOST=disc01.crc.nd.edu
MODULES_CMD=/afs/crc.nd.edu/x86_64_linux/Modules/4.5.0/libexec/modulecmd.tcl
HISTSIZE=5000
MAKEFLAGS=
SSH_CLIENT=129.74.154.87 57278 22
TMPDIR=/var/condor/execute/dir_4000/worker-213124-4078/t.1065/cctools-temp-t.1065.HIxTXo
PERL5LIB=/afs/crc.nd.edu/user/n/nkremerh/cctools/lib/perl5/site_perl/5.16.3:/afs/crc.nd.edu/user/n/nkremerh/.perl5/lib/perl5
SGE_CELL=crc
_CONDOR_SCRATCH_DIR=/var/condor/execute/dir_4000
PERL_MB_OPT=--install_base '/afs/crc.nd.edu/user/n/nkremerh/.perl5/'
SSH_TTY=/dev/pts/0
SGE_LOAD_AVG=load_avg
_CONDOR_ANCESTOR_4000=4012:1597419253:1934777446
MAKEFLOW_MAX_LOCAL_JOBS=2
GROUP=campus
USER=nkremerh
_CHIRP_DELAYED_UPDATE_PREFIX=Chirp*
HISTFILESIZE=10000
TEMP=/var/condor/execute/dir_4000/worker-213124-4078/t.1065/cctools-temp-t.1065.HIxTXo
LD_LIBRARY_PATH=/afs/crc.nd.edu/group/ccl/software/x86_64/redhat7/ruby/current/lib:/afs/crc.nd.edu/group/ccl/software/x86_64/redhat7/graphviz/current/lib:/afs/crc.nd.edu/group/ccl/software/x86_64/redhat7/git/current/lib:/afs/crc.nd.edu/group/ccl/software/x86_64/redhat7/condor/current/lib:/afs/crc.nd.edu/group/ccl/software/x86_64/redhat7/clang/current/lib:/afs/crc.nd.edu/group/ccl/software/x86_64/redhat7/condor/current/lib:/afs/crc.nd.edu/group/ccl/software/x86_64/redhat7/cctools/current/lib:/opt/crc/usr/local/lib
BATCH_SYSTEM=HTCondor
MODULES_LMALTNAME=CRC_default/1.1&CRC_default/default&CRC_default
ENV=/afs/crc.nd.edu/x86_64_linux/Modules/4.5.0/init/profile.sh
WORKER_TMPDIR=/var/condor/execute/dir_4000/worker-213124-4078/cache/tmp
HOSTTYPE=x86_64-linux
_CONDOR_HIGHPORT=9999
GLOBUS_GSSAPI_MAX_TLS_PROTOCOL=0
_CONDOR_CHIRP_CONFIG=/var/condor/execute/dir_4000/.chirp.config
MAKELEVEL=1
MFLAGS=
MAIL=/var/spool/mail/nkremerh
PATH=/afs/crc.nd.edu/user/n/nkremerh/cctools/bin:/afs/crc.nd.edu/user/n/nkremerh/miniconda/bin:/afs/crc.nd.edu/group/ccl/software/git:/afs/crc.nd.edu/user/n/nkremerh/.local/bin:/afs/crc.nd.edu/group/ccl/software/x86_64/redhat7/povray/3.7/bin:/afs/crc.nd.edu/user/n/nkremerh/.perl5/bin:/afs/crc.nd.edu/user/n/nkremerh/pegasus/bin:/afs/crc.nd.edu/user/n/nkremerh/nodejs/bin:/afs/crc.nd.edu/user/n/nkremerh/montage/bin:/afs/crc.nd.edu/user/n/nkremerh/latexdiff:/afs/crc.nd.edu/user/n/nkremerh/envtrace:/afs/crc.nd.edu/user/n/nkremerh/endlines:/afs/crc.nd.edu/user/n/nkremerh/cctools/bin:/afs/crc.nd.edu/user/n/nkremerh/.cargo/bin:/afs/crc.nd.edu/group/ccl/software/x86_64/redhat7/ruby/current/bin:/afs/crc.nd.edu/group/ccl/software/x86_64/redhat7/graphviz/current/bin:/afs/crc.nd.edu/group/ccl/software/x86_64/redhat7/gnuplot/current/bin:/afs/crc.nd.edu/group/ccl/software/x86_64/redhat7/git/current/bin:/afs/crc.nd.edu/group/ccl/software/x86_64/redhat7/condor/current/sbin:/afs/crc.nd.edu/group/ccl/software/x86_64/redhat7/condor/current/bin:/afs/crc.nd.edu/group/ccl/software/x86_64/redhat7/cmake/current/bin:/afs/crc.nd.edu/group/ccl/software/x86_64/redhat7/clang/current/bin:/afs/crc.nd.edu/group/ccl/software/x86_64/redhat7/condor/current/sbin:/afs/crc.nd.edu/group/ccl/software/x86_64/redhat7/condor/current/bin:/afs/crc.nd.edu/group/ccl/software/x86_64/redhat7/cctools/current/bin:/afs/crc.nd.edu/x86_64_linux/Modules/4.5.0/bin:/opt/crc/usr/local/bin:/opt/sge/bin/lx-amd64:/usr/local/bin:/usr/bin:/usr/local/sbin:/usr/sbin:/afs/crc.nd.edu/user/c/condor/software/bin:/afs/crc.nd.edu/user/c/condor/software/sbin
CCLSOFTWARE=/afs/crc.nd.edu/group/ccl/software/x86_64/redhat7
PWD=/var/condor/execute/dir_4000/worker-213124-4078/t.1065
_LMFILES_=/afs/crc.nd.edu/x86_64_linux/Modules/modules/system_modules/CRC_default/1.1
EDITOR=vim
SGE_EXECD_PORT=6445
LANG=en_US.UTF-8
SGE_QMASTER_PORT=6444
MODULEPATH=/afs/crc.nd.edu/x86_64_linux/Modules/modules/development_tools_and_libraries:/afs/crc.nd.edu/x86_64_linux/Modules/modules/general_software:/afs/crc.nd.edu/x86_64_linux/Modules/modules/restricted_software:/afs/crc.nd.edu/x86_64_linux/Modules/modules/system_modules:/afs/crc.nd.edu/x86_64_linux/Modules/modules/deprecated_software:/afs/crc.nd.edu/x86_64_linux/Modules/current/modulefiles
LOADEDMODULES=CRC_default/1.1
SGE_ROOT=/opt/sge
CCLPLATFORM=x86_64/redhat7
_CONDOR_SLOT=slot1
WORK_QUEUE_SANDBOX=/var/condor/execute/dir_4000/worker-213124-4078
USE_SYSTEMD=true
_CONDOR_LOWPORT=9100
HISTCONTROL=ignoreboth:erasedups
KRB5CCNAME=FILE:/tmp/krb5cc_213124_jfvfni
GLOBUS_GSSAPI_NAME_COMPATIBILITY=STRICT_RFC2818
HOME=disc01.crc.nd.edu
SHLVL=6
PATH_modshare=/opt/crc/usr/local/bin:1:/opt/sge/bin/lx-amd64:1:/usr/sbin:1:/usr/bin:1:/afs/crc.nd.edu/user/c/condor/software/sbin:1:/usr/local/sbin:1:/afs/crc.nd.edu/user/c/condor/software/bin:1:/usr/local/bin:1
OSTYPE=linux
_CONDOR_MACHINE_AD=/var/condor/execute/dir_4000/.machine.ad
GREP_OPTIONS=--color=auto
DISK=917414
GLOBUS_GSSAPI_MIN_TLS_PROTOCOL=TLS1_VERSION
MANPATH_modshare=/usr/share/man/overrides:1:/usr/local/share/man:1:/usr/share/man:1:/opt/crc/usr/local/man:1:/opt/sge/man:1
MEMORY=15899
PERL_LOCAL_LIB_ROOT=/afs/crc.nd.edu/user/n/nkremerh/.perl5/
BASH_ENV=/afs/crc.nd.edu/x86_64_linux/Modules/4.5.0/init/bash
VENDOR=unknown
TMP=/var/condor/execute/dir_4000/worker-213124-4078/t.1065/cctools-temp-t.1065.HIxTXo
LOGNAME=nkremerh
MACHTYPE=x86_64
CCLHOME=/afs/crc.nd.edu/group/ccl
PYTHONPATH=/afs/crc.nd.edu/user/n/nkremerh/cctools/lib/python3.6/site-packages/
LD_LIBRARY_PATH_modshare=/opt/crc/usr/local/lib:1
SSH_CONNECTION=129.74.154.87 57278 129.74.128.103 22
MODULES_LMALTNAME_modshare=CRC_default/1.1&CRC_default/default&CRC_default:1
MODULESHOME=/afs/crc.nd.edu/x86_64_linux/Modules/4.5.0
_CONDOR_ANCESTOR_3431=3600:1596369936:4201989267
GLOBUS_GSSAPI_CIPHERS=HIGH
GLOBUS_GSSAPI_BACKWARD_COMPATIBLE_MIC=true
LESSOPEN=||/usr/bin/lesspipe.sh %s
OMP_NUM_THREADS=1
_CONDOR_JOB_AD=/var/condor/execute/dir_4000/.job.ad
LOADEDMODULES_modshare=CRC_default/1.1:1
_CONDOR_ANCESTOR_3600=4000:1597419249:2275575005
XDG_RUNTIME_DIR=/run/user/213124
SGE_CLUSTER_NAME=CRC
CCTOOLS=../cctools
CORES=4
_CONDOR_JOB_IWD=/var/condor/execute/dir_4000
PERL_MM_OPT=INSTALL_BASE=/afs/crc.nd.edu/user/n/nkremerh/.perl5/
GLOBUS_GSSAPI_SERVER_CIPHER_ORDER=true
BASH_FUNC_module()=() {  unset _mlshdbg;
 if [ "${MODULES_SILENT_SHELL_DEBUG:-0}" = '1' ]; then
 case "$-" in 
 *v*x*)
 set +vx;
 _mlshdbg='vx'
 ;;
 *v*)
 set +v;
 _mlshdbg='v'
 ;;
 *x*)
 set +x;
 _mlshdbg='x'
 ;;
 *)
 _mlshdbg=''
 ;;
 esac;
 fi;
 unset _mlre _mlIFS;
 if [ -n "${IFS+x}" ]; then
 _mlIFS=$IFS;
 fi;
 IFS=' ';
 for _mlv in ${MODULES_RUN_QUARANTINE:-};
 do
 if [ "${_mlv}" = "${_mlv##*[!A-Za-z0-9_]}" -a "${_mlv}" = "${_mlv#[0-9]}" ]; then
 if [ -n "`eval 'echo ${'$_mlv'+x}'`" ]; then
 _mlre="${_mlre:-}${_mlv}_modquar='`eval 'echo ${'$_mlv'}'`' ";
 fi;
 _mlrv="MODULES_RUNENV_${_mlv}";
 _mlre="${_mlre:-}${_mlv}='`eval 'echo ${'$_mlrv':-}'`' ";
 fi;
 done;
 if [ -n "${_mlre:-}" ]; then
 eval `eval ${_mlre}/usr/bin/tclsh /afs/crc.nd.edu/x86_64_linux/Modules/4.5.0/libexec/modulecmd.tcl bash '"$@"'`;
 else
 eval `/usr/bin/tclsh /afs/crc.nd.edu/x86_64_linux/Modules/4.5.0/libexec/modulecmd.tcl bash "$@"`;
 fi;
 _mlstatus=$?;
 if [ -n "${_mlIFS+x}" ]; then
 IFS=$_mlIFS;
 else
 unset IFS;
 fi;
 unset _mlre _mlv _mlrv _mlIFS;
 if [ -n "${_mlshdbg:-}" ]; then
 set -$_mlshdbg;
 fi;
 unset _mlshdbg;
 return $_mlstatus
}
BASH_FUNC_ml()=() {  module ml "$@"
}
_=/usr/bin/printenv
