14555   0.000000 libjli.so->getenv("_JAVA_LAUNCHER_DEBUG") = nil
14555   0.001826 libjli.so->getenv("_JAVA_VERSION_SET") = nil
14555   0.000818 libjli.so->fopen("/usr/lib/jvm/java-1.8.0-openjdk-1.8.0.262.b10-0.el7_8.x86_64/jre/lib/amd64/jvm.cfg", "r") = 0x55ee2407c0f0
14555   0.000798 libjli.so->getenv("JDK_ALTERNATE_VM") = nil
14555   0.000325 libjli.so->__xstat(1, "/usr/lib/jvm/java-1.8.0-openjdk-1.8.0.262.b10-0.el7_8.x86_64/jre/lib/amd64/server/libjvm.so", 0x7ffe052d2430) = 0
14555   0.000578 libjli.so->getenv("LD_LIBRARY_PATH") = "/afs/crc.nd.edu/group/ccl/software/x86_64/redhat7/ruby/current/lib:/afs/crc.nd.edu/group/ccl/software/x86_64/redhat7/graphviz/current/lib:/afs/crc.nd.edu/group/ccl/software/x86_64/redhat7/git/current/lib:/afs/crc.nd.edu/group/ccl/software/x86_64/redhat7/condor/current/lib:/afs/crc.nd.edu/group/ccl/software/x86_64/redhat7/clang/current/lib:/afs/crc.nd.edu/group/ccl/software/x86_64/redhat7/condor/current/lib:/afs/crc.nd.edu/group/ccl/software/x86_64/redhat7/cctools/current/lib:/opt/crc/usr/local/lib"
14555   0.002089 libjli.so->dlopen("/usr/lib/jvm/java-1.8.0-openjdk-1.8.0.262.b10-0.el7_8.x86_64/jre/lib/amd64/server/libjvm.so", 258 <unfinished ...>
14555   0.038017 libjvm.so->getenv("NMT_LEVEL_14555") = nil
14555   0.001750 <... dlopen resumed> )          = 0x55ee2407c4c0
14555   0.000075 libjli.so->getenv("CLASSPATH")  = nil
14555   0.000306 libjli.so->getenv("_JAVA_SPLASH_JAR") = nil
14555   0.000316 libjli.so->getenv("_JAVA_SPLASH_FILE") = nil
14555   0.000320 libjli.so->pthread_attr_setdetachstate(0x7ffe052d23e0, 0, 0x7ffe052d2470, 0) = 0
14555   0.000454 libpthread.so.0->__clone(0x2aaca13ddde0, 0x2aaca12f0fc0, 0x3d0f00, 0x2aaca12f1700) = 0x38dc
14556   0.001562 libjvm.so->dlopen(0x2aaca2bbc9ae, 1, 0xfffffffffff42c48, 4096) = 0x2aaca4000990
14556   0.002406 libjvm.so->getenv(0x2aaca2bd783e, 0, 115, 0x65737361) = 0x7ffe052d86b8
14556   0.000457 libjvm.so->fopen(0x2aaca12efc10, 0x2aaca2b73ccb, 0x6f732e79666972, 0x2aaca1cb5ab0) = 0x2aaca4001440
14556   0.001354 libjvm.so->dlopen(0x2aaca12efc10, 1, 0xffffffff, 0x2aaca4002b00) = 0x2aaca4001440
14556   0.001520 libjvm.so->fopen(0x2aaca12efc10, 0x2aaca2b73ccb, 111, 0x732e6176) = 0x2aaca4001b10
14556   0.001526 libjvm.so->dlopen(0x2aaca12efc10, 1, 0xffffffff, 0x2aaca4001a00) = 0x2aaca4001b10
14556   0.001543 libjvm.so->__xstat(1, 0x2aaca12f0360, 0x2aaca12f0ba0, 0x746f7073746f682e) = -1
14556   0.000471 libjvm.so->getenv(0x2aaca2b6c541, 0x2aaca12f06d0, 1024, 0x2aaca302661b) = 0
14556   0.000546 libjvm.so->getenv(0x2aaca2b6c533, 0x2aaca12f06d0, 1024, 0) = 0
14556   0.000465 libjvm.so->fopen(0x2aaca2bbc315, 0x2aaca2b73ccb, 4095, 0xffffd5535d493b03) = 0x2aaca4003290
14556   0.001148 libjvm.so->fopen(0x2aaca2bbc361, 0x2aaca2b73ccb, 0x2aaca4000078, 0x2aaca4003280) = 0x2aaca4003290
14556   0.000681 libjvm.so->fopen(0x2aaca12ea9b0, 0x2aaca2b73ccb, 4014, 3995) = 0x2aaca4003290
14556   0.000621 libjvm.so->opendir(0x2aaca4002b40, 0x2aaca4002b40, 13, 16) = 0
14556   0.000456 libjvm.so->__xstat(1, 0x2aaca12ef8f0, 0x2aaca12ee860, 0x6f732e7477616d62) = -1
14556   0.000511 libjvm.so->__xstat(1, 0x2aaca12ef8f0, 0x2aaca12ee860, 0x5f74776162696c2f) = 0
14556   0.000479 libjvm.so->fopen(0x2aaca12eeb90, 0x2aaca2b73ccb, 4009, 3994) = 0x2aaca4003770
14556   0.000703 libjvm.so->fopen(0x2aaca12eeb90, 0x2aaca2b73ccb, 4009, 3994) = 0x2aaca4003770
14556   0.000602 libjvm.so->fopen(0x2aaca12eeb90, 0x2aaca2b73ccb, 4009, 4002) = 0x2aaca4003770
14556   0.000610 libjvm.so->fopen(0x2aaca12eeb20, 0x2aaca2b73ccb, 4009, 3994) = 0x2aaca4003770
14556   0.000587 libjvm.so->fopen(0x2aaca12eeb20, 0x2aaca2b73ccb, 4009, 3994) = 0x2aaca4003770
14556   0.000616 libjvm.so->fopen(0x2aaca12eeb20, 0x2aaca2b73ccb, 4009, 4002) = 0x2aaca4003770
14556   0.000766 libjvm.so->fopen(0x2aaca12eeb50, 0x2aaca2b73ccb, 4014, 3995) = 0x2aaca4003770
14556   0.000779 libjvm.so->getenv(0x2aaca2bbd0ff, 4096, 3, -1) = 0
14556   0.000893 libjvm.so->fopen(0x2aaca2bbc998, 0x2aaca2b73ccb, 0x2aaca13d4908, 0x2aaca13d3df0) = 0x2aaca4003770
14556   0.004873 libjvm.so->open(0x2aaca404a560, 0x20000, 0, 0x2aaca404a5a9) = 3
14556   0.000470 libjvm.so->__fxstat(1, 3, 0x2aaca12f0a00, -1) = 0
14556   0.000486 libjvm.so->opendir(0x2aaca404a560, 0x2aaca12f0a00, 0x4000, -1) = 0x2aaca404b470
14556   0.000491 libjvm.so->__fxstat(1, 3, 0x2aaca12f08a0, 0x2aaca404b470) = 0
14556   0.000427 libjvm.so->__fxstat(1, 5, 0x2aaca12f0930, -1) = 0
14556   0.000456 libjvm.so->open(0x2aaca2b8a9dc, 0, 0, 0) = 3
14556   0.000675 libjvm.so->__lxstat(1, 0x2aaca404a560, 0x2aaca12f0b50, -144) = 0
14556   0.000471 libjvm.so->open(0x2aaca404a560, 0x20000, 0x4000, -1) = 3
14556   0.000430 libjvm.so->__fxstat(1, 3, 0x2aaca12f0a00, -1) = 0
14556   0.000447 libjvm.so->opendir(0x2aaca404a560, 0x2aaca12f0a00, 0x4000, -1) = 0x2aaca404b470
14556   0.000444 libjvm.so->__fxstat(1, 3, 0x2aaca12f08a0, 0x2aaca404b470) = 0
14556   0.000457 libjvm.so->__fxstat(1, 5, 0x2aaca12f0930, -1) = 0
14556   0.000486 libjvm.so->open(0x2aaca2b8a9dc, 0, 0, 0) = 3
14556   0.000508 libjvm.so->open(0x2aaca404a5a9, 0x20042, 384, -1) = 7
14556   0.000618 libjvm.so->__fxstat(1, 7, 0x2aaca12f0b50, -1) = 0
14556   0.001696 libjvm.so->fopen(0x2aaca12efb60, 0x2aaca2b73ccb, 4, 0x6f732e70) = 0x2aaca4057bc0
14556   0.001480 libjvm.so->dlopen(0x2aaca12efb60, 1, 0xffffffff, 0x2aaca4057b00) = 0x2aaca4057bc0
14556   0.001466 libjvm.so->__xstat(1, 0x2aaca12f0120, 0x2aaca12f0950, 2048) = 0
14556   0.000451 libjvm.so->__xstat(1, 0x2aaca12f0120, 0x2aaca12f0950, 2048) = 0
14556   0.000452 libjvm.so->__xstat(1, 0x2aaca12f0120, 0x2aaca12f0950, 2048) = -1
14556   0.000456 libjvm.so->__xstat(1, 0x2aaca12f0120, 0x2aaca12f0950, 2048) = 0
14556   0.000476 libjvm.so->__xstat(1, 0x2aaca12f0120, 0x2aaca12f0950, 2048) = 0
14556   0.000458 libjvm.so->__xstat(1, 0x2aaca12f0120, 0x2aaca12f0950, 2048) = 0
14556   0.000427 libjvm.so->__xstat(1, 0x2aaca12f0120, 0x2aaca12f0950, 2048) = 0
14556   0.000447 libjvm.so->__xstat(1, 0x2aaca12f0120, 0x2aaca12f0950, 2048) = -1
14556   0.000456 libjvm.so->fopen(0x2aaca4002520, 0x2aaca2b73ccb, 0, 0) = 0x2aaca4058a60
14556   0.008735 libjvm.so->open64(0x2aaca12ef410, 0, 0, 16) = 3
14556   0.000515 libjvm.so->__fxstat64(1, 3, 0x2aaca12ef240, -1) = 0
14556   0.035981 libjvm.so->__xstat(1, 0x2aaca12eff20, 0x2aaca12f0750, 2048) = -1
14556   0.000588 libjvm.so->fopen(0x2aaca12eeb20, 0x2aaca2b73ccb, 4009, 3994) = 0x2aaca40b5e20
14556   0.000672 libjvm.so->fopen(0x2aaca12eeb20, 0x2aaca2b73ccb, 4009, 3994) = 0x2aaca40b5e20
14556   0.000601 libjvm.so->fopen(0x2aaca12eeb20, 0x2aaca2b73ccb, 4009, 4002) = 0x2aaca40b5e20
14556   0.004291 libjvm.so->pthread_attr_setdetachstate(0x2aaca12f0c00, 1, 0, 0) = 0
14556   0.000500 libpthread.so.0->__clone(0x2aaca13ddde0, 0x2aacb9cb8fc0, 0x3d0f00, 0x2aacb9cb9700) = 0x38de
14556   0.015721 libjvm.so->pthread_attr_setdetachstate(0x2aaca12f0290, 1, 0, 0) = 0
14556   0.000728 libpthread.so.0->__clone(0x2aaca13ddde0, 0x2aacb9db9fc0, 0x3d0f00, 0x2aacb9dba700) = 0x38e2
14556   0.006897 libjvm.so->pthread_attr_setdetachstate(0x2aaca12f0610, 1, 0, 0) = 0
14556   0.000820 libpthread.so.0->__clone(0x2aaca13ddde0, 0x2aacb9ebafc0, 0x3d0f00, 0x2aacb9ebb700) = 0x38e3
14556   0.039621 libjvm.so->fopen(0x2aaca40e9130, 0x2aaca2b73ccb, 4, 0x6f732e70) = 0x2aaca40f1c70
14556   0.001920 libjvm.so->dlopen(0x2aaca40e9130, 1, 0xffffffff, 0x2aaca40ec300) = 0x2aaca4057bc0
14556   0.004963 libjvm.so->open64(0x2aaca12ef510, 0, 0, 16) = 5
14556   0.000898 libjvm.so->__fxstat64(1, 5, 0x2aaca12ef340, -1) = 0
14556   0.019566 libjvm.so->fopen(0x2aaca12ec130, 0x2aaca2b73ccb, 4009, 3994) = 0x2aaca40fcbc0
14556   0.001217 libjvm.so->fopen(0x2aaca12ec130, 0x2aaca2b73ccb, 4009, 3994) = 0x2aaca40fcbc0
14556   0.001151 libjvm.so->fopen(0x2aaca12ec130, 0x2aaca2b73ccb, 4009, 4002) = 0x2aaca40fcbc0
14556   0.015578 libjvm.so->pthread_attr_setdetachstate(0x2aaca12f0b50, 1, 0, 0) = 0
14556   0.001013 libpthread.so.0->__clone(0x2aaca13ddde0, 0x2aacb9fbbfc0, 0x3d0f00, 0x2aacb9fbc700) = 0x38e6
14556   0.001409 libjvm.so->__xstat64(1, 0x2aaca12f0be0, 0x2aaca12f0b50, 19) = -1
14556   0.001138 libjvm.so->pthread_attr_setdetachstate(0x2aaca12f0950, 1, 0, 0) = 0
14556   0.001113 libpthread.so.0->__clone(0x2aaca13ddde0, 0x2aacba0bcfc0, 0x3d0f00, 0x2aacba0bd700) = 0x38e7
14556   0.001660 libjvm.so->pthread_attr_setdetachstate(0x2aaca12f0950, 1, 0, 0) = 0
14556   0.001294 libpthread.so.0->__clone(0x2aaca13ddde0, 0x2aacba1bdfc0, 0x3d0f00, 0x2aacba1be700) = 0x38e8
14556   0.007736 libjvm.so->pthread_attr_setdetachstate(0x2aaca12f0aa0, 1, 0, 0) = 0
14556   0.001424 libpthread.so.0->__clone(0x2aaca13ddde0, 0x2aacba2befc0, 0x3d0f00, 0x2aacba2bf700) = 0x38e9
14556   0.003414 libjvm.so->pthread_attr_setdetachstate(0x2aaca12f0bb0, 1, 0, 0) = 0
14556   0.001962 libpthread.so.0->__clone(0x2aaca13ddde0, 0x2aacba3bffc0, 0x3d0f00, 0x2aacba3c0700) = 0x38ea
14556   0.016699 libjvm.so->open64(0x2aaca4121780, 0, 0, 0) = 7
14556   0.001706 libjvm.so->__fxstat64(1, 7, 0x2aaca12edf60, -1) = 0
14556   0.028774 libjvm.so->fopen(0x2aaca415c5d0, 0x2aaca2b73ccb, 4, 0x6f732e6f) = 0x2aaca415c690
14556   0.004813 libjvm.so->dlopen(0x2aaca415c5d0, 1, 0xffffffff, 0x2aaca415c600) = 0x2aaca415c690
14556   0.138520 libjvm.so->fopen(0x2aaca41a5870, 0x2aaca2b73ccb, 4, 0x6f732e74) = 0x2aaca41a5930
14556   0.003281 libjvm.so->dlopen(0x2aaca41a5870, 1, 0xffffffff, 0x2aaca41a5800) = 0x2aaca41bfcf0
14556   0.143563 libjvm.so->fopen(0x2aaca4220ca0, 0x2aaca2b73ccb, 0x6f732e7373656c, 0x656c646165685f74) = 0x2aaca4220d80
14556   0.002905 libjvm.so->dlopen(0x2aaca4220ca0, 1, 0xffffffff, 0x2aaca4220d00) = 0x2aaca4220d80
14556   0.024370 libjvm.so->fopen(0x2aaca12e9990, 0x2aaca2b73ccb, 0x6f732e, 0x6d766a62696c2f72) = 0x2aaca422ac10
14556   0.006234 libjvm.so->dlopen(0x2aaca12e9990, 1, 0xffffffff, 0x2aaca422a100) = 0x55ee2407c4c0
14556   0.001725 libjvm.so->fopen(0x2aaca12e9990, 0x2aaca2b73ccb, 0x6f732e, 0x6d766a62696c2f72) = 0x2aaca422abb0
14556   0.005409 libjvm.so->dlopen(0x2aaca12e9990, 1, 0xffffffff, 0x2aaca422a100) = 0x55ee2407c4c0
14556   0.004296 libjvm.so->fopen(0x2aaca12e9990, 0x2aaca2b73ccb, 0x6f732e, 0x6d766a62696c2f72) = 0x2aaca422abb0
14556   0.004010 libjvm.so->dlopen(0x2aaca12e9990, 1, 0xffffffff, 0x2aaca422a100) = 0x55ee2407c4c0
14556   0.001690 libjvm.so->fopen(0x2aaca12e9990, 0x2aaca2b73ccb, 0x6f732e, 0x6d766a62696c2f72) = 0x2aaca422abb0
14556   0.004017 libjvm.so->dlopen(0x2aaca12e9990, 1, 0xffffffff, 0x2aaca422a100) = 0x55ee2407c4c0
14556   0.249870 libjvm.so->fopen(0x2aaca12eded0, 0x2aaca2b73ccb, 111, 0x732e6176) = 0x2aaca4269250
14556   0.006289 libjvm.so->dlopen(0x2aaca12eded0, 1, 0xffffffff, 0x2aaca4269100) = 0x2aaca4001b10
14556   0.001738 libjvm.so->fopen(0x2aaca12eded0, 0x2aaca2b73ccb, 111, 0x732e6176) = 0x2aaca4269250
14556   0.002821 libjvm.so->dlopen(0x2aaca12eded0, 1, 0xffffffff, 0x2aaca4269100) = 0x2aaca4001b10
14556   0.001675 libjvm.so->fopen(0x2aaca12eded0, 0x2aaca2b73ccb, 111, 0x732e6176) = 0x2aaca4269250
14556   0.002737 libjvm.so->dlopen(0x2aaca12eded0, 1, 0xffffffff, 0x2aaca4269100) = 0x2aaca4001b10
14556   0.001682 libjvm.so->fopen(0x2aaca12eded0, 0x2aaca2b73ccb, 111, 0x732e6176) = 0x2aaca4269250
14556   0.002882 libjvm.so->dlopen(0x2aaca12eded0, 1, 0xffffffff, 0x2aaca4269100) = 0x2aaca4001b10
14556   0.014896 libjvm.so->fopen(0x2aaca12edeb0, 0x2aaca2b73ccb, 111, 0x732e6176) = 0x2aaca4269250
14556   0.006422 libjvm.so->dlopen(0x2aaca12edeb0, 1, 0xffffffff, 0x2aaca4269000) = 0x2aaca4001b10
14556   0.001668 libjvm.so->fopen(0x2aaca12edeb0, 0x2aaca2b73ccb, 111, 0x732e6176) = 0x2aaca4269250
14556   0.002791 libjvm.so->dlopen(0x2aaca12edeb0, 1, 0xffffffff, 0x2aaca4269000) = 0x2aaca4001b10
14556   0.004272 libjvm.so->fopen(0x2aaca12edeb0, 0x2aaca2b73ccb, 111, 0x732e6176) = 0x2aaca4269250
14556   0.002689 libjvm.so->dlopen(0x2aaca12edeb0, 1, 0xffffffff, 0x2aaca4269000) = 0x2aaca4001b10
14556   0.001614 libjvm.so->fopen(0x2aaca12edeb0, 0x2aaca2b73ccb, 111, 0x732e6176) = 0x2aaca4269250
14556   0.003051 libjvm.so->dlopen(0x2aaca12edeb0, 1, 0xffffffff, 0x2aaca4269000) = 0x2aaca4001b10
14556   0.171117 --- SIGSEGV (Segmentation fault) ---
14570  12.343043 +++ exited (status 0) +++
14566   0.001067 +++ exited (status 0) +++
14558   0.000226 +++ exited (status 0) +++
14556   0.000269 +++ exited (status 0) +++
14563   0.000330 +++ exited (status 0) +++
14569   0.000027 +++ exited (status 0) +++
14567   0.000030 +++ exited (status 0) +++
14562   0.000014 +++ exited (status 0) +++
14568   0.024526 +++ exited (status 0) +++
14555   0.000092 +++ exited (status 0) +++
Wrote an ltrace for command: "java -cp ./tools/maxent.jar density.MaxEnt -s outputs/Andrena_mellea_Cresson.csv -e data/layers/worldclim -o outputs/Andrena_mellea_Cresson nowarnings nocache autorun -z" with PID 14553 from PPID 14535 on disc22.crc.nd.edu with result 0
REMOTEHOST=129.74.154.87
MANPATH=/afs/crc.nd.edu/user/n/nkremerh/cctools/share/man/:/afs/crc.nd.edu/group/ccl/software/x86_64/redhat7/ruby/current/share/man:/afs/crc.nd.edu/group/ccl/software/x86_64/redhat7/graphviz/current/share/man:/afs/crc.nd.edu/group/ccl/software/x86_64/redhat7/gnuplot/current/share/man:/afs/crc.nd.edu/group/ccl/software/x86_64/redhat7/git/current/share/man:/afs/crc.nd.edu/group/ccl/software/x86_64/redhat7/condor/current/share/man:/afs/crc.nd.edu/group/ccl/software/x86_64/redhat7/clang/current/share/man:/afs/crc.nd.edu/group/ccl/software/x86_64/redhat7/condor/current/share/man:/afs/crc.nd.edu/group/ccl/software/x86_64/redhat7/cctools/current/share/man:/afs/crc.nd.edu/group/ccl/software/x86_64/redhat7/cctools/current/share/man:/afs/crc.nd.edu/x86_64_linux/Modules/4.5.0/share/man:/opt/crc/usr/local/man:/opt/sge/man:/usr/share/man/overrides:/usr/share/man:/usr/local/share/man
_CONDOR_JOB_PIDS=
XDG_SESSION_ID=2226
HOSTNAME=disc01.crc.nd.edu
_LMFILES__modshare=/afs/crc.nd.edu/x86_64_linux/Modules/modules/system_modules/CRC_default/1.1:1
MODULEPATH_modshare=/afs/crc.nd.edu/x86_64_linux/Modules/modules/general_software:1:/afs/crc.nd.edu/x86_64_linux/Modules/modules/development_tools_and_libraries:1:/afs/crc.nd.edu/x86_64_linux/Modules/modules/system_modules:1:/afs/crc.nd.edu/x86_64_linux/Modules/current/modulefiles:1:/afs/crc.nd.edu/x86_64_linux/Modules/modules/restricted_software:1:/afs/crc.nd.edu/x86_64_linux/Modules/modules/deprecated_software:1
TERM=xterm-256color
SHELL=/bin/tcsh
HOST=disc01.crc.nd.edu
MODULES_CMD=/afs/crc.nd.edu/x86_64_linux/Modules/4.5.0/libexec/modulecmd.tcl
HISTSIZE=5000
MAKEFLAGS=
SSH_CLIENT=129.74.154.87 57278 22
TMPDIR=/var/condor/execute/dir_6467/worker-213124-6543/t.1079/cctools-temp-t.1079.krbwvQ
PERL5LIB=/afs/crc.nd.edu/user/n/nkremerh/cctools/lib/perl5/site_perl/5.16.3:/afs/crc.nd.edu/user/n/nkremerh/.perl5/lib/perl5
SGE_CELL=crc
_CONDOR_SCRATCH_DIR=/var/condor/execute/dir_6467
PERL_MB_OPT=--install_base '/afs/crc.nd.edu/user/n/nkremerh/.perl5/'
SSH_TTY=/dev/pts/0
SGE_LOAD_AVG=load_avg
MAKEFLOW_MAX_LOCAL_JOBS=2
GROUP=campus
USER=nkremerh
_CHIRP_DELAYED_UPDATE_PREFIX=Chirp*
HISTFILESIZE=10000
TEMP=/var/condor/execute/dir_6467/worker-213124-6543/t.1079/cctools-temp-t.1079.krbwvQ
LD_LIBRARY_PATH=/afs/crc.nd.edu/group/ccl/software/x86_64/redhat7/ruby/current/lib:/afs/crc.nd.edu/group/ccl/software/x86_64/redhat7/graphviz/current/lib:/afs/crc.nd.edu/group/ccl/software/x86_64/redhat7/git/current/lib:/afs/crc.nd.edu/group/ccl/software/x86_64/redhat7/condor/current/lib:/afs/crc.nd.edu/group/ccl/software/x86_64/redhat7/clang/current/lib:/afs/crc.nd.edu/group/ccl/software/x86_64/redhat7/condor/current/lib:/afs/crc.nd.edu/group/ccl/software/x86_64/redhat7/cctools/current/lib:/opt/crc/usr/local/lib
BATCH_SYSTEM=HTCondor
MODULES_LMALTNAME=CRC_default/1.1&CRC_default/default&CRC_default
ENV=/afs/crc.nd.edu/x86_64_linux/Modules/4.5.0/init/profile.sh
WORKER_TMPDIR=/var/condor/execute/dir_6467/worker-213124-6543/cache/tmp
HOSTTYPE=x86_64-linux
_CONDOR_HIGHPORT=9999
GLOBUS_GSSAPI_MAX_TLS_PROTOCOL=0
_CONDOR_CHIRP_CONFIG=/var/condor/execute/dir_6467/.chirp.config
MAKELEVEL=1
MFLAGS=
_CONDOR_ANCESTOR_3778=6467:1597419250:2083861505
MAIL=/var/spool/mail/nkremerh
PATH=/afs/crc.nd.edu/user/n/nkremerh/cctools/bin:/afs/crc.nd.edu/user/n/nkremerh/miniconda/bin:/afs/crc.nd.edu/group/ccl/software/git:/afs/crc.nd.edu/user/n/nkremerh/.local/bin:/afs/crc.nd.edu/group/ccl/software/x86_64/redhat7/povray/3.7/bin:/afs/crc.nd.edu/user/n/nkremerh/.perl5/bin:/afs/crc.nd.edu/user/n/nkremerh/pegasus/bin:/afs/crc.nd.edu/user/n/nkremerh/nodejs/bin:/afs/crc.nd.edu/user/n/nkremerh/montage/bin:/afs/crc.nd.edu/user/n/nkremerh/latexdiff:/afs/crc.nd.edu/user/n/nkremerh/envtrace:/afs/crc.nd.edu/user/n/nkremerh/endlines:/afs/crc.nd.edu/user/n/nkremerh/cctools/bin:/afs/crc.nd.edu/user/n/nkremerh/.cargo/bin:/afs/crc.nd.edu/group/ccl/software/x86_64/redhat7/ruby/current/bin:/afs/crc.nd.edu/group/ccl/software/x86_64/redhat7/graphviz/current/bin:/afs/crc.nd.edu/group/ccl/software/x86_64/redhat7/gnuplot/current/bin:/afs/crc.nd.edu/group/ccl/software/x86_64/redhat7/git/current/bin:/afs/crc.nd.edu/group/ccl/software/x86_64/redhat7/condor/current/sbin:/afs/crc.nd.edu/group/ccl/software/x86_64/redhat7/condor/current/bin:/afs/crc.nd.edu/group/ccl/software/x86_64/redhat7/cmake/current/bin:/afs/crc.nd.edu/group/ccl/software/x86_64/redhat7/clang/current/bin:/afs/crc.nd.edu/group/ccl/software/x86_64/redhat7/condor/current/sbin:/afs/crc.nd.edu/group/ccl/software/x86_64/redhat7/condor/current/bin:/afs/crc.nd.edu/group/ccl/software/x86_64/redhat7/cctools/current/bin:/afs/crc.nd.edu/x86_64_linux/Modules/4.5.0/bin:/opt/crc/usr/local/bin:/opt/sge/bin/lx-amd64:/usr/local/bin:/usr/bin:/usr/local/sbin:/usr/sbin:/afs/crc.nd.edu/user/c/condor/software/bin:/afs/crc.nd.edu/user/c/condor/software/sbin
CCLSOFTWARE=/afs/crc.nd.edu/group/ccl/software/x86_64/redhat7
_CONDOR_ANCESTOR_6467=6476:1597419253:2694272566
PWD=/var/condor/execute/dir_6467/worker-213124-6543/t.1079
_LMFILES_=/afs/crc.nd.edu/x86_64_linux/Modules/modules/system_modules/CRC_default/1.1
EDITOR=vim
SGE_EXECD_PORT=6445
LANG=en_US.UTF-8
SGE_QMASTER_PORT=6444
MODULEPATH=/afs/crc.nd.edu/x86_64_linux/Modules/modules/development_tools_and_libraries:/afs/crc.nd.edu/x86_64_linux/Modules/modules/general_software:/afs/crc.nd.edu/x86_64_linux/Modules/modules/restricted_software:/afs/crc.nd.edu/x86_64_linux/Modules/modules/system_modules:/afs/crc.nd.edu/x86_64_linux/Modules/modules/deprecated_software:/afs/crc.nd.edu/x86_64_linux/Modules/current/modulefiles
LOADEDMODULES=CRC_default/1.1
SGE_ROOT=/opt/sge
CCLPLATFORM=x86_64/redhat7
_CONDOR_SLOT=slot2_2
WORK_QUEUE_SANDBOX=/var/condor/execute/dir_6467/worker-213124-6543
USE_SYSTEMD=true
_CONDOR_LOWPORT=9100
HISTCONTROL=ignoreboth:erasedups
KRB5CCNAME=FILE:/tmp/krb5cc_213124_jfvfni
GLOBUS_GSSAPI_NAME_COMPATIBILITY=STRICT_RFC2818
HOME=disc01.crc.nd.edu
SHLVL=6
PATH_modshare=/opt/crc/usr/local/bin:1:/opt/sge/bin/lx-amd64:1:/usr/sbin:1:/usr/bin:1:/afs/crc.nd.edu/user/c/condor/software/sbin:1:/usr/local/sbin:1:/afs/crc.nd.edu/user/c/condor/software/bin:1:/usr/local/bin:1
OSTYPE=linux
_CONDOR_MACHINE_AD=/var/condor/execute/dir_6467/.machine.ad
GREP_OPTIONS=--color=auto
DISK=18258
GLOBUS_GSSAPI_MIN_TLS_PROTOCOL=TLS1_VERSION
_CONDOR_ANCESTOR_3598=3778:1596369973:332739166
MANPATH_modshare=/usr/share/man/overrides:1:/usr/local/share/man:1:/usr/share/man:1:/opt/crc/usr/local/man:1:/opt/sge/man:1
MEMORY=1948
PERL_LOCAL_LIB_ROOT=/afs/crc.nd.edu/user/n/nkremerh/.perl5/
BASH_ENV=/afs/crc.nd.edu/x86_64_linux/Modules/4.5.0/init/bash
VENDOR=unknown
TMP=/var/condor/execute/dir_6467/worker-213124-6543/t.1079/cctools-temp-t.1079.krbwvQ
LOGNAME=nkremerh
MACHTYPE=x86_64
CCLHOME=/afs/crc.nd.edu/group/ccl
PYTHONPATH=/afs/crc.nd.edu/user/n/nkremerh/cctools/lib/python3.6/site-packages/
LD_LIBRARY_PATH_modshare=/opt/crc/usr/local/lib:1
SSH_CONNECTION=129.74.154.87 57278 129.74.128.103 22
MODULES_LMALTNAME_modshare=CRC_default/1.1&CRC_default/default&CRC_default:1
MODULESHOME=/afs/crc.nd.edu/x86_64_linux/Modules/4.5.0
GLOBUS_GSSAPI_CIPHERS=HIGH
GLOBUS_GSSAPI_BACKWARD_COMPATIBLE_MIC=true
LESSOPEN=||/usr/bin/lesspipe.sh %s
OMP_NUM_THREADS=1
_CONDOR_JOB_AD=/var/condor/execute/dir_6467/.job.ad
LOADEDMODULES_modshare=CRC_default/1.1:1
XDG_RUNTIME_DIR=/run/user/213124
SGE_CLUSTER_NAME=CRC
CCTOOLS=../cctools
CORES=2
_CONDOR_JOB_IWD=/var/condor/execute/dir_6467
PERL_MM_OPT=INSTALL_BASE=/afs/crc.nd.edu/user/n/nkremerh/.perl5/
GLOBUS_GSSAPI_SERVER_CIPHER_ORDER=true
BASH_FUNC_module()=() {  unset _mlshdbg;
 if [ "${MODULES_SILENT_SHELL_DEBUG:-0}" = '1' ]; then
 case "$-" in 
 *v*x*)
 set +vx;
 _mlshdbg='vx'
 ;;
 *v*)
 set +v;
 _mlshdbg='v'
 ;;
 *x*)
 set +x;
 _mlshdbg='x'
 ;;
 *)
 _mlshdbg=''
 ;;
 esac;
 fi;
 unset _mlre _mlIFS;
 if [ -n "${IFS+x}" ]; then
 _mlIFS=$IFS;
 fi;
 IFS=' ';
 for _mlv in ${MODULES_RUN_QUARANTINE:-};
 do
 if [ "${_mlv}" = "${_mlv##*[!A-Za-z0-9_]}" -a "${_mlv}" = "${_mlv#[0-9]}" ]; then
 if [ -n "`eval 'echo ${'$_mlv'+x}'`" ]; then
 _mlre="${_mlre:-}${_mlv}_modquar='`eval 'echo ${'$_mlv'}'`' ";
 fi;
 _mlrv="MODULES_RUNENV_${_mlv}";
 _mlre="${_mlre:-}${_mlv}='`eval 'echo ${'$_mlrv':-}'`' ";
 fi;
 done;
 if [ -n "${_mlre:-}" ]; then
 eval `eval ${_mlre}/usr/bin/tclsh /afs/crc.nd.edu/x86_64_linux/Modules/4.5.0/libexec/modulecmd.tcl bash '"$@"'`;
 else
 eval `/usr/bin/tclsh /afs/crc.nd.edu/x86_64_linux/Modules/4.5.0/libexec/modulecmd.tcl bash "$@"`;
 fi;
 _mlstatus=$?;
 if [ -n "${_mlIFS+x}" ]; then
 IFS=$_mlIFS;
 else
 unset IFS;
 fi;
 unset _mlre _mlv _mlrv _mlIFS;
 if [ -n "${_mlshdbg:-}" ]; then
 set -$_mlshdbg;
 fi;
 unset _mlshdbg;
 return $_mlstatus
}
BASH_FUNC_ml()=() {  module ml "$@"
}
_=/usr/bin/printenv
