30360   0.000000 libjli.so->getenv("_JAVA_LAUNCHER_DEBUG") = nil
30360   0.001730 libjli.so->getenv("_JAVA_VERSION_SET") = nil
30360   0.000667 libjli.so->fopen("/usr/lib/jvm/java-1.8.0-openjdk-1.8.0.262.b10-0.el7_8.x86_64/jre/lib/amd64/jvm.cfg", "r") = 0x56373f8a60e0
30360   0.000825 libjli.so->getenv("JDK_ALTERNATE_VM") = nil
30360   0.000308 libjli.so->__xstat(1, "/usr/lib/jvm/java-1.8.0-openjdk-1.8.0.262.b10-0.el7_8.x86_64/jre/lib/amd64/server/libjvm.so", 0x7ffdf3322d40) = 0
30360   0.000632 libjli.so->getenv("LD_LIBRARY_PATH") = "/afs/crc.nd.edu/group/ccl/software/x86_64/redhat7/ruby/current/lib:/afs/crc.nd.edu/group/ccl/software/x86_64/redhat7/graphviz/current/lib:/afs/crc.nd.edu/group/ccl/software/x86_64/redhat7/git/current/lib:/afs/crc.nd.edu/group/ccl/software/x86_64/redhat7/condor/current/lib:/afs/crc.nd.edu/group/ccl/software/x86_64/redhat7/clang/current/lib:/afs/crc.nd.edu/group/ccl/software/x86_64/redhat7/condor/current/lib:/afs/crc.nd.edu/group/ccl/software/x86_64/redhat7/cctools/current/lib:/opt/crc/usr/local/lib"
30360   0.002248 libjli.so->dlopen("/usr/lib/jvm/java-1.8.0-openjdk-1.8.0.262.b10-0.el7_8.x86_64/jre/lib/amd64/server/libjvm.so", 258 <unfinished ...>
30360   0.040281 libjvm.so->getenv("NMT_LEVEL_30360") = nil
30360   0.001701 <... dlopen resumed> )          = 0x56373f8a64b0
30360   0.000078 libjli.so->getenv("CLASSPATH")  = nil
30360   0.000306 libjli.so->getenv("_JAVA_SPLASH_JAR") = nil
30360   0.000319 libjli.so->getenv("_JAVA_SPLASH_FILE") = nil
30360   0.000323 libjli.so->pthread_attr_setdetachstate(0x7ffdf3322cf0, 0, 0x7ffdf3322d80, 0) = 0
30360   0.000429 libpthread.so.0->__clone(0x2b756e9c8de0, 0x2b756e8dbfc0, 0x3d0f00, 0x2b756e8dc700) = 0x769d
30365   0.001519 libjvm.so->dlopen(0x2b75701a79ae, 1, 0xfffffffffff42c48, 4096) = 0x2b7574000990
30365   0.002427 libjvm.so->getenv(0x2b75701c283e, 0, 115, 0x65737361) = 0x7ffdf33296b4
30365   0.000514 libjvm.so->fopen(0x2b756e8dac10, 0x2b757015eccb, 0x6f732e79666972, 0x2b756f2a0ab0) = 0x2b7574001440
30365   0.001511 libjvm.so->dlopen(0x2b756e8dac10, 1, 0xffffffff, 0x2b7574002b00) = 0x2b7574001440
30365   0.001608 libjvm.so->fopen(0x2b756e8dac10, 0x2b757015eccb, 111, 0x732e6176) = 0x2b7574001b10
30365   0.001556 libjvm.so->dlopen(0x2b756e8dac10, 1, 0xffffffff, 0x2b7574001a00) = 0x2b7574001b10
30365   0.001565 libjvm.so->__xstat(1, 0x2b756e8db360, 0x2b756e8dbba0, 0x746f7073746f682e) = -1
30365   0.000515 libjvm.so->getenv(0x2b7570157541, 0x2b756e8db6d0, 1024, 0x2b757061161b) = 0
30365   0.000445 libjvm.so->getenv(0x2b7570157533, 0x2b756e8db6d0, 1024, 0) = 0
30365   0.000446 libjvm.so->fopen(0x2b75701a7315, 0x2b757015eccb, 4095, 0xffffd48a8fea8b03) = 0x2b75740032b0
30365   0.001047 libjvm.so->fopen(0x2b75701a7361, 0x2b757015eccb, 0x2b7574000078, 0x2b75740032a0) = 0x2b75740032b0
30365   0.000692 libjvm.so->fopen(0x2b756e8d59b0, 0x2b757015eccb, 4014, 3995) = 0x2b75740032b0
30365   0.000646 libjvm.so->opendir(0x2b7574002b40, 0x2b7574002b40, 13, 16) = 0
30365   0.000458 libjvm.so->__xstat(1, 0x2b756e8da8f0, 0x2b756e8d9860, 0x6f732e7477616d62) = -1
30365   0.000456 libjvm.so->__xstat(1, 0x2b756e8da8f0, 0x2b756e8d9860, 0x5f74776162696c2f) = 0
30365   0.000548 libjvm.so->fopen(0x2b756e8d9b90, 0x2b757015eccb, 4009, 3994) = 0x2b7574003790
30365   0.000675 libjvm.so->fopen(0x2b756e8d9b90, 0x2b757015eccb, 4009, 3994) = 0x2b7574003790
30365   0.000605 libjvm.so->fopen(0x2b756e8d9b90, 0x2b757015eccb, 4009, 4002) = 0x2b7574003790
30365   0.000632 libjvm.so->fopen(0x2b756e8d9b20, 0x2b757015eccb, 4009, 3994) = 0x2b7574003790
30365   0.000655 libjvm.so->fopen(0x2b756e8d9b20, 0x2b757015eccb, 4009, 3994) = 0x2b7574003790
30365   0.000658 libjvm.so->fopen(0x2b756e8d9b20, 0x2b757015eccb, 4009, 4002) = 0x2b7574003790
30365   0.000623 libjvm.so->fopen(0x2b756e8d9b50, 0x2b757015eccb, 4014, 3995) = 0x2b7574003790
30365   0.000845 libjvm.so->getenv(0x2b75701a80ff, 4096, 3, -1) = 0
30365   0.000897 libjvm.so->fopen(0x2b75701a7998, 0x2b757015eccb, 0x2b756e9bf908, 0x2b756e9bedf0) = 0x2b7574003790
30365   0.004615 libjvm.so->open(0x2b757404a580, 0x20000, 0, 0x2b757404a5c9) = 3
30365   0.000452 libjvm.so->__fxstat(1, 3, 0x2b756e8dba00, -1) = 0
30365   0.000466 libjvm.so->opendir(0x2b757404a580, 0x2b756e8dba00, 0x4000, -1) = 0x2b757404b490
30365   0.000472 libjvm.so->__fxstat(1, 3, 0x2b756e8db8a0, 0x2b757404b490) = 0
30365   0.000417 libjvm.so->__fxstat(1, 5, 0x2b756e8db930, -1) = 0
30365   0.000463 libjvm.so->open(0x2b75701759dc, 0, 0, 0) = 3
30365   0.000643 libjvm.so->__lxstat(1, 0x2b757404a580, 0x2b756e8dbb50, -144) = 0
30365   0.000451 libjvm.so->open(0x2b757404a580, 0x20000, 0x4000, -1) = 3
30365   0.000420 libjvm.so->__fxstat(1, 3, 0x2b756e8dba00, -1) = 0
30365   0.000469 libjvm.so->opendir(0x2b757404a580, 0x2b756e8dba00, 0x4000, -1) = 0x2b757404b490
30365   0.000509 libjvm.so->__fxstat(1, 3, 0x2b756e8db8a0, 0x2b757404b490) = 0
30365   0.000479 libjvm.so->__fxstat(1, 5, 0x2b756e8db930, -1) = 0
30365   0.000471 libjvm.so->open(0x2b75701759dc, 0, 0, 0) = 3
30365   0.000484 libjvm.so->open(0x2b757404a5c9, 0x20042, 384, -1) = 7
30365   0.000638 libjvm.so->__fxstat(1, 7, 0x2b756e8dbb50, -1) = 0
30365   0.001668 libjvm.so->fopen(0x2b756e8dab60, 0x2b757015eccb, 4, 0x6f732e70) = 0x2b7574057be0
30365   0.001457 libjvm.so->dlopen(0x2b756e8dab60, 1, 0xffffffff, 0x2b7574057b00) = 0x2b7574057be0
30365   0.001430 libjvm.so->__xstat(1, 0x2b756e8db120, 0x2b756e8db950, 2048) = 0
30365   0.000440 libjvm.so->__xstat(1, 0x2b756e8db120, 0x2b756e8db950, 2048) = 0
30365   0.000513 libjvm.so->__xstat(1, 0x2b756e8db120, 0x2b756e8db950, 2048) = -1
30365   0.000452 libjvm.so->__xstat(1, 0x2b756e8db120, 0x2b756e8db950, 2048) = 0
30365   0.000496 libjvm.so->__xstat(1, 0x2b756e8db120, 0x2b756e8db950, 2048) = 0
30365   0.000454 libjvm.so->__xstat(1, 0x2b756e8db120, 0x2b756e8db950, 2048) = 0
30365   0.000556 libjvm.so->__xstat(1, 0x2b756e8db120, 0x2b756e8db950, 2048) = 0
30365   0.000461 libjvm.so->__xstat(1, 0x2b756e8db120, 0x2b756e8db950, 2048) = -1
30365   0.000534 libjvm.so->fopen(0x2b7574002520, 0x2b757015eccb, 0, 0) = 0x2b7574058a80
30365   0.008433 libjvm.so->open64(0x2b756e8da410, 0, 0, 16) = 3
30365   0.000463 libjvm.so->__fxstat64(1, 3, 0x2b756e8da240, -1) = 0
30365   0.036405 libjvm.so->__xstat(1, 0x2b756e8daf20, 0x2b756e8db750, 2048) = -1
30365   0.000534 libjvm.so->fopen(0x2b756e8d9b20, 0x2b757015eccb, 4009, 3994) = 0x2b75740b5ec0
30365   0.000761 libjvm.so->fopen(0x2b756e8d9b20, 0x2b757015eccb, 4009, 3994) = 0x2b75740b5ec0
30365   0.000615 libjvm.so->fopen(0x2b756e8d9b20, 0x2b757015eccb, 4009, 4002) = 0x2b75740b5ec0
30365   0.004165 libjvm.so->pthread_attr_setdetachstate(0x2b756e8dbc00, 1, 0, 0) = 0
30365   0.000604 libpthread.so.0->__clone(0x2b756e9c8de0, 0x2b75872d0fc0, 0x3d0f00, 0x2b75872d1700) = 0x769e
30365   0.015497 libjvm.so->pthread_attr_setdetachstate(0x2b756e8db290, 1, 0, 0) = 0
30365   0.000644 libpthread.so.0->__clone(0x2b756e9c8de0, 0x2b75873d1fc0, 0x3d0f00, 0x2b75873d2700) = 0x769f
30365   0.006847 libjvm.so->pthread_attr_setdetachstate(0x2b756e8db610, 1, 0, 0) = 0
30365   0.000788 libpthread.so.0->__clone(0x2b756e9c8de0, 0x2b75874d2fc0, 0x3d0f00, 0x2b75874d3700) = 0x76a0
30365   0.039387 libjvm.so->fopen(0x2b75740f17e0, 0x2b757015eccb, 4, 0x6f732e70) = 0x2b75740f1ce0
30365   0.001978 libjvm.so->dlopen(0x2b75740f17e0, 1, 0xffffffff, 0x2b75740e8c00) = 0x2b7574057be0
30365   0.005082 libjvm.so->open64(0x2b756e8da510, 0, 0, 16) = 5
30365   0.000932 libjvm.so->__fxstat64(1, 5, 0x2b756e8da340, -1) = 0
30365   0.019748 libjvm.so->fopen(0x2b756e8d7130, 0x2b757015eccb, 4009, 3994) = 0x2b75740fccb0
30365   0.001156 libjvm.so->fopen(0x2b756e8d7130, 0x2b757015eccb, 4009, 3994) = 0x2b75740fccb0
30365   0.001168 libjvm.so->fopen(0x2b756e8d7130, 0x2b757015eccb, 4009, 4002) = 0x2b75740fccb0
30365   0.015204 libjvm.so->pthread_attr_setdetachstate(0x2b756e8dbb50, 1, 0, 0) = 0
30365   0.000942 libpthread.so.0->__clone(0x2b756e9c8de0, 0x2b75875d3fc0, 0x3d0f00, 0x2b75875d4700) = 0x76a1
30365   0.001446 libjvm.so->__xstat64(1, 0x2b756e8dbbe0, 0x2b756e8dbb50, 19) = -1
30365   0.001186 libjvm.so->pthread_attr_setdetachstate(0x2b756e8db950, 1, 0, 0) = 0
30365   0.001358 libpthread.so.0->__clone(0x2b756e9c8de0, 0x2b75876d4fc0, 0x3d0f00, 0x2b75876d5700) = 0x76a2
30365   0.001683 libjvm.so->pthread_attr_setdetachstate(0x2b756e8db950, 1, 0, 0) = 0
30365   0.001270 libpthread.so.0->__clone(0x2b756e9c8de0, 0x2b75877d5fc0, 0x3d0f00, 0x2b75877d6700) = 0x76a3
30365   0.007646 libjvm.so->pthread_attr_setdetachstate(0x2b756e8dbaa0, 1, 0, 0) = 0
30365   0.001431 libpthread.so.0->__clone(0x2b756e9c8de0, 0x2b75878d6fc0, 0x3d0f00, 0x2b75878d7700) = 0x76a4
30365   0.002282 libjvm.so->pthread_attr_setdetachstate(0x2b756e8dbbb0, 1, 0, 0) = 0
30365   0.001606 libpthread.so.0->__clone(0x2b756e9c8de0, 0x2b75879d7fc0, 0x3d0f00, 0x2b75879d8700) = 0x76a5
30365   0.014707 libjvm.so->open64(0x2b757412e8b0, 0, 0, 48) = 7
30365   0.001686 libjvm.so->__fxstat64(1, 7, 0x2b756e8d8f60, -1) = 0
30365   0.025442 libjvm.so->fopen(0x2b75741545e0, 0x2b757015eccb, 4, 0x6f732e6f) = 0x2b75741546a0
30365   0.003389 libjvm.so->dlopen(0x2b75741545e0, 1, 0xffffffff, 0x2b7574154600) = 0x2b75741546a0
30365   0.103505 libjvm.so->fopen(0x2b756e8d5e40, 0x2b757015eccb, 0x6f732e, 0x6d766a62696c2f72) = 0x2b7574169d50
30365   0.005877 libjvm.so->dlopen(0x2b756e8d5e40, 1, 0xffffffff, 0x2b7574169c00) = 0x56373f8a64b0
30365   0.001666 libjvm.so->fopen(0x2b756e8d5e40, 0x2b757015eccb, 0x6f732e, 0x6d766a62696c2f72) = 0x2b757416a150
30365   0.005030 libjvm.so->dlopen(0x2b756e8d5e40, 1, 0xffffffff, 0x2b7574169c00) = 0x56373f8a64b0
30365   0.001665 libjvm.so->fopen(0x2b756e8d5e40, 0x2b757015eccb, 0x6f732e, 0x6d766a62696c2f72) = 0x2b7574169d50
30365   0.003671 libjvm.so->dlopen(0x2b756e8d5e40, 1, 0xffffffff, 0x2b7574169c00) = 0x56373f8a64b0
30365   0.001630 libjvm.so->fopen(0x2b756e8d5e40, 0x2b757015eccb, 0x6f732e, 0x6d766a62696c2f72) = 0x2b7574169d50
30365   0.003520 libjvm.so->dlopen(0x2b756e8d5e40, 1, 0xffffffff, 0x2b7574169c00) = 0x56373f8a64b0
30365   0.045283 libjvm.so->fopen(0x2b75741af340, 0x2b757015eccb, 4, 0x6f732e74) = 0x2b75741bd290
30365   0.003077 libjvm.so->dlopen(0x2b75741af340, 1, 0xffffffff, 0x2b75741a5600) = 0x2b75741bd290
30365   0.142189 libjvm.so->fopen(0x2b75742403a0, 0x2b757015eccb, 0x6f732e7373656c, 0x656c646165685f74) = 0x2b7574240480
30365   0.005439 libjvm.so->dlopen(0x2b75742403a0, 1, 0xffffffff, 0x2b7574240400) = 0x2b7574240480
30373   0.038526 +++ exited (status 0) +++
30369   0.000317 +++ exited (status 0) +++
30366   0.000238 +++ exited (status 0) +++
30365   0.000227 +++ exited (status 0) +++
30371   0.000294 +++ exited (status 1) +++
30372   0.000025 +++ exited (status 1) +++
30368   0.000015 +++ exited (status 1) +++
30367   0.000013 +++ exited (status 1) +++
30370   0.004553 +++ exited (status 1) +++
30360   0.000037 +++ exited (status 1) +++
Wrote an ltrace for command: "java -cp ./tools/maxent.jar density.Project outputs/Ornithomya_biloba/Ornithomya_biloba.lambdas data/layers/worldclim outputs/Ornithomya_biloba_worldclim.asc nowarnings nocache autorun -z" with PID 30357 from PPID 30341 on disc25.crc.nd.edu with result 1
REMOTEHOST=10.17.148.247
_CONDOR_JOB_PIDS=
MANPATH=/afs/crc.nd.edu/user/n/nkremerh/cctools/share/man/:/afs/crc.nd.edu/group/ccl/software/x86_64/redhat7/ruby/current/share/man:/afs/crc.nd.edu/group/ccl/software/x86_64/redhat7/graphviz/current/share/man:/afs/crc.nd.edu/group/ccl/software/x86_64/redhat7/gnuplot/current/share/man:/afs/crc.nd.edu/group/ccl/software/x86_64/redhat7/git/current/share/man:/afs/crc.nd.edu/group/ccl/software/x86_64/redhat7/condor/current/share/man:/afs/crc.nd.edu/group/ccl/software/x86_64/redhat7/clang/current/share/man:/afs/crc.nd.edu/group/ccl/software/x86_64/redhat7/condor/current/share/man:/afs/crc.nd.edu/group/ccl/software/x86_64/redhat7/cctools/current/share/man:/afs/crc.nd.edu/group/ccl/software/x86_64/redhat7/cctools/current/share/man:/afs/crc.nd.edu/x86_64_linux/Modules/4.5.0/share/man:/opt/crc/usr/local/man:/opt/sge/man:/usr/share/man/overrides:/usr/share/man:/usr/local/share/man
XDG_SESSION_ID=2686
_CONDOR_ANCESTOR_3764=17355:1599499132:1712875698
HOSTNAME=disc01.crc.nd.edu
_LMFILES__modshare=/afs/crc.nd.edu/x86_64_linux/Modules/modules/system_modules/CRC_default/1.1:1
MODULEPATH_modshare=/afs/crc.nd.edu/x86_64_linux/Modules/modules/general_software:1:/afs/crc.nd.edu/x86_64_linux/Modules/modules/development_tools_and_libraries:1:/afs/crc.nd.edu/x86_64_linux/Modules/modules/system_modules:1:/afs/crc.nd.edu/x86_64_linux/Modules/current/modulefiles:1:/afs/crc.nd.edu/x86_64_linux/Modules/modules/restricted_software:1:/afs/crc.nd.edu/x86_64_linux/Modules/modules/deprecated_software:1
MODULES_CMD=/afs/crc.nd.edu/x86_64_linux/Modules/4.5.0/libexec/modulecmd.tcl
HOST=disc01.crc.nd.edu
SHELL=/bin/tcsh
TERM=xterm-256color
MAKEFLAGS=
HISTSIZE=5000
_CONDOR_ANCESTOR_17355=17406:1599499133:3913351272
TMPDIR=/var/condor/execute/dir_17355/worker-213124-17447/t.1587/cctools-temp-t.1587.9wO2zU
SSH_CLIENT=10.17.148.247 49750 22
PERL5LIB=/afs/crc.nd.edu/user/n/nkremerh/cctools/lib/perl5/site_perl/5.16.3:/afs/crc.nd.edu/user/n/nkremerh/.perl5/lib/perl5
SGE_CELL=crc
_CONDOR_SCRATCH_DIR=/var/condor/execute/dir_17355
PERL_MB_OPT=--install_base '/afs/crc.nd.edu/user/n/nkremerh/.perl5/'
SSH_TTY=/dev/pts/0
SGE_LOAD_AVG=load_avg
MAKEFLOW_MAX_LOCAL_JOBS=2
HISTFILESIZE=10000
_CHIRP_DELAYED_UPDATE_PREFIX=Chirp*
USER=nkremerh
GROUP=campus
LD_LIBRARY_PATH=/afs/crc.nd.edu/group/ccl/software/x86_64/redhat7/ruby/current/lib:/afs/crc.nd.edu/group/ccl/software/x86_64/redhat7/graphviz/current/lib:/afs/crc.nd.edu/group/ccl/software/x86_64/redhat7/git/current/lib:/afs/crc.nd.edu/group/ccl/software/x86_64/redhat7/condor/current/lib:/afs/crc.nd.edu/group/ccl/software/x86_64/redhat7/clang/current/lib:/afs/crc.nd.edu/group/ccl/software/x86_64/redhat7/condor/current/lib:/afs/crc.nd.edu/group/ccl/software/x86_64/redhat7/cctools/current/lib:/opt/crc/usr/local/lib
TEMP=/var/condor/execute/dir_17355/worker-213124-17447/t.1587/cctools-temp-t.1587.9wO2zU
BATCH_SYSTEM=HTCondor
WORKER_TMPDIR=/var/condor/execute/dir_17355/worker-213124-17447/cache/tmp
ENV=/afs/crc.nd.edu/x86_64_linux/Modules/4.5.0/init/profile.sh
MODULES_LMALTNAME=CRC_default/1.1&CRC_default/default&CRC_default
_CONDOR_CHIRP_CONFIG=/var/condor/execute/dir_17355/.chirp.config
GLOBUS_GSSAPI_MAX_TLS_PROTOCOL=0
_CONDOR_HIGHPORT=9999
HOSTTYPE=x86_64-linux
MAKELEVEL=1
MFLAGS=
CCLSOFTWARE=/afs/crc.nd.edu/group/ccl/software/x86_64/redhat7
PATH=/afs/crc.nd.edu/user/n/nkremerh/cctools/bin:/afs/crc.nd.edu/user/n/nkremerh/miniconda/bin:/afs/crc.nd.edu/group/ccl/software/git:/afs/crc.nd.edu/user/n/nkremerh/.local/bin:/afs/crc.nd.edu/group/ccl/software/x86_64/redhat7/povray/3.7/bin:/afs/crc.nd.edu/user/n/nkremerh/.perl5/bin:/afs/crc.nd.edu/user/n/nkremerh/pegasus/bin:/afs/crc.nd.edu/user/n/nkremerh/nodejs/bin:/afs/crc.nd.edu/user/n/nkremerh/montage/bin:/afs/crc.nd.edu/user/n/nkremerh/latexdiff:/afs/crc.nd.edu/user/n/nkremerh/envtrace:/afs/crc.nd.edu/user/n/nkremerh/endlines:/afs/crc.nd.edu/user/n/nkremerh/cctools/bin:/afs/crc.nd.edu/user/n/nkremerh/.cargo/bin:/afs/crc.nd.edu/group/ccl/software/x86_64/redhat7/ruby/current/bin:/afs/crc.nd.edu/group/ccl/software/x86_64/redhat7/graphviz/current/bin:/afs/crc.nd.edu/group/ccl/software/x86_64/redhat7/gnuplot/current/bin:/afs/crc.nd.edu/group/ccl/software/x86_64/redhat7/git/current/bin:/afs/crc.nd.edu/group/ccl/software/x86_64/redhat7/condor/current/sbin:/afs/crc.nd.edu/group/ccl/software/x86_64/redhat7/condor/current/bin:/afs/crc.nd.edu/group/ccl/software/x86_64/redhat7/cmake/current/bin:/afs/crc.nd.edu/group/ccl/software/x86_64/redhat7/clang/current/bin:/afs/crc.nd.edu/group/ccl/software/x86_64/redhat7/condor/current/sbin:/afs/crc.nd.edu/group/ccl/software/x86_64/redhat7/condor/current/bin:/afs/crc.nd.edu/group/ccl/software/x86_64/redhat7/cctools/current/bin:/afs/crc.nd.edu/x86_64_linux/Modules/4.5.0/bin:/opt/crc/usr/local/bin:/opt/sge/bin/lx-amd64:/usr/local/bin:/usr/bin:/usr/local/sbin:/usr/sbin:/afs/crc.nd.edu/user/c/condor/software/bin:/afs/crc.nd.edu/user/c/condor/software/sbin
MAIL=/var/spool/mail/nkremerh
PWD=/var/condor/execute/dir_17355/worker-213124-17447/t.1587
_LMFILES_=/afs/crc.nd.edu/x86_64_linux/Modules/modules/system_modules/CRC_default/1.1
SGE_EXECD_PORT=6445
EDITOR=vim
LANG=en_US.UTF-8
MODULEPATH=/afs/crc.nd.edu/x86_64_linux/Modules/modules/development_tools_and_libraries:/afs/crc.nd.edu/x86_64_linux/Modules/modules/general_software:/afs/crc.nd.edu/x86_64_linux/Modules/modules/restricted_software:/afs/crc.nd.edu/x86_64_linux/Modules/modules/system_modules:/afs/crc.nd.edu/x86_64_linux/Modules/modules/deprecated_software:/afs/crc.nd.edu/x86_64_linux/Modules/current/modulefiles
SGE_QMASTER_PORT=6444
SGE_ROOT=/opt/sge
LOADEDMODULES=CRC_default/1.1
WORK_QUEUE_SANDBOX=/var/condor/execute/dir_17355/worker-213124-17447
_CONDOR_SLOT=slot2_2
CCLPLATFORM=x86_64/redhat7
USE_SYSTEMD=true
_CONDOR_ANCESTOR_3611=3764:1598184024:3503519607
_CONDOR_LOWPORT=9100
KRB5CCNAME=FILE:/tmp/krb5cc_213124_dlYXoi
HISTCONTROL=ignoreboth:erasedups
PATH_modshare=/opt/crc/usr/local/bin:1:/opt/sge/bin/lx-amd64:1:/usr/sbin:1:/usr/bin:1:/afs/crc.nd.edu/user/c/condor/software/sbin:1:/usr/local/sbin:1:/afs/crc.nd.edu/user/c/condor/software/bin:1:/usr/local/bin:1
SHLVL=7
HOME=disc01.crc.nd.edu
GLOBUS_GSSAPI_NAME_COMPATIBILITY=STRICT_RFC2818
_CONDOR_MACHINE_AD=/var/condor/execute/dir_17355/.machine.ad
OSTYPE=linux
DISK=18234
GREP_OPTIONS=--color=auto
GLOBUS_GSSAPI_MIN_TLS_PROTOCOL=TLS1_VERSION
MEMORY=1948
MANPATH_modshare=/usr/share/man/overrides:1:/usr/local/share/man:1:/usr/share/man:1:/opt/crc/usr/local/man:1:/opt/sge/man:1
VENDOR=unknown
BASH_ENV=/afs/crc.nd.edu/x86_64_linux/Modules/4.5.0/init/bash
PERL_LOCAL_LIB_ROOT=/afs/crc.nd.edu/user/n/nkremerh/.perl5/
PYTHONPATH=/afs/crc.nd.edu/user/n/nkremerh/cctools/lib/python3.6/site-packages/
CCLHOME=/afs/crc.nd.edu/group/ccl
MACHTYPE=x86_64
LOGNAME=nkremerh
TMP=/var/condor/execute/dir_17355/worker-213124-17447/t.1587/cctools-temp-t.1587.9wO2zU
LD_LIBRARY_PATH_modshare=/opt/crc/usr/local/lib:1
MODULES_LMALTNAME_modshare=CRC_default/1.1&CRC_default/default&CRC_default:1
SSH_CONNECTION=10.17.148.247 49750 129.74.128.103 22
MODULESHOME=/afs/crc.nd.edu/x86_64_linux/Modules/4.5.0
OMP_NUM_THREADS=1
LESSOPEN=||/usr/bin/lesspipe.sh %s
GLOBUS_GSSAPI_BACKWARD_COMPATIBLE_MIC=true
GLOBUS_GSSAPI_CIPHERS=HIGH
LOADEDMODULES_modshare=CRC_default/1.1:1
_CONDOR_JOB_AD=/var/condor/execute/dir_17355/.job.ad
SGE_CLUSTER_NAME=CRC
XDG_RUNTIME_DIR=/run/user/213124
CCTOOLS=../cctools
CORES=2
_CONDOR_JOB_IWD=/var/condor/execute/dir_17355
PERL_MM_OPT=INSTALL_BASE=/afs/crc.nd.edu/user/n/nkremerh/.perl5/
GLOBUS_GSSAPI_SERVER_CIPHER_ORDER=true
BASH_FUNC_module()=() {  unset _mlshdbg;
 if [ "${MODULES_SILENT_SHELL_DEBUG:-0}" = '1' ]; then
 case "$-" in 
 *v*x*)
 set +vx;
 _mlshdbg='vx'
 ;;
 *v*)
 set +v;
 _mlshdbg='v'
 ;;
 *x*)
 set +x;
 _mlshdbg='x'
 ;;
 *)
 _mlshdbg=''
 ;;
 esac;
 fi;
 unset _mlre _mlIFS;
 if [ -n "${IFS+x}" ]; then
 _mlIFS=$IFS;
 fi;
 IFS=' ';
 for _mlv in ${MODULES_RUN_QUARANTINE:-};
 do
 if [ "${_mlv}" = "${_mlv##*[!A-Za-z0-9_]}" -a "${_mlv}" = "${_mlv#[0-9]}" ]; then
 if [ -n "`eval 'echo ${'$_mlv'+x}'`" ]; then
 _mlre="${_mlre:-}${_mlv}_modquar='`eval 'echo ${'$_mlv'}'`' ";
 fi;
 _mlrv="MODULES_RUNENV_${_mlv}";
 _mlre="${_mlre:-}${_mlv}='`eval 'echo ${'$_mlrv':-}'`' ";
 fi;
 done;
 if [ -n "${_mlre:-}" ]; then
 eval `eval ${_mlre}/usr/bin/tclsh /afs/crc.nd.edu/x86_64_linux/Modules/4.5.0/libexec/modulecmd.tcl bash '"$@"'`;
 else
 eval `/usr/bin/tclsh /afs/crc.nd.edu/x86_64_linux/Modules/4.5.0/libexec/modulecmd.tcl bash "$@"`;
 fi;
 _mlstatus=$?;
 if [ -n "${_mlIFS+x}" ]; then
 IFS=$_mlIFS;
 else
 unset IFS;
 fi;
 unset _mlre _mlv _mlrv _mlIFS;
 if [ -n "${_mlshdbg:-}" ]; then
 set -$_mlshdbg;
 fi;
 unset _mlshdbg;
 return $_mlstatus
}
BASH_FUNC_ml()=() {  module ml "$@"
}
_=/usr/bin/printenv
