31451   0.000000 libjli.so->getenv("_JAVA_LAUNCHER_DEBUG") = nil
31451   0.001726 libjli.so->getenv("_JAVA_VERSION_SET") = nil
31451   0.000652 libjli.so->fopen("/usr/lib/jvm/java-1.8.0-openjdk-1.8.0.262.b10-0.el7_8.x86_64/jre/lib/amd64/jvm.cfg", "r") = 0x5584fd4160e0
31451   0.000819 libjli.so->getenv("JDK_ALTERNATE_VM") = nil
31451   0.000315 libjli.so->__xstat(1, "/usr/lib/jvm/java-1.8.0-openjdk-1.8.0.262.b10-0.el7_8.x86_64/jre/lib/amd64/server/libjvm.so", 0x7ffe804fb8a0) = 0
31451   0.000641 libjli.so->getenv("LD_LIBRARY_PATH") = "/afs/crc.nd.edu/group/ccl/software/x86_64/redhat7/ruby/current/lib:/afs/crc.nd.edu/group/ccl/software/x86_64/redhat7/graphviz/current/lib:/afs/crc.nd.edu/group/ccl/software/x86_64/redhat7/git/current/lib:/afs/crc.nd.edu/group/ccl/software/x86_64/redhat7/condor/current/lib:/afs/crc.nd.edu/group/ccl/software/x86_64/redhat7/clang/current/lib:/afs/crc.nd.edu/group/ccl/software/x86_64/redhat7/condor/current/lib:/afs/crc.nd.edu/group/ccl/software/x86_64/redhat7/cctools/current/lib:/opt/crc/usr/local/lib"
31451   0.002205 libjli.so->dlopen("/usr/lib/jvm/java-1.8.0-openjdk-1.8.0.262.b10-0.el7_8.x86_64/jre/lib/amd64/server/libjvm.so", 258 <unfinished ...>
31451   0.038293 libjvm.so->getenv("NMT_LEVEL_31451") = nil
31451   0.001623 <... dlopen resumed> )          = 0x5584fd4164b0
31451   0.000086 libjli.so->getenv("CLASSPATH")  = nil
31451   0.000326 libjli.so->getenv("_JAVA_SPLASH_JAR") = nil
31451   0.000344 libjli.so->getenv("_JAVA_SPLASH_FILE") = nil
31451   0.000385 libjli.so->pthread_attr_setdetachstate(0x7ffe804fb850, 0, 0x7ffe804fb8e0, 0) = 0
31451   0.000568 libpthread.so.0->__clone(0x2b021eb7fde0, 0x2b021ea92fc0, 0x3d0f00, 0x2b021ea93700) = 0x7adc
31452   0.002074 libjvm.so->dlopen(0x2b022035e9ae, 1, 0xfffffffffff42c48, 4096) = 0x2b0224000990
31452   0.002418 libjvm.so->getenv(0x2b022037983e, 0, 115, 0x65737361) = 0x7ffe80502680
31452   0.000452 libjvm.so->fopen(0x2b021ea91c10, 0x2b0220315ccb, 0x6f732e79666972, 0x2b021f457ab0) = 0x2b0224001440
31452   0.001330 libjvm.so->dlopen(0x2b021ea91c10, 1, 0xffffffff, 0x2b0224002b00) = 0x2b0224001440
31452   0.001376 libjvm.so->fopen(0x2b021ea91c10, 0x2b0220315ccb, 111, 0x732e6176) = 0x2b0224001b10
31452   0.001561 libjvm.so->dlopen(0x2b021ea91c10, 1, 0xffffffff, 0x2b0224001a00) = 0x2b0224001b10
31452   0.001634 libjvm.so->__xstat(1, 0x2b021ea92360, 0x2b021ea92ba0, 0x746f7073746f682e) = -1
31452   0.000640 libjvm.so->getenv(0x2b022030e541, 0x2b021ea926d0, 1024, 0x2b02207c861b) = 0
31452   0.000498 libjvm.so->getenv(0x2b022030e533, 0x2b021ea926d0, 1024, 0) = 0
31452   0.000489 libjvm.so->fopen(0x2b022035e315, 0x2b0220315ccb, 4095, 0xffffd4fddfcf1b03) = 0x2b02240032d0
31452   0.001144 libjvm.so->fopen(0x2b022035e361, 0x2b0220315ccb, 0x2b0224000078, 0x2b02240032c0) = 0x2b02240032d0
31452   0.000977 libjvm.so->fopen(0x2b021ea8c9b0, 0x2b0220315ccb, 4016, 3997) = 0x2b02240032d0
31452   0.001100 libjvm.so->opendir(0x2b0224002b40, 0x2b0224002b40, 13, 16) = 0
31452   0.000539 libjvm.so->__xstat(1, 0x2b021ea918f0, 0x2b021ea90860, 0x6f732e7477616d62) = -1
31452   0.000566 libjvm.so->__xstat(1, 0x2b021ea918f0, 0x2b021ea90860, 0x5f74776162696c2f) = 0
31452   0.000488 libjvm.so->fopen(0x2b021ea90b90, 0x2b0220315ccb, 4011, 3996) = 0x2b02240037b0
31452   0.000607 libjvm.so->fopen(0x2b021ea90b90, 0x2b0220315ccb, 4011, 3996) = 0x2b02240037b0
31452   0.000579 libjvm.so->fopen(0x2b021ea90b90, 0x2b0220315ccb, 4011, 4004) = 0x2b02240037b0
31452   0.000627 libjvm.so->fopen(0x2b021ea90b20, 0x2b0220315ccb, 4011, 3996) = 0x2b02240037b0
31452   0.000595 libjvm.so->fopen(0x2b021ea90b20, 0x2b0220315ccb, 4011, 3996) = 0x2b02240037b0
31452   0.000643 libjvm.so->fopen(0x2b021ea90b20, 0x2b0220315ccb, 4011, 4004) = 0x2b02240037b0
31452   0.000621 libjvm.so->fopen(0x2b021ea90b50, 0x2b0220315ccb, 4016, 3997) = 0x2b02240037b0
31452   0.000767 libjvm.so->getenv(0x2b022035f0ff, 4096, 3, -1) = 0
31452   0.000870 libjvm.so->fopen(0x2b022035e998, 0x2b0220315ccb, 0x2b021eb76908, 0x2b021eb75df0) = 0x2b02240037b0
31452   0.005021 libjvm.so->open(0x2b022404a5a0, 0x20000, 0, 0x2b022404a5e9) = 3
31452   0.000538 libjvm.so->__fxstat(1, 3, 0x2b021ea92a00, -1) = 0
31452   0.000588 libjvm.so->opendir(0x2b022404a5a0, 0x2b021ea92a00, 0x4000, -1) = 0x2b022404b4b0
31452   0.000546 libjvm.so->__fxstat(1, 3, 0x2b021ea928a0, 0x2b022404b4b0) = 0
31452   0.000430 libjvm.so->__fxstat(1, 5, 0x2b021ea92930, -1) = 0
31452   0.000467 libjvm.so->open(0x2b022032c9dc, 0, 0, 0) = 3
31452   0.000656 libjvm.so->__lxstat(1, 0x2b022404a5a0, 0x2b021ea92b50, -144) = 0
31452   0.000455 libjvm.so->open(0x2b022404a5a0, 0x20000, 0x4000, -1) = 3
31452   0.000435 libjvm.so->__fxstat(1, 3, 0x2b021ea92a00, -1) = 0
31452   0.000465 libjvm.so->opendir(0x2b022404a5a0, 0x2b021ea92a00, 0x4000, -1) = 0x2b022404b4b0
31452   0.000429 libjvm.so->__fxstat(1, 3, 0x2b021ea928a0, 0x2b022404b4b0) = 0
31452   0.000441 libjvm.so->__fxstat(1, 5, 0x2b021ea92930, -1) = 0
31452   0.000449 libjvm.so->open(0x2b022032c9dc, 0, 0, 0) = 3
31452   0.000542 libjvm.so->open(0x2b022404a5e9, 0x20042, 384, -1) = 7
31452   0.000597 libjvm.so->__fxstat(1, 7, 0x2b021ea92b50, -1) = 0
31452   0.001624 libjvm.so->fopen(0x2b021ea91b60, 0x2b0220315ccb, 4, 0x6f732e70) = 0x2b0224057c00
31452   0.001389 libjvm.so->dlopen(0x2b021ea91b60, 1, 0xffffffff, 0x2b0224057b00) = 0x2b0224057c00
31452   0.001658 libjvm.so->__xstat(1, 0x2b021ea92120, 0x2b021ea92950, 2048) = 0
31452   0.000474 libjvm.so->__xstat(1, 0x2b021ea92120, 0x2b021ea92950, 2048) = 0
31452   0.000442 libjvm.so->__xstat(1, 0x2b021ea92120, 0x2b021ea92950, 2048) = -1
31452   0.000470 libjvm.so->__xstat(1, 0x2b021ea92120, 0x2b021ea92950, 2048) = 0
31452   0.000457 libjvm.so->__xstat(1, 0x2b021ea92120, 0x2b021ea92950, 2048) = 0
31452   0.000455 libjvm.so->__xstat(1, 0x2b021ea92120, 0x2b021ea92950, 2048) = 0
31452   0.000464 libjvm.so->__xstat(1, 0x2b021ea92120, 0x2b021ea92950, 2048) = 0
31452   0.000428 libjvm.so->__xstat(1, 0x2b021ea92120, 0x2b021ea92950, 2048) = -1
31452   0.000473 libjvm.so->fopen(0x2b0224002520, 0x2b0220315ccb, 0, 0) = 0x2b0224058aa0
31452   0.008463 libjvm.so->open64(0x2b021ea91410, 0, 0, 16) = 3
31452   0.000460 libjvm.so->__fxstat64(1, 3, 0x2b021ea91240, -1) = 0
31452   0.037221 libjvm.so->__xstat(1, 0x2b021ea91f20, 0x2b021ea92750, 2048) = -1
31452   0.000555 libjvm.so->fopen(0x2b021ea90b20, 0x2b0220315ccb, 4011, 3996) = 0x2b02240b1fb0
31452   0.000658 libjvm.so->fopen(0x2b021ea90b20, 0x2b0220315ccb, 4011, 3996) = 0x2b02240b1fb0
31452   0.000593 libjvm.so->fopen(0x2b021ea90b20, 0x2b0220315ccb, 4011, 4004) = 0x2b02240b1fb0
31452   0.004219 libjvm.so->pthread_attr_setdetachstate(0x2b021ea92c00, 1, 0, 0) = 0
31452   0.000497 libpthread.so.0->__clone(0x2b021eb7fde0, 0x2b0223c03fc0, 0x3d0f00, 0x2b0223c04700) = 0x7add
31452   0.014995 libjvm.so->pthread_attr_setdetachstate(0x2b021ea92290, 1, 0, 0) = 0
31452   0.000622 libpthread.so.0->__clone(0x2b021eb7fde0, 0x2b0223d04fc0, 0x3d0f00, 0x2b0223d05700) = 0x7ade
31452   0.007320 libjvm.so->pthread_attr_setdetachstate(0x2b021ea92610, 1, 0, 0) = 0
31452   0.000899 libpthread.so.0->__clone(0x2b021eb7fde0, 0x2b0223e05fc0, 0x3d0f00, 0x2b0223e06700) = 0x7adf
31452   0.040731 libjvm.so->fopen(0x2b02240f1810, 0x2b0220315ccb, 4, 0x6f732e70) = 0x2b02240f1d10
31452   0.002677 libjvm.so->dlopen(0x2b02240f1810, 1, 0xffffffff, 0x2b02240e8c00) = 0x2b0224057c00
31452   0.005144 libjvm.so->open64(0x2b021ea91510, 0, 0, 16) = 5
31452   0.000936 libjvm.so->__fxstat64(1, 5, 0x2b021ea91340, -1) = 0
31452   0.023860 libjvm.so->fopen(0x2b021ea8e130, 0x2b0220315ccb, 4011, 3996) = 0x2b02240fcce0
31452   0.001094 libjvm.so->fopen(0x2b021ea8e130, 0x2b0220315ccb, 4011, 3996) = 0x2b02240fcce0
31452   0.001050 libjvm.so->fopen(0x2b021ea8e130, 0x2b0220315ccb, 4011, 4004) = 0x2b02240fcce0
31452   0.016270 libjvm.so->pthread_attr_setdetachstate(0x2b021ea92b50, 1, 0, 0) = 0
31452   0.000960 libpthread.so.0->__clone(0x2b021eb7fde0, 0x2b0223f06fc0, 0x3d0f00, 0x2b0223f07700) = 0x7aee
31452   0.001496 libjvm.so->__xstat64(1, 0x2b021ea92be0, 0x2b021ea92b50, 19) = -1
31452   0.001118 libjvm.so->pthread_attr_setdetachstate(0x2b021ea92950, 1, 0, 0) = 0
31452   0.001087 libpthread.so.0->__clone(0x2b021eb7fde0, 0x2b02378fffc0, 0x3d0f00, 0x2b0237900700) = 0x7aef
31452   0.001593 libjvm.so->pthread_attr_setdetachstate(0x2b021ea92950, 1, 0, 0) = 0
31452   0.001335 libpthread.so.0->__clone(0x2b021eb7fde0, 0x2b0237a00fc0, 0x3d0f00, 0x2b0237a01700) = 0x7af0
31452   0.007420 libjvm.so->pthread_attr_setdetachstate(0x2b021ea92aa0, 1, 0, 0) = 0
31452   0.001435 libpthread.so.0->__clone(0x2b021eb7fde0, 0x2b0237b01fc0, 0x3d0f00, 0x2b0237b02700) = 0x7af1
31452   0.002423 libjvm.so->pthread_attr_setdetachstate(0x2b021ea92bb0, 1, 0, 0) = 0
31452   0.001787 libpthread.so.0->__clone(0x2b021eb7fde0, 0x2b0237c02fc0, 0x3d0f00, 0x2b0237c03700) = 0x7af2
31452   0.015829 libjvm.so->open64(0x2b022412ec20, 0, 0, 32) = 7
31452   0.001803 libjvm.so->__fxstat64(1, 7, 0x2b021ea8ff60, -1) = 0
31452   0.027418 libjvm.so->fopen(0x2b0224154860, 0x2b0220315ccb, 4, 0x6f732e6f) = 0x2b0224154920
31452   0.003060 libjvm.so->dlopen(0x2b0224154860, 1, 0xffffffff, 0x2b0224154800) = 0x2b0224154920
31472   0.046718 --- SIGSEGV (Segmentation fault) ---
31452   0.057210 libjvm.so->fopen(0x2b021ea8ce40, 0x2b0220315ccb, 0x6f732e, 0x6d766a62696c2f72) = 0x2b022416cbe0
31452   0.006061 libjvm.so->dlopen(0x2b021ea8ce40, 1, 0xffffffff, 0x2b022416cb00) = 0x5584fd4164b0
31452   0.007194 libjvm.so->fopen(0x2b021ea8ce40, 0x2b0220315ccb, 0x6f732e, 0x6d766a62696c2f72) = 0x2b022416cbe0
31452   0.005350 libjvm.so->dlopen(0x2b021ea8ce40, 1, 0xffffffff, 0x2b022416cb00) = 0x5584fd4164b0
31452   0.001899 libjvm.so->fopen(0x2b021ea8ce40, 0x2b0220315ccb, 0x6f732e, 0x6d766a62696c2f72) = 0x2b022416cbe0
31452   0.009861 libjvm.so->dlopen(0x2b021ea8ce40, 1, 0xffffffff, 0x2b022416cb00) = 0x5584fd4164b0
31452   0.001775 libjvm.so->fopen(0x2b021ea8ce40, 0x2b0220315ccb, 0x6f732e, 0x6d766a62696c2f72) = 0x2b022416cbe0
31452   0.003562 libjvm.so->dlopen(0x2b021ea8ce40, 1, 0xffffffff, 0x2b022416cb00) = 0x5584fd4164b0
31452   0.046098 libjvm.so->fopen(0x2b02241bb2d0, 0x2b0220315ccb, 4, 0x6f732e74) = 0x2b02241b1820
31452   0.003268 libjvm.so->dlopen(0x2b02241bb2d0, 1, 0xffffffff, 0x2b02241bac00) = 0x2b02241b1820
31452   0.136574 libjvm.so->fopen(0x2b0224220820, 0x2b0220315ccb, 0x6f732e7373656c, 0x656c646165685f74) = 0x2b0224220900
31452   0.002765 libjvm.so->dlopen(0x2b0224220820, 1, 0xffffffff, 0x2b0224220800) = 0x2b0224220900
31474   0.043647 +++ exited (status 0) +++
31453   0.000665 +++ exited (status 0) +++
31452   0.000256 +++ exited (status 0) +++
31472   0.000275 +++ exited (status 1) +++
31471   0.000029 +++ exited (status 1) +++
31470   0.000016 +++ exited (status 1) +++
31455   0.000015 +++ exited (status 1) +++
31454   0.000014 +++ exited (status 1) +++
31473   0.005327 +++ exited (status 1) +++
31451   0.000058 +++ exited (status 1) +++
Wrote an ltrace for command: "java -cp ./tools/maxent.jar density.Project outputs/Bembidion_iridescens/Bembidion_iridescens.lambdas data/layers/worldclim outputs/Bembidion_iridescens_worldclim.asc nowarnings nocache autorun -z" with PID 31449 from PPID 31433 on disc24.crc.nd.edu with result 1
REMOTEHOST=129.74.154.87
_CONDOR_JOB_PIDS=
MANPATH=/afs/crc.nd.edu/user/n/nkremerh/cctools/share/man/:/afs/crc.nd.edu/group/ccl/software/x86_64/redhat7/ruby/current/share/man:/afs/crc.nd.edu/group/ccl/software/x86_64/redhat7/graphviz/current/share/man:/afs/crc.nd.edu/group/ccl/software/x86_64/redhat7/gnuplot/current/share/man:/afs/crc.nd.edu/group/ccl/software/x86_64/redhat7/git/current/share/man:/afs/crc.nd.edu/group/ccl/software/x86_64/redhat7/condor/current/share/man:/afs/crc.nd.edu/group/ccl/software/x86_64/redhat7/clang/current/share/man:/afs/crc.nd.edu/group/ccl/software/x86_64/redhat7/condor/current/share/man:/afs/crc.nd.edu/group/ccl/software/x86_64/redhat7/cctools/current/share/man:/afs/crc.nd.edu/group/ccl/software/x86_64/redhat7/cctools/current/share/man:/afs/crc.nd.edu/x86_64_linux/Modules/4.5.0/share/man:/opt/crc/usr/local/man:/opt/sge/man:/usr/share/man/overrides:/usr/share/man:/usr/local/share/man
XDG_SESSION_ID=2226
HOSTNAME=disc01.crc.nd.edu
_CONDOR_ANCESTOR_3558=3653:1596369982:487954646
_LMFILES__modshare=/afs/crc.nd.edu/x86_64_linux/Modules/modules/system_modules/CRC_default/1.1:1
MODULEPATH_modshare=/afs/crc.nd.edu/x86_64_linux/Modules/modules/general_software:1:/afs/crc.nd.edu/x86_64_linux/Modules/modules/development_tools_and_libraries:1:/afs/crc.nd.edu/x86_64_linux/Modules/modules/system_modules:1:/afs/crc.nd.edu/x86_64_linux/Modules/current/modulefiles:1:/afs/crc.nd.edu/x86_64_linux/Modules/modules/restricted_software:1:/afs/crc.nd.edu/x86_64_linux/Modules/modules/deprecated_software:1
MODULES_CMD=/afs/crc.nd.edu/x86_64_linux/Modules/4.5.0/libexec/modulecmd.tcl
HOST=disc01.crc.nd.edu
SHELL=/bin/tcsh
TERM=xterm-256color
MAKEFLAGS=
HISTSIZE=5000
TMPDIR=/var/condor/execute/dir_20557/worker-213124-20637/t.1477/cctools-temp-t.1477.bnYmxL
SSH_CLIENT=129.74.154.87 57278 22
PERL5LIB=/afs/crc.nd.edu/user/n/nkremerh/cctools/lib/perl5/site_perl/5.16.3:/afs/crc.nd.edu/user/n/nkremerh/.perl5/lib/perl5
SGE_CELL=crc
_CONDOR_SCRATCH_DIR=/var/condor/execute/dir_20557
PERL_MB_OPT=--install_base '/afs/crc.nd.edu/user/n/nkremerh/.perl5/'
SSH_TTY=/dev/pts/0
SGE_LOAD_AVG=load_avg
MAKEFLOW_MAX_LOCAL_JOBS=2
HISTFILESIZE=10000
_CHIRP_DELAYED_UPDATE_PREFIX=Chirp*
USER=nkremerh
GROUP=campus
LD_LIBRARY_PATH=/afs/crc.nd.edu/group/ccl/software/x86_64/redhat7/ruby/current/lib:/afs/crc.nd.edu/group/ccl/software/x86_64/redhat7/graphviz/current/lib:/afs/crc.nd.edu/group/ccl/software/x86_64/redhat7/git/current/lib:/afs/crc.nd.edu/group/ccl/software/x86_64/redhat7/condor/current/lib:/afs/crc.nd.edu/group/ccl/software/x86_64/redhat7/clang/current/lib:/afs/crc.nd.edu/group/ccl/software/x86_64/redhat7/condor/current/lib:/afs/crc.nd.edu/group/ccl/software/x86_64/redhat7/cctools/current/lib:/opt/crc/usr/local/lib
TEMP=/var/condor/execute/dir_20557/worker-213124-20637/t.1477/cctools-temp-t.1477.bnYmxL
_CONDOR_ANCESTOR_3653=20557:1597419249:2146104682
BATCH_SYSTEM=HTCondor
WORKER_TMPDIR=/var/condor/execute/dir_20557/worker-213124-20637/cache/tmp
ENV=/afs/crc.nd.edu/x86_64_linux/Modules/4.5.0/init/profile.sh
MODULES_LMALTNAME=CRC_default/1.1&CRC_default/default&CRC_default
_CONDOR_CHIRP_CONFIG=/var/condor/execute/dir_20557/.chirp.config
GLOBUS_GSSAPI_MAX_TLS_PROTOCOL=0
_CONDOR_HIGHPORT=9999
HOSTTYPE=x86_64-linux
MAKELEVEL=1
MFLAGS=
CCLSOFTWARE=/afs/crc.nd.edu/group/ccl/software/x86_64/redhat7
PATH=/afs/crc.nd.edu/user/n/nkremerh/cctools/bin:/afs/crc.nd.edu/user/n/nkremerh/miniconda/bin:/afs/crc.nd.edu/group/ccl/software/git:/afs/crc.nd.edu/user/n/nkremerh/.local/bin:/afs/crc.nd.edu/group/ccl/software/x86_64/redhat7/povray/3.7/bin:/afs/crc.nd.edu/user/n/nkremerh/.perl5/bin:/afs/crc.nd.edu/user/n/nkremerh/pegasus/bin:/afs/crc.nd.edu/user/n/nkremerh/nodejs/bin:/afs/crc.nd.edu/user/n/nkremerh/montage/bin:/afs/crc.nd.edu/user/n/nkremerh/latexdiff:/afs/crc.nd.edu/user/n/nkremerh/envtrace:/afs/crc.nd.edu/user/n/nkremerh/endlines:/afs/crc.nd.edu/user/n/nkremerh/cctools/bin:/afs/crc.nd.edu/user/n/nkremerh/.cargo/bin:/afs/crc.nd.edu/group/ccl/software/x86_64/redhat7/ruby/current/bin:/afs/crc.nd.edu/group/ccl/software/x86_64/redhat7/graphviz/current/bin:/afs/crc.nd.edu/group/ccl/software/x86_64/redhat7/gnuplot/current/bin:/afs/crc.nd.edu/group/ccl/software/x86_64/redhat7/git/current/bin:/afs/crc.nd.edu/group/ccl/software/x86_64/redhat7/condor/current/sbin:/afs/crc.nd.edu/group/ccl/software/x86_64/redhat7/condor/current/bin:/afs/crc.nd.edu/group/ccl/software/x86_64/redhat7/cmake/current/bin:/afs/crc.nd.edu/group/ccl/software/x86_64/redhat7/clang/current/bin:/afs/crc.nd.edu/group/ccl/software/x86_64/redhat7/condor/current/sbin:/afs/crc.nd.edu/group/ccl/software/x86_64/redhat7/condor/current/bin:/afs/crc.nd.edu/group/ccl/software/x86_64/redhat7/cctools/current/bin:/afs/crc.nd.edu/x86_64_linux/Modules/4.5.0/bin:/opt/crc/usr/local/bin:/opt/sge/bin/lx-amd64:/usr/local/bin:/usr/bin:/usr/local/sbin:/usr/sbin:/afs/crc.nd.edu/user/c/condor/software/bin:/afs/crc.nd.edu/user/c/condor/software/sbin
MAIL=/var/spool/mail/nkremerh
PWD=/var/condor/execute/dir_20557/worker-213124-20637/t.1477
_CONDOR_ANCESTOR_20557=20570:1597419253:1892533206
_LMFILES_=/afs/crc.nd.edu/x86_64_linux/Modules/modules/system_modules/CRC_default/1.1
SGE_EXECD_PORT=6445
EDITOR=vim
LANG=en_US.UTF-8
MODULEPATH=/afs/crc.nd.edu/x86_64_linux/Modules/modules/development_tools_and_libraries:/afs/crc.nd.edu/x86_64_linux/Modules/modules/general_software:/afs/crc.nd.edu/x86_64_linux/Modules/modules/restricted_software:/afs/crc.nd.edu/x86_64_linux/Modules/modules/system_modules:/afs/crc.nd.edu/x86_64_linux/Modules/modules/deprecated_software:/afs/crc.nd.edu/x86_64_linux/Modules/current/modulefiles
SGE_QMASTER_PORT=6444
SGE_ROOT=/opt/sge
LOADEDMODULES=CRC_default/1.1
WORK_QUEUE_SANDBOX=/var/condor/execute/dir_20557/worker-213124-20637
_CONDOR_SLOT=slot1
CCLPLATFORM=x86_64/redhat7
USE_SYSTEMD=true
_CONDOR_LOWPORT=9100
KRB5CCNAME=FILE:/tmp/krb5cc_213124_jfvfni
HISTCONTROL=ignoreboth:erasedups
PATH_modshare=/opt/crc/usr/local/bin:1:/opt/sge/bin/lx-amd64:1:/usr/sbin:1:/usr/bin:1:/afs/crc.nd.edu/user/c/condor/software/sbin:1:/usr/local/sbin:1:/afs/crc.nd.edu/user/c/condor/software/bin:1:/usr/local/bin:1
SHLVL=7
HOME=disc01.crc.nd.edu
GLOBUS_GSSAPI_NAME_COMPATIBILITY=STRICT_RFC2818
_CONDOR_MACHINE_AD=/var/condor/execute/dir_20557/.machine.ad
OSTYPE=linux
DISK=916272
GREP_OPTIONS=--color=auto
GLOBUS_GSSAPI_MIN_TLS_PROTOCOL=TLS1_VERSION
MEMORY=15899
MANPATH_modshare=/usr/share/man/overrides:1:/usr/local/share/man:1:/usr/share/man:1:/opt/crc/usr/local/man:1:/opt/sge/man:1
VENDOR=unknown
BASH_ENV=/afs/crc.nd.edu/x86_64_linux/Modules/4.5.0/init/bash
PERL_LOCAL_LIB_ROOT=/afs/crc.nd.edu/user/n/nkremerh/.perl5/
PYTHONPATH=/afs/crc.nd.edu/user/n/nkremerh/cctools/lib/python3.6/site-packages/
CCLHOME=/afs/crc.nd.edu/group/ccl
MACHTYPE=x86_64
LOGNAME=nkremerh
TMP=/var/condor/execute/dir_20557/worker-213124-20637/t.1477/cctools-temp-t.1477.bnYmxL
LD_LIBRARY_PATH_modshare=/opt/crc/usr/local/lib:1
MODULES_LMALTNAME_modshare=CRC_default/1.1&CRC_default/default&CRC_default:1
SSH_CONNECTION=129.74.154.87 57278 129.74.128.103 22
MODULESHOME=/afs/crc.nd.edu/x86_64_linux/Modules/4.5.0
OMP_NUM_THREADS=1
LESSOPEN=||/usr/bin/lesspipe.sh %s
GLOBUS_GSSAPI_BACKWARD_COMPATIBLE_MIC=true
GLOBUS_GSSAPI_CIPHERS=HIGH
LOADEDMODULES_modshare=CRC_default/1.1:1
_CONDOR_JOB_AD=/var/condor/execute/dir_20557/.job.ad
SGE_CLUSTER_NAME=CRC
XDG_RUNTIME_DIR=/run/user/213124
CCTOOLS=../cctools
CORES=4
_CONDOR_JOB_IWD=/var/condor/execute/dir_20557
PERL_MM_OPT=INSTALL_BASE=/afs/crc.nd.edu/user/n/nkremerh/.perl5/
GLOBUS_GSSAPI_SERVER_CIPHER_ORDER=true
BASH_FUNC_module()=() {  unset _mlshdbg;
 if [ "${MODULES_SILENT_SHELL_DEBUG:-0}" = '1' ]; then
 case "$-" in 
 *v*x*)
 set +vx;
 _mlshdbg='vx'
 ;;
 *v*)
 set +v;
 _mlshdbg='v'
 ;;
 *x*)
 set +x;
 _mlshdbg='x'
 ;;
 *)
 _mlshdbg=''
 ;;
 esac;
 fi;
 unset _mlre _mlIFS;
 if [ -n "${IFS+x}" ]; then
 _mlIFS=$IFS;
 fi;
 IFS=' ';
 for _mlv in ${MODULES_RUN_QUARANTINE:-};
 do
 if [ "${_mlv}" = "${_mlv##*[!A-Za-z0-9_]}" -a "${_mlv}" = "${_mlv#[0-9]}" ]; then
 if [ -n "`eval 'echo ${'$_mlv'+x}'`" ]; then
 _mlre="${_mlre:-}${_mlv}_modquar='`eval 'echo ${'$_mlv'}'`' ";
 fi;
 _mlrv="MODULES_RUNENV_${_mlv}";
 _mlre="${_mlre:-}${_mlv}='`eval 'echo ${'$_mlrv':-}'`' ";
 fi;
 done;
 if [ -n "${_mlre:-}" ]; then
 eval `eval ${_mlre}/usr/bin/tclsh /afs/crc.nd.edu/x86_64_linux/Modules/4.5.0/libexec/modulecmd.tcl bash '"$@"'`;
 else
 eval `/usr/bin/tclsh /afs/crc.nd.edu/x86_64_linux/Modules/4.5.0/libexec/modulecmd.tcl bash "$@"`;
 fi;
 _mlstatus=$?;
 if [ -n "${_mlIFS+x}" ]; then
 IFS=$_mlIFS;
 else
 unset IFS;
 fi;
 unset _mlre _mlv _mlrv _mlIFS;
 if [ -n "${_mlshdbg:-}" ]; then
 set -$_mlshdbg;
 fi;
 unset _mlshdbg;
 return $_mlstatus
}
BASH_FUNC_ml()=() {  module ml "$@"
}
_=/usr/bin/printenv
