21701   0.000000 libjli.so->getenv("_JAVA_LAUNCHER_DEBUG") = nil
21701   0.001835 libjli.so->getenv("_JAVA_VERSION_SET") = nil
21701   0.000808 libjli.so->fopen("/usr/lib/jvm/java-1.8.0-openjdk-1.8.0.262.b10-0.el7_8.x86_64/jre/lib/amd64/jvm.cfg", "r") = 0x558d5061f0f0
21701   0.000819 libjli.so->getenv("JDK_ALTERNATE_VM") = nil
21701   0.000309 libjli.so->__xstat(1, "/usr/lib/jvm/java-1.8.0-openjdk-1.8.0.262.b10-0.el7_8.x86_64/jre/lib/amd64/server/libjvm.so", 0x7ffe89bd70f0) = 0
21701   0.000593 libjli.so->getenv("LD_LIBRARY_PATH") = "/afs/crc.nd.edu/group/ccl/software/x86_64/redhat7/ruby/current/lib:/afs/crc.nd.edu/group/ccl/software/x86_64/redhat7/graphviz/current/lib:/afs/crc.nd.edu/group/ccl/software/x86_64/redhat7/git/current/lib:/afs/crc.nd.edu/group/ccl/software/x86_64/redhat7/condor/current/lib:/afs/crc.nd.edu/group/ccl/software/x86_64/redhat7/clang/current/lib:/afs/crc.nd.edu/group/ccl/software/x86_64/redhat7/condor/current/lib:/afs/crc.nd.edu/group/ccl/software/x86_64/redhat7/cctools/current/lib:/opt/crc/usr/local/lib"
21701   0.002074 libjli.so->dlopen("/usr/lib/jvm/java-1.8.0-openjdk-1.8.0.262.b10-0.el7_8.x86_64/jre/lib/amd64/server/libjvm.so", 258 <unfinished ...>
21701   0.038084 libjvm.so->getenv("NMT_LEVEL_21701") = nil
21701   0.001612 <... dlopen resumed> )          = 0x558d5061f4c0
21701   0.000064 libjli.so->getenv("CLASSPATH")  = nil
21701   0.000318 libjli.so->getenv("_JAVA_SPLASH_JAR") = nil
21701   0.000297 libjli.so->getenv("_JAVA_SPLASH_FILE") = nil
21701   0.000303 libjli.so->pthread_attr_setdetachstate(0x7ffe89bd70a0, 0, 0x7ffe89bd7130, 0) = 0
21701   0.000537 libpthread.so.0->__clone(0x2b865e4b2de0, 0x2b865e3c5fc0, 0x3d0f00, 0x2b865e3c6700) = 0x54c6
21702   0.001552 libjvm.so->dlopen(0x2b865fc919ae, 1, 0xfffffffffff42c48, 4096) = 0x2b8664000990
21702   0.002463 libjvm.so->getenv(0x2b865fcac83e, 0, 115, 0x65737361) = 0x7ffe89bdd6ac
21702   0.000476 libjvm.so->fopen(0x2b865e3c4c10, 0x2b865fc48ccb, 0x6f732e79666972, 0x2b865ed8aab0) = 0x2b8664001440
21702   0.001385 libjvm.so->dlopen(0x2b865e3c4c10, 1, 0xffffffff, 0x2b8664002b00) = 0x2b8664001440
21702   0.001428 libjvm.so->fopen(0x2b865e3c4c10, 0x2b865fc48ccb, 111, 0x732e6176) = 0x2b8664001b10
21702   0.001512 libjvm.so->dlopen(0x2b865e3c4c10, 1, 0xffffffff, 0x2b8664001a00) = 0x2b8664001b10
21702   0.001497 libjvm.so->__xstat(1, 0x2b865e3c5360, 0x2b865e3c5ba0, 0x746f7073746f682e) = -1
21702   0.000472 libjvm.so->getenv(0x2b865fc41541, 0x2b865e3c56d0, 1024, 0x2b86600fb61b) = 0
21702   0.000436 libjvm.so->getenv(0x2b865fc41533, 0x2b865e3c56d0, 1024, 0) = 0
21702   0.000438 libjvm.so->fopen(0x2b865fc91315, 0x2b865fc48ccb, 4095, 0xffffd479a03beb03) = 0x2b8664003270
21702   0.001130 libjvm.so->fopen(0x2b865fc91361, 0x2b865fc48ccb, 0x2b8664000078, 0x2b8664003260) = 0x2b8664003270
21702   0.000682 libjvm.so->fopen(0x2b865e3bf9b0, 0x2b865fc48ccb, 4014, 3995) = 0x2b8664003270
21702   0.000663 libjvm.so->opendir(0x2b8664002b40, 0x2b8664002b40, 13, 16) = 0
21702   0.000435 libjvm.so->__xstat(1, 0x2b865e3c48f0, 0x2b865e3c3860, 0x6f732e7477616d62) = -1
21702   0.000441 libjvm.so->__xstat(1, 0x2b865e3c48f0, 0x2b865e3c3860, 0x5f74776162696c2f) = 0
21702   0.000477 libjvm.so->fopen(0x2b865e3c3b90, 0x2b865fc48ccb, 4009, 3994) = 0x2b8664003750
21702   0.000649 libjvm.so->fopen(0x2b865e3c3b90, 0x2b865fc48ccb, 4009, 3994) = 0x2b8664003750
21702   0.000580 libjvm.so->fopen(0x2b865e3c3b90, 0x2b865fc48ccb, 4009, 4002) = 0x2b8664003750
21702   0.000603 libjvm.so->fopen(0x2b865e3c3b20, 0x2b865fc48ccb, 4009, 3994) = 0x2b8664003750
21702   0.000604 libjvm.so->fopen(0x2b865e3c3b20, 0x2b865fc48ccb, 4009, 3994) = 0x2b8664003750
21702   0.000598 libjvm.so->fopen(0x2b865e3c3b20, 0x2b865fc48ccb, 4009, 4002) = 0x2b8664003750
21702   0.000655 libjvm.so->fopen(0x2b865e3c3b50, 0x2b865fc48ccb, 4014, 3995) = 0x2b8664003750
21702   0.000783 libjvm.so->getenv(0x2b865fc920ff, 4096, 3, -1) = 0
21702   0.000895 libjvm.so->fopen(0x2b865fc91998, 0x2b865fc48ccb, 0x2b865e4a9908, 0x2b865e4a8df0) = 0x2b8664003750
21702   0.004686 libjvm.so->open(0x2b866404a540, 0x20000, 0, 0x2b866404a589) = 3
21702   0.000482 libjvm.so->__fxstat(1, 3, 0x2b865e3c5a00, -1) = 0
21702   0.000474 libjvm.so->opendir(0x2b866404a540, 0x2b865e3c5a00, 0x4000, -1) = 0x2b866404b450
21702   0.000502 libjvm.so->__fxstat(1, 3, 0x2b865e3c58a0, 0x2b866404b450) = 0
21702   0.000423 libjvm.so->__fxstat(1, 5, 0x2b865e3c5930, -1) = 0
21702   0.000502 libjvm.so->open(0x2b865fc5f9dc, 0, 0, 0) = 3
21702   0.000690 libjvm.so->__lxstat(1, 0x2b866404a540, 0x2b865e3c5b50, -144) = 0
21702   0.000496 libjvm.so->open(0x2b866404a540, 0x20000, 0x4000, -1) = 3
21702   0.000426 libjvm.so->__fxstat(1, 3, 0x2b865e3c5a00, -1) = 0
21702   0.000499 libjvm.so->opendir(0x2b866404a540, 0x2b865e3c5a00, 0x4000, -1) = 0x2b866404b450
21702   0.000429 libjvm.so->__fxstat(1, 3, 0x2b865e3c58a0, 0x2b866404b450) = 0
21702   0.000472 libjvm.so->__fxstat(1, 5, 0x2b865e3c5930, -1) = 0
21702   0.000481 libjvm.so->open(0x2b865fc5f9dc, 0, 0, 0) = 3
21702   0.000519 libjvm.so->open(0x2b866404a589, 0x20042, 384, -1) = 7
21702   0.000739 libjvm.so->__fxstat(1, 7, 0x2b865e3c5b50, -1) = 0
21702   0.001778 libjvm.so->fopen(0x2b865e3c4b60, 0x2b865fc48ccb, 4, 0x6f732e70) = 0x2b8664057ba0
21702   0.001437 libjvm.so->dlopen(0x2b865e3c4b60, 1, 0xffffffff, 0x2b8664057b00) = 0x2b8664057ba0
21702   0.001420 libjvm.so->__xstat(1, 0x2b865e3c5120, 0x2b865e3c5950, 2048) = 0
21702   0.000440 libjvm.so->__xstat(1, 0x2b865e3c5120, 0x2b865e3c5950, 2048) = 0
21702   0.000436 libjvm.so->__xstat(1, 0x2b865e3c5120, 0x2b865e3c5950, 2048) = -1
21702   0.000419 libjvm.so->__xstat(1, 0x2b865e3c5120, 0x2b865e3c5950, 2048) = 0
21702   0.000477 libjvm.so->__xstat(1, 0x2b865e3c5120, 0x2b865e3c5950, 2048) = 0
21702   0.000451 libjvm.so->__xstat(1, 0x2b865e3c5120, 0x2b865e3c5950, 2048) = 0
21702   0.000461 libjvm.so->__xstat(1, 0x2b865e3c5120, 0x2b865e3c5950, 2048) = 0
21702   0.000429 libjvm.so->__xstat(1, 0x2b865e3c5120, 0x2b865e3c5950, 2048) = -1
21702   0.000455 libjvm.so->fopen(0x2b8664002520, 0x2b865fc48ccb, 0, 0) = 0x2b8664058a40
21702   0.009386 libjvm.so->open64(0x2b865e3c4410, 0, 0, 16) = 3
21702   0.000493 libjvm.so->__fxstat64(1, 3, 0x2b865e3c4240, -1) = 0
21702   0.035889 libjvm.so->__xstat(1, 0x2b865e3c4f20, 0x2b865e3c5750, 2048) = -1
21702   0.000586 libjvm.so->fopen(0x2b865e3c3b20, 0x2b865fc48ccb, 4009, 3994) = 0x2b86640b1fd0
21702   0.000652 libjvm.so->fopen(0x2b865e3c3b20, 0x2b865fc48ccb, 4009, 3994) = 0x2b86640b1fd0
21702   0.000576 libjvm.so->fopen(0x2b865e3c3b20, 0x2b865fc48ccb, 4009, 4002) = 0x2b86640b1fd0
21702   0.004179 libjvm.so->pthread_attr_setdetachstate(0x2b865e3c5c00, 1, 0, 0) = 0
21702   0.000505 libpthread.so.0->__clone(0x2b865e4b2de0, 0x2b8663d36fc0, 0x3d0f00, 0x2b8663d37700) = 0x54c7
21702   0.019116 libjvm.so->pthread_attr_setdetachstate(0x2b865e3c5290, 1, 0, 0) = 0
21702   0.001034 libpthread.so.0->__clone(0x2b865e4b2de0, 0x2b8663e37fc0, 0x3d0f00, 0x2b8663e38700) = 0x54c9
21702   0.011122 libjvm.so->pthread_attr_setdetachstate(0x2b865e3c5610, 1, 0, 0) = 0
21702   0.001537 libpthread.so.0->__clone(0x2b865e4b2de0, 0x2b8663f38fc0, 0x3d0f00, 0x2b8663f39700) = 0x54ce
21702   0.041490 libjvm.so->fopen(0x2b86640e9160, 0x2b865fc48ccb, 4, 0x6f732e70) = 0x2b86640f1ca0
21702   0.002037 libjvm.so->dlopen(0x2b86640e9160, 1, 0xffffffff, 0x2b86640ec300) = 0x2b8664057ba0
21702   0.005005 libjvm.so->open64(0x2b865e3c4510, 0, 0, 16) = 5
21702   0.000930 libjvm.so->__fxstat64(1, 5, 0x2b865e3c4340, -1) = 0
21702   0.019937 libjvm.so->fopen(0x2b865e3c1130, 0x2b865fc48ccb, 4009, 3994) = 0x2b86640fcbf0
21702   0.001200 libjvm.so->fopen(0x2b865e3c1130, 0x2b865fc48ccb, 4009, 3994) = 0x2b86640fcbf0
21702   0.001072 libjvm.so->fopen(0x2b865e3c1130, 0x2b865fc48ccb, 4009, 4002) = 0x2b86640fcbf0
21702   0.015281 libjvm.so->pthread_attr_setdetachstate(0x2b865e3c5b50, 1, 0, 0) = 0
21702   0.000941 libpthread.so.0->__clone(0x2b865e4b2de0, 0x2b86770fffc0, 0x3d0f00, 0x2b8677100700) = 0x54d1
21702   0.001469 libjvm.so->__xstat64(1, 0x2b865e3c5be0, 0x2b865e3c5b50, 19) = -1
21702   0.001185 libjvm.so->pthread_attr_setdetachstate(0x2b865e3c5950, 1, 0, 0) = 0
21702   0.001189 libpthread.so.0->__clone(0x2b865e4b2de0, 0x2b8677200fc0, 0x3d0f00, 0x2b8677201700) = 0x54d2
21702   0.001730 libjvm.so->pthread_attr_setdetachstate(0x2b865e3c5950, 1, 0, 0) = 0
21702   0.001331 libpthread.so.0->__clone(0x2b865e4b2de0, 0x2b8677301fc0, 0x3d0f00, 0x2b8677302700) = 0x54d3
21702   0.007766 libjvm.so->pthread_attr_setdetachstate(0x2b865e3c5aa0, 1, 0, 0) = 0
21702   0.001414 libpthread.so.0->__clone(0x2b865e4b2de0, 0x2b8677402fc0, 0x3d0f00, 0x2b8677403700) = 0x54d4
21702   0.002156 libjvm.so->pthread_attr_setdetachstate(0x2b865e3c5bb0, 1, 0, 0) = 0
21702   0.001632 libpthread.so.0->__clone(0x2b865e4b2de0, 0x2b8677503fc0, 0x3d0f00, 0x2b8677504700) = 0x54d5
21702   0.015112 libjvm.so->open64(0x2b866412e870, 0, 0, 48) = 7
21702   0.001785 libjvm.so->__fxstat64(1, 7, 0x2b865e3c2f60, -1) = 0
21702   0.026164 libjvm.so->fopen(0x2b86641546b0, 0x2b865fc48ccb, 4, 0x6f732e6f) = 0x2b8664154770
21702   0.003439 libjvm.so->dlopen(0x2b86641546b0, 1, 0xffffffff, 0x2b8664154700) = 0x2b8664154770
21702   0.146645 libjvm.so->fopen(0x2b86641962e0, 0x2b865fc48ccb, 4, 0x6f732e74) = 0x2b8664193e60
21702   0.003638 libjvm.so->dlopen(0x2b86641962e0, 1, 0xffffffff, 0x2b8664196c00) = 0x2b86641b1510
21702   0.149476 libjvm.so->fopen(0x2b866420a320, 0x2b865fc48ccb, 0x6f732e7373656c, 0x656c646165685f74) = 0x2b866420a400
21702   0.003830 libjvm.so->dlopen(0x2b866420a320, 1, 0xffffffff, 0x2b866420a300) = 0x2b866420a400
21702   0.020996 libjvm.so->fopen(0x2b865e3be990, 0x2b865fc48ccb, 0x6f732e, 0x6d766a62696c2f72) = 0x2b86642142e0
21702   0.007318 libjvm.so->dlopen(0x2b865e3be990, 1, 0xffffffff, 0x2b8664213800) = 0x558d5061f4c0
21702   0.001702 libjvm.so->fopen(0x2b865e3be990, 0x2b865fc48ccb, 0x6f732e, 0x6d766a62696c2f72) = 0x2b8664214280
21702   0.006418 libjvm.so->dlopen(0x2b865e3be990, 1, 0xffffffff, 0x2b8664213800) = 0x558d5061f4c0
21702   0.001709 libjvm.so->fopen(0x2b865e3be990, 0x2b865fc48ccb, 0x6f732e, 0x6d766a62696c2f72) = 0x2b8664214280
21702   0.004147 libjvm.so->dlopen(0x2b865e3be990, 1, 0xffffffff, 0x2b8664213800) = 0x558d5061f4c0
21702   0.001666 libjvm.so->fopen(0x2b865e3be990, 0x2b865fc48ccb, 0x6f732e, 0x6d766a62696c2f72) = 0x2b8664214280
21702   0.004097 libjvm.so->dlopen(0x2b865e3be990, 1, 0xffffffff, 0x2b8664213800) = 0x558d5061f4c0
21702   0.238324 libjvm.so->fopen(0x2b865e3c2ed0, 0x2b865fc48ccb, 111, 0x732e6176) = 0x2b8664252850
21702   0.003200 libjvm.so->dlopen(0x2b865e3c2ed0, 1, 0xffffffff, 0x2b8664252700) = 0x2b8664001b10
21702   0.001726 libjvm.so->fopen(0x2b865e3c2ed0, 0x2b865fc48ccb, 111, 0x732e6176) = 0x2b8664252b00
21702   0.004261 libjvm.so->dlopen(0x2b865e3c2ed0, 1, 0xffffffff, 0x2b8664252700) = 0x2b8664001b10
21702   0.002242 libjvm.so->fopen(0x2b865e3c2ed0, 0x2b865fc48ccb, 111, 0x732e6176) = 0x2b8664252970
21702   0.003097 libjvm.so->dlopen(0x2b865e3c2ed0, 1, 0xffffffff, 0x2b8664252700) = 0x2b8664001b10
21702   0.001640 libjvm.so->fopen(0x2b865e3c2ed0, 0x2b865fc48ccb, 111, 0x732e6176) = 0x2b8664252970
21702   0.004615 libjvm.so->dlopen(0x2b865e3c2ed0, 1, 0xffffffff, 0x2b8664252700) = 0x2b8664001b10
21702   0.015936 libjvm.so->fopen(0x2b865e3c2eb0, 0x2b865fc48ccb, 111, 0x732e6176) = 0x2b8664252970
21702   0.004666 libjvm.so->dlopen(0x2b865e3c2eb0, 1, 0xffffffff, 0x2b866421ff00) = 0x2b8664001b10
21702   0.001687 libjvm.so->fopen(0x2b865e3c2eb0, 0x2b865fc48ccb, 111, 0x732e6176) = 0x2b8664252970
21702   0.002997 libjvm.so->dlopen(0x2b865e3c2eb0, 1, 0xffffffff, 0x2b866421ff00) = 0x2b8664001b10
21702   0.002187 libjvm.so->fopen(0x2b865e3c2eb0, 0x2b865fc48ccb, 111, 0x732e6176) = 0x2b8664252970
21702   0.003389 libjvm.so->dlopen(0x2b865e3c2eb0, 1, 0xffffffff, 0x2b866421ff00) = 0x2b8664001b10
21702   0.001718 libjvm.so->fopen(0x2b865e3c2eb0, 0x2b865fc48ccb, 111, 0x732e6176) = 0x2b8664252970
21702   0.002802 libjvm.so->dlopen(0x2b865e3c2eb0, 1, 0xffffffff, 0x2b866421ff00) = 0x2b8664001b10
21702   0.168319 --- SIGSEGV (Segmentation fault) ---
21717  10.790708 +++ exited (status 0) +++
21703   0.000488 +++ exited (status 0) +++
21702   0.000268 +++ exited (status 0) +++
21710   0.000381 +++ exited (status 0) +++
21716   0.000023 +++ exited (status 0) +++
21714   0.000020 +++ exited (status 0) +++
21713   0.000031 +++ exited (status 0) +++
21705   0.000014 +++ exited (status 0) +++
21715   0.019127 +++ exited (status 0) +++
21701   0.000092 +++ exited (status 0) +++
Wrote an ltrace for command: "java -cp ./tools/maxent.jar density.MaxEnt -s outputs/Greta_annette_Gu.csv -e data/layers/worldclim -o outputs/Greta_annette_Gu nowarnings nocache autorun -z" with PID 21699 from PPID 21681 on disc22.crc.nd.edu with result 0
REMOTEHOST=10.17.148.247
MANPATH=/afs/crc.nd.edu/user/n/nkremerh/cctools/share/man/:/afs/crc.nd.edu/group/ccl/software/x86_64/redhat7/ruby/current/share/man:/afs/crc.nd.edu/group/ccl/software/x86_64/redhat7/graphviz/current/share/man:/afs/crc.nd.edu/group/ccl/software/x86_64/redhat7/gnuplot/current/share/man:/afs/crc.nd.edu/group/ccl/software/x86_64/redhat7/git/current/share/man:/afs/crc.nd.edu/group/ccl/software/x86_64/redhat7/condor/current/share/man:/afs/crc.nd.edu/group/ccl/software/x86_64/redhat7/clang/current/share/man:/afs/crc.nd.edu/group/ccl/software/x86_64/redhat7/condor/current/share/man:/afs/crc.nd.edu/group/ccl/software/x86_64/redhat7/cctools/current/share/man:/afs/crc.nd.edu/group/ccl/software/x86_64/redhat7/cctools/current/share/man:/afs/crc.nd.edu/x86_64_linux/Modules/4.5.0/share/man:/opt/crc/usr/local/man:/opt/sge/man:/usr/share/man/overrides:/usr/share/man:/usr/local/share/man
_CONDOR_JOB_PIDS=
XDG_SESSION_ID=2686
HOSTNAME=disc01.crc.nd.edu
_LMFILES__modshare=/afs/crc.nd.edu/x86_64_linux/Modules/modules/system_modules/CRC_default/1.1:1
MODULEPATH_modshare=/afs/crc.nd.edu/x86_64_linux/Modules/modules/general_software:1:/afs/crc.nd.edu/x86_64_linux/Modules/modules/development_tools_and_libraries:1:/afs/crc.nd.edu/x86_64_linux/Modules/modules/system_modules:1:/afs/crc.nd.edu/x86_64_linux/Modules/current/modulefiles:1:/afs/crc.nd.edu/x86_64_linux/Modules/modules/restricted_software:1:/afs/crc.nd.edu/x86_64_linux/Modules/modules/deprecated_software:1
TERM=xterm-256color
SHELL=/bin/tcsh
HOST=disc01.crc.nd.edu
MODULES_CMD=/afs/crc.nd.edu/x86_64_linux/Modules/4.5.0/libexec/modulecmd.tcl
HISTSIZE=5000
MAKEFLAGS=
SSH_CLIENT=10.17.148.247 49750 22
TMPDIR=/var/condor/execute/dir_14566/worker-213124-14629/t.965/cctools-temp-t.965.ktBBVB
PERL5LIB=/afs/crc.nd.edu/user/n/nkremerh/cctools/lib/perl5/site_perl/5.16.3:/afs/crc.nd.edu/user/n/nkremerh/.perl5/lib/perl5
SGE_CELL=crc
_CONDOR_SCRATCH_DIR=/var/condor/execute/dir_14566
PERL_MB_OPT=--install_base '/afs/crc.nd.edu/user/n/nkremerh/.perl5/'
SSH_TTY=/dev/pts/0
SGE_LOAD_AVG=load_avg
MAKEFLOW_MAX_LOCAL_JOBS=2
GROUP=campus
USER=nkremerh
_CHIRP_DELAYED_UPDATE_PREFIX=Chirp*
HISTFILESIZE=10000
TEMP=/var/condor/execute/dir_14566/worker-213124-14629/t.965/cctools-temp-t.965.ktBBVB
LD_LIBRARY_PATH=/afs/crc.nd.edu/group/ccl/software/x86_64/redhat7/ruby/current/lib:/afs/crc.nd.edu/group/ccl/software/x86_64/redhat7/graphviz/current/lib:/afs/crc.nd.edu/group/ccl/software/x86_64/redhat7/git/current/lib:/afs/crc.nd.edu/group/ccl/software/x86_64/redhat7/condor/current/lib:/afs/crc.nd.edu/group/ccl/software/x86_64/redhat7/clang/current/lib:/afs/crc.nd.edu/group/ccl/software/x86_64/redhat7/condor/current/lib:/afs/crc.nd.edu/group/ccl/software/x86_64/redhat7/cctools/current/lib:/opt/crc/usr/local/lib
BATCH_SYSTEM=HTCondor
MODULES_LMALTNAME=CRC_default/1.1&CRC_default/default&CRC_default
ENV=/afs/crc.nd.edu/x86_64_linux/Modules/4.5.0/init/profile.sh
WORKER_TMPDIR=/var/condor/execute/dir_14566/worker-213124-14629/cache/tmp
HOSTTYPE=x86_64-linux
_CONDOR_HIGHPORT=9999
GLOBUS_GSSAPI_MAX_TLS_PROTOCOL=0
_CONDOR_CHIRP_CONFIG=/var/condor/execute/dir_14566/.chirp.config
MAKELEVEL=1
MFLAGS=
MAIL=/var/spool/mail/nkremerh
PATH=/afs/crc.nd.edu/user/n/nkremerh/cctools/bin:/afs/crc.nd.edu/user/n/nkremerh/miniconda/bin:/afs/crc.nd.edu/group/ccl/software/git:/afs/crc.nd.edu/user/n/nkremerh/.local/bin:/afs/crc.nd.edu/group/ccl/software/x86_64/redhat7/povray/3.7/bin:/afs/crc.nd.edu/user/n/nkremerh/.perl5/bin:/afs/crc.nd.edu/user/n/nkremerh/pegasus/bin:/afs/crc.nd.edu/user/n/nkremerh/nodejs/bin:/afs/crc.nd.edu/user/n/nkremerh/montage/bin:/afs/crc.nd.edu/user/n/nkremerh/latexdiff:/afs/crc.nd.edu/user/n/nkremerh/envtrace:/afs/crc.nd.edu/user/n/nkremerh/endlines:/afs/crc.nd.edu/user/n/nkremerh/cctools/bin:/afs/crc.nd.edu/user/n/nkremerh/.cargo/bin:/afs/crc.nd.edu/group/ccl/software/x86_64/redhat7/ruby/current/bin:/afs/crc.nd.edu/group/ccl/software/x86_64/redhat7/graphviz/current/bin:/afs/crc.nd.edu/group/ccl/software/x86_64/redhat7/gnuplot/current/bin:/afs/crc.nd.edu/group/ccl/software/x86_64/redhat7/git/current/bin:/afs/crc.nd.edu/group/ccl/software/x86_64/redhat7/condor/current/sbin:/afs/crc.nd.edu/group/ccl/software/x86_64/redhat7/condor/current/bin:/afs/crc.nd.edu/group/ccl/software/x86_64/redhat7/cmake/current/bin:/afs/crc.nd.edu/group/ccl/software/x86_64/redhat7/clang/current/bin:/afs/crc.nd.edu/group/ccl/software/x86_64/redhat7/condor/current/sbin:/afs/crc.nd.edu/group/ccl/software/x86_64/redhat7/condor/current/bin:/afs/crc.nd.edu/group/ccl/software/x86_64/redhat7/cctools/current/bin:/afs/crc.nd.edu/x86_64_linux/Modules/4.5.0/bin:/opt/crc/usr/local/bin:/opt/sge/bin/lx-amd64:/usr/local/bin:/usr/bin:/usr/local/sbin:/usr/sbin:/afs/crc.nd.edu/user/c/condor/software/bin:/afs/crc.nd.edu/user/c/condor/software/sbin
CCLSOFTWARE=/afs/crc.nd.edu/group/ccl/software/x86_64/redhat7
PWD=/var/condor/execute/dir_14566/worker-213124-14629/t.965
_LMFILES_=/afs/crc.nd.edu/x86_64_linux/Modules/modules/system_modules/CRC_default/1.1
EDITOR=vim
SGE_EXECD_PORT=6445
LANG=en_US.UTF-8
SGE_QMASTER_PORT=6444
MODULEPATH=/afs/crc.nd.edu/x86_64_linux/Modules/modules/development_tools_and_libraries:/afs/crc.nd.edu/x86_64_linux/Modules/modules/general_software:/afs/crc.nd.edu/x86_64_linux/Modules/modules/restricted_software:/afs/crc.nd.edu/x86_64_linux/Modules/modules/system_modules:/afs/crc.nd.edu/x86_64_linux/Modules/modules/deprecated_software:/afs/crc.nd.edu/x86_64_linux/Modules/current/modulefiles
LOADEDMODULES=CRC_default/1.1
SGE_ROOT=/opt/sge
CCLPLATFORM=x86_64/redhat7
_CONDOR_SLOT=slot2_1
WORK_QUEUE_SANDBOX=/var/condor/execute/dir_14566/worker-213124-14629
USE_SYSTEMD=true
_CONDOR_ANCESTOR_14566=14578:1599499133:2827701976
_CONDOR_LOWPORT=9100
HISTCONTROL=ignoreboth:erasedups
KRB5CCNAME=FILE:/tmp/krb5cc_213124_dlYXoi
GLOBUS_GSSAPI_NAME_COMPATIBILITY=STRICT_RFC2818
HOME=disc01.crc.nd.edu
SHLVL=6
PATH_modshare=/opt/crc/usr/local/bin:1:/opt/sge/bin/lx-amd64:1:/usr/sbin:1:/usr/bin:1:/afs/crc.nd.edu/user/c/condor/software/sbin:1:/usr/local/sbin:1:/afs/crc.nd.edu/user/c/condor/software/bin:1:/usr/local/bin:1
OSTYPE=linux
_CONDOR_MACHINE_AD=/var/condor/execute/dir_14566/.machine.ad
GREP_OPTIONS=--color=auto
DISK=18256
GLOBUS_GSSAPI_MIN_TLS_PROTOCOL=TLS1_VERSION
MANPATH_modshare=/usr/share/man/overrides:1:/usr/local/share/man:1:/usr/share/man:1:/opt/crc/usr/local/man:1:/opt/sge/man:1
MEMORY=1948
PERL_LOCAL_LIB_ROOT=/afs/crc.nd.edu/user/n/nkremerh/.perl5/
BASH_ENV=/afs/crc.nd.edu/x86_64_linux/Modules/4.5.0/init/bash
VENDOR=unknown
TMP=/var/condor/execute/dir_14566/worker-213124-14629/t.965/cctools-temp-t.965.ktBBVB
LOGNAME=nkremerh
MACHTYPE=x86_64
CCLHOME=/afs/crc.nd.edu/group/ccl
PYTHONPATH=/afs/crc.nd.edu/user/n/nkremerh/cctools/lib/python3.6/site-packages/
LD_LIBRARY_PATH_modshare=/opt/crc/usr/local/lib:1
SSH_CONNECTION=10.17.148.247 49750 129.74.128.103 22
MODULES_LMALTNAME_modshare=CRC_default/1.1&CRC_default/default&CRC_default:1
MODULESHOME=/afs/crc.nd.edu/x86_64_linux/Modules/4.5.0
GLOBUS_GSSAPI_CIPHERS=HIGH
GLOBUS_GSSAPI_BACKWARD_COMPATIBLE_MIC=true
LESSOPEN=||/usr/bin/lesspipe.sh %s
OMP_NUM_THREADS=1
_CONDOR_JOB_AD=/var/condor/execute/dir_14566/.job.ad
LOADEDMODULES_modshare=CRC_default/1.1:1
XDG_RUNTIME_DIR=/run/user/213124
SGE_CLUSTER_NAME=CRC
_CONDOR_ANCESTOR_3813=14566:1599499132:863842650
CCTOOLS=../cctools
CORES=2
_CONDOR_JOB_IWD=/var/condor/execute/dir_14566
PERL_MM_OPT=INSTALL_BASE=/afs/crc.nd.edu/user/n/nkremerh/.perl5/
GLOBUS_GSSAPI_SERVER_CIPHER_ORDER=true
_CONDOR_ANCESTOR_3607=3813:1598183989:3519041155
BASH_FUNC_module()=() {  unset _mlshdbg;
 if [ "${MODULES_SILENT_SHELL_DEBUG:-0}" = '1' ]; then
 case "$-" in 
 *v*x*)
 set +vx;
 _mlshdbg='vx'
 ;;
 *v*)
 set +v;
 _mlshdbg='v'
 ;;
 *x*)
 set +x;
 _mlshdbg='x'
 ;;
 *)
 _mlshdbg=''
 ;;
 esac;
 fi;
 unset _mlre _mlIFS;
 if [ -n "${IFS+x}" ]; then
 _mlIFS=$IFS;
 fi;
 IFS=' ';
 for _mlv in ${MODULES_RUN_QUARANTINE:-};
 do
 if [ "${_mlv}" = "${_mlv##*[!A-Za-z0-9_]}" -a "${_mlv}" = "${_mlv#[0-9]}" ]; then
 if [ -n "`eval 'echo ${'$_mlv'+x}'`" ]; then
 _mlre="${_mlre:-}${_mlv}_modquar='`eval 'echo ${'$_mlv'}'`' ";
 fi;
 _mlrv="MODULES_RUNENV_${_mlv}";
 _mlre="${_mlre:-}${_mlv}='`eval 'echo ${'$_mlrv':-}'`' ";
 fi;
 done;
 if [ -n "${_mlre:-}" ]; then
 eval `eval ${_mlre}/usr/bin/tclsh /afs/crc.nd.edu/x86_64_linux/Modules/4.5.0/libexec/modulecmd.tcl bash '"$@"'`;
 else
 eval `/usr/bin/tclsh /afs/crc.nd.edu/x86_64_linux/Modules/4.5.0/libexec/modulecmd.tcl bash "$@"`;
 fi;
 _mlstatus=$?;
 if [ -n "${_mlIFS+x}" ]; then
 IFS=$_mlIFS;
 else
 unset IFS;
 fi;
 unset _mlre _mlv _mlrv _mlIFS;
 if [ -n "${_mlshdbg:-}" ]; then
 set -$_mlshdbg;
 fi;
 unset _mlshdbg;
 return $_mlstatus
}
BASH_FUNC_ml()=() {  module ml "$@"
}
_=/usr/bin/printenv
