18231   0.000000 libjli.so->getenv("_JAVA_LAUNCHER_DEBUG") = nil
18231   0.001890 libjli.so->getenv("_JAVA_VERSION_SET") = nil
18231   0.000828 libjli.so->fopen("/usr/lib/jvm/java-1.8.0-openjdk-1.8.0.262.b10-0.el7_8.x86_64/jre/lib/amd64/jvm.cfg", "r") = 0x55af8d5860e0
18231   0.000793 libjli.so->getenv("JDK_ALTERNATE_VM") = nil
18231   0.000322 libjli.so->__xstat(1, "/usr/lib/jvm/java-1.8.0-openjdk-1.8.0.262.b10-0.el7_8.x86_64/jre/lib/amd64/server/libjvm.so", 0x7ffd4ed4d7c0) = 0
18231   0.000580 libjli.so->getenv("LD_LIBRARY_PATH") = "/afs/crc.nd.edu/group/ccl/software/x86_64/redhat7/ruby/current/lib:/afs/crc.nd.edu/group/ccl/software/x86_64/redhat7/graphviz/current/lib:/afs/crc.nd.edu/group/ccl/software/x86_64/redhat7/git/current/lib:/afs/crc.nd.edu/group/ccl/software/x86_64/redhat7/condor/current/lib:/afs/crc.nd.edu/group/ccl/software/x86_64/redhat7/clang/current/lib:/afs/crc.nd.edu/group/ccl/software/x86_64/redhat7/condor/current/lib:/afs/crc.nd.edu/group/ccl/software/x86_64/redhat7/cctools/current/lib:/opt/crc/usr/local/lib"
18231   0.002214 libjli.so->dlopen("/usr/lib/jvm/java-1.8.0-openjdk-1.8.0.262.b10-0.el7_8.x86_64/jre/lib/amd64/server/libjvm.so", 258 <unfinished ...>
18231   0.037788 libjvm.so->getenv("NMT_LEVEL_18231") = nil
18231   0.001609 <... dlopen resumed> )          = 0x55af8d5864b0
18231   0.000061 libjli.so->getenv("CLASSPATH")  = nil
18231   0.000299 libjli.so->getenv("_JAVA_SPLASH_JAR") = nil
18231   0.000368 libjli.so->getenv("_JAVA_SPLASH_FILE") = nil
18231   0.000392 libjli.so->pthread_attr_setdetachstate(0x7ffd4ed4d770, 0, 0x7ffd4ed4d800, 0) = 0
18231   0.000432 libpthread.so.0->__clone(0x2b2d15f8ade0, 0x2b2d15e9dfc0, 0x3d0f00, 0x2b2d15e9e700) = 0x4739
18233   0.001417 libjvm.so->dlopen(0x2b2d177699ae, 1, 0xfffffffffff42c48, 4096) = 0x2b2d1c000990
18233   0.002402 libjvm.so->getenv(0x2b2d1778483e, 0, 115, 0x65737361) = 0x7ffd4ed54661
18233   0.000444 libjvm.so->fopen(0x2b2d15e9cc10, 0x2b2d17720ccb, 0x6f732e79666972, 0x2b2d16862ab0) = 0x2b2d1c001440
18233   0.001301 libjvm.so->dlopen(0x2b2d15e9cc10, 1, 0xffffffff, 0x2b2d1c002b00) = 0x2b2d1c001440
18233   0.001381 libjvm.so->fopen(0x2b2d15e9cc10, 0x2b2d17720ccb, 111, 0x732e6176) = 0x2b2d1c001b10
18233   0.001494 libjvm.so->dlopen(0x2b2d15e9cc10, 1, 0xffffffff, 0x2b2d1c001a00) = 0x2b2d1c001b10
18233   0.001455 libjvm.so->__xstat(1, 0x2b2d15e9d360, 0x2b2d15e9dba0, 0x746f7073746f682e) = -1
18233   0.000454 libjvm.so->getenv(0x2b2d17719541, 0x2b2d15e9d6d0, 1024, 0x2b2d17bd361b) = 0
18233   0.000425 libjvm.so->getenv(0x2b2d17719533, 0x2b2d15e9d6d0, 1024, 0) = 0
18233   0.000425 libjvm.so->fopen(0x2b2d17769315, 0x2b2d17720ccb, 4095, 0xffffd4d2e88e6b03) = 0x2b2d1c0032d0
18233   0.001001 libjvm.so->fopen(0x2b2d17769361, 0x2b2d17720ccb, 0x2b2d1c000078, 0x2b2d1c0032c0) = 0x2b2d1c0032d0
18233   0.000655 libjvm.so->fopen(0x2b2d15e979b0, 0x2b2d17720ccb, 4014, 3995) = 0x2b2d1c0032d0
18233   0.000623 libjvm.so->opendir(0x2b2d1c002b40, 0x2b2d1c002b40, 13, 16) = 0
18233   0.000486 libjvm.so->__xstat(1, 0x2b2d15e9c8f0, 0x2b2d15e9b860, 0x6f732e7477616d62) = -1
18233   0.000433 libjvm.so->__xstat(1, 0x2b2d15e9c8f0, 0x2b2d15e9b860, 0x5f74776162696c2f) = 0
18233   0.000479 libjvm.so->fopen(0x2b2d15e9bb90, 0x2b2d17720ccb, 4009, 3994) = 0x2b2d1c0037b0
18233   0.000600 libjvm.so->fopen(0x2b2d15e9bb90, 0x2b2d17720ccb, 4009, 3994) = 0x2b2d1c0037b0
18233   0.000668 libjvm.so->fopen(0x2b2d15e9bb90, 0x2b2d17720ccb, 4009, 4002) = 0x2b2d1c0037b0
18233   0.000649 libjvm.so->fopen(0x2b2d15e9bb20, 0x2b2d17720ccb, 4009, 3994) = 0x2b2d1c0037b0
18233   0.000627 libjvm.so->fopen(0x2b2d15e9bb20, 0x2b2d17720ccb, 4009, 3994) = 0x2b2d1c0037b0
18233   0.000590 libjvm.so->fopen(0x2b2d15e9bb20, 0x2b2d17720ccb, 4009, 4002) = 0x2b2d1c0037b0
18233   0.000703 libjvm.so->fopen(0x2b2d15e9bb50, 0x2b2d17720ccb, 4014, 3995) = 0x2b2d1c0037b0
18233   0.000842 libjvm.so->getenv(0x2b2d1776a0ff, 4096, 3, -1) = 0
18233   0.001036 libjvm.so->fopen(0x2b2d17769998, 0x2b2d17720ccb, 0x2b2d15f81908, 0x2b2d15f80df0) = 0x2b2d1c0037b0
18233   0.004579 libjvm.so->open(0x2b2d1c04a5a0, 0x20000, 0, 0x2b2d1c04a5e9) = 3
18233   0.000447 libjvm.so->__fxstat(1, 3, 0x2b2d15e9da00, -1) = 0
18233   0.000470 libjvm.so->opendir(0x2b2d1c04a5a0, 0x2b2d15e9da00, 0x4000, -1) = 0x2b2d1c04b4b0
18233   0.000463 libjvm.so->__fxstat(1, 3, 0x2b2d15e9d8a0, 0x2b2d1c04b4b0) = 0
18233   0.000428 libjvm.so->__fxstat(1, 5, 0x2b2d15e9d930, -1) = 0
18233   0.000450 libjvm.so->open(0x2b2d177379dc, 0, 0, 0) = 3
18233   0.000633 libjvm.so->__lxstat(1, 0x2b2d1c04a5a0, 0x2b2d15e9db50, -144) = 0
18233   0.000449 libjvm.so->open(0x2b2d1c04a5a0, 0x20000, 0x4000, -1) = 3
18233   0.000425 libjvm.so->__fxstat(1, 3, 0x2b2d15e9da00, -1) = 0
18233   0.000458 libjvm.so->opendir(0x2b2d1c04a5a0, 0x2b2d15e9da00, 0x4000, -1) = 0x2b2d1c04b4b0
18233   0.000425 libjvm.so->__fxstat(1, 3, 0x2b2d15e9d8a0, 0x2b2d1c04b4b0) = 0
18233   0.000435 libjvm.so->__fxstat(1, 5, 0x2b2d15e9d930, -1) = 0
18233   0.000461 libjvm.so->open(0x2b2d177379dc, 0, 0, 0) = 3
18233   0.000463 libjvm.so->open(0x2b2d1c04a5e9, 0x20042, 384, -1) = 7
18233   0.000590 libjvm.so->__fxstat(1, 7, 0x2b2d15e9db50, -1) = 0
18233   0.001667 libjvm.so->fopen(0x2b2d15e9cb60, 0x2b2d17720ccb, 4, 0x6f732e70) = 0x2b2d1c057c00
18233   0.001406 libjvm.so->dlopen(0x2b2d15e9cb60, 1, 0xffffffff, 0x2b2d1c057b00) = 0x2b2d1c057c00
18233   0.001476 libjvm.so->__xstat(1, 0x2b2d15e9d120, 0x2b2d15e9d950, 2048) = 0
18233   0.000465 libjvm.so->__xstat(1, 0x2b2d15e9d120, 0x2b2d15e9d950, 2048) = 0
18233   0.000537 libjvm.so->__xstat(1, 0x2b2d15e9d120, 0x2b2d15e9d950, 2048) = -1
18233   0.000441 libjvm.so->__xstat(1, 0x2b2d15e9d120, 0x2b2d15e9d950, 2048) = 0
18233   0.000493 libjvm.so->__xstat(1, 0x2b2d15e9d120, 0x2b2d15e9d950, 2048) = 0
18233   0.000461 libjvm.so->__xstat(1, 0x2b2d15e9d120, 0x2b2d15e9d950, 2048) = 0
18233   0.000490 libjvm.so->__xstat(1, 0x2b2d15e9d120, 0x2b2d15e9d950, 2048) = 0
18233   0.000432 libjvm.so->__xstat(1, 0x2b2d15e9d120, 0x2b2d15e9d950, 2048) = -1
18233   0.000435 libjvm.so->fopen(0x2b2d1c002520, 0x2b2d17720ccb, 0, 0) = 0x2b2d1c058aa0
18233   0.008321 libjvm.so->open64(0x2b2d15e9c410, 0, 0, 16) = 3
18233   0.000501 libjvm.so->__fxstat64(1, 3, 0x2b2d15e9c240, -1) = 0
18233   0.035917 libjvm.so->__xstat(1, 0x2b2d15e9cf20, 0x2b2d15e9d750, 2048) = -1
18233   0.000567 libjvm.so->fopen(0x2b2d15e9bb20, 0x2b2d17720ccb, 4009, 3994) = 0x2b2d1c0b1fb0
18233   0.000655 libjvm.so->fopen(0x2b2d15e9bb20, 0x2b2d17720ccb, 4009, 3994) = 0x2b2d1c0b1fb0
18233   0.000620 libjvm.so->fopen(0x2b2d15e9bb20, 0x2b2d17720ccb, 4009, 4002) = 0x2b2d1c0b1fb0
18233   0.004055 libjvm.so->pthread_attr_setdetachstate(0x2b2d15e9dc00, 1, 0, 0) = 0
18233   0.000546 libpthread.so.0->__clone(0x2b2d15f8ade0, 0x2b2d1b80efc0, 0x3d0f00, 0x2b2d1b80f700) = 0x473e
18233   0.015307 libjvm.so->pthread_attr_setdetachstate(0x2b2d15e9d290, 1, 0, 0) = 0
18233   0.000677 libpthread.so.0->__clone(0x2b2d15f8ade0, 0x2b2d1b90ffc0, 0x3d0f00, 0x2b2d1b910700) = 0x473f
18233   0.006748 libjvm.so->pthread_attr_setdetachstate(0x2b2d15e9d610, 1, 0, 0) = 0
18233   0.000782 libpthread.so.0->__clone(0x2b2d15f8ade0, 0x2b2d1ba10fc0, 0x3d0f00, 0x2b2d1ba11700) = 0x4740
18233   0.041238 libjvm.so->fopen(0x2b2d1c0f17f0, 0x2b2d17720ccb, 4, 0x6f732e70) = 0x2b2d1c0f1cf0
18233   0.002003 libjvm.so->dlopen(0x2b2d1c0f17f0, 1, 0xffffffff, 0x2b2d1c0e8c00) = 0x2b2d1c057c00
18233   0.005121 libjvm.so->open64(0x2b2d15e9c510, 0, 0, 16) = 5
18233   0.000913 libjvm.so->__fxstat64(1, 5, 0x2b2d15e9c340, -1) = 0
18233   0.019670 libjvm.so->fopen(0x2b2d15e99130, 0x2b2d17720ccb, 4009, 3994) = 0x2b2d1c0fccc0
18233   0.001171 libjvm.so->fopen(0x2b2d15e99130, 0x2b2d17720ccb, 4009, 3994) = 0x2b2d1c0fccc0
18233   0.001136 libjvm.so->fopen(0x2b2d15e99130, 0x2b2d17720ccb, 4009, 4002) = 0x2b2d1c0fccc0
18233   0.015329 libjvm.so->pthread_attr_setdetachstate(0x2b2d15e9db50, 1, 0, 0) = 0
18233   0.001016 libpthread.so.0->__clone(0x2b2d15f8ade0, 0x2b2d1bb11fc0, 0x3d0f00, 0x2b2d1bb12700) = 0x4741
18233   0.001433 libjvm.so->__xstat64(1, 0x2b2d15e9dbe0, 0x2b2d15e9db50, 19) = -1
18233   0.001217 libjvm.so->pthread_attr_setdetachstate(0x2b2d15e9d950, 1, 0, 0) = 0
18233   0.001086 libpthread.so.0->__clone(0x2b2d15f8ade0, 0x2b2d1bc12fc0, 0x3d0f00, 0x2b2d1bc13700) = 0x4742
18233   0.001657 libjvm.so->pthread_attr_setdetachstate(0x2b2d15e9d950, 1, 0, 0) = 0
18233   0.001274 libpthread.so.0->__clone(0x2b2d15f8ade0, 0x2b2d1bd13fc0, 0x3d0f00, 0x2b2d1bd14700) = 0x4743
18233   0.007888 libjvm.so->pthread_attr_setdetachstate(0x2b2d15e9daa0, 1, 0, 0) = 0
18233   0.001399 libpthread.so.0->__clone(0x2b2d15f8ade0, 0x2b2d1be14fc0, 0x3d0f00, 0x2b2d1be15700) = 0x4744
18233   0.002183 libjvm.so->pthread_attr_setdetachstate(0x2b2d15e9dbb0, 1, 0, 0) = 0
18233   0.002057 libpthread.so.0->__clone(0x2b2d15f8ade0, 0x2b2d1bf15fc0, 0x3d0f00, 0x2b2d1bf16700) = 0x4745
18233   0.014716 libjvm.so->open64(0x2b2d1c1208a0, 0, 0, 32) = 7
18233   0.001741 libjvm.so->__fxstat64(1, 7, 0x2b2d15e9af60, -1) = 0
18233   0.025912 libjvm.so->fopen(0x2b2d1c14c690, 0x2b2d17720ccb, 4, 0x6f732e6f) = 0x2b2d1c14c750
18233   0.003405 libjvm.so->dlopen(0x2b2d1c14c690, 1, 0xffffffff, 0x2b2d1c14c600) = 0x2b2d1c14c750
18233   0.102775 libjvm.so->fopen(0x2b2d15e97e40, 0x2b2d17720ccb, 0x6f732e, 0x6d766a62696c2f72) = 0x2b2d1c161d50
18233   0.006533 libjvm.so->dlopen(0x2b2d15e97e40, 1, 0xffffffff, 0x2b2d1c161c00) = 0x55af8d5864b0
18233   0.001934 libjvm.so->fopen(0x2b2d15e97e40, 0x2b2d17720ccb, 0x6f732e, 0x6d766a62696c2f72) = 0x2b2d1c162150
18233   0.005598 libjvm.so->dlopen(0x2b2d15e97e40, 1, 0xffffffff, 0x2b2d1c161c00) = 0x55af8d5864b0
18233   0.001682 libjvm.so->fopen(0x2b2d15e97e40, 0x2b2d17720ccb, 0x6f732e, 0x6d766a62696c2f72) = 0x2b2d1c161d50
18233   0.003426 libjvm.so->dlopen(0x2b2d15e97e40, 1, 0xffffffff, 0x2b2d1c161c00) = 0x55af8d5864b0
18233   0.001658 libjvm.so->fopen(0x2b2d15e97e40, 0x2b2d17720ccb, 0x6f732e, 0x6d766a62696c2f72) = 0x2b2d1c161d50
18233   0.004153 libjvm.so->dlopen(0x2b2d15e97e40, 1, 0xffffffff, 0x2b2d1c161c00) = 0x55af8d5864b0
18233   0.046769 libjvm.so->fopen(0x2b2d1c1a7340, 0x2b2d17720ccb, 4, 0x6f732e74) = 0x2b2d1c1b5290
18233   0.003185 libjvm.so->dlopen(0x2b2d1c1a7340, 1, 0xffffffff, 0x2b2d1c19d600) = 0x2b2d1c1b5290
18233   0.137197 libjvm.so->fopen(0x2b2d1c2303e0, 0x2b2d17720ccb, 0x6f732e7373656c, 0x656c646165685f74) = 0x2b2d1c2304c0
18233   0.002688 libjvm.so->dlopen(0x2b2d1c2303e0, 1, 0xffffffff, 0x2b2d1c230400) = 0x2b2d1c2304c0
18245   0.036721 +++ exited (status 0) +++
18241   0.000332 --- SIGSEGV (Segmentation fault) ---
18238   0.000925 +++ exited (status 0) +++
18233   0.000178 +++ exited (status 0) +++
18244   0.000899 +++ exited (status 1) +++
18242   0.000021 +++ exited (status 1) +++
18241   0.000014 +++ exited (status 1) +++
18240   0.000013 +++ exited (status 1) +++
18239   0.000013 +++ exited (status 1) +++
18243   0.004824 +++ exited (status 1) +++
18231   0.000036 +++ exited (status 1) +++
Wrote an ltrace for command: "java -cp ./tools/maxent.jar density.Project outputs/Filatima_arizonella_Busck/Filatima_arizonella_Busck.lambdas data/layers/worldclim outputs/Filatima_arizonella_Busck_worldclim.asc nowarnings nocache autorun -z" with PID 18229 from PPID 18213 on disc22.crc.nd.edu with result 1
REMOTEHOST=129.74.154.87
_CONDOR_JOB_PIDS=
MANPATH=/afs/crc.nd.edu/user/n/nkremerh/cctools/share/man/:/afs/crc.nd.edu/group/ccl/software/x86_64/redhat7/ruby/current/share/man:/afs/crc.nd.edu/group/ccl/software/x86_64/redhat7/graphviz/current/share/man:/afs/crc.nd.edu/group/ccl/software/x86_64/redhat7/gnuplot/current/share/man:/afs/crc.nd.edu/group/ccl/software/x86_64/redhat7/git/current/share/man:/afs/crc.nd.edu/group/ccl/software/x86_64/redhat7/condor/current/share/man:/afs/crc.nd.edu/group/ccl/software/x86_64/redhat7/clang/current/share/man:/afs/crc.nd.edu/group/ccl/software/x86_64/redhat7/condor/current/share/man:/afs/crc.nd.edu/group/ccl/software/x86_64/redhat7/cctools/current/share/man:/afs/crc.nd.edu/group/ccl/software/x86_64/redhat7/cctools/current/share/man:/afs/crc.nd.edu/x86_64_linux/Modules/4.5.0/share/man:/opt/crc/usr/local/man:/opt/sge/man:/usr/share/man/overrides:/usr/share/man:/usr/local/share/man
XDG_SESSION_ID=2226
HOSTNAME=disc01.crc.nd.edu
_LMFILES__modshare=/afs/crc.nd.edu/x86_64_linux/Modules/modules/system_modules/CRC_default/1.1:1
MODULEPATH_modshare=/afs/crc.nd.edu/x86_64_linux/Modules/modules/general_software:1:/afs/crc.nd.edu/x86_64_linux/Modules/modules/development_tools_and_libraries:1:/afs/crc.nd.edu/x86_64_linux/Modules/modules/system_modules:1:/afs/crc.nd.edu/x86_64_linux/Modules/current/modulefiles:1:/afs/crc.nd.edu/x86_64_linux/Modules/modules/restricted_software:1:/afs/crc.nd.edu/x86_64_linux/Modules/modules/deprecated_software:1
MODULES_CMD=/afs/crc.nd.edu/x86_64_linux/Modules/4.5.0/libexec/modulecmd.tcl
HOST=disc01.crc.nd.edu
SHELL=/bin/tcsh
TERM=xterm-256color
MAKEFLAGS=
HISTSIZE=5000
TMPDIR=/var/condor/execute/dir_6464/worker-213124-6540/t.1577/cctools-temp-t.1577.3P5ZHg
SSH_CLIENT=129.74.154.87 57278 22
PERL5LIB=/afs/crc.nd.edu/user/n/nkremerh/cctools/lib/perl5/site_perl/5.16.3:/afs/crc.nd.edu/user/n/nkremerh/.perl5/lib/perl5
SGE_CELL=crc
_CONDOR_SCRATCH_DIR=/var/condor/execute/dir_6464
PERL_MB_OPT=--install_base '/afs/crc.nd.edu/user/n/nkremerh/.perl5/'
SSH_TTY=/dev/pts/0
SGE_LOAD_AVG=load_avg
MAKEFLOW_MAX_LOCAL_JOBS=2
HISTFILESIZE=10000
_CHIRP_DELAYED_UPDATE_PREFIX=Chirp*
USER=nkremerh
GROUP=campus
LD_LIBRARY_PATH=/afs/crc.nd.edu/group/ccl/software/x86_64/redhat7/ruby/current/lib:/afs/crc.nd.edu/group/ccl/software/x86_64/redhat7/graphviz/current/lib:/afs/crc.nd.edu/group/ccl/software/x86_64/redhat7/git/current/lib:/afs/crc.nd.edu/group/ccl/software/x86_64/redhat7/condor/current/lib:/afs/crc.nd.edu/group/ccl/software/x86_64/redhat7/clang/current/lib:/afs/crc.nd.edu/group/ccl/software/x86_64/redhat7/condor/current/lib:/afs/crc.nd.edu/group/ccl/software/x86_64/redhat7/cctools/current/lib:/opt/crc/usr/local/lib
TEMP=/var/condor/execute/dir_6464/worker-213124-6540/t.1577/cctools-temp-t.1577.3P5ZHg
BATCH_SYSTEM=HTCondor
WORKER_TMPDIR=/var/condor/execute/dir_6464/worker-213124-6540/cache/tmp
ENV=/afs/crc.nd.edu/x86_64_linux/Modules/4.5.0/init/profile.sh
MODULES_LMALTNAME=CRC_default/1.1&CRC_default/default&CRC_default
_CONDOR_CHIRP_CONFIG=/var/condor/execute/dir_6464/.chirp.config
GLOBUS_GSSAPI_MAX_TLS_PROTOCOL=0
_CONDOR_HIGHPORT=9999
HOSTTYPE=x86_64-linux
MAKELEVEL=1
MFLAGS=
_CONDOR_ANCESTOR_3778=6464:1597419250:2083861504
CCLSOFTWARE=/afs/crc.nd.edu/group/ccl/software/x86_64/redhat7
PATH=/afs/crc.nd.edu/user/n/nkremerh/cctools/bin:/afs/crc.nd.edu/user/n/nkremerh/miniconda/bin:/afs/crc.nd.edu/group/ccl/software/git:/afs/crc.nd.edu/user/n/nkremerh/.local/bin:/afs/crc.nd.edu/group/ccl/software/x86_64/redhat7/povray/3.7/bin:/afs/crc.nd.edu/user/n/nkremerh/.perl5/bin:/afs/crc.nd.edu/user/n/nkremerh/pegasus/bin:/afs/crc.nd.edu/user/n/nkremerh/nodejs/bin:/afs/crc.nd.edu/user/n/nkremerh/montage/bin:/afs/crc.nd.edu/user/n/nkremerh/latexdiff:/afs/crc.nd.edu/user/n/nkremerh/envtrace:/afs/crc.nd.edu/user/n/nkremerh/endlines:/afs/crc.nd.edu/user/n/nkremerh/cctools/bin:/afs/crc.nd.edu/user/n/nkremerh/.cargo/bin:/afs/crc.nd.edu/group/ccl/software/x86_64/redhat7/ruby/current/bin:/afs/crc.nd.edu/group/ccl/software/x86_64/redhat7/graphviz/current/bin:/afs/crc.nd.edu/group/ccl/software/x86_64/redhat7/gnuplot/current/bin:/afs/crc.nd.edu/group/ccl/software/x86_64/redhat7/git/current/bin:/afs/crc.nd.edu/group/ccl/software/x86_64/redhat7/condor/current/sbin:/afs/crc.nd.edu/group/ccl/software/x86_64/redhat7/condor/current/bin:/afs/crc.nd.edu/group/ccl/software/x86_64/redhat7/cmake/current/bin:/afs/crc.nd.edu/group/ccl/software/x86_64/redhat7/clang/current/bin:/afs/crc.nd.edu/group/ccl/software/x86_64/redhat7/condor/current/sbin:/afs/crc.nd.edu/group/ccl/software/x86_64/redhat7/condor/current/bin:/afs/crc.nd.edu/group/ccl/software/x86_64/redhat7/cctools/current/bin:/afs/crc.nd.edu/x86_64_linux/Modules/4.5.0/bin:/opt/crc/usr/local/bin:/opt/sge/bin/lx-amd64:/usr/local/bin:/usr/bin:/usr/local/sbin:/usr/sbin:/afs/crc.nd.edu/user/c/condor/software/bin:/afs/crc.nd.edu/user/c/condor/software/sbin
MAIL=/var/spool/mail/nkremerh
PWD=/var/condor/execute/dir_6464/worker-213124-6540/t.1577
_LMFILES_=/afs/crc.nd.edu/x86_64_linux/Modules/modules/system_modules/CRC_default/1.1
_CONDOR_ANCESTOR_6464=6474:1597419253:2882618694
SGE_EXECD_PORT=6445
EDITOR=vim
LANG=en_US.UTF-8
MODULEPATH=/afs/crc.nd.edu/x86_64_linux/Modules/modules/development_tools_and_libraries:/afs/crc.nd.edu/x86_64_linux/Modules/modules/general_software:/afs/crc.nd.edu/x86_64_linux/Modules/modules/restricted_software:/afs/crc.nd.edu/x86_64_linux/Modules/modules/system_modules:/afs/crc.nd.edu/x86_64_linux/Modules/modules/deprecated_software:/afs/crc.nd.edu/x86_64_linux/Modules/current/modulefiles
SGE_QMASTER_PORT=6444
SGE_ROOT=/opt/sge
LOADEDMODULES=CRC_default/1.1
WORK_QUEUE_SANDBOX=/var/condor/execute/dir_6464/worker-213124-6540
_CONDOR_SLOT=slot2_1
CCLPLATFORM=x86_64/redhat7
USE_SYSTEMD=true
_CONDOR_LOWPORT=9100
KRB5CCNAME=FILE:/tmp/krb5cc_213124_jfvfni
HISTCONTROL=ignoreboth:erasedups
PATH_modshare=/opt/crc/usr/local/bin:1:/opt/sge/bin/lx-amd64:1:/usr/sbin:1:/usr/bin:1:/afs/crc.nd.edu/user/c/condor/software/sbin:1:/usr/local/sbin:1:/afs/crc.nd.edu/user/c/condor/software/bin:1:/usr/local/bin:1
SHLVL=7
HOME=disc01.crc.nd.edu
GLOBUS_GSSAPI_NAME_COMPATIBILITY=STRICT_RFC2818
_CONDOR_MACHINE_AD=/var/condor/execute/dir_6464/.machine.ad
OSTYPE=linux
DISK=18258
GREP_OPTIONS=--color=auto
_CONDOR_ANCESTOR_3598=3778:1596369973:332739166
GLOBUS_GSSAPI_MIN_TLS_PROTOCOL=TLS1_VERSION
MEMORY=1948
MANPATH_modshare=/usr/share/man/overrides:1:/usr/local/share/man:1:/usr/share/man:1:/opt/crc/usr/local/man:1:/opt/sge/man:1
VENDOR=unknown
BASH_ENV=/afs/crc.nd.edu/x86_64_linux/Modules/4.5.0/init/bash
PERL_LOCAL_LIB_ROOT=/afs/crc.nd.edu/user/n/nkremerh/.perl5/
PYTHONPATH=/afs/crc.nd.edu/user/n/nkremerh/cctools/lib/python3.6/site-packages/
CCLHOME=/afs/crc.nd.edu/group/ccl
MACHTYPE=x86_64
LOGNAME=nkremerh
TMP=/var/condor/execute/dir_6464/worker-213124-6540/t.1577/cctools-temp-t.1577.3P5ZHg
LD_LIBRARY_PATH_modshare=/opt/crc/usr/local/lib:1
MODULES_LMALTNAME_modshare=CRC_default/1.1&CRC_default/default&CRC_default:1
SSH_CONNECTION=129.74.154.87 57278 129.74.128.103 22
MODULESHOME=/afs/crc.nd.edu/x86_64_linux/Modules/4.5.0
OMP_NUM_THREADS=1
LESSOPEN=||/usr/bin/lesspipe.sh %s
GLOBUS_GSSAPI_BACKWARD_COMPATIBLE_MIC=true
GLOBUS_GSSAPI_CIPHERS=HIGH
LOADEDMODULES_modshare=CRC_default/1.1:1
_CONDOR_JOB_AD=/var/condor/execute/dir_6464/.job.ad
SGE_CLUSTER_NAME=CRC
XDG_RUNTIME_DIR=/run/user/213124
CCTOOLS=../cctools
CORES=2
_CONDOR_JOB_IWD=/var/condor/execute/dir_6464
PERL_MM_OPT=INSTALL_BASE=/afs/crc.nd.edu/user/n/nkremerh/.perl5/
GLOBUS_GSSAPI_SERVER_CIPHER_ORDER=true
BASH_FUNC_module()=() {  unset _mlshdbg;
 if [ "${MODULES_SILENT_SHELL_DEBUG:-0}" = '1' ]; then
 case "$-" in 
 *v*x*)
 set +vx;
 _mlshdbg='vx'
 ;;
 *v*)
 set +v;
 _mlshdbg='v'
 ;;
 *x*)
 set +x;
 _mlshdbg='x'
 ;;
 *)
 _mlshdbg=''
 ;;
 esac;
 fi;
 unset _mlre _mlIFS;
 if [ -n "${IFS+x}" ]; then
 _mlIFS=$IFS;
 fi;
 IFS=' ';
 for _mlv in ${MODULES_RUN_QUARANTINE:-};
 do
 if [ "${_mlv}" = "${_mlv##*[!A-Za-z0-9_]}" -a "${_mlv}" = "${_mlv#[0-9]}" ]; then
 if [ -n "`eval 'echo ${'$_mlv'+x}'`" ]; then
 _mlre="${_mlre:-}${_mlv}_modquar='`eval 'echo ${'$_mlv'}'`' ";
 fi;
 _mlrv="MODULES_RUNENV_${_mlv}";
 _mlre="${_mlre:-}${_mlv}='`eval 'echo ${'$_mlrv':-}'`' ";
 fi;
 done;
 if [ -n "${_mlre:-}" ]; then
 eval `eval ${_mlre}/usr/bin/tclsh /afs/crc.nd.edu/x86_64_linux/Modules/4.5.0/libexec/modulecmd.tcl bash '"$@"'`;
 else
 eval `/usr/bin/tclsh /afs/crc.nd.edu/x86_64_linux/Modules/4.5.0/libexec/modulecmd.tcl bash "$@"`;
 fi;
 _mlstatus=$?;
 if [ -n "${_mlIFS+x}" ]; then
 IFS=$_mlIFS;
 else
 unset IFS;
 fi;
 unset _mlre _mlv _mlrv _mlIFS;
 if [ -n "${_mlshdbg:-}" ]; then
 set -$_mlshdbg;
 fi;
 unset _mlshdbg;
 return $_mlstatus
}
BASH_FUNC_ml()=() {  module ml "$@"
}
_=/usr/bin/printenv
