29591   0.000000 libjli.so->getenv("_JAVA_LAUNCHER_DEBUG") = nil
29591   0.001783 libjli.so->getenv("_JAVA_VERSION_SET") = nil
29591   0.000720 libjli.so->fopen("/usr/lib/jvm/java-1.8.0-openjdk-1.8.0.262.b10-0.el7_8.x86_64/jre/lib/amd64/jvm.cfg", "r") = 0x562546e140f0
29591   0.000801 libjli.so->getenv("JDK_ALTERNATE_VM") = nil
29591   0.000308 libjli.so->__xstat(1, "/usr/lib/jvm/java-1.8.0-openjdk-1.8.0.262.b10-0.el7_8.x86_64/jre/lib/amd64/server/libjvm.so", 0x7ffe29b91560) = 0
29591   0.000608 libjli.so->getenv("LD_LIBRARY_PATH") = "/afs/crc.nd.edu/group/ccl/software/x86_64/redhat7/ruby/current/lib:/afs/crc.nd.edu/group/ccl/software/x86_64/redhat7/graphviz/current/lib:/afs/crc.nd.edu/group/ccl/software/x86_64/redhat7/git/current/lib:/afs/crc.nd.edu/group/ccl/software/x86_64/redhat7/condor/current/lib:/afs/crc.nd.edu/group/ccl/software/x86_64/redhat7/clang/current/lib:/afs/crc.nd.edu/group/ccl/software/x86_64/redhat7/condor/current/lib:/afs/crc.nd.edu/group/ccl/software/x86_64/redhat7/cctools/current/lib:/opt/crc/usr/local/lib"
29591   0.002131 libjli.so->dlopen("/usr/lib/jvm/java-1.8.0-openjdk-1.8.0.262.b10-0.el7_8.x86_64/jre/lib/amd64/server/libjvm.so", 258 <unfinished ...>
29591   0.038509 libjvm.so->getenv("NMT_LEVEL_29591") = nil
29591   0.001665 <... dlopen resumed> )          = 0x562546e144c0
29591   0.000088 libjli.so->getenv("CLASSPATH")  = nil
29591   0.000318 libjli.so->getenv("_JAVA_SPLASH_JAR") = nil
29591   0.000367 libjli.so->getenv("_JAVA_SPLASH_FILE") = nil
29591   0.000328 libjli.so->pthread_attr_setdetachstate(0x7ffe29b91510, 0, 0x7ffe29b915a0, 0) = 0
29591   0.000471 libpthread.so.0->__clone(0x2adcb558ede0, 0x2adcb54a1fc0, 0x3d0f00, 0x2adcb54a2700) = 0x739d
29597   0.001822 libjvm.so->dlopen(0x2adcb6d6d9ae, 1, 0xfffffffffff42c48, 4096) = 0x2adcb8000990
29597   0.002754 libjvm.so->getenv(0x2adcb6d8883e, 0, 115, 0x65737361) = 0x7ffe29b9870d
29597   0.000453 libjvm.so->fopen(0x2adcb54a0c10, 0x2adcb6d24ccb, 0x6f732e79666972, 0x2adcb5e66ab0) = 0x2adcb8001440
29597   0.001584 libjvm.so->dlopen(0x2adcb54a0c10, 1, 0xffffffff, 0x2adcb8002b00) = 0x2adcb8001440
29597   0.001507 libjvm.so->fopen(0x2adcb54a0c10, 0x2adcb6d24ccb, 111, 0x732e6176) = 0x2adcb8001b10
29597   0.001777 libjvm.so->dlopen(0x2adcb54a0c10, 1, 0xffffffff, 0x2adcb8001a00) = 0x2adcb8001b10
29597   0.001613 libjvm.so->__xstat(1, 0x2adcb54a1360, 0x2adcb54a1ba0, 0x746f7073746f682e) = -1
29597   0.000466 libjvm.so->getenv(0x2adcb6d1d541, 0x2adcb54a16d0, 1024, 0x2adcb71d761b) = 0
29597   0.000523 libjvm.so->getenv(0x2adcb6d1d533, 0x2adcb54a16d0, 1024, 0) = 0
29597   0.000454 libjvm.so->fopen(0x2adcb6d6d315, 0x2adcb6d24ccb, 4095, 0xffffd523492e2b03) = 0x2adcb80032b0
29597   0.001197 libjvm.so->fopen(0x2adcb6d6d361, 0x2adcb6d24ccb, 0x2adcb8000078, 0x2adcb80032a0) = 0x2adcb80032b0
29597   0.000728 libjvm.so->fopen(0x2adcb549b9b0, 0x2adcb6d24ccb, 4014, 3995) = 0x2adcb80032b0
29597   0.000684 libjvm.so->opendir(0x2adcb8002b40, 0x2adcb8002b40, 13, 16) = 0
29597   0.000465 libjvm.so->__xstat(1, 0x2adcb54a08f0, 0x2adcb549f860, 0x6f732e7477616d62) = -1
29597   0.000453 libjvm.so->__xstat(1, 0x2adcb54a08f0, 0x2adcb549f860, 0x5f74776162696c2f) = 0
29597   0.000509 libjvm.so->fopen(0x2adcb549fb90, 0x2adcb6d24ccb, 4009, 3994) = 0x2adcb8003790
29597   0.000656 libjvm.so->fopen(0x2adcb549fb90, 0x2adcb6d24ccb, 4009, 3994) = 0x2adcb8003790
29597   0.000654 libjvm.so->fopen(0x2adcb549fb90, 0x2adcb6d24ccb, 4009, 4002) = 0x2adcb8003790
29597   0.000707 libjvm.so->fopen(0x2adcb549fb20, 0x2adcb6d24ccb, 4009, 3994) = 0x2adcb8003790
29597   0.001459 libjvm.so->fopen(0x2adcb549fb20, 0x2adcb6d24ccb, 4009, 3994) = 0x2adcb8003790
29597   0.000798 libjvm.so->fopen(0x2adcb549fb20, 0x2adcb6d24ccb, 4009, 4002) = 0x2adcb8003790
29597   0.000744 libjvm.so->fopen(0x2adcb549fb50, 0x2adcb6d24ccb, 4014, 3995) = 0x2adcb8003790
29597   0.000841 libjvm.so->getenv(0x2adcb6d6e0ff, 4096, 3, -1) = 0
29597   0.000923 libjvm.so->fopen(0x2adcb6d6d998, 0x2adcb6d24ccb, 0x2adcb5585908, 0x2adcb5584df0) = 0x2adcb8003790
29597   0.004759 libjvm.so->open(0x2adcb804a580, 0x20000, 0, 0x2adcb804a5c9) = 3
29597   0.000472 libjvm.so->__fxstat(1, 3, 0x2adcb54a1a00, -1) = 0
29597   0.000508 libjvm.so->opendir(0x2adcb804a580, 0x2adcb54a1a00, 0x4000, -1) = 0x2adcb804b490
29597   0.000489 libjvm.so->__fxstat(1, 3, 0x2adcb54a18a0, 0x2adcb804b490) = 0
29597   0.000471 libjvm.so->__fxstat(1, 5, 0x2adcb54a1930, -1) = 0
29597   0.000480 libjvm.so->open(0x2adcb6d3b9dc, 0, 0, 0) = 3
29597   0.000781 libjvm.so->__lxstat(1, 0x2adcb804a580, 0x2adcb54a1b50, -144) = 0
29597   0.000500 libjvm.so->open(0x2adcb804a580, 0x20000, 0x4000, -1) = 3
29597   0.000455 libjvm.so->__fxstat(1, 3, 0x2adcb54a1a00, -1) = 0
29597   0.000551 libjvm.so->opendir(0x2adcb804a580, 0x2adcb54a1a00, 0x4000, -1) = 0x2adcb804b490
29597   0.000502 libjvm.so->__fxstat(1, 3, 0x2adcb54a18a0, 0x2adcb804b490) = 0
29597   0.000503 libjvm.so->__fxstat(1, 5, 0x2adcb54a1930, -1) = 0
29597   0.000505 libjvm.so->open(0x2adcb6d3b9dc, 0, 0, 0) = 3
29597   0.000506 libjvm.so->open(0x2adcb804a5c9, 0x20042, 384, -1) = 7
29597   0.000721 libjvm.so->__fxstat(1, 7, 0x2adcb54a1b50, -1) = 0
29597   0.002468 libjvm.so->fopen(0x2adcb54a0b60, 0x2adcb6d24ccb, 4, 0x6f732e70) = 0x2adcb8057be0
29597   0.001758 libjvm.so->dlopen(0x2adcb54a0b60, 1, 0xffffffff, 0x2adcb8057b00) = 0x2adcb8057be0
29597   0.001682 libjvm.so->__xstat(1, 0x2adcb54a1120, 0x2adcb54a1950, 2048) = 0
29597   0.000605 libjvm.so->__xstat(1, 0x2adcb54a1120, 0x2adcb54a1950, 2048) = 0
29597   0.000469 libjvm.so->__xstat(1, 0x2adcb54a1120, 0x2adcb54a1950, 2048) = -1
29597   0.000521 libjvm.so->__xstat(1, 0x2adcb54a1120, 0x2adcb54a1950, 2048) = 0
29597   0.000433 libjvm.so->__xstat(1, 0x2adcb54a1120, 0x2adcb54a1950, 2048) = 0
29597   0.000554 libjvm.so->__xstat(1, 0x2adcb54a1120, 0x2adcb54a1950, 2048) = 0
29597   0.000487 libjvm.so->__xstat(1, 0x2adcb54a1120, 0x2adcb54a1950, 2048) = 0
29597   0.000533 libjvm.so->__xstat(1, 0x2adcb54a1120, 0x2adcb54a1950, 2048) = -1
29597   0.000474 libjvm.so->fopen(0x2adcb8002520, 0x2adcb6d24ccb, 0, 0) = 0x2adcb8058a80
29597   0.009059 libjvm.so->open64(0x2adcb54a0410, 0, 0, 16) = 3
29597   0.000576 libjvm.so->__fxstat64(1, 3, 0x2adcb54a0240, -1) = 0
29597   0.036583 libjvm.so->__xstat(1, 0x2adcb54a0f20, 0x2adcb54a1750, 2048) = -1
29597   0.000667 libjvm.so->fopen(0x2adcb549fb20, 0x2adcb6d24ccb, 4009, 3994) = 0x2adcb80b5ec0
29597   0.000791 libjvm.so->fopen(0x2adcb549fb20, 0x2adcb6d24ccb, 4009, 3994) = 0x2adcb80b5ec0
29597   0.000677 libjvm.so->fopen(0x2adcb549fb20, 0x2adcb6d24ccb, 4009, 4002) = 0x2adcb80b5ec0
29597   0.004340 libjvm.so->pthread_attr_setdetachstate(0x2adcb54a1c00, 1, 0, 0) = 0
29597   0.000597 libpthread.so.0->__clone(0x2adcb558ede0, 0x2adccdee4fc0, 0x3d0f00, 0x2adccdee5700) = 0x739e
29597   0.017102 libjvm.so->pthread_attr_setdetachstate(0x2adcb54a1290, 1, 0, 0) = 0
29597   0.000760 libpthread.so.0->__clone(0x2adcb558ede0, 0x2adccdfe5fc0, 0x3d0f00, 0x2adccdfe6700) = 0x739f
29597   0.007421 libjvm.so->pthread_attr_setdetachstate(0x2adcb54a1610, 1, 0, 0) = 0
29597   0.000839 libpthread.so.0->__clone(0x2adcb558ede0, 0x2adcce0e6fc0, 0x3d0f00, 0x2adcce0e7700) = 0x73a0
29597   0.042203 libjvm.so->fopen(0x2adcb80f17e0, 0x2adcb6d24ccb, 4, 0x6f732e70) = 0x2adcb80f1ce0
29597   0.002074 libjvm.so->dlopen(0x2adcb80f17e0, 1, 0xffffffff, 0x2adcb80e8c00) = 0x2adcb8057be0
29597   0.005319 libjvm.so->open64(0x2adcb54a0510, 0, 0, 16) = 5
29597   0.000946 libjvm.so->__fxstat64(1, 5, 0x2adcb54a0340, -1) = 0
29597   0.019856 libjvm.so->fopen(0x2adcb549d130, 0x2adcb6d24ccb, 4009, 3994) = 0x2adcb80fccb0
29597   0.001298 libjvm.so->fopen(0x2adcb549d130, 0x2adcb6d24ccb, 4009, 3994) = 0x2adcb80fccb0
29597   0.001050 libjvm.so->fopen(0x2adcb549d130, 0x2adcb6d24ccb, 4009, 4002) = 0x2adcb80fccb0
29597   0.015660 libjvm.so->pthread_attr_setdetachstate(0x2adcb54a1b50, 1, 0, 0) = 0
29597   0.001078 libpthread.so.0->__clone(0x2adcb558ede0, 0x2adcce1e7fc0, 0x3d0f00, 0x2adcce1e8700) = 0x73a1
29597   0.001590 libjvm.so->__xstat64(1, 0x2adcb54a1be0, 0x2adcb54a1b50, 19) = -1
29597   0.001192 libjvm.so->pthread_attr_setdetachstate(0x2adcb54a1950, 1, 0, 0) = 0
29597   0.001148 libpthread.so.0->__clone(0x2adcb558ede0, 0x2adcce2e8fc0, 0x3d0f00, 0x2adcce2e9700) = 0x73a2
29597   0.001660 libjvm.so->pthread_attr_setdetachstate(0x2adcb54a1950, 1, 0, 0) = 0
29597   0.001259 libpthread.so.0->__clone(0x2adcb558ede0, 0x2adcce3e9fc0, 0x3d0f00, 0x2adcce3ea700) = 0x73a3
29597   0.009030 libjvm.so->pthread_attr_setdetachstate(0x2adcb54a1aa0, 1, 0, 0) = 0
29597   0.001496 libpthread.so.0->__clone(0x2adcb558ede0, 0x2adcce4eafc0, 0x3d0f00, 0x2adcce4eb700) = 0x73a4
29597   0.003149 libjvm.so->pthread_attr_setdetachstate(0x2adcb54a1bb0, 1, 0, 0) = 0
29597   0.001578 libpthread.so.0->__clone(0x2adcb558ede0, 0x2adcce5ebfc0, 0x3d0f00, 0x2adcce5ec700) = 0x73a5
29597   0.015546 libjvm.so->open64(0x2adcb812e8b0, 0, 0, 48) = 7
29597   0.001784 libjvm.so->__fxstat64(1, 7, 0x2adcb549ef60, -1) = 0
29597   0.026720 libjvm.so->fopen(0x2adcb81545e0, 0x2adcb6d24ccb, 4, 0x6f732e6f) = 0x2adcb81547b0
29597   0.003759 libjvm.so->dlopen(0x2adcb81545e0, 1, 0xffffffff, 0x2adcb8154700) = 0x2adcb81547b0
29597   0.142761 libjvm.so->fopen(0x2adcb8195a00, 0x2adcb6d24ccb, 4, 0x6f732e74) = 0x2adcb8195ac0
29597   0.004112 libjvm.so->dlopen(0x2adcb8195a00, 1, 0xffffffff, 0x2adcb8195a00) = 0x2adcb81b7e70
29597   0.148432 libjvm.so->fopen(0x2adcb8210f50, 0x2adcb6d24ccb, 0x6f732e7373656c, 0x656c646165685f74) = 0x2adcb8210fc0
29597   0.003576 libjvm.so->dlopen(0x2adcb8210f50, 1, 0xffffffff, 0x2adcb820c200) = 0x2adcb8210fc0
29597   0.021499 libjvm.so->fopen(0x2adcb549a990, 0x2adcb6d24ccb, 0x6f732e, 0x6d766a62696c2f72) = 0x2adcb821ae60
29597   0.006018 libjvm.so->dlopen(0x2adcb549a990, 1, 0xffffffff, 0x2adcb821a400) = 0x562546e144c0
29597   0.001675 libjvm.so->fopen(0x2adcb549a990, 0x2adcb6d24ccb, 0x6f732e, 0x6d766a62696c2f72) = 0x2adcb821ae00
29597   0.007914 libjvm.so->dlopen(0x2adcb549a990, 1, 0xffffffff, 0x2adcb821a400) = 0x562546e144c0
29597   0.001726 libjvm.so->fopen(0x2adcb549a990, 0x2adcb6d24ccb, 0x6f732e, 0x6d766a62696c2f72) = 0x2adcb821ae00
29597   0.003458 libjvm.so->dlopen(0x2adcb549a990, 1, 0xffffffff, 0x2adcb821a400) = 0x562546e144c0
29597   0.001686 libjvm.so->fopen(0x2adcb549a990, 0x2adcb6d24ccb, 0x6f732e, 0x6d766a62696c2f72) = 0x2adcb821ae00
29597   0.003573 libjvm.so->dlopen(0x2adcb549a990, 1, 0xffffffff, 0x2adcb821a400) = 0x562546e144c0
29597   3.626058 --- SIGSEGV (Segmentation fault) ---
29605   9.138127 +++ exited (status 0) +++
29598   0.000436 +++ exited (status 0) +++
29597   0.000162 +++ exited (status 0) +++
29604   0.000358 +++ exited (status 0) +++
29603   0.000017 +++ exited (status 0) +++
29602   0.000011 +++ exited (status 0) +++
29601   0.000013 +++ exited (status 0) +++
29600   0.000010 +++ exited (status 0) +++
29599   0.023965 +++ exited (status 0) +++
29591   0.000091 +++ exited (status 0) +++
Wrote an ltrace for command: "java -cp ./tools/maxent.jar density.MaxEnt -s outputs/Afroestricus_eminentis_Scarbrough.csv -e data/layers/worldclim -o outputs/Afroestricus_eminentis_Scarbrough nowarnings nocache autorun -z" with PID 29588 from PPID 29570 on disc25.crc.nd.edu with result 0
REMOTEHOST=129.74.154.87
MANPATH=/afs/crc.nd.edu/user/n/nkremerh/cctools/share/man/:/afs/crc.nd.edu/group/ccl/software/x86_64/redhat7/ruby/current/share/man:/afs/crc.nd.edu/group/ccl/software/x86_64/redhat7/graphviz/current/share/man:/afs/crc.nd.edu/group/ccl/software/x86_64/redhat7/gnuplot/current/share/man:/afs/crc.nd.edu/group/ccl/software/x86_64/redhat7/git/current/share/man:/afs/crc.nd.edu/group/ccl/software/x86_64/redhat7/condor/current/share/man:/afs/crc.nd.edu/group/ccl/software/x86_64/redhat7/clang/current/share/man:/afs/crc.nd.edu/group/ccl/software/x86_64/redhat7/condor/current/share/man:/afs/crc.nd.edu/group/ccl/software/x86_64/redhat7/cctools/current/share/man:/afs/crc.nd.edu/group/ccl/software/x86_64/redhat7/cctools/current/share/man:/afs/crc.nd.edu/x86_64_linux/Modules/4.5.0/share/man:/opt/crc/usr/local/man:/opt/sge/man:/usr/share/man/overrides:/usr/share/man:/usr/local/share/man
_CONDOR_JOB_PIDS=
XDG_SESSION_ID=2226
HOSTNAME=disc01.crc.nd.edu
_LMFILES__modshare=/afs/crc.nd.edu/x86_64_linux/Modules/modules/system_modules/CRC_default/1.1:1
MODULEPATH_modshare=/afs/crc.nd.edu/x86_64_linux/Modules/modules/general_software:1:/afs/crc.nd.edu/x86_64_linux/Modules/modules/development_tools_and_libraries:1:/afs/crc.nd.edu/x86_64_linux/Modules/modules/system_modules:1:/afs/crc.nd.edu/x86_64_linux/Modules/current/modulefiles:1:/afs/crc.nd.edu/x86_64_linux/Modules/modules/restricted_software:1:/afs/crc.nd.edu/x86_64_linux/Modules/modules/deprecated_software:1
TERM=xterm-256color
SHELL=/bin/tcsh
HOST=disc01.crc.nd.edu
MODULES_CMD=/afs/crc.nd.edu/x86_64_linux/Modules/4.5.0/libexec/modulecmd.tcl
HISTSIZE=5000
MAKEFLAGS=
SSH_CLIENT=129.74.154.87 57278 22
TMPDIR=/var/condor/execute/dir_19617/worker-213124-19697/t.1257/cctools-temp-t.1257.hJTOv4
PERL5LIB=/afs/crc.nd.edu/user/n/nkremerh/cctools/lib/perl5/site_perl/5.16.3:/afs/crc.nd.edu/user/n/nkremerh/.perl5/lib/perl5
SGE_CELL=crc
_CONDOR_SCRATCH_DIR=/var/condor/execute/dir_19617
PERL_MB_OPT=--install_base '/afs/crc.nd.edu/user/n/nkremerh/.perl5/'
_CONDOR_ANCESTOR_19617=19630:1597419253:4109303046
SSH_TTY=/dev/pts/0
SGE_LOAD_AVG=load_avg
_CONDOR_ANCESTOR_3553=3727:1596370016:1581098405
MAKEFLOW_MAX_LOCAL_JOBS=2
GROUP=campus
USER=nkremerh
_CHIRP_DELAYED_UPDATE_PREFIX=Chirp*
HISTFILESIZE=10000
TEMP=/var/condor/execute/dir_19617/worker-213124-19697/t.1257/cctools-temp-t.1257.hJTOv4
LD_LIBRARY_PATH=/afs/crc.nd.edu/group/ccl/software/x86_64/redhat7/ruby/current/lib:/afs/crc.nd.edu/group/ccl/software/x86_64/redhat7/graphviz/current/lib:/afs/crc.nd.edu/group/ccl/software/x86_64/redhat7/git/current/lib:/afs/crc.nd.edu/group/ccl/software/x86_64/redhat7/condor/current/lib:/afs/crc.nd.edu/group/ccl/software/x86_64/redhat7/clang/current/lib:/afs/crc.nd.edu/group/ccl/software/x86_64/redhat7/condor/current/lib:/afs/crc.nd.edu/group/ccl/software/x86_64/redhat7/cctools/current/lib:/opt/crc/usr/local/lib
BATCH_SYSTEM=HTCondor
MODULES_LMALTNAME=CRC_default/1.1&CRC_default/default&CRC_default
ENV=/afs/crc.nd.edu/x86_64_linux/Modules/4.5.0/init/profile.sh
WORKER_TMPDIR=/var/condor/execute/dir_19617/worker-213124-19697/cache/tmp
HOSTTYPE=x86_64-linux
_CONDOR_HIGHPORT=9999
GLOBUS_GSSAPI_MAX_TLS_PROTOCOL=0
_CONDOR_CHIRP_CONFIG=/var/condor/execute/dir_19617/.chirp.config
MAKELEVEL=1
MFLAGS=
_CONDOR_ANCESTOR_3727=19617:1597419250:425629789
MAIL=/var/spool/mail/nkremerh
PATH=/afs/crc.nd.edu/user/n/nkremerh/cctools/bin:/afs/crc.nd.edu/user/n/nkremerh/miniconda/bin:/afs/crc.nd.edu/group/ccl/software/git:/afs/crc.nd.edu/user/n/nkremerh/.local/bin:/afs/crc.nd.edu/group/ccl/software/x86_64/redhat7/povray/3.7/bin:/afs/crc.nd.edu/user/n/nkremerh/.perl5/bin:/afs/crc.nd.edu/user/n/nkremerh/pegasus/bin:/afs/crc.nd.edu/user/n/nkremerh/nodejs/bin:/afs/crc.nd.edu/user/n/nkremerh/montage/bin:/afs/crc.nd.edu/user/n/nkremerh/latexdiff:/afs/crc.nd.edu/user/n/nkremerh/envtrace:/afs/crc.nd.edu/user/n/nkremerh/endlines:/afs/crc.nd.edu/user/n/nkremerh/cctools/bin:/afs/crc.nd.edu/user/n/nkremerh/.cargo/bin:/afs/crc.nd.edu/group/ccl/software/x86_64/redhat7/ruby/current/bin:/afs/crc.nd.edu/group/ccl/software/x86_64/redhat7/graphviz/current/bin:/afs/crc.nd.edu/group/ccl/software/x86_64/redhat7/gnuplot/current/bin:/afs/crc.nd.edu/group/ccl/software/x86_64/redhat7/git/current/bin:/afs/crc.nd.edu/group/ccl/software/x86_64/redhat7/condor/current/sbin:/afs/crc.nd.edu/group/ccl/software/x86_64/redhat7/condor/current/bin:/afs/crc.nd.edu/group/ccl/software/x86_64/redhat7/cmake/current/bin:/afs/crc.nd.edu/group/ccl/software/x86_64/redhat7/clang/current/bin:/afs/crc.nd.edu/group/ccl/software/x86_64/redhat7/condor/current/sbin:/afs/crc.nd.edu/group/ccl/software/x86_64/redhat7/condor/current/bin:/afs/crc.nd.edu/group/ccl/software/x86_64/redhat7/cctools/current/bin:/afs/crc.nd.edu/x86_64_linux/Modules/4.5.0/bin:/opt/crc/usr/local/bin:/opt/sge/bin/lx-amd64:/usr/local/bin:/usr/bin:/usr/local/sbin:/usr/sbin:/afs/crc.nd.edu/user/c/condor/software/bin:/afs/crc.nd.edu/user/c/condor/software/sbin
CCLSOFTWARE=/afs/crc.nd.edu/group/ccl/software/x86_64/redhat7
PWD=/var/condor/execute/dir_19617/worker-213124-19697/t.1257
_LMFILES_=/afs/crc.nd.edu/x86_64_linux/Modules/modules/system_modules/CRC_default/1.1
EDITOR=vim
SGE_EXECD_PORT=6445
LANG=en_US.UTF-8
SGE_QMASTER_PORT=6444
MODULEPATH=/afs/crc.nd.edu/x86_64_linux/Modules/modules/development_tools_and_libraries:/afs/crc.nd.edu/x86_64_linux/Modules/modules/general_software:/afs/crc.nd.edu/x86_64_linux/Modules/modules/restricted_software:/afs/crc.nd.edu/x86_64_linux/Modules/modules/system_modules:/afs/crc.nd.edu/x86_64_linux/Modules/modules/deprecated_software:/afs/crc.nd.edu/x86_64_linux/Modules/current/modulefiles
LOADEDMODULES=CRC_default/1.1
SGE_ROOT=/opt/sge
CCLPLATFORM=x86_64/redhat7
_CONDOR_SLOT=slot2_2
WORK_QUEUE_SANDBOX=/var/condor/execute/dir_19617/worker-213124-19697
USE_SYSTEMD=true
_CONDOR_LOWPORT=9100
HISTCONTROL=ignoreboth:erasedups
KRB5CCNAME=FILE:/tmp/krb5cc_213124_jfvfni
GLOBUS_GSSAPI_NAME_COMPATIBILITY=STRICT_RFC2818
HOME=disc01.crc.nd.edu
SHLVL=6
PATH_modshare=/opt/crc/usr/local/bin:1:/opt/sge/bin/lx-amd64:1:/usr/sbin:1:/usr/bin:1:/afs/crc.nd.edu/user/c/condor/software/sbin:1:/usr/local/sbin:1:/afs/crc.nd.edu/user/c/condor/software/bin:1:/usr/local/bin:1
OSTYPE=linux
_CONDOR_MACHINE_AD=/var/condor/execute/dir_19617/.machine.ad
GREP_OPTIONS=--color=auto
DISK=18235
GLOBUS_GSSAPI_MIN_TLS_PROTOCOL=TLS1_VERSION
MANPATH_modshare=/usr/share/man/overrides:1:/usr/local/share/man:1:/usr/share/man:1:/opt/crc/usr/local/man:1:/opt/sge/man:1
MEMORY=1948
PERL_LOCAL_LIB_ROOT=/afs/crc.nd.edu/user/n/nkremerh/.perl5/
BASH_ENV=/afs/crc.nd.edu/x86_64_linux/Modules/4.5.0/init/bash
VENDOR=unknown
TMP=/var/condor/execute/dir_19617/worker-213124-19697/t.1257/cctools-temp-t.1257.hJTOv4
LOGNAME=nkremerh
MACHTYPE=x86_64
CCLHOME=/afs/crc.nd.edu/group/ccl
PYTHONPATH=/afs/crc.nd.edu/user/n/nkremerh/cctools/lib/python3.6/site-packages/
LD_LIBRARY_PATH_modshare=/opt/crc/usr/local/lib:1
SSH_CONNECTION=129.74.154.87 57278 129.74.128.103 22
MODULES_LMALTNAME_modshare=CRC_default/1.1&CRC_default/default&CRC_default:1
MODULESHOME=/afs/crc.nd.edu/x86_64_linux/Modules/4.5.0
GLOBUS_GSSAPI_CIPHERS=HIGH
GLOBUS_GSSAPI_BACKWARD_COMPATIBLE_MIC=true
LESSOPEN=||/usr/bin/lesspipe.sh %s
OMP_NUM_THREADS=1
_CONDOR_JOB_AD=/var/condor/execute/dir_19617/.job.ad
LOADEDMODULES_modshare=CRC_default/1.1:1
XDG_RUNTIME_DIR=/run/user/213124
SGE_CLUSTER_NAME=CRC
CCTOOLS=../cctools
CORES=2
_CONDOR_JOB_IWD=/var/condor/execute/dir_19617
PERL_MM_OPT=INSTALL_BASE=/afs/crc.nd.edu/user/n/nkremerh/.perl5/
GLOBUS_GSSAPI_SERVER_CIPHER_ORDER=true
BASH_FUNC_module()=() {  unset _mlshdbg;
 if [ "${MODULES_SILENT_SHELL_DEBUG:-0}" = '1' ]; then
 case "$-" in 
 *v*x*)
 set +vx;
 _mlshdbg='vx'
 ;;
 *v*)
 set +v;
 _mlshdbg='v'
 ;;
 *x*)
 set +x;
 _mlshdbg='x'
 ;;
 *)
 _mlshdbg=''
 ;;
 esac;
 fi;
 unset _mlre _mlIFS;
 if [ -n "${IFS+x}" ]; then
 _mlIFS=$IFS;
 fi;
 IFS=' ';
 for _mlv in ${MODULES_RUN_QUARANTINE:-};
 do
 if [ "${_mlv}" = "${_mlv##*[!A-Za-z0-9_]}" -a "${_mlv}" = "${_mlv#[0-9]}" ]; then
 if [ -n "`eval 'echo ${'$_mlv'+x}'`" ]; then
 _mlre="${_mlre:-}${_mlv}_modquar='`eval 'echo ${'$_mlv'}'`' ";
 fi;
 _mlrv="MODULES_RUNENV_${_mlv}";
 _mlre="${_mlre:-}${_mlv}='`eval 'echo ${'$_mlrv':-}'`' ";
 fi;
 done;
 if [ -n "${_mlre:-}" ]; then
 eval `eval ${_mlre}/usr/bin/tclsh /afs/crc.nd.edu/x86_64_linux/Modules/4.5.0/libexec/modulecmd.tcl bash '"$@"'`;
 else
 eval `/usr/bin/tclsh /afs/crc.nd.edu/x86_64_linux/Modules/4.5.0/libexec/modulecmd.tcl bash "$@"`;
 fi;
 _mlstatus=$?;
 if [ -n "${_mlIFS+x}" ]; then
 IFS=$_mlIFS;
 else
 unset IFS;
 fi;
 unset _mlre _mlv _mlrv _mlIFS;
 if [ -n "${_mlshdbg:-}" ]; then
 set -$_mlshdbg;
 fi;
 unset _mlshdbg;
 return $_mlstatus
}
BASH_FUNC_ml()=() {  module ml "$@"
}
_=/usr/bin/printenv
