25774   0.000000 libjli.so->getenv("_JAVA_LAUNCHER_DEBUG") = nil
25774   0.001152 libjli.so->getenv("_JAVA_VERSION_SET") = nil
25774   0.000432 libjli.so->fopen("/usr/lib/jvm/java-1.8.0-openjdk-1.8.0.262.b10-0.el7_8.x86_64/jre/lib/amd64/jvm.cfg", "r") = 0x560b382db0e0
25774   0.000531 libjli.so->getenv("JDK_ALTERNATE_VM") = nil
25774   0.000203 libjli.so->__xstat(1, "/usr/lib/jvm/java-1.8.0-openjdk-1.8.0.262.b10-0.el7_8.x86_64/jre/lib/amd64/server/libjvm.so", 0x7ffdc8e66690) = 0
25774   0.000378 libjli.so->getenv("LD_LIBRARY_PATH") = "/afs/crc.nd.edu/group/ccl/software/x86_64/redhat7/ruby/current/lib:/afs/crc.nd.edu/group/ccl/software/x86_64/redhat7/graphviz/current/lib:/afs/crc.nd.edu/group/ccl/software/x86_64/redhat7/git/current/lib:/afs/crc.nd.edu/group/ccl/software/x86_64/redhat7/condor/current/lib:/afs/crc.nd.edu/group/ccl/software/x86_64/redhat7/clang/current/lib:/afs/crc.nd.edu/group/ccl/software/x86_64/redhat7/condor/current/lib:/afs/crc.nd.edu/group/ccl/software/x86_64/redhat7/cctools/current/lib:/opt/crc/usr/local/lib"
25774   0.001423 libjli.so->dlopen("/usr/lib/jvm/java-1.8.0-openjdk-1.8.0.262.b10-0.el7_8.x86_64/jre/lib/amd64/server/libjvm.so", 258 <unfinished ...>
25774   0.024532 libjvm.so->getenv("NMT_LEVEL_25774") = nil
25774   0.001074 <... dlopen resumed> )          = 0x560b382db4b0
25774   0.000053 libjli.so->getenv("CLASSPATH")  = nil
25774   0.000201 libjli.so->getenv("_JAVA_SPLASH_JAR") = nil
25774   0.000198 libjli.so->getenv("_JAVA_SPLASH_FILE") = nil
25774   0.000200 libjli.so->pthread_attr_setdetachstate(0x7ffdc8e66640, 0, 0x7ffdc8e666d0, 0) = 0
25774   0.000283 libpthread.so.0->__clone(0x2adac0137de0, 0x2adac004afc0, 0x3d0f00, 0x2adac004b700) = 0x64af
25775   0.001321 libjvm.so->dlopen(0x2adac19169ae, 1, 0xfffffffffff42c48, 4096) = 0x2adac4000990
25775   0.001564 libjvm.so->getenv(0x2adac193183e, 0, 115, 0x65737361) = 0x7ffdc8e6d692
25775   0.000295 libjvm.so->fopen(0x2adac0049c10, 0x2adac18cdccb, 0x6f732e79666972, 0x2adac0a0fab0) = 0x2adac4001440
25775   0.000921 libjvm.so->dlopen(0x2adac0049c10, 1, 0xffffffff, 0x2adac4002b00) = 0x2adac4001440
25775   0.000908 libjvm.so->fopen(0x2adac0049c10, 0x2adac18cdccb, 111, 0x732e6176) = 0x2adac4001b10
25775   0.001006 libjvm.so->dlopen(0x2adac0049c10, 1, 0xffffffff, 0x2adac4001a00) = 0x2adac4001b10
25775   0.000968 libjvm.so->__xstat(1, 0x2adac004a360, 0x2adac004aba0, 0x746f7073746f682e) = -1
25775   0.000308 libjvm.so->getenv(0x2adac18c6541, 0x2adac004a6d0, 1024, 0x2adac1d8061b) = 0
25775   0.000278 libjvm.so->getenv(0x2adac18c6533, 0x2adac004a6d0, 1024, 0) = 0
25775   0.000274 libjvm.so->fopen(0x2adac1916315, 0x2adac18cdccb, 4095, 0xffffd5253e739b03) = 0x2adac40032f0
25775   0.000688 libjvm.so->fopen(0x2adac1916361, 0x2adac18cdccb, 0x2adac4000078, 0x2adac40032e0) = 0x2adac40032f0
25775   0.000438 libjvm.so->fopen(0x2adac00449b0, 0x2adac18cdccb, 4016, 3997) = 0x2adac40032f0
25775   0.000414 libjvm.so->opendir(0x2adac4002b40, 0x2adac4002b40, 13, 16) = 0
25775   0.000287 libjvm.so->__xstat(1, 0x2adac00498f0, 0x2adac0048860, 0x6f732e7477616d62) = -1
25775   0.000275 libjvm.so->__xstat(1, 0x2adac00498f0, 0x2adac0048860, 0x5f74776162696c2f) = 0
25775   0.000327 libjvm.so->fopen(0x2adac0048b90, 0x2adac18cdccb, 4011, 3996) = 0x2adac40037d0
25775   0.000391 libjvm.so->fopen(0x2adac0048b90, 0x2adac18cdccb, 4011, 3996) = 0x2adac40037d0
25775   0.000380 libjvm.so->fopen(0x2adac0048b90, 0x2adac18cdccb, 4011, 4004) = 0x2adac40037d0
25775   0.000414 libjvm.so->fopen(0x2adac0048b20, 0x2adac18cdccb, 4011, 3996) = 0x2adac40037d0
25775   0.000380 libjvm.so->fopen(0x2adac0048b20, 0x2adac18cdccb, 4011, 3996) = 0x2adac40037d0
25775   0.000393 libjvm.so->fopen(0x2adac0048b20, 0x2adac18cdccb, 4011, 4004) = 0x2adac40037d0
25775   0.000481 libjvm.so->fopen(0x2adac0048b50, 0x2adac18cdccb, 4016, 3997) = 0x2adac40037d0
25775   0.000521 libjvm.so->getenv(0x2adac19170ff, 4096, 3, -1) = 0
25775   0.000579 libjvm.so->fopen(0x2adac1916998, 0x2adac18cdccb, 0x2adac012e908, 0x2adac012ddf0) = 0x2adac40037d0
25775   0.005172 libjvm.so->open(0x2adac404a5c0, 0x20000, 0, 0x2adac404a609) = 3
25775   0.000301 libjvm.so->__fxstat(1, 3, 0x2adac004aa00, -1) = 0
25775   0.000305 libjvm.so->opendir(0x2adac404a5c0, 0x2adac004aa00, 0x4000, -1) = 0x2adac404b4d0
25775   0.000308 libjvm.so->__fxstat(1, 3, 0x2adac004a8a0, 0x2adac404b4d0) = 0
25775   0.000288 libjvm.so->__fxstat(1, 5, 0x2adac004a930, -1) = 0
25775   0.000308 libjvm.so->open(0x2adac18e49dc, 0, 0, 0) = 3
25775   0.000421 libjvm.so->__lxstat(1, 0x2adac404a5c0, 0x2adac004ab50, -144) = 0
25775   0.000308 libjvm.so->open(0x2adac404a5c0, 0x20000, 0x4000, -1) = 3
25775   0.000279 libjvm.so->__fxstat(1, 3, 0x2adac004aa00, -1) = 0
25775   0.000293 libjvm.so->opendir(0x2adac404a5c0, 0x2adac004aa00, 0x4000, -1) = 0x2adac404b4d0
25775   0.000280 libjvm.so->__fxstat(1, 3, 0x2adac004a8a0, 0x2adac404b4d0) = 0
25775   0.000289 libjvm.so->__fxstat(1, 5, 0x2adac004a930, -1) = 0
25775   0.000294 libjvm.so->open(0x2adac18e49dc, 0, 0, 0) = 3
25775   0.000293 libjvm.so->open(0x2adac404a609, 0x20042, 384, -1) = 7
25775   0.000401 libjvm.so->__fxstat(1, 7, 0x2adac004ab50, -1) = 0
25775   0.001091 libjvm.so->fopen(0x2adac0049b60, 0x2adac18cdccb, 4, 0x6f732e70) = 0x2adac4057c20
25775   0.000927 libjvm.so->dlopen(0x2adac0049b60, 1, 0xffffffff, 0x2adac4057b00) = 0x2adac4057c20
25775   0.000916 libjvm.so->__xstat(1, 0x2adac004a120, 0x2adac004a950, 2048) = 0
25775   0.000284 libjvm.so->__xstat(1, 0x2adac004a120, 0x2adac004a950, 2048) = 0
25775   0.000277 libjvm.so->__xstat(1, 0x2adac004a120, 0x2adac004a950, 2048) = -1
25775   0.000288 libjvm.so->__xstat(1, 0x2adac004a120, 0x2adac004a950, 2048) = 0
25775   0.000279 libjvm.so->__xstat(1, 0x2adac004a120, 0x2adac004a950, 2048) = 0
25775   0.000278 libjvm.so->__xstat(1, 0x2adac004a120, 0x2adac004a950, 2048) = 0
25775   0.000278 libjvm.so->__xstat(1, 0x2adac004a120, 0x2adac004a950, 2048) = 0
25775   0.000316 libjvm.so->__xstat(1, 0x2adac004a120, 0x2adac004a950, 2048) = -1
25775   0.000281 libjvm.so->fopen(0x2adac4002520, 0x2adac18cdccb, 0, 0) = 0x2adac4058ac0
25775   0.005930 libjvm.so->open64(0x2adac0049410, 0, 0, 16) = 3
25775   0.000294 libjvm.so->__fxstat64(1, 3, 0x2adac0049240, -1) = 0
25775   0.024444 libjvm.so->__xstat(1, 0x2adac0049f20, 0x2adac004a750, 2048) = -1
25775   0.000352 libjvm.so->fopen(0x2adac0048b20, 0x2adac18cdccb, 4011, 3996) = 0x2adac40b5d40
25775   0.000408 libjvm.so->fopen(0x2adac0048b20, 0x2adac18cdccb, 4011, 3996) = 0x2adac40b5d40
25775   0.000424 libjvm.so->fopen(0x2adac0048b20, 0x2adac18cdccb, 4011, 4004) = 0x2adac40b5d40
25775   0.002932 libjvm.so->pthread_attr_setdetachstate(0x2adac004ac00, 1, 0, 0) = 0
25775   0.000328 libpthread.so.0->__clone(0x2adac0137de0, 0x2adad8a71fc0, 0x3d0f00, 0x2adad8a72700) = 0x64b0
25775   0.010543 libjvm.so->pthread_attr_setdetachstate(0x2adac004a290, 1, 0, 0) = 0
25775   0.000398 libpthread.so.0->__clone(0x2adac0137de0, 0x2adad8b72fc0, 0x3d0f00, 0x2adad8b73700) = 0x64b1
25775   0.004531 libjvm.so->pthread_attr_setdetachstate(0x2adac004a610, 1, 0, 0) = 0
25775   0.000502 libpthread.so.0->__clone(0x2adac0137de0, 0x2adad8c73fc0, 0x3d0f00, 0x2adad8c74700) = 0x64b2
25775   0.027765 libjvm.so->fopen(0x2adac40f17f0, 0x2adac18cdccb, 4, 0x6f732e70) = 0x2adac40f1cf0
25775   0.001279 libjvm.so->dlopen(0x2adac40f17f0, 1, 0xffffffff, 0x2adac40e8c00) = 0x2adac4057c20
25775   0.003292 libjvm.so->open64(0x2adac0049510, 0, 0, 16) = 5
25775   0.000581 libjvm.so->__fxstat64(1, 5, 0x2adac0049340, -1) = 0
25775   0.012863 libjvm.so->fopen(0x2adac0046130, 0x2adac18cdccb, 4011, 3996) = 0x2adac40fccc0
25775   0.000713 libjvm.so->fopen(0x2adac0046130, 0x2adac18cdccb, 4011, 3996) = 0x2adac40fccc0
25775   0.000672 libjvm.so->fopen(0x2adac0046130, 0x2adac18cdccb, 4011, 4004) = 0x2adac40fccc0
25775   0.009970 libjvm.so->pthread_attr_setdetachstate(0x2adac004ab50, 1, 0, 0) = 0
25775   0.000599 libpthread.so.0->__clone(0x2adac0137de0, 0x2adad8d74fc0, 0x3d0f00, 0x2adad8d75700) = 0x64b3
25775   0.000945 libjvm.so->__xstat64(1, 0x2adac004abe0, 0x2adac004ab50, 19) = -1
25775   0.000742 libjvm.so->pthread_attr_setdetachstate(0x2adac004a950, 1, 0, 0) = 0
25775   0.000695 libpthread.so.0->__clone(0x2adac0137de0, 0x2adad8e75fc0, 0x3d0f00, 0x2adad8e76700) = 0x64b4
25775   0.001085 libjvm.so->pthread_attr_setdetachstate(0x2adac004a950, 1, 0, 0) = 0
25775   0.000814 libpthread.so.0->__clone(0x2adac0137de0, 0x2adad8f76fc0, 0x3d0f00, 0x2adad8f77700) = 0x64b7
25775   0.005861 libjvm.so->pthread_attr_setdetachstate(0x2adac004aaa0, 1, 0, 0) = 0
25775   0.000924 libpthread.so.0->__clone(0x2adac0137de0, 0x2adad9077fc0, 0x3d0f00, 0x2adad9078700) = 0x64b8
25775   0.001395 libjvm.so->pthread_attr_setdetachstate(0x2adac004abb0, 1, 0, 0) = 0
25775   0.001229 libpthread.so.0->__clone(0x2adac0137de0, 0x2adad9178fc0, 0x3d0f00, 0x2adad9179700) = 0x64b9
25775   0.009853 libjvm.so->open64(0x2adac4128890, 0, 0, 16) = 7
25775   0.001088 libjvm.so->__fxstat64(1, 7, 0x2adac0047f60, -1) = 0
25775   0.016933 libjvm.so->fopen(0x2adac41545e0, 0x2adac18cdccb, 4, 0x6f732e6f) = 0x2adac41546a0
25775   0.002982 libjvm.so->dlopen(0x2adac41545e0, 1, 0xffffffff, 0x2adac4154600) = 0x2adac41546a0
25775   0.103452 libjvm.so->fopen(0x2adac41b7660, 0x2adac18cdccb, 4, 0x6f732e74) = 0x2adac41d7610
25775   0.003081 libjvm.so->dlopen(0x2adac41b7660, 1, 0xffffffff, 0x2adac41c4100) = 0x2adac41d7610
25775   0.042042 libjvm.so->fopen(0x2adac0043070, 0x2adac18cdccb, 0x6f732e, 0x6d766a62696c2f72) = 0x2adac41e9fb0
25775   0.004459 libjvm.so->dlopen(0x2adac0043070, 1, 0xffffffff, 0x2adac41e9f00) = 0x560b382db4b0
25775   0.001145 libjvm.so->fopen(0x2adac0043070, 0x2adac18cdccb, 0x6f732e, 0x6d766a62696c2f72) = 0x2adac41ea420
25775   0.003552 libjvm.so->dlopen(0x2adac0043070, 1, 0xffffffff, 0x2adac41e9f00) = 0x560b382db4b0
25775   0.002182 libjvm.so->fopen(0x2adac0043070, 0x2adac18cdccb, 0x6f732e, 0x6d766a62696c2f72) = 0x2adac41ea050
25775   0.002592 libjvm.so->dlopen(0x2adac0043070, 1, 0xffffffff, 0x2adac41e9f00) = 0x560b382db4b0
25775   0.001075 libjvm.so->fopen(0x2adac0043070, 0x2adac18cdccb, 0x6f732e, 0x6d766a62696c2f72) = 0x2adac41ea050
25775   0.002531 libjvm.so->dlopen(0x2adac0043070, 1, 0xffffffff, 0x2adac41e9f00) = 0x560b382db4b0
25775   0.056280 libjvm.so->fopen(0x2adac42308c0, 0x2adac18cdccb, 0x6f732e7373656c, 0x656c646165685f74) = 0x2adac42309a0
25775   0.001972 libjvm.so->dlopen(0x2adac42308c0, 1, 0xffffffff, 0x2adac4230900) = 0x2adac42309a0
25785   0.028589 +++ exited (status 0) +++
25776   0.000486 +++ exited (status 0) +++
25775   0.000243 +++ exited (status 0) +++
25780   0.000169 +++ exited (status 1) +++
25784   0.000017 +++ exited (status 1) +++
25779   0.000010 +++ exited (status 1) +++
25778   0.000009 +++ exited (status 1) +++
25777   0.000008 +++ exited (status 1) +++
25783   0.003417 +++ exited (status 1) +++
25774   0.000029 +++ exited (status 1) +++
Wrote an ltrace for command: "java -cp ./tools/maxent.jar density.Project outputs/Brachycerus_nodulosus_Reiche/Brachycerus_nodulosus_Reiche.lambdas data/layers/worldclim outputs/Brachycerus_nodulosus_Reiche_worldclim.asc nowarnings nocache autorun -z" with PID 25772 from PPID 25756 on disc23.crc.nd.edu with result 1
REMOTEHOST=10.17.150.11
_CONDOR_JOB_PIDS=
MANPATH=/afs/crc.nd.edu/user/n/nkremerh/cctools/share/man/:/afs/crc.nd.edu/group/ccl/software/x86_64/redhat7/ruby/current/share/man:/afs/crc.nd.edu/group/ccl/software/x86_64/redhat7/graphviz/current/share/man:/afs/crc.nd.edu/group/ccl/software/x86_64/redhat7/gnuplot/current/share/man:/afs/crc.nd.edu/group/ccl/software/x86_64/redhat7/git/current/share/man:/afs/crc.nd.edu/group/ccl/software/x86_64/redhat7/condor/current/share/man:/afs/crc.nd.edu/group/ccl/software/x86_64/redhat7/clang/current/share/man:/afs/crc.nd.edu/group/ccl/software/x86_64/redhat7/condor/current/share/man:/afs/crc.nd.edu/group/ccl/software/x86_64/redhat7/cctools/current/share/man:/afs/crc.nd.edu/group/ccl/software/x86_64/redhat7/cctools/current/share/man:/afs/crc.nd.edu/x86_64_linux/Modules/4.5.0/share/man:/opt/crc/usr/local/man:/opt/sge/man:/usr/share/man/overrides:/usr/share/man:/usr/local/share/man
XDG_SESSION_ID=4102
HOSTNAME=disc01.crc.nd.edu
_LMFILES__modshare=/afs/crc.nd.edu/x86_64_linux/Modules/modules/system_modules/CRC_default/1.1:1
MODULEPATH_modshare=/afs/crc.nd.edu/x86_64_linux/Modules/modules/general_software:1:/afs/crc.nd.edu/x86_64_linux/Modules/modules/development_tools_and_libraries:1:/afs/crc.nd.edu/x86_64_linux/Modules/modules/system_modules:1:/afs/crc.nd.edu/x86_64_linux/Modules/current/modulefiles:1:/afs/crc.nd.edu/x86_64_linux/Modules/modules/restricted_software:1:/afs/crc.nd.edu/x86_64_linux/Modules/modules/deprecated_software:1
MODULES_CMD=/afs/crc.nd.edu/x86_64_linux/Modules/4.5.0/libexec/modulecmd.tcl
HOST=disc01.crc.nd.edu
SHELL=/bin/tcsh
TERM=xterm-256color
MAKEFLAGS=
HISTSIZE=5000
TMPDIR=/var/condor/execute/dir_4608/worker-213124-4803/t.1868/cctools-temp-t.1868.MtNmAU
SSH_CLIENT=10.17.150.11 36546 22
PERL5LIB=/afs/crc.nd.edu/user/n/nkremerh/cctools/lib/perl5/site_perl/5.16.3:/afs/crc.nd.edu/user/n/nkremerh/.perl5/lib/perl5
SGE_CELL=crc
_CONDOR_SCRATCH_DIR=/var/condor/execute/dir_4608
PERL_MB_OPT=--install_base '/afs/crc.nd.edu/user/n/nkremerh/.perl5/'
SSH_TTY=/dev/pts/2
SGE_LOAD_AVG=load_avg
MAKEFLOW_MAX_LOCAL_JOBS=2
_CONDOR_ANCESTOR_4608=4753:1600190003:2907608774
HISTFILESIZE=10000
_CHIRP_DELAYED_UPDATE_PREFIX=Chirp*
USER=nkremerh
GROUP=campus
LD_LIBRARY_PATH=/afs/crc.nd.edu/group/ccl/software/x86_64/redhat7/ruby/current/lib:/afs/crc.nd.edu/group/ccl/software/x86_64/redhat7/graphviz/current/lib:/afs/crc.nd.edu/group/ccl/software/x86_64/redhat7/git/current/lib:/afs/crc.nd.edu/group/ccl/software/x86_64/redhat7/condor/current/lib:/afs/crc.nd.edu/group/ccl/software/x86_64/redhat7/clang/current/lib:/afs/crc.nd.edu/group/ccl/software/x86_64/redhat7/condor/current/lib:/afs/crc.nd.edu/group/ccl/software/x86_64/redhat7/cctools/current/lib:/opt/crc/usr/local/lib
TEMP=/var/condor/execute/dir_4608/worker-213124-4803/t.1868/cctools-temp-t.1868.MtNmAU
BATCH_SYSTEM=HTCondor
WORKER_TMPDIR=/var/condor/execute/dir_4608/worker-213124-4803/cache/tmp
ENV=/afs/crc.nd.edu/x86_64_linux/Modules/4.5.0/init/profile.sh
MODULES_LMALTNAME=CRC_default/1.1&CRC_default/default&CRC_default
_CONDOR_ANCESTOR_3574=4608:1600190002:4040868521
_CONDOR_CHIRP_CONFIG=/var/condor/execute/dir_4608/.chirp.config
GLOBUS_GSSAPI_MAX_TLS_PROTOCOL=0
_CONDOR_HIGHPORT=9999
HOSTTYPE=x86_64-linux
MAKELEVEL=1
MFLAGS=
CCLSOFTWARE=/afs/crc.nd.edu/group/ccl/software/x86_64/redhat7
PATH=/afs/crc.nd.edu/user/n/nkremerh/cctools/bin:/afs/crc.nd.edu/user/n/nkremerh/miniconda/bin:/afs/crc.nd.edu/group/ccl/software/git:/afs/crc.nd.edu/user/n/nkremerh/.local/bin:/afs/crc.nd.edu/group/ccl/software/x86_64/redhat7/povray/3.7/bin:/afs/crc.nd.edu/user/n/nkremerh/.perl5/bin:/afs/crc.nd.edu/user/n/nkremerh/pegasus/bin:/afs/crc.nd.edu/user/n/nkremerh/nodejs/bin:/afs/crc.nd.edu/user/n/nkremerh/montage/bin:/afs/crc.nd.edu/user/n/nkremerh/latexdiff:/afs/crc.nd.edu/user/n/nkremerh/envtrace:/afs/crc.nd.edu/user/n/nkremerh/endlines:/afs/crc.nd.edu/user/n/nkremerh/cctools/bin:/afs/crc.nd.edu/user/n/nkremerh/.cargo/bin:/afs/crc.nd.edu/group/ccl/software/x86_64/redhat7/ruby/current/bin:/afs/crc.nd.edu/group/ccl/software/x86_64/redhat7/graphviz/current/bin:/afs/crc.nd.edu/group/ccl/software/x86_64/redhat7/gnuplot/current/bin:/afs/crc.nd.edu/group/ccl/software/x86_64/redhat7/git/current/bin:/afs/crc.nd.edu/group/ccl/software/x86_64/redhat7/condor/current/sbin:/afs/crc.nd.edu/group/ccl/software/x86_64/redhat7/condor/current/bin:/afs/crc.nd.edu/group/ccl/software/x86_64/redhat7/cmake/current/bin:/afs/crc.nd.edu/group/ccl/software/x86_64/redhat7/clang/current/bin:/afs/crc.nd.edu/group/ccl/software/x86_64/redhat7/condor/current/sbin:/afs/crc.nd.edu/group/ccl/software/x86_64/redhat7/condor/current/bin:/afs/crc.nd.edu/group/ccl/software/x86_64/redhat7/cctools/current/bin:/afs/crc.nd.edu/x86_64_linux/Modules/4.5.0/bin:/opt/crc/usr/local/bin:/opt/sge/bin/lx-amd64:/usr/local/bin:/usr/bin:/usr/local/sbin:/usr/sbin:/afs/crc.nd.edu/user/c/condor/software/bin:/afs/crc.nd.edu/user/c/condor/software/sbin
MAIL=/var/spool/mail/nkremerh
_CONDOR_ANCESTOR_3382=3574:1598183948:1170902758
PWD=/var/condor/execute/dir_4608/worker-213124-4803/t.1868
_LMFILES_=/afs/crc.nd.edu/x86_64_linux/Modules/modules/system_modules/CRC_default/1.1
SGE_EXECD_PORT=6445
EDITOR=vim
LANG=en_US.UTF-8
MODULEPATH=/afs/crc.nd.edu/x86_64_linux/Modules/modules/development_tools_and_libraries:/afs/crc.nd.edu/x86_64_linux/Modules/modules/general_software:/afs/crc.nd.edu/x86_64_linux/Modules/modules/restricted_software:/afs/crc.nd.edu/x86_64_linux/Modules/modules/system_modules:/afs/crc.nd.edu/x86_64_linux/Modules/modules/deprecated_software:/afs/crc.nd.edu/x86_64_linux/Modules/current/modulefiles
SGE_QMASTER_PORT=6444
SGE_ROOT=/opt/sge
LOADEDMODULES=CRC_default/1.1
WORK_QUEUE_SANDBOX=/var/condor/execute/dir_4608/worker-213124-4803
_CONDOR_SLOT=slot1
CCLPLATFORM=x86_64/redhat7
USE_SYSTEMD=true
_CONDOR_LOWPORT=9100
KRB5CCNAME=FILE:/tmp/krb5cc_213124_DZSV7p
HISTCONTROL=ignoreboth:erasedups
PATH_modshare=/opt/crc/usr/local/bin:1:/opt/sge/bin/lx-amd64:1:/usr/sbin:1:/usr/bin:1:/afs/crc.nd.edu/user/c/condor/software/sbin:1:/usr/local/sbin:1:/afs/crc.nd.edu/user/c/condor/software/bin:1:/usr/local/bin:1
SHLVL=7
HOME=disc01.crc.nd.edu
GLOBUS_GSSAPI_NAME_COMPATIBILITY=STRICT_RFC2818
_CONDOR_MACHINE_AD=/var/condor/execute/dir_4608/.machine.ad
OSTYPE=linux
DISK=917322
GREP_OPTIONS=--color=auto
GLOBUS_GSSAPI_MIN_TLS_PROTOCOL=TLS1_VERSION
MEMORY=15899
MANPATH_modshare=/usr/share/man/overrides:1:/usr/local/share/man:1:/usr/share/man:1:/opt/crc/usr/local/man:1:/opt/sge/man:1
VENDOR=unknown
BASH_ENV=/afs/crc.nd.edu/x86_64_linux/Modules/4.5.0/init/bash
PERL_LOCAL_LIB_ROOT=/afs/crc.nd.edu/user/n/nkremerh/.perl5/
PYTHONPATH=/afs/crc.nd.edu/user/n/nkremerh/cctools/lib/python3.6/site-packages/
CCLHOME=/afs/crc.nd.edu/group/ccl
MACHTYPE=x86_64
LOGNAME=nkremerh
TMP=/var/condor/execute/dir_4608/worker-213124-4803/t.1868/cctools-temp-t.1868.MtNmAU
LD_LIBRARY_PATH_modshare=/opt/crc/usr/local/lib:1
MODULES_LMALTNAME_modshare=CRC_default/1.1&CRC_default/default&CRC_default:1
SSH_CONNECTION=10.17.150.11 36546 129.74.128.103 22
MODULESHOME=/afs/crc.nd.edu/x86_64_linux/Modules/4.5.0
OMP_NUM_THREADS=1
LESSOPEN=||/usr/bin/lesspipe.sh %s
GLOBUS_GSSAPI_BACKWARD_COMPATIBLE_MIC=true
GLOBUS_GSSAPI_CIPHERS=HIGH
LOADEDMODULES_modshare=CRC_default/1.1:1
_CONDOR_JOB_AD=/var/condor/execute/dir_4608/.job.ad
SGE_CLUSTER_NAME=CRC
XDG_RUNTIME_DIR=/run/user/213124
CCTOOLS=../cctools
CORES=4
_CONDOR_JOB_IWD=/var/condor/execute/dir_4608
PERL_MM_OPT=INSTALL_BASE=/afs/crc.nd.edu/user/n/nkremerh/.perl5/
GLOBUS_GSSAPI_SERVER_CIPHER_ORDER=true
BASH_FUNC_module()=() {  unset _mlshdbg;
 if [ "${MODULES_SILENT_SHELL_DEBUG:-0}" = '1' ]; then
 case "$-" in 
 *v*x*)
 set +vx;
 _mlshdbg='vx'
 ;;
 *v*)
 set +v;
 _mlshdbg='v'
 ;;
 *x*)
 set +x;
 _mlshdbg='x'
 ;;
 *)
 _mlshdbg=''
 ;;
 esac;
 fi;
 unset _mlre _mlIFS;
 if [ -n "${IFS+x}" ]; then
 _mlIFS=$IFS;
 fi;
 IFS=' ';
 for _mlv in ${MODULES_RUN_QUARANTINE:-};
 do
 if [ "${_mlv}" = "${_mlv##*[!A-Za-z0-9_]}" -a "${_mlv}" = "${_mlv#[0-9]}" ]; then
 if [ -n "`eval 'echo ${'$_mlv'+x}'`" ]; then
 _mlre="${_mlre:-}${_mlv}_modquar='`eval 'echo ${'$_mlv'}'`' ";
 fi;
 _mlrv="MODULES_RUNENV_${_mlv}";
 _mlre="${_mlre:-}${_mlv}='`eval 'echo ${'$_mlrv':-}'`' ";
 fi;
 done;
 if [ -n "${_mlre:-}" ]; then
 eval `eval ${_mlre}/usr/bin/tclsh /afs/crc.nd.edu/x86_64_linux/Modules/4.5.0/libexec/modulecmd.tcl bash '"$@"'`;
 else
 eval `/usr/bin/tclsh /afs/crc.nd.edu/x86_64_linux/Modules/4.5.0/libexec/modulecmd.tcl bash "$@"`;
 fi;
 _mlstatus=$?;
 if [ -n "${_mlIFS+x}" ]; then
 IFS=$_mlIFS;
 else
 unset IFS;
 fi;
 unset _mlre _mlv _mlrv _mlIFS;
 if [ -n "${_mlshdbg:-}" ]; then
 set -$_mlshdbg;
 fi;
 unset _mlshdbg;
 return $_mlstatus
}
BASH_FUNC_ml()=() {  module ml "$@"
}
_=/usr/bin/printenv
