2543   0.000000 libjli.so->getenv("_JAVA_LAUNCHER_DEBUG") = nil
2543   0.001729 libjli.so->getenv("_JAVA_VERSION_SET") = nil
2543   0.000805 libjli.so->fopen("/usr/lib/jvm/java-1.8.0-openjdk-1.8.0.262.b10-0.el7_8.x86_64/jre/lib/amd64/jvm.cfg", "r") = 0x5562b57730e0
2543   0.000903 libjli.so->getenv("JDK_ALTERNATE_VM") = nil
2543   0.000317 libjli.so->__xstat(1, "/usr/lib/jvm/java-1.8.0-openjdk-1.8.0.262.b10-0.el7_8.x86_64/jre/lib/amd64/server/libjvm.so", 0x7ffd243388b0) = 0
2543   0.000583 libjli.so->getenv("LD_LIBRARY_PATH") = "/afs/crc.nd.edu/group/ccl/software/x86_64/redhat7/ruby/current/lib:/afs/crc.nd.edu/group/ccl/software/x86_64/redhat7/graphviz/current/lib:/afs/crc.nd.edu/group/ccl/software/x86_64/redhat7/git/current/lib:/afs/crc.nd.edu/group/ccl/software/x86_64/redhat7/condor/current/lib:/afs/crc.nd.edu/group/ccl/software/x86_64/redhat7/clang/current/lib:/afs/crc.nd.edu/group/ccl/software/x86_64/redhat7/condor/current/lib:/afs/crc.nd.edu/group/ccl/software/x86_64/redhat7/cctools/current/lib:/opt/crc/usr/local/lib"
2543   0.002164 libjli.so->dlopen("/usr/lib/jvm/java-1.8.0-openjdk-1.8.0.262.b10-0.el7_8.x86_64/jre/lib/amd64/server/libjvm.so", 258 <unfinished ...>
2543   0.038520 libjvm.so->getenv("NMT_LEVEL_2543") = nil
2543   0.001618 <... dlopen resumed> )           = 0x5562b57734b0
2543   0.000078 libjli.so->getenv("CLASSPATH")   = nil
2543   0.000306 libjli.so->getenv("_JAVA_SPLASH_JAR") = nil
2543   0.000300 libjli.so->getenv("_JAVA_SPLASH_FILE") = nil
2543   0.000336 libjli.so->pthread_attr_setdetachstate(0x7ffd24338860, 0, 0x7ffd243388f0, 0) = 0
2543   0.000417 libpthread.so.0->__clone(0x2af3c3547de0, 0x2af3c345afc0, 0x3d0f00, 0x2af3c345b700) = 2549
2549   0.001530 libjvm.so->dlopen(0x2af3c4d269ae, 1, 0xfffffffffff42c48, 4096) = 0x2af3c8000990
2549   0.002857 libjvm.so->getenv(0x2af3c4d4183e, 0, 115, 0x65737361) = 0x7ffd2433e684
2549   0.000434 libjvm.so->fopen(0x2af3c3459c10, 0x2af3c4cddccb, 0x6f732e79666972, 0x2af3c3e1fab0) = 0x2af3c8001440
2549   0.001382 libjvm.so->dlopen(0x2af3c3459c10, 1, 0xffffffff, 0x2af3c8002b00) = 0x2af3c8001440
2549   0.001502 libjvm.so->fopen(0x2af3c3459c10, 0x2af3c4cddccb, 111, 0x732e6176) = 0x2af3c8001b10
2549   0.001539 libjvm.so->dlopen(0x2af3c3459c10, 1, 0xffffffff, 0x2af3c8001a00) = 0x2af3c8001b10
2549   0.001673 libjvm.so->__xstat(1, 0x2af3c345a360, 0x2af3c345aba0, 0x746f7073746f682e) = -1
2549   0.000462 libjvm.so->getenv(0x2af3c4cd6541, 0x2af3c345a6d0, 1024, 0x2af3c519061b) = 0
2549   0.000423 libjvm.so->getenv(0x2af3c4cd6533, 0x2af3c345a6d0, 1024, 0) = 0
2549   0.000419 libjvm.so->fopen(0x2af3c4d26315, 0x2af3c4cddccb, 4095, 0xffffd50c3b329b03) = 0x2af3c80032b0
2549   0.001101 libjvm.so->fopen(0x2af3c4d26361, 0x2af3c4cddccb, 0x2af3c8000078, 0x2af3c80032a0) = 0x2af3c80032b0
2549   0.000792 libjvm.so->fopen(0x2af3c34549b0, 0x2af3c4cddccb, 4016, 3997) = 0x2af3c80032b0
2549   0.000643 libjvm.so->opendir(0x2af3c8002b40, 0x2af3c8002b40, 13, 16) = 0
2549   0.000452 libjvm.so->__xstat(1, 0x2af3c34598f0, 0x2af3c3458860, 0x6f732e7477616d62) = -1
2549   0.000483 libjvm.so->__xstat(1, 0x2af3c34598f0, 0x2af3c3458860, 0x5f74776162696c2f) = 0
2549   0.000470 libjvm.so->fopen(0x2af3c3458b90, 0x2af3c4cddccb, 4011, 3996) = 0x2af3c8003790
2549   0.000665 libjvm.so->fopen(0x2af3c3458b90, 0x2af3c4cddccb, 4011, 3996) = 0x2af3c8003790
2549   0.000614 libjvm.so->fopen(0x2af3c3458b90, 0x2af3c4cddccb, 4011, 4004) = 0x2af3c8003790
2549   0.000698 libjvm.so->fopen(0x2af3c3458b20, 0x2af3c4cddccb, 4011, 3996) = 0x2af3c8003790
2549   0.000608 libjvm.so->fopen(0x2af3c3458b20, 0x2af3c4cddccb, 4011, 3996) = 0x2af3c8003790
2549   0.000619 libjvm.so->fopen(0x2af3c3458b20, 0x2af3c4cddccb, 4011, 4004) = 0x2af3c8003790
2549   0.000606 libjvm.so->fopen(0x2af3c3458b50, 0x2af3c4cddccb, 4016, 3997) = 0x2af3c8003790
2549   0.000793 libjvm.so->getenv(0x2af3c4d270ff, 4096, 3, -1) = 0
2549   0.000889 libjvm.so->fopen(0x2af3c4d26998, 0x2af3c4cddccb, 0x2af3c353e908, 0x2af3c353ddf0) = 0x2af3c8003790
2549   0.004667 libjvm.so->open(0x2af3c804a580, 0x20000, 0, 0x2af3c804a5c9) = 3
2549   0.000466 libjvm.so->__fxstat(1, 3, 0x2af3c345aa00, -1) = 0
2549   0.000487 libjvm.so->opendir(0x2af3c804a580, 0x2af3c345aa00, 0x4000, -1) = 0x2af3c804b490
2549   0.000500 libjvm.so->__fxstat(1, 3, 0x2af3c345a8a0, 0x2af3c804b490) = 0
2549   0.000439 libjvm.so->__fxstat(1, 5, 0x2af3c345a930, -1) = 0
2549   0.000604 libjvm.so->open(0x2af3c4cf49dc, 0, 0, 0) = 3
2549   0.000643 libjvm.so->__lxstat(1, 0x2af3c804a580, 0x2af3c345ab50, -144) = 0
2549   0.000515 libjvm.so->open(0x2af3c804a580, 0x20000, 0x4000, -1) = 3
2549   0.000523 libjvm.so->__fxstat(1, 3, 0x2af3c345aa00, -1) = 0
2549   0.000479 libjvm.so->opendir(0x2af3c804a580, 0x2af3c345aa00, 0x4000, -1) = 0x2af3c804b490
2549   0.000434 libjvm.so->__fxstat(1, 3, 0x2af3c345a8a0, 0x2af3c804b490) = 0
2549   0.000422 libjvm.so->__fxstat(1, 5, 0x2af3c345a930, -1) = 0
2549   0.000478 libjvm.so->open(0x2af3c4cf49dc, 0, 0, 0) = 3
2549   0.000490 libjvm.so->open(0x2af3c804a5c9, 0x20042, 384, -1) = 7
2549   0.000786 libjvm.so->__fxstat(1, 7, 0x2af3c345ab50, -1) = 0
2549   0.001850 libjvm.so->fopen(0x2af3c3459b60, 0x2af3c4cddccb, 4, 0x6f732e70) = 0x2af3c8057be0
2549   0.001557 libjvm.so->dlopen(0x2af3c3459b60, 1, 0xffffffff, 0x2af3c8057b00) = 0x2af3c8057be0
2549   0.001582 libjvm.so->__xstat(1, 0x2af3c345a120, 0x2af3c345a950, 2048) = 0
2549   0.000463 libjvm.so->__xstat(1, 0x2af3c345a120, 0x2af3c345a950, 2048) = 0
2549   0.000455 libjvm.so->__xstat(1, 0x2af3c345a120, 0x2af3c345a950, 2048) = -1
2549   0.000454 libjvm.so->__xstat(1, 0x2af3c345a120, 0x2af3c345a950, 2048) = 0
2549   0.000446 libjvm.so->__xstat(1, 0x2af3c345a120, 0x2af3c345a950, 2048) = 0
2549   0.000450 libjvm.so->__xstat(1, 0x2af3c345a120, 0x2af3c345a950, 2048) = 0
2549   0.000449 libjvm.so->__xstat(1, 0x2af3c345a120, 0x2af3c345a950, 2048) = 0
2549   0.000468 libjvm.so->__xstat(1, 0x2af3c345a120, 0x2af3c345a950, 2048) = -1
2549   0.000420 libjvm.so->fopen(0x2af3c8002520, 0x2af3c4cddccb, 0, 0) = 0x2af3c8058a80
2549   0.008566 libjvm.so->open64(0x2af3c3459410, 0, 0, 16) = 3
2549   0.000589 libjvm.so->__fxstat64(1, 3, 0x2af3c3459240, -1) = 0
2549   0.036787 libjvm.so->__xstat(1, 0x2af3c3459f20, 0x2af3c345a750, 2048) = -1
2549   0.000572 libjvm.so->fopen(0x2af3c3458b20, 0x2af3c4cddccb, 4011, 3996) = 0x2af3c80b5ec0
2549   0.000679 libjvm.so->fopen(0x2af3c3458b20, 0x2af3c4cddccb, 4011, 3996) = 0x2af3c80b5ec0
2549   0.000606 libjvm.so->fopen(0x2af3c3458b20, 0x2af3c4cddccb, 4011, 4004) = 0x2af3c80b5ec0
2549   0.004169 libjvm.so->pthread_attr_setdetachstate(0x2af3c345ac00, 1, 0, 0) = 0
2549   0.000522 libpthread.so.0->__clone(0x2af3c3547de0, 0x2af3dbdfffc0, 0x3d0f00, 0x2af3dbe00700) = 2568
2549   0.015490 libjvm.so->pthread_attr_setdetachstate(0x2af3c345a290, 1, 0, 0) = 0
2549   0.000741 libpthread.so.0->__clone(0x2af3c3547de0, 0x2af3dbf00fc0, 0x3d0f00, 0x2af3dbf01700) = 2569
2549   0.007024 libjvm.so->pthread_attr_setdetachstate(0x2af3c345a610, 1, 0, 0) = 0
2549   0.000819 libpthread.so.0->__clone(0x2af3c3547de0, 0x2af3e40fffc0, 0x3d0f00, 0x2af3e4100700) = 2570
2549   0.042048 libjvm.so->fopen(0x2af3c80f17e0, 0x2af3c4cddccb, 4, 0x6f732e70) = 0x2af3c80f1ce0
2549   0.002528 libjvm.so->dlopen(0x2af3c80f17e0, 1, 0xffffffff, 0x2af3c80e8c00) = 0x2af3c8057be0
2549   0.009279 libjvm.so->open64(0x2af3c3459510, 0, 0, 16) = 5
2549   0.001178 libjvm.so->__fxstat64(1, 5, 0x2af3c3459340, -1) = 0
2549   0.020216 libjvm.so->fopen(0x2af3c3456130, 0x2af3c4cddccb, 4011, 3996) = 0x2af3c80fccb0
2549   0.002744 libjvm.so->fopen(0x2af3c3456130, 0x2af3c4cddccb, 4011, 3996) = 0x2af3c80fccb0
2549   0.001990 libjvm.so->fopen(0x2af3c3456130, 0x2af3c4cddccb, 4011, 4004) = 0x2af3c80fccb0
2549   0.022829 libjvm.so->pthread_attr_setdetachstate(0x2af3c345ab50, 1, 0, 0) = 0
2549   0.000995 libpthread.so.0->__clone(0x2af3c3547de0, 0x2af3e4200fc0, 0x3d0f00, 0x2af3e4201700) = 2572
2549   0.001566 libjvm.so->__xstat64(1, 0x2af3c345abe0, 0x2af3c345ab50, 18) = -1
2549   0.001195 libjvm.so->pthread_attr_setdetachstate(0x2af3c345a950, 1, 0, 0) = 0
2549   0.001074 libpthread.so.0->__clone(0x2af3c3547de0, 0x2af3e4301fc0, 0x3d0f00, 0x2af3e4302700) = 2573
2549   0.002062 libjvm.so->pthread_attr_setdetachstate(0x2af3c345a950, 1, 0, 0) = 0
2549   0.001402 libpthread.so.0->__clone(0x2af3c3547de0, 0x2af3e4402fc0, 0x3d0f00, 0x2af3e4403700) = 2574
2549   0.009222 libjvm.so->pthread_attr_setdetachstate(0x2af3c345aaa0, 1, 0, 0) = 0
2549   0.001458 libpthread.so.0->__clone(0x2af3c3547de0, 0x2af3e4503fc0, 0x3d0f00, 0x2af3e4504700) = 2575
2549   0.002700 libjvm.so->pthread_attr_setdetachstate(0x2af3c345abb0, 1, 0, 0) = 0
2549   0.003469 libpthread.so.0->__clone(0x2af3c3547de0, 0x2af3e4604fc0, 0x3d0f00, 0x2af3e4605700) = 2576
2549   0.017314 libjvm.so->open64(0x2af3c812e8b0, 0, 0, 48) = 7
2549   0.001949 libjvm.so->__fxstat64(1, 7, 0x2af3c3457f60, -1) = 0
2549   0.029596 libjvm.so->fopen(0x2af3c81545e0, 0x2af3c4cddccb, 4, 0x6f732e6f) = 0x2af3c81546a0
2549   0.005582 libjvm.so->dlopen(0x2af3c81545e0, 1, 0xffffffff, 0x2af3c8154600) = 0x2af3c81546a0
2549   0.114624 libjvm.so->fopen(0x2af3c3454e40, 0x2af3c4cddccb, 0x6f732e, 0x6d766a62696c2f72) = 0x2af3c819efe0
2549   0.009554 libjvm.so->dlopen(0x2af3c3454e40, 1, 0xffffffff, 0x2af3c8174600) = 0x5562b57734b0
2549   0.001742 libjvm.so->fopen(0x2af3c3454e40, 0x2af3c4cddccb, 0x6f732e, 0x6d766a62696c2f72) = 0x2af3c819f450
2549   0.005913 libjvm.so->dlopen(0x2af3c3454e40, 1, 0xffffffff, 0x2af3c8174600) = 0x5562b57734b0
2549   0.001661 libjvm.so->fopen(0x2af3c3454e40, 0x2af3c4cddccb, 0x6f732e, 0x6d766a62696c2f72) = 0x2af3c819f080
2549   0.005852 libjvm.so->dlopen(0x2af3c3454e40, 1, 0xffffffff, 0x2af3c8174600) = 0x5562b57734b0
2549   0.001617 libjvm.so->fopen(0x2af3c3454e40, 0x2af3c4cddccb, 0x6f732e, 0x6d766a62696c2f72) = 0x2af3c819f080
2549   0.004089 libjvm.so->dlopen(0x2af3c3454e40, 1, 0xffffffff, 0x2af3c8174600) = 0x5562b57734b0
2549   0.047924 libjvm.so->fopen(0x2af3c81a7a00, 0x2af3c4cddccb, 4, 0x6f732e74) = 0x2af3c81cf0b0
2549   0.004771 libjvm.so->dlopen(0x2af3c81a7a00, 1, 0xffffffff, 0x2af3c81b1e00) = 0x2af3c81cf0b0
2549   0.157321 libjvm.so->fopen(0x2af3c8260410, 0x2af3c4cddccb, 0x6f732e7373656c, 0x656c646165685f74) = 0x2af3c82604f0
2549   0.003016 libjvm.so->dlopen(0x2af3c8260410, 1, 0xffffffff, 0x2af3c8260400) = 0x2af3c82604f0
2549   4.471124 --- SIGSEGV (Segmentation fault) ---
2549   0.001113 --- SIGSEGV (Segmentation fault) ---
2549   0.972141 --- SIGSEGV (Segmentation fault) ---
2549   0.000691 --- SIGSEGV (Segmentation fault) ---
2549   0.000607 --- SIGSEGV (Segmentation fault) ---
2549   1.017015 --- SIGSEGV (Segmentation fault) ---
2549   0.000676 --- SIGSEGV (Segmentation fault) ---
2549   0.873336 --- SIGSEGV (Segmentation fault) ---
2549   0.000581 --- SIGSEGV (Segmentation fault) ---
2549   1.052740 --- SIGSEGV (Segmentation fault) ---
2549   0.000708 --- SIGSEGV (Segmentation fault) ---
2549   0.000681 --- SIGSEGV (Segmentation fault) ---
2549   0.000578 --- SIGSEGV (Segmentation fault) ---
2549   0.677609 --- SIGSEGV (Segmentation fault) ---
2549   0.002101 --- SIGSEGV (Segmentation fault) ---
2549   0.859681 --- SIGSEGV (Segmentation fault) ---
2549   0.000884 --- SIGSEGV (Segmentation fault) ---
2549   0.000782 --- SIGSEGV (Segmentation fault) ---
2549   0.002140 --- SIGSEGV (Segmentation fault) ---
2549   0.987670 --- SIGSEGV (Segmentation fault) ---
2549   0.001570 --- SIGSEGV (Segmentation fault) ---
2549   0.872168 --- SIGSEGV (Segmentation fault) ---
2549   0.001012 --- SIGSEGV (Segmentation fault) ---
2549   0.000554 --- SIGSEGV (Segmentation fault) ---
2549   1.069634 --- SIGSEGV (Segmentation fault) ---
2549   0.000479 --- SIGSEGV (Segmentation fault) ---
2549   0.000427 --- SIGSEGV (Segmentation fault) ---
2569   0.870638 --- SIGSEGV (Segmentation fault) ---
2549   0.000169 --- SIGSEGV (Segmentation fault) ---
2549   0.003014 --- SIGSEGV (Segmentation fault) ---
2549   0.974147 --- SIGSEGV (Segmentation fault) ---
2549   0.000669 --- SIGSEGV (Segmentation fault) ---
2549   0.000597 --- SIGSEGV (Segmentation fault) ---
2549   0.000577 --- SIGSEGV (Segmentation fault) ---
2549   0.663066 --- SIGSEGV (Segmentation fault) ---
2549   0.000605 --- SIGSEGV (Segmentation fault) ---
2549   0.000607 --- SIGSEGV (Segmentation fault) ---
2549   0.000579 --- SIGSEGV (Segmentation fault) ---
2549   0.721572 --- SIGSEGV (Segmentation fault) ---
2549   0.000591 --- SIGSEGV (Segmentation fault) ---
2549   0.000471 --- SIGSEGV (Segmentation fault) ---
2549   0.669384 --- SIGSEGV (Segmentation fault) ---
2549   0.881613 --- SIGSEGV (Segmentation fault) ---
2549   1.077995 libjvm.so->fopen(0x2af3c3457e40, 0x2af3c4cddccb, 111, 0x732e6176) = 0x2af3c8134430
2549   0.003112 libjvm.so->dlopen(0x2af3c3457e40, 1, 0xffffffff, 0x2af3c81f0a00) = 0x2af3c8001b10
2549   0.001674 libjvm.so->fopen(0x2af3c3457e40, 0x2af3c4cddccb, 111, 0x732e6176) = 0x2af3c8134920
2549   0.002922 libjvm.so->dlopen(0x2af3c3457e40, 1, 0xffffffff, 0x2af3c81f0a00) = 0x2af3c8001b10
2549   0.001708 libjvm.so->fopen(0x2af3c3457e40, 0x2af3c4cddccb, 111, 0x732e6176) = 0x2af3c8134920
2549   0.002947 libjvm.so->dlopen(0x2af3c3457e40, 1, 0xffffffff, 0x2af3c81f0a00) = 0x2af3c8001b10
2549   0.001663 libjvm.so->fopen(0x2af3c3457e40, 0x2af3c4cddccb, 111, 0x732e6176) = 0x2af3c8134920
2549   0.002987 libjvm.so->dlopen(0x2af3c3457e40, 1, 0xffffffff, 0x2af3c81f0a00) = 0x2af3c8001b10
2549   0.017101 libjvm.so->fopen(0x2af3c3457e40, 0x2af3c4cddccb, 111, 0x732e6176) = 0x2af3c82731c0
2549   0.003318 libjvm.so->dlopen(0x2af3c3457e40, 1, 0xffffffff, 0x2af3c8184200) = 0x2af3c8001b10
2549   0.001717 libjvm.so->fopen(0x2af3c3457e40, 0x2af3c4cddccb, 111, 0x732e6176) = 0x2af3c8273190
2549   0.002937 libjvm.so->dlopen(0x2af3c3457e40, 1, 0xffffffff, 0x2af3c8184200) = 0x2af3c8001b10
2549   0.004549 libjvm.so->fopen(0x2af3c3457e40, 0x2af3c4cddccb, 111, 0x732e6176) = 0x2af3c8273240
2549   0.002907 libjvm.so->dlopen(0x2af3c3457e40, 1, 0xffffffff, 0x2af3c8184200) = 0x2af3c8001b10
2549   0.003625 libjvm.so->fopen(0x2af3c3457e40, 0x2af3c4cddccb, 111, 0x732e6176) = 0x2af3c8273190
2549   0.002987 libjvm.so->dlopen(0x2af3c3457e40, 1, 0xffffffff, 0x2af3c8184200) = 0x2af3c8001b10
2549   1.753592 --- SIGSEGV (Segmentation fault) ---
2549   2.908910 --- SIGSEGV (Segmentation fault) ---
2576   2.321359 +++ exited (status 0) +++
2568   0.000672 +++ exited (status 0) +++
2549   0.000339 +++ exited (status 0) +++
2575   0.000406 +++ exited (status 0) +++
2574   0.000030 +++ exited (status 0) +++
2572   0.000022 +++ exited (status 0) +++
2570   0.000020 +++ exited (status 0) +++
2569   0.000017 +++ exited (status 0) +++
2573   0.028943 +++ exited (status 0) +++
2543   0.000080 +++ exited (status 0) +++
Wrote an ltrace for command: "java -cp ./tools/maxent.jar density.Project outputs/Idioptera_pulchella/Idioptera_pulchella.lambdas data/layers/worldclim outputs/Idioptera_pulchella_worldclim.asc nowarnings nocache autorun -z" with PID 2541 from PPID 2519 on disc22.crc.nd.edu with result 0
REMOTEHOST=10.17.150.11
_CONDOR_JOB_PIDS=
MANPATH=/afs/crc.nd.edu/user/n/nkremerh/cctools/share/man/:/afs/crc.nd.edu/group/ccl/software/x86_64/redhat7/ruby/current/share/man:/afs/crc.nd.edu/group/ccl/software/x86_64/redhat7/graphviz/current/share/man:/afs/crc.nd.edu/group/ccl/software/x86_64/redhat7/gnuplot/current/share/man:/afs/crc.nd.edu/group/ccl/software/x86_64/redhat7/git/current/share/man:/afs/crc.nd.edu/group/ccl/software/x86_64/redhat7/condor/current/share/man:/afs/crc.nd.edu/group/ccl/software/x86_64/redhat7/clang/current/share/man:/afs/crc.nd.edu/group/ccl/software/x86_64/redhat7/condor/current/share/man:/afs/crc.nd.edu/group/ccl/software/x86_64/redhat7/cctools/current/share/man:/afs/crc.nd.edu/group/ccl/software/x86_64/redhat7/cctools/current/share/man:/afs/crc.nd.edu/x86_64_linux/Modules/4.5.0/share/man:/opt/crc/usr/local/man:/opt/sge/man:/usr/share/man/overrides:/usr/share/man:/usr/local/share/man
XDG_SESSION_ID=4102
HOSTNAME=disc01.crc.nd.edu
_LMFILES__modshare=/afs/crc.nd.edu/x86_64_linux/Modules/modules/system_modules/CRC_default/1.1:1
MODULEPATH_modshare=/afs/crc.nd.edu/x86_64_linux/Modules/modules/general_software:1:/afs/crc.nd.edu/x86_64_linux/Modules/modules/development_tools_and_libraries:1:/afs/crc.nd.edu/x86_64_linux/Modules/modules/system_modules:1:/afs/crc.nd.edu/x86_64_linux/Modules/current/modulefiles:1:/afs/crc.nd.edu/x86_64_linux/Modules/modules/restricted_software:1:/afs/crc.nd.edu/x86_64_linux/Modules/modules/deprecated_software:1
MODULES_CMD=/afs/crc.nd.edu/x86_64_linux/Modules/4.5.0/libexec/modulecmd.tcl
HOST=disc01.crc.nd.edu
SHELL=/bin/tcsh
TERM=xterm-256color
MAKEFLAGS=
HISTSIZE=5000
TMPDIR=/var/condor/execute/dir_24118/worker-213124-24168/t.1308/cctools-temp-t.1308.U8rdrJ
SSH_CLIENT=10.17.150.11 36546 22
_CONDOR_ANCESTOR_24118=24132:1600190003:3720666518
PERL5LIB=/afs/crc.nd.edu/user/n/nkremerh/cctools/lib/perl5/site_perl/5.16.3:/afs/crc.nd.edu/user/n/nkremerh/.perl5/lib/perl5
SGE_CELL=crc
_CONDOR_SCRATCH_DIR=/var/condor/execute/dir_24118
PERL_MB_OPT=--install_base '/afs/crc.nd.edu/user/n/nkremerh/.perl5/'
SSH_TTY=/dev/pts/2
SGE_LOAD_AVG=load_avg
MAKEFLOW_MAX_LOCAL_JOBS=2
HISTFILESIZE=10000
_CHIRP_DELAYED_UPDATE_PREFIX=Chirp*
USER=nkremerh
GROUP=campus
LD_LIBRARY_PATH=/afs/crc.nd.edu/group/ccl/software/x86_64/redhat7/ruby/current/lib:/afs/crc.nd.edu/group/ccl/software/x86_64/redhat7/graphviz/current/lib:/afs/crc.nd.edu/group/ccl/software/x86_64/redhat7/git/current/lib:/afs/crc.nd.edu/group/ccl/software/x86_64/redhat7/condor/current/lib:/afs/crc.nd.edu/group/ccl/software/x86_64/redhat7/clang/current/lib:/afs/crc.nd.edu/group/ccl/software/x86_64/redhat7/condor/current/lib:/afs/crc.nd.edu/group/ccl/software/x86_64/redhat7/cctools/current/lib:/opt/crc/usr/local/lib
TEMP=/var/condor/execute/dir_24118/worker-213124-24168/t.1308/cctools-temp-t.1308.U8rdrJ
BATCH_SYSTEM=HTCondor
WORKER_TMPDIR=/var/condor/execute/dir_24118/worker-213124-24168/cache/tmp
ENV=/afs/crc.nd.edu/x86_64_linux/Modules/4.5.0/init/profile.sh
MODULES_LMALTNAME=CRC_default/1.1&CRC_default/default&CRC_default
_CONDOR_CHIRP_CONFIG=/var/condor/execute/dir_24118/.chirp.config
GLOBUS_GSSAPI_MAX_TLS_PROTOCOL=0
_CONDOR_HIGHPORT=9999
HOSTTYPE=x86_64-linux
MAKELEVEL=1
MFLAGS=
CCLSOFTWARE=/afs/crc.nd.edu/group/ccl/software/x86_64/redhat7
PATH=/afs/crc.nd.edu/user/n/nkremerh/cctools/bin:/afs/crc.nd.edu/user/n/nkremerh/miniconda/bin:/afs/crc.nd.edu/group/ccl/software/git:/afs/crc.nd.edu/user/n/nkremerh/.local/bin:/afs/crc.nd.edu/group/ccl/software/x86_64/redhat7/povray/3.7/bin:/afs/crc.nd.edu/user/n/nkremerh/.perl5/bin:/afs/crc.nd.edu/user/n/nkremerh/pegasus/bin:/afs/crc.nd.edu/user/n/nkremerh/nodejs/bin:/afs/crc.nd.edu/user/n/nkremerh/montage/bin:/afs/crc.nd.edu/user/n/nkremerh/latexdiff:/afs/crc.nd.edu/user/n/nkremerh/envtrace:/afs/crc.nd.edu/user/n/nkremerh/endlines:/afs/crc.nd.edu/user/n/nkremerh/cctools/bin:/afs/crc.nd.edu/user/n/nkremerh/.cargo/bin:/afs/crc.nd.edu/group/ccl/software/x86_64/redhat7/ruby/current/bin:/afs/crc.nd.edu/group/ccl/software/x86_64/redhat7/graphviz/current/bin:/afs/crc.nd.edu/group/ccl/software/x86_64/redhat7/gnuplot/current/bin:/afs/crc.nd.edu/group/ccl/software/x86_64/redhat7/git/current/bin:/afs/crc.nd.edu/group/ccl/software/x86_64/redhat7/condor/current/sbin:/afs/crc.nd.edu/group/ccl/software/x86_64/redhat7/condor/current/bin:/afs/crc.nd.edu/group/ccl/software/x86_64/redhat7/cmake/current/bin:/afs/crc.nd.edu/group/ccl/software/x86_64/redhat7/clang/current/bin:/afs/crc.nd.edu/group/ccl/software/x86_64/redhat7/condor/current/sbin:/afs/crc.nd.edu/group/ccl/software/x86_64/redhat7/condor/current/bin:/afs/crc.nd.edu/group/ccl/software/x86_64/redhat7/cctools/current/bin:/afs/crc.nd.edu/x86_64_linux/Modules/4.5.0/bin:/opt/crc/usr/local/bin:/opt/sge/bin/lx-amd64:/usr/local/bin:/usr/bin:/usr/local/sbin:/usr/sbin:/afs/crc.nd.edu/user/c/condor/software/bin:/afs/crc.nd.edu/user/c/condor/software/sbin
MAIL=/var/spool/mail/nkremerh
PWD=/var/condor/execute/dir_24118/worker-213124-24168/t.1308
_LMFILES_=/afs/crc.nd.edu/x86_64_linux/Modules/modules/system_modules/CRC_default/1.1
SGE_EXECD_PORT=6445
EDITOR=vim
LANG=en_US.UTF-8
MODULEPATH=/afs/crc.nd.edu/x86_64_linux/Modules/modules/development_tools_and_libraries:/afs/crc.nd.edu/x86_64_linux/Modules/modules/general_software:/afs/crc.nd.edu/x86_64_linux/Modules/modules/restricted_software:/afs/crc.nd.edu/x86_64_linux/Modules/modules/system_modules:/afs/crc.nd.edu/x86_64_linux/Modules/modules/deprecated_software:/afs/crc.nd.edu/x86_64_linux/Modules/current/modulefiles
SGE_QMASTER_PORT=6444
SGE_ROOT=/opt/sge
LOADEDMODULES=CRC_default/1.1
WORK_QUEUE_SANDBOX=/var/condor/execute/dir_24118/worker-213124-24168
_CONDOR_SLOT=slot1
CCLPLATFORM=x86_64/redhat7
USE_SYSTEMD=true
_CONDOR_LOWPORT=9100
KRB5CCNAME=FILE:/tmp/krb5cc_213124_DZSV7p
HISTCONTROL=ignoreboth:erasedups
PATH_modshare=/opt/crc/usr/local/bin:1:/opt/sge/bin/lx-amd64:1:/usr/sbin:1:/usr/bin:1:/afs/crc.nd.edu/user/c/condor/software/sbin:1:/usr/local/sbin:1:/afs/crc.nd.edu/user/c/condor/software/bin:1:/usr/local/bin:1
SHLVL=7
HOME=disc01.crc.nd.edu
GLOBUS_GSSAPI_NAME_COMPATIBILITY=STRICT_RFC2818
_CONDOR_MACHINE_AD=/var/condor/execute/dir_24118/.machine.ad
OSTYPE=linux
DISK=917739
GREP_OPTIONS=--color=auto
GLOBUS_GSSAPI_MIN_TLS_PROTOCOL=TLS1_VERSION
MEMORY=15899
MANPATH_modshare=/usr/share/man/overrides:1:/usr/local/share/man:1:/usr/share/man:1:/opt/crc/usr/local/man:1:/opt/sge/man:1
VENDOR=unknown
BASH_ENV=/afs/crc.nd.edu/x86_64_linux/Modules/4.5.0/init/bash
PERL_LOCAL_LIB_ROOT=/afs/crc.nd.edu/user/n/nkremerh/.perl5/
PYTHONPATH=/afs/crc.nd.edu/user/n/nkremerh/cctools/lib/python3.6/site-packages/
CCLHOME=/afs/crc.nd.edu/group/ccl
MACHTYPE=x86_64
LOGNAME=nkremerh
TMP=/var/condor/execute/dir_24118/worker-213124-24168/t.1308/cctools-temp-t.1308.U8rdrJ
LD_LIBRARY_PATH_modshare=/opt/crc/usr/local/lib:1
MODULES_LMALTNAME_modshare=CRC_default/1.1&CRC_default/default&CRC_default:1
SSH_CONNECTION=10.17.150.11 36546 129.74.128.103 22
MODULESHOME=/afs/crc.nd.edu/x86_64_linux/Modules/4.5.0
OMP_NUM_THREADS=1
LESSOPEN=||/usr/bin/lesspipe.sh %s
GLOBUS_GSSAPI_BACKWARD_COMPATIBLE_MIC=true
GLOBUS_GSSAPI_CIPHERS=HIGH
LOADEDMODULES_modshare=CRC_default/1.1:1
_CONDOR_JOB_AD=/var/condor/execute/dir_24118/.job.ad
_CONDOR_ANCESTOR_3813=24118:1600190002:863842847
SGE_CLUSTER_NAME=CRC
XDG_RUNTIME_DIR=/run/user/213124
CCTOOLS=../cctools
CORES=4
_CONDOR_JOB_IWD=/var/condor/execute/dir_24118
PERL_MM_OPT=INSTALL_BASE=/afs/crc.nd.edu/user/n/nkremerh/.perl5/
_CONDOR_ANCESTOR_3607=3813:1598183989:3519041155
GLOBUS_GSSAPI_SERVER_CIPHER_ORDER=true
BASH_FUNC_module()=() {  unset _mlshdbg;
 if [ "${MODULES_SILENT_SHELL_DEBUG:-0}" = '1' ]; then
 case "$-" in 
 *v*x*)
 set +vx;
 _mlshdbg='vx'
 ;;
 *v*)
 set +v;
 _mlshdbg='v'
 ;;
 *x*)
 set +x;
 _mlshdbg='x'
 ;;
 *)
 _mlshdbg=''
 ;;
 esac;
 fi;
 unset _mlre _mlIFS;
 if [ -n "${IFS+x}" ]; then
 _mlIFS=$IFS;
 fi;
 IFS=' ';
 for _mlv in ${MODULES_RUN_QUARANTINE:-};
 do
 if [ "${_mlv}" = "${_mlv##*[!A-Za-z0-9_]}" -a "${_mlv}" = "${_mlv#[0-9]}" ]; then
 if [ -n "`eval 'echo ${'$_mlv'+x}'`" ]; then
 _mlre="${_mlre:-}${_mlv}_modquar='`eval 'echo ${'$_mlv'}'`' ";
 fi;
 _mlrv="MODULES_RUNENV_${_mlv}";
 _mlre="${_mlre:-}${_mlv}='`eval 'echo ${'$_mlrv':-}'`' ";
 fi;
 done;
 if [ -n "${_mlre:-}" ]; then
 eval `eval ${_mlre}/usr/bin/tclsh /afs/crc.nd.edu/x86_64_linux/Modules/4.5.0/libexec/modulecmd.tcl bash '"$@"'`;
 else
 eval `/usr/bin/tclsh /afs/crc.nd.edu/x86_64_linux/Modules/4.5.0/libexec/modulecmd.tcl bash "$@"`;
 fi;
 _mlstatus=$?;
 if [ -n "${_mlIFS+x}" ]; then
 IFS=$_mlIFS;
 else
 unset IFS;
 fi;
 unset _mlre _mlv _mlrv _mlIFS;
 if [ -n "${_mlshdbg:-}" ]; then
 set -$_mlshdbg;
 fi;
 unset _mlshdbg;
 return $_mlstatus
}
BASH_FUNC_ml()=() {  module ml "$@"
}
_=/usr/bin/printenv
