492   0.000000 libjli.so->getenv("_JAVA_LAUNCHER_DEBUG") = nil
492   0.001197 libjli.so->getenv("_JAVA_VERSION_SET") = nil
492   0.000446 libjli.so->fopen("/usr/lib/jvm/java-1.8.0-openjdk-1.8.0.262.b10-0.el7_8.x86_64/jre/lib/amd64/jvm.cfg", "r") = 0x5587c48b00f0
492   0.000546 libjli.so->getenv("JDK_ALTERNATE_VM") = nil
492   0.000225 libjli.so->__xstat(1, "/usr/lib/jvm/java-1.8.0-openjdk-1.8.0.262.b10-0.el7_8.x86_64/jre/lib/amd64/server/libjvm.so", 0x7fffe9c12e30) = 0
492   0.000398 libjli.so->getenv("LD_LIBRARY_PATH") = "/afs/crc.nd.edu/group/ccl/software/x86_64/redhat7/ruby/current/lib:/afs/crc.nd.edu/group/ccl/software/x86_64/redhat7/graphviz/current/lib:/afs/crc.nd.edu/group/ccl/software/x86_64/redhat7/git/current/lib:/afs/crc.nd.edu/group/ccl/software/x86_64/redhat7/condor/current/lib:/afs/crc.nd.edu/group/ccl/software/x86_64/redhat7/clang/current/lib:/afs/crc.nd.edu/group/ccl/software/x86_64/redhat7/condor/current/lib:/afs/crc.nd.edu/group/ccl/software/x86_64/redhat7/cctools/current/lib:/opt/crc/usr/local/lib"
492   0.001437 libjli.so->dlopen("/usr/lib/jvm/java-1.8.0-openjdk-1.8.0.262.b10-0.el7_8.x86_64/jre/lib/amd64/server/libjvm.so", 258 <unfinished ...>
492   0.026112 libjvm.so->getenv("NMT_LEVEL_492") = nil
492   0.001262 <... dlopen resumed> )            = 0x5587c48b04c0
492   0.000066 libjli.so->getenv("CLASSPATH")    = nil
492   0.000228 libjli.so->getenv("_JAVA_SPLASH_JAR") = nil
492   0.000216 libjli.so->getenv("_JAVA_SPLASH_FILE") = nil
492   0.000252 libjli.so->pthread_attr_setdetachstate(0x7fffe9c12de0, 0, 0x7fffe9c12e70, 0) = 0
492   0.000310 libpthread.so.0->__clone(0x2ac3648e7de0, 0x2ac3647fafc0, 0x3d0f00, 0x2ac3647fb700) = 498
498   0.001886 libjvm.so->dlopen(0x2ac3660c69ae, 1, 0xfffffffffff42c48, 4096) = 0x2ac368000990
498   0.002232 libjvm.so->getenv(0x2ac3660e183e, 0, 115, 0x65737361) = 0x7fffe9c186dd
498   0.000337 libjvm.so->fopen(0x2ac3647f9c10, 0x2ac36607dccb, 0x6f732e79666972, 0x2ac3651bfab0) = 0x2ac368001440
498   0.001613 libjvm.so->dlopen(0x2ac3647f9c10, 1, 0xffffffff, 0x2ac368002b00) = 0x2ac368001440
498   0.001152 libjvm.so->fopen(0x2ac3647f9c10, 0x2ac36607dccb, 111, 0x732e6176) = 0x2ac368001b10
498   0.001538 libjvm.so->dlopen(0x2ac3647f9c10, 1, 0xffffffff, 0x2ac368001a00) = 0x2ac368001b10
498   0.001259 libjvm.so->__xstat(1, 0x2ac3647fa360, 0x2ac3647faba0, 0x746f7073746f682e) = -1
498   0.000353 libjvm.so->getenv(0x2ac366076541, 0x2ac3647fa6d0, 1024, 0x2ac36653061b) = 0
498   0.000341 libjvm.so->getenv(0x2ac366076533, 0x2ac3647fa6d0, 1024, 0) = 0
498   0.000323 libjvm.so->fopen(0x2ac3660c6315, 0x2ac36607dccb, 4095, 0xffffd53c99f89b03) = 0x2ac368003270
498   0.000957 libjvm.so->fopen(0x2ac3660c6361, 0x2ac36607dccb, 0x2ac368000078, 0x2ac368003260) = 0x2ac368003270
498   0.000584 libjvm.so->fopen(0x2ac3647f49b0, 0x2ac36607dccb, 4014, 3995) = 0x2ac368003270
498   0.000669 libjvm.so->opendir(0x2ac368002b40, 0x2ac368002b40, 13, 16) = 0
498   0.000365 libjvm.so->__xstat(1, 0x2ac3647f98f0, 0x2ac3647f8860, 0x6f732e7477616d62) = -1
498   0.000335 libjvm.so->__xstat(1, 0x2ac3647f98f0, 0x2ac3647f8860, 0x5f74776162696c2f) = 0
498   0.000386 libjvm.so->fopen(0x2ac3647f8b90, 0x2ac36607dccb, 4009, 3994) = 0x2ac368003750
498   0.000517 libjvm.so->fopen(0x2ac3647f8b90, 0x2ac36607dccb, 4009, 3994) = 0x2ac368003750
498   0.000500 libjvm.so->fopen(0x2ac3647f8b90, 0x2ac36607dccb, 4009, 4002) = 0x2ac368003750
498   0.000548 libjvm.so->fopen(0x2ac3647f8b20, 0x2ac36607dccb, 4009, 3994) = 0x2ac368003750
498   0.000583 libjvm.so->fopen(0x2ac3647f8b20, 0x2ac36607dccb, 4009, 3994) = 0x2ac368003750
498   0.000805 libjvm.so->fopen(0x2ac3647f8b20, 0x2ac36607dccb, 4009, 4002) = 0x2ac368003750
498   0.000648 libjvm.so->fopen(0x2ac3647f8b50, 0x2ac36607dccb, 4014, 3995) = 0x2ac368003750
498   0.000790 libjvm.so->getenv(0x2ac3660c70ff, 4096, 3, -1) = 0
498   0.000881 libjvm.so->fopen(0x2ac3660c6998, 0x2ac36607dccb, 0x2ac3648de908, 0x2ac3648dddf0) = 0x2ac368003750
498   0.004731 libjvm.so->open(0x2ac36804a540, 0x20000, 0, 0x2ac36804a589) = 3
498   0.000479 libjvm.so->__fxstat(1, 3, 0x2ac3647faa00, -1) = 0
498   0.000478 libjvm.so->opendir(0x2ac36804a540, 0x2ac3647faa00, 0x4000, -1) = 0x2ac36804b450
498   0.000510 libjvm.so->__fxstat(1, 3, 0x2ac3647fa8a0, 0x2ac36804b450) = 0
498   0.000454 libjvm.so->__fxstat(1, 5, 0x2ac3647fa930, -1) = 0
498   0.000521 libjvm.so->open(0x2ac3660949dc, 0, 0, 0) = 3
498   0.000648 libjvm.so->__lxstat(1, 0x2ac36804a540, 0x2ac3647fab50, -144) = 0
498   0.000465 libjvm.so->open(0x2ac36804a540, 0x20000, 0x4000, -1) = 3
498   0.000420 libjvm.so->__fxstat(1, 3, 0x2ac3647faa00, -1) = 0
498   0.000454 libjvm.so->opendir(0x2ac36804a540, 0x2ac3647faa00, 0x4000, -1) = 0x2ac36804b450
498   0.000481 libjvm.so->__fxstat(1, 3, 0x2ac3647fa8a0, 0x2ac36804b450) = 0
498   0.000488 libjvm.so->__fxstat(1, 5, 0x2ac3647fa930, -1) = 0
498   0.000488 libjvm.so->open(0x2ac3660949dc, 0, 0, 0) = 3
498   0.000532 libjvm.so->open(0x2ac36804a589, 0x20042, 384, -1) = 7
498   0.000609 libjvm.so->__fxstat(1, 7, 0x2ac3647fab50, -1) = 0
498   0.001718 libjvm.so->fopen(0x2ac3647f9b60, 0x2ac36607dccb, 4, 0x6f732e70) = 0x2ac368057ba0
498   0.001448 libjvm.so->dlopen(0x2ac3647f9b60, 1, 0xffffffff, 0x2ac368057b00) = 0x2ac368057ba0
498   0.001550 libjvm.so->__xstat(1, 0x2ac3647fa120, 0x2ac3647fa950, 2048) = 0
498   0.000472 libjvm.so->__xstat(1, 0x2ac3647fa120, 0x2ac3647fa950, 2048) = 0
498   0.000527 libjvm.so->__xstat(1, 0x2ac3647fa120, 0x2ac3647fa950, 2048) = -1
498   0.000451 libjvm.so->__xstat(1, 0x2ac3647fa120, 0x2ac3647fa950, 2048) = 0
498   0.000568 libjvm.so->__xstat(1, 0x2ac3647fa120, 0x2ac3647fa950, 2048) = 0
498   0.000498 libjvm.so->__xstat(1, 0x2ac3647fa120, 0x2ac3647fa950, 2048) = 0
498   0.000539 libjvm.so->__xstat(1, 0x2ac3647fa120, 0x2ac3647fa950, 2048) = 0
498   0.000475 libjvm.so->__xstat(1, 0x2ac3647fa120, 0x2ac3647fa950, 2048) = -1
498   0.000492 libjvm.so->fopen(0x2ac368002520, 0x2ac36607dccb, 0, 0) = 0x2ac368058a40
498   0.008963 libjvm.so->open64(0x2ac3647f9410, 0, 0, 16) = 3
498   0.000521 libjvm.so->__fxstat64(1, 3, 0x2ac3647f9240, -1) = 0
498   0.036666 libjvm.so->__xstat(1, 0x2ac3647f9f20, 0x2ac3647fa750, 2048) = -1
498   0.000621 libjvm.so->fopen(0x2ac3647f8b20, 0x2ac36607dccb, 4009, 3994) = 0x2ac3680b1fd0
498   0.000700 libjvm.so->fopen(0x2ac3647f8b20, 0x2ac36607dccb, 4009, 3994) = 0x2ac3680b1fd0
498   0.000659 libjvm.so->fopen(0x2ac3647f8b20, 0x2ac36607dccb, 4009, 4002) = 0x2ac3680b1fd0
498   0.004307 libjvm.so->pthread_attr_setdetachstate(0x2ac3647fac00, 1, 0, 0) = 0
498   0.000537 libpthread.so.0->__clone(0x2ac3648e7de0, 0x2ac367f5ffc0, 0x3d0f00, 0x2ac367f60700) = 499
498   0.016129 libjvm.so->pthread_attr_setdetachstate(0x2ac3647fa290, 1, 0, 0) = 0
498   0.000717 libpthread.so.0->__clone(0x2ac3648e7de0, 0x2ac37d30bfc0, 0x3d0f00, 0x2ac37d30c700) = 500
498   0.007134 libjvm.so->pthread_attr_setdetachstate(0x2ac3647fa610, 1, 0, 0) = 0
498   0.000880 libpthread.so.0->__clone(0x2ac3648e7de0, 0x2ac37d40cfc0, 0x3d0f00, 0x2ac37d40d700) = 501
498   0.040629 libjvm.so->fopen(0x2ac3680ec3a0, 0x2ac36607dccb, 4, 0x6f732e70) = 0x2ac3680f1ce0
498   0.002004 libjvm.so->dlopen(0x2ac3680ec3a0, 1, 0xffffffff, 0x2ac3680ec200) = 0x2ac368057ba0
498   0.005119 libjvm.so->open64(0x2ac3647f9510, 0, 0, 16) = 5
498   0.000931 libjvm.so->__fxstat64(1, 5, 0x2ac3647f9340, -1) = 0
498   0.020198 libjvm.so->fopen(0x2ac3647f6130, 0x2ac36607dccb, 4009, 3994) = 0x2ac3680fcc70
498   0.001362 libjvm.so->fopen(0x2ac3647f6130, 0x2ac36607dccb, 4009, 3994) = 0x2ac3680fcc70
498   0.001090 libjvm.so->fopen(0x2ac3647f6130, 0x2ac36607dccb, 4009, 4002) = 0x2ac3680fcc70
498   0.015617 libjvm.so->pthread_attr_setdetachstate(0x2ac3647fab50, 1, 0, 0) = 0
498   0.001022 libpthread.so.0->__clone(0x2ac3648e7de0, 0x2ac37d50dfc0, 0x3d0f00, 0x2ac37d50e700) = 502
498   0.001481 libjvm.so->__xstat64(1, 0x2ac3647fabe0, 0x2ac3647fab50, 17) = -1
498   0.001196 libjvm.so->pthread_attr_setdetachstate(0x2ac3647fa950, 1, 0, 0) = 0
498   0.001128 libpthread.so.0->__clone(0x2ac3648e7de0, 0x2ac37d60efc0, 0x3d0f00, 0x2ac37d60f700) = 503
498   0.001725 libjvm.so->pthread_attr_setdetachstate(0x2ac3647fa950, 1, 0, 0) = 0
498   0.000963 libpthread.so.0->__clone(0x2ac3648e7de0, 0x2ac37d70ffc0, 0x3d0f00, 0x2ac37d710700) = 504
498   0.009234 libjvm.so->pthread_attr_setdetachstate(0x2ac3647faaa0, 1, 0, 0) = 0
498   0.001479 libpthread.so.0->__clone(0x2ac3648e7de0, 0x2ac37d810fc0, 0x3d0f00, 0x2ac37d811700) = 505
498   0.002325 libjvm.so->pthread_attr_setdetachstate(0x2ac3647fabb0, 1, 0, 0) = 0
498   0.002065 libpthread.so.0->__clone(0x2ac3648e7de0, 0x2ac37d911fc0, 0x3d0f00, 0x2ac37d912700) = 506
498   0.015155 libjvm.so->open64(0x2ac3681268d0, 0, 0, 16) = 7
498   0.001784 libjvm.so->__fxstat64(1, 7, 0x2ac3647f7f60, -1) = 0
498   0.026169 libjvm.so->fopen(0x2ac36814c700, 0x2ac36607dccb, 4, 0x6f732e6f) = 0x2ac36814c7c0
498   0.004477 libjvm.so->dlopen(0x2ac36814c700, 1, 0xffffffff, 0x2ac36814c700) = 0x2ac36814c7c0
498   0.137177 libjvm.so->fopen(0x2ac36818a7c0, 0x2ac36607dccb, 4, 0x6f732e74) = 0x2ac36818da70
498   0.003103 libjvm.so->dlopen(0x2ac36818a7c0, 1, 0xffffffff, 0x2ac36818da00) = 0x2ac368197e20
498   0.061500 libjvm.so->fopen(0x2ac3647f30b0, 0x2ac36607dccb, 0x6f732e, 0x6d766a62696c2f72) = 0x2ac3681b2350
498   0.005978 libjvm.so->dlopen(0x2ac3647f30b0, 1, 0xffffffff, 0x2ac36819e100) = 0x5587c48b04c0
498   0.001672 libjvm.so->fopen(0x2ac3647f30b0, 0x2ac36607dccb, 0x6f732e, 0x6d766a62696c2f72) = 0x2ac3681b2750
498   0.004804 libjvm.so->dlopen(0x2ac3647f30b0, 1, 0xffffffff, 0x2ac3681b2500) = 0x5587c48b04c0
498   0.001724 libjvm.so->fopen(0x2ac3647f30b0, 0x2ac36607dccb, 0x6f732e, 0x6d766a62696c2f72) = 0x2ac3681b2670
498   0.003284 libjvm.so->dlopen(0x2ac3647f30b0, 1, 0xffffffff, 0x2ac3681b2500) = 0x5587c48b04c0
498   0.001701 libjvm.so->fopen(0x2ac3647f30b0, 0x2ac36607dccb, 0x6f732e, 0x6d766a62696c2f72) = 0x2ac3681b2670
498   0.003315 libjvm.so->dlopen(0x2ac3647f30b0, 1, 0xffffffff, 0x2ac3681b2500) = 0x5587c48b04c0
498   0.080121 libjvm.so->fopen(0x2ac368208f40, 0x2ac36607dccb, 0x6f732e7373656c, 0x656c646165685f74) = 0x2ac368209020
498   0.002735 libjvm.so->dlopen(0x2ac368208f40, 1, 0xffffffff, 0x2ac368208f00) = 0x2ac368209020
498   3.664019 --- SIGSEGV (Segmentation fault) ---
498   9.431434 libjvm.so->fopen(0x2ac3647f49e0, 0x2ac36607dccb, 4, 0x6f732e70) = 0x2ac36812bad0
498   0.002666 libjvm.so->dlopen(0x2ac3647f49e0, 1, 0xffffffff, 0x2ac36812c200) = 0x2ac368057ba0
498   0.001222 libjvm.so->fopen(0x2ac3647f49e0, 0x2ac36607dccb, 4, 0x6f732e70) = 0x2ac3681fff00
498   0.002205 libjvm.so->dlopen(0x2ac3647f49e0, 1, 0xffffffff, 0x2ac36812c200) = 0x2ac368057ba0
498   0.001169 libjvm.so->fopen(0x2ac3647f49e0, 0x2ac36607dccb, 4, 0x6f732e70) = 0x2ac3681fc820
498   0.001929 libjvm.so->dlopen(0x2ac3647f49e0, 1, 0xffffffff, 0x2ac36812c200) = 0x2ac368057ba0
498   0.001153 libjvm.so->fopen(0x2ac3647f49e0, 0x2ac36607dccb, 4, 0x6f732e70) = 0x2ac3681fc820
498   0.001895 libjvm.so->dlopen(0x2ac3647f49e0, 1, 0xffffffff, 0x2ac36812c200) = 0x2ac368057ba0
498   0.001322 libjvm.so->fopen(0x2ac3647f49e0, 0x2ac36607dccb, 4, 0x6f732e70) = 0x2ac3681fc820
498   0.002338 libjvm.so->dlopen(0x2ac3647f49e0, 1, 0xffffffff, 0x2ac36812c100) = 0x2ac368057ba0
498   0.001183 libjvm.so->fopen(0x2ac3647f49e0, 0x2ac36607dccb, 4, 0x6f732e70) = 0x2ac3681fc820
498   0.002816 libjvm.so->dlopen(0x2ac3647f49e0, 1, 0xffffffff, 0x2ac36812c100) = 0x2ac368057ba0
498   0.003744 libjvm.so->fopen(0x2ac3647f49e0, 0x2ac36607dccb, 4, 0x6f732e70) = 0x2ac3681fc820
498   0.001953 libjvm.so->dlopen(0x2ac3647f49e0, 1, 0xffffffff, 0x2ac36812c100) = 0x2ac368057ba0
498   0.001378 libjvm.so->fopen(0x2ac3647f49e0, 0x2ac36607dccb, 4, 0x6f732e70) = 0x2ac3681fc820
498   0.002231 libjvm.so->dlopen(0x2ac3647f49e0, 1, 0xffffffff, 0x2ac36812c100) = 0x2ac368057ba0
498   0.417156 libjvm.so->fopen(0x2ac368269250, 0x2ac36607dccb, 0x6f732e72656761, 0x6567616e616d746e) = 0x2ac368269330
498   0.003259 libjvm.so->dlopen(0x2ac368269250, 1, 0xffffffff, 0x2ac368269200) = 0x2ac368269330
498   0.018953 libjvm.so->pthread_attr_setdetachstate(0x2ac3647f6df0, 1, 0, 0) = 0
498   0.001803 libpthread.so.0->__clone(0x2ac3648e7de0, 0x2ac37ec68fc0, 0x3d0f00, 0x2ac37ec69700) = 681
498   0.024435 libjvm.so->fopen(0x2ac368280700, 0x2ac36607dccb, 4, 0x6f732e74) = 0x2ac3682807c0
498   0.003139 libjvm.so->dlopen(0x2ac368280700, 1, 0xffffffff, 0x2ac368280700) = 0x2ac36814ce60
498   0.117475 libjvm.so->open64(0x2ac3647f50d0, 0, 0, 16) = 14
498   0.002108 libjvm.so->__fxstat64(1, 14, 0x2ac3647f4f00, -1) = 0
498   0.140312 libjvm.so->fopen(0x2ac3647f6a80, 0x2ac36607dccb, 0x6f732e, 0x6d766a62696c2f72) = 0x2ac368316590
498   0.008094 libjvm.so->dlopen(0x2ac3647f6a80, 1, 0xffffffff, 0x2ac368316500) = 0x5587c48b04c0
498   0.001891 libjvm.so->fopen(0x2ac3647f6a80, 0x2ac36607dccb, 0x6f732e, 0x6d766a62696c2f72) = 0x2ac368316590
498   0.004032 libjvm.so->dlopen(0x2ac3647f6a80, 1, 0xffffffff, 0x2ac368316500) = 0x5587c48b04c0
498   0.001912 libjvm.so->fopen(0x2ac3647f6a80, 0x2ac36607dccb, 0x6f732e, 0x6d766a62696c2f72) = 0x2ac368344080
498   0.004273 libjvm.so->dlopen(0x2ac3647f6a80, 1, 0xffffffff, 0x2ac368316500) = 0x5587c48b04c0
498   0.001860 libjvm.so->fopen(0x2ac3647f6a80, 0x2ac36607dccb, 0x6f732e, 0x6d766a62696c2f72) = 0x2ac368344080
498   0.004267 libjvm.so->dlopen(0x2ac3647f6a80, 1, 0xffffffff, 0x2ac368316500) = 0x5587c48b04c0
498   0.029262 libjvm.so->fopen(0x2ac3647f66e0, 0x2ac36607dccb, 4, 0x6f732e6f) = 0x2ac368344080
498   0.004631 libjvm.so->dlopen(0x2ac3647f66e0, 1, 0xffffffff, 0x2ac368343800) = 0x2ac36814c7c0
498   0.002440 libjvm.so->fopen(0x2ac3647f66e0, 0x2ac36607dccb, 4, 0x6f732e6f) = 0x2ac368344080
498   0.003074 libjvm.so->dlopen(0x2ac3647f66e0, 1, 0xffffffff, 0x2ac368343800) = 0x2ac36814c7c0
498   0.001882 libjvm.so->fopen(0x2ac3647f66e0, 0x2ac36607dccb, 4, 0x6f732e6f) = 0x2ac368344080
498   0.003326 libjvm.so->dlopen(0x2ac3647f66e0, 1, 0xffffffff, 0x2ac368343800) = 0x2ac36814c7c0
498   0.001824 libjvm.so->fopen(0x2ac3647f66e0, 0x2ac36607dccb, 4, 0x6f732e6f) = 0x2ac368344080
498   0.002977 libjvm.so->dlopen(0x2ac3647f66e0, 1, 0xffffffff, 0x2ac368343800) = 0x2ac36814c7c0
498   0.084345 libjvm.so->fopen(0x2ac3647f7ab0, 0x2ac36607dccb, 111, 0x732e6176) = 0x2ac36831a960
498   0.003797 libjvm.so->dlopen(0x2ac3647f7ab0, 1, 0xffffffff, 0x2ac368285d00) = 0x2ac368001b10
498   0.002778 libjvm.so->fopen(0x2ac3647f7ab0, 0x2ac36607dccb, 111, 0x732e6176) = 0x2ac36831a960
498   0.005180 libjvm.so->dlopen(0x2ac3647f7ab0, 1, 0xffffffff, 0x2ac368285d00) = 0x2ac368001b10
498   0.003104 libjvm.so->fopen(0x2ac3647f7ab0, 0x2ac36607dccb, 111, 0x732e6176) = 0x2ac36831a960
498   0.003471 libjvm.so->dlopen(0x2ac3647f7ab0, 1, 0xffffffff, 0x2ac368285d00) = 0x2ac368001b10
498   0.001888 libjvm.so->fopen(0x2ac3647f7ab0, 0x2ac36607dccb, 111, 0x732e6176) = 0x2ac36831a960
498   0.002982 libjvm.so->dlopen(0x2ac3647f7ab0, 1, 0xffffffff, 0x2ac368285d00) = 0x2ac368001b10
498   0.035630 libjvm.so->open64(0x2ac36835eb90, 0, 0, 16) = 23
498   0.001923 libjvm.so->__fxstat64(1, 23, 0x2ac3647f7780, -1) = 0
498   0.075332 libjvm.so->fopen(0x2ac3647f79e0, 0x2ac36607dccb, 111, 0x732e6176) = 0x2ac36837be00
498   0.003577 libjvm.so->dlopen(0x2ac3647f79e0, 1, 0xffffffff, 0x2ac36837bd00) = 0x2ac368001b10
498   0.005193 libjvm.so->fopen(0x2ac3647f79e0, 0x2ac36607dccb, 111, 0x732e6176) = 0x2ac36837bea0
498   0.003570 libjvm.so->dlopen(0x2ac3647f79e0, 1, 0xffffffff, 0x2ac36837bd00) = 0x2ac368001b10
498   0.001830 libjvm.so->fopen(0x2ac3647f79e0, 0x2ac36607dccb, 111, 0x732e6176) = 0x2ac36837be00
498   0.003737 libjvm.so->dlopen(0x2ac3647f79e0, 1, 0xffffffff, 0x2ac36837bd00) = 0x2ac368001b10
498   0.001857 libjvm.so->fopen(0x2ac3647f79e0, 0x2ac36607dccb, 111, 0x732e6176) = 0x2ac36837be00
498   0.004868 libjvm.so->dlopen(0x2ac3647f79e0, 1, 0xffffffff, 0x2ac36837bd00) = 0x2ac368001b10
498   0.169946 --- SIGSEGV (Segmentation fault) ---
498   0.032978 --- SIGSEGV (Segmentation fault) ---
498   0.790440 --- SIGSEGV (Segmentation fault) ---
498   0.001672 --- SIGSEGV (Segmentation fault) ---
498   0.001512 --- SIGSEGV (Segmentation fault) ---
498  14.401070 --- SIGSEGV (Segmentation fault) ---
498   2.594339 --- SIGSEGV (Segmentation fault) ---
498   0.005560 --- SIGSEGV (Segmentation fault) ---
498   0.002087 --- SIGSEGV (Segmentation fault) ---
498   0.001274 --- SIGSEGV (Segmentation fault) ---
498   0.003716 --- SIGSEGV (Segmentation fault) ---
498   0.006915 --- SIGSEGV (Segmentation fault) ---
506   0.064535 +++ exited (status 0) +++
499   0.000914 +++ exited (status 0) +++
498   0.000288 +++ exited (status 0) +++
681   0.000457 +++ exited (status 0) +++
505   0.000023 +++ exited (status 0) +++
503   0.000016 +++ exited (status 0) +++
502   0.000015 +++ exited (status 0) +++
501   0.000014 +++ exited (status 0) +++
500   0.000014 +++ exited (status 0) +++
504   0.032275 +++ exited (status 0) +++
492   0.000161 +++ exited (status 0) +++
Wrote an ltrace for command: "java -cp ./tools/maxent.jar density.MaxEnt -s outputs/Hydrotaea_dentipes.csv -e data/layers/worldclim -o outputs/Hydrotaea_dentipes nowarnings nocache autorun -z" with PID 490 from PPID 471 on disc22.crc.nd.edu with result 0
REMOTEHOST=10.17.150.11
MANPATH=/afs/crc.nd.edu/user/n/nkremerh/cctools/share/man/:/afs/crc.nd.edu/group/ccl/software/x86_64/redhat7/ruby/current/share/man:/afs/crc.nd.edu/group/ccl/software/x86_64/redhat7/graphviz/current/share/man:/afs/crc.nd.edu/group/ccl/software/x86_64/redhat7/gnuplot/current/share/man:/afs/crc.nd.edu/group/ccl/software/x86_64/redhat7/git/current/share/man:/afs/crc.nd.edu/group/ccl/software/x86_64/redhat7/condor/current/share/man:/afs/crc.nd.edu/group/ccl/software/x86_64/redhat7/clang/current/share/man:/afs/crc.nd.edu/group/ccl/software/x86_64/redhat7/condor/current/share/man:/afs/crc.nd.edu/group/ccl/software/x86_64/redhat7/cctools/current/share/man:/afs/crc.nd.edu/group/ccl/software/x86_64/redhat7/cctools/current/share/man:/afs/crc.nd.edu/x86_64_linux/Modules/4.5.0/share/man:/opt/crc/usr/local/man:/opt/sge/man:/usr/share/man/overrides:/usr/share/man:/usr/local/share/man
_CONDOR_JOB_PIDS=
XDG_SESSION_ID=4102
HOSTNAME=disc01.crc.nd.edu
_LMFILES__modshare=/afs/crc.nd.edu/x86_64_linux/Modules/modules/system_modules/CRC_default/1.1:1
MODULEPATH_modshare=/afs/crc.nd.edu/x86_64_linux/Modules/modules/general_software:1:/afs/crc.nd.edu/x86_64_linux/Modules/modules/development_tools_and_libraries:1:/afs/crc.nd.edu/x86_64_linux/Modules/modules/system_modules:1:/afs/crc.nd.edu/x86_64_linux/Modules/current/modulefiles:1:/afs/crc.nd.edu/x86_64_linux/Modules/modules/restricted_software:1:/afs/crc.nd.edu/x86_64_linux/Modules/modules/deprecated_software:1
TERM=xterm-256color
SHELL=/bin/tcsh
HOST=disc01.crc.nd.edu
MODULES_CMD=/afs/crc.nd.edu/x86_64_linux/Modules/4.5.0/libexec/modulecmd.tcl
HISTSIZE=5000
MAKEFLAGS=
SSH_CLIENT=10.17.150.11 36546 22
TMPDIR=/var/condor/execute/dir_24121/worker-213124-24186/t.1097/cctools-temp-t.1097.psivxe
PERL5LIB=/afs/crc.nd.edu/user/n/nkremerh/cctools/lib/perl5/site_perl/5.16.3:/afs/crc.nd.edu/user/n/nkremerh/.perl5/lib/perl5
_CONDOR_ANCESTOR_24121=24136:1600190003:828606758
SGE_CELL=crc
_CONDOR_SCRATCH_DIR=/var/condor/execute/dir_24121
PERL_MB_OPT=--install_base '/afs/crc.nd.edu/user/n/nkremerh/.perl5/'
SSH_TTY=/dev/pts/2
SGE_LOAD_AVG=load_avg
MAKEFLOW_MAX_LOCAL_JOBS=2
GROUP=campus
USER=nkremerh
_CHIRP_DELAYED_UPDATE_PREFIX=Chirp*
HISTFILESIZE=10000
TEMP=/var/condor/execute/dir_24121/worker-213124-24186/t.1097/cctools-temp-t.1097.psivxe
LD_LIBRARY_PATH=/afs/crc.nd.edu/group/ccl/software/x86_64/redhat7/ruby/current/lib:/afs/crc.nd.edu/group/ccl/software/x86_64/redhat7/graphviz/current/lib:/afs/crc.nd.edu/group/ccl/software/x86_64/redhat7/git/current/lib:/afs/crc.nd.edu/group/ccl/software/x86_64/redhat7/condor/current/lib:/afs/crc.nd.edu/group/ccl/software/x86_64/redhat7/clang/current/lib:/afs/crc.nd.edu/group/ccl/software/x86_64/redhat7/condor/current/lib:/afs/crc.nd.edu/group/ccl/software/x86_64/redhat7/cctools/current/lib:/opt/crc/usr/local/lib
BATCH_SYSTEM=HTCondor
MODULES_LMALTNAME=CRC_default/1.1&CRC_default/default&CRC_default
ENV=/afs/crc.nd.edu/x86_64_linux/Modules/4.5.0/init/profile.sh
WORKER_TMPDIR=/var/condor/execute/dir_24121/worker-213124-24186/cache/tmp
HOSTTYPE=x86_64-linux
_CONDOR_HIGHPORT=9999
GLOBUS_GSSAPI_MAX_TLS_PROTOCOL=0
_CONDOR_CHIRP_CONFIG=/var/condor/execute/dir_24121/.chirp.config
MAKELEVEL=1
MFLAGS=
MAIL=/var/spool/mail/nkremerh
PATH=/afs/crc.nd.edu/user/n/nkremerh/cctools/bin:/afs/crc.nd.edu/user/n/nkremerh/miniconda/bin:/afs/crc.nd.edu/group/ccl/software/git:/afs/crc.nd.edu/user/n/nkremerh/.local/bin:/afs/crc.nd.edu/group/ccl/software/x86_64/redhat7/povray/3.7/bin:/afs/crc.nd.edu/user/n/nkremerh/.perl5/bin:/afs/crc.nd.edu/user/n/nkremerh/pegasus/bin:/afs/crc.nd.edu/user/n/nkremerh/nodejs/bin:/afs/crc.nd.edu/user/n/nkremerh/montage/bin:/afs/crc.nd.edu/user/n/nkremerh/latexdiff:/afs/crc.nd.edu/user/n/nkremerh/envtrace:/afs/crc.nd.edu/user/n/nkremerh/endlines:/afs/crc.nd.edu/user/n/nkremerh/cctools/bin:/afs/crc.nd.edu/user/n/nkremerh/.cargo/bin:/afs/crc.nd.edu/group/ccl/software/x86_64/redhat7/ruby/current/bin:/afs/crc.nd.edu/group/ccl/software/x86_64/redhat7/graphviz/current/bin:/afs/crc.nd.edu/group/ccl/software/x86_64/redhat7/gnuplot/current/bin:/afs/crc.nd.edu/group/ccl/software/x86_64/redhat7/git/current/bin:/afs/crc.nd.edu/group/ccl/software/x86_64/redhat7/condor/current/sbin:/afs/crc.nd.edu/group/ccl/software/x86_64/redhat7/condor/current/bin:/afs/crc.nd.edu/group/ccl/software/x86_64/redhat7/cmake/current/bin:/afs/crc.nd.edu/group/ccl/software/x86_64/redhat7/clang/current/bin:/afs/crc.nd.edu/group/ccl/software/x86_64/redhat7/condor/current/sbin:/afs/crc.nd.edu/group/ccl/software/x86_64/redhat7/condor/current/bin:/afs/crc.nd.edu/group/ccl/software/x86_64/redhat7/cctools/current/bin:/afs/crc.nd.edu/x86_64_linux/Modules/4.5.0/bin:/opt/crc/usr/local/bin:/opt/sge/bin/lx-amd64:/usr/local/bin:/usr/bin:/usr/local/sbin:/usr/sbin:/afs/crc.nd.edu/user/c/condor/software/bin:/afs/crc.nd.edu/user/c/condor/software/sbin
CCLSOFTWARE=/afs/crc.nd.edu/group/ccl/software/x86_64/redhat7
PWD=/var/condor/execute/dir_24121/worker-213124-24186/t.1097
_LMFILES_=/afs/crc.nd.edu/x86_64_linux/Modules/modules/system_modules/CRC_default/1.1
EDITOR=vim
SGE_EXECD_PORT=6445
LANG=en_US.UTF-8
SGE_QMASTER_PORT=6444
MODULEPATH=/afs/crc.nd.edu/x86_64_linux/Modules/modules/development_tools_and_libraries:/afs/crc.nd.edu/x86_64_linux/Modules/modules/general_software:/afs/crc.nd.edu/x86_64_linux/Modules/modules/restricted_software:/afs/crc.nd.edu/x86_64_linux/Modules/modules/system_modules:/afs/crc.nd.edu/x86_64_linux/Modules/modules/deprecated_software:/afs/crc.nd.edu/x86_64_linux/Modules/current/modulefiles
LOADEDMODULES=CRC_default/1.1
SGE_ROOT=/opt/sge
CCLPLATFORM=x86_64/redhat7
_CONDOR_SLOT=slot2_1
WORK_QUEUE_SANDBOX=/var/condor/execute/dir_24121/worker-213124-24186
USE_SYSTEMD=true
_CONDOR_LOWPORT=9100
HISTCONTROL=ignoreboth:erasedups
KRB5CCNAME=FILE:/tmp/krb5cc_213124_DZSV7p
GLOBUS_GSSAPI_NAME_COMPATIBILITY=STRICT_RFC2818
HOME=disc01.crc.nd.edu
SHLVL=6
PATH_modshare=/opt/crc/usr/local/bin:1:/opt/sge/bin/lx-amd64:1:/usr/sbin:1:/usr/bin:1:/afs/crc.nd.edu/user/c/condor/software/sbin:1:/usr/local/sbin:1:/afs/crc.nd.edu/user/c/condor/software/bin:1:/usr/local/bin:1
OSTYPE=linux
_CONDOR_MACHINE_AD=/var/condor/execute/dir_24121/.machine.ad
GREP_OPTIONS=--color=auto
DISK=18256
GLOBUS_GSSAPI_MIN_TLS_PROTOCOL=TLS1_VERSION
MANPATH_modshare=/usr/share/man/overrides:1:/usr/local/share/man:1:/usr/share/man:1:/opt/crc/usr/local/man:1:/opt/sge/man:1
MEMORY=1948
PERL_LOCAL_LIB_ROOT=/afs/crc.nd.edu/user/n/nkremerh/.perl5/
BASH_ENV=/afs/crc.nd.edu/x86_64_linux/Modules/4.5.0/init/bash
VENDOR=unknown
TMP=/var/condor/execute/dir_24121/worker-213124-24186/t.1097/cctools-temp-t.1097.psivxe
LOGNAME=nkremerh
MACHTYPE=x86_64
CCLHOME=/afs/crc.nd.edu/group/ccl
PYTHONPATH=/afs/crc.nd.edu/user/n/nkremerh/cctools/lib/python3.6/site-packages/
LD_LIBRARY_PATH_modshare=/opt/crc/usr/local/lib:1
SSH_CONNECTION=10.17.150.11 36546 129.74.128.103 22
MODULES_LMALTNAME_modshare=CRC_default/1.1&CRC_default/default&CRC_default:1
MODULESHOME=/afs/crc.nd.edu/x86_64_linux/Modules/4.5.0
GLOBUS_GSSAPI_CIPHERS=HIGH
GLOBUS_GSSAPI_BACKWARD_COMPATIBLE_MIC=true
LESSOPEN=||/usr/bin/lesspipe.sh %s
OMP_NUM_THREADS=1
_CONDOR_JOB_AD=/var/condor/execute/dir_24121/.job.ad
LOADEDMODULES_modshare=CRC_default/1.1:1
XDG_RUNTIME_DIR=/run/user/213124
SGE_CLUSTER_NAME=CRC
_CONDOR_ANCESTOR_3813=24121:1600190002:863842848
CCTOOLS=../cctools
CORES=2
_CONDOR_JOB_IWD=/var/condor/execute/dir_24121
PERL_MM_OPT=INSTALL_BASE=/afs/crc.nd.edu/user/n/nkremerh/.perl5/
GLOBUS_GSSAPI_SERVER_CIPHER_ORDER=true
_CONDOR_ANCESTOR_3607=3813:1598183989:3519041155
BASH_FUNC_module()=() {  unset _mlshdbg;
 if [ "${MODULES_SILENT_SHELL_DEBUG:-0}" = '1' ]; then
 case "$-" in 
 *v*x*)
 set +vx;
 _mlshdbg='vx'
 ;;
 *v*)
 set +v;
 _mlshdbg='v'
 ;;
 *x*)
 set +x;
 _mlshdbg='x'
 ;;
 *)
 _mlshdbg=''
 ;;
 esac;
 fi;
 unset _mlre _mlIFS;
 if [ -n "${IFS+x}" ]; then
 _mlIFS=$IFS;
 fi;
 IFS=' ';
 for _mlv in ${MODULES_RUN_QUARANTINE:-};
 do
 if [ "${_mlv}" = "${_mlv##*[!A-Za-z0-9_]}" -a "${_mlv}" = "${_mlv#[0-9]}" ]; then
 if [ -n "`eval 'echo ${'$_mlv'+x}'`" ]; then
 _mlre="${_mlre:-}${_mlv}_modquar='`eval 'echo ${'$_mlv'}'`' ";
 fi;
 _mlrv="MODULES_RUNENV_${_mlv}";
 _mlre="${_mlre:-}${_mlv}='`eval 'echo ${'$_mlrv':-}'`' ";
 fi;
 done;
 if [ -n "${_mlre:-}" ]; then
 eval `eval ${_mlre}/usr/bin/tclsh /afs/crc.nd.edu/x86_64_linux/Modules/4.5.0/libexec/modulecmd.tcl bash '"$@"'`;
 else
 eval `/usr/bin/tclsh /afs/crc.nd.edu/x86_64_linux/Modules/4.5.0/libexec/modulecmd.tcl bash "$@"`;
 fi;
 _mlstatus=$?;
 if [ -n "${_mlIFS+x}" ]; then
 IFS=$_mlIFS;
 else
 unset IFS;
 fi;
 unset _mlre _mlv _mlrv _mlIFS;
 if [ -n "${_mlshdbg:-}" ]; then
 set -$_mlshdbg;
 fi;
 unset _mlshdbg;
 return $_mlstatus
}
BASH_FUNC_ml()=() {  module ml "$@"
}
_=/usr/bin/printenv
