22453   0.000000 libjli.so->getenv("_JAVA_LAUNCHER_DEBUG") = nil
22453   0.001775 libjli.so->getenv("_JAVA_VERSION_SET") = nil
22453   0.000785 libjli.so->fopen("/usr/lib/jvm/java-1.8.0-openjdk-1.8.0.262.b10-0.el7_8.x86_64/jre/lib/amd64/jvm.cfg", "r") = 0x55fe592110f0
22453   0.000990 libjli.so->getenv("JDK_ALTERNATE_VM") = nil
22453   0.000370 libjli.so->__xstat(1, "/usr/lib/jvm/java-1.8.0-openjdk-1.8.0.262.b10-0.el7_8.x86_64/jre/lib/amd64/server/libjvm.so", 0x7fffbdb751e0) = 0
22453   0.000863 libjli.so->getenv("LD_LIBRARY_PATH") = "/afs/crc.nd.edu/group/ccl/software/x86_64/redhat7/ruby/current/lib:/afs/crc.nd.edu/group/ccl/software/x86_64/redhat7/graphviz/current/lib:/afs/crc.nd.edu/group/ccl/software/x86_64/redhat7/git/current/lib:/afs/crc.nd.edu/group/ccl/software/x86_64/redhat7/condor/current/lib:/afs/crc.nd.edu/group/ccl/software/x86_64/redhat7/clang/current/lib:/afs/crc.nd.edu/group/ccl/software/x86_64/redhat7/condor/current/lib:/afs/crc.nd.edu/group/ccl/software/x86_64/redhat7/cctools/current/lib:/opt/crc/usr/local/lib"
22453   0.002362 libjli.so->dlopen("/usr/lib/jvm/java-1.8.0-openjdk-1.8.0.262.b10-0.el7_8.x86_64/jre/lib/amd64/server/libjvm.so", 258 <unfinished ...>
22453   0.039832 libjvm.so->getenv("NMT_LEVEL_22453") = nil
22453   0.002136 <... dlopen resumed> )          = 0x55fe592114c0
22453   0.000106 libjli.so->getenv("CLASSPATH")  = nil
22453   0.000333 libjli.so->getenv("_JAVA_SPLASH_JAR") = nil
22453   0.000321 libjli.so->getenv("_JAVA_SPLASH_FILE") = nil
22453   0.000346 libjli.so->pthread_attr_setdetachstate(0x7fffbdb75190, 0, 0x7fffbdb75220, 0) = 0
22453   0.000439 libpthread.so.0->__clone(0x2b5446a38de0, 0x2b544694bfc0, 0x3d0f00, 0x2b544694c700) = 0x57ba
22458   0.001464 libjvm.so->dlopen(0x2b54482179ae, 1, 0xfffffffffff42c48, 4096) = 0x2b544c000990
22458   0.001642 libjvm.so->getenv(0x2b544823283e, 0, 115, 0x65737361) = 0x7fffbdb7b6dd
22458   0.000291 libjvm.so->fopen(0x2b544694ac10, 0x2b54481ceccb, 0x6f732e79666972, 0x2b5447310ab0) = 0x2b544c001440
22458   0.000890 libjvm.so->dlopen(0x2b544694ac10, 1, 0xffffffff, 0x2b544c002b00) = 0x2b544c001440
22458   0.000918 libjvm.so->fopen(0x2b544694ac10, 0x2b54481ceccb, 111, 0x732e6176) = 0x2b544c001b10
22458   0.000998 libjvm.so->dlopen(0x2b544694ac10, 1, 0xffffffff, 0x2b544c001a00) = 0x2b544c001b10
22458   0.000967 libjvm.so->__xstat(1, 0x2b544694b360, 0x2b544694bba0, 0x746f7073746f682e) = -1
22458   0.000289 libjvm.so->getenv(0x2b54481c7541, 0x2b544694b6d0, 1024, 0x2b544868161b) = 0
22458   0.000312 libjvm.so->getenv(0x2b54481c7533, 0x2b544694b6d0, 1024, 0) = 0
22458   0.000266 libjvm.so->fopen(0x2b5448217315, 0x2b54481ceccb, 4095, 0xffffd4abb7e38b03) = 0x2b544c003290
22458   0.000675 libjvm.so->fopen(0x2b5448217361, 0x2b54481ceccb, 0x2b544c000078, 0x2b544c003280) = 0x2b544c003290
22458   0.000461 libjvm.so->fopen(0x2b54469459b0, 0x2b54481ceccb, 4014, 3995) = 0x2b544c003290
22458   0.000419 libjvm.so->opendir(0x2b544c002b40, 0x2b544c002b40, 13, 16) = 0
22458   0.000303 libjvm.so->__xstat(1, 0x2b544694a8f0, 0x2b5446949860, 0x6f732e7477616d62) = -1
22458   0.000280 libjvm.so->__xstat(1, 0x2b544694a8f0, 0x2b5446949860, 0x5f74776162696c2f) = 0
22458   0.000342 libjvm.so->fopen(0x2b5446949b90, 0x2b54481ceccb, 4009, 3994) = 0x2b544c003770
22458   0.000395 libjvm.so->fopen(0x2b5446949b90, 0x2b54481ceccb, 4009, 3994) = 0x2b544c003770
22458   0.000384 libjvm.so->fopen(0x2b5446949b90, 0x2b54481ceccb, 4009, 4002) = 0x2b544c003770
22458   0.000515 libjvm.so->fopen(0x2b5446949b20, 0x2b54481ceccb, 4009, 3994) = 0x2b544c003770
22458   0.000403 libjvm.so->fopen(0x2b5446949b20, 0x2b54481ceccb, 4009, 3994) = 0x2b544c003770
22458   0.000406 libjvm.so->fopen(0x2b5446949b20, 0x2b54481ceccb, 4009, 4002) = 0x2b544c003770
22458   0.000408 libjvm.so->fopen(0x2b5446949b50, 0x2b54481ceccb, 4014, 3995) = 0x2b544c003770
22458   0.000530 libjvm.so->getenv(0x2b54482180ff, 4096, 3, -1) = 0
22458   0.000590 libjvm.so->fopen(0x2b5448217998, 0x2b54481ceccb, 0x2b5446a2f908, 0x2b5446a2edf0) = 0x2b544c003770
22458   0.003017 libjvm.so->open(0x2b544c04a560, 0x20000, 0, 0x2b544c04a5a9) = 3
22458   0.000287 libjvm.so->__fxstat(1, 3, 0x2b544694ba00, -1) = 0
22458   0.000444 libjvm.so->opendir(0x2b544c04a560, 0x2b544694ba00, 0x4000, -1) = 0x2b544c04b470
22458   0.000553 libjvm.so->__fxstat(1, 3, 0x2b544694b8a0, 0x2b544c04b470) = 0
22458   0.000317 libjvm.so->__fxstat(1, 5, 0x2b544694b930, -1) = 0
22458   0.000310 libjvm.so->open(0x2b54481e59dc, 0, 0, 0) = 3
22458   0.000444 libjvm.so->__lxstat(1, 0x2b544c04a560, 0x2b544694bb50, -144) = 0
22458   0.000304 libjvm.so->open(0x2b544c04a560, 0x20000, 0x4000, -1) = 3
22458   0.000283 libjvm.so->__fxstat(1, 3, 0x2b544694ba00, -1) = 0
22458   0.000302 libjvm.so->opendir(0x2b544c04a560, 0x2b544694ba00, 0x4000, -1) = 0x2b544c04b470
22458   0.000297 libjvm.so->__fxstat(1, 3, 0x2b544694b8a0, 0x2b544c04b470) = 0
22458   0.000285 libjvm.so->__fxstat(1, 5, 0x2b544694b930, -1) = 0
22458   0.000304 libjvm.so->open(0x2b54481e59dc, 0, 0, 0) = 3
22458   0.000316 libjvm.so->open(0x2b544c04a5a9, 0x20042, 384, -1) = 7
22458   0.000397 libjvm.so->__fxstat(1, 7, 0x2b544694bb50, -1) = 0
22458   0.001135 libjvm.so->fopen(0x2b544694ab60, 0x2b54481ceccb, 4, 0x6f732e70) = 0x2b544c057bc0
22458   0.001024 libjvm.so->dlopen(0x2b544694ab60, 1, 0xffffffff, 0x2b544c057b00) = 0x2b544c057bc0
22458   0.001229 libjvm.so->__xstat(1, 0x2b544694b120, 0x2b544694b950, 2048) = 0
22458   0.000560 libjvm.so->__xstat(1, 0x2b544694b120, 0x2b544694b950, 2048) = 0
22458   0.000492 libjvm.so->__xstat(1, 0x2b544694b120, 0x2b544694b950, 2048) = -1
22458   0.000678 libjvm.so->__xstat(1, 0x2b544694b120, 0x2b544694b950, 2048) = 0
22458   0.000478 libjvm.so->__xstat(1, 0x2b544694b120, 0x2b544694b950, 2048) = 0
22458   0.000325 libjvm.so->__xstat(1, 0x2b544694b120, 0x2b544694b950, 2048) = 0
22458   0.000287 libjvm.so->__xstat(1, 0x2b544694b120, 0x2b544694b950, 2048) = 0
22458   0.000285 libjvm.so->__xstat(1, 0x2b544694b120, 0x2b544694b950, 2048) = -1
22458   0.000371 libjvm.so->fopen(0x2b544c002520, 0x2b54481ceccb, 0, 0) = 0x2b544c058a60
22458   0.006917 libjvm.so->open64(0x2b544694a410, 0, 0, 16) = 3
22458   0.000330 libjvm.so->__fxstat64(1, 3, 0x2b544694a240, -1) = 0
22458   0.031834 libjvm.so->__xstat(1, 0x2b544694af20, 0x2b544694b750, 2048) = -1
22458   0.000627 libjvm.so->fopen(0x2b5446949b20, 0x2b54481ceccb, 4009, 3994) = 0x2b544c0b5e20
22458   0.000947 libjvm.so->fopen(0x2b5446949b20, 0x2b54481ceccb, 4009, 3994) = 0x2b544c0b5e20
22458   0.000665 libjvm.so->fopen(0x2b5446949b20, 0x2b54481ceccb, 4009, 4002) = 0x2b544c0b5e20
22458   0.004265 libjvm.so->pthread_attr_setdetachstate(0x2b544694bc00, 1, 0, 0) = 0
22458   0.000522 libpthread.so.0->__clone(0x2b5446a38de0, 0x2b545f2d0fc0, 0x3d0f00, 0x2b545f2d1700) = 0x57bd
22458   0.015671 libjvm.so->pthread_attr_setdetachstate(0x2b544694b290, 1, 0, 0) = 0
22458   0.000616 libpthread.so.0->__clone(0x2b5446a38de0, 0x2b545f3d1fc0, 0x3d0f00, 0x2b545f3d2700) = 0x57be
22458   0.006810 libjvm.so->pthread_attr_setdetachstate(0x2b544694b610, 1, 0, 0) = 0
22458   0.000790 libpthread.so.0->__clone(0x2b5446a38de0, 0x2b545f4d2fc0, 0x3d0f00, 0x2b545f4d3700) = 0x57bf
22458   0.040024 libjvm.so->fopen(0x2b544c0e9130, 0x2b54481ceccb, 4, 0x6f732e70) = 0x2b544c0f1c70
22458   0.001950 libjvm.so->dlopen(0x2b544c0e9130, 1, 0xffffffff, 0x2b544c0ec300) = 0x2b544c057bc0
22458   0.005046 libjvm.so->open64(0x2b544694a510, 0, 0, 16) = 5
22458   0.000957 libjvm.so->__fxstat64(1, 5, 0x2b544694a340, -1) = 0
22458   0.019706 libjvm.so->fopen(0x2b5446947130, 0x2b54481ceccb, 4009, 3994) = 0x2b544c0fcbc0
22458   0.001122 libjvm.so->fopen(0x2b5446947130, 0x2b54481ceccb, 4009, 3994) = 0x2b544c0fcbc0
22458   0.001050 libjvm.so->fopen(0x2b5446947130, 0x2b54481ceccb, 4009, 4002) = 0x2b544c0fcbc0
22458   0.016119 libjvm.so->pthread_attr_setdetachstate(0x2b544694bb50, 1, 0, 0) = 0
22458   0.000933 libpthread.so.0->__clone(0x2b5446a38de0, 0x2b545f5d3fc0, 0x3d0f00, 0x2b545f5d4700) = 0x57c0
22458   0.001476 libjvm.so->__xstat64(1, 0x2b544694bbe0, 0x2b544694bb50, 19) = -1
22458   0.001130 libjvm.so->pthread_attr_setdetachstate(0x2b544694b950, 1, 0, 0) = 0
22458   0.001131 libpthread.so.0->__clone(0x2b5446a38de0, 0x2b545f6d4fc0, 0x3d0f00, 0x2b545f6d5700) = 0x57c1
22458   0.001695 libjvm.so->pthread_attr_setdetachstate(0x2b544694b950, 1, 0, 0) = 0
22458   0.001256 libpthread.so.0->__clone(0x2b5446a38de0, 0x2b545f7d5fc0, 0x3d0f00, 0x2b545f7d6700) = 0x57c2
22458   0.007405 libjvm.so->pthread_attr_setdetachstate(0x2b544694baa0, 1, 0, 0) = 0
22458   0.001945 libpthread.so.0->__clone(0x2b5446a38de0, 0x2b545f8d6fc0, 0x3d0f00, 0x2b545f8d7700) = 0x57c3
22458   0.002099 libjvm.so->pthread_attr_setdetachstate(0x2b544694bbb0, 1, 0, 0) = 0
22458   0.001880 libpthread.so.0->__clone(0x2b5446a38de0, 0x2b545f9d7fc0, 0x3d0f00, 0x2b545f9d8700) = 0x57c4
22458   0.014721 libjvm.so->open64(0x2b544c136940, 0, 0, 0) = 7
22458   0.001804 libjvm.so->__fxstat64(1, 7, 0x2b5446948f60, -1) = 0
22458   0.025494 libjvm.so->fopen(0x2b544c15c5a0, 0x2b54481ceccb, 4, 0x6f732e6f) = 0x2b544c15c660
22458   0.004196 libjvm.so->dlopen(0x2b544c15c5a0, 1, 0xffffffff, 0x2b544c15c500) = 0x2b544c15c660
22458   0.135404 libjvm.so->fopen(0x2b544c19a6e0, 0x2b54481ceccb, 4, 0x6f732e74) = 0x2b544c19d990
22458   0.003296 libjvm.so->dlopen(0x2b544c19a6e0, 1, 0xffffffff, 0x2b544c19d900) = 0x2b544c1a7d40
22458   0.144302 libjvm.so->fopen(0x2b544c208e10, 0x2b54481ceccb, 0x6f732e7373656c, 0x656c646165685f74) = 0x2b544c208ef0
22458   0.002891 libjvm.so->dlopen(0x2b544c208e10, 1, 0xffffffff, 0x2b544c208e00) = 0x2b544c208ef0
22458   0.019924 libjvm.so->fopen(0x2b5446944990, 0x2b54481ceccb, 0x6f732e, 0x6d766a62696c2f72) = 0x2b544c212d10
22458   0.006084 libjvm.so->dlopen(0x2b5446944990, 1, 0xffffffff, 0x2b544c212200) = 0x55fe592114c0
22458   0.001721 libjvm.so->fopen(0x2b5446944990, 0x2b54481ceccb, 0x6f732e, 0x6d766a62696c2f72) = 0x2b544c212cb0
22458   0.005073 libjvm.so->dlopen(0x2b5446944990, 1, 0xffffffff, 0x2b544c212200) = 0x55fe592114c0
22458   0.001640 libjvm.so->fopen(0x2b5446944990, 0x2b54481ceccb, 0x6f732e, 0x6d766a62696c2f72) = 0x2b544c212cb0
22458   0.003543 libjvm.so->dlopen(0x2b5446944990, 1, 0xffffffff, 0x2b544c212200) = 0x55fe592114c0
22458   0.001648 libjvm.so->fopen(0x2b5446944990, 0x2b54481ceccb, 0x6f732e, 0x6d766a62696c2f72) = 0x2b544c212cb0
22458   0.004011 libjvm.so->dlopen(0x2b5446944990, 1, 0xffffffff, 0x2b544c212200) = 0x55fe592114c0
22458   0.495222 --- SIGSEGV (Segmentation fault) ---
22468  10.395697 +++ exited (status 0) +++
22464   0.000181 +++ exited (status 0) +++
22461   0.000178 +++ exited (status 0) +++
22458   0.000183 +++ exited (status 0) +++
22466   0.000431 +++ exited (status 0) +++
22465   0.000016 +++ exited (status 0) +++
22463   0.000010 +++ exited (status 0) +++
22462   0.000009 +++ exited (status 0) +++
22467   0.022952 +++ exited (status 0) +++
22453   0.000133 +++ exited (status 0) +++
Wrote an ltrace for command: "java -cp ./tools/maxent.jar density.MaxEnt -s outputs/Microstylum_braunsi_Engel.csv -e data/layers/worldclim -o outputs/Microstylum_braunsi_Engel nowarnings nocache autorun -z" with PID 22451 from PPID 22431 on disc21.crc.nd.edu with result 0
REMOTEHOST=10.17.148.247
MANPATH=/afs/crc.nd.edu/user/n/nkremerh/cctools/share/man/:/afs/crc.nd.edu/group/ccl/software/x86_64/redhat7/ruby/current/share/man:/afs/crc.nd.edu/group/ccl/software/x86_64/redhat7/graphviz/current/share/man:/afs/crc.nd.edu/group/ccl/software/x86_64/redhat7/gnuplot/current/share/man:/afs/crc.nd.edu/group/ccl/software/x86_64/redhat7/git/current/share/man:/afs/crc.nd.edu/group/ccl/software/x86_64/redhat7/condor/current/share/man:/afs/crc.nd.edu/group/ccl/software/x86_64/redhat7/clang/current/share/man:/afs/crc.nd.edu/group/ccl/software/x86_64/redhat7/condor/current/share/man:/afs/crc.nd.edu/group/ccl/software/x86_64/redhat7/cctools/current/share/man:/afs/crc.nd.edu/group/ccl/software/x86_64/redhat7/cctools/current/share/man:/afs/crc.nd.edu/x86_64_linux/Modules/4.5.0/share/man:/opt/crc/usr/local/man:/opt/sge/man:/usr/share/man/overrides:/usr/share/man:/usr/local/share/man
_CONDOR_JOB_PIDS=
XDG_SESSION_ID=2686
HOSTNAME=disc01.crc.nd.edu
_CONDOR_ANCESTOR_3669=16405:1599499132:729388362
_LMFILES__modshare=/afs/crc.nd.edu/x86_64_linux/Modules/modules/system_modules/CRC_default/1.1:1
MODULEPATH_modshare=/afs/crc.nd.edu/x86_64_linux/Modules/modules/general_software:1:/afs/crc.nd.edu/x86_64_linux/Modules/modules/development_tools_and_libraries:1:/afs/crc.nd.edu/x86_64_linux/Modules/modules/system_modules:1:/afs/crc.nd.edu/x86_64_linux/Modules/current/modulefiles:1:/afs/crc.nd.edu/x86_64_linux/Modules/modules/restricted_software:1:/afs/crc.nd.edu/x86_64_linux/Modules/modules/deprecated_software:1
TERM=xterm-256color
SHELL=/bin/tcsh
HOST=disc01.crc.nd.edu
MODULES_CMD=/afs/crc.nd.edu/x86_64_linux/Modules/4.5.0/libexec/modulecmd.tcl
HISTSIZE=5000
MAKEFLAGS=
SSH_CLIENT=10.17.148.247 49750 22
TMPDIR=/var/condor/execute/dir_16405/worker-213124-16471/t.844/cctools-temp-t.844.eEm4cV
PERL5LIB=/afs/crc.nd.edu/user/n/nkremerh/cctools/lib/perl5/site_perl/5.16.3:/afs/crc.nd.edu/user/n/nkremerh/.perl5/lib/perl5
SGE_CELL=crc
_CONDOR_SCRATCH_DIR=/var/condor/execute/dir_16405
PERL_MB_OPT=--install_base '/afs/crc.nd.edu/user/n/nkremerh/.perl5/'
SSH_TTY=/dev/pts/0
SGE_LOAD_AVG=load_avg
MAKEFLOW_MAX_LOCAL_JOBS=2
GROUP=campus
USER=nkremerh
_CHIRP_DELAYED_UPDATE_PREFIX=Chirp*
HISTFILESIZE=10000
TEMP=/var/condor/execute/dir_16405/worker-213124-16471/t.844/cctools-temp-t.844.eEm4cV
LD_LIBRARY_PATH=/afs/crc.nd.edu/group/ccl/software/x86_64/redhat7/ruby/current/lib:/afs/crc.nd.edu/group/ccl/software/x86_64/redhat7/graphviz/current/lib:/afs/crc.nd.edu/group/ccl/software/x86_64/redhat7/git/current/lib:/afs/crc.nd.edu/group/ccl/software/x86_64/redhat7/condor/current/lib:/afs/crc.nd.edu/group/ccl/software/x86_64/redhat7/clang/current/lib:/afs/crc.nd.edu/group/ccl/software/x86_64/redhat7/condor/current/lib:/afs/crc.nd.edu/group/ccl/software/x86_64/redhat7/cctools/current/lib:/opt/crc/usr/local/lib
BATCH_SYSTEM=HTCondor
MODULES_LMALTNAME=CRC_default/1.1&CRC_default/default&CRC_default
ENV=/afs/crc.nd.edu/x86_64_linux/Modules/4.5.0/init/profile.sh
WORKER_TMPDIR=/var/condor/execute/dir_16405/worker-213124-16471/cache/tmp
HOSTTYPE=x86_64-linux
_CONDOR_HIGHPORT=9999
GLOBUS_GSSAPI_MAX_TLS_PROTOCOL=0
_CONDOR_CHIRP_CONFIG=/var/condor/execute/dir_16405/.chirp.config
MAKELEVEL=1
MFLAGS=
MAIL=/var/spool/mail/nkremerh
PATH=/afs/crc.nd.edu/user/n/nkremerh/cctools/bin:/afs/crc.nd.edu/user/n/nkremerh/miniconda/bin:/afs/crc.nd.edu/group/ccl/software/git:/afs/crc.nd.edu/user/n/nkremerh/.local/bin:/afs/crc.nd.edu/group/ccl/software/x86_64/redhat7/povray/3.7/bin:/afs/crc.nd.edu/user/n/nkremerh/.perl5/bin:/afs/crc.nd.edu/user/n/nkremerh/pegasus/bin:/afs/crc.nd.edu/user/n/nkremerh/nodejs/bin:/afs/crc.nd.edu/user/n/nkremerh/montage/bin:/afs/crc.nd.edu/user/n/nkremerh/latexdiff:/afs/crc.nd.edu/user/n/nkremerh/envtrace:/afs/crc.nd.edu/user/n/nkremerh/endlines:/afs/crc.nd.edu/user/n/nkremerh/cctools/bin:/afs/crc.nd.edu/user/n/nkremerh/.cargo/bin:/afs/crc.nd.edu/group/ccl/software/x86_64/redhat7/ruby/current/bin:/afs/crc.nd.edu/group/ccl/software/x86_64/redhat7/graphviz/current/bin:/afs/crc.nd.edu/group/ccl/software/x86_64/redhat7/gnuplot/current/bin:/afs/crc.nd.edu/group/ccl/software/x86_64/redhat7/git/current/bin:/afs/crc.nd.edu/group/ccl/software/x86_64/redhat7/condor/current/sbin:/afs/crc.nd.edu/group/ccl/software/x86_64/redhat7/condor/current/bin:/afs/crc.nd.edu/group/ccl/software/x86_64/redhat7/cmake/current/bin:/afs/crc.nd.edu/group/ccl/software/x86_64/redhat7/clang/current/bin:/afs/crc.nd.edu/group/ccl/software/x86_64/redhat7/condor/current/sbin:/afs/crc.nd.edu/group/ccl/software/x86_64/redhat7/condor/current/bin:/afs/crc.nd.edu/group/ccl/software/x86_64/redhat7/cctools/current/bin:/afs/crc.nd.edu/x86_64_linux/Modules/4.5.0/bin:/opt/crc/usr/local/bin:/opt/sge/bin/lx-amd64:/usr/local/bin:/usr/bin:/usr/local/sbin:/usr/sbin:/afs/crc.nd.edu/user/c/condor/software/bin:/afs/crc.nd.edu/user/c/condor/software/sbin
CCLSOFTWARE=/afs/crc.nd.edu/group/ccl/software/x86_64/redhat7
PWD=/var/condor/execute/dir_16405/worker-213124-16471/t.844
_LMFILES_=/afs/crc.nd.edu/x86_64_linux/Modules/modules/system_modules/CRC_default/1.1
EDITOR=vim
SGE_EXECD_PORT=6445
LANG=en_US.UTF-8
SGE_QMASTER_PORT=6444
MODULEPATH=/afs/crc.nd.edu/x86_64_linux/Modules/modules/development_tools_and_libraries:/afs/crc.nd.edu/x86_64_linux/Modules/modules/general_software:/afs/crc.nd.edu/x86_64_linux/Modules/modules/restricted_software:/afs/crc.nd.edu/x86_64_linux/Modules/modules/system_modules:/afs/crc.nd.edu/x86_64_linux/Modules/modules/deprecated_software:/afs/crc.nd.edu/x86_64_linux/Modules/current/modulefiles
LOADEDMODULES=CRC_default/1.1
SGE_ROOT=/opt/sge
CCLPLATFORM=x86_64/redhat7
_CONDOR_SLOT=slot2_1
WORK_QUEUE_SANDBOX=/var/condor/execute/dir_16405/worker-213124-16471
USE_SYSTEMD=true
_CONDOR_LOWPORT=9100
HISTCONTROL=ignoreboth:erasedups
KRB5CCNAME=FILE:/tmp/krb5cc_213124_dlYXoi
GLOBUS_GSSAPI_NAME_COMPATIBILITY=STRICT_RFC2818
HOME=disc01.crc.nd.edu
SHLVL=6
PATH_modshare=/opt/crc/usr/local/bin:1:/opt/sge/bin/lx-amd64:1:/usr/sbin:1:/usr/bin:1:/afs/crc.nd.edu/user/c/condor/software/sbin:1:/usr/local/sbin:1:/afs/crc.nd.edu/user/c/condor/software/bin:1:/usr/local/bin:1
OSTYPE=linux
_CONDOR_MACHINE_AD=/var/condor/execute/dir_16405/.machine.ad
GREP_OPTIONS=--color=auto
DISK=18251
GLOBUS_GSSAPI_MIN_TLS_PROTOCOL=TLS1_VERSION
MANPATH_modshare=/usr/share/man/overrides:1:/usr/local/share/man:1:/usr/share/man:1:/opt/crc/usr/local/man:1:/opt/sge/man:1
MEMORY=1948
PERL_LOCAL_LIB_ROOT=/afs/crc.nd.edu/user/n/nkremerh/.perl5/
BASH_ENV=/afs/crc.nd.edu/x86_64_linux/Modules/4.5.0/init/bash
VENDOR=unknown
TMP=/var/condor/execute/dir_16405/worker-213124-16471/t.844/cctools-temp-t.844.eEm4cV
LOGNAME=nkremerh
MACHTYPE=x86_64
CCLHOME=/afs/crc.nd.edu/group/ccl
PYTHONPATH=/afs/crc.nd.edu/user/n/nkremerh/cctools/lib/python3.6/site-packages/
LD_LIBRARY_PATH_modshare=/opt/crc/usr/local/lib:1
SSH_CONNECTION=10.17.148.247 49750 129.74.128.103 22
MODULES_LMALTNAME_modshare=CRC_default/1.1&CRC_default/default&CRC_default:1
MODULESHOME=/afs/crc.nd.edu/x86_64_linux/Modules/4.5.0
_CONDOR_ANCESTOR_3314=3669:1598183978:1434769074
GLOBUS_GSSAPI_CIPHERS=HIGH
GLOBUS_GSSAPI_BACKWARD_COMPATIBLE_MIC=true
LESSOPEN=||/usr/bin/lesspipe.sh %s
OMP_NUM_THREADS=1
_CONDOR_JOB_AD=/var/condor/execute/dir_16405/.job.ad
LOADEDMODULES_modshare=CRC_default/1.1:1
XDG_RUNTIME_DIR=/run/user/213124
SGE_CLUSTER_NAME=CRC
CCTOOLS=../cctools
_CONDOR_ANCESTOR_16405=16436:1599499133:3044183768
CORES=2
_CONDOR_JOB_IWD=/var/condor/execute/dir_16405
PERL_MM_OPT=INSTALL_BASE=/afs/crc.nd.edu/user/n/nkremerh/.perl5/
GLOBUS_GSSAPI_SERVER_CIPHER_ORDER=true
BASH_FUNC_module()=() {  unset _mlshdbg;
 if [ "${MODULES_SILENT_SHELL_DEBUG:-0}" = '1' ]; then
 case "$-" in 
 *v*x*)
 set +vx;
 _mlshdbg='vx'
 ;;
 *v*)
 set +v;
 _mlshdbg='v'
 ;;
 *x*)
 set +x;
 _mlshdbg='x'
 ;;
 *)
 _mlshdbg=''
 ;;
 esac;
 fi;
 unset _mlre _mlIFS;
 if [ -n "${IFS+x}" ]; then
 _mlIFS=$IFS;
 fi;
 IFS=' ';
 for _mlv in ${MODULES_RUN_QUARANTINE:-};
 do
 if [ "${_mlv}" = "${_mlv##*[!A-Za-z0-9_]}" -a "${_mlv}" = "${_mlv#[0-9]}" ]; then
 if [ -n "`eval 'echo ${'$_mlv'+x}'`" ]; then
 _mlre="${_mlre:-}${_mlv}_modquar='`eval 'echo ${'$_mlv'}'`' ";
 fi;
 _mlrv="MODULES_RUNENV_${_mlv}";
 _mlre="${_mlre:-}${_mlv}='`eval 'echo ${'$_mlrv':-}'`' ";
 fi;
 done;
 if [ -n "${_mlre:-}" ]; then
 eval `eval ${_mlre}/usr/bin/tclsh /afs/crc.nd.edu/x86_64_linux/Modules/4.5.0/libexec/modulecmd.tcl bash '"$@"'`;
 else
 eval `/usr/bin/tclsh /afs/crc.nd.edu/x86_64_linux/Modules/4.5.0/libexec/modulecmd.tcl bash "$@"`;
 fi;
 _mlstatus=$?;
 if [ -n "${_mlIFS+x}" ]; then
 IFS=$_mlIFS;
 else
 unset IFS;
 fi;
 unset _mlre _mlv _mlrv _mlIFS;
 if [ -n "${_mlshdbg:-}" ]; then
 set -$_mlshdbg;
 fi;
 unset _mlshdbg;
 return $_mlstatus
}
BASH_FUNC_ml()=() {  module ml "$@"
}
_=/usr/bin/printenv
