3108   0.000000 libjli.so->getenv("_JAVA_LAUNCHER_DEBUG") = nil
3108   0.001715 libjli.so->getenv("_JAVA_VERSION_SET") = nil
3108   0.000652 libjli.so->fopen("/usr/lib/jvm/java-1.8.0-openjdk-1.8.0.262.b10-0.el7_8.x86_64/jre/lib/amd64/jvm.cfg", "r") = 0x55802dc1c0e0
3108   0.000834 libjli.so->getenv("JDK_ALTERNATE_VM") = nil
3108   0.000320 libjli.so->__xstat(1, "/usr/lib/jvm/java-1.8.0-openjdk-1.8.0.262.b10-0.el7_8.x86_64/jre/lib/amd64/server/libjvm.so", 0x7ffd63c02420) = 0
3108   0.000608 libjli.so->getenv("LD_LIBRARY_PATH") = "/afs/crc.nd.edu/group/ccl/software/x86_64/redhat7/ruby/current/lib:/afs/crc.nd.edu/group/ccl/software/x86_64/redhat7/graphviz/current/lib:/afs/crc.nd.edu/group/ccl/software/x86_64/redhat7/git/current/lib:/afs/crc.nd.edu/group/ccl/software/x86_64/redhat7/condor/current/lib:/afs/crc.nd.edu/group/ccl/software/x86_64/redhat7/clang/current/lib:/afs/crc.nd.edu/group/ccl/software/x86_64/redhat7/condor/current/lib:/afs/crc.nd.edu/group/ccl/software/x86_64/redhat7/cctools/current/lib:/opt/crc/usr/local/lib"
3108   0.002211 libjli.so->dlopen("/usr/lib/jvm/java-1.8.0-openjdk-1.8.0.262.b10-0.el7_8.x86_64/jre/lib/amd64/server/libjvm.so", 258 <unfinished ...>
3108   0.042090 libjvm.so->getenv("NMT_LEVEL_3108") = nil
3108   0.001678 <... dlopen resumed> )           = 0x55802dc1c4b0
3108   0.000073 libjli.so->getenv("CLASSPATH")   = nil
3108   0.000361 libjli.so->getenv("_JAVA_SPLASH_JAR") = nil
3108   0.000425 libjli.so->getenv("_JAVA_SPLASH_FILE") = nil
3108   0.000386 libjli.so->pthread_attr_setdetachstate(0x7ffd63c023d0, 0, 0x7ffd63c02460, 0) = 0
3108   0.000580 libpthread.so.0->__clone(0x2acff4386de0, 0x2acff4299fc0, 0x3d0f00, 0x2acff429a700) = 3109
3109   0.003570 libjvm.so->dlopen(0x2acff5b659ae, 1, 0xfffffffffff42c48, 4096) = 0x2acff8000990
3109   0.003897 libjvm.so->getenv(0x2acff5b8083e, 0, 115, 0x65737361) = 0x7ffd63c07684
3109   0.000519 libjvm.so->fopen(0x2acff4298c10, 0x2acff5b1cccb, 0x6f732e79666972, 0x2acff4c5eab0) = 0x2acff8001440
3109   0.001430 libjvm.so->dlopen(0x2acff4298c10, 1, 0xffffffff, 0x2acff8002b00) = 0x2acff8001440
3109   0.001789 libjvm.so->fopen(0x2acff4298c10, 0x2acff5b1cccb, 111, 0x732e6176) = 0x2acff8001b10
3109   0.002450 libjvm.so->dlopen(0x2acff4298c10, 1, 0xffffffff, 0x2acff8001a00) = 0x2acff8001b10
3109   0.001568 libjvm.so->__xstat(1, 0x2acff4299360, 0x2acff4299ba0, 0x746f7073746f682e) = -1
3109   0.000452 libjvm.so->getenv(0x2acff5b15541, 0x2acff42996d0, 1024, 0x2acff5fcf61b) = 0
3109   0.000486 libjvm.so->getenv(0x2acff5b15533, 0x2acff42996d0, 1024, 0) = 0
3109   0.000437 libjvm.so->fopen(0x2acff5b65315, 0x2acff5b1cccb, 4095, 0xffffd5300a4eab03) = 0x2acff8003310
3109   0.001141 libjvm.so->fopen(0x2acff5b65361, 0x2acff5b1cccb, 0x2acff8000078, 0x2acff8003300) = 0x2acff8003310
3109   0.000957 libjvm.so->fopen(0x2acff42939b0, 0x2acff5b1cccb, 4014, 3995) = 0x2acff8003310
3109   0.001250 libjvm.so->opendir(0x2acff8002b40, 0x2acff8002b40, 13, 16) = 0
3109   0.000507 libjvm.so->__xstat(1, 0x2acff42988f0, 0x2acff4297860, 0x6f732e7477616d62) = -1
3109   0.000462 libjvm.so->__xstat(1, 0x2acff42988f0, 0x2acff4297860, 0x5f74776162696c2f) = 0
3109   0.000955 libjvm.so->fopen(0x2acff4297b90, 0x2acff5b1cccb, 4009, 3994) = 0x2acff80037f0
3109   0.000896 libjvm.so->fopen(0x2acff4297b90, 0x2acff5b1cccb, 4009, 3994) = 0x2acff80037f0
3109   0.004173 libjvm.so->fopen(0x2acff4297b90, 0x2acff5b1cccb, 4009, 4002) = 0x2acff80037f0
3109   0.000726 libjvm.so->fopen(0x2acff4297b20, 0x2acff5b1cccb, 4009, 3994) = 0x2acff80037f0
3109   0.000657 libjvm.so->fopen(0x2acff4297b20, 0x2acff5b1cccb, 4009, 3994) = 0x2acff80037f0
3109   0.001271 libjvm.so->fopen(0x2acff4297b20, 0x2acff5b1cccb, 4009, 4002) = 0x2acff80037f0
3109   0.000879 libjvm.so->fopen(0x2acff4297b50, 0x2acff5b1cccb, 4014, 3995) = 0x2acff80037f0
3109   0.000850 libjvm.so->getenv(0x2acff5b660ff, 4096, 3, -1) = 0
3109   0.001073 libjvm.so->fopen(0x2acff5b65998, 0x2acff5b1cccb, 0x2acff437d908, 0x2acff437cdf0) = 0x2acff80037f0
3109   0.006835 libjvm.so->open(0x2acff804a5e0, 0x20000, 0, 0x2acff804a629) = 3
3109   0.000457 libjvm.so->__fxstat(1, 3, 0x2acff4299a00, -1) = 0
3109   0.000519 libjvm.so->opendir(0x2acff804a5e0, 0x2acff4299a00, 0x4000, -1) = 0x2acff804b4f0
3109   0.000474 libjvm.so->__fxstat(1, 3, 0x2acff42998a0, 0x2acff804b4f0) = 0
3109   0.000441 libjvm.so->__fxstat(1, 5, 0x2acff4299930, -1) = 0
3109   0.001017 libjvm.so->open(0x2acff5b339dc, 0, 0, 0) = 3
3109   0.001248 libjvm.so->__lxstat(1, 0x2acff804a5e0, 0x2acff4299b50, -144) = 0
3109   0.000497 libjvm.so->open(0x2acff804a5e0, 0x20000, 0x4000, -1) = 3
3109   0.000426 libjvm.so->__fxstat(1, 3, 0x2acff4299a00, -1) = 0
3109   0.000573 libjvm.so->opendir(0x2acff804a5e0, 0x2acff4299a00, 0x4000, -1) = 0x2acff804b4f0
3109   0.000576 libjvm.so->__fxstat(1, 3, 0x2acff42998a0, 0x2acff804b4f0) = 0
3109   0.000560 libjvm.so->__fxstat(1, 5, 0x2acff4299930, -1) = 0
3109   0.000600 libjvm.so->open(0x2acff5b339dc, 0, 0, 0) = 3
3109   0.000530 libjvm.so->open(0x2acff804a629, 0x20042, 384, -1) = 7
3109   0.001325 libjvm.so->__fxstat(1, 7, 0x2acff4299b50, -1) = 0
3109   0.002394 libjvm.so->fopen(0x2acff4298b60, 0x2acff5b1cccb, 4, 0x6f732e70) = 0x2acff8057c40
3109   0.001751 libjvm.so->dlopen(0x2acff4298b60, 1, 0xffffffff, 0x2acff8057b00) = 0x2acff8057c40
3109   0.001972 libjvm.so->__xstat(1, 0x2acff4299120, 0x2acff4299950, 2048) = 0
3109   0.000519 libjvm.so->__xstat(1, 0x2acff4299120, 0x2acff4299950, 2048) = 0
3109   0.000458 libjvm.so->__xstat(1, 0x2acff4299120, 0x2acff4299950, 2048) = -1
3109   0.000504 libjvm.so->__xstat(1, 0x2acff4299120, 0x2acff4299950, 2048) = 0
3109   0.000440 libjvm.so->__xstat(1, 0x2acff4299120, 0x2acff4299950, 2048) = 0
3109   0.000517 libjvm.so->__xstat(1, 0x2acff4299120, 0x2acff4299950, 2048) = 0
3109   0.000468 libjvm.so->__xstat(1, 0x2acff4299120, 0x2acff4299950, 2048) = 0
3109   0.000457 libjvm.so->__xstat(1, 0x2acff4299120, 0x2acff4299950, 2048) = -1
3109   0.000437 libjvm.so->fopen(0x2acff8002520, 0x2acff5b1cccb, 0, 0) = 0x2acff8058ae0
3109   0.010614 libjvm.so->open64(0x2acff4298410, 0, 0, 16) = 3
3109   0.000476 libjvm.so->__fxstat64(1, 3, 0x2acff4298240, -1) = 0
3109   0.039215 libjvm.so->__xstat(1, 0x2acff4298f20, 0x2acff4299750, 2048) = -1
3109   0.000723 libjvm.so->fopen(0x2acff4297b20, 0x2acff5b1cccb, 4009, 3994) = 0x2acff80b5fa0
3109   0.000730 libjvm.so->fopen(0x2acff4297b20, 0x2acff5b1cccb, 4009, 3994) = 0x2acff80b5fa0
3109   0.000743 libjvm.so->fopen(0x2acff4297b20, 0x2acff5b1cccb, 4009, 4002) = 0x2acff80b5fa0
3109   0.004607 libjvm.so->pthread_attr_setdetachstate(0x2acff4299c00, 1, 0, 0) = 0
3109   0.001152 libpthread.so.0->__clone(0x2acff4386de0, 0x2ad00ccdcfc0, 0x3d0f00, 0x2ad00ccdd700) = 3112
3109   0.026049 libjvm.so->pthread_attr_setdetachstate(0x2acff4299290, 1, 0, 0) = 0
3109   0.000758 libpthread.so.0->__clone(0x2acff4386de0, 0x2ad00cdddfc0, 0x3d0f00, 0x2ad00cdde700) = 3116
3109   0.008763 libjvm.so->pthread_attr_setdetachstate(0x2acff4299610, 1, 0, 0) = 0
3109   0.001792 libpthread.so.0->__clone(0x2acff4386de0, 0x2ad00cedefc0, 0x3d0f00, 0x2ad00cedf700) = 3118
3109   0.052838 libjvm.so->fopen(0x2acff80e55e0, 0x2acff5b1cccb, 4, 0x6f732e70) = 0x2acff80f1d00
3109   0.002003 libjvm.so->dlopen(0x2acff80e55e0, 1, 0xffffffff, 0x2acff80ec300) = 0x2acff8057c40
3109   0.005184 libjvm.so->open64(0x2acff4298510, 0, 0, 16) = 5
3109   0.000955 libjvm.so->__fxstat64(1, 5, 0x2acff4298340, -1) = 0
3109   0.019973 libjvm.so->fopen(0x2acff4295130, 0x2acff5b1cccb, 4009, 3994) = 0x2acff80fcca0
3109   0.001282 libjvm.so->fopen(0x2acff4295130, 0x2acff5b1cccb, 4009, 3994) = 0x2acff80fcca0
3109   0.001120 libjvm.so->fopen(0x2acff4295130, 0x2acff5b1cccb, 4009, 4002) = 0x2acff80fcca0
3109   0.015997 libjvm.so->pthread_attr_setdetachstate(0x2acff4299b50, 1, 0, 0) = 0
3109   0.001099 libpthread.so.0->__clone(0x2acff4386de0, 0x2ad00cfdffc0, 0x3d0f00, 0x2ad00cfe0700) = 3119
3109   0.001738 libjvm.so->__xstat64(1, 0x2acff4299be0, 0x2acff4299b50, 18) = -1
3109   0.001263 libjvm.so->pthread_attr_setdetachstate(0x2acff4299950, 1, 0, 0) = 0
3109   0.001216 libpthread.so.0->__clone(0x2acff4386de0, 0x2ad00d0e0fc0, 0x3d0f00, 0x2ad00d0e1700) = 3120
3109   0.001844 libjvm.so->pthread_attr_setdetachstate(0x2acff4299950, 1, 0, 0) = 0
3109   0.001345 libpthread.so.0->__clone(0x2acff4386de0, 0x2ad00d1e1fc0, 0x3d0f00, 0x2ad00d1e2700) = 3121
3109   0.007783 libjvm.so->pthread_attr_setdetachstate(0x2acff4299aa0, 1, 0, 0) = 0
3109   0.001483 libpthread.so.0->__clone(0x2acff4386de0, 0x2ad00d2e2fc0, 0x3d0f00, 0x2ad00d2e3700) = 3122
3109   0.002131 libjvm.so->pthread_attr_setdetachstate(0x2acff4299bb0, 1, 0, 0) = 0
3109   0.002099 libpthread.so.0->__clone(0x2acff4386de0, 0x2ad00d3e3fc0, 0x3d0f00, 0x2ad00d3e4700) = 3123
3109   0.015562 libjvm.so->open64(0x2acff812ea50, 0, 0, 16) = 7
3109   0.001716 libjvm.so->__fxstat64(1, 7, 0x2acff4296f60, -1) = 0
3109   0.027274 libjvm.so->fopen(0x2acff8154740, 0x2acff5b1cccb, 4, 0x6f732e6f) = 0x2acff8154800
3109   0.004019 libjvm.so->dlopen(0x2acff8154740, 1, 0xffffffff, 0x2acff8154700) = 0x2acff8154800
3109   0.107607 libjvm.so->fopen(0x2acff4293e40, 0x2acff5b1cccb, 0x6f732e, 0x6d766a62696c2f72) = 0x2acff818f360
3109   0.006289 libjvm.so->dlopen(0x2acff4293e40, 1, 0xffffffff, 0x2acff818f200) = 0x55802dc1c4b0
3109   0.001681 libjvm.so->fopen(0x2acff4293e40, 0x2acff5b1cccb, 0x6f732e, 0x6d766a62696c2f72) = 0x2acff818f360
3109   0.005152 libjvm.so->dlopen(0x2acff4293e40, 1, 0xffffffff, 0x2acff818f200) = 0x55802dc1c4b0
3109   0.001692 libjvm.so->fopen(0x2acff4293e40, 0x2acff5b1cccb, 0x6f732e, 0x6d766a62696c2f72) = 0x2acff818f360
3109   0.003444 libjvm.so->dlopen(0x2acff4293e40, 1, 0xffffffff, 0x2acff818f200) = 0x55802dc1c4b0
3109   0.001636 libjvm.so->fopen(0x2acff4293e40, 0x2acff5b1cccb, 0x6f732e, 0x6d766a62696c2f72) = 0x2acff818f360
3109   0.003403 libjvm.so->dlopen(0x2acff4293e40, 1, 0xffffffff, 0x2acff818f200) = 0x55802dc1c4b0
3109   0.045487 libjvm.so->fopen(0x2acff81ab150, 0x2acff5b1cccb, 4, 0x6f732e74) = 0x2acff81a16a0
3109   0.003312 libjvm.so->dlopen(0x2acff81ab150, 1, 0xffffffff, 0x2acff81aab00) = 0x2acff81a16a0
3109   0.144601 libjvm.so->fopen(0x2acff82285f0, 0x2acff5b1cccb, 0x6f732e7373656c, 0x656c646165685f74) = 0x2acff82286d0
3109   0.003853 libjvm.so->dlopen(0x2acff82285f0, 1, 0xffffffff, 0x2acff8228600) = 0x2acff82286d0
3123   0.039922 +++ exited (status 0) +++
3119   0.000311 +++ exited (status 0) +++
3112   0.000281 +++ exited (status 0) +++
3109   0.000253 +++ exited (status 0) +++
3122   0.000313 +++ exited (status 1) +++
3121   0.000024 +++ exited (status 1) +++
3118   0.000028 +++ exited (status 1) +++
3116   0.000015 +++ exited (status 1) +++
3120   0.005554 +++ exited (status 1) +++
3108   0.000066 +++ exited (status 1) +++
Wrote an ltrace for command: "java -cp ./tools/maxent.jar density.Project outputs/Ancognatha_scarabaeoides_Erichson/Ancognatha_scarabaeoides_Erichson.lambdas data/layers/worldclim outputs/Ancognatha_scarabaeoides_Erichson_worldclim.asc nowarnings nocache autorun -z" with PID 3106 from PPID 3090 on disc22.crc.nd.edu with result 1
REMOTEHOST=10.17.150.11
_CONDOR_JOB_PIDS=
MANPATH=/afs/crc.nd.edu/user/n/nkremerh/cctools/share/man/:/afs/crc.nd.edu/group/ccl/software/x86_64/redhat7/ruby/current/share/man:/afs/crc.nd.edu/group/ccl/software/x86_64/redhat7/graphviz/current/share/man:/afs/crc.nd.edu/group/ccl/software/x86_64/redhat7/gnuplot/current/share/man:/afs/crc.nd.edu/group/ccl/software/x86_64/redhat7/git/current/share/man:/afs/crc.nd.edu/group/ccl/software/x86_64/redhat7/condor/current/share/man:/afs/crc.nd.edu/group/ccl/software/x86_64/redhat7/clang/current/share/man:/afs/crc.nd.edu/group/ccl/software/x86_64/redhat7/condor/current/share/man:/afs/crc.nd.edu/group/ccl/software/x86_64/redhat7/cctools/current/share/man:/afs/crc.nd.edu/group/ccl/software/x86_64/redhat7/cctools/current/share/man:/afs/crc.nd.edu/x86_64_linux/Modules/4.5.0/share/man:/opt/crc/usr/local/man:/opt/sge/man:/usr/share/man/overrides:/usr/share/man:/usr/local/share/man
XDG_SESSION_ID=4102
HOSTNAME=disc01.crc.nd.edu
_LMFILES__modshare=/afs/crc.nd.edu/x86_64_linux/Modules/modules/system_modules/CRC_default/1.1:1
MODULEPATH_modshare=/afs/crc.nd.edu/x86_64_linux/Modules/modules/general_software:1:/afs/crc.nd.edu/x86_64_linux/Modules/modules/development_tools_and_libraries:1:/afs/crc.nd.edu/x86_64_linux/Modules/modules/system_modules:1:/afs/crc.nd.edu/x86_64_linux/Modules/current/modulefiles:1:/afs/crc.nd.edu/x86_64_linux/Modules/modules/restricted_software:1:/afs/crc.nd.edu/x86_64_linux/Modules/modules/deprecated_software:1
MODULES_CMD=/afs/crc.nd.edu/x86_64_linux/Modules/4.5.0/libexec/modulecmd.tcl
HOST=disc01.crc.nd.edu
SHELL=/bin/tcsh
TERM=xterm-256color
MAKEFLAGS=
HISTSIZE=5000
TMPDIR=/var/condor/execute/dir_24125/worker-213124-24218/t.1340/cctools-temp-t.1340.CIjJvB
SSH_CLIENT=10.17.150.11 36546 22
PERL5LIB=/afs/crc.nd.edu/user/n/nkremerh/cctools/lib/perl5/site_perl/5.16.3:/afs/crc.nd.edu/user/n/nkremerh/.perl5/lib/perl5
SGE_CELL=crc
_CONDOR_SCRATCH_DIR=/var/condor/execute/dir_24125
_CONDOR_ANCESTOR_24125=24188:1600190003:1531594310
PERL_MB_OPT=--install_base '/afs/crc.nd.edu/user/n/nkremerh/.perl5/'
SSH_TTY=/dev/pts/2
SGE_LOAD_AVG=load_avg
MAKEFLOW_MAX_LOCAL_JOBS=2
HISTFILESIZE=10000
_CHIRP_DELAYED_UPDATE_PREFIX=Chirp*
USER=nkremerh
GROUP=campus
LD_LIBRARY_PATH=/afs/crc.nd.edu/group/ccl/software/x86_64/redhat7/ruby/current/lib:/afs/crc.nd.edu/group/ccl/software/x86_64/redhat7/graphviz/current/lib:/afs/crc.nd.edu/group/ccl/software/x86_64/redhat7/git/current/lib:/afs/crc.nd.edu/group/ccl/software/x86_64/redhat7/condor/current/lib:/afs/crc.nd.edu/group/ccl/software/x86_64/redhat7/clang/current/lib:/afs/crc.nd.edu/group/ccl/software/x86_64/redhat7/condor/current/lib:/afs/crc.nd.edu/group/ccl/software/x86_64/redhat7/cctools/current/lib:/opt/crc/usr/local/lib
TEMP=/var/condor/execute/dir_24125/worker-213124-24218/t.1340/cctools-temp-t.1340.CIjJvB
BATCH_SYSTEM=HTCondor
WORKER_TMPDIR=/var/condor/execute/dir_24125/worker-213124-24218/cache/tmp
ENV=/afs/crc.nd.edu/x86_64_linux/Modules/4.5.0/init/profile.sh
MODULES_LMALTNAME=CRC_default/1.1&CRC_default/default&CRC_default
_CONDOR_CHIRP_CONFIG=/var/condor/execute/dir_24125/.chirp.config
GLOBUS_GSSAPI_MAX_TLS_PROTOCOL=0
_CONDOR_HIGHPORT=9999
HOSTTYPE=x86_64-linux
MAKELEVEL=1
MFLAGS=
CCLSOFTWARE=/afs/crc.nd.edu/group/ccl/software/x86_64/redhat7
PATH=/afs/crc.nd.edu/user/n/nkremerh/cctools/bin:/afs/crc.nd.edu/user/n/nkremerh/miniconda/bin:/afs/crc.nd.edu/group/ccl/software/git:/afs/crc.nd.edu/user/n/nkremerh/.local/bin:/afs/crc.nd.edu/group/ccl/software/x86_64/redhat7/povray/3.7/bin:/afs/crc.nd.edu/user/n/nkremerh/.perl5/bin:/afs/crc.nd.edu/user/n/nkremerh/pegasus/bin:/afs/crc.nd.edu/user/n/nkremerh/nodejs/bin:/afs/crc.nd.edu/user/n/nkremerh/montage/bin:/afs/crc.nd.edu/user/n/nkremerh/latexdiff:/afs/crc.nd.edu/user/n/nkremerh/envtrace:/afs/crc.nd.edu/user/n/nkremerh/endlines:/afs/crc.nd.edu/user/n/nkremerh/cctools/bin:/afs/crc.nd.edu/user/n/nkremerh/.cargo/bin:/afs/crc.nd.edu/group/ccl/software/x86_64/redhat7/ruby/current/bin:/afs/crc.nd.edu/group/ccl/software/x86_64/redhat7/graphviz/current/bin:/afs/crc.nd.edu/group/ccl/software/x86_64/redhat7/gnuplot/current/bin:/afs/crc.nd.edu/group/ccl/software/x86_64/redhat7/git/current/bin:/afs/crc.nd.edu/group/ccl/software/x86_64/redhat7/condor/current/sbin:/afs/crc.nd.edu/group/ccl/software/x86_64/redhat7/condor/current/bin:/afs/crc.nd.edu/group/ccl/software/x86_64/redhat7/cmake/current/bin:/afs/crc.nd.edu/group/ccl/software/x86_64/redhat7/clang/current/bin:/afs/crc.nd.edu/group/ccl/software/x86_64/redhat7/condor/current/sbin:/afs/crc.nd.edu/group/ccl/software/x86_64/redhat7/condor/current/bin:/afs/crc.nd.edu/group/ccl/software/x86_64/redhat7/cctools/current/bin:/afs/crc.nd.edu/x86_64_linux/Modules/4.5.0/bin:/opt/crc/usr/local/bin:/opt/sge/bin/lx-amd64:/usr/local/bin:/usr/bin:/usr/local/sbin:/usr/sbin:/afs/crc.nd.edu/user/c/condor/software/bin:/afs/crc.nd.edu/user/c/condor/software/sbin
MAIL=/var/spool/mail/nkremerh
PWD=/var/condor/execute/dir_24125/worker-213124-24218/t.1340
_LMFILES_=/afs/crc.nd.edu/x86_64_linux/Modules/modules/system_modules/CRC_default/1.1
SGE_EXECD_PORT=6445
EDITOR=vim
LANG=en_US.UTF-8
MODULEPATH=/afs/crc.nd.edu/x86_64_linux/Modules/modules/development_tools_and_libraries:/afs/crc.nd.edu/x86_64_linux/Modules/modules/general_software:/afs/crc.nd.edu/x86_64_linux/Modules/modules/restricted_software:/afs/crc.nd.edu/x86_64_linux/Modules/modules/system_modules:/afs/crc.nd.edu/x86_64_linux/Modules/modules/deprecated_software:/afs/crc.nd.edu/x86_64_linux/Modules/current/modulefiles
SGE_QMASTER_PORT=6444
SGE_ROOT=/opt/sge
LOADEDMODULES=CRC_default/1.1
WORK_QUEUE_SANDBOX=/var/condor/execute/dir_24125/worker-213124-24218
_CONDOR_SLOT=slot2_2
CCLPLATFORM=x86_64/redhat7
USE_SYSTEMD=true
_CONDOR_LOWPORT=9100
KRB5CCNAME=FILE:/tmp/krb5cc_213124_DZSV7p
HISTCONTROL=ignoreboth:erasedups
PATH_modshare=/opt/crc/usr/local/bin:1:/opt/sge/bin/lx-amd64:1:/usr/sbin:1:/usr/bin:1:/afs/crc.nd.edu/user/c/condor/software/sbin:1:/usr/local/sbin:1:/afs/crc.nd.edu/user/c/condor/software/bin:1:/usr/local/bin:1
SHLVL=7
HOME=disc01.crc.nd.edu
GLOBUS_GSSAPI_NAME_COMPATIBILITY=STRICT_RFC2818
_CONDOR_MACHINE_AD=/var/condor/execute/dir_24125/.machine.ad
OSTYPE=linux
DISK=18256
GREP_OPTIONS=--color=auto
GLOBUS_GSSAPI_MIN_TLS_PROTOCOL=TLS1_VERSION
MEMORY=1948
MANPATH_modshare=/usr/share/man/overrides:1:/usr/local/share/man:1:/usr/share/man:1:/opt/crc/usr/local/man:1:/opt/sge/man:1
VENDOR=unknown
BASH_ENV=/afs/crc.nd.edu/x86_64_linux/Modules/4.5.0/init/bash
PERL_LOCAL_LIB_ROOT=/afs/crc.nd.edu/user/n/nkremerh/.perl5/
PYTHONPATH=/afs/crc.nd.edu/user/n/nkremerh/cctools/lib/python3.6/site-packages/
CCLHOME=/afs/crc.nd.edu/group/ccl
MACHTYPE=x86_64
LOGNAME=nkremerh
TMP=/var/condor/execute/dir_24125/worker-213124-24218/t.1340/cctools-temp-t.1340.CIjJvB
LD_LIBRARY_PATH_modshare=/opt/crc/usr/local/lib:1
MODULES_LMALTNAME_modshare=CRC_default/1.1&CRC_default/default&CRC_default:1
SSH_CONNECTION=10.17.150.11 36546 129.74.128.103 22
MODULESHOME=/afs/crc.nd.edu/x86_64_linux/Modules/4.5.0
OMP_NUM_THREADS=1
LESSOPEN=||/usr/bin/lesspipe.sh %s
GLOBUS_GSSAPI_BACKWARD_COMPATIBLE_MIC=true
GLOBUS_GSSAPI_CIPHERS=HIGH
LOADEDMODULES_modshare=CRC_default/1.1:1
_CONDOR_JOB_AD=/var/condor/execute/dir_24125/.job.ad
_CONDOR_ANCESTOR_3813=24125:1600190002:863842849
SGE_CLUSTER_NAME=CRC
XDG_RUNTIME_DIR=/run/user/213124
CCTOOLS=../cctools
CORES=2
_CONDOR_JOB_IWD=/var/condor/execute/dir_24125
PERL_MM_OPT=INSTALL_BASE=/afs/crc.nd.edu/user/n/nkremerh/.perl5/
_CONDOR_ANCESTOR_3607=3813:1598183989:3519041155
GLOBUS_GSSAPI_SERVER_CIPHER_ORDER=true
BASH_FUNC_module()=() {  unset _mlshdbg;
 if [ "${MODULES_SILENT_SHELL_DEBUG:-0}" = '1' ]; then
 case "$-" in 
 *v*x*)
 set +vx;
 _mlshdbg='vx'
 ;;
 *v*)
 set +v;
 _mlshdbg='v'
 ;;
 *x*)
 set +x;
 _mlshdbg='x'
 ;;
 *)
 _mlshdbg=''
 ;;
 esac;
 fi;
 unset _mlre _mlIFS;
 if [ -n "${IFS+x}" ]; then
 _mlIFS=$IFS;
 fi;
 IFS=' ';
 for _mlv in ${MODULES_RUN_QUARANTINE:-};
 do
 if [ "${_mlv}" = "${_mlv##*[!A-Za-z0-9_]}" -a "${_mlv}" = "${_mlv#[0-9]}" ]; then
 if [ -n "`eval 'echo ${'$_mlv'+x}'`" ]; then
 _mlre="${_mlre:-}${_mlv}_modquar='`eval 'echo ${'$_mlv'}'`' ";
 fi;
 _mlrv="MODULES_RUNENV_${_mlv}";
 _mlre="${_mlre:-}${_mlv}='`eval 'echo ${'$_mlrv':-}'`' ";
 fi;
 done;
 if [ -n "${_mlre:-}" ]; then
 eval `eval ${_mlre}/usr/bin/tclsh /afs/crc.nd.edu/x86_64_linux/Modules/4.5.0/libexec/modulecmd.tcl bash '"$@"'`;
 else
 eval `/usr/bin/tclsh /afs/crc.nd.edu/x86_64_linux/Modules/4.5.0/libexec/modulecmd.tcl bash "$@"`;
 fi;
 _mlstatus=$?;
 if [ -n "${_mlIFS+x}" ]; then
 IFS=$_mlIFS;
 else
 unset IFS;
 fi;
 unset _mlre _mlv _mlrv _mlIFS;
 if [ -n "${_mlshdbg:-}" ]; then
 set -$_mlshdbg;
 fi;
 unset _mlshdbg;
 return $_mlstatus
}
BASH_FUNC_ml()=() {  module ml "$@"
}
_=/usr/bin/printenv
