31666   0.000000 libjli.so->getenv("_JAVA_LAUNCHER_DEBUG") = nil
31666   0.001083 libjli.so->getenv("_JAVA_VERSION_SET") = nil
31666   0.000470 libjli.so->fopen("/usr/lib/jvm/java-1.8.0-openjdk-1.8.0.262.b10-0.el7_8.x86_64/jre/lib/amd64/jvm.cfg", "r") = 0x55c7d8cbb0f0
31666   0.000523 libjli.so->getenv("JDK_ALTERNATE_VM") = nil
31666   0.000216 libjli.so->__xstat(1, "/usr/lib/jvm/java-1.8.0-openjdk-1.8.0.262.b10-0.el7_8.x86_64/jre/lib/amd64/server/libjvm.so", 0x7ffe84f2a2c0) = 0
31666   0.000380 libjli.so->getenv("LD_LIBRARY_PATH") = "/afs/crc.nd.edu/group/ccl/software/x86_64/redhat7/ruby/current/lib:/afs/crc.nd.edu/group/ccl/software/x86_64/redhat7/graphviz/current/lib:/afs/crc.nd.edu/group/ccl/software/x86_64/redhat7/git/current/lib:/afs/crc.nd.edu/group/ccl/software/x86_64/redhat7/condor/current/lib:/afs/crc.nd.edu/group/ccl/software/x86_64/redhat7/clang/current/lib:/afs/crc.nd.edu/group/ccl/software/x86_64/redhat7/condor/current/lib:/afs/crc.nd.edu/group/ccl/software/x86_64/redhat7/cctools/current/lib:/opt/crc/usr/local/lib"
31666   0.001436 libjli.so->dlopen("/usr/lib/jvm/java-1.8.0-openjdk-1.8.0.262.b10-0.el7_8.x86_64/jre/lib/amd64/server/libjvm.so", 258 <unfinished ...>
31666   0.027367 libjvm.so->getenv("NMT_LEVEL_31666") = nil
31666   0.001119 <... dlopen resumed> )          = 0x55c7d8cbb4c0
31666   0.000050 libjli.so->getenv("CLASSPATH")  = nil
31666   0.000204 libjli.so->getenv("_JAVA_SPLASH_JAR") = nil
31666   0.000197 libjli.so->getenv("_JAVA_SPLASH_FILE") = nil
31666   0.000223 libjli.so->pthread_attr_setdetachstate(0x7ffe84f2a270, 0, 0x7ffe84f2a300, 0) = 0
31666   0.000298 libpthread.so.0->__clone(0x2aadce58bde0, 0x2aadce49efc0, 0x3d0f00, 0x2aadce49f700) = 0x7bb7
31671   0.001393 libjvm.so->dlopen(0x2aadcfd6a9ae, 1, 0xfffffffffff42c48, 4096) = 0x2aadd4000990
31671   0.001761 libjvm.so->getenv(0x2aadcfd8583e, 0, 115, 0x65737361) = 0x7ffe84f306de
31671   0.000284 libjvm.so->fopen(0x2aadce49dc10, 0x2aadcfd21ccb, 0x6f732e79666972, 0x2aadcee63ab0) = 0x2aadd4001440
31671   0.000909 libjvm.so->dlopen(0x2aadce49dc10, 1, 0xffffffff, 0x2aadd4002b00) = 0x2aadd4001440
31671   0.000928 libjvm.so->fopen(0x2aadce49dc10, 0x2aadcfd21ccb, 111, 0x732e6176) = 0x2aadd4001b10
31671   0.001014 libjvm.so->dlopen(0x2aadce49dc10, 1, 0xffffffff, 0x2aadd4001a00) = 0x2aadd4001b10
31671   0.000990 libjvm.so->__xstat(1, 0x2aadce49e360, 0x2aadce49eba0, 0x746f7073746f682e) = -1
31671   0.000301 libjvm.so->getenv(0x2aadcfd1a541, 0x2aadce49e6d0, 1024, 0x2aadd01d461b) = 0
31671   0.000294 libjvm.so->getenv(0x2aadcfd1a533, 0x2aadce49e6d0, 1024, 0) = 0
31671   0.000288 libjvm.so->fopen(0x2aadcfd6a315, 0x2aadcfd21ccb, 4095, 0xffffd552302e5b03) = 0x2aadd40032b0
31671   0.000686 libjvm.so->fopen(0x2aadcfd6a361, 0x2aadcfd21ccb, 0x2aadd4000078, 0x2aadd40032a0) = 0x2aadd40032b0
31671   0.000460 libjvm.so->fopen(0x2aadce4989b0, 0x2aadcfd21ccb, 4014, 3995) = 0x2aadd40032b0
31671   0.000419 libjvm.so->opendir(0x2aadd4002b40, 0x2aadd4002b40, 13, 16) = 0
31671   0.000309 libjvm.so->__xstat(1, 0x2aadce49d8f0, 0x2aadce49c860, 0x6f732e7477616d62) = -1
31671   0.000271 libjvm.so->__xstat(1, 0x2aadce49d8f0, 0x2aadce49c860, 0x5f74776162696c2f) = 0
31671   0.000322 libjvm.so->fopen(0x2aadce49cb90, 0x2aadcfd21ccb, 4009, 3994) = 0x2aadd4003790
31671   0.000405 libjvm.so->fopen(0x2aadce49cb90, 0x2aadcfd21ccb, 4009, 3994) = 0x2aadd4003790
31671   0.000401 libjvm.so->fopen(0x2aadce49cb90, 0x2aadcfd21ccb, 4009, 4002) = 0x2aadd4003790
31671   0.000434 libjvm.so->fopen(0x2aadce49cb20, 0x2aadcfd21ccb, 4009, 3994) = 0x2aadd4003790
31671   0.000399 libjvm.so->fopen(0x2aadce49cb20, 0x2aadcfd21ccb, 4009, 3994) = 0x2aadd4003790
31671   0.000387 libjvm.so->fopen(0x2aadce49cb20, 0x2aadcfd21ccb, 4009, 4002) = 0x2aadd4003790
31671   0.000407 libjvm.so->fopen(0x2aadce49cb50, 0x2aadcfd21ccb, 4014, 3995) = 0x2aadd4003790
31671   0.000524 libjvm.so->getenv(0x2aadcfd6b0ff, 4096, 3, -1) = 0
31671   0.000602 libjvm.so->fopen(0x2aadcfd6a998, 0x2aadcfd21ccb, 0x2aadce582908, 0x2aadce581df0) = 0x2aadd4003790
31671   0.003064 libjvm.so->open(0x2aadd404a580, 0x20000, 0, 0x2aadd404a5c9) = 3
31671   0.000309 libjvm.so->__fxstat(1, 3, 0x2aadce49ea00, -1) = 0
31671   0.000302 libjvm.so->opendir(0x2aadd404a580, 0x2aadce49ea00, 0x4000, -1) = 0x2aadd404b490
31671   0.000335 libjvm.so->__fxstat(1, 3, 0x2aadce49e8a0, 0x2aadd404b490) = 0
31671   0.000287 libjvm.so->__fxstat(1, 5, 0x2aadce49e930, -1) = 0
31671   0.000324 libjvm.so->open(0x2aadcfd389dc, 0, 0, 0) = 3
31671   0.000444 libjvm.so->__lxstat(1, 0x2aadd404a580, 0x2aadce49eb50, -144) = 0
31671   0.000335 libjvm.so->open(0x2aadd404a580, 0x20000, 0x4000, -1) = 3
31671   0.000297 libjvm.so->__fxstat(1, 3, 0x2aadce49ea00, -1) = 0
31671   0.000289 libjvm.so->opendir(0x2aadd404a580, 0x2aadce49ea00, 0x4000, -1) = 0x2aadd404b490
31671   0.000274 libjvm.so->__fxstat(1, 3, 0x2aadce49e8a0, 0x2aadd404b490) = 0
31671   0.000319 libjvm.so->__fxstat(1, 5, 0x2aadce49e930, -1) = 0
31671   0.000293 libjvm.so->open(0x2aadcfd389dc, 0, 0, 0) = 3
31671   0.000295 libjvm.so->open(0x2aadd404a5c9, 0x20042, 384, -1) = 7
31671   0.000430 libjvm.so->__fxstat(1, 7, 0x2aadce49eb50, -1) = 0
31671   0.001106 libjvm.so->fopen(0x2aadce49db60, 0x2aadcfd21ccb, 4, 0x6f732e70) = 0x2aadd4057be0
31671   0.000953 libjvm.so->dlopen(0x2aadce49db60, 1, 0xffffffff, 0x2aadd4057b00) = 0x2aadd4057be0
31671   0.000979 libjvm.so->__xstat(1, 0x2aadce49e120, 0x2aadce49e950, 2048) = 0
31671   0.000316 libjvm.so->__xstat(1, 0x2aadce49e120, 0x2aadce49e950, 2048) = 0
31671   0.000279 libjvm.so->__xstat(1, 0x2aadce49e120, 0x2aadce49e950, 2048) = -1
31671   0.000325 libjvm.so->__xstat(1, 0x2aadce49e120, 0x2aadce49e950, 2048) = 0
31671   0.000298 libjvm.so->__xstat(1, 0x2aadce49e120, 0x2aadce49e950, 2048) = 0
31671   0.000279 libjvm.so->__xstat(1, 0x2aadce49e120, 0x2aadce49e950, 2048) = 0
31671   0.000283 libjvm.so->__xstat(1, 0x2aadce49e120, 0x2aadce49e950, 2048) = 0
31671   0.000298 libjvm.so->__xstat(1, 0x2aadce49e120, 0x2aadce49e950, 2048) = -1
31671   0.000280 libjvm.so->fopen(0x2aadd4002520, 0x2aadcfd21ccb, 0, 0) = 0x2aadd4058a80
31671   0.006505 libjvm.so->open64(0x2aadce49d410, 0, 0, 16) = 3
31671   0.000337 libjvm.so->__fxstat64(1, 3, 0x2aadce49d240, -1) = 0
31671   0.023557 libjvm.so->__xstat(1, 0x2aadce49df20, 0x2aadce49e750, 2048) = -1
31671   0.000394 libjvm.so->fopen(0x2aadce49cb20, 0x2aadcfd21ccb, 4009, 3994) = 0x2aadd40b5ec0
31671   0.000457 libjvm.so->fopen(0x2aadce49cb20, 0x2aadcfd21ccb, 4009, 3994) = 0x2aadd40b5ec0
31671   0.000417 libjvm.so->fopen(0x2aadce49cb20, 0x2aadcfd21ccb, 4009, 4002) = 0x2aadd40b5ec0
31671   0.002866 libjvm.so->pthread_attr_setdetachstate(0x2aadce49ec00, 1, 0, 0) = 0
31671   0.000347 libpthread.so.0->__clone(0x2aadce58bde0, 0x2aadd3e0ffc0, 0x3d0f00, 0x2aadd3e10700) = 0x7bb8
31671   0.010320 libjvm.so->pthread_attr_setdetachstate(0x2aadce49e290, 1, 0, 0) = 0
31671   0.000427 libpthread.so.0->__clone(0x2aadce58bde0, 0x2aadd3f10fc0, 0x3d0f00, 0x2aadd3f11700) = 0x7bb9
31671   0.004589 libjvm.so->pthread_attr_setdetachstate(0x2aadce49e610, 1, 0, 0) = 0
31671   0.000553 libpthread.so.0->__clone(0x2aadce58bde0, 0x2aade70fffc0, 0x3d0f00, 0x2aade7100700) = 0x7bba
31671   0.026526 libjvm.so->fopen(0x2aadd40ec390, 0x2aadcfd21ccb, 4, 0x6f732e70) = 0x2aadd40f1cd0
31671   0.001301 libjvm.so->dlopen(0x2aadd40ec390, 1, 0xffffffff, 0x2aadd40ec200) = 0x2aadd4057be0
31671   0.003275 libjvm.so->open64(0x2aadce49d510, 0, 0, 16) = 5
31671   0.000587 libjvm.so->__fxstat64(1, 5, 0x2aadce49d340, -1) = 0
31671   0.012243 libjvm.so->fopen(0x2aadce49a130, 0x2aadcfd21ccb, 4009, 3994) = 0x2aadd40fcc60
31671   0.000738 libjvm.so->fopen(0x2aadce49a130, 0x2aadcfd21ccb, 4009, 3994) = 0x2aadd40fcc60
31671   0.000699 libjvm.so->fopen(0x2aadce49a130, 0x2aadcfd21ccb, 4009, 4002) = 0x2aadd40fcc60
31671   0.009727 libjvm.so->pthread_attr_setdetachstate(0x2aadce49eb50, 1, 0, 0) = 0
31671   0.000674 libpthread.so.0->__clone(0x2aadce58bde0, 0x2aade7200fc0, 0x3d0f00, 0x2aade7201700) = 0x7bbb
31671   0.000955 libjvm.so->__xstat64(1, 0x2aadce49ebe0, 0x2aadce49eb50, 19) = -1
31671   0.000730 libjvm.so->pthread_attr_setdetachstate(0x2aadce49e950, 1, 0, 0) = 0
31671   0.000730 libpthread.so.0->__clone(0x2aadce58bde0, 0x2aade7301fc0, 0x3d0f00, 0x2aade7302700) = 0x7bbc
31671   0.001139 libjvm.so->pthread_attr_setdetachstate(0x2aadce49e950, 1, 0, 0) = 0
31671   0.000840 libpthread.so.0->__clone(0x2aadce58bde0, 0x2aade7402fc0, 0x3d0f00, 0x2aade7403700) = 0x7bbd
31671   0.004888 libjvm.so->pthread_attr_setdetachstate(0x2aadce49eaa0, 1, 0, 0) = 0
31671   0.000920 libpthread.so.0->__clone(0x2aadce58bde0, 0x2aade7503fc0, 0x3d0f00, 0x2aade7504700) = 0x7bbe
31671   0.001415 libjvm.so->pthread_attr_setdetachstate(0x2aadce49ebb0, 1, 0, 0) = 0
31671   0.001095 libpthread.so.0->__clone(0x2aadce58bde0, 0x2aade7604fc0, 0x3d0f00, 0x2aade7605700) = 0x7bbf
31671   0.009915 libjvm.so->open64(0x2aadd41368a0, 0, 0, 32) = 7
31671   0.001125 libjvm.so->__fxstat64(1, 7, 0x2aadce49bf60, -1) = 0
31671   0.017594 libjvm.so->fopen(0x2aadd415c620, 0x2aadcfd21ccb, 4, 0x6f732e6f) = 0x2aadd415c6e0
31671   0.002049 libjvm.so->dlopen(0x2aadd415c620, 1, 0xffffffff, 0x2aadd415c600) = 0x2aadd415c6e0
31671   0.082633 libjvm.so->fopen(0x2aadd419a480, 0x2aadcfd21ccb, 4, 0x6f732e74) = 0x2aadd419d730
31671   0.002069 libjvm.so->dlopen(0x2aadd419a480, 1, 0xffffffff, 0x2aadd419d600) = 0x2aadd41a7ae0
31671   0.085659 libjvm.so->fopen(0x2aadd4228b10, 0x2aadcfd21ccb, 0x6f732e7373656c, 0x656c646165685f74) = 0x2aadd4228bf0
31671   0.002048 libjvm.so->dlopen(0x2aadd4228b10, 1, 0xffffffff, 0x2aadd4228b00) = 0x2aadd4228bf0
31671   0.014053 libjvm.so->fopen(0x2aadce497990, 0x2aadcfd21ccb, 0x6f732e, 0x6d766a62696c2f72) = 0x2aadd4232a80
31671   0.004428 libjvm.so->dlopen(0x2aadce497990, 1, 0xffffffff, 0x2aadd4232000) = 0x55c7d8cbb4c0
31671   0.001178 libjvm.so->fopen(0x2aadce497990, 0x2aadcfd21ccb, 0x6f732e, 0x6d766a62696c2f72) = 0x2aadd4232a20
31671   0.003366 libjvm.so->dlopen(0x2aadce497990, 1, 0xffffffff, 0x2aadd4232000) = 0x55c7d8cbb4c0
31671   0.001105 libjvm.so->fopen(0x2aadce497990, 0x2aadcfd21ccb, 0x6f732e, 0x6d766a62696c2f72) = 0x2aadd4232a20
31671   0.002270 libjvm.so->dlopen(0x2aadce497990, 1, 0xffffffff, 0x2aadd4232000) = 0x55c7d8cbb4c0
31671   0.001091 libjvm.so->fopen(0x2aadce497990, 0x2aadcfd21ccb, 0x6f732e, 0x6d766a62696c2f72) = 0x2aadd4232a20
31671   0.003011 libjvm.so->dlopen(0x2aadce497990, 1, 0xffffffff, 0x2aadd4232000) = 0x55c7d8cbb4c0
31671   3.780315 --- SIGSEGV (Segmentation fault) ---
31679   4.818417 +++ exited (status 0) +++
31675   0.000225 +++ exited (status 0) +++
31672   0.000172 +++ exited (status 0) +++
31671   0.000180 +++ exited (status 0) +++
31678   0.000289 +++ exited (status 0) +++
31673   0.000018 +++ exited (status 0) +++
31677   0.000011 +++ exited (status 0) +++
31674   0.000026 +++ exited (status 0) +++
31676   0.013333 +++ exited (status 0) +++
31666   0.000093 +++ exited (status 0) +++
Wrote an ltrace for command: "java -cp ./tools/maxent.jar density.MaxEnt -s outputs/Epimetopus_thermarum_Schwarz.csv -e data/layers/worldclim -o outputs/Epimetopus_thermarum_Schwarz nowarnings nocache autorun -z" with PID 31664 from PPID 31645 on disc23.crc.nd.edu with result 0
REMOTEHOST=10.17.148.247
_CONDOR_ANCESTOR_23327=23395:1599499133:663036008
MANPATH=/afs/crc.nd.edu/user/n/nkremerh/cctools/share/man/:/afs/crc.nd.edu/group/ccl/software/x86_64/redhat7/ruby/current/share/man:/afs/crc.nd.edu/group/ccl/software/x86_64/redhat7/graphviz/current/share/man:/afs/crc.nd.edu/group/ccl/software/x86_64/redhat7/gnuplot/current/share/man:/afs/crc.nd.edu/group/ccl/software/x86_64/redhat7/git/current/share/man:/afs/crc.nd.edu/group/ccl/software/x86_64/redhat7/condor/current/share/man:/afs/crc.nd.edu/group/ccl/software/x86_64/redhat7/clang/current/share/man:/afs/crc.nd.edu/group/ccl/software/x86_64/redhat7/condor/current/share/man:/afs/crc.nd.edu/group/ccl/software/x86_64/redhat7/cctools/current/share/man:/afs/crc.nd.edu/group/ccl/software/x86_64/redhat7/cctools/current/share/man:/afs/crc.nd.edu/x86_64_linux/Modules/4.5.0/share/man:/opt/crc/usr/local/man:/opt/sge/man:/usr/share/man/overrides:/usr/share/man:/usr/local/share/man
_CONDOR_JOB_PIDS=
XDG_SESSION_ID=2686
HOSTNAME=disc01.crc.nd.edu
_LMFILES__modshare=/afs/crc.nd.edu/x86_64_linux/Modules/modules/system_modules/CRC_default/1.1:1
MODULEPATH_modshare=/afs/crc.nd.edu/x86_64_linux/Modules/modules/general_software:1:/afs/crc.nd.edu/x86_64_linux/Modules/modules/development_tools_and_libraries:1:/afs/crc.nd.edu/x86_64_linux/Modules/modules/system_modules:1:/afs/crc.nd.edu/x86_64_linux/Modules/current/modulefiles:1:/afs/crc.nd.edu/x86_64_linux/Modules/modules/restricted_software:1:/afs/crc.nd.edu/x86_64_linux/Modules/modules/deprecated_software:1
TERM=xterm-256color
SHELL=/bin/tcsh
HOST=disc01.crc.nd.edu
MODULES_CMD=/afs/crc.nd.edu/x86_64_linux/Modules/4.5.0/libexec/modulecmd.tcl
HISTSIZE=5000
MAKEFLAGS=
SSH_CLIENT=10.17.148.247 49750 22
TMPDIR=/var/condor/execute/dir_23327/worker-213124-23421/t.863/cctools-temp-t.863.xCZ1GI
PERL5LIB=/afs/crc.nd.edu/user/n/nkremerh/cctools/lib/perl5/site_perl/5.16.3:/afs/crc.nd.edu/user/n/nkremerh/.perl5/lib/perl5
SGE_CELL=crc
_CONDOR_SCRATCH_DIR=/var/condor/execute/dir_23327
PERL_MB_OPT=--install_base '/afs/crc.nd.edu/user/n/nkremerh/.perl5/'
SSH_TTY=/dev/pts/0
SGE_LOAD_AVG=load_avg
MAKEFLOW_MAX_LOCAL_JOBS=2
GROUP=campus
USER=nkremerh
_CHIRP_DELAYED_UPDATE_PREFIX=Chirp*
HISTFILESIZE=10000
TEMP=/var/condor/execute/dir_23327/worker-213124-23421/t.863/cctools-temp-t.863.xCZ1GI
LD_LIBRARY_PATH=/afs/crc.nd.edu/group/ccl/software/x86_64/redhat7/ruby/current/lib:/afs/crc.nd.edu/group/ccl/software/x86_64/redhat7/graphviz/current/lib:/afs/crc.nd.edu/group/ccl/software/x86_64/redhat7/git/current/lib:/afs/crc.nd.edu/group/ccl/software/x86_64/redhat7/condor/current/lib:/afs/crc.nd.edu/group/ccl/software/x86_64/redhat7/clang/current/lib:/afs/crc.nd.edu/group/ccl/software/x86_64/redhat7/condor/current/lib:/afs/crc.nd.edu/group/ccl/software/x86_64/redhat7/cctools/current/lib:/opt/crc/usr/local/lib
BATCH_SYSTEM=HTCondor
MODULES_LMALTNAME=CRC_default/1.1&CRC_default/default&CRC_default
ENV=/afs/crc.nd.edu/x86_64_linux/Modules/4.5.0/init/profile.sh
WORKER_TMPDIR=/var/condor/execute/dir_23327/worker-213124-23421/cache/tmp
HOSTTYPE=x86_64-linux
_CONDOR_HIGHPORT=9999
GLOBUS_GSSAPI_MAX_TLS_PROTOCOL=0
_CONDOR_CHIRP_CONFIG=/var/condor/execute/dir_23327/.chirp.config
_CONDOR_ANCESTOR_3574=23327:1599499132:4040868324
MAKELEVEL=1
MFLAGS=
MAIL=/var/spool/mail/nkremerh
PATH=/afs/crc.nd.edu/user/n/nkremerh/cctools/bin:/afs/crc.nd.edu/user/n/nkremerh/miniconda/bin:/afs/crc.nd.edu/group/ccl/software/git:/afs/crc.nd.edu/user/n/nkremerh/.local/bin:/afs/crc.nd.edu/group/ccl/software/x86_64/redhat7/povray/3.7/bin:/afs/crc.nd.edu/user/n/nkremerh/.perl5/bin:/afs/crc.nd.edu/user/n/nkremerh/pegasus/bin:/afs/crc.nd.edu/user/n/nkremerh/nodejs/bin:/afs/crc.nd.edu/user/n/nkremerh/montage/bin:/afs/crc.nd.edu/user/n/nkremerh/latexdiff:/afs/crc.nd.edu/user/n/nkremerh/envtrace:/afs/crc.nd.edu/user/n/nkremerh/endlines:/afs/crc.nd.edu/user/n/nkremerh/cctools/bin:/afs/crc.nd.edu/user/n/nkremerh/.cargo/bin:/afs/crc.nd.edu/group/ccl/software/x86_64/redhat7/ruby/current/bin:/afs/crc.nd.edu/group/ccl/software/x86_64/redhat7/graphviz/current/bin:/afs/crc.nd.edu/group/ccl/software/x86_64/redhat7/gnuplot/current/bin:/afs/crc.nd.edu/group/ccl/software/x86_64/redhat7/git/current/bin:/afs/crc.nd.edu/group/ccl/software/x86_64/redhat7/condor/current/sbin:/afs/crc.nd.edu/group/ccl/software/x86_64/redhat7/condor/current/bin:/afs/crc.nd.edu/group/ccl/software/x86_64/redhat7/cmake/current/bin:/afs/crc.nd.edu/group/ccl/software/x86_64/redhat7/clang/current/bin:/afs/crc.nd.edu/group/ccl/software/x86_64/redhat7/condor/current/sbin:/afs/crc.nd.edu/group/ccl/software/x86_64/redhat7/condor/current/bin:/afs/crc.nd.edu/group/ccl/software/x86_64/redhat7/cctools/current/bin:/afs/crc.nd.edu/x86_64_linux/Modules/4.5.0/bin:/opt/crc/usr/local/bin:/opt/sge/bin/lx-amd64:/usr/local/bin:/usr/bin:/usr/local/sbin:/usr/sbin:/afs/crc.nd.edu/user/c/condor/software/bin:/afs/crc.nd.edu/user/c/condor/software/sbin
CCLSOFTWARE=/afs/crc.nd.edu/group/ccl/software/x86_64/redhat7
_CONDOR_ANCESTOR_3382=3574:1598183948:1170902758
PWD=/var/condor/execute/dir_23327/worker-213124-23421/t.863
_LMFILES_=/afs/crc.nd.edu/x86_64_linux/Modules/modules/system_modules/CRC_default/1.1
EDITOR=vim
SGE_EXECD_PORT=6445
LANG=en_US.UTF-8
SGE_QMASTER_PORT=6444
MODULEPATH=/afs/crc.nd.edu/x86_64_linux/Modules/modules/development_tools_and_libraries:/afs/crc.nd.edu/x86_64_linux/Modules/modules/general_software:/afs/crc.nd.edu/x86_64_linux/Modules/modules/restricted_software:/afs/crc.nd.edu/x86_64_linux/Modules/modules/system_modules:/afs/crc.nd.edu/x86_64_linux/Modules/modules/deprecated_software:/afs/crc.nd.edu/x86_64_linux/Modules/current/modulefiles
LOADEDMODULES=CRC_default/1.1
SGE_ROOT=/opt/sge
CCLPLATFORM=x86_64/redhat7
_CONDOR_SLOT=slot2_2
WORK_QUEUE_SANDBOX=/var/condor/execute/dir_23327/worker-213124-23421
USE_SYSTEMD=true
_CONDOR_LOWPORT=9100
HISTCONTROL=ignoreboth:erasedups
KRB5CCNAME=FILE:/tmp/krb5cc_213124_dlYXoi
GLOBUS_GSSAPI_NAME_COMPATIBILITY=STRICT_RFC2818
HOME=disc01.crc.nd.edu
SHLVL=6
PATH_modshare=/opt/crc/usr/local/bin:1:/opt/sge/bin/lx-amd64:1:/usr/sbin:1:/usr/bin:1:/afs/crc.nd.edu/user/c/condor/software/sbin:1:/usr/local/sbin:1:/afs/crc.nd.edu/user/c/condor/software/bin:1:/usr/local/bin:1
OSTYPE=linux
_CONDOR_MACHINE_AD=/var/condor/execute/dir_23327/.machine.ad
GREP_OPTIONS=--color=auto
DISK=18248
GLOBUS_GSSAPI_MIN_TLS_PROTOCOL=TLS1_VERSION
MANPATH_modshare=/usr/share/man/overrides:1:/usr/local/share/man:1:/usr/share/man:1:/opt/crc/usr/local/man:1:/opt/sge/man:1
MEMORY=1948
PERL_LOCAL_LIB_ROOT=/afs/crc.nd.edu/user/n/nkremerh/.perl5/
BASH_ENV=/afs/crc.nd.edu/x86_64_linux/Modules/4.5.0/init/bash
VENDOR=unknown
TMP=/var/condor/execute/dir_23327/worker-213124-23421/t.863/cctools-temp-t.863.xCZ1GI
LOGNAME=nkremerh
MACHTYPE=x86_64
CCLHOME=/afs/crc.nd.edu/group/ccl
PYTHONPATH=/afs/crc.nd.edu/user/n/nkremerh/cctools/lib/python3.6/site-packages/
LD_LIBRARY_PATH_modshare=/opt/crc/usr/local/lib:1
SSH_CONNECTION=10.17.148.247 49750 129.74.128.103 22
MODULES_LMALTNAME_modshare=CRC_default/1.1&CRC_default/default&CRC_default:1
MODULESHOME=/afs/crc.nd.edu/x86_64_linux/Modules/4.5.0
GLOBUS_GSSAPI_CIPHERS=HIGH
GLOBUS_GSSAPI_BACKWARD_COMPATIBLE_MIC=true
LESSOPEN=||/usr/bin/lesspipe.sh %s
OMP_NUM_THREADS=1
_CONDOR_JOB_AD=/var/condor/execute/dir_23327/.job.ad
LOADEDMODULES_modshare=CRC_default/1.1:1
XDG_RUNTIME_DIR=/run/user/213124
SGE_CLUSTER_NAME=CRC
CCTOOLS=../cctools
CORES=2
_CONDOR_JOB_IWD=/var/condor/execute/dir_23327
PERL_MM_OPT=INSTALL_BASE=/afs/crc.nd.edu/user/n/nkremerh/.perl5/
GLOBUS_GSSAPI_SERVER_CIPHER_ORDER=true
BASH_FUNC_module()=() {  unset _mlshdbg;
 if [ "${MODULES_SILENT_SHELL_DEBUG:-0}" = '1' ]; then
 case "$-" in 
 *v*x*)
 set +vx;
 _mlshdbg='vx'
 ;;
 *v*)
 set +v;
 _mlshdbg='v'
 ;;
 *x*)
 set +x;
 _mlshdbg='x'
 ;;
 *)
 _mlshdbg=''
 ;;
 esac;
 fi;
 unset _mlre _mlIFS;
 if [ -n "${IFS+x}" ]; then
 _mlIFS=$IFS;
 fi;
 IFS=' ';
 for _mlv in ${MODULES_RUN_QUARANTINE:-};
 do
 if [ "${_mlv}" = "${_mlv##*[!A-Za-z0-9_]}" -a "${_mlv}" = "${_mlv#[0-9]}" ]; then
 if [ -n "`eval 'echo ${'$_mlv'+x}'`" ]; then
 _mlre="${_mlre:-}${_mlv}_modquar='`eval 'echo ${'$_mlv'}'`' ";
 fi;
 _mlrv="MODULES_RUNENV_${_mlv}";
 _mlre="${_mlre:-}${_mlv}='`eval 'echo ${'$_mlrv':-}'`' ";
 fi;
 done;
 if [ -n "${_mlre:-}" ]; then
 eval `eval ${_mlre}/usr/bin/tclsh /afs/crc.nd.edu/x86_64_linux/Modules/4.5.0/libexec/modulecmd.tcl bash '"$@"'`;
 else
 eval `/usr/bin/tclsh /afs/crc.nd.edu/x86_64_linux/Modules/4.5.0/libexec/modulecmd.tcl bash "$@"`;
 fi;
 _mlstatus=$?;
 if [ -n "${_mlIFS+x}" ]; then
 IFS=$_mlIFS;
 else
 unset IFS;
 fi;
 unset _mlre _mlv _mlrv _mlIFS;
 if [ -n "${_mlshdbg:-}" ]; then
 set -$_mlshdbg;
 fi;
 unset _mlshdbg;
 return $_mlstatus
}
BASH_FUNC_ml()=() {  module ml "$@"
}
_=/usr/bin/printenv
