6390   0.000000 libjli.so->getenv("_JAVA_LAUNCHER_DEBUG") = nil
6390   0.001842 libjli.so->getenv("_JAVA_VERSION_SET") = nil
6390   0.000835 libjli.so->fopen("/usr/lib/jvm/java-1.8.0-openjdk-1.8.0.262.b10-0.el7_8.x86_64/jre/lib/amd64/jvm.cfg", "r") = 0x555abe3c10e0
6390   0.000828 libjli.so->getenv("JDK_ALTERNATE_VM") = nil
6390   0.000316 libjli.so->__xstat(1, "/usr/lib/jvm/java-1.8.0-openjdk-1.8.0.262.b10-0.el7_8.x86_64/jre/lib/amd64/server/libjvm.so", 0x7ffc7ae62670) = 0
6390   0.000634 libjli.so->getenv("LD_LIBRARY_PATH") = "/afs/crc.nd.edu/group/ccl/software/x86_64/redhat7/ruby/current/lib:/afs/crc.nd.edu/group/ccl/software/x86_64/redhat7/graphviz/current/lib:/afs/crc.nd.edu/group/ccl/software/x86_64/redhat7/git/current/lib:/afs/crc.nd.edu/group/ccl/software/x86_64/redhat7/condor/current/lib:/afs/crc.nd.edu/group/ccl/software/x86_64/redhat7/clang/current/lib:/afs/crc.nd.edu/group/ccl/software/x86_64/redhat7/condor/current/lib:/afs/crc.nd.edu/group/ccl/software/x86_64/redhat7/cctools/current/lib:/opt/crc/usr/local/lib"
6390   0.002226 libjli.so->dlopen("/usr/lib/jvm/java-1.8.0-openjdk-1.8.0.262.b10-0.el7_8.x86_64/jre/lib/amd64/server/libjvm.so", 258 <unfinished ...>
6390   0.038347 libjvm.so->getenv("NMT_LEVEL_6390") = nil
6390   0.001657 <... dlopen resumed> )           = 0x555abe3c14b0
6390   0.000064 libjli.so->getenv("CLASSPATH")   = nil
6390   0.000314 libjli.so->getenv("_JAVA_SPLASH_JAR") = nil
6390   0.000304 libjli.so->getenv("_JAVA_SPLASH_FILE") = nil
6390   0.000323 libjli.so->pthread_attr_setdetachstate(0x7ffc7ae62620, 0, 0x7ffc7ae626b0, 0) = 0
6390   0.000433 libpthread.so.0->__clone(0x2ab7b4637de0, 0x2ab7b454afc0, 0x3d0f00, 0x2ab7b454b700) = 6391
6391   0.001874 libjvm.so->dlopen(0x2ab7b5e169ae, 1, 0xfffffffffff42c48, 4096) = 0x2ab7b8000990
6391   0.002410 libjvm.so->getenv(0x2ab7b5e3183e, 0, 115, 0x65737361) = 0x7ffc7ae696b3
6391   0.000473 libjvm.so->fopen(0x2ab7b4549c10, 0x2ab7b5dcdccb, 0x6f732e79666972, 0x2ab7b4f0fab0) = 0x2ab7b8001440
6391   0.001465 libjvm.so->dlopen(0x2ab7b4549c10, 1, 0xffffffff, 0x2ab7b8002b00) = 0x2ab7b8001440
6391   0.001466 libjvm.so->fopen(0x2ab7b4549c10, 0x2ab7b5dcdccb, 111, 0x732e6176) = 0x2ab7b8001b10
6391   0.001673 libjvm.so->dlopen(0x2ab7b4549c10, 1, 0xffffffff, 0x2ab7b8001a00) = 0x2ab7b8001b10
6391   0.001570 libjvm.so->__xstat(1, 0x2ab7b454a360, 0x2ab7b454aba0, 0x746f7073746f682e) = -1
6391   0.000460 libjvm.so->getenv(0x2ab7b5dc6541, 0x2ab7b454a6d0, 1024, 0x2ab7b628061b) = 0
6391   0.000446 libjvm.so->getenv(0x2ab7b5dc6533, 0x2ab7b454a6d0, 1024, 0) = 0
6391   0.000509 libjvm.so->fopen(0x2ab7b5e16315, 0x2ab7b5dcdccb, 4095, 0xffffd5484a239b03) = 0x2ab7b80032f0
6391   0.001022 libjvm.so->fopen(0x2ab7b5e16361, 0x2ab7b5dcdccb, 0x2ab7b8000078, 0x2ab7b80032e0) = 0x2ab7b80032f0
6391   0.000682 libjvm.so->fopen(0x2ab7b45449b0, 0x2ab7b5dcdccb, 4014, 3995) = 0x2ab7b80032f0
6391   0.000634 libjvm.so->opendir(0x2ab7b8002b40, 0x2ab7b8002b40, 13, 16) = 0
6391   0.000486 libjvm.so->__xstat(1, 0x2ab7b45498f0, 0x2ab7b4548860, 0x6f732e7477616d62) = -1
6391   0.000448 libjvm.so->__xstat(1, 0x2ab7b45498f0, 0x2ab7b4548860, 0x5f74776162696c2f) = 0
6391   0.000487 libjvm.so->fopen(0x2ab7b4548b90, 0x2ab7b5dcdccb, 4009, 3994) = 0x2ab7b80037d0
6391   0.000623 libjvm.so->fopen(0x2ab7b4548b90, 0x2ab7b5dcdccb, 4009, 3994) = 0x2ab7b80037d0
6391   0.000626 libjvm.so->fopen(0x2ab7b4548b90, 0x2ab7b5dcdccb, 4009, 4002) = 0x2ab7b80037d0
6391   0.000650 libjvm.so->fopen(0x2ab7b4548b20, 0x2ab7b5dcdccb, 4009, 3994) = 0x2ab7b80037d0
6391   0.000609 libjvm.so->fopen(0x2ab7b4548b20, 0x2ab7b5dcdccb, 4009, 3994) = 0x2ab7b80037d0
6391   0.000585 libjvm.so->fopen(0x2ab7b4548b20, 0x2ab7b5dcdccb, 4009, 4002) = 0x2ab7b80037d0
6391   0.000624 libjvm.so->fopen(0x2ab7b4548b50, 0x2ab7b5dcdccb, 4014, 3995) = 0x2ab7b80037d0
6391   0.000822 libjvm.so->getenv(0x2ab7b5e170ff, 4096, 3, -1) = 0
6391   0.000910 libjvm.so->fopen(0x2ab7b5e16998, 0x2ab7b5dcdccb, 0x2ab7b462e908, 0x2ab7b462ddf0) = 0x2ab7b80037d0
6391   0.004693 libjvm.so->open(0x2ab7b804a5c0, 0x20000, 0, 0x2ab7b804a609) = 3
6391   0.000464 libjvm.so->__fxstat(1, 3, 0x2ab7b454aa00, -1) = 0
6391   0.000597 libjvm.so->opendir(0x2ab7b804a5c0, 0x2ab7b454aa00, 0x4000, -1) = 0x2ab7b804b4d0
6391   0.000493 libjvm.so->__fxstat(1, 3, 0x2ab7b454a8a0, 0x2ab7b804b4d0) = 0
6391   0.000464 libjvm.so->__fxstat(1, 5, 0x2ab7b454a930, -1) = 0
6391   0.000473 libjvm.so->open(0x2ab7b5de49dc, 0, 0, 0) = 3
6391   0.000677 libjvm.so->__lxstat(1, 0x2ab7b804a5c0, 0x2ab7b454ab50, -144) = 0
6391   0.000440 libjvm.so->open(0x2ab7b804a5c0, 0x20000, 0x4000, -1) = 3
6391   0.000429 libjvm.so->__fxstat(1, 3, 0x2ab7b454aa00, -1) = 0
6391   0.000436 libjvm.so->opendir(0x2ab7b804a5c0, 0x2ab7b454aa00, 0x4000, -1) = 0x2ab7b804b4d0
6391   0.000432 libjvm.so->__fxstat(1, 3, 0x2ab7b454a8a0, 0x2ab7b804b4d0) = 0
6391   0.000412 libjvm.so->__fxstat(1, 5, 0x2ab7b454a930, -1) = 0
6391   0.000450 libjvm.so->open(0x2ab7b5de49dc, 0, 0, 0) = 3
6391   0.000441 libjvm.so->open(0x2ab7b804a609, 0x20042, 384, -1) = 7
6391   0.000596 libjvm.so->__fxstat(1, 7, 0x2ab7b454ab50, -1) = 0
6391   0.001659 libjvm.so->fopen(0x2ab7b4549b60, 0x2ab7b5dcdccb, 4, 0x6f732e70) = 0x2ab7b8057c20
6391   0.001491 libjvm.so->dlopen(0x2ab7b4549b60, 1, 0xffffffff, 0x2ab7b8057b00) = 0x2ab7b8057c20
6391   0.001484 libjvm.so->__xstat(1, 0x2ab7b454a120, 0x2ab7b454a950, 2048) = 0
6391   0.000609 libjvm.so->__xstat(1, 0x2ab7b454a120, 0x2ab7b454a950, 2048) = 0
6391   0.000460 libjvm.so->__xstat(1, 0x2ab7b454a120, 0x2ab7b454a950, 2048) = -1
6391   0.000579 libjvm.so->__xstat(1, 0x2ab7b454a120, 0x2ab7b454a950, 2048) = 0
6391   0.000462 libjvm.so->__xstat(1, 0x2ab7b454a120, 0x2ab7b454a950, 2048) = 0
6391   0.000554 libjvm.so->__xstat(1, 0x2ab7b454a120, 0x2ab7b454a950, 2048) = 0
6391   0.000457 libjvm.so->__xstat(1, 0x2ab7b454a120, 0x2ab7b454a950, 2048) = 0
6391   0.001513 libjvm.so->__xstat(1, 0x2ab7b454a120, 0x2ab7b454a950, 2048) = -1
6391   0.000484 libjvm.so->fopen(0x2ab7b8002520, 0x2ab7b5dcdccb, 0, 0) = 0x2ab7b8058ac0
6391   0.008973 libjvm.so->open64(0x2ab7b4549410, 0, 0, 16) = 3
6391   0.000520 libjvm.so->__fxstat64(1, 3, 0x2ab7b4549240, -1) = 0
6391   0.035842 libjvm.so->__xstat(1, 0x2ab7b4549f20, 0x2ab7b454a750, 2048) = -1
6391   0.000564 libjvm.so->fopen(0x2ab7b4548b20, 0x2ab7b5dcdccb, 4009, 3994) = 0x2ab7b80b5d40
6391   0.000659 libjvm.so->fopen(0x2ab7b4548b20, 0x2ab7b5dcdccb, 4009, 3994) = 0x2ab7b80b5d40
6391   0.000613 libjvm.so->fopen(0x2ab7b4548b20, 0x2ab7b5dcdccb, 4009, 4002) = 0x2ab7b80b5d40
6391   0.004326 libjvm.so->pthread_attr_setdetachstate(0x2ab7b454ac00, 1, 0, 0) = 0
6391   0.000533 libpthread.so.0->__clone(0x2ab7b4637de0, 0x2ab7b7caffc0, 0x3d0f00, 0x2ab7b7cb0700) = 6392
6391   0.015310 libjvm.so->pthread_attr_setdetachstate(0x2ab7b454a290, 1, 0, 0) = 0
6391   0.000626 libpthread.so.0->__clone(0x2ab7b4637de0, 0x2ab7b7db0fc0, 0x3d0f00, 0x2ab7b7db1700) = 6393
6391   0.006692 libjvm.so->pthread_attr_setdetachstate(0x2ab7b454a610, 1, 0, 0) = 0
6391   0.000800 libpthread.so.0->__clone(0x2ab7b4637de0, 0x2ab7b7eb1fc0, 0x3d0f00, 0x2ab7b7eb2700) = 6394
6391   0.042852 libjvm.so->fopen(0x2ab7b80f1810, 0x2ab7b5dcdccb, 4, 0x6f732e70) = 0x2ab7b80f1d10
6391   0.002888 libjvm.so->dlopen(0x2ab7b80f1810, 1, 0xffffffff, 0x2ab7b80e8c00) = 0x2ab7b8057c20
6391   0.006040 libjvm.so->open64(0x2ab7b4549510, 0, 0, 16) = 5
6391   0.000924 libjvm.so->__fxstat64(1, 5, 0x2ab7b4549340, -1) = 0
6391   0.025245 libjvm.so->fopen(0x2ab7b4546130, 0x2ab7b5dcdccb, 4009, 3994) = 0x2ab7b80fcce0
6391   0.001171 libjvm.so->fopen(0x2ab7b4546130, 0x2ab7b5dcdccb, 4009, 3994) = 0x2ab7b80fcce0
6391   0.001127 libjvm.so->fopen(0x2ab7b4546130, 0x2ab7b5dcdccb, 4009, 4002) = 0x2ab7b80fcce0
6391   0.016496 libjvm.so->pthread_attr_setdetachstate(0x2ab7b454ab50, 1, 0, 0) = 0
6391   0.001088 libpthread.so.0->__clone(0x2ab7b4637de0, 0x2ab7b7fb2fc0, 0x3d0f00, 0x2ab7b7fb3700) = 6396
6391   0.002639 libjvm.so->__xstat64(1, 0x2ab7b454abe0, 0x2ab7b454ab50, 18) = -1
6391   0.001232 libjvm.so->pthread_attr_setdetachstate(0x2ab7b454a950, 1, 0, 0) = 0
6391   0.001108 libpthread.so.0->__clone(0x2ab7b4637de0, 0x2ab7cd30bfc0, 0x3d0f00, 0x2ab7cd30c700) = 6400
6391   0.001750 libjvm.so->pthread_attr_setdetachstate(0x2ab7b454a950, 1, 0, 0) = 0
6391   0.001438 libpthread.so.0->__clone(0x2ab7b4637de0, 0x2ab7cd40cfc0, 0x3d0f00, 0x2ab7cd40d700) = 6401
6391   0.008024 libjvm.so->pthread_attr_setdetachstate(0x2ab7b454aaa0, 1, 0, 0) = 0
6391   0.001446 libpthread.so.0->__clone(0x2ab7b4637de0, 0x2ab7cd50dfc0, 0x3d0f00, 0x2ab7cd50e700) = 6402
6391   0.002339 libjvm.so->pthread_attr_setdetachstate(0x2ab7b454abb0, 1, 0, 0) = 0
6391   0.004312 libpthread.so.0->__clone(0x2ab7b4637de0, 0x2ab7cd60efc0, 0x3d0f00, 0x2ab7cd60f700) = 6404
6391   0.017876 libjvm.so->open64(0x2ab7b812e8e0, 0, 0, 32) = 7
6391   0.001776 libjvm.so->__fxstat64(1, 7, 0x2ab7b4547f60, -1) = 0
6391   0.025965 libjvm.so->fopen(0x2ab7b8154600, 0x2ab7b5dcdccb, 4, 0x6f732e6f) = 0x2ab7b81546c0
6391   0.003150 libjvm.so->dlopen(0x2ab7b8154600, 1, 0xffffffff, 0x2ab7b8154600) = 0x2ab7b81546c0
6391   0.103114 libjvm.so->fopen(0x2ab7b4544e40, 0x2ab7b5dcdccb, 0x6f732e, 0x6d766a62696c2f72) = 0x2ab7b8197300
6391   0.006127 libjvm.so->dlopen(0x2ab7b4544e40, 1, 0xffffffff, 0x2ab7b8197200) = 0x555abe3c14b0
6391   0.001714 libjvm.so->fopen(0x2ab7b4544e40, 0x2ab7b5dcdccb, 0x6f732e, 0x6d766a62696c2f72) = 0x2ab7b8197300
6391   0.005221 libjvm.so->dlopen(0x2ab7b4544e40, 1, 0xffffffff, 0x2ab7b8197200) = 0x555abe3c14b0
6391   0.001684 libjvm.so->fopen(0x2ab7b4544e40, 0x2ab7b5dcdccb, 0x6f732e, 0x6d766a62696c2f72) = 0x2ab7b8197300
6391   0.004637 libjvm.so->dlopen(0x2ab7b4544e40, 1, 0xffffffff, 0x2ab7b8197200) = 0x555abe3c14b0
6391   0.002964 libjvm.so->fopen(0x2ab7b4544e40, 0x2ab7b5dcdccb, 0x6f732e, 0x6d766a62696c2f72) = 0x2ab7b8197300
6391   0.003838 libjvm.so->dlopen(0x2ab7b4544e40, 1, 0xffffffff, 0x2ab7b8197200) = 0x555abe3c14b0
6391   0.050775 libjvm.so->fopen(0x2ab7b81cae10, 0x2ab7b5dcdccb, 4, 0x6f732e74) = 0x2ab7b81c1420
6391   0.003317 libjvm.so->dlopen(0x2ab7b81cae10, 1, 0xffffffff, 0x2ab7b81ca700) = 0x2ab7b81c1420
6391   0.144494 libjvm.so->fopen(0x2ab7b8230460, 0x2ab7b5dcdccb, 0x6f732e7373656c, 0x656c646165685f74) = 0x2ab7b8230540
6391   0.003542 libjvm.so->dlopen(0x2ab7b8230460, 1, 0xffffffff, 0x2ab7b8230400) = 0x2ab7b8230540
6404   0.038952 +++ exited (status 0) +++
6396   0.000299 --- SIGSEGV (Segmentation fault) ---
6392   0.000685 +++ exited (status 0) +++
6391   0.000219 +++ exited (status 0) +++
6402   0.000276 +++ exited (status 1) +++
6401   0.000028 +++ exited (status 1) +++
6396   0.000016 +++ exited (status 1) +++
6394   0.000014 +++ exited (status 1) +++
6393   0.000014 +++ exited (status 1) +++
6400   0.005245 +++ exited (status 1) +++
6390   0.000035 +++ exited (status 1) +++
Wrote an ltrace for command: "java -cp ./tools/maxent.jar density.Project outputs/Amphipoea_americana_Speyer/Amphipoea_americana_Speyer.lambdas data/layers/worldclim outputs/Amphipoea_americana_Speyer_worldclim.asc nowarnings nocache autorun -z" with PID 6388 from PPID 6372 on disc20.crc.nd.edu with result 1
REMOTEHOST=10.17.150.11
_CONDOR_JOB_PIDS=
MANPATH=/afs/crc.nd.edu/user/n/nkremerh/cctools/share/man/:/afs/crc.nd.edu/group/ccl/software/x86_64/redhat7/ruby/current/share/man:/afs/crc.nd.edu/group/ccl/software/x86_64/redhat7/graphviz/current/share/man:/afs/crc.nd.edu/group/ccl/software/x86_64/redhat7/gnuplot/current/share/man:/afs/crc.nd.edu/group/ccl/software/x86_64/redhat7/git/current/share/man:/afs/crc.nd.edu/group/ccl/software/x86_64/redhat7/condor/current/share/man:/afs/crc.nd.edu/group/ccl/software/x86_64/redhat7/clang/current/share/man:/afs/crc.nd.edu/group/ccl/software/x86_64/redhat7/condor/current/share/man:/afs/crc.nd.edu/group/ccl/software/x86_64/redhat7/cctools/current/share/man:/afs/crc.nd.edu/group/ccl/software/x86_64/redhat7/cctools/current/share/man:/afs/crc.nd.edu/x86_64_linux/Modules/4.5.0/share/man:/opt/crc/usr/local/man:/opt/sge/man:/usr/share/man/overrides:/usr/share/man:/usr/local/share/man
XDG_SESSION_ID=4102
HOSTNAME=disc01.crc.nd.edu
_LMFILES__modshare=/afs/crc.nd.edu/x86_64_linux/Modules/modules/system_modules/CRC_default/1.1:1
_CONDOR_ANCESTOR_3560=24274:1600190002:3669882635
MODULEPATH_modshare=/afs/crc.nd.edu/x86_64_linux/Modules/modules/general_software:1:/afs/crc.nd.edu/x86_64_linux/Modules/modules/development_tools_and_libraries:1:/afs/crc.nd.edu/x86_64_linux/Modules/modules/system_modules:1:/afs/crc.nd.edu/x86_64_linux/Modules/current/modulefiles:1:/afs/crc.nd.edu/x86_64_linux/Modules/modules/restricted_software:1:/afs/crc.nd.edu/x86_64_linux/Modules/modules/deprecated_software:1
MODULES_CMD=/afs/crc.nd.edu/x86_64_linux/Modules/4.5.0/libexec/modulecmd.tcl
HOST=disc01.crc.nd.edu
SHELL=/bin/tcsh
TERM=xterm-256color
MAKEFLAGS=
HISTSIZE=5000
TMPDIR=/var/condor/execute/dir_24274/worker-213124-24338/t.1790/cctools-temp-t.1790.ZdvpYs
SSH_CLIENT=10.17.150.11 36546 22
PERL5LIB=/afs/crc.nd.edu/user/n/nkremerh/cctools/lib/perl5/site_perl/5.16.3:/afs/crc.nd.edu/user/n/nkremerh/.perl5/lib/perl5
SGE_CELL=crc
_CONDOR_ANCESTOR_3197=3560:1598183979:2962516177
_CONDOR_SCRATCH_DIR=/var/condor/execute/dir_24274
PERL_MB_OPT=--install_base '/afs/crc.nd.edu/user/n/nkremerh/.perl5/'
SSH_TTY=/dev/pts/2
SGE_LOAD_AVG=load_avg
MAKEFLOW_MAX_LOCAL_JOBS=2
HISTFILESIZE=10000
_CHIRP_DELAYED_UPDATE_PREFIX=Chirp*
USER=nkremerh
GROUP=campus
LD_LIBRARY_PATH=/afs/crc.nd.edu/group/ccl/software/x86_64/redhat7/ruby/current/lib:/afs/crc.nd.edu/group/ccl/software/x86_64/redhat7/graphviz/current/lib:/afs/crc.nd.edu/group/ccl/software/x86_64/redhat7/git/current/lib:/afs/crc.nd.edu/group/ccl/software/x86_64/redhat7/condor/current/lib:/afs/crc.nd.edu/group/ccl/software/x86_64/redhat7/clang/current/lib:/afs/crc.nd.edu/group/ccl/software/x86_64/redhat7/condor/current/lib:/afs/crc.nd.edu/group/ccl/software/x86_64/redhat7/cctools/current/lib:/opt/crc/usr/local/lib
TEMP=/var/condor/execute/dir_24274/worker-213124-24338/t.1790/cctools-temp-t.1790.ZdvpYs
BATCH_SYSTEM=HTCondor
WORKER_TMPDIR=/var/condor/execute/dir_24274/worker-213124-24338/cache/tmp
ENV=/afs/crc.nd.edu/x86_64_linux/Modules/4.5.0/init/profile.sh
MODULES_LMALTNAME=CRC_default/1.1&CRC_default/default&CRC_default
_CONDOR_CHIRP_CONFIG=/var/condor/execute/dir_24274/.chirp.config
GLOBUS_GSSAPI_MAX_TLS_PROTOCOL=0
_CONDOR_HIGHPORT=9999
HOSTTYPE=x86_64-linux
MAKELEVEL=1
MFLAGS=
CCLSOFTWARE=/afs/crc.nd.edu/group/ccl/software/x86_64/redhat7
PATH=/afs/crc.nd.edu/user/n/nkremerh/cctools/bin:/afs/crc.nd.edu/user/n/nkremerh/miniconda/bin:/afs/crc.nd.edu/group/ccl/software/git:/afs/crc.nd.edu/user/n/nkremerh/.local/bin:/afs/crc.nd.edu/group/ccl/software/x86_64/redhat7/povray/3.7/bin:/afs/crc.nd.edu/user/n/nkremerh/.perl5/bin:/afs/crc.nd.edu/user/n/nkremerh/pegasus/bin:/afs/crc.nd.edu/user/n/nkremerh/nodejs/bin:/afs/crc.nd.edu/user/n/nkremerh/montage/bin:/afs/crc.nd.edu/user/n/nkremerh/latexdiff:/afs/crc.nd.edu/user/n/nkremerh/envtrace:/afs/crc.nd.edu/user/n/nkremerh/endlines:/afs/crc.nd.edu/user/n/nkremerh/cctools/bin:/afs/crc.nd.edu/user/n/nkremerh/.cargo/bin:/afs/crc.nd.edu/group/ccl/software/x86_64/redhat7/ruby/current/bin:/afs/crc.nd.edu/group/ccl/software/x86_64/redhat7/graphviz/current/bin:/afs/crc.nd.edu/group/ccl/software/x86_64/redhat7/gnuplot/current/bin:/afs/crc.nd.edu/group/ccl/software/x86_64/redhat7/git/current/bin:/afs/crc.nd.edu/group/ccl/software/x86_64/redhat7/condor/current/sbin:/afs/crc.nd.edu/group/ccl/software/x86_64/redhat7/condor/current/bin:/afs/crc.nd.edu/group/ccl/software/x86_64/redhat7/cmake/current/bin:/afs/crc.nd.edu/group/ccl/software/x86_64/redhat7/clang/current/bin:/afs/crc.nd.edu/group/ccl/software/x86_64/redhat7/condor/current/sbin:/afs/crc.nd.edu/group/ccl/software/x86_64/redhat7/condor/current/bin:/afs/crc.nd.edu/group/ccl/software/x86_64/redhat7/cctools/current/bin:/afs/crc.nd.edu/x86_64_linux/Modules/4.5.0/bin:/opt/crc/usr/local/bin:/opt/sge/bin/lx-amd64:/usr/local/bin:/usr/bin:/usr/local/sbin:/usr/sbin:/afs/crc.nd.edu/user/c/condor/software/bin:/afs/crc.nd.edu/user/c/condor/software/sbin
MAIL=/var/spool/mail/nkremerh
PWD=/var/condor/execute/dir_24274/worker-213124-24338/t.1790
_LMFILES_=/afs/crc.nd.edu/x86_64_linux/Modules/modules/system_modules/CRC_default/1.1
SGE_EXECD_PORT=6445
EDITOR=vim
_CONDOR_ANCESTOR_24274=24316:1600190003:1981393190
LANG=en_US.UTF-8
MODULEPATH=/afs/crc.nd.edu/x86_64_linux/Modules/modules/development_tools_and_libraries:/afs/crc.nd.edu/x86_64_linux/Modules/modules/general_software:/afs/crc.nd.edu/x86_64_linux/Modules/modules/restricted_software:/afs/crc.nd.edu/x86_64_linux/Modules/modules/system_modules:/afs/crc.nd.edu/x86_64_linux/Modules/modules/deprecated_software:/afs/crc.nd.edu/x86_64_linux/Modules/current/modulefiles
SGE_QMASTER_PORT=6444
SGE_ROOT=/opt/sge
LOADEDMODULES=CRC_default/1.1
WORK_QUEUE_SANDBOX=/var/condor/execute/dir_24274/worker-213124-24338
_CONDOR_SLOT=slot2_1
CCLPLATFORM=x86_64/redhat7
USE_SYSTEMD=true
_CONDOR_LOWPORT=9100
KRB5CCNAME=FILE:/tmp/krb5cc_213124_DZSV7p
HISTCONTROL=ignoreboth:erasedups
PATH_modshare=/opt/crc/usr/local/bin:1:/opt/sge/bin/lx-amd64:1:/usr/sbin:1:/usr/bin:1:/afs/crc.nd.edu/user/c/condor/software/sbin:1:/usr/local/sbin:1:/afs/crc.nd.edu/user/c/condor/software/bin:1:/usr/local/bin:1
SHLVL=7
HOME=disc01.crc.nd.edu
GLOBUS_GSSAPI_NAME_COMPATIBILITY=STRICT_RFC2818
_CONDOR_MACHINE_AD=/var/condor/execute/dir_24274/.machine.ad
OSTYPE=linux
DISK=18235
GREP_OPTIONS=--color=auto
GLOBUS_GSSAPI_MIN_TLS_PROTOCOL=TLS1_VERSION
MEMORY=1948
MANPATH_modshare=/usr/share/man/overrides:1:/usr/local/share/man:1:/usr/share/man:1:/opt/crc/usr/local/man:1:/opt/sge/man:1
VENDOR=unknown
BASH_ENV=/afs/crc.nd.edu/x86_64_linux/Modules/4.5.0/init/bash
PERL_LOCAL_LIB_ROOT=/afs/crc.nd.edu/user/n/nkremerh/.perl5/
PYTHONPATH=/afs/crc.nd.edu/user/n/nkremerh/cctools/lib/python3.6/site-packages/
CCLHOME=/afs/crc.nd.edu/group/ccl
MACHTYPE=x86_64
LOGNAME=nkremerh
TMP=/var/condor/execute/dir_24274/worker-213124-24338/t.1790/cctools-temp-t.1790.ZdvpYs
LD_LIBRARY_PATH_modshare=/opt/crc/usr/local/lib:1
MODULES_LMALTNAME_modshare=CRC_default/1.1&CRC_default/default&CRC_default:1
SSH_CONNECTION=10.17.150.11 36546 129.74.128.103 22
MODULESHOME=/afs/crc.nd.edu/x86_64_linux/Modules/4.5.0
OMP_NUM_THREADS=1
LESSOPEN=||/usr/bin/lesspipe.sh %s
GLOBUS_GSSAPI_BACKWARD_COMPATIBLE_MIC=true
GLOBUS_GSSAPI_CIPHERS=HIGH
LOADEDMODULES_modshare=CRC_default/1.1:1
_CONDOR_JOB_AD=/var/condor/execute/dir_24274/.job.ad
SGE_CLUSTER_NAME=CRC
XDG_RUNTIME_DIR=/run/user/213124
CCTOOLS=../cctools
CORES=2
_CONDOR_JOB_IWD=/var/condor/execute/dir_24274
PERL_MM_OPT=INSTALL_BASE=/afs/crc.nd.edu/user/n/nkremerh/.perl5/
GLOBUS_GSSAPI_SERVER_CIPHER_ORDER=true
BASH_FUNC_module()=() {  unset _mlshdbg;
 if [ "${MODULES_SILENT_SHELL_DEBUG:-0}" = '1' ]; then
 case "$-" in 
 *v*x*)
 set +vx;
 _mlshdbg='vx'
 ;;
 *v*)
 set +v;
 _mlshdbg='v'
 ;;
 *x*)
 set +x;
 _mlshdbg='x'
 ;;
 *)
 _mlshdbg=''
 ;;
 esac;
 fi;
 unset _mlre _mlIFS;
 if [ -n "${IFS+x}" ]; then
 _mlIFS=$IFS;
 fi;
 IFS=' ';
 for _mlv in ${MODULES_RUN_QUARANTINE:-};
 do
 if [ "${_mlv}" = "${_mlv##*[!A-Za-z0-9_]}" -a "${_mlv}" = "${_mlv#[0-9]}" ]; then
 if [ -n "`eval 'echo ${'$_mlv'+x}'`" ]; then
 _mlre="${_mlre:-}${_mlv}_modquar='`eval 'echo ${'$_mlv'}'`' ";
 fi;
 _mlrv="MODULES_RUNENV_${_mlv}";
 _mlre="${_mlre:-}${_mlv}='`eval 'echo ${'$_mlrv':-}'`' ";
 fi;
 done;
 if [ -n "${_mlre:-}" ]; then
 eval `eval ${_mlre}/usr/bin/tclsh /afs/crc.nd.edu/x86_64_linux/Modules/4.5.0/libexec/modulecmd.tcl bash '"$@"'`;
 else
 eval `/usr/bin/tclsh /afs/crc.nd.edu/x86_64_linux/Modules/4.5.0/libexec/modulecmd.tcl bash "$@"`;
 fi;
 _mlstatus=$?;
 if [ -n "${_mlIFS+x}" ]; then
 IFS=$_mlIFS;
 else
 unset IFS;
 fi;
 unset _mlre _mlv _mlrv _mlIFS;
 if [ -n "${_mlshdbg:-}" ]; then
 set -$_mlshdbg;
 fi;
 unset _mlshdbg;
 return $_mlstatus
}
BASH_FUNC_ml()=() {  module ml "$@"
}
_=/usr/bin/printenv
