31650   0.000000 libjli.so->getenv("_JAVA_LAUNCHER_DEBUG") = nil
31650   0.001719 libjli.so->getenv("_JAVA_VERSION_SET") = nil
31650   0.000697 libjli.so->fopen("/usr/lib/jvm/java-1.8.0-openjdk-1.8.0.262.b10-0.el7_8.x86_64/jre/lib/amd64/jvm.cfg", "r") = 0x5603a5aac0f0
31650   0.000845 libjli.so->getenv("JDK_ALTERNATE_VM") = nil
31650   0.000305 libjli.so->__xstat(1, "/usr/lib/jvm/java-1.8.0-openjdk-1.8.0.262.b10-0.el7_8.x86_64/jre/lib/amd64/server/libjvm.so", 0x7fffb4b44d40) = 0
31650   0.000660 libjli.so->getenv("LD_LIBRARY_PATH") = "/afs/crc.nd.edu/group/ccl/software/x86_64/redhat7/ruby/current/lib:/afs/crc.nd.edu/group/ccl/software/x86_64/redhat7/graphviz/current/lib:/afs/crc.nd.edu/group/ccl/software/x86_64/redhat7/git/current/lib:/afs/crc.nd.edu/group/ccl/software/x86_64/redhat7/condor/current/lib:/afs/crc.nd.edu/group/ccl/software/x86_64/redhat7/clang/current/lib:/afs/crc.nd.edu/group/ccl/software/x86_64/redhat7/condor/current/lib:/afs/crc.nd.edu/group/ccl/software/x86_64/redhat7/cctools/current/lib:/opt/crc/usr/local/lib"
31650   0.002179 libjli.so->dlopen("/usr/lib/jvm/java-1.8.0-openjdk-1.8.0.262.b10-0.el7_8.x86_64/jre/lib/amd64/server/libjvm.so", 258 <unfinished ...>
31650   0.038396 libjvm.so->getenv("NMT_LEVEL_31650") = nil
31650   0.001665 <... dlopen resumed> )          = 0x5603a5aac4c0
31650   0.000071 libjli.so->getenv("CLASSPATH")  = nil
31650   0.000318 libjli.so->getenv("_JAVA_SPLASH_JAR") = nil
31650   0.000302 libjli.so->getenv("_JAVA_SPLASH_FILE") = nil
31650   0.000305 libjli.so->pthread_attr_setdetachstate(0x7fffb4b44cf0, 0, 0x7fffb4b44d80, 0) = 0
31650   0.000432 libpthread.so.0->__clone(0x2acc1fc9cde0, 0x2acc1fbaffc0, 0x3d0f00, 0x2acc1fbb0700) = 0x7ba3
31651   0.001818 libjvm.so->dlopen(0x2acc2147b9ae, 1, 0xfffffffffff42c48, 4096) = 0x2acc24000990
31651   0.002470 libjvm.so->getenv(0x2acc2149683e, 0, 115, 0x65737361) = 0x7fffb4b4b6e0
31651   0.000428 libjvm.so->fopen(0x2acc1fbaec10, 0x2acc21432ccb, 0x6f732e79666972, 0x2acc20574ab0) = 0x2acc24001440
31651   0.001497 libjvm.so->dlopen(0x2acc1fbaec10, 1, 0xffffffff, 0x2acc24002b00) = 0x2acc24001440
31651   0.001410 libjvm.so->fopen(0x2acc1fbaec10, 0x2acc21432ccb, 111, 0x732e6176) = 0x2acc24001b10
31651   0.001714 libjvm.so->dlopen(0x2acc1fbaec10, 1, 0xffffffff, 0x2acc24001a00) = 0x2acc24001b10
31651   0.001511 libjvm.so->__xstat(1, 0x2acc1fbaf360, 0x2acc1fbafba0, 0x746f7073746f682e) = -1
31651   0.000501 libjvm.so->getenv(0x2acc2142b541, 0x2acc1fbaf6d0, 1024, 0x2acc218e561b) = 0
31651   0.000439 libjvm.so->getenv(0x2acc2142b533, 0x2acc1fbaf6d0, 1024, 0) = 0
31651   0.000468 libjvm.so->fopen(0x2acc2147b315, 0x2acc21432ccb, 4095, 0xffffd533debd4b03) = 0x2acc24003290
31651   0.001112 libjvm.so->fopen(0x2acc2147b361, 0x2acc21432ccb, 0x2acc24000078, 0x2acc24003280) = 0x2acc24003290
31651   0.000703 libjvm.so->fopen(0x2acc1fba99b0, 0x2acc21432ccb, 4014, 3995) = 0x2acc24003290
31651   0.000610 libjvm.so->opendir(0x2acc24002b40, 0x2acc24002b40, 13, 16) = 0
31651   0.000467 libjvm.so->__xstat(1, 0x2acc1fbae8f0, 0x2acc1fbad860, 0x6f732e7477616d62) = -1
31651   0.000427 libjvm.so->__xstat(1, 0x2acc1fbae8f0, 0x2acc1fbad860, 0x5f74776162696c2f) = 0
31651   0.000498 libjvm.so->fopen(0x2acc1fbadb90, 0x2acc21432ccb, 4009, 3994) = 0x2acc24003770
31651   0.000637 libjvm.so->fopen(0x2acc1fbadb90, 0x2acc21432ccb, 4009, 3994) = 0x2acc24003770
31651   0.000632 libjvm.so->fopen(0x2acc1fbadb90, 0x2acc21432ccb, 4009, 4002) = 0x2acc24003770
31651   0.000619 libjvm.so->fopen(0x2acc1fbadb20, 0x2acc21432ccb, 4009, 3994) = 0x2acc24003770
31651   0.000609 libjvm.so->fopen(0x2acc1fbadb20, 0x2acc21432ccb, 4009, 3994) = 0x2acc24003770
31651   0.000599 libjvm.so->fopen(0x2acc1fbadb20, 0x2acc21432ccb, 4009, 4002) = 0x2acc24003770
31651   0.000636 libjvm.so->fopen(0x2acc1fbadb50, 0x2acc21432ccb, 4014, 3995) = 0x2acc24003770
31651   0.000773 libjvm.so->getenv(0x2acc2147c0ff, 4096, 3, -1) = 0
31651   0.000888 libjvm.so->fopen(0x2acc2147b998, 0x2acc21432ccb, 0x2acc1fc93908, 0x2acc1fc92df0) = 0x2acc24003770
31651   0.004717 libjvm.so->open(0x2acc2404a560, 0x20000, 0, 0x2acc2404a5a9) = 3
31651   0.000422 libjvm.so->__fxstat(1, 3, 0x2acc1fbafa00, -1) = 0
31651   0.000469 libjvm.so->opendir(0x2acc2404a560, 0x2acc1fbafa00, 0x4000, -1) = 0x2acc2404b470
31651   0.000447 libjvm.so->__fxstat(1, 3, 0x2acc1fbaf8a0, 0x2acc2404b470) = 0
31651   0.000424 libjvm.so->__fxstat(1, 5, 0x2acc1fbaf930, -1) = 0
31651   0.000443 libjvm.so->open(0x2acc214499dc, 0, 0, 0) = 3
31651   0.000635 libjvm.so->__lxstat(1, 0x2acc2404a560, 0x2acc1fbafb50, -144) = 0
31651   0.000440 libjvm.so->open(0x2acc2404a560, 0x20000, 0x4000, -1) = 3
31651   0.000419 libjvm.so->__fxstat(1, 3, 0x2acc1fbafa00, -1) = 0
31651   0.000438 libjvm.so->opendir(0x2acc2404a560, 0x2acc1fbafa00, 0x4000, -1) = 0x2acc2404b470
31651   0.000412 libjvm.so->__fxstat(1, 3, 0x2acc1fbaf8a0, 0x2acc2404b470) = 0
31651   0.000446 libjvm.so->__fxstat(1, 5, 0x2acc1fbaf930, -1) = 0
31651   0.000438 libjvm.so->open(0x2acc214499dc, 0, 0, 0) = 3
31651   0.000452 libjvm.so->open(0x2acc2404a5a9, 0x20042, 384, -1) = 7
31651   0.000555 libjvm.so->__fxstat(1, 7, 0x2acc1fbafb50, -1) = 0
31651   0.001713 libjvm.so->fopen(0x2acc1fbaeb60, 0x2acc21432ccb, 4, 0x6f732e70) = 0x2acc24057bc0
31651   0.001462 libjvm.so->dlopen(0x2acc1fbaeb60, 1, 0xffffffff, 0x2acc24057b00) = 0x2acc24057bc0
31651   0.001496 libjvm.so->__xstat(1, 0x2acc1fbaf120, 0x2acc1fbaf950, 2048) = 0
31651   0.000438 libjvm.so->__xstat(1, 0x2acc1fbaf120, 0x2acc1fbaf950, 2048) = 0
31651   0.000543 libjvm.so->__xstat(1, 0x2acc1fbaf120, 0x2acc1fbaf950, 2048) = -1
31651   0.000459 libjvm.so->__xstat(1, 0x2acc1fbaf120, 0x2acc1fbaf950, 2048) = 0
31651   0.000578 libjvm.so->__xstat(1, 0x2acc1fbaf120, 0x2acc1fbaf950, 2048) = 0
31651   0.000461 libjvm.so->__xstat(1, 0x2acc1fbaf120, 0x2acc1fbaf950, 2048) = 0
31651   0.000487 libjvm.so->__xstat(1, 0x2acc1fbaf120, 0x2acc1fbaf950, 2048) = 0
31651   0.000472 libjvm.so->__xstat(1, 0x2acc1fbaf120, 0x2acc1fbaf950, 2048) = -1
31651   0.000459 libjvm.so->fopen(0x2acc24002520, 0x2acc21432ccb, 0, 0) = 0x2acc24058a60
31651   0.008993 libjvm.so->open64(0x2acc1fbae410, 0, 0, 16) = 3
31651   0.000465 libjvm.so->__fxstat64(1, 3, 0x2acc1fbae240, -1) = 0
31651   0.035888 libjvm.so->__xstat(1, 0x2acc1fbaef20, 0x2acc1fbaf750, 2048) = -1
31651   0.000603 libjvm.so->fopen(0x2acc1fbadb20, 0x2acc21432ccb, 4009, 3994) = 0x2acc240b5e20
31651   0.000653 libjvm.so->fopen(0x2acc1fbadb20, 0x2acc21432ccb, 4009, 3994) = 0x2acc240b5e20
31651   0.000619 libjvm.so->fopen(0x2acc1fbadb20, 0x2acc21432ccb, 4009, 4002) = 0x2acc240b5e20
31651   0.004240 libjvm.so->pthread_attr_setdetachstate(0x2acc1fbafc00, 1, 0, 0) = 0
31651   0.000515 libpthread.so.0->__clone(0x2acc1fc9cde0, 0x2acc3853bfc0, 0x3d0f00, 0x2acc3853c700) = 0x7ba4
31651   0.017641 libjvm.so->pthread_attr_setdetachstate(0x2acc1fbaf290, 1, 0, 0) = 0
31651   0.002175 libpthread.so.0->__clone(0x2acc1fc9cde0, 0x2acc3863cfc0, 0x3d0f00, 0x2acc3863d700) = 0x7ba8
31651   0.007236 libjvm.so->pthread_attr_setdetachstate(0x2acc1fbaf610, 1, 0, 0) = 0
31651   0.000843 libpthread.so.0->__clone(0x2acc1fc9cde0, 0x2acc3873dfc0, 0x3d0f00, 0x2acc3873e700) = 0x7baa
31651   0.042934 libjvm.so->fopen(0x2acc240e9130, 0x2acc21432ccb, 4, 0x6f732e70) = 0x2acc240f1c70
31651   0.002097 libjvm.so->dlopen(0x2acc240e9130, 1, 0xffffffff, 0x2acc240ec300) = 0x2acc24057bc0
31651   0.005067 libjvm.so->open64(0x2acc1fbae510, 0, 0, 16) = 5
31651   0.000944 libjvm.so->__fxstat64(1, 5, 0x2acc1fbae340, -1) = 0
31651   0.019972 libjvm.so->fopen(0x2acc1fbab130, 0x2acc21432ccb, 4009, 3994) = 0x2acc240fcbc0
31651   0.001268 libjvm.so->fopen(0x2acc1fbab130, 0x2acc21432ccb, 4009, 3994) = 0x2acc240fcbc0
31651   0.001164 libjvm.so->fopen(0x2acc1fbab130, 0x2acc21432ccb, 4009, 4002) = 0x2acc240fcbc0
31651   0.015831 libjvm.so->pthread_attr_setdetachstate(0x2acc1fbafb50, 1, 0, 0) = 0
31651   0.001061 libpthread.so.0->__clone(0x2acc1fc9cde0, 0x2acc3883efc0, 0x3d0f00, 0x2acc3883f700) = 0x7bad
31651   0.001654 libjvm.so->__xstat64(1, 0x2acc1fbafbe0, 0x2acc1fbafb50, 19) = -1
31651   0.001169 libjvm.so->pthread_attr_setdetachstate(0x2acc1fbaf950, 1, 0, 0) = 0
31651   0.002978 libpthread.so.0->__clone(0x2acc1fc9cde0, 0x2acc3893ffc0, 0x3d0f00, 0x2acc38940700) = 0x7bae
31651   0.001866 libjvm.so->pthread_attr_setdetachstate(0x2acc1fbaf950, 1, 0, 0) = 0
31651   0.001240 libpthread.so.0->__clone(0x2acc1fc9cde0, 0x2acc38a40fc0, 0x3d0f00, 0x2acc38a41700) = 0x7baf
31651   0.008276 libjvm.so->pthread_attr_setdetachstate(0x2acc1fbafaa0, 1, 0, 0) = 0
31651   0.001424 libpthread.so.0->__clone(0x2acc1fc9cde0, 0x2acc38b41fc0, 0x3d0f00, 0x2acc38b42700) = 0x7bb0
31651   0.002213 libjvm.so->pthread_attr_setdetachstate(0x2acc1fbafbb0, 1, 0, 0) = 0
31651   0.001609 libpthread.so.0->__clone(0x2acc1fc9cde0, 0x2acc38c42fc0, 0x3d0f00, 0x2acc38c43700) = 0x7bb1
31651   0.015134 libjvm.so->open64(0x2acc24136830, 0, 0, 48) = 7
31651   0.001779 libjvm.so->__fxstat64(1, 7, 0x2acc1fbacf60, -1) = 0
31651   0.026610 libjvm.so->fopen(0x2acc2415c4d0, 0x2acc21432ccb, 4, 0x6f732e6f) = 0x2acc2415c590
31651   0.003471 libjvm.so->dlopen(0x2acc2415c4d0, 1, 0xffffffff, 0x2acc2415c500) = 0x2acc2415c590
31651   0.137573 libjvm.so->fopen(0x2acc2419a660, 0x2acc21432ccb, 4, 0x6f732e74) = 0x2acc2419d910
31651   0.003227 libjvm.so->dlopen(0x2acc2419a660, 1, 0xffffffff, 0x2acc2419d800) = 0x2acc241a7cc0
31651   0.059358 libjvm.so->fopen(0x2acc1fba80b0, 0x2acc21432ccb, 0x6f732e, 0x6d766a62696c2f72) = 0x2acc241ba1f0
31651   0.006063 libjvm.so->dlopen(0x2acc1fba80b0, 1, 0xffffffff, 0x2acc241afe00) = 0x5603a5aac4c0
31651   0.001737 libjvm.so->fopen(0x2acc1fba80b0, 0x2acc21432ccb, 0x6f732e, 0x6d766a62696c2f72) = 0x2acc241ba5f0
31651   0.005034 libjvm.so->dlopen(0x2acc1fba80b0, 1, 0xffffffff, 0x2acc241ba400) = 0x5603a5aac4c0
31651   0.001729 libjvm.so->fopen(0x2acc1fba80b0, 0x2acc21432ccb, 0x6f732e, 0x6d766a62696c2f72) = 0x2acc241ba510
31651   0.003544 libjvm.so->dlopen(0x2acc1fba80b0, 1, 0xffffffff, 0x2acc241ba400) = 0x5603a5aac4c0
31651   0.005168 libjvm.so->fopen(0x2acc1fba80b0, 0x2acc21432ccb, 0x6f732e, 0x6d766a62696c2f72) = 0x2acc241ba510
31651   0.005698 libjvm.so->dlopen(0x2acc1fba80b0, 1, 0xffffffff, 0x2acc241ba400) = 0x5603a5aac4c0
31651   0.093173 libjvm.so->fopen(0x2acc242253d0, 0x2acc21432ccb, 0x6f732e7373656c, 0x656c646165685f74) = 0x2acc24228e20
31651   0.002788 libjvm.so->dlopen(0x2acc242253d0, 1, 0xffffffff, 0x2acc24228d00) = 0x2acc24228e20
31651   3.643477 --- SIGSEGV (Segmentation fault) ---
31651   2.658656 libjvm.so->fopen(0x2acc1fbacea0, 0x2acc21432ccb, 111, 0x732e6176) = 0x2acc242709d0
31651   0.003158 libjvm.so->dlopen(0x2acc1fbacea0, 1, 0xffffffff, 0x2acc2426f800) = 0x2acc24001b10
31651   0.001658 libjvm.so->fopen(0x2acc1fbacea0, 0x2acc21432ccb, 111, 0x732e6176) = 0x2acc24270c80
31651   0.003118 libjvm.so->dlopen(0x2acc1fbacea0, 1, 0xffffffff, 0x2acc2426f800) = 0x2acc24001b10
31651   0.001260 libjvm.so->fopen(0x2acc1fbacea0, 0x2acc21432ccb, 111, 0x732e6176) = 0x2acc24270af0
31651   0.003196 libjvm.so->dlopen(0x2acc1fbacea0, 1, 0xffffffff, 0x2acc2426f800) = 0x2acc24001b10
31651   0.001216 libjvm.so->fopen(0x2acc1fbacea0, 0x2acc21432ccb, 111, 0x732e6176) = 0x2acc24270af0
31651   0.002644 libjvm.so->dlopen(0x2acc1fbacea0, 1, 0xffffffff, 0x2acc2426f800) = 0x2acc24001b10
31665   6.210648 +++ exited (status 0) +++
31652   0.000349 +++ exited (status 0) +++
31651   0.000216 +++ exited (status 0) +++
31664   0.006193 +++ exited (status 0) +++
31663   0.000042 +++ exited (status 0) +++
31662   0.000037 +++ exited (status 0) +++
31658   0.000023 +++ exited (status 0) +++
31656   0.000017 +++ exited (status 0) +++
31661   0.018364 +++ exited (status 0) +++
31650   0.000116 +++ exited (status 0) +++
Wrote an ltrace for command: "java -cp ./tools/maxent.jar density.MaxEnt -s outputs/Ithyporus_capensis_Boheman.csv -e data/layers/worldclim -o outputs/Ithyporus_capensis_Boheman nowarnings nocache autorun -z" with PID 31648 from PPID 31629 on disc22.crc.nd.edu with result 0
REMOTEHOST=10.17.150.11
MANPATH=/afs/crc.nd.edu/user/n/nkremerh/cctools/share/man/:/afs/crc.nd.edu/group/ccl/software/x86_64/redhat7/ruby/current/share/man:/afs/crc.nd.edu/group/ccl/software/x86_64/redhat7/graphviz/current/share/man:/afs/crc.nd.edu/group/ccl/software/x86_64/redhat7/gnuplot/current/share/man:/afs/crc.nd.edu/group/ccl/software/x86_64/redhat7/git/current/share/man:/afs/crc.nd.edu/group/ccl/software/x86_64/redhat7/condor/current/share/man:/afs/crc.nd.edu/group/ccl/software/x86_64/redhat7/clang/current/share/man:/afs/crc.nd.edu/group/ccl/software/x86_64/redhat7/condor/current/share/man:/afs/crc.nd.edu/group/ccl/software/x86_64/redhat7/cctools/current/share/man:/afs/crc.nd.edu/group/ccl/software/x86_64/redhat7/cctools/current/share/man:/afs/crc.nd.edu/x86_64_linux/Modules/4.5.0/share/man:/opt/crc/usr/local/man:/opt/sge/man:/usr/share/man/overrides:/usr/share/man:/usr/local/share/man
_CONDOR_JOB_PIDS=
XDG_SESSION_ID=4102
HOSTNAME=disc01.crc.nd.edu
_LMFILES__modshare=/afs/crc.nd.edu/x86_64_linux/Modules/modules/system_modules/CRC_default/1.1:1
MODULEPATH_modshare=/afs/crc.nd.edu/x86_64_linux/Modules/modules/general_software:1:/afs/crc.nd.edu/x86_64_linux/Modules/modules/development_tools_and_libraries:1:/afs/crc.nd.edu/x86_64_linux/Modules/modules/system_modules:1:/afs/crc.nd.edu/x86_64_linux/Modules/current/modulefiles:1:/afs/crc.nd.edu/x86_64_linux/Modules/modules/restricted_software:1:/afs/crc.nd.edu/x86_64_linux/Modules/modules/deprecated_software:1
TERM=xterm-256color
SHELL=/bin/tcsh
HOST=disc01.crc.nd.edu
MODULES_CMD=/afs/crc.nd.edu/x86_64_linux/Modules/4.5.0/libexec/modulecmd.tcl
HISTSIZE=5000
MAKEFLAGS=
SSH_CLIENT=10.17.150.11 36546 22
TMPDIR=/var/condor/execute/dir_24121/worker-213124-24186/t.978/cctools-temp-t.978.LLcm1H
PERL5LIB=/afs/crc.nd.edu/user/n/nkremerh/cctools/lib/perl5/site_perl/5.16.3:/afs/crc.nd.edu/user/n/nkremerh/.perl5/lib/perl5
_CONDOR_ANCESTOR_24121=24136:1600190003:828606758
SGE_CELL=crc
_CONDOR_SCRATCH_DIR=/var/condor/execute/dir_24121
PERL_MB_OPT=--install_base '/afs/crc.nd.edu/user/n/nkremerh/.perl5/'
SSH_TTY=/dev/pts/2
SGE_LOAD_AVG=load_avg
MAKEFLOW_MAX_LOCAL_JOBS=2
GROUP=campus
USER=nkremerh
_CHIRP_DELAYED_UPDATE_PREFIX=Chirp*
HISTFILESIZE=10000
TEMP=/var/condor/execute/dir_24121/worker-213124-24186/t.978/cctools-temp-t.978.LLcm1H
LD_LIBRARY_PATH=/afs/crc.nd.edu/group/ccl/software/x86_64/redhat7/ruby/current/lib:/afs/crc.nd.edu/group/ccl/software/x86_64/redhat7/graphviz/current/lib:/afs/crc.nd.edu/group/ccl/software/x86_64/redhat7/git/current/lib:/afs/crc.nd.edu/group/ccl/software/x86_64/redhat7/condor/current/lib:/afs/crc.nd.edu/group/ccl/software/x86_64/redhat7/clang/current/lib:/afs/crc.nd.edu/group/ccl/software/x86_64/redhat7/condor/current/lib:/afs/crc.nd.edu/group/ccl/software/x86_64/redhat7/cctools/current/lib:/opt/crc/usr/local/lib
BATCH_SYSTEM=HTCondor
MODULES_LMALTNAME=CRC_default/1.1&CRC_default/default&CRC_default
ENV=/afs/crc.nd.edu/x86_64_linux/Modules/4.5.0/init/profile.sh
WORKER_TMPDIR=/var/condor/execute/dir_24121/worker-213124-24186/cache/tmp
HOSTTYPE=x86_64-linux
_CONDOR_HIGHPORT=9999
GLOBUS_GSSAPI_MAX_TLS_PROTOCOL=0
_CONDOR_CHIRP_CONFIG=/var/condor/execute/dir_24121/.chirp.config
MAKELEVEL=1
MFLAGS=
MAIL=/var/spool/mail/nkremerh
PATH=/afs/crc.nd.edu/user/n/nkremerh/cctools/bin:/afs/crc.nd.edu/user/n/nkremerh/miniconda/bin:/afs/crc.nd.edu/group/ccl/software/git:/afs/crc.nd.edu/user/n/nkremerh/.local/bin:/afs/crc.nd.edu/group/ccl/software/x86_64/redhat7/povray/3.7/bin:/afs/crc.nd.edu/user/n/nkremerh/.perl5/bin:/afs/crc.nd.edu/user/n/nkremerh/pegasus/bin:/afs/crc.nd.edu/user/n/nkremerh/nodejs/bin:/afs/crc.nd.edu/user/n/nkremerh/montage/bin:/afs/crc.nd.edu/user/n/nkremerh/latexdiff:/afs/crc.nd.edu/user/n/nkremerh/envtrace:/afs/crc.nd.edu/user/n/nkremerh/endlines:/afs/crc.nd.edu/user/n/nkremerh/cctools/bin:/afs/crc.nd.edu/user/n/nkremerh/.cargo/bin:/afs/crc.nd.edu/group/ccl/software/x86_64/redhat7/ruby/current/bin:/afs/crc.nd.edu/group/ccl/software/x86_64/redhat7/graphviz/current/bin:/afs/crc.nd.edu/group/ccl/software/x86_64/redhat7/gnuplot/current/bin:/afs/crc.nd.edu/group/ccl/software/x86_64/redhat7/git/current/bin:/afs/crc.nd.edu/group/ccl/software/x86_64/redhat7/condor/current/sbin:/afs/crc.nd.edu/group/ccl/software/x86_64/redhat7/condor/current/bin:/afs/crc.nd.edu/group/ccl/software/x86_64/redhat7/cmake/current/bin:/afs/crc.nd.edu/group/ccl/software/x86_64/redhat7/clang/current/bin:/afs/crc.nd.edu/group/ccl/software/x86_64/redhat7/condor/current/sbin:/afs/crc.nd.edu/group/ccl/software/x86_64/redhat7/condor/current/bin:/afs/crc.nd.edu/group/ccl/software/x86_64/redhat7/cctools/current/bin:/afs/crc.nd.edu/x86_64_linux/Modules/4.5.0/bin:/opt/crc/usr/local/bin:/opt/sge/bin/lx-amd64:/usr/local/bin:/usr/bin:/usr/local/sbin:/usr/sbin:/afs/crc.nd.edu/user/c/condor/software/bin:/afs/crc.nd.edu/user/c/condor/software/sbin
CCLSOFTWARE=/afs/crc.nd.edu/group/ccl/software/x86_64/redhat7
PWD=/var/condor/execute/dir_24121/worker-213124-24186/t.978
_LMFILES_=/afs/crc.nd.edu/x86_64_linux/Modules/modules/system_modules/CRC_default/1.1
EDITOR=vim
SGE_EXECD_PORT=6445
LANG=en_US.UTF-8
SGE_QMASTER_PORT=6444
MODULEPATH=/afs/crc.nd.edu/x86_64_linux/Modules/modules/development_tools_and_libraries:/afs/crc.nd.edu/x86_64_linux/Modules/modules/general_software:/afs/crc.nd.edu/x86_64_linux/Modules/modules/restricted_software:/afs/crc.nd.edu/x86_64_linux/Modules/modules/system_modules:/afs/crc.nd.edu/x86_64_linux/Modules/modules/deprecated_software:/afs/crc.nd.edu/x86_64_linux/Modules/current/modulefiles
LOADEDMODULES=CRC_default/1.1
SGE_ROOT=/opt/sge
CCLPLATFORM=x86_64/redhat7
_CONDOR_SLOT=slot2_1
WORK_QUEUE_SANDBOX=/var/condor/execute/dir_24121/worker-213124-24186
USE_SYSTEMD=true
_CONDOR_LOWPORT=9100
HISTCONTROL=ignoreboth:erasedups
KRB5CCNAME=FILE:/tmp/krb5cc_213124_DZSV7p
GLOBUS_GSSAPI_NAME_COMPATIBILITY=STRICT_RFC2818
HOME=disc01.crc.nd.edu
SHLVL=6
PATH_modshare=/opt/crc/usr/local/bin:1:/opt/sge/bin/lx-amd64:1:/usr/sbin:1:/usr/bin:1:/afs/crc.nd.edu/user/c/condor/software/sbin:1:/usr/local/sbin:1:/afs/crc.nd.edu/user/c/condor/software/bin:1:/usr/local/bin:1
OSTYPE=linux
_CONDOR_MACHINE_AD=/var/condor/execute/dir_24121/.machine.ad
GREP_OPTIONS=--color=auto
DISK=18256
GLOBUS_GSSAPI_MIN_TLS_PROTOCOL=TLS1_VERSION
MANPATH_modshare=/usr/share/man/overrides:1:/usr/local/share/man:1:/usr/share/man:1:/opt/crc/usr/local/man:1:/opt/sge/man:1
MEMORY=1948
PERL_LOCAL_LIB_ROOT=/afs/crc.nd.edu/user/n/nkremerh/.perl5/
BASH_ENV=/afs/crc.nd.edu/x86_64_linux/Modules/4.5.0/init/bash
VENDOR=unknown
TMP=/var/condor/execute/dir_24121/worker-213124-24186/t.978/cctools-temp-t.978.LLcm1H
LOGNAME=nkremerh
MACHTYPE=x86_64
CCLHOME=/afs/crc.nd.edu/group/ccl
PYTHONPATH=/afs/crc.nd.edu/user/n/nkremerh/cctools/lib/python3.6/site-packages/
LD_LIBRARY_PATH_modshare=/opt/crc/usr/local/lib:1
SSH_CONNECTION=10.17.150.11 36546 129.74.128.103 22
MODULES_LMALTNAME_modshare=CRC_default/1.1&CRC_default/default&CRC_default:1
MODULESHOME=/afs/crc.nd.edu/x86_64_linux/Modules/4.5.0
GLOBUS_GSSAPI_CIPHERS=HIGH
GLOBUS_GSSAPI_BACKWARD_COMPATIBLE_MIC=true
LESSOPEN=||/usr/bin/lesspipe.sh %s
OMP_NUM_THREADS=1
_CONDOR_JOB_AD=/var/condor/execute/dir_24121/.job.ad
LOADEDMODULES_modshare=CRC_default/1.1:1
XDG_RUNTIME_DIR=/run/user/213124
SGE_CLUSTER_NAME=CRC
_CONDOR_ANCESTOR_3813=24121:1600190002:863842848
CCTOOLS=../cctools
CORES=2
_CONDOR_JOB_IWD=/var/condor/execute/dir_24121
PERL_MM_OPT=INSTALL_BASE=/afs/crc.nd.edu/user/n/nkremerh/.perl5/
GLOBUS_GSSAPI_SERVER_CIPHER_ORDER=true
_CONDOR_ANCESTOR_3607=3813:1598183989:3519041155
BASH_FUNC_module()=() {  unset _mlshdbg;
 if [ "${MODULES_SILENT_SHELL_DEBUG:-0}" = '1' ]; then
 case "$-" in 
 *v*x*)
 set +vx;
 _mlshdbg='vx'
 ;;
 *v*)
 set +v;
 _mlshdbg='v'
 ;;
 *x*)
 set +x;
 _mlshdbg='x'
 ;;
 *)
 _mlshdbg=''
 ;;
 esac;
 fi;
 unset _mlre _mlIFS;
 if [ -n "${IFS+x}" ]; then
 _mlIFS=$IFS;
 fi;
 IFS=' ';
 for _mlv in ${MODULES_RUN_QUARANTINE:-};
 do
 if [ "${_mlv}" = "${_mlv##*[!A-Za-z0-9_]}" -a "${_mlv}" = "${_mlv#[0-9]}" ]; then
 if [ -n "`eval 'echo ${'$_mlv'+x}'`" ]; then
 _mlre="${_mlre:-}${_mlv}_modquar='`eval 'echo ${'$_mlv'}'`' ";
 fi;
 _mlrv="MODULES_RUNENV_${_mlv}";
 _mlre="${_mlre:-}${_mlv}='`eval 'echo ${'$_mlrv':-}'`' ";
 fi;
 done;
 if [ -n "${_mlre:-}" ]; then
 eval `eval ${_mlre}/usr/bin/tclsh /afs/crc.nd.edu/x86_64_linux/Modules/4.5.0/libexec/modulecmd.tcl bash '"$@"'`;
 else
 eval `/usr/bin/tclsh /afs/crc.nd.edu/x86_64_linux/Modules/4.5.0/libexec/modulecmd.tcl bash "$@"`;
 fi;
 _mlstatus=$?;
 if [ -n "${_mlIFS+x}" ]; then
 IFS=$_mlIFS;
 else
 unset IFS;
 fi;
 unset _mlre _mlv _mlrv _mlIFS;
 if [ -n "${_mlshdbg:-}" ]; then
 set -$_mlshdbg;
 fi;
 unset _mlshdbg;
 return $_mlstatus
}
BASH_FUNC_ml()=() {  module ml "$@"
}
_=/usr/bin/printenv
