23294   0.000000 libjli.so->getenv("_JAVA_LAUNCHER_DEBUG") = nil
23294   0.001211 libjli.so->getenv("_JAVA_VERSION_SET") = nil
23294   0.000533 libjli.so->fopen("/usr/lib/jvm/java-1.8.0-openjdk-1.8.0.262.b10-0.el7_8.x86_64/jre/lib/amd64/jvm.cfg", "r") = 0x55cb068120e0
23294   0.000527 libjli.so->getenv("JDK_ALTERNATE_VM") = nil
23294   0.000205 libjli.so->__xstat(1, "/usr/lib/jvm/java-1.8.0-openjdk-1.8.0.262.b10-0.el7_8.x86_64/jre/lib/amd64/server/libjvm.so", 0x7fffbd88d150) = 0
23294   0.000387 libjli.so->getenv("LD_LIBRARY_PATH") = "/afs/crc.nd.edu/group/ccl/software/x86_64/redhat7/ruby/current/lib:/afs/crc.nd.edu/group/ccl/software/x86_64/redhat7/graphviz/current/lib:/afs/crc.nd.edu/group/ccl/software/x86_64/redhat7/git/current/lib:/afs/crc.nd.edu/group/ccl/software/x86_64/redhat7/condor/current/lib:/afs/crc.nd.edu/group/ccl/software/x86_64/redhat7/clang/current/lib:/afs/crc.nd.edu/group/ccl/software/x86_64/redhat7/condor/current/lib:/afs/crc.nd.edu/group/ccl/software/x86_64/redhat7/cctools/current/lib:/opt/crc/usr/local/lib"
23294   0.001356 libjli.so->dlopen("/usr/lib/jvm/java-1.8.0-openjdk-1.8.0.262.b10-0.el7_8.x86_64/jre/lib/amd64/server/libjvm.so", 258 <unfinished ...>
23294   0.024366 libjvm.so->getenv("NMT_LEVEL_23294") = nil
23294   0.001087 <... dlopen resumed> )          = 0x55cb068124b0
23294   0.000048 libjli.so->getenv("CLASSPATH")  = nil
23294   0.000202 libjli.so->getenv("_JAVA_SPLASH_JAR") = nil
23294   0.000195 libjli.so->getenv("_JAVA_SPLASH_FILE") = nil
23294   0.000202 libjli.so->pthread_attr_setdetachstate(0x7fffbd88d100, 0, 0x7fffbd88d190, 0) = 0
23294   0.000294 libpthread.so.0->__clone(0x2ba2afe9ede0, 0x2ba2afdb1fc0, 0x3d0f00, 0x2ba2afdb2700) = 0x5aff
23295   0.001436 libjvm.so->dlopen(0x2ba2b167d9ae, 1, 0xfffffffffff42c48, 4096) = 0x2ba2b4000990
23295   0.001660 libjvm.so->getenv(0x2ba2b169883e, 0, 115, 0x65737361) = 0x7fffbd893661
23295   0.000299 libjvm.so->fopen(0x2ba2afdb0c10, 0x2ba2b1634ccb, 0x6f732e79666972, 0x2ba2b0776ab0) = 0x2ba2b4001440
23295   0.000921 libjvm.so->dlopen(0x2ba2afdb0c10, 1, 0xffffffff, 0x2ba2b4002b00) = 0x2ba2b4001440
23295   0.000924 libjvm.so->fopen(0x2ba2afdb0c10, 0x2ba2b1634ccb, 111, 0x732e6176) = 0x2ba2b4001b10
23295   0.001023 libjvm.so->dlopen(0x2ba2afdb0c10, 1, 0xffffffff, 0x2ba2b4001a00) = 0x2ba2b4001b10
23295   0.001028 libjvm.so->__xstat(1, 0x2ba2afdb1360, 0x2ba2afdb1ba0, 0x746f7073746f682e) = -1
23295   0.000299 libjvm.so->getenv(0x2ba2b162d541, 0x2ba2afdb16d0, 1024, 0x2ba2b1ae761b) = 0
23295   0.000285 libjvm.so->getenv(0x2ba2b162d533, 0x2ba2afdb16d0, 1024, 0) = 0
23295   0.000286 libjvm.so->fopen(0x2ba2b167d315, 0x2ba2b1634ccb, 4095, 0xffffd45d4e9d2b03) = 0x2ba2b40032d0
23295   0.000701 libjvm.so->fopen(0x2ba2b167d361, 0x2ba2b1634ccb, 0x2ba2b4000078, 0x2ba2b40032c0) = 0x2ba2b40032d0
23295   0.000456 libjvm.so->fopen(0x2ba2afdab9b0, 0x2ba2b1634ccb, 4014, 3995) = 0x2ba2b40032d0
23295   0.000410 libjvm.so->opendir(0x2ba2b4002b40, 0x2ba2b4002b40, 13, 16) = 0
23295   0.000303 libjvm.so->__xstat(1, 0x2ba2afdb08f0, 0x2ba2afdaf860, 0x6f732e7477616d62) = -1
23295   0.000274 libjvm.so->__xstat(1, 0x2ba2afdb08f0, 0x2ba2afdaf860, 0x5f74776162696c2f) = 0
23295   0.000310 libjvm.so->fopen(0x2ba2afdafb90, 0x2ba2b1634ccb, 4009, 3994) = 0x2ba2b40037b0
23295   0.000438 libjvm.so->fopen(0x2ba2afdafb90, 0x2ba2b1634ccb, 4009, 3994) = 0x2ba2b40037b0
23295   0.000396 libjvm.so->fopen(0x2ba2afdafb90, 0x2ba2b1634ccb, 4009, 4002) = 0x2ba2b40037b0
23295   0.000414 libjvm.so->fopen(0x2ba2afdafb20, 0x2ba2b1634ccb, 4009, 3994) = 0x2ba2b40037b0
23295   0.000401 libjvm.so->fopen(0x2ba2afdafb20, 0x2ba2b1634ccb, 4009, 3994) = 0x2ba2b40037b0
23295   0.000391 libjvm.so->fopen(0x2ba2afdafb20, 0x2ba2b1634ccb, 4009, 4002) = 0x2ba2b40037b0
23295   0.000433 libjvm.so->fopen(0x2ba2afdafb50, 0x2ba2b1634ccb, 4014, 3995) = 0x2ba2b40037b0
23295   0.000530 libjvm.so->getenv(0x2ba2b167e0ff, 4096, 3, -1) = 0
23295   0.000578 libjvm.so->fopen(0x2ba2b167d998, 0x2ba2b1634ccb, 0x2ba2afe95908, 0x2ba2afe94df0) = 0x2ba2b40037b0
23295   0.003106 libjvm.so->open(0x2ba2b404a5a0, 0x20000, 0, 0x2ba2b404a5e9) = 3
23295   0.000290 libjvm.so->__fxstat(1, 3, 0x2ba2afdb1a00, -1) = 0
23295   0.000313 libjvm.so->opendir(0x2ba2b404a5a0, 0x2ba2afdb1a00, 0x4000, -1) = 0x2ba2b404b4b0
23295   0.000335 libjvm.so->__fxstat(1, 3, 0x2ba2afdb18a0, 0x2ba2b404b4b0) = 0
23295   0.000278 libjvm.so->__fxstat(1, 5, 0x2ba2afdb1930, -1) = 0
23295   0.000309 libjvm.so->open(0x2ba2b164b9dc, 0, 0, 0) = 3
23295   0.000457 libjvm.so->__lxstat(1, 0x2ba2b404a5a0, 0x2ba2afdb1b50, -144) = 0
23295   0.000313 libjvm.so->open(0x2ba2b404a5a0, 0x20000, 0x4000, -1) = 3
23295   0.000281 libjvm.so->__fxstat(1, 3, 0x2ba2afdb1a00, -1) = 0
23295   0.000327 libjvm.so->opendir(0x2ba2b404a5a0, 0x2ba2afdb1a00, 0x4000, -1) = 0x2ba2b404b4b0
23295   0.000298 libjvm.so->__fxstat(1, 3, 0x2ba2afdb18a0, 0x2ba2b404b4b0) = 0
23295   0.000277 libjvm.so->__fxstat(1, 5, 0x2ba2afdb1930, -1) = 0
23295   0.000310 libjvm.so->open(0x2ba2b164b9dc, 0, 0, 0) = 3
23295   0.000302 libjvm.so->open(0x2ba2b404a5e9, 0x20042, 384, -1) = 7
23295   0.000404 libjvm.so->__fxstat(1, 7, 0x2ba2afdb1b50, -1) = 0
23295   0.001125 libjvm.so->fopen(0x2ba2afdb0b60, 0x2ba2b1634ccb, 4, 0x6f732e70) = 0x2ba2b4057c00
23295   0.000968 libjvm.so->dlopen(0x2ba2afdb0b60, 1, 0xffffffff, 0x2ba2b4057b00) = 0x2ba2b4057c00
23295   0.000944 libjvm.so->__xstat(1, 0x2ba2afdb1120, 0x2ba2afdb1950, 2048) = 0
23295   0.000309 libjvm.so->__xstat(1, 0x2ba2afdb1120, 0x2ba2afdb1950, 2048) = 0
23295   0.000280 libjvm.so->__xstat(1, 0x2ba2afdb1120, 0x2ba2afdb1950, 2048) = -1
23295   0.000278 libjvm.so->__xstat(1, 0x2ba2afdb1120, 0x2ba2afdb1950, 2048) = 0
23295   0.000293 libjvm.so->__xstat(1, 0x2ba2afdb1120, 0x2ba2afdb1950, 2048) = 0
23295   0.000300 libjvm.so->__xstat(1, 0x2ba2afdb1120, 0x2ba2afdb1950, 2048) = 0
23295   0.000290 libjvm.so->__xstat(1, 0x2ba2afdb1120, 0x2ba2afdb1950, 2048) = 0
23295   0.000280 libjvm.so->__xstat(1, 0x2ba2afdb1120, 0x2ba2afdb1950, 2048) = -1
23295   0.000328 libjvm.so->fopen(0x2ba2b4002520, 0x2ba2b1634ccb, 0, 0) = 0x2ba2b4058aa0
23295   0.006230 libjvm.so->open64(0x2ba2afdb0410, 0, 0, 16) = 3
23295   0.000324 libjvm.so->__fxstat64(1, 3, 0x2ba2afdb0240, -1) = 0
23295   0.024562 libjvm.so->__xstat(1, 0x2ba2afdb0f20, 0x2ba2afdb1750, 2048) = -1
23295   0.000454 libjvm.so->fopen(0x2ba2afdafb20, 0x2ba2b1634ccb, 4009, 3994) = 0x2ba2b40b1fb0
23295   0.000472 libjvm.so->fopen(0x2ba2afdafb20, 0x2ba2b1634ccb, 4009, 3994) = 0x2ba2b40b1fb0
23295   0.000384 libjvm.so->fopen(0x2ba2afdafb20, 0x2ba2b1634ccb, 4009, 4002) = 0x2ba2b40b1fb0
23295   0.002931 libjvm.so->pthread_attr_setdetachstate(0x2ba2afdb1c00, 1, 0, 0) = 0
23295   0.000328 libpthread.so.0->__clone(0x2ba2afe9ede0, 0x2ba2b3f81fc0, 0x3d0f00, 0x2ba2b3f82700) = 0x5b00
23295   0.010421 libjvm.so->pthread_attr_setdetachstate(0x2ba2afdb1290, 1, 0, 0) = 0
23295   0.000458 libpthread.so.0->__clone(0x2ba2afe9ede0, 0x2ba2c88a0fc0, 0x3d0f00, 0x2ba2c88a1700) = 0x5b01
23295   0.004775 libjvm.so->pthread_attr_setdetachstate(0x2ba2afdb1610, 1, 0, 0) = 0
23295   0.000509 libpthread.so.0->__clone(0x2ba2afe9ede0, 0x2ba2c89a1fc0, 0x3d0f00, 0x2ba2c89a2700) = 0x5b02
23295   0.026956 libjvm.so->fopen(0x2ba2b40f17f0, 0x2ba2b1634ccb, 4, 0x6f732e70) = 0x2ba2b40f1cf0
23295   0.001404 libjvm.so->dlopen(0x2ba2b40f17f0, 1, 0xffffffff, 0x2ba2b40e8c00) = 0x2ba2b4057c00
23295   0.003529 libjvm.so->open64(0x2ba2afdb0510, 0, 0, 16) = 5
23295   0.000592 libjvm.so->__fxstat64(1, 5, 0x2ba2afdb0340, -1) = 0
23295   0.013242 libjvm.so->fopen(0x2ba2afdad130, 0x2ba2b1634ccb, 4009, 3994) = 0x2ba2b40fccc0
23295   0.000771 libjvm.so->fopen(0x2ba2afdad130, 0x2ba2b1634ccb, 4009, 3994) = 0x2ba2b40fccc0
23295   0.000714 libjvm.so->fopen(0x2ba2afdad130, 0x2ba2b1634ccb, 4009, 4002) = 0x2ba2b40fccc0
23295   0.010277 libjvm.so->pthread_attr_setdetachstate(0x2ba2afdb1b50, 1, 0, 0) = 0
23295   0.000695 libpthread.so.0->__clone(0x2ba2afe9ede0, 0x2ba2c8aa2fc0, 0x3d0f00, 0x2ba2c8aa3700) = 0x5b03
23295   0.001010 libjvm.so->__xstat64(1, 0x2ba2afdb1be0, 0x2ba2afdb1b50, 19) = -1
23295   0.000769 libjvm.so->pthread_attr_setdetachstate(0x2ba2afdb1950, 1, 0, 0) = 0
23295   0.000686 libpthread.so.0->__clone(0x2ba2afe9ede0, 0x2ba2c8ba3fc0, 0x3d0f00, 0x2ba2c8ba4700) = 0x5b04
23295   0.001107 libjvm.so->pthread_attr_setdetachstate(0x2ba2afdb1950, 1, 0, 0) = 0
23295   0.000910 libpthread.so.0->__clone(0x2ba2afe9ede0, 0x2ba2c8ca4fc0, 0x3d0f00, 0x2ba2c8ca5700) = 0x5b05
23295   0.007213 libjvm.so->pthread_attr_setdetachstate(0x2ba2afdb1aa0, 1, 0, 0) = 0
23295   0.000943 libpthread.so.0->__clone(0x2ba2afe9ede0, 0x2ba2c8da5fc0, 0x3d0f00, 0x2ba2c8da6700) = 0x5b06
23295   0.001488 libjvm.so->pthread_attr_setdetachstate(0x2ba2afdb1bb0, 1, 0, 0) = 0
23295   0.001012 libpthread.so.0->__clone(0x2ba2afe9ede0, 0x2ba2c8ea6fc0, 0x3d0f00, 0x2ba2c8ea7700) = 0x5b07
23295   0.010831 libjvm.so->open64(0x2ba2b4132d30, 0, 0, 48) = 7
23295   0.001157 libjvm.so->__fxstat64(1, 7, 0x2ba2afdaef60, -1) = 0
23295   0.017728 libjvm.so->fopen(0x2ba2b415c620, 0x2ba2b1634ccb, 4, 0x6f732e6f) = 0x2ba2b415c6e0
23295   0.002075 libjvm.so->dlopen(0x2ba2b415c620, 1, 0xffffffff, 0x2ba2b415c600) = 0x2ba2b415c6e0
23300   0.035725 --- SIGSEGV (Segmentation fault) ---
23295   0.040225 libjvm.so->fopen(0x2ba2afdabe40, 0x2ba2b1634ccb, 0x6f732e, 0x6d766a62696c2f72) = 0x2ba2b4171ec0
23295   0.004797 libjvm.so->dlopen(0x2ba2afdabe40, 1, 0xffffffff, 0x2ba2b4171e00) = 0x55cb068124b0
23295   0.001111 libjvm.so->fopen(0x2ba2afdabe40, 0x2ba2b1634ccb, 0x6f732e, 0x6d766a62696c2f72) = 0x2ba2b41722c0
23295   0.003279 libjvm.so->dlopen(0x2ba2afdabe40, 1, 0xffffffff, 0x2ba2b4171e00) = 0x55cb068124b0
23295   0.001066 libjvm.so->fopen(0x2ba2afdabe40, 0x2ba2b1634ccb, 0x6f732e, 0x6d766a62696c2f72) = 0x2ba2b4171ec0
23295   0.002517 libjvm.so->dlopen(0x2ba2afdabe40, 1, 0xffffffff, 0x2ba2b4171e00) = 0x55cb068124b0
23295   0.001081 libjvm.so->fopen(0x2ba2afdabe40, 0x2ba2b1634ccb, 0x6f732e, 0x6d766a62696c2f72) = 0x2ba2b4171ec0
23295   0.002827 libjvm.so->dlopen(0x2ba2afdabe40, 1, 0xffffffff, 0x2ba2b4171e00) = 0x55cb068124b0
23295   0.036400 libjvm.so->fopen(0x2ba2b41df430, 0x2ba2b1634ccb, 4, 0x6f732e74) = 0x2ba2b41ed2b0
23295   0.002102 libjvm.so->dlopen(0x2ba2b41df430, 1, 0xffffffff, 0x2ba2b41d5500) = 0x2ba2b41ed2b0
23295   0.093010 libjvm.so->fopen(0x2ba2b42505b0, 0x2ba2b1634ccb, 0x6f732e7373656c, 0x656c646165685f74) = 0x2ba2b42506c0
23295   0.002183 libjvm.so->dlopen(0x2ba2b42505b0, 1, 0xffffffff, 0x2ba2b4250600) = 0x2ba2b42506c0
23303   0.027848 +++ exited (status 0) +++
23299   0.000250 +++ exited (status 0) +++
23296   0.000192 +++ exited (status 0) +++
23295   0.000182 +++ exited (status 0) +++
23302   0.001999 +++ exited (status 1) +++
23300   0.000026 +++ exited (status 1) +++
23298   0.000016 +++ exited (status 1) +++
23297   0.000010 +++ exited (status 1) +++
23301   0.002416 +++ exited (status 1) +++
23294   0.000030 +++ exited (status 1) +++
Wrote an ltrace for command: "java -cp ./tools/maxent.jar density.Project outputs/Theclinesthes_miskini/Theclinesthes_miskini.lambdas data/layers/worldclim outputs/Theclinesthes_miskini_worldclim.asc nowarnings nocache autorun -z" with PID 23292 from PPID 23276 on disc23.crc.nd.edu with result 1
REMOTEHOST=10.17.150.11
_CONDOR_JOB_PIDS=
MANPATH=/afs/crc.nd.edu/user/n/nkremerh/cctools/share/man/:/afs/crc.nd.edu/group/ccl/software/x86_64/redhat7/ruby/current/share/man:/afs/crc.nd.edu/group/ccl/software/x86_64/redhat7/graphviz/current/share/man:/afs/crc.nd.edu/group/ccl/software/x86_64/redhat7/gnuplot/current/share/man:/afs/crc.nd.edu/group/ccl/software/x86_64/redhat7/git/current/share/man:/afs/crc.nd.edu/group/ccl/software/x86_64/redhat7/condor/current/share/man:/afs/crc.nd.edu/group/ccl/software/x86_64/redhat7/clang/current/share/man:/afs/crc.nd.edu/group/ccl/software/x86_64/redhat7/condor/current/share/man:/afs/crc.nd.edu/group/ccl/software/x86_64/redhat7/cctools/current/share/man:/afs/crc.nd.edu/group/ccl/software/x86_64/redhat7/cctools/current/share/man:/afs/crc.nd.edu/x86_64_linux/Modules/4.5.0/share/man:/opt/crc/usr/local/man:/opt/sge/man:/usr/share/man/overrides:/usr/share/man:/usr/local/share/man
XDG_SESSION_ID=4102
HOSTNAME=disc01.crc.nd.edu
_LMFILES__modshare=/afs/crc.nd.edu/x86_64_linux/Modules/modules/system_modules/CRC_default/1.1:1
MODULEPATH_modshare=/afs/crc.nd.edu/x86_64_linux/Modules/modules/general_software:1:/afs/crc.nd.edu/x86_64_linux/Modules/modules/development_tools_and_libraries:1:/afs/crc.nd.edu/x86_64_linux/Modules/modules/system_modules:1:/afs/crc.nd.edu/x86_64_linux/Modules/current/modulefiles:1:/afs/crc.nd.edu/x86_64_linux/Modules/modules/restricted_software:1:/afs/crc.nd.edu/x86_64_linux/Modules/modules/deprecated_software:1
MODULES_CMD=/afs/crc.nd.edu/x86_64_linux/Modules/4.5.0/libexec/modulecmd.tcl
HOST=disc01.crc.nd.edu
SHELL=/bin/tcsh
TERM=xterm-256color
MAKEFLAGS=
HISTSIZE=5000
TMPDIR=/var/condor/execute/dir_4602/worker-213124-4760/t.1643/cctools-temp-t.1643.wRDQFq
SSH_CLIENT=10.17.150.11 36546 22
PERL5LIB=/afs/crc.nd.edu/user/n/nkremerh/cctools/lib/perl5/site_perl/5.16.3:/afs/crc.nd.edu/user/n/nkremerh/.perl5/lib/perl5
SGE_CELL=crc
_CONDOR_SCRATCH_DIR=/var/condor/execute/dir_4602
PERL_MB_OPT=--install_base '/afs/crc.nd.edu/user/n/nkremerh/.perl5/'
SSH_TTY=/dev/pts/2
SGE_LOAD_AVG=load_avg
MAKEFLOW_MAX_LOCAL_JOBS=2
HISTFILESIZE=10000
_CHIRP_DELAYED_UPDATE_PREFIX=Chirp*
USER=nkremerh
GROUP=campus
LD_LIBRARY_PATH=/afs/crc.nd.edu/group/ccl/software/x86_64/redhat7/ruby/current/lib:/afs/crc.nd.edu/group/ccl/software/x86_64/redhat7/graphviz/current/lib:/afs/crc.nd.edu/group/ccl/software/x86_64/redhat7/git/current/lib:/afs/crc.nd.edu/group/ccl/software/x86_64/redhat7/condor/current/lib:/afs/crc.nd.edu/group/ccl/software/x86_64/redhat7/clang/current/lib:/afs/crc.nd.edu/group/ccl/software/x86_64/redhat7/condor/current/lib:/afs/crc.nd.edu/group/ccl/software/x86_64/redhat7/cctools/current/lib:/opt/crc/usr/local/lib
TEMP=/var/condor/execute/dir_4602/worker-213124-4760/t.1643/cctools-temp-t.1643.wRDQFq
BATCH_SYSTEM=HTCondor
WORKER_TMPDIR=/var/condor/execute/dir_4602/worker-213124-4760/cache/tmp
ENV=/afs/crc.nd.edu/x86_64_linux/Modules/4.5.0/init/profile.sh
MODULES_LMALTNAME=CRC_default/1.1&CRC_default/default&CRC_default
_CONDOR_ANCESTOR_3574=4602:1600190002:4040868520
_CONDOR_CHIRP_CONFIG=/var/condor/execute/dir_4602/.chirp.config
GLOBUS_GSSAPI_MAX_TLS_PROTOCOL=0
_CONDOR_HIGHPORT=9999
HOSTTYPE=x86_64-linux
MAKELEVEL=1
MFLAGS=
_CONDOR_ANCESTOR_4602=4736:1600190003:2984395350
CCLSOFTWARE=/afs/crc.nd.edu/group/ccl/software/x86_64/redhat7
PATH=/afs/crc.nd.edu/user/n/nkremerh/cctools/bin:/afs/crc.nd.edu/user/n/nkremerh/miniconda/bin:/afs/crc.nd.edu/group/ccl/software/git:/afs/crc.nd.edu/user/n/nkremerh/.local/bin:/afs/crc.nd.edu/group/ccl/software/x86_64/redhat7/povray/3.7/bin:/afs/crc.nd.edu/user/n/nkremerh/.perl5/bin:/afs/crc.nd.edu/user/n/nkremerh/pegasus/bin:/afs/crc.nd.edu/user/n/nkremerh/nodejs/bin:/afs/crc.nd.edu/user/n/nkremerh/montage/bin:/afs/crc.nd.edu/user/n/nkremerh/latexdiff:/afs/crc.nd.edu/user/n/nkremerh/envtrace:/afs/crc.nd.edu/user/n/nkremerh/endlines:/afs/crc.nd.edu/user/n/nkremerh/cctools/bin:/afs/crc.nd.edu/user/n/nkremerh/.cargo/bin:/afs/crc.nd.edu/group/ccl/software/x86_64/redhat7/ruby/current/bin:/afs/crc.nd.edu/group/ccl/software/x86_64/redhat7/graphviz/current/bin:/afs/crc.nd.edu/group/ccl/software/x86_64/redhat7/gnuplot/current/bin:/afs/crc.nd.edu/group/ccl/software/x86_64/redhat7/git/current/bin:/afs/crc.nd.edu/group/ccl/software/x86_64/redhat7/condor/current/sbin:/afs/crc.nd.edu/group/ccl/software/x86_64/redhat7/condor/current/bin:/afs/crc.nd.edu/group/ccl/software/x86_64/redhat7/cmake/current/bin:/afs/crc.nd.edu/group/ccl/software/x86_64/redhat7/clang/current/bin:/afs/crc.nd.edu/group/ccl/software/x86_64/redhat7/condor/current/sbin:/afs/crc.nd.edu/group/ccl/software/x86_64/redhat7/condor/current/bin:/afs/crc.nd.edu/group/ccl/software/x86_64/redhat7/cctools/current/bin:/afs/crc.nd.edu/x86_64_linux/Modules/4.5.0/bin:/opt/crc/usr/local/bin:/opt/sge/bin/lx-amd64:/usr/local/bin:/usr/bin:/usr/local/sbin:/usr/sbin:/afs/crc.nd.edu/user/c/condor/software/bin:/afs/crc.nd.edu/user/c/condor/software/sbin
MAIL=/var/spool/mail/nkremerh
_CONDOR_ANCESTOR_3382=3574:1598183948:1170902758
PWD=/var/condor/execute/dir_4602/worker-213124-4760/t.1643
_LMFILES_=/afs/crc.nd.edu/x86_64_linux/Modules/modules/system_modules/CRC_default/1.1
SGE_EXECD_PORT=6445
EDITOR=vim
LANG=en_US.UTF-8
MODULEPATH=/afs/crc.nd.edu/x86_64_linux/Modules/modules/development_tools_and_libraries:/afs/crc.nd.edu/x86_64_linux/Modules/modules/general_software:/afs/crc.nd.edu/x86_64_linux/Modules/modules/restricted_software:/afs/crc.nd.edu/x86_64_linux/Modules/modules/system_modules:/afs/crc.nd.edu/x86_64_linux/Modules/modules/deprecated_software:/afs/crc.nd.edu/x86_64_linux/Modules/current/modulefiles
SGE_QMASTER_PORT=6444
SGE_ROOT=/opt/sge
LOADEDMODULES=CRC_default/1.1
WORK_QUEUE_SANDBOX=/var/condor/execute/dir_4602/worker-213124-4760
_CONDOR_SLOT=slot2_1
CCLPLATFORM=x86_64/redhat7
USE_SYSTEMD=true
_CONDOR_LOWPORT=9100
KRB5CCNAME=FILE:/tmp/krb5cc_213124_DZSV7p
HISTCONTROL=ignoreboth:erasedups
PATH_modshare=/opt/crc/usr/local/bin:1:/opt/sge/bin/lx-amd64:1:/usr/sbin:1:/usr/bin:1:/afs/crc.nd.edu/user/c/condor/software/sbin:1:/usr/local/sbin:1:/afs/crc.nd.edu/user/c/condor/software/bin:1:/usr/local/bin:1
SHLVL=7
HOME=disc01.crc.nd.edu
GLOBUS_GSSAPI_NAME_COMPATIBILITY=STRICT_RFC2818
_CONDOR_MACHINE_AD=/var/condor/execute/dir_4602/.machine.ad
OSTYPE=linux
DISK=18248
GREP_OPTIONS=--color=auto
GLOBUS_GSSAPI_MIN_TLS_PROTOCOL=TLS1_VERSION
MEMORY=1948
MANPATH_modshare=/usr/share/man/overrides:1:/usr/local/share/man:1:/usr/share/man:1:/opt/crc/usr/local/man:1:/opt/sge/man:1
VENDOR=unknown
BASH_ENV=/afs/crc.nd.edu/x86_64_linux/Modules/4.5.0/init/bash
PERL_LOCAL_LIB_ROOT=/afs/crc.nd.edu/user/n/nkremerh/.perl5/
PYTHONPATH=/afs/crc.nd.edu/user/n/nkremerh/cctools/lib/python3.6/site-packages/
CCLHOME=/afs/crc.nd.edu/group/ccl
MACHTYPE=x86_64
LOGNAME=nkremerh
TMP=/var/condor/execute/dir_4602/worker-213124-4760/t.1643/cctools-temp-t.1643.wRDQFq
LD_LIBRARY_PATH_modshare=/opt/crc/usr/local/lib:1
MODULES_LMALTNAME_modshare=CRC_default/1.1&CRC_default/default&CRC_default:1
SSH_CONNECTION=10.17.150.11 36546 129.74.128.103 22
MODULESHOME=/afs/crc.nd.edu/x86_64_linux/Modules/4.5.0
OMP_NUM_THREADS=1
LESSOPEN=||/usr/bin/lesspipe.sh %s
GLOBUS_GSSAPI_BACKWARD_COMPATIBLE_MIC=true
GLOBUS_GSSAPI_CIPHERS=HIGH
LOADEDMODULES_modshare=CRC_default/1.1:1
_CONDOR_JOB_AD=/var/condor/execute/dir_4602/.job.ad
SGE_CLUSTER_NAME=CRC
XDG_RUNTIME_DIR=/run/user/213124
CCTOOLS=../cctools
CORES=2
_CONDOR_JOB_IWD=/var/condor/execute/dir_4602
PERL_MM_OPT=INSTALL_BASE=/afs/crc.nd.edu/user/n/nkremerh/.perl5/
GLOBUS_GSSAPI_SERVER_CIPHER_ORDER=true
BASH_FUNC_module()=() {  unset _mlshdbg;
 if [ "${MODULES_SILENT_SHELL_DEBUG:-0}" = '1' ]; then
 case "$-" in 
 *v*x*)
 set +vx;
 _mlshdbg='vx'
 ;;
 *v*)
 set +v;
 _mlshdbg='v'
 ;;
 *x*)
 set +x;
 _mlshdbg='x'
 ;;
 *)
 _mlshdbg=''
 ;;
 esac;
 fi;
 unset _mlre _mlIFS;
 if [ -n "${IFS+x}" ]; then
 _mlIFS=$IFS;
 fi;
 IFS=' ';
 for _mlv in ${MODULES_RUN_QUARANTINE:-};
 do
 if [ "${_mlv}" = "${_mlv##*[!A-Za-z0-9_]}" -a "${_mlv}" = "${_mlv#[0-9]}" ]; then
 if [ -n "`eval 'echo ${'$_mlv'+x}'`" ]; then
 _mlre="${_mlre:-}${_mlv}_modquar='`eval 'echo ${'$_mlv'}'`' ";
 fi;
 _mlrv="MODULES_RUNENV_${_mlv}";
 _mlre="${_mlre:-}${_mlv}='`eval 'echo ${'$_mlrv':-}'`' ";
 fi;
 done;
 if [ -n "${_mlre:-}" ]; then
 eval `eval ${_mlre}/usr/bin/tclsh /afs/crc.nd.edu/x86_64_linux/Modules/4.5.0/libexec/modulecmd.tcl bash '"$@"'`;
 else
 eval `/usr/bin/tclsh /afs/crc.nd.edu/x86_64_linux/Modules/4.5.0/libexec/modulecmd.tcl bash "$@"`;
 fi;
 _mlstatus=$?;
 if [ -n "${_mlIFS+x}" ]; then
 IFS=$_mlIFS;
 else
 unset IFS;
 fi;
 unset _mlre _mlv _mlrv _mlIFS;
 if [ -n "${_mlshdbg:-}" ]; then
 set -$_mlshdbg;
 fi;
 unset _mlshdbg;
 return $_mlstatus
}
BASH_FUNC_ml()=() {  module ml "$@"
}
_=/usr/bin/printenv
