24514   0.000000 libjli.so->getenv("_JAVA_LAUNCHER_DEBUG") = nil
24514   0.001657 libjli.so->getenv("_JAVA_VERSION_SET") = nil
24514   0.000751 libjli.so->fopen("/usr/lib/jvm/java-1.8.0-openjdk-1.8.0.262.b10-0.el7_8.x86_64/jre/lib/amd64/jvm.cfg", "r") = 0x563725e2f0f0
24514   0.000711 libjli.so->getenv("JDK_ALTERNATE_VM") = nil
24514   0.000269 libjli.so->__xstat(1, "/usr/lib/jvm/java-1.8.0-openjdk-1.8.0.262.b10-0.el7_8.x86_64/jre/lib/amd64/server/libjvm.so", 0x7ffefccf8360) = 0
24514   0.000549 libjli.so->getenv("LD_LIBRARY_PATH") = "/afs/crc.nd.edu/group/ccl/software/x86_64/redhat7/ruby/current/lib:/afs/crc.nd.edu/group/ccl/software/x86_64/redhat7/graphviz/current/lib:/afs/crc.nd.edu/group/ccl/software/x86_64/redhat7/git/current/lib:/afs/crc.nd.edu/group/ccl/software/x86_64/redhat7/condor/current/lib:/afs/crc.nd.edu/group/ccl/software/x86_64/redhat7/clang/current/lib:/afs/crc.nd.edu/group/ccl/software/x86_64/redhat7/condor/current/lib:/afs/crc.nd.edu/group/ccl/software/x86_64/redhat7/cctools/current/lib:/opt/crc/usr/local/lib"
24514   0.001907 libjli.so->dlopen("/usr/lib/jvm/java-1.8.0-openjdk-1.8.0.262.b10-0.el7_8.x86_64/jre/lib/amd64/server/libjvm.so", 258 <unfinished ...>
24514   0.035037 libjvm.so->getenv("NMT_LEVEL_24514") = nil
24514   0.001453 <... dlopen resumed> )          = 0x563725e2f4c0
24514   0.000081 libjli.so->getenv("CLASSPATH")  = nil
24514   0.000303 libjli.so->getenv("_JAVA_SPLASH_JAR") = nil
24514   0.000272 libjli.so->getenv("_JAVA_SPLASH_FILE") = nil
24514   0.000334 libjli.so->pthread_attr_setdetachstate(0x7ffefccf8310, 0, 0x7ffefccf83a0, 0) = 0
24514   0.000459 libpthread.so.0->__clone(0x2b87115edde0, 0x2b8711500fc0, 0x3d0f00, 0x2b8711501700) = 0x5fc7
24519   0.001534 libjvm.so->dlopen(0x2b8712dcc9ae, 1, 0xfffffffffff42c48, 4096) = 0x2b8714000990
24519   0.003186 libjvm.so->getenv(0x2b8712de783e, 0, 115, 0x65737361) = 0x7ffefccfd6dc
24519   0.000493 libjvm.so->fopen(0x2b87114ffc10, 0x2b8712d83ccb, 0x6f732e79666972, 0x2b8711ec5ab0) = 0x2b8714001440
24519   0.001374 libjvm.so->dlopen(0x2b87114ffc10, 1, 0xffffffff, 0x2b8714002b00) = 0x2b8714001440
24519   0.001394 libjvm.so->fopen(0x2b87114ffc10, 0x2b8712d83ccb, 111, 0x732e6176) = 0x2b8714001b10
24519   0.002277 libjvm.so->dlopen(0x2b87114ffc10, 1, 0xffffffff, 0x2b8714001a00) = 0x2b8714001b10
24519   0.001438 libjvm.so->__xstat(1, 0x2b8711500360, 0x2b8711500ba0, 0x746f7073746f682e) = -1
24519   0.000416 libjvm.so->getenv(0x2b8712d7c541, 0x2b87115006d0, 1024, 0x2b871323661b) = 0
24519   0.000428 libjvm.so->getenv(0x2b8712d7c533, 0x2b87115006d0, 1024, 0) = 0
24519   0.000381 libjvm.so->fopen(0x2b8712dcc315, 0x2b8712d83ccb, 4095, 0xffffd478ed283b03) = 0x2b8714003290
24519   0.000942 libjvm.so->fopen(0x2b8712dcc361, 0x2b8712d83ccb, 0x2b8714000078, 0x2b8714003280) = 0x2b8714003290
24519   0.000676 libjvm.so->fopen(0x2b87114fa9b0, 0x2b8712d83ccb, 4014, 3995) = 0x2b8714003290
24519   0.000665 libjvm.so->opendir(0x2b8714002b40, 0x2b8714002b40, 13, 16) = 0
24519   0.000774 libjvm.so->__xstat(1, 0x2b87114ff8f0, 0x2b87114fe860, 0x6f732e7477616d62) = -1
24519   0.000381 libjvm.so->__xstat(1, 0x2b87114ff8f0, 0x2b87114fe860, 0x5f74776162696c2f) = 0
24519   0.000572 libjvm.so->fopen(0x2b87114feb90, 0x2b8712d83ccb, 4009, 3994) = 0x2b8714003770
24519   0.000697 libjvm.so->fopen(0x2b87114feb90, 0x2b8712d83ccb, 4009, 3994) = 0x2b8714003770
24519   0.000639 libjvm.so->fopen(0x2b87114feb90, 0x2b8712d83ccb, 4009, 4002) = 0x2b8714003770
24519   0.001101 libjvm.so->fopen(0x2b87114feb20, 0x2b8712d83ccb, 4009, 3994) = 0x2b8714003770
24519   0.000537 libjvm.so->fopen(0x2b87114feb20, 0x2b8712d83ccb, 4009, 3994) = 0x2b8714003770
24519   0.001299 libjvm.so->fopen(0x2b87114feb20, 0x2b8712d83ccb, 4009, 4002) = 0x2b8714003770
24519   0.000548 libjvm.so->fopen(0x2b87114feb50, 0x2b8712d83ccb, 4014, 3995) = 0x2b8714003770
24519   0.000801 libjvm.so->getenv(0x2b8712dcd0ff, 4096, 3, -1) = 0
24519   0.000982 libjvm.so->fopen(0x2b8712dcc998, 0x2b8712d83ccb, 0x2b87115e4908, 0x2b87115e3df0) = 0x2b8714003770
24519   0.008124 libjvm.so->open(0x2b871404a560, 0x20000, 0, 0x2b871404a5a9) = 3
24519   0.000535 libjvm.so->__fxstat(1, 3, 0x2b8711500a00, -1) = 0
24519   0.000495 libjvm.so->opendir(0x2b871404a560, 0x2b8711500a00, 0x4000, -1) = 0x2b871404b470
24519   0.000501 libjvm.so->__fxstat(1, 3, 0x2b87115008a0, 0x2b871404b470) = 0
24519   0.000445 libjvm.so->__fxstat(1, 5, 0x2b8711500930, -1) = 0
24519   0.000529 libjvm.so->open(0x2b8712d9a9dc, 0, 0, 0) = 3
24519   0.001067 libjvm.so->__lxstat(1, 0x2b871404a560, 0x2b8711500b50, -144) = 0
24519   0.000493 libjvm.so->open(0x2b871404a560, 0x20000, 0x4000, -1) = 3
24519   0.000477 libjvm.so->__fxstat(1, 3, 0x2b8711500a00, -1) = 0
24519   0.000470 libjvm.so->opendir(0x2b871404a560, 0x2b8711500a00, 0x4000, -1) = 0x2b871404b470
24519   0.000468 libjvm.so->__fxstat(1, 3, 0x2b87115008a0, 0x2b871404b470) = 0
24519   0.000481 libjvm.so->__fxstat(1, 5, 0x2b8711500930, -1) = 0
24519   0.000634 libjvm.so->open(0x2b8712d9a9dc, 0, 0, 0) = 3
24519   0.000455 libjvm.so->open(0x2b871404a5a9, 0x20042, 384, -1) = 7
24519   0.000744 libjvm.so->__fxstat(1, 7, 0x2b8711500b50, -1) = 0
24519   0.001812 libjvm.so->fopen(0x2b87114ffb60, 0x2b8712d83ccb, 4, 0x6f732e70) = 0x2b8714057bc0
24519   0.001428 libjvm.so->dlopen(0x2b87114ffb60, 1, 0xffffffff, 0x2b8714057b00) = 0x2b8714057bc0
24519   0.001439 libjvm.so->__xstat(1, 0x2b8711500120, 0x2b8711500950, 2048) = 0
24519   0.000476 libjvm.so->__xstat(1, 0x2b8711500120, 0x2b8711500950, 2048) = 0
24519   0.000539 libjvm.so->__xstat(1, 0x2b8711500120, 0x2b8711500950, 2048) = -1
24519   0.000455 libjvm.so->__xstat(1, 0x2b8711500120, 0x2b8711500950, 2048) = 0
24519   0.000505 libjvm.so->__xstat(1, 0x2b8711500120, 0x2b8711500950, 2048) = 0
24519   0.000457 libjvm.so->__xstat(1, 0x2b8711500120, 0x2b8711500950, 2048) = 0
24519   0.000482 libjvm.so->__xstat(1, 0x2b8711500120, 0x2b8711500950, 2048) = 0
24519   0.000492 libjvm.so->__xstat(1, 0x2b8711500120, 0x2b8711500950, 2048) = -1
24519   0.000463 libjvm.so->fopen(0x2b8714002520, 0x2b8712d83ccb, 0, 0) = 0x2b8714058a60
24519   0.008742 libjvm.so->open64(0x2b87114ff410, 0, 0, 16) = 3
24519   0.000593 libjvm.so->__fxstat64(1, 3, 0x2b87114ff240, -1) = 0
24519   0.036518 libjvm.so->__xstat(1, 0x2b87114fff20, 0x2b8711500750, 2048) = -1
24519   0.000704 libjvm.so->fopen(0x2b87114feb20, 0x2b8712d83ccb, 4009, 3994) = 0x2b87140b5e20
24519   0.000871 libjvm.so->fopen(0x2b87114feb20, 0x2b8712d83ccb, 4009, 3994) = 0x2b87140b5e20
24519   0.000661 libjvm.so->fopen(0x2b87114feb20, 0x2b8712d83ccb, 4009, 4002) = 0x2b87140b5e20
24519   0.004375 libjvm.so->pthread_attr_setdetachstate(0x2b8711500c00, 1, 0, 0) = 0
24519   0.000599 libpthread.so.0->__clone(0x2b87115edde0, 0x2b8729ee4fc0, 0x3d0f00, 0x2b8729ee5700) = 0x5fc8
24519   0.016727 libjvm.so->pthread_attr_setdetachstate(0x2b8711500290, 1, 0, 0) = 0
24519   0.000754 libpthread.so.0->__clone(0x2b87115edde0, 0x2b8729fe5fc0, 0x3d0f00, 0x2b8729fe6700) = 0x5fc9
24519   0.007242 libjvm.so->pthread_attr_setdetachstate(0x2b8711500610, 1, 0, 0) = 0
24519   0.000872 libpthread.so.0->__clone(0x2b87115edde0, 0x2b872a0e6fc0, 0x3d0f00, 0x2b872a0e7700) = 0x5fca
24519   0.042036 libjvm.so->fopen(0x2b87140e9130, 0x2b8712d83ccb, 4, 0x6f732e70) = 0x2b87140f1c70
24519   0.002091 libjvm.so->dlopen(0x2b87140e9130, 1, 0xffffffff, 0x2b87140ec300) = 0x2b8714057bc0
24519   0.005938 libjvm.so->open64(0x2b87114ff510, 0, 0, 16) = 5
24519   0.001201 libjvm.so->__fxstat64(1, 5, 0x2b87114ff340, -1) = 0
24519   0.025921 libjvm.so->fopen(0x2b87114fc130, 0x2b8712d83ccb, 4009, 3994) = 0x2b87140fcbc0
24519   0.001394 libjvm.so->fopen(0x2b87114fc130, 0x2b8712d83ccb, 4009, 3994) = 0x2b87140fcbc0
24519   0.001049 libjvm.so->fopen(0x2b87114fc130, 0x2b8712d83ccb, 4009, 4002) = 0x2b87140fcbc0
24519   0.015857 libjvm.so->pthread_attr_setdetachstate(0x2b8711500b50, 1, 0, 0) = 0
24519   0.000966 libpthread.so.0->__clone(0x2b87115edde0, 0x2b872a1e7fc0, 0x3d0f00, 0x2b872a1e8700) = 0x5fcb
24519   0.001525 libjvm.so->__xstat64(1, 0x2b8711500be0, 0x2b8711500b50, 19) = -1
24519   0.001192 libjvm.so->pthread_attr_setdetachstate(0x2b8711500950, 1, 0, 0) = 0
24519   0.001262 libpthread.so.0->__clone(0x2b87115edde0, 0x2b872a2e8fc0, 0x3d0f00, 0x2b872a2e9700) = 0x5fcc
24519   0.001813 libjvm.so->pthread_attr_setdetachstate(0x2b8711500950, 1, 0, 0) = 0
24519   0.001327 libpthread.so.0->__clone(0x2b87115edde0, 0x2b872a3e9fc0, 0x3d0f00, 0x2b872a3ea700) = 0x5fcd
24519   0.009141 libjvm.so->pthread_attr_setdetachstate(0x2b8711500aa0, 1, 0, 0) = 0
24519   0.001574 libpthread.so.0->__clone(0x2b87115edde0, 0x2b872a4eafc0, 0x3d0f00, 0x2b872a4eb700) = 0x5fce
24519   0.002349 libjvm.so->pthread_attr_setdetachstate(0x2b8711500bb0, 1, 0, 0) = 0
24519   0.002089 libpthread.so.0->__clone(0x2b87115edde0, 0x2b872a5ebfc0, 0x3d0f00, 0x2b872a5ec700) = 0x5fcf
24519   0.016136 libjvm.so->open64(0x2b871412e840, 0, 0, 0) = 7
24519   0.001732 libjvm.so->__fxstat64(1, 7, 0x2b87114fdf60, -1) = 0
24519   0.025753 libjvm.so->fopen(0x2b8714154580, 0x2b8712d83ccb, 4, 0x6f732e6f) = 0x2b8714154750
24519   0.003209 libjvm.so->dlopen(0x2b8714154580, 1, 0xffffffff, 0x2b8714154600) = 0x2b8714154750
24519   0.130256 libjvm.so->fopen(0x2b871419a450, 0x2b8712d83ccb, 4, 0x6f732e74) = 0x2b871419d700
24519   0.003198 libjvm.so->dlopen(0x2b871419a450, 1, 0xffffffff, 0x2b871419d600) = 0x2b87141a7ab0
24519   0.146971 libjvm.so->fopen(0x2b8714220b10, 0x2b8712d83ccb, 0x6f732e7373656c, 0x656c646165685f74) = 0x2b8714220bf0
24519   0.002916 libjvm.so->dlopen(0x2b8714220b10, 1, 0xffffffff, 0x2b8714220b00) = 0x2b8714220bf0
24519   0.041177 libjvm.so->fopen(0x2b87114fba20, 0x2b8712d83ccb, 0x6f732e, 0x6d766a62696c2f72) = 0x2b87142324f0
24519   0.006554 libjvm.so->dlopen(0x2b87114fba20, 1, 0xffffffff, 0x2b8714232400) = 0x563725e2f4c0
24519   0.004388 libjvm.so->fopen(0x2b87114fba20, 0x2b8712d83ccb, 0x6f732e, 0x6d766a62696c2f72) = 0x2b87142335d0
24519   0.006095 libjvm.so->dlopen(0x2b87114fba20, 1, 0xffffffff, 0x2b8714232400) = 0x563725e2f4c0
24519   0.001717 libjvm.so->fopen(0x2b87114fba20, 0x2b8712d83ccb, 0x6f732e, 0x6d766a62696c2f72) = 0x2b87142324f0
24519   0.007572 libjvm.so->dlopen(0x2b87114fba20, 1, 0xffffffff, 0x2b8714232400) = 0x563725e2f4c0
24519   0.001666 libjvm.so->fopen(0x2b87114fba20, 0x2b8712d83ccb, 0x6f732e, 0x6d766a62696c2f72) = 0x2b87142324f0
24519   0.004204 libjvm.so->dlopen(0x2b87114fba20, 1, 0xffffffff, 0x2b8714232400) = 0x563725e2f4c0
24519   3.613914 --- SIGSEGV (Segmentation fault) ---
24519   1.205772 libjvm.so->fopen(0x2b87114fdca0, 0x2b8712d83ccb, 111, 0x732e6176) = 0x2b8714267660
24519   0.002026 libjvm.so->dlopen(0x2b87114fdca0, 1, 0xffffffff, 0x2b8714267400) = 0x2b8714001b10
24519   0.001118 libjvm.so->fopen(0x2b87114fdca0, 0x2b8712d83ccb, 111, 0x732e6176) = 0x2b87142688e0
24519   0.002622 libjvm.so->dlopen(0x2b87114fdca0, 1, 0xffffffff, 0x2b8714267400) = 0x2b8714001b10
24519   0.002615 libjvm.so->fopen(0x2b87114fdca0, 0x2b8712d83ccb, 111, 0x732e6176) = 0x2b87142688e0
24519   0.001851 libjvm.so->dlopen(0x2b87114fdca0, 1, 0xffffffff, 0x2b8714267400) = 0x2b8714001b10
24519   0.001082 libjvm.so->fopen(0x2b87114fdca0, 0x2b8712d83ccb, 111, 0x732e6176) = 0x2b8714267660
24519   0.001821 libjvm.so->dlopen(0x2b87114fdca0, 1, 0xffffffff, 0x2b8714267400) = 0x2b8714001b10
24519   5.621569 libjvm.so->fopen(0x2b87114fdbf0, 0x2b8712d83ccb, 111, 0x732e6176) = 0x2b8714268990
24519   0.003064 libjvm.so->dlopen(0x2b87114fdbf0, 1, 0xffffffff, 0x2b8714268d00) = 0x2b8714001b10
24519   0.002068 libjvm.so->fopen(0x2b87114fdbf0, 0x2b8712d83ccb, 111, 0x732e6176) = 0x2b8714268190
24519   0.007654 libjvm.so->dlopen(0x2b87114fdbf0, 1, 0xffffffff, 0x2b8714268d00) = 0x2b8714001b10
24519   0.001678 libjvm.so->fopen(0x2b87114fdbf0, 0x2b8712d83ccb, 111, 0x732e6176) = 0x2b8714268190
24519   0.002834 libjvm.so->dlopen(0x2b87114fdbf0, 1, 0xffffffff, 0x2b8714268d00) = 0x2b8714001b10
24519   0.001716 libjvm.so->fopen(0x2b87114fdbf0, 0x2b8712d83ccb, 111, 0x732e6176) = 0x2b8714268190
24519   0.004977 libjvm.so->dlopen(0x2b87114fdbf0, 1, 0xffffffff, 0x2b8714268d00) = 0x2b8714001b10
24527   0.247650 +++ exited (status 0) +++
24523   0.000277 --- SIGSEGV (Segmentation fault) ---
24520   0.000577 +++ exited (status 0) +++
24519   0.000203 +++ exited (status 0) +++
24526   0.000399 +++ exited (status 0) +++
24525   0.000023 +++ exited (status 0) +++
24524   0.000030 +++ exited (status 0) +++
24522   0.000015 +++ exited (status 0) +++
24521   0.000013 +++ exited (status 0) +++
24523   0.022847 +++ exited (status 0) +++
24514   0.000092 +++ exited (status 0) +++
Wrote an ltrace for command: "java -cp ./tools/maxent.jar density.MaxEnt -s outputs/Evania_appendigaster.csv -e data/layers/worldclim -o outputs/Evania_appendigaster nowarnings nocache autorun -z" with PID 24512 from PPID 24493 on disc24.crc.nd.edu with result 0
REMOTEHOST=129.74.154.87
MANPATH=/afs/crc.nd.edu/user/n/nkremerh/cctools/share/man/:/afs/crc.nd.edu/group/ccl/software/x86_64/redhat7/ruby/current/share/man:/afs/crc.nd.edu/group/ccl/software/x86_64/redhat7/graphviz/current/share/man:/afs/crc.nd.edu/group/ccl/software/x86_64/redhat7/gnuplot/current/share/man:/afs/crc.nd.edu/group/ccl/software/x86_64/redhat7/git/current/share/man:/afs/crc.nd.edu/group/ccl/software/x86_64/redhat7/condor/current/share/man:/afs/crc.nd.edu/group/ccl/software/x86_64/redhat7/clang/current/share/man:/afs/crc.nd.edu/group/ccl/software/x86_64/redhat7/condor/current/share/man:/afs/crc.nd.edu/group/ccl/software/x86_64/redhat7/cctools/current/share/man:/afs/crc.nd.edu/group/ccl/software/x86_64/redhat7/cctools/current/share/man:/afs/crc.nd.edu/x86_64_linux/Modules/4.5.0/share/man:/opt/crc/usr/local/man:/opt/sge/man:/usr/share/man/overrides:/usr/share/man:/usr/local/share/man
_CONDOR_JOB_PIDS=
XDG_SESSION_ID=2226
HOSTNAME=disc01.crc.nd.edu
_LMFILES__modshare=/afs/crc.nd.edu/x86_64_linux/Modules/modules/system_modules/CRC_default/1.1:1
_CONDOR_ANCESTOR_3558=3653:1596369982:487954646
MODULEPATH_modshare=/afs/crc.nd.edu/x86_64_linux/Modules/modules/general_software:1:/afs/crc.nd.edu/x86_64_linux/Modules/modules/development_tools_and_libraries:1:/afs/crc.nd.edu/x86_64_linux/Modules/modules/system_modules:1:/afs/crc.nd.edu/x86_64_linux/Modules/current/modulefiles:1:/afs/crc.nd.edu/x86_64_linux/Modules/modules/restricted_software:1:/afs/crc.nd.edu/x86_64_linux/Modules/modules/deprecated_software:1
TERM=xterm-256color
SHELL=/bin/tcsh
HOST=disc01.crc.nd.edu
MODULES_CMD=/afs/crc.nd.edu/x86_64_linux/Modules/4.5.0/libexec/modulecmd.tcl
HISTSIZE=5000
MAKEFLAGS=
SSH_CLIENT=129.74.154.87 57278 22
TMPDIR=/var/condor/execute/dir_20558/worker-213124-20636/t.703/cctools-temp-t.703.NsL4nR
PERL5LIB=/afs/crc.nd.edu/user/n/nkremerh/cctools/lib/perl5/site_perl/5.16.3:/afs/crc.nd.edu/user/n/nkremerh/.perl5/lib/perl5
SGE_CELL=crc
_CONDOR_SCRATCH_DIR=/var/condor/execute/dir_20558
PERL_MB_OPT=--install_base '/afs/crc.nd.edu/user/n/nkremerh/.perl5/'
SSH_TTY=/dev/pts/0
SGE_LOAD_AVG=load_avg
MAKEFLOW_MAX_LOCAL_JOBS=2
GROUP=campus
USER=nkremerh
_CHIRP_DELAYED_UPDATE_PREFIX=Chirp*
HISTFILESIZE=10000
TEMP=/var/condor/execute/dir_20558/worker-213124-20636/t.703/cctools-temp-t.703.NsL4nR
LD_LIBRARY_PATH=/afs/crc.nd.edu/group/ccl/software/x86_64/redhat7/ruby/current/lib:/afs/crc.nd.edu/group/ccl/software/x86_64/redhat7/graphviz/current/lib:/afs/crc.nd.edu/group/ccl/software/x86_64/redhat7/git/current/lib:/afs/crc.nd.edu/group/ccl/software/x86_64/redhat7/condor/current/lib:/afs/crc.nd.edu/group/ccl/software/x86_64/redhat7/clang/current/lib:/afs/crc.nd.edu/group/ccl/software/x86_64/redhat7/condor/current/lib:/afs/crc.nd.edu/group/ccl/software/x86_64/redhat7/cctools/current/lib:/opt/crc/usr/local/lib
BATCH_SYSTEM=HTCondor
_CONDOR_ANCESTOR_3653=20558:1597419250:2146104683
MODULES_LMALTNAME=CRC_default/1.1&CRC_default/default&CRC_default
ENV=/afs/crc.nd.edu/x86_64_linux/Modules/4.5.0/init/profile.sh
WORKER_TMPDIR=/var/condor/execute/dir_20558/worker-213124-20636/cache/tmp
HOSTTYPE=x86_64-linux
_CONDOR_HIGHPORT=9999
GLOBUS_GSSAPI_MAX_TLS_PROTOCOL=0
_CONDOR_CHIRP_CONFIG=/var/condor/execute/dir_20558/.chirp.config
MAKELEVEL=1
MFLAGS=
MAIL=/var/spool/mail/nkremerh
PATH=/afs/crc.nd.edu/user/n/nkremerh/cctools/bin:/afs/crc.nd.edu/user/n/nkremerh/miniconda/bin:/afs/crc.nd.edu/group/ccl/software/git:/afs/crc.nd.edu/user/n/nkremerh/.local/bin:/afs/crc.nd.edu/group/ccl/software/x86_64/redhat7/povray/3.7/bin:/afs/crc.nd.edu/user/n/nkremerh/.perl5/bin:/afs/crc.nd.edu/user/n/nkremerh/pegasus/bin:/afs/crc.nd.edu/user/n/nkremerh/nodejs/bin:/afs/crc.nd.edu/user/n/nkremerh/montage/bin:/afs/crc.nd.edu/user/n/nkremerh/latexdiff:/afs/crc.nd.edu/user/n/nkremerh/envtrace:/afs/crc.nd.edu/user/n/nkremerh/endlines:/afs/crc.nd.edu/user/n/nkremerh/cctools/bin:/afs/crc.nd.edu/user/n/nkremerh/.cargo/bin:/afs/crc.nd.edu/group/ccl/software/x86_64/redhat7/ruby/current/bin:/afs/crc.nd.edu/group/ccl/software/x86_64/redhat7/graphviz/current/bin:/afs/crc.nd.edu/group/ccl/software/x86_64/redhat7/gnuplot/current/bin:/afs/crc.nd.edu/group/ccl/software/x86_64/redhat7/git/current/bin:/afs/crc.nd.edu/group/ccl/software/x86_64/redhat7/condor/current/sbin:/afs/crc.nd.edu/group/ccl/software/x86_64/redhat7/condor/current/bin:/afs/crc.nd.edu/group/ccl/software/x86_64/redhat7/cmake/current/bin:/afs/crc.nd.edu/group/ccl/software/x86_64/redhat7/clang/current/bin:/afs/crc.nd.edu/group/ccl/software/x86_64/redhat7/condor/current/sbin:/afs/crc.nd.edu/group/ccl/software/x86_64/redhat7/condor/current/bin:/afs/crc.nd.edu/group/ccl/software/x86_64/redhat7/cctools/current/bin:/afs/crc.nd.edu/x86_64_linux/Modules/4.5.0/bin:/opt/crc/usr/local/bin:/opt/sge/bin/lx-amd64:/usr/local/bin:/usr/bin:/usr/local/sbin:/usr/sbin:/afs/crc.nd.edu/user/c/condor/software/bin:/afs/crc.nd.edu/user/c/condor/software/sbin
CCLSOFTWARE=/afs/crc.nd.edu/group/ccl/software/x86_64/redhat7
PWD=/var/condor/execute/dir_20558/worker-213124-20636/t.703
_LMFILES_=/afs/crc.nd.edu/x86_64_linux/Modules/modules/system_modules/CRC_default/1.1
EDITOR=vim
SGE_EXECD_PORT=6445
LANG=en_US.UTF-8
SGE_QMASTER_PORT=6444
MODULEPATH=/afs/crc.nd.edu/x86_64_linux/Modules/modules/development_tools_and_libraries:/afs/crc.nd.edu/x86_64_linux/Modules/modules/general_software:/afs/crc.nd.edu/x86_64_linux/Modules/modules/restricted_software:/afs/crc.nd.edu/x86_64_linux/Modules/modules/system_modules:/afs/crc.nd.edu/x86_64_linux/Modules/modules/deprecated_software:/afs/crc.nd.edu/x86_64_linux/Modules/current/modulefiles
LOADEDMODULES=CRC_default/1.1
SGE_ROOT=/opt/sge
CCLPLATFORM=x86_64/redhat7
_CONDOR_SLOT=slot2_1
WORK_QUEUE_SANDBOX=/var/condor/execute/dir_20558/worker-213124-20636
USE_SYSTEMD=true
_CONDOR_LOWPORT=9100
HISTCONTROL=ignoreboth:erasedups
KRB5CCNAME=FILE:/tmp/krb5cc_213124_jfvfni
GLOBUS_GSSAPI_NAME_COMPATIBILITY=STRICT_RFC2818
HOME=disc01.crc.nd.edu
SHLVL=6
PATH_modshare=/opt/crc/usr/local/bin:1:/opt/sge/bin/lx-amd64:1:/usr/sbin:1:/usr/bin:1:/afs/crc.nd.edu/user/c/condor/software/sbin:1:/usr/local/sbin:1:/afs/crc.nd.edu/user/c/condor/software/bin:1:/usr/local/bin:1
_CONDOR_ANCESTOR_20558=20569:1597419253:3780906006
OSTYPE=linux
_CONDOR_MACHINE_AD=/var/condor/execute/dir_20558/.machine.ad
GREP_OPTIONS=--color=auto
DISK=18227
GLOBUS_GSSAPI_MIN_TLS_PROTOCOL=TLS1_VERSION
MANPATH_modshare=/usr/share/man/overrides:1:/usr/local/share/man:1:/usr/share/man:1:/opt/crc/usr/local/man:1:/opt/sge/man:1
MEMORY=1948
PERL_LOCAL_LIB_ROOT=/afs/crc.nd.edu/user/n/nkremerh/.perl5/
BASH_ENV=/afs/crc.nd.edu/x86_64_linux/Modules/4.5.0/init/bash
VENDOR=unknown
TMP=/var/condor/execute/dir_20558/worker-213124-20636/t.703/cctools-temp-t.703.NsL4nR
LOGNAME=nkremerh
MACHTYPE=x86_64
CCLHOME=/afs/crc.nd.edu/group/ccl
PYTHONPATH=/afs/crc.nd.edu/user/n/nkremerh/cctools/lib/python3.6/site-packages/
LD_LIBRARY_PATH_modshare=/opt/crc/usr/local/lib:1
SSH_CONNECTION=129.74.154.87 57278 129.74.128.103 22
MODULES_LMALTNAME_modshare=CRC_default/1.1&CRC_default/default&CRC_default:1
MODULESHOME=/afs/crc.nd.edu/x86_64_linux/Modules/4.5.0
GLOBUS_GSSAPI_CIPHERS=HIGH
GLOBUS_GSSAPI_BACKWARD_COMPATIBLE_MIC=true
LESSOPEN=||/usr/bin/lesspipe.sh %s
OMP_NUM_THREADS=1
_CONDOR_JOB_AD=/var/condor/execute/dir_20558/.job.ad
LOADEDMODULES_modshare=CRC_default/1.1:1
XDG_RUNTIME_DIR=/run/user/213124
SGE_CLUSTER_NAME=CRC
CCTOOLS=../cctools
CORES=2
_CONDOR_JOB_IWD=/var/condor/execute/dir_20558
PERL_MM_OPT=INSTALL_BASE=/afs/crc.nd.edu/user/n/nkremerh/.perl5/
GLOBUS_GSSAPI_SERVER_CIPHER_ORDER=true
BASH_FUNC_module()=() {  unset _mlshdbg;
 if [ "${MODULES_SILENT_SHELL_DEBUG:-0}" = '1' ]; then
 case "$-" in 
 *v*x*)
 set +vx;
 _mlshdbg='vx'
 ;;
 *v*)
 set +v;
 _mlshdbg='v'
 ;;
 *x*)
 set +x;
 _mlshdbg='x'
 ;;
 *)
 _mlshdbg=''
 ;;
 esac;
 fi;
 unset _mlre _mlIFS;
 if [ -n "${IFS+x}" ]; then
 _mlIFS=$IFS;
 fi;
 IFS=' ';
 for _mlv in ${MODULES_RUN_QUARANTINE:-};
 do
 if [ "${_mlv}" = "${_mlv##*[!A-Za-z0-9_]}" -a "${_mlv}" = "${_mlv#[0-9]}" ]; then
 if [ -n "`eval 'echo ${'$_mlv'+x}'`" ]; then
 _mlre="${_mlre:-}${_mlv}_modquar='`eval 'echo ${'$_mlv'}'`' ";
 fi;
 _mlrv="MODULES_RUNENV_${_mlv}";
 _mlre="${_mlre:-}${_mlv}='`eval 'echo ${'$_mlrv':-}'`' ";
 fi;
 done;
 if [ -n "${_mlre:-}" ]; then
 eval `eval ${_mlre}/usr/bin/tclsh /afs/crc.nd.edu/x86_64_linux/Modules/4.5.0/libexec/modulecmd.tcl bash '"$@"'`;
 else
 eval `/usr/bin/tclsh /afs/crc.nd.edu/x86_64_linux/Modules/4.5.0/libexec/modulecmd.tcl bash "$@"`;
 fi;
 _mlstatus=$?;
 if [ -n "${_mlIFS+x}" ]; then
 IFS=$_mlIFS;
 else
 unset IFS;
 fi;
 unset _mlre _mlv _mlrv _mlIFS;
 if [ -n "${_mlshdbg:-}" ]; then
 set -$_mlshdbg;
 fi;
 unset _mlshdbg;
 return $_mlstatus
}
BASH_FUNC_ml()=() {  module ml "$@"
}
_=/usr/bin/printenv
