20937   0.000000 libjli.so->getenv("_JAVA_LAUNCHER_DEBUG") = nil
20937   0.001115 libjli.so->getenv("_JAVA_VERSION_SET") = nil
20937   0.000475 libjli.so->fopen("/usr/lib/jvm/java-1.8.0-openjdk-1.8.0.262.b10-0.el7_8.x86_64/jre/lib/amd64/jvm.cfg", "r") = 0x555d17b960e0
20937   0.000517 libjli.so->getenv("JDK_ALTERNATE_VM") = nil
20937   0.000192 libjli.so->__xstat(1, "/usr/lib/jvm/java-1.8.0-openjdk-1.8.0.262.b10-0.el7_8.x86_64/jre/lib/amd64/server/libjvm.so", 0x7ffcb271c970) = 0
20937   0.000368 libjli.so->getenv("LD_LIBRARY_PATH") = "/afs/crc.nd.edu/group/ccl/software/x86_64/redhat7/ruby/current/lib:/afs/crc.nd.edu/group/ccl/software/x86_64/redhat7/graphviz/current/lib:/afs/crc.nd.edu/group/ccl/software/x86_64/redhat7/git/current/lib:/afs/crc.nd.edu/group/ccl/software/x86_64/redhat7/condor/current/lib:/afs/crc.nd.edu/group/ccl/software/x86_64/redhat7/clang/current/lib:/afs/crc.nd.edu/group/ccl/software/x86_64/redhat7/condor/current/lib:/afs/crc.nd.edu/group/ccl/software/x86_64/redhat7/cctools/current/lib:/opt/crc/usr/local/lib"
20937   0.001357 libjli.so->dlopen("/usr/lib/jvm/java-1.8.0-openjdk-1.8.0.262.b10-0.el7_8.x86_64/jre/lib/amd64/server/libjvm.so", 258 <unfinished ...>
20937   0.023325 libjvm.so->getenv("NMT_LEVEL_20937") = nil
20937   0.001050 <... dlopen resumed> )          = 0x555d17b964b0
20937   0.000046 libjli.so->getenv("CLASSPATH")  = nil
20937   0.000194 libjli.so->getenv("_JAVA_SPLASH_JAR") = nil
20937   0.000210 libjli.so->getenv("_JAVA_SPLASH_FILE") = nil
20937   0.000212 libjli.so->pthread_attr_setdetachstate(0x7ffcb271c920, 0, 0x7ffcb271c9b0, 0) = 0
20937   0.000272 libpthread.so.0->__clone(0x2accb474ade0, 0x2accb465dfc0, 0x3d0f00, 0x2accb465e700) = 0x51ce
20942   0.001209 libjvm.so->dlopen(0x2accb5f299ae, 1, 0xfffffffffff42c48, 4096) = 0x2accb8000990
20942   0.001588 libjvm.so->getenv(0x2accb5f4483e, 0, 115, 0x65737361) = 0x7ffcb2722691
20942   0.000305 libjvm.so->fopen(0x2accb465cc10, 0x2accb5ee0ccb, 0x6f732e79666972, 0x2accb5022ab0) = 0x2accb8001440
20942   0.000885 libjvm.so->dlopen(0x2accb465cc10, 1, 0xffffffff, 0x2accb8002b00) = 0x2accb8001440
20942   0.000997 libjvm.so->fopen(0x2accb465cc10, 0x2accb5ee0ccb, 111, 0x732e6176) = 0x2accb8001b10
20942   0.001006 libjvm.so->dlopen(0x2accb465cc10, 1, 0xffffffff, 0x2accb8001a00) = 0x2accb8001b10
20942   0.001038 libjvm.so->__xstat(1, 0x2accb465d360, 0x2accb465dba0, 0x746f7073746f682e) = -1
20942   0.000287 libjvm.so->getenv(0x2accb5ed9541, 0x2accb465d6d0, 1024, 0x2accb639361b) = 0
20942   0.000320 libjvm.so->getenv(0x2accb5ed9533, 0x2accb465d6d0, 1024, 0) = 0
20942   0.000292 libjvm.so->fopen(0x2accb5f29315, 0x2accb5ee0ccb, 4095, 0xffffd5334a126b03) = 0x2accb80032f0
20942   0.000711 libjvm.so->fopen(0x2accb5f29361, 0x2accb5ee0ccb, 0x2accb8000078, 0x2accb80032e0) = 0x2accb80032f0
20942   0.000456 libjvm.so->fopen(0x2accb46579b0, 0x2accb5ee0ccb, 4016, 3997) = 0x2accb80032f0
20942   0.000418 libjvm.so->opendir(0x2accb8002b40, 0x2accb8002b40, 13, 16) = 0
20942   0.000313 libjvm.so->__xstat(1, 0x2accb465c8f0, 0x2accb465b860, 0x6f732e7477616d62) = -1
20942   0.000276 libjvm.so->__xstat(1, 0x2accb465c8f0, 0x2accb465b860, 0x5f74776162696c2f) = 0
20942   0.000315 libjvm.so->fopen(0x2accb465bb90, 0x2accb5ee0ccb, 4011, 3996) = 0x2accb80037d0
20942   0.000419 libjvm.so->fopen(0x2accb465bb90, 0x2accb5ee0ccb, 4011, 3996) = 0x2accb80037d0
20942   0.000399 libjvm.so->fopen(0x2accb465bb90, 0x2accb5ee0ccb, 4011, 4004) = 0x2accb80037d0
20942   0.000416 libjvm.so->fopen(0x2accb465bb20, 0x2accb5ee0ccb, 4011, 3996) = 0x2accb80037d0
20942   0.000401 libjvm.so->fopen(0x2accb465bb20, 0x2accb5ee0ccb, 4011, 3996) = 0x2accb80037d0
20942   0.000376 libjvm.so->fopen(0x2accb465bb20, 0x2accb5ee0ccb, 4011, 4004) = 0x2accb80037d0
20942   0.000424 libjvm.so->fopen(0x2accb465bb50, 0x2accb5ee0ccb, 4016, 3997) = 0x2accb80037d0
20942   0.000526 libjvm.so->getenv(0x2accb5f2a0ff, 4096, 3, -1) = 0
20942   0.000596 libjvm.so->fopen(0x2accb5f29998, 0x2accb5ee0ccb, 0x2accb4741908, 0x2accb4740df0) = 0x2accb80037d0
20942   0.002915 libjvm.so->open(0x2accb804a5c0, 0x20000, 0, 0x2accb804a609) = 3
20942   0.000304 libjvm.so->__fxstat(1, 3, 0x2accb465da00, -1) = 0
20942   0.000312 libjvm.so->opendir(0x2accb804a5c0, 0x2accb465da00, 0x4000, -1) = 0x2accb804b4d0
20942   0.000348 libjvm.so->__fxstat(1, 3, 0x2accb465d8a0, 0x2accb804b4d0) = 0
20942   0.000293 libjvm.so->__fxstat(1, 5, 0x2accb465d930, -1) = 0
20942   0.000297 libjvm.so->open(0x2accb5ef79dc, 0, 0, 0) = 3
20942   0.000442 libjvm.so->__lxstat(1, 0x2accb804a5c0, 0x2accb465db50, -144) = 0
20942   0.000310 libjvm.so->open(0x2accb804a5c0, 0x20000, 0x4000, -1) = 3
20942   0.000283 libjvm.so->__fxstat(1, 3, 0x2accb465da00, -1) = 0
20942   0.000318 libjvm.so->opendir(0x2accb804a5c0, 0x2accb465da00, 0x4000, -1) = 0x2accb804b4d0
20942   0.000295 libjvm.so->__fxstat(1, 3, 0x2accb465d8a0, 0x2accb804b4d0) = 0
20942   0.000277 libjvm.so->__fxstat(1, 5, 0x2accb465d930, -1) = 0
20942   0.000346 libjvm.so->open(0x2accb5ef79dc, 0, 0, 0) = 3
20942   0.000313 libjvm.so->open(0x2accb804a609, 0x20042, 384, -1) = 7
20942   0.000397 libjvm.so->__fxstat(1, 7, 0x2accb465db50, -1) = 0
20942   0.001099 libjvm.so->fopen(0x2accb465cb60, 0x2accb5ee0ccb, 4, 0x6f732e70) = 0x2accb8057c20
20942   0.000905 libjvm.so->dlopen(0x2accb465cb60, 1, 0xffffffff, 0x2accb8057b00) = 0x2accb8057c20
20942   0.000927 libjvm.so->__xstat(1, 0x2accb465d120, 0x2accb465d950, 2048) = 0
20942   0.000294 libjvm.so->__xstat(1, 0x2accb465d120, 0x2accb465d950, 2048) = 0
20942   0.000275 libjvm.so->__xstat(1, 0x2accb465d120, 0x2accb465d950, 2048) = -1
20942   0.000273 libjvm.so->__xstat(1, 0x2accb465d120, 0x2accb465d950, 2048) = 0
20942   0.000284 libjvm.so->__xstat(1, 0x2accb465d120, 0x2accb465d950, 2048) = 0
20942   0.000273 libjvm.so->__xstat(1, 0x2accb465d120, 0x2accb465d950, 2048) = 0
20942   0.000271 libjvm.so->__xstat(1, 0x2accb465d120, 0x2accb465d950, 2048) = 0
20942   0.000270 libjvm.so->__xstat(1, 0x2accb465d120, 0x2accb465d950, 2048) = -1
20942   0.000286 libjvm.so->fopen(0x2accb8002520, 0x2accb5ee0ccb, 0, 0) = 0x2accb8058ac0
20942   0.005546 libjvm.so->open64(0x2accb465c410, 0, 0, 16) = 3
20942   0.000352 libjvm.so->__fxstat64(1, 3, 0x2accb465c240, -1) = 0
20942   0.023110 libjvm.so->__xstat(1, 0x2accb465cf20, 0x2accb465d750, 2048) = -1
20942   0.000387 libjvm.so->fopen(0x2accb465bb20, 0x2accb5ee0ccb, 4011, 3996) = 0x2accb80b5d40
20942   0.000451 libjvm.so->fopen(0x2accb465bb20, 0x2accb5ee0ccb, 4011, 3996) = 0x2accb80b5d40
20942   0.000419 libjvm.so->fopen(0x2accb465bb20, 0x2accb5ee0ccb, 4011, 4004) = 0x2accb80b5d40
20942   0.002922 libjvm.so->pthread_attr_setdetachstate(0x2accb465dc00, 1, 0, 0) = 0
20942   0.000351 libpthread.so.0->__clone(0x2accb474ade0, 0x2accb7dc2fc0, 0x3d0f00, 0x2accb7dc3700) = 0x51d0
20942   0.010054 libjvm.so->pthread_attr_setdetachstate(0x2accb465d290, 1, 0, 0) = 0
20942   0.000454 libpthread.so.0->__clone(0x2accb474ade0, 0x2accb7ec3fc0, 0x3d0f00, 0x2accb7ec4700) = 0x51d1
20942   0.004601 libjvm.so->pthread_attr_setdetachstate(0x2accb465d610, 1, 0, 0) = 0
20942   0.000561 libpthread.so.0->__clone(0x2accb474ade0, 0x2accb7fc4fc0, 0x3d0f00, 0x2accb7fc5700) = 0x51d2
20942   0.025846 libjvm.so->fopen(0x2accb80f17f0, 0x2accb5ee0ccb, 4, 0x6f732e70) = 0x2accb80f1cf0
20942   0.001318 libjvm.so->dlopen(0x2accb80f17f0, 1, 0xffffffff, 0x2accb80e8c00) = 0x2accb8057c20
20942   0.003168 libjvm.so->open64(0x2accb465c510, 0, 0, 16) = 5
20942   0.000630 libjvm.so->__fxstat64(1, 5, 0x2accb465c340, -1) = 0
20942   0.012331 libjvm.so->fopen(0x2accb4659130, 0x2accb5ee0ccb, 4011, 3996) = 0x2accb80fccc0
20942   0.000839 libjvm.so->fopen(0x2accb4659130, 0x2accb5ee0ccb, 4011, 3996) = 0x2accb80fccc0
20942   0.000695 libjvm.so->fopen(0x2accb4659130, 0x2accb5ee0ccb, 4011, 4004) = 0x2accb80fccc0
20942   0.009751 libjvm.so->pthread_attr_setdetachstate(0x2accb465db50, 1, 0, 0) = 0
20942   0.000627 libpthread.so.0->__clone(0x2accb474ade0, 0x2acccd30bfc0, 0x3d0f00, 0x2acccd30c700) = 0x51d3
20942   0.000915 libjvm.so->__xstat64(1, 0x2accb465dbe0, 0x2accb465db50, 19) = -1
20942   0.000793 libjvm.so->pthread_attr_setdetachstate(0x2accb465d950, 1, 0, 0) = 0
20942   0.000687 libpthread.so.0->__clone(0x2accb474ade0, 0x2acccd40cfc0, 0x3d0f00, 0x2acccd40d700) = 0x51d4
20942   0.001102 libjvm.so->pthread_attr_setdetachstate(0x2accb465d950, 1, 0, 0) = 0
20942   0.000808 libpthread.so.0->__clone(0x2accb474ade0, 0x2acccd50dfc0, 0x3d0f00, 0x2acccd50e700) = 0x51d5
20942   0.004714 libjvm.so->pthread_attr_setdetachstate(0x2accb465daa0, 1, 0, 0) = 0
20942   0.000927 libpthread.so.0->__clone(0x2accb474ade0, 0x2acccd60efc0, 0x3d0f00, 0x2acccd60f700) = 0x51d6
20942   0.001347 libjvm.so->pthread_attr_setdetachstate(0x2accb465dbb0, 1, 0, 0) = 0
20942   0.000996 libpthread.so.0->__clone(0x2accb474ade0, 0x2acccd70ffc0, 0x3d0f00, 0x2acccd710700) = 0x51d7
20942   0.009418 libjvm.so->open64(0x2accb8128890, 0, 0, 16) = 7
20942   0.001071 libjvm.so->__fxstat64(1, 7, 0x2accb465af60, -1) = 0
20942   0.016616 libjvm.so->fopen(0x2accb81546e0, 0x2accb5ee0ccb, 4, 0x6f732e6f) = 0x2accb81547a0
20942   0.002010 libjvm.so->dlopen(0x2accb81546e0, 1, 0xffffffff, 0x2accb8154700) = 0x2accb81547a0
20942   0.064541 libjvm.so->fopen(0x2accb4657e40, 0x2accb5ee0ccb, 0x6f732e, 0x6d766a62696c2f72) = 0x2accb8169f50
20942   0.007849 libjvm.so->dlopen(0x2accb4657e40, 1, 0xffffffff, 0x2accb8169e00) = 0x555d17b964b0
20942   0.001102 libjvm.so->fopen(0x2accb4657e40, 0x2accb5ee0ccb, 0x6f732e, 0x6d766a62696c2f72) = 0x2accb816a350
20942   0.003133 libjvm.so->dlopen(0x2accb4657e40, 1, 0xffffffff, 0x2accb8169e00) = 0x555d17b964b0
20942   0.001060 libjvm.so->fopen(0x2accb4657e40, 0x2accb5ee0ccb, 0x6f732e, 0x6d766a62696c2f72) = 0x2accb8169f50
20942   0.002341 libjvm.so->dlopen(0x2accb4657e40, 1, 0xffffffff, 0x2accb8169e00) = 0x555d17b964b0
20942   0.001041 libjvm.so->fopen(0x2accb4657e40, 0x2accb5ee0ccb, 0x6f732e, 0x6d766a62696c2f72) = 0x2accb8169f50
20942   0.002233 libjvm.so->dlopen(0x2accb4657e40, 1, 0xffffffff, 0x2accb8169e00) = 0x555d17b964b0
20942   0.029866 libjvm.so->fopen(0x2accb81af520, 0x2accb5ee0ccb, 4, 0x6f732e74) = 0x2accb81bd370
20942   0.001945 libjvm.so->dlopen(0x2accb81af520, 1, 0xffffffff, 0x2accb81a5500) = 0x2accb81bd370
20942   0.088071 libjvm.so->fopen(0x2accb82385d0, 0x2accb5ee0ccb, 0x6f732e7373656c, 0x656c646165685f74) = 0x2accb82386b0
20942   0.002310 libjvm.so->dlopen(0x2accb82385d0, 1, 0xffffffff, 0x2accb8238600) = 0x2accb82386b0
20951   0.024439 +++ exited (status 0) +++
20947   0.000184 +++ exited (status 0) +++
20944   0.000162 +++ exited (status 0) +++
20942   0.000147 +++ exited (status 0) +++
20948   0.000174 +++ exited (status 1) +++
20950   0.000016 +++ exited (status 1) +++
20946   0.000011 +++ exited (status 1) +++
20945   0.000008 +++ exited (status 1) +++
20949   0.003753 +++ exited (status 1) +++
20937   0.000036 +++ exited (status 1) +++
Wrote an ltrace for command: "java -cp ./tools/maxent.jar density.Project outputs/Hydraecia_amurensis_Staudinger/Hydraecia_amurensis_Staudinger.lambdas data/layers/worldclim outputs/Hydraecia_amurensis_Staudinger_worldclim.asc nowarnings nocache autorun -z" with PID 20935 from PPID 20919 on disc23.crc.nd.edu with result 1
REMOTEHOST=129.74.154.87
_CONDOR_JOB_PIDS=
MANPATH=/afs/crc.nd.edu/user/n/nkremerh/cctools/share/man/:/afs/crc.nd.edu/group/ccl/software/x86_64/redhat7/ruby/current/share/man:/afs/crc.nd.edu/group/ccl/software/x86_64/redhat7/graphviz/current/share/man:/afs/crc.nd.edu/group/ccl/software/x86_64/redhat7/gnuplot/current/share/man:/afs/crc.nd.edu/group/ccl/software/x86_64/redhat7/git/current/share/man:/afs/crc.nd.edu/group/ccl/software/x86_64/redhat7/condor/current/share/man:/afs/crc.nd.edu/group/ccl/software/x86_64/redhat7/clang/current/share/man:/afs/crc.nd.edu/group/ccl/software/x86_64/redhat7/condor/current/share/man:/afs/crc.nd.edu/group/ccl/software/x86_64/redhat7/cctools/current/share/man:/afs/crc.nd.edu/group/ccl/software/x86_64/redhat7/cctools/current/share/man:/afs/crc.nd.edu/x86_64_linux/Modules/4.5.0/share/man:/opt/crc/usr/local/man:/opt/sge/man:/usr/share/man/overrides:/usr/share/man:/usr/local/share/man
XDG_SESSION_ID=2226
HOSTNAME=disc01.crc.nd.edu
_LMFILES__modshare=/afs/crc.nd.edu/x86_64_linux/Modules/modules/system_modules/CRC_default/1.1:1
MODULEPATH_modshare=/afs/crc.nd.edu/x86_64_linux/Modules/modules/general_software:1:/afs/crc.nd.edu/x86_64_linux/Modules/modules/development_tools_and_libraries:1:/afs/crc.nd.edu/x86_64_linux/Modules/modules/system_modules:1:/afs/crc.nd.edu/x86_64_linux/Modules/current/modulefiles:1:/afs/crc.nd.edu/x86_64_linux/Modules/modules/restricted_software:1:/afs/crc.nd.edu/x86_64_linux/Modules/modules/deprecated_software:1
MODULES_CMD=/afs/crc.nd.edu/x86_64_linux/Modules/4.5.0/libexec/modulecmd.tcl
HOST=disc01.crc.nd.edu
SHELL=/bin/tcsh
TERM=xterm-256color
MAKEFLAGS=
HISTSIZE=5000
TMPDIR=/var/condor/execute/dir_4000/worker-213124-4078/t.1539/cctools-temp-t.1539.OhdYkP
SSH_CLIENT=129.74.154.87 57278 22
PERL5LIB=/afs/crc.nd.edu/user/n/nkremerh/cctools/lib/perl5/site_perl/5.16.3:/afs/crc.nd.edu/user/n/nkremerh/.perl5/lib/perl5
SGE_CELL=crc
_CONDOR_SCRATCH_DIR=/var/condor/execute/dir_4000
PERL_MB_OPT=--install_base '/afs/crc.nd.edu/user/n/nkremerh/.perl5/'
SSH_TTY=/dev/pts/0
_CONDOR_ANCESTOR_4000=4012:1597419253:1934777446
SGE_LOAD_AVG=load_avg
MAKEFLOW_MAX_LOCAL_JOBS=2
HISTFILESIZE=10000
_CHIRP_DELAYED_UPDATE_PREFIX=Chirp*
USER=nkremerh
GROUP=campus
LD_LIBRARY_PATH=/afs/crc.nd.edu/group/ccl/software/x86_64/redhat7/ruby/current/lib:/afs/crc.nd.edu/group/ccl/software/x86_64/redhat7/graphviz/current/lib:/afs/crc.nd.edu/group/ccl/software/x86_64/redhat7/git/current/lib:/afs/crc.nd.edu/group/ccl/software/x86_64/redhat7/condor/current/lib:/afs/crc.nd.edu/group/ccl/software/x86_64/redhat7/clang/current/lib:/afs/crc.nd.edu/group/ccl/software/x86_64/redhat7/condor/current/lib:/afs/crc.nd.edu/group/ccl/software/x86_64/redhat7/cctools/current/lib:/opt/crc/usr/local/lib
TEMP=/var/condor/execute/dir_4000/worker-213124-4078/t.1539/cctools-temp-t.1539.OhdYkP
BATCH_SYSTEM=HTCondor
WORKER_TMPDIR=/var/condor/execute/dir_4000/worker-213124-4078/cache/tmp
ENV=/afs/crc.nd.edu/x86_64_linux/Modules/4.5.0/init/profile.sh
MODULES_LMALTNAME=CRC_default/1.1&CRC_default/default&CRC_default
_CONDOR_CHIRP_CONFIG=/var/condor/execute/dir_4000/.chirp.config
GLOBUS_GSSAPI_MAX_TLS_PROTOCOL=0
_CONDOR_HIGHPORT=9999
HOSTTYPE=x86_64-linux
MAKELEVEL=1
MFLAGS=
CCLSOFTWARE=/afs/crc.nd.edu/group/ccl/software/x86_64/redhat7
PATH=/afs/crc.nd.edu/user/n/nkremerh/cctools/bin:/afs/crc.nd.edu/user/n/nkremerh/miniconda/bin:/afs/crc.nd.edu/group/ccl/software/git:/afs/crc.nd.edu/user/n/nkremerh/.local/bin:/afs/crc.nd.edu/group/ccl/software/x86_64/redhat7/povray/3.7/bin:/afs/crc.nd.edu/user/n/nkremerh/.perl5/bin:/afs/crc.nd.edu/user/n/nkremerh/pegasus/bin:/afs/crc.nd.edu/user/n/nkremerh/nodejs/bin:/afs/crc.nd.edu/user/n/nkremerh/montage/bin:/afs/crc.nd.edu/user/n/nkremerh/latexdiff:/afs/crc.nd.edu/user/n/nkremerh/envtrace:/afs/crc.nd.edu/user/n/nkremerh/endlines:/afs/crc.nd.edu/user/n/nkremerh/cctools/bin:/afs/crc.nd.edu/user/n/nkremerh/.cargo/bin:/afs/crc.nd.edu/group/ccl/software/x86_64/redhat7/ruby/current/bin:/afs/crc.nd.edu/group/ccl/software/x86_64/redhat7/graphviz/current/bin:/afs/crc.nd.edu/group/ccl/software/x86_64/redhat7/gnuplot/current/bin:/afs/crc.nd.edu/group/ccl/software/x86_64/redhat7/git/current/bin:/afs/crc.nd.edu/group/ccl/software/x86_64/redhat7/condor/current/sbin:/afs/crc.nd.edu/group/ccl/software/x86_64/redhat7/condor/current/bin:/afs/crc.nd.edu/group/ccl/software/x86_64/redhat7/cmake/current/bin:/afs/crc.nd.edu/group/ccl/software/x86_64/redhat7/clang/current/bin:/afs/crc.nd.edu/group/ccl/software/x86_64/redhat7/condor/current/sbin:/afs/crc.nd.edu/group/ccl/software/x86_64/redhat7/condor/current/bin:/afs/crc.nd.edu/group/ccl/software/x86_64/redhat7/cctools/current/bin:/afs/crc.nd.edu/x86_64_linux/Modules/4.5.0/bin:/opt/crc/usr/local/bin:/opt/sge/bin/lx-amd64:/usr/local/bin:/usr/bin:/usr/local/sbin:/usr/sbin:/afs/crc.nd.edu/user/c/condor/software/bin:/afs/crc.nd.edu/user/c/condor/software/sbin
MAIL=/var/spool/mail/nkremerh
PWD=/var/condor/execute/dir_4000/worker-213124-4078/t.1539
_LMFILES_=/afs/crc.nd.edu/x86_64_linux/Modules/modules/system_modules/CRC_default/1.1
SGE_EXECD_PORT=6445
EDITOR=vim
LANG=en_US.UTF-8
MODULEPATH=/afs/crc.nd.edu/x86_64_linux/Modules/modules/development_tools_and_libraries:/afs/crc.nd.edu/x86_64_linux/Modules/modules/general_software:/afs/crc.nd.edu/x86_64_linux/Modules/modules/restricted_software:/afs/crc.nd.edu/x86_64_linux/Modules/modules/system_modules:/afs/crc.nd.edu/x86_64_linux/Modules/modules/deprecated_software:/afs/crc.nd.edu/x86_64_linux/Modules/current/modulefiles
SGE_QMASTER_PORT=6444
SGE_ROOT=/opt/sge
LOADEDMODULES=CRC_default/1.1
WORK_QUEUE_SANDBOX=/var/condor/execute/dir_4000/worker-213124-4078
_CONDOR_SLOT=slot1
CCLPLATFORM=x86_64/redhat7
USE_SYSTEMD=true
_CONDOR_LOWPORT=9100
KRB5CCNAME=FILE:/tmp/krb5cc_213124_jfvfni
HISTCONTROL=ignoreboth:erasedups
PATH_modshare=/opt/crc/usr/local/bin:1:/opt/sge/bin/lx-amd64:1:/usr/sbin:1:/usr/bin:1:/afs/crc.nd.edu/user/c/condor/software/sbin:1:/usr/local/sbin:1:/afs/crc.nd.edu/user/c/condor/software/bin:1:/usr/local/bin:1
SHLVL=7
HOME=disc01.crc.nd.edu
GLOBUS_GSSAPI_NAME_COMPATIBILITY=STRICT_RFC2818
_CONDOR_MACHINE_AD=/var/condor/execute/dir_4000/.machine.ad
OSTYPE=linux
DISK=917414
GREP_OPTIONS=--color=auto
GLOBUS_GSSAPI_MIN_TLS_PROTOCOL=TLS1_VERSION
MEMORY=15899
MANPATH_modshare=/usr/share/man/overrides:1:/usr/local/share/man:1:/usr/share/man:1:/opt/crc/usr/local/man:1:/opt/sge/man:1
VENDOR=unknown
BASH_ENV=/afs/crc.nd.edu/x86_64_linux/Modules/4.5.0/init/bash
PERL_LOCAL_LIB_ROOT=/afs/crc.nd.edu/user/n/nkremerh/.perl5/
PYTHONPATH=/afs/crc.nd.edu/user/n/nkremerh/cctools/lib/python3.6/site-packages/
CCLHOME=/afs/crc.nd.edu/group/ccl
MACHTYPE=x86_64
LOGNAME=nkremerh
TMP=/var/condor/execute/dir_4000/worker-213124-4078/t.1539/cctools-temp-t.1539.OhdYkP
LD_LIBRARY_PATH_modshare=/opt/crc/usr/local/lib:1
MODULES_LMALTNAME_modshare=CRC_default/1.1&CRC_default/default&CRC_default:1
SSH_CONNECTION=129.74.154.87 57278 129.74.128.103 22
_CONDOR_ANCESTOR_3431=3600:1596369936:4201989267
MODULESHOME=/afs/crc.nd.edu/x86_64_linux/Modules/4.5.0
OMP_NUM_THREADS=1
LESSOPEN=||/usr/bin/lesspipe.sh %s
GLOBUS_GSSAPI_BACKWARD_COMPATIBLE_MIC=true
GLOBUS_GSSAPI_CIPHERS=HIGH
_CONDOR_ANCESTOR_3600=4000:1597419249:2275575005
LOADEDMODULES_modshare=CRC_default/1.1:1
_CONDOR_JOB_AD=/var/condor/execute/dir_4000/.job.ad
SGE_CLUSTER_NAME=CRC
XDG_RUNTIME_DIR=/run/user/213124
CCTOOLS=../cctools
CORES=4
_CONDOR_JOB_IWD=/var/condor/execute/dir_4000
PERL_MM_OPT=INSTALL_BASE=/afs/crc.nd.edu/user/n/nkremerh/.perl5/
GLOBUS_GSSAPI_SERVER_CIPHER_ORDER=true
BASH_FUNC_module()=() {  unset _mlshdbg;
 if [ "${MODULES_SILENT_SHELL_DEBUG:-0}" = '1' ]; then
 case "$-" in 
 *v*x*)
 set +vx;
 _mlshdbg='vx'
 ;;
 *v*)
 set +v;
 _mlshdbg='v'
 ;;
 *x*)
 set +x;
 _mlshdbg='x'
 ;;
 *)
 _mlshdbg=''
 ;;
 esac;
 fi;
 unset _mlre _mlIFS;
 if [ -n "${IFS+x}" ]; then
 _mlIFS=$IFS;
 fi;
 IFS=' ';
 for _mlv in ${MODULES_RUN_QUARANTINE:-};
 do
 if [ "${_mlv}" = "${_mlv##*[!A-Za-z0-9_]}" -a "${_mlv}" = "${_mlv#[0-9]}" ]; then
 if [ -n "`eval 'echo ${'$_mlv'+x}'`" ]; then
 _mlre="${_mlre:-}${_mlv}_modquar='`eval 'echo ${'$_mlv'}'`' ";
 fi;
 _mlrv="MODULES_RUNENV_${_mlv}";
 _mlre="${_mlre:-}${_mlv}='`eval 'echo ${'$_mlrv':-}'`' ";
 fi;
 done;
 if [ -n "${_mlre:-}" ]; then
 eval `eval ${_mlre}/usr/bin/tclsh /afs/crc.nd.edu/x86_64_linux/Modules/4.5.0/libexec/modulecmd.tcl bash '"$@"'`;
 else
 eval `/usr/bin/tclsh /afs/crc.nd.edu/x86_64_linux/Modules/4.5.0/libexec/modulecmd.tcl bash "$@"`;
 fi;
 _mlstatus=$?;
 if [ -n "${_mlIFS+x}" ]; then
 IFS=$_mlIFS;
 else
 unset IFS;
 fi;
 unset _mlre _mlv _mlrv _mlIFS;
 if [ -n "${_mlshdbg:-}" ]; then
 set -$_mlshdbg;
 fi;
 unset _mlshdbg;
 return $_mlstatus
}
BASH_FUNC_ml()=() {  module ml "$@"
}
_=/usr/bin/printenv
