27451   0.000000 libjli.so->getenv("_JAVA_LAUNCHER_DEBUG") = nil
27451   0.001738 libjli.so->getenv("_JAVA_VERSION_SET") = nil
27451   0.000817 libjli.so->fopen("/usr/lib/jvm/java-1.8.0-openjdk-1.8.0.262.b10-0.el7_8.x86_64/jre/lib/amd64/jvm.cfg", "r") = 0x558d9a40e0e0
27451   0.001020 libjli.so->getenv("JDK_ALTERNATE_VM") = nil
27451   0.000381 libjli.so->__xstat(1, "/usr/lib/jvm/java-1.8.0-openjdk-1.8.0.262.b10-0.el7_8.x86_64/jre/lib/amd64/server/libjvm.so", 0x7fff7cf10440) = 0
27451   0.000650 libjli.so->getenv("LD_LIBRARY_PATH") = "/afs/crc.nd.edu/group/ccl/software/x86_64/redhat7/ruby/current/lib:/afs/crc.nd.edu/group/ccl/software/x86_64/redhat7/graphviz/current/lib:/afs/crc.nd.edu/group/ccl/software/x86_64/redhat7/git/current/lib:/afs/crc.nd.edu/group/ccl/software/x86_64/redhat7/condor/current/lib:/afs/crc.nd.edu/group/ccl/software/x86_64/redhat7/clang/current/lib:/afs/crc.nd.edu/group/ccl/software/x86_64/redhat7/condor/current/lib:/afs/crc.nd.edu/group/ccl/software/x86_64/redhat7/cctools/current/lib:/opt/crc/usr/local/lib"
27451   0.002499 libjli.so->dlopen("/usr/lib/jvm/java-1.8.0-openjdk-1.8.0.262.b10-0.el7_8.x86_64/jre/lib/amd64/server/libjvm.so", 258 <unfinished ...>
27451   0.037833 libjvm.so->getenv("NMT_LEVEL_27451") = nil
27451   0.002029 <... dlopen resumed> )          = 0x558d9a40e4b0
27451   0.000072 libjli.so->getenv("CLASSPATH")  = nil
27451   0.000676 libjli.so->getenv("_JAVA_SPLASH_JAR") = nil
27451   0.000361 libjli.so->getenv("_JAVA_SPLASH_FILE") = nil
27451   0.000350 libjli.so->pthread_attr_setdetachstate(0x7fff7cf103f0, 0, 0x7fff7cf10480, 0) = 0
27451   0.000562 libpthread.so.0->__clone(0x2b6959effde0, 0x2b6959e12fc0, 0x3d0f00, 0x2b6959e13700) = 0x6b40
27456   0.001758 libjvm.so->dlopen(0x2b695b6de9ae, 1, 0xfffffffffff42c48, 4096) = 0x2b6960000990
27456   0.003313 libjvm.so->getenv(0x2b695b6f983e, 0, 115, 0x65737361) = 0x7fff7cf16682
27456   0.000466 libjvm.so->fopen(0x2b6959e11c10, 0x2b695b695ccb, 0x6f732e79666972, 0x2b695a7d7ab0) = 0x2b6960001440
27456   0.002216 libjvm.so->dlopen(0x2b6959e11c10, 1, 0xffffffff, 0x2b6960002b00) = 0x2b6960001440
27456   0.002176 libjvm.so->fopen(0x2b6959e11c10, 0x2b695b695ccb, 111, 0x732e6176) = 0x2b6960001b10
27456   0.002414 libjvm.so->dlopen(0x2b6959e11c10, 1, 0xffffffff, 0x2b6960001a00) = 0x2b6960001b10
27456   0.001753 libjvm.so->__xstat(1, 0x2b6959e12360, 0x2b6959e12ba0, 0x746f7073746f682e) = -1
27456   0.000968 libjvm.so->getenv(0x2b695b68e541, 0x2b6959e126d0, 1024, 0x2b695bb4861b) = 0
27456   0.000459 libjvm.so->getenv(0x2b695b68e533, 0x2b6959e126d0, 1024, 0) = 0
27456   0.000440 libjvm.so->fopen(0x2b695b6de315, 0x2b695b695ccb, 4095, 0xffffd496a4971b03) = 0x2b69600032f0
27456   0.001191 libjvm.so->fopen(0x2b695b6de361, 0x2b695b695ccb, 0x2b6960000078, 0x2b69600032e0) = 0x2b69600032f0
27456   0.000982 libjvm.so->fopen(0x2b6959e0c9b0, 0x2b695b695ccb, 4016, 3997) = 0x2b69600032f0
27456   0.000780 libjvm.so->opendir(0x2b6960002b40, 0x2b6960002b40, 13, 16) = 0
27456   0.000507 libjvm.so->__xstat(1, 0x2b6959e118f0, 0x2b6959e10860, 0x6f732e7477616d62) = -1
27456   0.000523 libjvm.so->__xstat(1, 0x2b6959e118f0, 0x2b6959e10860, 0x5f74776162696c2f) = 0
27456   0.000540 libjvm.so->fopen(0x2b6959e10b90, 0x2b695b695ccb, 4011, 3996) = 0x2b69600037d0
27456   0.000817 libjvm.so->fopen(0x2b6959e10b90, 0x2b695b695ccb, 4011, 3996) = 0x2b69600037d0
27456   0.000781 libjvm.so->fopen(0x2b6959e10b90, 0x2b695b695ccb, 4011, 4004) = 0x2b69600037d0
27456   0.000761 libjvm.so->fopen(0x2b6959e10b20, 0x2b695b695ccb, 4011, 3996) = 0x2b69600037d0
27456   0.000731 libjvm.so->fopen(0x2b6959e10b20, 0x2b695b695ccb, 4011, 3996) = 0x2b69600037d0
27456   0.000761 libjvm.so->fopen(0x2b6959e10b20, 0x2b695b695ccb, 4011, 4004) = 0x2b69600037d0
27456   0.000666 libjvm.so->fopen(0x2b6959e10b50, 0x2b695b695ccb, 4016, 3997) = 0x2b69600037d0
27456   0.000965 libjvm.so->getenv(0x2b695b6df0ff, 4096, 3, -1) = 0
27456   0.001274 libjvm.so->fopen(0x2b695b6de998, 0x2b695b695ccb, 0x2b6959ef6908, 0x2b6959ef5df0) = 0x2b69600037d0
27456   0.006255 libjvm.so->open(0x2b696004a5c0, 0x20000, 0, 0x2b696004a609) = 3
27456   0.000532 libjvm.so->__fxstat(1, 3, 0x2b6959e12a00, -1) = 0
27456   0.000553 libjvm.so->opendir(0x2b696004a5c0, 0x2b6959e12a00, 0x4000, -1) = 0x2b696004b4d0
27456   0.000584 libjvm.so->__fxstat(1, 3, 0x2b6959e128a0, 0x2b696004b4d0) = 0
27456   0.000500 libjvm.so->__fxstat(1, 5, 0x2b6959e12930, -1) = 0
27456   0.000879 libjvm.so->open(0x2b695b6ac9dc, 0, 0, 0) = 3
27456   0.000854 libjvm.so->__lxstat(1, 0x2b696004a5c0, 0x2b6959e12b50, -144) = 0
27456   0.000496 libjvm.so->open(0x2b696004a5c0, 0x20000, 0x4000, -1) = 3
27456   0.000863 libjvm.so->__fxstat(1, 3, 0x2b6959e12a00, -1) = 0
27456   0.000521 libjvm.so->opendir(0x2b696004a5c0, 0x2b6959e12a00, 0x4000, -1) = 0x2b696004b4d0
27456   0.000500 libjvm.so->__fxstat(1, 3, 0x2b6959e128a0, 0x2b696004b4d0) = 0
27456   0.000439 libjvm.so->__fxstat(1, 5, 0x2b6959e12930, -1) = 0
27456   0.000462 libjvm.so->open(0x2b695b6ac9dc, 0, 0, 0) = 3
27456   0.000483 libjvm.so->open(0x2b696004a609, 0x20042, 384, -1) = 7
27456   0.000861 libjvm.so->__fxstat(1, 7, 0x2b6959e12b50, -1) = 0
27456   0.002143 libjvm.so->fopen(0x2b6959e11b60, 0x2b695b695ccb, 4, 0x6f732e70) = 0x2b6960057c20
27456   0.002294 libjvm.so->dlopen(0x2b6959e11b60, 1, 0xffffffff, 0x2b6960057b00) = 0x2b6960057c20
27456   0.001659 libjvm.so->__xstat(1, 0x2b6959e12120, 0x2b6959e12950, 2048) = 0
27456   0.000456 libjvm.so->__xstat(1, 0x2b6959e12120, 0x2b6959e12950, 2048) = 0
27456   0.000453 libjvm.so->__xstat(1, 0x2b6959e12120, 0x2b6959e12950, 2048) = -1
27456   0.000433 libjvm.so->__xstat(1, 0x2b6959e12120, 0x2b6959e12950, 2048) = 0
27456   0.000462 libjvm.so->__xstat(1, 0x2b6959e12120, 0x2b6959e12950, 2048) = 0
27456   0.000497 libjvm.so->__xstat(1, 0x2b6959e12120, 0x2b6959e12950, 2048) = 0
27456   0.000540 libjvm.so->__xstat(1, 0x2b6959e12120, 0x2b6959e12950, 2048) = 0
27456   0.000440 libjvm.so->__xstat(1, 0x2b6959e12120, 0x2b6959e12950, 2048) = -1
27456   0.000470 libjvm.so->fopen(0x2b6960002520, 0x2b695b695ccb, 0, 0) = 0x2b6960058ac0
27456   0.009996 libjvm.so->open64(0x2b6959e11410, 0, 0, 16) = 3
27456   0.000680 libjvm.so->__fxstat64(1, 3, 0x2b6959e11240, -1) = 0
27456   0.047747 libjvm.so->__xstat(1, 0x2b6959e11f20, 0x2b6959e12750, 2048) = -1
27456   0.000639 libjvm.so->fopen(0x2b6959e10b20, 0x2b695b695ccb, 4011, 3996) = 0x2b69600b5d40
27456   0.000716 libjvm.so->fopen(0x2b6959e10b20, 0x2b695b695ccb, 4011, 3996) = 0x2b69600b5d40
27456   0.000902 libjvm.so->fopen(0x2b6959e10b20, 0x2b695b695ccb, 4011, 4004) = 0x2b69600b5d40
27456   0.005643 libjvm.so->pthread_attr_setdetachstate(0x2b6959e12c00, 1, 0, 0) = 0
27456   0.000579 libpthread.so.0->__clone(0x2b6959effde0, 0x2b695f783fc0, 0x3d0f00, 0x2b695f784700) = 0x6b41
27456   0.018879 libjvm.so->pthread_attr_setdetachstate(0x2b6959e12290, 1, 0, 0) = 0
27456   0.000863 libpthread.so.0->__clone(0x2b6959effde0, 0x2b695f884fc0, 0x3d0f00, 0x2b695f885700) = 0x6b42
27456   0.007508 libjvm.so->pthread_attr_setdetachstate(0x2b6959e12610, 1, 0, 0) = 0
27456   0.000786 libpthread.so.0->__clone(0x2b6959effde0, 0x2b695f985fc0, 0x3d0f00, 0x2b695f986700) = 0x6b43
27456   0.047574 libjvm.so->fopen(0x2b69600f1810, 0x2b695b695ccb, 4, 0x6f732e70) = 0x2b69600f1d10
27456   0.002361 libjvm.so->dlopen(0x2b69600f1810, 1, 0xffffffff, 0x2b69600e8c00) = 0x2b6960057c20
27456   0.005509 libjvm.so->open64(0x2b6959e11510, 0, 0, 16) = 5
27456   0.000926 libjvm.so->__fxstat64(1, 5, 0x2b6959e11340, -1) = 0
27456   0.022315 libjvm.so->fopen(0x2b6959e0e130, 0x2b695b695ccb, 4011, 3996) = 0x2b69600fcce0
27456   0.001243 libjvm.so->fopen(0x2b6959e0e130, 0x2b695b695ccb, 4011, 3996) = 0x2b69600fcce0
27456   0.001151 libjvm.so->fopen(0x2b6959e0e130, 0x2b695b695ccb, 4011, 4004) = 0x2b69600fcce0
27456   0.017189 libjvm.so->pthread_attr_setdetachstate(0x2b6959e12b50, 1, 0, 0) = 0
27456   0.001002 libpthread.so.0->__clone(0x2b6959effde0, 0x2b695fa86fc0, 0x3d0f00, 0x2b695fa87700) = 0x6b44
27456   0.001581 libjvm.so->__xstat64(1, 0x2b6959e12be0, 0x2b6959e12b50, 19) = -1
27456   0.001139 libjvm.so->pthread_attr_setdetachstate(0x2b6959e12950, 1, 0, 0) = 0
27456   0.001114 libpthread.so.0->__clone(0x2b6959effde0, 0x2b695fb87fc0, 0x3d0f00, 0x2b695fb88700) = 0x6b45
27456   0.002033 libjvm.so->pthread_attr_setdetachstate(0x2b6959e12950, 1, 0, 0) = 0
27456   0.001591 libpthread.so.0->__clone(0x2b6959effde0, 0x2b695fc88fc0, 0x3d0f00, 0x2b695fc89700) = 0x6b46
27456   0.014276 libjvm.so->pthread_attr_setdetachstate(0x2b6959e12aa0, 1, 0, 0) = 0
27456   0.001608 libpthread.so.0->__clone(0x2b6959effde0, 0x2b695fd89fc0, 0x3d0f00, 0x2b695fd8a700) = 0x6b47
27456   0.002391 libjvm.so->pthread_attr_setdetachstate(0x2b6959e12bb0, 1, 0, 0) = 0
27456   0.002032 libpthread.so.0->__clone(0x2b6959effde0, 0x2b695fe8afc0, 0x3d0f00, 0x2b695fe8b700) = 0x6b48
27456   0.017425 libjvm.so->open64(0x2b696012e8e0, 0, 0, 32) = 7
27456   0.001817 libjvm.so->__fxstat64(1, 7, 0x2b6959e0ff60, -1) = 0
27456   0.026095 libjvm.so->fopen(0x2b6960154710, 0x2b695b695ccb, 4, 0x6f732e6f) = 0x2b69601547d0
27456   0.003057 libjvm.so->dlopen(0x2b6960154710, 1, 0xffffffff, 0x2b6960154700) = 0x2b69601547d0
27456   0.164291 libjvm.so->fopen(0x2b69601c3190, 0x2b695b695ccb, 4, 0x6f732e74) = 0x2b69601e6f70
27456   0.003445 libjvm.so->dlopen(0x2b69601c3190, 1, 0xffffffff, 0x2b69601c3000) = 0x2b69601e6f70
27456   0.060936 libjvm.so->fopen(0x2b6959e0b070, 0x2b695b695ccb, 0x6f732e, 0x6d766a62696c2f72) = 0x2b69601f9b80
27456   0.006127 libjvm.so->dlopen(0x2b6959e0b070, 1, 0xffffffff, 0x2b69601f9b00) = 0x558d9a40e4b0
27456   0.001723 libjvm.so->fopen(0x2b6959e0b070, 0x2b695b695ccb, 0x6f732e, 0x6d766a62696c2f72) = 0x2b69601f9ff0
27456   0.005008 libjvm.so->dlopen(0x2b6959e0b070, 1, 0xffffffff, 0x2b69601f9b00) = 0x558d9a40e4b0
27456   0.001646 libjvm.so->fopen(0x2b6959e0b070, 0x2b695b695ccb, 0x6f732e, 0x6d766a62696c2f72) = 0x2b69601f9c20
27456   0.004307 libjvm.so->dlopen(0x2b6959e0b070, 1, 0xffffffff, 0x2b69601f9b00) = 0x558d9a40e4b0
27456   0.001694 libjvm.so->fopen(0x2b6959e0b070, 0x2b695b695ccb, 0x6f732e, 0x6d766a62696c2f72) = 0x2b69601f9c20
27456   0.003899 libjvm.so->dlopen(0x2b6959e0b070, 1, 0xffffffff, 0x2b69601f9b00) = 0x558d9a40e4b0
27456   0.078591 libjvm.so->fopen(0x2b6960240460, 0x2b695b695ccb, 0x6f732e7373656c, 0x656c646165685f74) = 0x2b6960240540
27456   0.002753 libjvm.so->dlopen(0x2b6960240460, 1, 0xffffffff, 0x2b6960240400) = 0x2b6960240540
27464   0.038849 +++ exited (status 0) +++
27460   0.000260 +++ exited (status 0) +++
27457   0.000380 +++ exited (status 0) +++
27456   0.000263 +++ exited (status 0) +++
27463   0.000287 +++ exited (status 1) +++
27461   0.000027 +++ exited (status 1) +++
27459   0.000015 +++ exited (status 1) +++
27458   0.000015 +++ exited (status 1) +++
27462   0.005090 +++ exited (status 1) +++
27451   0.000042 +++ exited (status 1) +++
Wrote an ltrace for command: "java -cp ./tools/maxent.jar density.Project outputs/Metaphycus_capensis_Annecke/Metaphycus_capensis_Annecke.lambdas data/layers/worldclim outputs/Metaphycus_capensis_Annecke_worldclim.asc nowarnings nocache autorun -z" with PID 27448 from PPID 27432 on disc21.crc.nd.edu with result 1
REMOTEHOST=10.17.148.247
_CONDOR_JOB_PIDS=
MANPATH=/afs/crc.nd.edu/user/n/nkremerh/cctools/share/man/:/afs/crc.nd.edu/group/ccl/software/x86_64/redhat7/ruby/current/share/man:/afs/crc.nd.edu/group/ccl/software/x86_64/redhat7/graphviz/current/share/man:/afs/crc.nd.edu/group/ccl/software/x86_64/redhat7/gnuplot/current/share/man:/afs/crc.nd.edu/group/ccl/software/x86_64/redhat7/git/current/share/man:/afs/crc.nd.edu/group/ccl/software/x86_64/redhat7/condor/current/share/man:/afs/crc.nd.edu/group/ccl/software/x86_64/redhat7/clang/current/share/man:/afs/crc.nd.edu/group/ccl/software/x86_64/redhat7/condor/current/share/man:/afs/crc.nd.edu/group/ccl/software/x86_64/redhat7/cctools/current/share/man:/afs/crc.nd.edu/group/ccl/software/x86_64/redhat7/cctools/current/share/man:/afs/crc.nd.edu/x86_64_linux/Modules/4.5.0/share/man:/opt/crc/usr/local/man:/opt/sge/man:/usr/share/man/overrides:/usr/share/man:/usr/local/share/man
XDG_SESSION_ID=2686
_CONDOR_ANCESTOR_3669=16403:1599499132:729388361
HOSTNAME=disc01.crc.nd.edu
_LMFILES__modshare=/afs/crc.nd.edu/x86_64_linux/Modules/modules/system_modules/CRC_default/1.1:1
MODULEPATH_modshare=/afs/crc.nd.edu/x86_64_linux/Modules/modules/general_software:1:/afs/crc.nd.edu/x86_64_linux/Modules/modules/development_tools_and_libraries:1:/afs/crc.nd.edu/x86_64_linux/Modules/modules/system_modules:1:/afs/crc.nd.edu/x86_64_linux/Modules/current/modulefiles:1:/afs/crc.nd.edu/x86_64_linux/Modules/modules/restricted_software:1:/afs/crc.nd.edu/x86_64_linux/Modules/modules/deprecated_software:1
MODULES_CMD=/afs/crc.nd.edu/x86_64_linux/Modules/4.5.0/libexec/modulecmd.tcl
HOST=disc01.crc.nd.edu
SHELL=/bin/tcsh
TERM=xterm-256color
MAKEFLAGS=
HISTSIZE=5000
TMPDIR=/var/condor/execute/dir_16403/worker-213124-16439/t.1328/cctools-temp-t.1328.zfqBCQ
SSH_CLIENT=10.17.148.247 49750 22
PERL5LIB=/afs/crc.nd.edu/user/n/nkremerh/cctools/lib/perl5/site_perl/5.16.3:/afs/crc.nd.edu/user/n/nkremerh/.perl5/lib/perl5
SGE_CELL=crc
_CONDOR_SCRATCH_DIR=/var/condor/execute/dir_16403
PERL_MB_OPT=--install_base '/afs/crc.nd.edu/user/n/nkremerh/.perl5/'
SSH_TTY=/dev/pts/0
SGE_LOAD_AVG=load_avg
MAKEFLOW_MAX_LOCAL_JOBS=2
HISTFILESIZE=10000
_CHIRP_DELAYED_UPDATE_PREFIX=Chirp*
USER=nkremerh
GROUP=campus
LD_LIBRARY_PATH=/afs/crc.nd.edu/group/ccl/software/x86_64/redhat7/ruby/current/lib:/afs/crc.nd.edu/group/ccl/software/x86_64/redhat7/graphviz/current/lib:/afs/crc.nd.edu/group/ccl/software/x86_64/redhat7/git/current/lib:/afs/crc.nd.edu/group/ccl/software/x86_64/redhat7/condor/current/lib:/afs/crc.nd.edu/group/ccl/software/x86_64/redhat7/clang/current/lib:/afs/crc.nd.edu/group/ccl/software/x86_64/redhat7/condor/current/lib:/afs/crc.nd.edu/group/ccl/software/x86_64/redhat7/cctools/current/lib:/opt/crc/usr/local/lib
TEMP=/var/condor/execute/dir_16403/worker-213124-16439/t.1328/cctools-temp-t.1328.zfqBCQ
BATCH_SYSTEM=HTCondor
WORKER_TMPDIR=/var/condor/execute/dir_16403/worker-213124-16439/cache/tmp
ENV=/afs/crc.nd.edu/x86_64_linux/Modules/4.5.0/init/profile.sh
MODULES_LMALTNAME=CRC_default/1.1&CRC_default/default&CRC_default
_CONDOR_CHIRP_CONFIG=/var/condor/execute/dir_16403/.chirp.config
GLOBUS_GSSAPI_MAX_TLS_PROTOCOL=0
_CONDOR_HIGHPORT=9999
HOSTTYPE=x86_64-linux
MAKELEVEL=1
MFLAGS=
CCLSOFTWARE=/afs/crc.nd.edu/group/ccl/software/x86_64/redhat7
PATH=/afs/crc.nd.edu/user/n/nkremerh/cctools/bin:/afs/crc.nd.edu/user/n/nkremerh/miniconda/bin:/afs/crc.nd.edu/group/ccl/software/git:/afs/crc.nd.edu/user/n/nkremerh/.local/bin:/afs/crc.nd.edu/group/ccl/software/x86_64/redhat7/povray/3.7/bin:/afs/crc.nd.edu/user/n/nkremerh/.perl5/bin:/afs/crc.nd.edu/user/n/nkremerh/pegasus/bin:/afs/crc.nd.edu/user/n/nkremerh/nodejs/bin:/afs/crc.nd.edu/user/n/nkremerh/montage/bin:/afs/crc.nd.edu/user/n/nkremerh/latexdiff:/afs/crc.nd.edu/user/n/nkremerh/envtrace:/afs/crc.nd.edu/user/n/nkremerh/endlines:/afs/crc.nd.edu/user/n/nkremerh/cctools/bin:/afs/crc.nd.edu/user/n/nkremerh/.cargo/bin:/afs/crc.nd.edu/group/ccl/software/x86_64/redhat7/ruby/current/bin:/afs/crc.nd.edu/group/ccl/software/x86_64/redhat7/graphviz/current/bin:/afs/crc.nd.edu/group/ccl/software/x86_64/redhat7/gnuplot/current/bin:/afs/crc.nd.edu/group/ccl/software/x86_64/redhat7/git/current/bin:/afs/crc.nd.edu/group/ccl/software/x86_64/redhat7/condor/current/sbin:/afs/crc.nd.edu/group/ccl/software/x86_64/redhat7/condor/current/bin:/afs/crc.nd.edu/group/ccl/software/x86_64/redhat7/cmake/current/bin:/afs/crc.nd.edu/group/ccl/software/x86_64/redhat7/clang/current/bin:/afs/crc.nd.edu/group/ccl/software/x86_64/redhat7/condor/current/sbin:/afs/crc.nd.edu/group/ccl/software/x86_64/redhat7/condor/current/bin:/afs/crc.nd.edu/group/ccl/software/x86_64/redhat7/cctools/current/bin:/afs/crc.nd.edu/x86_64_linux/Modules/4.5.0/bin:/opt/crc/usr/local/bin:/opt/sge/bin/lx-amd64:/usr/local/bin:/usr/bin:/usr/local/sbin:/usr/sbin:/afs/crc.nd.edu/user/c/condor/software/bin:/afs/crc.nd.edu/user/c/condor/software/sbin
MAIL=/var/spool/mail/nkremerh
PWD=/var/condor/execute/dir_16403/worker-213124-16439/t.1328
_LMFILES_=/afs/crc.nd.edu/x86_64_linux/Modules/modules/system_modules/CRC_default/1.1
SGE_EXECD_PORT=6445
EDITOR=vim
LANG=en_US.UTF-8
MODULEPATH=/afs/crc.nd.edu/x86_64_linux/Modules/modules/development_tools_and_libraries:/afs/crc.nd.edu/x86_64_linux/Modules/modules/general_software:/afs/crc.nd.edu/x86_64_linux/Modules/modules/restricted_software:/afs/crc.nd.edu/x86_64_linux/Modules/modules/system_modules:/afs/crc.nd.edu/x86_64_linux/Modules/modules/deprecated_software:/afs/crc.nd.edu/x86_64_linux/Modules/current/modulefiles
SGE_QMASTER_PORT=6444
SGE_ROOT=/opt/sge
LOADEDMODULES=CRC_default/1.1
WORK_QUEUE_SANDBOX=/var/condor/execute/dir_16403/worker-213124-16439
_CONDOR_SLOT=slot1
CCLPLATFORM=x86_64/redhat7
USE_SYSTEMD=true
_CONDOR_LOWPORT=9100
KRB5CCNAME=FILE:/tmp/krb5cc_213124_dlYXoi
HISTCONTROL=ignoreboth:erasedups
PATH_modshare=/opt/crc/usr/local/bin:1:/opt/sge/bin/lx-amd64:1:/usr/sbin:1:/usr/bin:1:/afs/crc.nd.edu/user/c/condor/software/sbin:1:/usr/local/sbin:1:/afs/crc.nd.edu/user/c/condor/software/bin:1:/usr/local/bin:1
SHLVL=7
HOME=disc01.crc.nd.edu
GLOBUS_GSSAPI_NAME_COMPATIBILITY=STRICT_RFC2818
_CONDOR_MACHINE_AD=/var/condor/execute/dir_16403/.machine.ad
OSTYPE=linux
DISK=917490
GREP_OPTIONS=--color=auto
GLOBUS_GSSAPI_MIN_TLS_PROTOCOL=TLS1_VERSION
MEMORY=15899
MANPATH_modshare=/usr/share/man/overrides:1:/usr/local/share/man:1:/usr/share/man:1:/opt/crc/usr/local/man:1:/opt/sge/man:1
VENDOR=unknown
BASH_ENV=/afs/crc.nd.edu/x86_64_linux/Modules/4.5.0/init/bash
PERL_LOCAL_LIB_ROOT=/afs/crc.nd.edu/user/n/nkremerh/.perl5/
PYTHONPATH=/afs/crc.nd.edu/user/n/nkremerh/cctools/lib/python3.6/site-packages/
CCLHOME=/afs/crc.nd.edu/group/ccl
MACHTYPE=x86_64
LOGNAME=nkremerh
TMP=/var/condor/execute/dir_16403/worker-213124-16439/t.1328/cctools-temp-t.1328.zfqBCQ
LD_LIBRARY_PATH_modshare=/opt/crc/usr/local/lib:1
MODULES_LMALTNAME_modshare=CRC_default/1.1&CRC_default/default&CRC_default:1
SSH_CONNECTION=10.17.148.247 49750 129.74.128.103 22
_CONDOR_ANCESTOR_3314=3669:1598183978:1434769074
MODULESHOME=/afs/crc.nd.edu/x86_64_linux/Modules/4.5.0
OMP_NUM_THREADS=1
LESSOPEN=||/usr/bin/lesspipe.sh %s
GLOBUS_GSSAPI_BACKWARD_COMPATIBLE_MIC=true
GLOBUS_GSSAPI_CIPHERS=HIGH
LOADEDMODULES_modshare=CRC_default/1.1:1
_CONDOR_JOB_AD=/var/condor/execute/dir_16403/.job.ad
SGE_CLUSTER_NAME=CRC
XDG_RUNTIME_DIR=/run/user/213124
CCTOOLS=../cctools
CORES=4
_CONDOR_ANCESTOR_16403=16416:1599499133:269452472
_CONDOR_JOB_IWD=/var/condor/execute/dir_16403
PERL_MM_OPT=INSTALL_BASE=/afs/crc.nd.edu/user/n/nkremerh/.perl5/
GLOBUS_GSSAPI_SERVER_CIPHER_ORDER=true
BASH_FUNC_module()=() {  unset _mlshdbg;
 if [ "${MODULES_SILENT_SHELL_DEBUG:-0}" = '1' ]; then
 case "$-" in 
 *v*x*)
 set +vx;
 _mlshdbg='vx'
 ;;
 *v*)
 set +v;
 _mlshdbg='v'
 ;;
 *x*)
 set +x;
 _mlshdbg='x'
 ;;
 *)
 _mlshdbg=''
 ;;
 esac;
 fi;
 unset _mlre _mlIFS;
 if [ -n "${IFS+x}" ]; then
 _mlIFS=$IFS;
 fi;
 IFS=' ';
 for _mlv in ${MODULES_RUN_QUARANTINE:-};
 do
 if [ "${_mlv}" = "${_mlv##*[!A-Za-z0-9_]}" -a "${_mlv}" = "${_mlv#[0-9]}" ]; then
 if [ -n "`eval 'echo ${'$_mlv'+x}'`" ]; then
 _mlre="${_mlre:-}${_mlv}_modquar='`eval 'echo ${'$_mlv'}'`' ";
 fi;
 _mlrv="MODULES_RUNENV_${_mlv}";
 _mlre="${_mlre:-}${_mlv}='`eval 'echo ${'$_mlrv':-}'`' ";
 fi;
 done;
 if [ -n "${_mlre:-}" ]; then
 eval `eval ${_mlre}/usr/bin/tclsh /afs/crc.nd.edu/x86_64_linux/Modules/4.5.0/libexec/modulecmd.tcl bash '"$@"'`;
 else
 eval `/usr/bin/tclsh /afs/crc.nd.edu/x86_64_linux/Modules/4.5.0/libexec/modulecmd.tcl bash "$@"`;
 fi;
 _mlstatus=$?;
 if [ -n "${_mlIFS+x}" ]; then
 IFS=$_mlIFS;
 else
 unset IFS;
 fi;
 unset _mlre _mlv _mlrv _mlIFS;
 if [ -n "${_mlshdbg:-}" ]; then
 set -$_mlshdbg;
 fi;
 unset _mlshdbg;
 return $_mlstatus
}
BASH_FUNC_ml()=() {  module ml "$@"
}
_=/usr/bin/printenv
