21798   0.000000 libjli.so->getenv("_JAVA_LAUNCHER_DEBUG") = nil
21798   0.001801 libjli.so->getenv("_JAVA_VERSION_SET") = nil
21798   0.000769 libjli.so->fopen("/usr/lib/jvm/java-1.8.0-openjdk-1.8.0.262.b10-0.el7_8.x86_64/jre/lib/amd64/jvm.cfg", "r") = 0x562292fd20e0
21798   0.000878 libjli.so->getenv("JDK_ALTERNATE_VM") = nil
21798   0.000332 libjli.so->__xstat(1, "/usr/lib/jvm/java-1.8.0-openjdk-1.8.0.262.b10-0.el7_8.x86_64/jre/lib/amd64/server/libjvm.so", 0x7fff2e4601c0) = 0
21798   0.000628 libjli.so->getenv("LD_LIBRARY_PATH") = "/afs/crc.nd.edu/group/ccl/software/x86_64/redhat7/ruby/current/lib:/afs/crc.nd.edu/group/ccl/software/x86_64/redhat7/graphviz/current/lib:/afs/crc.nd.edu/group/ccl/software/x86_64/redhat7/git/current/lib:/afs/crc.nd.edu/group/ccl/software/x86_64/redhat7/condor/current/lib:/afs/crc.nd.edu/group/ccl/software/x86_64/redhat7/clang/current/lib:/afs/crc.nd.edu/group/ccl/software/x86_64/redhat7/condor/current/lib:/afs/crc.nd.edu/group/ccl/software/x86_64/redhat7/cctools/current/lib:/opt/crc/usr/local/lib"
21798   0.002619 libjli.so->dlopen("/usr/lib/jvm/java-1.8.0-openjdk-1.8.0.262.b10-0.el7_8.x86_64/jre/lib/amd64/server/libjvm.so", 258 <unfinished ...>
21798   0.039733 libjvm.so->getenv("NMT_LEVEL_21798") = nil
21798   0.001630 <... dlopen resumed> )          = 0x562292fd24b0
21798   0.000086 libjli.so->getenv("CLASSPATH")  = nil
21798   0.000382 libjli.so->getenv("_JAVA_SPLASH_JAR") = nil
21798   0.000378 libjli.so->getenv("_JAVA_SPLASH_FILE") = nil
21798   0.000324 libjli.so->pthread_attr_setdetachstate(0x7fff2e460170, 0, 0x7fff2e460200, 0) = 0
21798   0.000438 libpthread.so.0->__clone(0x2b8586691de0, 0x2b85865a4fc0, 0x3d0f00, 0x2b85865a5700) = 0x5527
21799   0.001783 libjvm.so->dlopen(0x2b8587e709ae, 1, 0xfffffffffff42c48, 4096) = 0x2b858c000990
21799   0.003224 libjvm.so->getenv(0x2b8587e8b83e, 0, 115, 0x65737361) = 0x7fff2e465652
21799   0.000472 libjvm.so->fopen(0x2b85865a3c10, 0x2b8587e27ccb, 0x6f732e79666972, 0x2b8586f69ab0) = 0x2b858c001440
21799   0.001504 libjvm.so->dlopen(0x2b85865a3c10, 1, 0xffffffff, 0x2b858c002b00) = 0x2b858c001440
21799   0.001437 libjvm.so->fopen(0x2b85865a3c10, 0x2b8587e27ccb, 111, 0x732e6176) = 0x2b858c001b10
21799   0.001507 libjvm.so->dlopen(0x2b85865a3c10, 1, 0xffffffff, 0x2b858c001a00) = 0x2b858c001b10
21799   0.001484 libjvm.so->__xstat(1, 0x2b85865a4360, 0x2b85865a4ba0, 0x746f7073746f682e) = -1
21799   0.000443 libjvm.so->getenv(0x2b8587e20541, 0x2b85865a46d0, 1024, 0x2b85882da61b) = 0
21799   0.000440 libjvm.so->getenv(0x2b8587e20533, 0x2b85865a46d0, 1024, 0) = 0
21799   0.000454 libjvm.so->fopen(0x2b8587e70315, 0x2b8587e27ccb, 4095, 0xffffd47a781dfb03) = 0x2b858c003310
21799   0.001029 libjvm.so->fopen(0x2b8587e70361, 0x2b8587e27ccb, 0x2b858c000078, 0x2b858c003300) = 0x2b858c003310
21799   0.000685 libjvm.so->fopen(0x2b858659e9b0, 0x2b8587e27ccb, 4014, 3995) = 0x2b858c003310
21799   0.000608 libjvm.so->opendir(0x2b858c002b40, 0x2b858c002b40, 13, 16) = 0
21799   0.000451 libjvm.so->__xstat(1, 0x2b85865a38f0, 0x2b85865a2860, 0x6f732e7477616d62) = -1
21799   0.000424 libjvm.so->__xstat(1, 0x2b85865a38f0, 0x2b85865a2860, 0x5f74776162696c2f) = 0
21799   0.000524 libjvm.so->fopen(0x2b85865a2b90, 0x2b8587e27ccb, 4009, 3994) = 0x2b858c0037f0
21799   0.000589 libjvm.so->fopen(0x2b85865a2b90, 0x2b8587e27ccb, 4009, 3994) = 0x2b858c0037f0
21799   0.000604 libjvm.so->fopen(0x2b85865a2b90, 0x2b8587e27ccb, 4009, 4002) = 0x2b858c0037f0
21799   0.000624 libjvm.so->fopen(0x2b85865a2b20, 0x2b8587e27ccb, 4009, 3994) = 0x2b858c0037f0
21799   0.000580 libjvm.so->fopen(0x2b85865a2b20, 0x2b8587e27ccb, 4009, 3994) = 0x2b858c0037f0
21799   0.000644 libjvm.so->fopen(0x2b85865a2b20, 0x2b8587e27ccb, 4009, 4002) = 0x2b858c0037f0
21799   0.000649 libjvm.so->fopen(0x2b85865a2b50, 0x2b8587e27ccb, 4014, 3995) = 0x2b858c0037f0
21799   0.000771 libjvm.so->getenv(0x2b8587e710ff, 4096, 3, -1) = 0
21799   0.000879 libjvm.so->fopen(0x2b8587e70998, 0x2b8587e27ccb, 0x2b8586688908, 0x2b8586687df0) = 0x2b858c0037f0
21799   0.004536 libjvm.so->open(0x2b858c04a5e0, 0x20000, 0, 0x2b858c04a629) = 3
21799   0.000439 libjvm.so->__fxstat(1, 3, 0x2b85865a4a00, -1) = 0
21799   0.000476 libjvm.so->opendir(0x2b858c04a5e0, 0x2b85865a4a00, 0x4000, -1) = 0x2b858c04b4f0
21799   0.000462 libjvm.so->__fxstat(1, 3, 0x2b85865a48a0, 0x2b858c04b4f0) = 0
21799   0.000432 libjvm.so->__fxstat(1, 5, 0x2b85865a4930, -1) = 0
21799   0.000450 libjvm.so->open(0x2b8587e3e9dc, 0, 0, 0) = 3
21799   0.000646 libjvm.so->__lxstat(1, 0x2b858c04a5e0, 0x2b85865a4b50, -144) = 0
21799   0.000451 libjvm.so->open(0x2b858c04a5e0, 0x20000, 0x4000, -1) = 3
21799   0.000446 libjvm.so->__fxstat(1, 3, 0x2b85865a4a00, -1) = 0
21799   0.000451 libjvm.so->opendir(0x2b858c04a5e0, 0x2b85865a4a00, 0x4000, -1) = 0x2b858c04b4f0
21799   0.000426 libjvm.so->__fxstat(1, 3, 0x2b85865a48a0, 0x2b858c04b4f0) = 0
21799   0.000432 libjvm.so->__fxstat(1, 5, 0x2b85865a4930, -1) = 0
21799   0.000447 libjvm.so->open(0x2b8587e3e9dc, 0, 0, 0) = 3
21799   0.000536 libjvm.so->open(0x2b858c04a629, 0x20042, 384, -1) = 7
21799   0.000579 libjvm.so->__fxstat(1, 7, 0x2b85865a4b50, -1) = 0
21799   0.001954 libjvm.so->fopen(0x2b85865a3b60, 0x2b8587e27ccb, 4, 0x6f732e70) = 0x2b858c057c40
21799   0.001829 libjvm.so->dlopen(0x2b85865a3b60, 1, 0xffffffff, 0x2b858c057b00) = 0x2b858c057c40
21799   0.001408 libjvm.so->__xstat(1, 0x2b85865a4120, 0x2b85865a4950, 2048) = 0
21799   0.000483 libjvm.so->__xstat(1, 0x2b85865a4120, 0x2b85865a4950, 2048) = 0
21799   0.000438 libjvm.so->__xstat(1, 0x2b85865a4120, 0x2b85865a4950, 2048) = -1
21799   0.000427 libjvm.so->__xstat(1, 0x2b85865a4120, 0x2b85865a4950, 2048) = 0
21799   0.000427 libjvm.so->__xstat(1, 0x2b85865a4120, 0x2b85865a4950, 2048) = 0
21799   0.000444 libjvm.so->__xstat(1, 0x2b85865a4120, 0x2b85865a4950, 2048) = 0
21799   0.000425 libjvm.so->__xstat(1, 0x2b85865a4120, 0x2b85865a4950, 2048) = 0
21799   0.000439 libjvm.so->__xstat(1, 0x2b85865a4120, 0x2b85865a4950, 2048) = -1
21799   0.000429 libjvm.so->fopen(0x2b858c002520, 0x2b8587e27ccb, 0, 0) = 0x2b858c058ae0
21799   0.009826 libjvm.so->open64(0x2b85865a3410, 0, 0, 16) = 3
21799   0.000459 libjvm.so->__fxstat64(1, 3, 0x2b85865a3240, -1) = 0
21799   0.039474 libjvm.so->__xstat(1, 0x2b85865a3f20, 0x2b85865a4750, 2048) = -1
21799   0.000660 libjvm.so->fopen(0x2b85865a2b20, 0x2b8587e27ccb, 4009, 3994) = 0x2b858c0b5fa0
21799   0.000784 libjvm.so->fopen(0x2b85865a2b20, 0x2b8587e27ccb, 4009, 3994) = 0x2b858c0b5fa0
21799   0.000748 libjvm.so->fopen(0x2b85865a2b20, 0x2b8587e27ccb, 4009, 4002) = 0x2b858c0b5fa0
21799   0.004301 libjvm.so->pthread_attr_setdetachstate(0x2b85865a4c00, 1, 0, 0) = 0
21799   0.000639 libpthread.so.0->__clone(0x2b8586691de0, 0x2b858bf15fc0, 0x3d0f00, 0x2b858bf16700) = 0x552d
21799   0.017329 libjvm.so->pthread_attr_setdetachstate(0x2b85865a4290, 1, 0, 0) = 0
21799   0.000693 libpthread.so.0->__clone(0x2b8586691de0, 0x2b859f0fffc0, 0x3d0f00, 0x2b859f100700) = 0x552e
21799   0.007259 libjvm.so->pthread_attr_setdetachstate(0x2b85865a4610, 1, 0, 0) = 0
21799   0.000785 libpthread.so.0->__clone(0x2b8586691de0, 0x2b859f200fc0, 0x3d0f00, 0x2b859f201700) = 0x552f
21799   0.042600 libjvm.so->fopen(0x2b858c0e55e0, 0x2b8587e27ccb, 4, 0x6f732e70) = 0x2b858c0f1d00
21799   0.001980 libjvm.so->dlopen(0x2b858c0e55e0, 1, 0xffffffff, 0x2b858c0ec300) = 0x2b858c057c40
21799   0.005158 libjvm.so->open64(0x2b85865a3510, 0, 0, 16) = 5
21799   0.001012 libjvm.so->__fxstat64(1, 5, 0x2b85865a3340, -1) = 0
21799   0.021875 libjvm.so->fopen(0x2b85865a0130, 0x2b8587e27ccb, 4009, 3994) = 0x2b858c0fcca0
21799   0.001191 libjvm.so->fopen(0x2b85865a0130, 0x2b8587e27ccb, 4009, 3994) = 0x2b858c0fcca0
21799   0.001175 libjvm.so->fopen(0x2b85865a0130, 0x2b8587e27ccb, 4009, 4002) = 0x2b858c0fcca0
21799   0.016168 libjvm.so->pthread_attr_setdetachstate(0x2b85865a4b50, 1, 0, 0) = 0
21799   0.001157 libpthread.so.0->__clone(0x2b8586691de0, 0x2b859f301fc0, 0x3d0f00, 0x2b859f302700) = 0x5530
21799   0.001788 libjvm.so->__xstat64(1, 0x2b85865a4be0, 0x2b85865a4b50, 19) = -1
21799   0.001288 libjvm.so->pthread_attr_setdetachstate(0x2b85865a4950, 1, 0, 0) = 0
21799   0.001174 libpthread.so.0->__clone(0x2b8586691de0, 0x2b859f402fc0, 0x3d0f00, 0x2b859f403700) = 0x5531
21799   0.001615 libjvm.so->pthread_attr_setdetachstate(0x2b85865a4950, 1, 0, 0) = 0
21799   0.001354 libpthread.so.0->__clone(0x2b8586691de0, 0x2b859f503fc0, 0x3d0f00, 0x2b859f504700) = 0x5532
21799   0.007757 libjvm.so->pthread_attr_setdetachstate(0x2b85865a4aa0, 1, 0, 0) = 0
21799   0.001495 libpthread.so.0->__clone(0x2b8586691de0, 0x2b859f604fc0, 0x3d0f00, 0x2b859f605700) = 0x5533
21799   0.002200 libjvm.so->pthread_attr_setdetachstate(0x2b85865a4bb0, 1, 0, 0) = 0
21799   0.001593 libpthread.so.0->__clone(0x2b8586691de0, 0x2b859f705fc0, 0x3d0f00, 0x2b859f706700) = 0x5534
21799   0.014637 libjvm.so->open64(0x2b858c136930, 0, 0, 48) = 7
21799   0.001724 libjvm.so->__fxstat64(1, 7, 0x2b85865a1f60, -1) = 0
21799   0.026436 libjvm.so->fopen(0x2b858c15c620, 0x2b8587e27ccb, 4, 0x6f732e6f) = 0x2b858c15c6e0
21799   0.003501 libjvm.so->dlopen(0x2b858c15c620, 1, 0xffffffff, 0x2b858c15c600) = 0x2b858c15c6e0
21810   0.048902 --- SIGSEGV (Segmentation fault) ---
21799   0.053646 libjvm.so->fopen(0x2b858659ee40, 0x2b8587e27ccb, 0x6f732e, 0x6d766a62696c2f72) = 0x2b858c171f20
21799   0.006061 libjvm.so->dlopen(0x2b858659ee40, 1, 0xffffffff, 0x2b858c171e00) = 0x562292fd24b0
21799   0.001670 libjvm.so->fopen(0x2b858659ee40, 0x2b8587e27ccb, 0x6f732e, 0x6d766a62696c2f72) = 0x2b858c172320
21799   0.005180 libjvm.so->dlopen(0x2b858659ee40, 1, 0xffffffff, 0x2b858c171e00) = 0x562292fd24b0
21799   0.001687 libjvm.so->fopen(0x2b858659ee40, 0x2b8587e27ccb, 0x6f732e, 0x6d766a62696c2f72) = 0x2b858c171f20
21799   0.003577 libjvm.so->dlopen(0x2b858659ee40, 1, 0xffffffff, 0x2b858c171e00) = 0x562292fd24b0
21799   0.001724 libjvm.so->fopen(0x2b858659ee40, 0x2b8587e27ccb, 0x6f732e, 0x6d766a62696c2f72) = 0x2b858c171f20
21799   0.003332 libjvm.so->dlopen(0x2b858659ee40, 1, 0xffffffff, 0x2b858c171e00) = 0x562292fd24b0
21799   0.050175 libjvm.so->fopen(0x2b858c1af510, 0x2b8587e27ccb, 4, 0x6f732e74) = 0x2b858c1bd3b0
21799   0.003035 libjvm.so->dlopen(0x2b858c1af510, 1, 0xffffffff, 0x2b858c1a5600) = 0x2b858c1bd3b0
21799   0.147480 libjvm.so->fopen(0x2b858c220750, 0x2b8587e27ccb, 0x6f732e7373656c, 0x656c646165685f74) = 0x2b858c220830
21799   0.003388 libjvm.so->dlopen(0x2b858c220750, 1, 0xffffffff, 0x2b858c220700) = 0x2b858c220830
21799   4.661731 --- SIGSEGV (Segmentation fault) ---
21799   0.000814 --- SIGSEGV (Segmentation fault) ---
21799   0.978353 --- SIGSEGV (Segmentation fault) ---
21799   0.001174 --- SIGSEGV (Segmentation fault) ---
21799   0.888543 --- SIGSEGV (Segmentation fault) ---
21799   0.000868 --- SIGSEGV (Segmentation fault) ---
21799   0.000553 --- SIGSEGV (Segmentation fault) ---
21799   0.925510 --- SIGSEGV (Segmentation fault) ---
21799   0.001712 --- SIGSEGV (Segmentation fault) ---
21799   0.661269 --- SIGSEGV (Segmentation fault) ---
21799   0.000736 --- SIGSEGV (Segmentation fault) ---
21799   0.955165 --- SIGSEGV (Segmentation fault) ---
21799   0.000750 --- SIGSEGV (Segmentation fault) ---
21799   0.000618 --- SIGSEGV (Segmentation fault) ---
21799   0.900988 --- SIGSEGV (Segmentation fault) ---
21799   0.000573 --- SIGSEGV (Segmentation fault) ---
21799   0.000510 --- SIGSEGV (Segmentation fault) ---
21799   0.781504 --- SIGSEGV (Segmentation fault) ---
21799   0.000688 --- SIGSEGV (Segmentation fault) ---
21799   0.000327 --- SIGSEGV (Segmentation fault) ---
21799   1.244204 --- SIGSEGV (Segmentation fault) ---
21799   0.901292 --- SIGSEGV (Segmentation fault) ---
21799   0.000639 --- SIGSEGV (Segmentation fault) ---
21799   0.000390 --- SIGSEGV (Segmentation fault) ---
21799   0.000552 --- SIGSEGV (Segmentation fault) ---
21799   0.933149 --- SIGSEGV (Segmentation fault) ---
21799   0.000624 --- SIGSEGV (Segmentation fault) ---
21799   0.001159 --- SIGSEGV (Segmentation fault) ---
21799   0.660201 --- SIGSEGV (Segmentation fault) ---
21799   0.000768 --- SIGSEGV (Segmentation fault) ---
21799   0.000549 --- SIGSEGV (Segmentation fault) ---
21799   0.987065 --- SIGSEGV (Segmentation fault) ---
21799   0.000989 --- SIGSEGV (Segmentation fault) ---
21799   0.919825 --- SIGSEGV (Segmentation fault) ---
21799   0.002795 --- SIGSEGV (Segmentation fault) ---
21799   0.916249 --- SIGSEGV (Segmentation fault) ---
21799   1.039608 libjvm.so->fopen(0x2b85865a20e0, 0x2b8587e27ccb, 111, 0x732e6176) = 0x2b858c218e10
21799   0.003079 libjvm.so->dlopen(0x2b85865a20e0, 1, 0xffffffff, 0x2b858c13be00) = 0x2b858c001b10
21799   0.001763 libjvm.so->fopen(0x2b85865a20e0, 0x2b8587e27ccb, 111, 0x732e6176) = 0x2b858c218e10
21799   0.002883 libjvm.so->dlopen(0x2b85865a20e0, 1, 0xffffffff, 0x2b858c13be00) = 0x2b858c001b10
21799   0.001680 libjvm.so->fopen(0x2b85865a20e0, 0x2b8587e27ccb, 111, 0x732e6176) = 0x2b858c218e10
21799   0.002751 libjvm.so->dlopen(0x2b85865a20e0, 1, 0xffffffff, 0x2b858c13be00) = 0x2b858c001b10
21799   0.002382 libjvm.so->fopen(0x2b85865a20e0, 0x2b8587e27ccb, 111, 0x732e6176) = 0x2b858c218e10
21799   0.002776 libjvm.so->dlopen(0x2b85865a20e0, 1, 0xffffffff, 0x2b858c13be00) = 0x2b858c001b10
21799   0.070751 libjvm.so->fopen(0x2b85865a1ea0, 0x2b8587e27ccb, 111, 0x732e6176) = 0x2b858c133580
21799   0.018488 libjvm.so->dlopen(0x2b85865a1ea0, 1, 0xffffffff, 0x2b858c1e4400) = 0x2b858c001b10
21799   0.001649 libjvm.so->fopen(0x2b85865a1ea0, 0x2b8587e27ccb, 111, 0x732e6176) = 0x2b858c133580
21799   0.005003 libjvm.so->dlopen(0x2b85865a1ea0, 1, 0xffffffff, 0x2b858c1e4400) = 0x2b858c001b10
21799   0.001659 libjvm.so->fopen(0x2b85865a1ea0, 0x2b8587e27ccb, 111, 0x732e6176) = 0x2b858c133580
21799   0.006701 libjvm.so->dlopen(0x2b85865a1ea0, 1, 0xffffffff, 0x2b858c1e4400) = 0x2b858c001b10
21799   0.001657 libjvm.so->fopen(0x2b85865a1ea0, 0x2b8587e27ccb, 111, 0x732e6176) = 0x2b858c133580
21799   0.002738 libjvm.so->dlopen(0x2b85865a1ea0, 1, 0xffffffff, 0x2b858c1e4400) = 0x2b858c001b10
21799   0.094313 --- SIGSEGV (Segmentation fault) ---
21799   1.000870 --- SIGSEGV (Segmentation fault) ---
21799   0.108455 --- SIGSEGV (Segmentation fault) ---
21799   3.137726 --- SIGSEGV (Segmentation fault) ---
21812   1.055194 +++ exited (status 0) +++
21808   0.000445 +++ exited (status 0) +++
21805   0.000304 +++ exited (status 0) +++
21799   0.000328 +++ exited (status 0) +++
21811   0.000393 +++ exited (status 0) +++
21810   0.000022 +++ exited (status 0) +++
21809   0.000015 +++ exited (status 0) +++
21806   0.000015 +++ exited (status 0) +++
21807   0.024795 +++ exited (status 0) +++
21798   0.000099 +++ exited (status 0) +++
Wrote an ltrace for command: "java -cp ./tools/maxent.jar density.Project outputs/Orthoporidra_brachyrhyncha_Moyano/Orthoporidra_brachyrhyncha_Moyano.lambdas data/layers/worldclim outputs/Orthoporidra_brachyrhyncha_Moyano_worldclim.asc nowarnings nocache autorun -z" with PID 21796 from PPID 21780 on disc20.crc.nd.edu with result 0
REMOTEHOST=129.74.154.87
_CONDOR_JOB_PIDS=
MANPATH=/afs/crc.nd.edu/user/n/nkremerh/cctools/share/man/:/afs/crc.nd.edu/group/ccl/software/x86_64/redhat7/ruby/current/share/man:/afs/crc.nd.edu/group/ccl/software/x86_64/redhat7/graphviz/current/share/man:/afs/crc.nd.edu/group/ccl/software/x86_64/redhat7/gnuplot/current/share/man:/afs/crc.nd.edu/group/ccl/software/x86_64/redhat7/git/current/share/man:/afs/crc.nd.edu/group/ccl/software/x86_64/redhat7/condor/current/share/man:/afs/crc.nd.edu/group/ccl/software/x86_64/redhat7/clang/current/share/man:/afs/crc.nd.edu/group/ccl/software/x86_64/redhat7/condor/current/share/man:/afs/crc.nd.edu/group/ccl/software/x86_64/redhat7/cctools/current/share/man:/afs/crc.nd.edu/group/ccl/software/x86_64/redhat7/cctools/current/share/man:/afs/crc.nd.edu/x86_64_linux/Modules/4.5.0/share/man:/opt/crc/usr/local/man:/opt/sge/man:/usr/share/man/overrides:/usr/share/man:/usr/local/share/man
XDG_SESSION_ID=2226
HOSTNAME=disc01.crc.nd.edu
_LMFILES__modshare=/afs/crc.nd.edu/x86_64_linux/Modules/modules/system_modules/CRC_default/1.1:1
MODULEPATH_modshare=/afs/crc.nd.edu/x86_64_linux/Modules/modules/general_software:1:/afs/crc.nd.edu/x86_64_linux/Modules/modules/development_tools_and_libraries:1:/afs/crc.nd.edu/x86_64_linux/Modules/modules/system_modules:1:/afs/crc.nd.edu/x86_64_linux/Modules/current/modulefiles:1:/afs/crc.nd.edu/x86_64_linux/Modules/modules/restricted_software:1:/afs/crc.nd.edu/x86_64_linux/Modules/modules/deprecated_software:1
MODULES_CMD=/afs/crc.nd.edu/x86_64_linux/Modules/4.5.0/libexec/modulecmd.tcl
HOST=disc01.crc.nd.edu
SHELL=/bin/tcsh
TERM=xterm-256color
MAKEFLAGS=
HISTSIZE=5000
TMPDIR=/var/condor/execute/dir_11106/worker-213124-11185/t.1359/cctools-temp-t.1359.xIF8mu
SSH_CLIENT=129.74.154.87 57278 22
PERL5LIB=/afs/crc.nd.edu/user/n/nkremerh/cctools/lib/perl5/site_perl/5.16.3:/afs/crc.nd.edu/user/n/nkremerh/.perl5/lib/perl5
SGE_CELL=crc
_CONDOR_SCRATCH_DIR=/var/condor/execute/dir_11106
PERL_MB_OPT=--install_base '/afs/crc.nd.edu/user/n/nkremerh/.perl5/'
SSH_TTY=/dev/pts/0
SGE_LOAD_AVG=load_avg
MAKEFLOW_MAX_LOCAL_JOBS=2
HISTFILESIZE=10000
_CHIRP_DELAYED_UPDATE_PREFIX=Chirp*
USER=nkremerh
GROUP=campus
LD_LIBRARY_PATH=/afs/crc.nd.edu/group/ccl/software/x86_64/redhat7/ruby/current/lib:/afs/crc.nd.edu/group/ccl/software/x86_64/redhat7/graphviz/current/lib:/afs/crc.nd.edu/group/ccl/software/x86_64/redhat7/git/current/lib:/afs/crc.nd.edu/group/ccl/software/x86_64/redhat7/condor/current/lib:/afs/crc.nd.edu/group/ccl/software/x86_64/redhat7/clang/current/lib:/afs/crc.nd.edu/group/ccl/software/x86_64/redhat7/condor/current/lib:/afs/crc.nd.edu/group/ccl/software/x86_64/redhat7/cctools/current/lib:/opt/crc/usr/local/lib
TEMP=/var/condor/execute/dir_11106/worker-213124-11185/t.1359/cctools-temp-t.1359.xIF8mu
BATCH_SYSTEM=HTCondor
WORKER_TMPDIR=/var/condor/execute/dir_11106/worker-213124-11185/cache/tmp
ENV=/afs/crc.nd.edu/x86_64_linux/Modules/4.5.0/init/profile.sh
MODULES_LMALTNAME=CRC_default/1.1&CRC_default/default&CRC_default
_CONDOR_ANCESTOR_3365=3581:1596369961:2310611161
_CONDOR_CHIRP_CONFIG=/var/condor/execute/dir_11106/.chirp.config
GLOBUS_GSSAPI_MAX_TLS_PROTOCOL=0
_CONDOR_HIGHPORT=9999
HOSTTYPE=x86_64-linux
MAKELEVEL=1
MFLAGS=
_CONDOR_ANCESTOR_11106=11118:1597419253:7267286
CCLSOFTWARE=/afs/crc.nd.edu/group/ccl/software/x86_64/redhat7
PATH=/afs/crc.nd.edu/user/n/nkremerh/cctools/bin:/afs/crc.nd.edu/user/n/nkremerh/miniconda/bin:/afs/crc.nd.edu/group/ccl/software/git:/afs/crc.nd.edu/user/n/nkremerh/.local/bin:/afs/crc.nd.edu/group/ccl/software/x86_64/redhat7/povray/3.7/bin:/afs/crc.nd.edu/user/n/nkremerh/.perl5/bin:/afs/crc.nd.edu/user/n/nkremerh/pegasus/bin:/afs/crc.nd.edu/user/n/nkremerh/nodejs/bin:/afs/crc.nd.edu/user/n/nkremerh/montage/bin:/afs/crc.nd.edu/user/n/nkremerh/latexdiff:/afs/crc.nd.edu/user/n/nkremerh/envtrace:/afs/crc.nd.edu/user/n/nkremerh/endlines:/afs/crc.nd.edu/user/n/nkremerh/cctools/bin:/afs/crc.nd.edu/user/n/nkremerh/.cargo/bin:/afs/crc.nd.edu/group/ccl/software/x86_64/redhat7/ruby/current/bin:/afs/crc.nd.edu/group/ccl/software/x86_64/redhat7/graphviz/current/bin:/afs/crc.nd.edu/group/ccl/software/x86_64/redhat7/gnuplot/current/bin:/afs/crc.nd.edu/group/ccl/software/x86_64/redhat7/git/current/bin:/afs/crc.nd.edu/group/ccl/software/x86_64/redhat7/condor/current/sbin:/afs/crc.nd.edu/group/ccl/software/x86_64/redhat7/condor/current/bin:/afs/crc.nd.edu/group/ccl/software/x86_64/redhat7/cmake/current/bin:/afs/crc.nd.edu/group/ccl/software/x86_64/redhat7/clang/current/bin:/afs/crc.nd.edu/group/ccl/software/x86_64/redhat7/condor/current/sbin:/afs/crc.nd.edu/group/ccl/software/x86_64/redhat7/condor/current/bin:/afs/crc.nd.edu/group/ccl/software/x86_64/redhat7/cctools/current/bin:/afs/crc.nd.edu/x86_64_linux/Modules/4.5.0/bin:/opt/crc/usr/local/bin:/opt/sge/bin/lx-amd64:/usr/local/bin:/usr/bin:/usr/local/sbin:/usr/sbin:/afs/crc.nd.edu/user/c/condor/software/bin:/afs/crc.nd.edu/user/c/condor/software/sbin
MAIL=/var/spool/mail/nkremerh
PWD=/var/condor/execute/dir_11106/worker-213124-11185/t.1359
_LMFILES_=/afs/crc.nd.edu/x86_64_linux/Modules/modules/system_modules/CRC_default/1.1
SGE_EXECD_PORT=6445
EDITOR=vim
LANG=en_US.UTF-8
MODULEPATH=/afs/crc.nd.edu/x86_64_linux/Modules/modules/development_tools_and_libraries:/afs/crc.nd.edu/x86_64_linux/Modules/modules/general_software:/afs/crc.nd.edu/x86_64_linux/Modules/modules/restricted_software:/afs/crc.nd.edu/x86_64_linux/Modules/modules/system_modules:/afs/crc.nd.edu/x86_64_linux/Modules/modules/deprecated_software:/afs/crc.nd.edu/x86_64_linux/Modules/current/modulefiles
SGE_QMASTER_PORT=6444
SGE_ROOT=/opt/sge
LOADEDMODULES=CRC_default/1.1
WORK_QUEUE_SANDBOX=/var/condor/execute/dir_11106/worker-213124-11185
_CONDOR_SLOT=slot2_2
CCLPLATFORM=x86_64/redhat7
USE_SYSTEMD=true
_CONDOR_ANCESTOR_3581=11106:1597419250:2078877540
_CONDOR_LOWPORT=9100
KRB5CCNAME=FILE:/tmp/krb5cc_213124_jfvfni
HISTCONTROL=ignoreboth:erasedups
PATH_modshare=/opt/crc/usr/local/bin:1:/opt/sge/bin/lx-amd64:1:/usr/sbin:1:/usr/bin:1:/afs/crc.nd.edu/user/c/condor/software/sbin:1:/usr/local/sbin:1:/afs/crc.nd.edu/user/c/condor/software/bin:1:/usr/local/bin:1
SHLVL=7
HOME=disc01.crc.nd.edu
GLOBUS_GSSAPI_NAME_COMPATIBILITY=STRICT_RFC2818
_CONDOR_MACHINE_AD=/var/condor/execute/dir_11106/.machine.ad
OSTYPE=linux
DISK=18236
GREP_OPTIONS=--color=auto
GLOBUS_GSSAPI_MIN_TLS_PROTOCOL=TLS1_VERSION
MEMORY=1948
MANPATH_modshare=/usr/share/man/overrides:1:/usr/local/share/man:1:/usr/share/man:1:/opt/crc/usr/local/man:1:/opt/sge/man:1
VENDOR=unknown
BASH_ENV=/afs/crc.nd.edu/x86_64_linux/Modules/4.5.0/init/bash
PERL_LOCAL_LIB_ROOT=/afs/crc.nd.edu/user/n/nkremerh/.perl5/
PYTHONPATH=/afs/crc.nd.edu/user/n/nkremerh/cctools/lib/python3.6/site-packages/
CCLHOME=/afs/crc.nd.edu/group/ccl
MACHTYPE=x86_64
LOGNAME=nkremerh
TMP=/var/condor/execute/dir_11106/worker-213124-11185/t.1359/cctools-temp-t.1359.xIF8mu
LD_LIBRARY_PATH_modshare=/opt/crc/usr/local/lib:1
MODULES_LMALTNAME_modshare=CRC_default/1.1&CRC_default/default&CRC_default:1
SSH_CONNECTION=129.74.154.87 57278 129.74.128.103 22
MODULESHOME=/afs/crc.nd.edu/x86_64_linux/Modules/4.5.0
OMP_NUM_THREADS=1
LESSOPEN=||/usr/bin/lesspipe.sh %s
GLOBUS_GSSAPI_BACKWARD_COMPATIBLE_MIC=true
GLOBUS_GSSAPI_CIPHERS=HIGH
LOADEDMODULES_modshare=CRC_default/1.1:1
_CONDOR_JOB_AD=/var/condor/execute/dir_11106/.job.ad
SGE_CLUSTER_NAME=CRC
XDG_RUNTIME_DIR=/run/user/213124
CCTOOLS=../cctools
CORES=2
_CONDOR_JOB_IWD=/var/condor/execute/dir_11106
PERL_MM_OPT=INSTALL_BASE=/afs/crc.nd.edu/user/n/nkremerh/.perl5/
GLOBUS_GSSAPI_SERVER_CIPHER_ORDER=true
BASH_FUNC_module()=() {  unset _mlshdbg;
 if [ "${MODULES_SILENT_SHELL_DEBUG:-0}" = '1' ]; then
 case "$-" in 
 *v*x*)
 set +vx;
 _mlshdbg='vx'
 ;;
 *v*)
 set +v;
 _mlshdbg='v'
 ;;
 *x*)
 set +x;
 _mlshdbg='x'
 ;;
 *)
 _mlshdbg=''
 ;;
 esac;
 fi;
 unset _mlre _mlIFS;
 if [ -n "${IFS+x}" ]; then
 _mlIFS=$IFS;
 fi;
 IFS=' ';
 for _mlv in ${MODULES_RUN_QUARANTINE:-};
 do
 if [ "${_mlv}" = "${_mlv##*[!A-Za-z0-9_]}" -a "${_mlv}" = "${_mlv#[0-9]}" ]; then
 if [ -n "`eval 'echo ${'$_mlv'+x}'`" ]; then
 _mlre="${_mlre:-}${_mlv}_modquar='`eval 'echo ${'$_mlv'}'`' ";
 fi;
 _mlrv="MODULES_RUNENV_${_mlv}";
 _mlre="${_mlre:-}${_mlv}='`eval 'echo ${'$_mlrv':-}'`' ";
 fi;
 done;
 if [ -n "${_mlre:-}" ]; then
 eval `eval ${_mlre}/usr/bin/tclsh /afs/crc.nd.edu/x86_64_linux/Modules/4.5.0/libexec/modulecmd.tcl bash '"$@"'`;
 else
 eval `/usr/bin/tclsh /afs/crc.nd.edu/x86_64_linux/Modules/4.5.0/libexec/modulecmd.tcl bash "$@"`;
 fi;
 _mlstatus=$?;
 if [ -n "${_mlIFS+x}" ]; then
 IFS=$_mlIFS;
 else
 unset IFS;
 fi;
 unset _mlre _mlv _mlrv _mlIFS;
 if [ -n "${_mlshdbg:-}" ]; then
 set -$_mlshdbg;
 fi;
 unset _mlshdbg;
 return $_mlstatus
}
BASH_FUNC_ml()=() {  module ml "$@"
}
_=/usr/bin/printenv
