28445   0.000000 libjli.so->getenv("_JAVA_LAUNCHER_DEBUG") = nil
28445   0.001766 libjli.so->getenv("_JAVA_VERSION_SET") = nil
28445   0.000722 libjli.so->fopen("/usr/lib/jvm/java-1.8.0-openjdk-1.8.0.262.b10-0.el7_8.x86_64/jre/lib/amd64/jvm.cfg", "r") = 0x558bc0fcb0e0
28445   0.000800 libjli.so->getenv("JDK_ALTERNATE_VM") = nil
28445   0.000307 libjli.so->__xstat(1, "/usr/lib/jvm/java-1.8.0-openjdk-1.8.0.262.b10-0.el7_8.x86_64/jre/lib/amd64/server/libjvm.so", 0x7ffea06c4bb0) = 0
28445   0.000623 libjli.so->getenv("LD_LIBRARY_PATH") = "/afs/crc.nd.edu/group/ccl/software/x86_64/redhat7/ruby/current/lib:/afs/crc.nd.edu/group/ccl/software/x86_64/redhat7/graphviz/current/lib:/afs/crc.nd.edu/group/ccl/software/x86_64/redhat7/git/current/lib:/afs/crc.nd.edu/group/ccl/software/x86_64/redhat7/condor/current/lib:/afs/crc.nd.edu/group/ccl/software/x86_64/redhat7/clang/current/lib:/afs/crc.nd.edu/group/ccl/software/x86_64/redhat7/condor/current/lib:/afs/crc.nd.edu/group/ccl/software/x86_64/redhat7/cctools/current/lib:/opt/crc/usr/local/lib"
28445   0.002158 libjli.so->dlopen("/usr/lib/jvm/java-1.8.0-openjdk-1.8.0.262.b10-0.el7_8.x86_64/jre/lib/amd64/server/libjvm.so", 258 <unfinished ...>
28445   0.038630 libjvm.so->getenv("NMT_LEVEL_28445") = nil
28445   0.001601 <... dlopen resumed> )          = 0x558bc0fcb4b0
28445   0.000061 libjli.so->getenv("CLASSPATH")  = nil
28445   0.000312 libjli.so->getenv("_JAVA_SPLASH_JAR") = nil
28445   0.000300 libjli.so->getenv("_JAVA_SPLASH_FILE") = nil
28445   0.000304 libjli.so->pthread_attr_setdetachstate(0x7ffea06c4b60, 0, 0x7ffea06c4bf0, 0) = 0
28445   0.000427 libpthread.so.0->__clone(0x2af08d4e1de0, 0x2af08d3f4fc0, 0x3d0f00, 0x2af08d3f5700) = 0x6f22
28450   0.001595 libjvm.so->dlopen(0x2af08ecc09ae, 1, 0xfffffffffff42c48, 4096) = 0x2af090000990
28450   0.002764 libjvm.so->getenv(0x2af08ecdb83e, 0, 115, 0x65737361) = 0x7ffea06cb6b4
28450   0.000477 libjvm.so->fopen(0x2af08d3f3c10, 0x2af08ec77ccb, 0x6f732e79666972, 0x2af08ddb9ab0) = 0x2af090001440
28450   0.001576 libjvm.so->dlopen(0x2af08d3f3c10, 1, 0xffffffff, 0x2af090002b00) = 0x2af090001440
28450   0.001554 libjvm.so->fopen(0x2af08d3f3c10, 0x2af08ec77ccb, 111, 0x732e6176) = 0x2af090001b10
28450   0.001784 libjvm.so->dlopen(0x2af08d3f3c10, 1, 0xffffffff, 0x2af090001a00) = 0x2af090001b10
28450   0.001670 libjvm.so->__xstat(1, 0x2af08d3f4360, 0x2af08d3f4ba0, 0x746f7073746f682e) = -1
28450   0.000497 libjvm.so->getenv(0x2af08ec70541, 0x2af08d3f46d0, 1024, 0x2af08f12a61b) = 0
28450   0.000447 libjvm.so->getenv(0x2af08ec70533, 0x2af08d3f46d0, 1024, 0) = 0
28450   0.000416 libjvm.so->fopen(0x2af08ecc0315, 0x2af08ec77ccb, 4095, 0xffffd50f7138fb03) = 0x2af0900032d0
28450   0.001213 libjvm.so->fopen(0x2af08ecc0361, 0x2af08ec77ccb, 0x2af090000078, 0x2af0900032c0) = 0x2af0900032d0
28450   0.000776 libjvm.so->fopen(0x2af08d3ee9b0, 0x2af08ec77ccb, 4014, 3995) = 0x2af0900032d0
28450   0.000749 libjvm.so->opendir(0x2af090002b40, 0x2af090002b40, 13, 16) = 0
28450   0.000514 libjvm.so->__xstat(1, 0x2af08d3f38f0, 0x2af08d3f2860, 0x6f732e7477616d62) = -1
28450   0.000457 libjvm.so->__xstat(1, 0x2af08d3f38f0, 0x2af08d3f2860, 0x5f74776162696c2f) = 0
28450   0.000519 libjvm.so->fopen(0x2af08d3f2b90, 0x2af08ec77ccb, 4009, 3994) = 0x2af0900037b0
28450   0.000620 libjvm.so->fopen(0x2af08d3f2b90, 0x2af08ec77ccb, 4009, 3994) = 0x2af0900037b0
28450   0.000717 libjvm.so->fopen(0x2af08d3f2b90, 0x2af08ec77ccb, 4009, 4002) = 0x2af0900037b0
28450   0.000645 libjvm.so->fopen(0x2af08d3f2b20, 0x2af08ec77ccb, 4009, 3994) = 0x2af0900037b0
28450   0.000643 libjvm.so->fopen(0x2af08d3f2b20, 0x2af08ec77ccb, 4009, 3994) = 0x2af0900037b0
28450   0.000631 libjvm.so->fopen(0x2af08d3f2b20, 0x2af08ec77ccb, 4009, 4002) = 0x2af0900037b0
28450   0.000647 libjvm.so->fopen(0x2af08d3f2b50, 0x2af08ec77ccb, 4014, 3995) = 0x2af0900037b0
28450   0.000778 libjvm.so->getenv(0x2af08ecc10ff, 4096, 3, -1) = 0
28450   0.000894 libjvm.so->fopen(0x2af08ecc0998, 0x2af08ec77ccb, 0x2af08d4d8908, 0x2af08d4d7df0) = 0x2af0900037b0
28450   0.004915 libjvm.so->open(0x2af09004a5a0, 0x20000, 0, 0x2af09004a5e9) = 3
28450   0.000485 libjvm.so->__fxstat(1, 3, 0x2af08d3f4a00, -1) = 0
28450   0.000512 libjvm.so->opendir(0x2af09004a5a0, 0x2af08d3f4a00, 0x4000, -1) = 0x2af09004b4b0
28450   0.000529 libjvm.so->__fxstat(1, 3, 0x2af08d3f48a0, 0x2af09004b4b0) = 0
28450   0.000464 libjvm.so->__fxstat(1, 5, 0x2af08d3f4930, -1) = 0
28450   0.000521 libjvm.so->open(0x2af08ec8e9dc, 0, 0, 0) = 3
28450   0.000669 libjvm.so->__lxstat(1, 0x2af09004a5a0, 0x2af08d3f4b50, -144) = 0
28450   0.000531 libjvm.so->open(0x2af09004a5a0, 0x20000, 0x4000, -1) = 3
28450   0.000459 libjvm.so->__fxstat(1, 3, 0x2af08d3f4a00, -1) = 0
28450   0.000632 libjvm.so->opendir(0x2af09004a5a0, 0x2af08d3f4a00, 0x4000, -1) = 0x2af09004b4b0
28450   0.000470 libjvm.so->__fxstat(1, 3, 0x2af08d3f48a0, 0x2af09004b4b0) = 0
28450   0.000467 libjvm.so->__fxstat(1, 5, 0x2af08d3f4930, -1) = 0
28450   0.000472 libjvm.so->open(0x2af08ec8e9dc, 0, 0, 0) = 3
28450   0.000553 libjvm.so->open(0x2af09004a5e9, 0x20042, 384, -1) = 7
28450   0.000657 libjvm.so->__fxstat(1, 7, 0x2af08d3f4b50, -1) = 0
28450   0.001729 libjvm.so->fopen(0x2af08d3f3b60, 0x2af08ec77ccb, 4, 0x6f732e70) = 0x2af090057c00
28450   0.001492 libjvm.so->dlopen(0x2af08d3f3b60, 1, 0xffffffff, 0x2af090057b00) = 0x2af090057c00
28450   0.001675 libjvm.so->__xstat(1, 0x2af08d3f4120, 0x2af08d3f4950, 2048) = 0
28450   0.000514 libjvm.so->__xstat(1, 0x2af08d3f4120, 0x2af08d3f4950, 2048) = 0
28450   0.000466 libjvm.so->__xstat(1, 0x2af08d3f4120, 0x2af08d3f4950, 2048) = -1
28450   0.000477 libjvm.so->__xstat(1, 0x2af08d3f4120, 0x2af08d3f4950, 2048) = 0
28450   0.000464 libjvm.so->__xstat(1, 0x2af08d3f4120, 0x2af08d3f4950, 2048) = 0
28450   0.000526 libjvm.so->__xstat(1, 0x2af08d3f4120, 0x2af08d3f4950, 2048) = 0
28450   0.000497 libjvm.so->__xstat(1, 0x2af08d3f4120, 0x2af08d3f4950, 2048) = 0
28450   0.000576 libjvm.so->__xstat(1, 0x2af08d3f4120, 0x2af08d3f4950, 2048) = -1
28450   0.000498 libjvm.so->fopen(0x2af090002520, 0x2af08ec77ccb, 0, 0) = 0x2af090058aa0
28450   0.009386 libjvm.so->open64(0x2af08d3f3410, 0, 0, 16) = 3
28450   0.000470 libjvm.so->__fxstat64(1, 3, 0x2af08d3f3240, -1) = 0
28450   0.037120 libjvm.so->__xstat(1, 0x2af08d3f3f20, 0x2af08d3f4750, 2048) = -1
28450   0.000671 libjvm.so->fopen(0x2af08d3f2b20, 0x2af08ec77ccb, 4009, 3994) = 0x2af0900b1fb0
28450   0.000743 libjvm.so->fopen(0x2af08d3f2b20, 0x2af08ec77ccb, 4009, 3994) = 0x2af0900b1fb0
28450   0.000628 libjvm.so->fopen(0x2af08d3f2b20, 0x2af08ec77ccb, 4009, 4002) = 0x2af0900b1fb0
28450   0.004507 libjvm.so->pthread_attr_setdetachstate(0x2af08d3f4c00, 1, 0, 0) = 0
28450   0.000529 libpthread.so.0->__clone(0x2af08d4e1de0, 0x2af0a5d7cfc0, 0x3d0f00, 0x2af0a5d7d700) = 0x6f23
28450   0.016692 libjvm.so->pthread_attr_setdetachstate(0x2af08d3f4290, 1, 0, 0) = 0
28450   0.000652 libpthread.so.0->__clone(0x2af08d4e1de0, 0x2af0a5e7dfc0, 0x3d0f00, 0x2af0a5e7e700) = 0x6f24
28450   0.006948 libjvm.so->pthread_attr_setdetachstate(0x2af08d3f4610, 1, 0, 0) = 0
28450   0.000829 libpthread.so.0->__clone(0x2af08d4e1de0, 0x2af0a5f7efc0, 0x3d0f00, 0x2af0a5f7f700) = 0x6f25
28450   0.040305 libjvm.so->fopen(0x2af0900f1810, 0x2af08ec77ccb, 4, 0x6f732e70) = 0x2af0900f1d10
28450   0.001958 libjvm.so->dlopen(0x2af0900f1810, 1, 0xffffffff, 0x2af0900e8c00) = 0x2af090057c00
28450   0.005374 libjvm.so->open64(0x2af08d3f3510, 0, 0, 16) = 5
28450   0.000967 libjvm.so->__fxstat64(1, 5, 0x2af08d3f3340, -1) = 0
28450   0.020034 libjvm.so->fopen(0x2af08d3f0130, 0x2af08ec77ccb, 4009, 3994) = 0x2af0900fcce0
28450   0.001089 libjvm.so->fopen(0x2af08d3f0130, 0x2af08ec77ccb, 4009, 3994) = 0x2af0900fcce0
28450   0.001077 libjvm.so->fopen(0x2af08d3f0130, 0x2af08ec77ccb, 4009, 4002) = 0x2af0900fcce0
28450   0.015710 libjvm.so->pthread_attr_setdetachstate(0x2af08d3f4b50, 1, 0, 0) = 0
28450   0.000928 libpthread.so.0->__clone(0x2af08d4e1de0, 0x2af0a607ffc0, 0x3d0f00, 0x2af0a6080700) = 0x6f27
28450   0.001530 libjvm.so->__xstat64(1, 0x2af08d3f4be0, 0x2af08d3f4b50, 19) = -1
28450   0.001222 libjvm.so->pthread_attr_setdetachstate(0x2af08d3f4950, 1, 0, 0) = 0
28450   0.001247 libpthread.so.0->__clone(0x2af08d4e1de0, 0x2af0a6180fc0, 0x3d0f00, 0x2af0a6181700) = 0x6f28
28450   0.001752 libjvm.so->pthread_attr_setdetachstate(0x2af08d3f4950, 1, 0, 0) = 0
28450   0.001321 libpthread.so.0->__clone(0x2af08d4e1de0, 0x2af0a6281fc0, 0x3d0f00, 0x2af0a6282700) = 0x6f29
28450   0.008747 libjvm.so->pthread_attr_setdetachstate(0x2af08d3f4aa0, 1, 0, 0) = 0
28450   0.001452 libpthread.so.0->__clone(0x2af08d4e1de0, 0x2af0a6382fc0, 0x3d0f00, 0x2af0a6383700) = 0x6f2a
28450   0.002248 libjvm.so->pthread_attr_setdetachstate(0x2af08d3f4bb0, 1, 0, 0) = 0
28450   0.001647 libpthread.so.0->__clone(0x2af08d4e1de0, 0x2af0a6483fc0, 0x3d0f00, 0x2af0a6484700) = 0x6f2b
28450   0.015672 libjvm.so->open64(0x2af09012e8e0, 0, 0, 32) = 7
28450   0.001747 libjvm.so->__fxstat64(1, 7, 0x2af08d3f1f60, -1) = 0
28450   0.030447 libjvm.so->fopen(0x2af090154710, 0x2af08ec77ccb, 4, 0x6f732e6f) = 0x2af0901547d0
28450   0.004233 libjvm.so->dlopen(0x2af090154710, 1, 0xffffffff, 0x2af090154700) = 0x2af0901547d0
28450   0.110780 libjvm.so->fopen(0x2af08d3eee40, 0x2af08ec77ccb, 0x6f732e, 0x6d766a62696c2f72) = 0x2af09016a060
28450   0.007283 libjvm.so->dlopen(0x2af08d3eee40, 1, 0xffffffff, 0x2af090169f00) = 0x558bc0fcb4b0
28450   0.001714 libjvm.so->fopen(0x2af08d3eee40, 0x2af08ec77ccb, 0x6f732e, 0x6d766a62696c2f72) = 0x2af09016a460
28450   0.005398 libjvm.so->dlopen(0x2af08d3eee40, 1, 0xffffffff, 0x2af090169f00) = 0x558bc0fcb4b0
28450   0.001688 libjvm.so->fopen(0x2af08d3eee40, 0x2af08ec77ccb, 0x6f732e, 0x6d766a62696c2f72) = 0x2af09016a060
28450   0.003760 libjvm.so->dlopen(0x2af08d3eee40, 1, 0xffffffff, 0x2af090169f00) = 0x558bc0fcb4b0
28450   0.001731 libjvm.so->fopen(0x2af08d3eee40, 0x2af08ec77ccb, 0x6f732e, 0x6d766a62696c2f72) = 0x2af09016a060
28450   0.003736 libjvm.so->dlopen(0x2af08d3eee40, 1, 0xffffffff, 0x2af090169f00) = 0x558bc0fcb4b0
28450   0.048950 libjvm.so->fopen(0x2af0901f3e30, 0x2af08ec77ccb, 4, 0x6f732e74) = 0x2af0901fd3d0
28450   0.003998 libjvm.so->dlopen(0x2af0901f3e30, 1, 0xffffffff, 0x2af0901e5200) = 0x2af0901fd3d0
28450   0.138182 libjvm.so->fopen(0x2af090258750, 0x2af08ec77ccb, 0x6f732e7373656c, 0x656c646165685f74) = 0x2af090258830
28450   0.002733 libjvm.so->dlopen(0x2af090258750, 1, 0xffffffff, 0x2af090258700) = 0x2af090258830
28459   0.038493 +++ exited (status 0) +++
28455   0.000322 +++ exited (status 0) +++
28451   0.000261 +++ exited (status 0) +++
28450   0.000226 +++ exited (status 0) +++
28457   0.000260 +++ exited (status 1) +++
28458   0.000036 +++ exited (status 1) +++
28456   0.000028 +++ exited (status 1) +++
28452   0.000021 +++ exited (status 1) +++
28453   0.004708 +++ exited (status 1) +++
28445   0.000041 +++ exited (status 1) +++
Wrote an ltrace for command: "java -cp ./tools/maxent.jar density.Project outputs/Anthela_achromata_Turner/Anthela_achromata_Turner.lambdas data/layers/worldclim outputs/Anthela_achromata_Turner_worldclim.asc nowarnings nocache autorun -z" with PID 28442 from PPID 28426 on disc21.crc.nd.edu with result 1
REMOTEHOST=10.17.148.247
_CONDOR_JOB_PIDS=
MANPATH=/afs/crc.nd.edu/user/n/nkremerh/cctools/share/man/:/afs/crc.nd.edu/group/ccl/software/x86_64/redhat7/ruby/current/share/man:/afs/crc.nd.edu/group/ccl/software/x86_64/redhat7/graphviz/current/share/man:/afs/crc.nd.edu/group/ccl/software/x86_64/redhat7/gnuplot/current/share/man:/afs/crc.nd.edu/group/ccl/software/x86_64/redhat7/git/current/share/man:/afs/crc.nd.edu/group/ccl/software/x86_64/redhat7/condor/current/share/man:/afs/crc.nd.edu/group/ccl/software/x86_64/redhat7/clang/current/share/man:/afs/crc.nd.edu/group/ccl/software/x86_64/redhat7/condor/current/share/man:/afs/crc.nd.edu/group/ccl/software/x86_64/redhat7/cctools/current/share/man:/afs/crc.nd.edu/group/ccl/software/x86_64/redhat7/cctools/current/share/man:/afs/crc.nd.edu/x86_64_linux/Modules/4.5.0/share/man:/opt/crc/usr/local/man:/opt/sge/man:/usr/share/man/overrides:/usr/share/man:/usr/local/share/man
XDG_SESSION_ID=2686
_CONDOR_ANCESTOR_3669=16410:1599499132:729388363
HOSTNAME=disc01.crc.nd.edu
_LMFILES__modshare=/afs/crc.nd.edu/x86_64_linux/Modules/modules/system_modules/CRC_default/1.1:1
MODULEPATH_modshare=/afs/crc.nd.edu/x86_64_linux/Modules/modules/general_software:1:/afs/crc.nd.edu/x86_64_linux/Modules/modules/development_tools_and_libraries:1:/afs/crc.nd.edu/x86_64_linux/Modules/modules/system_modules:1:/afs/crc.nd.edu/x86_64_linux/Modules/current/modulefiles:1:/afs/crc.nd.edu/x86_64_linux/Modules/modules/restricted_software:1:/afs/crc.nd.edu/x86_64_linux/Modules/modules/deprecated_software:1
MODULES_CMD=/afs/crc.nd.edu/x86_64_linux/Modules/4.5.0/libexec/modulecmd.tcl
HOST=disc01.crc.nd.edu
SHELL=/bin/tcsh
TERM=xterm-256color
MAKEFLAGS=
HISTSIZE=5000
TMPDIR=/var/condor/execute/dir_16410/worker-213124-16502/t.1472/cctools-temp-t.1472.cb2bCL
SSH_CLIENT=10.17.148.247 49750 22
PERL5LIB=/afs/crc.nd.edu/user/n/nkremerh/cctools/lib/perl5/site_perl/5.16.3:/afs/crc.nd.edu/user/n/nkremerh/.perl5/lib/perl5
SGE_CELL=crc
_CONDOR_SCRATCH_DIR=/var/condor/execute/dir_16410
PERL_MB_OPT=--install_base '/afs/crc.nd.edu/user/n/nkremerh/.perl5/'
SSH_TTY=/dev/pts/0
SGE_LOAD_AVG=load_avg
MAKEFLOW_MAX_LOCAL_JOBS=2
_CONDOR_ANCESTOR_16410=16453:1599499133:2946449512
HISTFILESIZE=10000
_CHIRP_DELAYED_UPDATE_PREFIX=Chirp*
USER=nkremerh
GROUP=campus
LD_LIBRARY_PATH=/afs/crc.nd.edu/group/ccl/software/x86_64/redhat7/ruby/current/lib:/afs/crc.nd.edu/group/ccl/software/x86_64/redhat7/graphviz/current/lib:/afs/crc.nd.edu/group/ccl/software/x86_64/redhat7/git/current/lib:/afs/crc.nd.edu/group/ccl/software/x86_64/redhat7/condor/current/lib:/afs/crc.nd.edu/group/ccl/software/x86_64/redhat7/clang/current/lib:/afs/crc.nd.edu/group/ccl/software/x86_64/redhat7/condor/current/lib:/afs/crc.nd.edu/group/ccl/software/x86_64/redhat7/cctools/current/lib:/opt/crc/usr/local/lib
TEMP=/var/condor/execute/dir_16410/worker-213124-16502/t.1472/cctools-temp-t.1472.cb2bCL
BATCH_SYSTEM=HTCondor
WORKER_TMPDIR=/var/condor/execute/dir_16410/worker-213124-16502/cache/tmp
ENV=/afs/crc.nd.edu/x86_64_linux/Modules/4.5.0/init/profile.sh
MODULES_LMALTNAME=CRC_default/1.1&CRC_default/default&CRC_default
_CONDOR_CHIRP_CONFIG=/var/condor/execute/dir_16410/.chirp.config
GLOBUS_GSSAPI_MAX_TLS_PROTOCOL=0
_CONDOR_HIGHPORT=9999
HOSTTYPE=x86_64-linux
MAKELEVEL=1
MFLAGS=
CCLSOFTWARE=/afs/crc.nd.edu/group/ccl/software/x86_64/redhat7
PATH=/afs/crc.nd.edu/user/n/nkremerh/cctools/bin:/afs/crc.nd.edu/user/n/nkremerh/miniconda/bin:/afs/crc.nd.edu/group/ccl/software/git:/afs/crc.nd.edu/user/n/nkremerh/.local/bin:/afs/crc.nd.edu/group/ccl/software/x86_64/redhat7/povray/3.7/bin:/afs/crc.nd.edu/user/n/nkremerh/.perl5/bin:/afs/crc.nd.edu/user/n/nkremerh/pegasus/bin:/afs/crc.nd.edu/user/n/nkremerh/nodejs/bin:/afs/crc.nd.edu/user/n/nkremerh/montage/bin:/afs/crc.nd.edu/user/n/nkremerh/latexdiff:/afs/crc.nd.edu/user/n/nkremerh/envtrace:/afs/crc.nd.edu/user/n/nkremerh/endlines:/afs/crc.nd.edu/user/n/nkremerh/cctools/bin:/afs/crc.nd.edu/user/n/nkremerh/.cargo/bin:/afs/crc.nd.edu/group/ccl/software/x86_64/redhat7/ruby/current/bin:/afs/crc.nd.edu/group/ccl/software/x86_64/redhat7/graphviz/current/bin:/afs/crc.nd.edu/group/ccl/software/x86_64/redhat7/gnuplot/current/bin:/afs/crc.nd.edu/group/ccl/software/x86_64/redhat7/git/current/bin:/afs/crc.nd.edu/group/ccl/software/x86_64/redhat7/condor/current/sbin:/afs/crc.nd.edu/group/ccl/software/x86_64/redhat7/condor/current/bin:/afs/crc.nd.edu/group/ccl/software/x86_64/redhat7/cmake/current/bin:/afs/crc.nd.edu/group/ccl/software/x86_64/redhat7/clang/current/bin:/afs/crc.nd.edu/group/ccl/software/x86_64/redhat7/condor/current/sbin:/afs/crc.nd.edu/group/ccl/software/x86_64/redhat7/condor/current/bin:/afs/crc.nd.edu/group/ccl/software/x86_64/redhat7/cctools/current/bin:/afs/crc.nd.edu/x86_64_linux/Modules/4.5.0/bin:/opt/crc/usr/local/bin:/opt/sge/bin/lx-amd64:/usr/local/bin:/usr/bin:/usr/local/sbin:/usr/sbin:/afs/crc.nd.edu/user/c/condor/software/bin:/afs/crc.nd.edu/user/c/condor/software/sbin
MAIL=/var/spool/mail/nkremerh
PWD=/var/condor/execute/dir_16410/worker-213124-16502/t.1472
_LMFILES_=/afs/crc.nd.edu/x86_64_linux/Modules/modules/system_modules/CRC_default/1.1
SGE_EXECD_PORT=6445
EDITOR=vim
LANG=en_US.UTF-8
MODULEPATH=/afs/crc.nd.edu/x86_64_linux/Modules/modules/development_tools_and_libraries:/afs/crc.nd.edu/x86_64_linux/Modules/modules/general_software:/afs/crc.nd.edu/x86_64_linux/Modules/modules/restricted_software:/afs/crc.nd.edu/x86_64_linux/Modules/modules/system_modules:/afs/crc.nd.edu/x86_64_linux/Modules/modules/deprecated_software:/afs/crc.nd.edu/x86_64_linux/Modules/current/modulefiles
SGE_QMASTER_PORT=6444
SGE_ROOT=/opt/sge
LOADEDMODULES=CRC_default/1.1
WORK_QUEUE_SANDBOX=/var/condor/execute/dir_16410/worker-213124-16502
_CONDOR_SLOT=slot2_2
CCLPLATFORM=x86_64/redhat7
USE_SYSTEMD=true
_CONDOR_LOWPORT=9100
KRB5CCNAME=FILE:/tmp/krb5cc_213124_dlYXoi
HISTCONTROL=ignoreboth:erasedups
PATH_modshare=/opt/crc/usr/local/bin:1:/opt/sge/bin/lx-amd64:1:/usr/sbin:1:/usr/bin:1:/afs/crc.nd.edu/user/c/condor/software/sbin:1:/usr/local/sbin:1:/afs/crc.nd.edu/user/c/condor/software/bin:1:/usr/local/bin:1
SHLVL=7
HOME=disc01.crc.nd.edu
GLOBUS_GSSAPI_NAME_COMPATIBILITY=STRICT_RFC2818
_CONDOR_MACHINE_AD=/var/condor/execute/dir_16410/.machine.ad
OSTYPE=linux
DISK=18251
GREP_OPTIONS=--color=auto
GLOBUS_GSSAPI_MIN_TLS_PROTOCOL=TLS1_VERSION
MEMORY=1948
MANPATH_modshare=/usr/share/man/overrides:1:/usr/local/share/man:1:/usr/share/man:1:/opt/crc/usr/local/man:1:/opt/sge/man:1
VENDOR=unknown
BASH_ENV=/afs/crc.nd.edu/x86_64_linux/Modules/4.5.0/init/bash
PERL_LOCAL_LIB_ROOT=/afs/crc.nd.edu/user/n/nkremerh/.perl5/
PYTHONPATH=/afs/crc.nd.edu/user/n/nkremerh/cctools/lib/python3.6/site-packages/
CCLHOME=/afs/crc.nd.edu/group/ccl
MACHTYPE=x86_64
LOGNAME=nkremerh
TMP=/var/condor/execute/dir_16410/worker-213124-16502/t.1472/cctools-temp-t.1472.cb2bCL
LD_LIBRARY_PATH_modshare=/opt/crc/usr/local/lib:1
MODULES_LMALTNAME_modshare=CRC_default/1.1&CRC_default/default&CRC_default:1
SSH_CONNECTION=10.17.148.247 49750 129.74.128.103 22
_CONDOR_ANCESTOR_3314=3669:1598183978:1434769074
MODULESHOME=/afs/crc.nd.edu/x86_64_linux/Modules/4.5.0
OMP_NUM_THREADS=1
LESSOPEN=||/usr/bin/lesspipe.sh %s
GLOBUS_GSSAPI_BACKWARD_COMPATIBLE_MIC=true
GLOBUS_GSSAPI_CIPHERS=HIGH
LOADEDMODULES_modshare=CRC_default/1.1:1
_CONDOR_JOB_AD=/var/condor/execute/dir_16410/.job.ad
SGE_CLUSTER_NAME=CRC
XDG_RUNTIME_DIR=/run/user/213124
CCTOOLS=../cctools
CORES=2
_CONDOR_JOB_IWD=/var/condor/execute/dir_16410
PERL_MM_OPT=INSTALL_BASE=/afs/crc.nd.edu/user/n/nkremerh/.perl5/
GLOBUS_GSSAPI_SERVER_CIPHER_ORDER=true
BASH_FUNC_module()=() {  unset _mlshdbg;
 if [ "${MODULES_SILENT_SHELL_DEBUG:-0}" = '1' ]; then
 case "$-" in 
 *v*x*)
 set +vx;
 _mlshdbg='vx'
 ;;
 *v*)
 set +v;
 _mlshdbg='v'
 ;;
 *x*)
 set +x;
 _mlshdbg='x'
 ;;
 *)
 _mlshdbg=''
 ;;
 esac;
 fi;
 unset _mlre _mlIFS;
 if [ -n "${IFS+x}" ]; then
 _mlIFS=$IFS;
 fi;
 IFS=' ';
 for _mlv in ${MODULES_RUN_QUARANTINE:-};
 do
 if [ "${_mlv}" = "${_mlv##*[!A-Za-z0-9_]}" -a "${_mlv}" = "${_mlv#[0-9]}" ]; then
 if [ -n "`eval 'echo ${'$_mlv'+x}'`" ]; then
 _mlre="${_mlre:-}${_mlv}_modquar='`eval 'echo ${'$_mlv'}'`' ";
 fi;
 _mlrv="MODULES_RUNENV_${_mlv}";
 _mlre="${_mlre:-}${_mlv}='`eval 'echo ${'$_mlrv':-}'`' ";
 fi;
 done;
 if [ -n "${_mlre:-}" ]; then
 eval `eval ${_mlre}/usr/bin/tclsh /afs/crc.nd.edu/x86_64_linux/Modules/4.5.0/libexec/modulecmd.tcl bash '"$@"'`;
 else
 eval `/usr/bin/tclsh /afs/crc.nd.edu/x86_64_linux/Modules/4.5.0/libexec/modulecmd.tcl bash "$@"`;
 fi;
 _mlstatus=$?;
 if [ -n "${_mlIFS+x}" ]; then
 IFS=$_mlIFS;
 else
 unset IFS;
 fi;
 unset _mlre _mlv _mlrv _mlIFS;
 if [ -n "${_mlshdbg:-}" ]; then
 set -$_mlshdbg;
 fi;
 unset _mlshdbg;
 return $_mlstatus
}
BASH_FUNC_ml()=() {  module ml "$@"
}
_=/usr/bin/printenv
