15553   0.000000 libjli.so->getenv("_JAVA_LAUNCHER_DEBUG") = nil
15553   0.001169 libjli.so->getenv("_JAVA_VERSION_SET") = nil
15553   0.000551 libjli.so->fopen("/usr/lib/jvm/java-1.8.0-openjdk-1.8.0.262.b10-0.el7_8.x86_64/jre/lib/amd64/jvm.cfg", "r") = 0x559709f530f0
15553   0.000912 libjli.so->getenv("JDK_ALTERNATE_VM") = nil
15553   0.000227 libjli.so->__xstat(1, "/usr/lib/jvm/java-1.8.0-openjdk-1.8.0.262.b10-0.el7_8.x86_64/jre/lib/amd64/server/libjvm.so", 0x7ffdf4275bb0) = 0
15553   0.000436 libjli.so->getenv("LD_LIBRARY_PATH") = "/afs/crc.nd.edu/group/ccl/software/x86_64/redhat7/ruby/current/lib:/afs/crc.nd.edu/group/ccl/software/x86_64/redhat7/graphviz/current/lib:/afs/crc.nd.edu/group/ccl/software/x86_64/redhat7/git/current/lib:/afs/crc.nd.edu/group/ccl/software/x86_64/redhat7/condor/current/lib:/afs/crc.nd.edu/group/ccl/software/x86_64/redhat7/clang/current/lib:/afs/crc.nd.edu/group/ccl/software/x86_64/redhat7/condor/current/lib:/afs/crc.nd.edu/group/ccl/software/x86_64/redhat7/cctools/current/lib:/opt/crc/usr/local/lib"
15553   0.001382 libjli.so->dlopen("/usr/lib/jvm/java-1.8.0-openjdk-1.8.0.262.b10-0.el7_8.x86_64/jre/lib/amd64/server/libjvm.so", 258 <unfinished ...>
15553   0.025425 libjvm.so->getenv("NMT_LEVEL_15553") = nil
15553   0.001582 <... dlopen resumed> )          = 0x559709f534c0
15553   0.000057 libjli.so->getenv("CLASSPATH")  = nil
15553   0.000214 libjli.so->getenv("_JAVA_SPLASH_JAR") = nil
15553   0.000331 libjli.so->getenv("_JAVA_SPLASH_FILE") = nil
15553   0.000258 libjli.so->pthread_attr_setdetachstate(0x7ffdf4275b60, 0, 0x7ffdf4275bf0, 0) = 0
15553   0.000313 libpthread.so.0->__clone(0x2b8eedb59de0, 0x2b8eeda6cfc0, 0x3d0f00, 0x2b8eeda6d700) = 0x3cc3
15555   0.001684 libjvm.so->dlopen(0x2b8eef3389ae, 1, 0xfffffffffff42c48, 4096) = 0x2b8ef4000990
15555   0.002737 libjvm.so->getenv(0x2b8eef35383e, 0, 115, 0x65737361) = 0x7ffdf427b6bb
15555   0.000310 libjvm.so->fopen(0x2b8eeda6bc10, 0x2b8eef2efccb, 0x6f732e79666972, 0x2b8eee431ab0) = 0x2b8ef4001440
15555   0.000996 libjvm.so->dlopen(0x2b8eeda6bc10, 1, 0xffffffff, 0x2b8ef4002b00) = 0x2b8ef4001440
15555   0.001172 libjvm.so->fopen(0x2b8eeda6bc10, 0x2b8eef2efccb, 111, 0x732e6176) = 0x2b8ef4001b10
15555   0.002786 libjvm.so->dlopen(0x2b8eeda6bc10, 1, 0xffffffff, 0x2b8ef4001a00) = 0x2b8ef4001b10
15555   0.001214 libjvm.so->__xstat(1, 0x2b8eeda6c360, 0x2b8eeda6cba0, 0x746f7073746f682e) = -1
15555   0.000357 libjvm.so->getenv(0x2b8eef2e8541, 0x2b8eeda6c6d0, 1024, 0x2b8eef7a261b) = 0
15555   0.000330 libjvm.so->getenv(0x2b8eef2e8533, 0x2b8eeda6c6d0, 1024, 0) = 0
15555   0.000279 libjvm.so->fopen(0x2b8eef338315, 0x2b8eef2efccb, 4095, 0xffffd47110d17b03) = 0x2b8ef40032b0
15555   0.001233 libjvm.so->fopen(0x2b8eef338361, 0x2b8eef2efccb, 0x2b8ef4000078, 0x2b8ef40032a0) = 0x2b8ef40032b0
15555   0.000572 libjvm.so->fopen(0x2b8eeda669b0, 0x2b8eef2efccb, 4014, 3995) = 0x2b8ef40032b0
15555   0.000925 libjvm.so->opendir(0x2b8ef4002b40, 0x2b8ef4002b40, 13, 16) = 0
15555   0.000337 libjvm.so->__xstat(1, 0x2b8eeda6b8f0, 0x2b8eeda6a860, 0x6f732e7477616d62) = -1
15555   0.000363 libjvm.so->__xstat(1, 0x2b8eeda6b8f0, 0x2b8eeda6a860, 0x5f74776162696c2f) = 0
15555   0.000438 libjvm.so->fopen(0x2b8eeda6ab90, 0x2b8eef2efccb, 4009, 3994) = 0x2b8ef4003790
15555   0.000461 libjvm.so->fopen(0x2b8eeda6ab90, 0x2b8eef2efccb, 4009, 3994) = 0x2b8ef4003790
15555   0.000512 libjvm.so->fopen(0x2b8eeda6ab90, 0x2b8eef2efccb, 4009, 4002) = 0x2b8ef4003790
15555   0.002168 libjvm.so->fopen(0x2b8eeda6ab20, 0x2b8eef2efccb, 4009, 3994) = 0x2b8ef4003790
15555   0.000522 libjvm.so->fopen(0x2b8eeda6ab20, 0x2b8eef2efccb, 4009, 3994) = 0x2b8ef4003790
15555   0.000463 libjvm.so->fopen(0x2b8eeda6ab20, 0x2b8eef2efccb, 4009, 4002) = 0x2b8ef4003790
15555   0.000504 libjvm.so->fopen(0x2b8eeda6ab50, 0x2b8eef2efccb, 4014, 3995) = 0x2b8ef4003790
15555   0.000542 libjvm.so->getenv(0x2b8eef3390ff, 4096, 3, -1) = 0
15555   0.000680 libjvm.so->fopen(0x2b8eef338998, 0x2b8eef2efccb, 0x2b8eedb50908, 0x2b8eedb4fdf0) = 0x2b8ef4003790
15555   0.005105 libjvm.so->open(0x2b8ef404a580, 0x20000, 0, 0x2b8ef404a5c9) = 3
15555   0.000357 libjvm.so->__fxstat(1, 3, 0x2b8eeda6ca00, -1) = 0
15555   0.000323 libjvm.so->opendir(0x2b8ef404a580, 0x2b8eeda6ca00, 0x4000, -1) = 0x2b8ef404b490
15555   0.000308 libjvm.so->__fxstat(1, 3, 0x2b8eeda6c8a0, 0x2b8ef404b490) = 0
15555   0.000288 libjvm.so->__fxstat(1, 5, 0x2b8eeda6c930, -1) = 0
15555   0.000342 libjvm.so->open(0x2b8eef3069dc, 0, 0, 0) = 3
15555   0.000438 libjvm.so->__lxstat(1, 0x2b8ef404a580, 0x2b8eeda6cb50, -144) = 0
15555   0.001209 libjvm.so->open(0x2b8ef404a580, 0x20000, 0x4000, -1) = 3
15555   0.001248 libjvm.so->__fxstat(1, 3, 0x2b8eeda6ca00, -1) = 0
15555   0.000364 libjvm.so->opendir(0x2b8ef404a580, 0x2b8eeda6ca00, 0x4000, -1) = 0x2b8ef404b490
15555   0.000329 libjvm.so->__fxstat(1, 3, 0x2b8eeda6c8a0, 0x2b8ef404b490) = 0
15555   0.000344 libjvm.so->__fxstat(1, 5, 0x2b8eeda6c930, -1) = 0
15555   0.000309 libjvm.so->open(0x2b8eef3069dc, 0, 0, 0) = 3
15555   0.000451 libjvm.so->open(0x2b8ef404a5c9, 0x20042, 384, -1) = 7
15555   0.000520 libjvm.so->__fxstat(1, 7, 0x2b8eeda6cb50, -1) = 0
15555   0.001451 libjvm.so->fopen(0x2b8eeda6bb60, 0x2b8eef2efccb, 4, 0x6f732e70) = 0x2b8ef4057be0
15555   0.002379 libjvm.so->dlopen(0x2b8eeda6bb60, 1, 0xffffffff, 0x2b8ef4057b00) = 0x2b8ef4057be0
15555   0.001141 libjvm.so->__xstat(1, 0x2b8eeda6c120, 0x2b8eeda6c950, 2048) = 0
15555   0.000335 libjvm.so->__xstat(1, 0x2b8eeda6c120, 0x2b8eeda6c950, 2048) = 0
15555   0.000317 libjvm.so->__xstat(1, 0x2b8eeda6c120, 0x2b8eeda6c950, 2048) = -1
15555   0.000284 libjvm.so->__xstat(1, 0x2b8eeda6c120, 0x2b8eeda6c950, 2048) = 0
15555   0.000283 libjvm.so->__xstat(1, 0x2b8eeda6c120, 0x2b8eeda6c950, 2048) = 0
15555   0.000318 libjvm.so->__xstat(1, 0x2b8eeda6c120, 0x2b8eeda6c950, 2048) = 0
15555   0.000326 libjvm.so->__xstat(1, 0x2b8eeda6c120, 0x2b8eeda6c950, 2048) = 0
15555   0.000648 libjvm.so->__xstat(1, 0x2b8eeda6c120, 0x2b8eeda6c950, 2048) = -1
15555   0.000295 libjvm.so->fopen(0x2b8ef4002520, 0x2b8eef2efccb, 0, 0) = 0x2b8ef4058a80
15555   0.006637 libjvm.so->open64(0x2b8eeda6b410, 0, 0, 16) = 3
15555   0.000343 libjvm.so->__fxstat64(1, 3, 0x2b8eeda6b240, -1) = 0
15555   0.033536 libjvm.so->__xstat(1, 0x2b8eeda6bf20, 0x2b8eeda6c750, 2048) = -1
15555   0.001218 libjvm.so->fopen(0x2b8eeda6ab20, 0x2b8eef2efccb, 4009, 3994) = 0x2b8ef40b5ec0
15555   0.000446 libjvm.so->fopen(0x2b8eeda6ab20, 0x2b8eef2efccb, 4009, 3994) = 0x2b8ef40b5ec0
15555   0.000485 libjvm.so->fopen(0x2b8eeda6ab20, 0x2b8eef2efccb, 4009, 4002) = 0x2b8ef40b5ec0
15555   0.003305 libjvm.so->pthread_attr_setdetachstate(0x2b8eeda6cc00, 1, 0, 0) = 0
15555   0.000405 libpthread.so.0->__clone(0x2b8eedb59de0, 0x2b8ef33ddfc0, 0x3d0f00, 0x2b8ef33de700) = 0x3cc4
15555   0.013031 libjvm.so->pthread_attr_setdetachstate(0x2b8eeda6c290, 1, 0, 0) = 0
15555   0.001140 libpthread.so.0->__clone(0x2b8eedb59de0, 0x2b8ef34defc0, 0x3d0f00, 0x2b8ef34df700) = 0x3cc5
15555   0.005739 libjvm.so->pthread_attr_setdetachstate(0x2b8eeda6c610, 1, 0, 0) = 0
15555   0.000617 libpthread.so.0->__clone(0x2b8eedb59de0, 0x2b8ef35dffc0, 0x3d0f00, 0x2b8ef35e0700) = 0x3cc6
15555   0.031882 libjvm.so->fopen(0x2b8ef40ec390, 0x2b8eef2efccb, 4, 0x6f732e70) = 0x2b8ef40f1cd0
15555   0.002162 libjvm.so->dlopen(0x2b8ef40ec390, 1, 0xffffffff, 0x2b8ef40ec200) = 0x2b8ef4057be0
15555   0.004572 libjvm.so->open64(0x2b8eeda6b510, 0, 0, 16) = 5
15555   0.000628 libjvm.so->__fxstat64(1, 5, 0x2b8eeda6b340, -1) = 0
15555   0.014583 libjvm.so->fopen(0x2b8eeda68130, 0x2b8eef2efccb, 4009, 3994) = 0x2b8ef40fcc60
15555   0.000897 libjvm.so->fopen(0x2b8eeda68130, 0x2b8eef2efccb, 4009, 3994) = 0x2b8ef40fcc60
15555   0.000801 libjvm.so->fopen(0x2b8eeda68130, 0x2b8eef2efccb, 4009, 4002) = 0x2b8ef40fcc60
15555   0.010962 libjvm.so->pthread_attr_setdetachstate(0x2b8eeda6cb50, 1, 0, 0) = 0
15555   0.000738 libpthread.so.0->__clone(0x2b8eedb59de0, 0x2b8ef36e0fc0, 0x3d0f00, 0x2b8ef36e1700) = 0x3ccd
15555   0.001068 libjvm.so->__xstat64(1, 0x2b8eeda6cbe0, 0x2b8eeda6cb50, 19) = -1
15555   0.000855 libjvm.so->pthread_attr_setdetachstate(0x2b8eeda6c950, 1, 0, 0) = 0
15555   0.001324 libpthread.so.0->__clone(0x2b8eedb59de0, 0x2b8ef37e1fc0, 0x3d0f00, 0x2b8ef37e2700) = 0x3cce
15555   0.001217 libjvm.so->pthread_attr_setdetachstate(0x2b8eeda6c950, 1, 0, 0) = 0
15555   0.000870 libpthread.so.0->__clone(0x2b8eedb59de0, 0x2b8ef38e2fc0, 0x3d0f00, 0x2b8ef38e3700) = 0x3ccf
15555   0.005870 libjvm.so->pthread_attr_setdetachstate(0x2b8eeda6caa0, 1, 0, 0) = 0
15555   0.000954 libpthread.so.0->__clone(0x2b8eedb59de0, 0x2b8ef39e3fc0, 0x3d0f00, 0x2b8ef39e4700) = 0x3cd0
15555   0.001492 libjvm.so->pthread_attr_setdetachstate(0x2b8eeda6cbb0, 1, 0, 0) = 0
15555   0.001448 libpthread.so.0->__clone(0x2b8eedb59de0, 0x2b8ef3ae4fc0, 0x3d0f00, 0x2b8ef3ae5700) = 0x3cd1
15555   0.010998 libjvm.so->open64(0x2b8ef4128880, 0, 0, 0) = 7
15555   0.001181 libjvm.so->__fxstat64(1, 7, 0x2b8eeda69f60, -1) = 0
15555   0.018037 libjvm.so->fopen(0x2b8ef4154730, 0x2b8eef2efccb, 4, 0x6f732e6f) = 0x2b8ef41547f0
15555   0.002353 libjvm.so->dlopen(0x2b8ef4154730, 1, 0xffffffff, 0x2b8ef4154700) = 0x2b8ef41547f0
15555   0.095735 libjvm.so->fopen(0x2b8ef4196df0, 0x2b8eef2efccb, 4, 0x6f732e74) = 0x2b8ef4196eb0
15555   0.002227 libjvm.so->dlopen(0x2b8ef4196df0, 1, 0xffffffff, 0x2b8ef4196e00) = 0x2b8ef41a9280
15555   0.043549 libjvm.so->fopen(0x2b8eeda650b0, 0x2b8eef2efccb, 0x6f732e, 0x6d766a62696c2f72) = 0x2b8ef41bb770
15555   0.005959 libjvm.so->dlopen(0x2b8eeda650b0, 1, 0xffffffff, 0x2b8ef41bb600) = 0x559709f534c0
15555   0.001347 libjvm.so->fopen(0x2b8eeda650b0, 0x2b8eef2efccb, 0x6f732e, 0x6d766a62696c2f72) = 0x2b8ef41bbb70
15555   0.004788 libjvm.so->dlopen(0x2b8eeda650b0, 1, 0xffffffff, 0x2b8ef41bb600) = 0x559709f534c0
15555   0.001964 libjvm.so->fopen(0x2b8eeda650b0, 0x2b8eef2efccb, 0x6f732e, 0x6d766a62696c2f72) = 0x2b8ef41bbb00
15555   0.003561 libjvm.so->dlopen(0x2b8eeda650b0, 1, 0xffffffff, 0x2b8ef41bb600) = 0x559709f534c0
15555   0.001207 libjvm.so->fopen(0x2b8eeda650b0, 0x2b8eef2efccb, 0x6f732e, 0x6d766a62696c2f72) = 0x2b8ef41bbb00
15555   0.004195 libjvm.so->dlopen(0x2b8eeda650b0, 1, 0xffffffff, 0x2b8ef41bb600) = 0x559709f534c0
15555   0.063449 libjvm.so->fopen(0x2b8ef4212310, 0x2b8eef2efccb, 0x6f732e7373656c, 0x656c646165685f74) = 0x2b8ef42123f0
15555   0.002193 libjvm.so->dlopen(0x2b8ef4212310, 1, 0xffffffff, 0x2b8ef4212300) = 0x2b8ef42123f0
15555   3.752176 --- SIGSEGV (Segmentation fault) ---
15569   4.693681 +++ exited (status 0) +++
15565   0.000248 +++ exited (status 0) +++
15556   0.010329 +++ exited (status 0) +++
15555   0.000312 +++ exited (status 0) +++
15557   0.000337 +++ exited (status 0) +++
15568   0.000026 +++ exited (status 0) +++
15567   0.000011 +++ exited (status 0) +++
15558   0.000010 +++ exited (status 0) +++
15566   0.016946 +++ exited (status 0) +++
15553   0.000073 +++ exited (status 0) +++
Wrote an ltrace for command: "java -cp ./tools/maxent.jar density.MaxEnt -s outputs/Microctonus_hyperodae_Loan_in_Loan.csv -e data/layers/worldclim -o outputs/Microctonus_hyperodae_Loan_in_Loan nowarnings nocache autorun -z" with PID 15551 from PPID 15533 on disc23.crc.nd.edu with result 0
REMOTEHOST=10.17.150.11
MANPATH=/afs/crc.nd.edu/user/n/nkremerh/cctools/share/man/:/afs/crc.nd.edu/group/ccl/software/x86_64/redhat7/ruby/current/share/man:/afs/crc.nd.edu/group/ccl/software/x86_64/redhat7/graphviz/current/share/man:/afs/crc.nd.edu/group/ccl/software/x86_64/redhat7/gnuplot/current/share/man:/afs/crc.nd.edu/group/ccl/software/x86_64/redhat7/git/current/share/man:/afs/crc.nd.edu/group/ccl/software/x86_64/redhat7/condor/current/share/man:/afs/crc.nd.edu/group/ccl/software/x86_64/redhat7/clang/current/share/man:/afs/crc.nd.edu/group/ccl/software/x86_64/redhat7/condor/current/share/man:/afs/crc.nd.edu/group/ccl/software/x86_64/redhat7/cctools/current/share/man:/afs/crc.nd.edu/group/ccl/software/x86_64/redhat7/cctools/current/share/man:/afs/crc.nd.edu/x86_64_linux/Modules/4.5.0/share/man:/opt/crc/usr/local/man:/opt/sge/man:/usr/share/man/overrides:/usr/share/man:/usr/local/share/man
_CONDOR_JOB_PIDS=
XDG_SESSION_ID=4102
HOSTNAME=disc01.crc.nd.edu
_LMFILES__modshare=/afs/crc.nd.edu/x86_64_linux/Modules/modules/system_modules/CRC_default/1.1:1
MODULEPATH_modshare=/afs/crc.nd.edu/x86_64_linux/Modules/modules/general_software:1:/afs/crc.nd.edu/x86_64_linux/Modules/modules/development_tools_and_libraries:1:/afs/crc.nd.edu/x86_64_linux/Modules/modules/system_modules:1:/afs/crc.nd.edu/x86_64_linux/Modules/current/modulefiles:1:/afs/crc.nd.edu/x86_64_linux/Modules/modules/restricted_software:1:/afs/crc.nd.edu/x86_64_linux/Modules/modules/deprecated_software:1
TERM=xterm-256color
SHELL=/bin/tcsh
HOST=disc01.crc.nd.edu
MODULES_CMD=/afs/crc.nd.edu/x86_64_linux/Modules/4.5.0/libexec/modulecmd.tcl
HISTSIZE=5000
MAKEFLAGS=
SSH_CLIENT=10.17.150.11 36546 22
TMPDIR=/var/condor/execute/dir_4602/worker-213124-4760/t.972/cctools-temp-t.972.SS5B6B
PERL5LIB=/afs/crc.nd.edu/user/n/nkremerh/cctools/lib/perl5/site_perl/5.16.3:/afs/crc.nd.edu/user/n/nkremerh/.perl5/lib/perl5
SGE_CELL=crc
_CONDOR_SCRATCH_DIR=/var/condor/execute/dir_4602
PERL_MB_OPT=--install_base '/afs/crc.nd.edu/user/n/nkremerh/.perl5/'
SSH_TTY=/dev/pts/2
SGE_LOAD_AVG=load_avg
MAKEFLOW_MAX_LOCAL_JOBS=2
GROUP=campus
USER=nkremerh
_CHIRP_DELAYED_UPDATE_PREFIX=Chirp*
HISTFILESIZE=10000
TEMP=/var/condor/execute/dir_4602/worker-213124-4760/t.972/cctools-temp-t.972.SS5B6B
LD_LIBRARY_PATH=/afs/crc.nd.edu/group/ccl/software/x86_64/redhat7/ruby/current/lib:/afs/crc.nd.edu/group/ccl/software/x86_64/redhat7/graphviz/current/lib:/afs/crc.nd.edu/group/ccl/software/x86_64/redhat7/git/current/lib:/afs/crc.nd.edu/group/ccl/software/x86_64/redhat7/condor/current/lib:/afs/crc.nd.edu/group/ccl/software/x86_64/redhat7/clang/current/lib:/afs/crc.nd.edu/group/ccl/software/x86_64/redhat7/condor/current/lib:/afs/crc.nd.edu/group/ccl/software/x86_64/redhat7/cctools/current/lib:/opt/crc/usr/local/lib
BATCH_SYSTEM=HTCondor
MODULES_LMALTNAME=CRC_default/1.1&CRC_default/default&CRC_default
ENV=/afs/crc.nd.edu/x86_64_linux/Modules/4.5.0/init/profile.sh
WORKER_TMPDIR=/var/condor/execute/dir_4602/worker-213124-4760/cache/tmp
HOSTTYPE=x86_64-linux
_CONDOR_HIGHPORT=9999
GLOBUS_GSSAPI_MAX_TLS_PROTOCOL=0
_CONDOR_CHIRP_CONFIG=/var/condor/execute/dir_4602/.chirp.config
_CONDOR_ANCESTOR_3574=4602:1600190002:4040868520
MAKELEVEL=1
MFLAGS=
_CONDOR_ANCESTOR_4602=4736:1600190003:2984395350
MAIL=/var/spool/mail/nkremerh
PATH=/afs/crc.nd.edu/user/n/nkremerh/cctools/bin:/afs/crc.nd.edu/user/n/nkremerh/miniconda/bin:/afs/crc.nd.edu/group/ccl/software/git:/afs/crc.nd.edu/user/n/nkremerh/.local/bin:/afs/crc.nd.edu/group/ccl/software/x86_64/redhat7/povray/3.7/bin:/afs/crc.nd.edu/user/n/nkremerh/.perl5/bin:/afs/crc.nd.edu/user/n/nkremerh/pegasus/bin:/afs/crc.nd.edu/user/n/nkremerh/nodejs/bin:/afs/crc.nd.edu/user/n/nkremerh/montage/bin:/afs/crc.nd.edu/user/n/nkremerh/latexdiff:/afs/crc.nd.edu/user/n/nkremerh/envtrace:/afs/crc.nd.edu/user/n/nkremerh/endlines:/afs/crc.nd.edu/user/n/nkremerh/cctools/bin:/afs/crc.nd.edu/user/n/nkremerh/.cargo/bin:/afs/crc.nd.edu/group/ccl/software/x86_64/redhat7/ruby/current/bin:/afs/crc.nd.edu/group/ccl/software/x86_64/redhat7/graphviz/current/bin:/afs/crc.nd.edu/group/ccl/software/x86_64/redhat7/gnuplot/current/bin:/afs/crc.nd.edu/group/ccl/software/x86_64/redhat7/git/current/bin:/afs/crc.nd.edu/group/ccl/software/x86_64/redhat7/condor/current/sbin:/afs/crc.nd.edu/group/ccl/software/x86_64/redhat7/condor/current/bin:/afs/crc.nd.edu/group/ccl/software/x86_64/redhat7/cmake/current/bin:/afs/crc.nd.edu/group/ccl/software/x86_64/redhat7/clang/current/bin:/afs/crc.nd.edu/group/ccl/software/x86_64/redhat7/condor/current/sbin:/afs/crc.nd.edu/group/ccl/software/x86_64/redhat7/condor/current/bin:/afs/crc.nd.edu/group/ccl/software/x86_64/redhat7/cctools/current/bin:/afs/crc.nd.edu/x86_64_linux/Modules/4.5.0/bin:/opt/crc/usr/local/bin:/opt/sge/bin/lx-amd64:/usr/local/bin:/usr/bin:/usr/local/sbin:/usr/sbin:/afs/crc.nd.edu/user/c/condor/software/bin:/afs/crc.nd.edu/user/c/condor/software/sbin
CCLSOFTWARE=/afs/crc.nd.edu/group/ccl/software/x86_64/redhat7
_CONDOR_ANCESTOR_3382=3574:1598183948:1170902758
PWD=/var/condor/execute/dir_4602/worker-213124-4760/t.972
_LMFILES_=/afs/crc.nd.edu/x86_64_linux/Modules/modules/system_modules/CRC_default/1.1
EDITOR=vim
SGE_EXECD_PORT=6445
LANG=en_US.UTF-8
SGE_QMASTER_PORT=6444
MODULEPATH=/afs/crc.nd.edu/x86_64_linux/Modules/modules/development_tools_and_libraries:/afs/crc.nd.edu/x86_64_linux/Modules/modules/general_software:/afs/crc.nd.edu/x86_64_linux/Modules/modules/restricted_software:/afs/crc.nd.edu/x86_64_linux/Modules/modules/system_modules:/afs/crc.nd.edu/x86_64_linux/Modules/modules/deprecated_software:/afs/crc.nd.edu/x86_64_linux/Modules/current/modulefiles
LOADEDMODULES=CRC_default/1.1
SGE_ROOT=/opt/sge
CCLPLATFORM=x86_64/redhat7
_CONDOR_SLOT=slot2_1
WORK_QUEUE_SANDBOX=/var/condor/execute/dir_4602/worker-213124-4760
USE_SYSTEMD=true
_CONDOR_LOWPORT=9100
HISTCONTROL=ignoreboth:erasedups
KRB5CCNAME=FILE:/tmp/krb5cc_213124_DZSV7p
GLOBUS_GSSAPI_NAME_COMPATIBILITY=STRICT_RFC2818
HOME=disc01.crc.nd.edu
SHLVL=6
PATH_modshare=/opt/crc/usr/local/bin:1:/opt/sge/bin/lx-amd64:1:/usr/sbin:1:/usr/bin:1:/afs/crc.nd.edu/user/c/condor/software/sbin:1:/usr/local/sbin:1:/afs/crc.nd.edu/user/c/condor/software/bin:1:/usr/local/bin:1
OSTYPE=linux
_CONDOR_MACHINE_AD=/var/condor/execute/dir_4602/.machine.ad
GREP_OPTIONS=--color=auto
DISK=18248
GLOBUS_GSSAPI_MIN_TLS_PROTOCOL=TLS1_VERSION
MANPATH_modshare=/usr/share/man/overrides:1:/usr/local/share/man:1:/usr/share/man:1:/opt/crc/usr/local/man:1:/opt/sge/man:1
MEMORY=1948
PERL_LOCAL_LIB_ROOT=/afs/crc.nd.edu/user/n/nkremerh/.perl5/
BASH_ENV=/afs/crc.nd.edu/x86_64_linux/Modules/4.5.0/init/bash
VENDOR=unknown
TMP=/var/condor/execute/dir_4602/worker-213124-4760/t.972/cctools-temp-t.972.SS5B6B
LOGNAME=nkremerh
MACHTYPE=x86_64
CCLHOME=/afs/crc.nd.edu/group/ccl
PYTHONPATH=/afs/crc.nd.edu/user/n/nkremerh/cctools/lib/python3.6/site-packages/
LD_LIBRARY_PATH_modshare=/opt/crc/usr/local/lib:1
SSH_CONNECTION=10.17.150.11 36546 129.74.128.103 22
MODULES_LMALTNAME_modshare=CRC_default/1.1&CRC_default/default&CRC_default:1
MODULESHOME=/afs/crc.nd.edu/x86_64_linux/Modules/4.5.0
GLOBUS_GSSAPI_CIPHERS=HIGH
GLOBUS_GSSAPI_BACKWARD_COMPATIBLE_MIC=true
LESSOPEN=||/usr/bin/lesspipe.sh %s
OMP_NUM_THREADS=1
_CONDOR_JOB_AD=/var/condor/execute/dir_4602/.job.ad
LOADEDMODULES_modshare=CRC_default/1.1:1
XDG_RUNTIME_DIR=/run/user/213124
SGE_CLUSTER_NAME=CRC
CCTOOLS=../cctools
CORES=2
_CONDOR_JOB_IWD=/var/condor/execute/dir_4602
PERL_MM_OPT=INSTALL_BASE=/afs/crc.nd.edu/user/n/nkremerh/.perl5/
GLOBUS_GSSAPI_SERVER_CIPHER_ORDER=true
BASH_FUNC_module()=() {  unset _mlshdbg;
 if [ "${MODULES_SILENT_SHELL_DEBUG:-0}" = '1' ]; then
 case "$-" in 
 *v*x*)
 set +vx;
 _mlshdbg='vx'
 ;;
 *v*)
 set +v;
 _mlshdbg='v'
 ;;
 *x*)
 set +x;
 _mlshdbg='x'
 ;;
 *)
 _mlshdbg=''
 ;;
 esac;
 fi;
 unset _mlre _mlIFS;
 if [ -n "${IFS+x}" ]; then
 _mlIFS=$IFS;
 fi;
 IFS=' ';
 for _mlv in ${MODULES_RUN_QUARANTINE:-};
 do
 if [ "${_mlv}" = "${_mlv##*[!A-Za-z0-9_]}" -a "${_mlv}" = "${_mlv#[0-9]}" ]; then
 if [ -n "`eval 'echo ${'$_mlv'+x}'`" ]; then
 _mlre="${_mlre:-}${_mlv}_modquar='`eval 'echo ${'$_mlv'}'`' ";
 fi;
 _mlrv="MODULES_RUNENV_${_mlv}";
 _mlre="${_mlre:-}${_mlv}='`eval 'echo ${'$_mlrv':-}'`' ";
 fi;
 done;
 if [ -n "${_mlre:-}" ]; then
 eval `eval ${_mlre}/usr/bin/tclsh /afs/crc.nd.edu/x86_64_linux/Modules/4.5.0/libexec/modulecmd.tcl bash '"$@"'`;
 else
 eval `/usr/bin/tclsh /afs/crc.nd.edu/x86_64_linux/Modules/4.5.0/libexec/modulecmd.tcl bash "$@"`;
 fi;
 _mlstatus=$?;
 if [ -n "${_mlIFS+x}" ]; then
 IFS=$_mlIFS;
 else
 unset IFS;
 fi;
 unset _mlre _mlv _mlrv _mlIFS;
 if [ -n "${_mlshdbg:-}" ]; then
 set -$_mlshdbg;
 fi;
 unset _mlshdbg;
 return $_mlstatus
}
BASH_FUNC_ml()=() {  module ml "$@"
}
_=/usr/bin/printenv
