6798   0.000000 libjli.so->getenv("_JAVA_LAUNCHER_DEBUG") = nil
6798   0.001758 libjli.so->getenv("_JAVA_VERSION_SET") = nil
6798   0.000760 libjli.so->fopen("/usr/lib/jvm/java-1.8.0-openjdk-1.8.0.262.b10-0.el7_8.x86_64/jre/lib/amd64/jvm.cfg", "r") = 0x556a5c6560e0
6798   0.000794 libjli.so->getenv("JDK_ALTERNATE_VM") = nil
6798   0.000323 libjli.so->__xstat(1, "/usr/lib/jvm/java-1.8.0-openjdk-1.8.0.262.b10-0.el7_8.x86_64/jre/lib/amd64/server/libjvm.so", 0x7ffc5ae3b2a0) = 0
6798   0.000578 libjli.so->getenv("LD_LIBRARY_PATH") = "/afs/crc.nd.edu/group/ccl/software/x86_64/redhat7/ruby/current/lib:/afs/crc.nd.edu/group/ccl/software/x86_64/redhat7/graphviz/current/lib:/afs/crc.nd.edu/group/ccl/software/x86_64/redhat7/git/current/lib:/afs/crc.nd.edu/group/ccl/software/x86_64/redhat7/condor/current/lib:/afs/crc.nd.edu/group/ccl/software/x86_64/redhat7/clang/current/lib:/afs/crc.nd.edu/group/ccl/software/x86_64/redhat7/condor/current/lib:/afs/crc.nd.edu/group/ccl/software/x86_64/redhat7/cctools/current/lib:/opt/crc/usr/local/lib"
6798   0.002153 libjli.so->dlopen("/usr/lib/jvm/java-1.8.0-openjdk-1.8.0.262.b10-0.el7_8.x86_64/jre/lib/amd64/server/libjvm.so", 258 <unfinished ...>
6798   0.038268 libjvm.so->getenv("NMT_LEVEL_6798") = nil
6798   0.001689 <... dlopen resumed> )           = 0x556a5c6564b0
6798   0.000087 libjli.so->getenv("CLASSPATH")   = nil
6798   0.000316 libjli.so->getenv("_JAVA_SPLASH_JAR") = nil
6798   0.000299 libjli.so->getenv("_JAVA_SPLASH_FILE") = nil
6798   0.000303 libjli.so->pthread_attr_setdetachstate(0x7ffc5ae3b250, 0, 0x7ffc5ae3b2e0, 0) = 0
6798   0.000448 libpthread.so.0->__clone(0x2acce2123de0, 0x2acce2036fc0, 0x3d0f00, 0x2acce2037700) = 6803
6803   0.002076 libjvm.so->dlopen(0x2acce39029ae, 1, 0xfffffffffff42c48, 4096) = 0x2acce8000990
6803   0.002556 libjvm.so->getenv(0x2acce391d83e, 0, 115, 0x65737361) = 0x7ffc5ae406b3
6803   0.000476 libjvm.so->fopen(0x2acce2035c10, 0x2acce38b9ccb, 0x6f732e79666972, 0x2acce29fbab0) = 0x2acce8001440
6803   0.001323 libjvm.so->dlopen(0x2acce2035c10, 1, 0xffffffff, 0x2acce8002b00) = 0x2acce8001440
6803   0.001556 libjvm.so->fopen(0x2acce2035c10, 0x2acce38b9ccb, 111, 0x732e6176) = 0x2acce8001b10
6803   0.001556 libjvm.so->dlopen(0x2acce2035c10, 1, 0xffffffff, 0x2acce8001a00) = 0x2acce8001b10
6803   0.001628 libjvm.so->__xstat(1, 0x2acce2036360, 0x2acce2036ba0, 0x746f7073746f682e) = -1
6803   0.000536 libjvm.so->getenv(0x2acce38b2541, 0x2acce20366d0, 1024, 0x2acce3d6c61b) = 0
6803   0.000589 libjvm.so->getenv(0x2acce38b2533, 0x2acce20366d0, 1024, 0) = 0
6803   0.000585 libjvm.so->fopen(0x2acce3902315, 0x2acce38b9ccb, 4095, 0xffffd5331c74db03) = 0x2acce8003290
6803   0.001112 libjvm.so->fopen(0x2acce3902361, 0x2acce38b9ccb, 0x2acce8000078, 0x2acce8003280) = 0x2acce8003290
6803   0.000765 libjvm.so->fopen(0x2acce20309b0, 0x2acce38b9ccb, 4014, 3995) = 0x2acce8003290
6803   0.000660 libjvm.so->opendir(0x2acce8002b40, 0x2acce8002b40, 13, 16) = 0
6803   0.000457 libjvm.so->__xstat(1, 0x2acce20358f0, 0x2acce2034860, 0x6f732e7477616d62) = -1
6803   0.000432 libjvm.so->__xstat(1, 0x2acce20358f0, 0x2acce2034860, 0x5f74776162696c2f) = 0
6803   0.000560 libjvm.so->fopen(0x2acce2034b90, 0x2acce38b9ccb, 4009, 3994) = 0x2acce8003770
6803   0.000641 libjvm.so->fopen(0x2acce2034b90, 0x2acce38b9ccb, 4009, 3994) = 0x2acce8003770
6803   0.000629 libjvm.so->fopen(0x2acce2034b90, 0x2acce38b9ccb, 4009, 4002) = 0x2acce8003770
6803   0.000756 libjvm.so->fopen(0x2acce2034b20, 0x2acce38b9ccb, 4009, 3994) = 0x2acce8003770
6803   0.000619 libjvm.so->fopen(0x2acce2034b20, 0x2acce38b9ccb, 4009, 3994) = 0x2acce8003770
6803   0.000629 libjvm.so->fopen(0x2acce2034b20, 0x2acce38b9ccb, 4009, 4002) = 0x2acce8003770
6803   0.000642 libjvm.so->fopen(0x2acce2034b50, 0x2acce38b9ccb, 4014, 3995) = 0x2acce8003770
6803   0.000815 libjvm.so->getenv(0x2acce39030ff, 4096, 3, -1) = 0
6803   0.000910 libjvm.so->fopen(0x2acce3902998, 0x2acce38b9ccb, 0x2acce211a908, 0x2acce2119df0) = 0x2acce8003770
6803   0.004793 libjvm.so->open(0x2acce804a560, 0x20000, 0, 0x2acce804a5a9) = 3
6803   0.000489 libjvm.so->__fxstat(1, 3, 0x2acce2036a00, -1) = 0
6803   0.000493 libjvm.so->opendir(0x2acce804a560, 0x2acce2036a00, 0x4000, -1) = 0x2acce804b470
6803   0.000522 libjvm.so->__fxstat(1, 3, 0x2acce20368a0, 0x2acce804b470) = 0
6803   0.000457 libjvm.so->__fxstat(1, 5, 0x2acce2036930, -1) = 0
6803   0.000548 libjvm.so->open(0x2acce38d09dc, 0, 0, 0) = 3
6803   0.000698 libjvm.so->__lxstat(1, 0x2acce804a560, 0x2acce2036b50, -144) = 0
6803   0.000505 libjvm.so->open(0x2acce804a560, 0x20000, 0x4000, -1) = 3
6803   0.000421 libjvm.so->__fxstat(1, 3, 0x2acce2036a00, -1) = 0
6803   0.000497 libjvm.so->opendir(0x2acce804a560, 0x2acce2036a00, 0x4000, -1) = 0x2acce804b470
6803   0.000419 libjvm.so->__fxstat(1, 3, 0x2acce20368a0, 0x2acce804b470) = 0
6803   0.000528 libjvm.so->__fxstat(1, 5, 0x2acce2036930, -1) = 0
6803   0.000520 libjvm.so->open(0x2acce38d09dc, 0, 0, 0) = 3
6803   0.000594 libjvm.so->open(0x2acce804a5a9, 0x20042, 384, -1) = 7
6803   0.000740 libjvm.so->__fxstat(1, 7, 0x2acce2036b50, -1) = 0
6803   0.001697 libjvm.so->fopen(0x2acce2035b60, 0x2acce38b9ccb, 4, 0x6f732e70) = 0x2acce8057bc0
6803   0.001489 libjvm.so->dlopen(0x2acce2035b60, 1, 0xffffffff, 0x2acce8057b00) = 0x2acce8057bc0
6803   0.001544 libjvm.so->__xstat(1, 0x2acce2036120, 0x2acce2036950, 2048) = 0
6803   0.000614 libjvm.so->__xstat(1, 0x2acce2036120, 0x2acce2036950, 2048) = 0
6803   0.000466 libjvm.so->__xstat(1, 0x2acce2036120, 0x2acce2036950, 2048) = -1
6803   0.000598 libjvm.so->__xstat(1, 0x2acce2036120, 0x2acce2036950, 2048) = 0
6803   0.000469 libjvm.so->__xstat(1, 0x2acce2036120, 0x2acce2036950, 2048) = 0
6803   0.000575 libjvm.so->__xstat(1, 0x2acce2036120, 0x2acce2036950, 2048) = 0
6803   0.000446 libjvm.so->__xstat(1, 0x2acce2036120, 0x2acce2036950, 2048) = 0
6803   0.000423 libjvm.so->__xstat(1, 0x2acce2036120, 0x2acce2036950, 2048) = -1
6803   0.000536 libjvm.so->fopen(0x2acce8002520, 0x2acce38b9ccb, 0, 0) = 0x2acce8058a60
6803   0.009111 libjvm.so->open64(0x2acce2035410, 0, 0, 16) = 3
6803   0.000496 libjvm.so->__fxstat64(1, 3, 0x2acce2035240, -1) = 0
6803   0.036908 libjvm.so->__xstat(1, 0x2acce2035f20, 0x2acce2036750, 2048) = -1
6803   0.000542 libjvm.so->fopen(0x2acce2034b20, 0x2acce38b9ccb, 4009, 3994) = 0x2acce80b5e20
6803   0.000715 libjvm.so->fopen(0x2acce2034b20, 0x2acce38b9ccb, 4009, 3994) = 0x2acce80b5e20
6803   0.000734 libjvm.so->fopen(0x2acce2034b20, 0x2acce38b9ccb, 4009, 4002) = 0x2acce80b5e20
6803   0.004221 libjvm.so->pthread_attr_setdetachstate(0x2acce2036c00, 1, 0, 0) = 0
6803   0.000517 libpthread.so.0->__clone(0x2acce2123de0, 0x2acce79a7fc0, 0x3d0f00, 0x2acce79a8700) = 6804
6803   0.015409 libjvm.so->pthread_attr_setdetachstate(0x2acce2036290, 1, 0, 0) = 0
6803   0.000661 libpthread.so.0->__clone(0x2acce2123de0, 0x2acce7aa8fc0, 0x3d0f00, 0x2acce7aa9700) = 6805
6803   0.006892 libjvm.so->pthread_attr_setdetachstate(0x2acce2036610, 1, 0, 0) = 0
6803   0.000825 libpthread.so.0->__clone(0x2acce2123de0, 0x2acce7ba9fc0, 0x3d0f00, 0x2acce7baa700) = 6806
6803   0.039509 libjvm.so->fopen(0x2acce80e9150, 0x2acce38b9ccb, 4, 0x6f732e70) = 0x2acce80f1c90
6803   0.001951 libjvm.so->dlopen(0x2acce80e9150, 1, 0xffffffff, 0x2acce80ec300) = 0x2acce8057bc0
6803   0.005110 libjvm.so->open64(0x2acce2035510, 0, 0, 16) = 5
6803   0.001139 libjvm.so->__fxstat64(1, 5, 0x2acce2035340, -1) = 0
6803   0.019637 libjvm.so->fopen(0x2acce2032130, 0x2acce38b9ccb, 4009, 3994) = 0x2acce80fcbe0
6803   0.001162 libjvm.so->fopen(0x2acce2032130, 0x2acce38b9ccb, 4009, 3994) = 0x2acce80fcbe0
6803   0.001113 libjvm.so->fopen(0x2acce2032130, 0x2acce38b9ccb, 4009, 4002) = 0x2acce80fcbe0
6803   0.015485 libjvm.so->pthread_attr_setdetachstate(0x2acce2036b50, 1, 0, 0) = 0
6803   0.001029 libpthread.so.0->__clone(0x2acce2123de0, 0x2acce7caafc0, 0x3d0f00, 0x2acce7cab700) = 6808
6803   0.001597 libjvm.so->__xstat64(1, 0x2acce2036be0, 0x2acce2036b50, 18) = -1
6803   0.001307 libjvm.so->pthread_attr_setdetachstate(0x2acce2036950, 1, 0, 0) = 0
6803   0.001248 libpthread.so.0->__clone(0x2acce2123de0, 0x2acce7dabfc0, 0x3d0f00, 0x2acce7dac700) = 6809
6803   0.001795 libjvm.so->pthread_attr_setdetachstate(0x2acce2036950, 1, 0, 0) = 0
6803   0.001284 libpthread.so.0->__clone(0x2acce2123de0, 0x2acce7eacfc0, 0x3d0f00, 0x2acce7ead700) = 6810
6803   0.008878 libjvm.so->pthread_attr_setdetachstate(0x2acce2036aa0, 1, 0, 0) = 0
6803   0.001408 libpthread.so.0->__clone(0x2acce2123de0, 0x2acce7fadfc0, 0x3d0f00, 0x2acce7fae700) = 6811
6803   0.002966 libjvm.so->pthread_attr_setdetachstate(0x2acce2036bb0, 1, 0, 0) = 0
6803   0.001562 libpthread.so.0->__clone(0x2acce2123de0, 0x2accfb0fffc0, 0x3d0f00, 0x2accfb100700) = 6812
6803   0.015318 libjvm.so->open64(0x2acce8136830, 0, 0, 48) = 7
6803   0.001720 libjvm.so->__fxstat64(1, 7, 0x2acce2033f60, -1) = 0
6803   0.025748 libjvm.so->fopen(0x2acce815c6e0, 0x2acce38b9ccb, 4, 0x6f732e6f) = 0x2acce815c7a0
6803   0.004936 libjvm.so->dlopen(0x2acce815c6e0, 1, 0xffffffff, 0x2acce815c700) = 0x2acce815c7a0
6803   0.100745 libjvm.so->fopen(0x2acce2030e40, 0x2acce38b9ccb, 0x6f732e, 0x6d766a62696c2f72) = 0x2acce8171e20
6803   0.008047 libjvm.so->dlopen(0x2acce2030e40, 1, 0xffffffff, 0x2acce8171d00) = 0x556a5c6564b0
6803   0.001790 libjvm.so->fopen(0x2acce2030e40, 0x2acce38b9ccb, 0x6f732e, 0x6d766a62696c2f72) = 0x2acce8172220
6803   0.005626 libjvm.so->dlopen(0x2acce2030e40, 1, 0xffffffff, 0x2acce8171d00) = 0x556a5c6564b0
6803   0.001692 libjvm.so->fopen(0x2acce2030e40, 0x2acce38b9ccb, 0x6f732e, 0x6d766a62696c2f72) = 0x2acce8171e20
6803   0.003867 libjvm.so->dlopen(0x2acce2030e40, 1, 0xffffffff, 0x2acce8171d00) = 0x556a5c6564b0
6803   0.001653 libjvm.so->fopen(0x2acce2030e40, 0x2acce38b9ccb, 0x6f732e, 0x6d766a62696c2f72) = 0x2acce8171e20
6803   0.004121 libjvm.so->dlopen(0x2acce2030e40, 1, 0xffffffff, 0x2acce8171d00) = 0x556a5c6564b0
6803   0.048642 libjvm.so->fopen(0x2acce81b7450, 0x2acce38b9ccb, 4, 0x6f732e74) = 0x2acce81cf3a0
6803   0.003171 libjvm.so->dlopen(0x2acce81b7450, 1, 0xffffffff, 0x2acce81c3f00) = 0x2acce81cf3a0
6803   0.146021 libjvm.so->fopen(0x2acce82584a0, 0x2acce38b9ccb, 0x6f732e7373656c, 0x656c646165685f74) = 0x2acce8258580
6803   0.004108 libjvm.so->dlopen(0x2acce82584a0, 1, 0xffffffff, 0x2acce8258500) = 0x2acce8258580
6803   3.641759 --- SIGSEGV (Segmentation fault) ---
6803   0.484038 --- SIGSEGV (Segmentation fault) ---
6803   0.000544 --- SIGSEGV (Segmentation fault) ---
6803   0.925156 --- SIGSEGV (Segmentation fault) ---
6803   0.000798 --- SIGSEGV (Segmentation fault) ---
6803   0.001044 --- SIGSEGV (Segmentation fault) ---
6803   0.989496 --- SIGSEGV (Segmentation fault) ---
6803   0.000614 --- SIGSEGV (Segmentation fault) ---
6803   0.000920 --- SIGSEGV (Segmentation fault) ---
6803   0.000565 --- SIGSEGV (Segmentation fault) ---
6803   0.910056 --- SIGSEGV (Segmentation fault) ---
6803   1.041183 --- SIGSEGV (Segmentation fault) ---
6803   0.000691 --- SIGSEGV (Segmentation fault) ---
6803   0.000468 --- SIGSEGV (Segmentation fault) ---
6803   0.708353 --- SIGSEGV (Segmentation fault) ---
6803   0.000665 --- SIGSEGV (Segmentation fault) ---
6803   0.001702 --- SIGSEGV (Segmentation fault) ---
6803   1.032321 --- SIGSEGV (Segmentation fault) ---
6803   0.000920 --- SIGSEGV (Segmentation fault) ---
6803   0.000748 --- SIGSEGV (Segmentation fault) ---
6803   0.920303 --- SIGSEGV (Segmentation fault) ---
6803   0.000577 --- SIGSEGV (Segmentation fault) ---
6803   0.000487 --- SIGSEGV (Segmentation fault) ---
6803   0.895924 --- SIGSEGV (Segmentation fault) ---
6803   0.000791 --- SIGSEGV (Segmentation fault) ---
6803   0.001036 --- SIGSEGV (Segmentation fault) ---
6803   0.001006 --- SIGSEGV (Segmentation fault) ---
6803   1.270763 --- SIGSEGV (Segmentation fault) ---
6803   0.000532 --- SIGSEGV (Segmentation fault) ---
6803   0.000551 --- SIGSEGV (Segmentation fault) ---
6803   0.000606 --- SIGSEGV (Segmentation fault) ---
6803   0.803533 --- SIGSEGV (Segmentation fault) ---
6803   0.837080 --- SIGSEGV (Segmentation fault) ---
6803   0.000661 --- SIGSEGV (Segmentation fault) ---
6803   0.001057 --- SIGSEGV (Segmentation fault) ---
6803   0.559868 --- SIGSEGV (Segmentation fault) ---
6803   0.001904 --- SIGSEGV (Segmentation fault) ---
6803   1.027699 --- SIGSEGV (Segmentation fault) ---
6803   0.000537 --- SIGSEGV (Segmentation fault) ---
6803   1.855511 --- SIGSEGV (Segmentation fault) ---
6803   0.971356 libjvm.so->fopen(0x2acce20340e0, 0x2acce38b9ccb, 111, 0x732e6176) = 0x2acce8212b90
6803   0.002637 libjvm.so->dlopen(0x2acce20340e0, 1, 0xffffffff, 0x2acce8276900) = 0x2acce8001b10
6803   0.001187 libjvm.so->fopen(0x2acce20340e0, 0x2acce38b9ccb, 111, 0x732e6176) = 0x2acce82aed00
6803   0.002517 libjvm.so->dlopen(0x2acce20340e0, 1, 0xffffffff, 0x2acce8276900) = 0x2acce8001b10
6803   0.001153 libjvm.so->fopen(0x2acce20340e0, 0x2acce38b9ccb, 111, 0x732e6176) = 0x2acce82aed00
6803   0.002574 libjvm.so->dlopen(0x2acce20340e0, 1, 0xffffffff, 0x2acce8276900) = 0x2acce8001b10
6803   0.001132 libjvm.so->fopen(0x2acce20340e0, 0x2acce38b9ccb, 111, 0x732e6176) = 0x2acce82aed00
6803   0.002339 libjvm.so->dlopen(0x2acce20340e0, 1, 0xffffffff, 0x2acce8276900) = 0x2acce8001b10
6803   0.017489 libjvm.so->fopen(0x2acce2033de0, 0x2acce38b9ccb, 111, 0x732e6176) = 0x2acce818bf80
6803   0.002840 libjvm.so->dlopen(0x2acce2033de0, 1, 0xffffffff, 0x2acce826a200) = 0x2acce8001b10
6803   0.001618 libjvm.so->fopen(0x2acce2033de0, 0x2acce38b9ccb, 111, 0x732e6176) = 0x2acce818bf80
6803   0.002795 libjvm.so->dlopen(0x2acce2033de0, 1, 0xffffffff, 0x2acce826a200) = 0x2acce8001b10
6803   0.001648 libjvm.so->fopen(0x2acce2033de0, 0x2acce38b9ccb, 111, 0x732e6176) = 0x2acce818bf80
6803   0.002726 libjvm.so->dlopen(0x2acce2033de0, 1, 0xffffffff, 0x2acce826a200) = 0x2acce8001b10
6803   0.001699 libjvm.so->fopen(0x2acce2033de0, 0x2acce38b9ccb, 111, 0x732e6176) = 0x2acce818bf80
6803   0.002830 libjvm.so->dlopen(0x2acce2033de0, 1, 0xffffffff, 0x2acce826a200) = 0x2acce8001b10
6803   0.228375 --- SIGSEGV (Segmentation fault) ---
6803   0.954751 --- SIGSEGV (Segmentation fault) ---
6812   4.421989 +++ exited (status 0) +++
6804   0.000435 +++ exited (status 0) +++
6803   0.000290 +++ exited (status 0) +++
6811   0.000431 +++ exited (status 0) +++
6809   0.000026 +++ exited (status 0) +++
6808   0.000021 +++ exited (status 0) +++
6806   0.000015 +++ exited (status 0) +++
6805   0.000014 +++ exited (status 0) +++
6810   0.021176 +++ exited (status 0) +++
6798   0.000134 +++ exited (status 0) +++
Wrote an ltrace for command: "java -cp ./tools/maxent.jar density.Project outputs/Aedes_detritus/Aedes_detritus.lambdas data/layers/worldclim outputs/Aedes_detritus_worldclim.asc nowarnings nocache autorun -z" with PID 6795 from PPID 6776 on disc20.crc.nd.edu with result 0
REMOTEHOST=10.17.150.11
_CONDOR_JOB_PIDS=
MANPATH=/afs/crc.nd.edu/user/n/nkremerh/cctools/share/man/:/afs/crc.nd.edu/group/ccl/software/x86_64/redhat7/ruby/current/share/man:/afs/crc.nd.edu/group/ccl/software/x86_64/redhat7/graphviz/current/share/man:/afs/crc.nd.edu/group/ccl/software/x86_64/redhat7/gnuplot/current/share/man:/afs/crc.nd.edu/group/ccl/software/x86_64/redhat7/git/current/share/man:/afs/crc.nd.edu/group/ccl/software/x86_64/redhat7/condor/current/share/man:/afs/crc.nd.edu/group/ccl/software/x86_64/redhat7/clang/current/share/man:/afs/crc.nd.edu/group/ccl/software/x86_64/redhat7/condor/current/share/man:/afs/crc.nd.edu/group/ccl/software/x86_64/redhat7/cctools/current/share/man:/afs/crc.nd.edu/group/ccl/software/x86_64/redhat7/cctools/current/share/man:/afs/crc.nd.edu/x86_64_linux/Modules/4.5.0/share/man:/opt/crc/usr/local/man:/opt/sge/man:/usr/share/man/overrides:/usr/share/man:/usr/local/share/man
XDG_SESSION_ID=4102
HOSTNAME=disc01.crc.nd.edu
_LMFILES__modshare=/afs/crc.nd.edu/x86_64_linux/Modules/modules/system_modules/CRC_default/1.1:1
_CONDOR_ANCESTOR_3560=24274:1600190002:3669882635
MODULEPATH_modshare=/afs/crc.nd.edu/x86_64_linux/Modules/modules/general_software:1:/afs/crc.nd.edu/x86_64_linux/Modules/modules/development_tools_and_libraries:1:/afs/crc.nd.edu/x86_64_linux/Modules/modules/system_modules:1:/afs/crc.nd.edu/x86_64_linux/Modules/current/modulefiles:1:/afs/crc.nd.edu/x86_64_linux/Modules/modules/restricted_software:1:/afs/crc.nd.edu/x86_64_linux/Modules/modules/deprecated_software:1
MODULES_CMD=/afs/crc.nd.edu/x86_64_linux/Modules/4.5.0/libexec/modulecmd.tcl
HOST=disc01.crc.nd.edu
SHELL=/bin/tcsh
TERM=xterm-256color
MAKEFLAGS=
HISTSIZE=5000
TMPDIR=/var/condor/execute/dir_24274/worker-213124-24338/t.1832/cctools-temp-t.1832.fEx2BT
SSH_CLIENT=10.17.150.11 36546 22
PERL5LIB=/afs/crc.nd.edu/user/n/nkremerh/cctools/lib/perl5/site_perl/5.16.3:/afs/crc.nd.edu/user/n/nkremerh/.perl5/lib/perl5
SGE_CELL=crc
_CONDOR_ANCESTOR_3197=3560:1598183979:2962516177
_CONDOR_SCRATCH_DIR=/var/condor/execute/dir_24274
PERL_MB_OPT=--install_base '/afs/crc.nd.edu/user/n/nkremerh/.perl5/'
SSH_TTY=/dev/pts/2
SGE_LOAD_AVG=load_avg
MAKEFLOW_MAX_LOCAL_JOBS=2
HISTFILESIZE=10000
_CHIRP_DELAYED_UPDATE_PREFIX=Chirp*
USER=nkremerh
GROUP=campus
LD_LIBRARY_PATH=/afs/crc.nd.edu/group/ccl/software/x86_64/redhat7/ruby/current/lib:/afs/crc.nd.edu/group/ccl/software/x86_64/redhat7/graphviz/current/lib:/afs/crc.nd.edu/group/ccl/software/x86_64/redhat7/git/current/lib:/afs/crc.nd.edu/group/ccl/software/x86_64/redhat7/condor/current/lib:/afs/crc.nd.edu/group/ccl/software/x86_64/redhat7/clang/current/lib:/afs/crc.nd.edu/group/ccl/software/x86_64/redhat7/condor/current/lib:/afs/crc.nd.edu/group/ccl/software/x86_64/redhat7/cctools/current/lib:/opt/crc/usr/local/lib
TEMP=/var/condor/execute/dir_24274/worker-213124-24338/t.1832/cctools-temp-t.1832.fEx2BT
BATCH_SYSTEM=HTCondor
WORKER_TMPDIR=/var/condor/execute/dir_24274/worker-213124-24338/cache/tmp
ENV=/afs/crc.nd.edu/x86_64_linux/Modules/4.5.0/init/profile.sh
MODULES_LMALTNAME=CRC_default/1.1&CRC_default/default&CRC_default
_CONDOR_CHIRP_CONFIG=/var/condor/execute/dir_24274/.chirp.config
GLOBUS_GSSAPI_MAX_TLS_PROTOCOL=0
_CONDOR_HIGHPORT=9999
HOSTTYPE=x86_64-linux
MAKELEVEL=1
MFLAGS=
CCLSOFTWARE=/afs/crc.nd.edu/group/ccl/software/x86_64/redhat7
PATH=/afs/crc.nd.edu/user/n/nkremerh/cctools/bin:/afs/crc.nd.edu/user/n/nkremerh/miniconda/bin:/afs/crc.nd.edu/group/ccl/software/git:/afs/crc.nd.edu/user/n/nkremerh/.local/bin:/afs/crc.nd.edu/group/ccl/software/x86_64/redhat7/povray/3.7/bin:/afs/crc.nd.edu/user/n/nkremerh/.perl5/bin:/afs/crc.nd.edu/user/n/nkremerh/pegasus/bin:/afs/crc.nd.edu/user/n/nkremerh/nodejs/bin:/afs/crc.nd.edu/user/n/nkremerh/montage/bin:/afs/crc.nd.edu/user/n/nkremerh/latexdiff:/afs/crc.nd.edu/user/n/nkremerh/envtrace:/afs/crc.nd.edu/user/n/nkremerh/endlines:/afs/crc.nd.edu/user/n/nkremerh/cctools/bin:/afs/crc.nd.edu/user/n/nkremerh/.cargo/bin:/afs/crc.nd.edu/group/ccl/software/x86_64/redhat7/ruby/current/bin:/afs/crc.nd.edu/group/ccl/software/x86_64/redhat7/graphviz/current/bin:/afs/crc.nd.edu/group/ccl/software/x86_64/redhat7/gnuplot/current/bin:/afs/crc.nd.edu/group/ccl/software/x86_64/redhat7/git/current/bin:/afs/crc.nd.edu/group/ccl/software/x86_64/redhat7/condor/current/sbin:/afs/crc.nd.edu/group/ccl/software/x86_64/redhat7/condor/current/bin:/afs/crc.nd.edu/group/ccl/software/x86_64/redhat7/cmake/current/bin:/afs/crc.nd.edu/group/ccl/software/x86_64/redhat7/clang/current/bin:/afs/crc.nd.edu/group/ccl/software/x86_64/redhat7/condor/current/sbin:/afs/crc.nd.edu/group/ccl/software/x86_64/redhat7/condor/current/bin:/afs/crc.nd.edu/group/ccl/software/x86_64/redhat7/cctools/current/bin:/afs/crc.nd.edu/x86_64_linux/Modules/4.5.0/bin:/opt/crc/usr/local/bin:/opt/sge/bin/lx-amd64:/usr/local/bin:/usr/bin:/usr/local/sbin:/usr/sbin:/afs/crc.nd.edu/user/c/condor/software/bin:/afs/crc.nd.edu/user/c/condor/software/sbin
MAIL=/var/spool/mail/nkremerh
PWD=/var/condor/execute/dir_24274/worker-213124-24338/t.1832
_LMFILES_=/afs/crc.nd.edu/x86_64_linux/Modules/modules/system_modules/CRC_default/1.1
SGE_EXECD_PORT=6445
EDITOR=vim
_CONDOR_ANCESTOR_24274=24316:1600190003:1981393190
LANG=en_US.UTF-8
MODULEPATH=/afs/crc.nd.edu/x86_64_linux/Modules/modules/development_tools_and_libraries:/afs/crc.nd.edu/x86_64_linux/Modules/modules/general_software:/afs/crc.nd.edu/x86_64_linux/Modules/modules/restricted_software:/afs/crc.nd.edu/x86_64_linux/Modules/modules/system_modules:/afs/crc.nd.edu/x86_64_linux/Modules/modules/deprecated_software:/afs/crc.nd.edu/x86_64_linux/Modules/current/modulefiles
SGE_QMASTER_PORT=6444
SGE_ROOT=/opt/sge
LOADEDMODULES=CRC_default/1.1
WORK_QUEUE_SANDBOX=/var/condor/execute/dir_24274/worker-213124-24338
_CONDOR_SLOT=slot2_1
CCLPLATFORM=x86_64/redhat7
USE_SYSTEMD=true
_CONDOR_LOWPORT=9100
KRB5CCNAME=FILE:/tmp/krb5cc_213124_DZSV7p
HISTCONTROL=ignoreboth:erasedups
PATH_modshare=/opt/crc/usr/local/bin:1:/opt/sge/bin/lx-amd64:1:/usr/sbin:1:/usr/bin:1:/afs/crc.nd.edu/user/c/condor/software/sbin:1:/usr/local/sbin:1:/afs/crc.nd.edu/user/c/condor/software/bin:1:/usr/local/bin:1
SHLVL=7
HOME=disc01.crc.nd.edu
GLOBUS_GSSAPI_NAME_COMPATIBILITY=STRICT_RFC2818
_CONDOR_MACHINE_AD=/var/condor/execute/dir_24274/.machine.ad
OSTYPE=linux
DISK=18235
GREP_OPTIONS=--color=auto
GLOBUS_GSSAPI_MIN_TLS_PROTOCOL=TLS1_VERSION
MEMORY=1948
MANPATH_modshare=/usr/share/man/overrides:1:/usr/local/share/man:1:/usr/share/man:1:/opt/crc/usr/local/man:1:/opt/sge/man:1
VENDOR=unknown
BASH_ENV=/afs/crc.nd.edu/x86_64_linux/Modules/4.5.0/init/bash
PERL_LOCAL_LIB_ROOT=/afs/crc.nd.edu/user/n/nkremerh/.perl5/
PYTHONPATH=/afs/crc.nd.edu/user/n/nkremerh/cctools/lib/python3.6/site-packages/
CCLHOME=/afs/crc.nd.edu/group/ccl
MACHTYPE=x86_64
LOGNAME=nkremerh
TMP=/var/condor/execute/dir_24274/worker-213124-24338/t.1832/cctools-temp-t.1832.fEx2BT
LD_LIBRARY_PATH_modshare=/opt/crc/usr/local/lib:1
MODULES_LMALTNAME_modshare=CRC_default/1.1&CRC_default/default&CRC_default:1
SSH_CONNECTION=10.17.150.11 36546 129.74.128.103 22
MODULESHOME=/afs/crc.nd.edu/x86_64_linux/Modules/4.5.0
OMP_NUM_THREADS=1
LESSOPEN=||/usr/bin/lesspipe.sh %s
GLOBUS_GSSAPI_BACKWARD_COMPATIBLE_MIC=true
GLOBUS_GSSAPI_CIPHERS=HIGH
LOADEDMODULES_modshare=CRC_default/1.1:1
_CONDOR_JOB_AD=/var/condor/execute/dir_24274/.job.ad
SGE_CLUSTER_NAME=CRC
XDG_RUNTIME_DIR=/run/user/213124
CCTOOLS=../cctools
CORES=2
_CONDOR_JOB_IWD=/var/condor/execute/dir_24274
PERL_MM_OPT=INSTALL_BASE=/afs/crc.nd.edu/user/n/nkremerh/.perl5/
GLOBUS_GSSAPI_SERVER_CIPHER_ORDER=true
BASH_FUNC_module()=() {  unset _mlshdbg;
 if [ "${MODULES_SILENT_SHELL_DEBUG:-0}" = '1' ]; then
 case "$-" in 
 *v*x*)
 set +vx;
 _mlshdbg='vx'
 ;;
 *v*)
 set +v;
 _mlshdbg='v'
 ;;
 *x*)
 set +x;
 _mlshdbg='x'
 ;;
 *)
 _mlshdbg=''
 ;;
 esac;
 fi;
 unset _mlre _mlIFS;
 if [ -n "${IFS+x}" ]; then
 _mlIFS=$IFS;
 fi;
 IFS=' ';
 for _mlv in ${MODULES_RUN_QUARANTINE:-};
 do
 if [ "${_mlv}" = "${_mlv##*[!A-Za-z0-9_]}" -a "${_mlv}" = "${_mlv#[0-9]}" ]; then
 if [ -n "`eval 'echo ${'$_mlv'+x}'`" ]; then
 _mlre="${_mlre:-}${_mlv}_modquar='`eval 'echo ${'$_mlv'}'`' ";
 fi;
 _mlrv="MODULES_RUNENV_${_mlv}";
 _mlre="${_mlre:-}${_mlv}='`eval 'echo ${'$_mlrv':-}'`' ";
 fi;
 done;
 if [ -n "${_mlre:-}" ]; then
 eval `eval ${_mlre}/usr/bin/tclsh /afs/crc.nd.edu/x86_64_linux/Modules/4.5.0/libexec/modulecmd.tcl bash '"$@"'`;
 else
 eval `/usr/bin/tclsh /afs/crc.nd.edu/x86_64_linux/Modules/4.5.0/libexec/modulecmd.tcl bash "$@"`;
 fi;
 _mlstatus=$?;
 if [ -n "${_mlIFS+x}" ]; then
 IFS=$_mlIFS;
 else
 unset IFS;
 fi;
 unset _mlre _mlv _mlrv _mlIFS;
 if [ -n "${_mlshdbg:-}" ]; then
 set -$_mlshdbg;
 fi;
 unset _mlshdbg;
 return $_mlstatus
}
BASH_FUNC_ml()=() {  module ml "$@"
}
_=/usr/bin/printenv
