10248   0.000000 libjli.so->getenv("_JAVA_LAUNCHER_DEBUG") = nil
10248   0.001200 libjli.so->getenv("_JAVA_VERSION_SET") = nil
10248   0.000532 libjli.so->fopen("/usr/lib/jvm/java-1.8.0-openjdk-1.8.0.262.b10-0.el7_8.x86_64/jre/lib/amd64/jvm.cfg", "r") = 0x55e1f14f50f0
10248   0.000651 libjli.so->getenv("JDK_ALTERNATE_VM") = nil
10248   0.000240 libjli.so->__xstat(1, "/usr/lib/jvm/java-1.8.0-openjdk-1.8.0.262.b10-0.el7_8.x86_64/jre/lib/amd64/server/libjvm.so", 0x7ffc48c88850) = 0
10248   0.000434 libjli.so->getenv("LD_LIBRARY_PATH") = "/afs/crc.nd.edu/group/ccl/software/x86_64/redhat7/ruby/current/lib:/afs/crc.nd.edu/group/ccl/software/x86_64/redhat7/graphviz/current/lib:/afs/crc.nd.edu/group/ccl/software/x86_64/redhat7/git/current/lib:/afs/crc.nd.edu/group/ccl/software/x86_64/redhat7/condor/current/lib:/afs/crc.nd.edu/group/ccl/software/x86_64/redhat7/clang/current/lib:/afs/crc.nd.edu/group/ccl/software/x86_64/redhat7/condor/current/lib:/afs/crc.nd.edu/group/ccl/software/x86_64/redhat7/cctools/current/lib:/opt/crc/usr/local/lib"
10248   0.001461 libjli.so->dlopen("/usr/lib/jvm/java-1.8.0-openjdk-1.8.0.262.b10-0.el7_8.x86_64/jre/lib/amd64/server/libjvm.so", 258 <unfinished ...>
10248   0.026600 libjvm.so->getenv("NMT_LEVEL_10248") = nil
10248   0.001142 <... dlopen resumed> )          = 0x55e1f14f54c0
10248   0.000053 libjli.so->getenv("CLASSPATH")  = nil
10248   0.000242 libjli.so->getenv("_JAVA_SPLASH_JAR") = nil
10248   0.000228 libjli.so->getenv("_JAVA_SPLASH_FILE") = nil
10248   0.000229 libjli.so->pthread_attr_setdetachstate(0x7ffc48c88800, 0, 0x7ffc48c88890, 0) = 0
10248   0.000337 libpthread.so.0->__clone(0x2ac37db35de0, 0x2ac37da48fc0, 0x3d0f00, 0x2ac37da49700) = 0x2809
10249   0.001257 libjvm.so->dlopen(0x2ac37f3149ae, 1, 0xfffffffffff42c48, 4096) = 0x2ac380000990
10249   0.003458 libjvm.so->getenv(0x2ac37f32f83e, 0, 115, 0x65737361) = 0x7ffc48c8f6eb
10249   0.000315 libjvm.so->fopen(0x2ac37da47c10, 0x2ac37f2cbccb, 0x6f732e79666972, 0x2ac37e40dab0) = 0x2ac380001440
10249   0.003751 libjvm.so->dlopen(0x2ac37da47c10, 1, 0xffffffff, 0x2ac380002b00) = 0x2ac380001440
10249   0.001095 libjvm.so->fopen(0x2ac37da47c10, 0x2ac37f2cbccb, 111, 0x732e6176) = 0x2ac380001b10
10249   0.001332 libjvm.so->dlopen(0x2ac37da47c10, 1, 0xffffffff, 0x2ac380001a00) = 0x2ac380001b10
10249   0.001497 libjvm.so->__xstat(1, 0x2ac37da48360, 0x2ac37da48ba0, 0x746f7073746f682e) = -1
10249   0.000624 libjvm.so->getenv(0x2ac37f2c4541, 0x2ac37da486d0, 1024, 0x2ac37f77e61b) = 0
10249   0.000393 libjvm.so->getenv(0x2ac37f2c4533, 0x2ac37da486d0, 1024, 0) = 0
10249   0.000319 libjvm.so->fopen(0x2ac37f314315, 0x2ac37f2cbccb, 4095, 0xffffd53c80d3bb03) = 0x2ac3800032b0
10249   0.000870 libjvm.so->fopen(0x2ac37f314361, 0x2ac37f2cbccb, 0x2ac380000078, 0x2ac3800032a0) = 0x2ac3800032b0
10249   0.000566 libjvm.so->fopen(0x2ac37da429b0, 0x2ac37f2cbccb, 4014, 3995) = 0x2ac3800032b0
10249   0.000803 libjvm.so->opendir(0x2ac380002b40, 0x2ac380002b40, 13, 16) = 0
10249   0.000593 libjvm.so->__xstat(1, 0x2ac37da478f0, 0x2ac37da46860, 0x6f732e7477616d62) = -1
10249   0.000340 libjvm.so->__xstat(1, 0x2ac37da478f0, 0x2ac37da46860, 0x5f74776162696c2f) = 0
10249   0.000442 libjvm.so->fopen(0x2ac37da46b90, 0x2ac37f2cbccb, 4009, 3994) = 0x2ac380003790
10249   0.001259 libjvm.so->fopen(0x2ac37da46b90, 0x2ac37f2cbccb, 4009, 3994) = 0x2ac380003790
10249   0.000834 libjvm.so->fopen(0x2ac37da46b90, 0x2ac37f2cbccb, 4009, 4002) = 0x2ac380003790
10249   0.001064 libjvm.so->fopen(0x2ac37da46b20, 0x2ac37f2cbccb, 4009, 3994) = 0x2ac380003790
10249   0.000478 libjvm.so->fopen(0x2ac37da46b20, 0x2ac37f2cbccb, 4009, 3994) = 0x2ac380003790
10249   0.000577 libjvm.so->fopen(0x2ac37da46b20, 0x2ac37f2cbccb, 4009, 4002) = 0x2ac380003790
10249   0.000536 libjvm.so->fopen(0x2ac37da46b50, 0x2ac37f2cbccb, 4014, 3995) = 0x2ac380003790
10249   0.000628 libjvm.so->getenv(0x2ac37f3150ff, 4096, 3, -1) = 0
10249   0.000734 libjvm.so->fopen(0x2ac37f314998, 0x2ac37f2cbccb, 0x2ac37db2c908, 0x2ac37db2bdf0) = 0x2ac380003790
10249   0.005802 libjvm.so->open(0x2ac38004a580, 0x20000, 0, 0x2ac38004a5c9) = 3
10249   0.000594 libjvm.so->__fxstat(1, 3, 0x2ac37da48a00, -1) = 0
10249   0.000391 libjvm.so->opendir(0x2ac38004a580, 0x2ac37da48a00, 0x4000, -1) = 0x2ac38004b490
10249   0.000357 libjvm.so->__fxstat(1, 3, 0x2ac37da488a0, 0x2ac38004b490) = 0
10249   0.000309 libjvm.so->__fxstat(1, 5, 0x2ac37da48930, -1) = 0
10249   0.000387 libjvm.so->open(0x2ac37f2e29dc, 0, 0, 0) = 3
10249   0.000564 libjvm.so->__lxstat(1, 0x2ac38004a580, 0x2ac37da48b50, -144) = 0
10249   0.000637 libjvm.so->open(0x2ac38004a580, 0x20000, 0x4000, -1) = 3
10249   0.000342 libjvm.so->__fxstat(1, 3, 0x2ac37da48a00, -1) = 0
10249   0.000353 libjvm.so->opendir(0x2ac38004a580, 0x2ac37da48a00, 0x4000, -1) = 0x2ac38004b490
10249   0.000354 libjvm.so->__fxstat(1, 3, 0x2ac37da488a0, 0x2ac38004b490) = 0
10249   0.000288 libjvm.so->__fxstat(1, 5, 0x2ac37da48930, -1) = 0
10249   0.000298 libjvm.so->open(0x2ac37f2e29dc, 0, 0, 0) = 3
10249   0.000380 libjvm.so->open(0x2ac38004a5c9, 0x20042, 384, -1) = 7
10249   0.001001 libjvm.so->__fxstat(1, 7, 0x2ac37da48b50, -1) = 0
10249   0.001437 libjvm.so->fopen(0x2ac37da47b60, 0x2ac37f2cbccb, 4, 0x6f732e70) = 0x2ac380057be0
10249   0.001599 libjvm.so->dlopen(0x2ac37da47b60, 1, 0xffffffff, 0x2ac380057b00) = 0x2ac380057be0
10249   0.001197 libjvm.so->__xstat(1, 0x2ac37da48120, 0x2ac37da48950, 2048) = 0
10249   0.000322 libjvm.so->__xstat(1, 0x2ac37da48120, 0x2ac37da48950, 2048) = 0
10249   0.000332 libjvm.so->__xstat(1, 0x2ac37da48120, 0x2ac37da48950, 2048) = -1
10249   0.000297 libjvm.so->__xstat(1, 0x2ac37da48120, 0x2ac37da48950, 2048) = 0
10249   0.000601 libjvm.so->__xstat(1, 0x2ac37da48120, 0x2ac37da48950, 2048) = 0
10249   0.000339 libjvm.so->__xstat(1, 0x2ac37da48120, 0x2ac37da48950, 2048) = 0
10249   0.000351 libjvm.so->__xstat(1, 0x2ac37da48120, 0x2ac37da48950, 2048) = 0
10249   0.000345 libjvm.so->__xstat(1, 0x2ac37da48120, 0x2ac37da48950, 2048) = -1
10249   0.000362 libjvm.so->fopen(0x2ac380002520, 0x2ac37f2cbccb, 0, 0) = 0x2ac380058a80
10249   0.007447 libjvm.so->open64(0x2ac37da47410, 0, 0, 16) = 3
10249   0.000359 libjvm.so->__fxstat64(1, 3, 0x2ac37da47240, -1) = 0
10249   0.024219 libjvm.so->__xstat(1, 0x2ac37da47f20, 0x2ac37da48750, 2048) = -1
10249   0.000388 libjvm.so->fopen(0x2ac37da46b20, 0x2ac37f2cbccb, 4009, 3994) = 0x2ac3800b5ec0
10249   0.000461 libjvm.so->fopen(0x2ac37da46b20, 0x2ac37f2cbccb, 4009, 3994) = 0x2ac3800b5ec0
10249   0.000372 libjvm.so->fopen(0x2ac37da46b20, 0x2ac37f2cbccb, 4009, 4002) = 0x2ac3800b5ec0
10249   0.002806 libjvm.so->pthread_attr_setdetachstate(0x2ac37da48c00, 1, 0, 0) = 0
10249   0.000333 libpthread.so.0->__clone(0x2ac37db35de0, 0x2ac3963bffc0, 0x3d0f00, 0x2ac3963c0700) = 0x280f
10249   0.012043 libjvm.so->pthread_attr_setdetachstate(0x2ac37da48290, 1, 0, 0) = 0
10249   0.000485 libpthread.so.0->__clone(0x2ac37db35de0, 0x2ac3964c0fc0, 0x3d0f00, 0x2ac3964c1700) = 0x2811
10249   0.004867 libjvm.so->pthread_attr_setdetachstate(0x2ac37da48610, 1, 0, 0) = 0
10249   0.000535 libpthread.so.0->__clone(0x2ac37db35de0, 0x2ac3965c1fc0, 0x3d0f00, 0x2ac3965c2700) = 0x2812
10249   0.026880 libjvm.so->fopen(0x2ac3800ec390, 0x2ac37f2cbccb, 4, 0x6f732e70) = 0x2ac3800f1cd0
10249   0.001335 libjvm.so->dlopen(0x2ac3800ec390, 1, 0xffffffff, 0x2ac3800ec200) = 0x2ac380057be0
10249   0.003277 libjvm.so->open64(0x2ac37da47510, 0, 0, 16) = 5
10249   0.000576 libjvm.so->__fxstat64(1, 5, 0x2ac37da47340, -1) = 0
10249   0.012870 libjvm.so->fopen(0x2ac37da44130, 0x2ac37f2cbccb, 4009, 3994) = 0x2ac3800fcc60
10249   0.000735 libjvm.so->fopen(0x2ac37da44130, 0x2ac37f2cbccb, 4009, 3994) = 0x2ac3800fcc60
10249   0.000688 libjvm.so->fopen(0x2ac37da44130, 0x2ac37f2cbccb, 4009, 4002) = 0x2ac3800fcc60
10249   0.010079 libjvm.so->pthread_attr_setdetachstate(0x2ac37da48b50, 1, 0, 0) = 0
10249   0.000615 libpthread.so.0->__clone(0x2ac37db35de0, 0x2ac3966c2fc0, 0x3d0f00, 0x2ac3966c3700) = 0x2813
10249   0.000995 libjvm.so->__xstat64(1, 0x2ac37da48be0, 0x2ac37da48b50, 19) = -1
10249   0.000760 libjvm.so->pthread_attr_setdetachstate(0x2ac37da48950, 1, 0, 0) = 0
10249   0.000800 libpthread.so.0->__clone(0x2ac37db35de0, 0x2ac3967c3fc0, 0x3d0f00, 0x2ac3967c4700) = 0x2814
10249   0.001130 libjvm.so->pthread_attr_setdetachstate(0x2ac37da48950, 1, 0, 0) = 0
10249   0.000847 libpthread.so.0->__clone(0x2ac37db35de0, 0x2ac3968c4fc0, 0x3d0f00, 0x2ac3968c5700) = 0x2815
10249   0.005112 libjvm.so->pthread_attr_setdetachstate(0x2ac37da48aa0, 1, 0, 0) = 0
10249   0.001026 libpthread.so.0->__clone(0x2ac37db35de0, 0x2ac3969c5fc0, 0x3d0f00, 0x2ac3969c6700) = 0x2816
10249   0.001460 libjvm.so->pthread_attr_setdetachstate(0x2ac37da48bb0, 1, 0, 0) = 0
10249   0.002526 libpthread.so.0->__clone(0x2ac37db35de0, 0x2ac396ac6fc0, 0x3d0f00, 0x2ac396ac7700) = 0x2817
10249   0.010727 libjvm.so->open64(0x2ac380128880, 0, 0, 0) = 7
10249   0.001331 libjvm.so->__fxstat64(1, 7, 0x2ac37da45f60, -1) = 0
10249   0.017152 libjvm.so->fopen(0x2ac38015c720, 0x2ac37f2cbccb, 4, 0x6f732e6f) = 0x2ac38015c7e0
10249   0.002086 libjvm.so->dlopen(0x2ac38015c720, 1, 0xffffffff, 0x2ac38015c700) = 0x2ac38015c7e0
10249   0.092302 libjvm.so->fopen(0x2ac3801a27e0, 0x2ac37f2cbccb, 4, 0x6f732e74) = 0x2ac3801a5a90
10249   0.002113 libjvm.so->dlopen(0x2ac3801a27e0, 1, 0xffffffff, 0x2ac3801a5a00) = 0x2ac3801afe40
10249   0.042753 libjvm.so->fopen(0x2ac37da410b0, 0x2ac37f2cbccb, 0x6f732e, 0x6d766a62696c2f72) = 0x2ac3801c2370
10249   0.005130 libjvm.so->dlopen(0x2ac37da410b0, 1, 0xffffffff, 0x2ac3801b7f00) = 0x55e1f14f54c0
10249   0.001168 libjvm.so->fopen(0x2ac37da410b0, 0x2ac37f2cbccb, 0x6f732e, 0x6d766a62696c2f72) = 0x2ac3801c2770
10249   0.005727 libjvm.so->dlopen(0x2ac37da410b0, 1, 0xffffffff, 0x2ac3801c2600) = 0x55e1f14f54c0
10249   0.001180 libjvm.so->fopen(0x2ac37da410b0, 0x2ac37f2cbccb, 0x6f732e, 0x6d766a62696c2f72) = 0x2ac3801c2690
10249   0.003476 libjvm.so->dlopen(0x2ac37da410b0, 1, 0xffffffff, 0x2ac3801c2600) = 0x55e1f14f54c0
10249   0.001633 libjvm.so->fopen(0x2ac37da410b0, 0x2ac37f2cbccb, 0x6f732e, 0x6d766a62696c2f72) = 0x2ac3801c2690
10249   0.003348 libjvm.so->dlopen(0x2ac37da410b0, 1, 0xffffffff, 0x2ac3801c2600) = 0x55e1f14f54c0
10249   0.060096 libjvm.so->fopen(0x2ac380220f40, 0x2ac37f2cbccb, 0x6f732e7373656c, 0x656c646165685f74) = 0x2ac380221020
10249   0.002628 libjvm.so->dlopen(0x2ac380220f40, 1, 0xffffffff, 0x2ac380220f00) = 0x2ac380221020
10263   8.430965 +++ exited (status 0) +++
10255   0.000312 +++ exited (status 0) +++
10249   0.000133 +++ exited (status 0) +++
10257   0.004574 +++ exited (status 0) +++
10261   0.000021 +++ exited (status 0) +++
10260   0.000027 +++ exited (status 0) +++
10259   0.000011 +++ exited (status 0) +++
10258   0.000010 +++ exited (status 0) +++
10262   0.016334 +++ exited (status 0) +++
10248   0.000115 +++ exited (status 0) +++
Wrote an ltrace for command: "java -cp ./tools/maxent.jar density.MaxEnt -s outputs/Brachycerus_auguris_Fahraeus.csv -e data/layers/worldclim -o outputs/Brachycerus_auguris_Fahraeus nowarnings nocache autorun -z" with PID 10246 from PPID 10227 on disc23.crc.nd.edu with result 0
REMOTEHOST=129.74.154.87
MANPATH=/afs/crc.nd.edu/user/n/nkremerh/cctools/share/man/:/afs/crc.nd.edu/group/ccl/software/x86_64/redhat7/ruby/current/share/man:/afs/crc.nd.edu/group/ccl/software/x86_64/redhat7/graphviz/current/share/man:/afs/crc.nd.edu/group/ccl/software/x86_64/redhat7/gnuplot/current/share/man:/afs/crc.nd.edu/group/ccl/software/x86_64/redhat7/git/current/share/man:/afs/crc.nd.edu/group/ccl/software/x86_64/redhat7/condor/current/share/man:/afs/crc.nd.edu/group/ccl/software/x86_64/redhat7/clang/current/share/man:/afs/crc.nd.edu/group/ccl/software/x86_64/redhat7/condor/current/share/man:/afs/crc.nd.edu/group/ccl/software/x86_64/redhat7/cctools/current/share/man:/afs/crc.nd.edu/group/ccl/software/x86_64/redhat7/cctools/current/share/man:/afs/crc.nd.edu/x86_64_linux/Modules/4.5.0/share/man:/opt/crc/usr/local/man:/opt/sge/man:/usr/share/man/overrides:/usr/share/man:/usr/local/share/man
_CONDOR_JOB_PIDS=
XDG_SESSION_ID=2226
HOSTNAME=disc01.crc.nd.edu
_LMFILES__modshare=/afs/crc.nd.edu/x86_64_linux/Modules/modules/system_modules/CRC_default/1.1:1
MODULEPATH_modshare=/afs/crc.nd.edu/x86_64_linux/Modules/modules/general_software:1:/afs/crc.nd.edu/x86_64_linux/Modules/modules/development_tools_and_libraries:1:/afs/crc.nd.edu/x86_64_linux/Modules/modules/system_modules:1:/afs/crc.nd.edu/x86_64_linux/Modules/current/modulefiles:1:/afs/crc.nd.edu/x86_64_linux/Modules/modules/restricted_software:1:/afs/crc.nd.edu/x86_64_linux/Modules/modules/deprecated_software:1
TERM=xterm-256color
SHELL=/bin/tcsh
HOST=disc01.crc.nd.edu
MODULES_CMD=/afs/crc.nd.edu/x86_64_linux/Modules/4.5.0/libexec/modulecmd.tcl
HISTSIZE=5000
MAKEFLAGS=
SSH_CLIENT=129.74.154.87 57278 22
TMPDIR=/var/condor/execute/dir_4004/worker-213124-4079/t.709/cctools-temp-t.709.709icU
PERL5LIB=/afs/crc.nd.edu/user/n/nkremerh/cctools/lib/perl5/site_perl/5.16.3:/afs/crc.nd.edu/user/n/nkremerh/.perl5/lib/perl5
SGE_CELL=crc
_CONDOR_SCRATCH_DIR=/var/condor/execute/dir_4004
_CONDOR_ANCESTOR_4004=4013:1597419253:2386851382
PERL_MB_OPT=--install_base '/afs/crc.nd.edu/user/n/nkremerh/.perl5/'
SSH_TTY=/dev/pts/0
SGE_LOAD_AVG=load_avg
MAKEFLOW_MAX_LOCAL_JOBS=2
GROUP=campus
USER=nkremerh
_CHIRP_DELAYED_UPDATE_PREFIX=Chirp*
HISTFILESIZE=10000
TEMP=/var/condor/execute/dir_4004/worker-213124-4079/t.709/cctools-temp-t.709.709icU
LD_LIBRARY_PATH=/afs/crc.nd.edu/group/ccl/software/x86_64/redhat7/ruby/current/lib:/afs/crc.nd.edu/group/ccl/software/x86_64/redhat7/graphviz/current/lib:/afs/crc.nd.edu/group/ccl/software/x86_64/redhat7/git/current/lib:/afs/crc.nd.edu/group/ccl/software/x86_64/redhat7/condor/current/lib:/afs/crc.nd.edu/group/ccl/software/x86_64/redhat7/clang/current/lib:/afs/crc.nd.edu/group/ccl/software/x86_64/redhat7/condor/current/lib:/afs/crc.nd.edu/group/ccl/software/x86_64/redhat7/cctools/current/lib:/opt/crc/usr/local/lib
BATCH_SYSTEM=HTCondor
MODULES_LMALTNAME=CRC_default/1.1&CRC_default/default&CRC_default
ENV=/afs/crc.nd.edu/x86_64_linux/Modules/4.5.0/init/profile.sh
WORKER_TMPDIR=/var/condor/execute/dir_4004/worker-213124-4079/cache/tmp
HOSTTYPE=x86_64-linux
_CONDOR_HIGHPORT=9999
GLOBUS_GSSAPI_MAX_TLS_PROTOCOL=0
_CONDOR_CHIRP_CONFIG=/var/condor/execute/dir_4004/.chirp.config
MAKELEVEL=1
MFLAGS=
MAIL=/var/spool/mail/nkremerh
PATH=/afs/crc.nd.edu/user/n/nkremerh/cctools/bin:/afs/crc.nd.edu/user/n/nkremerh/miniconda/bin:/afs/crc.nd.edu/group/ccl/software/git:/afs/crc.nd.edu/user/n/nkremerh/.local/bin:/afs/crc.nd.edu/group/ccl/software/x86_64/redhat7/povray/3.7/bin:/afs/crc.nd.edu/user/n/nkremerh/.perl5/bin:/afs/crc.nd.edu/user/n/nkremerh/pegasus/bin:/afs/crc.nd.edu/user/n/nkremerh/nodejs/bin:/afs/crc.nd.edu/user/n/nkremerh/montage/bin:/afs/crc.nd.edu/user/n/nkremerh/latexdiff:/afs/crc.nd.edu/user/n/nkremerh/envtrace:/afs/crc.nd.edu/user/n/nkremerh/endlines:/afs/crc.nd.edu/user/n/nkremerh/cctools/bin:/afs/crc.nd.edu/user/n/nkremerh/.cargo/bin:/afs/crc.nd.edu/group/ccl/software/x86_64/redhat7/ruby/current/bin:/afs/crc.nd.edu/group/ccl/software/x86_64/redhat7/graphviz/current/bin:/afs/crc.nd.edu/group/ccl/software/x86_64/redhat7/gnuplot/current/bin:/afs/crc.nd.edu/group/ccl/software/x86_64/redhat7/git/current/bin:/afs/crc.nd.edu/group/ccl/software/x86_64/redhat7/condor/current/sbin:/afs/crc.nd.edu/group/ccl/software/x86_64/redhat7/condor/current/bin:/afs/crc.nd.edu/group/ccl/software/x86_64/redhat7/cmake/current/bin:/afs/crc.nd.edu/group/ccl/software/x86_64/redhat7/clang/current/bin:/afs/crc.nd.edu/group/ccl/software/x86_64/redhat7/condor/current/sbin:/afs/crc.nd.edu/group/ccl/software/x86_64/redhat7/condor/current/bin:/afs/crc.nd.edu/group/ccl/software/x86_64/redhat7/cctools/current/bin:/afs/crc.nd.edu/x86_64_linux/Modules/4.5.0/bin:/opt/crc/usr/local/bin:/opt/sge/bin/lx-amd64:/usr/local/bin:/usr/bin:/usr/local/sbin:/usr/sbin:/afs/crc.nd.edu/user/c/condor/software/bin:/afs/crc.nd.edu/user/c/condor/software/sbin
CCLSOFTWARE=/afs/crc.nd.edu/group/ccl/software/x86_64/redhat7
PWD=/var/condor/execute/dir_4004/worker-213124-4079/t.709
_LMFILES_=/afs/crc.nd.edu/x86_64_linux/Modules/modules/system_modules/CRC_default/1.1
EDITOR=vim
SGE_EXECD_PORT=6445
LANG=en_US.UTF-8
SGE_QMASTER_PORT=6444
MODULEPATH=/afs/crc.nd.edu/x86_64_linux/Modules/modules/development_tools_and_libraries:/afs/crc.nd.edu/x86_64_linux/Modules/modules/general_software:/afs/crc.nd.edu/x86_64_linux/Modules/modules/restricted_software:/afs/crc.nd.edu/x86_64_linux/Modules/modules/system_modules:/afs/crc.nd.edu/x86_64_linux/Modules/modules/deprecated_software:/afs/crc.nd.edu/x86_64_linux/Modules/current/modulefiles
LOADEDMODULES=CRC_default/1.1
SGE_ROOT=/opt/sge
CCLPLATFORM=x86_64/redhat7
_CONDOR_SLOT=slot2_2
WORK_QUEUE_SANDBOX=/var/condor/execute/dir_4004/worker-213124-4079
USE_SYSTEMD=true
_CONDOR_LOWPORT=9100
HISTCONTROL=ignoreboth:erasedups
KRB5CCNAME=FILE:/tmp/krb5cc_213124_jfvfni
GLOBUS_GSSAPI_NAME_COMPATIBILITY=STRICT_RFC2818
HOME=disc01.crc.nd.edu
SHLVL=6
PATH_modshare=/opt/crc/usr/local/bin:1:/opt/sge/bin/lx-amd64:1:/usr/sbin:1:/usr/bin:1:/afs/crc.nd.edu/user/c/condor/software/sbin:1:/usr/local/sbin:1:/afs/crc.nd.edu/user/c/condor/software/bin:1:/usr/local/bin:1
OSTYPE=linux
_CONDOR_MACHINE_AD=/var/condor/execute/dir_4004/.machine.ad
GREP_OPTIONS=--color=auto
DISK=18250
GLOBUS_GSSAPI_MIN_TLS_PROTOCOL=TLS1_VERSION
MANPATH_modshare=/usr/share/man/overrides:1:/usr/local/share/man:1:/usr/share/man:1:/opt/crc/usr/local/man:1:/opt/sge/man:1
MEMORY=1948
PERL_LOCAL_LIB_ROOT=/afs/crc.nd.edu/user/n/nkremerh/.perl5/
BASH_ENV=/afs/crc.nd.edu/x86_64_linux/Modules/4.5.0/init/bash
VENDOR=unknown
TMP=/var/condor/execute/dir_4004/worker-213124-4079/t.709/cctools-temp-t.709.709icU
LOGNAME=nkremerh
MACHTYPE=x86_64
CCLHOME=/afs/crc.nd.edu/group/ccl
PYTHONPATH=/afs/crc.nd.edu/user/n/nkremerh/cctools/lib/python3.6/site-packages/
LD_LIBRARY_PATH_modshare=/opt/crc/usr/local/lib:1
SSH_CONNECTION=129.74.154.87 57278 129.74.128.103 22
MODULES_LMALTNAME_modshare=CRC_default/1.1&CRC_default/default&CRC_default:1
MODULESHOME=/afs/crc.nd.edu/x86_64_linux/Modules/4.5.0
_CONDOR_ANCESTOR_3431=3600:1596369936:4201989267
GLOBUS_GSSAPI_CIPHERS=HIGH
GLOBUS_GSSAPI_BACKWARD_COMPATIBLE_MIC=true
LESSOPEN=||/usr/bin/lesspipe.sh %s
OMP_NUM_THREADS=1
_CONDOR_JOB_AD=/var/condor/execute/dir_4004/.job.ad
LOADEDMODULES_modshare=CRC_default/1.1:1
_CONDOR_ANCESTOR_3600=4004:1597419250:2275575007
XDG_RUNTIME_DIR=/run/user/213124
SGE_CLUSTER_NAME=CRC
CCTOOLS=../cctools
CORES=2
_CONDOR_JOB_IWD=/var/condor/execute/dir_4004
PERL_MM_OPT=INSTALL_BASE=/afs/crc.nd.edu/user/n/nkremerh/.perl5/
GLOBUS_GSSAPI_SERVER_CIPHER_ORDER=true
BASH_FUNC_module()=() {  unset _mlshdbg;
 if [ "${MODULES_SILENT_SHELL_DEBUG:-0}" = '1' ]; then
 case "$-" in 
 *v*x*)
 set +vx;
 _mlshdbg='vx'
 ;;
 *v*)
 set +v;
 _mlshdbg='v'
 ;;
 *x*)
 set +x;
 _mlshdbg='x'
 ;;
 *)
 _mlshdbg=''
 ;;
 esac;
 fi;
 unset _mlre _mlIFS;
 if [ -n "${IFS+x}" ]; then
 _mlIFS=$IFS;
 fi;
 IFS=' ';
 for _mlv in ${MODULES_RUN_QUARANTINE:-};
 do
 if [ "${_mlv}" = "${_mlv##*[!A-Za-z0-9_]}" -a "${_mlv}" = "${_mlv#[0-9]}" ]; then
 if [ -n "`eval 'echo ${'$_mlv'+x}'`" ]; then
 _mlre="${_mlre:-}${_mlv}_modquar='`eval 'echo ${'$_mlv'}'`' ";
 fi;
 _mlrv="MODULES_RUNENV_${_mlv}";
 _mlre="${_mlre:-}${_mlv}='`eval 'echo ${'$_mlrv':-}'`' ";
 fi;
 done;
 if [ -n "${_mlre:-}" ]; then
 eval `eval ${_mlre}/usr/bin/tclsh /afs/crc.nd.edu/x86_64_linux/Modules/4.5.0/libexec/modulecmd.tcl bash '"$@"'`;
 else
 eval `/usr/bin/tclsh /afs/crc.nd.edu/x86_64_linux/Modules/4.5.0/libexec/modulecmd.tcl bash "$@"`;
 fi;
 _mlstatus=$?;
 if [ -n "${_mlIFS+x}" ]; then
 IFS=$_mlIFS;
 else
 unset IFS;
 fi;
 unset _mlre _mlv _mlrv _mlIFS;
 if [ -n "${_mlshdbg:-}" ]; then
 set -$_mlshdbg;
 fi;
 unset _mlshdbg;
 return $_mlstatus
}
BASH_FUNC_ml()=() {  module ml "$@"
}
_=/usr/bin/printenv
