25599   0.000000 libjli.so->getenv("_JAVA_LAUNCHER_DEBUG") = nil
25599   0.001206 libjli.so->getenv("_JAVA_VERSION_SET") = nil
25599   0.000514 libjli.so->fopen("/usr/lib/jvm/java-1.8.0-openjdk-1.8.0.262.b10-0.el7_8.x86_64/jre/lib/amd64/jvm.cfg", "r") = 0x5610cdbe50e0
25599   0.000508 libjli.so->getenv("JDK_ALTERNATE_VM") = nil
25599   0.000224 libjli.so->__xstat(1, "/usr/lib/jvm/java-1.8.0-openjdk-1.8.0.262.b10-0.el7_8.x86_64/jre/lib/amd64/server/libjvm.so", 0x7fff830457f0) = 0
25599   0.000398 libjli.so->getenv("LD_LIBRARY_PATH") = "/afs/crc.nd.edu/group/ccl/software/x86_64/redhat7/ruby/current/lib:/afs/crc.nd.edu/group/ccl/software/x86_64/redhat7/graphviz/current/lib:/afs/crc.nd.edu/group/ccl/software/x86_64/redhat7/git/current/lib:/afs/crc.nd.edu/group/ccl/software/x86_64/redhat7/condor/current/lib:/afs/crc.nd.edu/group/ccl/software/x86_64/redhat7/clang/current/lib:/afs/crc.nd.edu/group/ccl/software/x86_64/redhat7/condor/current/lib:/afs/crc.nd.edu/group/ccl/software/x86_64/redhat7/cctools/current/lib:/opt/crc/usr/local/lib"
25599   0.001286 libjli.so->dlopen("/usr/lib/jvm/java-1.8.0-openjdk-1.8.0.262.b10-0.el7_8.x86_64/jre/lib/amd64/server/libjvm.so", 258 <unfinished ...>
25599   0.023852 libjvm.so->getenv("NMT_LEVEL_25599") = nil
25599   0.001066 <... dlopen resumed> )          = 0x5610cdbe54b0
25599   0.000046 libjli.so->getenv("CLASSPATH")  = nil
25599   0.000209 libjli.so->getenv("_JAVA_SPLASH_JAR") = nil
25599   0.000197 libjli.so->getenv("_JAVA_SPLASH_FILE") = nil
25599   0.000213 libjli.so->pthread_attr_setdetachstate(0x7fff830457a0, 0, 0x7fff83045830, 0) = 0
25599   0.000280 libpthread.so.0->__clone(0x2b2e33df8de0, 0x2b2e33d0bfc0, 0x3d0f00, 0x2b2e33d0c700) = 0x6404
25604   0.001476 libjvm.so->dlopen(0x2b2e355d79ae, 1, 0xfffffffffff42c48, 4096) = 0x2b2e38000990
25604   0.001662 libjvm.so->getenv(0x2b2e355f283e, 0, 115, 0x65737361) = 0x7fff8304c661
25604   0.000317 libjvm.so->fopen(0x2b2e33d0ac10, 0x2b2e3558eccb, 0x6f732e79666972, 0x2b2e346d0ab0) = 0x2b2e38001440
25604   0.000888 libjvm.so->dlopen(0x2b2e33d0ac10, 1, 0xffffffff, 0x2b2e38002b00) = 0x2b2e38001440
25604   0.000917 libjvm.so->fopen(0x2b2e33d0ac10, 0x2b2e3558eccb, 111, 0x732e6176) = 0x2b2e38001b10
25604   0.001045 libjvm.so->dlopen(0x2b2e33d0ac10, 1, 0xffffffff, 0x2b2e38001a00) = 0x2b2e38001b10
25604   0.001025 libjvm.so->__xstat(1, 0x2b2e33d0b360, 0x2b2e33d0bba0, 0x746f7073746f682e) = -1
25604   0.000312 libjvm.so->getenv(0x2b2e35587541, 0x2b2e33d0b6d0, 1024, 0x2b2e35a4161b) = 0
25604   0.000277 libjvm.so->getenv(0x2b2e35587533, 0x2b2e33d0b6d0, 1024, 0) = 0
25604   0.000270 libjvm.so->fopen(0x2b2e355d7315, 0x2b2e3558eccb, 4095, 0xffffd4d1caa78b03) = 0x2b2e380032d0
25604   0.000717 libjvm.so->fopen(0x2b2e355d7361, 0x2b2e3558eccb, 0x2b2e38000078, 0x2b2e380032c0) = 0x2b2e380032d0
25604   0.000448 libjvm.so->fopen(0x2b2e33d059b0, 0x2b2e3558eccb, 4014, 3995) = 0x2b2e380032d0
25604   0.000421 libjvm.so->opendir(0x2b2e38002b40, 0x2b2e38002b40, 13, 16) = 0
25604   0.000285 libjvm.so->__xstat(1, 0x2b2e33d0a8f0, 0x2b2e33d09860, 0x6f732e7477616d62) = -1
25604   0.000288 libjvm.so->__xstat(1, 0x2b2e33d0a8f0, 0x2b2e33d09860, 0x5f74776162696c2f) = 0
25604   0.000327 libjvm.so->fopen(0x2b2e33d09b90, 0x2b2e3558eccb, 4009, 3994) = 0x2b2e380037b0
25604   0.000384 libjvm.so->fopen(0x2b2e33d09b90, 0x2b2e3558eccb, 4009, 3994) = 0x2b2e380037b0
25604   0.000430 libjvm.so->fopen(0x2b2e33d09b90, 0x2b2e3558eccb, 4009, 4002) = 0x2b2e380037b0
25604   0.000442 libjvm.so->fopen(0x2b2e33d09b20, 0x2b2e3558eccb, 4009, 3994) = 0x2b2e380037b0
25604   0.000383 libjvm.so->fopen(0x2b2e33d09b20, 0x2b2e3558eccb, 4009, 3994) = 0x2b2e380037b0
25604   0.000400 libjvm.so->fopen(0x2b2e33d09b20, 0x2b2e3558eccb, 4009, 4002) = 0x2b2e380037b0
25604   0.000388 libjvm.so->fopen(0x2b2e33d09b50, 0x2b2e3558eccb, 4014, 3995) = 0x2b2e380037b0
25604   0.000537 libjvm.so->getenv(0x2b2e355d80ff, 4096, 3, -1) = 0
25604   0.000590 libjvm.so->fopen(0x2b2e355d7998, 0x2b2e3558eccb, 0x2b2e33def908, 0x2b2e33deedf0) = 0x2b2e380037b0
25604   0.003032 libjvm.so->open(0x2b2e3804a5a0, 0x20000, 0, 0x2b2e3804a5e9) = 3
25604   0.000305 libjvm.so->__fxstat(1, 3, 0x2b2e33d0ba00, -1) = 0
25604   0.000322 libjvm.so->opendir(0x2b2e3804a5a0, 0x2b2e33d0ba00, 0x4000, -1) = 0x2b2e3804b4b0
25604   0.000319 libjvm.so->__fxstat(1, 3, 0x2b2e33d0b8a0, 0x2b2e3804b4b0) = 0
25604   0.000305 libjvm.so->__fxstat(1, 5, 0x2b2e33d0b930, -1) = 0
25604   0.000291 libjvm.so->open(0x2b2e355a59dc, 0, 0, 0) = 3
25604   0.000419 libjvm.so->__lxstat(1, 0x2b2e3804a5a0, 0x2b2e33d0bb50, -144) = 0
25604   0.000305 libjvm.so->open(0x2b2e3804a5a0, 0x20000, 0x4000, -1) = 3
25604   0.000271 libjvm.so->__fxstat(1, 3, 0x2b2e33d0ba00, -1) = 0
25604   0.000287 libjvm.so->opendir(0x2b2e3804a5a0, 0x2b2e33d0ba00, 0x4000, -1) = 0x2b2e3804b4b0
25604   0.000288 libjvm.so->__fxstat(1, 3, 0x2b2e33d0b8a0, 0x2b2e3804b4b0) = 0
25604   0.000291 libjvm.so->__fxstat(1, 5, 0x2b2e33d0b930, -1) = 0
25604   0.000287 libjvm.so->open(0x2b2e355a59dc, 0, 0, 0) = 3
25604   0.000289 libjvm.so->open(0x2b2e3804a5e9, 0x20042, 384, -1) = 7
25604   0.000426 libjvm.so->__fxstat(1, 7, 0x2b2e33d0bb50, -1) = 0
25604   0.001114 libjvm.so->fopen(0x2b2e33d0ab60, 0x2b2e3558eccb, 4, 0x6f732e70) = 0x2b2e38057c00
25604   0.000955 libjvm.so->dlopen(0x2b2e33d0ab60, 1, 0xffffffff, 0x2b2e38057b00) = 0x2b2e38057c00
25604   0.000927 libjvm.so->__xstat(1, 0x2b2e33d0b120, 0x2b2e33d0b950, 2048) = 0
25604   0.000306 libjvm.so->__xstat(1, 0x2b2e33d0b120, 0x2b2e33d0b950, 2048) = 0
25604   0.000308 libjvm.so->__xstat(1, 0x2b2e33d0b120, 0x2b2e33d0b950, 2048) = -1
25604   0.000275 libjvm.so->__xstat(1, 0x2b2e33d0b120, 0x2b2e33d0b950, 2048) = 0
25604   0.000272 libjvm.so->__xstat(1, 0x2b2e33d0b120, 0x2b2e33d0b950, 2048) = 0
25604   0.000272 libjvm.so->__xstat(1, 0x2b2e33d0b120, 0x2b2e33d0b950, 2048) = 0
25604   0.000281 libjvm.so->__xstat(1, 0x2b2e33d0b120, 0x2b2e33d0b950, 2048) = 0
25604   0.000292 libjvm.so->__xstat(1, 0x2b2e33d0b120, 0x2b2e33d0b950, 2048) = -1
25604   0.000275 libjvm.so->fopen(0x2b2e38002520, 0x2b2e3558eccb, 0, 0) = 0x2b2e38058aa0
25604   0.005882 libjvm.so->open64(0x2b2e33d0a410, 0, 0, 16) = 3
25604   0.000319 libjvm.so->__fxstat64(1, 3, 0x2b2e33d0a240, -1) = 0
25604   0.023838 libjvm.so->__xstat(1, 0x2b2e33d0af20, 0x2b2e33d0b750, 2048) = -1
25604   0.000356 libjvm.so->fopen(0x2b2e33d09b20, 0x2b2e3558eccb, 4009, 3994) = 0x2b2e380b1fb0
25604   0.000432 libjvm.so->fopen(0x2b2e33d09b20, 0x2b2e3558eccb, 4009, 3994) = 0x2b2e380b1fb0
25604   0.000402 libjvm.so->fopen(0x2b2e33d09b20, 0x2b2e3558eccb, 4009, 4002) = 0x2b2e380b1fb0
25604   0.002877 libjvm.so->pthread_attr_setdetachstate(0x2b2e33d0bc00, 1, 0, 0) = 0
25604   0.000323 libpthread.so.0->__clone(0x2b2e33df8de0, 0x2b2e37edbfc0, 0x3d0f00, 0x2b2e37edc700) = 0x6405
25604   0.010417 libjvm.so->pthread_attr_setdetachstate(0x2b2e33d0b290, 1, 0, 0) = 0
25604   0.000424 libpthread.so.0->__clone(0x2b2e33df8de0, 0x2b2e37fdcfc0, 0x3d0f00, 0x2b2e37fdd700) = 0x6406
25604   0.004707 libjvm.so->pthread_attr_setdetachstate(0x2b2e33d0b610, 1, 0, 0) = 0
25604   0.000556 libpthread.so.0->__clone(0x2b2e33df8de0, 0x2b2e4c8a0fc0, 0x3d0f00, 0x2b2e4c8a1700) = 0x6407
25604   0.026602 libjvm.so->fopen(0x2b2e380f17f0, 0x2b2e3558eccb, 4, 0x6f732e70) = 0x2b2e380f1cf0
25604   0.001308 libjvm.so->dlopen(0x2b2e380f17f0, 1, 0xffffffff, 0x2b2e380e8c00) = 0x2b2e38057c00
25604   0.003329 libjvm.so->open64(0x2b2e33d0a510, 0, 0, 16) = 5
25604   0.000598 libjvm.so->__fxstat64(1, 5, 0x2b2e33d0a340, -1) = 0
25604   0.012808 libjvm.so->fopen(0x2b2e33d07130, 0x2b2e3558eccb, 4009, 3994) = 0x2b2e380fccc0
25604   0.000760 libjvm.so->fopen(0x2b2e33d07130, 0x2b2e3558eccb, 4009, 3994) = 0x2b2e380fccc0
25604   0.000748 libjvm.so->fopen(0x2b2e33d07130, 0x2b2e3558eccb, 4009, 4002) = 0x2b2e380fccc0
25604   0.010055 libjvm.so->pthread_attr_setdetachstate(0x2b2e33d0bb50, 1, 0, 0) = 0
25604   0.000637 libpthread.so.0->__clone(0x2b2e33df8de0, 0x2b2e4c9a1fc0, 0x3d0f00, 0x2b2e4c9a2700) = 0x6408
25604   0.000973 libjvm.so->__xstat64(1, 0x2b2e33d0bbe0, 0x2b2e33d0bb50, 19) = -1
25604   0.000756 libjvm.so->pthread_attr_setdetachstate(0x2b2e33d0b950, 1, 0, 0) = 0
25604   0.000789 libpthread.so.0->__clone(0x2b2e33df8de0, 0x2b2e4caa2fc0, 0x3d0f00, 0x2b2e4caa3700) = 0x6409
25604   0.001134 libjvm.so->pthread_attr_setdetachstate(0x2b2e33d0b950, 1, 0, 0) = 0
25604   0.000884 libpthread.so.0->__clone(0x2b2e33df8de0, 0x2b2e4cba3fc0, 0x3d0f00, 0x2b2e4cba4700) = 0x640a
25604   0.005201 libjvm.so->pthread_attr_setdetachstate(0x2b2e33d0baa0, 1, 0, 0) = 0
25604   0.000928 libpthread.so.0->__clone(0x2b2e33df8de0, 0x2b2e4cca4fc0, 0x3d0f00, 0x2b2e4cca5700) = 0x640b
25604   0.001391 libjvm.so->pthread_attr_setdetachstate(0x2b2e33d0bbb0, 1, 0, 0) = 0
25604   0.001007 libpthread.so.0->__clone(0x2b2e33df8de0, 0x2b2e4cda5fc0, 0x3d0f00, 0x2b2e4cda6700) = 0x640c
25604   0.011558 libjvm.so->open64(0x2b2e38128890, 0, 0, 16) = 7
25604   0.001132 libjvm.so->__fxstat64(1, 7, 0x2b2e33d08f60, -1) = 0
25604   0.016978 libjvm.so->fopen(0x2b2e3815c730, 0x2b2e3558eccb, 4, 0x6f732e6f) = 0x2b2e3815c7f0
25604   0.002054 libjvm.so->dlopen(0x2b2e3815c730, 1, 0xffffffff, 0x2b2e3815c700) = 0x2b2e3815c7f0
25604   0.067385 libjvm.so->fopen(0x2b2e33d05e40, 0x2b2e3558eccb, 0x6f732e, 0x6d766a62696c2f72) = 0x2b2e38172060
25604   0.004245 libjvm.so->dlopen(0x2b2e33d05e40, 1, 0xffffffff, 0x2b2e38171f00) = 0x5610cdbe54b0
25604   0.001138 libjvm.so->fopen(0x2b2e33d05e40, 0x2b2e3558eccb, 0x6f732e, 0x6d766a62696c2f72) = 0x2b2e38172460
25604   0.003322 libjvm.so->dlopen(0x2b2e33d05e40, 1, 0xffffffff, 0x2b2e38171f00) = 0x5610cdbe54b0
25604   0.001096 libjvm.so->fopen(0x2b2e33d05e40, 0x2b2e3558eccb, 0x6f732e, 0x6d766a62696c2f72) = 0x2b2e38172060
25604   0.002433 libjvm.so->dlopen(0x2b2e33d05e40, 1, 0xffffffff, 0x2b2e38171f00) = 0x5610cdbe54b0
25604   0.001094 libjvm.so->fopen(0x2b2e33d05e40, 0x2b2e3558eccb, 0x6f732e, 0x6d766a62696c2f72) = 0x2b2e38172060
25604   0.002608 libjvm.so->dlopen(0x2b2e33d05e40, 1, 0xffffffff, 0x2b2e38171f00) = 0x5610cdbe54b0
25604   0.033925 libjvm.so->fopen(0x2b2e381bbe60, 0x2b2e3558eccb, 4, 0x6f732e74) = 0x2b2e381d73e0
25604   0.002091 libjvm.so->dlopen(0x2b2e381bbe60, 1, 0xffffffff, 0x2b2e38171c00) = 0x2b2e381d73e0
25604   0.102911 libjvm.so->fopen(0x2b2e38240780, 0x2b2e3558eccb, 0x6f732e7373656c, 0x656c646165685f74) = 0x2b2e38240860
25604   0.001843 libjvm.so->dlopen(0x2b2e38240780, 1, 0xffffffff, 0x2b2e38240700) = 0x2b2e38240860
25612   0.026705 +++ exited (status 0) +++
25608   0.000222 +++ exited (status 0) +++
25605   0.000175 +++ exited (status 0) +++
25604   0.000185 +++ exited (status 0) +++
25611   0.000213 +++ exited (status 1) +++
25609   0.000018 +++ exited (status 1) +++
25607   0.000010 +++ exited (status 1) +++
25606   0.000012 +++ exited (status 1) +++
25610   0.003355 +++ exited (status 1) +++
25599   0.000036 +++ exited (status 1) +++
Wrote an ltrace for command: "java -cp ./tools/maxent.jar density.Project outputs/Baeus_hallarakeri_Stevens/Baeus_hallarakeri_Stevens.lambdas data/layers/worldclim outputs/Baeus_hallarakeri_Stevens_worldclim.asc nowarnings nocache autorun -z" with PID 25596 from PPID 25580 on disc23.crc.nd.edu with result 1
REMOTEHOST=10.17.150.11
_CONDOR_JOB_PIDS=
MANPATH=/afs/crc.nd.edu/user/n/nkremerh/cctools/share/man/:/afs/crc.nd.edu/group/ccl/software/x86_64/redhat7/ruby/current/share/man:/afs/crc.nd.edu/group/ccl/software/x86_64/redhat7/graphviz/current/share/man:/afs/crc.nd.edu/group/ccl/software/x86_64/redhat7/gnuplot/current/share/man:/afs/crc.nd.edu/group/ccl/software/x86_64/redhat7/git/current/share/man:/afs/crc.nd.edu/group/ccl/software/x86_64/redhat7/condor/current/share/man:/afs/crc.nd.edu/group/ccl/software/x86_64/redhat7/clang/current/share/man:/afs/crc.nd.edu/group/ccl/software/x86_64/redhat7/condor/current/share/man:/afs/crc.nd.edu/group/ccl/software/x86_64/redhat7/cctools/current/share/man:/afs/crc.nd.edu/group/ccl/software/x86_64/redhat7/cctools/current/share/man:/afs/crc.nd.edu/x86_64_linux/Modules/4.5.0/share/man:/opt/crc/usr/local/man:/opt/sge/man:/usr/share/man/overrides:/usr/share/man:/usr/local/share/man
XDG_SESSION_ID=4102
HOSTNAME=disc01.crc.nd.edu
_LMFILES__modshare=/afs/crc.nd.edu/x86_64_linux/Modules/modules/system_modules/CRC_default/1.1:1
MODULEPATH_modshare=/afs/crc.nd.edu/x86_64_linux/Modules/modules/general_software:1:/afs/crc.nd.edu/x86_64_linux/Modules/modules/development_tools_and_libraries:1:/afs/crc.nd.edu/x86_64_linux/Modules/modules/system_modules:1:/afs/crc.nd.edu/x86_64_linux/Modules/current/modulefiles:1:/afs/crc.nd.edu/x86_64_linux/Modules/modules/restricted_software:1:/afs/crc.nd.edu/x86_64_linux/Modules/modules/deprecated_software:1
MODULES_CMD=/afs/crc.nd.edu/x86_64_linux/Modules/4.5.0/libexec/modulecmd.tcl
HOST=disc01.crc.nd.edu
SHELL=/bin/tcsh
TERM=xterm-256color
MAKEFLAGS=
HISTSIZE=5000
TMPDIR=/var/condor/execute/dir_4602/worker-213124-4760/t.1855/cctools-temp-t.1855.vnM8qD
SSH_CLIENT=10.17.150.11 36546 22
PERL5LIB=/afs/crc.nd.edu/user/n/nkremerh/cctools/lib/perl5/site_perl/5.16.3:/afs/crc.nd.edu/user/n/nkremerh/.perl5/lib/perl5
SGE_CELL=crc
_CONDOR_SCRATCH_DIR=/var/condor/execute/dir_4602
PERL_MB_OPT=--install_base '/afs/crc.nd.edu/user/n/nkremerh/.perl5/'
SSH_TTY=/dev/pts/2
SGE_LOAD_AVG=load_avg
MAKEFLOW_MAX_LOCAL_JOBS=2
HISTFILESIZE=10000
_CHIRP_DELAYED_UPDATE_PREFIX=Chirp*
USER=nkremerh
GROUP=campus
LD_LIBRARY_PATH=/afs/crc.nd.edu/group/ccl/software/x86_64/redhat7/ruby/current/lib:/afs/crc.nd.edu/group/ccl/software/x86_64/redhat7/graphviz/current/lib:/afs/crc.nd.edu/group/ccl/software/x86_64/redhat7/git/current/lib:/afs/crc.nd.edu/group/ccl/software/x86_64/redhat7/condor/current/lib:/afs/crc.nd.edu/group/ccl/software/x86_64/redhat7/clang/current/lib:/afs/crc.nd.edu/group/ccl/software/x86_64/redhat7/condor/current/lib:/afs/crc.nd.edu/group/ccl/software/x86_64/redhat7/cctools/current/lib:/opt/crc/usr/local/lib
TEMP=/var/condor/execute/dir_4602/worker-213124-4760/t.1855/cctools-temp-t.1855.vnM8qD
BATCH_SYSTEM=HTCondor
WORKER_TMPDIR=/var/condor/execute/dir_4602/worker-213124-4760/cache/tmp
ENV=/afs/crc.nd.edu/x86_64_linux/Modules/4.5.0/init/profile.sh
MODULES_LMALTNAME=CRC_default/1.1&CRC_default/default&CRC_default
_CONDOR_ANCESTOR_3574=4602:1600190002:4040868520
_CONDOR_CHIRP_CONFIG=/var/condor/execute/dir_4602/.chirp.config
GLOBUS_GSSAPI_MAX_TLS_PROTOCOL=0
_CONDOR_HIGHPORT=9999
HOSTTYPE=x86_64-linux
MAKELEVEL=1
MFLAGS=
_CONDOR_ANCESTOR_4602=4736:1600190003:2984395350
CCLSOFTWARE=/afs/crc.nd.edu/group/ccl/software/x86_64/redhat7
PATH=/afs/crc.nd.edu/user/n/nkremerh/cctools/bin:/afs/crc.nd.edu/user/n/nkremerh/miniconda/bin:/afs/crc.nd.edu/group/ccl/software/git:/afs/crc.nd.edu/user/n/nkremerh/.local/bin:/afs/crc.nd.edu/group/ccl/software/x86_64/redhat7/povray/3.7/bin:/afs/crc.nd.edu/user/n/nkremerh/.perl5/bin:/afs/crc.nd.edu/user/n/nkremerh/pegasus/bin:/afs/crc.nd.edu/user/n/nkremerh/nodejs/bin:/afs/crc.nd.edu/user/n/nkremerh/montage/bin:/afs/crc.nd.edu/user/n/nkremerh/latexdiff:/afs/crc.nd.edu/user/n/nkremerh/envtrace:/afs/crc.nd.edu/user/n/nkremerh/endlines:/afs/crc.nd.edu/user/n/nkremerh/cctools/bin:/afs/crc.nd.edu/user/n/nkremerh/.cargo/bin:/afs/crc.nd.edu/group/ccl/software/x86_64/redhat7/ruby/current/bin:/afs/crc.nd.edu/group/ccl/software/x86_64/redhat7/graphviz/current/bin:/afs/crc.nd.edu/group/ccl/software/x86_64/redhat7/gnuplot/current/bin:/afs/crc.nd.edu/group/ccl/software/x86_64/redhat7/git/current/bin:/afs/crc.nd.edu/group/ccl/software/x86_64/redhat7/condor/current/sbin:/afs/crc.nd.edu/group/ccl/software/x86_64/redhat7/condor/current/bin:/afs/crc.nd.edu/group/ccl/software/x86_64/redhat7/cmake/current/bin:/afs/crc.nd.edu/group/ccl/software/x86_64/redhat7/clang/current/bin:/afs/crc.nd.edu/group/ccl/software/x86_64/redhat7/condor/current/sbin:/afs/crc.nd.edu/group/ccl/software/x86_64/redhat7/condor/current/bin:/afs/crc.nd.edu/group/ccl/software/x86_64/redhat7/cctools/current/bin:/afs/crc.nd.edu/x86_64_linux/Modules/4.5.0/bin:/opt/crc/usr/local/bin:/opt/sge/bin/lx-amd64:/usr/local/bin:/usr/bin:/usr/local/sbin:/usr/sbin:/afs/crc.nd.edu/user/c/condor/software/bin:/afs/crc.nd.edu/user/c/condor/software/sbin
MAIL=/var/spool/mail/nkremerh
_CONDOR_ANCESTOR_3382=3574:1598183948:1170902758
PWD=/var/condor/execute/dir_4602/worker-213124-4760/t.1855
_LMFILES_=/afs/crc.nd.edu/x86_64_linux/Modules/modules/system_modules/CRC_default/1.1
SGE_EXECD_PORT=6445
EDITOR=vim
LANG=en_US.UTF-8
MODULEPATH=/afs/crc.nd.edu/x86_64_linux/Modules/modules/development_tools_and_libraries:/afs/crc.nd.edu/x86_64_linux/Modules/modules/general_software:/afs/crc.nd.edu/x86_64_linux/Modules/modules/restricted_software:/afs/crc.nd.edu/x86_64_linux/Modules/modules/system_modules:/afs/crc.nd.edu/x86_64_linux/Modules/modules/deprecated_software:/afs/crc.nd.edu/x86_64_linux/Modules/current/modulefiles
SGE_QMASTER_PORT=6444
SGE_ROOT=/opt/sge
LOADEDMODULES=CRC_default/1.1
WORK_QUEUE_SANDBOX=/var/condor/execute/dir_4602/worker-213124-4760
_CONDOR_SLOT=slot2_1
CCLPLATFORM=x86_64/redhat7
USE_SYSTEMD=true
_CONDOR_LOWPORT=9100
KRB5CCNAME=FILE:/tmp/krb5cc_213124_DZSV7p
HISTCONTROL=ignoreboth:erasedups
PATH_modshare=/opt/crc/usr/local/bin:1:/opt/sge/bin/lx-amd64:1:/usr/sbin:1:/usr/bin:1:/afs/crc.nd.edu/user/c/condor/software/sbin:1:/usr/local/sbin:1:/afs/crc.nd.edu/user/c/condor/software/bin:1:/usr/local/bin:1
SHLVL=7
HOME=disc01.crc.nd.edu
GLOBUS_GSSAPI_NAME_COMPATIBILITY=STRICT_RFC2818
_CONDOR_MACHINE_AD=/var/condor/execute/dir_4602/.machine.ad
OSTYPE=linux
DISK=18248
GREP_OPTIONS=--color=auto
GLOBUS_GSSAPI_MIN_TLS_PROTOCOL=TLS1_VERSION
MEMORY=1948
MANPATH_modshare=/usr/share/man/overrides:1:/usr/local/share/man:1:/usr/share/man:1:/opt/crc/usr/local/man:1:/opt/sge/man:1
VENDOR=unknown
BASH_ENV=/afs/crc.nd.edu/x86_64_linux/Modules/4.5.0/init/bash
PERL_LOCAL_LIB_ROOT=/afs/crc.nd.edu/user/n/nkremerh/.perl5/
PYTHONPATH=/afs/crc.nd.edu/user/n/nkremerh/cctools/lib/python3.6/site-packages/
CCLHOME=/afs/crc.nd.edu/group/ccl
MACHTYPE=x86_64
LOGNAME=nkremerh
TMP=/var/condor/execute/dir_4602/worker-213124-4760/t.1855/cctools-temp-t.1855.vnM8qD
LD_LIBRARY_PATH_modshare=/opt/crc/usr/local/lib:1
MODULES_LMALTNAME_modshare=CRC_default/1.1&CRC_default/default&CRC_default:1
SSH_CONNECTION=10.17.150.11 36546 129.74.128.103 22
MODULESHOME=/afs/crc.nd.edu/x86_64_linux/Modules/4.5.0
OMP_NUM_THREADS=1
LESSOPEN=||/usr/bin/lesspipe.sh %s
GLOBUS_GSSAPI_BACKWARD_COMPATIBLE_MIC=true
GLOBUS_GSSAPI_CIPHERS=HIGH
LOADEDMODULES_modshare=CRC_default/1.1:1
_CONDOR_JOB_AD=/var/condor/execute/dir_4602/.job.ad
SGE_CLUSTER_NAME=CRC
XDG_RUNTIME_DIR=/run/user/213124
CCTOOLS=../cctools
CORES=2
_CONDOR_JOB_IWD=/var/condor/execute/dir_4602
PERL_MM_OPT=INSTALL_BASE=/afs/crc.nd.edu/user/n/nkremerh/.perl5/
GLOBUS_GSSAPI_SERVER_CIPHER_ORDER=true
BASH_FUNC_module()=() {  unset _mlshdbg;
 if [ "${MODULES_SILENT_SHELL_DEBUG:-0}" = '1' ]; then
 case "$-" in 
 *v*x*)
 set +vx;
 _mlshdbg='vx'
 ;;
 *v*)
 set +v;
 _mlshdbg='v'
 ;;
 *x*)
 set +x;
 _mlshdbg='x'
 ;;
 *)
 _mlshdbg=''
 ;;
 esac;
 fi;
 unset _mlre _mlIFS;
 if [ -n "${IFS+x}" ]; then
 _mlIFS=$IFS;
 fi;
 IFS=' ';
 for _mlv in ${MODULES_RUN_QUARANTINE:-};
 do
 if [ "${_mlv}" = "${_mlv##*[!A-Za-z0-9_]}" -a "${_mlv}" = "${_mlv#[0-9]}" ]; then
 if [ -n "`eval 'echo ${'$_mlv'+x}'`" ]; then
 _mlre="${_mlre:-}${_mlv}_modquar='`eval 'echo ${'$_mlv'}'`' ";
 fi;
 _mlrv="MODULES_RUNENV_${_mlv}";
 _mlre="${_mlre:-}${_mlv}='`eval 'echo ${'$_mlrv':-}'`' ";
 fi;
 done;
 if [ -n "${_mlre:-}" ]; then
 eval `eval ${_mlre}/usr/bin/tclsh /afs/crc.nd.edu/x86_64_linux/Modules/4.5.0/libexec/modulecmd.tcl bash '"$@"'`;
 else
 eval `/usr/bin/tclsh /afs/crc.nd.edu/x86_64_linux/Modules/4.5.0/libexec/modulecmd.tcl bash "$@"`;
 fi;
 _mlstatus=$?;
 if [ -n "${_mlIFS+x}" ]; then
 IFS=$_mlIFS;
 else
 unset IFS;
 fi;
 unset _mlre _mlv _mlrv _mlIFS;
 if [ -n "${_mlshdbg:-}" ]; then
 set -$_mlshdbg;
 fi;
 unset _mlshdbg;
 return $_mlstatus
}
BASH_FUNC_ml()=() {  module ml "$@"
}
_=/usr/bin/printenv
