19198   0.000000 libjli.so->getenv("_JAVA_LAUNCHER_DEBUG") = nil
19198   0.001772 libjli.so->getenv("_JAVA_VERSION_SET") = nil
19198   0.000711 libjli.so->fopen("/usr/lib/jvm/java-1.8.0-openjdk-1.8.0.262.b10-0.el7_8.x86_64/jre/lib/amd64/jvm.cfg", "r") = 0x5621f60400e0
19198   0.000790 libjli.so->getenv("JDK_ALTERNATE_VM") = nil
19198   0.000323 libjli.so->__xstat(1, "/usr/lib/jvm/java-1.8.0-openjdk-1.8.0.262.b10-0.el7_8.x86_64/jre/lib/amd64/server/libjvm.so", 0x7fff379ef8b0) = 0
19198   0.000605 libjli.so->getenv("LD_LIBRARY_PATH") = "/afs/crc.nd.edu/group/ccl/software/x86_64/redhat7/ruby/current/lib:/afs/crc.nd.edu/group/ccl/software/x86_64/redhat7/graphviz/current/lib:/afs/crc.nd.edu/group/ccl/software/x86_64/redhat7/git/current/lib:/afs/crc.nd.edu/group/ccl/software/x86_64/redhat7/condor/current/lib:/afs/crc.nd.edu/group/ccl/software/x86_64/redhat7/clang/current/lib:/afs/crc.nd.edu/group/ccl/software/x86_64/redhat7/condor/current/lib:/afs/crc.nd.edu/group/ccl/software/x86_64/redhat7/cctools/current/lib:/opt/crc/usr/local/lib"
19198   0.002205 libjli.so->dlopen("/usr/lib/jvm/java-1.8.0-openjdk-1.8.0.262.b10-0.el7_8.x86_64/jre/lib/amd64/server/libjvm.so", 258 <unfinished ...>
19198   0.038933 libjvm.so->getenv("NMT_LEVEL_19198") = nil
19198   0.001687 <... dlopen resumed> )          = 0x5621f60404b0
19198   0.000070 libjli.so->getenv("CLASSPATH")  = nil
19198   0.000319 libjli.so->getenv("_JAVA_SPLASH_JAR") = nil
19198   0.000303 libjli.so->getenv("_JAVA_SPLASH_FILE") = nil
19198   0.000308 libjli.so->pthread_attr_setdetachstate(0x7fff379ef860, 0, 0x7fff379ef8f0, 0) = 0
19198   0.000436 libpthread.so.0->__clone(0x2b1801eb6de0, 0x2b1801dc9fc0, 0x3d0f00, 0x2b1801dca700) = 0x4b03
19203   0.001543 libjvm.so->dlopen(0x2b18036959ae, 1, 0xfffffffffff42c48, 4096) = 0x2b1808000990
19203   0.002511 libjvm.so->getenv(0x2b18036b083e, 0, 115, 0x65737361) = 0x7fff379f5661
19203   0.000461 libjvm.so->fopen(0x2b1801dc8c10, 0x2b180364cccb, 0x6f732e79666972, 0x2b180278eab0) = 0x2b1808001440
19203   0.001345 libjvm.so->dlopen(0x2b1801dc8c10, 1, 0xffffffff, 0x2b1808002b00) = 0x2b1808001440
19203   0.001515 libjvm.so->fopen(0x2b1801dc8c10, 0x2b180364cccb, 111, 0x732e6176) = 0x2b1808001b10
19203   0.001576 libjvm.so->dlopen(0x2b1801dc8c10, 1, 0xffffffff, 0x2b1808001a00) = 0x2b1808001b10
19203   0.001594 libjvm.so->__xstat(1, 0x2b1801dc9360, 0x2b1801dc9ba0, 0x746f7073746f682e) = -1
19203   0.000477 libjvm.so->getenv(0x2b1803645541, 0x2b1801dc96d0, 1024, 0x2b1803aff61b) = 0
19203   0.000440 libjvm.so->getenv(0x2b1803645533, 0x2b1801dc96d0, 1024, 0) = 0
19203   0.000451 libjvm.so->fopen(0x2b1803695315, 0x2b180364cccb, 4095, 0xffffd4e7fc9bab03) = 0x2b18080032b0
19203   0.001044 libjvm.so->fopen(0x2b1803695361, 0x2b180364cccb, 0x2b1808000078, 0x2b18080032a0) = 0x2b18080032b0
19203   0.000669 libjvm.so->fopen(0x2b1801dc39b0, 0x2b180364cccb, 4014, 3995) = 0x2b18080032b0
19203   0.000716 libjvm.so->opendir(0x2b1808002b40, 0x2b1808002b40, 13, 16) = 0
19203   0.000450 libjvm.so->__xstat(1, 0x2b1801dc88f0, 0x2b1801dc7860, 0x6f732e7477616d62) = -1
19203   0.000554 libjvm.so->__xstat(1, 0x2b1801dc88f0, 0x2b1801dc7860, 0x5f74776162696c2f) = 0
19203   0.000511 libjvm.so->fopen(0x2b1801dc7b90, 0x2b180364cccb, 4009, 3994) = 0x2b1808003790
19203   0.000664 libjvm.so->fopen(0x2b1801dc7b90, 0x2b180364cccb, 4009, 3994) = 0x2b1808003790
19203   0.000623 libjvm.so->fopen(0x2b1801dc7b90, 0x2b180364cccb, 4009, 4002) = 0x2b1808003790
19203   0.000624 libjvm.so->fopen(0x2b1801dc7b20, 0x2b180364cccb, 4009, 3994) = 0x2b1808003790
19203   0.000635 libjvm.so->fopen(0x2b1801dc7b20, 0x2b180364cccb, 4009, 3994) = 0x2b1808003790
19203   0.000618 libjvm.so->fopen(0x2b1801dc7b20, 0x2b180364cccb, 4009, 4002) = 0x2b1808003790
19203   0.000607 libjvm.so->fopen(0x2b1801dc7b50, 0x2b180364cccb, 4014, 3995) = 0x2b1808003790
19203   0.000786 libjvm.so->getenv(0x2b18036960ff, 4096, 3, -1) = 0
19203   0.000881 libjvm.so->fopen(0x2b1803695998, 0x2b180364cccb, 0x2b1801ead908, 0x2b1801eacdf0) = 0x2b1808003790
19203   0.004703 libjvm.so->open(0x2b180804a580, 0x20000, 0, 0x2b180804a5c9) = 3
19203   0.000443 libjvm.so->__fxstat(1, 3, 0x2b1801dc9a00, -1) = 0
19203   0.000479 libjvm.so->opendir(0x2b180804a580, 0x2b1801dc9a00, 0x4000, -1) = 0x2b180804b490
19203   0.000493 libjvm.so->__fxstat(1, 3, 0x2b1801dc98a0, 0x2b180804b490) = 0
19203   0.000414 libjvm.so->__fxstat(1, 5, 0x2b1801dc9930, -1) = 0
19203   0.000475 libjvm.so->open(0x2b18036639dc, 0, 0, 0) = 3
19203   0.000702 libjvm.so->__lxstat(1, 0x2b180804a580, 0x2b1801dc9b50, -144) = 0
19203   0.000463 libjvm.so->open(0x2b180804a580, 0x20000, 0x4000, -1) = 3
19203   0.000441 libjvm.so->__fxstat(1, 3, 0x2b1801dc9a00, -1) = 0
19203   0.000499 libjvm.so->opendir(0x2b180804a580, 0x2b1801dc9a00, 0x4000, -1) = 0x2b180804b490
19203   0.000435 libjvm.so->__fxstat(1, 3, 0x2b1801dc98a0, 0x2b180804b490) = 0
19203   0.000453 libjvm.so->__fxstat(1, 5, 0x2b1801dc9930, -1) = 0
19203   0.000465 libjvm.so->open(0x2b18036639dc, 0, 0, 0) = 3
19203   0.000474 libjvm.so->open(0x2b180804a5c9, 0x20042, 384, -1) = 7
19203   0.000604 libjvm.so->__fxstat(1, 7, 0x2b1801dc9b50, -1) = 0
19203   0.001744 libjvm.so->fopen(0x2b1801dc8b60, 0x2b180364cccb, 4, 0x6f732e70) = 0x2b1808057be0
19203   0.001483 libjvm.so->dlopen(0x2b1801dc8b60, 1, 0xffffffff, 0x2b1808057b00) = 0x2b1808057be0
19203   0.001462 libjvm.so->__xstat(1, 0x2b1801dc9120, 0x2b1801dc9950, 2048) = 0
19203   0.000481 libjvm.so->__xstat(1, 0x2b1801dc9120, 0x2b1801dc9950, 2048) = 0
19203   0.000479 libjvm.so->__xstat(1, 0x2b1801dc9120, 0x2b1801dc9950, 2048) = -1
19203   0.000465 libjvm.so->__xstat(1, 0x2b1801dc9120, 0x2b1801dc9950, 2048) = 0
19203   0.000444 libjvm.so->__xstat(1, 0x2b1801dc9120, 0x2b1801dc9950, 2048) = 0
19203   0.000418 libjvm.so->__xstat(1, 0x2b1801dc9120, 0x2b1801dc9950, 2048) = 0
19203   0.000431 libjvm.so->__xstat(1, 0x2b1801dc9120, 0x2b1801dc9950, 2048) = 0
19203   0.000416 libjvm.so->__xstat(1, 0x2b1801dc9120, 0x2b1801dc9950, 2048) = -1
19203   0.000447 libjvm.so->fopen(0x2b1808002520, 0x2b180364cccb, 0, 0) = 0x2b1808058a80
19203   0.008724 libjvm.so->open64(0x2b1801dc8410, 0, 0, 16) = 3
19203   0.000473 libjvm.so->__fxstat64(1, 3, 0x2b1801dc8240, -1) = 0
19203   0.036660 libjvm.so->__xstat(1, 0x2b1801dc8f20, 0x2b1801dc9750, 2048) = -1
19203   0.000609 libjvm.so->fopen(0x2b1801dc7b20, 0x2b180364cccb, 4009, 3994) = 0x2b18080b5ec0
19203   0.000727 libjvm.so->fopen(0x2b1801dc7b20, 0x2b180364cccb, 4009, 3994) = 0x2b18080b5ec0
19203   0.000635 libjvm.so->fopen(0x2b1801dc7b20, 0x2b180364cccb, 4009, 4002) = 0x2b18080b5ec0
19203   0.004493 libjvm.so->pthread_attr_setdetachstate(0x2b1801dc9c00, 1, 0, 0) = 0
19203   0.000538 libpthread.so.0->__clone(0x2b1801eb6de0, 0x2b180773afc0, 0x3d0f00, 0x2b180773b700) = 0x4b04
19203   0.015756 libjvm.so->pthread_attr_setdetachstate(0x2b1801dc9290, 1, 0, 0) = 0
19203   0.000693 libpthread.so.0->__clone(0x2b1801eb6de0, 0x2b180783bfc0, 0x3d0f00, 0x2b180783c700) = 0x4b05
19203   0.007161 libjvm.so->pthread_attr_setdetachstate(0x2b1801dc9610, 1, 0, 0) = 0
19203   0.000838 libpthread.so.0->__clone(0x2b1801eb6de0, 0x2b180793cfc0, 0x3d0f00, 0x2b180793d700) = 0x4b06
19203   0.040614 libjvm.so->fopen(0x2b18080ec390, 0x2b180364cccb, 4, 0x6f732e70) = 0x2b18080f1cd0
19203   0.002015 libjvm.so->dlopen(0x2b18080ec390, 1, 0xffffffff, 0x2b18080ec200) = 0x2b1808057be0
19203   0.005204 libjvm.so->open64(0x2b1801dc8510, 0, 0, 16) = 5
19203   0.000907 libjvm.so->__fxstat64(1, 5, 0x2b1801dc8340, -1) = 0
19203   0.020654 libjvm.so->fopen(0x2b1801dc5130, 0x2b180364cccb, 4009, 3994) = 0x2b18080fcc60
19203   0.001215 libjvm.so->fopen(0x2b1801dc5130, 0x2b180364cccb, 4009, 3994) = 0x2b18080fcc60
19203   0.001061 libjvm.so->fopen(0x2b1801dc5130, 0x2b180364cccb, 4009, 4002) = 0x2b18080fcc60
19203   0.015874 libjvm.so->pthread_attr_setdetachstate(0x2b1801dc9b50, 1, 0, 0) = 0
19203   0.000977 libpthread.so.0->__clone(0x2b1801eb6de0, 0x2b1807a3dfc0, 0x3d0f00, 0x2b1807a3e700) = 0x4b07
19203   0.001449 libjvm.so->__xstat64(1, 0x2b1801dc9be0, 0x2b1801dc9b50, 19) = -1
19203   0.001186 libjvm.so->pthread_attr_setdetachstate(0x2b1801dc9950, 1, 0, 0) = 0
19203   0.001100 libpthread.so.0->__clone(0x2b1801eb6de0, 0x2b1807b3efc0, 0x3d0f00, 0x2b1807b3f700) = 0x4b08
19203   0.001689 libjvm.so->pthread_attr_setdetachstate(0x2b1801dc9950, 1, 0, 0) = 0
19203   0.001308 libpthread.so.0->__clone(0x2b1801eb6de0, 0x2b1807c3ffc0, 0x3d0f00, 0x2b1807c40700) = 0x4b09
19203   0.009482 libjvm.so->pthread_attr_setdetachstate(0x2b1801dc9aa0, 1, 0, 0) = 0
19203   0.001744 libpthread.so.0->__clone(0x2b1801eb6de0, 0x2b1807d40fc0, 0x3d0f00, 0x2b1807d41700) = 0x4b0a
19203   0.002451 libjvm.so->pthread_attr_setdetachstate(0x2b1801dc9bb0, 1, 0, 0) = 0
19203   0.002091 libpthread.so.0->__clone(0x2b1801eb6de0, 0x2b1807e41fc0, 0x3d0f00, 0x2b1807e42700) = 0x4b0b
19203   0.016482 libjvm.so->open64(0x2b1808128880, 0, 0, 0) = 7
19203   0.002012 libjvm.so->__fxstat64(1, 7, 0x2b1801dc6f60, -1) = 0
19203   0.026514 libjvm.so->fopen(0x2b180815c610, 0x2b180364cccb, 4, 0x6f732e6f) = 0x2b180815c6d0
19203   0.004461 libjvm.so->dlopen(0x2b180815c610, 1, 0xffffffff, 0x2b180815c600) = 0x2b180815c6d0
19203   0.104580 libjvm.so->fopen(0x2b1801dc3e40, 0x2b180364cccb, 0x6f732e, 0x6d766a62696c2f72) = 0x2b1808171f10
19203   0.006608 libjvm.so->dlopen(0x2b1801dc3e40, 1, 0xffffffff, 0x2b1808171e00) = 0x5621f60404b0
19203   0.001667 libjvm.so->fopen(0x2b1801dc3e40, 0x2b180364cccb, 0x6f732e, 0x6d766a62696c2f72) = 0x2b1808172310
19203   0.005032 libjvm.so->dlopen(0x2b1801dc3e40, 1, 0xffffffff, 0x2b1808171e00) = 0x5621f60404b0
19203   0.001677 libjvm.so->fopen(0x2b1801dc3e40, 0x2b180364cccb, 0x6f732e, 0x6d766a62696c2f72) = 0x2b1808171f10
19203   0.006654 libjvm.so->dlopen(0x2b1801dc3e40, 1, 0xffffffff, 0x2b1808171e00) = 0x5621f60404b0
19203   0.002560 libjvm.so->fopen(0x2b1801dc3e40, 0x2b180364cccb, 0x6f732e, 0x6d766a62696c2f72) = 0x2b1808171f10
19203   0.004089 libjvm.so->dlopen(0x2b1801dc3e40, 1, 0xffffffff, 0x2b1808171e00) = 0x5621f60404b0
19203   0.048428 libjvm.so->fopen(0x2b18081a5650, 0x2b180364cccb, 4, 0x6f732e74) = 0x2b18081bd360
19203   0.003447 libjvm.so->dlopen(0x2b18081a5650, 1, 0xffffffff, 0x2b18081b3f00) = 0x2b18081bd360
19203   0.144707 libjvm.so->fopen(0x2b1808218690, 0x2b180364cccb, 0x6f732e7373656c, 0x656c646165685f74) = 0x2b1808218770
19203   0.006872 libjvm.so->dlopen(0x2b1808218690, 1, 0xffffffff, 0x2b1808218600) = 0x2b1808218770
19211   0.037508 +++ exited (status 0) +++
19207   0.000298 +++ exited (status 0) +++
19204   0.000286 +++ exited (status 0) +++
19203   0.000233 +++ exited (status 0) +++
19210   0.000272 +++ exited (status 1) +++
19208   0.000023 +++ exited (status 1) +++
19206   0.000026 +++ exited (status 1) +++
19205   0.000013 +++ exited (status 1) +++
19209   0.005502 +++ exited (status 1) +++
19198   0.000044 +++ exited (status 1) +++
Wrote an ltrace for command: "java -cp ./tools/maxent.jar density.Project outputs/Nephrotoma_virgata/Nephrotoma_virgata.lambdas data/layers/worldclim outputs/Nephrotoma_virgata_worldclim.asc nowarnings nocache autorun -z" with PID 19195 from PPID 19179 on disc22.crc.nd.edu with result 1
REMOTEHOST=129.74.154.87
_CONDOR_JOB_PIDS=
MANPATH=/afs/crc.nd.edu/user/n/nkremerh/cctools/share/man/:/afs/crc.nd.edu/group/ccl/software/x86_64/redhat7/ruby/current/share/man:/afs/crc.nd.edu/group/ccl/software/x86_64/redhat7/graphviz/current/share/man:/afs/crc.nd.edu/group/ccl/software/x86_64/redhat7/gnuplot/current/share/man:/afs/crc.nd.edu/group/ccl/software/x86_64/redhat7/git/current/share/man:/afs/crc.nd.edu/group/ccl/software/x86_64/redhat7/condor/current/share/man:/afs/crc.nd.edu/group/ccl/software/x86_64/redhat7/clang/current/share/man:/afs/crc.nd.edu/group/ccl/software/x86_64/redhat7/condor/current/share/man:/afs/crc.nd.edu/group/ccl/software/x86_64/redhat7/cctools/current/share/man:/afs/crc.nd.edu/group/ccl/software/x86_64/redhat7/cctools/current/share/man:/afs/crc.nd.edu/x86_64_linux/Modules/4.5.0/share/man:/opt/crc/usr/local/man:/opt/sge/man:/usr/share/man/overrides:/usr/share/man:/usr/local/share/man
XDG_SESSION_ID=2226
HOSTNAME=disc01.crc.nd.edu
_LMFILES__modshare=/afs/crc.nd.edu/x86_64_linux/Modules/modules/system_modules/CRC_default/1.1:1
MODULEPATH_modshare=/afs/crc.nd.edu/x86_64_linux/Modules/modules/general_software:1:/afs/crc.nd.edu/x86_64_linux/Modules/modules/development_tools_and_libraries:1:/afs/crc.nd.edu/x86_64_linux/Modules/modules/system_modules:1:/afs/crc.nd.edu/x86_64_linux/Modules/current/modulefiles:1:/afs/crc.nd.edu/x86_64_linux/Modules/modules/restricted_software:1:/afs/crc.nd.edu/x86_64_linux/Modules/modules/deprecated_software:1
MODULES_CMD=/afs/crc.nd.edu/x86_64_linux/Modules/4.5.0/libexec/modulecmd.tcl
HOST=disc01.crc.nd.edu
SHELL=/bin/tcsh
TERM=xterm-256color
MAKEFLAGS=
HISTSIZE=5000
TMPDIR=/var/condor/execute/dir_6467/worker-213124-6543/t.1679/cctools-temp-t.1679.W9pDad
SSH_CLIENT=129.74.154.87 57278 22
PERL5LIB=/afs/crc.nd.edu/user/n/nkremerh/cctools/lib/perl5/site_perl/5.16.3:/afs/crc.nd.edu/user/n/nkremerh/.perl5/lib/perl5
SGE_CELL=crc
_CONDOR_SCRATCH_DIR=/var/condor/execute/dir_6467
PERL_MB_OPT=--install_base '/afs/crc.nd.edu/user/n/nkremerh/.perl5/'
SSH_TTY=/dev/pts/0
SGE_LOAD_AVG=load_avg
MAKEFLOW_MAX_LOCAL_JOBS=2
HISTFILESIZE=10000
_CHIRP_DELAYED_UPDATE_PREFIX=Chirp*
USER=nkremerh
GROUP=campus
LD_LIBRARY_PATH=/afs/crc.nd.edu/group/ccl/software/x86_64/redhat7/ruby/current/lib:/afs/crc.nd.edu/group/ccl/software/x86_64/redhat7/graphviz/current/lib:/afs/crc.nd.edu/group/ccl/software/x86_64/redhat7/git/current/lib:/afs/crc.nd.edu/group/ccl/software/x86_64/redhat7/condor/current/lib:/afs/crc.nd.edu/group/ccl/software/x86_64/redhat7/clang/current/lib:/afs/crc.nd.edu/group/ccl/software/x86_64/redhat7/condor/current/lib:/afs/crc.nd.edu/group/ccl/software/x86_64/redhat7/cctools/current/lib:/opt/crc/usr/local/lib
TEMP=/var/condor/execute/dir_6467/worker-213124-6543/t.1679/cctools-temp-t.1679.W9pDad
BATCH_SYSTEM=HTCondor
WORKER_TMPDIR=/var/condor/execute/dir_6467/worker-213124-6543/cache/tmp
ENV=/afs/crc.nd.edu/x86_64_linux/Modules/4.5.0/init/profile.sh
MODULES_LMALTNAME=CRC_default/1.1&CRC_default/default&CRC_default
_CONDOR_CHIRP_CONFIG=/var/condor/execute/dir_6467/.chirp.config
GLOBUS_GSSAPI_MAX_TLS_PROTOCOL=0
_CONDOR_HIGHPORT=9999
HOSTTYPE=x86_64-linux
MAKELEVEL=1
MFLAGS=
_CONDOR_ANCESTOR_3778=6467:1597419250:2083861505
CCLSOFTWARE=/afs/crc.nd.edu/group/ccl/software/x86_64/redhat7
PATH=/afs/crc.nd.edu/user/n/nkremerh/cctools/bin:/afs/crc.nd.edu/user/n/nkremerh/miniconda/bin:/afs/crc.nd.edu/group/ccl/software/git:/afs/crc.nd.edu/user/n/nkremerh/.local/bin:/afs/crc.nd.edu/group/ccl/software/x86_64/redhat7/povray/3.7/bin:/afs/crc.nd.edu/user/n/nkremerh/.perl5/bin:/afs/crc.nd.edu/user/n/nkremerh/pegasus/bin:/afs/crc.nd.edu/user/n/nkremerh/nodejs/bin:/afs/crc.nd.edu/user/n/nkremerh/montage/bin:/afs/crc.nd.edu/user/n/nkremerh/latexdiff:/afs/crc.nd.edu/user/n/nkremerh/envtrace:/afs/crc.nd.edu/user/n/nkremerh/endlines:/afs/crc.nd.edu/user/n/nkremerh/cctools/bin:/afs/crc.nd.edu/user/n/nkremerh/.cargo/bin:/afs/crc.nd.edu/group/ccl/software/x86_64/redhat7/ruby/current/bin:/afs/crc.nd.edu/group/ccl/software/x86_64/redhat7/graphviz/current/bin:/afs/crc.nd.edu/group/ccl/software/x86_64/redhat7/gnuplot/current/bin:/afs/crc.nd.edu/group/ccl/software/x86_64/redhat7/git/current/bin:/afs/crc.nd.edu/group/ccl/software/x86_64/redhat7/condor/current/sbin:/afs/crc.nd.edu/group/ccl/software/x86_64/redhat7/condor/current/bin:/afs/crc.nd.edu/group/ccl/software/x86_64/redhat7/cmake/current/bin:/afs/crc.nd.edu/group/ccl/software/x86_64/redhat7/clang/current/bin:/afs/crc.nd.edu/group/ccl/software/x86_64/redhat7/condor/current/sbin:/afs/crc.nd.edu/group/ccl/software/x86_64/redhat7/condor/current/bin:/afs/crc.nd.edu/group/ccl/software/x86_64/redhat7/cctools/current/bin:/afs/crc.nd.edu/x86_64_linux/Modules/4.5.0/bin:/opt/crc/usr/local/bin:/opt/sge/bin/lx-amd64:/usr/local/bin:/usr/bin:/usr/local/sbin:/usr/sbin:/afs/crc.nd.edu/user/c/condor/software/bin:/afs/crc.nd.edu/user/c/condor/software/sbin
MAIL=/var/spool/mail/nkremerh
_CONDOR_ANCESTOR_6467=6476:1597419253:2694272566
PWD=/var/condor/execute/dir_6467/worker-213124-6543/t.1679
_LMFILES_=/afs/crc.nd.edu/x86_64_linux/Modules/modules/system_modules/CRC_default/1.1
SGE_EXECD_PORT=6445
EDITOR=vim
LANG=en_US.UTF-8
MODULEPATH=/afs/crc.nd.edu/x86_64_linux/Modules/modules/development_tools_and_libraries:/afs/crc.nd.edu/x86_64_linux/Modules/modules/general_software:/afs/crc.nd.edu/x86_64_linux/Modules/modules/restricted_software:/afs/crc.nd.edu/x86_64_linux/Modules/modules/system_modules:/afs/crc.nd.edu/x86_64_linux/Modules/modules/deprecated_software:/afs/crc.nd.edu/x86_64_linux/Modules/current/modulefiles
SGE_QMASTER_PORT=6444
SGE_ROOT=/opt/sge
LOADEDMODULES=CRC_default/1.1
WORK_QUEUE_SANDBOX=/var/condor/execute/dir_6467/worker-213124-6543
_CONDOR_SLOT=slot2_2
CCLPLATFORM=x86_64/redhat7
USE_SYSTEMD=true
_CONDOR_LOWPORT=9100
KRB5CCNAME=FILE:/tmp/krb5cc_213124_jfvfni
HISTCONTROL=ignoreboth:erasedups
PATH_modshare=/opt/crc/usr/local/bin:1:/opt/sge/bin/lx-amd64:1:/usr/sbin:1:/usr/bin:1:/afs/crc.nd.edu/user/c/condor/software/sbin:1:/usr/local/sbin:1:/afs/crc.nd.edu/user/c/condor/software/bin:1:/usr/local/bin:1
SHLVL=7
HOME=disc01.crc.nd.edu
GLOBUS_GSSAPI_NAME_COMPATIBILITY=STRICT_RFC2818
_CONDOR_MACHINE_AD=/var/condor/execute/dir_6467/.machine.ad
OSTYPE=linux
DISK=18258
GREP_OPTIONS=--color=auto
_CONDOR_ANCESTOR_3598=3778:1596369973:332739166
GLOBUS_GSSAPI_MIN_TLS_PROTOCOL=TLS1_VERSION
MEMORY=1948
MANPATH_modshare=/usr/share/man/overrides:1:/usr/local/share/man:1:/usr/share/man:1:/opt/crc/usr/local/man:1:/opt/sge/man:1
VENDOR=unknown
BASH_ENV=/afs/crc.nd.edu/x86_64_linux/Modules/4.5.0/init/bash
PERL_LOCAL_LIB_ROOT=/afs/crc.nd.edu/user/n/nkremerh/.perl5/
PYTHONPATH=/afs/crc.nd.edu/user/n/nkremerh/cctools/lib/python3.6/site-packages/
CCLHOME=/afs/crc.nd.edu/group/ccl
MACHTYPE=x86_64
LOGNAME=nkremerh
TMP=/var/condor/execute/dir_6467/worker-213124-6543/t.1679/cctools-temp-t.1679.W9pDad
LD_LIBRARY_PATH_modshare=/opt/crc/usr/local/lib:1
MODULES_LMALTNAME_modshare=CRC_default/1.1&CRC_default/default&CRC_default:1
SSH_CONNECTION=129.74.154.87 57278 129.74.128.103 22
MODULESHOME=/afs/crc.nd.edu/x86_64_linux/Modules/4.5.0
OMP_NUM_THREADS=1
LESSOPEN=||/usr/bin/lesspipe.sh %s
GLOBUS_GSSAPI_BACKWARD_COMPATIBLE_MIC=true
GLOBUS_GSSAPI_CIPHERS=HIGH
LOADEDMODULES_modshare=CRC_default/1.1:1
_CONDOR_JOB_AD=/var/condor/execute/dir_6467/.job.ad
SGE_CLUSTER_NAME=CRC
XDG_RUNTIME_DIR=/run/user/213124
CCTOOLS=../cctools
CORES=2
_CONDOR_JOB_IWD=/var/condor/execute/dir_6467
PERL_MM_OPT=INSTALL_BASE=/afs/crc.nd.edu/user/n/nkremerh/.perl5/
GLOBUS_GSSAPI_SERVER_CIPHER_ORDER=true
BASH_FUNC_module()=() {  unset _mlshdbg;
 if [ "${MODULES_SILENT_SHELL_DEBUG:-0}" = '1' ]; then
 case "$-" in 
 *v*x*)
 set +vx;
 _mlshdbg='vx'
 ;;
 *v*)
 set +v;
 _mlshdbg='v'
 ;;
 *x*)
 set +x;
 _mlshdbg='x'
 ;;
 *)
 _mlshdbg=''
 ;;
 esac;
 fi;
 unset _mlre _mlIFS;
 if [ -n "${IFS+x}" ]; then
 _mlIFS=$IFS;
 fi;
 IFS=' ';
 for _mlv in ${MODULES_RUN_QUARANTINE:-};
 do
 if [ "${_mlv}" = "${_mlv##*[!A-Za-z0-9_]}" -a "${_mlv}" = "${_mlv#[0-9]}" ]; then
 if [ -n "`eval 'echo ${'$_mlv'+x}'`" ]; then
 _mlre="${_mlre:-}${_mlv}_modquar='`eval 'echo ${'$_mlv'}'`' ";
 fi;
 _mlrv="MODULES_RUNENV_${_mlv}";
 _mlre="${_mlre:-}${_mlv}='`eval 'echo ${'$_mlrv':-}'`' ";
 fi;
 done;
 if [ -n "${_mlre:-}" ]; then
 eval `eval ${_mlre}/usr/bin/tclsh /afs/crc.nd.edu/x86_64_linux/Modules/4.5.0/libexec/modulecmd.tcl bash '"$@"'`;
 else
 eval `/usr/bin/tclsh /afs/crc.nd.edu/x86_64_linux/Modules/4.5.0/libexec/modulecmd.tcl bash "$@"`;
 fi;
 _mlstatus=$?;
 if [ -n "${_mlIFS+x}" ]; then
 IFS=$_mlIFS;
 else
 unset IFS;
 fi;
 unset _mlre _mlv _mlrv _mlIFS;
 if [ -n "${_mlshdbg:-}" ]; then
 set -$_mlshdbg;
 fi;
 unset _mlshdbg;
 return $_mlstatus
}
BASH_FUNC_ml()=() {  module ml "$@"
}
_=/usr/bin/printenv
