3590   0.000000 libjli.so->getenv("_JAVA_LAUNCHER_DEBUG") = nil
3590   0.001775 libjli.so->getenv("_JAVA_VERSION_SET") = nil
3590   0.000761 libjli.so->fopen("/usr/lib/jvm/java-1.8.0-openjdk-1.8.0.262.b10-0.el7_8.x86_64/jre/lib/amd64/jvm.cfg", "r") = 0x55f8743fd0e0
3590   0.001395 libjli.so->getenv("JDK_ALTERNATE_VM") = nil
3590   0.000389 libjli.so->__xstat(1, "/usr/lib/jvm/java-1.8.0-openjdk-1.8.0.262.b10-0.el7_8.x86_64/jre/lib/amd64/server/libjvm.so", 0x7ffc0fa92a80) = 0
3590   0.000703 libjli.so->getenv("LD_LIBRARY_PATH") = "/afs/crc.nd.edu/group/ccl/software/x86_64/redhat7/ruby/current/lib:/afs/crc.nd.edu/group/ccl/software/x86_64/redhat7/graphviz/current/lib:/afs/crc.nd.edu/group/ccl/software/x86_64/redhat7/git/current/lib:/afs/crc.nd.edu/group/ccl/software/x86_64/redhat7/condor/current/lib:/afs/crc.nd.edu/group/ccl/software/x86_64/redhat7/clang/current/lib:/afs/crc.nd.edu/group/ccl/software/x86_64/redhat7/condor/current/lib:/afs/crc.nd.edu/group/ccl/software/x86_64/redhat7/cctools/current/lib:/opt/crc/usr/local/lib"
3590   0.002277 libjli.so->dlopen("/usr/lib/jvm/java-1.8.0-openjdk-1.8.0.262.b10-0.el7_8.x86_64/jre/lib/amd64/server/libjvm.so", 258 <unfinished ...>
3590   0.039264 libjvm.so->getenv("NMT_LEVEL_3590") = nil
3590   0.001742 <... dlopen resumed> )           = 0x55f8743fd4b0
3590   0.000075 libjli.so->getenv("CLASSPATH")   = nil
3590   0.000336 libjli.so->getenv("_JAVA_SPLASH_JAR") = nil
3590   0.000453 libjli.so->getenv("_JAVA_SPLASH_FILE") = nil
3590   0.000352 libjli.so->pthread_attr_setdetachstate(0x7ffc0fa92a30, 0, 0x7ffc0fa92ac0, 0) = 0
3590   0.000519 libpthread.so.0->__clone(0x2acc20d44de0, 0x2acc20c57fc0, 0x3d0f00, 0x2acc20c58700) = 3591
3591   0.001937 libjvm.so->dlopen(0x2acc225239ae, 1, 0xfffffffffff42c48, 4096) = 0x2acc24000990
3591   0.002822 libjvm.so->getenv(0x2acc2253e83e, 0, 115, 0x65737361) = 0x7ffc0fa99684
3591   0.000479 libjvm.so->fopen(0x2acc20c56c10, 0x2acc224daccb, 0x6f732e79666972, 0x2acc2161cab0) = 0x2acc24001440
3591   0.001775 libjvm.so->dlopen(0x2acc20c56c10, 1, 0xffffffff, 0x2acc24002b00) = 0x2acc24001440
3591   0.002399 libjvm.so->fopen(0x2acc20c56c10, 0x2acc224daccb, 111, 0x732e6176) = 0x2acc24001b10
3591   0.003120 libjvm.so->dlopen(0x2acc20c56c10, 1, 0xffffffff, 0x2acc24001a00) = 0x2acc24001b10
3591   0.001888 libjvm.so->__xstat(1, 0x2acc20c57360, 0x2acc20c57ba0, 0x746f7073746f682e) = -1
3591   0.001696 libjvm.so->getenv(0x2acc224d3541, 0x2acc20c576d0, 1024, 0x2acc2298d61b) = 0
3591   0.000506 libjvm.so->getenv(0x2acc224d3533, 0x2acc20c576d0, 1024, 0) = 0
3591   0.000458 libjvm.so->fopen(0x2acc22523315, 0x2acc224daccb, 4095, 0xffffd533ddb2cb03) = 0x2acc240032f0
3591   0.001206 libjvm.so->fopen(0x2acc22523361, 0x2acc224daccb, 0x2acc24000078, 0x2acc240032e0) = 0x2acc240032f0
3591   0.000831 libjvm.so->fopen(0x2acc20c519b0, 0x2acc224daccb, 4014, 3995) = 0x2acc240032f0
3591   0.001110 libjvm.so->opendir(0x2acc24002b40, 0x2acc24002b40, 13, 16) = 0
3591   0.000483 libjvm.so->__xstat(1, 0x2acc20c568f0, 0x2acc20c55860, 0x6f732e7477616d62) = -1
3591   0.000511 libjvm.so->__xstat(1, 0x2acc20c568f0, 0x2acc20c55860, 0x5f74776162696c2f) = 0
3591   0.000542 libjvm.so->fopen(0x2acc20c55b90, 0x2acc224daccb, 4009, 3994) = 0x2acc240037d0
3591   0.000696 libjvm.so->fopen(0x2acc20c55b90, 0x2acc224daccb, 4009, 3994) = 0x2acc240037d0
3591   0.000606 libjvm.so->fopen(0x2acc20c55b90, 0x2acc224daccb, 4009, 4002) = 0x2acc240037d0
3591   0.000638 libjvm.so->fopen(0x2acc20c55b20, 0x2acc224daccb, 4009, 3994) = 0x2acc240037d0
3591   0.000708 libjvm.so->fopen(0x2acc20c55b20, 0x2acc224daccb, 4009, 3994) = 0x2acc240037d0
3591   0.001188 libjvm.so->fopen(0x2acc20c55b20, 0x2acc224daccb, 4009, 4002) = 0x2acc240037d0
3591   0.000920 libjvm.so->fopen(0x2acc20c55b50, 0x2acc224daccb, 4014, 3995) = 0x2acc240037d0
3591   0.001057 libjvm.so->getenv(0x2acc225240ff, 4096, 3, -1) = 0
3591   0.001485 libjvm.so->fopen(0x2acc22523998, 0x2acc224daccb, 0x2acc20d3b908, 0x2acc20d3adf0) = 0x2acc240037d0
3591   0.008009 libjvm.so->open(0x2acc2404a5c0, 0x20000, 0, 0x2acc2404a609) = 3
3591   0.000507 libjvm.so->__fxstat(1, 3, 0x2acc20c57a00, -1) = 0
3591   0.000908 libjvm.so->opendir(0x2acc2404a5c0, 0x2acc20c57a00, 0x4000, -1) = 0x2acc2404b4d0
3591   0.000571 libjvm.so->__fxstat(1, 3, 0x2acc20c578a0, 0x2acc2404b4d0) = 0
3591   0.000474 libjvm.so->__fxstat(1, 5, 0x2acc20c57930, -1) = 0
3591   0.000636 libjvm.so->open(0x2acc224f19dc, 0, 0, 0) = 3
3591   0.000792 libjvm.so->__lxstat(1, 0x2acc2404a5c0, 0x2acc20c57b50, -144) = 0
3591   0.000640 libjvm.so->open(0x2acc2404a5c0, 0x20000, 0x4000, -1) = 3
3591   0.000517 libjvm.so->__fxstat(1, 3, 0x2acc20c57a00, -1) = 0
3591   0.000555 libjvm.so->opendir(0x2acc2404a5c0, 0x2acc20c57a00, 0x4000, -1) = 0x2acc2404b4d0
3591   0.000603 libjvm.so->__fxstat(1, 3, 0x2acc20c578a0, 0x2acc2404b4d0) = 0
3591   0.002201 libjvm.so->__fxstat(1, 5, 0x2acc20c57930, -1) = 0
3591   0.000543 libjvm.so->open(0x2acc224f19dc, 0, 0, 0) = 3
3591   0.000479 libjvm.so->open(0x2acc2404a609, 0x20042, 384, -1) = 7
3591   0.000749 libjvm.so->__fxstat(1, 7, 0x2acc20c57b50, -1) = 0
3591   0.001976 libjvm.so->fopen(0x2acc20c56b60, 0x2acc224daccb, 4, 0x6f732e70) = 0x2acc24057c20
3591   0.002284 libjvm.so->dlopen(0x2acc20c56b60, 1, 0xffffffff, 0x2acc24057b00) = 0x2acc24057c20
3591   0.001453 libjvm.so->__xstat(1, 0x2acc20c57120, 0x2acc20c57950, 2048) = 0
3591   0.000467 libjvm.so->__xstat(1, 0x2acc20c57120, 0x2acc20c57950, 2048) = 0
3591   0.000446 libjvm.so->__xstat(1, 0x2acc20c57120, 0x2acc20c57950, 2048) = -1
3591   0.000729 libjvm.so->__xstat(1, 0x2acc20c57120, 0x2acc20c57950, 2048) = 0
3591   0.000596 libjvm.so->__xstat(1, 0x2acc20c57120, 0x2acc20c57950, 2048) = 0
3591   0.000656 libjvm.so->__xstat(1, 0x2acc20c57120, 0x2acc20c57950, 2048) = 0
3591   0.000548 libjvm.so->__xstat(1, 0x2acc20c57120, 0x2acc20c57950, 2048) = 0
3591   0.000567 libjvm.so->__xstat(1, 0x2acc20c57120, 0x2acc20c57950, 2048) = -1
3591   0.000539 libjvm.so->fopen(0x2acc24002520, 0x2acc224daccb, 0, 0) = 0x2acc24058ac0
3591   0.009828 libjvm.so->open64(0x2acc20c56410, 0, 0, 16) = 3
3591   0.000495 libjvm.so->__fxstat64(1, 3, 0x2acc20c56240, -1) = 0
3591   0.049727 libjvm.so->__xstat(1, 0x2acc20c56f20, 0x2acc20c57750, 2048) = -1
3591   0.000669 libjvm.so->fopen(0x2acc20c55b20, 0x2acc224daccb, 4009, 3994) = 0x2acc240b5d40
3591   0.000798 libjvm.so->fopen(0x2acc20c55b20, 0x2acc224daccb, 4009, 3994) = 0x2acc240b5d40
3591   0.000676 libjvm.so->fopen(0x2acc20c55b20, 0x2acc224daccb, 4009, 4002) = 0x2acc240b5d40
3591   0.005314 libjvm.so->pthread_attr_setdetachstate(0x2acc20c57c00, 1, 0, 0) = 0
3591   0.000663 libpthread.so.0->__clone(0x2acc20d44de0, 0x2acc23ffcfc0, 0x3d0f00, 0x2acc23ffd700) = 3592
3591   0.020073 libjvm.so->pthread_attr_setdetachstate(0x2acc20c57290, 1, 0, 0) = 0
3591   0.000937 libpthread.so.0->__clone(0x2acc20d44de0, 0x2acc396cbfc0, 0x3d0f00, 0x2acc396cc700) = 3593
3591   0.007398 libjvm.so->pthread_attr_setdetachstate(0x2acc20c57610, 1, 0, 0) = 0
3591   0.000876 libpthread.so.0->__clone(0x2acc20d44de0, 0x2acc397ccfc0, 0x3d0f00, 0x2acc397cd700) = 3594
3591   0.049484 libjvm.so->fopen(0x2acc240f1810, 0x2acc224daccb, 4, 0x6f732e70) = 0x2acc240f1d10
3591   0.003060 libjvm.so->dlopen(0x2acc240f1810, 1, 0xffffffff, 0x2acc240e8c00) = 0x2acc24057c20
3591   0.008026 libjvm.so->open64(0x2acc20c56510, 0, 0, 16) = 5
3591   0.000932 libjvm.so->__fxstat64(1, 5, 0x2acc20c56340, -1) = 0
3591   0.028081 libjvm.so->fopen(0x2acc20c53130, 0x2acc224daccb, 4009, 3994) = 0x2acc240fcce0
3591   0.001265 libjvm.so->fopen(0x2acc20c53130, 0x2acc224daccb, 4009, 3994) = 0x2acc240fcce0
3591   0.001520 libjvm.so->fopen(0x2acc20c53130, 0x2acc224daccb, 4009, 4002) = 0x2acc240fcce0
3591   0.019848 libjvm.so->pthread_attr_setdetachstate(0x2acc20c57b50, 1, 0, 0) = 0
3591   0.001007 libpthread.so.0->__clone(0x2acc20d44de0, 0x2acc398cdfc0, 0x3d0f00, 0x2acc398ce700) = 3601
3591   0.001595 libjvm.so->__xstat64(1, 0x2acc20c57be0, 0x2acc20c57b50, 18) = -1
3591   0.001226 libjvm.so->pthread_attr_setdetachstate(0x2acc20c57950, 1, 0, 0) = 0
3591   0.001417 libpthread.so.0->__clone(0x2acc20d44de0, 0x2acc399cefc0, 0x3d0f00, 0x2acc399cf700) = 3602
3591   0.001858 libjvm.so->pthread_attr_setdetachstate(0x2acc20c57950, 1, 0, 0) = 0
3591   0.001306 libpthread.so.0->__clone(0x2acc20d44de0, 0x2acc39acffc0, 0x3d0f00, 0x2acc39ad0700) = 3603
3591   0.008695 libjvm.so->pthread_attr_setdetachstate(0x2acc20c57aa0, 1, 0, 0) = 0
3591   0.001448 libpthread.so.0->__clone(0x2acc20d44de0, 0x2acc39bd0fc0, 0x3d0f00, 0x2acc39bd1700) = 3604
3591   0.002183 libjvm.so->pthread_attr_setdetachstate(0x2acc20c57bb0, 1, 0, 0) = 0
3591   0.001988 libpthread.so.0->__clone(0x2acc20d44de0, 0x2acc39cd1fc0, 0x3d0f00, 0x2acc39cd2700) = 3605
3591   0.015917 libjvm.so->open64(0x2acc2412e8e0, 0, 0, 32) = 7
3591   0.002466 libjvm.so->__fxstat64(1, 7, 0x2acc20c54f60, -1) = 0
3591   0.026376 libjvm.so->fopen(0x2acc24154600, 0x2acc224daccb, 4, 0x6f732e6f) = 0x2acc241546c0
3591   0.003335 libjvm.so->dlopen(0x2acc24154600, 1, 0xffffffff, 0x2acc24154600) = 0x2acc241546c0
3591   0.102936 libjvm.so->fopen(0x2acc20c51e40, 0x2acc224daccb, 0x6f732e, 0x6d766a62696c2f72) = 0x2acc24169e20
3591   0.006651 libjvm.so->dlopen(0x2acc20c51e40, 1, 0xffffffff, 0x2acc24169d00) = 0x55f8743fd4b0
3591   0.002469 libjvm.so->fopen(0x2acc20c51e40, 0x2acc224daccb, 0x6f732e, 0x6d766a62696c2f72) = 0x2acc2416a220
3591   0.018115 libjvm.so->dlopen(0x2acc20c51e40, 1, 0xffffffff, 0x2acc24169d00) = 0x55f8743fd4b0
3591   0.001700 libjvm.so->fopen(0x2acc20c51e40, 0x2acc224daccb, 0x6f732e, 0x6d766a62696c2f72) = 0x2acc24169e20
3591   0.004679 libjvm.so->dlopen(0x2acc20c51e40, 1, 0xffffffff, 0x2acc24169d00) = 0x55f8743fd4b0
3591   0.001705 libjvm.so->fopen(0x2acc20c51e40, 0x2acc224daccb, 0x6f732e, 0x6d766a62696c2f72) = 0x2acc24169e20
3591   0.003524 libjvm.so->dlopen(0x2acc20c51e40, 1, 0xffffffff, 0x2acc24169d00) = 0x55f8743fd4b0
3591   0.048718 libjvm.so->fopen(0x2acc241a7350, 0x2acc224daccb, 4, 0x6f732e74) = 0x2acc241bf460
3591   0.003140 libjvm.so->dlopen(0x2acc241a7350, 1, 0xffffffff, 0x2acc2419d600) = 0x2acc241bf460
3591   0.136550 libjvm.so->fopen(0x2acc242304f0, 0x2acc224daccb, 0x6f732e7373656c, 0x656c646165685f74) = 0x2acc242305d0
3591   0.002802 libjvm.so->dlopen(0x2acc242304f0, 1, 0xffffffff, 0x2acc24230500) = 0x2acc242305d0
3605   0.038426 +++ exited (status 0) +++
3601   0.000270 +++ exited (status 0) +++
3592   0.000246 +++ exited (status 0) +++
3591   0.000203 +++ exited (status 0) +++
3603   0.000269 +++ exited (status 1) +++
3602   0.000030 +++ exited (status 1) +++
3594   0.000016 +++ exited (status 1) +++
3593   0.000014 +++ exited (status 1) +++
3604   0.017259 +++ exited (status 1) +++
3590   0.000038 +++ exited (status 1) +++
Wrote an ltrace for command: "java -cp ./tools/maxent.jar density.Project outputs/Actinotia_intermediata_Bremer/Actinotia_intermediata_Bremer.lambdas data/layers/worldclim outputs/Actinotia_intermediata_Bremer_worldclim.asc nowarnings nocache autorun -z" with PID 3588 from PPID 3572 on disc22.crc.nd.edu with result 1
REMOTEHOST=10.17.150.11
_CONDOR_JOB_PIDS=
MANPATH=/afs/crc.nd.edu/user/n/nkremerh/cctools/share/man/:/afs/crc.nd.edu/group/ccl/software/x86_64/redhat7/ruby/current/share/man:/afs/crc.nd.edu/group/ccl/software/x86_64/redhat7/graphviz/current/share/man:/afs/crc.nd.edu/group/ccl/software/x86_64/redhat7/gnuplot/current/share/man:/afs/crc.nd.edu/group/ccl/software/x86_64/redhat7/git/current/share/man:/afs/crc.nd.edu/group/ccl/software/x86_64/redhat7/condor/current/share/man:/afs/crc.nd.edu/group/ccl/software/x86_64/redhat7/clang/current/share/man:/afs/crc.nd.edu/group/ccl/software/x86_64/redhat7/condor/current/share/man:/afs/crc.nd.edu/group/ccl/software/x86_64/redhat7/cctools/current/share/man:/afs/crc.nd.edu/group/ccl/software/x86_64/redhat7/cctools/current/share/man:/afs/crc.nd.edu/x86_64_linux/Modules/4.5.0/share/man:/opt/crc/usr/local/man:/opt/sge/man:/usr/share/man/overrides:/usr/share/man:/usr/local/share/man
XDG_SESSION_ID=4102
HOSTNAME=disc01.crc.nd.edu
_LMFILES__modshare=/afs/crc.nd.edu/x86_64_linux/Modules/modules/system_modules/CRC_default/1.1:1
MODULEPATH_modshare=/afs/crc.nd.edu/x86_64_linux/Modules/modules/general_software:1:/afs/crc.nd.edu/x86_64_linux/Modules/modules/development_tools_and_libraries:1:/afs/crc.nd.edu/x86_64_linux/Modules/modules/system_modules:1:/afs/crc.nd.edu/x86_64_linux/Modules/current/modulefiles:1:/afs/crc.nd.edu/x86_64_linux/Modules/modules/restricted_software:1:/afs/crc.nd.edu/x86_64_linux/Modules/modules/deprecated_software:1
MODULES_CMD=/afs/crc.nd.edu/x86_64_linux/Modules/4.5.0/libexec/modulecmd.tcl
HOST=disc01.crc.nd.edu
SHELL=/bin/tcsh
TERM=xterm-256color
MAKEFLAGS=
HISTSIZE=5000
TMPDIR=/var/condor/execute/dir_24121/worker-213124-24186/t.1414/cctools-temp-t.1414.lhhGTo
SSH_CLIENT=10.17.150.11 36546 22
_CONDOR_ANCESTOR_24121=24136:1600190003:828606758
PERL5LIB=/afs/crc.nd.edu/user/n/nkremerh/cctools/lib/perl5/site_perl/5.16.3:/afs/crc.nd.edu/user/n/nkremerh/.perl5/lib/perl5
SGE_CELL=crc
_CONDOR_SCRATCH_DIR=/var/condor/execute/dir_24121
PERL_MB_OPT=--install_base '/afs/crc.nd.edu/user/n/nkremerh/.perl5/'
SSH_TTY=/dev/pts/2
SGE_LOAD_AVG=load_avg
MAKEFLOW_MAX_LOCAL_JOBS=2
HISTFILESIZE=10000
_CHIRP_DELAYED_UPDATE_PREFIX=Chirp*
USER=nkremerh
GROUP=campus
LD_LIBRARY_PATH=/afs/crc.nd.edu/group/ccl/software/x86_64/redhat7/ruby/current/lib:/afs/crc.nd.edu/group/ccl/software/x86_64/redhat7/graphviz/current/lib:/afs/crc.nd.edu/group/ccl/software/x86_64/redhat7/git/current/lib:/afs/crc.nd.edu/group/ccl/software/x86_64/redhat7/condor/current/lib:/afs/crc.nd.edu/group/ccl/software/x86_64/redhat7/clang/current/lib:/afs/crc.nd.edu/group/ccl/software/x86_64/redhat7/condor/current/lib:/afs/crc.nd.edu/group/ccl/software/x86_64/redhat7/cctools/current/lib:/opt/crc/usr/local/lib
TEMP=/var/condor/execute/dir_24121/worker-213124-24186/t.1414/cctools-temp-t.1414.lhhGTo
BATCH_SYSTEM=HTCondor
WORKER_TMPDIR=/var/condor/execute/dir_24121/worker-213124-24186/cache/tmp
ENV=/afs/crc.nd.edu/x86_64_linux/Modules/4.5.0/init/profile.sh
MODULES_LMALTNAME=CRC_default/1.1&CRC_default/default&CRC_default
_CONDOR_CHIRP_CONFIG=/var/condor/execute/dir_24121/.chirp.config
GLOBUS_GSSAPI_MAX_TLS_PROTOCOL=0
_CONDOR_HIGHPORT=9999
HOSTTYPE=x86_64-linux
MAKELEVEL=1
MFLAGS=
CCLSOFTWARE=/afs/crc.nd.edu/group/ccl/software/x86_64/redhat7
PATH=/afs/crc.nd.edu/user/n/nkremerh/cctools/bin:/afs/crc.nd.edu/user/n/nkremerh/miniconda/bin:/afs/crc.nd.edu/group/ccl/software/git:/afs/crc.nd.edu/user/n/nkremerh/.local/bin:/afs/crc.nd.edu/group/ccl/software/x86_64/redhat7/povray/3.7/bin:/afs/crc.nd.edu/user/n/nkremerh/.perl5/bin:/afs/crc.nd.edu/user/n/nkremerh/pegasus/bin:/afs/crc.nd.edu/user/n/nkremerh/nodejs/bin:/afs/crc.nd.edu/user/n/nkremerh/montage/bin:/afs/crc.nd.edu/user/n/nkremerh/latexdiff:/afs/crc.nd.edu/user/n/nkremerh/envtrace:/afs/crc.nd.edu/user/n/nkremerh/endlines:/afs/crc.nd.edu/user/n/nkremerh/cctools/bin:/afs/crc.nd.edu/user/n/nkremerh/.cargo/bin:/afs/crc.nd.edu/group/ccl/software/x86_64/redhat7/ruby/current/bin:/afs/crc.nd.edu/group/ccl/software/x86_64/redhat7/graphviz/current/bin:/afs/crc.nd.edu/group/ccl/software/x86_64/redhat7/gnuplot/current/bin:/afs/crc.nd.edu/group/ccl/software/x86_64/redhat7/git/current/bin:/afs/crc.nd.edu/group/ccl/software/x86_64/redhat7/condor/current/sbin:/afs/crc.nd.edu/group/ccl/software/x86_64/redhat7/condor/current/bin:/afs/crc.nd.edu/group/ccl/software/x86_64/redhat7/cmake/current/bin:/afs/crc.nd.edu/group/ccl/software/x86_64/redhat7/clang/current/bin:/afs/crc.nd.edu/group/ccl/software/x86_64/redhat7/condor/current/sbin:/afs/crc.nd.edu/group/ccl/software/x86_64/redhat7/condor/current/bin:/afs/crc.nd.edu/group/ccl/software/x86_64/redhat7/cctools/current/bin:/afs/crc.nd.edu/x86_64_linux/Modules/4.5.0/bin:/opt/crc/usr/local/bin:/opt/sge/bin/lx-amd64:/usr/local/bin:/usr/bin:/usr/local/sbin:/usr/sbin:/afs/crc.nd.edu/user/c/condor/software/bin:/afs/crc.nd.edu/user/c/condor/software/sbin
MAIL=/var/spool/mail/nkremerh
PWD=/var/condor/execute/dir_24121/worker-213124-24186/t.1414
_LMFILES_=/afs/crc.nd.edu/x86_64_linux/Modules/modules/system_modules/CRC_default/1.1
SGE_EXECD_PORT=6445
EDITOR=vim
LANG=en_US.UTF-8
MODULEPATH=/afs/crc.nd.edu/x86_64_linux/Modules/modules/development_tools_and_libraries:/afs/crc.nd.edu/x86_64_linux/Modules/modules/general_software:/afs/crc.nd.edu/x86_64_linux/Modules/modules/restricted_software:/afs/crc.nd.edu/x86_64_linux/Modules/modules/system_modules:/afs/crc.nd.edu/x86_64_linux/Modules/modules/deprecated_software:/afs/crc.nd.edu/x86_64_linux/Modules/current/modulefiles
SGE_QMASTER_PORT=6444
SGE_ROOT=/opt/sge
LOADEDMODULES=CRC_default/1.1
WORK_QUEUE_SANDBOX=/var/condor/execute/dir_24121/worker-213124-24186
_CONDOR_SLOT=slot2_1
CCLPLATFORM=x86_64/redhat7
USE_SYSTEMD=true
_CONDOR_LOWPORT=9100
KRB5CCNAME=FILE:/tmp/krb5cc_213124_DZSV7p
HISTCONTROL=ignoreboth:erasedups
PATH_modshare=/opt/crc/usr/local/bin:1:/opt/sge/bin/lx-amd64:1:/usr/sbin:1:/usr/bin:1:/afs/crc.nd.edu/user/c/condor/software/sbin:1:/usr/local/sbin:1:/afs/crc.nd.edu/user/c/condor/software/bin:1:/usr/local/bin:1
SHLVL=7
HOME=disc01.crc.nd.edu
GLOBUS_GSSAPI_NAME_COMPATIBILITY=STRICT_RFC2818
_CONDOR_MACHINE_AD=/var/condor/execute/dir_24121/.machine.ad
OSTYPE=linux
DISK=18256
GREP_OPTIONS=--color=auto
GLOBUS_GSSAPI_MIN_TLS_PROTOCOL=TLS1_VERSION
MEMORY=1948
MANPATH_modshare=/usr/share/man/overrides:1:/usr/local/share/man:1:/usr/share/man:1:/opt/crc/usr/local/man:1:/opt/sge/man:1
VENDOR=unknown
BASH_ENV=/afs/crc.nd.edu/x86_64_linux/Modules/4.5.0/init/bash
PERL_LOCAL_LIB_ROOT=/afs/crc.nd.edu/user/n/nkremerh/.perl5/
PYTHONPATH=/afs/crc.nd.edu/user/n/nkremerh/cctools/lib/python3.6/site-packages/
CCLHOME=/afs/crc.nd.edu/group/ccl
MACHTYPE=x86_64
LOGNAME=nkremerh
TMP=/var/condor/execute/dir_24121/worker-213124-24186/t.1414/cctools-temp-t.1414.lhhGTo
LD_LIBRARY_PATH_modshare=/opt/crc/usr/local/lib:1
MODULES_LMALTNAME_modshare=CRC_default/1.1&CRC_default/default&CRC_default:1
SSH_CONNECTION=10.17.150.11 36546 129.74.128.103 22
MODULESHOME=/afs/crc.nd.edu/x86_64_linux/Modules/4.5.0
OMP_NUM_THREADS=1
LESSOPEN=||/usr/bin/lesspipe.sh %s
GLOBUS_GSSAPI_BACKWARD_COMPATIBLE_MIC=true
GLOBUS_GSSAPI_CIPHERS=HIGH
LOADEDMODULES_modshare=CRC_default/1.1:1
_CONDOR_JOB_AD=/var/condor/execute/dir_24121/.job.ad
_CONDOR_ANCESTOR_3813=24121:1600190002:863842848
SGE_CLUSTER_NAME=CRC
XDG_RUNTIME_DIR=/run/user/213124
CCTOOLS=../cctools
CORES=2
_CONDOR_JOB_IWD=/var/condor/execute/dir_24121
PERL_MM_OPT=INSTALL_BASE=/afs/crc.nd.edu/user/n/nkremerh/.perl5/
_CONDOR_ANCESTOR_3607=3813:1598183989:3519041155
GLOBUS_GSSAPI_SERVER_CIPHER_ORDER=true
BASH_FUNC_module()=() {  unset _mlshdbg;
 if [ "${MODULES_SILENT_SHELL_DEBUG:-0}" = '1' ]; then
 case "$-" in 
 *v*x*)
 set +vx;
 _mlshdbg='vx'
 ;;
 *v*)
 set +v;
 _mlshdbg='v'
 ;;
 *x*)
 set +x;
 _mlshdbg='x'
 ;;
 *)
 _mlshdbg=''
 ;;
 esac;
 fi;
 unset _mlre _mlIFS;
 if [ -n "${IFS+x}" ]; then
 _mlIFS=$IFS;
 fi;
 IFS=' ';
 for _mlv in ${MODULES_RUN_QUARANTINE:-};
 do
 if [ "${_mlv}" = "${_mlv##*[!A-Za-z0-9_]}" -a "${_mlv}" = "${_mlv#[0-9]}" ]; then
 if [ -n "`eval 'echo ${'$_mlv'+x}'`" ]; then
 _mlre="${_mlre:-}${_mlv}_modquar='`eval 'echo ${'$_mlv'}'`' ";
 fi;
 _mlrv="MODULES_RUNENV_${_mlv}";
 _mlre="${_mlre:-}${_mlv}='`eval 'echo ${'$_mlrv':-}'`' ";
 fi;
 done;
 if [ -n "${_mlre:-}" ]; then
 eval `eval ${_mlre}/usr/bin/tclsh /afs/crc.nd.edu/x86_64_linux/Modules/4.5.0/libexec/modulecmd.tcl bash '"$@"'`;
 else
 eval `/usr/bin/tclsh /afs/crc.nd.edu/x86_64_linux/Modules/4.5.0/libexec/modulecmd.tcl bash "$@"`;
 fi;
 _mlstatus=$?;
 if [ -n "${_mlIFS+x}" ]; then
 IFS=$_mlIFS;
 else
 unset IFS;
 fi;
 unset _mlre _mlv _mlrv _mlIFS;
 if [ -n "${_mlshdbg:-}" ]; then
 set -$_mlshdbg;
 fi;
 unset _mlshdbg;
 return $_mlstatus
}
BASH_FUNC_ml()=() {  module ml "$@"
}
_=/usr/bin/printenv
