8425   0.000000 libjli.so->getenv("_JAVA_LAUNCHER_DEBUG") = nil
8425   0.001734 libjli.so->getenv("_JAVA_VERSION_SET") = nil
8425   0.000733 libjli.so->fopen("/usr/lib/jvm/java-1.8.0-openjdk-1.8.0.262.b10-0.el7_8.x86_64/jre/lib/amd64/jvm.cfg", "r") = 0x5631d61d50e0
8425   0.000824 libjli.so->getenv("JDK_ALTERNATE_VM") = nil
8425   0.000309 libjli.so->__xstat(1, "/usr/lib/jvm/java-1.8.0-openjdk-1.8.0.262.b10-0.el7_8.x86_64/jre/lib/amd64/server/libjvm.so", 0x7ffe78c49470) = 0
8425   0.000585 libjli.so->getenv("LD_LIBRARY_PATH") = "/afs/crc.nd.edu/group/ccl/software/x86_64/redhat7/ruby/current/lib:/afs/crc.nd.edu/group/ccl/software/x86_64/redhat7/graphviz/current/lib:/afs/crc.nd.edu/group/ccl/software/x86_64/redhat7/git/current/lib:/afs/crc.nd.edu/group/ccl/software/x86_64/redhat7/condor/current/lib:/afs/crc.nd.edu/group/ccl/software/x86_64/redhat7/clang/current/lib:/afs/crc.nd.edu/group/ccl/software/x86_64/redhat7/condor/current/lib:/afs/crc.nd.edu/group/ccl/software/x86_64/redhat7/cctools/current/lib:/opt/crc/usr/local/lib"
8425   0.002122 libjli.so->dlopen("/usr/lib/jvm/java-1.8.0-openjdk-1.8.0.262.b10-0.el7_8.x86_64/jre/lib/amd64/server/libjvm.so", 258 <unfinished ...>
8425   0.037908 libjvm.so->getenv("NMT_LEVEL_8425") = nil
8425   0.001642 <... dlopen resumed> )           = 0x5631d61d54b0
8425   0.000071 libjli.so->getenv("CLASSPATH")   = nil
8425   0.000312 libjli.so->getenv("_JAVA_SPLASH_JAR") = nil
8425   0.000305 libjli.so->getenv("_JAVA_SPLASH_FILE") = nil
8425   0.000319 libjli.so->pthread_attr_setdetachstate(0x7ffe78c49420, 0, 0x7ffe78c494b0, 0) = 0
8425   0.000428 libpthread.so.0->__clone(0x2ad2306c6de0, 0x2ad2305d9fc0, 0x3d0f00, 0x2ad2305da700) = 8426
8426   0.001931 libjvm.so->dlopen(0x2ad231ea59ae, 1, 0xfffffffffff42c48, 4096) = 0x2ad234000990
8426   0.002366 libjvm.so->getenv(0x2ad231ec083e, 0, 115, 0x65737361) = 0x7ffe78c4f6b5
8426   0.000428 libjvm.so->fopen(0x2ad2305d8c10, 0x2ad231e5cccb, 0x6f732e79666972, 0x2ad230f9eab0) = 0x2ad234001440
8426   0.001374 libjvm.so->dlopen(0x2ad2305d8c10, 1, 0xffffffff, 0x2ad234002b00) = 0x2ad234001440
8426   0.001458 libjvm.so->fopen(0x2ad2305d8c10, 0x2ad231e5cccb, 111, 0x732e6176) = 0x2ad234001b10
8426   0.001640 libjvm.so->dlopen(0x2ad2305d8c10, 1, 0xffffffff, 0x2ad234001a00) = 0x2ad234001b10
8426   0.001548 libjvm.so->__xstat(1, 0x2ad2305d9360, 0x2ad2305d9ba0, 0x746f7073746f682e) = -1
8426   0.000585 libjvm.so->getenv(0x2ad231e55541, 0x2ad2305d96d0, 1024, 0x2ad23230f61b) = 0
8426   0.000458 libjvm.so->getenv(0x2ad231e55533, 0x2ad2305d96d0, 1024, 0) = 0
8426   0.000515 libjvm.so->fopen(0x2ad231ea5315, 0x2ad231e5cccb, 4095, 0xffffd52dce1aab03) = 0x2ad2340032f0
8426   0.001047 libjvm.so->fopen(0x2ad231ea5361, 0x2ad231e5cccb, 0x2ad234000078, 0x2ad2340032e0) = 0x2ad2340032f0
8426   0.000674 libjvm.so->fopen(0x2ad2305d39b0, 0x2ad231e5cccb, 4014, 3995) = 0x2ad2340032f0
8426   0.000658 libjvm.so->opendir(0x2ad234002b40, 0x2ad234002b40, 13, 16) = 0
8426   0.000492 libjvm.so->__xstat(1, 0x2ad2305d88f0, 0x2ad2305d7860, 0x6f732e7477616d62) = -1
8426   0.000439 libjvm.so->__xstat(1, 0x2ad2305d88f0, 0x2ad2305d7860, 0x5f74776162696c2f) = 0
8426   0.000501 libjvm.so->fopen(0x2ad2305d7b90, 0x2ad231e5cccb, 4009, 3994) = 0x2ad2340037d0
8426   0.000600 libjvm.so->fopen(0x2ad2305d7b90, 0x2ad231e5cccb, 4009, 3994) = 0x2ad2340037d0
8426   0.000643 libjvm.so->fopen(0x2ad2305d7b90, 0x2ad231e5cccb, 4009, 4002) = 0x2ad2340037d0
8426   0.000622 libjvm.so->fopen(0x2ad2305d7b20, 0x2ad231e5cccb, 4009, 3994) = 0x2ad2340037d0
8426   0.000609 libjvm.so->fopen(0x2ad2305d7b20, 0x2ad231e5cccb, 4009, 3994) = 0x2ad2340037d0
8426   0.000586 libjvm.so->fopen(0x2ad2305d7b20, 0x2ad231e5cccb, 4009, 4002) = 0x2ad2340037d0
8426   0.000635 libjvm.so->fopen(0x2ad2305d7b50, 0x2ad231e5cccb, 4014, 3995) = 0x2ad2340037d0
8426   0.000911 libjvm.so->getenv(0x2ad231ea60ff, 4096, 3, -1) = 0
8426   0.000896 libjvm.so->fopen(0x2ad231ea5998, 0x2ad231e5cccb, 0x2ad2306bd908, 0x2ad2306bcdf0) = 0x2ad2340037d0
8426   0.004584 libjvm.so->open(0x2ad23404a5c0, 0x20000, 0, 0x2ad23404a609) = 3
8426   0.000460 libjvm.so->__fxstat(1, 3, 0x2ad2305d9a00, -1) = 0
8426   0.000464 libjvm.so->opendir(0x2ad23404a5c0, 0x2ad2305d9a00, 0x4000, -1) = 0x2ad23404b4d0
8426   0.000451 libjvm.so->__fxstat(1, 3, 0x2ad2305d98a0, 0x2ad23404b4d0) = 0
8426   0.000432 libjvm.so->__fxstat(1, 5, 0x2ad2305d9930, -1) = 0
8426   0.000454 libjvm.so->open(0x2ad231e739dc, 0, 0, 0) = 3
8426   0.000669 libjvm.so->__lxstat(1, 0x2ad23404a5c0, 0x2ad2305d9b50, -144) = 0
8426   0.000451 libjvm.so->open(0x2ad23404a5c0, 0x20000, 0x4000, -1) = 3
8426   0.000442 libjvm.so->__fxstat(1, 3, 0x2ad2305d9a00, -1) = 0
8426   0.000480 libjvm.so->opendir(0x2ad23404a5c0, 0x2ad2305d9a00, 0x4000, -1) = 0x2ad23404b4d0
8426   0.000412 libjvm.so->__fxstat(1, 3, 0x2ad2305d98a0, 0x2ad23404b4d0) = 0
8426   0.000458 libjvm.so->__fxstat(1, 5, 0x2ad2305d9930, -1) = 0
8426   0.000437 libjvm.so->open(0x2ad231e739dc, 0, 0, 0) = 3
8426   0.000521 libjvm.so->open(0x2ad23404a609, 0x20042, 384, -1) = 7
8426   0.000638 libjvm.so->__fxstat(1, 7, 0x2ad2305d9b50, -1) = 0
8426   0.001633 libjvm.so->fopen(0x2ad2305d8b60, 0x2ad231e5cccb, 4, 0x6f732e70) = 0x2ad234057c20
8426   0.001407 libjvm.so->dlopen(0x2ad2305d8b60, 1, 0xffffffff, 0x2ad234057b00) = 0x2ad234057c20
8426   0.001452 libjvm.so->__xstat(1, 0x2ad2305d9120, 0x2ad2305d9950, 2048) = 0
8426   0.000426 libjvm.so->__xstat(1, 0x2ad2305d9120, 0x2ad2305d9950, 2048) = 0
8426   0.000448 libjvm.so->__xstat(1, 0x2ad2305d9120, 0x2ad2305d9950, 2048) = -1
8426   0.000445 libjvm.so->__xstat(1, 0x2ad2305d9120, 0x2ad2305d9950, 2048) = 0
8426   0.000456 libjvm.so->__xstat(1, 0x2ad2305d9120, 0x2ad2305d9950, 2048) = 0
8426   0.000417 libjvm.so->__xstat(1, 0x2ad2305d9120, 0x2ad2305d9950, 2048) = 0
8426   0.000472 libjvm.so->__xstat(1, 0x2ad2305d9120, 0x2ad2305d9950, 2048) = 0
8426   0.000450 libjvm.so->__xstat(1, 0x2ad2305d9120, 0x2ad2305d9950, 2048) = -1
8426   0.000452 libjvm.so->fopen(0x2ad234002520, 0x2ad231e5cccb, 0, 0) = 0x2ad234058ac0
8426   0.008653 libjvm.so->open64(0x2ad2305d8410, 0, 0, 16) = 3
8426   0.000498 libjvm.so->__fxstat64(1, 3, 0x2ad2305d8240, -1) = 0
8426   0.035741 libjvm.so->__xstat(1, 0x2ad2305d8f20, 0x2ad2305d9750, 2048) = -1
8426   0.000563 libjvm.so->fopen(0x2ad2305d7b20, 0x2ad231e5cccb, 4009, 3994) = 0x2ad2340b5d40
8426   0.000679 libjvm.so->fopen(0x2ad2305d7b20, 0x2ad231e5cccb, 4009, 3994) = 0x2ad2340b5d40
8426   0.000648 libjvm.so->fopen(0x2ad2305d7b20, 0x2ad231e5cccb, 4009, 4002) = 0x2ad2340b5d40
8426   0.004230 libjvm.so->pthread_attr_setdetachstate(0x2ad2305d9c00, 1, 0, 0) = 0
8426   0.000487 libpthread.so.0->__clone(0x2ad2306c6de0, 0x2ad233d3efc0, 0x3d0f00, 0x2ad233d3f700) = 8427
8426   0.015787 libjvm.so->pthread_attr_setdetachstate(0x2ad2305d9290, 1, 0, 0) = 0
8426   0.000617 libpthread.so.0->__clone(0x2ad2306c6de0, 0x2ad233e3ffc0, 0x3d0f00, 0x2ad233e40700) = 8428
8426   0.006917 libjvm.so->pthread_attr_setdetachstate(0x2ad2305d9610, 1, 0, 0) = 0
8426   0.000758 libpthread.so.0->__clone(0x2ad2306c6de0, 0x2ad233f40fc0, 0x3d0f00, 0x2ad233f41700) = 8429
8426   0.039962 libjvm.so->fopen(0x2ad2340f1810, 0x2ad231e5cccb, 4, 0x6f732e70) = 0x2ad2340f1d10
8426   0.001990 libjvm.so->dlopen(0x2ad2340f1810, 1, 0xffffffff, 0x2ad2340e8c00) = 0x2ad234057c20
8426   0.005199 libjvm.so->open64(0x2ad2305d8510, 0, 0, 16) = 5
8426   0.000911 libjvm.so->__fxstat64(1, 5, 0x2ad2305d8340, -1) = 0
8426   0.019702 libjvm.so->fopen(0x2ad2305d5130, 0x2ad231e5cccb, 4009, 3994) = 0x2ad2340fcce0
8426   0.001141 libjvm.so->fopen(0x2ad2305d5130, 0x2ad231e5cccb, 4009, 3994) = 0x2ad2340fcce0
8426   0.001110 libjvm.so->fopen(0x2ad2305d5130, 0x2ad231e5cccb, 4009, 4002) = 0x2ad2340fcce0
8426   0.015163 libjvm.so->pthread_attr_setdetachstate(0x2ad2305d9b50, 1, 0, 0) = 0
8426   0.000913 libpthread.so.0->__clone(0x2ad2306c6de0, 0x2ad24930bfc0, 0x3d0f00, 0x2ad24930c700) = 8430
8426   0.001428 libjvm.so->__xstat64(1, 0x2ad2305d9be0, 0x2ad2305d9b50, 18) = -1
8426   0.001176 libjvm.so->pthread_attr_setdetachstate(0x2ad2305d9950, 1, 0, 0) = 0
8426   0.001095 libpthread.so.0->__clone(0x2ad2306c6de0, 0x2ad24940cfc0, 0x3d0f00, 0x2ad24940d700) = 8431
8426   0.001736 libjvm.so->pthread_attr_setdetachstate(0x2ad2305d9950, 1, 0, 0) = 0
8426   0.001283 libpthread.so.0->__clone(0x2ad2306c6de0, 0x2ad24950dfc0, 0x3d0f00, 0x2ad24950e700) = 8432
8426   0.010155 libjvm.so->pthread_attr_setdetachstate(0x2ad2305d9aa0, 1, 0, 0) = 0
8426   0.001398 libpthread.so.0->__clone(0x2ad2306c6de0, 0x2ad24960efc0, 0x3d0f00, 0x2ad24960f700) = 8433
8426   0.002074 libjvm.so->pthread_attr_setdetachstate(0x2ad2305d9bb0, 1, 0, 0) = 0
8426   0.001939 libpthread.so.0->__clone(0x2ad2306c6de0, 0x2ad24970ffc0, 0x3d0f00, 0x2ad249710700) = 8434
8426   0.015978 libjvm.so->open64(0x2ad2341268f0, 0, 0, 48) = 7
8426   0.001742 libjvm.so->__fxstat64(1, 7, 0x2ad2305d6f60, -1) = 0
8426   0.027235 libjvm.so->fopen(0x2ad23414c610, 0x2ad231e5cccb, 4, 0x6f732e6f) = 0x2ad23414c6d0
8426   0.003241 libjvm.so->dlopen(0x2ad23414c610, 1, 0xffffffff, 0x2ad23414c600) = 0x2ad23414c6d0
8426   0.101367 libjvm.so->fopen(0x2ad2305d3e40, 0x2ad231e5cccb, 0x6f732e, 0x6d766a62696c2f72) = 0x2ad234161e30
8426   0.008034 libjvm.so->dlopen(0x2ad2305d3e40, 1, 0xffffffff, 0x2ad234161d00) = 0x5631d61d54b0
8426   0.001823 libjvm.so->fopen(0x2ad2305d3e40, 0x2ad231e5cccb, 0x6f732e, 0x6d766a62696c2f72) = 0x2ad234162230
8426   0.005242 libjvm.so->dlopen(0x2ad2305d3e40, 1, 0xffffffff, 0x2ad234161d00) = 0x5631d61d54b0
8426   0.001649 libjvm.so->fopen(0x2ad2305d3e40, 0x2ad231e5cccb, 0x6f732e, 0x6d766a62696c2f72) = 0x2ad234161e30
8426   0.003782 libjvm.so->dlopen(0x2ad2305d3e40, 1, 0xffffffff, 0x2ad234161d00) = 0x5631d61d54b0
8426   0.001645 libjvm.so->fopen(0x2ad2305d3e40, 0x2ad231e5cccb, 0x6f732e, 0x6d766a62696c2f72) = 0x2ad234161e30
8426   0.003649 libjvm.so->dlopen(0x2ad2305d3e40, 1, 0xffffffff, 0x2ad234161d00) = 0x5631d61d54b0
8426   0.045599 libjvm.so->fopen(0x2ad23419f400, 0x2ad231e5cccb, 4, 0x6f732e74) = 0x2ad2341ad350
8426   0.002989 libjvm.so->dlopen(0x2ad23419f400, 1, 0xffffffff, 0x2ad234195600) = 0x2ad2341ad350
8426   0.143942 libjvm.so->fopen(0x2ad234248620, 0x2ad231e5cccb, 0x6f732e7373656c, 0x656c646165685f74) = 0x2ad234248700
8426   0.003085 libjvm.so->dlopen(0x2ad234248620, 1, 0xffffffff, 0x2ad234248600) = 0x2ad234248700
8434   0.043582 +++ exited (status 0) +++
8430   0.000322 +++ exited (status 0) +++
8427   0.000242 +++ exited (status 0) +++
8426   0.000297 +++ exited (status 0) +++
8433   0.000294 +++ exited (status 1) +++
8431   0.000020 +++ exited (status 1) +++
8429   0.000017 +++ exited (status 1) +++
8428   0.000017 +++ exited (status 1) +++
8432   0.004938 +++ exited (status 1) +++
8425   0.000036 +++ exited (status 1) +++
Wrote an ltrace for command: "java -cp ./tools/maxent.jar density.Project outputs/Phytomyza_nitidula_Malloch/Phytomyza_nitidula_Malloch.lambdas data/layers/worldclim outputs/Phytomyza_nitidula_Malloch_worldclim.asc nowarnings nocache autorun -z" with PID 8423 from PPID 8407 on disc21.crc.nd.edu with result 1
REMOTEHOST=10.17.150.11
_CONDOR_JOB_PIDS=
MANPATH=/afs/crc.nd.edu/user/n/nkremerh/cctools/share/man/:/afs/crc.nd.edu/group/ccl/software/x86_64/redhat7/ruby/current/share/man:/afs/crc.nd.edu/group/ccl/software/x86_64/redhat7/graphviz/current/share/man:/afs/crc.nd.edu/group/ccl/software/x86_64/redhat7/gnuplot/current/share/man:/afs/crc.nd.edu/group/ccl/software/x86_64/redhat7/git/current/share/man:/afs/crc.nd.edu/group/ccl/software/x86_64/redhat7/condor/current/share/man:/afs/crc.nd.edu/group/ccl/software/x86_64/redhat7/clang/current/share/man:/afs/crc.nd.edu/group/ccl/software/x86_64/redhat7/condor/current/share/man:/afs/crc.nd.edu/group/ccl/software/x86_64/redhat7/cctools/current/share/man:/afs/crc.nd.edu/group/ccl/software/x86_64/redhat7/cctools/current/share/man:/afs/crc.nd.edu/x86_64_linux/Modules/4.5.0/share/man:/opt/crc/usr/local/man:/opt/sge/man:/usr/share/man/overrides:/usr/share/man:/usr/local/share/man
XDG_SESSION_ID=4102
_CONDOR_ANCESTOR_3669=26819:1600190002:729388562
HOSTNAME=disc01.crc.nd.edu
_LMFILES__modshare=/afs/crc.nd.edu/x86_64_linux/Modules/modules/system_modules/CRC_default/1.1:1
MODULEPATH_modshare=/afs/crc.nd.edu/x86_64_linux/Modules/modules/general_software:1:/afs/crc.nd.edu/x86_64_linux/Modules/modules/development_tools_and_libraries:1:/afs/crc.nd.edu/x86_64_linux/Modules/modules/system_modules:1:/afs/crc.nd.edu/x86_64_linux/Modules/current/modulefiles:1:/afs/crc.nd.edu/x86_64_linux/Modules/modules/restricted_software:1:/afs/crc.nd.edu/x86_64_linux/Modules/modules/deprecated_software:1
MODULES_CMD=/afs/crc.nd.edu/x86_64_linux/Modules/4.5.0/libexec/modulecmd.tcl
HOST=disc01.crc.nd.edu
SHELL=/bin/tcsh
TERM=xterm-256color
MAKEFLAGS=
HISTSIZE=5000
TMPDIR=/var/condor/execute/dir_26819/worker-213124-26912/t.1797/cctools-temp-t.1797.oXkYWX
SSH_CLIENT=10.17.150.11 36546 22
PERL5LIB=/afs/crc.nd.edu/user/n/nkremerh/cctools/lib/perl5/site_perl/5.16.3:/afs/crc.nd.edu/user/n/nkremerh/.perl5/lib/perl5
SGE_CELL=crc
_CONDOR_ANCESTOR_26819=26885:1600190003:209105894
_CONDOR_SCRATCH_DIR=/var/condor/execute/dir_26819
PERL_MB_OPT=--install_base '/afs/crc.nd.edu/user/n/nkremerh/.perl5/'
SSH_TTY=/dev/pts/2
SGE_LOAD_AVG=load_avg
MAKEFLOW_MAX_LOCAL_JOBS=2
HISTFILESIZE=10000
_CHIRP_DELAYED_UPDATE_PREFIX=Chirp*
USER=nkremerh
GROUP=campus
LD_LIBRARY_PATH=/afs/crc.nd.edu/group/ccl/software/x86_64/redhat7/ruby/current/lib:/afs/crc.nd.edu/group/ccl/software/x86_64/redhat7/graphviz/current/lib:/afs/crc.nd.edu/group/ccl/software/x86_64/redhat7/git/current/lib:/afs/crc.nd.edu/group/ccl/software/x86_64/redhat7/condor/current/lib:/afs/crc.nd.edu/group/ccl/software/x86_64/redhat7/clang/current/lib:/afs/crc.nd.edu/group/ccl/software/x86_64/redhat7/condor/current/lib:/afs/crc.nd.edu/group/ccl/software/x86_64/redhat7/cctools/current/lib:/opt/crc/usr/local/lib
TEMP=/var/condor/execute/dir_26819/worker-213124-26912/t.1797/cctools-temp-t.1797.oXkYWX
BATCH_SYSTEM=HTCondor
WORKER_TMPDIR=/var/condor/execute/dir_26819/worker-213124-26912/cache/tmp
ENV=/afs/crc.nd.edu/x86_64_linux/Modules/4.5.0/init/profile.sh
MODULES_LMALTNAME=CRC_default/1.1&CRC_default/default&CRC_default
_CONDOR_CHIRP_CONFIG=/var/condor/execute/dir_26819/.chirp.config
GLOBUS_GSSAPI_MAX_TLS_PROTOCOL=0
_CONDOR_HIGHPORT=9999
HOSTTYPE=x86_64-linux
MAKELEVEL=1
MFLAGS=
CCLSOFTWARE=/afs/crc.nd.edu/group/ccl/software/x86_64/redhat7
PATH=/afs/crc.nd.edu/user/n/nkremerh/cctools/bin:/afs/crc.nd.edu/user/n/nkremerh/miniconda/bin:/afs/crc.nd.edu/group/ccl/software/git:/afs/crc.nd.edu/user/n/nkremerh/.local/bin:/afs/crc.nd.edu/group/ccl/software/x86_64/redhat7/povray/3.7/bin:/afs/crc.nd.edu/user/n/nkremerh/.perl5/bin:/afs/crc.nd.edu/user/n/nkremerh/pegasus/bin:/afs/crc.nd.edu/user/n/nkremerh/nodejs/bin:/afs/crc.nd.edu/user/n/nkremerh/montage/bin:/afs/crc.nd.edu/user/n/nkremerh/latexdiff:/afs/crc.nd.edu/user/n/nkremerh/envtrace:/afs/crc.nd.edu/user/n/nkremerh/endlines:/afs/crc.nd.edu/user/n/nkremerh/cctools/bin:/afs/crc.nd.edu/user/n/nkremerh/.cargo/bin:/afs/crc.nd.edu/group/ccl/software/x86_64/redhat7/ruby/current/bin:/afs/crc.nd.edu/group/ccl/software/x86_64/redhat7/graphviz/current/bin:/afs/crc.nd.edu/group/ccl/software/x86_64/redhat7/gnuplot/current/bin:/afs/crc.nd.edu/group/ccl/software/x86_64/redhat7/git/current/bin:/afs/crc.nd.edu/group/ccl/software/x86_64/redhat7/condor/current/sbin:/afs/crc.nd.edu/group/ccl/software/x86_64/redhat7/condor/current/bin:/afs/crc.nd.edu/group/ccl/software/x86_64/redhat7/cmake/current/bin:/afs/crc.nd.edu/group/ccl/software/x86_64/redhat7/clang/current/bin:/afs/crc.nd.edu/group/ccl/software/x86_64/redhat7/condor/current/sbin:/afs/crc.nd.edu/group/ccl/software/x86_64/redhat7/condor/current/bin:/afs/crc.nd.edu/group/ccl/software/x86_64/redhat7/cctools/current/bin:/afs/crc.nd.edu/x86_64_linux/Modules/4.5.0/bin:/opt/crc/usr/local/bin:/opt/sge/bin/lx-amd64:/usr/local/bin:/usr/bin:/usr/local/sbin:/usr/sbin:/afs/crc.nd.edu/user/c/condor/software/bin:/afs/crc.nd.edu/user/c/condor/software/sbin
MAIL=/var/spool/mail/nkremerh
PWD=/var/condor/execute/dir_26819/worker-213124-26912/t.1797
_LMFILES_=/afs/crc.nd.edu/x86_64_linux/Modules/modules/system_modules/CRC_default/1.1
SGE_EXECD_PORT=6445
EDITOR=vim
LANG=en_US.UTF-8
MODULEPATH=/afs/crc.nd.edu/x86_64_linux/Modules/modules/development_tools_and_libraries:/afs/crc.nd.edu/x86_64_linux/Modules/modules/general_software:/afs/crc.nd.edu/x86_64_linux/Modules/modules/restricted_software:/afs/crc.nd.edu/x86_64_linux/Modules/modules/system_modules:/afs/crc.nd.edu/x86_64_linux/Modules/modules/deprecated_software:/afs/crc.nd.edu/x86_64_linux/Modules/current/modulefiles
SGE_QMASTER_PORT=6444
SGE_ROOT=/opt/sge
LOADEDMODULES=CRC_default/1.1
WORK_QUEUE_SANDBOX=/var/condor/execute/dir_26819/worker-213124-26912
_CONDOR_SLOT=slot2_2
CCLPLATFORM=x86_64/redhat7
USE_SYSTEMD=true
_CONDOR_LOWPORT=9100
KRB5CCNAME=FILE:/tmp/krb5cc_213124_DZSV7p
HISTCONTROL=ignoreboth:erasedups
PATH_modshare=/opt/crc/usr/local/bin:1:/opt/sge/bin/lx-amd64:1:/usr/sbin:1:/usr/bin:1:/afs/crc.nd.edu/user/c/condor/software/sbin:1:/usr/local/sbin:1:/afs/crc.nd.edu/user/c/condor/software/bin:1:/usr/local/bin:1
SHLVL=7
HOME=disc01.crc.nd.edu
GLOBUS_GSSAPI_NAME_COMPATIBILITY=STRICT_RFC2818
_CONDOR_MACHINE_AD=/var/condor/execute/dir_26819/.machine.ad
OSTYPE=linux
DISK=18251
GREP_OPTIONS=--color=auto
GLOBUS_GSSAPI_MIN_TLS_PROTOCOL=TLS1_VERSION
MEMORY=1948
MANPATH_modshare=/usr/share/man/overrides:1:/usr/local/share/man:1:/usr/share/man:1:/opt/crc/usr/local/man:1:/opt/sge/man:1
VENDOR=unknown
BASH_ENV=/afs/crc.nd.edu/x86_64_linux/Modules/4.5.0/init/bash
PERL_LOCAL_LIB_ROOT=/afs/crc.nd.edu/user/n/nkremerh/.perl5/
PYTHONPATH=/afs/crc.nd.edu/user/n/nkremerh/cctools/lib/python3.6/site-packages/
CCLHOME=/afs/crc.nd.edu/group/ccl
MACHTYPE=x86_64
LOGNAME=nkremerh
TMP=/var/condor/execute/dir_26819/worker-213124-26912/t.1797/cctools-temp-t.1797.oXkYWX
LD_LIBRARY_PATH_modshare=/opt/crc/usr/local/lib:1
MODULES_LMALTNAME_modshare=CRC_default/1.1&CRC_default/default&CRC_default:1
SSH_CONNECTION=10.17.150.11 36546 129.74.128.103 22
_CONDOR_ANCESTOR_3314=3669:1598183978:1434769074
MODULESHOME=/afs/crc.nd.edu/x86_64_linux/Modules/4.5.0
OMP_NUM_THREADS=1
LESSOPEN=||/usr/bin/lesspipe.sh %s
GLOBUS_GSSAPI_BACKWARD_COMPATIBLE_MIC=true
GLOBUS_GSSAPI_CIPHERS=HIGH
LOADEDMODULES_modshare=CRC_default/1.1:1
_CONDOR_JOB_AD=/var/condor/execute/dir_26819/.job.ad
SGE_CLUSTER_NAME=CRC
XDG_RUNTIME_DIR=/run/user/213124
CCTOOLS=../cctools
CORES=2
_CONDOR_JOB_IWD=/var/condor/execute/dir_26819
PERL_MM_OPT=INSTALL_BASE=/afs/crc.nd.edu/user/n/nkremerh/.perl5/
GLOBUS_GSSAPI_SERVER_CIPHER_ORDER=true
BASH_FUNC_module()=() {  unset _mlshdbg;
 if [ "${MODULES_SILENT_SHELL_DEBUG:-0}" = '1' ]; then
 case "$-" in 
 *v*x*)
 set +vx;
 _mlshdbg='vx'
 ;;
 *v*)
 set +v;
 _mlshdbg='v'
 ;;
 *x*)
 set +x;
 _mlshdbg='x'
 ;;
 *)
 _mlshdbg=''
 ;;
 esac;
 fi;
 unset _mlre _mlIFS;
 if [ -n "${IFS+x}" ]; then
 _mlIFS=$IFS;
 fi;
 IFS=' ';
 for _mlv in ${MODULES_RUN_QUARANTINE:-};
 do
 if [ "${_mlv}" = "${_mlv##*[!A-Za-z0-9_]}" -a "${_mlv}" = "${_mlv#[0-9]}" ]; then
 if [ -n "`eval 'echo ${'$_mlv'+x}'`" ]; then
 _mlre="${_mlre:-}${_mlv}_modquar='`eval 'echo ${'$_mlv'}'`' ";
 fi;
 _mlrv="MODULES_RUNENV_${_mlv}";
 _mlre="${_mlre:-}${_mlv}='`eval 'echo ${'$_mlrv':-}'`' ";
 fi;
 done;
 if [ -n "${_mlre:-}" ]; then
 eval `eval ${_mlre}/usr/bin/tclsh /afs/crc.nd.edu/x86_64_linux/Modules/4.5.0/libexec/modulecmd.tcl bash '"$@"'`;
 else
 eval `/usr/bin/tclsh /afs/crc.nd.edu/x86_64_linux/Modules/4.5.0/libexec/modulecmd.tcl bash "$@"`;
 fi;
 _mlstatus=$?;
 if [ -n "${_mlIFS+x}" ]; then
 IFS=$_mlIFS;
 else
 unset IFS;
 fi;
 unset _mlre _mlv _mlrv _mlIFS;
 if [ -n "${_mlshdbg:-}" ]; then
 set -$_mlshdbg;
 fi;
 unset _mlshdbg;
 return $_mlstatus
}
BASH_FUNC_ml()=() {  module ml "$@"
}
_=/usr/bin/printenv
