23390   0.000000 libjli.so->getenv("_JAVA_LAUNCHER_DEBUG") = nil
23390   0.001714 libjli.so->getenv("_JAVA_VERSION_SET") = nil
23390   0.000678 libjli.so->fopen("/usr/lib/jvm/java-1.8.0-openjdk-1.8.0.262.b10-0.el7_8.x86_64/jre/lib/amd64/jvm.cfg", "r") = 0x564e396a00f0
23390   0.000813 libjli.so->getenv("JDK_ALTERNATE_VM") = nil
23390   0.000308 libjli.so->__xstat(1, "/usr/lib/jvm/java-1.8.0-openjdk-1.8.0.262.b10-0.el7_8.x86_64/jre/lib/amd64/server/libjvm.so", 0x7ffd7321b6a0) = 0
23390   0.000680 libjli.so->getenv("LD_LIBRARY_PATH") = "/afs/crc.nd.edu/group/ccl/software/x86_64/redhat7/ruby/current/lib:/afs/crc.nd.edu/group/ccl/software/x86_64/redhat7/graphviz/current/lib:/afs/crc.nd.edu/group/ccl/software/x86_64/redhat7/git/current/lib:/afs/crc.nd.edu/group/ccl/software/x86_64/redhat7/condor/current/lib:/afs/crc.nd.edu/group/ccl/software/x86_64/redhat7/clang/current/lib:/afs/crc.nd.edu/group/ccl/software/x86_64/redhat7/condor/current/lib:/afs/crc.nd.edu/group/ccl/software/x86_64/redhat7/cctools/current/lib:/opt/crc/usr/local/lib"
23390   0.006669 libjli.so->dlopen("/usr/lib/jvm/java-1.8.0-openjdk-1.8.0.262.b10-0.el7_8.x86_64/jre/lib/amd64/server/libjvm.so", 258 <unfinished ...>
23390   0.039447 libjvm.so->getenv("NMT_LEVEL_23390") = nil
23390   0.001619 <... dlopen resumed> )          = 0x564e396a04c0
23390   0.000094 libjli.so->getenv("CLASSPATH")  = nil
23390   0.000335 libjli.so->getenv("_JAVA_SPLASH_JAR") = nil
23390   0.000319 libjli.so->getenv("_JAVA_SPLASH_FILE") = nil
23390   0.000330 libjli.so->pthread_attr_setdetachstate(0x7ffd7321b650, 0, 0x7ffd7321b6e0, 0) = 0
23390   0.000427 libpthread.so.0->__clone(0x2b535f62ade0, 0x2b535f53dfc0, 0x3d0f00, 0x2b535f53e700) = 0x5b5f
23391   0.001612 libjvm.so->dlopen(0x2b5360e099ae, 1, 0xfffffffffff42c48, 4096) = 0x2b5364000990
23391   0.002784 libjvm.so->getenv(0x2b5360e2483e, 0, 115, 0x65737361) = 0x7ffd73221710
23391   0.000458 libjvm.so->fopen(0x2b535f53cc10, 0x2b5360dc0ccb, 0x6f732e79666972, 0x2b535ff02ab0) = 0x2b5364001440
23391   0.001762 libjvm.so->dlopen(0x2b535f53cc10, 1, 0xffffffff, 0x2b5364002b00) = 0x2b5364001440
23391   0.001609 libjvm.so->fopen(0x2b535f53cc10, 0x2b5360dc0ccb, 111, 0x732e6176) = 0x2b5364001b10
23391   0.001669 libjvm.so->dlopen(0x2b535f53cc10, 1, 0xffffffff, 0x2b5364001a00) = 0x2b5364001b10
23391   0.002221 libjvm.so->__xstat(1, 0x2b535f53d360, 0x2b535f53dba0, 0x746f7073746f682e) = -1
23391   0.000479 libjvm.so->getenv(0x2b5360db9541, 0x2b535f53d6d0, 1024, 0x2b536127361b) = 0
23391   0.000431 libjvm.so->getenv(0x2b5360db9533, 0x2b535f53d6d0, 1024, 0) = 0
23391   0.000433 libjvm.so->fopen(0x2b5360e09315, 0x2b5360dc0ccb, 4095, 0xffffd4ac9f246b03) = 0x2b53640032b0
23391   0.001045 libjvm.so->fopen(0x2b5360e09361, 0x2b5360dc0ccb, 0x2b5364000078, 0x2b53640032a0) = 0x2b53640032b0
23391   0.000749 libjvm.so->fopen(0x2b535f5379b0, 0x2b5360dc0ccb, 4014, 3995) = 0x2b53640032b0
23391   0.000758 libjvm.so->opendir(0x2b5364002b40, 0x2b5364002b40, 13, 16) = 0
23391   0.000621 libjvm.so->__xstat(1, 0x2b535f53c8f0, 0x2b535f53b860, 0x6f732e7477616d62) = -1
23391   0.000918 libjvm.so->__xstat(1, 0x2b535f53c8f0, 0x2b535f53b860, 0x5f74776162696c2f) = 0
23391   0.000511 libjvm.so->fopen(0x2b535f53bb90, 0x2b5360dc0ccb, 4009, 3994) = 0x2b5364003790
23391   0.001224 libjvm.so->fopen(0x2b535f53bb90, 0x2b5360dc0ccb, 4009, 3994) = 0x2b5364003790
23391   0.000665 libjvm.so->fopen(0x2b535f53bb90, 0x2b5360dc0ccb, 4009, 4002) = 0x2b5364003790
23391   0.001670 libjvm.so->fopen(0x2b535f53bb20, 0x2b5360dc0ccb, 4009, 3994) = 0x2b5364003790
23391   0.005149 libjvm.so->fopen(0x2b535f53bb20, 0x2b5360dc0ccb, 4009, 3994) = 0x2b5364003790
23391   0.000798 libjvm.so->fopen(0x2b535f53bb20, 0x2b5360dc0ccb, 4009, 4002) = 0x2b5364003790
23391   0.001006 libjvm.so->fopen(0x2b535f53bb50, 0x2b5360dc0ccb, 4014, 3995) = 0x2b5364003790
23391   0.000809 libjvm.so->getenv(0x2b5360e0a0ff, 4096, 3, -1) = 0
23391   0.000888 libjvm.so->fopen(0x2b5360e09998, 0x2b5360dc0ccb, 0x2b535f621908, 0x2b535f620df0) = 0x2b5364003790
23391   0.004999 libjvm.so->open(0x2b536404a580, 0x20000, 0, 0x2b536404a5c9) = 3
23391   0.000470 libjvm.so->__fxstat(1, 3, 0x2b535f53da00, -1) = 0
23391   0.000560 libjvm.so->opendir(0x2b536404a580, 0x2b535f53da00, 0x4000, -1) = 0x2b536404b490
23391   0.000483 libjvm.so->__fxstat(1, 3, 0x2b535f53d8a0, 0x2b536404b490) = 0
23391   0.000425 libjvm.so->__fxstat(1, 5, 0x2b535f53d930, -1) = 0
23391   0.000573 libjvm.so->open(0x2b5360dd79dc, 0, 0, 0) = 3
23391   0.000657 libjvm.so->__lxstat(1, 0x2b536404a580, 0x2b535f53db50, -144) = 0
23391   0.000452 libjvm.so->open(0x2b536404a580, 0x20000, 0x4000, -1) = 3
23391   0.000463 libjvm.so->__fxstat(1, 3, 0x2b535f53da00, -1) = 0
23391   0.001985 libjvm.so->opendir(0x2b536404a580, 0x2b535f53da00, 0x4000, -1) = 0x2b536404b490
23391   0.000455 libjvm.so->__fxstat(1, 3, 0x2b535f53d8a0, 0x2b536404b490) = 0
23391   0.000433 libjvm.so->__fxstat(1, 5, 0x2b535f53d930, -1) = 0
23391   0.000484 libjvm.so->open(0x2b5360dd79dc, 0, 0, 0) = 3
23391   0.000455 libjvm.so->open(0x2b536404a5c9, 0x20042, 384, -1) = 7
23391   0.000588 libjvm.so->__fxstat(1, 7, 0x2b535f53db50, -1) = 0
23391   0.001689 libjvm.so->fopen(0x2b535f53cb60, 0x2b5360dc0ccb, 4, 0x6f732e70) = 0x2b5364057be0
23391   0.001523 libjvm.so->dlopen(0x2b535f53cb60, 1, 0xffffffff, 0x2b5364057b00) = 0x2b5364057be0
23391   0.001423 libjvm.so->__xstat(1, 0x2b535f53d120, 0x2b535f53d950, 2048) = 0
23391   0.000465 libjvm.so->__xstat(1, 0x2b535f53d120, 0x2b535f53d950, 2048) = 0
23391   0.000797 libjvm.so->__xstat(1, 0x2b535f53d120, 0x2b535f53d950, 2048) = -1
23391   0.000482 libjvm.so->__xstat(1, 0x2b535f53d120, 0x2b535f53d950, 2048) = 0
23391   0.000492 libjvm.so->__xstat(1, 0x2b535f53d120, 0x2b535f53d950, 2048) = 0
23391   0.000431 libjvm.so->__xstat(1, 0x2b535f53d120, 0x2b535f53d950, 2048) = 0
23391   0.000489 libjvm.so->__xstat(1, 0x2b535f53d120, 0x2b535f53d950, 2048) = 0
23391   0.002278 libjvm.so->__xstat(1, 0x2b535f53d120, 0x2b535f53d950, 2048) = -1
23391   0.000455 libjvm.so->fopen(0x2b5364002520, 0x2b5360dc0ccb, 0, 0) = 0x2b5364058a80
23391   0.008935 libjvm.so->open64(0x2b535f53c410, 0, 0, 16) = 3
23391   0.000495 libjvm.so->__fxstat64(1, 3, 0x2b535f53c240, -1) = 0
23391   0.040389 libjvm.so->__xstat(1, 0x2b535f53cf20, 0x2b535f53d750, 2048) = -1
23391   0.001752 libjvm.so->fopen(0x2b535f53bb20, 0x2b5360dc0ccb, 4009, 3994) = 0x2b53640b5ec0
23391   0.001158 libjvm.so->fopen(0x2b535f53bb20, 0x2b5360dc0ccb, 4009, 3994) = 0x2b53640b5ec0
23391   0.000742 libjvm.so->fopen(0x2b535f53bb20, 0x2b5360dc0ccb, 4009, 4002) = 0x2b53640b5ec0
23391   0.004558 libjvm.so->pthread_attr_setdetachstate(0x2b535f53dc00, 1, 0, 0) = 0
23391   0.000615 libpthread.so.0->__clone(0x2b535f62ade0, 0x2b5363c43fc0, 0x3d0f00, 0x2b5363c44700) = 0x5b65
23391   0.020504 libjvm.so->pthread_attr_setdetachstate(0x2b535f53d290, 1, 0, 0) = 0
23391   0.000686 libpthread.so.0->__clone(0x2b535f62ade0, 0x2b5363d44fc0, 0x3d0f00, 0x2b5363d45700) = 0x5b67
23391   0.009332 libjvm.so->pthread_attr_setdetachstate(0x2b535f53d610, 1, 0, 0) = 0
23391   0.000835 libpthread.so.0->__clone(0x2b535f62ade0, 0x2b5363e45fc0, 0x3d0f00, 0x2b5363e46700) = 0x5b68
23391   0.047377 libjvm.so->fopen(0x2b53640ec390, 0x2b5360dc0ccb, 4, 0x6f732e70) = 0x2b53640f1cd0
23391   0.001953 libjvm.so->dlopen(0x2b53640ec390, 1, 0xffffffff, 0x2b53640ec200) = 0x2b5364057be0
23391   0.005447 libjvm.so->open64(0x2b535f53c510, 0, 0, 16) = 5
23391   0.000944 libjvm.so->__fxstat64(1, 5, 0x2b535f53c340, -1) = 0
23391   0.020346 libjvm.so->fopen(0x2b535f539130, 0x2b5360dc0ccb, 4009, 3994) = 0x2b53640fcc60
23391   0.001207 libjvm.so->fopen(0x2b535f539130, 0x2b5360dc0ccb, 4009, 3994) = 0x2b53640fcc60
23391   0.001044 libjvm.so->fopen(0x2b535f539130, 0x2b5360dc0ccb, 4009, 4002) = 0x2b53640fcc60
23391   0.015382 libjvm.so->pthread_attr_setdetachstate(0x2b535f53db50, 1, 0, 0) = 0
23391   0.001051 libpthread.so.0->__clone(0x2b535f62ade0, 0x2b5363f46fc0, 0x3d0f00, 0x2b5363f47700) = 0x5b69
23391   0.001501 libjvm.so->__xstat64(1, 0x2b535f53dbe0, 0x2b535f53db50, 19) = -1
23391   0.001147 libjvm.so->pthread_attr_setdetachstate(0x2b535f53d950, 1, 0, 0) = 0
23391   0.001095 libpthread.so.0->__clone(0x2b535f62ade0, 0x2b537836afc0, 0x3d0f00, 0x2b537836b700) = 0x5b6a
23391   0.001712 libjvm.so->pthread_attr_setdetachstate(0x2b535f53d950, 1, 0, 0) = 0
23391   0.001291 libpthread.so.0->__clone(0x2b535f62ade0, 0x2b537846bfc0, 0x3d0f00, 0x2b537846c700) = 0x5b6b
23391   0.010615 libjvm.so->pthread_attr_setdetachstate(0x2b535f53daa0, 1, 0, 0) = 0
23391   0.001495 libpthread.so.0->__clone(0x2b535f62ade0, 0x2b537856cfc0, 0x3d0f00, 0x2b537856d700) = 0x5b6c
23391   0.002309 libjvm.so->pthread_attr_setdetachstate(0x2b535f53dbb0, 1, 0, 0) = 0
23391   0.002357 libpthread.so.0->__clone(0x2b535f62ade0, 0x2b537866dfc0, 0x3d0f00, 0x2b537866e700) = 0x5b6e
23391   0.019814 libjvm.so->open64(0x2b5364136ab0, 0, 0, 48) = 7
23391   0.003921 libjvm.so->__fxstat64(1, 7, 0x2b535f53af60, -1) = 0
23391   0.037047 libjvm.so->fopen(0x2b536415c750, 0x2b5360dc0ccb, 4, 0x6f732e6f) = 0x2b536415c810
23391   0.004981 libjvm.so->dlopen(0x2b536415c750, 1, 0xffffffff, 0x2b536415c700) = 0x2b536415c810
23391   0.156932 libjvm.so->fopen(0x2b53641b2450, 0x2b5360dc0ccb, 4, 0x6f732e74) = 0x2b53641b5700
23391   0.004065 libjvm.so->dlopen(0x2b53641b2450, 1, 0xffffffff, 0x2b53641b5600) = 0x2b53641bfab0
23391   0.150364 libjvm.so->fopen(0x2b5364240af0, 0x2b5360dc0ccb, 0x6f732e7373656c, 0x656c646165685f74) = 0x2b5364240bd0
23391   0.003312 libjvm.so->dlopen(0x2b5364240af0, 1, 0xffffffff, 0x2b5364240b00) = 0x2b5364240bd0
23391   0.024032 libjvm.so->fopen(0x2b535f536990, 0x2b5360dc0ccb, 0x6f732e, 0x6d766a62696c2f72) = 0x2b536424aa60
23391   0.006241 libjvm.so->dlopen(0x2b535f536990, 1, 0xffffffff, 0x2b536424a000) = 0x564e396a04c0
23391   0.001657 libjvm.so->fopen(0x2b535f536990, 0x2b5360dc0ccb, 0x6f732e, 0x6d766a62696c2f72) = 0x2b536424aa00
23391   0.005700 libjvm.so->dlopen(0x2b535f536990, 1, 0xffffffff, 0x2b536424a000) = 0x564e396a04c0
23391   0.001653 libjvm.so->fopen(0x2b535f536990, 0x2b5360dc0ccb, 0x6f732e, 0x6d766a62696c2f72) = 0x2b536424aa00
23391   0.004905 libjvm.so->dlopen(0x2b535f536990, 1, 0xffffffff, 0x2b536424a000) = 0x564e396a04c0
23391   0.001719 libjvm.so->fopen(0x2b535f536990, 0x2b5360dc0ccb, 0x6f732e, 0x6d766a62696c2f72) = 0x2b536424aa00
23391   0.004073 libjvm.so->dlopen(0x2b535f536990, 1, 0xffffffff, 0x2b536424a000) = 0x564e396a04c0
23391   0.421624 --- SIGSEGV (Segmentation fault) ---
23391   3.167974 --- SIGSEGV (Segmentation fault) ---
23391   1.774145 libjvm.so->fopen(0x2b535f53abf0, 0x2b5360dc0ccb, 111, 0x732e6176) = 0x2b5364289080
23391   0.002242 libjvm.so->dlopen(0x2b535f53abf0, 1, 0xffffffff, 0x2b5364289e00) = 0x2b5364001b10
23391   0.001104 libjvm.so->fopen(0x2b535f53abf0, 0x2b5360dc0ccb, 111, 0x732e6176) = 0x2b5364289080
23391   0.002229 libjvm.so->dlopen(0x2b535f53abf0, 1, 0xffffffff, 0x2b5364289e00) = 0x2b5364001b10
23391   0.001076 libjvm.so->fopen(0x2b535f53abf0, 0x2b5360dc0ccb, 111, 0x732e6176) = 0x2b5364289080
23391   0.001935 libjvm.so->dlopen(0x2b535f53abf0, 1, 0xffffffff, 0x2b5364289e00) = 0x2b5364001b10
23391   0.001088 libjvm.so->fopen(0x2b535f53abf0, 0x2b5360dc0ccb, 111, 0x732e6176) = 0x2b5364289080
23391   0.001813 libjvm.so->dlopen(0x2b535f53abf0, 1, 0xffffffff, 0x2b5364289e00) = 0x2b5364001b10
23391   0.001832 libjvm.so->fopen(0x2b535f53af10, 0x2b5360dc0ccb, 111, 0x732e6176) = 0x2b5364289080
23391   0.001830 libjvm.so->dlopen(0x2b535f53af10, 1, 0xffffffff, 0x2b536428a600) = 0x2b5364001b10
23391   0.001094 libjvm.so->fopen(0x2b535f53af10, 0x2b5360dc0ccb, 111, 0x732e6176) = 0x2b5364289080
23391   0.001847 libjvm.so->dlopen(0x2b535f53af10, 1, 0xffffffff, 0x2b536428a600) = 0x2b5364001b10
23391   0.003769 libjvm.so->fopen(0x2b535f53af10, 0x2b5360dc0ccb, 111, 0x732e6176) = 0x2b5364289080
23391   0.003268 libjvm.so->dlopen(0x2b535f53af10, 1, 0xffffffff, 0x2b536428a600) = 0x2b5364001b10
23391   0.001765 libjvm.so->fopen(0x2b535f53af10, 0x2b5360dc0ccb, 111, 0x732e6176) = 0x2b5364289080
23391   0.003286 libjvm.so->dlopen(0x2b535f53af10, 1, 0xffffffff, 0x2b536428a600) = 0x2b5364001b10
23402   1.527822 --- SIGSEGV (Segmentation fault) ---
23391   5.599593 libjvm.so->fopen(0x2b535f5379d0, 0x2b5360dc0ccb, 4, 0x6f732e70) = 0x2b536413bdf0
23391   0.002762 libjvm.so->dlopen(0x2b535f5379d0, 1, 0xffffffff, 0x2b536413bd00) = 0x2b5364057be0
23391   0.001708 libjvm.so->fopen(0x2b535f5379d0, 0x2b5360dc0ccb, 4, 0x6f732e70) = 0x2b536413bdf0
23391   0.003596 libjvm.so->dlopen(0x2b535f5379d0, 1, 0xffffffff, 0x2b536413bd00) = 0x2b5364057be0
23391   0.002417 libjvm.so->fopen(0x2b535f5379d0, 0x2b5360dc0ccb, 4, 0x6f732e70) = 0x2b536413bdf0
23391   0.003304 libjvm.so->dlopen(0x2b535f5379d0, 1, 0xffffffff, 0x2b536413bd00) = 0x2b5364057be0
23391   0.008559 libjvm.so->fopen(0x2b535f5379d0, 0x2b5360dc0ccb, 4, 0x6f732e70) = 0x2b536413bdf0
23391   0.003290 libjvm.so->dlopen(0x2b535f5379d0, 1, 0xffffffff, 0x2b536413bd00) = 0x2b5364057be0
23391   0.001806 libjvm.so->fopen(0x2b535f5379d0, 0x2b5360dc0ccb, 4, 0x6f732e70) = 0x2b536413cda0
23391   0.003350 libjvm.so->dlopen(0x2b535f5379d0, 1, 0xffffffff, 0x2b536413bd00) = 0x2b5364057be0
23391   0.001664 libjvm.so->fopen(0x2b535f5379d0, 0x2b5360dc0ccb, 4, 0x6f732e70) = 0x2b536413cda0
23391   0.002574 libjvm.so->dlopen(0x2b535f5379d0, 1, 0xffffffff, 0x2b536413bd00) = 0x2b5364057be0
23391   0.001700 libjvm.so->fopen(0x2b535f5379d0, 0x2b5360dc0ccb, 4, 0x6f732e70) = 0x2b536413cda0
23391   0.002728 libjvm.so->dlopen(0x2b535f5379d0, 1, 0xffffffff, 0x2b536413bd00) = 0x2b5364057be0
23391   0.001681 libjvm.so->fopen(0x2b535f5379d0, 0x2b5360dc0ccb, 4, 0x6f732e70) = 0x2b536413cda0
23391   0.002661 libjvm.so->dlopen(0x2b535f5379d0, 1, 0xffffffff, 0x2b536413bd00) = 0x2b5364057be0
23391   0.790070 libjvm.so->fopen(0x2b53641eb3b0, 0x2b5360dc0ccb, 0x6f732e72656761, 0x6567616e616d746e) = 0x2b53641eb490
23391   0.003281 libjvm.so->dlopen(0x2b53641eb3b0, 1, 0xffffffff, 0x2b53641eb400) = 0x2b53641eb490
23391   0.021549 libjvm.so->pthread_attr_setdetachstate(0x2b535f539df0, 1, 0, 0) = 0
23391   0.001713 libpthread.so.0->__clone(0x2b535f62ade0, 0x2b5379bc4fc0, 0x3d0f00, 0x2b5379bc5700) = 0x5bc4
23391   0.025185 libjvm.so->fopen(0x2b536422f4f0, 0x2b5360dc0ccb, 4, 0x6f732e74) = 0x2b536411f870
23391   0.003438 libjvm.so->dlopen(0x2b536422f4f0, 1, 0xffffffff, 0x2b536411f800) = 0x2b536415ceb0
23391   0.136826 libjvm.so->open64(0x2b535f5380c0, 0, 0, 0) = 14
23391   0.001967 libjvm.so->__fxstat64(1, 14, 0x2b535f537ef0, -1) = 0
23391   0.179224 libjvm.so->fopen(0x2b535f539b50, 0x2b5360dc0ccb, 0x6f732e, 0x6d766a62696c2f72) = 0x2b5364320b60
23391   0.006471 libjvm.so->dlopen(0x2b535f539b50, 1, 0xffffffff, 0x2b536433de00) = 0x564e396a04c0
23391   0.004470 libjvm.so->fopen(0x2b535f539b50, 0x2b5360dc0ccb, 0x6f732e, 0x6d766a62696c2f72) = 0x2b5364320b60
23391   0.004416 libjvm.so->dlopen(0x2b535f539b50, 1, 0xffffffff, 0x2b536433de00) = 0x564e396a04c0
23391   0.002064 libjvm.so->fopen(0x2b535f539b50, 0x2b5360dc0ccb, 0x6f732e, 0x6d766a62696c2f72) = 0x2b5364316240
23391   0.006990 libjvm.so->dlopen(0x2b535f539b50, 1, 0xffffffff, 0x2b536433de00) = 0x564e396a04c0
23391   0.001821 libjvm.so->fopen(0x2b535f539b50, 0x2b5360dc0ccb, 0x6f732e, 0x6d766a62696c2f72) = 0x2b5364316240
23391   0.005161 libjvm.so->dlopen(0x2b535f539b50, 1, 0xffffffff, 0x2b536433de00) = 0x564e396a04c0
23391   0.033217 libjvm.so->fopen(0x2b535f5396e0, 0x2b5360dc0ccb, 4, 0x6f732e6f) = 0x2b5364316240
23391   0.003571 libjvm.so->dlopen(0x2b535f5396e0, 1, 0xffffffff, 0x2b5364345100) = 0x2b536415c810
23391   0.001789 libjvm.so->fopen(0x2b535f5396e0, 0x2b5360dc0ccb, 4, 0x6f732e6f) = 0x2b5364316240
23391   0.003768 libjvm.so->dlopen(0x2b535f5396e0, 1, 0xffffffff, 0x2b5364345100) = 0x2b536415c810
23391   0.001867 libjvm.so->fopen(0x2b535f5396e0, 0x2b5360dc0ccb, 4, 0x6f732e6f) = 0x2b5364316240
23391   0.003891 libjvm.so->dlopen(0x2b535f5396e0, 1, 0xffffffff, 0x2b5364345100) = 0x2b536415c810
23391   0.001835 libjvm.so->fopen(0x2b535f5396e0, 0x2b5360dc0ccb, 4, 0x6f732e6f) = 0x2b5364316240
23391   0.003925 libjvm.so->dlopen(0x2b535f5396e0, 1, 0xffffffff, 0x2b5364345100) = 0x2b536415c810
23391   0.262410 libjvm.so->open64(0x2b5364459a20, 0, 0, 32) = 23
23391   0.005707 libjvm.so->__fxstat64(1, 23, 0x2b535f53a780, -1) = 0
23391   0.746156 --- SIGSEGV (Segmentation fault) ---
23391   0.234443 --- SIGSEGV (Segmentation fault) ---
23403   0.001952 --- SIGSEGV (Segmentation fault) ---
23402   0.000076 --- SIGSEGV (Segmentation fault) ---
23391   0.000028 --- SIGSEGV (Segmentation fault) ---
23403   0.002175 --- SIGSEGV (Segmentation fault) ---
23391   0.003754 --- SIGSEGV (Segmentation fault) ---
23391   0.001227 --- SIGSEGV (Segmentation fault) ---
23391   0.000688 --- SIGSEGV (Segmentation fault) ---
23391   0.001586 --- SIGSEGV (Segmentation fault) ---
23391  16.271784 --- SIGSEGV (Segmentation fault) ---
23402   0.001385 --- SIGSEGV (Segmentation fault) ---
23391   0.000113 --- SIGSEGV (Segmentation fault) ---
23406   0.550862 +++ exited (status 0) +++
23401   0.000419 +++ exited (status 0) +++
23397   0.010416 +++ exited (status 0) +++
23391   0.000263 +++ exited (status 0) +++
23492   0.001426 +++ exited (status 0) +++
23404   0.000028 +++ exited (status 0) +++
23403   0.000015 +++ exited (status 0) +++
23402   0.000013 +++ exited (status 0) +++
23400   0.000011 +++ exited (status 0) +++
23399   0.027612 +++ exited (status 0) +++
23390   0.000158 +++ exited (status 0) +++
Wrote an ltrace for command: "java -cp ./tools/maxent.jar density.MaxEnt -s outputs/Phycitodes_albatella_Ragonot.csv -e data/layers/worldclim -o outputs/Phycitodes_albatella_Ragonot nowarnings nocache autorun -z" with PID 23388 from PPID 23370 on disc25.crc.nd.edu with result 0
REMOTEHOST=10.17.148.247
MANPATH=/afs/crc.nd.edu/user/n/nkremerh/cctools/share/man/:/afs/crc.nd.edu/group/ccl/software/x86_64/redhat7/ruby/current/share/man:/afs/crc.nd.edu/group/ccl/software/x86_64/redhat7/graphviz/current/share/man:/afs/crc.nd.edu/group/ccl/software/x86_64/redhat7/gnuplot/current/share/man:/afs/crc.nd.edu/group/ccl/software/x86_64/redhat7/git/current/share/man:/afs/crc.nd.edu/group/ccl/software/x86_64/redhat7/condor/current/share/man:/afs/crc.nd.edu/group/ccl/software/x86_64/redhat7/clang/current/share/man:/afs/crc.nd.edu/group/ccl/software/x86_64/redhat7/condor/current/share/man:/afs/crc.nd.edu/group/ccl/software/x86_64/redhat7/cctools/current/share/man:/afs/crc.nd.edu/group/ccl/software/x86_64/redhat7/cctools/current/share/man:/afs/crc.nd.edu/x86_64_linux/Modules/4.5.0/share/man:/opt/crc/usr/local/man:/opt/sge/man:/usr/share/man/overrides:/usr/share/man:/usr/local/share/man
_CONDOR_JOB_PIDS=
XDG_SESSION_ID=2686
HOSTNAME=disc01.crc.nd.edu
_CONDOR_ANCESTOR_3764=17350:1599499132:1712875697
_LMFILES__modshare=/afs/crc.nd.edu/x86_64_linux/Modules/modules/system_modules/CRC_default/1.1:1
MODULEPATH_modshare=/afs/crc.nd.edu/x86_64_linux/Modules/modules/general_software:1:/afs/crc.nd.edu/x86_64_linux/Modules/modules/development_tools_and_libraries:1:/afs/crc.nd.edu/x86_64_linux/Modules/modules/system_modules:1:/afs/crc.nd.edu/x86_64_linux/Modules/current/modulefiles:1:/afs/crc.nd.edu/x86_64_linux/Modules/modules/restricted_software:1:/afs/crc.nd.edu/x86_64_linux/Modules/modules/deprecated_software:1
TERM=xterm-256color
SHELL=/bin/tcsh
HOST=disc01.crc.nd.edu
MODULES_CMD=/afs/crc.nd.edu/x86_64_linux/Modules/4.5.0/libexec/modulecmd.tcl
HISTSIZE=5000
MAKEFLAGS=
SSH_CLIENT=10.17.148.247 49750 22
TMPDIR=/var/condor/execute/dir_17350/worker-213124-17416/t.843/cctools-temp-t.843.kxybed
PERL5LIB=/afs/crc.nd.edu/user/n/nkremerh/cctools/lib/perl5/site_perl/5.16.3:/afs/crc.nd.edu/user/n/nkremerh/.perl5/lib/perl5
SGE_CELL=crc
_CONDOR_SCRATCH_DIR=/var/condor/execute/dir_17350
PERL_MB_OPT=--install_base '/afs/crc.nd.edu/user/n/nkremerh/.perl5/'
_CONDOR_ANCESTOR_17350=17367:1599499133:3234713304
SSH_TTY=/dev/pts/0
SGE_LOAD_AVG=load_avg
MAKEFLOW_MAX_LOCAL_JOBS=2
GROUP=campus
USER=nkremerh
_CHIRP_DELAYED_UPDATE_PREFIX=Chirp*
HISTFILESIZE=10000
TEMP=/var/condor/execute/dir_17350/worker-213124-17416/t.843/cctools-temp-t.843.kxybed
LD_LIBRARY_PATH=/afs/crc.nd.edu/group/ccl/software/x86_64/redhat7/ruby/current/lib:/afs/crc.nd.edu/group/ccl/software/x86_64/redhat7/graphviz/current/lib:/afs/crc.nd.edu/group/ccl/software/x86_64/redhat7/git/current/lib:/afs/crc.nd.edu/group/ccl/software/x86_64/redhat7/condor/current/lib:/afs/crc.nd.edu/group/ccl/software/x86_64/redhat7/clang/current/lib:/afs/crc.nd.edu/group/ccl/software/x86_64/redhat7/condor/current/lib:/afs/crc.nd.edu/group/ccl/software/x86_64/redhat7/cctools/current/lib:/opt/crc/usr/local/lib
BATCH_SYSTEM=HTCondor
MODULES_LMALTNAME=CRC_default/1.1&CRC_default/default&CRC_default
ENV=/afs/crc.nd.edu/x86_64_linux/Modules/4.5.0/init/profile.sh
WORKER_TMPDIR=/var/condor/execute/dir_17350/worker-213124-17416/cache/tmp
HOSTTYPE=x86_64-linux
_CONDOR_HIGHPORT=9999
GLOBUS_GSSAPI_MAX_TLS_PROTOCOL=0
_CONDOR_CHIRP_CONFIG=/var/condor/execute/dir_17350/.chirp.config
MAKELEVEL=1
MFLAGS=
MAIL=/var/spool/mail/nkremerh
PATH=/afs/crc.nd.edu/user/n/nkremerh/cctools/bin:/afs/crc.nd.edu/user/n/nkremerh/miniconda/bin:/afs/crc.nd.edu/group/ccl/software/git:/afs/crc.nd.edu/user/n/nkremerh/.local/bin:/afs/crc.nd.edu/group/ccl/software/x86_64/redhat7/povray/3.7/bin:/afs/crc.nd.edu/user/n/nkremerh/.perl5/bin:/afs/crc.nd.edu/user/n/nkremerh/pegasus/bin:/afs/crc.nd.edu/user/n/nkremerh/nodejs/bin:/afs/crc.nd.edu/user/n/nkremerh/montage/bin:/afs/crc.nd.edu/user/n/nkremerh/latexdiff:/afs/crc.nd.edu/user/n/nkremerh/envtrace:/afs/crc.nd.edu/user/n/nkremerh/endlines:/afs/crc.nd.edu/user/n/nkremerh/cctools/bin:/afs/crc.nd.edu/user/n/nkremerh/.cargo/bin:/afs/crc.nd.edu/group/ccl/software/x86_64/redhat7/ruby/current/bin:/afs/crc.nd.edu/group/ccl/software/x86_64/redhat7/graphviz/current/bin:/afs/crc.nd.edu/group/ccl/software/x86_64/redhat7/gnuplot/current/bin:/afs/crc.nd.edu/group/ccl/software/x86_64/redhat7/git/current/bin:/afs/crc.nd.edu/group/ccl/software/x86_64/redhat7/condor/current/sbin:/afs/crc.nd.edu/group/ccl/software/x86_64/redhat7/condor/current/bin:/afs/crc.nd.edu/group/ccl/software/x86_64/redhat7/cmake/current/bin:/afs/crc.nd.edu/group/ccl/software/x86_64/redhat7/clang/current/bin:/afs/crc.nd.edu/group/ccl/software/x86_64/redhat7/condor/current/sbin:/afs/crc.nd.edu/group/ccl/software/x86_64/redhat7/condor/current/bin:/afs/crc.nd.edu/group/ccl/software/x86_64/redhat7/cctools/current/bin:/afs/crc.nd.edu/x86_64_linux/Modules/4.5.0/bin:/opt/crc/usr/local/bin:/opt/sge/bin/lx-amd64:/usr/local/bin:/usr/bin:/usr/local/sbin:/usr/sbin:/afs/crc.nd.edu/user/c/condor/software/bin:/afs/crc.nd.edu/user/c/condor/software/sbin
CCLSOFTWARE=/afs/crc.nd.edu/group/ccl/software/x86_64/redhat7
PWD=/var/condor/execute/dir_17350/worker-213124-17416/t.843
_LMFILES_=/afs/crc.nd.edu/x86_64_linux/Modules/modules/system_modules/CRC_default/1.1
EDITOR=vim
SGE_EXECD_PORT=6445
LANG=en_US.UTF-8
SGE_QMASTER_PORT=6444
MODULEPATH=/afs/crc.nd.edu/x86_64_linux/Modules/modules/development_tools_and_libraries:/afs/crc.nd.edu/x86_64_linux/Modules/modules/general_software:/afs/crc.nd.edu/x86_64_linux/Modules/modules/restricted_software:/afs/crc.nd.edu/x86_64_linux/Modules/modules/system_modules:/afs/crc.nd.edu/x86_64_linux/Modules/modules/deprecated_software:/afs/crc.nd.edu/x86_64_linux/Modules/current/modulefiles
LOADEDMODULES=CRC_default/1.1
SGE_ROOT=/opt/sge
CCLPLATFORM=x86_64/redhat7
_CONDOR_SLOT=slot2_1
WORK_QUEUE_SANDBOX=/var/condor/execute/dir_17350/worker-213124-17416
USE_SYSTEMD=true
_CONDOR_LOWPORT=9100
_CONDOR_ANCESTOR_3611=3764:1598184024:3503519607
HISTCONTROL=ignoreboth:erasedups
KRB5CCNAME=FILE:/tmp/krb5cc_213124_dlYXoi
GLOBUS_GSSAPI_NAME_COMPATIBILITY=STRICT_RFC2818
HOME=disc01.crc.nd.edu
SHLVL=6
PATH_modshare=/opt/crc/usr/local/bin:1:/opt/sge/bin/lx-amd64:1:/usr/sbin:1:/usr/bin:1:/afs/crc.nd.edu/user/c/condor/software/sbin:1:/usr/local/sbin:1:/afs/crc.nd.edu/user/c/condor/software/bin:1:/usr/local/bin:1
OSTYPE=linux
_CONDOR_MACHINE_AD=/var/condor/execute/dir_17350/.machine.ad
GREP_OPTIONS=--color=auto
DISK=18234
GLOBUS_GSSAPI_MIN_TLS_PROTOCOL=TLS1_VERSION
MANPATH_modshare=/usr/share/man/overrides:1:/usr/local/share/man:1:/usr/share/man:1:/opt/crc/usr/local/man:1:/opt/sge/man:1
MEMORY=1948
PERL_LOCAL_LIB_ROOT=/afs/crc.nd.edu/user/n/nkremerh/.perl5/
BASH_ENV=/afs/crc.nd.edu/x86_64_linux/Modules/4.5.0/init/bash
VENDOR=unknown
TMP=/var/condor/execute/dir_17350/worker-213124-17416/t.843/cctools-temp-t.843.kxybed
LOGNAME=nkremerh
MACHTYPE=x86_64
CCLHOME=/afs/crc.nd.edu/group/ccl
PYTHONPATH=/afs/crc.nd.edu/user/n/nkremerh/cctools/lib/python3.6/site-packages/
LD_LIBRARY_PATH_modshare=/opt/crc/usr/local/lib:1
SSH_CONNECTION=10.17.148.247 49750 129.74.128.103 22
MODULES_LMALTNAME_modshare=CRC_default/1.1&CRC_default/default&CRC_default:1
MODULESHOME=/afs/crc.nd.edu/x86_64_linux/Modules/4.5.0
GLOBUS_GSSAPI_CIPHERS=HIGH
GLOBUS_GSSAPI_BACKWARD_COMPATIBLE_MIC=true
LESSOPEN=||/usr/bin/lesspipe.sh %s
OMP_NUM_THREADS=1
_CONDOR_JOB_AD=/var/condor/execute/dir_17350/.job.ad
LOADEDMODULES_modshare=CRC_default/1.1:1
XDG_RUNTIME_DIR=/run/user/213124
SGE_CLUSTER_NAME=CRC
CCTOOLS=../cctools
CORES=2
_CONDOR_JOB_IWD=/var/condor/execute/dir_17350
PERL_MM_OPT=INSTALL_BASE=/afs/crc.nd.edu/user/n/nkremerh/.perl5/
GLOBUS_GSSAPI_SERVER_CIPHER_ORDER=true
BASH_FUNC_module()=() {  unset _mlshdbg;
 if [ "${MODULES_SILENT_SHELL_DEBUG:-0}" = '1' ]; then
 case "$-" in 
 *v*x*)
 set +vx;
 _mlshdbg='vx'
 ;;
 *v*)
 set +v;
 _mlshdbg='v'
 ;;
 *x*)
 set +x;
 _mlshdbg='x'
 ;;
 *)
 _mlshdbg=''
 ;;
 esac;
 fi;
 unset _mlre _mlIFS;
 if [ -n "${IFS+x}" ]; then
 _mlIFS=$IFS;
 fi;
 IFS=' ';
 for _mlv in ${MODULES_RUN_QUARANTINE:-};
 do
 if [ "${_mlv}" = "${_mlv##*[!A-Za-z0-9_]}" -a "${_mlv}" = "${_mlv#[0-9]}" ]; then
 if [ -n "`eval 'echo ${'$_mlv'+x}'`" ]; then
 _mlre="${_mlre:-}${_mlv}_modquar='`eval 'echo ${'$_mlv'}'`' ";
 fi;
 _mlrv="MODULES_RUNENV_${_mlv}";
 _mlre="${_mlre:-}${_mlv}='`eval 'echo ${'$_mlrv':-}'`' ";
 fi;
 done;
 if [ -n "${_mlre:-}" ]; then
 eval `eval ${_mlre}/usr/bin/tclsh /afs/crc.nd.edu/x86_64_linux/Modules/4.5.0/libexec/modulecmd.tcl bash '"$@"'`;
 else
 eval `/usr/bin/tclsh /afs/crc.nd.edu/x86_64_linux/Modules/4.5.0/libexec/modulecmd.tcl bash "$@"`;
 fi;
 _mlstatus=$?;
 if [ -n "${_mlIFS+x}" ]; then
 IFS=$_mlIFS;
 else
 unset IFS;
 fi;
 unset _mlre _mlv _mlrv _mlIFS;
 if [ -n "${_mlshdbg:-}" ]; then
 set -$_mlshdbg;
 fi;
 unset _mlshdbg;
 return $_mlstatus
}
BASH_FUNC_ml()=() {  module ml "$@"
}
_=/usr/bin/printenv
