20447   0.000000 libjli.so->getenv("_JAVA_LAUNCHER_DEBUG") = nil
20447   0.001198 libjli.so->getenv("_JAVA_VERSION_SET") = nil
20447   0.000442 libjli.so->fopen("/usr/lib/jvm/java-1.8.0-openjdk-1.8.0.262.b10-0.el7_8.x86_64/jre/lib/amd64/jvm.cfg", "r") = 0x55f2aa8230f0
20447   0.000515 libjli.so->getenv("JDK_ALTERNATE_VM") = nil
20447   0.000211 libjli.so->__xstat(1, "/usr/lib/jvm/java-1.8.0-openjdk-1.8.0.262.b10-0.el7_8.x86_64/jre/lib/amd64/server/libjvm.so", 0x7ffd932b9f10) = 0
20447   0.000379 libjli.so->getenv("LD_LIBRARY_PATH") = "/afs/crc.nd.edu/group/ccl/software/x86_64/redhat7/ruby/current/lib:/afs/crc.nd.edu/group/ccl/software/x86_64/redhat7/graphviz/current/lib:/afs/crc.nd.edu/group/ccl/software/x86_64/redhat7/git/current/lib:/afs/crc.nd.edu/group/ccl/software/x86_64/redhat7/condor/current/lib:/afs/crc.nd.edu/group/ccl/software/x86_64/redhat7/clang/current/lib:/afs/crc.nd.edu/group/ccl/software/x86_64/redhat7/condor/current/lib:/afs/crc.nd.edu/group/ccl/software/x86_64/redhat7/cctools/current/lib:/opt/crc/usr/local/lib"
20447   0.001315 libjli.so->dlopen("/usr/lib/jvm/java-1.8.0-openjdk-1.8.0.262.b10-0.el7_8.x86_64/jre/lib/amd64/server/libjvm.so", 258 <unfinished ...>
20447   0.024101 libjvm.so->getenv("NMT_LEVEL_20447") = nil
20447   0.001062 <... dlopen resumed> )          = 0x55f2aa8234c0
20447   0.000047 libjli.so->getenv("CLASSPATH")  = nil
20447   0.000201 libjli.so->getenv("_JAVA_SPLASH_JAR") = nil
20447   0.000193 libjli.so->getenv("_JAVA_SPLASH_FILE") = nil
20447   0.000198 libjli.so->pthread_attr_setdetachstate(0x7ffd932b9ec0, 0, 0x7ffd932b9f50, 0) = 0
20447   0.000278 libpthread.so.0->__clone(0x2b957e765de0, 0x2b957e678fc0, 0x3d0f00, 0x2b957e679700) = 0x4fe5
20453   0.001179 libjvm.so->dlopen(0x2b957ff449ae, 1, 0xfffffffffff42c48, 4096) = 0x2b9584000990
20453   0.001609 libjvm.so->getenv(0x2b957ff5f83e, 0, 115, 0x65737361) = 0x7ffd932c070e
20453   0.000289 libjvm.so->fopen(0x2b957e677c10, 0x2b957fefbccb, 0x6f732e79666972, 0x2b957f03dab0) = 0x2b9584001440
20453   0.000870 libjvm.so->dlopen(0x2b957e677c10, 1, 0xffffffff, 0x2b9584002b00) = 0x2b9584001440
20453   0.000942 libjvm.so->fopen(0x2b957e677c10, 0x2b957fefbccb, 111, 0x732e6176) = 0x2b9584001b10
20453   0.001107 libjvm.so->dlopen(0x2b957e677c10, 1, 0xffffffff, 0x2b9584001a00) = 0x2b9584001b10
20453   0.001003 libjvm.so->__xstat(1, 0x2b957e678360, 0x2b957e678ba0, 0x746f7073746f682e) = -1
20453   0.000332 libjvm.so->getenv(0x2b957fef4541, 0x2b957e6786d0, 1024, 0x2b95803ae61b) = 0
20453   0.000315 libjvm.so->getenv(0x2b957fef4533, 0x2b957e6786d0, 1024, 0) = 0
20453   0.000273 libjvm.so->fopen(0x2b957ff44315, 0x2b957fefbccb, 4095, 0xffffd46a8010bb03) = 0x2b9584003270
20453   0.000715 libjvm.so->fopen(0x2b957ff44361, 0x2b957fefbccb, 0x2b9584000078, 0x2b9584003260) = 0x2b9584003270
20453   0.000465 libjvm.so->fopen(0x2b957e6729b0, 0x2b957fefbccb, 4016, 3997) = 0x2b9584003270
20453   0.000418 libjvm.so->opendir(0x2b9584002b40, 0x2b9584002b40, 13, 16) = 0
20453   0.000289 libjvm.so->__xstat(1, 0x2b957e6778f0, 0x2b957e676860, 0x6f732e7477616d62) = -1
20453   0.000289 libjvm.so->__xstat(1, 0x2b957e6778f0, 0x2b957e676860, 0x5f74776162696c2f) = 0
20453   0.000355 libjvm.so->fopen(0x2b957e676b90, 0x2b957fefbccb, 4011, 3996) = 0x2b9584003750
20453   0.000399 libjvm.so->fopen(0x2b957e676b90, 0x2b957fefbccb, 4011, 3996) = 0x2b9584003750
20453   0.000393 libjvm.so->fopen(0x2b957e676b90, 0x2b957fefbccb, 4011, 4004) = 0x2b9584003750
20453   0.000417 libjvm.so->fopen(0x2b957e676b20, 0x2b957fefbccb, 4011, 3996) = 0x2b9584003750
20453   0.000386 libjvm.so->fopen(0x2b957e676b20, 0x2b957fefbccb, 4011, 3996) = 0x2b9584003750
20453   0.000438 libjvm.so->fopen(0x2b957e676b20, 0x2b957fefbccb, 4011, 4004) = 0x2b9584003750
20453   0.000405 libjvm.so->fopen(0x2b957e676b50, 0x2b957fefbccb, 4016, 3997) = 0x2b9584003750
20453   0.000531 libjvm.so->getenv(0x2b957ff450ff, 4096, 3, -1) = 0
20453   0.000573 libjvm.so->fopen(0x2b957ff44998, 0x2b957fefbccb, 0x2b957e75c908, 0x2b957e75bdf0) = 0x2b9584003750
20453   0.003226 libjvm.so->open(0x2b958404a540, 0x20000, 0, 0x2b958404a589) = 3
20453   0.000313 libjvm.so->__fxstat(1, 3, 0x2b957e678a00, -1) = 0
20453   0.000323 libjvm.so->opendir(0x2b958404a540, 0x2b957e678a00, 0x4000, -1) = 0x2b958404b450
20453   0.000322 libjvm.so->__fxstat(1, 3, 0x2b957e6788a0, 0x2b958404b450) = 0
20453   0.000281 libjvm.so->__fxstat(1, 5, 0x2b957e678930, -1) = 0
20453   0.000292 libjvm.so->open(0x2b957ff129dc, 0, 0, 0) = 3
20453   0.000447 libjvm.so->__lxstat(1, 0x2b958404a540, 0x2b957e678b50, -144) = 0
20453   0.000324 libjvm.so->open(0x2b958404a540, 0x20000, 0x4000, -1) = 3
20453   0.000282 libjvm.so->__fxstat(1, 3, 0x2b957e678a00, -1) = 0
20453   0.000320 libjvm.so->opendir(0x2b958404a540, 0x2b957e678a00, 0x4000, -1) = 0x2b958404b450
20453   0.000283 libjvm.so->__fxstat(1, 3, 0x2b957e6788a0, 0x2b958404b450) = 0
20453   0.000293 libjvm.so->__fxstat(1, 5, 0x2b957e678930, -1) = 0
20453   0.000308 libjvm.so->open(0x2b957ff129dc, 0, 0, 0) = 3
20453   0.000308 libjvm.so->open(0x2b958404a589, 0x20042, 384, -1) = 7
20453   0.000385 libjvm.so->__fxstat(1, 7, 0x2b957e678b50, -1) = 0
20453   0.001100 libjvm.so->fopen(0x2b957e677b60, 0x2b957fefbccb, 4, 0x6f732e70) = 0x2b9584057ba0
20453   0.000996 libjvm.so->dlopen(0x2b957e677b60, 1, 0xffffffff, 0x2b9584057b00) = 0x2b9584057ba0
20453   0.000968 libjvm.so->__xstat(1, 0x2b957e678120, 0x2b957e678950, 2048) = 0
20453   0.000291 libjvm.so->__xstat(1, 0x2b957e678120, 0x2b957e678950, 2048) = 0
20453   0.000339 libjvm.so->__xstat(1, 0x2b957e678120, 0x2b957e678950, 2048) = -1
20453   0.000278 libjvm.so->__xstat(1, 0x2b957e678120, 0x2b957e678950, 2048) = 0
20453   0.000287 libjvm.so->__xstat(1, 0x2b957e678120, 0x2b957e678950, 2048) = 0
20453   0.000286 libjvm.so->__xstat(1, 0x2b957e678120, 0x2b957e678950, 2048) = 0
20453   0.000281 libjvm.so->__xstat(1, 0x2b957e678120, 0x2b957e678950, 2048) = 0
20453   0.000279 libjvm.so->__xstat(1, 0x2b957e678120, 0x2b957e678950, 2048) = -1
20453   0.000301 libjvm.so->fopen(0x2b9584002520, 0x2b957fefbccb, 0, 0) = 0x2b9584058a40
20453   0.006443 libjvm.so->open64(0x2b957e677410, 0, 0, 16) = 3
20453   0.000347 libjvm.so->__fxstat64(1, 3, 0x2b957e677240, -1) = 0
20453   0.024477 libjvm.so->__xstat(1, 0x2b957e677f20, 0x2b957e678750, 2048) = -1
20453   0.000435 libjvm.so->fopen(0x2b957e676b20, 0x2b957fefbccb, 4011, 3996) = 0x2b95840b1fd0
20453   0.000429 libjvm.so->fopen(0x2b957e676b20, 0x2b957fefbccb, 4011, 3996) = 0x2b95840b1fd0
20453   0.000382 libjvm.so->fopen(0x2b957e676b20, 0x2b957fefbccb, 4011, 4004) = 0x2b95840b1fd0
20453   0.002951 libjvm.so->pthread_attr_setdetachstate(0x2b957e678c00, 1, 0, 0) = 0
20453   0.000338 libpthread.so.0->__clone(0x2b957e765de0, 0x2b9583fe9fc0, 0x3d0f00, 0x2b9583fea700) = 0x4fe6
20453   0.010322 libjvm.so->pthread_attr_setdetachstate(0x2b957e678290, 1, 0, 0) = 0
20453   0.000494 libpthread.so.0->__clone(0x2b957e765de0, 0x2b95970fffc0, 0x3d0f00, 0x2b9597100700) = 0x4fe7
20453   0.004666 libjvm.so->pthread_attr_setdetachstate(0x2b957e678610, 1, 0, 0) = 0
20453   0.000547 libpthread.so.0->__clone(0x2b957e765de0, 0x2b9597200fc0, 0x3d0f00, 0x2b9597201700) = 0x4fe8
20453   0.026852 libjvm.so->fopen(0x2b95840e9160, 0x2b957fefbccb, 4, 0x6f732e70) = 0x2b95840f1ca0
20453   0.001382 libjvm.so->dlopen(0x2b95840e9160, 1, 0xffffffff, 0x2b95840ec300) = 0x2b9584057ba0
20453   0.003301 libjvm.so->open64(0x2b957e677510, 0, 0, 16) = 5
20453   0.000573 libjvm.so->__fxstat64(1, 5, 0x2b957e677340, -1) = 0
20453   0.013417 libjvm.so->fopen(0x2b957e674130, 0x2b957fefbccb, 4011, 3996) = 0x2b95840fcbf0
20453   0.000795 libjvm.so->fopen(0x2b957e674130, 0x2b957fefbccb, 4011, 3996) = 0x2b95840fcbf0
20453   0.000696 libjvm.so->fopen(0x2b957e674130, 0x2b957fefbccb, 4011, 4004) = 0x2b95840fcbf0
20453   0.011280 libjvm.so->pthread_attr_setdetachstate(0x2b957e678b50, 1, 0, 0) = 0
20453   0.001030 libpthread.so.0->__clone(0x2b957e765de0, 0x2b9597301fc0, 0x3d0f00, 0x2b9597302700) = 0x4fe9
20453   0.001397 libjvm.so->__xstat64(1, 0x2b957e678be0, 0x2b957e678b50, 19) = -1
20453   0.001204 libjvm.so->pthread_attr_setdetachstate(0x2b957e678950, 1, 0, 0) = 0
20453   0.001073 libpthread.so.0->__clone(0x2b957e765de0, 0x2b9597402fc0, 0x3d0f00, 0x2b9597403700) = 0x4fea
20453   0.001704 libjvm.so->pthread_attr_setdetachstate(0x2b957e678950, 1, 0, 0) = 0
20453   0.001307 libpthread.so.0->__clone(0x2b957e765de0, 0x2b9597503fc0, 0x3d0f00, 0x2b9597504700) = 0x4feb
20453   0.008595 libjvm.so->pthread_attr_setdetachstate(0x2b957e678aa0, 1, 0, 0) = 0
20453   0.001405 libpthread.so.0->__clone(0x2b957e765de0, 0x2b9597604fc0, 0x3d0f00, 0x2b9597605700) = 0x4fec
20453   0.002481 libjvm.so->pthread_attr_setdetachstate(0x2b957e678bb0, 1, 0, 0) = 0
20453   0.003936 libpthread.so.0->__clone(0x2b957e765de0, 0x2b9597705fc0, 0x3d0f00, 0x2b9597706700) = 0x4fed
20453   0.015279 libjvm.so->open64(0x2b958412e980, 0, 0, 0) = 7
20453   0.001757 libjvm.so->__fxstat64(1, 7, 0x2b957e675f60, -1) = 0
20453   0.025733 libjvm.so->fopen(0x2b95841546d0, 0x2b957fefbccb, 4, 0x6f732e6f) = 0x2b9584154790
20453   0.003107 libjvm.so->dlopen(0x2b95841546d0, 1, 0xffffffff, 0x2b9584154700) = 0x2b9584154790
20453   0.128155 libjvm.so->fopen(0x2b958419a550, 0x2b957fefbccb, 4, 0x6f732e74) = 0x2b958419d800
20453   0.003081 libjvm.so->dlopen(0x2b958419a550, 1, 0xffffffff, 0x2b958419d700) = 0x2b95841a7bb0
20453   0.135419 libjvm.so->fopen(0x2b9584220c10, 0x2b957fefbccb, 0x6f732e7373656c, 0x656c646165685f74) = 0x2b9584220cf0
20453   0.005761 libjvm.so->dlopen(0x2b9584220c10, 1, 0xffffffff, 0x2b9584220c00) = 0x2b9584220cf0
20453   0.024489 libjvm.so->fopen(0x2b957e671990, 0x2b957fefbccb, 0x6f732e, 0x6d766a62696c2f72) = 0x2b958422ab80
20453   0.006028 libjvm.so->dlopen(0x2b957e671990, 1, 0xffffffff, 0x2b958422a100) = 0x55f2aa8234c0
20453   0.003125 libjvm.so->fopen(0x2b957e671990, 0x2b957fefbccb, 0x6f732e, 0x6d766a62696c2f72) = 0x2b958422ab20
20453   0.007761 libjvm.so->dlopen(0x2b957e671990, 1, 0xffffffff, 0x2b958422a100) = 0x55f2aa8234c0
20453   0.001677 libjvm.so->fopen(0x2b957e671990, 0x2b957fefbccb, 0x6f732e, 0x6d766a62696c2f72) = 0x2b958422ab20
20453   0.003864 libjvm.so->dlopen(0x2b957e671990, 1, 0xffffffff, 0x2b958422a100) = 0x55f2aa8234c0
20453   0.005283 libjvm.so->fopen(0x2b957e671990, 0x2b957fefbccb, 0x6f732e, 0x6d766a62696c2f72) = 0x2b958422ab20
20453   0.003875 libjvm.so->dlopen(0x2b957e671990, 1, 0xffffffff, 0x2b958422a100) = 0x55f2aa8234c0
20453   0.528346 --- SIGSEGV (Segmentation fault) ---
20453   3.113839 --- SIGSEGV (Segmentation fault) ---
20461   9.130093 +++ exited (status 0) +++
20457   0.000285 +++ exited (status 0) +++
20454   0.000306 +++ exited (status 0) +++
20453   0.000284 +++ exited (status 0) +++
20458   0.000351 +++ exited (status 0) +++
20460   0.000028 +++ exited (status 0) +++
20456   0.000016 +++ exited (status 0) +++
20455   0.000014 +++ exited (status 0) +++
20459   0.022279 +++ exited (status 0) +++
20447   0.000048 +++ exited (status 0) +++
Wrote an ltrace for command: "java -cp ./tools/maxent.jar density.MaxEnt -s outputs/Itheum_robustum_Oke.csv -e data/layers/worldclim -o outputs/Itheum_robustum_Oke nowarnings nocache autorun -z" with PID 20444 from PPID 20426 on disc20.crc.nd.edu with result 0
REMOTEHOST=10.17.148.247
MANPATH=/afs/crc.nd.edu/user/n/nkremerh/cctools/share/man/:/afs/crc.nd.edu/group/ccl/software/x86_64/redhat7/ruby/current/share/man:/afs/crc.nd.edu/group/ccl/software/x86_64/redhat7/graphviz/current/share/man:/afs/crc.nd.edu/group/ccl/software/x86_64/redhat7/gnuplot/current/share/man:/afs/crc.nd.edu/group/ccl/software/x86_64/redhat7/git/current/share/man:/afs/crc.nd.edu/group/ccl/software/x86_64/redhat7/condor/current/share/man:/afs/crc.nd.edu/group/ccl/software/x86_64/redhat7/clang/current/share/man:/afs/crc.nd.edu/group/ccl/software/x86_64/redhat7/condor/current/share/man:/afs/crc.nd.edu/group/ccl/software/x86_64/redhat7/cctools/current/share/man:/afs/crc.nd.edu/group/ccl/software/x86_64/redhat7/cctools/current/share/man:/afs/crc.nd.edu/x86_64_linux/Modules/4.5.0/share/man:/opt/crc/usr/local/man:/opt/sge/man:/usr/share/man/overrides:/usr/share/man:/usr/local/share/man
_CONDOR_JOB_PIDS=
XDG_SESSION_ID=2686
HOSTNAME=disc01.crc.nd.edu
_LMFILES__modshare=/afs/crc.nd.edu/x86_64_linux/Modules/modules/system_modules/CRC_default/1.1:1
MODULEPATH_modshare=/afs/crc.nd.edu/x86_64_linux/Modules/modules/general_software:1:/afs/crc.nd.edu/x86_64_linux/Modules/modules/development_tools_and_libraries:1:/afs/crc.nd.edu/x86_64_linux/Modules/modules/system_modules:1:/afs/crc.nd.edu/x86_64_linux/Modules/current/modulefiles:1:/afs/crc.nd.edu/x86_64_linux/Modules/modules/restricted_software:1:/afs/crc.nd.edu/x86_64_linux/Modules/modules/deprecated_software:1
_CONDOR_ANCESTOR_3560=15197:1599499132:3669882436
TERM=xterm-256color
SHELL=/bin/tcsh
HOST=disc01.crc.nd.edu
MODULES_CMD=/afs/crc.nd.edu/x86_64_linux/Modules/4.5.0/libexec/modulecmd.tcl
HISTSIZE=5000
MAKEFLAGS=
SSH_CLIENT=10.17.148.247 49750 22
TMPDIR=/var/condor/execute/dir_15197/worker-213124-15245/t.777/cctools-temp-t.777.p16TPn
PERL5LIB=/afs/crc.nd.edu/user/n/nkremerh/cctools/lib/perl5/site_perl/5.16.3:/afs/crc.nd.edu/user/n/nkremerh/.perl5/lib/perl5
SGE_CELL=crc
_CONDOR_SCRATCH_DIR=/var/condor/execute/dir_15197
_CONDOR_ANCESTOR_3197=3560:1598183979:2962516177
PERL_MB_OPT=--install_base '/afs/crc.nd.edu/user/n/nkremerh/.perl5/'
SSH_TTY=/dev/pts/0
SGE_LOAD_AVG=load_avg
MAKEFLOW_MAX_LOCAL_JOBS=2
GROUP=campus
USER=nkremerh
_CHIRP_DELAYED_UPDATE_PREFIX=Chirp*
HISTFILESIZE=10000
TEMP=/var/condor/execute/dir_15197/worker-213124-15245/t.777/cctools-temp-t.777.p16TPn
LD_LIBRARY_PATH=/afs/crc.nd.edu/group/ccl/software/x86_64/redhat7/ruby/current/lib:/afs/crc.nd.edu/group/ccl/software/x86_64/redhat7/graphviz/current/lib:/afs/crc.nd.edu/group/ccl/software/x86_64/redhat7/git/current/lib:/afs/crc.nd.edu/group/ccl/software/x86_64/redhat7/condor/current/lib:/afs/crc.nd.edu/group/ccl/software/x86_64/redhat7/clang/current/lib:/afs/crc.nd.edu/group/ccl/software/x86_64/redhat7/condor/current/lib:/afs/crc.nd.edu/group/ccl/software/x86_64/redhat7/cctools/current/lib:/opt/crc/usr/local/lib
BATCH_SYSTEM=HTCondor
MODULES_LMALTNAME=CRC_default/1.1&CRC_default/default&CRC_default
ENV=/afs/crc.nd.edu/x86_64_linux/Modules/4.5.0/init/profile.sh
WORKER_TMPDIR=/var/condor/execute/dir_15197/worker-213124-15245/cache/tmp
HOSTTYPE=x86_64-linux
_CONDOR_HIGHPORT=9999
GLOBUS_GSSAPI_MAX_TLS_PROTOCOL=0
_CONDOR_CHIRP_CONFIG=/var/condor/execute/dir_15197/.chirp.config
MAKELEVEL=1
MFLAGS=
MAIL=/var/spool/mail/nkremerh
PATH=/afs/crc.nd.edu/user/n/nkremerh/cctools/bin:/afs/crc.nd.edu/user/n/nkremerh/miniconda/bin:/afs/crc.nd.edu/group/ccl/software/git:/afs/crc.nd.edu/user/n/nkremerh/.local/bin:/afs/crc.nd.edu/group/ccl/software/x86_64/redhat7/povray/3.7/bin:/afs/crc.nd.edu/user/n/nkremerh/.perl5/bin:/afs/crc.nd.edu/user/n/nkremerh/pegasus/bin:/afs/crc.nd.edu/user/n/nkremerh/nodejs/bin:/afs/crc.nd.edu/user/n/nkremerh/montage/bin:/afs/crc.nd.edu/user/n/nkremerh/latexdiff:/afs/crc.nd.edu/user/n/nkremerh/envtrace:/afs/crc.nd.edu/user/n/nkremerh/endlines:/afs/crc.nd.edu/user/n/nkremerh/cctools/bin:/afs/crc.nd.edu/user/n/nkremerh/.cargo/bin:/afs/crc.nd.edu/group/ccl/software/x86_64/redhat7/ruby/current/bin:/afs/crc.nd.edu/group/ccl/software/x86_64/redhat7/graphviz/current/bin:/afs/crc.nd.edu/group/ccl/software/x86_64/redhat7/gnuplot/current/bin:/afs/crc.nd.edu/group/ccl/software/x86_64/redhat7/git/current/bin:/afs/crc.nd.edu/group/ccl/software/x86_64/redhat7/condor/current/sbin:/afs/crc.nd.edu/group/ccl/software/x86_64/redhat7/condor/current/bin:/afs/crc.nd.edu/group/ccl/software/x86_64/redhat7/cmake/current/bin:/afs/crc.nd.edu/group/ccl/software/x86_64/redhat7/clang/current/bin:/afs/crc.nd.edu/group/ccl/software/x86_64/redhat7/condor/current/sbin:/afs/crc.nd.edu/group/ccl/software/x86_64/redhat7/condor/current/bin:/afs/crc.nd.edu/group/ccl/software/x86_64/redhat7/cctools/current/bin:/afs/crc.nd.edu/x86_64_linux/Modules/4.5.0/bin:/opt/crc/usr/local/bin:/opt/sge/bin/lx-amd64:/usr/local/bin:/usr/bin:/usr/local/sbin:/usr/sbin:/afs/crc.nd.edu/user/c/condor/software/bin:/afs/crc.nd.edu/user/c/condor/software/sbin
CCLSOFTWARE=/afs/crc.nd.edu/group/ccl/software/x86_64/redhat7
PWD=/var/condor/execute/dir_15197/worker-213124-15245/t.777
_LMFILES_=/afs/crc.nd.edu/x86_64_linux/Modules/modules/system_modules/CRC_default/1.1
EDITOR=vim
SGE_EXECD_PORT=6445
LANG=en_US.UTF-8
SGE_QMASTER_PORT=6444
MODULEPATH=/afs/crc.nd.edu/x86_64_linux/Modules/modules/development_tools_and_libraries:/afs/crc.nd.edu/x86_64_linux/Modules/modules/general_software:/afs/crc.nd.edu/x86_64_linux/Modules/modules/restricted_software:/afs/crc.nd.edu/x86_64_linux/Modules/modules/system_modules:/afs/crc.nd.edu/x86_64_linux/Modules/modules/deprecated_software:/afs/crc.nd.edu/x86_64_linux/Modules/current/modulefiles
LOADEDMODULES=CRC_default/1.1
SGE_ROOT=/opt/sge
CCLPLATFORM=x86_64/redhat7
_CONDOR_SLOT=slot1
WORK_QUEUE_SANDBOX=/var/condor/execute/dir_15197/worker-213124-15245
USE_SYSTEMD=true
_CONDOR_LOWPORT=9100
HISTCONTROL=ignoreboth:erasedups
KRB5CCNAME=FILE:/tmp/krb5cc_213124_dlYXoi
GLOBUS_GSSAPI_NAME_COMPATIBILITY=STRICT_RFC2818
HOME=disc01.crc.nd.edu
SHLVL=6
PATH_modshare=/opt/crc/usr/local/bin:1:/opt/sge/bin/lx-amd64:1:/usr/sbin:1:/usr/bin:1:/afs/crc.nd.edu/user/c/condor/software/sbin:1:/usr/local/sbin:1:/afs/crc.nd.edu/user/c/condor/software/bin:1:/usr/local/bin:1
OSTYPE=linux
_CONDOR_MACHINE_AD=/var/condor/execute/dir_15197/.machine.ad
GREP_OPTIONS=--color=auto
DISK=916662
GLOBUS_GSSAPI_MIN_TLS_PROTOCOL=TLS1_VERSION
MANPATH_modshare=/usr/share/man/overrides:1:/usr/local/share/man:1:/usr/share/man:1:/opt/crc/usr/local/man:1:/opt/sge/man:1
MEMORY=15899
PERL_LOCAL_LIB_ROOT=/afs/crc.nd.edu/user/n/nkremerh/.perl5/
BASH_ENV=/afs/crc.nd.edu/x86_64_linux/Modules/4.5.0/init/bash
VENDOR=unknown
TMP=/var/condor/execute/dir_15197/worker-213124-15245/t.777/cctools-temp-t.777.p16TPn
LOGNAME=nkremerh
MACHTYPE=x86_64
CCLHOME=/afs/crc.nd.edu/group/ccl
PYTHONPATH=/afs/crc.nd.edu/user/n/nkremerh/cctools/lib/python3.6/site-packages/
LD_LIBRARY_PATH_modshare=/opt/crc/usr/local/lib:1
SSH_CONNECTION=10.17.148.247 49750 129.74.128.103 22
MODULES_LMALTNAME_modshare=CRC_default/1.1&CRC_default/default&CRC_default:1
MODULESHOME=/afs/crc.nd.edu/x86_64_linux/Modules/4.5.0
_CONDOR_ANCESTOR_15197=15210:1599499133:4196117016
GLOBUS_GSSAPI_CIPHERS=HIGH
GLOBUS_GSSAPI_BACKWARD_COMPATIBLE_MIC=true
LESSOPEN=||/usr/bin/lesspipe.sh %s
OMP_NUM_THREADS=1
_CONDOR_JOB_AD=/var/condor/execute/dir_15197/.job.ad
LOADEDMODULES_modshare=CRC_default/1.1:1
XDG_RUNTIME_DIR=/run/user/213124
SGE_CLUSTER_NAME=CRC
CCTOOLS=../cctools
CORES=4
_CONDOR_JOB_IWD=/var/condor/execute/dir_15197
PERL_MM_OPT=INSTALL_BASE=/afs/crc.nd.edu/user/n/nkremerh/.perl5/
GLOBUS_GSSAPI_SERVER_CIPHER_ORDER=true
BASH_FUNC_module()=() {  unset _mlshdbg;
 if [ "${MODULES_SILENT_SHELL_DEBUG:-0}" = '1' ]; then
 case "$-" in 
 *v*x*)
 set +vx;
 _mlshdbg='vx'
 ;;
 *v*)
 set +v;
 _mlshdbg='v'
 ;;
 *x*)
 set +x;
 _mlshdbg='x'
 ;;
 *)
 _mlshdbg=''
 ;;
 esac;
 fi;
 unset _mlre _mlIFS;
 if [ -n "${IFS+x}" ]; then
 _mlIFS=$IFS;
 fi;
 IFS=' ';
 for _mlv in ${MODULES_RUN_QUARANTINE:-};
 do
 if [ "${_mlv}" = "${_mlv##*[!A-Za-z0-9_]}" -a "${_mlv}" = "${_mlv#[0-9]}" ]; then
 if [ -n "`eval 'echo ${'$_mlv'+x}'`" ]; then
 _mlre="${_mlre:-}${_mlv}_modquar='`eval 'echo ${'$_mlv'}'`' ";
 fi;
 _mlrv="MODULES_RUNENV_${_mlv}";
 _mlre="${_mlre:-}${_mlv}='`eval 'echo ${'$_mlrv':-}'`' ";
 fi;
 done;
 if [ -n "${_mlre:-}" ]; then
 eval `eval ${_mlre}/usr/bin/tclsh /afs/crc.nd.edu/x86_64_linux/Modules/4.5.0/libexec/modulecmd.tcl bash '"$@"'`;
 else
 eval `/usr/bin/tclsh /afs/crc.nd.edu/x86_64_linux/Modules/4.5.0/libexec/modulecmd.tcl bash "$@"`;
 fi;
 _mlstatus=$?;
 if [ -n "${_mlIFS+x}" ]; then
 IFS=$_mlIFS;
 else
 unset IFS;
 fi;
 unset _mlre _mlv _mlrv _mlIFS;
 if [ -n "${_mlshdbg:-}" ]; then
 set -$_mlshdbg;
 fi;
 unset _mlshdbg;
 return $_mlstatus
}
BASH_FUNC_ml()=() {  module ml "$@"
}
_=/usr/bin/printenv
