23940   0.000000 libjli.so->getenv("_JAVA_LAUNCHER_DEBUG") = nil
23940   0.001817 libjli.so->getenv("_JAVA_VERSION_SET") = nil
23940   0.000709 libjli.so->fopen("/usr/lib/jvm/java-1.8.0-openjdk-1.8.0.262.b10-0.el7_8.x86_64/jre/lib/amd64/jvm.cfg", "r") = 0x55a5917380f0
23940   0.000810 libjli.so->getenv("JDK_ALTERNATE_VM") = nil
23940   0.000313 libjli.so->__xstat(1, "/usr/lib/jvm/java-1.8.0-openjdk-1.8.0.262.b10-0.el7_8.x86_64/jre/lib/amd64/server/libjvm.so", 0x7ffef640dad0) = 0
23940   0.000615 libjli.so->getenv("LD_LIBRARY_PATH") = "/afs/crc.nd.edu/group/ccl/software/x86_64/redhat7/ruby/current/lib:/afs/crc.nd.edu/group/ccl/software/x86_64/redhat7/graphviz/current/lib:/afs/crc.nd.edu/group/ccl/software/x86_64/redhat7/git/current/lib:/afs/crc.nd.edu/group/ccl/software/x86_64/redhat7/condor/current/lib:/afs/crc.nd.edu/group/ccl/software/x86_64/redhat7/clang/current/lib:/afs/crc.nd.edu/group/ccl/software/x86_64/redhat7/condor/current/lib:/afs/crc.nd.edu/group/ccl/software/x86_64/redhat7/cctools/current/lib:/opt/crc/usr/local/lib"
23940   0.002101 libjli.so->dlopen("/usr/lib/jvm/java-1.8.0-openjdk-1.8.0.262.b10-0.el7_8.x86_64/jre/lib/amd64/server/libjvm.so", 258 <unfinished ...>
23940   0.038156 libjvm.so->getenv("NMT_LEVEL_23940") = nil
23940   0.001678 <... dlopen resumed> )          = 0x55a5917384c0
23940   0.000092 libjli.so->getenv("CLASSPATH")  = nil
23940   0.000313 libjli.so->getenv("_JAVA_SPLASH_JAR") = nil
23940   0.000299 libjli.so->getenv("_JAVA_SPLASH_FILE") = nil
23940   0.000306 libjli.so->pthread_attr_setdetachstate(0x7ffef640da80, 0, 0x7ffef640db10, 0) = 0
23940   0.000453 libpthread.so.0->__clone(0x2b359c0a1de0, 0x2b359bfb4fc0, 0x3d0f00, 0x2b359bfb5700) = 0x5d89
23945   0.001645 libjvm.so->dlopen(0x2b359d8809ae, 1, 0xfffffffffff42c48, 4096) = 0x2b35a0000990
23945   0.002704 libjvm.so->getenv(0x2b359d89b83e, 0, 115, 0x65737361) = 0x7ffef6413710
23945   0.000572 libjvm.so->fopen(0x2b359bfb3c10, 0x2b359d837ccb, 0x6f732e79666972, 0x2b359c979ab0) = 0x2b35a0001440
23945   0.001551 libjvm.so->dlopen(0x2b359bfb3c10, 1, 0xffffffff, 0x2b35a0002b00) = 0x2b35a0001440
23945   0.001638 libjvm.so->fopen(0x2b359bfb3c10, 0x2b359d837ccb, 111, 0x732e6176) = 0x2b35a0001b10
23945   0.001738 libjvm.so->dlopen(0x2b359bfb3c10, 1, 0xffffffff, 0x2b35a0001a00) = 0x2b35a0001b10
23945   0.001945 libjvm.so->__xstat(1, 0x2b359bfb4360, 0x2b359bfb4ba0, 0x746f7073746f682e) = -1
23945   0.000519 libjvm.so->getenv(0x2b359d830541, 0x2b359bfb46d0, 1024, 0x2b359dcea61b) = 0
23945   0.000494 libjvm.so->getenv(0x2b359d830533, 0x2b359bfb46d0, 1024, 0) = 0
23945   0.000537 libjvm.so->fopen(0x2b359d880315, 0x2b359d837ccb, 4095, 0xffffd4ca627cfb03) = 0x2b35a0003290
23945   0.001080 libjvm.so->fopen(0x2b359d880361, 0x2b359d837ccb, 0x2b35a0000078, 0x2b35a0003280) = 0x2b35a0003290
23945   0.000754 libjvm.so->fopen(0x2b359bfae9b0, 0x2b359d837ccb, 4014, 3995) = 0x2b35a0003290
23945   0.000614 libjvm.so->opendir(0x2b35a0002b40, 0x2b35a0002b40, 13, 16) = 0
23945   0.000377 libjvm.so->__xstat(1, 0x2b359bfb38f0, 0x2b359bfb2860, 0x6f732e7477616d62) = -1
23945   0.000293 libjvm.so->__xstat(1, 0x2b359bfb38f0, 0x2b359bfb2860, 0x5f74776162696c2f) = 0
23945   0.000370 libjvm.so->fopen(0x2b359bfb2b90, 0x2b359d837ccb, 4009, 3994) = 0x2b35a0003770
23945   0.000431 libjvm.so->fopen(0x2b359bfb2b90, 0x2b359d837ccb, 4009, 3994) = 0x2b35a0003770
23945   0.000474 libjvm.so->fopen(0x2b359bfb2b90, 0x2b359d837ccb, 4009, 4002) = 0x2b35a0003770
23945   0.000545 libjvm.so->fopen(0x2b359bfb2b20, 0x2b359d837ccb, 4009, 3994) = 0x2b35a0003770
23945   0.000882 libjvm.so->fopen(0x2b359bfb2b20, 0x2b359d837ccb, 4009, 3994) = 0x2b35a0003770
23945   0.000819 libjvm.so->fopen(0x2b359bfb2b20, 0x2b359d837ccb, 4009, 4002) = 0x2b35a0003770
23945   0.000682 libjvm.so->fopen(0x2b359bfb2b50, 0x2b359d837ccb, 4014, 3995) = 0x2b35a0003770
23945   0.000858 libjvm.so->getenv(0x2b359d8810ff, 4096, 3, -1) = 0
23945   0.001031 libjvm.so->fopen(0x2b359d880998, 0x2b359d837ccb, 0x2b359c098908, 0x2b359c097df0) = 0x2b35a0003770
23945   0.004790 libjvm.so->open(0x2b35a004a560, 0x20000, 0, 0x2b35a004a5a9) = 3
23945   0.000531 libjvm.so->__fxstat(1, 3, 0x2b359bfb4a00, -1) = 0
23945   0.000547 libjvm.so->opendir(0x2b35a004a560, 0x2b359bfb4a00, 0x4000, -1) = 0x2b35a004b470
23945   0.000540 libjvm.so->__fxstat(1, 3, 0x2b359bfb48a0, 0x2b35a004b470) = 0
23945   0.000479 libjvm.so->__fxstat(1, 5, 0x2b359bfb4930, -1) = 0
23945   0.000539 libjvm.so->open(0x2b359d84e9dc, 0, 0, 0) = 3
23945   0.000724 libjvm.so->__lxstat(1, 0x2b35a004a560, 0x2b359bfb4b50, -144) = 0
23945   0.000496 libjvm.so->open(0x2b35a004a560, 0x20000, 0x4000, -1) = 3
23945   0.000483 libjvm.so->__fxstat(1, 3, 0x2b359bfb4a00, -1) = 0
23945   0.000470 libjvm.so->opendir(0x2b35a004a560, 0x2b359bfb4a00, 0x4000, -1) = 0x2b35a004b470
23945   0.000487 libjvm.so->__fxstat(1, 3, 0x2b359bfb48a0, 0x2b35a004b470) = 0
23945   0.000493 libjvm.so->__fxstat(1, 5, 0x2b359bfb4930, -1) = 0
23945   0.000462 libjvm.so->open(0x2b359d84e9dc, 0, 0, 0) = 3
23945   0.000368 libjvm.so->open(0x2b35a004a5a9, 0x20042, 384, -1) = 7
23945   0.000455 libjvm.so->__fxstat(1, 7, 0x2b359bfb4b50, -1) = 0
23945   0.001766 libjvm.so->fopen(0x2b359bfb3b60, 0x2b359d837ccb, 4, 0x6f732e70) = 0x2b35a0057bc0
23945   0.001672 libjvm.so->dlopen(0x2b359bfb3b60, 1, 0xffffffff, 0x2b35a0057b00) = 0x2b35a0057bc0
23945   0.001529 libjvm.so->__xstat(1, 0x2b359bfb4120, 0x2b359bfb4950, 2048) = 0
23945   0.000513 libjvm.so->__xstat(1, 0x2b359bfb4120, 0x2b359bfb4950, 2048) = 0
23945   0.000453 libjvm.so->__xstat(1, 0x2b359bfb4120, 0x2b359bfb4950, 2048) = -1
23945   0.000446 libjvm.so->__xstat(1, 0x2b359bfb4120, 0x2b359bfb4950, 2048) = 0
23945   0.000438 libjvm.so->__xstat(1, 0x2b359bfb4120, 0x2b359bfb4950, 2048) = 0
23945   0.000446 libjvm.so->__xstat(1, 0x2b359bfb4120, 0x2b359bfb4950, 2048) = 0
23945   0.000527 libjvm.so->__xstat(1, 0x2b359bfb4120, 0x2b359bfb4950, 2048) = 0
23945   0.000508 libjvm.so->__xstat(1, 0x2b359bfb4120, 0x2b359bfb4950, 2048) = -1
23945   0.000495 libjvm.so->fopen(0x2b35a0002520, 0x2b359d837ccb, 0, 0) = 0x2b35a0058a60
23945   0.007567 libjvm.so->open64(0x2b359bfb3410, 0, 0, 16) = 3
23945   0.000462 libjvm.so->__fxstat64(1, 3, 0x2b359bfb3240, -1) = 0
23945   0.029177 libjvm.so->__xstat(1, 0x2b359bfb3f20, 0x2b359bfb4750, 2048) = -1
23945   0.000574 libjvm.so->fopen(0x2b359bfb2b20, 0x2b359d837ccb, 4009, 3994) = 0x2b35a00b5e20
23945   0.000718 libjvm.so->fopen(0x2b359bfb2b20, 0x2b359d837ccb, 4009, 3994) = 0x2b35a00b5e20
23945   0.000608 libjvm.so->fopen(0x2b359bfb2b20, 0x2b359d837ccb, 4009, 4002) = 0x2b35a00b5e20
23945   0.003361 libjvm.so->pthread_attr_setdetachstate(0x2b359bfb4c00, 1, 0, 0) = 0
23945   0.000394 libpthread.so.0->__clone(0x2b359c0a1de0, 0x2b359ffb3fc0, 0x3d0f00, 0x2b359ffb4700) = 0x5d8a
23945   0.010016 libjvm.so->pthread_attr_setdetachstate(0x2b359bfb4290, 1, 0, 0) = 0
23945   0.000562 libpthread.so.0->__clone(0x2b359c0a1de0, 0x2b35b4a71fc0, 0x3d0f00, 0x2b35b4a72700) = 0x5d8b
23945   0.004769 libjvm.so->pthread_attr_setdetachstate(0x2b359bfb4610, 1, 0, 0) = 0
23945   0.000566 libpthread.so.0->__clone(0x2b359c0a1de0, 0x2b35b4b72fc0, 0x3d0f00, 0x2b35b4b73700) = 0x5d8c
23945   0.026480 libjvm.so->fopen(0x2b35a00e9130, 0x2b359d837ccb, 4, 0x6f732e70) = 0x2b35a00f1c70
23945   0.001402 libjvm.so->dlopen(0x2b35a00e9130, 1, 0xffffffff, 0x2b35a00ec300) = 0x2b35a0057bc0
23945   0.003372 libjvm.so->open64(0x2b359bfb3510, 0, 0, 16) = 5
23945   0.000738 libjvm.so->__fxstat64(1, 5, 0x2b359bfb3340, -1) = 0
23945   0.013350 libjvm.so->fopen(0x2b359bfb0130, 0x2b359d837ccb, 4009, 3994) = 0x2b35a00fcbc0
23945   0.000860 libjvm.so->fopen(0x2b359bfb0130, 0x2b359d837ccb, 4009, 3994) = 0x2b35a00fcbc0
23945   0.000764 libjvm.so->fopen(0x2b359bfb0130, 0x2b359d837ccb, 4009, 4002) = 0x2b35a00fcbc0
23945   0.010100 libjvm.so->pthread_attr_setdetachstate(0x2b359bfb4b50, 1, 0, 0) = 0
23945   0.000712 libpthread.so.0->__clone(0x2b359c0a1de0, 0x2b35b4c73fc0, 0x3d0f00, 0x2b35b4c74700) = 0x5d8d
23945   0.001023 libjvm.so->__xstat64(1, 0x2b359bfb4be0, 0x2b359bfb4b50, 19) = -1
23945   0.001327 libjvm.so->pthread_attr_setdetachstate(0x2b359bfb4950, 1, 0, 0) = 0
23945   0.000861 libpthread.so.0->__clone(0x2b359c0a1de0, 0x2b35b4d74fc0, 0x3d0f00, 0x2b35b4d75700) = 0x5d8e
23945   0.001161 libjvm.so->pthread_attr_setdetachstate(0x2b359bfb4950, 1, 0, 0) = 0
23945   0.000853 libpthread.so.0->__clone(0x2b359c0a1de0, 0x2b35b4e75fc0, 0x3d0f00, 0x2b35b4e76700) = 0x5d8f
23945   0.006463 libjvm.so->pthread_attr_setdetachstate(0x2b359bfb4aa0, 1, 0, 0) = 0
23945   0.000970 libpthread.so.0->__clone(0x2b359c0a1de0, 0x2b35b4f76fc0, 0x3d0f00, 0x2b35b4f77700) = 0x5d90
23945   0.001596 libjvm.so->pthread_attr_setdetachstate(0x2b359bfb4bb0, 1, 0, 0) = 0
23945   0.001371 libpthread.so.0->__clone(0x2b359c0a1de0, 0x2b35b5077fc0, 0x3d0f00, 0x2b35b5078700) = 0x5d91
23945   0.010352 libjvm.so->open64(0x2b35a0136830, 0, 0, 48) = 7
23945   0.001159 libjvm.so->__fxstat64(1, 7, 0x2b359bfb1f60, -1) = 0
23945   0.017157 libjvm.so->fopen(0x2b35a015c5d0, 0x2b359d837ccb, 4, 0x6f732e6f) = 0x2b35a015c690
23945   0.002727 libjvm.so->dlopen(0x2b35a015c5d0, 1, 0xffffffff, 0x2b35a015c600) = 0x2b35a015c690
23945   0.103015 libjvm.so->fopen(0x2b35a019ceb0, 0x2b359d837ccb, 4, 0x6f732e74) = 0x2b35a019aa30
23945   0.002862 libjvm.so->dlopen(0x2b35a019ceb0, 1, 0xffffffff, 0x2b35a019d700) = 0x2b35a01b80e0
23945   0.134508 libjvm.so->fopen(0x2b35a0228f40, 0x2b359d837ccb, 0x6f732e7373656c, 0x656c646165685f74) = 0x2b35a0228fb0
23945   0.002871 libjvm.so->dlopen(0x2b35a0228f40, 1, 0xffffffff, 0x2b35a0224200) = 0x2b35a0228fb0
23945   0.019068 libjvm.so->fopen(0x2b359bfad990, 0x2b359d837ccb, 0x6f732e, 0x6d766a62696c2f72) = 0x2b35a0232e60
23945   0.005347 libjvm.so->dlopen(0x2b359bfad990, 1, 0xffffffff, 0x2b35a0232400) = 0x55a5917384c0
23945   0.001514 libjvm.so->fopen(0x2b359bfad990, 0x2b359d837ccb, 0x6f732e, 0x6d766a62696c2f72) = 0x2b35a0232e00
23945   0.004515 libjvm.so->dlopen(0x2b359bfad990, 1, 0xffffffff, 0x2b35a0232400) = 0x55a5917384c0
23945   0.001487 libjvm.so->fopen(0x2b359bfad990, 0x2b359d837ccb, 0x6f732e, 0x6d766a62696c2f72) = 0x2b35a0232e00
23945   0.003048 libjvm.so->dlopen(0x2b359bfad990, 1, 0xffffffff, 0x2b35a0232400) = 0x55a5917384c0
23945   0.001426 libjvm.so->fopen(0x2b359bfad990, 0x2b359d837ccb, 0x6f732e, 0x6d766a62696c2f72) = 0x2b35a0232e00
23945   0.003760 libjvm.so->dlopen(0x2b359bfad990, 1, 0xffffffff, 0x2b35a0232400) = 0x55a5917384c0
23945   3.700934 --- SIGSEGV (Segmentation fault) ---
23953   7.673753 +++ exited (status 0) +++
23946   0.000510 +++ exited (status 0) +++
23945   0.000222 +++ exited (status 0) +++
23947   0.000325 +++ exited (status 0) +++
23952   0.000029 +++ exited (status 0) +++
23950   0.000018 +++ exited (status 0) +++
23949   0.000015 +++ exited (status 0) +++
23951   0.000695 +++ exited (status 0) +++
23948   0.012850 +++ exited (status 0) +++
23940   0.000081 +++ exited (status 0) +++
Wrote an ltrace for command: "java -cp ./tools/maxent.jar density.MaxEnt -s outputs/Amata_nigrifrons_Wileman.csv -e data/layers/worldclim -o outputs/Amata_nigrifrons_Wileman nowarnings nocache autorun -z" with PID 23938 from PPID 23918 on disc25.crc.nd.edu with result 0
REMOTEHOST=10.17.148.247
MANPATH=/afs/crc.nd.edu/user/n/nkremerh/cctools/share/man/:/afs/crc.nd.edu/group/ccl/software/x86_64/redhat7/ruby/current/share/man:/afs/crc.nd.edu/group/ccl/software/x86_64/redhat7/graphviz/current/share/man:/afs/crc.nd.edu/group/ccl/software/x86_64/redhat7/gnuplot/current/share/man:/afs/crc.nd.edu/group/ccl/software/x86_64/redhat7/git/current/share/man:/afs/crc.nd.edu/group/ccl/software/x86_64/redhat7/condor/current/share/man:/afs/crc.nd.edu/group/ccl/software/x86_64/redhat7/clang/current/share/man:/afs/crc.nd.edu/group/ccl/software/x86_64/redhat7/condor/current/share/man:/afs/crc.nd.edu/group/ccl/software/x86_64/redhat7/cctools/current/share/man:/afs/crc.nd.edu/group/ccl/software/x86_64/redhat7/cctools/current/share/man:/afs/crc.nd.edu/x86_64_linux/Modules/4.5.0/share/man:/opt/crc/usr/local/man:/opt/sge/man:/usr/share/man/overrides:/usr/share/man:/usr/local/share/man
_CONDOR_JOB_PIDS=
XDG_SESSION_ID=2686
HOSTNAME=disc01.crc.nd.edu
_CONDOR_ANCESTOR_3764=17355:1599499132:1712875698
_LMFILES__modshare=/afs/crc.nd.edu/x86_64_linux/Modules/modules/system_modules/CRC_default/1.1:1
MODULEPATH_modshare=/afs/crc.nd.edu/x86_64_linux/Modules/modules/general_software:1:/afs/crc.nd.edu/x86_64_linux/Modules/modules/development_tools_and_libraries:1:/afs/crc.nd.edu/x86_64_linux/Modules/modules/system_modules:1:/afs/crc.nd.edu/x86_64_linux/Modules/current/modulefiles:1:/afs/crc.nd.edu/x86_64_linux/Modules/modules/restricted_software:1:/afs/crc.nd.edu/x86_64_linux/Modules/modules/deprecated_software:1
TERM=xterm-256color
SHELL=/bin/tcsh
HOST=disc01.crc.nd.edu
MODULES_CMD=/afs/crc.nd.edu/x86_64_linux/Modules/4.5.0/libexec/modulecmd.tcl
HISTSIZE=5000
MAKEFLAGS=
SSH_CLIENT=10.17.148.247 49750 22
TMPDIR=/var/condor/execute/dir_17355/worker-213124-17447/t.894/cctools-temp-t.894.6WNq6H
_CONDOR_ANCESTOR_17355=17406:1599499133:3913351272
PERL5LIB=/afs/crc.nd.edu/user/n/nkremerh/cctools/lib/perl5/site_perl/5.16.3:/afs/crc.nd.edu/user/n/nkremerh/.perl5/lib/perl5
SGE_CELL=crc
_CONDOR_SCRATCH_DIR=/var/condor/execute/dir_17355
PERL_MB_OPT=--install_base '/afs/crc.nd.edu/user/n/nkremerh/.perl5/'
SSH_TTY=/dev/pts/0
SGE_LOAD_AVG=load_avg
MAKEFLOW_MAX_LOCAL_JOBS=2
GROUP=campus
USER=nkremerh
_CHIRP_DELAYED_UPDATE_PREFIX=Chirp*
HISTFILESIZE=10000
TEMP=/var/condor/execute/dir_17355/worker-213124-17447/t.894/cctools-temp-t.894.6WNq6H
LD_LIBRARY_PATH=/afs/crc.nd.edu/group/ccl/software/x86_64/redhat7/ruby/current/lib:/afs/crc.nd.edu/group/ccl/software/x86_64/redhat7/graphviz/current/lib:/afs/crc.nd.edu/group/ccl/software/x86_64/redhat7/git/current/lib:/afs/crc.nd.edu/group/ccl/software/x86_64/redhat7/condor/current/lib:/afs/crc.nd.edu/group/ccl/software/x86_64/redhat7/clang/current/lib:/afs/crc.nd.edu/group/ccl/software/x86_64/redhat7/condor/current/lib:/afs/crc.nd.edu/group/ccl/software/x86_64/redhat7/cctools/current/lib:/opt/crc/usr/local/lib
BATCH_SYSTEM=HTCondor
MODULES_LMALTNAME=CRC_default/1.1&CRC_default/default&CRC_default
ENV=/afs/crc.nd.edu/x86_64_linux/Modules/4.5.0/init/profile.sh
WORKER_TMPDIR=/var/condor/execute/dir_17355/worker-213124-17447/cache/tmp
HOSTTYPE=x86_64-linux
_CONDOR_HIGHPORT=9999
GLOBUS_GSSAPI_MAX_TLS_PROTOCOL=0
_CONDOR_CHIRP_CONFIG=/var/condor/execute/dir_17355/.chirp.config
MAKELEVEL=1
MFLAGS=
MAIL=/var/spool/mail/nkremerh
PATH=/afs/crc.nd.edu/user/n/nkremerh/cctools/bin:/afs/crc.nd.edu/user/n/nkremerh/miniconda/bin:/afs/crc.nd.edu/group/ccl/software/git:/afs/crc.nd.edu/user/n/nkremerh/.local/bin:/afs/crc.nd.edu/group/ccl/software/x86_64/redhat7/povray/3.7/bin:/afs/crc.nd.edu/user/n/nkremerh/.perl5/bin:/afs/crc.nd.edu/user/n/nkremerh/pegasus/bin:/afs/crc.nd.edu/user/n/nkremerh/nodejs/bin:/afs/crc.nd.edu/user/n/nkremerh/montage/bin:/afs/crc.nd.edu/user/n/nkremerh/latexdiff:/afs/crc.nd.edu/user/n/nkremerh/envtrace:/afs/crc.nd.edu/user/n/nkremerh/endlines:/afs/crc.nd.edu/user/n/nkremerh/cctools/bin:/afs/crc.nd.edu/user/n/nkremerh/.cargo/bin:/afs/crc.nd.edu/group/ccl/software/x86_64/redhat7/ruby/current/bin:/afs/crc.nd.edu/group/ccl/software/x86_64/redhat7/graphviz/current/bin:/afs/crc.nd.edu/group/ccl/software/x86_64/redhat7/gnuplot/current/bin:/afs/crc.nd.edu/group/ccl/software/x86_64/redhat7/git/current/bin:/afs/crc.nd.edu/group/ccl/software/x86_64/redhat7/condor/current/sbin:/afs/crc.nd.edu/group/ccl/software/x86_64/redhat7/condor/current/bin:/afs/crc.nd.edu/group/ccl/software/x86_64/redhat7/cmake/current/bin:/afs/crc.nd.edu/group/ccl/software/x86_64/redhat7/clang/current/bin:/afs/crc.nd.edu/group/ccl/software/x86_64/redhat7/condor/current/sbin:/afs/crc.nd.edu/group/ccl/software/x86_64/redhat7/condor/current/bin:/afs/crc.nd.edu/group/ccl/software/x86_64/redhat7/cctools/current/bin:/afs/crc.nd.edu/x86_64_linux/Modules/4.5.0/bin:/opt/crc/usr/local/bin:/opt/sge/bin/lx-amd64:/usr/local/bin:/usr/bin:/usr/local/sbin:/usr/sbin:/afs/crc.nd.edu/user/c/condor/software/bin:/afs/crc.nd.edu/user/c/condor/software/sbin
CCLSOFTWARE=/afs/crc.nd.edu/group/ccl/software/x86_64/redhat7
PWD=/var/condor/execute/dir_17355/worker-213124-17447/t.894
_LMFILES_=/afs/crc.nd.edu/x86_64_linux/Modules/modules/system_modules/CRC_default/1.1
EDITOR=vim
SGE_EXECD_PORT=6445
LANG=en_US.UTF-8
SGE_QMASTER_PORT=6444
MODULEPATH=/afs/crc.nd.edu/x86_64_linux/Modules/modules/development_tools_and_libraries:/afs/crc.nd.edu/x86_64_linux/Modules/modules/general_software:/afs/crc.nd.edu/x86_64_linux/Modules/modules/restricted_software:/afs/crc.nd.edu/x86_64_linux/Modules/modules/system_modules:/afs/crc.nd.edu/x86_64_linux/Modules/modules/deprecated_software:/afs/crc.nd.edu/x86_64_linux/Modules/current/modulefiles
LOADEDMODULES=CRC_default/1.1
SGE_ROOT=/opt/sge
CCLPLATFORM=x86_64/redhat7
_CONDOR_SLOT=slot2_2
WORK_QUEUE_SANDBOX=/var/condor/execute/dir_17355/worker-213124-17447
USE_SYSTEMD=true
_CONDOR_LOWPORT=9100
_CONDOR_ANCESTOR_3611=3764:1598184024:3503519607
HISTCONTROL=ignoreboth:erasedups
KRB5CCNAME=FILE:/tmp/krb5cc_213124_dlYXoi
GLOBUS_GSSAPI_NAME_COMPATIBILITY=STRICT_RFC2818
HOME=disc01.crc.nd.edu
SHLVL=6
PATH_modshare=/opt/crc/usr/local/bin:1:/opt/sge/bin/lx-amd64:1:/usr/sbin:1:/usr/bin:1:/afs/crc.nd.edu/user/c/condor/software/sbin:1:/usr/local/sbin:1:/afs/crc.nd.edu/user/c/condor/software/bin:1:/usr/local/bin:1
OSTYPE=linux
_CONDOR_MACHINE_AD=/var/condor/execute/dir_17355/.machine.ad
GREP_OPTIONS=--color=auto
DISK=18234
GLOBUS_GSSAPI_MIN_TLS_PROTOCOL=TLS1_VERSION
MANPATH_modshare=/usr/share/man/overrides:1:/usr/local/share/man:1:/usr/share/man:1:/opt/crc/usr/local/man:1:/opt/sge/man:1
MEMORY=1948
PERL_LOCAL_LIB_ROOT=/afs/crc.nd.edu/user/n/nkremerh/.perl5/
BASH_ENV=/afs/crc.nd.edu/x86_64_linux/Modules/4.5.0/init/bash
VENDOR=unknown
TMP=/var/condor/execute/dir_17355/worker-213124-17447/t.894/cctools-temp-t.894.6WNq6H
LOGNAME=nkremerh
MACHTYPE=x86_64
CCLHOME=/afs/crc.nd.edu/group/ccl
PYTHONPATH=/afs/crc.nd.edu/user/n/nkremerh/cctools/lib/python3.6/site-packages/
LD_LIBRARY_PATH_modshare=/opt/crc/usr/local/lib:1
SSH_CONNECTION=10.17.148.247 49750 129.74.128.103 22
MODULES_LMALTNAME_modshare=CRC_default/1.1&CRC_default/default&CRC_default:1
MODULESHOME=/afs/crc.nd.edu/x86_64_linux/Modules/4.5.0
GLOBUS_GSSAPI_CIPHERS=HIGH
GLOBUS_GSSAPI_BACKWARD_COMPATIBLE_MIC=true
LESSOPEN=||/usr/bin/lesspipe.sh %s
OMP_NUM_THREADS=1
_CONDOR_JOB_AD=/var/condor/execute/dir_17355/.job.ad
LOADEDMODULES_modshare=CRC_default/1.1:1
XDG_RUNTIME_DIR=/run/user/213124
SGE_CLUSTER_NAME=CRC
CCTOOLS=../cctools
CORES=2
_CONDOR_JOB_IWD=/var/condor/execute/dir_17355
PERL_MM_OPT=INSTALL_BASE=/afs/crc.nd.edu/user/n/nkremerh/.perl5/
GLOBUS_GSSAPI_SERVER_CIPHER_ORDER=true
BASH_FUNC_module()=() {  unset _mlshdbg;
 if [ "${MODULES_SILENT_SHELL_DEBUG:-0}" = '1' ]; then
 case "$-" in 
 *v*x*)
 set +vx;
 _mlshdbg='vx'
 ;;
 *v*)
 set +v;
 _mlshdbg='v'
 ;;
 *x*)
 set +x;
 _mlshdbg='x'
 ;;
 *)
 _mlshdbg=''
 ;;
 esac;
 fi;
 unset _mlre _mlIFS;
 if [ -n "${IFS+x}" ]; then
 _mlIFS=$IFS;
 fi;
 IFS=' ';
 for _mlv in ${MODULES_RUN_QUARANTINE:-};
 do
 if [ "${_mlv}" = "${_mlv##*[!A-Za-z0-9_]}" -a "${_mlv}" = "${_mlv#[0-9]}" ]; then
 if [ -n "`eval 'echo ${'$_mlv'+x}'`" ]; then
 _mlre="${_mlre:-}${_mlv}_modquar='`eval 'echo ${'$_mlv'}'`' ";
 fi;
 _mlrv="MODULES_RUNENV_${_mlv}";
 _mlre="${_mlre:-}${_mlv}='`eval 'echo ${'$_mlrv':-}'`' ";
 fi;
 done;
 if [ -n "${_mlre:-}" ]; then
 eval `eval ${_mlre}/usr/bin/tclsh /afs/crc.nd.edu/x86_64_linux/Modules/4.5.0/libexec/modulecmd.tcl bash '"$@"'`;
 else
 eval `/usr/bin/tclsh /afs/crc.nd.edu/x86_64_linux/Modules/4.5.0/libexec/modulecmd.tcl bash "$@"`;
 fi;
 _mlstatus=$?;
 if [ -n "${_mlIFS+x}" ]; then
 IFS=$_mlIFS;
 else
 unset IFS;
 fi;
 unset _mlre _mlv _mlrv _mlIFS;
 if [ -n "${_mlshdbg:-}" ]; then
 set -$_mlshdbg;
 fi;
 unset _mlshdbg;
 return $_mlstatus
}
BASH_FUNC_ml()=() {  module ml "$@"
}
_=/usr/bin/printenv
