4646   0.000000 libjli.so->getenv("_JAVA_LAUNCHER_DEBUG") = nil
4646   0.001654 libjli.so->getenv("_JAVA_VERSION_SET") = nil
4646   0.000691 libjli.so->fopen("/usr/lib/jvm/java-1.8.0-openjdk-1.8.0.262.b10-0.el7_8.x86_64/jre/lib/amd64/jvm.cfg", "r") = 0x561f8dcc80e0
4646   0.000847 libjli.so->getenv("JDK_ALTERNATE_VM") = nil
4646   0.000307 libjli.so->__xstat(1, "/usr/lib/jvm/java-1.8.0-openjdk-1.8.0.262.b10-0.el7_8.x86_64/jre/lib/amd64/server/libjvm.so", 0x7fff0e4a6a30) = 0
4646   0.000576 libjli.so->getenv("LD_LIBRARY_PATH") = "/afs/crc.nd.edu/group/ccl/software/x86_64/redhat7/ruby/current/lib:/afs/crc.nd.edu/group/ccl/software/x86_64/redhat7/graphviz/current/lib:/afs/crc.nd.edu/group/ccl/software/x86_64/redhat7/git/current/lib:/afs/crc.nd.edu/group/ccl/software/x86_64/redhat7/condor/current/lib:/afs/crc.nd.edu/group/ccl/software/x86_64/redhat7/clang/current/lib:/afs/crc.nd.edu/group/ccl/software/x86_64/redhat7/condor/current/lib:/afs/crc.nd.edu/group/ccl/software/x86_64/redhat7/cctools/current/lib:/opt/crc/usr/local/lib"
4646   0.002587 libjli.so->dlopen("/usr/lib/jvm/java-1.8.0-openjdk-1.8.0.262.b10-0.el7_8.x86_64/jre/lib/amd64/server/libjvm.so", 258 <unfinished ...>
4646   0.039271 libjvm.so->getenv("NMT_LEVEL_4646") = nil
4646   0.001865 <... dlopen resumed> )           = 0x561f8dcc84b0
4646   0.000118 libjli.so->getenv("CLASSPATH")   = nil
4646   0.000444 libjli.so->getenv("_JAVA_SPLASH_JAR") = nil
4646   0.000392 libjli.so->getenv("_JAVA_SPLASH_FILE") = nil
4646   0.000355 libjli.so->pthread_attr_setdetachstate(0x7fff0e4a69e0, 0, 0x7fff0e4a6a70, 0) = 0
4646   0.000550 libpthread.so.0->__clone(0x2acd4bdedde0, 0x2acd4bd00fc0, 0x3d0f00, 0x2acd4bd01700) = 4647
4647   0.001847 libjvm.so->dlopen(0x2acd4d5cc9ae, 1, 0xfffffffffff42c48, 4096) = 0x2acd50000990
4647   0.002430 libjvm.so->getenv(0x2acd4d5e783e, 0, 115, 0x65737361) = 0x7fff0e4ac6b5
4647   0.000483 libjvm.so->fopen(0x2acd4bcffc10, 0x2acd4d583ccb, 0x6f732e79666972, 0x2acd4c6c5ab0) = 0x2acd50001440
4647   0.001364 libjvm.so->dlopen(0x2acd4bcffc10, 1, 0xffffffff, 0x2acd50002b00) = 0x2acd50001440
4647   0.001553 libjvm.so->fopen(0x2acd4bcffc10, 0x2acd4d583ccb, 111, 0x732e6176) = 0x2acd50001b10
4647   0.001655 libjvm.so->dlopen(0x2acd4bcffc10, 1, 0xffffffff, 0x2acd50001a00) = 0x2acd50001b10
4647   0.001649 libjvm.so->__xstat(1, 0x2acd4bd00360, 0x2acd4bd00ba0, 0x746f7073746f682e) = -1
4647   0.000455 libjvm.so->getenv(0x2acd4d57c541, 0x2acd4bd006d0, 1024, 0x2acd4da3661b) = 0
4647   0.000454 libjvm.so->getenv(0x2acd4d57c533, 0x2acd4bd006d0, 1024, 0) = 0
4647   0.000410 libjvm.so->fopen(0x2acd4d5cc315, 0x2acd4d583ccb, 4095, 0xffffd532b2a83b03) = 0x2acd500032f0
4647   0.001099 libjvm.so->fopen(0x2acd4d5cc361, 0x2acd4d583ccb, 0x2acd50000078, 0x2acd500032e0) = 0x2acd500032f0
4647   0.000807 libjvm.so->fopen(0x2acd4bcfa9b0, 0x2acd4d583ccb, 4016, 3997) = 0x2acd500032f0
4647   0.000638 libjvm.so->opendir(0x2acd50002b40, 0x2acd50002b40, 13, 16) = 0
4647   0.000444 libjvm.so->__xstat(1, 0x2acd4bcff8f0, 0x2acd4bcfe860, 0x6f732e7477616d62) = -1
4647   0.000573 libjvm.so->__xstat(1, 0x2acd4bcff8f0, 0x2acd4bcfe860, 0x5f74776162696c2f) = 0
4647   0.000510 libjvm.so->fopen(0x2acd4bcfeb90, 0x2acd4d583ccb, 4011, 3996) = 0x2acd500037d0
4647   0.000668 libjvm.so->fopen(0x2acd4bcfeb90, 0x2acd4d583ccb, 4011, 3996) = 0x2acd500037d0
4647   0.000709 libjvm.so->fopen(0x2acd4bcfeb90, 0x2acd4d583ccb, 4011, 4004) = 0x2acd500037d0
4647   0.000662 libjvm.so->fopen(0x2acd4bcfeb20, 0x2acd4d583ccb, 4011, 3996) = 0x2acd500037d0
4647   0.000629 libjvm.so->fopen(0x2acd4bcfeb20, 0x2acd4d583ccb, 4011, 3996) = 0x2acd500037d0
4647   0.000580 libjvm.so->fopen(0x2acd4bcfeb20, 0x2acd4d583ccb, 4011, 4004) = 0x2acd500037d0
4647   0.000689 libjvm.so->fopen(0x2acd4bcfeb50, 0x2acd4d583ccb, 4016, 3997) = 0x2acd500037d0
4647   0.001073 libjvm.so->getenv(0x2acd4d5cd0ff, 4096, 3, -1) = 0
4647   0.000967 libjvm.so->fopen(0x2acd4d5cc998, 0x2acd4d583ccb, 0x2acd4bde4908, 0x2acd4bde3df0) = 0x2acd500037d0
4647   0.004696 libjvm.so->open(0x2acd5004a5c0, 0x20000, 0, 0x2acd5004a609) = 3
4647   0.000446 libjvm.so->__fxstat(1, 3, 0x2acd4bd00a00, -1) = 0
4647   0.000558 libjvm.so->opendir(0x2acd5004a5c0, 0x2acd4bd00a00, 0x4000, -1) = 0x2acd5004b4d0
4647   0.000474 libjvm.so->__fxstat(1, 3, 0x2acd4bd008a0, 0x2acd5004b4d0) = 0
4647   0.000452 libjvm.so->__fxstat(1, 5, 0x2acd4bd00930, -1) = 0
4647   0.000440 libjvm.so->open(0x2acd4d59a9dc, 0, 0, 0) = 3
4647   0.000674 libjvm.so->__lxstat(1, 0x2acd5004a5c0, 0x2acd4bd00b50, -144) = 0
4647   0.000454 libjvm.so->open(0x2acd5004a5c0, 0x20000, 0x4000, -1) = 3
4647   0.000454 libjvm.so->__fxstat(1, 3, 0x2acd4bd00a00, -1) = 0
4647   0.000439 libjvm.so->opendir(0x2acd5004a5c0, 0x2acd4bd00a00, 0x4000, -1) = 0x2acd5004b4d0
4647   0.000464 libjvm.so->__fxstat(1, 3, 0x2acd4bd008a0, 0x2acd5004b4d0) = 0
4647   0.000445 libjvm.so->__fxstat(1, 5, 0x2acd4bd00930, -1) = 0
4647   0.000603 libjvm.so->open(0x2acd4d59a9dc, 0, 0, 0) = 3
4647   0.000477 libjvm.so->open(0x2acd5004a609, 0x20042, 384, -1) = 7
4647   0.000656 libjvm.so->__fxstat(1, 7, 0x2acd4bd00b50, -1) = 0
4647   0.001684 libjvm.so->fopen(0x2acd4bcffb60, 0x2acd4d583ccb, 4, 0x6f732e70) = 0x2acd50057c20
4647   0.001401 libjvm.so->dlopen(0x2acd4bcffb60, 1, 0xffffffff, 0x2acd50057b00) = 0x2acd50057c20
4647   0.001406 libjvm.so->__xstat(1, 0x2acd4bd00120, 0x2acd4bd00950, 2048) = 0
4647   0.000467 libjvm.so->__xstat(1, 0x2acd4bd00120, 0x2acd4bd00950, 2048) = 0
4647   0.000447 libjvm.so->__xstat(1, 0x2acd4bd00120, 0x2acd4bd00950, 2048) = -1
4647   0.000484 libjvm.so->__xstat(1, 0x2acd4bd00120, 0x2acd4bd00950, 2048) = 0
4647   0.000423 libjvm.so->__xstat(1, 0x2acd4bd00120, 0x2acd4bd00950, 2048) = 0
4647   0.000586 libjvm.so->__xstat(1, 0x2acd4bd00120, 0x2acd4bd00950, 2048) = 0
4647   0.000504 libjvm.so->__xstat(1, 0x2acd4bd00120, 0x2acd4bd00950, 2048) = 0
4647   0.000492 libjvm.so->__xstat(1, 0x2acd4bd00120, 0x2acd4bd00950, 2048) = -1
4647   0.000456 libjvm.so->fopen(0x2acd50002520, 0x2acd4d583ccb, 0, 0) = 0x2acd50058ac0
4647   0.008508 libjvm.so->open64(0x2acd4bcff410, 0, 0, 16) = 3
4647   0.000445 libjvm.so->__fxstat64(1, 3, 0x2acd4bcff240, -1) = 0
4647   0.038455 libjvm.so->__xstat(1, 0x2acd4bcfff20, 0x2acd4bd00750, 2048) = -1
4647   0.000590 libjvm.so->fopen(0x2acd4bcfeb20, 0x2acd4d583ccb, 4011, 3996) = 0x2acd500b5d40
4647   0.000635 libjvm.so->fopen(0x2acd4bcfeb20, 0x2acd4d583ccb, 4011, 3996) = 0x2acd500b5d40
4647   0.000589 libjvm.so->fopen(0x2acd4bcfeb20, 0x2acd4d583ccb, 4011, 4004) = 0x2acd500b5d40
4647   0.004393 libjvm.so->pthread_attr_setdetachstate(0x2acd4bd00c00, 1, 0, 0) = 0
4647   0.000557 libpthread.so.0->__clone(0x2acd4bdedde0, 0x2acd4fed0fc0, 0x3d0f00, 0x2acd4fed1700) = 4648
4647   0.015854 libjvm.so->pthread_attr_setdetachstate(0x2acd4bd00290, 1, 0, 0) = 0
4647   0.000739 libpthread.so.0->__clone(0x2acd4bdedde0, 0x2acd4ffd1fc0, 0x3d0f00, 0x2acd4ffd2700) = 4649
4647   0.006800 libjvm.so->pthread_attr_setdetachstate(0x2acd4bd00610, 1, 0, 0) = 0
4647   0.000788 libpthread.so.0->__clone(0x2acd4bdedde0, 0x2acd648a0fc0, 0x3d0f00, 0x2acd648a1700) = 4650
4647   0.040107 libjvm.so->fopen(0x2acd500f1810, 0x2acd4d583ccb, 4, 0x6f732e70) = 0x2acd500f1d10
4647   0.001997 libjvm.so->dlopen(0x2acd500f1810, 1, 0xffffffff, 0x2acd500e8c00) = 0x2acd50057c20
4647   0.005313 libjvm.so->open64(0x2acd4bcff510, 0, 0, 16) = 5
4647   0.000928 libjvm.so->__fxstat64(1, 5, 0x2acd4bcff340, -1) = 0
4647   0.019991 libjvm.so->fopen(0x2acd4bcfc130, 0x2acd4d583ccb, 4011, 3996) = 0x2acd500fcce0
4647   0.005671 libjvm.so->fopen(0x2acd4bcfc130, 0x2acd4d583ccb, 4011, 3996) = 0x2acd500fcce0
4647   0.001748 libjvm.so->fopen(0x2acd4bcfc130, 0x2acd4d583ccb, 4011, 4004) = 0x2acd500fcce0
4647   0.016194 libjvm.so->pthread_attr_setdetachstate(0x2acd4bd00b50, 1, 0, 0) = 0
4647   0.000962 libpthread.so.0->__clone(0x2acd4bdedde0, 0x2acd649a1fc0, 0x3d0f00, 0x2acd649a2700) = 4661
4647   0.001429 libjvm.so->__xstat64(1, 0x2acd4bd00be0, 0x2acd4bd00b50, 18) = -1
4647   0.001137 libjvm.so->pthread_attr_setdetachstate(0x2acd4bd00950, 1, 0, 0) = 0
4647   0.001078 libpthread.so.0->__clone(0x2acd4bdedde0, 0x2acd64aa2fc0, 0x3d0f00, 0x2acd64aa3700) = 4662
4647   0.001695 libjvm.so->pthread_attr_setdetachstate(0x2acd4bd00950, 1, 0, 0) = 0
4647   0.001562 libpthread.so.0->__clone(0x2acd4bdedde0, 0x2acd64ba3fc0, 0x3d0f00, 0x2acd64ba4700) = 4664
4647   0.007724 libjvm.so->pthread_attr_setdetachstate(0x2acd4bd00aa0, 1, 0, 0) = 0
4647   0.001388 libpthread.so.0->__clone(0x2acd4bdedde0, 0x2acd64ca4fc0, 0x3d0f00, 0x2acd64ca5700) = 4667
4647   0.004124 libjvm.so->pthread_attr_setdetachstate(0x2acd4bd00bb0, 1, 0, 0) = 0
4647   0.006940 libpthread.so.0->__clone(0x2acd4bdedde0, 0x2acd64da5fc0, 0x3d0f00, 0x2acd64da6700) = 4673
4647   0.016148 libjvm.so->open64(0x2acd50136ce0, 0, 0, 32) = 7
4647   0.001714 libjvm.so->__fxstat64(1, 7, 0x2acd4bcfdf60, -1) = 0
4647   0.028780 libjvm.so->fopen(0x2acd5015cbc0, 0x2acd4d583ccb, 4, 0x6f732e6f) = 0x2acd5015cc80
4647   0.002984 libjvm.so->dlopen(0x2acd5015cbc0, 1, 0xffffffff, 0x2acd5015cc00) = 0x2acd5015cc80
4647   0.102037 libjvm.so->fopen(0x2acd4bcfae40, 0x2acd4d583ccb, 0x6f732e, 0x6d766a62696c2f72) = 0x2acd501a7480
4647   0.006215 libjvm.so->dlopen(0x2acd4bcfae40, 1, 0xffffffff, 0x2acd501a7400) = 0x561f8dcc84b0
4647   0.001887 libjvm.so->fopen(0x2acd4bcfae40, 0x2acd4d583ccb, 0x6f732e, 0x6d766a62696c2f72) = 0x2acd501a78f0
4647   0.005836 libjvm.so->dlopen(0x2acd4bcfae40, 1, 0xffffffff, 0x2acd501a7400) = 0x561f8dcc84b0
4647   0.002247 libjvm.so->fopen(0x2acd4bcfae40, 0x2acd4d583ccb, 0x6f732e, 0x6d766a62696c2f72) = 0x2acd501a7520
4647   0.003858 libjvm.so->dlopen(0x2acd4bcfae40, 1, 0xffffffff, 0x2acd501a7400) = 0x561f8dcc84b0
4647   0.001621 libjvm.so->fopen(0x2acd4bcfae40, 0x2acd4d583ccb, 0x6f732e, 0x6d766a62696c2f72) = 0x2acd501a7990
4647   0.003455 libjvm.so->dlopen(0x2acd4bcfae40, 1, 0xffffffff, 0x2acd501a7400) = 0x561f8dcc84b0
4647   0.046375 libjvm.so->fopen(0x2acd501b9fd0, 0x2acd4d583ccb, 4, 0x6f732e74) = 0x2acd501d73e0
4647   0.003041 libjvm.so->dlopen(0x2acd501b9fd0, 1, 0xffffffff, 0x2acd501c2a00) = 0x2acd501d73e0
4647   0.137667 libjvm.so->fopen(0x2acd50238740, 0x2acd4d583ccb, 0x6f732e7373656c, 0x656c646165685f74) = 0x2acd50238820
4647   0.003003 libjvm.so->dlopen(0x2acd50238740, 1, 0xffffffff, 0x2acd50238700) = 0x2acd50238820
4647   3.651750 --- SIGSEGV (Segmentation fault) ---
4647   0.723387 --- SIGSEGV (Segmentation fault) ---
4647   0.973616 --- SIGSEGV (Segmentation fault) ---
4647   0.000513 --- SIGSEGV (Segmentation fault) ---
4647   0.909561 --- SIGSEGV (Segmentation fault) ---
4647   0.000614 --- SIGSEGV (Segmentation fault) ---
4647   0.000411 --- SIGSEGV (Segmentation fault) ---
4647   0.000563 --- SIGSEGV (Segmentation fault) ---
4647   0.823063 --- SIGSEGV (Segmentation fault) ---
4647   0.001193 --- SIGSEGV (Segmentation fault) ---
4647   1.014137 --- SIGSEGV (Segmentation fault) ---
4647   0.001694 --- SIGSEGV (Segmentation fault) ---
4647   0.001230 --- SIGSEGV (Segmentation fault) ---
4647   0.691364 --- SIGSEGV (Segmentation fault) ---
4647   0.000755 --- SIGSEGV (Segmentation fault) ---
4647   0.000533 --- SIGSEGV (Segmentation fault) ---
4647   0.000523 --- SIGSEGV (Segmentation fault) ---
4647   1.849507 --- SIGSEGV (Segmentation fault) ---
4647   0.001139 --- SIGSEGV (Segmentation fault) ---
4647   0.000484 --- SIGSEGV (Segmentation fault) ---
4647   0.889320 --- SIGSEGV (Segmentation fault) ---
4647   0.000702 --- SIGSEGV (Segmentation fault) ---
4647   0.000517 --- SIGSEGV (Segmentation fault) ---
4647   0.000672 --- SIGSEGV (Segmentation fault) ---
4647   1.245649 --- SIGSEGV (Segmentation fault) ---
4647   0.022782 --- SIGSEGV (Segmentation fault) ---
4647   0.000773 --- SIGSEGV (Segmentation fault) ---
4647   0.000678 --- SIGSEGV (Segmentation fault) ---
4647   0.961604 --- SIGSEGV (Segmentation fault) ---
4647   0.000817 --- SIGSEGV (Segmentation fault) ---
4647   0.900570 --- SIGSEGV (Segmentation fault) ---
4647   0.000790 --- SIGSEGV (Segmentation fault) ---
4647   0.000769 --- SIGSEGV (Segmentation fault) ---
4664   0.000018 --- SIGSEGV (Segmentation fault) ---
4647   0.000803 --- SIGSEGV (Segmentation fault) ---
4647   0.649094 --- SIGSEGV (Segmentation fault) ---
4647   0.831054 --- SIGSEGV (Segmentation fault) ---
4647   0.777643 --- SIGSEGV (Segmentation fault) ---
4647   1.015622 --- SIGSEGV (Segmentation fault) ---
4647   0.836392 libjvm.so->fopen(0x2acd4bcfe0e0, 0x2acd4d583ccb, 111, 0x732e6176) = 0x2acd5018cf10
4647   0.003667 libjvm.so->dlopen(0x2acd4bcfe0e0, 1, 0xffffffff, 0x2acd50257200) = 0x2acd50001b10
4647   0.001095 libjvm.so->fopen(0x2acd4bcfe0e0, 0x2acd4d583ccb, 111, 0x732e6176) = 0x2acd50253700
4647   0.001868 libjvm.so->dlopen(0x2acd4bcfe0e0, 1, 0xffffffff, 0x2acd50257200) = 0x2acd50001b10
4647   0.001511 libjvm.so->fopen(0x2acd4bcfe0e0, 0x2acd4d583ccb, 111, 0x732e6176) = 0x2acd50253700
4647   0.001849 libjvm.so->dlopen(0x2acd4bcfe0e0, 1, 0xffffffff, 0x2acd50257200) = 0x2acd50001b10
4647   0.001056 libjvm.so->fopen(0x2acd4bcfe0e0, 0x2acd4d583ccb, 111, 0x732e6176) = 0x2acd50253700
4647   0.001837 libjvm.so->dlopen(0x2acd4bcfe0e0, 1, 0xffffffff, 0x2acd50257200) = 0x2acd50001b10
4647   0.045158 libjvm.so->fopen(0x2acd4bcfdeb0, 0x2acd4d583ccb, 111, 0x732e6176) = 0x2acd5021d2e0
4647   0.003028 libjvm.so->dlopen(0x2acd4bcfdeb0, 1, 0xffffffff, 0x2acd50256c00) = 0x2acd50001b10
4647   0.001645 libjvm.so->fopen(0x2acd4bcfdeb0, 0x2acd4d583ccb, 111, 0x732e6176) = 0x2acd5021d2e0
4647   0.002823 libjvm.so->dlopen(0x2acd4bcfdeb0, 1, 0xffffffff, 0x2acd50256c00) = 0x2acd50001b10
4647   0.001718 libjvm.so->fopen(0x2acd4bcfdeb0, 0x2acd4d583ccb, 111, 0x732e6176) = 0x2acd5021d2e0
4647   0.002926 libjvm.so->dlopen(0x2acd4bcfdeb0, 1, 0xffffffff, 0x2acd50256c00) = 0x2acd50001b10
4647   0.001644 libjvm.so->fopen(0x2acd4bcfdeb0, 0x2acd4d583ccb, 111, 0x732e6176) = 0x2acd5021d2e0
4647   0.003083 libjvm.so->dlopen(0x2acd4bcfdeb0, 1, 0xffffffff, 0x2acd50256c00) = 0x2acd50001b10
4647   0.250790 --- SIGSEGV (Segmentation fault) ---
4647   1.013331 --- SIGSEGV (Segmentation fault) ---
4673   4.895852 +++ exited (status 0) +++
4661   0.000165 +++ exited (status 0) +++
4648   0.000446 +++ exited (status 0) +++
4647   0.000304 +++ exited (status 0) +++
4664   0.000285 +++ exited (status 0) +++
4667   0.000018 +++ exited (status 0) +++
4650   0.000011 +++ exited (status 0) +++
4649   0.000010 +++ exited (status 0) +++
4662   0.026373 +++ exited (status 0) +++
4646   0.000107 +++ exited (status 0) +++
Wrote an ltrace for command: "java -cp ./tools/maxent.jar density.Project outputs/Thremma_gallicum_McLachlan/Thremma_gallicum_McLachlan.lambdas data/layers/worldclim outputs/Thremma_gallicum_McLachlan_worldclim.asc nowarnings nocache autorun -z" with PID 4643 from PPID 4623 on disc24.crc.nd.edu with result 0
REMOTEHOST=10.17.150.11
_CONDOR_JOB_PIDS=
MANPATH=/afs/crc.nd.edu/user/n/nkremerh/cctools/share/man/:/afs/crc.nd.edu/group/ccl/software/x86_64/redhat7/ruby/current/share/man:/afs/crc.nd.edu/group/ccl/software/x86_64/redhat7/graphviz/current/share/man:/afs/crc.nd.edu/group/ccl/software/x86_64/redhat7/gnuplot/current/share/man:/afs/crc.nd.edu/group/ccl/software/x86_64/redhat7/git/current/share/man:/afs/crc.nd.edu/group/ccl/software/x86_64/redhat7/condor/current/share/man:/afs/crc.nd.edu/group/ccl/software/x86_64/redhat7/clang/current/share/man:/afs/crc.nd.edu/group/ccl/software/x86_64/redhat7/condor/current/share/man:/afs/crc.nd.edu/group/ccl/software/x86_64/redhat7/cctools/current/share/man:/afs/crc.nd.edu/group/ccl/software/x86_64/redhat7/cctools/current/share/man:/afs/crc.nd.edu/x86_64_linux/Modules/4.5.0/share/man:/opt/crc/usr/local/man:/opt/sge/man:/usr/share/man/overrides:/usr/share/man:/usr/local/share/man
XDG_SESSION_ID=4102
HOSTNAME=disc01.crc.nd.edu
_LMFILES__modshare=/afs/crc.nd.edu/x86_64_linux/Modules/modules/system_modules/CRC_default/1.1:1
MODULEPATH_modshare=/afs/crc.nd.edu/x86_64_linux/Modules/modules/general_software:1:/afs/crc.nd.edu/x86_64_linux/Modules/modules/development_tools_and_libraries:1:/afs/crc.nd.edu/x86_64_linux/Modules/modules/system_modules:1:/afs/crc.nd.edu/x86_64_linux/Modules/current/modulefiles:1:/afs/crc.nd.edu/x86_64_linux/Modules/modules/restricted_software:1:/afs/crc.nd.edu/x86_64_linux/Modules/modules/deprecated_software:1
MODULES_CMD=/afs/crc.nd.edu/x86_64_linux/Modules/4.5.0/libexec/modulecmd.tcl
HOST=disc01.crc.nd.edu
SHELL=/bin/tcsh
TERM=xterm-256color
MAKEFLAGS=
HISTSIZE=5000
_CONDOR_ANCESTOR_24616=24629:1600190003:439760950
TMPDIR=/var/condor/execute/dir_24616/worker-213124-24653/t.1485/cctools-temp-t.1485.urAsot
SSH_CLIENT=10.17.150.11 36546 22
PERL5LIB=/afs/crc.nd.edu/user/n/nkremerh/cctools/lib/perl5/site_perl/5.16.3:/afs/crc.nd.edu/user/n/nkremerh/.perl5/lib/perl5
SGE_CELL=crc
_CONDOR_ANCESTOR_3661=24616:1600190001:3585230408
_CONDOR_SCRATCH_DIR=/var/condor/execute/dir_24616
PERL_MB_OPT=--install_base '/afs/crc.nd.edu/user/n/nkremerh/.perl5/'
SSH_TTY=/dev/pts/2
SGE_LOAD_AVG=load_avg
MAKEFLOW_MAX_LOCAL_JOBS=2
HISTFILESIZE=10000
_CHIRP_DELAYED_UPDATE_PREFIX=Chirp*
USER=nkremerh
GROUP=campus
LD_LIBRARY_PATH=/afs/crc.nd.edu/group/ccl/software/x86_64/redhat7/ruby/current/lib:/afs/crc.nd.edu/group/ccl/software/x86_64/redhat7/graphviz/current/lib:/afs/crc.nd.edu/group/ccl/software/x86_64/redhat7/git/current/lib:/afs/crc.nd.edu/group/ccl/software/x86_64/redhat7/condor/current/lib:/afs/crc.nd.edu/group/ccl/software/x86_64/redhat7/clang/current/lib:/afs/crc.nd.edu/group/ccl/software/x86_64/redhat7/condor/current/lib:/afs/crc.nd.edu/group/ccl/software/x86_64/redhat7/cctools/current/lib:/opt/crc/usr/local/lib
TEMP=/var/condor/execute/dir_24616/worker-213124-24653/t.1485/cctools-temp-t.1485.urAsot
BATCH_SYSTEM=HTCondor
WORKER_TMPDIR=/var/condor/execute/dir_24616/worker-213124-24653/cache/tmp
ENV=/afs/crc.nd.edu/x86_64_linux/Modules/4.5.0/init/profile.sh
MODULES_LMALTNAME=CRC_default/1.1&CRC_default/default&CRC_default
_CONDOR_CHIRP_CONFIG=/var/condor/execute/dir_24616/.chirp.config
GLOBUS_GSSAPI_MAX_TLS_PROTOCOL=0
_CONDOR_HIGHPORT=9999
HOSTTYPE=x86_64-linux
MAKELEVEL=1
MFLAGS=
CCLSOFTWARE=/afs/crc.nd.edu/group/ccl/software/x86_64/redhat7
PATH=/afs/crc.nd.edu/user/n/nkremerh/cctools/bin:/afs/crc.nd.edu/user/n/nkremerh/miniconda/bin:/afs/crc.nd.edu/group/ccl/software/git:/afs/crc.nd.edu/user/n/nkremerh/.local/bin:/afs/crc.nd.edu/group/ccl/software/x86_64/redhat7/povray/3.7/bin:/afs/crc.nd.edu/user/n/nkremerh/.perl5/bin:/afs/crc.nd.edu/user/n/nkremerh/pegasus/bin:/afs/crc.nd.edu/user/n/nkremerh/nodejs/bin:/afs/crc.nd.edu/user/n/nkremerh/montage/bin:/afs/crc.nd.edu/user/n/nkremerh/latexdiff:/afs/crc.nd.edu/user/n/nkremerh/envtrace:/afs/crc.nd.edu/user/n/nkremerh/endlines:/afs/crc.nd.edu/user/n/nkremerh/cctools/bin:/afs/crc.nd.edu/user/n/nkremerh/.cargo/bin:/afs/crc.nd.edu/group/ccl/software/x86_64/redhat7/ruby/current/bin:/afs/crc.nd.edu/group/ccl/software/x86_64/redhat7/graphviz/current/bin:/afs/crc.nd.edu/group/ccl/software/x86_64/redhat7/gnuplot/current/bin:/afs/crc.nd.edu/group/ccl/software/x86_64/redhat7/git/current/bin:/afs/crc.nd.edu/group/ccl/software/x86_64/redhat7/condor/current/sbin:/afs/crc.nd.edu/group/ccl/software/x86_64/redhat7/condor/current/bin:/afs/crc.nd.edu/group/ccl/software/x86_64/redhat7/cmake/current/bin:/afs/crc.nd.edu/group/ccl/software/x86_64/redhat7/clang/current/bin:/afs/crc.nd.edu/group/ccl/software/x86_64/redhat7/condor/current/sbin:/afs/crc.nd.edu/group/ccl/software/x86_64/redhat7/condor/current/bin:/afs/crc.nd.edu/group/ccl/software/x86_64/redhat7/cctools/current/bin:/afs/crc.nd.edu/x86_64_linux/Modules/4.5.0/bin:/opt/crc/usr/local/bin:/opt/sge/bin/lx-amd64:/usr/local/bin:/usr/bin:/usr/local/sbin:/usr/sbin:/afs/crc.nd.edu/user/c/condor/software/bin:/afs/crc.nd.edu/user/c/condor/software/sbin
MAIL=/var/spool/mail/nkremerh
_CONDOR_ANCESTOR_3620=3661:1598183993:2394854300
PWD=/var/condor/execute/dir_24616/worker-213124-24653/t.1485
_LMFILES_=/afs/crc.nd.edu/x86_64_linux/Modules/modules/system_modules/CRC_default/1.1
SGE_EXECD_PORT=6445
EDITOR=vim
LANG=en_US.UTF-8
MODULEPATH=/afs/crc.nd.edu/x86_64_linux/Modules/modules/development_tools_and_libraries:/afs/crc.nd.edu/x86_64_linux/Modules/modules/general_software:/afs/crc.nd.edu/x86_64_linux/Modules/modules/restricted_software:/afs/crc.nd.edu/x86_64_linux/Modules/modules/system_modules:/afs/crc.nd.edu/x86_64_linux/Modules/modules/deprecated_software:/afs/crc.nd.edu/x86_64_linux/Modules/current/modulefiles
SGE_QMASTER_PORT=6444
SGE_ROOT=/opt/sge
LOADEDMODULES=CRC_default/1.1
WORK_QUEUE_SANDBOX=/var/condor/execute/dir_24616/worker-213124-24653
_CONDOR_SLOT=slot1
CCLPLATFORM=x86_64/redhat7
USE_SYSTEMD=true
_CONDOR_LOWPORT=9100
KRB5CCNAME=FILE:/tmp/krb5cc_213124_DZSV7p
HISTCONTROL=ignoreboth:erasedups
PATH_modshare=/opt/crc/usr/local/bin:1:/opt/sge/bin/lx-amd64:1:/usr/sbin:1:/usr/bin:1:/afs/crc.nd.edu/user/c/condor/software/sbin:1:/usr/local/sbin:1:/afs/crc.nd.edu/user/c/condor/software/bin:1:/usr/local/bin:1
SHLVL=7
HOME=disc01.crc.nd.edu
GLOBUS_GSSAPI_NAME_COMPATIBILITY=STRICT_RFC2818
_CONDOR_MACHINE_AD=/var/condor/execute/dir_24616/.machine.ad
OSTYPE=linux
DISK=916206
GREP_OPTIONS=--color=auto
GLOBUS_GSSAPI_MIN_TLS_PROTOCOL=TLS1_VERSION
MEMORY=15899
MANPATH_modshare=/usr/share/man/overrides:1:/usr/local/share/man:1:/usr/share/man:1:/opt/crc/usr/local/man:1:/opt/sge/man:1
VENDOR=unknown
BASH_ENV=/afs/crc.nd.edu/x86_64_linux/Modules/4.5.0/init/bash
PERL_LOCAL_LIB_ROOT=/afs/crc.nd.edu/user/n/nkremerh/.perl5/
PYTHONPATH=/afs/crc.nd.edu/user/n/nkremerh/cctools/lib/python3.6/site-packages/
CCLHOME=/afs/crc.nd.edu/group/ccl
MACHTYPE=x86_64
LOGNAME=nkremerh
TMP=/var/condor/execute/dir_24616/worker-213124-24653/t.1485/cctools-temp-t.1485.urAsot
LD_LIBRARY_PATH_modshare=/opt/crc/usr/local/lib:1
MODULES_LMALTNAME_modshare=CRC_default/1.1&CRC_default/default&CRC_default:1
SSH_CONNECTION=10.17.150.11 36546 129.74.128.103 22
MODULESHOME=/afs/crc.nd.edu/x86_64_linux/Modules/4.5.0
OMP_NUM_THREADS=1
LESSOPEN=||/usr/bin/lesspipe.sh %s
GLOBUS_GSSAPI_BACKWARD_COMPATIBLE_MIC=true
GLOBUS_GSSAPI_CIPHERS=HIGH
LOADEDMODULES_modshare=CRC_default/1.1:1
_CONDOR_JOB_AD=/var/condor/execute/dir_24616/.job.ad
SGE_CLUSTER_NAME=CRC
XDG_RUNTIME_DIR=/run/user/213124
CCTOOLS=../cctools
CORES=4
_CONDOR_JOB_IWD=/var/condor/execute/dir_24616
PERL_MM_OPT=INSTALL_BASE=/afs/crc.nd.edu/user/n/nkremerh/.perl5/
GLOBUS_GSSAPI_SERVER_CIPHER_ORDER=true
BASH_FUNC_module()=() {  unset _mlshdbg;
 if [ "${MODULES_SILENT_SHELL_DEBUG:-0}" = '1' ]; then
 case "$-" in 
 *v*x*)
 set +vx;
 _mlshdbg='vx'
 ;;
 *v*)
 set +v;
 _mlshdbg='v'
 ;;
 *x*)
 set +x;
 _mlshdbg='x'
 ;;
 *)
 _mlshdbg=''
 ;;
 esac;
 fi;
 unset _mlre _mlIFS;
 if [ -n "${IFS+x}" ]; then
 _mlIFS=$IFS;
 fi;
 IFS=' ';
 for _mlv in ${MODULES_RUN_QUARANTINE:-};
 do
 if [ "${_mlv}" = "${_mlv##*[!A-Za-z0-9_]}" -a "${_mlv}" = "${_mlv#[0-9]}" ]; then
 if [ -n "`eval 'echo ${'$_mlv'+x}'`" ]; then
 _mlre="${_mlre:-}${_mlv}_modquar='`eval 'echo ${'$_mlv'}'`' ";
 fi;
 _mlrv="MODULES_RUNENV_${_mlv}";
 _mlre="${_mlre:-}${_mlv}='`eval 'echo ${'$_mlrv':-}'`' ";
 fi;
 done;
 if [ -n "${_mlre:-}" ]; then
 eval `eval ${_mlre}/usr/bin/tclsh /afs/crc.nd.edu/x86_64_linux/Modules/4.5.0/libexec/modulecmd.tcl bash '"$@"'`;
 else
 eval `/usr/bin/tclsh /afs/crc.nd.edu/x86_64_linux/Modules/4.5.0/libexec/modulecmd.tcl bash "$@"`;
 fi;
 _mlstatus=$?;
 if [ -n "${_mlIFS+x}" ]; then
 IFS=$_mlIFS;
 else
 unset IFS;
 fi;
 unset _mlre _mlv _mlrv _mlIFS;
 if [ -n "${_mlshdbg:-}" ]; then
 set -$_mlshdbg;
 fi;
 unset _mlshdbg;
 return $_mlstatus
}
BASH_FUNC_ml()=() {  module ml "$@"
}
_=/usr/bin/printenv
