29642   0.000000 libjli.so->getenv("_JAVA_LAUNCHER_DEBUG") = nil
29642   0.001744 libjli.so->getenv("_JAVA_VERSION_SET") = nil
29642   0.000679 libjli.so->fopen("/usr/lib/jvm/java-1.8.0-openjdk-1.8.0.262.b10-0.el7_8.x86_64/jre/lib/amd64/jvm.cfg", "r") = 0x5588b9c590e0
29642   0.000810 libjli.so->getenv("JDK_ALTERNATE_VM") = nil
29642   0.000325 libjli.so->__xstat(1, "/usr/lib/jvm/java-1.8.0-openjdk-1.8.0.262.b10-0.el7_8.x86_64/jre/lib/amd64/server/libjvm.so", 0x7ffc037445e0) = 0
29642   0.000585 libjli.so->getenv("LD_LIBRARY_PATH") = "/afs/crc.nd.edu/group/ccl/software/x86_64/redhat7/ruby/current/lib:/afs/crc.nd.edu/group/ccl/software/x86_64/redhat7/graphviz/current/lib:/afs/crc.nd.edu/group/ccl/software/x86_64/redhat7/git/current/lib:/afs/crc.nd.edu/group/ccl/software/x86_64/redhat7/condor/current/lib:/afs/crc.nd.edu/group/ccl/software/x86_64/redhat7/clang/current/lib:/afs/crc.nd.edu/group/ccl/software/x86_64/redhat7/condor/current/lib:/afs/crc.nd.edu/group/ccl/software/x86_64/redhat7/cctools/current/lib:/opt/crc/usr/local/lib"
29642   0.002099 libjli.so->dlopen("/usr/lib/jvm/java-1.8.0-openjdk-1.8.0.262.b10-0.el7_8.x86_64/jre/lib/amd64/server/libjvm.so", 258 <unfinished ...>
29642   0.039099 libjvm.so->getenv("NMT_LEVEL_29642") = nil
29642   0.001705 <... dlopen resumed> )          = 0x5588b9c594b0
29642   0.000074 libjli.so->getenv("CLASSPATH")  = nil
29642   0.000314 libjli.so->getenv("_JAVA_SPLASH_JAR") = nil
29642   0.000303 libjli.so->getenv("_JAVA_SPLASH_FILE") = nil
29642   0.000306 libjli.so->pthread_attr_setdetachstate(0x7ffc03744590, 0, 0x7ffc03744620, 0) = 0
29642   0.000437 libpthread.so.0->__clone(0x2b3f5967cde0, 0x2b3f5958ffc0, 0x3d0f00, 0x2b3f59590700) = 0x73cb
29643   0.001565 libjvm.so->dlopen(0x2b3f5ae5b9ae, 1, 0xfffffffffff42c48, 4096) = 0x2b3f5c000990
29643   0.002475 libjvm.so->getenv(0x2b3f5ae7683e, 0, 115, 0x65737361) = 0x7ffc0374a6b4
29643   0.000448 libjvm.so->fopen(0x2b3f5958ec10, 0x2b3f5ae12ccb, 0x6f732e79666972, 0x2b3f59f54ab0) = 0x2b3f5c001440
29643   0.001371 libjvm.so->dlopen(0x2b3f5958ec10, 1, 0xffffffff, 0x2b3f5c002b00) = 0x2b3f5c001440
29643   0.001455 libjvm.so->fopen(0x2b3f5958ec10, 0x2b3f5ae12ccb, 111, 0x732e6176) = 0x2b3f5c001b10
29643   0.001612 libjvm.so->dlopen(0x2b3f5958ec10, 1, 0xffffffff, 0x2b3f5c001a00) = 0x2b3f5c001b10
29643   0.001571 libjvm.so->__xstat(1, 0x2b3f5958f360, 0x2b3f5958fba0, 0x746f7073746f682e) = -1
29643   0.000465 libjvm.so->getenv(0x2b3f5ae0b541, 0x2b3f5958f6d0, 1024, 0x2b3f5b2c561b) = 0
29643   0.000438 libjvm.so->getenv(0x2b3f5ae0b533, 0x2b3f5958f6d0, 1024, 0) = 0
29643   0.000423 libjvm.so->fopen(0x2b3f5ae5b315, 0x2b3f5ae12ccb, 4095, 0xffffd4c0a51f4b03) = 0x2b3f5c0032d0
29643   0.001248 libjvm.so->fopen(0x2b3f5ae5b361, 0x2b3f5ae12ccb, 0x2b3f5c000078, 0x2b3f5c0032c0) = 0x2b3f5c0032d0
29643   0.000693 libjvm.so->fopen(0x2b3f595899b0, 0x2b3f5ae12ccb, 4016, 3997) = 0x2b3f5c0032d0
29643   0.000737 libjvm.so->opendir(0x2b3f5c002b40, 0x2b3f5c002b40, 13, 16) = 0
29643   0.000484 libjvm.so->__xstat(1, 0x2b3f5958e8f0, 0x2b3f5958d860, 0x6f732e7477616d62) = -1
29643   0.000468 libjvm.so->__xstat(1, 0x2b3f5958e8f0, 0x2b3f5958d860, 0x5f74776162696c2f) = 0
29643   0.000522 libjvm.so->fopen(0x2b3f5958db90, 0x2b3f5ae12ccb, 4011, 3996) = 0x2b3f5c0037b0
29643   0.000633 libjvm.so->fopen(0x2b3f5958db90, 0x2b3f5ae12ccb, 4011, 3996) = 0x2b3f5c0037b0
29643   0.000605 libjvm.so->fopen(0x2b3f5958db90, 0x2b3f5ae12ccb, 4011, 4004) = 0x2b3f5c0037b0
29643   0.000619 libjvm.so->fopen(0x2b3f5958db20, 0x2b3f5ae12ccb, 4011, 3996) = 0x2b3f5c0037b0
29643   0.000608 libjvm.so->fopen(0x2b3f5958db20, 0x2b3f5ae12ccb, 4011, 3996) = 0x2b3f5c0037b0
29643   0.000629 libjvm.so->fopen(0x2b3f5958db20, 0x2b3f5ae12ccb, 4011, 4004) = 0x2b3f5c0037b0
29643   0.000655 libjvm.so->fopen(0x2b3f5958db50, 0x2b3f5ae12ccb, 4016, 3997) = 0x2b3f5c0037b0
29643   0.000899 libjvm.so->getenv(0x2b3f5ae5c0ff, 4096, 3, -1) = 0
29643   0.000946 libjvm.so->fopen(0x2b3f5ae5b998, 0x2b3f5ae12ccb, 0x2b3f59673908, 0x2b3f59672df0) = 0x2b3f5c0037b0
29643   0.004795 libjvm.so->open(0x2b3f5c04a5a0, 0x20000, 0, 0x2b3f5c04a5e9) = 3
29643   0.000454 libjvm.so->__fxstat(1, 3, 0x2b3f5958fa00, -1) = 0
29643   0.000500 libjvm.so->opendir(0x2b3f5c04a5a0, 0x2b3f5958fa00, 0x4000, -1) = 0x2b3f5c04b4b0
29643   0.000476 libjvm.so->__fxstat(1, 3, 0x2b3f5958f8a0, 0x2b3f5c04b4b0) = 0
29643   0.000444 libjvm.so->__fxstat(1, 5, 0x2b3f5958f930, -1) = 0
29643   0.000487 libjvm.so->open(0x2b3f5ae299dc, 0, 0, 0) = 3
29643   0.000704 libjvm.so->__lxstat(1, 0x2b3f5c04a5a0, 0x2b3f5958fb50, -144) = 0
29643   0.000479 libjvm.so->open(0x2b3f5c04a5a0, 0x20000, 0x4000, -1) = 3
29643   0.000466 libjvm.so->__fxstat(1, 3, 0x2b3f5958fa00, -1) = 0
29643   0.000447 libjvm.so->opendir(0x2b3f5c04a5a0, 0x2b3f5958fa00, 0x4000, -1) = 0x2b3f5c04b4b0
29643   0.000442 libjvm.so->__fxstat(1, 3, 0x2b3f5958f8a0, 0x2b3f5c04b4b0) = 0
29643   0.000417 libjvm.so->__fxstat(1, 5, 0x2b3f5958f930, -1) = 0
29643   0.000598 libjvm.so->open(0x2b3f5ae299dc, 0, 0, 0) = 3
29643   0.000456 libjvm.so->open(0x2b3f5c04a5e9, 0x20042, 384, -1) = 7
29643   0.000665 libjvm.so->__fxstat(1, 7, 0x2b3f5958fb50, -1) = 0
29643   0.001712 libjvm.so->fopen(0x2b3f5958eb60, 0x2b3f5ae12ccb, 4, 0x6f732e70) = 0x2b3f5c057c00
29643   0.001423 libjvm.so->dlopen(0x2b3f5958eb60, 1, 0xffffffff, 0x2b3f5c057b00) = 0x2b3f5c057c00
29643   0.001410 libjvm.so->__xstat(1, 0x2b3f5958f120, 0x2b3f5958f950, 2048) = 0
29643   0.000456 libjvm.so->__xstat(1, 0x2b3f5958f120, 0x2b3f5958f950, 2048) = 0
29643   0.000440 libjvm.so->__xstat(1, 0x2b3f5958f120, 0x2b3f5958f950, 2048) = -1
29643   0.000430 libjvm.so->__xstat(1, 0x2b3f5958f120, 0x2b3f5958f950, 2048) = 0
29643   0.000445 libjvm.so->__xstat(1, 0x2b3f5958f120, 0x2b3f5958f950, 2048) = 0
29643   0.000436 libjvm.so->__xstat(1, 0x2b3f5958f120, 0x2b3f5958f950, 2048) = 0
29643   0.000435 libjvm.so->__xstat(1, 0x2b3f5958f120, 0x2b3f5958f950, 2048) = 0
29643   0.000451 libjvm.so->__xstat(1, 0x2b3f5958f120, 0x2b3f5958f950, 2048) = -1
29643   0.000476 libjvm.so->fopen(0x2b3f5c002520, 0x2b3f5ae12ccb, 0, 0) = 0x2b3f5c058aa0
29643   0.008905 libjvm.so->open64(0x2b3f5958e410, 0, 0, 16) = 3
29643   0.000486 libjvm.so->__fxstat64(1, 3, 0x2b3f5958e240, -1) = 0
29643   0.038634 libjvm.so->__xstat(1, 0x2b3f5958ef20, 0x2b3f5958f750, 2048) = -1
29643   0.000585 libjvm.so->fopen(0x2b3f5958db20, 0x2b3f5ae12ccb, 4011, 3996) = 0x2b3f5c0b1fb0
29643   0.000605 libjvm.so->fopen(0x2b3f5958db20, 0x2b3f5ae12ccb, 4011, 3996) = 0x2b3f5c0b1fb0
29643   0.000631 libjvm.so->fopen(0x2b3f5958db20, 0x2b3f5ae12ccb, 4011, 4004) = 0x2b3f5c0b1fb0
29643   0.004323 libjvm.so->pthread_attr_setdetachstate(0x2b3f5958fc00, 1, 0, 0) = 0
29643   0.000770 libpthread.so.0->__clone(0x2b3f5967cde0, 0x2b3f71f32fc0, 0x3d0f00, 0x2b3f71f33700) = 0x73d0
29643   0.019046 libjvm.so->pthread_attr_setdetachstate(0x2b3f5958f290, 1, 0, 0) = 0
29643   0.000750 libpthread.so.0->__clone(0x2b3f5967cde0, 0x2b3f72033fc0, 0x3d0f00, 0x2b3f72034700) = 0x73d3
29643   0.005279 libjvm.so->pthread_attr_setdetachstate(0x2b3f5958f610, 1, 0, 0) = 0
29643   0.000527 libpthread.so.0->__clone(0x2b3f5967cde0, 0x2b3f72134fc0, 0x3d0f00, 0x2b3f72135700) = 0x73d4
29643   0.027157 libjvm.so->fopen(0x2b3f5c0f1810, 0x2b3f5ae12ccb, 4, 0x6f732e70) = 0x2b3f5c0f1d10
29643   0.001306 libjvm.so->dlopen(0x2b3f5c0f1810, 1, 0xffffffff, 0x2b3f5c0e8c00) = 0x2b3f5c057c00
29643   0.003402 libjvm.so->open64(0x2b3f5958e510, 0, 0, 16) = 5
29643   0.000580 libjvm.so->__fxstat64(1, 5, 0x2b3f5958e340, -1) = 0
29643   0.013304 libjvm.so->fopen(0x2b3f5958b130, 0x2b3f5ae12ccb, 4011, 3996) = 0x2b3f5c0fcce0
29643   0.000740 libjvm.so->fopen(0x2b3f5958b130, 0x2b3f5ae12ccb, 4011, 3996) = 0x2b3f5c0fcce0
29643   0.000793 libjvm.so->fopen(0x2b3f5958b130, 0x2b3f5ae12ccb, 4011, 4004) = 0x2b3f5c0fcce0
29643   0.010163 libjvm.so->pthread_attr_setdetachstate(0x2b3f5958fb50, 1, 0, 0) = 0
29643   0.000690 libpthread.so.0->__clone(0x2b3f5967cde0, 0x2b3f72235fc0, 0x3d0f00, 0x2b3f72236700) = 0x73d5
29643   0.000977 libjvm.so->__xstat64(1, 0x2b3f5958fbe0, 0x2b3f5958fb50, 19) = -1
29643   0.000760 libjvm.so->pthread_attr_setdetachstate(0x2b3f5958f950, 1, 0, 0) = 0
29643   0.000727 libpthread.so.0->__clone(0x2b3f5967cde0, 0x2b3f72336fc0, 0x3d0f00, 0x2b3f72337700) = 0x73d6
29643   0.001149 libjvm.so->pthread_attr_setdetachstate(0x2b3f5958f950, 1, 0, 0) = 0
29643   0.000874 libpthread.so.0->__clone(0x2b3f5967cde0, 0x2b3f72437fc0, 0x3d0f00, 0x2b3f72438700) = 0x73d7
29643   0.005538 libjvm.so->pthread_attr_setdetachstate(0x2b3f5958faa0, 1, 0, 0) = 0
29643   0.000940 libpthread.so.0->__clone(0x2b3f5967cde0, 0x2b3f72538fc0, 0x3d0f00, 0x2b3f72539700) = 0x73d8
29643   0.001434 libjvm.so->pthread_attr_setdetachstate(0x2b3f5958fbb0, 1, 0, 0) = 0
29643   0.001069 libpthread.so.0->__clone(0x2b3f5967cde0, 0x2b3f72639fc0, 0x3d0f00, 0x2b3f7263a700) = 0x73d9
29643   0.009862 libjvm.so->open64(0x2b3f5c1368d0, 0, 0, 16) = 7
29643   0.001278 libjvm.so->__fxstat64(1, 7, 0x2b3f5958cf60, -1) = 0
29643   0.016949 libjvm.so->fopen(0x2b3f5c15c700, 0x2b3f5ae12ccb, 4, 0x6f732e6f) = 0x2b3f5c15c7c0
29643   0.002113 libjvm.so->dlopen(0x2b3f5c15c700, 1, 0xffffffff, 0x2b3f5c15c700) = 0x2b3f5c15c7c0
29655   0.030981 --- SIGSEGV (Segmentation fault) ---
29643   0.043432 libjvm.so->fopen(0x2b3f59589e40, 0x2b3f5ae12ccb, 0x6f732e, 0x6d766a62696c2f72) = 0x2b3f5c1744e0
29643   0.004870 libjvm.so->dlopen(0x2b3f59589e40, 1, 0xffffffff, 0x2b3f5c174400) = 0x5588b9c594b0
29643   0.001182 libjvm.so->fopen(0x2b3f59589e40, 0x2b3f5ae12ccb, 0x6f732e, 0x6d766a62696c2f72) = 0x2b3f5c1748e0
29643   0.004684 libjvm.so->dlopen(0x2b3f59589e40, 1, 0xffffffff, 0x2b3f5c174400) = 0x5588b9c594b0
29643   0.001168 libjvm.so->fopen(0x2b3f59589e40, 0x2b3f5ae12ccb, 0x6f732e, 0x6d766a62696c2f72) = 0x2b3f5c1744e0
29643   0.002721 libjvm.so->dlopen(0x2b3f59589e40, 1, 0xffffffff, 0x2b3f5c174400) = 0x5588b9c594b0
29643   0.001112 libjvm.so->fopen(0x2b3f59589e40, 0x2b3f5ae12ccb, 0x6f732e, 0x6d766a62696c2f72) = 0x2b3f5c1744e0
29643   0.002664 libjvm.so->dlopen(0x2b3f59589e40, 1, 0xffffffff, 0x2b3f5c174400) = 0x5588b9c594b0
29643   0.037261 libjvm.so->fopen(0x2b3f5c1a73a0, 0x2b3f5ae12ccb, 4, 0x6f732e74) = 0x2b3f5c1b5270
29643   0.003209 libjvm.so->dlopen(0x2b3f5c1a73a0, 1, 0xffffffff, 0x2b3f5c19d600) = 0x2b3f5c1b5270
29643   0.130186 libjvm.so->fopen(0x2b3f5c228550, 0x2b3f5ae12ccb, 0x6f732e7373656c, 0x656c646165685f74) = 0x2b3f5c228630
29643   0.002710 libjvm.so->dlopen(0x2b3f5c228550, 1, 0xffffffff, 0x2b3f5c228500) = 0x2b3f5c228630
29657   0.037190 +++ exited (status 0) +++
29653   0.000240 +++ exited (status 0) +++
29648   0.000572 +++ exited (status 0) +++
29643   0.000197 +++ exited (status 0) +++
29654   0.000231 +++ exited (status 1) +++
29656   0.000024 +++ exited (status 1) +++
29652   0.000016 +++ exited (status 1) +++
29651   0.000013 +++ exited (status 1) +++
29655   0.005265 +++ exited (status 1) +++
29642   0.000056 +++ exited (status 1) +++
Wrote an ltrace for command: "java -cp ./tools/maxent.jar density.Project outputs/Metriophasma_iphicles/Metriophasma_iphicles.lambdas data/layers/worldclim outputs/Metriophasma_iphicles_worldclim.asc nowarnings nocache autorun -z" with PID 29640 from PPID 29624 on disc25.crc.nd.edu with result 1
REMOTEHOST=129.74.154.87
_CONDOR_JOB_PIDS=
MANPATH=/afs/crc.nd.edu/user/n/nkremerh/cctools/share/man/:/afs/crc.nd.edu/group/ccl/software/x86_64/redhat7/ruby/current/share/man:/afs/crc.nd.edu/group/ccl/software/x86_64/redhat7/graphviz/current/share/man:/afs/crc.nd.edu/group/ccl/software/x86_64/redhat7/gnuplot/current/share/man:/afs/crc.nd.edu/group/ccl/software/x86_64/redhat7/git/current/share/man:/afs/crc.nd.edu/group/ccl/software/x86_64/redhat7/condor/current/share/man:/afs/crc.nd.edu/group/ccl/software/x86_64/redhat7/clang/current/share/man:/afs/crc.nd.edu/group/ccl/software/x86_64/redhat7/condor/current/share/man:/afs/crc.nd.edu/group/ccl/software/x86_64/redhat7/cctools/current/share/man:/afs/crc.nd.edu/group/ccl/software/x86_64/redhat7/cctools/current/share/man:/afs/crc.nd.edu/x86_64_linux/Modules/4.5.0/share/man:/opt/crc/usr/local/man:/opt/sge/man:/usr/share/man/overrides:/usr/share/man:/usr/local/share/man
XDG_SESSION_ID=2226
HOSTNAME=disc01.crc.nd.edu
_LMFILES__modshare=/afs/crc.nd.edu/x86_64_linux/Modules/modules/system_modules/CRC_default/1.1:1
MODULEPATH_modshare=/afs/crc.nd.edu/x86_64_linux/Modules/modules/general_software:1:/afs/crc.nd.edu/x86_64_linux/Modules/modules/development_tools_and_libraries:1:/afs/crc.nd.edu/x86_64_linux/Modules/modules/system_modules:1:/afs/crc.nd.edu/x86_64_linux/Modules/current/modulefiles:1:/afs/crc.nd.edu/x86_64_linux/Modules/modules/restricted_software:1:/afs/crc.nd.edu/x86_64_linux/Modules/modules/deprecated_software:1
MODULES_CMD=/afs/crc.nd.edu/x86_64_linux/Modules/4.5.0/libexec/modulecmd.tcl
HOST=disc01.crc.nd.edu
SHELL=/bin/tcsh
TERM=xterm-256color
MAKEFLAGS=
HISTSIZE=5000
TMPDIR=/var/condor/execute/dir_19614/worker-213124-19674/t.1264/cctools-temp-t.1264.eZmbFc
SSH_CLIENT=129.74.154.87 57278 22
PERL5LIB=/afs/crc.nd.edu/user/n/nkremerh/cctools/lib/perl5/site_perl/5.16.3:/afs/crc.nd.edu/user/n/nkremerh/.perl5/lib/perl5
SGE_CELL=crc
_CONDOR_SCRATCH_DIR=/var/condor/execute/dir_19614
PERL_MB_OPT=--install_base '/afs/crc.nd.edu/user/n/nkremerh/.perl5/'
_CONDOR_ANCESTOR_19614=19626:1597419253:2561947177
SSH_TTY=/dev/pts/0
_CONDOR_ANCESTOR_3553=3727:1596370016:1581098405
SGE_LOAD_AVG=load_avg
MAKEFLOW_MAX_LOCAL_JOBS=2
HISTFILESIZE=10000
_CHIRP_DELAYED_UPDATE_PREFIX=Chirp*
USER=nkremerh
GROUP=campus
LD_LIBRARY_PATH=/afs/crc.nd.edu/group/ccl/software/x86_64/redhat7/ruby/current/lib:/afs/crc.nd.edu/group/ccl/software/x86_64/redhat7/graphviz/current/lib:/afs/crc.nd.edu/group/ccl/software/x86_64/redhat7/git/current/lib:/afs/crc.nd.edu/group/ccl/software/x86_64/redhat7/condor/current/lib:/afs/crc.nd.edu/group/ccl/software/x86_64/redhat7/clang/current/lib:/afs/crc.nd.edu/group/ccl/software/x86_64/redhat7/condor/current/lib:/afs/crc.nd.edu/group/ccl/software/x86_64/redhat7/cctools/current/lib:/opt/crc/usr/local/lib
TEMP=/var/condor/execute/dir_19614/worker-213124-19674/t.1264/cctools-temp-t.1264.eZmbFc
BATCH_SYSTEM=HTCondor
WORKER_TMPDIR=/var/condor/execute/dir_19614/worker-213124-19674/cache/tmp
ENV=/afs/crc.nd.edu/x86_64_linux/Modules/4.5.0/init/profile.sh
MODULES_LMALTNAME=CRC_default/1.1&CRC_default/default&CRC_default
_CONDOR_CHIRP_CONFIG=/var/condor/execute/dir_19614/.chirp.config
GLOBUS_GSSAPI_MAX_TLS_PROTOCOL=0
_CONDOR_HIGHPORT=9999
HOSTTYPE=x86_64-linux
MAKELEVEL=1
MFLAGS=
_CONDOR_ANCESTOR_3727=19614:1597419249:425629788
CCLSOFTWARE=/afs/crc.nd.edu/group/ccl/software/x86_64/redhat7
PATH=/afs/crc.nd.edu/user/n/nkremerh/cctools/bin:/afs/crc.nd.edu/user/n/nkremerh/miniconda/bin:/afs/crc.nd.edu/group/ccl/software/git:/afs/crc.nd.edu/user/n/nkremerh/.local/bin:/afs/crc.nd.edu/group/ccl/software/x86_64/redhat7/povray/3.7/bin:/afs/crc.nd.edu/user/n/nkremerh/.perl5/bin:/afs/crc.nd.edu/user/n/nkremerh/pegasus/bin:/afs/crc.nd.edu/user/n/nkremerh/nodejs/bin:/afs/crc.nd.edu/user/n/nkremerh/montage/bin:/afs/crc.nd.edu/user/n/nkremerh/latexdiff:/afs/crc.nd.edu/user/n/nkremerh/envtrace:/afs/crc.nd.edu/user/n/nkremerh/endlines:/afs/crc.nd.edu/user/n/nkremerh/cctools/bin:/afs/crc.nd.edu/user/n/nkremerh/.cargo/bin:/afs/crc.nd.edu/group/ccl/software/x86_64/redhat7/ruby/current/bin:/afs/crc.nd.edu/group/ccl/software/x86_64/redhat7/graphviz/current/bin:/afs/crc.nd.edu/group/ccl/software/x86_64/redhat7/gnuplot/current/bin:/afs/crc.nd.edu/group/ccl/software/x86_64/redhat7/git/current/bin:/afs/crc.nd.edu/group/ccl/software/x86_64/redhat7/condor/current/sbin:/afs/crc.nd.edu/group/ccl/software/x86_64/redhat7/condor/current/bin:/afs/crc.nd.edu/group/ccl/software/x86_64/redhat7/cmake/current/bin:/afs/crc.nd.edu/group/ccl/software/x86_64/redhat7/clang/current/bin:/afs/crc.nd.edu/group/ccl/software/x86_64/redhat7/condor/current/sbin:/afs/crc.nd.edu/group/ccl/software/x86_64/redhat7/condor/current/bin:/afs/crc.nd.edu/group/ccl/software/x86_64/redhat7/cctools/current/bin:/afs/crc.nd.edu/x86_64_linux/Modules/4.5.0/bin:/opt/crc/usr/local/bin:/opt/sge/bin/lx-amd64:/usr/local/bin:/usr/bin:/usr/local/sbin:/usr/sbin:/afs/crc.nd.edu/user/c/condor/software/bin:/afs/crc.nd.edu/user/c/condor/software/sbin
MAIL=/var/spool/mail/nkremerh
PWD=/var/condor/execute/dir_19614/worker-213124-19674/t.1264
_LMFILES_=/afs/crc.nd.edu/x86_64_linux/Modules/modules/system_modules/CRC_default/1.1
SGE_EXECD_PORT=6445
EDITOR=vim
LANG=en_US.UTF-8
MODULEPATH=/afs/crc.nd.edu/x86_64_linux/Modules/modules/development_tools_and_libraries:/afs/crc.nd.edu/x86_64_linux/Modules/modules/general_software:/afs/crc.nd.edu/x86_64_linux/Modules/modules/restricted_software:/afs/crc.nd.edu/x86_64_linux/Modules/modules/system_modules:/afs/crc.nd.edu/x86_64_linux/Modules/modules/deprecated_software:/afs/crc.nd.edu/x86_64_linux/Modules/current/modulefiles
SGE_QMASTER_PORT=6444
SGE_ROOT=/opt/sge
LOADEDMODULES=CRC_default/1.1
WORK_QUEUE_SANDBOX=/var/condor/execute/dir_19614/worker-213124-19674
_CONDOR_SLOT=slot1
CCLPLATFORM=x86_64/redhat7
USE_SYSTEMD=true
_CONDOR_LOWPORT=9100
KRB5CCNAME=FILE:/tmp/krb5cc_213124_jfvfni
HISTCONTROL=ignoreboth:erasedups
PATH_modshare=/opt/crc/usr/local/bin:1:/opt/sge/bin/lx-amd64:1:/usr/sbin:1:/usr/bin:1:/afs/crc.nd.edu/user/c/condor/software/sbin:1:/usr/local/sbin:1:/afs/crc.nd.edu/user/c/condor/software/bin:1:/usr/local/bin:1
SHLVL=7
HOME=disc01.crc.nd.edu
GLOBUS_GSSAPI_NAME_COMPATIBILITY=STRICT_RFC2818
_CONDOR_MACHINE_AD=/var/condor/execute/dir_19614/.machine.ad
OSTYPE=linux
DISK=916679
GREP_OPTIONS=--color=auto
GLOBUS_GSSAPI_MIN_TLS_PROTOCOL=TLS1_VERSION
MEMORY=15899
MANPATH_modshare=/usr/share/man/overrides:1:/usr/local/share/man:1:/usr/share/man:1:/opt/crc/usr/local/man:1:/opt/sge/man:1
VENDOR=unknown
BASH_ENV=/afs/crc.nd.edu/x86_64_linux/Modules/4.5.0/init/bash
PERL_LOCAL_LIB_ROOT=/afs/crc.nd.edu/user/n/nkremerh/.perl5/
PYTHONPATH=/afs/crc.nd.edu/user/n/nkremerh/cctools/lib/python3.6/site-packages/
CCLHOME=/afs/crc.nd.edu/group/ccl
MACHTYPE=x86_64
LOGNAME=nkremerh
TMP=/var/condor/execute/dir_19614/worker-213124-19674/t.1264/cctools-temp-t.1264.eZmbFc
LD_LIBRARY_PATH_modshare=/opt/crc/usr/local/lib:1
MODULES_LMALTNAME_modshare=CRC_default/1.1&CRC_default/default&CRC_default:1
SSH_CONNECTION=129.74.154.87 57278 129.74.128.103 22
MODULESHOME=/afs/crc.nd.edu/x86_64_linux/Modules/4.5.0
OMP_NUM_THREADS=1
LESSOPEN=||/usr/bin/lesspipe.sh %s
GLOBUS_GSSAPI_BACKWARD_COMPATIBLE_MIC=true
GLOBUS_GSSAPI_CIPHERS=HIGH
LOADEDMODULES_modshare=CRC_default/1.1:1
_CONDOR_JOB_AD=/var/condor/execute/dir_19614/.job.ad
SGE_CLUSTER_NAME=CRC
XDG_RUNTIME_DIR=/run/user/213124
CCTOOLS=../cctools
CORES=4
_CONDOR_JOB_IWD=/var/condor/execute/dir_19614
PERL_MM_OPT=INSTALL_BASE=/afs/crc.nd.edu/user/n/nkremerh/.perl5/
GLOBUS_GSSAPI_SERVER_CIPHER_ORDER=true
BASH_FUNC_module()=() {  unset _mlshdbg;
 if [ "${MODULES_SILENT_SHELL_DEBUG:-0}" = '1' ]; then
 case "$-" in 
 *v*x*)
 set +vx;
 _mlshdbg='vx'
 ;;
 *v*)
 set +v;
 _mlshdbg='v'
 ;;
 *x*)
 set +x;
 _mlshdbg='x'
 ;;
 *)
 _mlshdbg=''
 ;;
 esac;
 fi;
 unset _mlre _mlIFS;
 if [ -n "${IFS+x}" ]; then
 _mlIFS=$IFS;
 fi;
 IFS=' ';
 for _mlv in ${MODULES_RUN_QUARANTINE:-};
 do
 if [ "${_mlv}" = "${_mlv##*[!A-Za-z0-9_]}" -a "${_mlv}" = "${_mlv#[0-9]}" ]; then
 if [ -n "`eval 'echo ${'$_mlv'+x}'`" ]; then
 _mlre="${_mlre:-}${_mlv}_modquar='`eval 'echo ${'$_mlv'}'`' ";
 fi;
 _mlrv="MODULES_RUNENV_${_mlv}";
 _mlre="${_mlre:-}${_mlv}='`eval 'echo ${'$_mlrv':-}'`' ";
 fi;
 done;
 if [ -n "${_mlre:-}" ]; then
 eval `eval ${_mlre}/usr/bin/tclsh /afs/crc.nd.edu/x86_64_linux/Modules/4.5.0/libexec/modulecmd.tcl bash '"$@"'`;
 else
 eval `/usr/bin/tclsh /afs/crc.nd.edu/x86_64_linux/Modules/4.5.0/libexec/modulecmd.tcl bash "$@"`;
 fi;
 _mlstatus=$?;
 if [ -n "${_mlIFS+x}" ]; then
 IFS=$_mlIFS;
 else
 unset IFS;
 fi;
 unset _mlre _mlv _mlrv _mlIFS;
 if [ -n "${_mlshdbg:-}" ]; then
 set -$_mlshdbg;
 fi;
 unset _mlshdbg;
 return $_mlstatus
}
BASH_FUNC_ml()=() {  module ml "$@"
}
_=/usr/bin/printenv
