4495   0.000000 libjli.so->getenv("_JAVA_LAUNCHER_DEBUG") = nil
4495   0.001859 libjli.so->getenv("_JAVA_VERSION_SET") = nil
4495   0.000787 libjli.so->fopen("/usr/lib/jvm/java-1.8.0-openjdk-1.8.0.262.b10-0.el7_8.x86_64/jre/lib/amd64/jvm.cfg", "r") = 0x5570d8fef0e0
4495   0.000803 libjli.so->getenv("JDK_ALTERNATE_VM") = nil
4495   0.000309 libjli.so->__xstat(1, "/usr/lib/jvm/java-1.8.0-openjdk-1.8.0.262.b10-0.el7_8.x86_64/jre/lib/amd64/server/libjvm.so", 0x7ffc2c0a8800) = 0
4495   0.000580 libjli.so->getenv("LD_LIBRARY_PATH") = "/afs/crc.nd.edu/group/ccl/software/x86_64/redhat7/ruby/current/lib:/afs/crc.nd.edu/group/ccl/software/x86_64/redhat7/graphviz/current/lib:/afs/crc.nd.edu/group/ccl/software/x86_64/redhat7/git/current/lib:/afs/crc.nd.edu/group/ccl/software/x86_64/redhat7/condor/current/lib:/afs/crc.nd.edu/group/ccl/software/x86_64/redhat7/clang/current/lib:/afs/crc.nd.edu/group/ccl/software/x86_64/redhat7/condor/current/lib:/afs/crc.nd.edu/group/ccl/software/x86_64/redhat7/cctools/current/lib:/opt/crc/usr/local/lib"
4495   0.002164 libjli.so->dlopen("/usr/lib/jvm/java-1.8.0-openjdk-1.8.0.262.b10-0.el7_8.x86_64/jre/lib/amd64/server/libjvm.so", 258 <unfinished ...>
4495   0.038090 libjvm.so->getenv("NMT_LEVEL_4495") = nil
4495   0.001595 <... dlopen resumed> )           = 0x5570d8fef4b0
4495   0.000071 libjli.so->getenv("CLASSPATH")   = nil
4495   0.000338 libjli.so->getenv("_JAVA_SPLASH_JAR") = nil
4495   0.000320 libjli.so->getenv("_JAVA_SPLASH_FILE") = nil
4495   0.000324 libjli.so->pthread_attr_setdetachstate(0x7ffc2c0a87b0, 0, 0x7ffc2c0a8840, 0) = 0
4495   0.000460 libpthread.so.0->__clone(0x2b5ddfb47de0, 0x2b5ddfa5afc0, 0x3d0f00, 0x2b5ddfa5b700) = 4500
4500   0.002333 libjvm.so->dlopen(0x2b5de13269ae, 1, 0xfffffffffff42c48, 4096) = 0x2b5de4000990
4500   0.002568 libjvm.so->getenv(0x2b5de134183e, 0, 115, 0x65737361) = 0x7ffc2c0ae6b3
4500   0.000471 libjvm.so->fopen(0x2b5ddfa59c10, 0x2b5de12ddccb, 0x6f732e79666972, 0x2b5de041fab0) = 0x2b5de4001440
4500   0.001365 libjvm.so->dlopen(0x2b5ddfa59c10, 1, 0xffffffff, 0x2b5de4002b00) = 0x2b5de4001440
4500   0.001453 libjvm.so->fopen(0x2b5ddfa59c10, 0x2b5de12ddccb, 111, 0x732e6176) = 0x2b5de4001b10
4500   0.001560 libjvm.so->dlopen(0x2b5ddfa59c10, 1, 0xffffffff, 0x2b5de4001a00) = 0x2b5de4001b10
4500   0.001544 libjvm.so->__xstat(1, 0x2b5ddfa5a360, 0x2b5ddfa5aba0, 0x746f7073746f682e) = -1
4500   0.000474 libjvm.so->getenv(0x2b5de12d6541, 0x2b5ddfa5a6d0, 1024, 0x2b5de179061b) = 0
4500   0.000440 libjvm.so->getenv(0x2b5de12d6533, 0x2b5ddfa5a6d0, 1024, 0) = 0
4500   0.000424 libjvm.so->fopen(0x2b5de1326315, 0x2b5de12ddccb, 4095, 0xffffd4a21ed29b03) = 0x2b5de40032d0
4500   0.001107 libjvm.so->fopen(0x2b5de1326361, 0x2b5de12ddccb, 0x2b5de4000078, 0x2b5de40032c0) = 0x2b5de40032d0
4500   0.000704 libjvm.so->fopen(0x2b5ddfa549b0, 0x2b5de12ddccb, 4014, 3995) = 0x2b5de40032d0
4500   0.000661 libjvm.so->opendir(0x2b5de4002b40, 0x2b5de4002b40, 13, 16) = 0
4500   0.000446 libjvm.so->__xstat(1, 0x2b5ddfa598f0, 0x2b5ddfa58860, 0x6f732e7477616d62) = -1
4500   0.000521 libjvm.so->__xstat(1, 0x2b5ddfa598f0, 0x2b5ddfa58860, 0x5f74776162696c2f) = 0
4500   0.000536 libjvm.so->fopen(0x2b5ddfa58b90, 0x2b5de12ddccb, 4009, 3994) = 0x2b5de40037b0
4500   0.000647 libjvm.so->fopen(0x2b5ddfa58b90, 0x2b5de12ddccb, 4009, 3994) = 0x2b5de40037b0
4500   0.000656 libjvm.so->fopen(0x2b5ddfa58b90, 0x2b5de12ddccb, 4009, 4002) = 0x2b5de40037b0
4500   0.000680 libjvm.so->fopen(0x2b5ddfa58b20, 0x2b5de12ddccb, 4009, 3994) = 0x2b5de40037b0
4500   0.000628 libjvm.so->fopen(0x2b5ddfa58b20, 0x2b5de12ddccb, 4009, 3994) = 0x2b5de40037b0
4500   0.000637 libjvm.so->fopen(0x2b5ddfa58b20, 0x2b5de12ddccb, 4009, 4002) = 0x2b5de40037b0
4500   0.000611 libjvm.so->fopen(0x2b5ddfa58b50, 0x2b5de12ddccb, 4014, 3995) = 0x2b5de40037b0
4500   0.000793 libjvm.so->getenv(0x2b5de13270ff, 4096, 3, -1) = 0
4500   0.000928 libjvm.so->fopen(0x2b5de1326998, 0x2b5de12ddccb, 0x2b5ddfb3e908, 0x2b5ddfb3ddf0) = 0x2b5de40037b0
4500   0.004792 libjvm.so->open(0x2b5de404a5a0, 0x20000, 0, 0x2b5de404a5e9) = 3
4500   0.000458 libjvm.so->__fxstat(1, 3, 0x2b5ddfa5aa00, -1) = 0
4500   0.000518 libjvm.so->opendir(0x2b5de404a5a0, 0x2b5ddfa5aa00, 0x4000, -1) = 0x2b5de404b4b0
4500   0.000525 libjvm.so->__fxstat(1, 3, 0x2b5ddfa5a8a0, 0x2b5de404b4b0) = 0
4500   0.000499 libjvm.so->__fxstat(1, 5, 0x2b5ddfa5a930, -1) = 0
4500   0.000461 libjvm.so->open(0x2b5de12f49dc, 0, 0, 0) = 3
4500   0.000671 libjvm.so->__lxstat(1, 0x2b5de404a5a0, 0x2b5ddfa5ab50, -144) = 0
4500   0.000466 libjvm.so->open(0x2b5de404a5a0, 0x20000, 0x4000, -1) = 3
4500   0.000446 libjvm.so->__fxstat(1, 3, 0x2b5ddfa5aa00, -1) = 0
4500   0.000443 libjvm.so->opendir(0x2b5de404a5a0, 0x2b5ddfa5aa00, 0x4000, -1) = 0x2b5de404b4b0
4500   0.000451 libjvm.so->__fxstat(1, 3, 0x2b5ddfa5a8a0, 0x2b5de404b4b0) = 0
4500   0.000427 libjvm.so->__fxstat(1, 5, 0x2b5ddfa5a930, -1) = 0
4500   0.000469 libjvm.so->open(0x2b5de12f49dc, 0, 0, 0) = 3
4500   0.000486 libjvm.so->open(0x2b5de404a5e9, 0x20042, 384, -1) = 7
4500   0.000635 libjvm.so->__fxstat(1, 7, 0x2b5ddfa5ab50, -1) = 0
4500   0.001697 libjvm.so->fopen(0x2b5ddfa59b60, 0x2b5de12ddccb, 4, 0x6f732e70) = 0x2b5de4057c00
4500   0.001442 libjvm.so->dlopen(0x2b5ddfa59b60, 1, 0xffffffff, 0x2b5de4057b00) = 0x2b5de4057c00
4500   0.001507 libjvm.so->__xstat(1, 0x2b5ddfa5a120, 0x2b5ddfa5a950, 2048) = 0
4500   0.000499 libjvm.so->__xstat(1, 0x2b5ddfa5a120, 0x2b5ddfa5a950, 2048) = 0
4500   0.000460 libjvm.so->__xstat(1, 0x2b5ddfa5a120, 0x2b5ddfa5a950, 2048) = -1
4500   0.000498 libjvm.so->__xstat(1, 0x2b5ddfa5a120, 0x2b5ddfa5a950, 2048) = 0
4500   0.000449 libjvm.so->__xstat(1, 0x2b5ddfa5a120, 0x2b5ddfa5a950, 2048) = 0
4500   0.000454 libjvm.so->__xstat(1, 0x2b5ddfa5a120, 0x2b5ddfa5a950, 2048) = 0
4500   0.000433 libjvm.so->__xstat(1, 0x2b5ddfa5a120, 0x2b5ddfa5a950, 2048) = 0
4500   0.000471 libjvm.so->__xstat(1, 0x2b5ddfa5a120, 0x2b5ddfa5a950, 2048) = -1
4500   0.000473 libjvm.so->fopen(0x2b5de4002520, 0x2b5de12ddccb, 0, 0) = 0x2b5de4058aa0
4500   0.009141 libjvm.so->open64(0x2b5ddfa59410, 0, 0, 16) = 3
4500   0.000487 libjvm.so->__fxstat64(1, 3, 0x2b5ddfa59240, -1) = 0
4500   0.036504 libjvm.so->__xstat(1, 0x2b5ddfa59f20, 0x2b5ddfa5a750, 2048) = -1
4500   0.000604 libjvm.so->fopen(0x2b5ddfa58b20, 0x2b5de12ddccb, 4009, 3994) = 0x2b5de40b1fb0
4500   0.000633 libjvm.so->fopen(0x2b5ddfa58b20, 0x2b5de12ddccb, 4009, 3994) = 0x2b5de40b1fb0
4500   0.000643 libjvm.so->fopen(0x2b5ddfa58b20, 0x2b5de12ddccb, 4009, 4002) = 0x2b5de40b1fb0
4500   0.004279 libjvm.so->pthread_attr_setdetachstate(0x2b5ddfa5ac00, 1, 0, 0) = 0
4500   0.000499 libpthread.so.0->__clone(0x2b5ddfb47de0, 0x2b5de3f8ffc0, 0x3d0f00, 0x2b5de3f90700) = 4501
4500   0.015684 libjvm.so->pthread_attr_setdetachstate(0x2b5ddfa5a290, 1, 0, 0) = 0
4500   0.000666 libpthread.so.0->__clone(0x2b5ddfb47de0, 0x2b5df853bfc0, 0x3d0f00, 0x2b5df853c700) = 4502
4500   0.006962 libjvm.so->pthread_attr_setdetachstate(0x2b5ddfa5a610, 1, 0, 0) = 0
4500   0.000780 libpthread.so.0->__clone(0x2b5ddfb47de0, 0x2b5df863cfc0, 0x3d0f00, 0x2b5df863d700) = 4503
4500   0.041519 libjvm.so->fopen(0x2b5de40f1810, 0x2b5de12ddccb, 4, 0x6f732e70) = 0x2b5de40f1d10
4500   0.001931 libjvm.so->dlopen(0x2b5de40f1810, 1, 0xffffffff, 0x2b5de40e8c00) = 0x2b5de4057c00
4500   0.005092 libjvm.so->open64(0x2b5ddfa59510, 0, 0, 16) = 5
4500   0.000888 libjvm.so->__fxstat64(1, 5, 0x2b5ddfa59340, -1) = 0
4500   0.020518 libjvm.so->fopen(0x2b5ddfa56130, 0x2b5de12ddccb, 4009, 3994) = 0x2b5de40fcce0
4500   0.001179 libjvm.so->fopen(0x2b5ddfa56130, 0x2b5de12ddccb, 4009, 3994) = 0x2b5de40fcce0
4500   0.001107 libjvm.so->fopen(0x2b5ddfa56130, 0x2b5de12ddccb, 4009, 4002) = 0x2b5de40fcce0
4500   0.015619 libjvm.so->pthread_attr_setdetachstate(0x2b5ddfa5ab50, 1, 0, 0) = 0
4500   0.001008 libpthread.so.0->__clone(0x2b5ddfb47de0, 0x2b5df873dfc0, 0x3d0f00, 0x2b5df873e700) = 4504
4500   0.001477 libjvm.so->__xstat64(1, 0x2b5ddfa5abe0, 0x2b5ddfa5ab50, 18) = -1
4500   0.001160 libjvm.so->pthread_attr_setdetachstate(0x2b5ddfa5a950, 1, 0, 0) = 0
4500   0.001110 libpthread.so.0->__clone(0x2b5ddfb47de0, 0x2b5df883efc0, 0x3d0f00, 0x2b5df883f700) = 4505
4500   0.001714 libjvm.so->pthread_attr_setdetachstate(0x2b5ddfa5a950, 1, 0, 0) = 0
4500   0.001363 libpthread.so.0->__clone(0x2b5ddfb47de0, 0x2b5df893ffc0, 0x3d0f00, 0x2b5df8940700) = 4506
4500   0.010091 libjvm.so->pthread_attr_setdetachstate(0x2b5ddfa5aaa0, 1, 0, 0) = 0
4500   0.001443 libpthread.so.0->__clone(0x2b5ddfb47de0, 0x2b5df8a40fc0, 0x3d0f00, 0x2b5df8a41700) = 4507
4500   0.002216 libjvm.so->pthread_attr_setdetachstate(0x2b5ddfa5abb0, 1, 0, 0) = 0
4500   0.002080 libpthread.so.0->__clone(0x2b5ddfb47de0, 0x2b5df8b41fc0, 0x3d0f00, 0x2b5df8b42700) = 4508
4500   0.015898 libjvm.so->open64(0x2b5de4126a00, 0, 0, 0) = 7
4500   0.001779 libjvm.so->__fxstat64(1, 7, 0x2b5ddfa57f60, -1) = 0
4500   0.026007 libjvm.so->fopen(0x2b5de414c6c0, 0x2b5de12ddccb, 4, 0x6f732e6f) = 0x2b5de414c780
4500   0.003183 libjvm.so->dlopen(0x2b5de414c6c0, 1, 0xffffffff, 0x2b5de414c700) = 0x2b5de414c780
4506   0.048674 --- SIGSEGV (Segmentation fault) ---
4500   0.052979 libjvm.so->fopen(0x2b5ddfa54e40, 0x2b5de12ddccb, 0x6f732e, 0x6d766a62696c2f72) = 0x2b5de4161fa0
4500   0.005729 libjvm.so->dlopen(0x2b5ddfa54e40, 1, 0xffffffff, 0x2b5de4161f00) = 0x5570d8fef4b0
4500   0.001715 libjvm.so->fopen(0x2b5ddfa54e40, 0x2b5de12ddccb, 0x6f732e, 0x6d766a62696c2f72) = 0x2b5de41623a0
4500   0.004918 libjvm.so->dlopen(0x2b5ddfa54e40, 1, 0xffffffff, 0x2b5de4161f00) = 0x5570d8fef4b0
4500   0.001668 libjvm.so->fopen(0x2b5ddfa54e40, 0x2b5de12ddccb, 0x6f732e, 0x6d766a62696c2f72) = 0x2b5de4161fa0
4500   0.003250 libjvm.so->dlopen(0x2b5ddfa54e40, 1, 0xffffffff, 0x2b5de4161f00) = 0x5570d8fef4b0
4500   0.001642 libjvm.so->fopen(0x2b5ddfa54e40, 0x2b5de12ddccb, 0x6f732e, 0x6d766a62696c2f72) = 0x2b5de4161fa0
4500   0.003257 libjvm.so->dlopen(0x2b5ddfa54e40, 1, 0xffffffff, 0x2b5de4161f00) = 0x5570d8fef4b0
4500   0.048401 libjvm.so->fopen(0x2b5de41af560, 0x2b5de12ddccb, 4, 0x6f732e74) = 0x2b5de41bd3b0
4500   0.003264 libjvm.so->dlopen(0x2b5de41af560, 1, 0xffffffff, 0x2b5de41a5500) = 0x2b5de41bd3b0
4500   0.149728 libjvm.so->fopen(0x2b5de42106c0, 0x2b5de12ddccb, 0x6f732e7373656c, 0x656c646165685f74) = 0x2b5de42107a0
4500   0.004060 libjvm.so->dlopen(0x2b5de42106c0, 1, 0xffffffff, 0x2b5de4210700) = 0x2b5de42107a0
4508   0.044907 +++ exited (status 0) +++
4504   0.000295 +++ exited (status 0) +++
4501   0.000248 +++ exited (status 0) +++
4500   0.000210 +++ exited (status 0) +++
4507   0.000274 +++ exited (status 1) +++
4505   0.000044 +++ exited (status 1) +++
4503   0.000015 +++ exited (status 1) +++
4502   0.000014 +++ exited (status 1) +++
4506   0.005105 +++ exited (status 1) +++
4495   0.000034 +++ exited (status 1) +++
Wrote an ltrace for command: "java -cp ./tools/maxent.jar density.Project outputs/Pseudomyrmex_urbanus/Pseudomyrmex_urbanus.lambdas data/layers/worldclim outputs/Pseudomyrmex_urbanus_worldclim.asc nowarnings nocache autorun -z" with PID 4492 from PPID 4476 on disc20.crc.nd.edu with result 1
REMOTEHOST=10.17.150.11
_CONDOR_JOB_PIDS=
MANPATH=/afs/crc.nd.edu/user/n/nkremerh/cctools/share/man/:/afs/crc.nd.edu/group/ccl/software/x86_64/redhat7/ruby/current/share/man:/afs/crc.nd.edu/group/ccl/software/x86_64/redhat7/graphviz/current/share/man:/afs/crc.nd.edu/group/ccl/software/x86_64/redhat7/gnuplot/current/share/man:/afs/crc.nd.edu/group/ccl/software/x86_64/redhat7/git/current/share/man:/afs/crc.nd.edu/group/ccl/software/x86_64/redhat7/condor/current/share/man:/afs/crc.nd.edu/group/ccl/software/x86_64/redhat7/clang/current/share/man:/afs/crc.nd.edu/group/ccl/software/x86_64/redhat7/condor/current/share/man:/afs/crc.nd.edu/group/ccl/software/x86_64/redhat7/cctools/current/share/man:/afs/crc.nd.edu/group/ccl/software/x86_64/redhat7/cctools/current/share/man:/afs/crc.nd.edu/x86_64_linux/Modules/4.5.0/share/man:/opt/crc/usr/local/man:/opt/sge/man:/usr/share/man/overrides:/usr/share/man:/usr/local/share/man
XDG_SESSION_ID=4102
HOSTNAME=disc01.crc.nd.edu
_LMFILES__modshare=/afs/crc.nd.edu/x86_64_linux/Modules/modules/system_modules/CRC_default/1.1:1
_CONDOR_ANCESTOR_3560=24274:1600190002:3669882635
MODULEPATH_modshare=/afs/crc.nd.edu/x86_64_linux/Modules/modules/general_software:1:/afs/crc.nd.edu/x86_64_linux/Modules/modules/development_tools_and_libraries:1:/afs/crc.nd.edu/x86_64_linux/Modules/modules/system_modules:1:/afs/crc.nd.edu/x86_64_linux/Modules/current/modulefiles:1:/afs/crc.nd.edu/x86_64_linux/Modules/modules/restricted_software:1:/afs/crc.nd.edu/x86_64_linux/Modules/modules/deprecated_software:1
MODULES_CMD=/afs/crc.nd.edu/x86_64_linux/Modules/4.5.0/libexec/modulecmd.tcl
HOST=disc01.crc.nd.edu
SHELL=/bin/tcsh
TERM=xterm-256color
MAKEFLAGS=
HISTSIZE=5000
TMPDIR=/var/condor/execute/dir_24274/worker-213124-24338/t.1558/cctools-temp-t.1558.JGMZvJ
SSH_CLIENT=10.17.150.11 36546 22
PERL5LIB=/afs/crc.nd.edu/user/n/nkremerh/cctools/lib/perl5/site_perl/5.16.3:/afs/crc.nd.edu/user/n/nkremerh/.perl5/lib/perl5
SGE_CELL=crc
_CONDOR_ANCESTOR_3197=3560:1598183979:2962516177
_CONDOR_SCRATCH_DIR=/var/condor/execute/dir_24274
PERL_MB_OPT=--install_base '/afs/crc.nd.edu/user/n/nkremerh/.perl5/'
SSH_TTY=/dev/pts/2
SGE_LOAD_AVG=load_avg
MAKEFLOW_MAX_LOCAL_JOBS=2
HISTFILESIZE=10000
_CHIRP_DELAYED_UPDATE_PREFIX=Chirp*
USER=nkremerh
GROUP=campus
LD_LIBRARY_PATH=/afs/crc.nd.edu/group/ccl/software/x86_64/redhat7/ruby/current/lib:/afs/crc.nd.edu/group/ccl/software/x86_64/redhat7/graphviz/current/lib:/afs/crc.nd.edu/group/ccl/software/x86_64/redhat7/git/current/lib:/afs/crc.nd.edu/group/ccl/software/x86_64/redhat7/condor/current/lib:/afs/crc.nd.edu/group/ccl/software/x86_64/redhat7/clang/current/lib:/afs/crc.nd.edu/group/ccl/software/x86_64/redhat7/condor/current/lib:/afs/crc.nd.edu/group/ccl/software/x86_64/redhat7/cctools/current/lib:/opt/crc/usr/local/lib
TEMP=/var/condor/execute/dir_24274/worker-213124-24338/t.1558/cctools-temp-t.1558.JGMZvJ
BATCH_SYSTEM=HTCondor
WORKER_TMPDIR=/var/condor/execute/dir_24274/worker-213124-24338/cache/tmp
ENV=/afs/crc.nd.edu/x86_64_linux/Modules/4.5.0/init/profile.sh
MODULES_LMALTNAME=CRC_default/1.1&CRC_default/default&CRC_default
_CONDOR_CHIRP_CONFIG=/var/condor/execute/dir_24274/.chirp.config
GLOBUS_GSSAPI_MAX_TLS_PROTOCOL=0
_CONDOR_HIGHPORT=9999
HOSTTYPE=x86_64-linux
MAKELEVEL=1
MFLAGS=
CCLSOFTWARE=/afs/crc.nd.edu/group/ccl/software/x86_64/redhat7
PATH=/afs/crc.nd.edu/user/n/nkremerh/cctools/bin:/afs/crc.nd.edu/user/n/nkremerh/miniconda/bin:/afs/crc.nd.edu/group/ccl/software/git:/afs/crc.nd.edu/user/n/nkremerh/.local/bin:/afs/crc.nd.edu/group/ccl/software/x86_64/redhat7/povray/3.7/bin:/afs/crc.nd.edu/user/n/nkremerh/.perl5/bin:/afs/crc.nd.edu/user/n/nkremerh/pegasus/bin:/afs/crc.nd.edu/user/n/nkremerh/nodejs/bin:/afs/crc.nd.edu/user/n/nkremerh/montage/bin:/afs/crc.nd.edu/user/n/nkremerh/latexdiff:/afs/crc.nd.edu/user/n/nkremerh/envtrace:/afs/crc.nd.edu/user/n/nkremerh/endlines:/afs/crc.nd.edu/user/n/nkremerh/cctools/bin:/afs/crc.nd.edu/user/n/nkremerh/.cargo/bin:/afs/crc.nd.edu/group/ccl/software/x86_64/redhat7/ruby/current/bin:/afs/crc.nd.edu/group/ccl/software/x86_64/redhat7/graphviz/current/bin:/afs/crc.nd.edu/group/ccl/software/x86_64/redhat7/gnuplot/current/bin:/afs/crc.nd.edu/group/ccl/software/x86_64/redhat7/git/current/bin:/afs/crc.nd.edu/group/ccl/software/x86_64/redhat7/condor/current/sbin:/afs/crc.nd.edu/group/ccl/software/x86_64/redhat7/condor/current/bin:/afs/crc.nd.edu/group/ccl/software/x86_64/redhat7/cmake/current/bin:/afs/crc.nd.edu/group/ccl/software/x86_64/redhat7/clang/current/bin:/afs/crc.nd.edu/group/ccl/software/x86_64/redhat7/condor/current/sbin:/afs/crc.nd.edu/group/ccl/software/x86_64/redhat7/condor/current/bin:/afs/crc.nd.edu/group/ccl/software/x86_64/redhat7/cctools/current/bin:/afs/crc.nd.edu/x86_64_linux/Modules/4.5.0/bin:/opt/crc/usr/local/bin:/opt/sge/bin/lx-amd64:/usr/local/bin:/usr/bin:/usr/local/sbin:/usr/sbin:/afs/crc.nd.edu/user/c/condor/software/bin:/afs/crc.nd.edu/user/c/condor/software/sbin
MAIL=/var/spool/mail/nkremerh
PWD=/var/condor/execute/dir_24274/worker-213124-24338/t.1558
_LMFILES_=/afs/crc.nd.edu/x86_64_linux/Modules/modules/system_modules/CRC_default/1.1
SGE_EXECD_PORT=6445
EDITOR=vim
_CONDOR_ANCESTOR_24274=24316:1600190003:1981393190
LANG=en_US.UTF-8
MODULEPATH=/afs/crc.nd.edu/x86_64_linux/Modules/modules/development_tools_and_libraries:/afs/crc.nd.edu/x86_64_linux/Modules/modules/general_software:/afs/crc.nd.edu/x86_64_linux/Modules/modules/restricted_software:/afs/crc.nd.edu/x86_64_linux/Modules/modules/system_modules:/afs/crc.nd.edu/x86_64_linux/Modules/modules/deprecated_software:/afs/crc.nd.edu/x86_64_linux/Modules/current/modulefiles
SGE_QMASTER_PORT=6444
SGE_ROOT=/opt/sge
LOADEDMODULES=CRC_default/1.1
WORK_QUEUE_SANDBOX=/var/condor/execute/dir_24274/worker-213124-24338
_CONDOR_SLOT=slot2_1
CCLPLATFORM=x86_64/redhat7
USE_SYSTEMD=true
_CONDOR_LOWPORT=9100
KRB5CCNAME=FILE:/tmp/krb5cc_213124_DZSV7p
HISTCONTROL=ignoreboth:erasedups
PATH_modshare=/opt/crc/usr/local/bin:1:/opt/sge/bin/lx-amd64:1:/usr/sbin:1:/usr/bin:1:/afs/crc.nd.edu/user/c/condor/software/sbin:1:/usr/local/sbin:1:/afs/crc.nd.edu/user/c/condor/software/bin:1:/usr/local/bin:1
SHLVL=7
HOME=disc01.crc.nd.edu
GLOBUS_GSSAPI_NAME_COMPATIBILITY=STRICT_RFC2818
_CONDOR_MACHINE_AD=/var/condor/execute/dir_24274/.machine.ad
OSTYPE=linux
DISK=18235
GREP_OPTIONS=--color=auto
GLOBUS_GSSAPI_MIN_TLS_PROTOCOL=TLS1_VERSION
MEMORY=1948
MANPATH_modshare=/usr/share/man/overrides:1:/usr/local/share/man:1:/usr/share/man:1:/opt/crc/usr/local/man:1:/opt/sge/man:1
VENDOR=unknown
BASH_ENV=/afs/crc.nd.edu/x86_64_linux/Modules/4.5.0/init/bash
PERL_LOCAL_LIB_ROOT=/afs/crc.nd.edu/user/n/nkremerh/.perl5/
PYTHONPATH=/afs/crc.nd.edu/user/n/nkremerh/cctools/lib/python3.6/site-packages/
CCLHOME=/afs/crc.nd.edu/group/ccl
MACHTYPE=x86_64
LOGNAME=nkremerh
TMP=/var/condor/execute/dir_24274/worker-213124-24338/t.1558/cctools-temp-t.1558.JGMZvJ
LD_LIBRARY_PATH_modshare=/opt/crc/usr/local/lib:1
MODULES_LMALTNAME_modshare=CRC_default/1.1&CRC_default/default&CRC_default:1
SSH_CONNECTION=10.17.150.11 36546 129.74.128.103 22
MODULESHOME=/afs/crc.nd.edu/x86_64_linux/Modules/4.5.0
OMP_NUM_THREADS=1
LESSOPEN=||/usr/bin/lesspipe.sh %s
GLOBUS_GSSAPI_BACKWARD_COMPATIBLE_MIC=true
GLOBUS_GSSAPI_CIPHERS=HIGH
LOADEDMODULES_modshare=CRC_default/1.1:1
_CONDOR_JOB_AD=/var/condor/execute/dir_24274/.job.ad
SGE_CLUSTER_NAME=CRC
XDG_RUNTIME_DIR=/run/user/213124
CCTOOLS=../cctools
CORES=2
_CONDOR_JOB_IWD=/var/condor/execute/dir_24274
PERL_MM_OPT=INSTALL_BASE=/afs/crc.nd.edu/user/n/nkremerh/.perl5/
GLOBUS_GSSAPI_SERVER_CIPHER_ORDER=true
BASH_FUNC_module()=() {  unset _mlshdbg;
 if [ "${MODULES_SILENT_SHELL_DEBUG:-0}" = '1' ]; then
 case "$-" in 
 *v*x*)
 set +vx;
 _mlshdbg='vx'
 ;;
 *v*)
 set +v;
 _mlshdbg='v'
 ;;
 *x*)
 set +x;
 _mlshdbg='x'
 ;;
 *)
 _mlshdbg=''
 ;;
 esac;
 fi;
 unset _mlre _mlIFS;
 if [ -n "${IFS+x}" ]; then
 _mlIFS=$IFS;
 fi;
 IFS=' ';
 for _mlv in ${MODULES_RUN_QUARANTINE:-};
 do
 if [ "${_mlv}" = "${_mlv##*[!A-Za-z0-9_]}" -a "${_mlv}" = "${_mlv#[0-9]}" ]; then
 if [ -n "`eval 'echo ${'$_mlv'+x}'`" ]; then
 _mlre="${_mlre:-}${_mlv}_modquar='`eval 'echo ${'$_mlv'}'`' ";
 fi;
 _mlrv="MODULES_RUNENV_${_mlv}";
 _mlre="${_mlre:-}${_mlv}='`eval 'echo ${'$_mlrv':-}'`' ";
 fi;
 done;
 if [ -n "${_mlre:-}" ]; then
 eval `eval ${_mlre}/usr/bin/tclsh /afs/crc.nd.edu/x86_64_linux/Modules/4.5.0/libexec/modulecmd.tcl bash '"$@"'`;
 else
 eval `/usr/bin/tclsh /afs/crc.nd.edu/x86_64_linux/Modules/4.5.0/libexec/modulecmd.tcl bash "$@"`;
 fi;
 _mlstatus=$?;
 if [ -n "${_mlIFS+x}" ]; then
 IFS=$_mlIFS;
 else
 unset IFS;
 fi;
 unset _mlre _mlv _mlrv _mlIFS;
 if [ -n "${_mlshdbg:-}" ]; then
 set -$_mlshdbg;
 fi;
 unset _mlshdbg;
 return $_mlstatus
}
BASH_FUNC_ml()=() {  module ml "$@"
}
_=/usr/bin/printenv
