29741   0.000000 libjli.so->getenv("_JAVA_LAUNCHER_DEBUG") = nil
29741   0.001769 libjli.so->getenv("_JAVA_VERSION_SET") = nil
29741   0.000745 libjli.so->fopen("/usr/lib/jvm/java-1.8.0-openjdk-1.8.0.262.b10-0.el7_8.x86_64/jre/lib/amd64/jvm.cfg", "r") = 0x55978a28a0e0
29741   0.000792 libjli.so->getenv("JDK_ALTERNATE_VM") = nil
29741   0.000316 libjli.so->__xstat(1, "/usr/lib/jvm/java-1.8.0-openjdk-1.8.0.262.b10-0.el7_8.x86_64/jre/lib/amd64/server/libjvm.so", 0x7fff8573c940) = 0
29741   0.000718 libjli.so->getenv("LD_LIBRARY_PATH") = "/afs/crc.nd.edu/group/ccl/software/x86_64/redhat7/ruby/current/lib:/afs/crc.nd.edu/group/ccl/software/x86_64/redhat7/graphviz/current/lib:/afs/crc.nd.edu/group/ccl/software/x86_64/redhat7/git/current/lib:/afs/crc.nd.edu/group/ccl/software/x86_64/redhat7/condor/current/lib:/afs/crc.nd.edu/group/ccl/software/x86_64/redhat7/clang/current/lib:/afs/crc.nd.edu/group/ccl/software/x86_64/redhat7/condor/current/lib:/afs/crc.nd.edu/group/ccl/software/x86_64/redhat7/cctools/current/lib:/opt/crc/usr/local/lib"
29741   0.002256 libjli.so->dlopen("/usr/lib/jvm/java-1.8.0-openjdk-1.8.0.262.b10-0.el7_8.x86_64/jre/lib/amd64/server/libjvm.so", 258 <unfinished ...>
29741   0.037357 libjvm.so->getenv("NMT_LEVEL_29741") = nil
29741   0.001615 <... dlopen resumed> )          = 0x55978a28a4b0
29741   0.000070 libjli.so->getenv("CLASSPATH")  = nil
29741   0.000301 libjli.so->getenv("_JAVA_SPLASH_JAR") = nil
29741   0.000296 libjli.so->getenv("_JAVA_SPLASH_FILE") = nil
29741   0.000324 libjli.so->pthread_attr_setdetachstate(0x7fff8573c8f0, 0, 0x7fff8573c980, 0) = 0
29741   0.000527 libpthread.so.0->__clone(0x2b0a1cd6bde0, 0x2b0a1cc7efc0, 0x3d0f00, 0x2b0a1cc7f700) = 0x7432
29746   0.001908 libjvm.so->dlopen(0x2b0a1e54a9ae, 1, 0xfffffffffff42c48, 4096) = 0x2b0a20000990
29746   0.002792 libjvm.so->getenv(0x2b0a1e56583e, 0, 115, 0x65737361) = 0x7fff85743681
29746   0.000491 libjvm.so->fopen(0x2b0a1cc7dc10, 0x2b0a1e501ccb, 0x6f732e79666972, 0x2b0a1d643ab0) = 0x2b0a20001440
29746   0.001817 libjvm.so->dlopen(0x2b0a1cc7dc10, 1, 0xffffffff, 0x2b0a20002b00) = 0x2b0a20001440
29746   0.001580 libjvm.so->fopen(0x2b0a1cc7dc10, 0x2b0a1e501ccb, 111, 0x732e6176) = 0x2b0a20001b10
29746   0.001900 libjvm.so->dlopen(0x2b0a1cc7dc10, 1, 0xffffffff, 0x2b0a20001a00) = 0x2b0a20001b10
29746   0.002035 libjvm.so->__xstat(1, 0x2b0a1cc7e360, 0x2b0a1cc7eba0, 0x746f7073746f682e) = -1
29746   0.000610 libjvm.so->getenv(0x2b0a1e4fa541, 0x2b0a1cc7e6d0, 1024, 0x2b0a1e9b461b) = 0
29746   0.000486 libjvm.so->getenv(0x2b0a1e4fa533, 0x2b0a1cc7e6d0, 1024, 0) = 0
29746   0.000434 libjvm.so->fopen(0x2b0a1e54a315, 0x2b0a1e501ccb, 4095, 0xffffd4f5e1b05b03) = 0x2b0a200032d0
29746   0.001307 libjvm.so->fopen(0x2b0a1e54a361, 0x2b0a1e501ccb, 0x2b0a20000078, 0x2b0a200032c0) = 0x2b0a200032d0
29746   0.000865 libjvm.so->fopen(0x2b0a1cc789b0, 0x2b0a1e501ccb, 4014, 3995) = 0x2b0a200032d0
29746   0.000772 libjvm.so->opendir(0x2b0a20002b40, 0x2b0a20002b40, 13, 16) = 0
29746   0.000487 libjvm.so->__xstat(1, 0x2b0a1cc7d8f0, 0x2b0a1cc7c860, 0x6f732e7477616d62) = -1
29746   0.000449 libjvm.so->__xstat(1, 0x2b0a1cc7d8f0, 0x2b0a1cc7c860, 0x5f74776162696c2f) = 0
29746   0.000533 libjvm.so->fopen(0x2b0a1cc7cb90, 0x2b0a1e501ccb, 4009, 3994) = 0x2b0a200037b0
29746   0.000735 libjvm.so->fopen(0x2b0a1cc7cb90, 0x2b0a1e501ccb, 4009, 3994) = 0x2b0a200037b0
29746   0.000745 libjvm.so->fopen(0x2b0a1cc7cb90, 0x2b0a1e501ccb, 4009, 4002) = 0x2b0a200037b0
29746   0.000713 libjvm.so->fopen(0x2b0a1cc7cb20, 0x2b0a1e501ccb, 4009, 3994) = 0x2b0a200037b0
29746   0.000762 libjvm.so->fopen(0x2b0a1cc7cb20, 0x2b0a1e501ccb, 4009, 3994) = 0x2b0a200037b0
29746   0.000661 libjvm.so->fopen(0x2b0a1cc7cb20, 0x2b0a1e501ccb, 4009, 4002) = 0x2b0a200037b0
29746   0.000693 libjvm.so->fopen(0x2b0a1cc7cb50, 0x2b0a1e501ccb, 4014, 3995) = 0x2b0a200037b0
29746   0.000932 libjvm.so->getenv(0x2b0a1e54b0ff, 4096, 3, -1) = 0
29746   0.001644 libjvm.so->fopen(0x2b0a1e54a998, 0x2b0a1e501ccb, 0x2b0a1cd62908, 0x2b0a1cd61df0) = 0x2b0a200037b0
29746   0.008215 libjvm.so->open(0x2b0a2004a5a0, 0x20000, 0, 0x2b0a2004a5e9) = 3
29746   0.000509 libjvm.so->__fxstat(1, 3, 0x2b0a1cc7ea00, -1) = 0
29746   0.000578 libjvm.so->opendir(0x2b0a2004a5a0, 0x2b0a1cc7ea00, 0x4000, -1) = 0x2b0a2004b4b0
29746   0.001067 libjvm.so->__fxstat(1, 3, 0x2b0a1cc7e8a0, 0x2b0a2004b4b0) = 0
29746   0.000489 libjvm.so->__fxstat(1, 5, 0x2b0a1cc7e930, -1) = 0
29746   0.000663 libjvm.so->open(0x2b0a1e5189dc, 0, 0, 0) = 3
29746   0.000800 libjvm.so->__lxstat(1, 0x2b0a2004a5a0, 0x2b0a1cc7eb50, -144) = 0
29746   0.000508 libjvm.so->open(0x2b0a2004a5a0, 0x20000, 0x4000, -1) = 3
29746   0.000499 libjvm.so->__fxstat(1, 3, 0x2b0a1cc7ea00, -1) = 0
29746   0.000501 libjvm.so->opendir(0x2b0a2004a5a0, 0x2b0a1cc7ea00, 0x4000, -1) = 0x2b0a2004b4b0
29746   0.000463 libjvm.so->__fxstat(1, 3, 0x2b0a1cc7e8a0, 0x2b0a2004b4b0) = 0
29746   0.000740 libjvm.so->__fxstat(1, 5, 0x2b0a1cc7e930, -1) = 0
29746   0.000488 libjvm.so->open(0x2b0a1e5189dc, 0, 0, 0) = 3
29746   0.000476 libjvm.so->open(0x2b0a2004a5e9, 0x20042, 384, -1) = 7
29746   0.000704 libjvm.so->__fxstat(1, 7, 0x2b0a1cc7eb50, -1) = 0
29746   0.002135 libjvm.so->fopen(0x2b0a1cc7db60, 0x2b0a1e501ccb, 4, 0x6f732e70) = 0x2b0a20057c00
29746   0.001900 libjvm.so->dlopen(0x2b0a1cc7db60, 1, 0xffffffff, 0x2b0a20057b00) = 0x2b0a20057c00
29746   0.001673 libjvm.so->__xstat(1, 0x2b0a1cc7e120, 0x2b0a1cc7e950, 2048) = 0
29746   0.000463 libjvm.so->__xstat(1, 0x2b0a1cc7e120, 0x2b0a1cc7e950, 2048) = 0
29746   0.000453 libjvm.so->__xstat(1, 0x2b0a1cc7e120, 0x2b0a1cc7e950, 2048) = -1
29746   0.000416 libjvm.so->__xstat(1, 0x2b0a1cc7e120, 0x2b0a1cc7e950, 2048) = 0
29746   0.000452 libjvm.so->__xstat(1, 0x2b0a1cc7e120, 0x2b0a1cc7e950, 2048) = 0
29746   0.000417 libjvm.so->__xstat(1, 0x2b0a1cc7e120, 0x2b0a1cc7e950, 2048) = 0
29746   0.000430 libjvm.so->__xstat(1, 0x2b0a1cc7e120, 0x2b0a1cc7e950, 2048) = 0
29746   0.000443 libjvm.so->__xstat(1, 0x2b0a1cc7e120, 0x2b0a1cc7e950, 2048) = -1
29746   0.000446 libjvm.so->fopen(0x2b0a20002520, 0x2b0a1e501ccb, 0, 0) = 0x2b0a20058aa0
29746   0.009307 libjvm.so->open64(0x2b0a1cc7d410, 0, 0, 16) = 3
29746   0.000632 libjvm.so->__fxstat64(1, 3, 0x2b0a1cc7d240, -1) = 0
29746   0.046745 libjvm.so->__xstat(1, 0x2b0a1cc7df20, 0x2b0a1cc7e750, 2048) = -1
29746   0.000712 libjvm.so->fopen(0x2b0a1cc7cb20, 0x2b0a1e501ccb, 4009, 3994) = 0x2b0a200b1fb0
29746   0.000799 libjvm.so->fopen(0x2b0a1cc7cb20, 0x2b0a1e501ccb, 4009, 3994) = 0x2b0a200b1fb0
29746   0.000676 libjvm.so->fopen(0x2b0a1cc7cb20, 0x2b0a1e501ccb, 4009, 4002) = 0x2b0a200b1fb0
29746   0.004611 libjvm.so->pthread_attr_setdetachstate(0x2b0a1cc7ec00, 1, 0, 0) = 0
29746   0.000526 libpthread.so.0->__clone(0x2b0a1cd6bde0, 0x2b0a356cbfc0, 0x3d0f00, 0x2b0a356cc700) = 0x7433
29746   0.018727 libjvm.so->pthread_attr_setdetachstate(0x2b0a1cc7e290, 1, 0, 0) = 0
29746   0.000715 libpthread.so.0->__clone(0x2b0a1cd6bde0, 0x2b0a357ccfc0, 0x3d0f00, 0x2b0a357cd700) = 0x7434
29746   0.007904 libjvm.so->pthread_attr_setdetachstate(0x2b0a1cc7e610, 1, 0, 0) = 0
29746   0.000884 libpthread.so.0->__clone(0x2b0a1cd6bde0, 0x2b0a358cdfc0, 0x3d0f00, 0x2b0a358ce700) = 0x7435
29746   0.052497 libjvm.so->fopen(0x2b0a200f1810, 0x2b0a1e501ccb, 4, 0x6f732e70) = 0x2b0a200f1d10
29746   0.002305 libjvm.so->dlopen(0x2b0a200f1810, 1, 0xffffffff, 0x2b0a200e8c00) = 0x2b0a20057c00
29746   0.006708 libjvm.so->open64(0x2b0a1cc7d510, 0, 0, 16) = 5
29746   0.002861 libjvm.so->__fxstat64(1, 5, 0x2b0a1cc7d340, -1) = 0
29746   0.024173 libjvm.so->fopen(0x2b0a1cc7a130, 0x2b0a1e501ccb, 4009, 3994) = 0x2b0a200fcce0
29746   0.001442 libjvm.so->fopen(0x2b0a1cc7a130, 0x2b0a1e501ccb, 4009, 3994) = 0x2b0a200fcce0
29746   0.001198 libjvm.so->fopen(0x2b0a1cc7a130, 0x2b0a1e501ccb, 4009, 4002) = 0x2b0a200fcce0
29746   0.022418 libjvm.so->pthread_attr_setdetachstate(0x2b0a1cc7eb50, 1, 0, 0) = 0
29746   0.001407 libpthread.so.0->__clone(0x2b0a1cd6bde0, 0x2b0a359cefc0, 0x3d0f00, 0x2b0a359cf700) = 0x7437
29746   0.001694 libjvm.so->__xstat64(1, 0x2b0a1cc7ebe0, 0x2b0a1cc7eb50, 19) = -1
29746   0.001231 libjvm.so->pthread_attr_setdetachstate(0x2b0a1cc7e950, 1, 0, 0) = 0
29746   0.001170 libpthread.so.0->__clone(0x2b0a1cd6bde0, 0x2b0a35acffc0, 0x3d0f00, 0x2b0a35ad0700) = 0x7438
29746   0.001742 libjvm.so->pthread_attr_setdetachstate(0x2b0a1cc7e950, 1, 0, 0) = 0
29746   0.001335 libpthread.so.0->__clone(0x2b0a1cd6bde0, 0x2b0a35bd0fc0, 0x3d0f00, 0x2b0a35bd1700) = 0x7439
29746   0.010092 libjvm.so->pthread_attr_setdetachstate(0x2b0a1cc7eaa0, 1, 0, 0) = 0
29746   0.002402 libpthread.so.0->__clone(0x2b0a1cd6bde0, 0x2b0a35cd1fc0, 0x3d0f00, 0x2b0a35cd2700) = 0x743a
29746   0.002587 libjvm.so->pthread_attr_setdetachstate(0x2b0a1cc7ebb0, 1, 0, 0) = 0
29746   0.001645 libpthread.so.0->__clone(0x2b0a1cd6bde0, 0x2b0a35dd2fc0, 0x3d0f00, 0x2b0a35dd3700) = 0x743b
29746   0.018106 libjvm.so->open64(0x2b0a201369c0, 0, 0, 0) = 7
29746   0.002010 libjvm.so->__fxstat64(1, 7, 0x2b0a1cc7bf60, -1) = 0
29746   0.032721 libjvm.so->fopen(0x2b0a2015c680, 0x2b0a1e501ccb, 4, 0x6f732e6f) = 0x2b0a2015c740
29746   0.004902 libjvm.so->dlopen(0x2b0a2015c680, 1, 0xffffffff, 0x2b0a2015c600) = 0x2b0a2015c740
29753   0.057679 --- SIGSEGV (Segmentation fault) ---
29746   0.054964 libjvm.so->fopen(0x2b0a1cc78e40, 0x2b0a1e501ccb, 0x6f732e, 0x6d766a62696c2f72) = 0x2b0a20171d90
29746   0.006024 libjvm.so->dlopen(0x2b0a1cc78e40, 1, 0xffffffff, 0x2b0a20171d00) = 0x55978a28a4b0
29746   0.001525 libjvm.so->fopen(0x2b0a1cc78e40, 0x2b0a1e501ccb, 0x6f732e, 0x6d766a62696c2f72) = 0x2b0a20172190
29746   0.005482 libjvm.so->dlopen(0x2b0a1cc78e40, 1, 0xffffffff, 0x2b0a20171d00) = 0x55978a28a4b0
29746   0.004582 libjvm.so->fopen(0x2b0a1cc78e40, 0x2b0a1e501ccb, 0x6f732e, 0x6d766a62696c2f72) = 0x2b0a20171d90
29746   0.006211 libjvm.so->dlopen(0x2b0a1cc78e40, 1, 0xffffffff, 0x2b0a20171d00) = 0x55978a28a4b0
29746   0.001570 libjvm.so->fopen(0x2b0a1cc78e40, 0x2b0a1e501ccb, 0x6f732e, 0x6d766a62696c2f72) = 0x2b0a20171d90
29746   0.003565 libjvm.so->dlopen(0x2b0a1cc78e40, 1, 0xffffffff, 0x2b0a20171d00) = 0x55978a28a4b0
29746   0.052265 libjvm.so->fopen(0x2b0a201b7c60, 0x2b0a1e501ccb, 4, 0x6f732e74) = 0x2b0a201c7110
29746   0.003104 libjvm.so->dlopen(0x2b0a201b7c60, 1, 0xffffffff, 0x2b0a201b7200) = 0x2b0a201d7410
29746   0.149109 libjvm.so->fopen(0x2b0a20248380, 0x2b0a1e501ccb, 0x6f732e7373656c, 0x656c646165685f74) = 0x2b0a20248460
29746   0.002895 libjvm.so->dlopen(0x2b0a20248380, 1, 0xffffffff, 0x2b0a20248300) = 0x2b0a20248460
29755   0.038940 +++ exited (status 0) +++
29751   0.000427 +++ exited (status 0) +++
29747   0.000210 +++ exited (status 0) +++
29746   0.000253 +++ exited (status 0) +++
29749   0.000256 +++ exited (status 1) +++
29754   0.000027 +++ exited (status 1) +++
29753   0.000016 +++ exited (status 1) +++
29748   0.000013 +++ exited (status 1) +++
29752   0.004240 +++ exited (status 1) +++
29741   0.000036 +++ exited (status 1) +++
Wrote an ltrace for command: "java -cp ./tools/maxent.jar density.Project outputs/Agrotis_orthogonia_Morris/Agrotis_orthogonia_Morris.lambdas data/layers/worldclim outputs/Agrotis_orthogonia_Morris_worldclim.asc nowarnings nocache autorun -z" with PID 29738 from PPID 29722 on disc21.crc.nd.edu with result 1
REMOTEHOST=10.17.148.247
_CONDOR_JOB_PIDS=
MANPATH=/afs/crc.nd.edu/user/n/nkremerh/cctools/share/man/:/afs/crc.nd.edu/group/ccl/software/x86_64/redhat7/ruby/current/share/man:/afs/crc.nd.edu/group/ccl/software/x86_64/redhat7/graphviz/current/share/man:/afs/crc.nd.edu/group/ccl/software/x86_64/redhat7/gnuplot/current/share/man:/afs/crc.nd.edu/group/ccl/software/x86_64/redhat7/git/current/share/man:/afs/crc.nd.edu/group/ccl/software/x86_64/redhat7/condor/current/share/man:/afs/crc.nd.edu/group/ccl/software/x86_64/redhat7/clang/current/share/man:/afs/crc.nd.edu/group/ccl/software/x86_64/redhat7/condor/current/share/man:/afs/crc.nd.edu/group/ccl/software/x86_64/redhat7/cctools/current/share/man:/afs/crc.nd.edu/group/ccl/software/x86_64/redhat7/cctools/current/share/man:/afs/crc.nd.edu/x86_64_linux/Modules/4.5.0/share/man:/opt/crc/usr/local/man:/opt/sge/man:/usr/share/man/overrides:/usr/share/man:/usr/local/share/man
XDG_SESSION_ID=2686
_CONDOR_ANCESTOR_3669=16405:1599499132:729388362
HOSTNAME=disc01.crc.nd.edu
_LMFILES__modshare=/afs/crc.nd.edu/x86_64_linux/Modules/modules/system_modules/CRC_default/1.1:1
MODULEPATH_modshare=/afs/crc.nd.edu/x86_64_linux/Modules/modules/general_software:1:/afs/crc.nd.edu/x86_64_linux/Modules/modules/development_tools_and_libraries:1:/afs/crc.nd.edu/x86_64_linux/Modules/modules/system_modules:1:/afs/crc.nd.edu/x86_64_linux/Modules/current/modulefiles:1:/afs/crc.nd.edu/x86_64_linux/Modules/modules/restricted_software:1:/afs/crc.nd.edu/x86_64_linux/Modules/modules/deprecated_software:1
MODULES_CMD=/afs/crc.nd.edu/x86_64_linux/Modules/4.5.0/libexec/modulecmd.tcl
HOST=disc01.crc.nd.edu
SHELL=/bin/tcsh
TERM=xterm-256color
MAKEFLAGS=
HISTSIZE=5000
TMPDIR=/var/condor/execute/dir_16405/worker-213124-16471/t.1607/cctools-temp-t.1607.zniMAq
SSH_CLIENT=10.17.148.247 49750 22
PERL5LIB=/afs/crc.nd.edu/user/n/nkremerh/cctools/lib/perl5/site_perl/5.16.3:/afs/crc.nd.edu/user/n/nkremerh/.perl5/lib/perl5
SGE_CELL=crc
_CONDOR_SCRATCH_DIR=/var/condor/execute/dir_16405
PERL_MB_OPT=--install_base '/afs/crc.nd.edu/user/n/nkremerh/.perl5/'
SSH_TTY=/dev/pts/0
SGE_LOAD_AVG=load_avg
MAKEFLOW_MAX_LOCAL_JOBS=2
HISTFILESIZE=10000
_CHIRP_DELAYED_UPDATE_PREFIX=Chirp*
USER=nkremerh
GROUP=campus
LD_LIBRARY_PATH=/afs/crc.nd.edu/group/ccl/software/x86_64/redhat7/ruby/current/lib:/afs/crc.nd.edu/group/ccl/software/x86_64/redhat7/graphviz/current/lib:/afs/crc.nd.edu/group/ccl/software/x86_64/redhat7/git/current/lib:/afs/crc.nd.edu/group/ccl/software/x86_64/redhat7/condor/current/lib:/afs/crc.nd.edu/group/ccl/software/x86_64/redhat7/clang/current/lib:/afs/crc.nd.edu/group/ccl/software/x86_64/redhat7/condor/current/lib:/afs/crc.nd.edu/group/ccl/software/x86_64/redhat7/cctools/current/lib:/opt/crc/usr/local/lib
TEMP=/var/condor/execute/dir_16405/worker-213124-16471/t.1607/cctools-temp-t.1607.zniMAq
BATCH_SYSTEM=HTCondor
WORKER_TMPDIR=/var/condor/execute/dir_16405/worker-213124-16471/cache/tmp
ENV=/afs/crc.nd.edu/x86_64_linux/Modules/4.5.0/init/profile.sh
MODULES_LMALTNAME=CRC_default/1.1&CRC_default/default&CRC_default
_CONDOR_CHIRP_CONFIG=/var/condor/execute/dir_16405/.chirp.config
GLOBUS_GSSAPI_MAX_TLS_PROTOCOL=0
_CONDOR_HIGHPORT=9999
HOSTTYPE=x86_64-linux
MAKELEVEL=1
MFLAGS=
CCLSOFTWARE=/afs/crc.nd.edu/group/ccl/software/x86_64/redhat7
PATH=/afs/crc.nd.edu/user/n/nkremerh/cctools/bin:/afs/crc.nd.edu/user/n/nkremerh/miniconda/bin:/afs/crc.nd.edu/group/ccl/software/git:/afs/crc.nd.edu/user/n/nkremerh/.local/bin:/afs/crc.nd.edu/group/ccl/software/x86_64/redhat7/povray/3.7/bin:/afs/crc.nd.edu/user/n/nkremerh/.perl5/bin:/afs/crc.nd.edu/user/n/nkremerh/pegasus/bin:/afs/crc.nd.edu/user/n/nkremerh/nodejs/bin:/afs/crc.nd.edu/user/n/nkremerh/montage/bin:/afs/crc.nd.edu/user/n/nkremerh/latexdiff:/afs/crc.nd.edu/user/n/nkremerh/envtrace:/afs/crc.nd.edu/user/n/nkremerh/endlines:/afs/crc.nd.edu/user/n/nkremerh/cctools/bin:/afs/crc.nd.edu/user/n/nkremerh/.cargo/bin:/afs/crc.nd.edu/group/ccl/software/x86_64/redhat7/ruby/current/bin:/afs/crc.nd.edu/group/ccl/software/x86_64/redhat7/graphviz/current/bin:/afs/crc.nd.edu/group/ccl/software/x86_64/redhat7/gnuplot/current/bin:/afs/crc.nd.edu/group/ccl/software/x86_64/redhat7/git/current/bin:/afs/crc.nd.edu/group/ccl/software/x86_64/redhat7/condor/current/sbin:/afs/crc.nd.edu/group/ccl/software/x86_64/redhat7/condor/current/bin:/afs/crc.nd.edu/group/ccl/software/x86_64/redhat7/cmake/current/bin:/afs/crc.nd.edu/group/ccl/software/x86_64/redhat7/clang/current/bin:/afs/crc.nd.edu/group/ccl/software/x86_64/redhat7/condor/current/sbin:/afs/crc.nd.edu/group/ccl/software/x86_64/redhat7/condor/current/bin:/afs/crc.nd.edu/group/ccl/software/x86_64/redhat7/cctools/current/bin:/afs/crc.nd.edu/x86_64_linux/Modules/4.5.0/bin:/opt/crc/usr/local/bin:/opt/sge/bin/lx-amd64:/usr/local/bin:/usr/bin:/usr/local/sbin:/usr/sbin:/afs/crc.nd.edu/user/c/condor/software/bin:/afs/crc.nd.edu/user/c/condor/software/sbin
MAIL=/var/spool/mail/nkremerh
PWD=/var/condor/execute/dir_16405/worker-213124-16471/t.1607
_LMFILES_=/afs/crc.nd.edu/x86_64_linux/Modules/modules/system_modules/CRC_default/1.1
SGE_EXECD_PORT=6445
EDITOR=vim
LANG=en_US.UTF-8
MODULEPATH=/afs/crc.nd.edu/x86_64_linux/Modules/modules/development_tools_and_libraries:/afs/crc.nd.edu/x86_64_linux/Modules/modules/general_software:/afs/crc.nd.edu/x86_64_linux/Modules/modules/restricted_software:/afs/crc.nd.edu/x86_64_linux/Modules/modules/system_modules:/afs/crc.nd.edu/x86_64_linux/Modules/modules/deprecated_software:/afs/crc.nd.edu/x86_64_linux/Modules/current/modulefiles
SGE_QMASTER_PORT=6444
SGE_ROOT=/opt/sge
LOADEDMODULES=CRC_default/1.1
WORK_QUEUE_SANDBOX=/var/condor/execute/dir_16405/worker-213124-16471
_CONDOR_SLOT=slot2_1
CCLPLATFORM=x86_64/redhat7
USE_SYSTEMD=true
_CONDOR_LOWPORT=9100
KRB5CCNAME=FILE:/tmp/krb5cc_213124_dlYXoi
HISTCONTROL=ignoreboth:erasedups
PATH_modshare=/opt/crc/usr/local/bin:1:/opt/sge/bin/lx-amd64:1:/usr/sbin:1:/usr/bin:1:/afs/crc.nd.edu/user/c/condor/software/sbin:1:/usr/local/sbin:1:/afs/crc.nd.edu/user/c/condor/software/bin:1:/usr/local/bin:1
SHLVL=7
HOME=disc01.crc.nd.edu
GLOBUS_GSSAPI_NAME_COMPATIBILITY=STRICT_RFC2818
_CONDOR_MACHINE_AD=/var/condor/execute/dir_16405/.machine.ad
OSTYPE=linux
DISK=18251
GREP_OPTIONS=--color=auto
GLOBUS_GSSAPI_MIN_TLS_PROTOCOL=TLS1_VERSION
MEMORY=1948
MANPATH_modshare=/usr/share/man/overrides:1:/usr/local/share/man:1:/usr/share/man:1:/opt/crc/usr/local/man:1:/opt/sge/man:1
VENDOR=unknown
BASH_ENV=/afs/crc.nd.edu/x86_64_linux/Modules/4.5.0/init/bash
PERL_LOCAL_LIB_ROOT=/afs/crc.nd.edu/user/n/nkremerh/.perl5/
PYTHONPATH=/afs/crc.nd.edu/user/n/nkremerh/cctools/lib/python3.6/site-packages/
CCLHOME=/afs/crc.nd.edu/group/ccl
MACHTYPE=x86_64
LOGNAME=nkremerh
TMP=/var/condor/execute/dir_16405/worker-213124-16471/t.1607/cctools-temp-t.1607.zniMAq
LD_LIBRARY_PATH_modshare=/opt/crc/usr/local/lib:1
MODULES_LMALTNAME_modshare=CRC_default/1.1&CRC_default/default&CRC_default:1
SSH_CONNECTION=10.17.148.247 49750 129.74.128.103 22
_CONDOR_ANCESTOR_3314=3669:1598183978:1434769074
MODULESHOME=/afs/crc.nd.edu/x86_64_linux/Modules/4.5.0
OMP_NUM_THREADS=1
LESSOPEN=||/usr/bin/lesspipe.sh %s
GLOBUS_GSSAPI_BACKWARD_COMPATIBLE_MIC=true
GLOBUS_GSSAPI_CIPHERS=HIGH
LOADEDMODULES_modshare=CRC_default/1.1:1
_CONDOR_JOB_AD=/var/condor/execute/dir_16405/.job.ad
SGE_CLUSTER_NAME=CRC
XDG_RUNTIME_DIR=/run/user/213124
_CONDOR_ANCESTOR_16405=16436:1599499133:3044183768
CCTOOLS=../cctools
CORES=2
_CONDOR_JOB_IWD=/var/condor/execute/dir_16405
PERL_MM_OPT=INSTALL_BASE=/afs/crc.nd.edu/user/n/nkremerh/.perl5/
GLOBUS_GSSAPI_SERVER_CIPHER_ORDER=true
BASH_FUNC_module()=() {  unset _mlshdbg;
 if [ "${MODULES_SILENT_SHELL_DEBUG:-0}" = '1' ]; then
 case "$-" in 
 *v*x*)
 set +vx;
 _mlshdbg='vx'
 ;;
 *v*)
 set +v;
 _mlshdbg='v'
 ;;
 *x*)
 set +x;
 _mlshdbg='x'
 ;;
 *)
 _mlshdbg=''
 ;;
 esac;
 fi;
 unset _mlre _mlIFS;
 if [ -n "${IFS+x}" ]; then
 _mlIFS=$IFS;
 fi;
 IFS=' ';
 for _mlv in ${MODULES_RUN_QUARANTINE:-};
 do
 if [ "${_mlv}" = "${_mlv##*[!A-Za-z0-9_]}" -a "${_mlv}" = "${_mlv#[0-9]}" ]; then
 if [ -n "`eval 'echo ${'$_mlv'+x}'`" ]; then
 _mlre="${_mlre:-}${_mlv}_modquar='`eval 'echo ${'$_mlv'}'`' ";
 fi;
 _mlrv="MODULES_RUNENV_${_mlv}";
 _mlre="${_mlre:-}${_mlv}='`eval 'echo ${'$_mlrv':-}'`' ";
 fi;
 done;
 if [ -n "${_mlre:-}" ]; then
 eval `eval ${_mlre}/usr/bin/tclsh /afs/crc.nd.edu/x86_64_linux/Modules/4.5.0/libexec/modulecmd.tcl bash '"$@"'`;
 else
 eval `/usr/bin/tclsh /afs/crc.nd.edu/x86_64_linux/Modules/4.5.0/libexec/modulecmd.tcl bash "$@"`;
 fi;
 _mlstatus=$?;
 if [ -n "${_mlIFS+x}" ]; then
 IFS=$_mlIFS;
 else
 unset IFS;
 fi;
 unset _mlre _mlv _mlrv _mlIFS;
 if [ -n "${_mlshdbg:-}" ]; then
 set -$_mlshdbg;
 fi;
 unset _mlshdbg;
 return $_mlstatus
}
BASH_FUNC_ml()=() {  module ml "$@"
}
_=/usr/bin/printenv
