29289   0.000000 libjli.so->getenv("_JAVA_LAUNCHER_DEBUG") = nil
29289   0.001887 libjli.so->getenv("_JAVA_VERSION_SET") = nil
29289   0.000815 libjli.so->fopen("/usr/lib/jvm/java-1.8.0-openjdk-1.8.0.262.b10-0.el7_8.x86_64/jre/lib/amd64/jvm.cfg", "r") = 0x55b2b20f90e0
29289   0.000792 libjli.so->getenv("JDK_ALTERNATE_VM") = nil
29289   0.000325 libjli.so->__xstat(1, "/usr/lib/jvm/java-1.8.0-openjdk-1.8.0.262.b10-0.el7_8.x86_64/jre/lib/amd64/server/libjvm.so", 0x7ffd7399a230) = 0
29289   0.000572 libjli.so->getenv("LD_LIBRARY_PATH") = "/afs/crc.nd.edu/group/ccl/software/x86_64/redhat7/ruby/current/lib:/afs/crc.nd.edu/group/ccl/software/x86_64/redhat7/graphviz/current/lib:/afs/crc.nd.edu/group/ccl/software/x86_64/redhat7/git/current/lib:/afs/crc.nd.edu/group/ccl/software/x86_64/redhat7/condor/current/lib:/afs/crc.nd.edu/group/ccl/software/x86_64/redhat7/clang/current/lib:/afs/crc.nd.edu/group/ccl/software/x86_64/redhat7/condor/current/lib:/afs/crc.nd.edu/group/ccl/software/x86_64/redhat7/cctools/current/lib:/opt/crc/usr/local/lib"
29289   0.002081 libjli.so->dlopen("/usr/lib/jvm/java-1.8.0-openjdk-1.8.0.262.b10-0.el7_8.x86_64/jre/lib/amd64/server/libjvm.so", 258 <unfinished ...>
29289   0.037814 libjvm.so->getenv("NMT_LEVEL_29289") = nil
29289   0.001737 <... dlopen resumed> )          = 0x55b2b20f94b0
29289   0.000089 libjli.so->getenv("CLASSPATH")  = nil
29289   0.000313 libjli.so->getenv("_JAVA_SPLASH_JAR") = nil
29289   0.000319 libjli.so->getenv("_JAVA_SPLASH_FILE") = nil
29289   0.000344 libjli.so->pthread_attr_setdetachstate(0x7ffd7399a1e0, 0, 0x7ffd7399a270, 0) = 0
29289   0.000449 libpthread.so.0->__clone(0x2ae5c4bc9de0, 0x2ae5c4adcfc0, 0x3d0f00, 0x2ae5c4add700) = 0x726a
29290   0.001637 libjvm.so->dlopen(0x2ae5c63a89ae, 1, 0xfffffffffff42c48, 4096) = 0x2ae5c8000990
29290   0.002743 libjvm.so->getenv(0x2ae5c63c383e, 0, 115, 0x65737361) = 0x7ffd7399f6b4
29290   0.000456 libjvm.so->fopen(0x2ae5c4adbc10, 0x2ae5c635fccb, 0x6f732e79666972, 0x2ae5c54a1ab0) = 0x2ae5c8001440
29290   0.001693 libjvm.so->dlopen(0x2ae5c4adbc10, 1, 0xffffffff, 0x2ae5c8002b00) = 0x2ae5c8001440
29290   0.001421 libjvm.so->fopen(0x2ae5c4adbc10, 0x2ae5c635fccb, 111, 0x732e6176) = 0x2ae5c8001b10
29290   0.001557 libjvm.so->dlopen(0x2ae5c4adbc10, 1, 0xffffffff, 0x2ae5c8001a00) = 0x2ae5c8001b10
29290   0.001540 libjvm.so->__xstat(1, 0x2ae5c4adc360, 0x2ae5c4adcba0, 0x746f7073746f682e) = -1
29290   0.000462 libjvm.so->getenv(0x2ae5c6358541, 0x2ae5c4adc6d0, 1024, 0x2ae5c681261b) = 0
29290   0.000436 libjvm.so->getenv(0x2ae5c6358533, 0x2ae5c4adc6d0, 1024, 0) = 0
29290   0.000439 libjvm.so->fopen(0x2ae5c63a8315, 0x2ae5c635fccb, 4095, 0xffffd51a39ca7b03) = 0x2ae5c80032f0
29290   0.001018 libjvm.so->fopen(0x2ae5c63a8361, 0x2ae5c635fccb, 0x2ae5c8000078, 0x2ae5c80032e0) = 0x2ae5c80032f0
29290   0.000711 libjvm.so->fopen(0x2ae5c4ad69b0, 0x2ae5c635fccb, 4014, 3995) = 0x2ae5c80032f0
29290   0.000634 libjvm.so->opendir(0x2ae5c8002b40, 0x2ae5c8002b40, 13, 16) = 0
29290   0.000520 libjvm.so->__xstat(1, 0x2ae5c4adb8f0, 0x2ae5c4ada860, 0x6f732e7477616d62) = -1
29290   0.000504 libjvm.so->__xstat(1, 0x2ae5c4adb8f0, 0x2ae5c4ada860, 0x5f74776162696c2f) = 0
29290   0.000533 libjvm.so->fopen(0x2ae5c4adab90, 0x2ae5c635fccb, 4009, 3994) = 0x2ae5c80037d0
29290   0.000626 libjvm.so->fopen(0x2ae5c4adab90, 0x2ae5c635fccb, 4009, 3994) = 0x2ae5c80037d0
29290   0.000599 libjvm.so->fopen(0x2ae5c4adab90, 0x2ae5c635fccb, 4009, 4002) = 0x2ae5c80037d0
29290   0.000616 libjvm.so->fopen(0x2ae5c4adab20, 0x2ae5c635fccb, 4009, 3994) = 0x2ae5c80037d0
29290   0.000619 libjvm.so->fopen(0x2ae5c4adab20, 0x2ae5c635fccb, 4009, 3994) = 0x2ae5c80037d0
29290   0.000637 libjvm.so->fopen(0x2ae5c4adab20, 0x2ae5c635fccb, 4009, 4002) = 0x2ae5c80037d0
29290   0.000615 libjvm.so->fopen(0x2ae5c4adab50, 0x2ae5c635fccb, 4014, 3995) = 0x2ae5c80037d0
29290   0.000846 libjvm.so->getenv(0x2ae5c63a90ff, 4096, 3, -1) = 0
29290   0.000897 libjvm.so->fopen(0x2ae5c63a8998, 0x2ae5c635fccb, 0x2ae5c4bc0908, 0x2ae5c4bbfdf0) = 0x2ae5c80037d0
29290   0.004778 libjvm.so->open(0x2ae5c804a5c0, 0x20000, 0, 0x2ae5c804a609) = 3
29290   0.000430 libjvm.so->__fxstat(1, 3, 0x2ae5c4adca00, -1) = 0
29290   0.000546 libjvm.so->opendir(0x2ae5c804a5c0, 0x2ae5c4adca00, 0x4000, -1) = 0x2ae5c804b4d0
29290   0.000847 libjvm.so->__fxstat(1, 3, 0x2ae5c4adc8a0, 0x2ae5c804b4d0) = 0
29290   0.000439 libjvm.so->__fxstat(1, 5, 0x2ae5c4adc930, -1) = 0
29290   0.000594 libjvm.so->open(0x2ae5c63769dc, 0, 0, 0) = 3
29290   0.000662 libjvm.so->__lxstat(1, 0x2ae5c804a5c0, 0x2ae5c4adcb50, -144) = 0
29290   0.000498 libjvm.so->open(0x2ae5c804a5c0, 0x20000, 0x4000, -1) = 3
29290   0.000435 libjvm.so->__fxstat(1, 3, 0x2ae5c4adca00, -1) = 0
29290   0.000484 libjvm.so->opendir(0x2ae5c804a5c0, 0x2ae5c4adca00, 0x4000, -1) = 0x2ae5c804b4d0
29290   0.000440 libjvm.so->__fxstat(1, 3, 0x2ae5c4adc8a0, 0x2ae5c804b4d0) = 0
29290   0.000468 libjvm.so->__fxstat(1, 5, 0x2ae5c4adc930, -1) = 0
29290   0.000480 libjvm.so->open(0x2ae5c63769dc, 0, 0, 0) = 3
29290   0.000479 libjvm.so->open(0x2ae5c804a609, 0x20042, 384, -1) = 7
29290   0.000594 libjvm.so->__fxstat(1, 7, 0x2ae5c4adcb50, -1) = 0
29290   0.001640 libjvm.so->fopen(0x2ae5c4adbb60, 0x2ae5c635fccb, 4, 0x6f732e70) = 0x2ae5c8057c20
29290   0.001509 libjvm.so->dlopen(0x2ae5c4adbb60, 1, 0xffffffff, 0x2ae5c8057b00) = 0x2ae5c8057c20
29290   0.001475 libjvm.so->__xstat(1, 0x2ae5c4adc120, 0x2ae5c4adc950, 2048) = 0
29290   0.000445 libjvm.so->__xstat(1, 0x2ae5c4adc120, 0x2ae5c4adc950, 2048) = 0
29290   0.000535 libjvm.so->__xstat(1, 0x2ae5c4adc120, 0x2ae5c4adc950, 2048) = -1
29290   0.000455 libjvm.so->__xstat(1, 0x2ae5c4adc120, 0x2ae5c4adc950, 2048) = 0
29290   0.000467 libjvm.so->__xstat(1, 0x2ae5c4adc120, 0x2ae5c4adc950, 2048) = 0
29290   0.000432 libjvm.so->__xstat(1, 0x2ae5c4adc120, 0x2ae5c4adc950, 2048) = 0
29290   0.000462 libjvm.so->__xstat(1, 0x2ae5c4adc120, 0x2ae5c4adc950, 2048) = 0
29290   0.000429 libjvm.so->__xstat(1, 0x2ae5c4adc120, 0x2ae5c4adc950, 2048) = -1
29290   0.000444 libjvm.so->fopen(0x2ae5c8002520, 0x2ae5c635fccb, 0, 0) = 0x2ae5c8058ac0
29290   0.009073 libjvm.so->open64(0x2ae5c4adb410, 0, 0, 16) = 3
29290   0.000480 libjvm.so->__fxstat64(1, 3, 0x2ae5c4adb240, -1) = 0
29290   0.037055 libjvm.so->__xstat(1, 0x2ae5c4adbf20, 0x2ae5c4adc750, 2048) = -1
29290   0.000681 libjvm.so->fopen(0x2ae5c4adab20, 0x2ae5c635fccb, 4009, 3994) = 0x2ae5c80b5d40
29290   0.000689 libjvm.so->fopen(0x2ae5c4adab20, 0x2ae5c635fccb, 4009, 3994) = 0x2ae5c80b5d40
29290   0.000595 libjvm.so->fopen(0x2ae5c4adab20, 0x2ae5c635fccb, 4009, 4002) = 0x2ae5c80b5d40
29290   0.004359 libjvm.so->pthread_attr_setdetachstate(0x2ae5c4adcc00, 1, 0, 0) = 0
29290   0.000537 libpthread.so.0->__clone(0x2ae5c4bc9de0, 0x2ae5dd4dcfc0, 0x3d0f00, 0x2ae5dd4dd700) = 0x726b
29290   0.015629 libjvm.so->pthread_attr_setdetachstate(0x2ae5c4adc290, 1, 0, 0) = 0
29290   0.000651 libpthread.so.0->__clone(0x2ae5c4bc9de0, 0x2ae5dd5ddfc0, 0x3d0f00, 0x2ae5dd5de700) = 0x726c
29290   0.007036 libjvm.so->pthread_attr_setdetachstate(0x2ae5c4adc610, 1, 0, 0) = 0
29290   0.000772 libpthread.so.0->__clone(0x2ae5c4bc9de0, 0x2ae5dd6defc0, 0x3d0f00, 0x2ae5dd6df700) = 0x726e
29290   0.040189 libjvm.so->fopen(0x2ae5c80f1810, 0x2ae5c635fccb, 4, 0x6f732e70) = 0x2ae5c80f1d10
29290   0.001916 libjvm.so->dlopen(0x2ae5c80f1810, 1, 0xffffffff, 0x2ae5c80e8c00) = 0x2ae5c8057c20
29290   0.004979 libjvm.so->open64(0x2ae5c4adb510, 0, 0, 16) = 5
29290   0.001567 libjvm.so->__fxstat64(1, 5, 0x2ae5c4adb340, -1) = 0
29290   0.019407 libjvm.so->fopen(0x2ae5c4ad8130, 0x2ae5c635fccb, 4009, 3994) = 0x2ae5c80fcce0
29290   0.001155 libjvm.so->fopen(0x2ae5c4ad8130, 0x2ae5c635fccb, 4009, 3994) = 0x2ae5c80fcce0
29290   0.001085 libjvm.so->fopen(0x2ae5c4ad8130, 0x2ae5c635fccb, 4009, 4002) = 0x2ae5c80fcce0
29290   0.015185 libjvm.so->pthread_attr_setdetachstate(0x2ae5c4adcb50, 1, 0, 0) = 0
29290   0.003206 libpthread.so.0->__clone(0x2ae5c4bc9de0, 0x2ae5dd7dffc0, 0x3d0f00, 0x2ae5dd7e0700) = 0x7273
29290   0.001588 libjvm.so->__xstat64(1, 0x2ae5c4adcbe0, 0x2ae5c4adcb50, 19) = -1
29290   0.001152 libjvm.so->pthread_attr_setdetachstate(0x2ae5c4adc950, 1, 0, 0) = 0
29290   0.001108 libpthread.so.0->__clone(0x2ae5c4bc9de0, 0x2ae5dd8e0fc0, 0x3d0f00, 0x2ae5dd8e1700) = 0x7274
29290   0.001729 libjvm.so->pthread_attr_setdetachstate(0x2ae5c4adc950, 1, 0, 0) = 0
29290   0.001291 libpthread.so.0->__clone(0x2ae5c4bc9de0, 0x2ae5dd9e1fc0, 0x3d0f00, 0x2ae5dd9e2700) = 0x7275
29290   0.007216 libjvm.so->pthread_attr_setdetachstate(0x2ae5c4adcaa0, 1, 0, 0) = 0
29290   0.001383 libpthread.so.0->__clone(0x2ae5c4bc9de0, 0x2ae5ddae2fc0, 0x3d0f00, 0x2ae5ddae3700) = 0x7276
29290   0.002341 libjvm.so->pthread_attr_setdetachstate(0x2ae5c4adcbb0, 1, 0, 0) = 0
29290   0.001581 libpthread.so.0->__clone(0x2ae5c4bc9de0, 0x2ae5ddbe3fc0, 0x3d0f00, 0x2ae5ddbe4700) = 0x7277
29290   0.014754 libjvm.so->open64(0x2ae5c81368d0, 0, 0, 16) = 7
29290   0.001731 libjvm.so->__fxstat64(1, 7, 0x2ae5c4ad9f60, -1) = 0
29290   0.025266 libjvm.so->fopen(0x2ae5c815c700, 0x2ae5c635fccb, 4, 0x6f732e6f) = 0x2ae5c815c7c0
29290   0.003229 libjvm.so->dlopen(0x2ae5c815c700, 1, 0xffffffff, 0x2ae5c815c700) = 0x2ae5c815c7c0
29290   0.097666 libjvm.so->fopen(0x2ae5c4ad6e40, 0x2ae5c635fccb, 0x6f732e, 0x6d766a62696c2f72) = 0x2ae5c8171f70
29290   0.006170 libjvm.so->dlopen(0x2ae5c4ad6e40, 1, 0xffffffff, 0x2ae5c8171e00) = 0x55b2b20f94b0
29290   0.002319 libjvm.so->fopen(0x2ae5c4ad6e40, 0x2ae5c635fccb, 0x6f732e, 0x6d766a62696c2f72) = 0x2ae5c8172370
29290   0.006003 libjvm.so->dlopen(0x2ae5c4ad6e40, 1, 0xffffffff, 0x2ae5c8171e00) = 0x55b2b20f94b0
29290   0.001746 libjvm.so->fopen(0x2ae5c4ad6e40, 0x2ae5c635fccb, 0x6f732e, 0x6d766a62696c2f72) = 0x2ae5c8171f70
29290   0.004514 libjvm.so->dlopen(0x2ae5c4ad6e40, 1, 0xffffffff, 0x2ae5c8171e00) = 0x55b2b20f94b0
29290   0.001707 libjvm.so->fopen(0x2ae5c4ad6e40, 0x2ae5c635fccb, 0x6f732e, 0x6d766a62696c2f72) = 0x2ae5c8171f70
29290   0.004374 libjvm.so->dlopen(0x2ae5c4ad6e40, 1, 0xffffffff, 0x2ae5c8171e00) = 0x55b2b20f94b0
29290   0.047816 libjvm.so->fopen(0x2ae5c81b74e0, 0x2ae5c635fccb, 4, 0x6f732e74) = 0x2ae5c81d7420
29290   0.003116 libjvm.so->dlopen(0x2ae5c81b74e0, 1, 0xffffffff, 0x2ae5c81ad200) = 0x2ae5c81d7420
29290   0.137194 libjvm.so->fopen(0x2ae5c8248650, 0x2ae5c635fccb, 0x6f732e7373656c, 0x656c646165685f74) = 0x2ae5c8248730
29290   0.002899 libjvm.so->dlopen(0x2ae5c8248650, 1, 0xffffffff, 0x2ae5c8248600) = 0x2ae5c8248730
29303   0.037897 +++ exited (status 0) +++
29299   0.000308 +++ exited (status 0) +++
29291   0.000241 +++ exited (status 0) +++
29290   0.000214 +++ exited (status 0) +++
29302   0.000292 +++ exited (status 1) +++
29301   0.000026 +++ exited (status 1) +++
29300   0.000014 +++ exited (status 1) +++
29292   0.000014 +++ exited (status 1) +++
29294   0.005006 +++ exited (status 1) +++
29289   0.000046 +++ exited (status 1) +++
Wrote an ltrace for command: "java -cp ./tools/maxent.jar density.Project outputs/Chironomus_ovazzai_Freeman/Chironomus_ovazzai_Freeman.lambdas data/layers/worldclim outputs/Chironomus_ovazzai_Freeman_worldclim.asc nowarnings nocache autorun -z" with PID 29287 from PPID 29271 on disc21.crc.nd.edu with result 1
REMOTEHOST=10.17.148.247
_CONDOR_JOB_PIDS=
MANPATH=/afs/crc.nd.edu/user/n/nkremerh/cctools/share/man/:/afs/crc.nd.edu/group/ccl/software/x86_64/redhat7/ruby/current/share/man:/afs/crc.nd.edu/group/ccl/software/x86_64/redhat7/graphviz/current/share/man:/afs/crc.nd.edu/group/ccl/software/x86_64/redhat7/gnuplot/current/share/man:/afs/crc.nd.edu/group/ccl/software/x86_64/redhat7/git/current/share/man:/afs/crc.nd.edu/group/ccl/software/x86_64/redhat7/condor/current/share/man:/afs/crc.nd.edu/group/ccl/software/x86_64/redhat7/clang/current/share/man:/afs/crc.nd.edu/group/ccl/software/x86_64/redhat7/condor/current/share/man:/afs/crc.nd.edu/group/ccl/software/x86_64/redhat7/cctools/current/share/man:/afs/crc.nd.edu/group/ccl/software/x86_64/redhat7/cctools/current/share/man:/afs/crc.nd.edu/x86_64_linux/Modules/4.5.0/share/man:/opt/crc/usr/local/man:/opt/sge/man:/usr/share/man/overrides:/usr/share/man:/usr/local/share/man
XDG_SESSION_ID=2686
_CONDOR_ANCESTOR_3669=16410:1599499132:729388363
HOSTNAME=disc01.crc.nd.edu
_LMFILES__modshare=/afs/crc.nd.edu/x86_64_linux/Modules/modules/system_modules/CRC_default/1.1:1
MODULEPATH_modshare=/afs/crc.nd.edu/x86_64_linux/Modules/modules/general_software:1:/afs/crc.nd.edu/x86_64_linux/Modules/modules/development_tools_and_libraries:1:/afs/crc.nd.edu/x86_64_linux/Modules/modules/system_modules:1:/afs/crc.nd.edu/x86_64_linux/Modules/current/modulefiles:1:/afs/crc.nd.edu/x86_64_linux/Modules/modules/restricted_software:1:/afs/crc.nd.edu/x86_64_linux/Modules/modules/deprecated_software:1
MODULES_CMD=/afs/crc.nd.edu/x86_64_linux/Modules/4.5.0/libexec/modulecmd.tcl
HOST=disc01.crc.nd.edu
SHELL=/bin/tcsh
TERM=xterm-256color
MAKEFLAGS=
HISTSIZE=5000
TMPDIR=/var/condor/execute/dir_16410/worker-213124-16502/t.1545/cctools-temp-t.1545.u2FFTg
SSH_CLIENT=10.17.148.247 49750 22
PERL5LIB=/afs/crc.nd.edu/user/n/nkremerh/cctools/lib/perl5/site_perl/5.16.3:/afs/crc.nd.edu/user/n/nkremerh/.perl5/lib/perl5
SGE_CELL=crc
_CONDOR_SCRATCH_DIR=/var/condor/execute/dir_16410
PERL_MB_OPT=--install_base '/afs/crc.nd.edu/user/n/nkremerh/.perl5/'
SSH_TTY=/dev/pts/0
SGE_LOAD_AVG=load_avg
MAKEFLOW_MAX_LOCAL_JOBS=2
_CONDOR_ANCESTOR_16410=16453:1599499133:2946449512
HISTFILESIZE=10000
_CHIRP_DELAYED_UPDATE_PREFIX=Chirp*
USER=nkremerh
GROUP=campus
LD_LIBRARY_PATH=/afs/crc.nd.edu/group/ccl/software/x86_64/redhat7/ruby/current/lib:/afs/crc.nd.edu/group/ccl/software/x86_64/redhat7/graphviz/current/lib:/afs/crc.nd.edu/group/ccl/software/x86_64/redhat7/git/current/lib:/afs/crc.nd.edu/group/ccl/software/x86_64/redhat7/condor/current/lib:/afs/crc.nd.edu/group/ccl/software/x86_64/redhat7/clang/current/lib:/afs/crc.nd.edu/group/ccl/software/x86_64/redhat7/condor/current/lib:/afs/crc.nd.edu/group/ccl/software/x86_64/redhat7/cctools/current/lib:/opt/crc/usr/local/lib
TEMP=/var/condor/execute/dir_16410/worker-213124-16502/t.1545/cctools-temp-t.1545.u2FFTg
BATCH_SYSTEM=HTCondor
WORKER_TMPDIR=/var/condor/execute/dir_16410/worker-213124-16502/cache/tmp
ENV=/afs/crc.nd.edu/x86_64_linux/Modules/4.5.0/init/profile.sh
MODULES_LMALTNAME=CRC_default/1.1&CRC_default/default&CRC_default
_CONDOR_CHIRP_CONFIG=/var/condor/execute/dir_16410/.chirp.config
GLOBUS_GSSAPI_MAX_TLS_PROTOCOL=0
_CONDOR_HIGHPORT=9999
HOSTTYPE=x86_64-linux
MAKELEVEL=1
MFLAGS=
CCLSOFTWARE=/afs/crc.nd.edu/group/ccl/software/x86_64/redhat7
PATH=/afs/crc.nd.edu/user/n/nkremerh/cctools/bin:/afs/crc.nd.edu/user/n/nkremerh/miniconda/bin:/afs/crc.nd.edu/group/ccl/software/git:/afs/crc.nd.edu/user/n/nkremerh/.local/bin:/afs/crc.nd.edu/group/ccl/software/x86_64/redhat7/povray/3.7/bin:/afs/crc.nd.edu/user/n/nkremerh/.perl5/bin:/afs/crc.nd.edu/user/n/nkremerh/pegasus/bin:/afs/crc.nd.edu/user/n/nkremerh/nodejs/bin:/afs/crc.nd.edu/user/n/nkremerh/montage/bin:/afs/crc.nd.edu/user/n/nkremerh/latexdiff:/afs/crc.nd.edu/user/n/nkremerh/envtrace:/afs/crc.nd.edu/user/n/nkremerh/endlines:/afs/crc.nd.edu/user/n/nkremerh/cctools/bin:/afs/crc.nd.edu/user/n/nkremerh/.cargo/bin:/afs/crc.nd.edu/group/ccl/software/x86_64/redhat7/ruby/current/bin:/afs/crc.nd.edu/group/ccl/software/x86_64/redhat7/graphviz/current/bin:/afs/crc.nd.edu/group/ccl/software/x86_64/redhat7/gnuplot/current/bin:/afs/crc.nd.edu/group/ccl/software/x86_64/redhat7/git/current/bin:/afs/crc.nd.edu/group/ccl/software/x86_64/redhat7/condor/current/sbin:/afs/crc.nd.edu/group/ccl/software/x86_64/redhat7/condor/current/bin:/afs/crc.nd.edu/group/ccl/software/x86_64/redhat7/cmake/current/bin:/afs/crc.nd.edu/group/ccl/software/x86_64/redhat7/clang/current/bin:/afs/crc.nd.edu/group/ccl/software/x86_64/redhat7/condor/current/sbin:/afs/crc.nd.edu/group/ccl/software/x86_64/redhat7/condor/current/bin:/afs/crc.nd.edu/group/ccl/software/x86_64/redhat7/cctools/current/bin:/afs/crc.nd.edu/x86_64_linux/Modules/4.5.0/bin:/opt/crc/usr/local/bin:/opt/sge/bin/lx-amd64:/usr/local/bin:/usr/bin:/usr/local/sbin:/usr/sbin:/afs/crc.nd.edu/user/c/condor/software/bin:/afs/crc.nd.edu/user/c/condor/software/sbin
MAIL=/var/spool/mail/nkremerh
PWD=/var/condor/execute/dir_16410/worker-213124-16502/t.1545
_LMFILES_=/afs/crc.nd.edu/x86_64_linux/Modules/modules/system_modules/CRC_default/1.1
SGE_EXECD_PORT=6445
EDITOR=vim
LANG=en_US.UTF-8
MODULEPATH=/afs/crc.nd.edu/x86_64_linux/Modules/modules/development_tools_and_libraries:/afs/crc.nd.edu/x86_64_linux/Modules/modules/general_software:/afs/crc.nd.edu/x86_64_linux/Modules/modules/restricted_software:/afs/crc.nd.edu/x86_64_linux/Modules/modules/system_modules:/afs/crc.nd.edu/x86_64_linux/Modules/modules/deprecated_software:/afs/crc.nd.edu/x86_64_linux/Modules/current/modulefiles
SGE_QMASTER_PORT=6444
SGE_ROOT=/opt/sge
LOADEDMODULES=CRC_default/1.1
WORK_QUEUE_SANDBOX=/var/condor/execute/dir_16410/worker-213124-16502
_CONDOR_SLOT=slot2_2
CCLPLATFORM=x86_64/redhat7
USE_SYSTEMD=true
_CONDOR_LOWPORT=9100
KRB5CCNAME=FILE:/tmp/krb5cc_213124_dlYXoi
HISTCONTROL=ignoreboth:erasedups
PATH_modshare=/opt/crc/usr/local/bin:1:/opt/sge/bin/lx-amd64:1:/usr/sbin:1:/usr/bin:1:/afs/crc.nd.edu/user/c/condor/software/sbin:1:/usr/local/sbin:1:/afs/crc.nd.edu/user/c/condor/software/bin:1:/usr/local/bin:1
SHLVL=7
HOME=disc01.crc.nd.edu
GLOBUS_GSSAPI_NAME_COMPATIBILITY=STRICT_RFC2818
_CONDOR_MACHINE_AD=/var/condor/execute/dir_16410/.machine.ad
OSTYPE=linux
DISK=18251
GREP_OPTIONS=--color=auto
GLOBUS_GSSAPI_MIN_TLS_PROTOCOL=TLS1_VERSION
MEMORY=1948
MANPATH_modshare=/usr/share/man/overrides:1:/usr/local/share/man:1:/usr/share/man:1:/opt/crc/usr/local/man:1:/opt/sge/man:1
VENDOR=unknown
BASH_ENV=/afs/crc.nd.edu/x86_64_linux/Modules/4.5.0/init/bash
PERL_LOCAL_LIB_ROOT=/afs/crc.nd.edu/user/n/nkremerh/.perl5/
PYTHONPATH=/afs/crc.nd.edu/user/n/nkremerh/cctools/lib/python3.6/site-packages/
CCLHOME=/afs/crc.nd.edu/group/ccl
MACHTYPE=x86_64
LOGNAME=nkremerh
TMP=/var/condor/execute/dir_16410/worker-213124-16502/t.1545/cctools-temp-t.1545.u2FFTg
LD_LIBRARY_PATH_modshare=/opt/crc/usr/local/lib:1
MODULES_LMALTNAME_modshare=CRC_default/1.1&CRC_default/default&CRC_default:1
SSH_CONNECTION=10.17.148.247 49750 129.74.128.103 22
_CONDOR_ANCESTOR_3314=3669:1598183978:1434769074
MODULESHOME=/afs/crc.nd.edu/x86_64_linux/Modules/4.5.0
OMP_NUM_THREADS=1
LESSOPEN=||/usr/bin/lesspipe.sh %s
GLOBUS_GSSAPI_BACKWARD_COMPATIBLE_MIC=true
GLOBUS_GSSAPI_CIPHERS=HIGH
LOADEDMODULES_modshare=CRC_default/1.1:1
_CONDOR_JOB_AD=/var/condor/execute/dir_16410/.job.ad
SGE_CLUSTER_NAME=CRC
XDG_RUNTIME_DIR=/run/user/213124
CCTOOLS=../cctools
CORES=2
_CONDOR_JOB_IWD=/var/condor/execute/dir_16410
PERL_MM_OPT=INSTALL_BASE=/afs/crc.nd.edu/user/n/nkremerh/.perl5/
GLOBUS_GSSAPI_SERVER_CIPHER_ORDER=true
BASH_FUNC_module()=() {  unset _mlshdbg;
 if [ "${MODULES_SILENT_SHELL_DEBUG:-0}" = '1' ]; then
 case "$-" in 
 *v*x*)
 set +vx;
 _mlshdbg='vx'
 ;;
 *v*)
 set +v;
 _mlshdbg='v'
 ;;
 *x*)
 set +x;
 _mlshdbg='x'
 ;;
 *)
 _mlshdbg=''
 ;;
 esac;
 fi;
 unset _mlre _mlIFS;
 if [ -n "${IFS+x}" ]; then
 _mlIFS=$IFS;
 fi;
 IFS=' ';
 for _mlv in ${MODULES_RUN_QUARANTINE:-};
 do
 if [ "${_mlv}" = "${_mlv##*[!A-Za-z0-9_]}" -a "${_mlv}" = "${_mlv#[0-9]}" ]; then
 if [ -n "`eval 'echo ${'$_mlv'+x}'`" ]; then
 _mlre="${_mlre:-}${_mlv}_modquar='`eval 'echo ${'$_mlv'}'`' ";
 fi;
 _mlrv="MODULES_RUNENV_${_mlv}";
 _mlre="${_mlre:-}${_mlv}='`eval 'echo ${'$_mlrv':-}'`' ";
 fi;
 done;
 if [ -n "${_mlre:-}" ]; then
 eval `eval ${_mlre}/usr/bin/tclsh /afs/crc.nd.edu/x86_64_linux/Modules/4.5.0/libexec/modulecmd.tcl bash '"$@"'`;
 else
 eval `/usr/bin/tclsh /afs/crc.nd.edu/x86_64_linux/Modules/4.5.0/libexec/modulecmd.tcl bash "$@"`;
 fi;
 _mlstatus=$?;
 if [ -n "${_mlIFS+x}" ]; then
 IFS=$_mlIFS;
 else
 unset IFS;
 fi;
 unset _mlre _mlv _mlrv _mlIFS;
 if [ -n "${_mlshdbg:-}" ]; then
 set -$_mlshdbg;
 fi;
 unset _mlshdbg;
 return $_mlstatus
}
BASH_FUNC_ml()=() {  module ml "$@"
}
_=/usr/bin/printenv
