9573   0.000000 libjli.so->getenv("_JAVA_LAUNCHER_DEBUG") = nil
9573   0.001183 libjli.so->getenv("_JAVA_VERSION_SET") = nil
9573   0.000540 libjli.so->fopen("/usr/lib/jvm/java-1.8.0-openjdk-1.8.0.262.b10-0.el7_8.x86_64/jre/lib/amd64/jvm.cfg", "r") = 0x55ab0df000f0
9573   0.000589 libjli.so->getenv("JDK_ALTERNATE_VM") = nil
9573   0.000237 libjli.so->__xstat(1, "/usr/lib/jvm/java-1.8.0-openjdk-1.8.0.262.b10-0.el7_8.x86_64/jre/lib/amd64/server/libjvm.so", 0x7ffe17d9f010) = 0
9573   0.000439 libjli.so->getenv("LD_LIBRARY_PATH") = "/afs/crc.nd.edu/group/ccl/software/x86_64/redhat7/ruby/current/lib:/afs/crc.nd.edu/group/ccl/software/x86_64/redhat7/graphviz/current/lib:/afs/crc.nd.edu/group/ccl/software/x86_64/redhat7/git/current/lib:/afs/crc.nd.edu/group/ccl/software/x86_64/redhat7/condor/current/lib:/afs/crc.nd.edu/group/ccl/software/x86_64/redhat7/clang/current/lib:/afs/crc.nd.edu/group/ccl/software/x86_64/redhat7/condor/current/lib:/afs/crc.nd.edu/group/ccl/software/x86_64/redhat7/cctools/current/lib:/opt/crc/usr/local/lib"
9573   0.001435 libjli.so->dlopen("/usr/lib/jvm/java-1.8.0-openjdk-1.8.0.262.b10-0.el7_8.x86_64/jre/lib/amd64/server/libjvm.so", 258 <unfinished ...>
9573   0.025908 libjvm.so->getenv("NMT_LEVEL_9573") = nil
9573   0.001108 <... dlopen resumed> )           = 0x55ab0df004c0
9573   0.000057 libjli.so->getenv("CLASSPATH")   = nil
9573   0.000216 libjli.so->getenv("_JAVA_SPLASH_JAR") = nil
9573   0.000208 libjli.so->getenv("_JAVA_SPLASH_FILE") = nil
9573   0.000215 libjli.so->pthread_attr_setdetachstate(0x7ffe17d9efc0, 0, 0x7ffe17d9f050, 0) = 0
9573   0.000307 libpthread.so.0->__clone(0x2b5e97140de0, 0x2b5e97053fc0, 0x3d0f00, 0x2b5e97054700) = 9578
9578   0.001135 libjvm.so->dlopen(0x2b5e9891f9ae, 1, 0xfffffffffff42c48, 4096) = 0x2b5e9c000990
9578   0.001827 libjvm.so->getenv(0x2b5e9893a83e, 0, 115, 0x65737361) = 0x7ffe17da56eb
9578   0.000349 libjvm.so->fopen(0x2b5e97052c10, 0x2b5e988d6ccb, 0x6f732e79666972, 0x2b5e97a18ab0) = 0x2b5e9c001440
9578   0.000929 libjvm.so->dlopen(0x2b5e97052c10, 1, 0xffffffff, 0x2b5e9c002b00) = 0x2b5e9c001440
9578   0.001009 libjvm.so->fopen(0x2b5e97052c10, 0x2b5e988d6ccb, 111, 0x732e6176) = 0x2b5e9c001b10
9578   0.001213 libjvm.so->dlopen(0x2b5e97052c10, 1, 0xffffffff, 0x2b5e9c001a00) = 0x2b5e9c001b10
9578   0.001041 libjvm.so->__xstat(1, 0x2b5e97053360, 0x2b5e97053ba0, 0x746f7073746f682e) = -1
9578   0.000290 libjvm.so->getenv(0x2b5e988cf541, 0x2b5e970536d0, 1024, 0x2b5e98d8961b) = 0
9578   0.000288 libjvm.so->getenv(0x2b5e988cf533, 0x2b5e970536d0, 1024, 0) = 0
9578   0.000295 libjvm.so->fopen(0x2b5e9891f315, 0x2b5e988d6ccb, 4095, 0xffffd4a167730b03) = 0x2b5e9c0032b0
9578   0.000695 libjvm.so->fopen(0x2b5e9891f361, 0x2b5e988d6ccb, 0x2b5e9c000078, 0x2b5e9c0032a0) = 0x2b5e9c0032b0
9578   0.000488 libjvm.so->fopen(0x2b5e9704d9b0, 0x2b5e988d6ccb, 4014, 3995) = 0x2b5e9c0032b0
9578   0.000406 libjvm.so->opendir(0x2b5e9c002b40, 0x2b5e9c002b40, 13, 16) = 0
9578   0.000325 libjvm.so->__xstat(1, 0x2b5e970528f0, 0x2b5e97051860, 0x6f732e7477616d62) = -1
9578   0.000280 libjvm.so->__xstat(1, 0x2b5e970528f0, 0x2b5e97051860, 0x5f74776162696c2f) = 0
9578   0.000314 libjvm.so->fopen(0x2b5e97051b90, 0x2b5e988d6ccb, 4009, 3994) = 0x2b5e9c003790
9578   0.000427 libjvm.so->fopen(0x2b5e97051b90, 0x2b5e988d6ccb, 4009, 3994) = 0x2b5e9c003790
9578   0.000402 libjvm.so->fopen(0x2b5e97051b90, 0x2b5e988d6ccb, 4009, 4002) = 0x2b5e9c003790
9578   0.000408 libjvm.so->fopen(0x2b5e97051b20, 0x2b5e988d6ccb, 4009, 3994) = 0x2b5e9c003790
9578   0.000501 libjvm.so->fopen(0x2b5e97051b20, 0x2b5e988d6ccb, 4009, 3994) = 0x2b5e9c003790
9578   0.000423 libjvm.so->fopen(0x2b5e97051b20, 0x2b5e988d6ccb, 4009, 4002) = 0x2b5e9c003790
9578   0.000432 libjvm.so->fopen(0x2b5e97051b50, 0x2b5e988d6ccb, 4014, 3995) = 0x2b5e9c003790
9578   0.000533 libjvm.so->getenv(0x2b5e989200ff, 4096, 3, -1) = 0
9578   0.000611 libjvm.so->fopen(0x2b5e9891f998, 0x2b5e988d6ccb, 0x2b5e97137908, 0x2b5e97136df0) = 0x2b5e9c003790
9578   0.003051 libjvm.so->open(0x2b5e9c04a580, 0x20000, 0, 0x2b5e9c04a5c9) = 3
9578   0.000311 libjvm.so->__fxstat(1, 3, 0x2b5e97053a00, -1) = 0
9578   0.000331 libjvm.so->opendir(0x2b5e9c04a580, 0x2b5e97053a00, 0x4000, -1) = 0x2b5e9c04b490
9578   0.000320 libjvm.so->__fxstat(1, 3, 0x2b5e970538a0, 0x2b5e9c04b490) = 0
9578   0.000271 libjvm.so->__fxstat(1, 5, 0x2b5e97053930, -1) = 0
9578   0.000340 libjvm.so->open(0x2b5e988ed9dc, 0, 0, 0) = 3
9578   0.000438 libjvm.so->__lxstat(1, 0x2b5e9c04a580, 0x2b5e97053b50, -144) = 0
9578   0.000293 libjvm.so->open(0x2b5e9c04a580, 0x20000, 0x4000, -1) = 3
9578   0.000328 libjvm.so->__fxstat(1, 3, 0x2b5e97053a00, -1) = 0
9578   0.000308 libjvm.so->opendir(0x2b5e9c04a580, 0x2b5e97053a00, 0x4000, -1) = 0x2b5e9c04b490
9578   0.000273 libjvm.so->__fxstat(1, 3, 0x2b5e970538a0, 0x2b5e9c04b490) = 0
9578   0.000302 libjvm.so->__fxstat(1, 5, 0x2b5e97053930, -1) = 0
9578   0.000294 libjvm.so->open(0x2b5e988ed9dc, 0, 0, 0) = 3
9578   0.000290 libjvm.so->open(0x2b5e9c04a5c9, 0x20042, 384, -1) = 7
9578   0.000376 libjvm.so->__fxstat(1, 7, 0x2b5e97053b50, -1) = 0
9578   0.001147 libjvm.so->fopen(0x2b5e97052b60, 0x2b5e988d6ccb, 4, 0x6f732e70) = 0x2b5e9c057be0
9578   0.000955 libjvm.so->dlopen(0x2b5e97052b60, 1, 0xffffffff, 0x2b5e9c057b00) = 0x2b5e9c057be0
9578   0.000978 libjvm.so->__xstat(1, 0x2b5e97053120, 0x2b5e97053950, 2048) = 0
9578   0.000303 libjvm.so->__xstat(1, 0x2b5e97053120, 0x2b5e97053950, 2048) = 0
9578   0.000273 libjvm.so->__xstat(1, 0x2b5e97053120, 0x2b5e97053950, 2048) = -1
9578   0.000289 libjvm.so->__xstat(1, 0x2b5e97053120, 0x2b5e97053950, 2048) = 0
9578   0.000294 libjvm.so->__xstat(1, 0x2b5e97053120, 0x2b5e97053950, 2048) = 0
9578   0.000293 libjvm.so->__xstat(1, 0x2b5e97053120, 0x2b5e97053950, 2048) = 0
9578   0.000337 libjvm.so->__xstat(1, 0x2b5e97053120, 0x2b5e97053950, 2048) = 0
9578   0.000292 libjvm.so->__xstat(1, 0x2b5e97053120, 0x2b5e97053950, 2048) = -1
9578   0.000281 libjvm.so->fopen(0x2b5e9c002520, 0x2b5e988d6ccb, 0, 0) = 0x2b5e9c058a80
9578   0.005769 libjvm.so->open64(0x2b5e97052410, 0, 0, 16) = 3
9578   0.000350 libjvm.so->__fxstat64(1, 3, 0x2b5e97052240, -1) = 0
9578   0.023308 libjvm.so->__xstat(1, 0x2b5e97052f20, 0x2b5e97053750, 2048) = -1
9578   0.000365 libjvm.so->fopen(0x2b5e97051b20, 0x2b5e988d6ccb, 4009, 3994) = 0x2b5e9c0b5ec0
9578   0.000473 libjvm.so->fopen(0x2b5e97051b20, 0x2b5e988d6ccb, 4009, 3994) = 0x2b5e9c0b5ec0
9578   0.000455 libjvm.so->fopen(0x2b5e97051b20, 0x2b5e988d6ccb, 4009, 4002) = 0x2b5e9c0b5ec0
9578   0.002900 libjvm.so->pthread_attr_setdetachstate(0x2b5e97053c00, 1, 0, 0) = 0
9578   0.000357 libpthread.so.0->__clone(0x2b5e97140de0, 0x2b5e9bff3fc0, 0x3d0f00, 0x2b5e9bff4700) = 9579
9578   0.010062 libjvm.so->pthread_attr_setdetachstate(0x2b5e97053290, 1, 0, 0) = 0
9578   0.000451 libpthread.so.0->__clone(0x2b5e97140de0, 0x2b5eafad0fc0, 0x3d0f00, 0x2b5eafad1700) = 9580
9578   0.004744 libjvm.so->pthread_attr_setdetachstate(0x2b5e97053610, 1, 0, 0) = 0
9578   0.000511 libpthread.so.0->__clone(0x2b5e97140de0, 0x2b5eafbd1fc0, 0x3d0f00, 0x2b5eafbd2700) = 9581
9578   0.028954 libjvm.so->fopen(0x2b5e9c0ec390, 0x2b5e988d6ccb, 4, 0x6f732e70) = 0x2b5e9c0f1cd0
9578   0.002079 libjvm.so->dlopen(0x2b5e9c0ec390, 1, 0xffffffff, 0x2b5e9c0ec200) = 0x2b5e9c057be0
9578   0.004196 libjvm.so->open64(0x2b5e97052510, 0, 0, 16) = 5
9578   0.000656 libjvm.so->__fxstat64(1, 5, 0x2b5e97052340, -1) = 0
9578   0.017395 libjvm.so->fopen(0x2b5e9704f130, 0x2b5e988d6ccb, 4009, 3994) = 0x2b5e9c0fcc60
9578   0.000795 libjvm.so->fopen(0x2b5e9704f130, 0x2b5e988d6ccb, 4009, 3994) = 0x2b5e9c0fcc60
9578   0.000952 libjvm.so->fopen(0x2b5e9704f130, 0x2b5e988d6ccb, 4009, 4002) = 0x2b5e9c0fcc60
9578   0.010417 libjvm.so->pthread_attr_setdetachstate(0x2b5e97053b50, 1, 0, 0) = 0
9578   0.000670 libpthread.so.0->__clone(0x2b5e97140de0, 0x2b5eafcd2fc0, 0x3d0f00, 0x2b5eafcd3700) = 9582
9578   0.000946 libjvm.so->__xstat64(1, 0x2b5e97053be0, 0x2b5e97053b50, 18) = -1
9578   0.000782 libjvm.so->pthread_attr_setdetachstate(0x2b5e97053950, 1, 0, 0) = 0
9578   0.000898 libpthread.so.0->__clone(0x2b5e97140de0, 0x2b5eafdd3fc0, 0x3d0f00, 0x2b5eafdd4700) = 9583
9578   0.001242 libjvm.so->pthread_attr_setdetachstate(0x2b5e97053950, 1, 0, 0) = 0
9578   0.000835 libpthread.so.0->__clone(0x2b5e97140de0, 0x2b5eafed4fc0, 0x3d0f00, 0x2b5eafed5700) = 9584
9578   0.005864 libjvm.so->pthread_attr_setdetachstate(0x2b5e97053aa0, 1, 0, 0) = 0
9578   0.000935 libpthread.so.0->__clone(0x2b5e97140de0, 0x2b5eaffd5fc0, 0x3d0f00, 0x2b5eaffd6700) = 9585
9578   0.001407 libjvm.so->pthread_attr_setdetachstate(0x2b5e97053bb0, 1, 0, 0) = 0
9578   0.001093 libpthread.so.0->__clone(0x2b5e97140de0, 0x2b5ec2642fc0, 0x3d0f00, 0x2b5ec2643700) = 9586
9578   0.010802 libjvm.so->open64(0x2b5e9c128880, 0, 0, 0) = 7
9578   0.001166 libjvm.so->__fxstat64(1, 7, 0x2b5e97050f60, -1) = 0
9578   0.017732 libjvm.so->fopen(0x2b5e9c154730, 0x2b5e988d6ccb, 4, 0x6f732e6f) = 0x2b5e9c1547f0
9578   0.003341 libjvm.so->dlopen(0x2b5e9c154730, 1, 0xffffffff, 0x2b5e9c154700) = 0x2b5e9c1547f0
9578   0.100800 libjvm.so->fopen(0x2b5e9c193ab0, 0x2b5e988d6ccb, 4, 0x6f732e74) = 0x2b5e9c196d60
9578   0.002194 libjvm.so->dlopen(0x2b5e9c193ab0, 1, 0xffffffff, 0x2b5e9c196c00) = 0x2b5e9c1a1110
9578   0.097247 libjvm.so->fopen(0x2b5e9c202120, 0x2b5e988d6ccb, 0x6f732e7373656c, 0x656c646165685f74) = 0x2b5e9c202200
9578   0.002140 libjvm.so->dlopen(0x2b5e9c202120, 1, 0xffffffff, 0x2b5e9c202100) = 0x2b5e9c202200
9578   0.015003 libjvm.so->fopen(0x2b5e9704c990, 0x2b5e988d6ccb, 0x6f732e, 0x6d766a62696c2f72) = 0x2b5e9c20c1c0
9578   0.004676 libjvm.so->dlopen(0x2b5e9704c990, 1, 0xffffffff, 0x2b5e9c20b700) = 0x55ab0df004c0
9578   0.001151 libjvm.so->fopen(0x2b5e9704c990, 0x2b5e988d6ccb, 0x6f732e, 0x6d766a62696c2f72) = 0x2b5e9c20c160
9578   0.003601 libjvm.so->dlopen(0x2b5e9704c990, 1, 0xffffffff, 0x2b5e9c20b700) = 0x55ab0df004c0
9578   0.001105 libjvm.so->fopen(0x2b5e9704c990, 0x2b5e988d6ccb, 0x6f732e, 0x6d766a62696c2f72) = 0x2b5e9c20c160
9578   0.002506 libjvm.so->dlopen(0x2b5e9704c990, 1, 0xffffffff, 0x2b5e9c20b700) = 0x55ab0df004c0
9578   0.001081 libjvm.so->fopen(0x2b5e9704c990, 0x2b5e988d6ccb, 0x6f732e, 0x6d766a62696c2f72) = 0x2b5e9c20c160
9578   0.002896 libjvm.so->dlopen(0x2b5e9704c990, 1, 0xffffffff, 0x2b5e9c20b700) = 0x55ab0df004c0
9578   2.729651 libjvm.so->fopen(0x2b5e97050ec0, 0x2b5e988d6ccb, 111, 0x732e6176) = 0x2b5e9c24a5e0
9578   0.002013 libjvm.so->dlopen(0x2b5e97050ec0, 1, 0xffffffff, 0x2b5e9c249500) = 0x2b5e9c001b10
9578   0.001084 libjvm.so->fopen(0x2b5e97050ec0, 0x2b5e988d6ccb, 111, 0x732e6176) = 0x2b5e9c24a910
9578   0.001812 libjvm.so->dlopen(0x2b5e97050ec0, 1, 0xffffffff, 0x2b5e9c249500) = 0x2b5e9c001b10
9578   0.001078 libjvm.so->fopen(0x2b5e97050ec0, 0x2b5e988d6ccb, 111, 0x732e6176) = 0x2b5e9c24a910
9578   0.001878 libjvm.so->dlopen(0x2b5e97050ec0, 1, 0xffffffff, 0x2b5e9c249500) = 0x2b5e9c001b10
9578   0.001068 libjvm.so->fopen(0x2b5e97050ec0, 0x2b5e988d6ccb, 111, 0x732e6176) = 0x2b5e9c24a910
9578   0.001835 libjvm.so->dlopen(0x2b5e97050ec0, 1, 0xffffffff, 0x2b5e9c249500) = 0x2b5e9c001b10
9586   5.779964 +++ exited (status 0) +++
9582   0.000147 +++ exited (status 0) +++
9579   0.000211 +++ exited (status 0) +++
9578   0.000182 +++ exited (status 0) +++
9585   0.000334 +++ exited (status 0) +++
9583   0.000017 +++ exited (status 0) +++
9581   0.000010 +++ exited (status 0) +++
9580   0.000009 +++ exited (status 0) +++
9584   0.017517 +++ exited (status 0) +++
9573   0.000077 +++ exited (status 0) +++
Wrote an ltrace for command: "java -cp ./tools/maxent.jar density.MaxEnt -s outputs/Heteroconus_peyrierasi_Dechambre.csv -e data/layers/worldclim -o outputs/Heteroconus_peyrierasi_Dechambre nowarnings nocache autorun -z" with PID 9571 from PPID 9550 on disc23.crc.nd.edu with result 0
REMOTEHOST=129.74.154.87
MANPATH=/afs/crc.nd.edu/user/n/nkremerh/cctools/share/man/:/afs/crc.nd.edu/group/ccl/software/x86_64/redhat7/ruby/current/share/man:/afs/crc.nd.edu/group/ccl/software/x86_64/redhat7/graphviz/current/share/man:/afs/crc.nd.edu/group/ccl/software/x86_64/redhat7/gnuplot/current/share/man:/afs/crc.nd.edu/group/ccl/software/x86_64/redhat7/git/current/share/man:/afs/crc.nd.edu/group/ccl/software/x86_64/redhat7/condor/current/share/man:/afs/crc.nd.edu/group/ccl/software/x86_64/redhat7/clang/current/share/man:/afs/crc.nd.edu/group/ccl/software/x86_64/redhat7/condor/current/share/man:/afs/crc.nd.edu/group/ccl/software/x86_64/redhat7/cctools/current/share/man:/afs/crc.nd.edu/group/ccl/software/x86_64/redhat7/cctools/current/share/man:/afs/crc.nd.edu/x86_64_linux/Modules/4.5.0/share/man:/opt/crc/usr/local/man:/opt/sge/man:/usr/share/man/overrides:/usr/share/man:/usr/local/share/man
_CONDOR_JOB_PIDS=
XDG_SESSION_ID=2226
HOSTNAME=disc01.crc.nd.edu
_LMFILES__modshare=/afs/crc.nd.edu/x86_64_linux/Modules/modules/system_modules/CRC_default/1.1:1
MODULEPATH_modshare=/afs/crc.nd.edu/x86_64_linux/Modules/modules/general_software:1:/afs/crc.nd.edu/x86_64_linux/Modules/modules/development_tools_and_libraries:1:/afs/crc.nd.edu/x86_64_linux/Modules/modules/system_modules:1:/afs/crc.nd.edu/x86_64_linux/Modules/current/modulefiles:1:/afs/crc.nd.edu/x86_64_linux/Modules/modules/restricted_software:1:/afs/crc.nd.edu/x86_64_linux/Modules/modules/deprecated_software:1
TERM=xterm-256color
SHELL=/bin/tcsh
HOST=disc01.crc.nd.edu
MODULES_CMD=/afs/crc.nd.edu/x86_64_linux/Modules/4.5.0/libexec/modulecmd.tcl
HISTSIZE=5000
MAKEFLAGS=
SSH_CLIENT=129.74.154.87 57278 22
TMPDIR=/var/condor/execute/dir_4001/worker-213124-4080/t.664/cctools-temp-t.664.8gL6KX
PERL5LIB=/afs/crc.nd.edu/user/n/nkremerh/cctools/lib/perl5/site_perl/5.16.3:/afs/crc.nd.edu/user/n/nkremerh/.perl5/lib/perl5
SGE_CELL=crc
_CONDOR_SCRATCH_DIR=/var/condor/execute/dir_4001
PERL_MB_OPT=--install_base '/afs/crc.nd.edu/user/n/nkremerh/.perl5/'
SSH_TTY=/dev/pts/0
_CONDOR_ANCESTOR_4001=4014:1597419253:950791190
SGE_LOAD_AVG=load_avg
MAKEFLOW_MAX_LOCAL_JOBS=2
GROUP=campus
USER=nkremerh
_CHIRP_DELAYED_UPDATE_PREFIX=Chirp*
HISTFILESIZE=10000
TEMP=/var/condor/execute/dir_4001/worker-213124-4080/t.664/cctools-temp-t.664.8gL6KX
LD_LIBRARY_PATH=/afs/crc.nd.edu/group/ccl/software/x86_64/redhat7/ruby/current/lib:/afs/crc.nd.edu/group/ccl/software/x86_64/redhat7/graphviz/current/lib:/afs/crc.nd.edu/group/ccl/software/x86_64/redhat7/git/current/lib:/afs/crc.nd.edu/group/ccl/software/x86_64/redhat7/condor/current/lib:/afs/crc.nd.edu/group/ccl/software/x86_64/redhat7/clang/current/lib:/afs/crc.nd.edu/group/ccl/software/x86_64/redhat7/condor/current/lib:/afs/crc.nd.edu/group/ccl/software/x86_64/redhat7/cctools/current/lib:/opt/crc/usr/local/lib
BATCH_SYSTEM=HTCondor
MODULES_LMALTNAME=CRC_default/1.1&CRC_default/default&CRC_default
ENV=/afs/crc.nd.edu/x86_64_linux/Modules/4.5.0/init/profile.sh
WORKER_TMPDIR=/var/condor/execute/dir_4001/worker-213124-4080/cache/tmp
HOSTTYPE=x86_64-linux
_CONDOR_HIGHPORT=9999
GLOBUS_GSSAPI_MAX_TLS_PROTOCOL=0
_CONDOR_CHIRP_CONFIG=/var/condor/execute/dir_4001/.chirp.config
MAKELEVEL=1
MFLAGS=
MAIL=/var/spool/mail/nkremerh
PATH=/afs/crc.nd.edu/user/n/nkremerh/cctools/bin:/afs/crc.nd.edu/user/n/nkremerh/miniconda/bin:/afs/crc.nd.edu/group/ccl/software/git:/afs/crc.nd.edu/user/n/nkremerh/.local/bin:/afs/crc.nd.edu/group/ccl/software/x86_64/redhat7/povray/3.7/bin:/afs/crc.nd.edu/user/n/nkremerh/.perl5/bin:/afs/crc.nd.edu/user/n/nkremerh/pegasus/bin:/afs/crc.nd.edu/user/n/nkremerh/nodejs/bin:/afs/crc.nd.edu/user/n/nkremerh/montage/bin:/afs/crc.nd.edu/user/n/nkremerh/latexdiff:/afs/crc.nd.edu/user/n/nkremerh/envtrace:/afs/crc.nd.edu/user/n/nkremerh/endlines:/afs/crc.nd.edu/user/n/nkremerh/cctools/bin:/afs/crc.nd.edu/user/n/nkremerh/.cargo/bin:/afs/crc.nd.edu/group/ccl/software/x86_64/redhat7/ruby/current/bin:/afs/crc.nd.edu/group/ccl/software/x86_64/redhat7/graphviz/current/bin:/afs/crc.nd.edu/group/ccl/software/x86_64/redhat7/gnuplot/current/bin:/afs/crc.nd.edu/group/ccl/software/x86_64/redhat7/git/current/bin:/afs/crc.nd.edu/group/ccl/software/x86_64/redhat7/condor/current/sbin:/afs/crc.nd.edu/group/ccl/software/x86_64/redhat7/condor/current/bin:/afs/crc.nd.edu/group/ccl/software/x86_64/redhat7/cmake/current/bin:/afs/crc.nd.edu/group/ccl/software/x86_64/redhat7/clang/current/bin:/afs/crc.nd.edu/group/ccl/software/x86_64/redhat7/condor/current/sbin:/afs/crc.nd.edu/group/ccl/software/x86_64/redhat7/condor/current/bin:/afs/crc.nd.edu/group/ccl/software/x86_64/redhat7/cctools/current/bin:/afs/crc.nd.edu/x86_64_linux/Modules/4.5.0/bin:/opt/crc/usr/local/bin:/opt/sge/bin/lx-amd64:/usr/local/bin:/usr/bin:/usr/local/sbin:/usr/sbin:/afs/crc.nd.edu/user/c/condor/software/bin:/afs/crc.nd.edu/user/c/condor/software/sbin
CCLSOFTWARE=/afs/crc.nd.edu/group/ccl/software/x86_64/redhat7
PWD=/var/condor/execute/dir_4001/worker-213124-4080/t.664
_LMFILES_=/afs/crc.nd.edu/x86_64_linux/Modules/modules/system_modules/CRC_default/1.1
EDITOR=vim
SGE_EXECD_PORT=6445
LANG=en_US.UTF-8
SGE_QMASTER_PORT=6444
MODULEPATH=/afs/crc.nd.edu/x86_64_linux/Modules/modules/development_tools_and_libraries:/afs/crc.nd.edu/x86_64_linux/Modules/modules/general_software:/afs/crc.nd.edu/x86_64_linux/Modules/modules/restricted_software:/afs/crc.nd.edu/x86_64_linux/Modules/modules/system_modules:/afs/crc.nd.edu/x86_64_linux/Modules/modules/deprecated_software:/afs/crc.nd.edu/x86_64_linux/Modules/current/modulefiles
LOADEDMODULES=CRC_default/1.1
SGE_ROOT=/opt/sge
CCLPLATFORM=x86_64/redhat7
_CONDOR_SLOT=slot2_1
WORK_QUEUE_SANDBOX=/var/condor/execute/dir_4001/worker-213124-4080
USE_SYSTEMD=true
_CONDOR_LOWPORT=9100
HISTCONTROL=ignoreboth:erasedups
KRB5CCNAME=FILE:/tmp/krb5cc_213124_jfvfni
GLOBUS_GSSAPI_NAME_COMPATIBILITY=STRICT_RFC2818
HOME=disc01.crc.nd.edu
SHLVL=6
PATH_modshare=/opt/crc/usr/local/bin:1:/opt/sge/bin/lx-amd64:1:/usr/sbin:1:/usr/bin:1:/afs/crc.nd.edu/user/c/condor/software/sbin:1:/usr/local/sbin:1:/afs/crc.nd.edu/user/c/condor/software/bin:1:/usr/local/bin:1
OSTYPE=linux
_CONDOR_MACHINE_AD=/var/condor/execute/dir_4001/.machine.ad
GREP_OPTIONS=--color=auto
DISK=18250
GLOBUS_GSSAPI_MIN_TLS_PROTOCOL=TLS1_VERSION
MANPATH_modshare=/usr/share/man/overrides:1:/usr/local/share/man:1:/usr/share/man:1:/opt/crc/usr/local/man:1:/opt/sge/man:1
MEMORY=1948
PERL_LOCAL_LIB_ROOT=/afs/crc.nd.edu/user/n/nkremerh/.perl5/
BASH_ENV=/afs/crc.nd.edu/x86_64_linux/Modules/4.5.0/init/bash
VENDOR=unknown
TMP=/var/condor/execute/dir_4001/worker-213124-4080/t.664/cctools-temp-t.664.8gL6KX
LOGNAME=nkremerh
MACHTYPE=x86_64
CCLHOME=/afs/crc.nd.edu/group/ccl
PYTHONPATH=/afs/crc.nd.edu/user/n/nkremerh/cctools/lib/python3.6/site-packages/
LD_LIBRARY_PATH_modshare=/opt/crc/usr/local/lib:1
SSH_CONNECTION=129.74.154.87 57278 129.74.128.103 22
MODULES_LMALTNAME_modshare=CRC_default/1.1&CRC_default/default&CRC_default:1
MODULESHOME=/afs/crc.nd.edu/x86_64_linux/Modules/4.5.0
_CONDOR_ANCESTOR_3431=3600:1596369936:4201989267
GLOBUS_GSSAPI_CIPHERS=HIGH
GLOBUS_GSSAPI_BACKWARD_COMPATIBLE_MIC=true
LESSOPEN=||/usr/bin/lesspipe.sh %s
OMP_NUM_THREADS=1
_CONDOR_JOB_AD=/var/condor/execute/dir_4001/.job.ad
LOADEDMODULES_modshare=CRC_default/1.1:1
_CONDOR_ANCESTOR_3600=4001:1597419250:2275575006
XDG_RUNTIME_DIR=/run/user/213124
SGE_CLUSTER_NAME=CRC
CCTOOLS=../cctools
CORES=2
_CONDOR_JOB_IWD=/var/condor/execute/dir_4001
PERL_MM_OPT=INSTALL_BASE=/afs/crc.nd.edu/user/n/nkremerh/.perl5/
GLOBUS_GSSAPI_SERVER_CIPHER_ORDER=true
BASH_FUNC_module()=() {  unset _mlshdbg;
 if [ "${MODULES_SILENT_SHELL_DEBUG:-0}" = '1' ]; then
 case "$-" in 
 *v*x*)
 set +vx;
 _mlshdbg='vx'
 ;;
 *v*)
 set +v;
 _mlshdbg='v'
 ;;
 *x*)
 set +x;
 _mlshdbg='x'
 ;;
 *)
 _mlshdbg=''
 ;;
 esac;
 fi;
 unset _mlre _mlIFS;
 if [ -n "${IFS+x}" ]; then
 _mlIFS=$IFS;
 fi;
 IFS=' ';
 for _mlv in ${MODULES_RUN_QUARANTINE:-};
 do
 if [ "${_mlv}" = "${_mlv##*[!A-Za-z0-9_]}" -a "${_mlv}" = "${_mlv#[0-9]}" ]; then
 if [ -n "`eval 'echo ${'$_mlv'+x}'`" ]; then
 _mlre="${_mlre:-}${_mlv}_modquar='`eval 'echo ${'$_mlv'}'`' ";
 fi;
 _mlrv="MODULES_RUNENV_${_mlv}";
 _mlre="${_mlre:-}${_mlv}='`eval 'echo ${'$_mlrv':-}'`' ";
 fi;
 done;
 if [ -n "${_mlre:-}" ]; then
 eval `eval ${_mlre}/usr/bin/tclsh /afs/crc.nd.edu/x86_64_linux/Modules/4.5.0/libexec/modulecmd.tcl bash '"$@"'`;
 else
 eval `/usr/bin/tclsh /afs/crc.nd.edu/x86_64_linux/Modules/4.5.0/libexec/modulecmd.tcl bash "$@"`;
 fi;
 _mlstatus=$?;
 if [ -n "${_mlIFS+x}" ]; then
 IFS=$_mlIFS;
 else
 unset IFS;
 fi;
 unset _mlre _mlv _mlrv _mlIFS;
 if [ -n "${_mlshdbg:-}" ]; then
 set -$_mlshdbg;
 fi;
 unset _mlshdbg;
 return $_mlstatus
}
BASH_FUNC_ml()=() {  module ml "$@"
}
_=/usr/bin/printenv
