30393   0.000000 libjli.so->getenv("_JAVA_LAUNCHER_DEBUG") = nil
30393   0.001775 libjli.so->getenv("_JAVA_VERSION_SET") = nil
30393   0.000742 libjli.so->fopen("/usr/lib/jvm/java-1.8.0-openjdk-1.8.0.262.b10-0.el7_8.x86_64/jre/lib/amd64/jvm.cfg", "r") = 0x55b2866670f0
30393   0.000806 libjli.so->getenv("JDK_ALTERNATE_VM") = nil
30393   0.000307 libjli.so->__xstat(1, "/usr/lib/jvm/java-1.8.0-openjdk-1.8.0.262.b10-0.el7_8.x86_64/jre/lib/amd64/server/libjvm.so", 0x7ffe26ab68d0) = 0
30393   0.000623 libjli.so->getenv("LD_LIBRARY_PATH") = "/afs/crc.nd.edu/group/ccl/software/x86_64/redhat7/ruby/current/lib:/afs/crc.nd.edu/group/ccl/software/x86_64/redhat7/graphviz/current/lib:/afs/crc.nd.edu/group/ccl/software/x86_64/redhat7/git/current/lib:/afs/crc.nd.edu/group/ccl/software/x86_64/redhat7/condor/current/lib:/afs/crc.nd.edu/group/ccl/software/x86_64/redhat7/clang/current/lib:/afs/crc.nd.edu/group/ccl/software/x86_64/redhat7/condor/current/lib:/afs/crc.nd.edu/group/ccl/software/x86_64/redhat7/cctools/current/lib:/opt/crc/usr/local/lib"
30393   0.002203 libjli.so->dlopen("/usr/lib/jvm/java-1.8.0-openjdk-1.8.0.262.b10-0.el7_8.x86_64/jre/lib/amd64/server/libjvm.so", 258 <unfinished ...>
30393   0.040496 libjvm.so->getenv("NMT_LEVEL_30393") = nil
30393   0.001735 <... dlopen resumed> )          = 0x55b2866674c0
30393   0.000074 libjli.so->getenv("CLASSPATH")  = nil
30393   0.000320 libjli.so->getenv("_JAVA_SPLASH_JAR") = nil
30393   0.000301 libjli.so->getenv("_JAVA_SPLASH_FILE") = nil
30393   0.000306 libjli.so->pthread_attr_setdetachstate(0x7ffe26ab6880, 0, 0x7ffe26ab6910, 0) = 0
30393   0.000545 libpthread.so.0->__clone(0x2b549de0cde0, 0x2b549dd1ffc0, 0x3d0f00, 0x2b549dd20700) = 0x76ba
30394   0.001917 libjvm.so->dlopen(0x2b549f5eb9ae, 1, 0xfffffffffff42c48, 4096) = 0x2b54a4000990
30394   0.002455 libjvm.so->getenv(0x2b549f60683e, 0, 115, 0x65737361) = 0x7ffe26abd711
30394   0.000449 libjvm.so->fopen(0x2b549dd1ec10, 0x2b549f5a2ccb, 0x6f732e79666972, 0x2b549e6e4ab0) = 0x2b54a4001440
30394   0.001332 libjvm.so->dlopen(0x2b549dd1ec10, 1, 0xffffffff, 0x2b54a4002b00) = 0x2b54a4001440
30394   0.001463 libjvm.so->fopen(0x2b549dd1ec10, 0x2b549f5a2ccb, 111, 0x732e6176) = 0x2b54a4001b10
30394   0.001616 libjvm.so->dlopen(0x2b549dd1ec10, 1, 0xffffffff, 0x2b54a4001a00) = 0x2b54a4001b10
30394   0.001612 libjvm.so->__xstat(1, 0x2b549dd1f360, 0x2b549dd1fba0, 0x746f7073746f682e) = -1
30394   0.000476 libjvm.so->getenv(0x2b549f59b541, 0x2b549dd1f6d0, 1024, 0x2b549fa5561b) = 0
30394   0.000439 libjvm.so->getenv(0x2b549f59b533, 0x2b549dd1f6d0, 1024, 0) = 0
30394   0.000539 libjvm.so->fopen(0x2b549f5eb315, 0x2b549f5a2ccb, 4095, 0xffffd4ab60a64b03) = 0x2b54a4003290
30394   0.001177 libjvm.so->fopen(0x2b549f5eb361, 0x2b549f5a2ccb, 0x2b54a4000078, 0x2b54a4003280) = 0x2b54a4003290
30394   0.000711 libjvm.so->fopen(0x2b549dd199b0, 0x2b549f5a2ccb, 4016, 3997) = 0x2b54a4003290
30394   0.000646 libjvm.so->opendir(0x2b54a4002b40, 0x2b54a4002b40, 13, 16) = 0
30394   0.000467 libjvm.so->__xstat(1, 0x2b549dd1e8f0, 0x2b549dd1d860, 0x6f732e7477616d62) = -1
30394   0.000425 libjvm.so->__xstat(1, 0x2b549dd1e8f0, 0x2b549dd1d860, 0x5f74776162696c2f) = 0
30394   0.000505 libjvm.so->fopen(0x2b549dd1db90, 0x2b549f5a2ccb, 4011, 3996) = 0x2b54a4003770
30394   0.000589 libjvm.so->fopen(0x2b549dd1db90, 0x2b549f5a2ccb, 4011, 3996) = 0x2b54a4003770
30394   0.000618 libjvm.so->fopen(0x2b549dd1db90, 0x2b549f5a2ccb, 4011, 4004) = 0x2b54a4003770
30394   0.000668 libjvm.so->fopen(0x2b549dd1db20, 0x2b549f5a2ccb, 4011, 3996) = 0x2b54a4003770
30394   0.000584 libjvm.so->fopen(0x2b549dd1db20, 0x2b549f5a2ccb, 4011, 3996) = 0x2b54a4003770
30394   0.000613 libjvm.so->fopen(0x2b549dd1db20, 0x2b549f5a2ccb, 4011, 4004) = 0x2b54a4003770
30394   0.000635 libjvm.so->fopen(0x2b549dd1db50, 0x2b549f5a2ccb, 4016, 3997) = 0x2b54a4003770
30394   0.000810 libjvm.so->getenv(0x2b549f5ec0ff, 4096, 3, -1) = 0
30394   0.000905 libjvm.so->fopen(0x2b549f5eb998, 0x2b549f5a2ccb, 0x2b549de03908, 0x2b549de02df0) = 0x2b54a4003770
30394   0.004786 libjvm.so->open(0x2b54a404a560, 0x20000, 0, 0x2b54a404a5a9) = 3
30394   0.000558 libjvm.so->__fxstat(1, 3, 0x2b549dd1fa00, -1) = 0
30394   0.000503 libjvm.so->opendir(0x2b54a404a560, 0x2b549dd1fa00, 0x4000, -1) = 0x2b54a404b470
30394   0.000548 libjvm.so->__fxstat(1, 3, 0x2b549dd1f8a0, 0x2b54a404b470) = 0
30394   0.000446 libjvm.so->__fxstat(1, 5, 0x2b549dd1f930, -1) = 0
30394   0.000599 libjvm.so->open(0x2b549f5b99dc, 0, 0, 0) = 3
30394   0.000680 libjvm.so->__lxstat(1, 0x2b54a404a560, 0x2b549dd1fb50, -144) = 0
30394   0.000483 libjvm.so->open(0x2b54a404a560, 0x20000, 0x4000, -1) = 3
30394   0.000416 libjvm.so->__fxstat(1, 3, 0x2b549dd1fa00, -1) = 0
30394   0.000489 libjvm.so->opendir(0x2b54a404a560, 0x2b549dd1fa00, 0x4000, -1) = 0x2b54a404b470
30394   0.000424 libjvm.so->__fxstat(1, 3, 0x2b549dd1f8a0, 0x2b54a404b470) = 0
30394   0.000497 libjvm.so->__fxstat(1, 5, 0x2b549dd1f930, -1) = 0
30394   0.000443 libjvm.so->open(0x2b549f5b99dc, 0, 0, 0) = 3
30394   0.000493 libjvm.so->open(0x2b54a404a5a9, 0x20042, 384, -1) = 7
30394   0.000607 libjvm.so->__fxstat(1, 7, 0x2b549dd1fb50, -1) = 0
30394   0.001679 libjvm.so->fopen(0x2b549dd1eb60, 0x2b549f5a2ccb, 4, 0x6f732e70) = 0x2b54a4057bc0
30394   0.001402 libjvm.so->dlopen(0x2b549dd1eb60, 1, 0xffffffff, 0x2b54a4057b00) = 0x2b54a4057bc0
30394   0.001460 libjvm.so->__xstat(1, 0x2b549dd1f120, 0x2b549dd1f950, 2048) = 0
30394   0.000429 libjvm.so->__xstat(1, 0x2b549dd1f120, 0x2b549dd1f950, 2048) = 0
30394   0.000522 libjvm.so->__xstat(1, 0x2b549dd1f120, 0x2b549dd1f950, 2048) = -1
30394   0.000450 libjvm.so->__xstat(1, 0x2b549dd1f120, 0x2b549dd1f950, 2048) = 0
30394   0.000599 libjvm.so->__xstat(1, 0x2b549dd1f120, 0x2b549dd1f950, 2048) = 0
30394   0.000456 libjvm.so->__xstat(1, 0x2b549dd1f120, 0x2b549dd1f950, 2048) = 0
30394   0.000569 libjvm.so->__xstat(1, 0x2b549dd1f120, 0x2b549dd1f950, 2048) = 0
30394   0.000419 libjvm.so->__xstat(1, 0x2b549dd1f120, 0x2b549dd1f950, 2048) = -1
30394   0.000529 libjvm.so->fopen(0x2b54a4002520, 0x2b549f5a2ccb, 0, 0) = 0x2b54a4058a60
30394   0.008862 libjvm.so->open64(0x2b549dd1e410, 0, 0, 16) = 3
30394   0.000508 libjvm.so->__fxstat64(1, 3, 0x2b549dd1e240, -1) = 0
30394   0.036144 libjvm.so->__xstat(1, 0x2b549dd1ef20, 0x2b549dd1f750, 2048) = -1
30394   0.000605 libjvm.so->fopen(0x2b549dd1db20, 0x2b549f5a2ccb, 4011, 3996) = 0x2b54a40b5e20
30394   0.000703 libjvm.so->fopen(0x2b549dd1db20, 0x2b549f5a2ccb, 4011, 3996) = 0x2b54a40b5e20
30394   0.000619 libjvm.so->fopen(0x2b549dd1db20, 0x2b549f5a2ccb, 4011, 4004) = 0x2b54a40b5e20
30394   0.004511 libjvm.so->pthread_attr_setdetachstate(0x2b549dd1fc00, 1, 0, 0) = 0
30394   0.000548 libpthread.so.0->__clone(0x2b549de0cde0, 0x2b54a3690fc0, 0x3d0f00, 0x2b54a3691700) = 0x76bf
30394   0.015441 libjvm.so->pthread_attr_setdetachstate(0x2b549dd1f290, 1, 0, 0) = 0
30394   0.000667 libpthread.so.0->__clone(0x2b549de0cde0, 0x2b54a3791fc0, 0x3d0f00, 0x2b54a3792700) = 0x76c2
30394   0.007112 libjvm.so->pthread_attr_setdetachstate(0x2b549dd1f610, 1, 0, 0) = 0
30394   0.000827 libpthread.so.0->__clone(0x2b549de0cde0, 0x2b54a3892fc0, 0x3d0f00, 0x2b54a3893700) = 0x76c3
30394   0.039811 libjvm.so->fopen(0x2b54a40e9130, 0x2b549f5a2ccb, 4, 0x6f732e70) = 0x2b54a40f1c70
30394   0.001967 libjvm.so->dlopen(0x2b54a40e9130, 1, 0xffffffff, 0x2b54a40ec300) = 0x2b54a4057bc0
30394   0.005015 libjvm.so->open64(0x2b549dd1e510, 0, 0, 16) = 5
30394   0.000920 libjvm.so->__fxstat64(1, 5, 0x2b549dd1e340, -1) = 0
30394   0.019497 libjvm.so->fopen(0x2b549dd1b130, 0x2b549f5a2ccb, 4011, 3996) = 0x2b54a40fcbc0
30394   0.001212 libjvm.so->fopen(0x2b549dd1b130, 0x2b549f5a2ccb, 4011, 3996) = 0x2b54a40fcbc0
30394   0.001111 libjvm.so->fopen(0x2b549dd1b130, 0x2b549f5a2ccb, 4011, 4004) = 0x2b54a40fcbc0
30394   0.016303 libjvm.so->pthread_attr_setdetachstate(0x2b549dd1fb50, 1, 0, 0) = 0
30394   0.000980 libpthread.so.0->__clone(0x2b549de0cde0, 0x2b54a3993fc0, 0x3d0f00, 0x2b54a3994700) = 0x76c4
30394   0.001555 libjvm.so->__xstat64(1, 0x2b549dd1fbe0, 0x2b549dd1fb50, 19) = -1
30394   0.001577 libjvm.so->pthread_attr_setdetachstate(0x2b549dd1f950, 1, 0, 0) = 0
30394   0.001184 libpthread.so.0->__clone(0x2b549de0cde0, 0x2b54a3a94fc0, 0x3d0f00, 0x2b54a3a95700) = 0x76c5
30394   0.001853 libjvm.so->pthread_attr_setdetachstate(0x2b549dd1f950, 1, 0, 0) = 0
30394   0.001303 libpthread.so.0->__clone(0x2b549de0cde0, 0x2b54a3b95fc0, 0x3d0f00, 0x2b54a3b96700) = 0x76c6
30394   0.010784 libjvm.so->pthread_attr_setdetachstate(0x2b549dd1faa0, 1, 0, 0) = 0
30394   0.001473 libpthread.so.0->__clone(0x2b549de0cde0, 0x2b54a3c96fc0, 0x3d0f00, 0x2b54a3c97700) = 0x76c7
30394   0.003350 libjvm.so->pthread_attr_setdetachstate(0x2b549dd1fbb0, 1, 0, 0) = 0
30394   0.001662 libpthread.so.0->__clone(0x2b549de0cde0, 0x2b54a3d97fc0, 0x3d0f00, 0x2b54a3d98700) = 0x76c8
30394   0.018072 libjvm.so->open64(0x2b54a413e940, 0, 0, 0) = 7
30394   0.001838 libjvm.so->__fxstat64(1, 7, 0x2b549dd1cf60, -1) = 0
30394   0.029479 libjvm.so->fopen(0x2b54a41645e0, 0x2b549f5a2ccb, 4, 0x6f732e6f) = 0x2b54a41646a0
30394   0.005365 libjvm.so->dlopen(0x2b54a41645e0, 1, 0xffffffff, 0x2b54a4164600) = 0x2b54a41646a0
30394   0.144081 libjvm.so->fopen(0x2b54a41a4df0, 0x2b549f5a2ccb, 4, 0x6f732e74) = 0x2b54a41a29f0
30394   0.004199 libjvm.so->dlopen(0x2b54a41a4df0, 1, 0xffffffff, 0x2b54a41a5700) = 0x2b54a41b7dc0
30394   0.141226 libjvm.so->fopen(0x2b54a4230f30, 0x2b549f5a2ccb, 0x6f732e7373656c, 0x656c646165685f74) = 0x2b54a4230fa0
30394   0.002855 libjvm.so->dlopen(0x2b54a4230f30, 1, 0xffffffff, 0x2b54a4230000) = 0x2b54a4230fa0
30394   0.018771 libjvm.so->fopen(0x2b549dd18990, 0x2b549f5a2ccb, 0x6f732e, 0x6d766a62696c2f72) = 0x2b54a423ae60
30394   0.006000 libjvm.so->dlopen(0x2b549dd18990, 1, 0xffffffff, 0x2b54a423a400) = 0x55b2866674c0
30394   0.001721 libjvm.so->fopen(0x2b549dd18990, 0x2b549f5a2ccb, 0x6f732e, 0x6d766a62696c2f72) = 0x2b54a423ae00
30394   0.004933 libjvm.so->dlopen(0x2b549dd18990, 1, 0xffffffff, 0x2b54a423a400) = 0x55b2866674c0
30394   0.001647 libjvm.so->fopen(0x2b549dd18990, 0x2b549f5a2ccb, 0x6f732e, 0x6d766a62696c2f72) = 0x2b54a423ae00
30394   0.003497 libjvm.so->dlopen(0x2b549dd18990, 1, 0xffffffff, 0x2b54a423a400) = 0x55b2866674c0
30394   0.001654 libjvm.so->fopen(0x2b549dd18990, 0x2b549f5a2ccb, 0x6f732e, 0x6d766a62696c2f72) = 0x2b54a423ae00
30394   0.003467 libjvm.so->dlopen(0x2b549dd18990, 1, 0xffffffff, 0x2b54a423a400) = 0x55b2866674c0
30394   0.306711 libjvm.so->fopen(0x2b549dd1ced0, 0x2b549f5a2ccb, 111, 0x732e6176) = 0x2b54a42559f0
30394   0.004517 libjvm.so->dlopen(0x2b549dd1ced0, 1, 0xffffffff, 0x2b54a4255900) = 0x2b54a4001b10
30394   0.001740 libjvm.so->fopen(0x2b549dd1ced0, 0x2b549f5a2ccb, 111, 0x732e6176) = 0x2b54a4255aa0
30394   0.003021 libjvm.so->dlopen(0x2b549dd1ced0, 1, 0xffffffff, 0x2b54a4255900) = 0x2b54a4001b10
30394   0.001726 libjvm.so->fopen(0x2b549dd1ced0, 0x2b549f5a2ccb, 111, 0x732e6176) = 0x2b54a4255aa0
30394   0.003167 libjvm.so->dlopen(0x2b549dd1ced0, 1, 0xffffffff, 0x2b54a4255900) = 0x2b54a4001b10
30394   0.001670 libjvm.so->fopen(0x2b549dd1ced0, 0x2b549f5a2ccb, 111, 0x732e6176) = 0x2b54a4255aa0
30394   0.003134 libjvm.so->dlopen(0x2b549dd1ced0, 1, 0xffffffff, 0x2b54a4255900) = 0x2b54a4001b10
30394   0.032774 libjvm.so->fopen(0x2b549dd1cec0, 0x2b549f5a2ccb, 111, 0x732e6176) = 0x2b54a42895e0
30394   0.003357 libjvm.so->dlopen(0x2b549dd1cec0, 1, 0xffffffff, 0x2b54a427b400) = 0x2b54a4001b10
30394   0.001734 libjvm.so->fopen(0x2b549dd1cec0, 0x2b549f5a2ccb, 111, 0x732e6176) = 0x2b54a42895e0
30394   0.002791 libjvm.so->dlopen(0x2b549dd1cec0, 1, 0xffffffff, 0x2b54a427b400) = 0x2b54a4001b10
30394   0.001728 libjvm.so->fopen(0x2b549dd1cec0, 0x2b549f5a2ccb, 111, 0x732e6176) = 0x2b54a42895e0
30394   0.002971 libjvm.so->dlopen(0x2b549dd1cec0, 1, 0xffffffff, 0x2b54a427b400) = 0x2b54a4001b10
30394   0.001630 libjvm.so->fopen(0x2b549dd1cec0, 0x2b549f5a2ccb, 111, 0x732e6176) = 0x2b54a42895e0
30394   0.002727 libjvm.so->dlopen(0x2b549dd1cec0, 1, 0xffffffff, 0x2b54a427b400) = 0x2b54a4001b10
30394   3.256881 --- SIGSEGV (Segmentation fault) ---
30394   8.369553 libjvm.so->fopen(0x2b549dd199e0, 0x2b549f5a2ccb, 4, 0x6f732e70) = 0x2b54a421eed0
30394   0.001896 libjvm.so->dlopen(0x2b549dd199e0, 1, 0xffffffff, 0x2b54a421ee00) = 0x2b54a4057bc0
30394   0.001165 libjvm.so->fopen(0x2b549dd199e0, 0x2b549f5a2ccb, 4, 0x6f732e70) = 0x2b54a421eed0
30394   0.002086 libjvm.so->dlopen(0x2b549dd199e0, 1, 0xffffffff, 0x2b54a421ee00) = 0x2b54a4057bc0
30394   0.002483 libjvm.so->fopen(0x2b549dd199e0, 0x2b549f5a2ccb, 4, 0x6f732e70) = 0x2b54a421eed0
30394   0.002940 libjvm.so->dlopen(0x2b549dd199e0, 1, 0xffffffff, 0x2b54a421ee00) = 0x2b54a4057bc0
30394   0.001323 libjvm.so->fopen(0x2b549dd199e0, 0x2b549f5a2ccb, 4, 0x6f732e70) = 0x2b54a421eed0
30394   0.001961 libjvm.so->dlopen(0x2b549dd199e0, 1, 0xffffffff, 0x2b54a421ee00) = 0x2b54a4057bc0
30394   0.001203 libjvm.so->fopen(0x2b549dd199e0, 0x2b549f5a2ccb, 4, 0x6f732e70) = 0x2b54a421eed0
30394   0.001704 libjvm.so->dlopen(0x2b549dd199e0, 1, 0xffffffff, 0x2b54a421ed00) = 0x2b54a4057bc0
30394   0.001214 libjvm.so->fopen(0x2b549dd199e0, 0x2b549f5a2ccb, 4, 0x6f732e70) = 0x2b54a421eed0
30394   0.001926 libjvm.so->dlopen(0x2b549dd199e0, 1, 0xffffffff, 0x2b54a421ed00) = 0x2b54a4057bc0
30394   0.001531 libjvm.so->fopen(0x2b549dd199e0, 0x2b549f5a2ccb, 4, 0x6f732e70) = 0x2b54a421eed0
30394   0.001708 libjvm.so->dlopen(0x2b549dd199e0, 1, 0xffffffff, 0x2b54a421ed00) = 0x2b54a4057bc0
30394   0.001043 libjvm.so->fopen(0x2b549dd199e0, 0x2b549f5a2ccb, 4, 0x6f732e70) = 0x2b54a421eed0
30394   0.001919 libjvm.so->dlopen(0x2b549dd199e0, 1, 0xffffffff, 0x2b54a421ed00) = 0x2b54a4057bc0
30394   0.596034 libjvm.so->fopen(0x2b54a42108a0, 0x2b549f5a2ccb, 0x6f732e72656761, 0x6567616e616d746e) = 0x2b54a4210980
30394   0.002037 libjvm.so->dlopen(0x2b54a42108a0, 1, 0xffffffff, 0x2b54a4210900) = 0x2b54a4210980
30394   0.011699 libjvm.so->pthread_attr_setdetachstate(0x2b549dd1bdf0, 1, 0, 0) = 0
30394   0.001098 libpthread.so.0->__clone(0x2b549de0cde0, 0x2b54b7f17fc0, 0x3d0f00, 0x2b54b7f18700) = 0x7751
30394   0.014619 libjvm.so->fopen(0x2b54a4290d30, 0x2b549f5a2ccb, 4, 0x6f732e74) = 0x2b54a429cf20
30394   0.001945 libjvm.so->dlopen(0x2b54a4290d30, 1, 0xffffffff, 0x2b54a4291200) = 0x2b54a4164d40
30394   0.077048 libjvm.so->open64(0x2b549dd1a0c0, 0, 0, 0) = 14
30394   0.001246 libjvm.so->__fxstat64(1, 14, 0x2b549dd19ef0, -1) = 0
30394   0.078371 libjvm.so->fopen(0x2b549dd1bb50, 0x2b549f5a2ccb, 0x6f732e, 0x6d766a62696c2f72) = 0x2b54a432f9e0
30394   0.003925 libjvm.so->dlopen(0x2b549dd1bb50, 1, 0xffffffff, 0x2b54a432f900) = 0x55b2866674c0
30394   0.001853 libjvm.so->fopen(0x2b549dd1bb50, 0x2b549f5a2ccb, 0x6f732e, 0x6d766a62696c2f72) = 0x2b54a432f9e0
30394   0.005400 libjvm.so->dlopen(0x2b549dd1bb50, 1, 0xffffffff, 0x2b54a432f900) = 0x55b2866674c0
30394   0.001218 libjvm.so->fopen(0x2b549dd1bb50, 0x2b549f5a2ccb, 0x6f732e, 0x6d766a62696c2f72) = 0x2b54a435d520
30394   0.002522 libjvm.so->dlopen(0x2b549dd1bb50, 1, 0xffffffff, 0x2b54a432f900) = 0x55b2866674c0
30394   0.001863 libjvm.so->fopen(0x2b549dd1bb50, 0x2b549f5a2ccb, 0x6f732e, 0x6d766a62696c2f72) = 0x2b54a435d520
30394   0.002473 libjvm.so->dlopen(0x2b549dd1bb50, 1, 0xffffffff, 0x2b54a432f900) = 0x55b2866674c0
30394   0.022361 libjvm.so->fopen(0x2b549dd1b6e0, 0x2b549f5a2ccb, 4, 0x6f732e6f) = 0x2b54a435d520
30394   0.002619 libjvm.so->dlopen(0x2b549dd1b6e0, 1, 0xffffffff, 0x2b54a435d700) = 0x2b54a41646a0
30394   0.002386 libjvm.so->fopen(0x2b549dd1b6e0, 0x2b549f5a2ccb, 4, 0x6f732e6f) = 0x2b54a435d520
30394   0.003213 libjvm.so->dlopen(0x2b549dd1b6e0, 1, 0xffffffff, 0x2b54a435d700) = 0x2b54a41646a0
30394   0.001589 libjvm.so->fopen(0x2b549dd1b6e0, 0x2b549f5a2ccb, 4, 0x6f732e6f) = 0x2b54a435d520
30394   0.002584 libjvm.so->dlopen(0x2b549dd1b6e0, 1, 0xffffffff, 0x2b54a435d700) = 0x2b54a41646a0
30394   0.001566 libjvm.so->fopen(0x2b549dd1b6e0, 0x2b549f5a2ccb, 4, 0x6f732e6f) = 0x2b54a435d520
30394   0.002575 libjvm.so->dlopen(0x2b549dd1b6e0, 1, 0xffffffff, 0x2b54a435d700) = 0x2b54a41646a0
30406   0.014187 --- SIGSEGV (Segmentation fault) ---
30394   0.209772 libjvm.so->open64(0x2b54a43cc1f0, 0, 0, 48) = 23
30394   0.003397 libjvm.so->__fxstat64(1, 23, 0x2b549dd1c780, -1) = 0
30394   0.876493 --- SIGSEGV (Segmentation fault) ---
30394  17.155945 --- SIGSEGV (Segmentation fault) ---
30394   0.000797 --- SIGSEGV (Segmentation fault) ---
30394   0.001123 --- SIGSEGV (Segmentation fault) ---
30394   0.000847 --- SIGSEGV (Segmentation fault) ---
30394   0.002167 --- SIGSEGV (Segmentation fault) ---
30408   0.338110 +++ exited (status 0) +++
30406   0.000421 --- SIGSEGV (Segmentation fault) ---
30404   0.000024 +++ exited (status 0) +++
30399   0.012236 +++ exited (status 0) +++
30394   0.000374 +++ exited (status 0) +++
30545   0.000429 +++ exited (status 0) +++
30406   0.000028 +++ exited (status 0) +++
30405   0.000017 +++ exited (status 0) +++
30403   0.000017 +++ exited (status 0) +++
30402   0.000015 +++ exited (status 0) +++
30407   0.036611 +++ exited (status 0) +++
30393   0.000156 +++ exited (status 0) +++
Wrote an ltrace for command: "java -cp ./tools/maxent.jar density.MaxEnt -s outputs/Bombus_balteatus_Dahlbom.csv -e data/layers/worldclim -o outputs/Bombus_balteatus_Dahlbom nowarnings nocache autorun -z" with PID 30391 from PPID 30372 on disc24.crc.nd.edu with result 0
REMOTEHOST=10.17.150.11
MANPATH=/afs/crc.nd.edu/user/n/nkremerh/cctools/share/man/:/afs/crc.nd.edu/group/ccl/software/x86_64/redhat7/ruby/current/share/man:/afs/crc.nd.edu/group/ccl/software/x86_64/redhat7/graphviz/current/share/man:/afs/crc.nd.edu/group/ccl/software/x86_64/redhat7/gnuplot/current/share/man:/afs/crc.nd.edu/group/ccl/software/x86_64/redhat7/git/current/share/man:/afs/crc.nd.edu/group/ccl/software/x86_64/redhat7/condor/current/share/man:/afs/crc.nd.edu/group/ccl/software/x86_64/redhat7/clang/current/share/man:/afs/crc.nd.edu/group/ccl/software/x86_64/redhat7/condor/current/share/man:/afs/crc.nd.edu/group/ccl/software/x86_64/redhat7/cctools/current/share/man:/afs/crc.nd.edu/group/ccl/software/x86_64/redhat7/cctools/current/share/man:/afs/crc.nd.edu/x86_64_linux/Modules/4.5.0/share/man:/opt/crc/usr/local/man:/opt/sge/man:/usr/share/man/overrides:/usr/share/man:/usr/local/share/man
_CONDOR_JOB_PIDS=
XDG_SESSION_ID=4102
HOSTNAME=disc01.crc.nd.edu
_LMFILES__modshare=/afs/crc.nd.edu/x86_64_linux/Modules/modules/system_modules/CRC_default/1.1:1
MODULEPATH_modshare=/afs/crc.nd.edu/x86_64_linux/Modules/modules/general_software:1:/afs/crc.nd.edu/x86_64_linux/Modules/modules/development_tools_and_libraries:1:/afs/crc.nd.edu/x86_64_linux/Modules/modules/system_modules:1:/afs/crc.nd.edu/x86_64_linux/Modules/current/modulefiles:1:/afs/crc.nd.edu/x86_64_linux/Modules/modules/restricted_software:1:/afs/crc.nd.edu/x86_64_linux/Modules/modules/deprecated_software:1
TERM=xterm-256color
SHELL=/bin/tcsh
HOST=disc01.crc.nd.edu
MODULES_CMD=/afs/crc.nd.edu/x86_64_linux/Modules/4.5.0/libexec/modulecmd.tcl
HISTSIZE=5000
MAKEFLAGS=
SSH_CLIENT=10.17.150.11 36546 22
TMPDIR=/var/condor/execute/dir_24616/worker-213124-24653/t.846/cctools-temp-t.846.D4hWdp
_CONDOR_ANCESTOR_24616=24629:1600190003:439760950
PERL5LIB=/afs/crc.nd.edu/user/n/nkremerh/cctools/lib/perl5/site_perl/5.16.3:/afs/crc.nd.edu/user/n/nkremerh/.perl5/lib/perl5
SGE_CELL=crc
_CONDOR_SCRATCH_DIR=/var/condor/execute/dir_24616
_CONDOR_ANCESTOR_3661=24616:1600190001:3585230408
PERL_MB_OPT=--install_base '/afs/crc.nd.edu/user/n/nkremerh/.perl5/'
SSH_TTY=/dev/pts/2
SGE_LOAD_AVG=load_avg
MAKEFLOW_MAX_LOCAL_JOBS=2
GROUP=campus
USER=nkremerh
_CHIRP_DELAYED_UPDATE_PREFIX=Chirp*
HISTFILESIZE=10000
TEMP=/var/condor/execute/dir_24616/worker-213124-24653/t.846/cctools-temp-t.846.D4hWdp
LD_LIBRARY_PATH=/afs/crc.nd.edu/group/ccl/software/x86_64/redhat7/ruby/current/lib:/afs/crc.nd.edu/group/ccl/software/x86_64/redhat7/graphviz/current/lib:/afs/crc.nd.edu/group/ccl/software/x86_64/redhat7/git/current/lib:/afs/crc.nd.edu/group/ccl/software/x86_64/redhat7/condor/current/lib:/afs/crc.nd.edu/group/ccl/software/x86_64/redhat7/clang/current/lib:/afs/crc.nd.edu/group/ccl/software/x86_64/redhat7/condor/current/lib:/afs/crc.nd.edu/group/ccl/software/x86_64/redhat7/cctools/current/lib:/opt/crc/usr/local/lib
BATCH_SYSTEM=HTCondor
MODULES_LMALTNAME=CRC_default/1.1&CRC_default/default&CRC_default
ENV=/afs/crc.nd.edu/x86_64_linux/Modules/4.5.0/init/profile.sh
WORKER_TMPDIR=/var/condor/execute/dir_24616/worker-213124-24653/cache/tmp
HOSTTYPE=x86_64-linux
_CONDOR_HIGHPORT=9999
GLOBUS_GSSAPI_MAX_TLS_PROTOCOL=0
_CONDOR_CHIRP_CONFIG=/var/condor/execute/dir_24616/.chirp.config
MAKELEVEL=1
MFLAGS=
MAIL=/var/spool/mail/nkremerh
PATH=/afs/crc.nd.edu/user/n/nkremerh/cctools/bin:/afs/crc.nd.edu/user/n/nkremerh/miniconda/bin:/afs/crc.nd.edu/group/ccl/software/git:/afs/crc.nd.edu/user/n/nkremerh/.local/bin:/afs/crc.nd.edu/group/ccl/software/x86_64/redhat7/povray/3.7/bin:/afs/crc.nd.edu/user/n/nkremerh/.perl5/bin:/afs/crc.nd.edu/user/n/nkremerh/pegasus/bin:/afs/crc.nd.edu/user/n/nkremerh/nodejs/bin:/afs/crc.nd.edu/user/n/nkremerh/montage/bin:/afs/crc.nd.edu/user/n/nkremerh/latexdiff:/afs/crc.nd.edu/user/n/nkremerh/envtrace:/afs/crc.nd.edu/user/n/nkremerh/endlines:/afs/crc.nd.edu/user/n/nkremerh/cctools/bin:/afs/crc.nd.edu/user/n/nkremerh/.cargo/bin:/afs/crc.nd.edu/group/ccl/software/x86_64/redhat7/ruby/current/bin:/afs/crc.nd.edu/group/ccl/software/x86_64/redhat7/graphviz/current/bin:/afs/crc.nd.edu/group/ccl/software/x86_64/redhat7/gnuplot/current/bin:/afs/crc.nd.edu/group/ccl/software/x86_64/redhat7/git/current/bin:/afs/crc.nd.edu/group/ccl/software/x86_64/redhat7/condor/current/sbin:/afs/crc.nd.edu/group/ccl/software/x86_64/redhat7/condor/current/bin:/afs/crc.nd.edu/group/ccl/software/x86_64/redhat7/cmake/current/bin:/afs/crc.nd.edu/group/ccl/software/x86_64/redhat7/clang/current/bin:/afs/crc.nd.edu/group/ccl/software/x86_64/redhat7/condor/current/sbin:/afs/crc.nd.edu/group/ccl/software/x86_64/redhat7/condor/current/bin:/afs/crc.nd.edu/group/ccl/software/x86_64/redhat7/cctools/current/bin:/afs/crc.nd.edu/x86_64_linux/Modules/4.5.0/bin:/opt/crc/usr/local/bin:/opt/sge/bin/lx-amd64:/usr/local/bin:/usr/bin:/usr/local/sbin:/usr/sbin:/afs/crc.nd.edu/user/c/condor/software/bin:/afs/crc.nd.edu/user/c/condor/software/sbin
CCLSOFTWARE=/afs/crc.nd.edu/group/ccl/software/x86_64/redhat7
_CONDOR_ANCESTOR_3620=3661:1598183993:2394854300
PWD=/var/condor/execute/dir_24616/worker-213124-24653/t.846
_LMFILES_=/afs/crc.nd.edu/x86_64_linux/Modules/modules/system_modules/CRC_default/1.1
EDITOR=vim
SGE_EXECD_PORT=6445
LANG=en_US.UTF-8
SGE_QMASTER_PORT=6444
MODULEPATH=/afs/crc.nd.edu/x86_64_linux/Modules/modules/development_tools_and_libraries:/afs/crc.nd.edu/x86_64_linux/Modules/modules/general_software:/afs/crc.nd.edu/x86_64_linux/Modules/modules/restricted_software:/afs/crc.nd.edu/x86_64_linux/Modules/modules/system_modules:/afs/crc.nd.edu/x86_64_linux/Modules/modules/deprecated_software:/afs/crc.nd.edu/x86_64_linux/Modules/current/modulefiles
LOADEDMODULES=CRC_default/1.1
SGE_ROOT=/opt/sge
CCLPLATFORM=x86_64/redhat7
_CONDOR_SLOT=slot1
WORK_QUEUE_SANDBOX=/var/condor/execute/dir_24616/worker-213124-24653
USE_SYSTEMD=true
_CONDOR_LOWPORT=9100
HISTCONTROL=ignoreboth:erasedups
KRB5CCNAME=FILE:/tmp/krb5cc_213124_DZSV7p
GLOBUS_GSSAPI_NAME_COMPATIBILITY=STRICT_RFC2818
HOME=disc01.crc.nd.edu
SHLVL=6
PATH_modshare=/opt/crc/usr/local/bin:1:/opt/sge/bin/lx-amd64:1:/usr/sbin:1:/usr/bin:1:/afs/crc.nd.edu/user/c/condor/software/sbin:1:/usr/local/sbin:1:/afs/crc.nd.edu/user/c/condor/software/bin:1:/usr/local/bin:1
OSTYPE=linux
_CONDOR_MACHINE_AD=/var/condor/execute/dir_24616/.machine.ad
GREP_OPTIONS=--color=auto
DISK=916206
GLOBUS_GSSAPI_MIN_TLS_PROTOCOL=TLS1_VERSION
MANPATH_modshare=/usr/share/man/overrides:1:/usr/local/share/man:1:/usr/share/man:1:/opt/crc/usr/local/man:1:/opt/sge/man:1
MEMORY=15899
PERL_LOCAL_LIB_ROOT=/afs/crc.nd.edu/user/n/nkremerh/.perl5/
BASH_ENV=/afs/crc.nd.edu/x86_64_linux/Modules/4.5.0/init/bash
VENDOR=unknown
TMP=/var/condor/execute/dir_24616/worker-213124-24653/t.846/cctools-temp-t.846.D4hWdp
LOGNAME=nkremerh
MACHTYPE=x86_64
CCLHOME=/afs/crc.nd.edu/group/ccl
PYTHONPATH=/afs/crc.nd.edu/user/n/nkremerh/cctools/lib/python3.6/site-packages/
LD_LIBRARY_PATH_modshare=/opt/crc/usr/local/lib:1
SSH_CONNECTION=10.17.150.11 36546 129.74.128.103 22
MODULES_LMALTNAME_modshare=CRC_default/1.1&CRC_default/default&CRC_default:1
MODULESHOME=/afs/crc.nd.edu/x86_64_linux/Modules/4.5.0
GLOBUS_GSSAPI_CIPHERS=HIGH
GLOBUS_GSSAPI_BACKWARD_COMPATIBLE_MIC=true
LESSOPEN=||/usr/bin/lesspipe.sh %s
OMP_NUM_THREADS=1
_CONDOR_JOB_AD=/var/condor/execute/dir_24616/.job.ad
LOADEDMODULES_modshare=CRC_default/1.1:1
XDG_RUNTIME_DIR=/run/user/213124
SGE_CLUSTER_NAME=CRC
CCTOOLS=../cctools
CORES=4
_CONDOR_JOB_IWD=/var/condor/execute/dir_24616
PERL_MM_OPT=INSTALL_BASE=/afs/crc.nd.edu/user/n/nkremerh/.perl5/
GLOBUS_GSSAPI_SERVER_CIPHER_ORDER=true
BASH_FUNC_module()=() {  unset _mlshdbg;
 if [ "${MODULES_SILENT_SHELL_DEBUG:-0}" = '1' ]; then
 case "$-" in 
 *v*x*)
 set +vx;
 _mlshdbg='vx'
 ;;
 *v*)
 set +v;
 _mlshdbg='v'
 ;;
 *x*)
 set +x;
 _mlshdbg='x'
 ;;
 *)
 _mlshdbg=''
 ;;
 esac;
 fi;
 unset _mlre _mlIFS;
 if [ -n "${IFS+x}" ]; then
 _mlIFS=$IFS;
 fi;
 IFS=' ';
 for _mlv in ${MODULES_RUN_QUARANTINE:-};
 do
 if [ "${_mlv}" = "${_mlv##*[!A-Za-z0-9_]}" -a "${_mlv}" = "${_mlv#[0-9]}" ]; then
 if [ -n "`eval 'echo ${'$_mlv'+x}'`" ]; then
 _mlre="${_mlre:-}${_mlv}_modquar='`eval 'echo ${'$_mlv'}'`' ";
 fi;
 _mlrv="MODULES_RUNENV_${_mlv}";
 _mlre="${_mlre:-}${_mlv}='`eval 'echo ${'$_mlrv':-}'`' ";
 fi;
 done;
 if [ -n "${_mlre:-}" ]; then
 eval `eval ${_mlre}/usr/bin/tclsh /afs/crc.nd.edu/x86_64_linux/Modules/4.5.0/libexec/modulecmd.tcl bash '"$@"'`;
 else
 eval `/usr/bin/tclsh /afs/crc.nd.edu/x86_64_linux/Modules/4.5.0/libexec/modulecmd.tcl bash "$@"`;
 fi;
 _mlstatus=$?;
 if [ -n "${_mlIFS+x}" ]; then
 IFS=$_mlIFS;
 else
 unset IFS;
 fi;
 unset _mlre _mlv _mlrv _mlIFS;
 if [ -n "${_mlshdbg:-}" ]; then
 set -$_mlshdbg;
 fi;
 unset _mlshdbg;
 return $_mlstatus
}
BASH_FUNC_ml()=() {  module ml "$@"
}
_=/usr/bin/printenv
