28067   0.000000 libjli.so->getenv("_JAVA_LAUNCHER_DEBUG") = nil
28067   0.001778 libjli.so->getenv("_JAVA_VERSION_SET") = nil
28067   0.000768 libjli.so->fopen("/usr/lib/jvm/java-1.8.0-openjdk-1.8.0.262.b10-0.el7_8.x86_64/jre/lib/amd64/jvm.cfg", "r") = 0x5609add780e0
28067   0.000802 libjli.so->getenv("JDK_ALTERNATE_VM") = nil
28067   0.000305 libjli.so->__xstat(1, "/usr/lib/jvm/java-1.8.0-openjdk-1.8.0.262.b10-0.el7_8.x86_64/jre/lib/amd64/server/libjvm.so", 0x7fffca44f790) = 0
28067   0.000620 libjli.so->getenv("LD_LIBRARY_PATH") = "/afs/crc.nd.edu/group/ccl/software/x86_64/redhat7/ruby/current/lib:/afs/crc.nd.edu/group/ccl/software/x86_64/redhat7/graphviz/current/lib:/afs/crc.nd.edu/group/ccl/software/x86_64/redhat7/git/current/lib:/afs/crc.nd.edu/group/ccl/software/x86_64/redhat7/condor/current/lib:/afs/crc.nd.edu/group/ccl/software/x86_64/redhat7/clang/current/lib:/afs/crc.nd.edu/group/ccl/software/x86_64/redhat7/condor/current/lib:/afs/crc.nd.edu/group/ccl/software/x86_64/redhat7/cctools/current/lib:/opt/crc/usr/local/lib"
28067   0.002148 libjli.so->dlopen("/usr/lib/jvm/java-1.8.0-openjdk-1.8.0.262.b10-0.el7_8.x86_64/jre/lib/amd64/server/libjvm.so", 258 <unfinished ...>
28067   0.039029 libjvm.so->getenv("NMT_LEVEL_28067") = nil
28067   0.001677 <... dlopen resumed> )          = 0x5609add784b0
28067   0.000090 libjli.so->getenv("CLASSPATH")  = nil
28067   0.000357 libjli.so->getenv("_JAVA_SPLASH_JAR") = nil
28067   0.000347 libjli.so->getenv("_JAVA_SPLASH_FILE") = nil
28067   0.000337 libjli.so->pthread_attr_setdetachstate(0x7fffca44f740, 0, 0x7fffca44f7d0, 0) = 0
28067   0.000430 libpthread.so.0->__clone(0x2b42c24d3de0, 0x2b42c23e6fc0, 0x3d0f00, 0x2b42c23e7700) = 0x6da4
28068   0.001559 libjvm.so->dlopen(0x2b42c3cb29ae, 1, 0xfffffffffff42c48, 4096) = 0x2b42c8000990
28068   0.002392 libjvm.so->getenv(0x2b42c3ccd83e, 0, 115, 0x65737361) = 0x7fffca4566b4
28068   0.000492 libjvm.so->fopen(0x2b42c23e5c10, 0x2b42c3c69ccb, 0x6f732e79666972, 0x2b42c2dabab0) = 0x2b42c8001440
28068   0.001330 libjvm.so->dlopen(0x2b42c23e5c10, 1, 0xffffffff, 0x2b42c8002b00) = 0x2b42c8001440
28068   0.001382 libjvm.so->fopen(0x2b42c23e5c10, 0x2b42c3c69ccb, 111, 0x732e6176) = 0x2b42c8001b10
28068   0.001554 libjvm.so->dlopen(0x2b42c23e5c10, 1, 0xffffffff, 0x2b42c8001a00) = 0x2b42c8001b10
28068   0.001474 libjvm.so->__xstat(1, 0x2b42c23e6360, 0x2b42c23e6ba0, 0x746f7073746f682e) = -1
28068   0.000456 libjvm.so->getenv(0x2b42c3c62541, 0x2b42c23e66d0, 1024, 0x2b42c411c61b) = 0
28068   0.000426 libjvm.so->getenv(0x2b42c3c62533, 0x2b42c23e66d0, 1024, 0) = 0
28068   0.000481 libjvm.so->fopen(0x2b42c3cb2315, 0x2b42c3c69ccb, 4095, 0xffffd4bd3c39db03) = 0x2b42c80032b0
28068   0.001026 libjvm.so->fopen(0x2b42c3cb2361, 0x2b42c3c69ccb, 0x2b42c8000078, 0x2b42c80032a0) = 0x2b42c80032b0
28068   0.000678 libjvm.so->fopen(0x2b42c23e09b0, 0x2b42c3c69ccb, 4014, 3995) = 0x2b42c80032b0
28068   0.000613 libjvm.so->opendir(0x2b42c8002b40, 0x2b42c8002b40, 13, 16) = 0
28068   0.000449 libjvm.so->__xstat(1, 0x2b42c23e58f0, 0x2b42c23e4860, 0x6f732e7477616d62) = -1
28068   0.000441 libjvm.so->__xstat(1, 0x2b42c23e58f0, 0x2b42c23e4860, 0x5f74776162696c2f) = 0
28068   0.000509 libjvm.so->fopen(0x2b42c23e4b90, 0x2b42c3c69ccb, 4009, 3994) = 0x2b42c8003790
28068   0.000627 libjvm.so->fopen(0x2b42c23e4b90, 0x2b42c3c69ccb, 4009, 3994) = 0x2b42c8003790
28068   0.000599 libjvm.so->fopen(0x2b42c23e4b90, 0x2b42c3c69ccb, 4009, 4002) = 0x2b42c8003790
28068   0.000618 libjvm.so->fopen(0x2b42c23e4b20, 0x2b42c3c69ccb, 4009, 3994) = 0x2b42c8003790
28068   0.000600 libjvm.so->fopen(0x2b42c23e4b20, 0x2b42c3c69ccb, 4009, 3994) = 0x2b42c8003790
28068   0.000592 libjvm.so->fopen(0x2b42c23e4b20, 0x2b42c3c69ccb, 4009, 4002) = 0x2b42c8003790
28068   0.000601 libjvm.so->fopen(0x2b42c23e4b50, 0x2b42c3c69ccb, 4014, 3995) = 0x2b42c8003790
28068   0.000813 libjvm.so->getenv(0x2b42c3cb30ff, 4096, 3, -1) = 0
28068   0.000882 libjvm.so->fopen(0x2b42c3cb2998, 0x2b42c3c69ccb, 0x2b42c24ca908, 0x2b42c24c9df0) = 0x2b42c8003790
28068   0.007038 libjvm.so->open(0x2b42c804a580, 0x20000, 0, 0x2b42c804a5c9) = 3
28068   0.000441 libjvm.so->__fxstat(1, 3, 0x2b42c23e6a00, -1) = 0
28068   0.000504 libjvm.so->opendir(0x2b42c804a580, 0x2b42c23e6a00, 0x4000, -1) = 0x2b42c804b490
28068   0.000465 libjvm.so->__fxstat(1, 3, 0x2b42c23e68a0, 0x2b42c804b490) = 0
28068   0.000461 libjvm.so->__fxstat(1, 5, 0x2b42c23e6930, -1) = 0
28068   0.000449 libjvm.so->open(0x2b42c3c809dc, 0, 0, 0) = 3
28068   0.000649 libjvm.so->__lxstat(1, 0x2b42c804a580, 0x2b42c23e6b50, -144) = 0
28068   0.000449 libjvm.so->open(0x2b42c804a580, 0x20000, 0x4000, -1) = 3
28068   0.000454 libjvm.so->__fxstat(1, 3, 0x2b42c23e6a00, -1) = 0
28068   0.000450 libjvm.so->opendir(0x2b42c804a580, 0x2b42c23e6a00, 0x4000, -1) = 0x2b42c804b490
28068   0.000450 libjvm.so->__fxstat(1, 3, 0x2b42c23e68a0, 0x2b42c804b490) = 0
28068   0.000432 libjvm.so->__fxstat(1, 5, 0x2b42c23e6930, -1) = 0
28068   0.000524 libjvm.so->open(0x2b42c3c809dc, 0, 0, 0) = 3
28068   0.000480 libjvm.so->open(0x2b42c804a5c9, 0x20042, 384, -1) = 7
28068   0.000621 libjvm.so->__fxstat(1, 7, 0x2b42c23e6b50, -1) = 0
28068   0.001695 libjvm.so->fopen(0x2b42c23e5b60, 0x2b42c3c69ccb, 4, 0x6f732e70) = 0x2b42c8057be0
28068   0.001471 libjvm.so->dlopen(0x2b42c23e5b60, 1, 0xffffffff, 0x2b42c8057b00) = 0x2b42c8057be0
28068   0.001378 libjvm.so->__xstat(1, 0x2b42c23e6120, 0x2b42c23e6950, 2048) = 0
28068   0.000486 libjvm.so->__xstat(1, 0x2b42c23e6120, 0x2b42c23e6950, 2048) = 0
28068   0.000419 libjvm.so->__xstat(1, 0x2b42c23e6120, 0x2b42c23e6950, 2048) = -1
28068   0.000424 libjvm.so->__xstat(1, 0x2b42c23e6120, 0x2b42c23e6950, 2048) = 0
28068   0.000417 libjvm.so->__xstat(1, 0x2b42c23e6120, 0x2b42c23e6950, 2048) = 0
28068   0.000415 libjvm.so->__xstat(1, 0x2b42c23e6120, 0x2b42c23e6950, 2048) = 0
28068   0.000464 libjvm.so->__xstat(1, 0x2b42c23e6120, 0x2b42c23e6950, 2048) = 0
28068   0.000417 libjvm.so->__xstat(1, 0x2b42c23e6120, 0x2b42c23e6950, 2048) = -1
28068   0.000461 libjvm.so->fopen(0x2b42c8002520, 0x2b42c3c69ccb, 0, 0) = 0x2b42c8058a80
28068   0.008392 libjvm.so->open64(0x2b42c23e5410, 0, 0, 16) = 3
28068   0.000524 libjvm.so->__fxstat64(1, 3, 0x2b42c23e5240, -1) = 0
28068   0.035614 libjvm.so->__xstat(1, 0x2b42c23e5f20, 0x2b42c23e6750, 2048) = -1
28068   0.000558 libjvm.so->fopen(0x2b42c23e4b20, 0x2b42c3c69ccb, 4009, 3994) = 0x2b42c80b5ec0
28068   0.000707 libjvm.so->fopen(0x2b42c23e4b20, 0x2b42c3c69ccb, 4009, 3994) = 0x2b42c80b5ec0
28068   0.000594 libjvm.so->fopen(0x2b42c23e4b20, 0x2b42c3c69ccb, 4009, 4002) = 0x2b42c80b5ec0
28068   0.004082 libjvm.so->pthread_attr_setdetachstate(0x2b42c23e6c00, 1, 0, 0) = 0
28068   0.000528 libpthread.so.0->__clone(0x2b42c24d3de0, 0x2b42c7d57fc0, 0x3d0f00, 0x2b42c7d58700) = 0x6da6
28068   0.018278 libjvm.so->pthread_attr_setdetachstate(0x2b42c23e6290, 1, 0, 0) = 0
28068   0.000627 libpthread.so.0->__clone(0x2b42c24d3de0, 0x2b42c7e58fc0, 0x3d0f00, 0x2b42c7e59700) = 0x6daa
28068   0.006824 libjvm.so->pthread_attr_setdetachstate(0x2b42c23e6610, 1, 0, 0) = 0
28068   0.000798 libpthread.so.0->__clone(0x2b42c24d3de0, 0x2b42c7f59fc0, 0x3d0f00, 0x2b42c7f5a700) = 0x6dab
28068   0.045335 libjvm.so->fopen(0x2b42c80f17e0, 0x2b42c3c69ccb, 4, 0x6f732e70) = 0x2b42c80f1ce0
28068   0.002224 libjvm.so->dlopen(0x2b42c80f17e0, 1, 0xffffffff, 0x2b42c80e8c00) = 0x2b42c8057be0
28068   0.005323 libjvm.so->open64(0x2b42c23e5510, 0, 0, 16) = 5
28068   0.001000 libjvm.so->__fxstat64(1, 5, 0x2b42c23e5340, -1) = 0
28068   0.020132 libjvm.so->fopen(0x2b42c23e2130, 0x2b42c3c69ccb, 4009, 3994) = 0x2b42c80fccb0
28068   0.001774 libjvm.so->fopen(0x2b42c23e2130, 0x2b42c3c69ccb, 4009, 3994) = 0x2b42c80fccb0
28068   0.002635 libjvm.so->fopen(0x2b42c23e2130, 0x2b42c3c69ccb, 4009, 4002) = 0x2b42c80fccb0
28068   0.017776 libjvm.so->pthread_attr_setdetachstate(0x2b42c23e6b50, 1, 0, 0) = 0
28068   0.001195 libpthread.so.0->__clone(0x2b42c24d3de0, 0x2b42db0fffc0, 0x3d0f00, 0x2b42db100700) = 0x6dad
28068   0.001612 libjvm.so->__xstat64(1, 0x2b42c23e6be0, 0x2b42c23e6b50, 19) = -1
28068   0.001181 libjvm.so->pthread_attr_setdetachstate(0x2b42c23e6950, 1, 0, 0) = 0
28068   0.001122 libpthread.so.0->__clone(0x2b42c24d3de0, 0x2b42db200fc0, 0x3d0f00, 0x2b42db201700) = 0x6dae
28068   0.002210 libjvm.so->pthread_attr_setdetachstate(0x2b42c23e6950, 1, 0, 0) = 0
28068   0.001332 libpthread.so.0->__clone(0x2b42c24d3de0, 0x2b42db301fc0, 0x3d0f00, 0x2b42db302700) = 0x6daf
28068   0.020530 libjvm.so->pthread_attr_setdetachstate(0x2b42c23e6aa0, 1, 0, 0) = 0
28068   0.001430 libpthread.so.0->__clone(0x2b42c24d3de0, 0x2b42db402fc0, 0x3d0f00, 0x2b42db403700) = 0x6db0
28068   0.002334 libjvm.so->pthread_attr_setdetachstate(0x2b42c23e6bb0, 1, 0, 0) = 0
28068   0.001663 libpthread.so.0->__clone(0x2b42c24d3de0, 0x2b42db503fc0, 0x3d0f00, 0x2b42db504700) = 0x6db1
28068   0.020634 libjvm.so->open64(0x2b42c8136990, 0, 0, 16) = 7
28068   0.001734 libjvm.so->__fxstat64(1, 7, 0x2b42c23e3f60, -1) = 0
28068   0.034172 libjvm.so->fopen(0x2b42c815c650, 0x2b42c3c69ccb, 4, 0x6f732e6f) = 0x2b42c815c710
28068   0.004938 libjvm.so->dlopen(0x2b42c815c650, 1, 0xffffffff, 0x2b42c815c600) = 0x2b42c815c710
28068   0.101204 libjvm.so->fopen(0x2b42c23e0e40, 0x2b42c3c69ccb, 0x6f732e, 0x6d766a62696c2f72) = 0x2b42c8171f30
28068   0.005988 libjvm.so->dlopen(0x2b42c23e0e40, 1, 0xffffffff, 0x2b42c8171e00) = 0x5609add784b0
28068   0.002450 libjvm.so->fopen(0x2b42c23e0e40, 0x2b42c3c69ccb, 0x6f732e, 0x6d766a62696c2f72) = 0x2b42c8172330
28068   0.005350 libjvm.so->dlopen(0x2b42c23e0e40, 1, 0xffffffff, 0x2b42c8171e00) = 0x5609add784b0
28068   0.002563 libjvm.so->fopen(0x2b42c23e0e40, 0x2b42c3c69ccb, 0x6f732e, 0x6d766a62696c2f72) = 0x2b42c8171f30
28068   0.007855 libjvm.so->dlopen(0x2b42c23e0e40, 1, 0xffffffff, 0x2b42c8171e00) = 0x5609add784b0
28068   0.003523 libjvm.so->fopen(0x2b42c23e0e40, 0x2b42c3c69ccb, 0x6f732e, 0x6d766a62696c2f72) = 0x2b42c8171f30
28068   0.006655 libjvm.so->dlopen(0x2b42c23e0e40, 1, 0xffffffff, 0x2b42c8171e00) = 0x5609add784b0
28068   0.051540 libjvm.so->fopen(0x2b42c81b7500, 0x2b42c3c69ccb, 4, 0x6f732e74) = 0x2b42c81c5350
28068   0.003403 libjvm.so->dlopen(0x2b42c81b7500, 1, 0xffffffff, 0x2b42c81ad500) = 0x2b42c81c5350
28068   0.147219 libjvm.so->fopen(0x2b42c82405f0, 0x2b42c3c69ccb, 0x6f732e7373656c, 0x656c646165685f74) = 0x2b42c82406d0
28068   0.002711 libjvm.so->dlopen(0x2b42c82405f0, 1, 0xffffffff, 0x2b42c8240600) = 0x2b42c82406d0
28081   0.037397 +++ exited (status 0) +++
28070   0.000715 +++ exited (status 0) +++
28068   0.000236 +++ exited (status 0) +++
28075   0.000244 +++ exited (status 1) +++
28080   0.000026 +++ exited (status 1) +++
28079   0.000015 +++ exited (status 1) +++
28078   0.000014 +++ exited (status 1) +++
28074   0.000015 +++ exited (status 1) +++
28077   0.005145 +++ exited (status 1) +++
28067   0.000044 +++ exited (status 1) +++
Wrote an ltrace for command: "java -cp ./tools/maxent.jar density.Project outputs/Itheum_robustum_Oke/Itheum_robustum_Oke.lambdas data/layers/worldclim outputs/Itheum_robustum_Oke_worldclim.asc nowarnings nocache autorun -z" with PID 28065 from PPID 28048 on disc24.crc.nd.edu with result 1
REMOTEHOST=10.17.148.247
_CONDOR_JOB_PIDS=
MANPATH=/afs/crc.nd.edu/user/n/nkremerh/cctools/share/man/:/afs/crc.nd.edu/group/ccl/software/x86_64/redhat7/ruby/current/share/man:/afs/crc.nd.edu/group/ccl/software/x86_64/redhat7/graphviz/current/share/man:/afs/crc.nd.edu/group/ccl/software/x86_64/redhat7/gnuplot/current/share/man:/afs/crc.nd.edu/group/ccl/software/x86_64/redhat7/git/current/share/man:/afs/crc.nd.edu/group/ccl/software/x86_64/redhat7/condor/current/share/man:/afs/crc.nd.edu/group/ccl/software/x86_64/redhat7/clang/current/share/man:/afs/crc.nd.edu/group/ccl/software/x86_64/redhat7/condor/current/share/man:/afs/crc.nd.edu/group/ccl/software/x86_64/redhat7/cctools/current/share/man:/afs/crc.nd.edu/group/ccl/software/x86_64/redhat7/cctools/current/share/man:/afs/crc.nd.edu/x86_64_linux/Modules/4.5.0/share/man:/opt/crc/usr/local/man:/opt/sge/man:/usr/share/man/overrides:/usr/share/man:/usr/local/share/man
XDG_SESSION_ID=2686
HOSTNAME=disc01.crc.nd.edu
_LMFILES__modshare=/afs/crc.nd.edu/x86_64_linux/Modules/modules/system_modules/CRC_default/1.1:1
MODULEPATH_modshare=/afs/crc.nd.edu/x86_64_linux/Modules/modules/general_software:1:/afs/crc.nd.edu/x86_64_linux/Modules/modules/development_tools_and_libraries:1:/afs/crc.nd.edu/x86_64_linux/Modules/modules/system_modules:1:/afs/crc.nd.edu/x86_64_linux/Modules/current/modulefiles:1:/afs/crc.nd.edu/x86_64_linux/Modules/modules/restricted_software:1:/afs/crc.nd.edu/x86_64_linux/Modules/modules/deprecated_software:1
MODULES_CMD=/afs/crc.nd.edu/x86_64_linux/Modules/4.5.0/libexec/modulecmd.tcl
HOST=disc01.crc.nd.edu
SHELL=/bin/tcsh
TERM=xterm-256color
MAKEFLAGS=
HISTSIZE=5000
TMPDIR=/var/condor/execute/dir_16881/worker-213124-17053/t.1402/cctools-temp-t.1402.YcToon
SSH_CLIENT=10.17.148.247 49750 22
PERL5LIB=/afs/crc.nd.edu/user/n/nkremerh/cctools/lib/perl5/site_perl/5.16.3:/afs/crc.nd.edu/user/n/nkremerh/.perl5/lib/perl5
SGE_CELL=crc
_CONDOR_ANCESTOR_3661=16881:1599499132:3585230210
_CONDOR_ANCESTOR_16881=17028:1599499133:2630284712
_CONDOR_SCRATCH_DIR=/var/condor/execute/dir_16881
PERL_MB_OPT=--install_base '/afs/crc.nd.edu/user/n/nkremerh/.perl5/'
SSH_TTY=/dev/pts/0
SGE_LOAD_AVG=load_avg
MAKEFLOW_MAX_LOCAL_JOBS=2
HISTFILESIZE=10000
_CHIRP_DELAYED_UPDATE_PREFIX=Chirp*
USER=nkremerh
GROUP=campus
LD_LIBRARY_PATH=/afs/crc.nd.edu/group/ccl/software/x86_64/redhat7/ruby/current/lib:/afs/crc.nd.edu/group/ccl/software/x86_64/redhat7/graphviz/current/lib:/afs/crc.nd.edu/group/ccl/software/x86_64/redhat7/git/current/lib:/afs/crc.nd.edu/group/ccl/software/x86_64/redhat7/condor/current/lib:/afs/crc.nd.edu/group/ccl/software/x86_64/redhat7/clang/current/lib:/afs/crc.nd.edu/group/ccl/software/x86_64/redhat7/condor/current/lib:/afs/crc.nd.edu/group/ccl/software/x86_64/redhat7/cctools/current/lib:/opt/crc/usr/local/lib
TEMP=/var/condor/execute/dir_16881/worker-213124-17053/t.1402/cctools-temp-t.1402.YcToon
BATCH_SYSTEM=HTCondor
WORKER_TMPDIR=/var/condor/execute/dir_16881/worker-213124-17053/cache/tmp
ENV=/afs/crc.nd.edu/x86_64_linux/Modules/4.5.0/init/profile.sh
MODULES_LMALTNAME=CRC_default/1.1&CRC_default/default&CRC_default
_CONDOR_CHIRP_CONFIG=/var/condor/execute/dir_16881/.chirp.config
GLOBUS_GSSAPI_MAX_TLS_PROTOCOL=0
_CONDOR_HIGHPORT=9999
HOSTTYPE=x86_64-linux
MAKELEVEL=1
MFLAGS=
CCLSOFTWARE=/afs/crc.nd.edu/group/ccl/software/x86_64/redhat7
PATH=/afs/crc.nd.edu/user/n/nkremerh/cctools/bin:/afs/crc.nd.edu/user/n/nkremerh/miniconda/bin:/afs/crc.nd.edu/group/ccl/software/git:/afs/crc.nd.edu/user/n/nkremerh/.local/bin:/afs/crc.nd.edu/group/ccl/software/x86_64/redhat7/povray/3.7/bin:/afs/crc.nd.edu/user/n/nkremerh/.perl5/bin:/afs/crc.nd.edu/user/n/nkremerh/pegasus/bin:/afs/crc.nd.edu/user/n/nkremerh/nodejs/bin:/afs/crc.nd.edu/user/n/nkremerh/montage/bin:/afs/crc.nd.edu/user/n/nkremerh/latexdiff:/afs/crc.nd.edu/user/n/nkremerh/envtrace:/afs/crc.nd.edu/user/n/nkremerh/endlines:/afs/crc.nd.edu/user/n/nkremerh/cctools/bin:/afs/crc.nd.edu/user/n/nkremerh/.cargo/bin:/afs/crc.nd.edu/group/ccl/software/x86_64/redhat7/ruby/current/bin:/afs/crc.nd.edu/group/ccl/software/x86_64/redhat7/graphviz/current/bin:/afs/crc.nd.edu/group/ccl/software/x86_64/redhat7/gnuplot/current/bin:/afs/crc.nd.edu/group/ccl/software/x86_64/redhat7/git/current/bin:/afs/crc.nd.edu/group/ccl/software/x86_64/redhat7/condor/current/sbin:/afs/crc.nd.edu/group/ccl/software/x86_64/redhat7/condor/current/bin:/afs/crc.nd.edu/group/ccl/software/x86_64/redhat7/cmake/current/bin:/afs/crc.nd.edu/group/ccl/software/x86_64/redhat7/clang/current/bin:/afs/crc.nd.edu/group/ccl/software/x86_64/redhat7/condor/current/sbin:/afs/crc.nd.edu/group/ccl/software/x86_64/redhat7/condor/current/bin:/afs/crc.nd.edu/group/ccl/software/x86_64/redhat7/cctools/current/bin:/afs/crc.nd.edu/x86_64_linux/Modules/4.5.0/bin:/opt/crc/usr/local/bin:/opt/sge/bin/lx-amd64:/usr/local/bin:/usr/bin:/usr/local/sbin:/usr/sbin:/afs/crc.nd.edu/user/c/condor/software/bin:/afs/crc.nd.edu/user/c/condor/software/sbin
MAIL=/var/spool/mail/nkremerh
_CONDOR_ANCESTOR_3620=3661:1598183993:2394854300
PWD=/var/condor/execute/dir_16881/worker-213124-17053/t.1402
_LMFILES_=/afs/crc.nd.edu/x86_64_linux/Modules/modules/system_modules/CRC_default/1.1
SGE_EXECD_PORT=6445
EDITOR=vim
LANG=en_US.UTF-8
MODULEPATH=/afs/crc.nd.edu/x86_64_linux/Modules/modules/development_tools_and_libraries:/afs/crc.nd.edu/x86_64_linux/Modules/modules/general_software:/afs/crc.nd.edu/x86_64_linux/Modules/modules/restricted_software:/afs/crc.nd.edu/x86_64_linux/Modules/modules/system_modules:/afs/crc.nd.edu/x86_64_linux/Modules/modules/deprecated_software:/afs/crc.nd.edu/x86_64_linux/Modules/current/modulefiles
SGE_QMASTER_PORT=6444
SGE_ROOT=/opt/sge
LOADEDMODULES=CRC_default/1.1
WORK_QUEUE_SANDBOX=/var/condor/execute/dir_16881/worker-213124-17053
_CONDOR_SLOT=slot2_1
CCLPLATFORM=x86_64/redhat7
USE_SYSTEMD=true
_CONDOR_LOWPORT=9100
KRB5CCNAME=FILE:/tmp/krb5cc_213124_dlYXoi
HISTCONTROL=ignoreboth:erasedups
PATH_modshare=/opt/crc/usr/local/bin:1:/opt/sge/bin/lx-amd64:1:/usr/sbin:1:/usr/bin:1:/afs/crc.nd.edu/user/c/condor/software/sbin:1:/usr/local/sbin:1:/afs/crc.nd.edu/user/c/condor/software/bin:1:/usr/local/bin:1
SHLVL=7
HOME=disc01.crc.nd.edu
GLOBUS_GSSAPI_NAME_COMPATIBILITY=STRICT_RFC2818
_CONDOR_MACHINE_AD=/var/condor/execute/dir_16881/.machine.ad
OSTYPE=linux
DISK=18226
GREP_OPTIONS=--color=auto
GLOBUS_GSSAPI_MIN_TLS_PROTOCOL=TLS1_VERSION
MEMORY=1948
MANPATH_modshare=/usr/share/man/overrides:1:/usr/local/share/man:1:/usr/share/man:1:/opt/crc/usr/local/man:1:/opt/sge/man:1
VENDOR=unknown
BASH_ENV=/afs/crc.nd.edu/x86_64_linux/Modules/4.5.0/init/bash
PERL_LOCAL_LIB_ROOT=/afs/crc.nd.edu/user/n/nkremerh/.perl5/
PYTHONPATH=/afs/crc.nd.edu/user/n/nkremerh/cctools/lib/python3.6/site-packages/
CCLHOME=/afs/crc.nd.edu/group/ccl
MACHTYPE=x86_64
LOGNAME=nkremerh
TMP=/var/condor/execute/dir_16881/worker-213124-17053/t.1402/cctools-temp-t.1402.YcToon
LD_LIBRARY_PATH_modshare=/opt/crc/usr/local/lib:1
MODULES_LMALTNAME_modshare=CRC_default/1.1&CRC_default/default&CRC_default:1
SSH_CONNECTION=10.17.148.247 49750 129.74.128.103 22
MODULESHOME=/afs/crc.nd.edu/x86_64_linux/Modules/4.5.0
OMP_NUM_THREADS=1
LESSOPEN=||/usr/bin/lesspipe.sh %s
GLOBUS_GSSAPI_BACKWARD_COMPATIBLE_MIC=true
GLOBUS_GSSAPI_CIPHERS=HIGH
LOADEDMODULES_modshare=CRC_default/1.1:1
_CONDOR_JOB_AD=/var/condor/execute/dir_16881/.job.ad
SGE_CLUSTER_NAME=CRC
XDG_RUNTIME_DIR=/run/user/213124
CCTOOLS=../cctools
CORES=2
_CONDOR_JOB_IWD=/var/condor/execute/dir_16881
PERL_MM_OPT=INSTALL_BASE=/afs/crc.nd.edu/user/n/nkremerh/.perl5/
GLOBUS_GSSAPI_SERVER_CIPHER_ORDER=true
BASH_FUNC_module()=() {  unset _mlshdbg;
 if [ "${MODULES_SILENT_SHELL_DEBUG:-0}" = '1' ]; then
 case "$-" in 
 *v*x*)
 set +vx;
 _mlshdbg='vx'
 ;;
 *v*)
 set +v;
 _mlshdbg='v'
 ;;
 *x*)
 set +x;
 _mlshdbg='x'
 ;;
 *)
 _mlshdbg=''
 ;;
 esac;
 fi;
 unset _mlre _mlIFS;
 if [ -n "${IFS+x}" ]; then
 _mlIFS=$IFS;
 fi;
 IFS=' ';
 for _mlv in ${MODULES_RUN_QUARANTINE:-};
 do
 if [ "${_mlv}" = "${_mlv##*[!A-Za-z0-9_]}" -a "${_mlv}" = "${_mlv#[0-9]}" ]; then
 if [ -n "`eval 'echo ${'$_mlv'+x}'`" ]; then
 _mlre="${_mlre:-}${_mlv}_modquar='`eval 'echo ${'$_mlv'}'`' ";
 fi;
 _mlrv="MODULES_RUNENV_${_mlv}";
 _mlre="${_mlre:-}${_mlv}='`eval 'echo ${'$_mlrv':-}'`' ";
 fi;
 done;
 if [ -n "${_mlre:-}" ]; then
 eval `eval ${_mlre}/usr/bin/tclsh /afs/crc.nd.edu/x86_64_linux/Modules/4.5.0/libexec/modulecmd.tcl bash '"$@"'`;
 else
 eval `/usr/bin/tclsh /afs/crc.nd.edu/x86_64_linux/Modules/4.5.0/libexec/modulecmd.tcl bash "$@"`;
 fi;
 _mlstatus=$?;
 if [ -n "${_mlIFS+x}" ]; then
 IFS=$_mlIFS;
 else
 unset IFS;
 fi;
 unset _mlre _mlv _mlrv _mlIFS;
 if [ -n "${_mlshdbg:-}" ]; then
 set -$_mlshdbg;
 fi;
 unset _mlshdbg;
 return $_mlstatus
}
BASH_FUNC_ml()=() {  module ml "$@"
}
_=/usr/bin/printenv
