18659   0.000000 libjli.so->getenv("_JAVA_LAUNCHER_DEBUG") = nil
18659   0.001201 libjli.so->getenv("_JAVA_VERSION_SET") = nil
18659   0.000525 libjli.so->fopen("/usr/lib/jvm/java-1.8.0-openjdk-1.8.0.262.b10-0.el7_8.x86_64/jre/lib/amd64/jvm.cfg", "r") = 0x55bb6ec270f0
18659   0.000543 libjli.so->getenv("JDK_ALTERNATE_VM") = nil
18659   0.000204 libjli.so->__xstat(1, "/usr/lib/jvm/java-1.8.0-openjdk-1.8.0.262.b10-0.el7_8.x86_64/jre/lib/amd64/server/libjvm.so", 0x7fff1b604380) = 0
18659   0.000395 libjli.so->getenv("LD_LIBRARY_PATH") = "/afs/crc.nd.edu/group/ccl/software/x86_64/redhat7/ruby/current/lib:/afs/crc.nd.edu/group/ccl/software/x86_64/redhat7/graphviz/current/lib:/afs/crc.nd.edu/group/ccl/software/x86_64/redhat7/git/current/lib:/afs/crc.nd.edu/group/ccl/software/x86_64/redhat7/condor/current/lib:/afs/crc.nd.edu/group/ccl/software/x86_64/redhat7/clang/current/lib:/afs/crc.nd.edu/group/ccl/software/x86_64/redhat7/condor/current/lib:/afs/crc.nd.edu/group/ccl/software/x86_64/redhat7/cctools/current/lib:/opt/crc/usr/local/lib"
18659   0.001393 libjli.so->dlopen("/usr/lib/jvm/java-1.8.0-openjdk-1.8.0.262.b10-0.el7_8.x86_64/jre/lib/amd64/server/libjvm.so", 258 <unfinished ...>
18659   0.025402 libjvm.so->getenv("NMT_LEVEL_18659") = nil
18659   0.001101 <... dlopen resumed> )          = 0x55bb6ec274c0
18659   0.000052 libjli.so->getenv("CLASSPATH")  = nil
18659   0.000257 libjli.so->getenv("_JAVA_SPLASH_JAR") = nil
18659   0.000212 libjli.so->getenv("_JAVA_SPLASH_FILE") = nil
18659   0.000218 libjli.so->pthread_attr_setdetachstate(0x7fff1b604330, 0, 0x7fff1b6043c0, 0) = 0
18659   0.000305 libpthread.so.0->__clone(0x2b1f1d428de0, 0x2b1f1d33bfc0, 0x3d0f00, 0x2b1f1d33c700) = 0x48e9
18665   0.001499 libjvm.so->dlopen(0x2b1f1ec079ae, 1, 0xfffffffffff42c48, 4096) = 0x2b1f20000990
18665   0.002222 libjvm.so->getenv(0x2b1f1ec2283e, 0, 115, 0x65737361) = 0x7fff1b60a6ab
18665   0.000502 libjvm.so->fopen(0x2b1f1d33ac10, 0x2b1f1ebbeccb, 0x6f732e79666972, 0x2b1f1dd00ab0) = 0x2b1f20001440
18665   0.001550 libjvm.so->dlopen(0x2b1f1d33ac10, 1, 0xffffffff, 0x2b1f20002b00) = 0x2b1f20001440
18665   0.001489 libjvm.so->fopen(0x2b1f1d33ac10, 0x2b1f1ebbeccb, 111, 0x732e6176) = 0x2b1f20001b10
18665   0.001559 libjvm.so->dlopen(0x2b1f1d33ac10, 1, 0xffffffff, 0x2b1f20001a00) = 0x2b1f20001b10
18665   0.001659 libjvm.so->__xstat(1, 0x2b1f1d33b360, 0x2b1f1d33bba0, 0x746f7073746f682e) = -1
18665   0.000506 libjvm.so->getenv(0x2b1f1ebb7541, 0x2b1f1d33b6d0, 1024, 0x2b1f1f07161b) = 0
18665   0.000468 libjvm.so->getenv(0x2b1f1ebb7533, 0x2b1f1d33b6d0, 1024, 0) = 0
18665   0.000420 libjvm.so->fopen(0x2b1f1ec07315, 0x2b1f1ebbeccb, 4095, 0xffffd4e0e1448b03) = 0x2b1f200032b0
18665   0.001064 libjvm.so->fopen(0x2b1f1ec07361, 0x2b1f1ebbeccb, 0x2b1f20000078, 0x2b1f200032a0) = 0x2b1f200032b0
18665   0.000699 libjvm.so->fopen(0x2b1f1d3359b0, 0x2b1f1ebbeccb, 4014, 3995) = 0x2b1f200032b0
18665   0.000644 libjvm.so->opendir(0x2b1f20002b40, 0x2b1f20002b40, 13, 16) = 0
18665   0.000465 libjvm.so->__xstat(1, 0x2b1f1d33a8f0, 0x2b1f1d339860, 0x6f732e7477616d62) = -1
18665   0.000553 libjvm.so->__xstat(1, 0x2b1f1d33a8f0, 0x2b1f1d339860, 0x5f74776162696c2f) = 0
18665   0.000506 libjvm.so->fopen(0x2b1f1d339b90, 0x2b1f1ebbeccb, 4009, 3994) = 0x2b1f20003790
18665   0.000670 libjvm.so->fopen(0x2b1f1d339b90, 0x2b1f1ebbeccb, 4009, 3994) = 0x2b1f20003790
18665   0.000523 libjvm.so->fopen(0x2b1f1d339b90, 0x2b1f1ebbeccb, 4009, 4002) = 0x2b1f20003790
18665   0.000548 libjvm.so->fopen(0x2b1f1d339b20, 0x2b1f1ebbeccb, 4009, 3994) = 0x2b1f20003790
18665   0.000506 libjvm.so->fopen(0x2b1f1d339b20, 0x2b1f1ebbeccb, 4009, 3994) = 0x2b1f20003790
18665   0.000480 libjvm.so->fopen(0x2b1f1d339b20, 0x2b1f1ebbeccb, 4009, 4002) = 0x2b1f20003790
18665   0.000580 libjvm.so->fopen(0x2b1f1d339b50, 0x2b1f1ebbeccb, 4014, 3995) = 0x2b1f20003790
18665   0.000874 libjvm.so->getenv(0x2b1f1ec080ff, 4096, 3, -1) = 0
18665   0.000887 libjvm.so->fopen(0x2b1f1ec07998, 0x2b1f1ebbeccb, 0x2b1f1d41f908, 0x2b1f1d41edf0) = 0x2b1f20003790
18665   0.004727 libjvm.so->open(0x2b1f2004a580, 0x20000, 0, 0x2b1f2004a5c9) = 3
18665   0.000481 libjvm.so->__fxstat(1, 3, 0x2b1f1d33ba00, -1) = 0
18665   0.000484 libjvm.so->opendir(0x2b1f2004a580, 0x2b1f1d33ba00, 0x4000, -1) = 0x2b1f2004b490
18665   0.000496 libjvm.so->__fxstat(1, 3, 0x2b1f1d33b8a0, 0x2b1f2004b490) = 0
18665   0.000441 libjvm.so->__fxstat(1, 5, 0x2b1f1d33b930, -1) = 0
18665   0.000463 libjvm.so->open(0x2b1f1ebd59dc, 0, 0, 0) = 3
18665   0.000703 libjvm.so->__lxstat(1, 0x2b1f2004a580, 0x2b1f1d33bb50, -144) = 0
18665   0.000385 libjvm.so->open(0x2b1f2004a580, 0x20000, 0x4000, -1) = 3
18665   0.000317 libjvm.so->__fxstat(1, 3, 0x2b1f1d33ba00, -1) = 0
18665   0.000335 libjvm.so->opendir(0x2b1f2004a580, 0x2b1f1d33ba00, 0x4000, -1) = 0x2b1f2004b490
18665   0.000328 libjvm.so->__fxstat(1, 3, 0x2b1f1d33b8a0, 0x2b1f2004b490) = 0
18665   0.000306 libjvm.so->__fxstat(1, 5, 0x2b1f1d33b930, -1) = 0
18665   0.000350 libjvm.so->open(0x2b1f1ebd59dc, 0, 0, 0) = 3
18665   0.000370 libjvm.so->open(0x2b1f2004a5c9, 0x20042, 384, -1) = 7
18665   0.000606 libjvm.so->__fxstat(1, 7, 0x2b1f1d33bb50, -1) = 0
18665   0.001810 libjvm.so->fopen(0x2b1f1d33ab60, 0x2b1f1ebbeccb, 4, 0x6f732e70) = 0x2b1f20057be0
18665   0.001424 libjvm.so->dlopen(0x2b1f1d33ab60, 1, 0xffffffff, 0x2b1f20057b00) = 0x2b1f20057be0
18665   0.001476 libjvm.so->__xstat(1, 0x2b1f1d33b120, 0x2b1f1d33b950, 2048) = 0
18665   0.000456 libjvm.so->__xstat(1, 0x2b1f1d33b120, 0x2b1f1d33b950, 2048) = 0
18665   0.000558 libjvm.so->__xstat(1, 0x2b1f1d33b120, 0x2b1f1d33b950, 2048) = -1
18665   0.000440 libjvm.so->__xstat(1, 0x2b1f1d33b120, 0x2b1f1d33b950, 2048) = 0
18665   0.000585 libjvm.so->__xstat(1, 0x2b1f1d33b120, 0x2b1f1d33b950, 2048) = 0
18665   0.000482 libjvm.so->__xstat(1, 0x2b1f1d33b120, 0x2b1f1d33b950, 2048) = 0
18665   0.000547 libjvm.so->__xstat(1, 0x2b1f1d33b120, 0x2b1f1d33b950, 2048) = 0
18665   0.000443 libjvm.so->__xstat(1, 0x2b1f1d33b120, 0x2b1f1d33b950, 2048) = -1
18665   0.000571 libjvm.so->fopen(0x2b1f20002520, 0x2b1f1ebbeccb, 0, 0) = 0x2b1f20058a80
18665   0.008743 libjvm.so->open64(0x2b1f1d33a410, 0, 0, 16) = 3
18665   0.000486 libjvm.so->__fxstat64(1, 3, 0x2b1f1d33a240, -1) = 0
18665   0.035999 libjvm.so->__xstat(1, 0x2b1f1d33af20, 0x2b1f1d33b750, 2048) = -1
18665   0.000720 libjvm.so->fopen(0x2b1f1d339b20, 0x2b1f1ebbeccb, 4009, 3994) = 0x2b1f200b5ec0
18665   0.000653 libjvm.so->fopen(0x2b1f1d339b20, 0x2b1f1ebbeccb, 4009, 3994) = 0x2b1f200b5ec0
18665   0.000492 libjvm.so->fopen(0x2b1f1d339b20, 0x2b1f1ebbeccb, 4009, 4002) = 0x2b1f200b5ec0
18665   0.004252 libjvm.so->pthread_attr_setdetachstate(0x2b1f1d33bc00, 1, 0, 0) = 0
18665   0.000548 libpthread.so.0->__clone(0x2b1f1d428de0, 0x2b1f35cb8fc0, 0x3d0f00, 0x2b1f35cb9700) = 0x48ea
18665   0.015868 libjvm.so->pthread_attr_setdetachstate(0x2b1f1d33b290, 1, 0, 0) = 0
18665   0.000692 libpthread.so.0->__clone(0x2b1f1d428de0, 0x2b1f35db9fc0, 0x3d0f00, 0x2b1f35dba700) = 0x48eb
18665   0.007359 libjvm.so->pthread_attr_setdetachstate(0x2b1f1d33b610, 1, 0, 0) = 0
18665   0.000866 libpthread.so.0->__clone(0x2b1f1d428de0, 0x2b1f35ebafc0, 0x3d0f00, 0x2b1f35ebb700) = 0x48ec
18665   0.040750 libjvm.so->fopen(0x2b1f200f17e0, 0x2b1f1ebbeccb, 4, 0x6f732e70) = 0x2b1f200f1ce0
18665   0.001965 libjvm.so->dlopen(0x2b1f200f17e0, 1, 0xffffffff, 0x2b1f200e8c00) = 0x2b1f20057be0
18665   0.005157 libjvm.so->open64(0x2b1f1d33a510, 0, 0, 16) = 5
18665   0.000966 libjvm.so->__fxstat64(1, 5, 0x2b1f1d33a340, -1) = 0
18665   0.020217 libjvm.so->fopen(0x2b1f1d337130, 0x2b1f1ebbeccb, 4009, 3994) = 0x2b1f200fccb0
18665   0.001214 libjvm.so->fopen(0x2b1f1d337130, 0x2b1f1ebbeccb, 4009, 3994) = 0x2b1f200fccb0
18665   0.001202 libjvm.so->fopen(0x2b1f1d337130, 0x2b1f1ebbeccb, 4009, 4002) = 0x2b1f200fccb0
18665   0.015888 libjvm.so->pthread_attr_setdetachstate(0x2b1f1d33bb50, 1, 0, 0) = 0
18665   0.001089 libpthread.so.0->__clone(0x2b1f1d428de0, 0x2b1f35fbbfc0, 0x3d0f00, 0x2b1f35fbc700) = 0x48ed
18665   0.001567 libjvm.so->__xstat64(1, 0x2b1f1d33bbe0, 0x2b1f1d33bb50, 19) = -1
18665   0.001163 libjvm.so->pthread_attr_setdetachstate(0x2b1f1d33b950, 1, 0, 0) = 0
18665   0.001184 libpthread.so.0->__clone(0x2b1f1d428de0, 0x2b1f360bcfc0, 0x3d0f00, 0x2b1f360bd700) = 0x48ee
18665   0.001782 libjvm.so->pthread_attr_setdetachstate(0x2b1f1d33b950, 1, 0, 0) = 0
18665   0.001286 libpthread.so.0->__clone(0x2b1f1d428de0, 0x2b1f361bdfc0, 0x3d0f00, 0x2b1f361be700) = 0x48ef
18665   0.008118 libjvm.so->pthread_attr_setdetachstate(0x2b1f1d33baa0, 1, 0, 0) = 0
18665   0.001458 libpthread.so.0->__clone(0x2b1f1d428de0, 0x2b1f362befc0, 0x3d0f00, 0x2b1f362bf700) = 0x48f0
18665   0.002280 libjvm.so->pthread_attr_setdetachstate(0x2b1f1d33bbb0, 1, 0, 0) = 0
18665   0.001972 libpthread.so.0->__clone(0x2b1f1d428de0, 0x2b1f363bffc0, 0x3d0f00, 0x2b1f363c0700) = 0x48f1
18665   0.016505 libjvm.so->open64(0x2b1f2012e8b0, 0, 0, 48) = 7
18665   0.002013 libjvm.so->__fxstat64(1, 7, 0x2b1f1d338f60, -1) = 0
18665   0.026667 libjvm.so->fopen(0x2b1f201546e0, 0x2b1f1ebbeccb, 4, 0x6f732e6f) = 0x2b1f201547a0
18665   0.003097 libjvm.so->dlopen(0x2b1f201546e0, 1, 0xffffffff, 0x2b1f20154700) = 0x2b1f201547a0
18665   0.137945 libjvm.so->fopen(0x2b1f20195960, 0x2b1f1ebbeccb, 4, 0x6f732e74) = 0x2b1f20195a20
18665   0.003200 libjvm.so->dlopen(0x2b1f20195960, 1, 0xffffffff, 0x2b1f20195900) = 0x2b1f201afde0
18665   0.150317 libjvm.so->fopen(0x2b1f20218df0, 0x2b1f1ebbeccb, 0x6f732e7373656c, 0x656c646165685f74) = 0x2b1f20218ed0
18665   0.003361 libjvm.so->dlopen(0x2b1f20218df0, 1, 0xffffffff, 0x2b1f20218e00) = 0x2b1f20218ed0
18665   0.024518 libjvm.so->fopen(0x2b1f1d334990, 0x2b1f1ebbeccb, 0x6f732e, 0x6d766a62696c2f72) = 0x2b1f20222d80
18665   0.006453 libjvm.so->dlopen(0x2b1f1d334990, 1, 0xffffffff, 0x2b1f20222300) = 0x55bb6ec274c0
18665   0.001687 libjvm.so->fopen(0x2b1f1d334990, 0x2b1f1ebbeccb, 0x6f732e, 0x6d766a62696c2f72) = 0x2b1f20222d20
18665   0.005670 libjvm.so->dlopen(0x2b1f1d334990, 1, 0xffffffff, 0x2b1f20222300) = 0x55bb6ec274c0
18665   0.001723 libjvm.so->fopen(0x2b1f1d334990, 0x2b1f1ebbeccb, 0x6f732e, 0x6d766a62696c2f72) = 0x2b1f20222d20
18665   0.003771 libjvm.so->dlopen(0x2b1f1d334990, 1, 0xffffffff, 0x2b1f20222300) = 0x55bb6ec274c0
18665   0.001793 libjvm.so->fopen(0x2b1f1d334990, 0x2b1f1ebbeccb, 0x6f732e, 0x6d766a62696c2f72) = 0x2b1f20222d20
18665   0.004294 libjvm.so->dlopen(0x2b1f1d334990, 1, 0xffffffff, 0x2b1f20222300) = 0x55bb6ec274c0
18665   0.474552 --- SIGSEGV (Segmentation fault) ---
18665   3.149543 --- SIGSEGV (Segmentation fault) ---
18673   8.602942 +++ exited (status 0) +++
18669   0.000297 +++ exited (status 0) +++
18666   0.000155 +++ exited (status 0) +++
18665   0.000250 +++ exited (status 0) +++
18672   0.000315 +++ exited (status 0) +++
18670   0.000024 +++ exited (status 0) +++
18668   0.000016 +++ exited (status 0) +++
18667   0.000014 +++ exited (status 0) +++
18671   0.025154 +++ exited (status 0) +++
18659   0.000093 +++ exited (status 0) +++
Wrote an ltrace for command: "java -cp ./tools/maxent.jar density.MaxEnt -s outputs/Elasmus_setosiscutellatus_Crawford.csv -e data/layers/worldclim -o outputs/Elasmus_setosiscutellatus_Crawford nowarnings nocache autorun -z" with PID 18657 from PPID 18638 on disc20.crc.nd.edu with result 0
REMOTEHOST=129.74.154.87
MANPATH=/afs/crc.nd.edu/user/n/nkremerh/cctools/share/man/:/afs/crc.nd.edu/group/ccl/software/x86_64/redhat7/ruby/current/share/man:/afs/crc.nd.edu/group/ccl/software/x86_64/redhat7/graphviz/current/share/man:/afs/crc.nd.edu/group/ccl/software/x86_64/redhat7/gnuplot/current/share/man:/afs/crc.nd.edu/group/ccl/software/x86_64/redhat7/git/current/share/man:/afs/crc.nd.edu/group/ccl/software/x86_64/redhat7/condor/current/share/man:/afs/crc.nd.edu/group/ccl/software/x86_64/redhat7/clang/current/share/man:/afs/crc.nd.edu/group/ccl/software/x86_64/redhat7/condor/current/share/man:/afs/crc.nd.edu/group/ccl/software/x86_64/redhat7/cctools/current/share/man:/afs/crc.nd.edu/group/ccl/software/x86_64/redhat7/cctools/current/share/man:/afs/crc.nd.edu/x86_64_linux/Modules/4.5.0/share/man:/opt/crc/usr/local/man:/opt/sge/man:/usr/share/man/overrides:/usr/share/man:/usr/local/share/man
_CONDOR_JOB_PIDS=
XDG_SESSION_ID=2226
HOSTNAME=disc01.crc.nd.edu
_LMFILES__modshare=/afs/crc.nd.edu/x86_64_linux/Modules/modules/system_modules/CRC_default/1.1:1
MODULEPATH_modshare=/afs/crc.nd.edu/x86_64_linux/Modules/modules/general_software:1:/afs/crc.nd.edu/x86_64_linux/Modules/modules/development_tools_and_libraries:1:/afs/crc.nd.edu/x86_64_linux/Modules/modules/system_modules:1:/afs/crc.nd.edu/x86_64_linux/Modules/current/modulefiles:1:/afs/crc.nd.edu/x86_64_linux/Modules/modules/restricted_software:1:/afs/crc.nd.edu/x86_64_linux/Modules/modules/deprecated_software:1
TERM=xterm-256color
SHELL=/bin/tcsh
HOST=disc01.crc.nd.edu
MODULES_CMD=/afs/crc.nd.edu/x86_64_linux/Modules/4.5.0/libexec/modulecmd.tcl
HISTSIZE=5000
MAKEFLAGS=
SSH_CLIENT=129.74.154.87 57278 22
TMPDIR=/var/condor/execute/dir_11106/worker-213124-11185/t.1048/cctools-temp-t.1048.H1ql1B
PERL5LIB=/afs/crc.nd.edu/user/n/nkremerh/cctools/lib/perl5/site_perl/5.16.3:/afs/crc.nd.edu/user/n/nkremerh/.perl5/lib/perl5
SGE_CELL=crc
_CONDOR_SCRATCH_DIR=/var/condor/execute/dir_11106
PERL_MB_OPT=--install_base '/afs/crc.nd.edu/user/n/nkremerh/.perl5/'
SSH_TTY=/dev/pts/0
SGE_LOAD_AVG=load_avg
MAKEFLOW_MAX_LOCAL_JOBS=2
GROUP=campus
USER=nkremerh
_CHIRP_DELAYED_UPDATE_PREFIX=Chirp*
HISTFILESIZE=10000
TEMP=/var/condor/execute/dir_11106/worker-213124-11185/t.1048/cctools-temp-t.1048.H1ql1B
LD_LIBRARY_PATH=/afs/crc.nd.edu/group/ccl/software/x86_64/redhat7/ruby/current/lib:/afs/crc.nd.edu/group/ccl/software/x86_64/redhat7/graphviz/current/lib:/afs/crc.nd.edu/group/ccl/software/x86_64/redhat7/git/current/lib:/afs/crc.nd.edu/group/ccl/software/x86_64/redhat7/condor/current/lib:/afs/crc.nd.edu/group/ccl/software/x86_64/redhat7/clang/current/lib:/afs/crc.nd.edu/group/ccl/software/x86_64/redhat7/condor/current/lib:/afs/crc.nd.edu/group/ccl/software/x86_64/redhat7/cctools/current/lib:/opt/crc/usr/local/lib
BATCH_SYSTEM=HTCondor
MODULES_LMALTNAME=CRC_default/1.1&CRC_default/default&CRC_default
ENV=/afs/crc.nd.edu/x86_64_linux/Modules/4.5.0/init/profile.sh
WORKER_TMPDIR=/var/condor/execute/dir_11106/worker-213124-11185/cache/tmp
HOSTTYPE=x86_64-linux
_CONDOR_HIGHPORT=9999
GLOBUS_GSSAPI_MAX_TLS_PROTOCOL=0
_CONDOR_CHIRP_CONFIG=/var/condor/execute/dir_11106/.chirp.config
_CONDOR_ANCESTOR_3365=3581:1596369961:2310611161
MAKELEVEL=1
MFLAGS=
_CONDOR_ANCESTOR_11106=11118:1597419253:7267286
MAIL=/var/spool/mail/nkremerh
PATH=/afs/crc.nd.edu/user/n/nkremerh/cctools/bin:/afs/crc.nd.edu/user/n/nkremerh/miniconda/bin:/afs/crc.nd.edu/group/ccl/software/git:/afs/crc.nd.edu/user/n/nkremerh/.local/bin:/afs/crc.nd.edu/group/ccl/software/x86_64/redhat7/povray/3.7/bin:/afs/crc.nd.edu/user/n/nkremerh/.perl5/bin:/afs/crc.nd.edu/user/n/nkremerh/pegasus/bin:/afs/crc.nd.edu/user/n/nkremerh/nodejs/bin:/afs/crc.nd.edu/user/n/nkremerh/montage/bin:/afs/crc.nd.edu/user/n/nkremerh/latexdiff:/afs/crc.nd.edu/user/n/nkremerh/envtrace:/afs/crc.nd.edu/user/n/nkremerh/endlines:/afs/crc.nd.edu/user/n/nkremerh/cctools/bin:/afs/crc.nd.edu/user/n/nkremerh/.cargo/bin:/afs/crc.nd.edu/group/ccl/software/x86_64/redhat7/ruby/current/bin:/afs/crc.nd.edu/group/ccl/software/x86_64/redhat7/graphviz/current/bin:/afs/crc.nd.edu/group/ccl/software/x86_64/redhat7/gnuplot/current/bin:/afs/crc.nd.edu/group/ccl/software/x86_64/redhat7/git/current/bin:/afs/crc.nd.edu/group/ccl/software/x86_64/redhat7/condor/current/sbin:/afs/crc.nd.edu/group/ccl/software/x86_64/redhat7/condor/current/bin:/afs/crc.nd.edu/group/ccl/software/x86_64/redhat7/cmake/current/bin:/afs/crc.nd.edu/group/ccl/software/x86_64/redhat7/clang/current/bin:/afs/crc.nd.edu/group/ccl/software/x86_64/redhat7/condor/current/sbin:/afs/crc.nd.edu/group/ccl/software/x86_64/redhat7/condor/current/bin:/afs/crc.nd.edu/group/ccl/software/x86_64/redhat7/cctools/current/bin:/afs/crc.nd.edu/x86_64_linux/Modules/4.5.0/bin:/opt/crc/usr/local/bin:/opt/sge/bin/lx-amd64:/usr/local/bin:/usr/bin:/usr/local/sbin:/usr/sbin:/afs/crc.nd.edu/user/c/condor/software/bin:/afs/crc.nd.edu/user/c/condor/software/sbin
CCLSOFTWARE=/afs/crc.nd.edu/group/ccl/software/x86_64/redhat7
PWD=/var/condor/execute/dir_11106/worker-213124-11185/t.1048
_LMFILES_=/afs/crc.nd.edu/x86_64_linux/Modules/modules/system_modules/CRC_default/1.1
EDITOR=vim
SGE_EXECD_PORT=6445
LANG=en_US.UTF-8
SGE_QMASTER_PORT=6444
MODULEPATH=/afs/crc.nd.edu/x86_64_linux/Modules/modules/development_tools_and_libraries:/afs/crc.nd.edu/x86_64_linux/Modules/modules/general_software:/afs/crc.nd.edu/x86_64_linux/Modules/modules/restricted_software:/afs/crc.nd.edu/x86_64_linux/Modules/modules/system_modules:/afs/crc.nd.edu/x86_64_linux/Modules/modules/deprecated_software:/afs/crc.nd.edu/x86_64_linux/Modules/current/modulefiles
LOADEDMODULES=CRC_default/1.1
SGE_ROOT=/opt/sge
CCLPLATFORM=x86_64/redhat7
_CONDOR_SLOT=slot2_2
WORK_QUEUE_SANDBOX=/var/condor/execute/dir_11106/worker-213124-11185
USE_SYSTEMD=true
_CONDOR_LOWPORT=9100
_CONDOR_ANCESTOR_3581=11106:1597419250:2078877540
HISTCONTROL=ignoreboth:erasedups
KRB5CCNAME=FILE:/tmp/krb5cc_213124_jfvfni
GLOBUS_GSSAPI_NAME_COMPATIBILITY=STRICT_RFC2818
HOME=disc01.crc.nd.edu
SHLVL=6
PATH_modshare=/opt/crc/usr/local/bin:1:/opt/sge/bin/lx-amd64:1:/usr/sbin:1:/usr/bin:1:/afs/crc.nd.edu/user/c/condor/software/sbin:1:/usr/local/sbin:1:/afs/crc.nd.edu/user/c/condor/software/bin:1:/usr/local/bin:1
OSTYPE=linux
_CONDOR_MACHINE_AD=/var/condor/execute/dir_11106/.machine.ad
GREP_OPTIONS=--color=auto
DISK=18236
GLOBUS_GSSAPI_MIN_TLS_PROTOCOL=TLS1_VERSION
MANPATH_modshare=/usr/share/man/overrides:1:/usr/local/share/man:1:/usr/share/man:1:/opt/crc/usr/local/man:1:/opt/sge/man:1
MEMORY=1948
PERL_LOCAL_LIB_ROOT=/afs/crc.nd.edu/user/n/nkremerh/.perl5/
BASH_ENV=/afs/crc.nd.edu/x86_64_linux/Modules/4.5.0/init/bash
VENDOR=unknown
TMP=/var/condor/execute/dir_11106/worker-213124-11185/t.1048/cctools-temp-t.1048.H1ql1B
LOGNAME=nkremerh
MACHTYPE=x86_64
CCLHOME=/afs/crc.nd.edu/group/ccl
PYTHONPATH=/afs/crc.nd.edu/user/n/nkremerh/cctools/lib/python3.6/site-packages/
LD_LIBRARY_PATH_modshare=/opt/crc/usr/local/lib:1
SSH_CONNECTION=129.74.154.87 57278 129.74.128.103 22
MODULES_LMALTNAME_modshare=CRC_default/1.1&CRC_default/default&CRC_default:1
MODULESHOME=/afs/crc.nd.edu/x86_64_linux/Modules/4.5.0
GLOBUS_GSSAPI_CIPHERS=HIGH
GLOBUS_GSSAPI_BACKWARD_COMPATIBLE_MIC=true
LESSOPEN=||/usr/bin/lesspipe.sh %s
OMP_NUM_THREADS=1
_CONDOR_JOB_AD=/var/condor/execute/dir_11106/.job.ad
LOADEDMODULES_modshare=CRC_default/1.1:1
XDG_RUNTIME_DIR=/run/user/213124
SGE_CLUSTER_NAME=CRC
CCTOOLS=../cctools
CORES=2
_CONDOR_JOB_IWD=/var/condor/execute/dir_11106
PERL_MM_OPT=INSTALL_BASE=/afs/crc.nd.edu/user/n/nkremerh/.perl5/
GLOBUS_GSSAPI_SERVER_CIPHER_ORDER=true
BASH_FUNC_module()=() {  unset _mlshdbg;
 if [ "${MODULES_SILENT_SHELL_DEBUG:-0}" = '1' ]; then
 case "$-" in 
 *v*x*)
 set +vx;
 _mlshdbg='vx'
 ;;
 *v*)
 set +v;
 _mlshdbg='v'
 ;;
 *x*)
 set +x;
 _mlshdbg='x'
 ;;
 *)
 _mlshdbg=''
 ;;
 esac;
 fi;
 unset _mlre _mlIFS;
 if [ -n "${IFS+x}" ]; then
 _mlIFS=$IFS;
 fi;
 IFS=' ';
 for _mlv in ${MODULES_RUN_QUARANTINE:-};
 do
 if [ "${_mlv}" = "${_mlv##*[!A-Za-z0-9_]}" -a "${_mlv}" = "${_mlv#[0-9]}" ]; then
 if [ -n "`eval 'echo ${'$_mlv'+x}'`" ]; then
 _mlre="${_mlre:-}${_mlv}_modquar='`eval 'echo ${'$_mlv'}'`' ";
 fi;
 _mlrv="MODULES_RUNENV_${_mlv}";
 _mlre="${_mlre:-}${_mlv}='`eval 'echo ${'$_mlrv':-}'`' ";
 fi;
 done;
 if [ -n "${_mlre:-}" ]; then
 eval `eval ${_mlre}/usr/bin/tclsh /afs/crc.nd.edu/x86_64_linux/Modules/4.5.0/libexec/modulecmd.tcl bash '"$@"'`;
 else
 eval `/usr/bin/tclsh /afs/crc.nd.edu/x86_64_linux/Modules/4.5.0/libexec/modulecmd.tcl bash "$@"`;
 fi;
 _mlstatus=$?;
 if [ -n "${_mlIFS+x}" ]; then
 IFS=$_mlIFS;
 else
 unset IFS;
 fi;
 unset _mlre _mlv _mlrv _mlIFS;
 if [ -n "${_mlshdbg:-}" ]; then
 set -$_mlshdbg;
 fi;
 unset _mlshdbg;
 return $_mlstatus
}
BASH_FUNC_ml()=() {  module ml "$@"
}
_=/usr/bin/printenv
