29852   0.000000 libjli.so->getenv("_JAVA_LAUNCHER_DEBUG") = nil
29852   0.001743 libjli.so->getenv("_JAVA_VERSION_SET") = nil
29852   0.000641 libjli.so->fopen("/usr/lib/jvm/java-1.8.0-openjdk-1.8.0.262.b10-0.el7_8.x86_64/jre/lib/amd64/jvm.cfg", "r") = 0x563be26600e0
29852   0.000800 libjli.so->getenv("JDK_ALTERNATE_VM") = nil
29852   0.000309 libjli.so->__xstat(1, "/usr/lib/jvm/java-1.8.0-openjdk-1.8.0.262.b10-0.el7_8.x86_64/jre/lib/amd64/server/libjvm.so", 0x7ffc800e00a0) = 0
29852   0.000588 libjli.so->getenv("LD_LIBRARY_PATH") = "/afs/crc.nd.edu/group/ccl/software/x86_64/redhat7/ruby/current/lib:/afs/crc.nd.edu/group/ccl/software/x86_64/redhat7/graphviz/current/lib:/afs/crc.nd.edu/group/ccl/software/x86_64/redhat7/git/current/lib:/afs/crc.nd.edu/group/ccl/software/x86_64/redhat7/condor/current/lib:/afs/crc.nd.edu/group/ccl/software/x86_64/redhat7/clang/current/lib:/afs/crc.nd.edu/group/ccl/software/x86_64/redhat7/condor/current/lib:/afs/crc.nd.edu/group/ccl/software/x86_64/redhat7/cctools/current/lib:/opt/crc/usr/local/lib"
29852   0.002124 libjli.so->dlopen("/usr/lib/jvm/java-1.8.0-openjdk-1.8.0.262.b10-0.el7_8.x86_64/jre/lib/amd64/server/libjvm.so", 258 <unfinished ...>
29852   0.039146 libjvm.so->getenv("NMT_LEVEL_29852") = nil
29852   0.001602 <... dlopen resumed> )          = 0x563be26604b0
29852   0.000061 libjli.so->getenv("CLASSPATH")  = nil
29852   0.000315 libjli.so->getenv("_JAVA_SPLASH_JAR") = nil
29852   0.000300 libjli.so->getenv("_JAVA_SPLASH_FILE") = nil
29852   0.000305 libjli.so->pthread_attr_setdetachstate(0x7ffc800e0050, 0, 0x7ffc800e00e0, 0) = 0
29852   0.000514 libpthread.so.0->__clone(0x2b6e24d61de0, 0x2b6e24c74fc0, 0x3d0f00, 0x2b6e24c75700) = 0x749e
29854   0.001752 libjvm.so->dlopen(0x2b6e265409ae, 1, 0xfffffffffff42c48, 4096) = 0x2b6e28000990
29854   0.003185 libjvm.so->getenv(0x2b6e2655b83e, 0, 115, 0x65737361) = 0x7ffc800e5650
29854   0.000477 libjvm.so->fopen(0x2b6e24c73c10, 0x2b6e264f7ccb, 0x6f732e79666972, 0x2b6e25639ab0) = 0x2b6e28001440
29854   0.002080 libjvm.so->dlopen(0x2b6e24c73c10, 1, 0xffffffff, 0x2b6e28002b00) = 0x2b6e28001440
29854   0.001460 libjvm.so->fopen(0x2b6e24c73c10, 0x2b6e264f7ccb, 111, 0x732e6176) = 0x2b6e28001b10
29854   0.001747 libjvm.so->dlopen(0x2b6e24c73c10, 1, 0xffffffff, 0x2b6e28001a00) = 0x2b6e28001b10
29854   0.001916 libjvm.so->__xstat(1, 0x2b6e24c74360, 0x2b6e24c74ba0, 0x746f7073746f682e) = -1
29854   0.000464 libjvm.so->getenv(0x2b6e264f0541, 0x2b6e24c746d0, 1024, 0x2b6e269aa61b) = 0
29854   0.000431 libjvm.so->getenv(0x2b6e264f0533, 0x2b6e24c746d0, 1024, 0) = 0
29854   0.000462 libjvm.so->fopen(0x2b6e26540315, 0x2b6e264f7ccb, 4095, 0xffffd491d9b0fb03) = 0x2b6e280032d0
29854   0.001023 libjvm.so->fopen(0x2b6e26540361, 0x2b6e264f7ccb, 0x2b6e28000078, 0x2b6e280032c0) = 0x2b6e280032d0
29854   0.000682 libjvm.so->fopen(0x2b6e24c6e9b0, 0x2b6e264f7ccb, 4014, 3995) = 0x2b6e280032d0
29854   0.000612 libjvm.so->opendir(0x2b6e28002b40, 0x2b6e28002b40, 13, 16) = 0
29854   0.000482 libjvm.so->__xstat(1, 0x2b6e24c738f0, 0x2b6e24c72860, 0x6f732e7477616d62) = -1
29854   0.000426 libjvm.so->__xstat(1, 0x2b6e24c738f0, 0x2b6e24c72860, 0x5f74776162696c2f) = 0
29854   0.000489 libjvm.so->fopen(0x2b6e24c72b90, 0x2b6e264f7ccb, 4009, 3994) = 0x2b6e280037b0
29854   0.000598 libjvm.so->fopen(0x2b6e24c72b90, 0x2b6e264f7ccb, 4009, 3994) = 0x2b6e280037b0
29854   0.000603 libjvm.so->fopen(0x2b6e24c72b90, 0x2b6e264f7ccb, 4009, 4002) = 0x2b6e280037b0
29854   0.000691 libjvm.so->fopen(0x2b6e24c72b20, 0x2b6e264f7ccb, 4009, 3994) = 0x2b6e280037b0
29854   0.000621 libjvm.so->fopen(0x2b6e24c72b20, 0x2b6e264f7ccb, 4009, 3994) = 0x2b6e280037b0
29854   0.000598 libjvm.so->fopen(0x2b6e24c72b20, 0x2b6e264f7ccb, 4009, 4002) = 0x2b6e280037b0
29854   0.000599 libjvm.so->fopen(0x2b6e24c72b50, 0x2b6e264f7ccb, 4014, 3995) = 0x2b6e280037b0
29854   0.000841 libjvm.so->getenv(0x2b6e265410ff, 4096, 3, -1) = 0
29854   0.000935 libjvm.so->fopen(0x2b6e26540998, 0x2b6e264f7ccb, 0x2b6e24d58908, 0x2b6e24d57df0) = 0x2b6e280037b0
29854   0.009877 libjvm.so->open(0x2b6e2804a5a0, 0x20000, 0, 0x2b6e2804a5e9) = 3
29854   0.000444 libjvm.so->__fxstat(1, 3, 0x2b6e24c74a00, -1) = 0
29854   0.000475 libjvm.so->opendir(0x2b6e2804a5a0, 0x2b6e24c74a00, 0x4000, -1) = 0x2b6e2804b4b0
29854   0.000465 libjvm.so->__fxstat(1, 3, 0x2b6e24c748a0, 0x2b6e2804b4b0) = 0
29854   0.000464 libjvm.so->__fxstat(1, 5, 0x2b6e24c74930, -1) = 0
29854   0.000450 libjvm.so->open(0x2b6e2650e9dc, 0, 0, 0) = 3
29854   0.000650 libjvm.so->__lxstat(1, 0x2b6e2804a5a0, 0x2b6e24c74b50, -144) = 0
29854   0.000450 libjvm.so->open(0x2b6e2804a5a0, 0x20000, 0x4000, -1) = 3
29854   0.000437 libjvm.so->__fxstat(1, 3, 0x2b6e24c74a00, -1) = 0
29854   0.000450 libjvm.so->opendir(0x2b6e2804a5a0, 0x2b6e24c74a00, 0x4000, -1) = 0x2b6e2804b4b0
29854   0.000439 libjvm.so->__fxstat(1, 3, 0x2b6e24c748a0, 0x2b6e2804b4b0) = 0
29854   0.000423 libjvm.so->__fxstat(1, 5, 0x2b6e24c74930, -1) = 0
29854   0.000456 libjvm.so->open(0x2b6e2650e9dc, 0, 0, 0) = 3
29854   0.000453 libjvm.so->open(0x2b6e2804a5e9, 0x20042, 384, -1) = 7
29854   0.000600 libjvm.so->__fxstat(1, 7, 0x2b6e24c74b50, -1) = 0
29854   0.002577 libjvm.so->fopen(0x2b6e24c73b60, 0x2b6e264f7ccb, 4, 0x6f732e70) = 0x2b6e28057c00
29854   0.001883 libjvm.so->dlopen(0x2b6e24c73b60, 1, 0xffffffff, 0x2b6e28057b00) = 0x2b6e28057c00
29854   0.001474 libjvm.so->__xstat(1, 0x2b6e24c74120, 0x2b6e24c74950, 2048) = 0
29854   0.000502 libjvm.so->__xstat(1, 0x2b6e24c74120, 0x2b6e24c74950, 2048) = 0
29854   0.000444 libjvm.so->__xstat(1, 0x2b6e24c74120, 0x2b6e24c74950, 2048) = -1
29854   0.000453 libjvm.so->__xstat(1, 0x2b6e24c74120, 0x2b6e24c74950, 2048) = 0
29854   0.000422 libjvm.so->__xstat(1, 0x2b6e24c74120, 0x2b6e24c74950, 2048) = 0
29854   0.000454 libjvm.so->__xstat(1, 0x2b6e24c74120, 0x2b6e24c74950, 2048) = 0
29854   0.000451 libjvm.so->__xstat(1, 0x2b6e24c74120, 0x2b6e24c74950, 2048) = 0
29854   0.000467 libjvm.so->__xstat(1, 0x2b6e24c74120, 0x2b6e24c74950, 2048) = -1
29854   0.000453 libjvm.so->fopen(0x2b6e28002520, 0x2b6e264f7ccb, 0, 0) = 0x2b6e28058aa0
29854   0.009088 libjvm.so->open64(0x2b6e24c73410, 0, 0, 16) = 3
29854   0.000490 libjvm.so->__fxstat64(1, 3, 0x2b6e24c73240, -1) = 0
29854   0.036283 libjvm.so->__xstat(1, 0x2b6e24c73f20, 0x2b6e24c74750, 2048) = -1
29854   0.000605 libjvm.so->fopen(0x2b6e24c72b20, 0x2b6e264f7ccb, 4009, 3994) = 0x2b6e280b1fb0
29854   0.001118 libjvm.so->fopen(0x2b6e24c72b20, 0x2b6e264f7ccb, 4009, 3994) = 0x2b6e280b1fb0
29854   0.000613 libjvm.so->fopen(0x2b6e24c72b20, 0x2b6e264f7ccb, 4009, 4002) = 0x2b6e280b1fb0
29854   0.004425 libjvm.so->pthread_attr_setdetachstate(0x2b6e24c74c00, 1, 0, 0) = 0
29854   0.000480 libpthread.so.0->__clone(0x2b6e24d61de0, 0x2b6e3d6cbfc0, 0x3d0f00, 0x2b6e3d6cc700) = 0x749f
29854   0.015832 libjvm.so->pthread_attr_setdetachstate(0x2b6e24c74290, 1, 0, 0) = 0
29854   0.000686 libpthread.so.0->__clone(0x2b6e24d61de0, 0x2b6e3d7ccfc0, 0x3d0f00, 0x2b6e3d7cd700) = 0x74a0
29854   0.007191 libjvm.so->pthread_attr_setdetachstate(0x2b6e24c74610, 1, 0, 0) = 0
29854   0.000787 libpthread.so.0->__clone(0x2b6e24d61de0, 0x2b6e3d8cdfc0, 0x3d0f00, 0x2b6e3d8ce700) = 0x74a1
29854   0.040479 libjvm.so->fopen(0x2b6e280f1810, 0x2b6e264f7ccb, 4, 0x6f732e70) = 0x2b6e280f1d10
29854   0.002015 libjvm.so->dlopen(0x2b6e280f1810, 1, 0xffffffff, 0x2b6e280e8c00) = 0x2b6e28057c00
29854   0.005181 libjvm.so->open64(0x2b6e24c73510, 0, 0, 16) = 5
29854   0.000899 libjvm.so->__fxstat64(1, 5, 0x2b6e24c73340, -1) = 0
29854   0.020449 libjvm.so->fopen(0x2b6e24c70130, 0x2b6e264f7ccb, 4009, 3994) = 0x2b6e280fcce0
29854   0.001190 libjvm.so->fopen(0x2b6e24c70130, 0x2b6e264f7ccb, 4009, 3994) = 0x2b6e280fcce0
29854   0.001296 libjvm.so->fopen(0x2b6e24c70130, 0x2b6e264f7ccb, 4009, 4002) = 0x2b6e280fcce0
29854   0.015483 libjvm.so->pthread_attr_setdetachstate(0x2b6e24c74b50, 1, 0, 0) = 0
29854   0.000970 libpthread.so.0->__clone(0x2b6e24d61de0, 0x2b6e3d9cefc0, 0x3d0f00, 0x2b6e3d9cf700) = 0x74a2
29854   0.001485 libjvm.so->__xstat64(1, 0x2b6e24c74be0, 0x2b6e24c74b50, 19) = -1
29854   0.001161 libjvm.so->pthread_attr_setdetachstate(0x2b6e24c74950, 1, 0, 0) = 0
29854   0.001083 libpthread.so.0->__clone(0x2b6e24d61de0, 0x2b6e3dacffc0, 0x3d0f00, 0x2b6e3dad0700) = 0x74a3
29854   0.001654 libjvm.so->pthread_attr_setdetachstate(0x2b6e24c74950, 1, 0, 0) = 0
29854   0.001259 libpthread.so.0->__clone(0x2b6e24d61de0, 0x2b6e3dbd0fc0, 0x3d0f00, 0x2b6e3dbd1700) = 0x74a4
29854   0.008359 libjvm.so->pthread_attr_setdetachstate(0x2b6e24c74aa0, 1, 0, 0) = 0
29854   0.001403 libpthread.so.0->__clone(0x2b6e24d61de0, 0x2b6e3dcd1fc0, 0x3d0f00, 0x2b6e3dcd2700) = 0x74a5
29854   0.002171 libjvm.so->pthread_attr_setdetachstate(0x2b6e24c74bb0, 1, 0, 0) = 0
29854   0.001681 libpthread.so.0->__clone(0x2b6e24d61de0, 0x2b6e3ddd2fc0, 0x3d0f00, 0x2b6e3ddd3700) = 0x74a6
29854   0.017169 libjvm.so->open64(0x2b6e2812ecf0, 0, 0, 48) = 7
29854   0.002203 libjvm.so->__fxstat64(1, 7, 0x2b6e24c71f60, -1) = 0
29854   0.026858 libjvm.so->fopen(0x2b6e28154bd0, 0x2b6e264f7ccb, 4, 0x6f732e6f) = 0x2b6e28154c90
29854   0.003507 libjvm.so->dlopen(0x2b6e28154bd0, 1, 0xffffffff, 0x2b6e28154c00) = 0x2b6e28154c90
29854   0.110113 libjvm.so->fopen(0x2b6e24c6ee40, 0x2b6e264f7ccb, 0x6f732e, 0x6d766a62696c2f72) = 0x2b6e2819f3f0
29854   0.007727 libjvm.so->dlopen(0x2b6e24c6ee40, 1, 0xffffffff, 0x2b6e28169d00) = 0x563be26604b0
29854   0.001683 libjvm.so->fopen(0x2b6e24c6ee40, 0x2b6e264f7ccb, 0x6f732e, 0x6d766a62696c2f72) = 0x2b6e2819f860
29854   0.005015 libjvm.so->dlopen(0x2b6e24c6ee40, 1, 0xffffffff, 0x2b6e28169d00) = 0x563be26604b0
29854   0.001669 libjvm.so->fopen(0x2b6e24c6ee40, 0x2b6e264f7ccb, 0x6f732e, 0x6d766a62696c2f72) = 0x2b6e2819f490
29854   0.003335 libjvm.so->dlopen(0x2b6e24c6ee40, 1, 0xffffffff, 0x2b6e28169d00) = 0x563be26604b0
29854   0.001762 libjvm.so->fopen(0x2b6e24c6ee40, 0x2b6e264f7ccb, 0x6f732e, 0x6d766a62696c2f72) = 0x2b6e2819f490
29854   0.003332 libjvm.so->dlopen(0x2b6e24c6ee40, 1, 0xffffffff, 0x2b6e28169d00) = 0x563be26604b0
29854   0.046920 libjvm.so->fopen(0x2b6e281bb280, 0x2b6e264f7ccb, 4, 0x6f732e74) = 0x2b6e281b18a0
29854   0.003172 libjvm.so->dlopen(0x2b6e281bb280, 1, 0xffffffff, 0x2b6e281bac00) = 0x2b6e281b18a0
29854   0.144097 libjvm.so->fopen(0x2b6e28228a40, 0x2b6e264f7ccb, 0x6f732e7373656c, 0x656c646165685f74) = 0x2b6e28228b20
29854   0.003836 libjvm.so->dlopen(0x2b6e28228a40, 1, 0xffffffff, 0x2b6e28228a00) = 0x2b6e28228b20
29862   0.039272 +++ exited (status 0) +++
29858   0.000253 +++ exited (status 0) +++
29855   0.000329 +++ exited (status 0) +++
29854   0.000241 +++ exited (status 0) +++
29861   0.000299 +++ exited (status 1) +++
29859   0.000024 +++ exited (status 1) +++
29857   0.000014 +++ exited (status 1) +++
29856   0.000013 +++ exited (status 1) +++
29860   0.004573 +++ exited (status 1) +++
29852   0.000048 +++ exited (status 1) +++
Wrote an ltrace for command: "java -cp ./tools/maxent.jar density.Project outputs/Hypocysta_metirius_Butler/Hypocysta_metirius_Butler.lambdas data/layers/worldclim outputs/Hypocysta_metirius_Butler_worldclim.asc nowarnings nocache autorun -z" with PID 29850 from PPID 29834 on disc22.crc.nd.edu with result 1
REMOTEHOST=10.17.148.247
_CONDOR_JOB_PIDS=
MANPATH=/afs/crc.nd.edu/user/n/nkremerh/cctools/share/man/:/afs/crc.nd.edu/group/ccl/software/x86_64/redhat7/ruby/current/share/man:/afs/crc.nd.edu/group/ccl/software/x86_64/redhat7/graphviz/current/share/man:/afs/crc.nd.edu/group/ccl/software/x86_64/redhat7/gnuplot/current/share/man:/afs/crc.nd.edu/group/ccl/software/x86_64/redhat7/git/current/share/man:/afs/crc.nd.edu/group/ccl/software/x86_64/redhat7/condor/current/share/man:/afs/crc.nd.edu/group/ccl/software/x86_64/redhat7/clang/current/share/man:/afs/crc.nd.edu/group/ccl/software/x86_64/redhat7/condor/current/share/man:/afs/crc.nd.edu/group/ccl/software/x86_64/redhat7/cctools/current/share/man:/afs/crc.nd.edu/group/ccl/software/x86_64/redhat7/cctools/current/share/man:/afs/crc.nd.edu/x86_64_linux/Modules/4.5.0/share/man:/opt/crc/usr/local/man:/opt/sge/man:/usr/share/man/overrides:/usr/share/man:/usr/local/share/man
XDG_SESSION_ID=2686
HOSTNAME=disc01.crc.nd.edu
_LMFILES__modshare=/afs/crc.nd.edu/x86_64_linux/Modules/modules/system_modules/CRC_default/1.1:1
MODULEPATH_modshare=/afs/crc.nd.edu/x86_64_linux/Modules/modules/general_software:1:/afs/crc.nd.edu/x86_64_linux/Modules/modules/development_tools_and_libraries:1:/afs/crc.nd.edu/x86_64_linux/Modules/modules/system_modules:1:/afs/crc.nd.edu/x86_64_linux/Modules/current/modulefiles:1:/afs/crc.nd.edu/x86_64_linux/Modules/modules/restricted_software:1:/afs/crc.nd.edu/x86_64_linux/Modules/modules/deprecated_software:1
MODULES_CMD=/afs/crc.nd.edu/x86_64_linux/Modules/4.5.0/libexec/modulecmd.tcl
HOST=disc01.crc.nd.edu
SHELL=/bin/tcsh
TERM=xterm-256color
MAKEFLAGS=
HISTSIZE=5000
TMPDIR=/var/condor/execute/dir_14571/worker-213124-14663/t.1803/cctools-temp-t.1803.5YBB1M
SSH_CLIENT=10.17.148.247 49750 22
PERL5LIB=/afs/crc.nd.edu/user/n/nkremerh/cctools/lib/perl5/site_perl/5.16.3:/afs/crc.nd.edu/user/n/nkremerh/.perl5/lib/perl5
SGE_CELL=crc
_CONDOR_SCRATCH_DIR=/var/condor/execute/dir_14571
PERL_MB_OPT=--install_base '/afs/crc.nd.edu/user/n/nkremerh/.perl5/'
SSH_TTY=/dev/pts/0
SGE_LOAD_AVG=load_avg
MAKEFLOW_MAX_LOCAL_JOBS=2
HISTFILESIZE=10000
_CHIRP_DELAYED_UPDATE_PREFIX=Chirp*
USER=nkremerh
GROUP=campus
LD_LIBRARY_PATH=/afs/crc.nd.edu/group/ccl/software/x86_64/redhat7/ruby/current/lib:/afs/crc.nd.edu/group/ccl/software/x86_64/redhat7/graphviz/current/lib:/afs/crc.nd.edu/group/ccl/software/x86_64/redhat7/git/current/lib:/afs/crc.nd.edu/group/ccl/software/x86_64/redhat7/condor/current/lib:/afs/crc.nd.edu/group/ccl/software/x86_64/redhat7/clang/current/lib:/afs/crc.nd.edu/group/ccl/software/x86_64/redhat7/condor/current/lib:/afs/crc.nd.edu/group/ccl/software/x86_64/redhat7/cctools/current/lib:/opt/crc/usr/local/lib
TEMP=/var/condor/execute/dir_14571/worker-213124-14663/t.1803/cctools-temp-t.1803.5YBB1M
BATCH_SYSTEM=HTCondor
WORKER_TMPDIR=/var/condor/execute/dir_14571/worker-213124-14663/cache/tmp
ENV=/afs/crc.nd.edu/x86_64_linux/Modules/4.5.0/init/profile.sh
MODULES_LMALTNAME=CRC_default/1.1&CRC_default/default&CRC_default
_CONDOR_CHIRP_CONFIG=/var/condor/execute/dir_14571/.chirp.config
GLOBUS_GSSAPI_MAX_TLS_PROTOCOL=0
_CONDOR_HIGHPORT=9999
HOSTTYPE=x86_64-linux
MAKELEVEL=1
MFLAGS=
CCLSOFTWARE=/afs/crc.nd.edu/group/ccl/software/x86_64/redhat7
PATH=/afs/crc.nd.edu/user/n/nkremerh/cctools/bin:/afs/crc.nd.edu/user/n/nkremerh/miniconda/bin:/afs/crc.nd.edu/group/ccl/software/git:/afs/crc.nd.edu/user/n/nkremerh/.local/bin:/afs/crc.nd.edu/group/ccl/software/x86_64/redhat7/povray/3.7/bin:/afs/crc.nd.edu/user/n/nkremerh/.perl5/bin:/afs/crc.nd.edu/user/n/nkremerh/pegasus/bin:/afs/crc.nd.edu/user/n/nkremerh/nodejs/bin:/afs/crc.nd.edu/user/n/nkremerh/montage/bin:/afs/crc.nd.edu/user/n/nkremerh/latexdiff:/afs/crc.nd.edu/user/n/nkremerh/envtrace:/afs/crc.nd.edu/user/n/nkremerh/endlines:/afs/crc.nd.edu/user/n/nkremerh/cctools/bin:/afs/crc.nd.edu/user/n/nkremerh/.cargo/bin:/afs/crc.nd.edu/group/ccl/software/x86_64/redhat7/ruby/current/bin:/afs/crc.nd.edu/group/ccl/software/x86_64/redhat7/graphviz/current/bin:/afs/crc.nd.edu/group/ccl/software/x86_64/redhat7/gnuplot/current/bin:/afs/crc.nd.edu/group/ccl/software/x86_64/redhat7/git/current/bin:/afs/crc.nd.edu/group/ccl/software/x86_64/redhat7/condor/current/sbin:/afs/crc.nd.edu/group/ccl/software/x86_64/redhat7/condor/current/bin:/afs/crc.nd.edu/group/ccl/software/x86_64/redhat7/cmake/current/bin:/afs/crc.nd.edu/group/ccl/software/x86_64/redhat7/clang/current/bin:/afs/crc.nd.edu/group/ccl/software/x86_64/redhat7/condor/current/sbin:/afs/crc.nd.edu/group/ccl/software/x86_64/redhat7/condor/current/bin:/afs/crc.nd.edu/group/ccl/software/x86_64/redhat7/cctools/current/bin:/afs/crc.nd.edu/x86_64_linux/Modules/4.5.0/bin:/opt/crc/usr/local/bin:/opt/sge/bin/lx-amd64:/usr/local/bin:/usr/bin:/usr/local/sbin:/usr/sbin:/afs/crc.nd.edu/user/c/condor/software/bin:/afs/crc.nd.edu/user/c/condor/software/sbin
MAIL=/var/spool/mail/nkremerh
PWD=/var/condor/execute/dir_14571/worker-213124-14663/t.1803
_LMFILES_=/afs/crc.nd.edu/x86_64_linux/Modules/modules/system_modules/CRC_default/1.1
SGE_EXECD_PORT=6445
EDITOR=vim
LANG=en_US.UTF-8
MODULEPATH=/afs/crc.nd.edu/x86_64_linux/Modules/modules/development_tools_and_libraries:/afs/crc.nd.edu/x86_64_linux/Modules/modules/general_software:/afs/crc.nd.edu/x86_64_linux/Modules/modules/restricted_software:/afs/crc.nd.edu/x86_64_linux/Modules/modules/system_modules:/afs/crc.nd.edu/x86_64_linux/Modules/modules/deprecated_software:/afs/crc.nd.edu/x86_64_linux/Modules/current/modulefiles
SGE_QMASTER_PORT=6444
SGE_ROOT=/opt/sge
LOADEDMODULES=CRC_default/1.1
WORK_QUEUE_SANDBOX=/var/condor/execute/dir_14571/worker-213124-14663
_CONDOR_SLOT=slot2_2
CCLPLATFORM=x86_64/redhat7
USE_SYSTEMD=true
_CONDOR_LOWPORT=9100
KRB5CCNAME=FILE:/tmp/krb5cc_213124_dlYXoi
HISTCONTROL=ignoreboth:erasedups
PATH_modshare=/opt/crc/usr/local/bin:1:/opt/sge/bin/lx-amd64:1:/usr/sbin:1:/usr/bin:1:/afs/crc.nd.edu/user/c/condor/software/sbin:1:/usr/local/sbin:1:/afs/crc.nd.edu/user/c/condor/software/bin:1:/usr/local/bin:1
SHLVL=7
HOME=disc01.crc.nd.edu
GLOBUS_GSSAPI_NAME_COMPATIBILITY=STRICT_RFC2818
_CONDOR_MACHINE_AD=/var/condor/execute/dir_14571/.machine.ad
OSTYPE=linux
DISK=18256
GREP_OPTIONS=--color=auto
GLOBUS_GSSAPI_MIN_TLS_PROTOCOL=TLS1_VERSION
MEMORY=1948
MANPATH_modshare=/usr/share/man/overrides:1:/usr/local/share/man:1:/usr/share/man:1:/opt/crc/usr/local/man:1:/opt/sge/man:1
VENDOR=unknown
BASH_ENV=/afs/crc.nd.edu/x86_64_linux/Modules/4.5.0/init/bash
PERL_LOCAL_LIB_ROOT=/afs/crc.nd.edu/user/n/nkremerh/.perl5/
PYTHONPATH=/afs/crc.nd.edu/user/n/nkremerh/cctools/lib/python3.6/site-packages/
CCLHOME=/afs/crc.nd.edu/group/ccl
MACHTYPE=x86_64
LOGNAME=nkremerh
TMP=/var/condor/execute/dir_14571/worker-213124-14663/t.1803/cctools-temp-t.1803.5YBB1M
LD_LIBRARY_PATH_modshare=/opt/crc/usr/local/lib:1
MODULES_LMALTNAME_modshare=CRC_default/1.1&CRC_default/default&CRC_default:1
SSH_CONNECTION=10.17.148.247 49750 129.74.128.103 22
MODULESHOME=/afs/crc.nd.edu/x86_64_linux/Modules/4.5.0
OMP_NUM_THREADS=1
LESSOPEN=||/usr/bin/lesspipe.sh %s
GLOBUS_GSSAPI_BACKWARD_COMPATIBLE_MIC=true
GLOBUS_GSSAPI_CIPHERS=HIGH
LOADEDMODULES_modshare=CRC_default/1.1:1
_CONDOR_JOB_AD=/var/condor/execute/dir_14571/.job.ad
_CONDOR_ANCESTOR_3813=14571:1599499132:863842651
SGE_CLUSTER_NAME=CRC
XDG_RUNTIME_DIR=/run/user/213124
CCTOOLS=../cctools
CORES=2
_CONDOR_ANCESTOR_14571=14632:1599499133:2630697064
_CONDOR_JOB_IWD=/var/condor/execute/dir_14571
PERL_MM_OPT=INSTALL_BASE=/afs/crc.nd.edu/user/n/nkremerh/.perl5/
_CONDOR_ANCESTOR_3607=3813:1598183989:3519041155
GLOBUS_GSSAPI_SERVER_CIPHER_ORDER=true
BASH_FUNC_module()=() {  unset _mlshdbg;
 if [ "${MODULES_SILENT_SHELL_DEBUG:-0}" = '1' ]; then
 case "$-" in 
 *v*x*)
 set +vx;
 _mlshdbg='vx'
 ;;
 *v*)
 set +v;
 _mlshdbg='v'
 ;;
 *x*)
 set +x;
 _mlshdbg='x'
 ;;
 *)
 _mlshdbg=''
 ;;
 esac;
 fi;
 unset _mlre _mlIFS;
 if [ -n "${IFS+x}" ]; then
 _mlIFS=$IFS;
 fi;
 IFS=' ';
 for _mlv in ${MODULES_RUN_QUARANTINE:-};
 do
 if [ "${_mlv}" = "${_mlv##*[!A-Za-z0-9_]}" -a "${_mlv}" = "${_mlv#[0-9]}" ]; then
 if [ -n "`eval 'echo ${'$_mlv'+x}'`" ]; then
 _mlre="${_mlre:-}${_mlv}_modquar='`eval 'echo ${'$_mlv'}'`' ";
 fi;
 _mlrv="MODULES_RUNENV_${_mlv}";
 _mlre="${_mlre:-}${_mlv}='`eval 'echo ${'$_mlrv':-}'`' ";
 fi;
 done;
 if [ -n "${_mlre:-}" ]; then
 eval `eval ${_mlre}/usr/bin/tclsh /afs/crc.nd.edu/x86_64_linux/Modules/4.5.0/libexec/modulecmd.tcl bash '"$@"'`;
 else
 eval `/usr/bin/tclsh /afs/crc.nd.edu/x86_64_linux/Modules/4.5.0/libexec/modulecmd.tcl bash "$@"`;
 fi;
 _mlstatus=$?;
 if [ -n "${_mlIFS+x}" ]; then
 IFS=$_mlIFS;
 else
 unset IFS;
 fi;
 unset _mlre _mlv _mlrv _mlIFS;
 if [ -n "${_mlshdbg:-}" ]; then
 set -$_mlshdbg;
 fi;
 unset _mlshdbg;
 return $_mlstatus
}
BASH_FUNC_ml()=() {  module ml "$@"
}
_=/usr/bin/printenv
