1974   0.000000 libjli.so->getenv("_JAVA_LAUNCHER_DEBUG") = nil
1974   0.001838 libjli.so->getenv("_JAVA_VERSION_SET") = nil
1974   0.000781 libjli.so->fopen("/usr/lib/jvm/java-1.8.0-openjdk-1.8.0.262.b10-0.el7_8.x86_64/jre/lib/amd64/jvm.cfg", "r") = 0x5585173c10f0
1974   0.000814 libjli.so->getenv("JDK_ALTERNATE_VM") = nil
1974   0.000309 libjli.so->__xstat(1, "/usr/lib/jvm/java-1.8.0-openjdk-1.8.0.262.b10-0.el7_8.x86_64/jre/lib/amd64/server/libjvm.so", 0x7ffedb6fd3f0) = 0
1974   0.000623 libjli.so->getenv("LD_LIBRARY_PATH") = "/afs/crc.nd.edu/group/ccl/software/x86_64/redhat7/ruby/current/lib:/afs/crc.nd.edu/group/ccl/software/x86_64/redhat7/graphviz/current/lib:/afs/crc.nd.edu/group/ccl/software/x86_64/redhat7/git/current/lib:/afs/crc.nd.edu/group/ccl/software/x86_64/redhat7/condor/current/lib:/afs/crc.nd.edu/group/ccl/software/x86_64/redhat7/clang/current/lib:/afs/crc.nd.edu/group/ccl/software/x86_64/redhat7/condor/current/lib:/afs/crc.nd.edu/group/ccl/software/x86_64/redhat7/cctools/current/lib:/opt/crc/usr/local/lib"
1974   0.002185 libjli.so->dlopen("/usr/lib/jvm/java-1.8.0-openjdk-1.8.0.262.b10-0.el7_8.x86_64/jre/lib/amd64/server/libjvm.so", 258 <unfinished ...>
1974   0.038001 libjvm.so->getenv("NMT_LEVEL_1974") = nil
1974   0.001680 <... dlopen resumed> )           = 0x5585173c14c0
1974   0.000092 libjli.so->getenv("CLASSPATH")   = nil
1974   0.000311 libjli.so->getenv("_JAVA_SPLASH_JAR") = nil
1974   0.000315 libjli.so->getenv("_JAVA_SPLASH_FILE") = nil
1974   0.000325 libjli.so->pthread_attr_setdetachstate(0x7ffedb6fd3a0, 0, 0x7ffedb6fd430, 0) = 0
1974   0.000443 libpthread.so.0->__clone(0x2b20a6537de0, 0x2b20a644afc0, 0x3d0f00, 0x2b20a644b700) = 1975
1975   0.001891 libjvm.so->dlopen(0x2b20a7d169ae, 1, 0xfffffffffff42c48, 4096) = 0x2b20ac000990
1975   0.002432 libjvm.so->getenv(0x2b20a7d3183e, 0, 115, 0x65737361) = 0x7ffedb70370e
1975   0.000436 libjvm.so->fopen(0x2b20a6449c10, 0x2b20a7ccdccb, 0x6f732e79666972, 0x2b20a6e0fab0) = 0x2b20ac001440
1975   0.001382 libjvm.so->dlopen(0x2b20a6449c10, 1, 0xffffffff, 0x2b20ac002b00) = 0x2b20ac001440
1975   0.001440 libjvm.so->fopen(0x2b20a6449c10, 0x2b20a7ccdccb, 111, 0x732e6176) = 0x2b20ac001b10
1975   0.001572 libjvm.so->dlopen(0x2b20a6449c10, 1, 0xffffffff, 0x2b20ac001a00) = 0x2b20ac001b10
1975   0.001551 libjvm.so->__xstat(1, 0x2b20a644a360, 0x2b20a644aba0, 0x746f7073746f682e) = -1
1975   0.000462 libjvm.so->getenv(0x2b20a7cc6541, 0x2b20a644a6d0, 1024, 0x2b20a818061b) = 0
1975   0.000466 libjvm.so->getenv(0x2b20a7cc6533, 0x2b20a644a6d0, 1024, 0) = 0
1975   0.000436 libjvm.so->fopen(0x2b20a7d16315, 0x2b20a7ccdccb, 4095, 0xffffd4df58339b03) = 0x2b20ac003290
1975   0.001088 libjvm.so->fopen(0x2b20a7d16361, 0x2b20a7ccdccb, 0x2b20ac000078, 0x2b20ac003280) = 0x2b20ac003290
1975   0.000661 libjvm.so->fopen(0x2b20a64449b0, 0x2b20a7ccdccb, 4016, 3997) = 0x2b20ac003290
1975   0.000736 libjvm.so->opendir(0x2b20ac002b40, 0x2b20ac002b40, 13, 16) = 0
1975   0.000436 libjvm.so->__xstat(1, 0x2b20a64498f0, 0x2b20a6448860, 0x6f732e7477616d62) = -1
1975   0.000456 libjvm.so->__xstat(1, 0x2b20a64498f0, 0x2b20a6448860, 0x5f74776162696c2f) = 0
1975   0.000492 libjvm.so->fopen(0x2b20a6448b90, 0x2b20a7ccdccb, 4011, 3996) = 0x2b20ac003770
1975   0.000673 libjvm.so->fopen(0x2b20a6448b90, 0x2b20a7ccdccb, 4011, 3996) = 0x2b20ac003770
1975   0.000592 libjvm.so->fopen(0x2b20a6448b90, 0x2b20a7ccdccb, 4011, 4004) = 0x2b20ac003770
1975   0.000631 libjvm.so->fopen(0x2b20a6448b20, 0x2b20a7ccdccb, 4011, 3996) = 0x2b20ac003770
1975   0.000658 libjvm.so->fopen(0x2b20a6448b20, 0x2b20a7ccdccb, 4011, 3996) = 0x2b20ac003770
1975   0.000582 libjvm.so->fopen(0x2b20a6448b20, 0x2b20a7ccdccb, 4011, 4004) = 0x2b20ac003770
1975   0.000633 libjvm.so->fopen(0x2b20a6448b50, 0x2b20a7ccdccb, 4016, 3997) = 0x2b20ac003770
1975   0.000817 libjvm.so->getenv(0x2b20a7d170ff, 4096, 3, -1) = 0
1975   0.001738 libjvm.so->fopen(0x2b20a7d16998, 0x2b20a7ccdccb, 0x2b20a652e908, 0x2b20a652ddf0) = 0x2b20ac003770
1975   0.006414 libjvm.so->open(0x2b20ac04a560, 0x20000, 0, 0x2b20ac04a5a9) = 3
1975   0.000446 libjvm.so->__fxstat(1, 3, 0x2b20a644aa00, -1) = 0
1975   0.000600 libjvm.so->opendir(0x2b20ac04a560, 0x2b20a644aa00, 0x4000, -1) = 0x2b20ac04b470
1975   0.000535 libjvm.so->__fxstat(1, 3, 0x2b20a644a8a0, 0x2b20ac04b470) = 0
1975   0.000441 libjvm.so->__fxstat(1, 5, 0x2b20a644a930, -1) = 0
1975   0.000479 libjvm.so->open(0x2b20a7ce49dc, 0, 0, 0) = 3
1975   0.002429 libjvm.so->__lxstat(1, 0x2b20ac04a560, 0x2b20a644ab50, -144) = 0
1975   0.000462 libjvm.so->open(0x2b20ac04a560, 0x20000, 0x4000, -1) = 3
1975   0.000447 libjvm.so->__fxstat(1, 3, 0x2b20a644aa00, -1) = 0
1975   0.000441 libjvm.so->opendir(0x2b20ac04a560, 0x2b20a644aa00, 0x4000, -1) = 0x2b20ac04b470
1975   0.000495 libjvm.so->__fxstat(1, 3, 0x2b20a644a8a0, 0x2b20ac04b470) = 0
1975   0.000429 libjvm.so->__fxstat(1, 5, 0x2b20a644a930, -1) = 0
1975   0.000483 libjvm.so->open(0x2b20a7ce49dc, 0, 0, 0) = 3
1975   0.000492 libjvm.so->open(0x2b20ac04a5a9, 0x20042, 384, -1) = 7
1975   0.000636 libjvm.so->__fxstat(1, 7, 0x2b20a644ab50, -1) = 0
1975   0.001710 libjvm.so->fopen(0x2b20a6449b60, 0x2b20a7ccdccb, 4, 0x6f732e70) = 0x2b20ac057bc0
1975   0.001399 libjvm.so->dlopen(0x2b20a6449b60, 1, 0xffffffff, 0x2b20ac057b00) = 0x2b20ac057bc0
1975   0.001535 libjvm.so->__xstat(1, 0x2b20a644a120, 0x2b20a644a950, 2048) = 0
1975   0.000463 libjvm.so->__xstat(1, 0x2b20a644a120, 0x2b20a644a950, 2048) = 0
1975   0.000443 libjvm.so->__xstat(1, 0x2b20a644a120, 0x2b20a644a950, 2048) = -1
1975   0.000449 libjvm.so->__xstat(1, 0x2b20a644a120, 0x2b20a644a950, 2048) = 0
1975   0.000438 libjvm.so->__xstat(1, 0x2b20a644a120, 0x2b20a644a950, 2048) = 0
1975   0.000463 libjvm.so->__xstat(1, 0x2b20a644a120, 0x2b20a644a950, 2048) = 0
1975   0.000458 libjvm.so->__xstat(1, 0x2b20a644a120, 0x2b20a644a950, 2048) = 0
1975   0.000463 libjvm.so->__xstat(1, 0x2b20a644a120, 0x2b20a644a950, 2048) = -1
1975   0.000446 libjvm.so->fopen(0x2b20ac002520, 0x2b20a7ccdccb, 0, 0) = 0x2b20ac058a60
1975   0.009180 libjvm.so->open64(0x2b20a6449410, 0, 0, 16) = 3
1975   0.000483 libjvm.so->__fxstat64(1, 3, 0x2b20a6449240, -1) = 0
1975   0.036315 libjvm.so->__xstat(1, 0x2b20a6449f20, 0x2b20a644a750, 2048) = -1
1975   0.000613 libjvm.so->fopen(0x2b20a6448b20, 0x2b20a7ccdccb, 4011, 3996) = 0x2b20ac0b5e20
1975   0.000703 libjvm.so->fopen(0x2b20a6448b20, 0x2b20a7ccdccb, 4011, 3996) = 0x2b20ac0b5e20
1975   0.000596 libjvm.so->fopen(0x2b20a6448b20, 0x2b20a7ccdccb, 4011, 4004) = 0x2b20ac0b5e20
1975   0.004257 libjvm.so->pthread_attr_setdetachstate(0x2b20a644ac00, 1, 0, 0) = 0
1975   0.000564 libpthread.so.0->__clone(0x2b20a6537de0, 0x2b20abdbbfc0, 0x3d0f00, 0x2b20abdbc700) = 1983
1975   0.015759 libjvm.so->pthread_attr_setdetachstate(0x2b20a644a290, 1, 0, 0) = 0
1975   0.000667 libpthread.so.0->__clone(0x2b20a6537de0, 0x2b20abebcfc0, 0x3d0f00, 0x2b20abebd700) = 1984
1975   0.007051 libjvm.so->pthread_attr_setdetachstate(0x2b20a644a610, 1, 0, 0) = 0
1975   0.000808 libpthread.so.0->__clone(0x2b20a6537de0, 0x2b20abfbdfc0, 0x3d0f00, 0x2b20abfbe700) = 1985
1975   0.040138 libjvm.so->fopen(0x2b20ac0e9150, 0x2b20a7ccdccb, 4, 0x6f732e70) = 0x2b20ac0f1c90
1975   0.001956 libjvm.so->dlopen(0x2b20ac0e9150, 1, 0xffffffff, 0x2b20ac0ec300) = 0x2b20ac057bc0
1975   0.004983 libjvm.so->open64(0x2b20a6449510, 0, 0, 16) = 5
1975   0.000889 libjvm.so->__fxstat64(1, 5, 0x2b20a6449340, -1) = 0
1975   0.019905 libjvm.so->fopen(0x2b20a6446130, 0x2b20a7ccdccb, 4011, 3996) = 0x2b20ac0fcbe0
1975   0.001161 libjvm.so->fopen(0x2b20a6446130, 0x2b20a7ccdccb, 4011, 3996) = 0x2b20ac0fcbe0
1975   0.001085 libjvm.so->fopen(0x2b20a6446130, 0x2b20a7ccdccb, 4011, 4004) = 0x2b20ac0fcbe0
1975   0.015653 libjvm.so->pthread_attr_setdetachstate(0x2b20a644ab50, 1, 0, 0) = 0
1975   0.001042 libpthread.so.0->__clone(0x2b20a6537de0, 0x2b20bf0fffc0, 0x3d0f00, 0x2b20bf100700) = 1986
1975   0.001473 libjvm.so->__xstat64(1, 0x2b20a644abe0, 0x2b20a644ab50, 18) = -1
1975   0.001189 libjvm.so->pthread_attr_setdetachstate(0x2b20a644a950, 1, 0, 0) = 0
1975   0.001082 libpthread.so.0->__clone(0x2b20a6537de0, 0x2b20bf200fc0, 0x3d0f00, 0x2b20bf201700) = 1987
1975   0.001644 libjvm.so->pthread_attr_setdetachstate(0x2b20a644a950, 1, 0, 0) = 0
1975   0.001333 libpthread.so.0->__clone(0x2b20a6537de0, 0x2b20bf301fc0, 0x3d0f00, 0x2b20bf302700) = 1988
1975   0.008145 libjvm.so->pthread_attr_setdetachstate(0x2b20a644aaa0, 1, 0, 0) = 0
1975   0.001464 libpthread.so.0->__clone(0x2b20a6537de0, 0x2b20bf402fc0, 0x3d0f00, 0x2b20bf403700) = 1989
1975   0.002660 libjvm.so->pthread_attr_setdetachstate(0x2b20a644abb0, 1, 0, 0) = 0
1975   0.002765 libpthread.so.0->__clone(0x2b20a6537de0, 0x2b20bf503fc0, 0x3d0f00, 0x2b20bf504700) = 1990
1975   0.015071 libjvm.so->open64(0x2b20ac12e970, 0, 0, 48) = 7
1975   0.001781 libjvm.so->__fxstat64(1, 7, 0x2b20a6447f60, -1) = 0
1975   0.025585 libjvm.so->fopen(0x2b20ac1546c0, 0x2b20a7ccdccb, 4, 0x6f732e6f) = 0x2b20ac154780
1975   0.003478 libjvm.so->dlopen(0x2b20ac1546c0, 1, 0xffffffff, 0x2b20ac154700) = 0x2b20ac154780
1975   0.135917 libjvm.so->fopen(0x2b20ac1a6150, 0x2b20a7ccdccb, 4, 0x6f732e74) = 0x2b20ac1a3cd0
1975   0.003173 libjvm.so->dlopen(0x2b20ac1a6150, 1, 0xffffffff, 0x2b20ac1a6a00) = 0x2b20ac1c9370
1975   0.142783 libjvm.so->fopen(0x2b20ac242060, 0x2b20a7ccdccb, 0x6f732e7373656c, 0x656c646165685f74) = 0x2b20ac242140
1975   0.002932 libjvm.so->dlopen(0x2b20ac242060, 1, 0xffffffff, 0x2b20ac242000) = 0x2b20ac242140
1975   0.019925 libjvm.so->fopen(0x2b20a6443990, 0x2b20a7ccdccb, 0x6f732e, 0x6d766a62696c2f72) = 0x2b20ac24c140
1975   0.005891 libjvm.so->dlopen(0x2b20a6443990, 1, 0xffffffff, 0x2b20ac24b600) = 0x5585173c14c0
1975   0.002473 libjvm.so->fopen(0x2b20a6443990, 0x2b20a7ccdccb, 0x6f732e, 0x6d766a62696c2f72) = 0x2b20ac24c0e0
1975   0.004874 libjvm.so->dlopen(0x2b20a6443990, 1, 0xffffffff, 0x2b20ac24b600) = 0x5585173c14c0
1975   0.001643 libjvm.so->fopen(0x2b20a6443990, 0x2b20a7ccdccb, 0x6f732e, 0x6d766a62696c2f72) = 0x2b20ac24c0e0
1975   0.003265 libjvm.so->dlopen(0x2b20a6443990, 1, 0xffffffff, 0x2b20ac24b600) = 0x5585173c14c0
1975   0.001628 libjvm.so->fopen(0x2b20a6443990, 0x2b20a7ccdccb, 0x6f732e, 0x6d766a62696c2f72) = 0x2b20ac24c0e0
1975   0.003564 libjvm.so->dlopen(0x2b20a6443990, 1, 0xffffffff, 0x2b20ac24b600) = 0x5585173c14c0
1975   0.495340 --- SIGSEGV (Segmentation fault) ---
1975   3.145789 --- SIGSEGV (Segmentation fault) ---
1990   9.337121 +++ exited (status 0) +++
1986   0.000213 +++ exited (status 0) +++
1983   0.010442 +++ exited (status 0) +++
1975   0.000342 +++ exited (status 0) +++
1989   0.003340 +++ exited (status 0) +++
1988   0.000028 +++ exited (status 0) +++
1987   0.000015 +++ exited (status 0) +++
1985   0.000016 +++ exited (status 0) +++
1984   0.020196 +++ exited (status 0) +++
1974   0.000086 +++ exited (status 0) +++
Wrote an ltrace for command: "java -cp ./tools/maxent.jar density.MaxEnt -s outputs/Glossosoma_pyroxum_Ross.csv -e data/layers/worldclim -o outputs/Glossosoma_pyroxum_Ross nowarnings nocache autorun -z" with PID 1972 from PPID 1954 on disc24.crc.nd.edu with result 0
REMOTEHOST=10.17.150.11
MANPATH=/afs/crc.nd.edu/user/n/nkremerh/cctools/share/man/:/afs/crc.nd.edu/group/ccl/software/x86_64/redhat7/ruby/current/share/man:/afs/crc.nd.edu/group/ccl/software/x86_64/redhat7/graphviz/current/share/man:/afs/crc.nd.edu/group/ccl/software/x86_64/redhat7/gnuplot/current/share/man:/afs/crc.nd.edu/group/ccl/software/x86_64/redhat7/git/current/share/man:/afs/crc.nd.edu/group/ccl/software/x86_64/redhat7/condor/current/share/man:/afs/crc.nd.edu/group/ccl/software/x86_64/redhat7/clang/current/share/man:/afs/crc.nd.edu/group/ccl/software/x86_64/redhat7/condor/current/share/man:/afs/crc.nd.edu/group/ccl/software/x86_64/redhat7/cctools/current/share/man:/afs/crc.nd.edu/group/ccl/software/x86_64/redhat7/cctools/current/share/man:/afs/crc.nd.edu/x86_64_linux/Modules/4.5.0/share/man:/opt/crc/usr/local/man:/opt/sge/man:/usr/share/man/overrides:/usr/share/man:/usr/local/share/man
_CONDOR_JOB_PIDS=
XDG_SESSION_ID=4102
HOSTNAME=disc01.crc.nd.edu
_LMFILES__modshare=/afs/crc.nd.edu/x86_64_linux/Modules/modules/system_modules/CRC_default/1.1:1
MODULEPATH_modshare=/afs/crc.nd.edu/x86_64_linux/Modules/modules/general_software:1:/afs/crc.nd.edu/x86_64_linux/Modules/modules/development_tools_and_libraries:1:/afs/crc.nd.edu/x86_64_linux/Modules/modules/system_modules:1:/afs/crc.nd.edu/x86_64_linux/Modules/current/modulefiles:1:/afs/crc.nd.edu/x86_64_linux/Modules/modules/restricted_software:1:/afs/crc.nd.edu/x86_64_linux/Modules/modules/deprecated_software:1
TERM=xterm-256color
SHELL=/bin/tcsh
HOST=disc01.crc.nd.edu
MODULES_CMD=/afs/crc.nd.edu/x86_64_linux/Modules/4.5.0/libexec/modulecmd.tcl
HISTSIZE=5000
MAKEFLAGS=
SSH_CLIENT=10.17.150.11 36546 22
TMPDIR=/var/condor/execute/dir_24616/worker-213124-24653/t.1206/cctools-temp-t.1206.PXen65
_CONDOR_ANCESTOR_24616=24629:1600190003:439760950
PERL5LIB=/afs/crc.nd.edu/user/n/nkremerh/cctools/lib/perl5/site_perl/5.16.3:/afs/crc.nd.edu/user/n/nkremerh/.perl5/lib/perl5
SGE_CELL=crc
_CONDOR_SCRATCH_DIR=/var/condor/execute/dir_24616
_CONDOR_ANCESTOR_3661=24616:1600190001:3585230408
PERL_MB_OPT=--install_base '/afs/crc.nd.edu/user/n/nkremerh/.perl5/'
SSH_TTY=/dev/pts/2
SGE_LOAD_AVG=load_avg
MAKEFLOW_MAX_LOCAL_JOBS=2
GROUP=campus
USER=nkremerh
_CHIRP_DELAYED_UPDATE_PREFIX=Chirp*
HISTFILESIZE=10000
TEMP=/var/condor/execute/dir_24616/worker-213124-24653/t.1206/cctools-temp-t.1206.PXen65
LD_LIBRARY_PATH=/afs/crc.nd.edu/group/ccl/software/x86_64/redhat7/ruby/current/lib:/afs/crc.nd.edu/group/ccl/software/x86_64/redhat7/graphviz/current/lib:/afs/crc.nd.edu/group/ccl/software/x86_64/redhat7/git/current/lib:/afs/crc.nd.edu/group/ccl/software/x86_64/redhat7/condor/current/lib:/afs/crc.nd.edu/group/ccl/software/x86_64/redhat7/clang/current/lib:/afs/crc.nd.edu/group/ccl/software/x86_64/redhat7/condor/current/lib:/afs/crc.nd.edu/group/ccl/software/x86_64/redhat7/cctools/current/lib:/opt/crc/usr/local/lib
BATCH_SYSTEM=HTCondor
MODULES_LMALTNAME=CRC_default/1.1&CRC_default/default&CRC_default
ENV=/afs/crc.nd.edu/x86_64_linux/Modules/4.5.0/init/profile.sh
WORKER_TMPDIR=/var/condor/execute/dir_24616/worker-213124-24653/cache/tmp
HOSTTYPE=x86_64-linux
_CONDOR_HIGHPORT=9999
GLOBUS_GSSAPI_MAX_TLS_PROTOCOL=0
_CONDOR_CHIRP_CONFIG=/var/condor/execute/dir_24616/.chirp.config
MAKELEVEL=1
MFLAGS=
MAIL=/var/spool/mail/nkremerh
PATH=/afs/crc.nd.edu/user/n/nkremerh/cctools/bin:/afs/crc.nd.edu/user/n/nkremerh/miniconda/bin:/afs/crc.nd.edu/group/ccl/software/git:/afs/crc.nd.edu/user/n/nkremerh/.local/bin:/afs/crc.nd.edu/group/ccl/software/x86_64/redhat7/povray/3.7/bin:/afs/crc.nd.edu/user/n/nkremerh/.perl5/bin:/afs/crc.nd.edu/user/n/nkremerh/pegasus/bin:/afs/crc.nd.edu/user/n/nkremerh/nodejs/bin:/afs/crc.nd.edu/user/n/nkremerh/montage/bin:/afs/crc.nd.edu/user/n/nkremerh/latexdiff:/afs/crc.nd.edu/user/n/nkremerh/envtrace:/afs/crc.nd.edu/user/n/nkremerh/endlines:/afs/crc.nd.edu/user/n/nkremerh/cctools/bin:/afs/crc.nd.edu/user/n/nkremerh/.cargo/bin:/afs/crc.nd.edu/group/ccl/software/x86_64/redhat7/ruby/current/bin:/afs/crc.nd.edu/group/ccl/software/x86_64/redhat7/graphviz/current/bin:/afs/crc.nd.edu/group/ccl/software/x86_64/redhat7/gnuplot/current/bin:/afs/crc.nd.edu/group/ccl/software/x86_64/redhat7/git/current/bin:/afs/crc.nd.edu/group/ccl/software/x86_64/redhat7/condor/current/sbin:/afs/crc.nd.edu/group/ccl/software/x86_64/redhat7/condor/current/bin:/afs/crc.nd.edu/group/ccl/software/x86_64/redhat7/cmake/current/bin:/afs/crc.nd.edu/group/ccl/software/x86_64/redhat7/clang/current/bin:/afs/crc.nd.edu/group/ccl/software/x86_64/redhat7/condor/current/sbin:/afs/crc.nd.edu/group/ccl/software/x86_64/redhat7/condor/current/bin:/afs/crc.nd.edu/group/ccl/software/x86_64/redhat7/cctools/current/bin:/afs/crc.nd.edu/x86_64_linux/Modules/4.5.0/bin:/opt/crc/usr/local/bin:/opt/sge/bin/lx-amd64:/usr/local/bin:/usr/bin:/usr/local/sbin:/usr/sbin:/afs/crc.nd.edu/user/c/condor/software/bin:/afs/crc.nd.edu/user/c/condor/software/sbin
CCLSOFTWARE=/afs/crc.nd.edu/group/ccl/software/x86_64/redhat7
_CONDOR_ANCESTOR_3620=3661:1598183993:2394854300
PWD=/var/condor/execute/dir_24616/worker-213124-24653/t.1206
_LMFILES_=/afs/crc.nd.edu/x86_64_linux/Modules/modules/system_modules/CRC_default/1.1
EDITOR=vim
SGE_EXECD_PORT=6445
LANG=en_US.UTF-8
SGE_QMASTER_PORT=6444
MODULEPATH=/afs/crc.nd.edu/x86_64_linux/Modules/modules/development_tools_and_libraries:/afs/crc.nd.edu/x86_64_linux/Modules/modules/general_software:/afs/crc.nd.edu/x86_64_linux/Modules/modules/restricted_software:/afs/crc.nd.edu/x86_64_linux/Modules/modules/system_modules:/afs/crc.nd.edu/x86_64_linux/Modules/modules/deprecated_software:/afs/crc.nd.edu/x86_64_linux/Modules/current/modulefiles
LOADEDMODULES=CRC_default/1.1
SGE_ROOT=/opt/sge
CCLPLATFORM=x86_64/redhat7
_CONDOR_SLOT=slot1
WORK_QUEUE_SANDBOX=/var/condor/execute/dir_24616/worker-213124-24653
USE_SYSTEMD=true
_CONDOR_LOWPORT=9100
HISTCONTROL=ignoreboth:erasedups
KRB5CCNAME=FILE:/tmp/krb5cc_213124_DZSV7p
GLOBUS_GSSAPI_NAME_COMPATIBILITY=STRICT_RFC2818
HOME=disc01.crc.nd.edu
SHLVL=6
PATH_modshare=/opt/crc/usr/local/bin:1:/opt/sge/bin/lx-amd64:1:/usr/sbin:1:/usr/bin:1:/afs/crc.nd.edu/user/c/condor/software/sbin:1:/usr/local/sbin:1:/afs/crc.nd.edu/user/c/condor/software/bin:1:/usr/local/bin:1
OSTYPE=linux
_CONDOR_MACHINE_AD=/var/condor/execute/dir_24616/.machine.ad
GREP_OPTIONS=--color=auto
DISK=916206
GLOBUS_GSSAPI_MIN_TLS_PROTOCOL=TLS1_VERSION
MANPATH_modshare=/usr/share/man/overrides:1:/usr/local/share/man:1:/usr/share/man:1:/opt/crc/usr/local/man:1:/opt/sge/man:1
MEMORY=15899
PERL_LOCAL_LIB_ROOT=/afs/crc.nd.edu/user/n/nkremerh/.perl5/
BASH_ENV=/afs/crc.nd.edu/x86_64_linux/Modules/4.5.0/init/bash
VENDOR=unknown
TMP=/var/condor/execute/dir_24616/worker-213124-24653/t.1206/cctools-temp-t.1206.PXen65
LOGNAME=nkremerh
MACHTYPE=x86_64
CCLHOME=/afs/crc.nd.edu/group/ccl
PYTHONPATH=/afs/crc.nd.edu/user/n/nkremerh/cctools/lib/python3.6/site-packages/
LD_LIBRARY_PATH_modshare=/opt/crc/usr/local/lib:1
SSH_CONNECTION=10.17.150.11 36546 129.74.128.103 22
MODULES_LMALTNAME_modshare=CRC_default/1.1&CRC_default/default&CRC_default:1
MODULESHOME=/afs/crc.nd.edu/x86_64_linux/Modules/4.5.0
GLOBUS_GSSAPI_CIPHERS=HIGH
GLOBUS_GSSAPI_BACKWARD_COMPATIBLE_MIC=true
LESSOPEN=||/usr/bin/lesspipe.sh %s
OMP_NUM_THREADS=1
_CONDOR_JOB_AD=/var/condor/execute/dir_24616/.job.ad
LOADEDMODULES_modshare=CRC_default/1.1:1
XDG_RUNTIME_DIR=/run/user/213124
SGE_CLUSTER_NAME=CRC
CCTOOLS=../cctools
CORES=4
_CONDOR_JOB_IWD=/var/condor/execute/dir_24616
PERL_MM_OPT=INSTALL_BASE=/afs/crc.nd.edu/user/n/nkremerh/.perl5/
GLOBUS_GSSAPI_SERVER_CIPHER_ORDER=true
BASH_FUNC_module()=() {  unset _mlshdbg;
 if [ "${MODULES_SILENT_SHELL_DEBUG:-0}" = '1' ]; then
 case "$-" in 
 *v*x*)
 set +vx;
 _mlshdbg='vx'
 ;;
 *v*)
 set +v;
 _mlshdbg='v'
 ;;
 *x*)
 set +x;
 _mlshdbg='x'
 ;;
 *)
 _mlshdbg=''
 ;;
 esac;
 fi;
 unset _mlre _mlIFS;
 if [ -n "${IFS+x}" ]; then
 _mlIFS=$IFS;
 fi;
 IFS=' ';
 for _mlv in ${MODULES_RUN_QUARANTINE:-};
 do
 if [ "${_mlv}" = "${_mlv##*[!A-Za-z0-9_]}" -a "${_mlv}" = "${_mlv#[0-9]}" ]; then
 if [ -n "`eval 'echo ${'$_mlv'+x}'`" ]; then
 _mlre="${_mlre:-}${_mlv}_modquar='`eval 'echo ${'$_mlv'}'`' ";
 fi;
 _mlrv="MODULES_RUNENV_${_mlv}";
 _mlre="${_mlre:-}${_mlv}='`eval 'echo ${'$_mlrv':-}'`' ";
 fi;
 done;
 if [ -n "${_mlre:-}" ]; then
 eval `eval ${_mlre}/usr/bin/tclsh /afs/crc.nd.edu/x86_64_linux/Modules/4.5.0/libexec/modulecmd.tcl bash '"$@"'`;
 else
 eval `/usr/bin/tclsh /afs/crc.nd.edu/x86_64_linux/Modules/4.5.0/libexec/modulecmd.tcl bash "$@"`;
 fi;
 _mlstatus=$?;
 if [ -n "${_mlIFS+x}" ]; then
 IFS=$_mlIFS;
 else
 unset IFS;
 fi;
 unset _mlre _mlv _mlrv _mlIFS;
 if [ -n "${_mlshdbg:-}" ]; then
 set -$_mlshdbg;
 fi;
 unset _mlshdbg;
 return $_mlstatus
}
BASH_FUNC_ml()=() {  module ml "$@"
}
_=/usr/bin/printenv
