21892   0.000000 libjli.so->getenv("_JAVA_LAUNCHER_DEBUG") = nil
21892   0.001786 libjli.so->getenv("_JAVA_VERSION_SET") = nil
21892   0.000776 libjli.so->fopen("/usr/lib/jvm/java-1.8.0-openjdk-1.8.0.262.b10-0.el7_8.x86_64/jre/lib/amd64/jvm.cfg", "r") = 0x5557380880e0
21892   0.000810 libjli.so->getenv("JDK_ALTERNATE_VM") = nil
21892   0.000306 libjli.so->__xstat(1, "/usr/lib/jvm/java-1.8.0-openjdk-1.8.0.262.b10-0.el7_8.x86_64/jre/lib/amd64/server/libjvm.so", 0x7ffe07f70b00) = 0
21892   0.000590 libjli.so->getenv("LD_LIBRARY_PATH") = "/afs/crc.nd.edu/group/ccl/software/x86_64/redhat7/ruby/current/lib:/afs/crc.nd.edu/group/ccl/software/x86_64/redhat7/graphviz/current/lib:/afs/crc.nd.edu/group/ccl/software/x86_64/redhat7/git/current/lib:/afs/crc.nd.edu/group/ccl/software/x86_64/redhat7/condor/current/lib:/afs/crc.nd.edu/group/ccl/software/x86_64/redhat7/clang/current/lib:/afs/crc.nd.edu/group/ccl/software/x86_64/redhat7/condor/current/lib:/afs/crc.nd.edu/group/ccl/software/x86_64/redhat7/cctools/current/lib:/opt/crc/usr/local/lib"
21892   0.002183 libjli.so->dlopen("/usr/lib/jvm/java-1.8.0-openjdk-1.8.0.262.b10-0.el7_8.x86_64/jre/lib/amd64/server/libjvm.so", 258 <unfinished ...>
21892   0.037743 libjvm.so->getenv("NMT_LEVEL_21892") = nil
21892   0.001782 <... dlopen resumed> )          = 0x5557380884b0
21892   0.000070 libjli.so->getenv("CLASSPATH")  = nil
21892   0.000304 libjli.so->getenv("_JAVA_SPLASH_JAR") = nil
21892   0.000298 libjli.so->getenv("_JAVA_SPLASH_FILE") = nil
21892   0.000402 libjli.so->pthread_attr_setdetachstate(0x7ffe07f70ab0, 0, 0x7ffe07f70b40, 0) = 0
21892   0.000464 libpthread.so.0->__clone(0x2aed489e2de0, 0x2aed488f5fc0, 0x3d0f00, 0x2aed488f6700) = 0x5585
21893   0.001538 libjvm.so->dlopen(0x2aed4a1c19ae, 1, 0xfffffffffff42c48, 4096) = 0x2aed4c000990
21893   0.002359 libjvm.so->getenv(0x2aed4a1dc83e, 0, 115, 0x65737361) = 0x7ffe07f76650
21893   0.000459 libjvm.so->fopen(0x2aed488f4c10, 0x2aed4a178ccb, 0x6f732e79666972, 0x2aed492baab0) = 0x2aed4c001440
21893   0.001376 libjvm.so->dlopen(0x2aed488f4c10, 1, 0xffffffff, 0x2aed4c002b00) = 0x2aed4c001440
21893   0.001490 libjvm.so->fopen(0x2aed488f4c10, 0x2aed4a178ccb, 111, 0x732e6176) = 0x2aed4c001b10
21893   0.001536 libjvm.so->dlopen(0x2aed488f4c10, 1, 0xffffffff, 0x2aed4c001a00) = 0x2aed4c001b10
21893   0.001576 libjvm.so->__xstat(1, 0x2aed488f5360, 0x2aed488f5ba0, 0x746f7073746f682e) = -1
21893   0.000794 libjvm.so->getenv(0x2aed4a171541, 0x2aed488f56d0, 1024, 0x2aed4a62b61b) = 0
21893   0.000445 libjvm.so->getenv(0x2aed4a171533, 0x2aed488f56d0, 1024, 0) = 0
21893   0.000430 libjvm.so->fopen(0x2aed4a1c1315, 0x2aed4a178ccb, 4095, 0xffffd512b5e8eb03) = 0x2aed4c0032d0
21893   0.001065 libjvm.so->fopen(0x2aed4a1c1361, 0x2aed4a178ccb, 0x2aed4c000078, 0x2aed4c0032c0) = 0x2aed4c0032d0
21893   0.000787 libjvm.so->fopen(0x2aed488ef9b0, 0x2aed4a178ccb, 4016, 3997) = 0x2aed4c0032d0
21893   0.000658 libjvm.so->opendir(0x2aed4c002b40, 0x2aed4c002b40, 13, 16) = 0
21893   0.000549 libjvm.so->__xstat(1, 0x2aed488f48f0, 0x2aed488f3860, 0x6f732e7477616d62) = -1
21893   0.000477 libjvm.so->__xstat(1, 0x2aed488f48f0, 0x2aed488f3860, 0x5f74776162696c2f) = 0
21893   0.000517 libjvm.so->fopen(0x2aed488f3b90, 0x2aed4a178ccb, 4011, 3996) = 0x2aed4c0037b0
21893   0.000763 libjvm.so->fopen(0x2aed488f3b90, 0x2aed4a178ccb, 4011, 3996) = 0x2aed4c0037b0
21893   0.000611 libjvm.so->fopen(0x2aed488f3b90, 0x2aed4a178ccb, 4011, 4004) = 0x2aed4c0037b0
21893   0.000647 libjvm.so->fopen(0x2aed488f3b20, 0x2aed4a178ccb, 4011, 3996) = 0x2aed4c0037b0
21893   0.000615 libjvm.so->fopen(0x2aed488f3b20, 0x2aed4a178ccb, 4011, 3996) = 0x2aed4c0037b0
21893   0.000630 libjvm.so->fopen(0x2aed488f3b20, 0x2aed4a178ccb, 4011, 4004) = 0x2aed4c0037b0
21893   0.000647 libjvm.so->fopen(0x2aed488f3b50, 0x2aed4a178ccb, 4016, 3997) = 0x2aed4c0037b0
21893   0.000891 libjvm.so->getenv(0x2aed4a1c20ff, 4096, 3, -1) = 0
21893   0.000927 libjvm.so->fopen(0x2aed4a1c1998, 0x2aed4a178ccb, 0x2aed489d9908, 0x2aed489d8df0) = 0x2aed4c0037b0
21893   0.004680 libjvm.so->open(0x2aed4c04a5a0, 0x20000, 0, 0x2aed4c04a5e9) = 3
21893   0.000436 libjvm.so->__fxstat(1, 3, 0x2aed488f5a00, -1) = 0
21893   0.000469 libjvm.so->opendir(0x2aed4c04a5a0, 0x2aed488f5a00, 0x4000, -1) = 0x2aed4c04b4b0
21893   0.000453 libjvm.so->__fxstat(1, 3, 0x2aed488f58a0, 0x2aed4c04b4b0) = 0
21893   0.000457 libjvm.so->__fxstat(1, 5, 0x2aed488f5930, -1) = 0
21893   0.000573 libjvm.so->open(0x2aed4a18f9dc, 0, 0, 0) = 3
21893   0.000712 libjvm.so->__lxstat(1, 0x2aed4c04a5a0, 0x2aed488f5b50, -144) = 0
21893   0.000467 libjvm.so->open(0x2aed4c04a5a0, 0x20000, 0x4000, -1) = 3
21893   0.000451 libjvm.so->__fxstat(1, 3, 0x2aed488f5a00, -1) = 0
21893   0.000477 libjvm.so->opendir(0x2aed4c04a5a0, 0x2aed488f5a00, 0x4000, -1) = 0x2aed4c04b4b0
21893   0.000470 libjvm.so->__fxstat(1, 3, 0x2aed488f58a0, 0x2aed4c04b4b0) = 0
21893   0.000419 libjvm.so->__fxstat(1, 5, 0x2aed488f5930, -1) = 0
21893   0.000514 libjvm.so->open(0x2aed4a18f9dc, 0, 0, 0) = 3
21893   0.000518 libjvm.so->open(0x2aed4c04a5e9, 0x20042, 384, -1) = 7
21893   0.000619 libjvm.so->__fxstat(1, 7, 0x2aed488f5b50, -1) = 0
21893   0.001754 libjvm.so->fopen(0x2aed488f4b60, 0x2aed4a178ccb, 4, 0x6f732e70) = 0x2aed4c057c00
21893   0.001589 libjvm.so->dlopen(0x2aed488f4b60, 1, 0xffffffff, 0x2aed4c057b00) = 0x2aed4c057c00
21893   0.001462 libjvm.so->__xstat(1, 0x2aed488f5120, 0x2aed488f5950, 2048) = 0
21893   0.000440 libjvm.so->__xstat(1, 0x2aed488f5120, 0x2aed488f5950, 2048) = 0
21893   0.000432 libjvm.so->__xstat(1, 0x2aed488f5120, 0x2aed488f5950, 2048) = -1
21893   0.000477 libjvm.so->__xstat(1, 0x2aed488f5120, 0x2aed488f5950, 2048) = 0
21893   0.000440 libjvm.so->__xstat(1, 0x2aed488f5120, 0x2aed488f5950, 2048) = 0
21893   0.000457 libjvm.so->__xstat(1, 0x2aed488f5120, 0x2aed488f5950, 2048) = 0
21893   0.000431 libjvm.so->__xstat(1, 0x2aed488f5120, 0x2aed488f5950, 2048) = 0
21893   0.000479 libjvm.so->__xstat(1, 0x2aed488f5120, 0x2aed488f5950, 2048) = -1
21893   0.000469 libjvm.so->fopen(0x2aed4c002520, 0x2aed4a178ccb, 0, 0) = 0x2aed4c058aa0
21893   0.008617 libjvm.so->open64(0x2aed488f4410, 0, 0, 16) = 3
21893   0.000454 libjvm.so->__fxstat64(1, 3, 0x2aed488f4240, -1) = 0
21893   0.036560 libjvm.so->__xstat(1, 0x2aed488f4f20, 0x2aed488f5750, 2048) = -1
21893   0.000581 libjvm.so->fopen(0x2aed488f3b20, 0x2aed4a178ccb, 4011, 3996) = 0x2aed4c0b1fb0
21893   0.000647 libjvm.so->fopen(0x2aed488f3b20, 0x2aed4a178ccb, 4011, 3996) = 0x2aed4c0b1fb0
21893   0.000604 libjvm.so->fopen(0x2aed488f3b20, 0x2aed4a178ccb, 4011, 4004) = 0x2aed4c0b1fb0
21893   0.004445 libjvm.so->pthread_attr_setdetachstate(0x2aed488f5c00, 1, 0, 0) = 0
21893   0.000509 libpthread.so.0->__clone(0x2aed489e2de0, 0x2aed6130bfc0, 0x3d0f00, 0x2aed6130c700) = 0x5586
21893   0.015867 libjvm.so->pthread_attr_setdetachstate(0x2aed488f5290, 1, 0, 0) = 0
21893   0.000656 libpthread.so.0->__clone(0x2aed489e2de0, 0x2aed6140cfc0, 0x3d0f00, 0x2aed6140d700) = 0x5587
21893   0.007198 libjvm.so->pthread_attr_setdetachstate(0x2aed488f5610, 1, 0, 0) = 0
21893   0.000817 libpthread.so.0->__clone(0x2aed489e2de0, 0x2aed6150dfc0, 0x3d0f00, 0x2aed6150e700) = 0x5588
21893   0.043087 libjvm.so->fopen(0x2aed4c0f1810, 0x2aed4a178ccb, 4, 0x6f732e70) = 0x2aed4c0f1d10
21893   0.001927 libjvm.so->dlopen(0x2aed4c0f1810, 1, 0xffffffff, 0x2aed4c0e8c00) = 0x2aed4c057c00
21893   0.005316 libjvm.so->open64(0x2aed488f4510, 0, 0, 16) = 5
21893   0.000927 libjvm.so->__fxstat64(1, 5, 0x2aed488f4340, -1) = 0
21893   0.020178 libjvm.so->fopen(0x2aed488f1130, 0x2aed4a178ccb, 4011, 3996) = 0x2aed4c0fcce0
21893   0.001171 libjvm.so->fopen(0x2aed488f1130, 0x2aed4a178ccb, 4011, 3996) = 0x2aed4c0fcce0
21893   0.001113 libjvm.so->fopen(0x2aed488f1130, 0x2aed4a178ccb, 4011, 4004) = 0x2aed4c0fcce0
21893   0.015698 libjvm.so->pthread_attr_setdetachstate(0x2aed488f5b50, 1, 0, 0) = 0
21893   0.000962 libpthread.so.0->__clone(0x2aed489e2de0, 0x2aed6160efc0, 0x3d0f00, 0x2aed6160f700) = 0x558e
21893   0.001479 libjvm.so->__xstat64(1, 0x2aed488f5be0, 0x2aed488f5b50, 19) = -1
21893   0.001163 libjvm.so->pthread_attr_setdetachstate(0x2aed488f5950, 1, 0, 0) = 0
21893   0.001121 libpthread.so.0->__clone(0x2aed489e2de0, 0x2aed6170ffc0, 0x3d0f00, 0x2aed61710700) = 0x558f
21893   0.001628 libjvm.so->pthread_attr_setdetachstate(0x2aed488f5950, 1, 0, 0) = 0
21893   0.001286 libpthread.so.0->__clone(0x2aed489e2de0, 0x2aed61810fc0, 0x3d0f00, 0x2aed61811700) = 0x5591
21893   0.007913 libjvm.so->pthread_attr_setdetachstate(0x2aed488f5aa0, 1, 0, 0) = 0
21893   0.001440 libpthread.so.0->__clone(0x2aed489e2de0, 0x2aed61911fc0, 0x3d0f00, 0x2aed61912700) = 0x5592
21893   0.002171 libjvm.so->pthread_attr_setdetachstate(0x2aed488f5bb0, 1, 0, 0) = 0
21893   0.002058 libpthread.so.0->__clone(0x2aed489e2de0, 0x2aed61a12fc0, 0x3d0f00, 0x2aed61a13700) = 0x5593
21893   0.015240 libjvm.so->open64(0x2aed4c12e8e0, 0, 0, 32) = 7
21893   0.001762 libjvm.so->__fxstat64(1, 7, 0x2aed488f2f60, -1) = 0
21893   0.025923 libjvm.so->fopen(0x2aed4c154710, 0x2aed4a178ccb, 4, 0x6f732e6f) = 0x2aed4c1547d0
21893   0.003066 libjvm.so->dlopen(0x2aed4c154710, 1, 0xffffffff, 0x2aed4c154700) = 0x2aed4c1547d0
21893   0.101896 libjvm.so->fopen(0x2aed488efe40, 0x2aed4a178ccb, 0x6f732e, 0x6d766a62696c2f72) = 0x2aed4c19eff0
21893   0.010333 libjvm.so->dlopen(0x2aed488efe40, 1, 0xffffffff, 0x2aed4c169b00) = 0x5557380884b0
21893   0.001691 libjvm.so->fopen(0x2aed488efe40, 0x2aed4a178ccb, 0x6f732e, 0x6d766a62696c2f72) = 0x2aed4c19f460
21893   0.005104 libjvm.so->dlopen(0x2aed488efe40, 1, 0xffffffff, 0x2aed4c169b00) = 0x5557380884b0
21893   0.004823 libjvm.so->fopen(0x2aed488efe40, 0x2aed4a178ccb, 0x6f732e, 0x6d766a62696c2f72) = 0x2aed4c19f090
21893   0.003469 libjvm.so->dlopen(0x2aed488efe40, 1, 0xffffffff, 0x2aed4c169b00) = 0x5557380884b0
21893   0.005726 libjvm.so->fopen(0x2aed488efe40, 0x2aed4a178ccb, 0x6f732e, 0x6d766a62696c2f72) = 0x2aed4c19f090
21893   0.004039 libjvm.so->dlopen(0x2aed488efe40, 1, 0xffffffff, 0x2aed4c169b00) = 0x5557380884b0
21893   0.045990 libjvm.so->fopen(0x2aed4c1cdda0, 0x2aed4a178ccb, 4, 0x6f732e74) = 0x2aed4c1d7300
21893   0.003035 libjvm.so->dlopen(0x2aed4c1cdda0, 1, 0xffffffff, 0x2aed4c1bad00) = 0x2aed4c1d7300
21893   0.149543 libjvm.so->fopen(0x2aed4c268620, 0x2aed4a178ccb, 0x6f732e7373656c, 0x656c646165685f74) = 0x2aed4c268700
21893   0.002732 libjvm.so->dlopen(0x2aed4c268620, 1, 0xffffffff, 0x2aed4c268600) = 0x2aed4c268700
21907   0.037650 +++ exited (status 0) +++
21902   0.000272 +++ exited (status 0) +++
21894   0.000347 +++ exited (status 0) +++
21893   0.000207 +++ exited (status 0) +++
21903   0.000281 +++ exited (status 1) +++
21906   0.000027 +++ exited (status 1) +++
21896   0.000016 +++ exited (status 1) +++
21895   0.000014 +++ exited (status 1) +++
21905   0.005173 +++ exited (status 1) +++
21892   0.000042 +++ exited (status 1) +++
Wrote an ltrace for command: "java -cp ./tools/maxent.jar density.Project outputs/Helichus_basalis_LeConte/Helichus_basalis_LeConte.lambdas data/layers/worldclim outputs/Helichus_basalis_LeConte_worldclim.asc nowarnings nocache autorun -z" with PID 21890 from PPID 21874 on disc20.crc.nd.edu with result 1
REMOTEHOST=129.74.154.87
_CONDOR_JOB_PIDS=
MANPATH=/afs/crc.nd.edu/user/n/nkremerh/cctools/share/man/:/afs/crc.nd.edu/group/ccl/software/x86_64/redhat7/ruby/current/share/man:/afs/crc.nd.edu/group/ccl/software/x86_64/redhat7/graphviz/current/share/man:/afs/crc.nd.edu/group/ccl/software/x86_64/redhat7/gnuplot/current/share/man:/afs/crc.nd.edu/group/ccl/software/x86_64/redhat7/git/current/share/man:/afs/crc.nd.edu/group/ccl/software/x86_64/redhat7/condor/current/share/man:/afs/crc.nd.edu/group/ccl/software/x86_64/redhat7/clang/current/share/man:/afs/crc.nd.edu/group/ccl/software/x86_64/redhat7/condor/current/share/man:/afs/crc.nd.edu/group/ccl/software/x86_64/redhat7/cctools/current/share/man:/afs/crc.nd.edu/group/ccl/software/x86_64/redhat7/cctools/current/share/man:/afs/crc.nd.edu/x86_64_linux/Modules/4.5.0/share/man:/opt/crc/usr/local/man:/opt/sge/man:/usr/share/man/overrides:/usr/share/man:/usr/local/share/man
XDG_SESSION_ID=2226
HOSTNAME=disc01.crc.nd.edu
_LMFILES__modshare=/afs/crc.nd.edu/x86_64_linux/Modules/modules/system_modules/CRC_default/1.1:1
MODULEPATH_modshare=/afs/crc.nd.edu/x86_64_linux/Modules/modules/general_software:1:/afs/crc.nd.edu/x86_64_linux/Modules/modules/development_tools_and_libraries:1:/afs/crc.nd.edu/x86_64_linux/Modules/modules/system_modules:1:/afs/crc.nd.edu/x86_64_linux/Modules/current/modulefiles:1:/afs/crc.nd.edu/x86_64_linux/Modules/modules/restricted_software:1:/afs/crc.nd.edu/x86_64_linux/Modules/modules/deprecated_software:1
MODULES_CMD=/afs/crc.nd.edu/x86_64_linux/Modules/4.5.0/libexec/modulecmd.tcl
HOST=disc01.crc.nd.edu
SHELL=/bin/tcsh
TERM=xterm-256color
MAKEFLAGS=
HISTSIZE=5000
TMPDIR=/var/condor/execute/dir_11103/worker-213124-11180/t.1370/cctools-temp-t.1370.Ql1Mv6
SSH_CLIENT=129.74.154.87 57278 22
PERL5LIB=/afs/crc.nd.edu/user/n/nkremerh/cctools/lib/perl5/site_perl/5.16.3:/afs/crc.nd.edu/user/n/nkremerh/.perl5/lib/perl5
SGE_CELL=crc
_CONDOR_SCRATCH_DIR=/var/condor/execute/dir_11103
PERL_MB_OPT=--install_base '/afs/crc.nd.edu/user/n/nkremerh/.perl5/'
SSH_TTY=/dev/pts/0
SGE_LOAD_AVG=load_avg
MAKEFLOW_MAX_LOCAL_JOBS=2
HISTFILESIZE=10000
_CHIRP_DELAYED_UPDATE_PREFIX=Chirp*
USER=nkremerh
GROUP=campus
LD_LIBRARY_PATH=/afs/crc.nd.edu/group/ccl/software/x86_64/redhat7/ruby/current/lib:/afs/crc.nd.edu/group/ccl/software/x86_64/redhat7/graphviz/current/lib:/afs/crc.nd.edu/group/ccl/software/x86_64/redhat7/git/current/lib:/afs/crc.nd.edu/group/ccl/software/x86_64/redhat7/condor/current/lib:/afs/crc.nd.edu/group/ccl/software/x86_64/redhat7/clang/current/lib:/afs/crc.nd.edu/group/ccl/software/x86_64/redhat7/condor/current/lib:/afs/crc.nd.edu/group/ccl/software/x86_64/redhat7/cctools/current/lib:/opt/crc/usr/local/lib
TEMP=/var/condor/execute/dir_11103/worker-213124-11180/t.1370/cctools-temp-t.1370.Ql1Mv6
BATCH_SYSTEM=HTCondor
WORKER_TMPDIR=/var/condor/execute/dir_11103/worker-213124-11180/cache/tmp
ENV=/afs/crc.nd.edu/x86_64_linux/Modules/4.5.0/init/profile.sh
MODULES_LMALTNAME=CRC_default/1.1&CRC_default/default&CRC_default
_CONDOR_ANCESTOR_3365=3581:1596369961:2310611161
_CONDOR_CHIRP_CONFIG=/var/condor/execute/dir_11103/.chirp.config
GLOBUS_GSSAPI_MAX_TLS_PROTOCOL=0
_CONDOR_HIGHPORT=9999
HOSTTYPE=x86_64-linux
MAKELEVEL=1
_CONDOR_ANCESTOR_11103=11117:1597419253:963602950
MFLAGS=
CCLSOFTWARE=/afs/crc.nd.edu/group/ccl/software/x86_64/redhat7
PATH=/afs/crc.nd.edu/user/n/nkremerh/cctools/bin:/afs/crc.nd.edu/user/n/nkremerh/miniconda/bin:/afs/crc.nd.edu/group/ccl/software/git:/afs/crc.nd.edu/user/n/nkremerh/.local/bin:/afs/crc.nd.edu/group/ccl/software/x86_64/redhat7/povray/3.7/bin:/afs/crc.nd.edu/user/n/nkremerh/.perl5/bin:/afs/crc.nd.edu/user/n/nkremerh/pegasus/bin:/afs/crc.nd.edu/user/n/nkremerh/nodejs/bin:/afs/crc.nd.edu/user/n/nkremerh/montage/bin:/afs/crc.nd.edu/user/n/nkremerh/latexdiff:/afs/crc.nd.edu/user/n/nkremerh/envtrace:/afs/crc.nd.edu/user/n/nkremerh/endlines:/afs/crc.nd.edu/user/n/nkremerh/cctools/bin:/afs/crc.nd.edu/user/n/nkremerh/.cargo/bin:/afs/crc.nd.edu/group/ccl/software/x86_64/redhat7/ruby/current/bin:/afs/crc.nd.edu/group/ccl/software/x86_64/redhat7/graphviz/current/bin:/afs/crc.nd.edu/group/ccl/software/x86_64/redhat7/gnuplot/current/bin:/afs/crc.nd.edu/group/ccl/software/x86_64/redhat7/git/current/bin:/afs/crc.nd.edu/group/ccl/software/x86_64/redhat7/condor/current/sbin:/afs/crc.nd.edu/group/ccl/software/x86_64/redhat7/condor/current/bin:/afs/crc.nd.edu/group/ccl/software/x86_64/redhat7/cmake/current/bin:/afs/crc.nd.edu/group/ccl/software/x86_64/redhat7/clang/current/bin:/afs/crc.nd.edu/group/ccl/software/x86_64/redhat7/condor/current/sbin:/afs/crc.nd.edu/group/ccl/software/x86_64/redhat7/condor/current/bin:/afs/crc.nd.edu/group/ccl/software/x86_64/redhat7/cctools/current/bin:/afs/crc.nd.edu/x86_64_linux/Modules/4.5.0/bin:/opt/crc/usr/local/bin:/opt/sge/bin/lx-amd64:/usr/local/bin:/usr/bin:/usr/local/sbin:/usr/sbin:/afs/crc.nd.edu/user/c/condor/software/bin:/afs/crc.nd.edu/user/c/condor/software/sbin
MAIL=/var/spool/mail/nkremerh
PWD=/var/condor/execute/dir_11103/worker-213124-11180/t.1370
_LMFILES_=/afs/crc.nd.edu/x86_64_linux/Modules/modules/system_modules/CRC_default/1.1
SGE_EXECD_PORT=6445
EDITOR=vim
LANG=en_US.UTF-8
MODULEPATH=/afs/crc.nd.edu/x86_64_linux/Modules/modules/development_tools_and_libraries:/afs/crc.nd.edu/x86_64_linux/Modules/modules/general_software:/afs/crc.nd.edu/x86_64_linux/Modules/modules/restricted_software:/afs/crc.nd.edu/x86_64_linux/Modules/modules/system_modules:/afs/crc.nd.edu/x86_64_linux/Modules/modules/deprecated_software:/afs/crc.nd.edu/x86_64_linux/Modules/current/modulefiles
SGE_QMASTER_PORT=6444
SGE_ROOT=/opt/sge
LOADEDMODULES=CRC_default/1.1
WORK_QUEUE_SANDBOX=/var/condor/execute/dir_11103/worker-213124-11180
_CONDOR_SLOT=slot1
CCLPLATFORM=x86_64/redhat7
USE_SYSTEMD=true
_CONDOR_ANCESTOR_3581=11103:1597419249:2078877538
_CONDOR_LOWPORT=9100
KRB5CCNAME=FILE:/tmp/krb5cc_213124_jfvfni
HISTCONTROL=ignoreboth:erasedups
PATH_modshare=/opt/crc/usr/local/bin:1:/opt/sge/bin/lx-amd64:1:/usr/sbin:1:/usr/bin:1:/afs/crc.nd.edu/user/c/condor/software/sbin:1:/usr/local/sbin:1:/afs/crc.nd.edu/user/c/condor/software/bin:1:/usr/local/bin:1
SHLVL=7
HOME=disc01.crc.nd.edu
GLOBUS_GSSAPI_NAME_COMPATIBILITY=STRICT_RFC2818
_CONDOR_MACHINE_AD=/var/condor/execute/dir_11103/.machine.ad
OSTYPE=linux
DISK=916726
GREP_OPTIONS=--color=auto
GLOBUS_GSSAPI_MIN_TLS_PROTOCOL=TLS1_VERSION
MEMORY=15899
MANPATH_modshare=/usr/share/man/overrides:1:/usr/local/share/man:1:/usr/share/man:1:/opt/crc/usr/local/man:1:/opt/sge/man:1
VENDOR=unknown
BASH_ENV=/afs/crc.nd.edu/x86_64_linux/Modules/4.5.0/init/bash
PERL_LOCAL_LIB_ROOT=/afs/crc.nd.edu/user/n/nkremerh/.perl5/
PYTHONPATH=/afs/crc.nd.edu/user/n/nkremerh/cctools/lib/python3.6/site-packages/
CCLHOME=/afs/crc.nd.edu/group/ccl
MACHTYPE=x86_64
LOGNAME=nkremerh
TMP=/var/condor/execute/dir_11103/worker-213124-11180/t.1370/cctools-temp-t.1370.Ql1Mv6
LD_LIBRARY_PATH_modshare=/opt/crc/usr/local/lib:1
MODULES_LMALTNAME_modshare=CRC_default/1.1&CRC_default/default&CRC_default:1
SSH_CONNECTION=129.74.154.87 57278 129.74.128.103 22
MODULESHOME=/afs/crc.nd.edu/x86_64_linux/Modules/4.5.0
OMP_NUM_THREADS=1
LESSOPEN=||/usr/bin/lesspipe.sh %s
GLOBUS_GSSAPI_BACKWARD_COMPATIBLE_MIC=true
GLOBUS_GSSAPI_CIPHERS=HIGH
LOADEDMODULES_modshare=CRC_default/1.1:1
_CONDOR_JOB_AD=/var/condor/execute/dir_11103/.job.ad
SGE_CLUSTER_NAME=CRC
XDG_RUNTIME_DIR=/run/user/213124
CCTOOLS=../cctools
CORES=4
_CONDOR_JOB_IWD=/var/condor/execute/dir_11103
PERL_MM_OPT=INSTALL_BASE=/afs/crc.nd.edu/user/n/nkremerh/.perl5/
GLOBUS_GSSAPI_SERVER_CIPHER_ORDER=true
BASH_FUNC_module()=() {  unset _mlshdbg;
 if [ "${MODULES_SILENT_SHELL_DEBUG:-0}" = '1' ]; then
 case "$-" in 
 *v*x*)
 set +vx;
 _mlshdbg='vx'
 ;;
 *v*)
 set +v;
 _mlshdbg='v'
 ;;
 *x*)
 set +x;
 _mlshdbg='x'
 ;;
 *)
 _mlshdbg=''
 ;;
 esac;
 fi;
 unset _mlre _mlIFS;
 if [ -n "${IFS+x}" ]; then
 _mlIFS=$IFS;
 fi;
 IFS=' ';
 for _mlv in ${MODULES_RUN_QUARANTINE:-};
 do
 if [ "${_mlv}" = "${_mlv##*[!A-Za-z0-9_]}" -a "${_mlv}" = "${_mlv#[0-9]}" ]; then
 if [ -n "`eval 'echo ${'$_mlv'+x}'`" ]; then
 _mlre="${_mlre:-}${_mlv}_modquar='`eval 'echo ${'$_mlv'}'`' ";
 fi;
 _mlrv="MODULES_RUNENV_${_mlv}";
 _mlre="${_mlre:-}${_mlv}='`eval 'echo ${'$_mlrv':-}'`' ";
 fi;
 done;
 if [ -n "${_mlre:-}" ]; then
 eval `eval ${_mlre}/usr/bin/tclsh /afs/crc.nd.edu/x86_64_linux/Modules/4.5.0/libexec/modulecmd.tcl bash '"$@"'`;
 else
 eval `/usr/bin/tclsh /afs/crc.nd.edu/x86_64_linux/Modules/4.5.0/libexec/modulecmd.tcl bash "$@"`;
 fi;
 _mlstatus=$?;
 if [ -n "${_mlIFS+x}" ]; then
 IFS=$_mlIFS;
 else
 unset IFS;
 fi;
 unset _mlre _mlv _mlrv _mlIFS;
 if [ -n "${_mlshdbg:-}" ]; then
 set -$_mlshdbg;
 fi;
 unset _mlshdbg;
 return $_mlstatus
}
BASH_FUNC_ml()=() {  module ml "$@"
}
_=/usr/bin/printenv
