8323   0.000000 libjli.so->getenv("_JAVA_LAUNCHER_DEBUG") = nil
8323   0.001160 libjli.so->getenv("_JAVA_VERSION_SET") = nil
8323   0.000418 libjli.so->fopen("/usr/lib/jvm/java-1.8.0-openjdk-1.8.0.262.b10-0.el7_8.x86_64/jre/lib/amd64/jvm.cfg", "r") = 0x5605a77dd0e0
8323   0.000551 libjli.so->getenv("JDK_ALTERNATE_VM") = nil
8323   0.000210 libjli.so->__xstat(1, "/usr/lib/jvm/java-1.8.0-openjdk-1.8.0.262.b10-0.el7_8.x86_64/jre/lib/amd64/server/libjvm.so", 0x7ffc471a3670) = 0
8323   0.000402 libjli.so->getenv("LD_LIBRARY_PATH") = "/afs/crc.nd.edu/group/ccl/software/x86_64/redhat7/ruby/current/lib:/afs/crc.nd.edu/group/ccl/software/x86_64/redhat7/graphviz/current/lib:/afs/crc.nd.edu/group/ccl/software/x86_64/redhat7/git/current/lib:/afs/crc.nd.edu/group/ccl/software/x86_64/redhat7/condor/current/lib:/afs/crc.nd.edu/group/ccl/software/x86_64/redhat7/clang/current/lib:/afs/crc.nd.edu/group/ccl/software/x86_64/redhat7/condor/current/lib:/afs/crc.nd.edu/group/ccl/software/x86_64/redhat7/cctools/current/lib:/opt/crc/usr/local/lib"
8323   0.001539 libjli.so->dlopen("/usr/lib/jvm/java-1.8.0-openjdk-1.8.0.262.b10-0.el7_8.x86_64/jre/lib/amd64/server/libjvm.so", 258 <unfinished ...>
8323   0.024193 libjvm.so->getenv("NMT_LEVEL_8323") = nil
8323   0.001119 <... dlopen resumed> )           = 0x5605a77dd4b0
8323   0.000053 libjli.so->getenv("CLASSPATH")   = nil
8323   0.000214 libjli.so->getenv("_JAVA_SPLASH_JAR") = nil
8323   0.000213 libjli.so->getenv("_JAVA_SPLASH_FILE") = nil
8323   0.000220 libjli.so->pthread_attr_setdetachstate(0x7ffc471a3620, 0, 0x7ffc471a36b0, 0) = 0
8323   0.000286 libpthread.so.0->__clone(0x2ac791500de0, 0x2ac791413fc0, 0x3d0f00, 0x2ac791414700) = 8324
8324   0.001198 libjvm.so->dlopen(0x2ac792cdf9ae, 1, 0xfffffffffff42c48, 4096) = 0x2ac794000990
8324   0.001813 libjvm.so->getenv(0x2ac792cfa83e, 0, 115, 0x65737361) = 0x7ffc471aa682
8324   0.000297 libjvm.so->fopen(0x2ac791412c10, 0x2ac792c96ccb, 0x6f732e79666972, 0x2ac791dd8ab0) = 0x2ac794001440
8324   0.000910 libjvm.so->dlopen(0x2ac791412c10, 1, 0xffffffff, 0x2ac794002b00) = 0x2ac794001440
8324   0.000971 libjvm.so->fopen(0x2ac791412c10, 0x2ac792c96ccb, 111, 0x732e6176) = 0x2ac794001b10
8324   0.001032 libjvm.so->dlopen(0x2ac791412c10, 1, 0xffffffff, 0x2ac794001a00) = 0x2ac794001b10
8324   0.001062 libjvm.so->__xstat(1, 0x2ac791413360, 0x2ac791413ba0, 0x746f7073746f682e) = -1
8324   0.000358 libjvm.so->getenv(0x2ac792c8f541, 0x2ac7914136d0, 1024, 0x2ac79314961b) = 0
8324   0.000284 libjvm.so->getenv(0x2ac792c8f533, 0x2ac7914136d0, 1024, 0) = 0
8324   0.000273 libjvm.so->fopen(0x2ac792cdf315, 0x2ac792c96ccb, 4095, 0xffffd5386d370b03) = 0x2ac7940032d0
8324   0.000701 libjvm.so->fopen(0x2ac792cdf361, 0x2ac792c96ccb, 0x2ac794000078, 0x2ac7940032c0) = 0x2ac7940032d0
8324   0.000436 libjvm.so->fopen(0x2ac79140d9b0, 0x2ac792c96ccb, 4014, 3995) = 0x2ac7940032d0
8324   0.000414 libjvm.so->opendir(0x2ac794002b40, 0x2ac794002b40, 13, 16) = 0
8324   0.000291 libjvm.so->__xstat(1, 0x2ac7914128f0, 0x2ac791411860, 0x6f732e7477616d62) = -1
8324   0.000280 libjvm.so->__xstat(1, 0x2ac7914128f0, 0x2ac791411860, 0x5f74776162696c2f) = 0
8324   0.000379 libjvm.so->fopen(0x2ac791411b90, 0x2ac792c96ccb, 4009, 3994) = 0x2ac7940037b0
8324   0.000394 libjvm.so->fopen(0x2ac791411b90, 0x2ac792c96ccb, 4009, 3994) = 0x2ac7940037b0
8324   0.000392 libjvm.so->fopen(0x2ac791411b90, 0x2ac792c96ccb, 4009, 4002) = 0x2ac7940037b0
8324   0.000409 libjvm.so->fopen(0x2ac791411b20, 0x2ac792c96ccb, 4009, 3994) = 0x2ac7940037b0
8324   0.000401 libjvm.so->fopen(0x2ac791411b20, 0x2ac792c96ccb, 4009, 3994) = 0x2ac7940037b0
8324   0.000417 libjvm.so->fopen(0x2ac791411b20, 0x2ac792c96ccb, 4009, 4002) = 0x2ac7940037b0
8324   0.000409 libjvm.so->fopen(0x2ac791411b50, 0x2ac792c96ccb, 4014, 3995) = 0x2ac7940037b0
8324   0.000550 libjvm.so->getenv(0x2ac792ce00ff, 4096, 3, -1) = 0
8324   0.000586 libjvm.so->fopen(0x2ac792cdf998, 0x2ac792c96ccb, 0x2ac7914f7908, 0x2ac7914f6df0) = 0x2ac7940037b0
8324   0.003245 libjvm.so->open(0x2ac79404a5a0, 0x20000, 0, 0x2ac79404a5e9) = 3
8324   0.000299 libjvm.so->__fxstat(1, 3, 0x2ac791413a00, -1) = 0
8324   0.000304 libjvm.so->opendir(0x2ac79404a5a0, 0x2ac791413a00, 0x4000, -1) = 0x2ac79404b4b0
8324   0.000306 libjvm.so->__fxstat(1, 3, 0x2ac7914138a0, 0x2ac79404b4b0) = 0
8324   0.000295 libjvm.so->__fxstat(1, 5, 0x2ac791413930, -1) = 0
8324   0.000318 libjvm.so->open(0x2ac792cad9dc, 0, 0, 0) = 3
8324   0.000445 libjvm.so->__lxstat(1, 0x2ac79404a5a0, 0x2ac791413b50, -144) = 0
8324   0.000340 libjvm.so->open(0x2ac79404a5a0, 0x20000, 0x4000, -1) = 3
8324   0.000281 libjvm.so->__fxstat(1, 3, 0x2ac791413a00, -1) = 0
8324   0.000294 libjvm.so->opendir(0x2ac79404a5a0, 0x2ac791413a00, 0x4000, -1) = 0x2ac79404b4b0
8324   0.000290 libjvm.so->__fxstat(1, 3, 0x2ac7914138a0, 0x2ac79404b4b0) = 0
8324   0.000277 libjvm.so->__fxstat(1, 5, 0x2ac791413930, -1) = 0
8324   0.000293 libjvm.so->open(0x2ac792cad9dc, 0, 0, 0) = 3
8324   0.000347 libjvm.so->open(0x2ac79404a5e9, 0x20042, 384, -1) = 7
8324   0.000449 libjvm.so->__fxstat(1, 7, 0x2ac791413b50, -1) = 0
8324   0.001094 libjvm.so->fopen(0x2ac791412b60, 0x2ac792c96ccb, 4, 0x6f732e70) = 0x2ac794057c00
8324   0.000952 libjvm.so->dlopen(0x2ac791412b60, 1, 0xffffffff, 0x2ac794057b00) = 0x2ac794057c00
8324   0.000937 libjvm.so->__xstat(1, 0x2ac791413120, 0x2ac791413950, 2048) = 0
8324   0.000347 libjvm.so->__xstat(1, 0x2ac791413120, 0x2ac791413950, 2048) = 0
8324   0.000309 libjvm.so->__xstat(1, 0x2ac791413120, 0x2ac791413950, 2048) = -1
8324   0.000333 libjvm.so->__xstat(1, 0x2ac791413120, 0x2ac791413950, 2048) = 0
8324   0.000452 libjvm.so->__xstat(1, 0x2ac791413120, 0x2ac791413950, 2048) = 0
8324   0.000308 libjvm.so->__xstat(1, 0x2ac791413120, 0x2ac791413950, 2048) = 0
8324   0.000288 libjvm.so->__xstat(1, 0x2ac791413120, 0x2ac791413950, 2048) = 0
8324   0.000275 libjvm.so->__xstat(1, 0x2ac791413120, 0x2ac791413950, 2048) = -1
8324   0.000291 libjvm.so->fopen(0x2ac794002520, 0x2ac792c96ccb, 0, 0) = 0x2ac794058aa0
8324   0.006273 libjvm.so->open64(0x2ac791412410, 0, 0, 16) = 3
8324   0.000308 libjvm.so->__fxstat64(1, 3, 0x2ac791412240, -1) = 0
8324   0.024420 libjvm.so->__xstat(1, 0x2ac791412f20, 0x2ac791413750, 2048) = -1
8324   0.000376 libjvm.so->fopen(0x2ac791411b20, 0x2ac792c96ccb, 4009, 3994) = 0x2ac7940b1fb0
8324   0.000458 libjvm.so->fopen(0x2ac791411b20, 0x2ac792c96ccb, 4009, 3994) = 0x2ac7940b1fb0
8324   0.000439 libjvm.so->fopen(0x2ac791411b20, 0x2ac792c96ccb, 4009, 4002) = 0x2ac7940b1fb0
8324   0.002876 libjvm.so->pthread_attr_setdetachstate(0x2ac791413c00, 1, 0, 0) = 0
8324   0.000331 libpthread.so.0->__clone(0x2ac791500de0, 0x2ac7a9d95fc0, 0x3d0f00, 0x2ac7a9d96700) = 8325
8324   0.010482 libjvm.so->pthread_attr_setdetachstate(0x2ac791413290, 1, 0, 0) = 0
8324   0.000398 libpthread.so.0->__clone(0x2ac791500de0, 0x2ac7a9e96fc0, 0x3d0f00, 0x2ac7a9e97700) = 8326
8324   0.004719 libjvm.so->pthread_attr_setdetachstate(0x2ac791413610, 1, 0, 0) = 0
8324   0.000504 libpthread.so.0->__clone(0x2ac791500de0, 0x2ac7a9f97fc0, 0x3d0f00, 0x2ac7a9f98700) = 8327
8324   0.027057 libjvm.so->fopen(0x2ac7940f1810, 0x2ac792c96ccb, 4, 0x6f732e70) = 0x2ac7940f1d10
8324   0.001296 libjvm.so->dlopen(0x2ac7940f1810, 1, 0xffffffff, 0x2ac7940e8c00) = 0x2ac794057c00
8324   0.003374 libjvm.so->open64(0x2ac791412510, 0, 0, 16) = 5
8324   0.000739 libjvm.so->__fxstat64(1, 5, 0x2ac791412340, -1) = 0
8324   0.012513 libjvm.so->fopen(0x2ac79140f130, 0x2ac792c96ccb, 4009, 3994) = 0x2ac7940fcce0
8324   0.000872 libjvm.so->fopen(0x2ac79140f130, 0x2ac792c96ccb, 4009, 3994) = 0x2ac7940fcce0
8324   0.000734 libjvm.so->fopen(0x2ac79140f130, 0x2ac792c96ccb, 4009, 4002) = 0x2ac7940fcce0
8324   0.010289 libjvm.so->pthread_attr_setdetachstate(0x2ac791413b50, 1, 0, 0) = 0
8324   0.000620 libpthread.so.0->__clone(0x2ac791500de0, 0x2ac7aa098fc0, 0x3d0f00, 0x2ac7aa099700) = 8328
8324   0.000972 libjvm.so->__xstat64(1, 0x2ac791413be0, 0x2ac791413b50, 18) = -1
8324   0.000750 libjvm.so->pthread_attr_setdetachstate(0x2ac791413950, 1, 0, 0) = 0
8324   0.000706 libpthread.so.0->__clone(0x2ac791500de0, 0x2ac7aa199fc0, 0x3d0f00, 0x2ac7aa19a700) = 8329
8324   0.001118 libjvm.so->pthread_attr_setdetachstate(0x2ac791413950, 1, 0, 0) = 0
8324   0.000835 libpthread.so.0->__clone(0x2ac791500de0, 0x2ac7aa29afc0, 0x3d0f00, 0x2ac7aa29b700) = 8330
8324   0.009453 libjvm.so->pthread_attr_setdetachstate(0x2ac791413aa0, 1, 0, 0) = 0
8324   0.001313 libpthread.so.0->__clone(0x2ac791500de0, 0x2ac7aa39bfc0, 0x3d0f00, 0x2ac7aa39c700) = 8331
8324   0.002324 libjvm.so->pthread_attr_setdetachstate(0x2ac791413bb0, 1, 0, 0) = 0
8324   0.001128 libpthread.so.0->__clone(0x2ac791500de0, 0x2ac7aa49cfc0, 0x3d0f00, 0x2ac7aa49d700) = 8332
8324   0.010566 libjvm.so->open64(0x2ac794126a00, 0, 0, 0) = 7
8324   0.001147 libjvm.so->__fxstat64(1, 7, 0x2ac791410f60, -1) = 0
8324   0.017080 libjvm.so->fopen(0x2ac79414c6c0, 0x2ac792c96ccb, 4, 0x6f732e6f) = 0x2ac79414c780
8324   0.002034 libjvm.so->dlopen(0x2ac79414c6c0, 1, 0xffffffff, 0x2ac79414c700) = 0x2ac79414c780
8324   0.100559 libjvm.so->fopen(0x2ac7941a42a0, 0x2ac792c96ccb, 4, 0x6f732e74) = 0x2ac7941aa120
8324   0.002525 libjvm.so->dlopen(0x2ac7941a42a0, 1, 0xffffffff, 0x2ac7941b3a00) = 0x2ac7941aa120
8324   0.041036 libjvm.so->fopen(0x2ac79140c070, 0x2ac792c96ccb, 0x6f732e, 0x6d766a62696c2f72) = 0x2ac7941d08b0
8324   0.004472 libjvm.so->dlopen(0x2ac79140c070, 1, 0xffffffff, 0x2ac7941d0800) = 0x5605a77dd4b0
8324   0.001167 libjvm.so->fopen(0x2ac79140c070, 0x2ac792c96ccb, 0x6f732e, 0x6d766a62696c2f72) = 0x2ac7941d0cb0
8324   0.003919 libjvm.so->dlopen(0x2ac79140c070, 1, 0xffffffff, 0x2ac7941d0800) = 0x5605a77dd4b0
8324   0.001113 libjvm.so->fopen(0x2ac79140c070, 0x2ac792c96ccb, 0x6f732e, 0x6d766a62696c2f72) = 0x2ac7941d0c40
8324   0.002793 libjvm.so->dlopen(0x2ac79140c070, 1, 0xffffffff, 0x2ac7941d0800) = 0x5605a77dd4b0
8324   0.001122 libjvm.so->fopen(0x2ac79140c070, 0x2ac792c96ccb, 0x6f732e, 0x6d766a62696c2f72) = 0x2ac7941d0c40
8324   0.002731 libjvm.so->dlopen(0x2ac79140c070, 1, 0xffffffff, 0x2ac7941d0800) = 0x5605a77dd4b0
8324   0.053855 libjvm.so->fopen(0x2ac794207200, 0x2ac792c96ccb, 0x6f732e7373656c, 0x656c646165685f74) = 0x2ac7942072e0
8324   0.001839 libjvm.so->dlopen(0x2ac794207200, 1, 0xffffffff, 0x2ac794207200) = 0x2ac7942072e0
8324   4.565389 --- SIGSEGV (Segmentation fault) ---
8324   0.000424 --- SIGSEGV (Segmentation fault) ---
8324   0.000385 --- SIGSEGV (Segmentation fault) ---
8324   0.587234 --- SIGSEGV (Segmentation fault) ---
8324   0.000441 --- SIGSEGV (Segmentation fault) ---
8324   0.000466 --- SIGSEGV (Segmentation fault) ---
8324   0.412628 --- SIGSEGV (Segmentation fault) ---
8324   0.588042 --- SIGSEGV (Segmentation fault) ---
8324   0.000495 --- SIGSEGV (Segmentation fault) ---
8324   0.000325 --- SIGSEGV (Segmentation fault) ---
8324   0.000343 --- SIGSEGV (Segmentation fault) ---
8324   0.605598 --- SIGSEGV (Segmentation fault) ---
8324   0.000397 --- SIGSEGV (Segmentation fault) ---
8324   0.572597 --- SIGSEGV (Segmentation fault) ---
8324   0.001016 --- SIGSEGV (Segmentation fault) ---
8324   0.703071 --- SIGSEGV (Segmentation fault) ---
8324   0.589256 --- SIGSEGV (Segmentation fault) ---
8324   0.000543 --- SIGSEGV (Segmentation fault) ---
8324   0.000745 --- SIGSEGV (Segmentation fault) ---
8324   0.614521 --- SIGSEGV (Segmentation fault) ---
8324   0.000537 --- SIGSEGV (Segmentation fault) ---
8324   0.000959 --- SIGSEGV (Segmentation fault) ---
8324   0.461617 --- SIGSEGV (Segmentation fault) ---
8324   0.000442 --- SIGSEGV (Segmentation fault) ---
8324   0.002884 --- SIGSEGV (Segmentation fault) ---
8324   0.000736 --- SIGSEGV (Segmentation fault) ---
8324   0.634338 --- SIGSEGV (Segmentation fault) ---
8324   0.000616 --- SIGSEGV (Segmentation fault) ---
8324   0.001113 --- SIGSEGV (Segmentation fault) ---
8324   0.619302 --- SIGSEGV (Segmentation fault) ---
8330   0.000904 --- SIGSEGV (Segmentation fault) ---
8324   0.641020 --- SIGSEGV (Segmentation fault) ---
8324   0.667652 libjvm.so->fopen(0x2ac7914110e0, 0x2ac792c96ccb, 111, 0x732e6176) = 0x2ac79425ec10
8324   0.003737 libjvm.so->dlopen(0x2ac7914110e0, 1, 0xffffffff, 0x2ac794226600) = 0x2ac794001b10
8324   0.001078 libjvm.so->fopen(0x2ac7914110e0, 0x2ac792c96ccb, 111, 0x732e6176) = 0x2ac79425ec90
8324   0.002567 libjvm.so->dlopen(0x2ac7914110e0, 1, 0xffffffff, 0x2ac794226600) = 0x2ac794001b10
8324   0.001232 libjvm.so->fopen(0x2ac7914110e0, 0x2ac792c96ccb, 111, 0x732e6176) = 0x2ac79425ec90
8324   0.004708 libjvm.so->dlopen(0x2ac7914110e0, 1, 0xffffffff, 0x2ac794226600) = 0x2ac794001b10
8324   0.001059 libjvm.so->fopen(0x2ac7914110e0, 0x2ac792c96ccb, 111, 0x732e6176) = 0x2ac79425ec90
8324   0.002001 libjvm.so->dlopen(0x2ac7914110e0, 1, 0xffffffff, 0x2ac794226600) = 0x2ac794001b10
8324   0.017104 libjvm.so->fopen(0x2ac791410e40, 0x2ac792c96ccb, 111, 0x732e6176) = 0x2ac7941742d0
8324   0.003648 libjvm.so->dlopen(0x2ac791410e40, 1, 0xffffffff, 0x2ac79421ba00) = 0x2ac794001b10
8324   0.003118 libjvm.so->fopen(0x2ac791410e40, 0x2ac792c96ccb, 111, 0x732e6176) = 0x2ac7941742d0
8324   0.002432 libjvm.so->dlopen(0x2ac791410e40, 1, 0xffffffff, 0x2ac79421ba00) = 0x2ac794001b10
8324   0.001119 libjvm.so->fopen(0x2ac791410e40, 0x2ac792c96ccb, 111, 0x732e6176) = 0x2ac7941742d0
8324   0.005443 libjvm.so->dlopen(0x2ac791410e40, 1, 0xffffffff, 0x2ac79421ba00) = 0x2ac794001b10
8324   0.002317 libjvm.so->fopen(0x2ac791410e40, 0x2ac792c96ccb, 111, 0x732e6176) = 0x2ac7941742d0
8324   0.002424 libjvm.so->dlopen(0x2ac791410e40, 1, 0xffffffff, 0x2ac79421ba00) = 0x2ac794001b10
8332   4.598687 +++ exited (status 0) +++
8328   0.000185 +++ exited (status 0) +++
8325   0.000132 +++ exited (status 0) +++
8324   0.000246 +++ exited (status 0) +++
8330   0.000251 +++ exited (status 0) +++
8331   0.000017 +++ exited (status 0) +++
8329   0.000011 +++ exited (status 0) +++
8326   0.000009 +++ exited (status 0) +++
8327   0.014815 +++ exited (status 0) +++
8323   0.000077 +++ exited (status 0) +++
Wrote an ltrace for command: "java -cp ./tools/maxent.jar density.Project outputs/Eucera_collaris_Dours/Eucera_collaris_Dours.lambdas data/layers/worldclim outputs/Eucera_collaris_Dours_worldclim.asc nowarnings nocache autorun -z" with PID 8321 from PPID 8296 on disc23.crc.nd.edu with result 0
REMOTEHOST=10.17.148.247
_CONDOR_JOB_PIDS=
MANPATH=/afs/crc.nd.edu/user/n/nkremerh/cctools/share/man/:/afs/crc.nd.edu/group/ccl/software/x86_64/redhat7/ruby/current/share/man:/afs/crc.nd.edu/group/ccl/software/x86_64/redhat7/graphviz/current/share/man:/afs/crc.nd.edu/group/ccl/software/x86_64/redhat7/gnuplot/current/share/man:/afs/crc.nd.edu/group/ccl/software/x86_64/redhat7/git/current/share/man:/afs/crc.nd.edu/group/ccl/software/x86_64/redhat7/condor/current/share/man:/afs/crc.nd.edu/group/ccl/software/x86_64/redhat7/clang/current/share/man:/afs/crc.nd.edu/group/ccl/software/x86_64/redhat7/condor/current/share/man:/afs/crc.nd.edu/group/ccl/software/x86_64/redhat7/cctools/current/share/man:/afs/crc.nd.edu/group/ccl/software/x86_64/redhat7/cctools/current/share/man:/afs/crc.nd.edu/x86_64_linux/Modules/4.5.0/share/man:/opt/crc/usr/local/man:/opt/sge/man:/usr/share/man/overrides:/usr/share/man:/usr/local/share/man
XDG_SESSION_ID=2686
HOSTNAME=disc01.crc.nd.edu
_LMFILES__modshare=/afs/crc.nd.edu/x86_64_linux/Modules/modules/system_modules/CRC_default/1.1:1
MODULEPATH_modshare=/afs/crc.nd.edu/x86_64_linux/Modules/modules/general_software:1:/afs/crc.nd.edu/x86_64_linux/Modules/modules/development_tools_and_libraries:1:/afs/crc.nd.edu/x86_64_linux/Modules/modules/system_modules:1:/afs/crc.nd.edu/x86_64_linux/Modules/current/modulefiles:1:/afs/crc.nd.edu/x86_64_linux/Modules/modules/restricted_software:1:/afs/crc.nd.edu/x86_64_linux/Modules/modules/deprecated_software:1
_CONDOR_ANCESTOR_23321=23334:1599499133:751320184
MODULES_CMD=/afs/crc.nd.edu/x86_64_linux/Modules/4.5.0/libexec/modulecmd.tcl
HOST=disc01.crc.nd.edu
SHELL=/bin/tcsh
TERM=xterm-256color
MAKEFLAGS=
HISTSIZE=5000
TMPDIR=/var/condor/execute/dir_23321/worker-213124-23380/t.1640/cctools-temp-t.1640.SiALUo
SSH_CLIENT=10.17.148.247 49750 22
PERL5LIB=/afs/crc.nd.edu/user/n/nkremerh/cctools/lib/perl5/site_perl/5.16.3:/afs/crc.nd.edu/user/n/nkremerh/.perl5/lib/perl5
SGE_CELL=crc
_CONDOR_SCRATCH_DIR=/var/condor/execute/dir_23321
PERL_MB_OPT=--install_base '/afs/crc.nd.edu/user/n/nkremerh/.perl5/'
SSH_TTY=/dev/pts/0
SGE_LOAD_AVG=load_avg
MAKEFLOW_MAX_LOCAL_JOBS=2
HISTFILESIZE=10000
_CHIRP_DELAYED_UPDATE_PREFIX=Chirp*
USER=nkremerh
GROUP=campus
LD_LIBRARY_PATH=/afs/crc.nd.edu/group/ccl/software/x86_64/redhat7/ruby/current/lib:/afs/crc.nd.edu/group/ccl/software/x86_64/redhat7/graphviz/current/lib:/afs/crc.nd.edu/group/ccl/software/x86_64/redhat7/git/current/lib:/afs/crc.nd.edu/group/ccl/software/x86_64/redhat7/condor/current/lib:/afs/crc.nd.edu/group/ccl/software/x86_64/redhat7/clang/current/lib:/afs/crc.nd.edu/group/ccl/software/x86_64/redhat7/condor/current/lib:/afs/crc.nd.edu/group/ccl/software/x86_64/redhat7/cctools/current/lib:/opt/crc/usr/local/lib
TEMP=/var/condor/execute/dir_23321/worker-213124-23380/t.1640/cctools-temp-t.1640.SiALUo
BATCH_SYSTEM=HTCondor
WORKER_TMPDIR=/var/condor/execute/dir_23321/worker-213124-23380/cache/tmp
ENV=/afs/crc.nd.edu/x86_64_linux/Modules/4.5.0/init/profile.sh
MODULES_LMALTNAME=CRC_default/1.1&CRC_default/default&CRC_default
_CONDOR_ANCESTOR_3574=23321:1599499132:4040868323
_CONDOR_CHIRP_CONFIG=/var/condor/execute/dir_23321/.chirp.config
GLOBUS_GSSAPI_MAX_TLS_PROTOCOL=0
_CONDOR_HIGHPORT=9999
HOSTTYPE=x86_64-linux
MAKELEVEL=1
MFLAGS=
CCLSOFTWARE=/afs/crc.nd.edu/group/ccl/software/x86_64/redhat7
PATH=/afs/crc.nd.edu/user/n/nkremerh/cctools/bin:/afs/crc.nd.edu/user/n/nkremerh/miniconda/bin:/afs/crc.nd.edu/group/ccl/software/git:/afs/crc.nd.edu/user/n/nkremerh/.local/bin:/afs/crc.nd.edu/group/ccl/software/x86_64/redhat7/povray/3.7/bin:/afs/crc.nd.edu/user/n/nkremerh/.perl5/bin:/afs/crc.nd.edu/user/n/nkremerh/pegasus/bin:/afs/crc.nd.edu/user/n/nkremerh/nodejs/bin:/afs/crc.nd.edu/user/n/nkremerh/montage/bin:/afs/crc.nd.edu/user/n/nkremerh/latexdiff:/afs/crc.nd.edu/user/n/nkremerh/envtrace:/afs/crc.nd.edu/user/n/nkremerh/endlines:/afs/crc.nd.edu/user/n/nkremerh/cctools/bin:/afs/crc.nd.edu/user/n/nkremerh/.cargo/bin:/afs/crc.nd.edu/group/ccl/software/x86_64/redhat7/ruby/current/bin:/afs/crc.nd.edu/group/ccl/software/x86_64/redhat7/graphviz/current/bin:/afs/crc.nd.edu/group/ccl/software/x86_64/redhat7/gnuplot/current/bin:/afs/crc.nd.edu/group/ccl/software/x86_64/redhat7/git/current/bin:/afs/crc.nd.edu/group/ccl/software/x86_64/redhat7/condor/current/sbin:/afs/crc.nd.edu/group/ccl/software/x86_64/redhat7/condor/current/bin:/afs/crc.nd.edu/group/ccl/software/x86_64/redhat7/cmake/current/bin:/afs/crc.nd.edu/group/ccl/software/x86_64/redhat7/clang/current/bin:/afs/crc.nd.edu/group/ccl/software/x86_64/redhat7/condor/current/sbin:/afs/crc.nd.edu/group/ccl/software/x86_64/redhat7/condor/current/bin:/afs/crc.nd.edu/group/ccl/software/x86_64/redhat7/cctools/current/bin:/afs/crc.nd.edu/x86_64_linux/Modules/4.5.0/bin:/opt/crc/usr/local/bin:/opt/sge/bin/lx-amd64:/usr/local/bin:/usr/bin:/usr/local/sbin:/usr/sbin:/afs/crc.nd.edu/user/c/condor/software/bin:/afs/crc.nd.edu/user/c/condor/software/sbin
MAIL=/var/spool/mail/nkremerh
_CONDOR_ANCESTOR_3382=3574:1598183948:1170902758
PWD=/var/condor/execute/dir_23321/worker-213124-23380/t.1640
_LMFILES_=/afs/crc.nd.edu/x86_64_linux/Modules/modules/system_modules/CRC_default/1.1
SGE_EXECD_PORT=6445
EDITOR=vim
LANG=en_US.UTF-8
MODULEPATH=/afs/crc.nd.edu/x86_64_linux/Modules/modules/development_tools_and_libraries:/afs/crc.nd.edu/x86_64_linux/Modules/modules/general_software:/afs/crc.nd.edu/x86_64_linux/Modules/modules/restricted_software:/afs/crc.nd.edu/x86_64_linux/Modules/modules/system_modules:/afs/crc.nd.edu/x86_64_linux/Modules/modules/deprecated_software:/afs/crc.nd.edu/x86_64_linux/Modules/current/modulefiles
SGE_QMASTER_PORT=6444
SGE_ROOT=/opt/sge
LOADEDMODULES=CRC_default/1.1
WORK_QUEUE_SANDBOX=/var/condor/execute/dir_23321/worker-213124-23380
_CONDOR_SLOT=slot2_1
CCLPLATFORM=x86_64/redhat7
USE_SYSTEMD=true
_CONDOR_LOWPORT=9100
KRB5CCNAME=FILE:/tmp/krb5cc_213124_dlYXoi
HISTCONTROL=ignoreboth:erasedups
PATH_modshare=/opt/crc/usr/local/bin:1:/opt/sge/bin/lx-amd64:1:/usr/sbin:1:/usr/bin:1:/afs/crc.nd.edu/user/c/condor/software/sbin:1:/usr/local/sbin:1:/afs/crc.nd.edu/user/c/condor/software/bin:1:/usr/local/bin:1
SHLVL=7
HOME=disc01.crc.nd.edu
GLOBUS_GSSAPI_NAME_COMPATIBILITY=STRICT_RFC2818
_CONDOR_MACHINE_AD=/var/condor/execute/dir_23321/.machine.ad
OSTYPE=linux
DISK=18248
GREP_OPTIONS=--color=auto
GLOBUS_GSSAPI_MIN_TLS_PROTOCOL=TLS1_VERSION
MEMORY=1948
MANPATH_modshare=/usr/share/man/overrides:1:/usr/local/share/man:1:/usr/share/man:1:/opt/crc/usr/local/man:1:/opt/sge/man:1
VENDOR=unknown
BASH_ENV=/afs/crc.nd.edu/x86_64_linux/Modules/4.5.0/init/bash
PERL_LOCAL_LIB_ROOT=/afs/crc.nd.edu/user/n/nkremerh/.perl5/
PYTHONPATH=/afs/crc.nd.edu/user/n/nkremerh/cctools/lib/python3.6/site-packages/
CCLHOME=/afs/crc.nd.edu/group/ccl
MACHTYPE=x86_64
LOGNAME=nkremerh
TMP=/var/condor/execute/dir_23321/worker-213124-23380/t.1640/cctools-temp-t.1640.SiALUo
LD_LIBRARY_PATH_modshare=/opt/crc/usr/local/lib:1
MODULES_LMALTNAME_modshare=CRC_default/1.1&CRC_default/default&CRC_default:1
SSH_CONNECTION=10.17.148.247 49750 129.74.128.103 22
MODULESHOME=/afs/crc.nd.edu/x86_64_linux/Modules/4.5.0
OMP_NUM_THREADS=1
LESSOPEN=||/usr/bin/lesspipe.sh %s
GLOBUS_GSSAPI_BACKWARD_COMPATIBLE_MIC=true
GLOBUS_GSSAPI_CIPHERS=HIGH
LOADEDMODULES_modshare=CRC_default/1.1:1
_CONDOR_JOB_AD=/var/condor/execute/dir_23321/.job.ad
SGE_CLUSTER_NAME=CRC
XDG_RUNTIME_DIR=/run/user/213124
CCTOOLS=../cctools
CORES=2
_CONDOR_JOB_IWD=/var/condor/execute/dir_23321
PERL_MM_OPT=INSTALL_BASE=/afs/crc.nd.edu/user/n/nkremerh/.perl5/
GLOBUS_GSSAPI_SERVER_CIPHER_ORDER=true
BASH_FUNC_module()=() {  unset _mlshdbg;
 if [ "${MODULES_SILENT_SHELL_DEBUG:-0}" = '1' ]; then
 case "$-" in 
 *v*x*)
 set +vx;
 _mlshdbg='vx'
 ;;
 *v*)
 set +v;
 _mlshdbg='v'
 ;;
 *x*)
 set +x;
 _mlshdbg='x'
 ;;
 *)
 _mlshdbg=''
 ;;
 esac;
 fi;
 unset _mlre _mlIFS;
 if [ -n "${IFS+x}" ]; then
 _mlIFS=$IFS;
 fi;
 IFS=' ';
 for _mlv in ${MODULES_RUN_QUARANTINE:-};
 do
 if [ "${_mlv}" = "${_mlv##*[!A-Za-z0-9_]}" -a "${_mlv}" = "${_mlv#[0-9]}" ]; then
 if [ -n "`eval 'echo ${'$_mlv'+x}'`" ]; then
 _mlre="${_mlre:-}${_mlv}_modquar='`eval 'echo ${'$_mlv'}'`' ";
 fi;
 _mlrv="MODULES_RUNENV_${_mlv}";
 _mlre="${_mlre:-}${_mlv}='`eval 'echo ${'$_mlrv':-}'`' ";
 fi;
 done;
 if [ -n "${_mlre:-}" ]; then
 eval `eval ${_mlre}/usr/bin/tclsh /afs/crc.nd.edu/x86_64_linux/Modules/4.5.0/libexec/modulecmd.tcl bash '"$@"'`;
 else
 eval `/usr/bin/tclsh /afs/crc.nd.edu/x86_64_linux/Modules/4.5.0/libexec/modulecmd.tcl bash "$@"`;
 fi;
 _mlstatus=$?;
 if [ -n "${_mlIFS+x}" ]; then
 IFS=$_mlIFS;
 else
 unset IFS;
 fi;
 unset _mlre _mlv _mlrv _mlIFS;
 if [ -n "${_mlshdbg:-}" ]; then
 set -$_mlshdbg;
 fi;
 unset _mlshdbg;
 return $_mlstatus
}
BASH_FUNC_ml()=() {  module ml "$@"
}
_=/usr/bin/printenv
