19810   0.000000 libjli.so->getenv("_JAVA_LAUNCHER_DEBUG") = nil
19810   0.001289 libjli.so->getenv("_JAVA_VERSION_SET") = nil
19810   0.000558 libjli.so->fopen("/usr/lib/jvm/java-1.8.0-openjdk-1.8.0.262.b10-0.el7_8.x86_64/jre/lib/amd64/jvm.cfg", "r") = 0x560bf690a0f0
19810   0.000551 libjli.so->getenv("JDK_ALTERNATE_VM") = nil
19810   0.000213 libjli.so->__xstat(1, "/usr/lib/jvm/java-1.8.0-openjdk-1.8.0.262.b10-0.el7_8.x86_64/jre/lib/amd64/server/libjvm.so", 0x7ffc7b2265a0) = 0
19810   0.000391 libjli.so->getenv("LD_LIBRARY_PATH") = "/afs/crc.nd.edu/group/ccl/software/x86_64/redhat7/ruby/current/lib:/afs/crc.nd.edu/group/ccl/software/x86_64/redhat7/graphviz/current/lib:/afs/crc.nd.edu/group/ccl/software/x86_64/redhat7/git/current/lib:/afs/crc.nd.edu/group/ccl/software/x86_64/redhat7/condor/current/lib:/afs/crc.nd.edu/group/ccl/software/x86_64/redhat7/clang/current/lib:/afs/crc.nd.edu/group/ccl/software/x86_64/redhat7/condor/current/lib:/afs/crc.nd.edu/group/ccl/software/x86_64/redhat7/cctools/current/lib:/opt/crc/usr/local/lib"
19810   0.001423 libjli.so->dlopen("/usr/lib/jvm/java-1.8.0-openjdk-1.8.0.262.b10-0.el7_8.x86_64/jre/lib/amd64/server/libjvm.so", 258 <unfinished ...>
19810   0.025730 libjvm.so->getenv("NMT_LEVEL_19810") = nil
19810   0.001135 <... dlopen resumed> )          = 0x560bf690a4c0
19810   0.000058 libjli.so->getenv("CLASSPATH")  = nil
19810   0.000222 libjli.so->getenv("_JAVA_SPLASH_JAR") = nil
19810   0.000206 libjli.so->getenv("_JAVA_SPLASH_FILE") = nil
19810   0.000210 libjli.so->pthread_attr_setdetachstate(0x7ffc7b226550, 0, 0x7ffc7b2265e0, 0) = 0
19810   0.000426 libpthread.so.0->__clone(0x2aef86c25de0, 0x2aef86b38fc0, 0x3d0f00, 0x2aef86b39700) = 0x4d64
19812   0.001224 libjvm.so->dlopen(0x2aef884049ae, 1, 0xfffffffffff42c48, 4096) = 0x2aef8c000990
19812   0.001768 libjvm.so->getenv(0x2aef8841f83e, 0, 115, 0x65737361) = 0x7ffc7b22c6ac
19812   0.000320 libjvm.so->fopen(0x2aef86b37c10, 0x2aef883bbccb, 0x6f732e79666972, 0x2aef874fdab0) = 0x2aef8c001440
19812   0.000947 libjvm.so->dlopen(0x2aef86b37c10, 1, 0xffffffff, 0x2aef8c002b00) = 0x2aef8c001440
19812   0.001076 libjvm.so->fopen(0x2aef86b37c10, 0x2aef883bbccb, 111, 0x732e6176) = 0x2aef8c001b10
19812   0.001071 libjvm.so->dlopen(0x2aef86b37c10, 1, 0xffffffff, 0x2aef8c001a00) = 0x2aef8c001b10
19812   0.001085 libjvm.so->__xstat(1, 0x2aef86b38360, 0x2aef86b38ba0, 0x746f7073746f682e) = -1
19812   0.000339 libjvm.so->getenv(0x2aef883b4541, 0x2aef86b386d0, 1024, 0x2aef8886e61b) = 0
19812   0.000338 libjvm.so->getenv(0x2aef883b4533, 0x2aef86b386d0, 1024, 0) = 0
19812   0.000292 libjvm.so->fopen(0x2aef88404315, 0x2aef883bbccb, 4095, 0xffffd51077c4bb03) = 0x2aef8c003290
19812   0.000742 libjvm.so->fopen(0x2aef88404361, 0x2aef883bbccb, 0x2aef8c000078, 0x2aef8c003280) = 0x2aef8c003290
19812   0.000514 libjvm.so->fopen(0x2aef86b329b0, 0x2aef883bbccb, 4014, 3995) = 0x2aef8c003290
19812   0.000434 libjvm.so->opendir(0x2aef8c002b40, 0x2aef8c002b40, 13, 16) = 0
19812   0.000311 libjvm.so->__xstat(1, 0x2aef86b378f0, 0x2aef86b36860, 0x6f732e7477616d62) = -1
19812   0.000307 libjvm.so->__xstat(1, 0x2aef86b378f0, 0x2aef86b36860, 0x5f74776162696c2f) = 0
19812   0.000363 libjvm.so->fopen(0x2aef86b36b90, 0x2aef883bbccb, 4009, 3994) = 0x2aef8c003770
19812   0.000410 libjvm.so->fopen(0x2aef86b36b90, 0x2aef883bbccb, 4009, 3994) = 0x2aef8c003770
19812   0.000414 libjvm.so->fopen(0x2aef86b36b90, 0x2aef883bbccb, 4009, 4002) = 0x2aef8c003770
19812   0.000423 libjvm.so->fopen(0x2aef86b36b20, 0x2aef883bbccb, 4009, 3994) = 0x2aef8c003770
19812   0.000407 libjvm.so->fopen(0x2aef86b36b20, 0x2aef883bbccb, 4009, 3994) = 0x2aef8c003770
19812   0.000403 libjvm.so->fopen(0x2aef86b36b20, 0x2aef883bbccb, 4009, 4002) = 0x2aef8c003770
19812   0.000439 libjvm.so->fopen(0x2aef86b36b50, 0x2aef883bbccb, 4014, 3995) = 0x2aef8c003770
19812   0.000586 libjvm.so->getenv(0x2aef884050ff, 4096, 3, -1) = 0
19812   0.000651 libjvm.so->fopen(0x2aef88404998, 0x2aef883bbccb, 0x2aef86c1c908, 0x2aef86c1bdf0) = 0x2aef8c003770
19812   0.003284 libjvm.so->open(0x2aef8c04a560, 0x20000, 0, 0x2aef8c04a5a9) = 3
19812   0.000300 libjvm.so->__fxstat(1, 3, 0x2aef86b38a00, -1) = 0
19812   0.000326 libjvm.so->opendir(0x2aef8c04a560, 0x2aef86b38a00, 0x4000, -1) = 0x2aef8c04b470
19812   0.000325 libjvm.so->__fxstat(1, 3, 0x2aef86b388a0, 0x2aef8c04b470) = 0
19812   0.000294 libjvm.so->__fxstat(1, 5, 0x2aef86b38930, -1) = 0
19812   0.000307 libjvm.so->open(0x2aef883d29dc, 0, 0, 0) = 3
19812   0.000501 libjvm.so->__lxstat(1, 0x2aef8c04a560, 0x2aef86b38b50, -144) = 0
19812   0.000302 libjvm.so->open(0x2aef8c04a560, 0x20000, 0x4000, -1) = 3
19812   0.000308 libjvm.so->__fxstat(1, 3, 0x2aef86b38a00, -1) = 0
19812   0.000345 libjvm.so->opendir(0x2aef8c04a560, 0x2aef86b38a00, 0x4000, -1) = 0x2aef8c04b470
19812   0.000300 libjvm.so->__fxstat(1, 3, 0x2aef86b388a0, 0x2aef8c04b470) = 0
19812   0.000299 libjvm.so->__fxstat(1, 5, 0x2aef86b38930, -1) = 0
19812   0.000348 libjvm.so->open(0x2aef883d29dc, 0, 0, 0) = 3
19812   0.000353 libjvm.so->open(0x2aef8c04a5a9, 0x20042, 384, -1) = 7
19812   0.000465 libjvm.so->__fxstat(1, 7, 0x2aef86b38b50, -1) = 0
19812   0.001173 libjvm.so->fopen(0x2aef86b37b60, 0x2aef883bbccb, 4, 0x6f732e70) = 0x2aef8c057bc0
19812   0.000996 libjvm.so->dlopen(0x2aef86b37b60, 1, 0xffffffff, 0x2aef8c057b00) = 0x2aef8c057bc0
19812   0.000993 libjvm.so->__xstat(1, 0x2aef86b38120, 0x2aef86b38950, 2048) = 0
19812   0.000307 libjvm.so->__xstat(1, 0x2aef86b38120, 0x2aef86b38950, 2048) = 0
19812   0.000292 libjvm.so->__xstat(1, 0x2aef86b38120, 0x2aef86b38950, 2048) = -1
19812   0.000343 libjvm.so->__xstat(1, 0x2aef86b38120, 0x2aef86b38950, 2048) = 0
19812   0.000302 libjvm.so->__xstat(1, 0x2aef86b38120, 0x2aef86b38950, 2048) = 0
19812   0.000309 libjvm.so->__xstat(1, 0x2aef86b38120, 0x2aef86b38950, 2048) = 0
19812   0.000333 libjvm.so->__xstat(1, 0x2aef86b38120, 0x2aef86b38950, 2048) = 0
19812   0.000297 libjvm.so->__xstat(1, 0x2aef86b38120, 0x2aef86b38950, 2048) = -1
19812   0.000294 libjvm.so->fopen(0x2aef8c002520, 0x2aef883bbccb, 0, 0) = 0x2aef8c058a60
19812   0.007442 libjvm.so->open64(0x2aef86b37410, 0, 0, 16) = 3
19812   0.000364 libjvm.so->__fxstat64(1, 3, 0x2aef86b37240, -1) = 0
19812   0.024581 libjvm.so->__xstat(1, 0x2aef86b37f20, 0x2aef86b38750, 2048) = -1
19812   0.000364 libjvm.so->fopen(0x2aef86b36b20, 0x2aef883bbccb, 4009, 3994) = 0x2aef8c0b5e20
19812   0.000486 libjvm.so->fopen(0x2aef86b36b20, 0x2aef883bbccb, 4009, 3994) = 0x2aef8c0b5e20
19812   0.000402 libjvm.so->fopen(0x2aef86b36b20, 0x2aef883bbccb, 4009, 4002) = 0x2aef8c0b5e20
19812   0.002932 libjvm.so->pthread_attr_setdetachstate(0x2aef86b38c00, 1, 0, 0) = 0
19812   0.000375 libpthread.so.0->__clone(0x2aef86c25de0, 0x2aef8bca9fc0, 0x3d0f00, 0x2aef8bcaa700) = 0x4d65
19812   0.010429 libjvm.so->pthread_attr_setdetachstate(0x2aef86b38290, 1, 0, 0) = 0
19812   0.000481 libpthread.so.0->__clone(0x2aef86c25de0, 0x2aef8bdaafc0, 0x3d0f00, 0x2aef8bdab700) = 0x4d66
19812   0.004676 libjvm.so->pthread_attr_setdetachstate(0x2aef86b38610, 1, 0, 0) = 0
19812   0.000572 libpthread.so.0->__clone(0x2aef86c25de0, 0x2aef8beabfc0, 0x3d0f00, 0x2aef8beac700) = 0x4d67
19812   0.026242 libjvm.so->fopen(0x2aef8c0e9130, 0x2aef883bbccb, 4, 0x6f732e70) = 0x2aef8c0f1c70
19812   0.001361 libjvm.so->dlopen(0x2aef8c0e9130, 1, 0xffffffff, 0x2aef8c0ec300) = 0x2aef8c057bc0
19812   0.003428 libjvm.so->open64(0x2aef86b37510, 0, 0, 16) = 5
19812   0.000651 libjvm.so->__fxstat64(1, 5, 0x2aef86b37340, -1) = 0
19812   0.013154 libjvm.so->fopen(0x2aef86b34130, 0x2aef883bbccb, 4009, 3994) = 0x2aef8c0fcbc0
19812   0.000759 libjvm.so->fopen(0x2aef86b34130, 0x2aef883bbccb, 4009, 3994) = 0x2aef8c0fcbc0
19812   0.000732 libjvm.so->fopen(0x2aef86b34130, 0x2aef883bbccb, 4009, 4002) = 0x2aef8c0fcbc0
19812   0.010693 libjvm.so->pthread_attr_setdetachstate(0x2aef86b38b50, 1, 0, 0) = 0
19812   0.000650 libpthread.so.0->__clone(0x2aef86c25de0, 0x2aef8bfacfc0, 0x3d0f00, 0x2aef8bfad700) = 0x4d6d
19812   0.001908 libjvm.so->__xstat64(1, 0x2aef86b38be0, 0x2aef86b38b50, 19) = -1
19812   0.000786 libjvm.so->pthread_attr_setdetachstate(0x2aef86b38950, 1, 0, 0) = 0
19812   0.000748 libpthread.so.0->__clone(0x2aef86c25de0, 0x2aef9f8fffc0, 0x3d0f00, 0x2aef9f900700) = 0x4d6e
19812   0.001135 libjvm.so->pthread_attr_setdetachstate(0x2aef86b38950, 1, 0, 0) = 0
19812   0.000875 libpthread.so.0->__clone(0x2aef86c25de0, 0x2aef9fa00fc0, 0x3d0f00, 0x2aef9fa01700) = 0x4d6f
19812   0.004931 libjvm.so->pthread_attr_setdetachstate(0x2aef86b38aa0, 1, 0, 0) = 0
19812   0.000936 libpthread.so.0->__clone(0x2aef86c25de0, 0x2aef9fb01fc0, 0x3d0f00, 0x2aef9fb02700) = 0x4d71
19812   0.001502 libjvm.so->pthread_attr_setdetachstate(0x2aef86b38bb0, 1, 0, 0) = 0
19812   0.001458 libpthread.so.0->__clone(0x2aef86c25de0, 0x2aef9fc02fc0, 0x3d0f00, 0x2aef9fc03700) = 0x4d72
19812   0.009814 libjvm.so->open64(0x2aef8c12e840, 0, 0, 0) = 7
19812   0.001182 libjvm.so->__fxstat64(1, 7, 0x2aef86b35f60, -1) = 0
19812   0.017088 libjvm.so->fopen(0x2aef8c154580, 0x2aef883bbccb, 4, 0x6f732e6f) = 0x2aef8c154750
19812   0.002160 libjvm.so->dlopen(0x2aef8c154580, 1, 0xffffffff, 0x2aef8c154600) = 0x2aef8c154750
19812   0.101432 libjvm.so->fopen(0x2aef8c19a450, 0x2aef883bbccb, 4, 0x6f732e74) = 0x2aef8c19d700
19812   0.003135 libjvm.so->dlopen(0x2aef8c19a450, 1, 0xffffffff, 0x2aef8c19d600) = 0x2aef8c1a7ab0
19812   0.146601 libjvm.so->fopen(0x2aef8c210af0, 0x2aef883bbccb, 0x6f732e7373656c, 0x656c646165685f74) = 0x2aef8c210bd0
19812   0.003210 libjvm.so->dlopen(0x2aef8c210af0, 1, 0xffffffff, 0x2aef8c210b00) = 0x2aef8c210bd0
19812   0.020820 libjvm.so->fopen(0x2aef86b31990, 0x2aef883bbccb, 0x6f732e, 0x6d766a62696c2f72) = 0x2aef8c21aac0
19812   0.007163 libjvm.so->dlopen(0x2aef86b31990, 1, 0xffffffff, 0x2aef8c21a000) = 0x560bf690a4c0
19812   0.001814 libjvm.so->fopen(0x2aef86b31990, 0x2aef883bbccb, 0x6f732e, 0x6d766a62696c2f72) = 0x2aef8c21aa60
19812   0.005840 libjvm.so->dlopen(0x2aef86b31990, 1, 0xffffffff, 0x2aef8c21a000) = 0x560bf690a4c0
19812   0.001752 libjvm.so->fopen(0x2aef86b31990, 0x2aef883bbccb, 0x6f732e, 0x6d766a62696c2f72) = 0x2aef8c21aa60
19812   0.004656 libjvm.so->dlopen(0x2aef86b31990, 1, 0xffffffff, 0x2aef8c21a000) = 0x560bf690a4c0
19812   0.001765 libjvm.so->fopen(0x2aef86b31990, 0x2aef883bbccb, 0x6f732e, 0x6d766a62696c2f72) = 0x2aef8c21aa60
19812   0.004094 libjvm.so->dlopen(0x2aef86b31990, 1, 0xffffffff, 0x2aef8c21a000) = 0x560bf690a4c0
19812   0.580559 --- SIGSEGV (Segmentation fault) ---
19812   3.103742 --- SIGSEGV (Segmentation fault) ---
19812   8.641770 libjvm.so->fopen(0x2aef86b329d0, 0x2aef883bbccb, 4, 0x6f732e70) = 0x2aef8c1340e0
19812   0.003090 libjvm.so->dlopen(0x2aef86b329d0, 1, 0xffffffff, 0x2aef8c258900) = 0x2aef8c057bc0
19812   0.001739 libjvm.so->fopen(0x2aef86b329d0, 0x2aef883bbccb, 4, 0x6f732e70) = 0x2aef8c1f9e90
19812   0.002765 libjvm.so->dlopen(0x2aef86b329d0, 1, 0xffffffff, 0x2aef8c258900) = 0x2aef8c057bc0
19812   0.001657 libjvm.so->fopen(0x2aef86b329d0, 0x2aef883bbccb, 4, 0x6f732e70) = 0x2aef8c1f67b0
19812   0.002830 libjvm.so->dlopen(0x2aef86b329d0, 1, 0xffffffff, 0x2aef8c258900) = 0x2aef8c057bc0
19812   0.004509 libjvm.so->fopen(0x2aef86b329d0, 0x2aef883bbccb, 4, 0x6f732e70) = 0x2aef8c1f67b0
19812   0.004073 libjvm.so->dlopen(0x2aef86b329d0, 1, 0xffffffff, 0x2aef8c258900) = 0x2aef8c057bc0
19812   0.002896 libjvm.so->fopen(0x2aef86b329d0, 0x2aef883bbccb, 4, 0x6f732e70) = 0x2aef8c1f67b0
19812   0.002690 libjvm.so->dlopen(0x2aef86b329d0, 1, 0xffffffff, 0x2aef8c134500) = 0x2aef8c057bc0
19812   0.001667 libjvm.so->fopen(0x2aef86b329d0, 0x2aef883bbccb, 4, 0x6f732e70) = 0x2aef8c1f67b0
19812   0.002723 libjvm.so->dlopen(0x2aef86b329d0, 1, 0xffffffff, 0x2aef8c134500) = 0x2aef8c057bc0
19812   0.001644 libjvm.so->fopen(0x2aef86b329d0, 0x2aef883bbccb, 4, 0x6f732e70) = 0x2aef8c1f67b0
19812   0.002523 libjvm.so->dlopen(0x2aef86b329d0, 1, 0xffffffff, 0x2aef8c134500) = 0x2aef8c057bc0
19812   0.002544 libjvm.so->fopen(0x2aef86b329d0, 0x2aef883bbccb, 4, 0x6f732e70) = 0x2aef8c1f67b0
19812   0.002653 libjvm.so->dlopen(0x2aef86b329d0, 1, 0xffffffff, 0x2aef8c134500) = 0x2aef8c057bc0
19812   0.352580 libjvm.so->fopen(0x2aef8c271fb0, 0x2aef883bbccb, 0x6f732e72656761, 0x6567616e616d746e) = 0x2aef8c272090
19812   0.002047 libjvm.so->dlopen(0x2aef8c271fb0, 1, 0xffffffff, 0x2aef8c272000) = 0x2aef8c272090
19812   0.015391 libjvm.so->pthread_attr_setdetachstate(0x2aef86b34df0, 1, 0, 0) = 0
19812   0.001173 libpthread.so.0->__clone(0x2aef86c25de0, 0x2aef9ff16fc0, 0x3d0f00, 0x2aef9ff17700) = 0x4df8
19812   0.016863 libjvm.so->fopen(0x2aef8c2863b0, 0x2aef883bbccb, 4, 0x6f732e74) = 0x2aef8c286470
19812   0.003007 libjvm.so->dlopen(0x2aef8c2863b0, 1, 0xffffffff, 0x2aef8c286400) = 0x2aef8c154df0
19812   0.115318 libjvm.so->open64(0x2aef86b330c0, 0, 0, 0) = 14
19812   0.001886 libjvm.so->__fxstat64(1, 14, 0x2aef86b32ef0, -1) = 0
19812   0.133979 libjvm.so->fopen(0x2aef86b34a70, 0x2aef883bbccb, 0x6f732e, 0x6d766a62696c2f72) = 0x2aef8c31fec0
19812   0.005617 libjvm.so->dlopen(0x2aef86b34a70, 1, 0xffffffff, 0x2aef8c31fe00) = 0x560bf690a4c0
19812   0.001800 libjvm.so->fopen(0x2aef86b34a70, 0x2aef883bbccb, 0x6f732e, 0x6d766a62696c2f72) = 0x2aef8c31fec0
19812   0.005091 libjvm.so->dlopen(0x2aef86b34a70, 1, 0xffffffff, 0x2aef8c31fe00) = 0x560bf690a4c0
19812   0.001919 libjvm.so->fopen(0x2aef86b34a70, 0x2aef883bbccb, 0x6f732e, 0x6d766a62696c2f72) = 0x2aef8c344720
19812   0.006287 libjvm.so->dlopen(0x2aef86b34a70, 1, 0xffffffff, 0x2aef8c31fe00) = 0x560bf690a4c0
19812   0.003912 libjvm.so->fopen(0x2aef86b34a70, 0x2aef883bbccb, 0x6f732e, 0x6d766a62696c2f72) = 0x2aef8c344720
19812   0.006027 libjvm.so->dlopen(0x2aef86b34a70, 1, 0xffffffff, 0x2aef8c31fe00) = 0x560bf690a4c0
19812   0.032137 libjvm.so->fopen(0x2aef86b346e0, 0x2aef883bbccb, 4, 0x6f732e6f) = 0x2aef8c344720
19812   0.003035 libjvm.so->dlopen(0x2aef86b346e0, 1, 0xffffffff, 0x2aef8c343600) = 0x2aef8c154750
19812   0.001824 libjvm.so->fopen(0x2aef86b346e0, 0x2aef883bbccb, 4, 0x6f732e6f) = 0x2aef8c344720
19812   0.002898 libjvm.so->dlopen(0x2aef86b346e0, 1, 0xffffffff, 0x2aef8c343600) = 0x2aef8c154750
19812   0.001777 libjvm.so->fopen(0x2aef86b346e0, 0x2aef883bbccb, 4, 0x6f732e6f) = 0x2aef8c344720
19812   0.005493 libjvm.so->dlopen(0x2aef86b346e0, 1, 0xffffffff, 0x2aef8c343600) = 0x2aef8c154750
19812   0.001808 libjvm.so->fopen(0x2aef86b346e0, 0x2aef883bbccb, 4, 0x6f732e6f) = 0x2aef8c344720
19812   0.003016 libjvm.so->dlopen(0x2aef86b346e0, 1, 0xffffffff, 0x2aef8c343600) = 0x2aef8c154750
19812   0.125889 libjvm.so->open64(0x2aef8c3688b0, 0, 0, 48) = 23
19812   0.001945 libjvm.so->__fxstat64(1, 23, 0x2aef86b35780, -1) = 0
19812   0.040938 libjvm.so->fopen(0x2aef86b35c50, 0x2aef883bbccb, 111, 0x732e6176) = 0x2aef8c37c360
19812   0.003119 libjvm.so->dlopen(0x2aef86b35c50, 1, 0xffffffff, 0x2aef8c37c000) = 0x2aef8c001b10
19812   0.001817 libjvm.so->fopen(0x2aef86b35c50, 0x2aef883bbccb, 111, 0x732e6176) = 0x2aef8c37c360
19812   0.007606 libjvm.so->dlopen(0x2aef86b35c50, 1, 0xffffffff, 0x2aef8c37bf00) = 0x2aef8c001b10
19812   0.001867 libjvm.so->fopen(0x2aef86b35c50, 0x2aef883bbccb, 111, 0x732e6176) = 0x2aef8c37c360
19812   0.002913 libjvm.so->dlopen(0x2aef86b35c50, 1, 0xffffffff, 0x2aef8c37bf00) = 0x2aef8c001b10
19812   0.001848 libjvm.so->fopen(0x2aef86b35c50, 0x2aef883bbccb, 111, 0x732e6176) = 0x2aef8c37c360
19812   0.002886 libjvm.so->dlopen(0x2aef86b35c50, 1, 0xffffffff, 0x2aef8c37bf00) = 0x2aef8c001b10
19812   0.024762 libjvm.so->fopen(0x2aef86b359e0, 0x2aef883bbccb, 111, 0x732e6176) = 0x2aef8c3858c0
19812   0.003016 libjvm.so->dlopen(0x2aef86b359e0, 1, 0xffffffff, 0x2aef8c385800) = 0x2aef8c001b10
19812   0.001851 libjvm.so->fopen(0x2aef86b359e0, 0x2aef883bbccb, 111, 0x732e6176) = 0x2aef8c385960
19812   0.002931 libjvm.so->dlopen(0x2aef86b359e0, 1, 0xffffffff, 0x2aef8c385800) = 0x2aef8c001b10
19812   0.001829 libjvm.so->fopen(0x2aef86b359e0, 0x2aef883bbccb, 111, 0x732e6176) = 0x2aef8c3858c0
19812   0.002915 libjvm.so->dlopen(0x2aef86b359e0, 1, 0xffffffff, 0x2aef8c385800) = 0x2aef8c001b10
19812   0.001768 libjvm.so->fopen(0x2aef86b359e0, 0x2aef883bbccb, 111, 0x732e6176) = 0x2aef8c3858c0
19812   0.004081 libjvm.so->dlopen(0x2aef86b359e0, 1, 0xffffffff, 0x2aef8c385800) = 0x2aef8c001b10
19812   0.809541 --- SIGSEGV (Segmentation fault) ---
19812   0.001469 --- SIGSEGV (Segmentation fault) ---
19812   0.000655 --- SIGSEGV (Segmentation fault) ---
19812  12.998798 --- SIGSEGV (Segmentation fault) ---
19812   2.426679 --- SIGSEGV (Segmentation fault) ---
19812   0.000821 --- SIGSEGV (Segmentation fault) ---
19812   0.001806 --- SIGSEGV (Segmentation fault) ---
19812   0.000401 --- SIGSEGV (Segmentation fault) ---
19812   0.000394 --- SIGSEGV (Segmentation fault) ---
19826   0.056837 +++ exited (status 0) +++
19821   0.000262 +++ exited (status 0) +++
19813   0.000452 +++ exited (status 0) +++
19812   0.000169 +++ exited (status 0) +++
19823   0.000285 +++ exited (status 0) +++
19960   0.000022 +++ exited (status 0) +++
19822   0.000011 +++ exited (status 0) +++
19815   0.000010 +++ exited (status 0) +++
19814   0.000010 +++ exited (status 0) +++
19825   0.018058 +++ exited (status 0) +++
19810   0.000126 +++ exited (status 0) +++
Wrote an ltrace for command: "java -cp ./tools/maxent.jar density.MaxEnt -s outputs/Botanophila_brunneilinea.csv -e data/layers/worldclim -o outputs/Botanophila_brunneilinea nowarnings nocache autorun -z" with PID 19808 from PPID 19790 on disc22.crc.nd.edu with result 0
REMOTEHOST=10.17.148.247
MANPATH=/afs/crc.nd.edu/user/n/nkremerh/cctools/share/man/:/afs/crc.nd.edu/group/ccl/software/x86_64/redhat7/ruby/current/share/man:/afs/crc.nd.edu/group/ccl/software/x86_64/redhat7/graphviz/current/share/man:/afs/crc.nd.edu/group/ccl/software/x86_64/redhat7/gnuplot/current/share/man:/afs/crc.nd.edu/group/ccl/software/x86_64/redhat7/git/current/share/man:/afs/crc.nd.edu/group/ccl/software/x86_64/redhat7/condor/current/share/man:/afs/crc.nd.edu/group/ccl/software/x86_64/redhat7/clang/current/share/man:/afs/crc.nd.edu/group/ccl/software/x86_64/redhat7/condor/current/share/man:/afs/crc.nd.edu/group/ccl/software/x86_64/redhat7/cctools/current/share/man:/afs/crc.nd.edu/group/ccl/software/x86_64/redhat7/cctools/current/share/man:/afs/crc.nd.edu/x86_64_linux/Modules/4.5.0/share/man:/opt/crc/usr/local/man:/opt/sge/man:/usr/share/man/overrides:/usr/share/man:/usr/local/share/man
_CONDOR_JOB_PIDS=
XDG_SESSION_ID=2686
HOSTNAME=disc01.crc.nd.edu
_LMFILES__modshare=/afs/crc.nd.edu/x86_64_linux/Modules/modules/system_modules/CRC_default/1.1:1
MODULEPATH_modshare=/afs/crc.nd.edu/x86_64_linux/Modules/modules/general_software:1:/afs/crc.nd.edu/x86_64_linux/Modules/modules/development_tools_and_libraries:1:/afs/crc.nd.edu/x86_64_linux/Modules/modules/system_modules:1:/afs/crc.nd.edu/x86_64_linux/Modules/current/modulefiles:1:/afs/crc.nd.edu/x86_64_linux/Modules/modules/restricted_software:1:/afs/crc.nd.edu/x86_64_linux/Modules/modules/deprecated_software:1
TERM=xterm-256color
SHELL=/bin/tcsh
HOST=disc01.crc.nd.edu
MODULES_CMD=/afs/crc.nd.edu/x86_64_linux/Modules/4.5.0/libexec/modulecmd.tcl
HISTSIZE=5000
MAKEFLAGS=
SSH_CLIENT=10.17.148.247 49750 22
TMPDIR=/var/condor/execute/dir_14566/worker-213124-14629/t.788/cctools-temp-t.788.YKmpw1
PERL5LIB=/afs/crc.nd.edu/user/n/nkremerh/cctools/lib/perl5/site_perl/5.16.3:/afs/crc.nd.edu/user/n/nkremerh/.perl5/lib/perl5
SGE_CELL=crc
_CONDOR_SCRATCH_DIR=/var/condor/execute/dir_14566
PERL_MB_OPT=--install_base '/afs/crc.nd.edu/user/n/nkremerh/.perl5/'
SSH_TTY=/dev/pts/0
SGE_LOAD_AVG=load_avg
MAKEFLOW_MAX_LOCAL_JOBS=2
GROUP=campus
USER=nkremerh
_CHIRP_DELAYED_UPDATE_PREFIX=Chirp*
HISTFILESIZE=10000
TEMP=/var/condor/execute/dir_14566/worker-213124-14629/t.788/cctools-temp-t.788.YKmpw1
LD_LIBRARY_PATH=/afs/crc.nd.edu/group/ccl/software/x86_64/redhat7/ruby/current/lib:/afs/crc.nd.edu/group/ccl/software/x86_64/redhat7/graphviz/current/lib:/afs/crc.nd.edu/group/ccl/software/x86_64/redhat7/git/current/lib:/afs/crc.nd.edu/group/ccl/software/x86_64/redhat7/condor/current/lib:/afs/crc.nd.edu/group/ccl/software/x86_64/redhat7/clang/current/lib:/afs/crc.nd.edu/group/ccl/software/x86_64/redhat7/condor/current/lib:/afs/crc.nd.edu/group/ccl/software/x86_64/redhat7/cctools/current/lib:/opt/crc/usr/local/lib
BATCH_SYSTEM=HTCondor
MODULES_LMALTNAME=CRC_default/1.1&CRC_default/default&CRC_default
ENV=/afs/crc.nd.edu/x86_64_linux/Modules/4.5.0/init/profile.sh
WORKER_TMPDIR=/var/condor/execute/dir_14566/worker-213124-14629/cache/tmp
HOSTTYPE=x86_64-linux
_CONDOR_HIGHPORT=9999
GLOBUS_GSSAPI_MAX_TLS_PROTOCOL=0
_CONDOR_CHIRP_CONFIG=/var/condor/execute/dir_14566/.chirp.config
MAKELEVEL=1
MFLAGS=
MAIL=/var/spool/mail/nkremerh
PATH=/afs/crc.nd.edu/user/n/nkremerh/cctools/bin:/afs/crc.nd.edu/user/n/nkremerh/miniconda/bin:/afs/crc.nd.edu/group/ccl/software/git:/afs/crc.nd.edu/user/n/nkremerh/.local/bin:/afs/crc.nd.edu/group/ccl/software/x86_64/redhat7/povray/3.7/bin:/afs/crc.nd.edu/user/n/nkremerh/.perl5/bin:/afs/crc.nd.edu/user/n/nkremerh/pegasus/bin:/afs/crc.nd.edu/user/n/nkremerh/nodejs/bin:/afs/crc.nd.edu/user/n/nkremerh/montage/bin:/afs/crc.nd.edu/user/n/nkremerh/latexdiff:/afs/crc.nd.edu/user/n/nkremerh/envtrace:/afs/crc.nd.edu/user/n/nkremerh/endlines:/afs/crc.nd.edu/user/n/nkremerh/cctools/bin:/afs/crc.nd.edu/user/n/nkremerh/.cargo/bin:/afs/crc.nd.edu/group/ccl/software/x86_64/redhat7/ruby/current/bin:/afs/crc.nd.edu/group/ccl/software/x86_64/redhat7/graphviz/current/bin:/afs/crc.nd.edu/group/ccl/software/x86_64/redhat7/gnuplot/current/bin:/afs/crc.nd.edu/group/ccl/software/x86_64/redhat7/git/current/bin:/afs/crc.nd.edu/group/ccl/software/x86_64/redhat7/condor/current/sbin:/afs/crc.nd.edu/group/ccl/software/x86_64/redhat7/condor/current/bin:/afs/crc.nd.edu/group/ccl/software/x86_64/redhat7/cmake/current/bin:/afs/crc.nd.edu/group/ccl/software/x86_64/redhat7/clang/current/bin:/afs/crc.nd.edu/group/ccl/software/x86_64/redhat7/condor/current/sbin:/afs/crc.nd.edu/group/ccl/software/x86_64/redhat7/condor/current/bin:/afs/crc.nd.edu/group/ccl/software/x86_64/redhat7/cctools/current/bin:/afs/crc.nd.edu/x86_64_linux/Modules/4.5.0/bin:/opt/crc/usr/local/bin:/opt/sge/bin/lx-amd64:/usr/local/bin:/usr/bin:/usr/local/sbin:/usr/sbin:/afs/crc.nd.edu/user/c/condor/software/bin:/afs/crc.nd.edu/user/c/condor/software/sbin
CCLSOFTWARE=/afs/crc.nd.edu/group/ccl/software/x86_64/redhat7
PWD=/var/condor/execute/dir_14566/worker-213124-14629/t.788
_LMFILES_=/afs/crc.nd.edu/x86_64_linux/Modules/modules/system_modules/CRC_default/1.1
EDITOR=vim
SGE_EXECD_PORT=6445
LANG=en_US.UTF-8
SGE_QMASTER_PORT=6444
MODULEPATH=/afs/crc.nd.edu/x86_64_linux/Modules/modules/development_tools_and_libraries:/afs/crc.nd.edu/x86_64_linux/Modules/modules/general_software:/afs/crc.nd.edu/x86_64_linux/Modules/modules/restricted_software:/afs/crc.nd.edu/x86_64_linux/Modules/modules/system_modules:/afs/crc.nd.edu/x86_64_linux/Modules/modules/deprecated_software:/afs/crc.nd.edu/x86_64_linux/Modules/current/modulefiles
LOADEDMODULES=CRC_default/1.1
SGE_ROOT=/opt/sge
CCLPLATFORM=x86_64/redhat7
_CONDOR_SLOT=slot2_1
WORK_QUEUE_SANDBOX=/var/condor/execute/dir_14566/worker-213124-14629
USE_SYSTEMD=true
_CONDOR_ANCESTOR_14566=14578:1599499133:2827701976
_CONDOR_LOWPORT=9100
HISTCONTROL=ignoreboth:erasedups
KRB5CCNAME=FILE:/tmp/krb5cc_213124_dlYXoi
GLOBUS_GSSAPI_NAME_COMPATIBILITY=STRICT_RFC2818
HOME=disc01.crc.nd.edu
SHLVL=6
PATH_modshare=/opt/crc/usr/local/bin:1:/opt/sge/bin/lx-amd64:1:/usr/sbin:1:/usr/bin:1:/afs/crc.nd.edu/user/c/condor/software/sbin:1:/usr/local/sbin:1:/afs/crc.nd.edu/user/c/condor/software/bin:1:/usr/local/bin:1
OSTYPE=linux
_CONDOR_MACHINE_AD=/var/condor/execute/dir_14566/.machine.ad
GREP_OPTIONS=--color=auto
DISK=18256
GLOBUS_GSSAPI_MIN_TLS_PROTOCOL=TLS1_VERSION
MANPATH_modshare=/usr/share/man/overrides:1:/usr/local/share/man:1:/usr/share/man:1:/opt/crc/usr/local/man:1:/opt/sge/man:1
MEMORY=1948
PERL_LOCAL_LIB_ROOT=/afs/crc.nd.edu/user/n/nkremerh/.perl5/
BASH_ENV=/afs/crc.nd.edu/x86_64_linux/Modules/4.5.0/init/bash
VENDOR=unknown
TMP=/var/condor/execute/dir_14566/worker-213124-14629/t.788/cctools-temp-t.788.YKmpw1
LOGNAME=nkremerh
MACHTYPE=x86_64
CCLHOME=/afs/crc.nd.edu/group/ccl
PYTHONPATH=/afs/crc.nd.edu/user/n/nkremerh/cctools/lib/python3.6/site-packages/
LD_LIBRARY_PATH_modshare=/opt/crc/usr/local/lib:1
SSH_CONNECTION=10.17.148.247 49750 129.74.128.103 22
MODULES_LMALTNAME_modshare=CRC_default/1.1&CRC_default/default&CRC_default:1
MODULESHOME=/afs/crc.nd.edu/x86_64_linux/Modules/4.5.0
GLOBUS_GSSAPI_CIPHERS=HIGH
GLOBUS_GSSAPI_BACKWARD_COMPATIBLE_MIC=true
LESSOPEN=||/usr/bin/lesspipe.sh %s
OMP_NUM_THREADS=1
_CONDOR_JOB_AD=/var/condor/execute/dir_14566/.job.ad
LOADEDMODULES_modshare=CRC_default/1.1:1
XDG_RUNTIME_DIR=/run/user/213124
SGE_CLUSTER_NAME=CRC
_CONDOR_ANCESTOR_3813=14566:1599499132:863842650
CCTOOLS=../cctools
CORES=2
_CONDOR_JOB_IWD=/var/condor/execute/dir_14566
PERL_MM_OPT=INSTALL_BASE=/afs/crc.nd.edu/user/n/nkremerh/.perl5/
GLOBUS_GSSAPI_SERVER_CIPHER_ORDER=true
_CONDOR_ANCESTOR_3607=3813:1598183989:3519041155
BASH_FUNC_module()=() {  unset _mlshdbg;
 if [ "${MODULES_SILENT_SHELL_DEBUG:-0}" = '1' ]; then
 case "$-" in 
 *v*x*)
 set +vx;
 _mlshdbg='vx'
 ;;
 *v*)
 set +v;
 _mlshdbg='v'
 ;;
 *x*)
 set +x;
 _mlshdbg='x'
 ;;
 *)
 _mlshdbg=''
 ;;
 esac;
 fi;
 unset _mlre _mlIFS;
 if [ -n "${IFS+x}" ]; then
 _mlIFS=$IFS;
 fi;
 IFS=' ';
 for _mlv in ${MODULES_RUN_QUARANTINE:-};
 do
 if [ "${_mlv}" = "${_mlv##*[!A-Za-z0-9_]}" -a "${_mlv}" = "${_mlv#[0-9]}" ]; then
 if [ -n "`eval 'echo ${'$_mlv'+x}'`" ]; then
 _mlre="${_mlre:-}${_mlv}_modquar='`eval 'echo ${'$_mlv'}'`' ";
 fi;
 _mlrv="MODULES_RUNENV_${_mlv}";
 _mlre="${_mlre:-}${_mlv}='`eval 'echo ${'$_mlrv':-}'`' ";
 fi;
 done;
 if [ -n "${_mlre:-}" ]; then
 eval `eval ${_mlre}/usr/bin/tclsh /afs/crc.nd.edu/x86_64_linux/Modules/4.5.0/libexec/modulecmd.tcl bash '"$@"'`;
 else
 eval `/usr/bin/tclsh /afs/crc.nd.edu/x86_64_linux/Modules/4.5.0/libexec/modulecmd.tcl bash "$@"`;
 fi;
 _mlstatus=$?;
 if [ -n "${_mlIFS+x}" ]; then
 IFS=$_mlIFS;
 else
 unset IFS;
 fi;
 unset _mlre _mlv _mlrv _mlIFS;
 if [ -n "${_mlshdbg:-}" ]; then
 set -$_mlshdbg;
 fi;
 unset _mlshdbg;
 return $_mlstatus
}
BASH_FUNC_ml()=() {  module ml "$@"
}
_=/usr/bin/printenv
