24508   0.000000 libjli.so->getenv("_JAVA_LAUNCHER_DEBUG") = nil
24508   0.001270 libjli.so->getenv("_JAVA_VERSION_SET") = nil
24508   0.001732 libjli.so->fopen("/usr/lib/jvm/java-1.8.0-openjdk-1.8.0.262.b10-0.el7_8.x86_64/jre/lib/amd64/jvm.cfg", "r") = 0x5608837580e0
24508   0.000567 libjli.so->getenv("JDK_ALTERNATE_VM") = nil
24508   0.000218 libjli.so->__xstat(1, "/usr/lib/jvm/java-1.8.0-openjdk-1.8.0.262.b10-0.el7_8.x86_64/jre/lib/amd64/server/libjvm.so", 0x7ffffe7eeb60) = 0
24508   0.000393 libjli.so->getenv("LD_LIBRARY_PATH") = "/afs/crc.nd.edu/group/ccl/software/x86_64/redhat7/ruby/current/lib:/afs/crc.nd.edu/group/ccl/software/x86_64/redhat7/graphviz/current/lib:/afs/crc.nd.edu/group/ccl/software/x86_64/redhat7/git/current/lib:/afs/crc.nd.edu/group/ccl/software/x86_64/redhat7/condor/current/lib:/afs/crc.nd.edu/group/ccl/software/x86_64/redhat7/clang/current/lib:/afs/crc.nd.edu/group/ccl/software/x86_64/redhat7/condor/current/lib:/afs/crc.nd.edu/group/ccl/software/x86_64/redhat7/cctools/current/lib:/opt/crc/usr/local/lib"
24508   0.001383 libjli.so->dlopen("/usr/lib/jvm/java-1.8.0-openjdk-1.8.0.262.b10-0.el7_8.x86_64/jre/lib/amd64/server/libjvm.so", 258 <unfinished ...>
24508   0.024126 libjvm.so->getenv("NMT_LEVEL_24508") = nil
24508   0.001073 <... dlopen resumed> )          = 0x5608837584b0
24508   0.000045 libjli.so->getenv("CLASSPATH")  = nil
24508   0.000206 libjli.so->getenv("_JAVA_SPLASH_JAR") = nil
24508   0.000203 libjli.so->getenv("_JAVA_SPLASH_FILE") = nil
24508   0.000209 libjli.so->pthread_attr_setdetachstate(0x7ffffe7eeb10, 0, 0x7ffffe7eeba0, 0) = 0
24508   0.000362 libpthread.so.0->__clone(0x2aee5b9e0de0, 0x2aee5b8f5fc0, 0x3d0f00, 0x2aee5b8f6700) = 0x5fca
24522   0.001179 libjvm.so->dlopen(0x2aee5d1bf9ae, 1, 0xfffffffffff42c48, 4096) = 0x2aee60000990
24522   0.002068 libjvm.so->getenv(0x2aee5d1da83e, 0, 115, 0x65737361) = 0x7ffffe7f4692
24522   0.000322 libjvm.so->fopen(0x2aee5b8f4c10, 0x2aee5d176ccb, 0x6f732e79666972, 0x2aee5c2b8ab0) = 0x2aee60001440
24522   0.001328 libjvm.so->dlopen(0x2aee5b8f4c10, 1, 0xffffffff, 0x2aee60002b00) = 0x2aee60001440
24522   0.001100 libjvm.so->fopen(0x2aee5b8f4c10, 0x2aee5d176ccb, 111, 0x732e6176) = 0x2aee60001b10
24522   0.001434 libjvm.so->dlopen(0x2aee5b8f4c10, 1, 0xffffffff, 0x2aee60001a00) = 0x2aee60001b10
24522   0.001132 libjvm.so->__xstat(1, 0x2aee5b8f5360, 0x2aee5b8f5ba0, 0x746f7073746f682e) = -1
24522   0.000383 libjvm.so->getenv(0x2aee5d16f541, 0x2aee5b8f56d0, 1024, 0x2aee5d62961b) = 0
24522   0.000316 libjvm.so->getenv(0x2aee5d16f533, 0x2aee5b8f56d0, 1024, 0) = 0
24522   0.000332 libjvm.so->fopen(0x2aee5d1bf315, 0x2aee5d176ccb, 4095, 0xffffd511a2e90b03) = 0x2aee600032b0
24522   0.000825 libjvm.so->fopen(0x2aee5d1bf361, 0x2aee5d176ccb, 0x2aee60000078, 0x2aee600032a0) = 0x2aee600032b0
24522   0.000564 libjvm.so->fopen(0x2aee5b8ef9b0, 0x2aee5d176ccb, 4016, 3997) = 0x2aee600032b0
24522   0.000478 libjvm.so->opendir(0x2aee60002b40, 0x2aee60002b40, 13, 16) = 0
24522   0.000331 libjvm.so->__xstat(1, 0x2aee5b8f48f0, 0x2aee5b8f3860, 0x6f732e7477616d62) = -1
24522   0.000290 libjvm.so->__xstat(1, 0x2aee5b8f48f0, 0x2aee5b8f3860, 0x5f74776162696c2f) = 0
24522   0.000473 libjvm.so->fopen(0x2aee5b8f3b90, 0x2aee5d176ccb, 4011, 3996) = 0x2aee60003790
24522   0.000546 libjvm.so->fopen(0x2aee5b8f3b90, 0x2aee5d176ccb, 4011, 3996) = 0x2aee60003790
24522   0.000520 libjvm.so->fopen(0x2aee5b8f3b90, 0x2aee5d176ccb, 4011, 4004) = 0x2aee60003790
24522   0.000580 libjvm.so->fopen(0x2aee5b8f3b20, 0x2aee5d176ccb, 4011, 3996) = 0x2aee60003790
24522   0.000506 libjvm.so->fopen(0x2aee5b8f3b20, 0x2aee5d176ccb, 4011, 3996) = 0x2aee60003790
24522   0.000482 libjvm.so->fopen(0x2aee5b8f3b20, 0x2aee5d176ccb, 4011, 4004) = 0x2aee60003790
24522   0.000498 libjvm.so->fopen(0x2aee5b8f3b50, 0x2aee5d176ccb, 4016, 3997) = 0x2aee60003790
24522   0.000731 libjvm.so->getenv(0x2aee5d1c00ff, 4096, 3, -1) = 0
24522   0.000823 libjvm.so->fopen(0x2aee5d1bf998, 0x2aee5d176ccb, 0x2aee5b9d7908, 0x2aee5b9d6df0) = 0x2aee60003790
24522   0.004284 libjvm.so->open(0x2aee6004a580, 0x20000, 0, 0x2aee6004a5c9) = 3
24522   0.000359 libjvm.so->__fxstat(1, 3, 0x2aee5b8f5a00, -1) = 0
24522   0.000353 libjvm.so->opendir(0x2aee6004a580, 0x2aee5b8f5a00, 0x4000, -1) = 0x2aee6004b490
24522   0.000350 libjvm.so->__fxstat(1, 3, 0x2aee5b8f58a0, 0x2aee6004b490) = 0
24522   0.000327 libjvm.so->__fxstat(1, 5, 0x2aee5b8f5930, -1) = 0
24522   0.000431 libjvm.so->open(0x2aee5d18d9dc, 0, 0, 0) = 3
24522   0.000529 libjvm.so->__lxstat(1, 0x2aee6004a580, 0x2aee5b8f5b50, -144) = 0
24522   0.000324 libjvm.so->open(0x2aee6004a580, 0x20000, 0x4000, -1) = 3
24522   0.000297 libjvm.so->__fxstat(1, 3, 0x2aee5b8f5a00, -1) = 0
24522   0.000317 libjvm.so->opendir(0x2aee6004a580, 0x2aee5b8f5a00, 0x4000, -1) = 0x2aee6004b490
24522   0.000294 libjvm.so->__fxstat(1, 3, 0x2aee5b8f58a0, 0x2aee6004b490) = 0
24522   0.000281 libjvm.so->__fxstat(1, 5, 0x2aee5b8f5930, -1) = 0
24522   0.000310 libjvm.so->open(0x2aee5d18d9dc, 0, 0, 0) = 3
24522   0.000328 libjvm.so->open(0x2aee6004a5c9, 0x20042, 384, -1) = 7
24522   0.000442 libjvm.so->__fxstat(1, 7, 0x2aee5b8f5b50, -1) = 0
24522   0.001346 libjvm.so->fopen(0x2aee5b8f4b60, 0x2aee5d176ccb, 4, 0x6f732e70) = 0x2aee60057be0
24522   0.001214 libjvm.so->dlopen(0x2aee5b8f4b60, 1, 0xffffffff, 0x2aee60057b00) = 0x2aee60057be0
24522   0.001048 libjvm.so->__xstat(1, 0x2aee5b8f5120, 0x2aee5b8f5950, 2048) = 0
24522   0.000309 libjvm.so->__xstat(1, 0x2aee5b8f5120, 0x2aee5b8f5950, 2048) = 0
24522   0.000297 libjvm.so->__xstat(1, 0x2aee5b8f5120, 0x2aee5b8f5950, 2048) = -1
24522   0.000308 libjvm.so->__xstat(1, 0x2aee5b8f5120, 0x2aee5b8f5950, 2048) = 0
24522   0.000295 libjvm.so->__xstat(1, 0x2aee5b8f5120, 0x2aee5b8f5950, 2048) = 0
24522   0.000289 libjvm.so->__xstat(1, 0x2aee5b8f5120, 0x2aee5b8f5950, 2048) = 0
24522   0.000323 libjvm.so->__xstat(1, 0x2aee5b8f5120, 0x2aee5b8f5950, 2048) = 0
24522   0.000299 libjvm.so->__xstat(1, 0x2aee5b8f5120, 0x2aee5b8f5950, 2048) = -1
24522   0.000290 libjvm.so->fopen(0x2aee60002520, 0x2aee5d176ccb, 0, 0) = 0x2aee60058a80
24522   0.006626 libjvm.so->open64(0x2aee5b8f4410, 0, 0, 16) = 3
24522   0.000339 libjvm.so->__fxstat64(1, 3, 0x2aee5b8f4240, -1) = 0
24522   0.027092 libjvm.so->__xstat(1, 0x2aee5b8f4f20, 0x2aee5b8f5750, 2048) = -1
24522   0.000404 libjvm.so->fopen(0x2aee5b8f3b20, 0x2aee5d176ccb, 4011, 3996) = 0x2aee600b5ec0
24522   0.000529 libjvm.so->fopen(0x2aee5b8f3b20, 0x2aee5d176ccb, 4011, 3996) = 0x2aee600b5ec0
24522   0.000562 libjvm.so->fopen(0x2aee5b8f3b20, 0x2aee5d176ccb, 4011, 4004) = 0x2aee600b5ec0
24522   0.003150 libjvm.so->pthread_attr_setdetachstate(0x2aee5b8f5c00, 1, 0, 0) = 0
24522   0.000376 libpthread.so.0->__clone(0x2aee5b9e0de0, 0x2aee5fff9fc0, 0x3d0f00, 0x2aee5fffa700) = 0x5fcc
24522   0.012074 libjvm.so->pthread_attr_setdetachstate(0x2aee5b8f5290, 1, 0, 0) = 0
24522   0.000470 libpthread.so.0->__clone(0x2aee5b9e0de0, 0x2aee7436afc0, 0x3d0f00, 0x2aee7436b700) = 0x5fcf
24522   0.005953 libjvm.so->pthread_attr_setdetachstate(0x2aee5b8f5610, 1, 0, 0) = 0
24522   0.002439 libpthread.so.0->__clone(0x2aee5b9e0de0, 0x2aee7446bfc0, 0x3d0f00, 0x2aee7446c700) = 0x5fd6
24522   0.030584 libjvm.so->fopen(0x2aee600ec390, 0x2aee5d176ccb, 4, 0x6f732e70) = 0x2aee600f1cd0
24522   0.002276 libjvm.so->dlopen(0x2aee600ec390, 1, 0xffffffff, 0x2aee600ec200) = 0x2aee60057be0
24522   0.004858 libjvm.so->open64(0x2aee5b8f4510, 0, 0, 16) = 5
24522   0.000857 libjvm.so->__fxstat64(1, 5, 0x2aee5b8f4340, -1) = 0
24522   0.016351 libjvm.so->fopen(0x2aee5b8f1130, 0x2aee5d176ccb, 4011, 3996) = 0x2aee600fcc60
24522   0.000961 libjvm.so->fopen(0x2aee5b8f1130, 0x2aee5d176ccb, 4011, 3996) = 0x2aee600fcc60
24522   0.000873 libjvm.so->fopen(0x2aee5b8f1130, 0x2aee5d176ccb, 4011, 4004) = 0x2aee600fcc60
24522   0.011834 libjvm.so->pthread_attr_setdetachstate(0x2aee5b8f5b50, 1, 0, 0) = 0
24522   0.000687 libpthread.so.0->__clone(0x2aee5b9e0de0, 0x2aee7456cfc0, 0x3d0f00, 0x2aee7456d700) = 0x5fe6
24522   0.001042 libjvm.so->__xstat64(1, 0x2aee5b8f5be0, 0x2aee5b8f5b50, 19) = -1
24522   0.000795 libjvm.so->pthread_attr_setdetachstate(0x2aee5b8f5950, 1, 0, 0) = 0
24522   0.000820 libpthread.so.0->__clone(0x2aee5b9e0de0, 0x2aee7466dfc0, 0x3d0f00, 0x2aee7466e700) = 0x5fe7
24522   0.001239 libjvm.so->pthread_attr_setdetachstate(0x2aee5b8f5950, 1, 0, 0) = 0
24522   0.000929 libpthread.so.0->__clone(0x2aee5b9e0de0, 0x2aee7476efc0, 0x3d0f00, 0x2aee7476f700) = 0x5fe8
24522   0.006707 libjvm.so->pthread_attr_setdetachstate(0x2aee5b8f5aa0, 1, 0, 0) = 0
24522   0.000983 libpthread.so.0->__clone(0x2aee5b9e0de0, 0x2aee7486ffc0, 0x3d0f00, 0x2aee74870700) = 0x5fe9
24522   0.001610 libjvm.so->pthread_attr_setdetachstate(0x2aee5b8f5bb0, 1, 0, 0) = 0
24522   0.001050 libpthread.so.0->__clone(0x2aee5b9e0de0, 0x2aee74970fc0, 0x3d0f00, 0x2aee74971700) = 0x5fea
24522   0.011681 libjvm.so->open64(0x2aee60128880, 0, 0, 0) = 7
24522   0.001428 libjvm.so->__fxstat64(1, 7, 0x2aee5b8f2f60, -1) = 0
24522   0.022415 libjvm.so->fopen(0x2aee60154620, 0x2aee5d176ccb, 4, 0x6f732e6f) = 0x2aee601546e0
24522   0.002704 libjvm.so->dlopen(0x2aee60154620, 1, 0xffffffff, 0x2aee60154600) = 0x2aee601546e0
24522   0.075936 libjvm.so->fopen(0x2aee5b8efe40, 0x2aee5d176ccb, 0x6f732e, 0x6d766a62696c2f72) = 0x2aee60169f40
24522   0.005239 libjvm.so->dlopen(0x2aee5b8efe40, 1, 0xffffffff, 0x2aee60169e00) = 0x5608837584b0
24522   0.004311 libjvm.so->fopen(0x2aee5b8efe40, 0x2aee5d176ccb, 0x6f732e, 0x6d766a62696c2f72) = 0x2aee6016a340
24522   0.003758 libjvm.so->dlopen(0x2aee5b8efe40, 1, 0xffffffff, 0x2aee60169e00) = 0x5608837584b0
24522   0.002367 libjvm.so->fopen(0x2aee5b8efe40, 0x2aee5d176ccb, 0x6f732e, 0x6d766a62696c2f72) = 0x2aee60169f40
24522   0.004759 libjvm.so->dlopen(0x2aee5b8efe40, 1, 0xffffffff, 0x2aee60169e00) = 0x5608837584b0
24522   0.001784 libjvm.so->fopen(0x2aee5b8efe40, 0x2aee5d176ccb, 0x6f732e, 0x6d766a62696c2f72) = 0x2aee60169f40
24522   0.002499 libjvm.so->dlopen(0x2aee5b8efe40, 1, 0xffffffff, 0x2aee60169e00) = 0x5608837584b0
24522   0.033296 libjvm.so->fopen(0x2aee601cbd80, 0x2aee5d176ccb, 4, 0x6f732e74) = 0x2aee601d53f0
24522   0.002229 libjvm.so->dlopen(0x2aee601cbd80, 1, 0xffffffff, 0x2aee601bd100) = 0x2aee601d53f0
24522   0.104209 libjvm.so->fopen(0x2aee602486b0, 0x2aee5d176ccb, 0x6f732e7373656c, 0x656c646165685f74) = 0x2aee602487c0
24522   0.005025 libjvm.so->dlopen(0x2aee602486b0, 1, 0xffffffff, 0x2aee60248700) = 0x2aee602487c0
24554   0.034692 +++ exited (status 0) +++
24550   0.000252 +++ exited (status 0) +++
24524   0.000739 +++ exited (status 0) +++
24522   0.000194 +++ exited (status 0) +++
24553   0.001254 +++ exited (status 1) +++
24552   0.000019 +++ exited (status 1) +++
24551   0.000010 +++ exited (status 1) +++
24534   0.000011 +++ exited (status 1) +++
24527   0.002843 +++ exited (status 1) +++
24508   0.000029 +++ exited (status 1) +++
Wrote an ltrace for command: "java -cp ./tools/maxent.jar density.Project outputs/Spiriverpa_senex/Spiriverpa_senex.lambdas data/layers/worldclim outputs/Spiriverpa_senex_worldclim.asc nowarnings nocache autorun -z" with PID 24506 from PPID 24478 on disc23.crc.nd.edu with result 1
REMOTEHOST=10.17.150.11
_CONDOR_JOB_PIDS=
MANPATH=/afs/crc.nd.edu/user/n/nkremerh/cctools/share/man/:/afs/crc.nd.edu/group/ccl/software/x86_64/redhat7/ruby/current/share/man:/afs/crc.nd.edu/group/ccl/software/x86_64/redhat7/graphviz/current/share/man:/afs/crc.nd.edu/group/ccl/software/x86_64/redhat7/gnuplot/current/share/man:/afs/crc.nd.edu/group/ccl/software/x86_64/redhat7/git/current/share/man:/afs/crc.nd.edu/group/ccl/software/x86_64/redhat7/condor/current/share/man:/afs/crc.nd.edu/group/ccl/software/x86_64/redhat7/clang/current/share/man:/afs/crc.nd.edu/group/ccl/software/x86_64/redhat7/condor/current/share/man:/afs/crc.nd.edu/group/ccl/software/x86_64/redhat7/cctools/current/share/man:/afs/crc.nd.edu/group/ccl/software/x86_64/redhat7/cctools/current/share/man:/afs/crc.nd.edu/x86_64_linux/Modules/4.5.0/share/man:/opt/crc/usr/local/man:/opt/sge/man:/usr/share/man/overrides:/usr/share/man:/usr/local/share/man
XDG_SESSION_ID=4102
HOSTNAME=disc01.crc.nd.edu
_LMFILES__modshare=/afs/crc.nd.edu/x86_64_linux/Modules/modules/system_modules/CRC_default/1.1:1
MODULEPATH_modshare=/afs/crc.nd.edu/x86_64_linux/Modules/modules/general_software:1:/afs/crc.nd.edu/x86_64_linux/Modules/modules/development_tools_and_libraries:1:/afs/crc.nd.edu/x86_64_linux/Modules/modules/system_modules:1:/afs/crc.nd.edu/x86_64_linux/Modules/current/modulefiles:1:/afs/crc.nd.edu/x86_64_linux/Modules/modules/restricted_software:1:/afs/crc.nd.edu/x86_64_linux/Modules/modules/deprecated_software:1
MODULES_CMD=/afs/crc.nd.edu/x86_64_linux/Modules/4.5.0/libexec/modulecmd.tcl
HOST=disc01.crc.nd.edu
SHELL=/bin/tcsh
TERM=xterm-256color
MAKEFLAGS=
HISTSIZE=5000
TMPDIR=/var/condor/execute/dir_4608/worker-213124-4803/t.1750/cctools-temp-t.1750.M5lOgG
SSH_CLIENT=10.17.150.11 36546 22
PERL5LIB=/afs/crc.nd.edu/user/n/nkremerh/cctools/lib/perl5/site_perl/5.16.3:/afs/crc.nd.edu/user/n/nkremerh/.perl5/lib/perl5
SGE_CELL=crc
_CONDOR_SCRATCH_DIR=/var/condor/execute/dir_4608
PERL_MB_OPT=--install_base '/afs/crc.nd.edu/user/n/nkremerh/.perl5/'
SSH_TTY=/dev/pts/2
SGE_LOAD_AVG=load_avg
MAKEFLOW_MAX_LOCAL_JOBS=2
_CONDOR_ANCESTOR_4608=4753:1600190003:2907608774
HISTFILESIZE=10000
_CHIRP_DELAYED_UPDATE_PREFIX=Chirp*
USER=nkremerh
GROUP=campus
LD_LIBRARY_PATH=/afs/crc.nd.edu/group/ccl/software/x86_64/redhat7/ruby/current/lib:/afs/crc.nd.edu/group/ccl/software/x86_64/redhat7/graphviz/current/lib:/afs/crc.nd.edu/group/ccl/software/x86_64/redhat7/git/current/lib:/afs/crc.nd.edu/group/ccl/software/x86_64/redhat7/condor/current/lib:/afs/crc.nd.edu/group/ccl/software/x86_64/redhat7/clang/current/lib:/afs/crc.nd.edu/group/ccl/software/x86_64/redhat7/condor/current/lib:/afs/crc.nd.edu/group/ccl/software/x86_64/redhat7/cctools/current/lib:/opt/crc/usr/local/lib
TEMP=/var/condor/execute/dir_4608/worker-213124-4803/t.1750/cctools-temp-t.1750.M5lOgG
BATCH_SYSTEM=HTCondor
WORKER_TMPDIR=/var/condor/execute/dir_4608/worker-213124-4803/cache/tmp
ENV=/afs/crc.nd.edu/x86_64_linux/Modules/4.5.0/init/profile.sh
MODULES_LMALTNAME=CRC_default/1.1&CRC_default/default&CRC_default
_CONDOR_ANCESTOR_3574=4608:1600190002:4040868521
_CONDOR_CHIRP_CONFIG=/var/condor/execute/dir_4608/.chirp.config
GLOBUS_GSSAPI_MAX_TLS_PROTOCOL=0
_CONDOR_HIGHPORT=9999
HOSTTYPE=x86_64-linux
MAKELEVEL=1
MFLAGS=
CCLSOFTWARE=/afs/crc.nd.edu/group/ccl/software/x86_64/redhat7
PATH=/afs/crc.nd.edu/user/n/nkremerh/cctools/bin:/afs/crc.nd.edu/user/n/nkremerh/miniconda/bin:/afs/crc.nd.edu/group/ccl/software/git:/afs/crc.nd.edu/user/n/nkremerh/.local/bin:/afs/crc.nd.edu/group/ccl/software/x86_64/redhat7/povray/3.7/bin:/afs/crc.nd.edu/user/n/nkremerh/.perl5/bin:/afs/crc.nd.edu/user/n/nkremerh/pegasus/bin:/afs/crc.nd.edu/user/n/nkremerh/nodejs/bin:/afs/crc.nd.edu/user/n/nkremerh/montage/bin:/afs/crc.nd.edu/user/n/nkremerh/latexdiff:/afs/crc.nd.edu/user/n/nkremerh/envtrace:/afs/crc.nd.edu/user/n/nkremerh/endlines:/afs/crc.nd.edu/user/n/nkremerh/cctools/bin:/afs/crc.nd.edu/user/n/nkremerh/.cargo/bin:/afs/crc.nd.edu/group/ccl/software/x86_64/redhat7/ruby/current/bin:/afs/crc.nd.edu/group/ccl/software/x86_64/redhat7/graphviz/current/bin:/afs/crc.nd.edu/group/ccl/software/x86_64/redhat7/gnuplot/current/bin:/afs/crc.nd.edu/group/ccl/software/x86_64/redhat7/git/current/bin:/afs/crc.nd.edu/group/ccl/software/x86_64/redhat7/condor/current/sbin:/afs/crc.nd.edu/group/ccl/software/x86_64/redhat7/condor/current/bin:/afs/crc.nd.edu/group/ccl/software/x86_64/redhat7/cmake/current/bin:/afs/crc.nd.edu/group/ccl/software/x86_64/redhat7/clang/current/bin:/afs/crc.nd.edu/group/ccl/software/x86_64/redhat7/condor/current/sbin:/afs/crc.nd.edu/group/ccl/software/x86_64/redhat7/condor/current/bin:/afs/crc.nd.edu/group/ccl/software/x86_64/redhat7/cctools/current/bin:/afs/crc.nd.edu/x86_64_linux/Modules/4.5.0/bin:/opt/crc/usr/local/bin:/opt/sge/bin/lx-amd64:/usr/local/bin:/usr/bin:/usr/local/sbin:/usr/sbin:/afs/crc.nd.edu/user/c/condor/software/bin:/afs/crc.nd.edu/user/c/condor/software/sbin
MAIL=/var/spool/mail/nkremerh
_CONDOR_ANCESTOR_3382=3574:1598183948:1170902758
PWD=/var/condor/execute/dir_4608/worker-213124-4803/t.1750
_LMFILES_=/afs/crc.nd.edu/x86_64_linux/Modules/modules/system_modules/CRC_default/1.1
SGE_EXECD_PORT=6445
EDITOR=vim
LANG=en_US.UTF-8
MODULEPATH=/afs/crc.nd.edu/x86_64_linux/Modules/modules/development_tools_and_libraries:/afs/crc.nd.edu/x86_64_linux/Modules/modules/general_software:/afs/crc.nd.edu/x86_64_linux/Modules/modules/restricted_software:/afs/crc.nd.edu/x86_64_linux/Modules/modules/system_modules:/afs/crc.nd.edu/x86_64_linux/Modules/modules/deprecated_software:/afs/crc.nd.edu/x86_64_linux/Modules/current/modulefiles
SGE_QMASTER_PORT=6444
SGE_ROOT=/opt/sge
LOADEDMODULES=CRC_default/1.1
WORK_QUEUE_SANDBOX=/var/condor/execute/dir_4608/worker-213124-4803
_CONDOR_SLOT=slot1
CCLPLATFORM=x86_64/redhat7
USE_SYSTEMD=true
_CONDOR_LOWPORT=9100
KRB5CCNAME=FILE:/tmp/krb5cc_213124_DZSV7p
HISTCONTROL=ignoreboth:erasedups
PATH_modshare=/opt/crc/usr/local/bin:1:/opt/sge/bin/lx-amd64:1:/usr/sbin:1:/usr/bin:1:/afs/crc.nd.edu/user/c/condor/software/sbin:1:/usr/local/sbin:1:/afs/crc.nd.edu/user/c/condor/software/bin:1:/usr/local/bin:1
SHLVL=7
HOME=disc01.crc.nd.edu
GLOBUS_GSSAPI_NAME_COMPATIBILITY=STRICT_RFC2818
_CONDOR_MACHINE_AD=/var/condor/execute/dir_4608/.machine.ad
OSTYPE=linux
DISK=917322
GREP_OPTIONS=--color=auto
GLOBUS_GSSAPI_MIN_TLS_PROTOCOL=TLS1_VERSION
MEMORY=15899
MANPATH_modshare=/usr/share/man/overrides:1:/usr/local/share/man:1:/usr/share/man:1:/opt/crc/usr/local/man:1:/opt/sge/man:1
VENDOR=unknown
BASH_ENV=/afs/crc.nd.edu/x86_64_linux/Modules/4.5.0/init/bash
PERL_LOCAL_LIB_ROOT=/afs/crc.nd.edu/user/n/nkremerh/.perl5/
PYTHONPATH=/afs/crc.nd.edu/user/n/nkremerh/cctools/lib/python3.6/site-packages/
CCLHOME=/afs/crc.nd.edu/group/ccl
MACHTYPE=x86_64
LOGNAME=nkremerh
TMP=/var/condor/execute/dir_4608/worker-213124-4803/t.1750/cctools-temp-t.1750.M5lOgG
LD_LIBRARY_PATH_modshare=/opt/crc/usr/local/lib:1
MODULES_LMALTNAME_modshare=CRC_default/1.1&CRC_default/default&CRC_default:1
SSH_CONNECTION=10.17.150.11 36546 129.74.128.103 22
MODULESHOME=/afs/crc.nd.edu/x86_64_linux/Modules/4.5.0
OMP_NUM_THREADS=1
LESSOPEN=||/usr/bin/lesspipe.sh %s
GLOBUS_GSSAPI_BACKWARD_COMPATIBLE_MIC=true
GLOBUS_GSSAPI_CIPHERS=HIGH
LOADEDMODULES_modshare=CRC_default/1.1:1
_CONDOR_JOB_AD=/var/condor/execute/dir_4608/.job.ad
SGE_CLUSTER_NAME=CRC
XDG_RUNTIME_DIR=/run/user/213124
CCTOOLS=../cctools
CORES=4
_CONDOR_JOB_IWD=/var/condor/execute/dir_4608
PERL_MM_OPT=INSTALL_BASE=/afs/crc.nd.edu/user/n/nkremerh/.perl5/
GLOBUS_GSSAPI_SERVER_CIPHER_ORDER=true
BASH_FUNC_module()=() {  unset _mlshdbg;
 if [ "${MODULES_SILENT_SHELL_DEBUG:-0}" = '1' ]; then
 case "$-" in 
 *v*x*)
 set +vx;
 _mlshdbg='vx'
 ;;
 *v*)
 set +v;
 _mlshdbg='v'
 ;;
 *x*)
 set +x;
 _mlshdbg='x'
 ;;
 *)
 _mlshdbg=''
 ;;
 esac;
 fi;
 unset _mlre _mlIFS;
 if [ -n "${IFS+x}" ]; then
 _mlIFS=$IFS;
 fi;
 IFS=' ';
 for _mlv in ${MODULES_RUN_QUARANTINE:-};
 do
 if [ "${_mlv}" = "${_mlv##*[!A-Za-z0-9_]}" -a "${_mlv}" = "${_mlv#[0-9]}" ]; then
 if [ -n "`eval 'echo ${'$_mlv'+x}'`" ]; then
 _mlre="${_mlre:-}${_mlv}_modquar='`eval 'echo ${'$_mlv'}'`' ";
 fi;
 _mlrv="MODULES_RUNENV_${_mlv}";
 _mlre="${_mlre:-}${_mlv}='`eval 'echo ${'$_mlrv':-}'`' ";
 fi;
 done;
 if [ -n "${_mlre:-}" ]; then
 eval `eval ${_mlre}/usr/bin/tclsh /afs/crc.nd.edu/x86_64_linux/Modules/4.5.0/libexec/modulecmd.tcl bash '"$@"'`;
 else
 eval `/usr/bin/tclsh /afs/crc.nd.edu/x86_64_linux/Modules/4.5.0/libexec/modulecmd.tcl bash "$@"`;
 fi;
 _mlstatus=$?;
 if [ -n "${_mlIFS+x}" ]; then
 IFS=$_mlIFS;
 else
 unset IFS;
 fi;
 unset _mlre _mlv _mlrv _mlIFS;
 if [ -n "${_mlshdbg:-}" ]; then
 set -$_mlshdbg;
 fi;
 unset _mlshdbg;
 return $_mlstatus
}
BASH_FUNC_ml()=() {  module ml "$@"
}
_=/usr/bin/printenv
