894   0.000000 libjli.so->getenv("_JAVA_LAUNCHER_DEBUG") = nil
894   0.001672 libjli.so->getenv("_JAVA_VERSION_SET") = nil
894   0.000736 libjli.so->fopen("/usr/lib/jvm/java-1.8.0-openjdk-1.8.0.262.b10-0.el7_8.x86_64/jre/lib/amd64/jvm.cfg", "r") = 0x55b2433030f0
894   0.000748 libjli.so->getenv("JDK_ALTERNATE_VM") = nil
894   0.000284 libjli.so->__xstat(1, "/usr/lib/jvm/java-1.8.0-openjdk-1.8.0.262.b10-0.el7_8.x86_64/jre/lib/amd64/server/libjvm.so", 0x7ffc54d5a0e0) = 0
894   0.000572 libjli.so->getenv("LD_LIBRARY_PATH") = "/afs/crc.nd.edu/group/ccl/software/x86_64/redhat7/ruby/current/lib:/afs/crc.nd.edu/group/ccl/software/x86_64/redhat7/graphviz/current/lib:/afs/crc.nd.edu/group/ccl/software/x86_64/redhat7/git/current/lib:/afs/crc.nd.edu/group/ccl/software/x86_64/redhat7/condor/current/lib:/afs/crc.nd.edu/group/ccl/software/x86_64/redhat7/clang/current/lib:/afs/crc.nd.edu/group/ccl/software/x86_64/redhat7/condor/current/lib:/afs/crc.nd.edu/group/ccl/software/x86_64/redhat7/cctools/current/lib:/opt/crc/usr/local/lib"
894   0.001995 libjli.so->dlopen("/usr/lib/jvm/java-1.8.0-openjdk-1.8.0.262.b10-0.el7_8.x86_64/jre/lib/amd64/server/libjvm.so", 258 <unfinished ...>
894   0.037366 libjvm.so->getenv("NMT_LEVEL_894") = nil
894   0.001655 <... dlopen resumed> )            = 0x55b2433034c0
894   0.000077 libjli.so->getenv("CLASSPATH")    = nil
894   0.000307 libjli.so->getenv("_JAVA_SPLASH_JAR") = nil
894   0.000298 libjli.so->getenv("_JAVA_SPLASH_FILE") = nil
894   0.000337 libjli.so->pthread_attr_setdetachstate(0x7ffc54d5a090, 0, 0x7ffc54d5a120, 0) = 0
894   0.000440 libpthread.so.0->__clone(0x2b1cd9516de0, 0x2b1cd9429fc0, 0x3d0f00, 0x2b1cd942a700) = 895
895   0.001985 libjvm.so->dlopen(0x2b1cdacf59ae, 1, 0xfffffffffff42c48, 4096) = 0x2b1cdc000990
895   0.002630 libjvm.so->getenv(0x2b1cdad1083e, 0, 115, 0x65737361) = 0x7ffc54d60711
895   0.000458 libjvm.so->fopen(0x2b1cd9428c10, 0x2b1cdacacccb, 0x6f732e79666972, 0x2b1cd9deeab0) = 0x2b1cdc001440
895   0.001435 libjvm.so->dlopen(0x2b1cd9428c10, 1, 0xffffffff, 0x2b1cdc002b00) = 0x2b1cdc001440
895   0.001457 libjvm.so->fopen(0x2b1cd9428c10, 0x2b1cdacacccb, 111, 0x732e6176) = 0x2b1cdc001b10
895   0.001548 libjvm.so->dlopen(0x2b1cd9428c10, 1, 0xffffffff, 0x2b1cdc001a00) = 0x2b1cdc001b10
895   0.001516 libjvm.so->__xstat(1, 0x2b1cd9429360, 0x2b1cd9429ba0, 0x746f7073746f682e) = -1
895   0.000476 libjvm.so->getenv(0x2b1cdaca5541, 0x2b1cd94296d0, 1024, 0x2b1cdb15f61b) = 0
895   0.000474 libjvm.so->getenv(0x2b1cdaca5533, 0x2b1cd94296d0, 1024, 0) = 0
895   0.000466 libjvm.so->fopen(0x2b1cdacf5315, 0x2b1cdacacccb, 4095, 0xffffd4e32535ab03) = 0x2b1cdc0032b0
895   0.001089 libjvm.so->fopen(0x2b1cdacf5361, 0x2b1cdacacccb, 0x2b1cdc000078, 0x2b1cdc0032a0) = 0x2b1cdc0032b0
895   0.000705 libjvm.so->fopen(0x2b1cd94239b0, 0x2b1cdacacccb, 4014, 3995) = 0x2b1cdc0032b0
895   0.000686 libjvm.so->opendir(0x2b1cdc002b40, 0x2b1cdc002b40, 13, 16) = 0
895   0.000470 libjvm.so->__xstat(1, 0x2b1cd94288f0, 0x2b1cd9427860, 0x6f732e7477616d62) = -1
895   0.000425 libjvm.so->__xstat(1, 0x2b1cd94288f0, 0x2b1cd9427860, 0x5f74776162696c2f) = 0
895   0.000518 libjvm.so->fopen(0x2b1cd9427b90, 0x2b1cdacacccb, 4009, 3994) = 0x2b1cdc003790
895   0.000629 libjvm.so->fopen(0x2b1cd9427b90, 0x2b1cdacacccb, 4009, 3994) = 0x2b1cdc003790
895   0.000596 libjvm.so->fopen(0x2b1cd9427b90, 0x2b1cdacacccb, 4009, 4002) = 0x2b1cdc003790
895   0.000605 libjvm.so->fopen(0x2b1cd9427b20, 0x2b1cdacacccb, 4009, 3994) = 0x2b1cdc003790
895   0.000589 libjvm.so->fopen(0x2b1cd9427b20, 0x2b1cdacacccb, 4009, 3994) = 0x2b1cdc003790
895   0.000593 libjvm.so->fopen(0x2b1cd9427b20, 0x2b1cdacacccb, 4009, 4002) = 0x2b1cdc003790
895   0.000639 libjvm.so->fopen(0x2b1cd9427b50, 0x2b1cdacacccb, 4014, 3995) = 0x2b1cdc003790
895   0.000829 libjvm.so->getenv(0x2b1cdacf60ff, 4096, 3, -1) = 0
895   0.000872 libjvm.so->fopen(0x2b1cdacf5998, 0x2b1cdacacccb, 0x2b1cd950d908, 0x2b1cd950cdf0) = 0x2b1cdc003790
895   0.004838 libjvm.so->open(0x2b1cdc04a580, 0x20000, 0, 0x2b1cdc04a5c9) = 3
895   0.000445 libjvm.so->__fxstat(1, 3, 0x2b1cd9429a00, -1) = 0
895   0.000491 libjvm.so->opendir(0x2b1cdc04a580, 0x2b1cd9429a00, 0x4000, -1) = 0x2b1cdc04b490
895   0.000469 libjvm.so->__fxstat(1, 3, 0x2b1cd94298a0, 0x2b1cdc04b490) = 0
895   0.000433 libjvm.so->__fxstat(1, 5, 0x2b1cd9429930, -1) = 0
895   0.000476 libjvm.so->open(0x2b1cdacc39dc, 0, 0, 0) = 3
895   0.000709 libjvm.so->__lxstat(1, 0x2b1cdc04a580, 0x2b1cd9429b50, -144) = 0
895   0.000452 libjvm.so->open(0x2b1cdc04a580, 0x20000, 0x4000, -1) = 3
895   0.000449 libjvm.so->__fxstat(1, 3, 0x2b1cd9429a00, -1) = 0
895   0.000446 libjvm.so->opendir(0x2b1cdc04a580, 0x2b1cd9429a00, 0x4000, -1) = 0x2b1cdc04b490
895   0.000437 libjvm.so->__fxstat(1, 3, 0x2b1cd94298a0, 0x2b1cdc04b490) = 0
895   0.000422 libjvm.so->__fxstat(1, 5, 0x2b1cd9429930, -1) = 0
895   0.000447 libjvm.so->open(0x2b1cdacc39dc, 0, 0, 0) = 3
895   0.000478 libjvm.so->open(0x2b1cdc04a5c9, 0x20042, 384, -1) = 7
895   0.000655 libjvm.so->__fxstat(1, 7, 0x2b1cd9429b50, -1) = 0
895   0.001691 libjvm.so->fopen(0x2b1cd9428b60, 0x2b1cdacacccb, 4, 0x6f732e70) = 0x2b1cdc057be0
895   0.001467 libjvm.so->dlopen(0x2b1cd9428b60, 1, 0xffffffff, 0x2b1cdc057b00) = 0x2b1cdc057be0
895   0.001411 libjvm.so->__xstat(1, 0x2b1cd9429120, 0x2b1cd9429950, 2048) = 0
895   0.000446 libjvm.so->__xstat(1, 0x2b1cd9429120, 0x2b1cd9429950, 2048) = 0
895   0.000439 libjvm.so->__xstat(1, 0x2b1cd9429120, 0x2b1cd9429950, 2048) = -1
895   0.000424 libjvm.so->__xstat(1, 0x2b1cd9429120, 0x2b1cd9429950, 2048) = 0
895   0.000466 libjvm.so->__xstat(1, 0x2b1cd9429120, 0x2b1cd9429950, 2048) = 0
895   0.000458 libjvm.so->__xstat(1, 0x2b1cd9429120, 0x2b1cd9429950, 2048) = 0
895   0.000484 libjvm.so->__xstat(1, 0x2b1cd9429120, 0x2b1cd9429950, 2048) = 0
895   0.000439 libjvm.so->__xstat(1, 0x2b1cd9429120, 0x2b1cd9429950, 2048) = -1
895   0.000472 libjvm.so->fopen(0x2b1cdc002520, 0x2b1cdacacccb, 0, 0) = 0x2b1cdc058a80
895   0.008999 libjvm.so->open64(0x2b1cd9428410, 0, 0, 16) = 3
895   0.000539 libjvm.so->__fxstat64(1, 3, 0x2b1cd9428240, -1) = 0
895   0.033987 libjvm.so->__xstat(1, 0x2b1cd9428f20, 0x2b1cd9429750, 2048) = -1
895   0.000752 libjvm.so->fopen(0x2b1cd9427b20, 0x2b1cdacacccb, 4009, 3994) = 0x2b1cdc0b5ec0
895   0.000802 libjvm.so->fopen(0x2b1cd9427b20, 0x2b1cdacacccb, 4009, 3994) = 0x2b1cdc0b5ec0
895   0.000669 libjvm.so->fopen(0x2b1cd9427b20, 0x2b1cdacacccb, 4009, 4002) = 0x2b1cdc0b5ec0
895   0.004454 libjvm.so->pthread_attr_setdetachstate(0x2b1cd9429c00, 1, 0, 0) = 0
895   0.000595 libpthread.so.0->__clone(0x2b1cd9516de0, 0x2b1cf1d9ffc0, 0x3d0f00, 0x2b1cf1da0700) = 901
895   0.016506 libjvm.so->pthread_attr_setdetachstate(0x2b1cd9429290, 1, 0, 0) = 0
895   0.004764 libpthread.so.0->__clone(0x2b1cd9516de0, 0x2b1cf1ea0fc0, 0x3d0f00, 0x2b1cf1ea1700) = 904
895   0.010525 libjvm.so->pthread_attr_setdetachstate(0x2b1cd9429610, 1, 0, 0) = 0
895   0.001398 libpthread.so.0->__clone(0x2b1cd9516de0, 0x2b1cf1fa1fc0, 0x3d0f00, 0x2b1cf1fa2700) = 905
895   0.044042 libjvm.so->fopen(0x2b1cdc0ec390, 0x2b1cdacacccb, 4, 0x6f732e70) = 0x2b1cdc0f1cd0
895   0.001944 libjvm.so->dlopen(0x2b1cdc0ec390, 1, 0xffffffff, 0x2b1cdc0ec200) = 0x2b1cdc057be0
895   0.005457 libjvm.so->open64(0x2b1cd9428510, 0, 0, 16) = 5
895   0.000973 libjvm.so->__fxstat64(1, 5, 0x2b1cd9428340, -1) = 0
895   0.020186 libjvm.so->fopen(0x2b1cd9425130, 0x2b1cdacacccb, 4009, 3994) = 0x2b1cdc0fcc60
895   0.001233 libjvm.so->fopen(0x2b1cd9425130, 0x2b1cdacacccb, 4009, 3994) = 0x2b1cdc0fcc60
895   0.001072 libjvm.so->fopen(0x2b1cd9425130, 0x2b1cdacacccb, 4009, 4002) = 0x2b1cdc0fcc60
895   0.015753 libjvm.so->pthread_attr_setdetachstate(0x2b1cd9429b50, 1, 0, 0) = 0
895   0.000984 libpthread.so.0->__clone(0x2b1cd9516de0, 0x2b1cf20a2fc0, 0x3d0f00, 0x2b1cf20a3700) = 906
895   0.001468 libjvm.so->__xstat64(1, 0x2b1cd9429be0, 0x2b1cd9429b50, 17) = -1
895   0.001199 libjvm.so->pthread_attr_setdetachstate(0x2b1cd9429950, 1, 0, 0) = 0
895   0.001074 libpthread.so.0->__clone(0x2b1cd9516de0, 0x2b1cf21a3fc0, 0x3d0f00, 0x2b1cf21a4700) = 907
895   0.001657 libjvm.so->pthread_attr_setdetachstate(0x2b1cd9429950, 1, 0, 0) = 0
895   0.001294 libpthread.so.0->__clone(0x2b1cd9516de0, 0x2b1cf22a4fc0, 0x3d0f00, 0x2b1cf22a5700) = 908
895   0.011055 libjvm.so->pthread_attr_setdetachstate(0x2b1cd9429aa0, 1, 0, 0) = 0
895   0.001440 libpthread.so.0->__clone(0x2b1cd9516de0, 0x2b1cf23a5fc0, 0x3d0f00, 0x2b1cf23a6700) = 909
895   0.002121 libjvm.so->pthread_attr_setdetachstate(0x2b1cd9429bb0, 1, 0, 0) = 0
895   0.001559 libpthread.so.0->__clone(0x2b1cd9516de0, 0x2b1cf24a6fc0, 0x3d0f00, 0x2b1cf24a7700) = 910
895   0.015259 libjvm.so->open64(0x2b1cdc12e9c0, 0, 0, 0) = 7
895   0.001744 libjvm.so->__fxstat64(1, 7, 0x2b1cd9426f60, -1) = 0
895   0.027595 libjvm.so->fopen(0x2b1cdc154680, 0x2b1cdacacccb, 4, 0x6f732e6f) = 0x2b1cdc154740
895   0.006955 libjvm.so->dlopen(0x2b1cdc154680, 1, 0xffffffff, 0x2b1cdc154600) = 0x2b1cdc154740
895   0.144365 libjvm.so->fopen(0x2b1cdc1a2920, 0x2b1cdacacccb, 4, 0x6f732e74) = 0x2b1cdc1a5bd0
895   0.003185 libjvm.so->dlopen(0x2b1cdc1a2920, 1, 0xffffffff, 0x2b1cdc1a5b00) = 0x2b1cdc1b7f70
895   0.154398 libjvm.so->fopen(0x2b1cdc228140, 0x2b1cdacacccb, 0x6f732e7373656c, 0x656c646165685f74) = 0x2b1cdc229000
895   0.004757 libjvm.so->dlopen(0x2b1cdc228140, 1, 0xffffffff, 0x2b1cdc228f00) = 0x2b1cdc229000
895   0.024277 libjvm.so->fopen(0x2b1cd9422990, 0x2b1cdacacccb, 0x6f732e, 0x6d766a62696c2f72) = 0x2b1cdc232f60
895   0.006396 libjvm.so->dlopen(0x2b1cd9422990, 1, 0xffffffff, 0x2b1cdc232400) = 0x55b2433034c0
895   0.003242 libjvm.so->fopen(0x2b1cd9422990, 0x2b1cdacacccb, 0x6f732e, 0x6d766a62696c2f72) = 0x2b1cdc232f00
895   0.005338 libjvm.so->dlopen(0x2b1cd9422990, 1, 0xffffffff, 0x2b1cdc232400) = 0x55b2433034c0
895   0.002268 libjvm.so->fopen(0x2b1cd9422990, 0x2b1cdacacccb, 0x6f732e, 0x6d766a62696c2f72) = 0x2b1cdc232f00
895   0.004047 libjvm.so->dlopen(0x2b1cd9422990, 1, 0xffffffff, 0x2b1cdc232400) = 0x55b2433034c0
895   0.002131 libjvm.so->fopen(0x2b1cd9422990, 0x2b1cdacacccb, 0x6f732e, 0x6d766a62696c2f72) = 0x2b1cdc232f00
895   0.004144 libjvm.so->dlopen(0x2b1cd9422990, 1, 0xffffffff, 0x2b1cdc232400) = 0x55b2433034c0
895   0.279256 libjvm.so->fopen(0x2b1cd9426ed0, 0x2b1cdacacccb, 111, 0x732e6176) = 0x2b1cdc271be0
895   0.004226 libjvm.so->dlopen(0x2b1cd9426ed0, 1, 0xffffffff, 0x2b1cdc270400) = 0x2b1cdc001b10
895   0.004370 libjvm.so->fopen(0x2b1cd9426ed0, 0x2b1cdacacccb, 111, 0x732e6176) = 0x2b1cdc271330
895   0.002938 libjvm.so->dlopen(0x2b1cd9426ed0, 1, 0xffffffff, 0x2b1cdc270400) = 0x2b1cdc001b10
895   0.001989 libjvm.so->fopen(0x2b1cd9426ed0, 0x2b1cdacacccb, 111, 0x732e6176) = 0x2b1cdc271330
895   0.004659 libjvm.so->dlopen(0x2b1cd9426ed0, 1, 0xffffffff, 0x2b1cdc270400) = 0x2b1cdc001b10
895   0.001840 libjvm.so->fopen(0x2b1cd9426ed0, 0x2b1cdacacccb, 111, 0x732e6176) = 0x2b1cdc271330
895   0.006505 libjvm.so->dlopen(0x2b1cd9426ed0, 1, 0xffffffff, 0x2b1cdc270400) = 0x2b1cdc001b10
895   0.016053 libjvm.so->fopen(0x2b1cd9426eb0, 0x2b1cdacacccb, 111, 0x732e6176) = 0x2b1cdc271330
895   0.002946 libjvm.so->dlopen(0x2b1cd9426eb0, 1, 0xffffffff, 0x2b1cdc271c00) = 0x2b1cdc001b10
895   0.002003 libjvm.so->fopen(0x2b1cd9426eb0, 0x2b1cdacacccb, 111, 0x732e6176) = 0x2b1cdc271330
895   0.004155 libjvm.so->dlopen(0x2b1cd9426eb0, 1, 0xffffffff, 0x2b1cdc271d00) = 0x2b1cdc001b10
895   0.002024 libjvm.so->fopen(0x2b1cd9426eb0, 0x2b1cdacacccb, 111, 0x732e6176) = 0x2b1cdc271330
895   0.004759 libjvm.so->dlopen(0x2b1cd9426eb0, 1, 0xffffffff, 0x2b1cdc271c00) = 0x2b1cdc001b10
895   0.001766 libjvm.so->fopen(0x2b1cd9426eb0, 0x2b1cdacacccb, 111, 0x732e6176) = 0x2b1cdc271330
895   0.003295 libjvm.so->dlopen(0x2b1cd9426eb0, 1, 0xffffffff, 0x2b1cdc271c00) = 0x2b1cdc001b10
895   3.264403 --- SIGSEGV (Segmentation fault) ---
910   9.151963 +++ exited (status 0) +++
906   0.000244 +++ exited (status 0) +++
901   0.010346 +++ exited (status 0) +++
895   0.000222 +++ exited (status 0) +++
907   0.000301 +++ exited (status 0) +++
909   0.000016 +++ exited (status 0) +++
905   0.000011 +++ exited (status 0) +++
904   0.000009 +++ exited (status 0) +++
908   0.017668 +++ exited (status 0) +++
894   0.000069 +++ exited (status 0) +++
Wrote an ltrace for command: "java -cp ./tools/maxent.jar density.MaxEnt -s outputs/Austrodectes_monticolus_Rentz.csv -e data/layers/worldclim -o outputs/Austrodectes_monticolus_Rentz nowarnings nocache autorun -z" with PID 892 from PPID 873 on disc21.crc.nd.edu with result 0
REMOTEHOST=10.17.150.11
MANPATH=/afs/crc.nd.edu/user/n/nkremerh/cctools/share/man/:/afs/crc.nd.edu/group/ccl/software/x86_64/redhat7/ruby/current/share/man:/afs/crc.nd.edu/group/ccl/software/x86_64/redhat7/graphviz/current/share/man:/afs/crc.nd.edu/group/ccl/software/x86_64/redhat7/gnuplot/current/share/man:/afs/crc.nd.edu/group/ccl/software/x86_64/redhat7/git/current/share/man:/afs/crc.nd.edu/group/ccl/software/x86_64/redhat7/condor/current/share/man:/afs/crc.nd.edu/group/ccl/software/x86_64/redhat7/clang/current/share/man:/afs/crc.nd.edu/group/ccl/software/x86_64/redhat7/condor/current/share/man:/afs/crc.nd.edu/group/ccl/software/x86_64/redhat7/cctools/current/share/man:/afs/crc.nd.edu/group/ccl/software/x86_64/redhat7/cctools/current/share/man:/afs/crc.nd.edu/x86_64_linux/Modules/4.5.0/share/man:/opt/crc/usr/local/man:/opt/sge/man:/usr/share/man/overrides:/usr/share/man:/usr/local/share/man
_CONDOR_JOB_PIDS=
XDG_SESSION_ID=4102
HOSTNAME=disc01.crc.nd.edu
_CONDOR_ANCESTOR_3669=26819:1600190002:729388562
_LMFILES__modshare=/afs/crc.nd.edu/x86_64_linux/Modules/modules/system_modules/CRC_default/1.1:1
MODULEPATH_modshare=/afs/crc.nd.edu/x86_64_linux/Modules/modules/general_software:1:/afs/crc.nd.edu/x86_64_linux/Modules/modules/development_tools_and_libraries:1:/afs/crc.nd.edu/x86_64_linux/Modules/modules/system_modules:1:/afs/crc.nd.edu/x86_64_linux/Modules/current/modulefiles:1:/afs/crc.nd.edu/x86_64_linux/Modules/modules/restricted_software:1:/afs/crc.nd.edu/x86_64_linux/Modules/modules/deprecated_software:1
TERM=xterm-256color
SHELL=/bin/tcsh
HOST=disc01.crc.nd.edu
MODULES_CMD=/afs/crc.nd.edu/x86_64_linux/Modules/4.5.0/libexec/modulecmd.tcl
HISTSIZE=5000
MAKEFLAGS=
SSH_CLIENT=10.17.150.11 36546 22
TMPDIR=/var/condor/execute/dir_26819/worker-213124-26912/t.916/cctools-temp-t.916.A1NqX0
PERL5LIB=/afs/crc.nd.edu/user/n/nkremerh/cctools/lib/perl5/site_perl/5.16.3:/afs/crc.nd.edu/user/n/nkremerh/.perl5/lib/perl5
SGE_CELL=crc
_CONDOR_SCRATCH_DIR=/var/condor/execute/dir_26819
_CONDOR_ANCESTOR_26819=26885:1600190003:209105894
PERL_MB_OPT=--install_base '/afs/crc.nd.edu/user/n/nkremerh/.perl5/'
SSH_TTY=/dev/pts/2
SGE_LOAD_AVG=load_avg
MAKEFLOW_MAX_LOCAL_JOBS=2
GROUP=campus
USER=nkremerh
_CHIRP_DELAYED_UPDATE_PREFIX=Chirp*
HISTFILESIZE=10000
TEMP=/var/condor/execute/dir_26819/worker-213124-26912/t.916/cctools-temp-t.916.A1NqX0
LD_LIBRARY_PATH=/afs/crc.nd.edu/group/ccl/software/x86_64/redhat7/ruby/current/lib:/afs/crc.nd.edu/group/ccl/software/x86_64/redhat7/graphviz/current/lib:/afs/crc.nd.edu/group/ccl/software/x86_64/redhat7/git/current/lib:/afs/crc.nd.edu/group/ccl/software/x86_64/redhat7/condor/current/lib:/afs/crc.nd.edu/group/ccl/software/x86_64/redhat7/clang/current/lib:/afs/crc.nd.edu/group/ccl/software/x86_64/redhat7/condor/current/lib:/afs/crc.nd.edu/group/ccl/software/x86_64/redhat7/cctools/current/lib:/opt/crc/usr/local/lib
BATCH_SYSTEM=HTCondor
MODULES_LMALTNAME=CRC_default/1.1&CRC_default/default&CRC_default
ENV=/afs/crc.nd.edu/x86_64_linux/Modules/4.5.0/init/profile.sh
WORKER_TMPDIR=/var/condor/execute/dir_26819/worker-213124-26912/cache/tmp
HOSTTYPE=x86_64-linux
_CONDOR_HIGHPORT=9999
GLOBUS_GSSAPI_MAX_TLS_PROTOCOL=0
_CONDOR_CHIRP_CONFIG=/var/condor/execute/dir_26819/.chirp.config
MAKELEVEL=1
MFLAGS=
MAIL=/var/spool/mail/nkremerh
PATH=/afs/crc.nd.edu/user/n/nkremerh/cctools/bin:/afs/crc.nd.edu/user/n/nkremerh/miniconda/bin:/afs/crc.nd.edu/group/ccl/software/git:/afs/crc.nd.edu/user/n/nkremerh/.local/bin:/afs/crc.nd.edu/group/ccl/software/x86_64/redhat7/povray/3.7/bin:/afs/crc.nd.edu/user/n/nkremerh/.perl5/bin:/afs/crc.nd.edu/user/n/nkremerh/pegasus/bin:/afs/crc.nd.edu/user/n/nkremerh/nodejs/bin:/afs/crc.nd.edu/user/n/nkremerh/montage/bin:/afs/crc.nd.edu/user/n/nkremerh/latexdiff:/afs/crc.nd.edu/user/n/nkremerh/envtrace:/afs/crc.nd.edu/user/n/nkremerh/endlines:/afs/crc.nd.edu/user/n/nkremerh/cctools/bin:/afs/crc.nd.edu/user/n/nkremerh/.cargo/bin:/afs/crc.nd.edu/group/ccl/software/x86_64/redhat7/ruby/current/bin:/afs/crc.nd.edu/group/ccl/software/x86_64/redhat7/graphviz/current/bin:/afs/crc.nd.edu/group/ccl/software/x86_64/redhat7/gnuplot/current/bin:/afs/crc.nd.edu/group/ccl/software/x86_64/redhat7/git/current/bin:/afs/crc.nd.edu/group/ccl/software/x86_64/redhat7/condor/current/sbin:/afs/crc.nd.edu/group/ccl/software/x86_64/redhat7/condor/current/bin:/afs/crc.nd.edu/group/ccl/software/x86_64/redhat7/cmake/current/bin:/afs/crc.nd.edu/group/ccl/software/x86_64/redhat7/clang/current/bin:/afs/crc.nd.edu/group/ccl/software/x86_64/redhat7/condor/current/sbin:/afs/crc.nd.edu/group/ccl/software/x86_64/redhat7/condor/current/bin:/afs/crc.nd.edu/group/ccl/software/x86_64/redhat7/cctools/current/bin:/afs/crc.nd.edu/x86_64_linux/Modules/4.5.0/bin:/opt/crc/usr/local/bin:/opt/sge/bin/lx-amd64:/usr/local/bin:/usr/bin:/usr/local/sbin:/usr/sbin:/afs/crc.nd.edu/user/c/condor/software/bin:/afs/crc.nd.edu/user/c/condor/software/sbin
CCLSOFTWARE=/afs/crc.nd.edu/group/ccl/software/x86_64/redhat7
PWD=/var/condor/execute/dir_26819/worker-213124-26912/t.916
_LMFILES_=/afs/crc.nd.edu/x86_64_linux/Modules/modules/system_modules/CRC_default/1.1
EDITOR=vim
SGE_EXECD_PORT=6445
LANG=en_US.UTF-8
SGE_QMASTER_PORT=6444
MODULEPATH=/afs/crc.nd.edu/x86_64_linux/Modules/modules/development_tools_and_libraries:/afs/crc.nd.edu/x86_64_linux/Modules/modules/general_software:/afs/crc.nd.edu/x86_64_linux/Modules/modules/restricted_software:/afs/crc.nd.edu/x86_64_linux/Modules/modules/system_modules:/afs/crc.nd.edu/x86_64_linux/Modules/modules/deprecated_software:/afs/crc.nd.edu/x86_64_linux/Modules/current/modulefiles
LOADEDMODULES=CRC_default/1.1
SGE_ROOT=/opt/sge
CCLPLATFORM=x86_64/redhat7
_CONDOR_SLOT=slot2_2
WORK_QUEUE_SANDBOX=/var/condor/execute/dir_26819/worker-213124-26912
USE_SYSTEMD=true
_CONDOR_LOWPORT=9100
HISTCONTROL=ignoreboth:erasedups
KRB5CCNAME=FILE:/tmp/krb5cc_213124_DZSV7p
GLOBUS_GSSAPI_NAME_COMPATIBILITY=STRICT_RFC2818
HOME=disc01.crc.nd.edu
SHLVL=6
PATH_modshare=/opt/crc/usr/local/bin:1:/opt/sge/bin/lx-amd64:1:/usr/sbin:1:/usr/bin:1:/afs/crc.nd.edu/user/c/condor/software/sbin:1:/usr/local/sbin:1:/afs/crc.nd.edu/user/c/condor/software/bin:1:/usr/local/bin:1
OSTYPE=linux
_CONDOR_MACHINE_AD=/var/condor/execute/dir_26819/.machine.ad
GREP_OPTIONS=--color=auto
DISK=18251
GLOBUS_GSSAPI_MIN_TLS_PROTOCOL=TLS1_VERSION
MANPATH_modshare=/usr/share/man/overrides:1:/usr/local/share/man:1:/usr/share/man:1:/opt/crc/usr/local/man:1:/opt/sge/man:1
MEMORY=1948
PERL_LOCAL_LIB_ROOT=/afs/crc.nd.edu/user/n/nkremerh/.perl5/
BASH_ENV=/afs/crc.nd.edu/x86_64_linux/Modules/4.5.0/init/bash
VENDOR=unknown
TMP=/var/condor/execute/dir_26819/worker-213124-26912/t.916/cctools-temp-t.916.A1NqX0
LOGNAME=nkremerh
MACHTYPE=x86_64
CCLHOME=/afs/crc.nd.edu/group/ccl
PYTHONPATH=/afs/crc.nd.edu/user/n/nkremerh/cctools/lib/python3.6/site-packages/
LD_LIBRARY_PATH_modshare=/opt/crc/usr/local/lib:1
SSH_CONNECTION=10.17.150.11 36546 129.74.128.103 22
MODULES_LMALTNAME_modshare=CRC_default/1.1&CRC_default/default&CRC_default:1
MODULESHOME=/afs/crc.nd.edu/x86_64_linux/Modules/4.5.0
_CONDOR_ANCESTOR_3314=3669:1598183978:1434769074
GLOBUS_GSSAPI_CIPHERS=HIGH
GLOBUS_GSSAPI_BACKWARD_COMPATIBLE_MIC=true
LESSOPEN=||/usr/bin/lesspipe.sh %s
OMP_NUM_THREADS=1
_CONDOR_JOB_AD=/var/condor/execute/dir_26819/.job.ad
LOADEDMODULES_modshare=CRC_default/1.1:1
XDG_RUNTIME_DIR=/run/user/213124
SGE_CLUSTER_NAME=CRC
CCTOOLS=../cctools
CORES=2
_CONDOR_JOB_IWD=/var/condor/execute/dir_26819
PERL_MM_OPT=INSTALL_BASE=/afs/crc.nd.edu/user/n/nkremerh/.perl5/
GLOBUS_GSSAPI_SERVER_CIPHER_ORDER=true
BASH_FUNC_module()=() {  unset _mlshdbg;
 if [ "${MODULES_SILENT_SHELL_DEBUG:-0}" = '1' ]; then
 case "$-" in 
 *v*x*)
 set +vx;
 _mlshdbg='vx'
 ;;
 *v*)
 set +v;
 _mlshdbg='v'
 ;;
 *x*)
 set +x;
 _mlshdbg='x'
 ;;
 *)
 _mlshdbg=''
 ;;
 esac;
 fi;
 unset _mlre _mlIFS;
 if [ -n "${IFS+x}" ]; then
 _mlIFS=$IFS;
 fi;
 IFS=' ';
 for _mlv in ${MODULES_RUN_QUARANTINE:-};
 do
 if [ "${_mlv}" = "${_mlv##*[!A-Za-z0-9_]}" -a "${_mlv}" = "${_mlv#[0-9]}" ]; then
 if [ -n "`eval 'echo ${'$_mlv'+x}'`" ]; then
 _mlre="${_mlre:-}${_mlv}_modquar='`eval 'echo ${'$_mlv'}'`' ";
 fi;
 _mlrv="MODULES_RUNENV_${_mlv}";
 _mlre="${_mlre:-}${_mlv}='`eval 'echo ${'$_mlrv':-}'`' ";
 fi;
 done;
 if [ -n "${_mlre:-}" ]; then
 eval `eval ${_mlre}/usr/bin/tclsh /afs/crc.nd.edu/x86_64_linux/Modules/4.5.0/libexec/modulecmd.tcl bash '"$@"'`;
 else
 eval `/usr/bin/tclsh /afs/crc.nd.edu/x86_64_linux/Modules/4.5.0/libexec/modulecmd.tcl bash "$@"`;
 fi;
 _mlstatus=$?;
 if [ -n "${_mlIFS+x}" ]; then
 IFS=$_mlIFS;
 else
 unset IFS;
 fi;
 unset _mlre _mlv _mlrv _mlIFS;
 if [ -n "${_mlshdbg:-}" ]; then
 set -$_mlshdbg;
 fi;
 unset _mlshdbg;
 return $_mlstatus
}
BASH_FUNC_ml()=() {  module ml "$@"
}
_=/usr/bin/printenv
