3342   0.000000 libjli.so->getenv("_JAVA_LAUNCHER_DEBUG") = nil
3342   0.001825 libjli.so->getenv("_JAVA_VERSION_SET") = nil
3342   0.000762 libjli.so->fopen("/usr/lib/jvm/java-1.8.0-openjdk-1.8.0.262.b10-0.el7_8.x86_64/jre/lib/amd64/jvm.cfg", "r") = 0x560541de30f0
3342   0.000976 libjli.so->getenv("JDK_ALTERNATE_VM") = nil
3342   0.000350 libjli.so->__xstat(1, "/usr/lib/jvm/java-1.8.0-openjdk-1.8.0.262.b10-0.el7_8.x86_64/jre/lib/amd64/server/libjvm.so", 0x7ffc0e44ba10) = 0
3342   0.000681 libjli.so->getenv("LD_LIBRARY_PATH") = "/afs/crc.nd.edu/group/ccl/software/x86_64/redhat7/ruby/current/lib:/afs/crc.nd.edu/group/ccl/software/x86_64/redhat7/graphviz/current/lib:/afs/crc.nd.edu/group/ccl/software/x86_64/redhat7/git/current/lib:/afs/crc.nd.edu/group/ccl/software/x86_64/redhat7/condor/current/lib:/afs/crc.nd.edu/group/ccl/software/x86_64/redhat7/clang/current/lib:/afs/crc.nd.edu/group/ccl/software/x86_64/redhat7/condor/current/lib:/afs/crc.nd.edu/group/ccl/software/x86_64/redhat7/cctools/current/lib:/opt/crc/usr/local/lib"
3342   0.002353 libjli.so->dlopen("/usr/lib/jvm/java-1.8.0-openjdk-1.8.0.262.b10-0.el7_8.x86_64/jre/lib/amd64/server/libjvm.so", 258 <unfinished ...>
3342   0.038729 libjvm.so->getenv("NMT_LEVEL_3342") = nil
3342   0.001092 <... dlopen resumed> )           = 0x560541de34c0
3342   0.000051 libjli.so->getenv("CLASSPATH")   = nil
3342   0.000206 libjli.so->getenv("_JAVA_SPLASH_JAR") = nil
3342   0.000198 libjli.so->getenv("_JAVA_SPLASH_FILE") = nil
3342   0.000202 libjli.so->pthread_attr_setdetachstate(0x7ffc0e44b9c0, 0, 0x7ffc0e44ba50, 0) = 0
3342   0.000308 libpthread.so.0->__clone(0x2b0bcf395de0, 0x2b0bcf2a8fc0, 0x3d0f00, 0x2b0bcf2a9700) = 3347
3347   0.001386 libjvm.so->dlopen(0x2b0bd0b749ae, 1, 0xfffffffffff42c48, 4096) = 0x2b0bd4000990
3347   0.001638 libjvm.so->getenv(0x2b0bd0b8f83e, 0, 115, 0x65737361) = 0x7ffc0e4526db
3347   0.000312 libjvm.so->fopen(0x2b0bcf2a7c10, 0x2b0bd0b2bccb, 0x6f732e79666972, 0x2b0bcfc6dab0) = 0x2b0bd4001440
3347   0.000901 libjvm.so->dlopen(0x2b0bcf2a7c10, 1, 0xffffffff, 0x2b0bd4002b00) = 0x2b0bd4001440
3347   0.000982 libjvm.so->fopen(0x2b0bcf2a7c10, 0x2b0bd0b2bccb, 111, 0x732e6176) = 0x2b0bd4001b10
3347   0.001282 libjvm.so->dlopen(0x2b0bcf2a7c10, 1, 0xffffffff, 0x2b0bd4001a00) = 0x2b0bd4001b10
3347   0.001047 libjvm.so->__xstat(1, 0x2b0bcf2a8360, 0x2b0bcf2a8ba0, 0x746f7073746f682e) = -1
3347   0.000301 libjvm.so->getenv(0x2b0bd0b24541, 0x2b0bcf2a86d0, 1024, 0x2b0bd0fde61b) = 0
3347   0.000312 libjvm.so->getenv(0x2b0bd0b24533, 0x2b0bcf2a86d0, 1024, 0) = 0
3347   0.000280 libjvm.so->fopen(0x2b0bd0b74315, 0x2b0bd0b2bccb, 4095, 0xffffd4f42f4dbb03) = 0x2b0bd4003290
3347   0.000711 libjvm.so->fopen(0x2b0bd0b74361, 0x2b0bd0b2bccb, 0x2b0bd4000078, 0x2b0bd4003280) = 0x2b0bd4003290
3347   0.000472 libjvm.so->fopen(0x2b0bcf2a29b0, 0x2b0bd0b2bccb, 4014, 3995) = 0x2b0bd4003290
3347   0.000433 libjvm.so->opendir(0x2b0bd4002b40, 0x2b0bd4002b40, 13, 16) = 0
3347   0.000316 libjvm.so->__xstat(1, 0x2b0bcf2a78f0, 0x2b0bcf2a6860, 0x6f732e7477616d62) = -1
3347   0.000277 libjvm.so->__xstat(1, 0x2b0bcf2a78f0, 0x2b0bcf2a6860, 0x5f74776162696c2f) = 0
3347   0.000327 libjvm.so->fopen(0x2b0bcf2a6b90, 0x2b0bd0b2bccb, 4009, 3994) = 0x2b0bd4003770
3347   0.000390 libjvm.so->fopen(0x2b0bcf2a6b90, 0x2b0bd0b2bccb, 4009, 3994) = 0x2b0bd4003770
3347   0.000383 libjvm.so->fopen(0x2b0bcf2a6b90, 0x2b0bd0b2bccb, 4009, 4002) = 0x2b0bd4003770
3347   0.000417 libjvm.so->fopen(0x2b0bcf2a6b20, 0x2b0bd0b2bccb, 4009, 3994) = 0x2b0bd4003770
3347   0.000379 libjvm.so->fopen(0x2b0bcf2a6b20, 0x2b0bd0b2bccb, 4009, 3994) = 0x2b0bd4003770
3347   0.000403 libjvm.so->fopen(0x2b0bcf2a6b20, 0x2b0bd0b2bccb, 4009, 4002) = 0x2b0bd4003770
3347   0.000401 libjvm.so->fopen(0x2b0bcf2a6b50, 0x2b0bd0b2bccb, 4014, 3995) = 0x2b0bd4003770
3347   0.000531 libjvm.so->getenv(0x2b0bd0b750ff, 4096, 3, -1) = 0
3347   0.000630 libjvm.so->fopen(0x2b0bd0b74998, 0x2b0bd0b2bccb, 0x2b0bcf38c908, 0x2b0bcf38bdf0) = 0x2b0bd4003770
3347   0.003120 libjvm.so->open(0x2b0bd404a560, 0x20000, 0, 0x2b0bd404a5a9) = 3
3347   0.000347 libjvm.so->__fxstat(1, 3, 0x2b0bcf2a8a00, -1) = 0
3347   0.000335 libjvm.so->opendir(0x2b0bd404a560, 0x2b0bcf2a8a00, 0x4000, -1) = 0x2b0bd404b470
3347   0.000306 libjvm.so->__fxstat(1, 3, 0x2b0bcf2a88a0, 0x2b0bd404b470) = 0
3347   0.000288 libjvm.so->__fxstat(1, 5, 0x2b0bcf2a8930, -1) = 0
3347   0.000307 libjvm.so->open(0x2b0bd0b429dc, 0, 0, 0) = 3
3347   0.000439 libjvm.so->__lxstat(1, 0x2b0bd404a560, 0x2b0bcf2a8b50, -144) = 0
3347   0.000307 libjvm.so->open(0x2b0bd404a560, 0x20000, 0x4000, -1) = 3
3347   0.000309 libjvm.so->__fxstat(1, 3, 0x2b0bcf2a8a00, -1) = 0
3347   0.000290 libjvm.so->opendir(0x2b0bd404a560, 0x2b0bcf2a8a00, 0x4000, -1) = 0x2b0bd404b470
3347   0.000281 libjvm.so->__fxstat(1, 3, 0x2b0bcf2a88a0, 0x2b0bd404b470) = 0
3347   0.000310 libjvm.so->__fxstat(1, 5, 0x2b0bcf2a8930, -1) = 0
3347   0.000293 libjvm.so->open(0x2b0bd0b429dc, 0, 0, 0) = 3
3347   0.000295 libjvm.so->open(0x2b0bd404a5a9, 0x20042, 384, -1) = 7
3347   0.000436 libjvm.so->__fxstat(1, 7, 0x2b0bcf2a8b50, -1) = 0
3347   0.001122 libjvm.so->fopen(0x2b0bcf2a7b60, 0x2b0bd0b2bccb, 4, 0x6f732e70) = 0x2b0bd4057bc0
3347   0.000956 libjvm.so->dlopen(0x2b0bcf2a7b60, 1, 0xffffffff, 0x2b0bd4057b00) = 0x2b0bd4057bc0
3347   0.000970 libjvm.so->__xstat(1, 0x2b0bcf2a8120, 0x2b0bcf2a8950, 2048) = 0
3347   0.000292 libjvm.so->__xstat(1, 0x2b0bcf2a8120, 0x2b0bcf2a8950, 2048) = 0
3347   0.000297 libjvm.so->__xstat(1, 0x2b0bcf2a8120, 0x2b0bcf2a8950, 2048) = -1
3347   0.000303 libjvm.so->__xstat(1, 0x2b0bcf2a8120, 0x2b0bcf2a8950, 2048) = 0
3347   0.000386 libjvm.so->__xstat(1, 0x2b0bcf2a8120, 0x2b0bcf2a8950, 2048) = 0
3347   0.000282 libjvm.so->__xstat(1, 0x2b0bcf2a8120, 0x2b0bcf2a8950, 2048) = 0
3347   0.000323 libjvm.so->__xstat(1, 0x2b0bcf2a8120, 0x2b0bcf2a8950, 2048) = 0
3347   0.000279 libjvm.so->__xstat(1, 0x2b0bcf2a8120, 0x2b0bcf2a8950, 2048) = -1
3347   0.000308 libjvm.so->fopen(0x2b0bd4002520, 0x2b0bd0b2bccb, 0, 0) = 0x2b0bd4058a60
3347   0.006500 libjvm.so->open64(0x2b0bcf2a7410, 0, 0, 16) = 3
3347   0.000322 libjvm.so->__fxstat64(1, 3, 0x2b0bcf2a7240, -1) = 0
3347   0.024110 libjvm.so->__xstat(1, 0x2b0bcf2a7f20, 0x2b0bcf2a8750, 2048) = -1
3347   0.000437 libjvm.so->fopen(0x2b0bcf2a6b20, 0x2b0bd0b2bccb, 4009, 3994) = 0x2b0bd40b5e20
3347   0.000455 libjvm.so->fopen(0x2b0bcf2a6b20, 0x2b0bd0b2bccb, 4009, 3994) = 0x2b0bd40b5e20
3347   0.000416 libjvm.so->fopen(0x2b0bcf2a6b20, 0x2b0bd0b2bccb, 4009, 4002) = 0x2b0bd40b5e20
3347   0.003088 libjvm.so->pthread_attr_setdetachstate(0x2b0bcf2a8c00, 1, 0, 0) = 0
3347   0.000340 libpthread.so.0->__clone(0x2b0bcf395de0, 0x2b0bd3fddfc0, 0x3d0f00, 0x2b0bd3fde700) = 3348
3347   0.014147 libjvm.so->pthread_attr_setdetachstate(0x2b0bcf2a8290, 1, 0, 0) = 0
3347   0.000533 libpthread.so.0->__clone(0x2b0bcf395de0, 0x2b0be7d3bfc0, 0x3d0f00, 0x2b0be7d3c700) = 3349
3347   0.007135 libjvm.so->pthread_attr_setdetachstate(0x2b0bcf2a8610, 1, 0, 0) = 0
3347   0.000574 libpthread.so.0->__clone(0x2b0bcf395de0, 0x2b0be7e3cfc0, 0x3d0f00, 0x2b0be7e3d700) = 3350
3347   0.041643 libjvm.so->fopen(0x2b0bd40e9150, 0x2b0bd0b2bccb, 4, 0x6f732e70) = 0x2b0bd40f1c90
3347   0.001796 libjvm.so->dlopen(0x2b0bd40e9150, 1, 0xffffffff, 0x2b0bd40ec300) = 0x2b0bd4057bc0
3347   0.004871 libjvm.so->open64(0x2b0bcf2a7510, 0, 0, 16) = 5
3347   0.000615 libjvm.so->__fxstat64(1, 5, 0x2b0bcf2a7340, -1) = 0
3347   0.023235 libjvm.so->fopen(0x2b0bcf2a4130, 0x2b0bd0b2bccb, 4009, 3994) = 0x2b0bd40fcbe0
3347   0.001191 libjvm.so->fopen(0x2b0bcf2a4130, 0x2b0bd0b2bccb, 4009, 3994) = 0x2b0bd40fcbe0
3347   0.001565 libjvm.so->fopen(0x2b0bcf2a4130, 0x2b0bd0b2bccb, 4009, 4002) = 0x2b0bd40fcbe0
3347   0.018011 libjvm.so->pthread_attr_setdetachstate(0x2b0bcf2a8b50, 1, 0, 0) = 0
3347   0.001016 libpthread.so.0->__clone(0x2b0bcf395de0, 0x2b0be7f3dfc0, 0x3d0f00, 0x2b0be7f3e700) = 3351
3347   0.001596 libjvm.so->__xstat64(1, 0x2b0bcf2a8be0, 0x2b0bcf2a8b50, 18) = -1
3347   0.001210 libjvm.so->pthread_attr_setdetachstate(0x2b0bcf2a8950, 1, 0, 0) = 0
3347   0.000893 libpthread.so.0->__clone(0x2b0bcf395de0, 0x2b0bfa642fc0, 0x3d0f00, 0x2b0bfa643700) = 3352
3347   0.001228 libjvm.so->pthread_attr_setdetachstate(0x2b0bcf2a8950, 1, 0, 0) = 0
3347   0.000852 libpthread.so.0->__clone(0x2b0bcf395de0, 0x2b0bfa743fc0, 0x3d0f00, 0x2b0bfa744700) = 3353
3347   0.008000 libjvm.so->pthread_attr_setdetachstate(0x2b0bcf2a8aa0, 1, 0, 0) = 0
3347   0.001104 libpthread.so.0->__clone(0x2b0bcf395de0, 0x2b0bfa844fc0, 0x3d0f00, 0x2b0bfa845700) = 3354
3347   0.001571 libjvm.so->pthread_attr_setdetachstate(0x2b0bcf2a8bb0, 1, 0, 0) = 0
3347   0.001503 libpthread.so.0->__clone(0x2b0bcf395de0, 0x2b0bfa945fc0, 0x3d0f00, 0x2b0bfa946700) = 3355
3347   0.010755 libjvm.so->open64(0x2b0bd412e970, 0, 0, 48) = 7
3347   0.001158 libjvm.so->__fxstat64(1, 7, 0x2b0bcf2a5f60, -1) = 0
3347   0.017455 libjvm.so->fopen(0x2b0bd41546c0, 0x2b0bd0b2bccb, 4, 0x6f732e6f) = 0x2b0bd4154780
3347   0.002130 libjvm.so->dlopen(0x2b0bd41546c0, 1, 0xffffffff, 0x2b0bd4154700) = 0x2b0bd4154780
3347   0.123406 libjvm.so->fopen(0x2b0bd419a4e0, 0x2b0bd0b2bccb, 4, 0x6f732e74) = 0x2b0bd419d790
3347   0.003173 libjvm.so->dlopen(0x2b0bd419a4e0, 1, 0xffffffff, 0x2b0bd419d700) = 0x2b0bd41a7b40
3347   0.147695 libjvm.so->fopen(0x2b0bd4218b80, 0x2b0bd0b2bccb, 0x6f732e7373656c, 0x656c646165685f74) = 0x2b0bd4218c60
3347   0.005111 libjvm.so->dlopen(0x2b0bd4218b80, 1, 0xffffffff, 0x2b0bd4218b00) = 0x2b0bd4218c60
3347   0.023857 libjvm.so->fopen(0x2b0bcf2a1990, 0x2b0bd0b2bccb, 0x6f732e, 0x6d766a62696c2f72) = 0x2b0bd4222b40
3347   0.008267 libjvm.so->dlopen(0x2b0bcf2a1990, 1, 0xffffffff, 0x2b0bd4222000) = 0x560541de34c0
3347   0.001766 libjvm.so->fopen(0x2b0bcf2a1990, 0x2b0bd0b2bccb, 0x6f732e, 0x6d766a62696c2f72) = 0x2b0bd4222ae0
3347   0.006019 libjvm.so->dlopen(0x2b0bcf2a1990, 1, 0xffffffff, 0x2b0bd4222000) = 0x560541de34c0
3347   0.001798 libjvm.so->fopen(0x2b0bcf2a1990, 0x2b0bd0b2bccb, 0x6f732e, 0x6d766a62696c2f72) = 0x2b0bd4222ae0
3347   0.005354 libjvm.so->dlopen(0x2b0bcf2a1990, 1, 0xffffffff, 0x2b0bd4222000) = 0x560541de34c0
3347   0.002141 libjvm.so->fopen(0x2b0bcf2a1990, 0x2b0bd0b2bccb, 0x6f732e, 0x6d766a62696c2f72) = 0x2b0bd4222ae0
3347   0.004892 libjvm.so->dlopen(0x2b0bcf2a1990, 1, 0xffffffff, 0x2b0bd4222000) = 0x560541de34c0
3347   3.653572 --- SIGSEGV (Segmentation fault) ---
3355   8.054274 +++ exited (status 0) +++
3351   0.000430 +++ exited (status 0) +++
3348   0.000354 +++ exited (status 0) +++
3347   0.000266 +++ exited (status 0) +++
3353   0.000417 +++ exited (status 0) +++
3354   0.000025 +++ exited (status 0) +++
3352   0.000015 +++ exited (status 0) +++
3349   0.000014 +++ exited (status 0) +++
3350   0.024350 +++ exited (status 0) +++
3342   0.000097 +++ exited (status 0) +++
Wrote an ltrace for command: "java -cp ./tools/maxent.jar density.MaxEnt -s outputs/Isoparce_cupressi_Boisduval.csv -e data/layers/worldclim -o outputs/Isoparce_cupressi_Boisduval nowarnings nocache autorun -z" with PID 3339 from PPID 3317 on disc25.crc.nd.edu with result 0
REMOTEHOST=10.17.150.11
MANPATH=/afs/crc.nd.edu/user/n/nkremerh/cctools/share/man/:/afs/crc.nd.edu/group/ccl/software/x86_64/redhat7/ruby/current/share/man:/afs/crc.nd.edu/group/ccl/software/x86_64/redhat7/graphviz/current/share/man:/afs/crc.nd.edu/group/ccl/software/x86_64/redhat7/gnuplot/current/share/man:/afs/crc.nd.edu/group/ccl/software/x86_64/redhat7/git/current/share/man:/afs/crc.nd.edu/group/ccl/software/x86_64/redhat7/condor/current/share/man:/afs/crc.nd.edu/group/ccl/software/x86_64/redhat7/clang/current/share/man:/afs/crc.nd.edu/group/ccl/software/x86_64/redhat7/condor/current/share/man:/afs/crc.nd.edu/group/ccl/software/x86_64/redhat7/cctools/current/share/man:/afs/crc.nd.edu/group/ccl/software/x86_64/redhat7/cctools/current/share/man:/afs/crc.nd.edu/x86_64_linux/Modules/4.5.0/share/man:/opt/crc/usr/local/man:/opt/sge/man:/usr/share/man/overrides:/usr/share/man:/usr/local/share/man
_CONDOR_JOB_PIDS=
XDG_SESSION_ID=4102
HOSTNAME=disc01.crc.nd.edu
_CONDOR_ANCESTOR_3764=26793:1600190002:1712875896
_LMFILES__modshare=/afs/crc.nd.edu/x86_64_linux/Modules/modules/system_modules/CRC_default/1.1:1
MODULEPATH_modshare=/afs/crc.nd.edu/x86_64_linux/Modules/modules/general_software:1:/afs/crc.nd.edu/x86_64_linux/Modules/modules/development_tools_and_libraries:1:/afs/crc.nd.edu/x86_64_linux/Modules/modules/system_modules:1:/afs/crc.nd.edu/x86_64_linux/Modules/current/modulefiles:1:/afs/crc.nd.edu/x86_64_linux/Modules/modules/restricted_software:1:/afs/crc.nd.edu/x86_64_linux/Modules/modules/deprecated_software:1
TERM=xterm-256color
SHELL=/bin/tcsh
HOST=disc01.crc.nd.edu
MODULES_CMD=/afs/crc.nd.edu/x86_64_linux/Modules/4.5.0/libexec/modulecmd.tcl
HISTSIZE=5000
MAKEFLAGS=
SSH_CLIENT=10.17.150.11 36546 22
TMPDIR=/var/condor/execute/dir_26793/worker-213124-26886/t.1173/cctools-temp-t.1173.Rm9CHc
PERL5LIB=/afs/crc.nd.edu/user/n/nkremerh/cctools/lib/perl5/site_perl/5.16.3:/afs/crc.nd.edu/user/n/nkremerh/.perl5/lib/perl5
SGE_CELL=crc
_CONDOR_SCRATCH_DIR=/var/condor/execute/dir_26793
PERL_MB_OPT=--install_base '/afs/crc.nd.edu/user/n/nkremerh/.perl5/'
SSH_TTY=/dev/pts/2
SGE_LOAD_AVG=load_avg
MAKEFLOW_MAX_LOCAL_JOBS=2
GROUP=campus
USER=nkremerh
_CHIRP_DELAYED_UPDATE_PREFIX=Chirp*
HISTFILESIZE=10000
TEMP=/var/condor/execute/dir_26793/worker-213124-26886/t.1173/cctools-temp-t.1173.Rm9CHc
LD_LIBRARY_PATH=/afs/crc.nd.edu/group/ccl/software/x86_64/redhat7/ruby/current/lib:/afs/crc.nd.edu/group/ccl/software/x86_64/redhat7/graphviz/current/lib:/afs/crc.nd.edu/group/ccl/software/x86_64/redhat7/git/current/lib:/afs/crc.nd.edu/group/ccl/software/x86_64/redhat7/condor/current/lib:/afs/crc.nd.edu/group/ccl/software/x86_64/redhat7/clang/current/lib:/afs/crc.nd.edu/group/ccl/software/x86_64/redhat7/condor/current/lib:/afs/crc.nd.edu/group/ccl/software/x86_64/redhat7/cctools/current/lib:/opt/crc/usr/local/lib
BATCH_SYSTEM=HTCondor
MODULES_LMALTNAME=CRC_default/1.1&CRC_default/default&CRC_default
ENV=/afs/crc.nd.edu/x86_64_linux/Modules/4.5.0/init/profile.sh
WORKER_TMPDIR=/var/condor/execute/dir_26793/worker-213124-26886/cache/tmp
HOSTTYPE=x86_64-linux
_CONDOR_HIGHPORT=9999
GLOBUS_GSSAPI_MAX_TLS_PROTOCOL=0
_CONDOR_CHIRP_CONFIG=/var/condor/execute/dir_26793/.chirp.config
MAKELEVEL=1
MFLAGS=
MAIL=/var/spool/mail/nkremerh
PATH=/afs/crc.nd.edu/user/n/nkremerh/cctools/bin:/afs/crc.nd.edu/user/n/nkremerh/miniconda/bin:/afs/crc.nd.edu/group/ccl/software/git:/afs/crc.nd.edu/user/n/nkremerh/.local/bin:/afs/crc.nd.edu/group/ccl/software/x86_64/redhat7/povray/3.7/bin:/afs/crc.nd.edu/user/n/nkremerh/.perl5/bin:/afs/crc.nd.edu/user/n/nkremerh/pegasus/bin:/afs/crc.nd.edu/user/n/nkremerh/nodejs/bin:/afs/crc.nd.edu/user/n/nkremerh/montage/bin:/afs/crc.nd.edu/user/n/nkremerh/latexdiff:/afs/crc.nd.edu/user/n/nkremerh/envtrace:/afs/crc.nd.edu/user/n/nkremerh/endlines:/afs/crc.nd.edu/user/n/nkremerh/cctools/bin:/afs/crc.nd.edu/user/n/nkremerh/.cargo/bin:/afs/crc.nd.edu/group/ccl/software/x86_64/redhat7/ruby/current/bin:/afs/crc.nd.edu/group/ccl/software/x86_64/redhat7/graphviz/current/bin:/afs/crc.nd.edu/group/ccl/software/x86_64/redhat7/gnuplot/current/bin:/afs/crc.nd.edu/group/ccl/software/x86_64/redhat7/git/current/bin:/afs/crc.nd.edu/group/ccl/software/x86_64/redhat7/condor/current/sbin:/afs/crc.nd.edu/group/ccl/software/x86_64/redhat7/condor/current/bin:/afs/crc.nd.edu/group/ccl/software/x86_64/redhat7/cmake/current/bin:/afs/crc.nd.edu/group/ccl/software/x86_64/redhat7/clang/current/bin:/afs/crc.nd.edu/group/ccl/software/x86_64/redhat7/condor/current/sbin:/afs/crc.nd.edu/group/ccl/software/x86_64/redhat7/condor/current/bin:/afs/crc.nd.edu/group/ccl/software/x86_64/redhat7/cctools/current/bin:/afs/crc.nd.edu/x86_64_linux/Modules/4.5.0/bin:/opt/crc/usr/local/bin:/opt/sge/bin/lx-amd64:/usr/local/bin:/usr/bin:/usr/local/sbin:/usr/sbin:/afs/crc.nd.edu/user/c/condor/software/bin:/afs/crc.nd.edu/user/c/condor/software/sbin
CCLSOFTWARE=/afs/crc.nd.edu/group/ccl/software/x86_64/redhat7
PWD=/var/condor/execute/dir_26793/worker-213124-26886/t.1173
_LMFILES_=/afs/crc.nd.edu/x86_64_linux/Modules/modules/system_modules/CRC_default/1.1
EDITOR=vim
SGE_EXECD_PORT=6445
LANG=en_US.UTF-8
SGE_QMASTER_PORT=6444
MODULEPATH=/afs/crc.nd.edu/x86_64_linux/Modules/modules/development_tools_and_libraries:/afs/crc.nd.edu/x86_64_linux/Modules/modules/general_software:/afs/crc.nd.edu/x86_64_linux/Modules/modules/restricted_software:/afs/crc.nd.edu/x86_64_linux/Modules/modules/system_modules:/afs/crc.nd.edu/x86_64_linux/Modules/modules/deprecated_software:/afs/crc.nd.edu/x86_64_linux/Modules/current/modulefiles
LOADEDMODULES=CRC_default/1.1
SGE_ROOT=/opt/sge
CCLPLATFORM=x86_64/redhat7
_CONDOR_SLOT=slot2_2
WORK_QUEUE_SANDBOX=/var/condor/execute/dir_26793/worker-213124-26886
USE_SYSTEMD=true
_CONDOR_LOWPORT=9100
_CONDOR_ANCESTOR_3611=3764:1598184024:3503519607
HISTCONTROL=ignoreboth:erasedups
KRB5CCNAME=FILE:/tmp/krb5cc_213124_DZSV7p
GLOBUS_GSSAPI_NAME_COMPATIBILITY=STRICT_RFC2818
HOME=disc01.crc.nd.edu
SHLVL=6
PATH_modshare=/opt/crc/usr/local/bin:1:/opt/sge/bin/lx-amd64:1:/usr/sbin:1:/usr/bin:1:/afs/crc.nd.edu/user/c/condor/software/sbin:1:/usr/local/sbin:1:/afs/crc.nd.edu/user/c/condor/software/bin:1:/usr/local/bin:1
OSTYPE=linux
_CONDOR_MACHINE_AD=/var/condor/execute/dir_26793/.machine.ad
GREP_OPTIONS=--color=auto
DISK=18234
GLOBUS_GSSAPI_MIN_TLS_PROTOCOL=TLS1_VERSION
MANPATH_modshare=/usr/share/man/overrides:1:/usr/local/share/man:1:/usr/share/man:1:/opt/crc/usr/local/man:1:/opt/sge/man:1
MEMORY=1948
PERL_LOCAL_LIB_ROOT=/afs/crc.nd.edu/user/n/nkremerh/.perl5/
BASH_ENV=/afs/crc.nd.edu/x86_64_linux/Modules/4.5.0/init/bash
VENDOR=unknown
TMP=/var/condor/execute/dir_26793/worker-213124-26886/t.1173/cctools-temp-t.1173.Rm9CHc
LOGNAME=nkremerh
MACHTYPE=x86_64
CCLHOME=/afs/crc.nd.edu/group/ccl
PYTHONPATH=/afs/crc.nd.edu/user/n/nkremerh/cctools/lib/python3.6/site-packages/
LD_LIBRARY_PATH_modshare=/opt/crc/usr/local/lib:1
SSH_CONNECTION=10.17.150.11 36546 129.74.128.103 22
MODULES_LMALTNAME_modshare=CRC_default/1.1&CRC_default/default&CRC_default:1
MODULESHOME=/afs/crc.nd.edu/x86_64_linux/Modules/4.5.0
GLOBUS_GSSAPI_CIPHERS=HIGH
GLOBUS_GSSAPI_BACKWARD_COMPATIBLE_MIC=true
LESSOPEN=||/usr/bin/lesspipe.sh %s
OMP_NUM_THREADS=1
_CONDOR_JOB_AD=/var/condor/execute/dir_26793/.job.ad
LOADEDMODULES_modshare=CRC_default/1.1:1
XDG_RUNTIME_DIR=/run/user/213124
SGE_CLUSTER_NAME=CRC
CCTOOLS=../cctools
CORES=2
_CONDOR_JOB_IWD=/var/condor/execute/dir_26793
PERL_MM_OPT=INSTALL_BASE=/afs/crc.nd.edu/user/n/nkremerh/.perl5/
_CONDOR_ANCESTOR_26793=26851:1600190003:4205143622
GLOBUS_GSSAPI_SERVER_CIPHER_ORDER=true
BASH_FUNC_module()=() {  unset _mlshdbg;
 if [ "${MODULES_SILENT_SHELL_DEBUG:-0}" = '1' ]; then
 case "$-" in 
 *v*x*)
 set +vx;
 _mlshdbg='vx'
 ;;
 *v*)
 set +v;
 _mlshdbg='v'
 ;;
 *x*)
 set +x;
 _mlshdbg='x'
 ;;
 *)
 _mlshdbg=''
 ;;
 esac;
 fi;
 unset _mlre _mlIFS;
 if [ -n "${IFS+x}" ]; then
 _mlIFS=$IFS;
 fi;
 IFS=' ';
 for _mlv in ${MODULES_RUN_QUARANTINE:-};
 do
 if [ "${_mlv}" = "${_mlv##*[!A-Za-z0-9_]}" -a "${_mlv}" = "${_mlv#[0-9]}" ]; then
 if [ -n "`eval 'echo ${'$_mlv'+x}'`" ]; then
 _mlre="${_mlre:-}${_mlv}_modquar='`eval 'echo ${'$_mlv'}'`' ";
 fi;
 _mlrv="MODULES_RUNENV_${_mlv}";
 _mlre="${_mlre:-}${_mlv}='`eval 'echo ${'$_mlrv':-}'`' ";
 fi;
 done;
 if [ -n "${_mlre:-}" ]; then
 eval `eval ${_mlre}/usr/bin/tclsh /afs/crc.nd.edu/x86_64_linux/Modules/4.5.0/libexec/modulecmd.tcl bash '"$@"'`;
 else
 eval `/usr/bin/tclsh /afs/crc.nd.edu/x86_64_linux/Modules/4.5.0/libexec/modulecmd.tcl bash "$@"`;
 fi;
 _mlstatus=$?;
 if [ -n "${_mlIFS+x}" ]; then
 IFS=$_mlIFS;
 else
 unset IFS;
 fi;
 unset _mlre _mlv _mlrv _mlIFS;
 if [ -n "${_mlshdbg:-}" ]; then
 set -$_mlshdbg;
 fi;
 unset _mlshdbg;
 return $_mlstatus
}
BASH_FUNC_ml()=() {  module ml "$@"
}
_=/usr/bin/printenv
