22176   0.000000 libjli.so->getenv("_JAVA_LAUNCHER_DEBUG") = nil
22176   0.001783 libjli.so->getenv("_JAVA_VERSION_SET") = nil
22176   0.000759 libjli.so->fopen("/usr/lib/jvm/java-1.8.0-openjdk-1.8.0.262.b10-0.el7_8.x86_64/jre/lib/amd64/jvm.cfg", "r") = 0x5645053380f0
22176   0.000882 libjli.so->getenv("JDK_ALTERNATE_VM") = nil
22176   0.000391 libjli.so->__xstat(1, "/usr/lib/jvm/java-1.8.0-openjdk-1.8.0.262.b10-0.el7_8.x86_64/jre/lib/amd64/server/libjvm.so", 0x7fffaa9d4b30) = 0
22176   0.000630 libjli.so->getenv("LD_LIBRARY_PATH") = "/afs/crc.nd.edu/group/ccl/software/x86_64/redhat7/ruby/current/lib:/afs/crc.nd.edu/group/ccl/software/x86_64/redhat7/graphviz/current/lib:/afs/crc.nd.edu/group/ccl/software/x86_64/redhat7/git/current/lib:/afs/crc.nd.edu/group/ccl/software/x86_64/redhat7/condor/current/lib:/afs/crc.nd.edu/group/ccl/software/x86_64/redhat7/clang/current/lib:/afs/crc.nd.edu/group/ccl/software/x86_64/redhat7/condor/current/lib:/afs/crc.nd.edu/group/ccl/software/x86_64/redhat7/cctools/current/lib:/opt/crc/usr/local/lib"
22176   0.002105 libjli.so->dlopen("/usr/lib/jvm/java-1.8.0-openjdk-1.8.0.262.b10-0.el7_8.x86_64/jre/lib/amd64/server/libjvm.so", 258 <unfinished ...>
22176   0.038327 libjvm.so->getenv("NMT_LEVEL_22176") = nil
22176   0.001640 <... dlopen resumed> )          = 0x5645053384c0
22176   0.000098 libjli.so->getenv("CLASSPATH")  = nil
22176   0.000344 libjli.so->getenv("_JAVA_SPLASH_JAR") = nil
22176   0.000348 libjli.so->getenv("_JAVA_SPLASH_FILE") = nil
22176   0.000336 libjli.so->pthread_attr_setdetachstate(0x7fffaa9d4ae0, 0, 0x7fffaa9d4b70, 0) = 0
22176   0.000425 libpthread.so.0->__clone(0x2ba3f796cde0, 0x2ba3f787ffc0, 0x3d0f00, 0x2ba3f7880700) = 0x56a4
22180   0.001298 libjvm.so->dlopen(0x2ba3f914b9ae, 1, 0xfffffffffff42c48, 4096) = 0x2ba3fc000990
22180   0.002367 libjvm.so->getenv(0x2ba3f916683e, 0, 115, 0x65737361) = 0x7fffaa9db710
22180   0.000465 libjvm.so->fopen(0x2ba3f787ec10, 0x2ba3f9102ccb, 0x6f732e79666972, 0x2ba3f8244ab0) = 0x2ba3fc001440
22180   0.001437 libjvm.so->dlopen(0x2ba3f787ec10, 1, 0xffffffff, 0x2ba3fc002b00) = 0x2ba3fc001440
22180   0.001478 libjvm.so->fopen(0x2ba3f787ec10, 0x2ba3f9102ccb, 111, 0x732e6176) = 0x2ba3fc001b10
22180   0.001653 libjvm.so->dlopen(0x2ba3f787ec10, 1, 0xffffffff, 0x2ba3fc001a00) = 0x2ba3fc001b10
22180   0.001498 libjvm.so->__xstat(1, 0x2ba3f787f360, 0x2ba3f787fba0, 0x746f7073746f682e) = -1
22180   0.000478 libjvm.so->getenv(0x2ba3f90fb541, 0x2ba3f787f6d0, 1024, 0x2ba3f95b561b) = 0
22180   0.000460 libjvm.so->getenv(0x2ba3f90fb533, 0x2ba3f787f6d0, 1024, 0) = 0
22180   0.000424 libjvm.so->fopen(0x2ba3f914b315, 0x2ba3f9102ccb, 4095, 0xffffd45c06f04b03) = 0x2ba3fc0032d0
22180   0.001040 libjvm.so->fopen(0x2ba3f914b361, 0x2ba3f9102ccb, 0x2ba3fc000078, 0x2ba3fc0032c0) = 0x2ba3fc0032d0
22180   0.000727 libjvm.so->fopen(0x2ba3f78799b0, 0x2ba3f9102ccb, 4014, 3995) = 0x2ba3fc0032d0
22180   0.000800 libjvm.so->opendir(0x2ba3fc002b40, 0x2ba3fc002b40, 13, 16) = 0
22180   0.000458 libjvm.so->__xstat(1, 0x2ba3f787e8f0, 0x2ba3f787d860, 0x6f732e7477616d62) = -1
22180   0.000428 libjvm.so->__xstat(1, 0x2ba3f787e8f0, 0x2ba3f787d860, 0x5f74776162696c2f) = 0
22180   0.000478 libjvm.so->fopen(0x2ba3f787db90, 0x2ba3f9102ccb, 4009, 3994) = 0x2ba3fc0037b0
22180   0.000636 libjvm.so->fopen(0x2ba3f787db90, 0x2ba3f9102ccb, 4009, 3994) = 0x2ba3fc0037b0
22180   0.000425 libjvm.so->fopen(0x2ba3f787db90, 0x2ba3f9102ccb, 4009, 4002) = 0x2ba3fc0037b0
22180   0.000447 libjvm.so->fopen(0x2ba3f787db20, 0x2ba3f9102ccb, 4009, 3994) = 0x2ba3fc0037b0
22180   0.000394 libjvm.so->fopen(0x2ba3f787db20, 0x2ba3f9102ccb, 4009, 3994) = 0x2ba3fc0037b0
22180   0.000434 libjvm.so->fopen(0x2ba3f787db20, 0x2ba3f9102ccb, 4009, 4002) = 0x2ba3fc0037b0
22180   0.000435 libjvm.so->fopen(0x2ba3f787db50, 0x2ba3f9102ccb, 4014, 3995) = 0x2ba3fc0037b0
22180   0.000537 libjvm.so->getenv(0x2ba3f914c0ff, 4096, 3, -1) = 0
22180   0.000619 libjvm.so->fopen(0x2ba3f914b998, 0x2ba3f9102ccb, 0x2ba3f7963908, 0x2ba3f7962df0) = 0x2ba3fc0037b0
22180   0.003806 libjvm.so->open(0x2ba3fc04a5a0, 0x20000, 0, 0x2ba3fc04a5e9) = 3
22180   0.000463 libjvm.so->__fxstat(1, 3, 0x2ba3f787fa00, -1) = 0
22180   0.000501 libjvm.so->opendir(0x2ba3fc04a5a0, 0x2ba3f787fa00, 0x4000, -1) = 0x2ba3fc04b4b0
22180   0.000481 libjvm.so->__fxstat(1, 3, 0x2ba3f787f8a0, 0x2ba3fc04b4b0) = 0
22180   0.000428 libjvm.so->__fxstat(1, 5, 0x2ba3f787f930, -1) = 0
22180   0.000469 libjvm.so->open(0x2ba3f91199dc, 0, 0, 0) = 3
22180   0.000662 libjvm.so->__lxstat(1, 0x2ba3fc04a5a0, 0x2ba3f787fb50, -144) = 0
22180   0.000464 libjvm.so->open(0x2ba3fc04a5a0, 0x20000, 0x4000, -1) = 3
22180   0.000303 libjvm.so->__fxstat(1, 3, 0x2ba3f787fa00, -1) = 0
22180   0.000296 libjvm.so->opendir(0x2ba3fc04a5a0, 0x2ba3f787fa00, 0x4000, -1) = 0x2ba3fc04b4b0
22180   0.000290 libjvm.so->__fxstat(1, 3, 0x2ba3f787f8a0, 0x2ba3fc04b4b0) = 0
22180   0.000279 libjvm.so->__fxstat(1, 5, 0x2ba3f787f930, -1) = 0
22180   0.000295 libjvm.so->open(0x2ba3f91199dc, 0, 0, 0) = 3
22180   0.000295 libjvm.so->open(0x2ba3fc04a5e9, 0x20042, 384, -1) = 7
22180   0.000427 libjvm.so->__fxstat(1, 7, 0x2ba3f787fb50, -1) = 0
22180   0.001131 libjvm.so->fopen(0x2ba3f787eb60, 0x2ba3f9102ccb, 4, 0x6f732e70) = 0x2ba3fc057c00
22180   0.000983 libjvm.so->dlopen(0x2ba3f787eb60, 1, 0xffffffff, 0x2ba3fc057b00) = 0x2ba3fc057c00
22180   0.001014 libjvm.so->__xstat(1, 0x2ba3f787f120, 0x2ba3f787f950, 2048) = 0
22180   0.000289 libjvm.so->__xstat(1, 0x2ba3f787f120, 0x2ba3f787f950, 2048) = 0
22180   0.000289 libjvm.so->__xstat(1, 0x2ba3f787f120, 0x2ba3f787f950, 2048) = -1
22180   0.000392 libjvm.so->__xstat(1, 0x2ba3f787f120, 0x2ba3f787f950, 2048) = 0
22180   0.000440 libjvm.so->__xstat(1, 0x2ba3f787f120, 0x2ba3f787f950, 2048) = 0
22180   0.000494 libjvm.so->__xstat(1, 0x2ba3f787f120, 0x2ba3f787f950, 2048) = 0
22180   0.000425 libjvm.so->__xstat(1, 0x2ba3f787f120, 0x2ba3f787f950, 2048) = 0
22180   0.000562 libjvm.so->__xstat(1, 0x2ba3f787f120, 0x2ba3f787f950, 2048) = -1
22180   0.000393 libjvm.so->fopen(0x2ba3fc002520, 0x2ba3f9102ccb, 0, 0) = 0x2ba3fc058aa0
22180   0.007718 libjvm.so->open64(0x2ba3f787e410, 0, 0, 16) = 3
22180   0.000354 libjvm.so->__fxstat64(1, 3, 0x2ba3f787e240, -1) = 0
22180   0.026221 libjvm.so->__xstat(1, 0x2ba3f787ef20, 0x2ba3f787f750, 2048) = -1
22180   0.000443 libjvm.so->fopen(0x2ba3f787db20, 0x2ba3f9102ccb, 4009, 3994) = 0x2ba3fc0b1fb0
22180   0.000450 libjvm.so->fopen(0x2ba3f787db20, 0x2ba3f9102ccb, 4009, 3994) = 0x2ba3fc0b1fb0
22180   0.000407 libjvm.so->fopen(0x2ba3f787db20, 0x2ba3f9102ccb, 4009, 4002) = 0x2ba3fc0b1fb0
22180   0.002981 libjvm.so->pthread_attr_setdetachstate(0x2ba3f787fc00, 1, 0, 0) = 0
22180   0.000464 libpthread.so.0->__clone(0x2ba3f796cde0, 0x2ba3fbf85fc0, 0x3d0f00, 0x2ba3fbf86700) = 0x56a8
22180   0.013561 libjvm.so->pthread_attr_setdetachstate(0x2ba3f787f290, 1, 0, 0) = 0
22180   0.000674 libpthread.so.0->__clone(0x2ba3f796cde0, 0x2ba41036afc0, 0x3d0f00, 0x2ba41036b700) = 0x56a9
22180   0.006751 libjvm.so->pthread_attr_setdetachstate(0x2ba3f787f610, 1, 0, 0) = 0
22180   0.000837 libpthread.so.0->__clone(0x2ba3f796cde0, 0x2ba41046bfc0, 0x3d0f00, 0x2ba41046c700) = 0x56aa
22180   0.035099 libjvm.so->fopen(0x2ba3fc0f17f0, 0x2ba3f9102ccb, 4, 0x6f732e70) = 0x2ba3fc0f1cf0
22180   0.002095 libjvm.so->dlopen(0x2ba3fc0f17f0, 1, 0xffffffff, 0x2ba3fc0e8c00) = 0x2ba3fc057c00
22180   0.004590 libjvm.so->open64(0x2ba3f787e510, 0, 0, 16) = 5
22180   0.000655 libjvm.so->__fxstat64(1, 5, 0x2ba3f787e340, -1) = 0
22180   0.020163 libjvm.so->fopen(0x2ba3f787b130, 0x2ba3f9102ccb, 4009, 3994) = 0x2ba3fc0fccc0
22180   0.002245 libjvm.so->fopen(0x2ba3f787b130, 0x2ba3f9102ccb, 4009, 3994) = 0x2ba3fc0fccc0
22180   0.001488 libjvm.so->fopen(0x2ba3f787b130, 0x2ba3f9102ccb, 4009, 4002) = 0x2ba3fc0fccc0
22180   0.018641 libjvm.so->pthread_attr_setdetachstate(0x2ba3f787fb50, 1, 0, 0) = 0
22180   0.001463 libpthread.so.0->__clone(0x2ba3f796cde0, 0x2ba41056cfc0, 0x3d0f00, 0x2ba41056d700) = 0x56ab
22180   0.001760 libjvm.so->__xstat64(1, 0x2ba3f787fbe0, 0x2ba3f787fb50, 19) = -1
22180   0.001526 libjvm.so->pthread_attr_setdetachstate(0x2ba3f787f950, 1, 0, 0) = 0
22180   0.002272 libpthread.so.0->__clone(0x2ba3f796cde0, 0x2ba41066dfc0, 0x3d0f00, 0x2ba41066e700) = 0x56ac
22180   0.002510 libjvm.so->pthread_attr_setdetachstate(0x2ba3f787f950, 1, 0, 0) = 0
22180   0.001332 libpthread.so.0->__clone(0x2ba3f796cde0, 0x2ba41076efc0, 0x3d0f00, 0x2ba41076f700) = 0x56ad
22180   0.015220 libjvm.so->pthread_attr_setdetachstate(0x2ba3f787faa0, 1, 0, 0) = 0
22180   0.001582 libpthread.so.0->__clone(0x2ba3f796cde0, 0x2ba41086ffc0, 0x3d0f00, 0x2ba410870700) = 0x56ae
22180   0.002207 libjvm.so->pthread_attr_setdetachstate(0x2ba3f787fbb0, 1, 0, 0) = 0
22180   0.002578 libpthread.so.0->__clone(0x2ba3f796cde0, 0x2ba410970fc0, 0x3d0f00, 0x2ba410971700) = 0x56af
22180   0.015831 libjvm.so->open64(0x2ba3fc1268d0, 0, 0, 16) = 7
22180   0.001820 libjvm.so->__fxstat64(1, 7, 0x2ba3f787cf60, -1) = 0
22180   0.025986 libjvm.so->fopen(0x2ba3fc14c700, 0x2ba3f9102ccb, 4, 0x6f732e6f) = 0x2ba3fc14c7c0
22180   0.003512 libjvm.so->dlopen(0x2ba3fc14c700, 1, 0xffffffff, 0x2ba3fc14c700) = 0x2ba3fc14c7c0
22180   0.135172 libjvm.so->fopen(0x2ba3fc194bf0, 0x2ba3f9102ccb, 4, 0x6f732e74) = 0x2ba3fc1927f0
22180   0.003633 libjvm.so->dlopen(0x2ba3fc194bf0, 1, 0xffffffff, 0x2ba3fc195500) = 0x2ba3fc1a7bc0
22180   0.060531 libjvm.so->fopen(0x2ba3f78780b0, 0x2ba3f9102ccb, 0x6f732e, 0x6d766a62696c2f72) = 0x2ba3fc1ba0f0
22180   0.007363 libjvm.so->dlopen(0x2ba3f78780b0, 1, 0xffffffff, 0x2ba3fc1afd00) = 0x5645053384c0
22180   0.001793 libjvm.so->fopen(0x2ba3f78780b0, 0x2ba3f9102ccb, 0x6f732e, 0x6d766a62696c2f72) = 0x2ba3fc1ba4f0
22180   0.006055 libjvm.so->dlopen(0x2ba3f78780b0, 1, 0xffffffff, 0x2ba3fc1ba300) = 0x5645053384c0
22180   0.001671 libjvm.so->fopen(0x2ba3f78780b0, 0x2ba3f9102ccb, 0x6f732e, 0x6d766a62696c2f72) = 0x2ba3fc1ba410
22180   0.004021 libjvm.so->dlopen(0x2ba3f78780b0, 1, 0xffffffff, 0x2ba3fc1ba300) = 0x5645053384c0
22180   0.001688 libjvm.so->fopen(0x2ba3f78780b0, 0x2ba3f9102ccb, 0x6f732e, 0x6d766a62696c2f72) = 0x2ba3fc1ba410
22180   0.004398 libjvm.so->dlopen(0x2ba3f78780b0, 1, 0xffffffff, 0x2ba3fc1ba300) = 0x5645053384c0
22180   0.080663 libjvm.so->fopen(0x2ba3fc20d520, 0x2ba3f9102ccb, 0x6f732e7373656c, 0x656c646165685f74) = 0x2ba3fc210f70
22180   0.003133 libjvm.so->dlopen(0x2ba3fc20d520, 1, 0xffffffff, 0x2ba3fc210e00) = 0x2ba3fc210f70
22188   0.505112 --- SIGSEGV (Segmentation fault) ---
22180   0.000263 --- SIGSEGV (Segmentation fault) ---
22180   3.154576 --- SIGSEGV (Segmentation fault) ---
22191   7.393896 +++ exited (status 0) +++
22184   0.000447 +++ exited (status 0) +++
22180   0.000257 +++ exited (status 0) +++
22188   0.000322 +++ exited (status 0) +++
22190   0.000033 +++ exited (status 0) +++
22187   0.000012 +++ exited (status 0) +++
22186   0.000012 +++ exited (status 0) +++
22185   0.000010 +++ exited (status 0) +++
22189   0.013641 +++ exited (status 0) +++
22176   0.000075 +++ exited (status 0) +++
Wrote an ltrace for command: "java -cp ./tools/maxent.jar density.MaxEnt -s outputs/Gryllacris_magnifica_Brunner_von_Wattenwyl.csv -e data/layers/worldclim -o outputs/Gryllacris_magnifica_Brunner_von_Wattenwyl nowarnings nocache autorun -z" with PID 22174 from PPID 22155 on disc25.crc.nd.edu with result 0
REMOTEHOST=10.17.148.247
MANPATH=/afs/crc.nd.edu/user/n/nkremerh/cctools/share/man/:/afs/crc.nd.edu/group/ccl/software/x86_64/redhat7/ruby/current/share/man:/afs/crc.nd.edu/group/ccl/software/x86_64/redhat7/graphviz/current/share/man:/afs/crc.nd.edu/group/ccl/software/x86_64/redhat7/gnuplot/current/share/man:/afs/crc.nd.edu/group/ccl/software/x86_64/redhat7/git/current/share/man:/afs/crc.nd.edu/group/ccl/software/x86_64/redhat7/condor/current/share/man:/afs/crc.nd.edu/group/ccl/software/x86_64/redhat7/clang/current/share/man:/afs/crc.nd.edu/group/ccl/software/x86_64/redhat7/condor/current/share/man:/afs/crc.nd.edu/group/ccl/software/x86_64/redhat7/cctools/current/share/man:/afs/crc.nd.edu/group/ccl/software/x86_64/redhat7/cctools/current/share/man:/afs/crc.nd.edu/x86_64_linux/Modules/4.5.0/share/man:/opt/crc/usr/local/man:/opt/sge/man:/usr/share/man/overrides:/usr/share/man:/usr/local/share/man
_CONDOR_JOB_PIDS=
XDG_SESSION_ID=2686
HOSTNAME=disc01.crc.nd.edu
_CONDOR_ANCESTOR_3764=17355:1599499132:1712875698
_LMFILES__modshare=/afs/crc.nd.edu/x86_64_linux/Modules/modules/system_modules/CRC_default/1.1:1
MODULEPATH_modshare=/afs/crc.nd.edu/x86_64_linux/Modules/modules/general_software:1:/afs/crc.nd.edu/x86_64_linux/Modules/modules/development_tools_and_libraries:1:/afs/crc.nd.edu/x86_64_linux/Modules/modules/system_modules:1:/afs/crc.nd.edu/x86_64_linux/Modules/current/modulefiles:1:/afs/crc.nd.edu/x86_64_linux/Modules/modules/restricted_software:1:/afs/crc.nd.edu/x86_64_linux/Modules/modules/deprecated_software:1
TERM=xterm-256color
SHELL=/bin/tcsh
HOST=disc01.crc.nd.edu
MODULES_CMD=/afs/crc.nd.edu/x86_64_linux/Modules/4.5.0/libexec/modulecmd.tcl
HISTSIZE=5000
MAKEFLAGS=
SSH_CLIENT=10.17.148.247 49750 22
TMPDIR=/var/condor/execute/dir_17355/worker-213124-17447/t.743/cctools-temp-t.743.csdnV4
_CONDOR_ANCESTOR_17355=17406:1599499133:3913351272
PERL5LIB=/afs/crc.nd.edu/user/n/nkremerh/cctools/lib/perl5/site_perl/5.16.3:/afs/crc.nd.edu/user/n/nkremerh/.perl5/lib/perl5
SGE_CELL=crc
_CONDOR_SCRATCH_DIR=/var/condor/execute/dir_17355
PERL_MB_OPT=--install_base '/afs/crc.nd.edu/user/n/nkremerh/.perl5/'
SSH_TTY=/dev/pts/0
SGE_LOAD_AVG=load_avg
MAKEFLOW_MAX_LOCAL_JOBS=2
GROUP=campus
USER=nkremerh
_CHIRP_DELAYED_UPDATE_PREFIX=Chirp*
HISTFILESIZE=10000
TEMP=/var/condor/execute/dir_17355/worker-213124-17447/t.743/cctools-temp-t.743.csdnV4
LD_LIBRARY_PATH=/afs/crc.nd.edu/group/ccl/software/x86_64/redhat7/ruby/current/lib:/afs/crc.nd.edu/group/ccl/software/x86_64/redhat7/graphviz/current/lib:/afs/crc.nd.edu/group/ccl/software/x86_64/redhat7/git/current/lib:/afs/crc.nd.edu/group/ccl/software/x86_64/redhat7/condor/current/lib:/afs/crc.nd.edu/group/ccl/software/x86_64/redhat7/clang/current/lib:/afs/crc.nd.edu/group/ccl/software/x86_64/redhat7/condor/current/lib:/afs/crc.nd.edu/group/ccl/software/x86_64/redhat7/cctools/current/lib:/opt/crc/usr/local/lib
BATCH_SYSTEM=HTCondor
MODULES_LMALTNAME=CRC_default/1.1&CRC_default/default&CRC_default
ENV=/afs/crc.nd.edu/x86_64_linux/Modules/4.5.0/init/profile.sh
WORKER_TMPDIR=/var/condor/execute/dir_17355/worker-213124-17447/cache/tmp
HOSTTYPE=x86_64-linux
_CONDOR_HIGHPORT=9999
GLOBUS_GSSAPI_MAX_TLS_PROTOCOL=0
_CONDOR_CHIRP_CONFIG=/var/condor/execute/dir_17355/.chirp.config
MAKELEVEL=1
MFLAGS=
MAIL=/var/spool/mail/nkremerh
PATH=/afs/crc.nd.edu/user/n/nkremerh/cctools/bin:/afs/crc.nd.edu/user/n/nkremerh/miniconda/bin:/afs/crc.nd.edu/group/ccl/software/git:/afs/crc.nd.edu/user/n/nkremerh/.local/bin:/afs/crc.nd.edu/group/ccl/software/x86_64/redhat7/povray/3.7/bin:/afs/crc.nd.edu/user/n/nkremerh/.perl5/bin:/afs/crc.nd.edu/user/n/nkremerh/pegasus/bin:/afs/crc.nd.edu/user/n/nkremerh/nodejs/bin:/afs/crc.nd.edu/user/n/nkremerh/montage/bin:/afs/crc.nd.edu/user/n/nkremerh/latexdiff:/afs/crc.nd.edu/user/n/nkremerh/envtrace:/afs/crc.nd.edu/user/n/nkremerh/endlines:/afs/crc.nd.edu/user/n/nkremerh/cctools/bin:/afs/crc.nd.edu/user/n/nkremerh/.cargo/bin:/afs/crc.nd.edu/group/ccl/software/x86_64/redhat7/ruby/current/bin:/afs/crc.nd.edu/group/ccl/software/x86_64/redhat7/graphviz/current/bin:/afs/crc.nd.edu/group/ccl/software/x86_64/redhat7/gnuplot/current/bin:/afs/crc.nd.edu/group/ccl/software/x86_64/redhat7/git/current/bin:/afs/crc.nd.edu/group/ccl/software/x86_64/redhat7/condor/current/sbin:/afs/crc.nd.edu/group/ccl/software/x86_64/redhat7/condor/current/bin:/afs/crc.nd.edu/group/ccl/software/x86_64/redhat7/cmake/current/bin:/afs/crc.nd.edu/group/ccl/software/x86_64/redhat7/clang/current/bin:/afs/crc.nd.edu/group/ccl/software/x86_64/redhat7/condor/current/sbin:/afs/crc.nd.edu/group/ccl/software/x86_64/redhat7/condor/current/bin:/afs/crc.nd.edu/group/ccl/software/x86_64/redhat7/cctools/current/bin:/afs/crc.nd.edu/x86_64_linux/Modules/4.5.0/bin:/opt/crc/usr/local/bin:/opt/sge/bin/lx-amd64:/usr/local/bin:/usr/bin:/usr/local/sbin:/usr/sbin:/afs/crc.nd.edu/user/c/condor/software/bin:/afs/crc.nd.edu/user/c/condor/software/sbin
CCLSOFTWARE=/afs/crc.nd.edu/group/ccl/software/x86_64/redhat7
PWD=/var/condor/execute/dir_17355/worker-213124-17447/t.743
_LMFILES_=/afs/crc.nd.edu/x86_64_linux/Modules/modules/system_modules/CRC_default/1.1
EDITOR=vim
SGE_EXECD_PORT=6445
LANG=en_US.UTF-8
SGE_QMASTER_PORT=6444
MODULEPATH=/afs/crc.nd.edu/x86_64_linux/Modules/modules/development_tools_and_libraries:/afs/crc.nd.edu/x86_64_linux/Modules/modules/general_software:/afs/crc.nd.edu/x86_64_linux/Modules/modules/restricted_software:/afs/crc.nd.edu/x86_64_linux/Modules/modules/system_modules:/afs/crc.nd.edu/x86_64_linux/Modules/modules/deprecated_software:/afs/crc.nd.edu/x86_64_linux/Modules/current/modulefiles
LOADEDMODULES=CRC_default/1.1
SGE_ROOT=/opt/sge
CCLPLATFORM=x86_64/redhat7
_CONDOR_SLOT=slot2_2
WORK_QUEUE_SANDBOX=/var/condor/execute/dir_17355/worker-213124-17447
USE_SYSTEMD=true
_CONDOR_LOWPORT=9100
_CONDOR_ANCESTOR_3611=3764:1598184024:3503519607
HISTCONTROL=ignoreboth:erasedups
KRB5CCNAME=FILE:/tmp/krb5cc_213124_dlYXoi
GLOBUS_GSSAPI_NAME_COMPATIBILITY=STRICT_RFC2818
HOME=disc01.crc.nd.edu
SHLVL=6
PATH_modshare=/opt/crc/usr/local/bin:1:/opt/sge/bin/lx-amd64:1:/usr/sbin:1:/usr/bin:1:/afs/crc.nd.edu/user/c/condor/software/sbin:1:/usr/local/sbin:1:/afs/crc.nd.edu/user/c/condor/software/bin:1:/usr/local/bin:1
OSTYPE=linux
_CONDOR_MACHINE_AD=/var/condor/execute/dir_17355/.machine.ad
GREP_OPTIONS=--color=auto
DISK=18234
GLOBUS_GSSAPI_MIN_TLS_PROTOCOL=TLS1_VERSION
MANPATH_modshare=/usr/share/man/overrides:1:/usr/local/share/man:1:/usr/share/man:1:/opt/crc/usr/local/man:1:/opt/sge/man:1
MEMORY=1948
PERL_LOCAL_LIB_ROOT=/afs/crc.nd.edu/user/n/nkremerh/.perl5/
BASH_ENV=/afs/crc.nd.edu/x86_64_linux/Modules/4.5.0/init/bash
VENDOR=unknown
TMP=/var/condor/execute/dir_17355/worker-213124-17447/t.743/cctools-temp-t.743.csdnV4
LOGNAME=nkremerh
MACHTYPE=x86_64
CCLHOME=/afs/crc.nd.edu/group/ccl
PYTHONPATH=/afs/crc.nd.edu/user/n/nkremerh/cctools/lib/python3.6/site-packages/
LD_LIBRARY_PATH_modshare=/opt/crc/usr/local/lib:1
SSH_CONNECTION=10.17.148.247 49750 129.74.128.103 22
MODULES_LMALTNAME_modshare=CRC_default/1.1&CRC_default/default&CRC_default:1
MODULESHOME=/afs/crc.nd.edu/x86_64_linux/Modules/4.5.0
GLOBUS_GSSAPI_CIPHERS=HIGH
GLOBUS_GSSAPI_BACKWARD_COMPATIBLE_MIC=true
LESSOPEN=||/usr/bin/lesspipe.sh %s
OMP_NUM_THREADS=1
_CONDOR_JOB_AD=/var/condor/execute/dir_17355/.job.ad
LOADEDMODULES_modshare=CRC_default/1.1:1
XDG_RUNTIME_DIR=/run/user/213124
SGE_CLUSTER_NAME=CRC
CCTOOLS=../cctools
CORES=2
_CONDOR_JOB_IWD=/var/condor/execute/dir_17355
PERL_MM_OPT=INSTALL_BASE=/afs/crc.nd.edu/user/n/nkremerh/.perl5/
GLOBUS_GSSAPI_SERVER_CIPHER_ORDER=true
BASH_FUNC_module()=() {  unset _mlshdbg;
 if [ "${MODULES_SILENT_SHELL_DEBUG:-0}" = '1' ]; then
 case "$-" in 
 *v*x*)
 set +vx;
 _mlshdbg='vx'
 ;;
 *v*)
 set +v;
 _mlshdbg='v'
 ;;
 *x*)
 set +x;
 _mlshdbg='x'
 ;;
 *)
 _mlshdbg=''
 ;;
 esac;
 fi;
 unset _mlre _mlIFS;
 if [ -n "${IFS+x}" ]; then
 _mlIFS=$IFS;
 fi;
 IFS=' ';
 for _mlv in ${MODULES_RUN_QUARANTINE:-};
 do
 if [ "${_mlv}" = "${_mlv##*[!A-Za-z0-9_]}" -a "${_mlv}" = "${_mlv#[0-9]}" ]; then
 if [ -n "`eval 'echo ${'$_mlv'+x}'`" ]; then
 _mlre="${_mlre:-}${_mlv}_modquar='`eval 'echo ${'$_mlv'}'`' ";
 fi;
 _mlrv="MODULES_RUNENV_${_mlv}";
 _mlre="${_mlre:-}${_mlv}='`eval 'echo ${'$_mlrv':-}'`' ";
 fi;
 done;
 if [ -n "${_mlre:-}" ]; then
 eval `eval ${_mlre}/usr/bin/tclsh /afs/crc.nd.edu/x86_64_linux/Modules/4.5.0/libexec/modulecmd.tcl bash '"$@"'`;
 else
 eval `/usr/bin/tclsh /afs/crc.nd.edu/x86_64_linux/Modules/4.5.0/libexec/modulecmd.tcl bash "$@"`;
 fi;
 _mlstatus=$?;
 if [ -n "${_mlIFS+x}" ]; then
 IFS=$_mlIFS;
 else
 unset IFS;
 fi;
 unset _mlre _mlv _mlrv _mlIFS;
 if [ -n "${_mlshdbg:-}" ]; then
 set -$_mlshdbg;
 fi;
 unset _mlshdbg;
 return $_mlstatus
}
BASH_FUNC_ml()=() {  module ml "$@"
}
_=/usr/bin/printenv
