18694   0.000000 libjli.so->getenv("_JAVA_LAUNCHER_DEBUG") = nil
18694   0.001143 libjli.so->getenv("_JAVA_VERSION_SET") = nil
18694   0.000442 libjli.so->fopen("/usr/lib/jvm/java-1.8.0-openjdk-1.8.0.262.b10-0.el7_8.x86_64/jre/lib/amd64/jvm.cfg", "r") = 0x5611cd9230e0
18694   0.000532 libjli.so->getenv("JDK_ALTERNATE_VM") = nil
18694   0.000201 libjli.so->__xstat(1, "/usr/lib/jvm/java-1.8.0-openjdk-1.8.0.262.b10-0.el7_8.x86_64/jre/lib/amd64/server/libjvm.so", 0x7ffd47aea490) = 0
18694   0.000388 libjli.so->getenv("LD_LIBRARY_PATH") = "/afs/crc.nd.edu/group/ccl/software/x86_64/redhat7/ruby/current/lib:/afs/crc.nd.edu/group/ccl/software/x86_64/redhat7/graphviz/current/lib:/afs/crc.nd.edu/group/ccl/software/x86_64/redhat7/git/current/lib:/afs/crc.nd.edu/group/ccl/software/x86_64/redhat7/condor/current/lib:/afs/crc.nd.edu/group/ccl/software/x86_64/redhat7/clang/current/lib:/afs/crc.nd.edu/group/ccl/software/x86_64/redhat7/condor/current/lib:/afs/crc.nd.edu/group/ccl/software/x86_64/redhat7/cctools/current/lib:/opt/crc/usr/local/lib"
18694   0.001379 libjli.so->dlopen("/usr/lib/jvm/java-1.8.0-openjdk-1.8.0.262.b10-0.el7_8.x86_64/jre/lib/amd64/server/libjvm.so", 258 <unfinished ...>
18694   0.024481 libjvm.so->getenv("NMT_LEVEL_18694") = nil
18694   0.001085 <... dlopen resumed> )          = 0x5611cd9234b0
18694   0.000047 libjli.so->getenv("CLASSPATH")  = nil
18694   0.000202 libjli.so->getenv("_JAVA_SPLASH_JAR") = nil
18694   0.000198 libjli.so->getenv("_JAVA_SPLASH_FILE") = nil
18694   0.000201 libjli.so->pthread_attr_setdetachstate(0x7ffd47aea440, 0, 0x7ffd47aea4d0, 0) = 0
18694   0.000287 libpthread.so.0->__clone(0x2b7130865de0, 0x2b7130778fc0, 0x3d0f00, 0x2b7130779700) = 0x4907
18695   0.001123 libjvm.so->dlopen(0x2b71320449ae, 1, 0xfffffffffff42c48, 4096) = 0x2b7134000990
18695   0.001609 libjvm.so->getenv(0x2b713205f83e, 0, 115, 0x65737361) = 0x7ffd47af0691
18695   0.000284 libjvm.so->fopen(0x2b7130777c10, 0x2b7131ffbccb, 0x6f732e79666972, 0x2b713113dab0) = 0x2b7134001440
18695   0.000890 libjvm.so->dlopen(0x2b7130777c10, 1, 0xffffffff, 0x2b7134002b00) = 0x2b7134001440
18695   0.000929 libjvm.so->fopen(0x2b7130777c10, 0x2b7131ffbccb, 111, 0x732e6176) = 0x2b7134001b10
18695   0.001000 libjvm.so->dlopen(0x2b7130777c10, 1, 0xffffffff, 0x2b7134001a00) = 0x2b7134001b10
18695   0.001003 libjvm.so->__xstat(1, 0x2b7130778360, 0x2b7130778ba0, 0x746f7073746f682e) = -1
18695   0.000319 libjvm.so->getenv(0x2b7131ff4541, 0x2b71307786d0, 1024, 0x2b71324ae61b) = 0
18695   0.000276 libjvm.so->getenv(0x2b7131ff4533, 0x2b71307786d0, 1024, 0) = 0
18695   0.000267 libjvm.so->fopen(0x2b7132044315, 0x2b7131ffbccb, 4095, 0xffffd48ece00bb03) = 0x2b71340032f0
18695   0.000715 libjvm.so->fopen(0x2b7132044361, 0x2b7131ffbccb, 0x2b7134000078, 0x2b71340032e0) = 0x2b71340032f0
18695   0.000469 libjvm.so->fopen(0x2b71307729b0, 0x2b7131ffbccb, 4016, 3997) = 0x2b71340032f0
18695   0.000434 libjvm.so->opendir(0x2b7134002b40, 0x2b7134002b40, 13, 16) = 0
18695   0.000288 libjvm.so->__xstat(1, 0x2b71307778f0, 0x2b7130776860, 0x6f732e7477616d62) = -1
18695   0.000279 libjvm.so->__xstat(1, 0x2b71307778f0, 0x2b7130776860, 0x5f74776162696c2f) = 0
18695   0.000332 libjvm.so->fopen(0x2b7130776b90, 0x2b7131ffbccb, 4011, 3996) = 0x2b71340037d0
18695   0.000411 libjvm.so->fopen(0x2b7130776b90, 0x2b7131ffbccb, 4011, 3996) = 0x2b71340037d0
18695   0.000406 libjvm.so->fopen(0x2b7130776b90, 0x2b7131ffbccb, 4011, 4004) = 0x2b71340037d0
18695   0.000431 libjvm.so->fopen(0x2b7130776b20, 0x2b7131ffbccb, 4011, 3996) = 0x2b71340037d0
18695   0.000398 libjvm.so->fopen(0x2b7130776b20, 0x2b7131ffbccb, 4011, 3996) = 0x2b71340037d0
18695   0.000429 libjvm.so->fopen(0x2b7130776b20, 0x2b7131ffbccb, 4011, 4004) = 0x2b71340037d0
18695   0.000424 libjvm.so->fopen(0x2b7130776b50, 0x2b7131ffbccb, 4016, 3997) = 0x2b71340037d0
18695   0.000530 libjvm.so->getenv(0x2b71320450ff, 4096, 3, -1) = 0
18695   0.000582 libjvm.so->fopen(0x2b7132044998, 0x2b7131ffbccb, 0x2b713085c908, 0x2b713085bdf0) = 0x2b71340037d0
18695   0.003099 libjvm.so->open(0x2b713404a5c0, 0x20000, 0, 0x2b713404a609) = 3
18695   0.000316 libjvm.so->__fxstat(1, 3, 0x2b7130778a00, -1) = 0
18695   0.000305 libjvm.so->opendir(0x2b713404a5c0, 0x2b7130778a00, 0x4000, -1) = 0x2b713404b4d0
18695   0.000314 libjvm.so->__fxstat(1, 3, 0x2b71307788a0, 0x2b713404b4d0) = 0
18695   0.000315 libjvm.so->__fxstat(1, 5, 0x2b7130778930, -1) = 0
18695   0.000316 libjvm.so->open(0x2b71320129dc, 0, 0, 0) = 3
18695   0.000421 libjvm.so->__lxstat(1, 0x2b713404a5c0, 0x2b7130778b50, -144) = 0
18695   0.000305 libjvm.so->open(0x2b713404a5c0, 0x20000, 0x4000, -1) = 3
18695   0.000271 libjvm.so->__fxstat(1, 3, 0x2b7130778a00, -1) = 0
18695   0.000304 libjvm.so->opendir(0x2b713404a5c0, 0x2b7130778a00, 0x4000, -1) = 0x2b713404b4d0
18695   0.000296 libjvm.so->__fxstat(1, 3, 0x2b71307788a0, 0x2b713404b4d0) = 0
18695   0.000317 libjvm.so->__fxstat(1, 5, 0x2b7130778930, -1) = 0
18695   0.000303 libjvm.so->open(0x2b71320129dc, 0, 0, 0) = 3
18695   0.000300 libjvm.so->open(0x2b713404a609, 0x20042, 384, -1) = 7
18695   0.000411 libjvm.so->__fxstat(1, 7, 0x2b7130778b50, -1) = 0
18695   0.001102 libjvm.so->fopen(0x2b7130777b60, 0x2b7131ffbccb, 4, 0x6f732e70) = 0x2b7134057c20
18695   0.000953 libjvm.so->dlopen(0x2b7130777b60, 1, 0xffffffff, 0x2b7134057b00) = 0x2b7134057c20
18695   0.000976 libjvm.so->__xstat(1, 0x2b7130778120, 0x2b7130778950, 2048) = 0
18695   0.000298 libjvm.so->__xstat(1, 0x2b7130778120, 0x2b7130778950, 2048) = 0
18695   0.000284 libjvm.so->__xstat(1, 0x2b7130778120, 0x2b7130778950, 2048) = -1
18695   0.000297 libjvm.so->__xstat(1, 0x2b7130778120, 0x2b7130778950, 2048) = 0
18695   0.000280 libjvm.so->__xstat(1, 0x2b7130778120, 0x2b7130778950, 2048) = 0
18695   0.000282 libjvm.so->__xstat(1, 0x2b7130778120, 0x2b7130778950, 2048) = 0
18695   0.000290 libjvm.so->__xstat(1, 0x2b7130778120, 0x2b7130778950, 2048) = 0
18695   0.000284 libjvm.so->__xstat(1, 0x2b7130778120, 0x2b7130778950, 2048) = -1
18695   0.000283 libjvm.so->fopen(0x2b7134002520, 0x2b7131ffbccb, 0, 0) = 0x2b7134058ac0
18695   0.006118 libjvm.so->open64(0x2b7130777410, 0, 0, 16) = 3
18695   0.000333 libjvm.so->__fxstat64(1, 3, 0x2b7130777240, -1) = 0
18695   0.023976 libjvm.so->__xstat(1, 0x2b7130777f20, 0x2b7130778750, 2048) = -1
18695   0.000403 libjvm.so->fopen(0x2b7130776b20, 0x2b7131ffbccb, 4011, 3996) = 0x2b71340b5d40
18695   0.000411 libjvm.so->fopen(0x2b7130776b20, 0x2b7131ffbccb, 4011, 3996) = 0x2b71340b5d40
18695   0.000392 libjvm.so->fopen(0x2b7130776b20, 0x2b7131ffbccb, 4011, 4004) = 0x2b71340b5d40
18695   0.003066 libjvm.so->pthread_attr_setdetachstate(0x2b7130778c00, 1, 0, 0) = 0
18695   0.000340 libpthread.so.0->__clone(0x2b7130865de0, 0x2b7133eddfc0, 0x3d0f00, 0x2b7133ede700) = 0x4908
18695   0.010239 libjvm.so->pthread_attr_setdetachstate(0x2b7130778290, 1, 0, 0) = 0
18695   0.000452 libpthread.so.0->__clone(0x2b7130865de0, 0x2b7133fdefc0, 0x3d0f00, 0x2b7133fdf700) = 0x4909
18695   0.004665 libjvm.so->pthread_attr_setdetachstate(0x2b7130778610, 1, 0, 0) = 0
18695   0.000495 libpthread.so.0->__clone(0x2b7130865de0, 0x2b714930bfc0, 0x3d0f00, 0x2b714930c700) = 0x490a
18695   0.027486 libjvm.so->fopen(0x2b71340f17f0, 0x2b7131ffbccb, 4, 0x6f732e70) = 0x2b71340f1cf0
18695   0.001371 libjvm.so->dlopen(0x2b71340f17f0, 1, 0xffffffff, 0x2b71340e8c00) = 0x2b7134057c20
18695   0.003508 libjvm.so->open64(0x2b7130777510, 0, 0, 16) = 5
18695   0.000615 libjvm.so->__fxstat64(1, 5, 0x2b7130777340, -1) = 0
18695   0.013169 libjvm.so->fopen(0x2b7130774130, 0x2b7131ffbccb, 4011, 3996) = 0x2b71340fccc0
18695   0.000801 libjvm.so->fopen(0x2b7130774130, 0x2b7131ffbccb, 4011, 3996) = 0x2b71340fccc0
18695   0.000718 libjvm.so->fopen(0x2b7130774130, 0x2b7131ffbccb, 4011, 4004) = 0x2b71340fccc0
18695   0.010367 libjvm.so->pthread_attr_setdetachstate(0x2b7130778b50, 1, 0, 0) = 0
18695   0.000645 libpthread.so.0->__clone(0x2b7130865de0, 0x2b714940cfc0, 0x3d0f00, 0x2b714940d700) = 0x490b
18695   0.001107 libjvm.so->__xstat64(1, 0x2b7130778be0, 0x2b7130778b50, 19) = -1
18695   0.000755 libjvm.so->pthread_attr_setdetachstate(0x2b7130778950, 1, 0, 0) = 0
18695   0.000663 libpthread.so.0->__clone(0x2b7130865de0, 0x2b714950dfc0, 0x3d0f00, 0x2b714950e700) = 0x490c
18695   0.001086 libjvm.so->pthread_attr_setdetachstate(0x2b7130778950, 1, 0, 0) = 0
18695   0.000819 libpthread.so.0->__clone(0x2b7130865de0, 0x2b714960efc0, 0x3d0f00, 0x2b714960f700) = 0x490d
18695   0.005474 libjvm.so->pthread_attr_setdetachstate(0x2b7130778aa0, 1, 0, 0) = 0
18695   0.000923 libpthread.so.0->__clone(0x2b7130865de0, 0x2b714970ffc0, 0x3d0f00, 0x2b7149710700) = 0x490e
18695   0.001626 libjvm.so->pthread_attr_setdetachstate(0x2b7130778bb0, 1, 0, 0) = 0
18695   0.001022 libpthread.so.0->__clone(0x2b7130865de0, 0x2b7149810fc0, 0x3d0f00, 0x2b7149811700) = 0x490f
18695   0.012494 libjvm.so->open64(0x2b7134128890, 0, 0, 16) = 7
18695   0.001192 libjvm.so->__fxstat64(1, 7, 0x2b7130775f60, -1) = 0
18695   0.020731 libjvm.so->fopen(0x2b7134154680, 0x2b7131ffbccb, 4, 0x6f732e6f) = 0x2b7134154740
18695   0.002590 libjvm.so->dlopen(0x2b7134154680, 1, 0xffffffff, 0x2b7134154600) = 0x2b7134154740
18695   0.076378 libjvm.so->fopen(0x2b7130772e40, 0x2b7131ffbccb, 0x6f732e, 0x6d766a62696c2f72) = 0x2b7134169ce0
18695   0.004401 libjvm.so->dlopen(0x2b7130772e40, 1, 0xffffffff, 0x2b7134169c00) = 0x5611cd9234b0
18695   0.001111 libjvm.so->fopen(0x2b7130772e40, 0x2b7131ffbccb, 0x6f732e, 0x6d766a62696c2f72) = 0x2b713416a150
18695   0.003191 libjvm.so->dlopen(0x2b7130772e40, 1, 0xffffffff, 0x2b7134169c00) = 0x5611cd9234b0
18695   0.001081 libjvm.so->fopen(0x2b7130772e40, 0x2b7131ffbccb, 0x6f732e, 0x6d766a62696c2f72) = 0x2b7134169d80
18695   0.002178 libjvm.so->dlopen(0x2b7130772e40, 1, 0xffffffff, 0x2b7134169c00) = 0x5611cd9234b0
18695   0.001079 libjvm.so->fopen(0x2b7130772e40, 0x2b7131ffbccb, 0x6f732e, 0x6d766a62696c2f72) = 0x2b7134169d80
18695   0.002291 libjvm.so->dlopen(0x2b7130772e40, 1, 0xffffffff, 0x2b7134169c00) = 0x5611cd9234b0
18695   0.038174 libjvm.so->fopen(0x2b71341ad660, 0x2b7131ffbccb, 4, 0x6f732e74) = 0x2b71341c5190
18695   0.002261 libjvm.so->dlopen(0x2b71341ad660, 1, 0xffffffff, 0x2b71341b7c00) = 0x2b71341c5190
18695   0.091269 libjvm.so->fopen(0x2b7134238390, 0x2b7131ffbccb, 0x6f732e7373656c, 0x656c646165685f74) = 0x2b7134238470
18695   0.002107 libjvm.so->dlopen(0x2b7134238390, 1, 0xffffffff, 0x2b7134238300) = 0x2b7134238470
18703   0.027691 +++ exited (status 0) +++
18699   0.000265 +++ exited (status 0) +++
18696   0.000205 +++ exited (status 0) +++
18695   0.000207 +++ exited (status 0) +++
18702   0.000292 +++ exited (status 1) +++
18701   0.000026 +++ exited (status 1) +++
18700   0.000011 +++ exited (status 1) +++
18697   0.000011 +++ exited (status 1) +++
18698   0.003598 +++ exited (status 1) +++
18694   0.000029 +++ exited (status 1) +++
Wrote an ltrace for command: "java -cp ./tools/maxent.jar density.Project outputs/Ostracocoelia_mirabilis_Giglio/Ostracocoelia_mirabilis_Giglio.lambdas data/layers/worldclim outputs/Ostracocoelia_mirabilis_Giglio_worldclim.asc nowarnings nocache autorun -z" with PID 18692 from PPID 18676 on disc23.crc.nd.edu with result 1
REMOTEHOST=129.74.154.87
_CONDOR_JOB_PIDS=
MANPATH=/afs/crc.nd.edu/user/n/nkremerh/cctools/share/man/:/afs/crc.nd.edu/group/ccl/software/x86_64/redhat7/ruby/current/share/man:/afs/crc.nd.edu/group/ccl/software/x86_64/redhat7/graphviz/current/share/man:/afs/crc.nd.edu/group/ccl/software/x86_64/redhat7/gnuplot/current/share/man:/afs/crc.nd.edu/group/ccl/software/x86_64/redhat7/git/current/share/man:/afs/crc.nd.edu/group/ccl/software/x86_64/redhat7/condor/current/share/man:/afs/crc.nd.edu/group/ccl/software/x86_64/redhat7/clang/current/share/man:/afs/crc.nd.edu/group/ccl/software/x86_64/redhat7/condor/current/share/man:/afs/crc.nd.edu/group/ccl/software/x86_64/redhat7/cctools/current/share/man:/afs/crc.nd.edu/group/ccl/software/x86_64/redhat7/cctools/current/share/man:/afs/crc.nd.edu/x86_64_linux/Modules/4.5.0/share/man:/opt/crc/usr/local/man:/opt/sge/man:/usr/share/man/overrides:/usr/share/man:/usr/local/share/man
XDG_SESSION_ID=2226
HOSTNAME=disc01.crc.nd.edu
_LMFILES__modshare=/afs/crc.nd.edu/x86_64_linux/Modules/modules/system_modules/CRC_default/1.1:1
MODULEPATH_modshare=/afs/crc.nd.edu/x86_64_linux/Modules/modules/general_software:1:/afs/crc.nd.edu/x86_64_linux/Modules/modules/development_tools_and_libraries:1:/afs/crc.nd.edu/x86_64_linux/Modules/modules/system_modules:1:/afs/crc.nd.edu/x86_64_linux/Modules/current/modulefiles:1:/afs/crc.nd.edu/x86_64_linux/Modules/modules/restricted_software:1:/afs/crc.nd.edu/x86_64_linux/Modules/modules/deprecated_software:1
MODULES_CMD=/afs/crc.nd.edu/x86_64_linux/Modules/4.5.0/libexec/modulecmd.tcl
HOST=disc01.crc.nd.edu
SHELL=/bin/tcsh
TERM=xterm-256color
MAKEFLAGS=
HISTSIZE=5000
TMPDIR=/var/condor/execute/dir_4000/worker-213124-4078/t.1323/cctools-temp-t.1323.h6XNtW
SSH_CLIENT=129.74.154.87 57278 22
PERL5LIB=/afs/crc.nd.edu/user/n/nkremerh/cctools/lib/perl5/site_perl/5.16.3:/afs/crc.nd.edu/user/n/nkremerh/.perl5/lib/perl5
SGE_CELL=crc
_CONDOR_SCRATCH_DIR=/var/condor/execute/dir_4000
PERL_MB_OPT=--install_base '/afs/crc.nd.edu/user/n/nkremerh/.perl5/'
SSH_TTY=/dev/pts/0
_CONDOR_ANCESTOR_4000=4012:1597419253:1934777446
SGE_LOAD_AVG=load_avg
MAKEFLOW_MAX_LOCAL_JOBS=2
HISTFILESIZE=10000
_CHIRP_DELAYED_UPDATE_PREFIX=Chirp*
USER=nkremerh
GROUP=campus
LD_LIBRARY_PATH=/afs/crc.nd.edu/group/ccl/software/x86_64/redhat7/ruby/current/lib:/afs/crc.nd.edu/group/ccl/software/x86_64/redhat7/graphviz/current/lib:/afs/crc.nd.edu/group/ccl/software/x86_64/redhat7/git/current/lib:/afs/crc.nd.edu/group/ccl/software/x86_64/redhat7/condor/current/lib:/afs/crc.nd.edu/group/ccl/software/x86_64/redhat7/clang/current/lib:/afs/crc.nd.edu/group/ccl/software/x86_64/redhat7/condor/current/lib:/afs/crc.nd.edu/group/ccl/software/x86_64/redhat7/cctools/current/lib:/opt/crc/usr/local/lib
TEMP=/var/condor/execute/dir_4000/worker-213124-4078/t.1323/cctools-temp-t.1323.h6XNtW
BATCH_SYSTEM=HTCondor
WORKER_TMPDIR=/var/condor/execute/dir_4000/worker-213124-4078/cache/tmp
ENV=/afs/crc.nd.edu/x86_64_linux/Modules/4.5.0/init/profile.sh
MODULES_LMALTNAME=CRC_default/1.1&CRC_default/default&CRC_default
_CONDOR_CHIRP_CONFIG=/var/condor/execute/dir_4000/.chirp.config
GLOBUS_GSSAPI_MAX_TLS_PROTOCOL=0
_CONDOR_HIGHPORT=9999
HOSTTYPE=x86_64-linux
MAKELEVEL=1
MFLAGS=
CCLSOFTWARE=/afs/crc.nd.edu/group/ccl/software/x86_64/redhat7
PATH=/afs/crc.nd.edu/user/n/nkremerh/cctools/bin:/afs/crc.nd.edu/user/n/nkremerh/miniconda/bin:/afs/crc.nd.edu/group/ccl/software/git:/afs/crc.nd.edu/user/n/nkremerh/.local/bin:/afs/crc.nd.edu/group/ccl/software/x86_64/redhat7/povray/3.7/bin:/afs/crc.nd.edu/user/n/nkremerh/.perl5/bin:/afs/crc.nd.edu/user/n/nkremerh/pegasus/bin:/afs/crc.nd.edu/user/n/nkremerh/nodejs/bin:/afs/crc.nd.edu/user/n/nkremerh/montage/bin:/afs/crc.nd.edu/user/n/nkremerh/latexdiff:/afs/crc.nd.edu/user/n/nkremerh/envtrace:/afs/crc.nd.edu/user/n/nkremerh/endlines:/afs/crc.nd.edu/user/n/nkremerh/cctools/bin:/afs/crc.nd.edu/user/n/nkremerh/.cargo/bin:/afs/crc.nd.edu/group/ccl/software/x86_64/redhat7/ruby/current/bin:/afs/crc.nd.edu/group/ccl/software/x86_64/redhat7/graphviz/current/bin:/afs/crc.nd.edu/group/ccl/software/x86_64/redhat7/gnuplot/current/bin:/afs/crc.nd.edu/group/ccl/software/x86_64/redhat7/git/current/bin:/afs/crc.nd.edu/group/ccl/software/x86_64/redhat7/condor/current/sbin:/afs/crc.nd.edu/group/ccl/software/x86_64/redhat7/condor/current/bin:/afs/crc.nd.edu/group/ccl/software/x86_64/redhat7/cmake/current/bin:/afs/crc.nd.edu/group/ccl/software/x86_64/redhat7/clang/current/bin:/afs/crc.nd.edu/group/ccl/software/x86_64/redhat7/condor/current/sbin:/afs/crc.nd.edu/group/ccl/software/x86_64/redhat7/condor/current/bin:/afs/crc.nd.edu/group/ccl/software/x86_64/redhat7/cctools/current/bin:/afs/crc.nd.edu/x86_64_linux/Modules/4.5.0/bin:/opt/crc/usr/local/bin:/opt/sge/bin/lx-amd64:/usr/local/bin:/usr/bin:/usr/local/sbin:/usr/sbin:/afs/crc.nd.edu/user/c/condor/software/bin:/afs/crc.nd.edu/user/c/condor/software/sbin
MAIL=/var/spool/mail/nkremerh
PWD=/var/condor/execute/dir_4000/worker-213124-4078/t.1323
_LMFILES_=/afs/crc.nd.edu/x86_64_linux/Modules/modules/system_modules/CRC_default/1.1
SGE_EXECD_PORT=6445
EDITOR=vim
LANG=en_US.UTF-8
MODULEPATH=/afs/crc.nd.edu/x86_64_linux/Modules/modules/development_tools_and_libraries:/afs/crc.nd.edu/x86_64_linux/Modules/modules/general_software:/afs/crc.nd.edu/x86_64_linux/Modules/modules/restricted_software:/afs/crc.nd.edu/x86_64_linux/Modules/modules/system_modules:/afs/crc.nd.edu/x86_64_linux/Modules/modules/deprecated_software:/afs/crc.nd.edu/x86_64_linux/Modules/current/modulefiles
SGE_QMASTER_PORT=6444
SGE_ROOT=/opt/sge
LOADEDMODULES=CRC_default/1.1
WORK_QUEUE_SANDBOX=/var/condor/execute/dir_4000/worker-213124-4078
_CONDOR_SLOT=slot1
CCLPLATFORM=x86_64/redhat7
USE_SYSTEMD=true
_CONDOR_LOWPORT=9100
KRB5CCNAME=FILE:/tmp/krb5cc_213124_jfvfni
HISTCONTROL=ignoreboth:erasedups
PATH_modshare=/opt/crc/usr/local/bin:1:/opt/sge/bin/lx-amd64:1:/usr/sbin:1:/usr/bin:1:/afs/crc.nd.edu/user/c/condor/software/sbin:1:/usr/local/sbin:1:/afs/crc.nd.edu/user/c/condor/software/bin:1:/usr/local/bin:1
SHLVL=7
HOME=disc01.crc.nd.edu
GLOBUS_GSSAPI_NAME_COMPATIBILITY=STRICT_RFC2818
_CONDOR_MACHINE_AD=/var/condor/execute/dir_4000/.machine.ad
OSTYPE=linux
DISK=917414
GREP_OPTIONS=--color=auto
GLOBUS_GSSAPI_MIN_TLS_PROTOCOL=TLS1_VERSION
MEMORY=15899
MANPATH_modshare=/usr/share/man/overrides:1:/usr/local/share/man:1:/usr/share/man:1:/opt/crc/usr/local/man:1:/opt/sge/man:1
VENDOR=unknown
BASH_ENV=/afs/crc.nd.edu/x86_64_linux/Modules/4.5.0/init/bash
PERL_LOCAL_LIB_ROOT=/afs/crc.nd.edu/user/n/nkremerh/.perl5/
PYTHONPATH=/afs/crc.nd.edu/user/n/nkremerh/cctools/lib/python3.6/site-packages/
CCLHOME=/afs/crc.nd.edu/group/ccl
MACHTYPE=x86_64
LOGNAME=nkremerh
TMP=/var/condor/execute/dir_4000/worker-213124-4078/t.1323/cctools-temp-t.1323.h6XNtW
LD_LIBRARY_PATH_modshare=/opt/crc/usr/local/lib:1
MODULES_LMALTNAME_modshare=CRC_default/1.1&CRC_default/default&CRC_default:1
SSH_CONNECTION=129.74.154.87 57278 129.74.128.103 22
_CONDOR_ANCESTOR_3431=3600:1596369936:4201989267
MODULESHOME=/afs/crc.nd.edu/x86_64_linux/Modules/4.5.0
OMP_NUM_THREADS=1
LESSOPEN=||/usr/bin/lesspipe.sh %s
GLOBUS_GSSAPI_BACKWARD_COMPATIBLE_MIC=true
GLOBUS_GSSAPI_CIPHERS=HIGH
_CONDOR_ANCESTOR_3600=4000:1597419249:2275575005
LOADEDMODULES_modshare=CRC_default/1.1:1
_CONDOR_JOB_AD=/var/condor/execute/dir_4000/.job.ad
SGE_CLUSTER_NAME=CRC
XDG_RUNTIME_DIR=/run/user/213124
CCTOOLS=../cctools
CORES=4
_CONDOR_JOB_IWD=/var/condor/execute/dir_4000
PERL_MM_OPT=INSTALL_BASE=/afs/crc.nd.edu/user/n/nkremerh/.perl5/
GLOBUS_GSSAPI_SERVER_CIPHER_ORDER=true
BASH_FUNC_module()=() {  unset _mlshdbg;
 if [ "${MODULES_SILENT_SHELL_DEBUG:-0}" = '1' ]; then
 case "$-" in 
 *v*x*)
 set +vx;
 _mlshdbg='vx'
 ;;
 *v*)
 set +v;
 _mlshdbg='v'
 ;;
 *x*)
 set +x;
 _mlshdbg='x'
 ;;
 *)
 _mlshdbg=''
 ;;
 esac;
 fi;
 unset _mlre _mlIFS;
 if [ -n "${IFS+x}" ]; then
 _mlIFS=$IFS;
 fi;
 IFS=' ';
 for _mlv in ${MODULES_RUN_QUARANTINE:-};
 do
 if [ "${_mlv}" = "${_mlv##*[!A-Za-z0-9_]}" -a "${_mlv}" = "${_mlv#[0-9]}" ]; then
 if [ -n "`eval 'echo ${'$_mlv'+x}'`" ]; then
 _mlre="${_mlre:-}${_mlv}_modquar='`eval 'echo ${'$_mlv'}'`' ";
 fi;
 _mlrv="MODULES_RUNENV_${_mlv}";
 _mlre="${_mlre:-}${_mlv}='`eval 'echo ${'$_mlrv':-}'`' ";
 fi;
 done;
 if [ -n "${_mlre:-}" ]; then
 eval `eval ${_mlre}/usr/bin/tclsh /afs/crc.nd.edu/x86_64_linux/Modules/4.5.0/libexec/modulecmd.tcl bash '"$@"'`;
 else
 eval `/usr/bin/tclsh /afs/crc.nd.edu/x86_64_linux/Modules/4.5.0/libexec/modulecmd.tcl bash "$@"`;
 fi;
 _mlstatus=$?;
 if [ -n "${_mlIFS+x}" ]; then
 IFS=$_mlIFS;
 else
 unset IFS;
 fi;
 unset _mlre _mlv _mlrv _mlIFS;
 if [ -n "${_mlshdbg:-}" ]; then
 set -$_mlshdbg;
 fi;
 unset _mlshdbg;
 return $_mlstatus
}
BASH_FUNC_ml()=() {  module ml "$@"
}
_=/usr/bin/printenv
