31400   0.000000 libjli.so->getenv("_JAVA_LAUNCHER_DEBUG") = nil
31400   0.001731 libjli.so->getenv("_JAVA_VERSION_SET") = nil
31400   0.000758 libjli.so->fopen("/usr/lib/jvm/java-1.8.0-openjdk-1.8.0.262.b10-0.el7_8.x86_64/jre/lib/amd64/jvm.cfg", "r") = 0x55c1b27370e0
31400   0.000813 libjli.so->getenv("JDK_ALTERNATE_VM") = nil
31400   0.000333 libjli.so->__xstat(1, "/usr/lib/jvm/java-1.8.0-openjdk-1.8.0.262.b10-0.el7_8.x86_64/jre/lib/amd64/server/libjvm.so", 0x7ffc0e8f9b00) = 0
31400   0.000628 libjli.so->getenv("LD_LIBRARY_PATH") = "/afs/crc.nd.edu/group/ccl/software/x86_64/redhat7/ruby/current/lib:/afs/crc.nd.edu/group/ccl/software/x86_64/redhat7/graphviz/current/lib:/afs/crc.nd.edu/group/ccl/software/x86_64/redhat7/git/current/lib:/afs/crc.nd.edu/group/ccl/software/x86_64/redhat7/condor/current/lib:/afs/crc.nd.edu/group/ccl/software/x86_64/redhat7/clang/current/lib:/afs/crc.nd.edu/group/ccl/software/x86_64/redhat7/condor/current/lib:/afs/crc.nd.edu/group/ccl/software/x86_64/redhat7/cctools/current/lib:/opt/crc/usr/local/lib"
31400   0.002129 libjli.so->dlopen("/usr/lib/jvm/java-1.8.0-openjdk-1.8.0.262.b10-0.el7_8.x86_64/jre/lib/amd64/server/libjvm.so", 258 <unfinished ...>
31400   0.037919 libjvm.so->getenv("NMT_LEVEL_31400") = nil
31400   0.001692 <... dlopen resumed> )          = 0x55c1b27374b0
31400   0.000072 libjli.so->getenv("CLASSPATH")  = nil
31400   0.000302 libjli.so->getenv("_JAVA_SPLASH_JAR") = nil
31400   0.000348 libjli.so->getenv("_JAVA_SPLASH_FILE") = nil
31400   0.000360 libjli.so->pthread_attr_setdetachstate(0x7ffc0e8f9ab0, 0, 0x7ffc0e8f9b40, 0) = 0
31400   0.000430 libpthread.so.0->__clone(0x2b3291b19de0, 0x2b3291a2cfc0, 0x3d0f00, 0x2b3291a2d700) = 0x7aa9
31401   0.002020 libjvm.so->dlopen(0x2b32932f89ae, 1, 0xfffffffffff42c48, 4096) = 0x2b3294000990
31401   0.002346 libjvm.so->getenv(0x2b329331383e, 0, 115, 0x65737361) = 0x7ffc0e8ff6b4
31401   0.000455 libjvm.so->fopen(0x2b3291a2bc10, 0x2b32932afccb, 0x6f732e79666972, 0x2b32923f1ab0) = 0x2b3294001440
31401   0.001381 libjvm.so->dlopen(0x2b3291a2bc10, 1, 0xffffffff, 0x2b3294002b00) = 0x2b3294001440
31401   0.001475 libjvm.so->fopen(0x2b3291a2bc10, 0x2b32932afccb, 111, 0x732e6176) = 0x2b3294001b10
31401   0.001526 libjvm.so->dlopen(0x2b3291a2bc10, 1, 0xffffffff, 0x2b3294001a00) = 0x2b3294001b10
31401   0.002424 libjvm.so->__xstat(1, 0x2b3291a2c360, 0x2b3291a2cba0, 0x746f7073746f682e) = -1
31401   0.000485 libjvm.so->getenv(0x2b32932a8541, 0x2b3291a2c6d0, 1024, 0x2b329376261b) = 0
31401   0.000427 libjvm.so->getenv(0x2b32932a8533, 0x2b3291a2c6d0, 1024, 0) = 0
31401   0.000424 libjvm.so->fopen(0x2b32932f8315, 0x2b32932afccb, 4095, 0xffffd4cd6cd57b03) = 0x2b32940032d0
31401   0.001059 libjvm.so->fopen(0x2b32932f8361, 0x2b32932afccb, 0x2b3294000078, 0x2b32940032c0) = 0x2b32940032d0
31401   0.000683 libjvm.so->fopen(0x2b3291a269b0, 0x2b32932afccb, 4014, 3995) = 0x2b32940032d0
31401   0.000620 libjvm.so->opendir(0x2b3294002b40, 0x2b3294002b40, 13, 16) = 0
31401   0.000463 libjvm.so->__xstat(1, 0x2b3291a2b8f0, 0x2b3291a2a860, 0x6f732e7477616d62) = -1
31401   0.000464 libjvm.so->__xstat(1, 0x2b3291a2b8f0, 0x2b3291a2a860, 0x5f74776162696c2f) = 0
31401   0.000493 libjvm.so->fopen(0x2b3291a2ab90, 0x2b32932afccb, 4009, 3994) = 0x2b32940037b0
31401   0.000614 libjvm.so->fopen(0x2b3291a2ab90, 0x2b32932afccb, 4009, 3994) = 0x2b32940037b0
31401   0.000597 libjvm.so->fopen(0x2b3291a2ab90, 0x2b32932afccb, 4009, 4002) = 0x2b32940037b0
31401   0.000652 libjvm.so->fopen(0x2b3291a2ab20, 0x2b32932afccb, 4009, 3994) = 0x2b32940037b0
31401   0.000616 libjvm.so->fopen(0x2b3291a2ab20, 0x2b32932afccb, 4009, 3994) = 0x2b32940037b0
31401   0.000594 libjvm.so->fopen(0x2b3291a2ab20, 0x2b32932afccb, 4009, 4002) = 0x2b32940037b0
31401   0.000632 libjvm.so->fopen(0x2b3291a2ab50, 0x2b32932afccb, 4014, 3995) = 0x2b32940037b0
31401   0.000802 libjvm.so->getenv(0x2b32932f90ff, 4096, 3, -1) = 0
31401   0.000902 libjvm.so->fopen(0x2b32932f8998, 0x2b32932afccb, 0x2b3291b10908, 0x2b3291b0fdf0) = 0x2b32940037b0
31401   0.008487 libjvm.so->open(0x2b329404a5a0, 0x20000, 0, 0x2b329404a5e9) = 3
31401   0.003306 libjvm.so->__fxstat(1, 3, 0x2b3291a2ca00, -1) = 0
31401   0.000587 libjvm.so->opendir(0x2b329404a5a0, 0x2b3291a2ca00, 0x4000, -1) = 0x2b329404b4b0
31401   0.000505 libjvm.so->__fxstat(1, 3, 0x2b3291a2c8a0, 0x2b329404b4b0) = 0
31401   0.000427 libjvm.so->__fxstat(1, 5, 0x2b3291a2c930, -1) = 0
31401   0.000453 libjvm.so->open(0x2b32932c69dc, 0, 0, 0) = 3
31401   0.000673 libjvm.so->__lxstat(1, 0x2b329404a5a0, 0x2b3291a2cb50, -144) = 0
31401   0.000465 libjvm.so->open(0x2b329404a5a0, 0x20000, 0x4000, -1) = 3
31401   0.000441 libjvm.so->__fxstat(1, 3, 0x2b3291a2ca00, -1) = 0
31401   0.000439 libjvm.so->opendir(0x2b329404a5a0, 0x2b3291a2ca00, 0x4000, -1) = 0x2b329404b4b0
31401   0.000530 libjvm.so->__fxstat(1, 3, 0x2b3291a2c8a0, 0x2b329404b4b0) = 0
31401   0.000434 libjvm.so->__fxstat(1, 5, 0x2b3291a2c930, -1) = 0
31401   0.001440 libjvm.so->open(0x2b32932c69dc, 0, 0, 0) = 3
31401   0.000522 libjvm.so->open(0x2b329404a5e9, 0x20042, 384, -1) = 7
31401   0.000618 libjvm.so->__fxstat(1, 7, 0x2b3291a2cb50, -1) = 0
31401   0.001833 libjvm.so->fopen(0x2b3291a2bb60, 0x2b32932afccb, 4, 0x6f732e70) = 0x2b3294057c00
31401   0.001552 libjvm.so->dlopen(0x2b3291a2bb60, 1, 0xffffffff, 0x2b3294057b00) = 0x2b3294057c00
31401   0.001425 libjvm.so->__xstat(1, 0x2b3291a2c120, 0x2b3291a2c950, 2048) = 0
31401   0.000438 libjvm.so->__xstat(1, 0x2b3291a2c120, 0x2b3291a2c950, 2048) = 0
31401   0.000441 libjvm.so->__xstat(1, 0x2b3291a2c120, 0x2b3291a2c950, 2048) = -1
31401   0.000439 libjvm.so->__xstat(1, 0x2b3291a2c120, 0x2b3291a2c950, 2048) = 0
31401   0.001442 libjvm.so->__xstat(1, 0x2b3291a2c120, 0x2b3291a2c950, 2048) = 0
31401   0.002849 libjvm.so->__xstat(1, 0x2b3291a2c120, 0x2b3291a2c950, 2048) = 0
31401   0.001268 libjvm.so->__xstat(1, 0x2b3291a2c120, 0x2b3291a2c950, 2048) = 0
31401   0.000450 libjvm.so->__xstat(1, 0x2b3291a2c120, 0x2b3291a2c950, 2048) = -1
31401   0.000458 libjvm.so->fopen(0x2b3294002520, 0x2b32932afccb, 0, 0) = 0x2b3294058aa0
31401   0.009271 libjvm.so->open64(0x2b3291a2b410, 0, 0, 16) = 3
31401   0.000475 libjvm.so->__fxstat64(1, 3, 0x2b3291a2b240, -1) = 0
31401   0.045938 libjvm.so->__xstat(1, 0x2b3291a2bf20, 0x2b3291a2c750, 2048) = -1
31401   0.000591 libjvm.so->fopen(0x2b3291a2ab20, 0x2b32932afccb, 4009, 3994) = 0x2b32940b1fb0
31401   0.000630 libjvm.so->fopen(0x2b3291a2ab20, 0x2b32932afccb, 4009, 3994) = 0x2b32940b1fb0
31401   0.000636 libjvm.so->fopen(0x2b3291a2ab20, 0x2b32932afccb, 4009, 4002) = 0x2b32940b1fb0
31401   0.004399 libjvm.so->pthread_attr_setdetachstate(0x2b3291a2cc00, 1, 0, 0) = 0
31401   0.000614 libpthread.so.0->__clone(0x2b3291b19de0, 0x2b32aa3bffc0, 0x3d0f00, 0x2b32aa3c0700) = 0x7aaa
31401   0.016472 libjvm.so->pthread_attr_setdetachstate(0x2b3291a2c290, 1, 0, 0) = 0
31401   0.000641 libpthread.so.0->__clone(0x2b3291b19de0, 0x2b32aa4c0fc0, 0x3d0f00, 0x2b32aa4c1700) = 0x7aab
31401   0.006892 libjvm.so->pthread_attr_setdetachstate(0x2b3291a2c610, 1, 0, 0) = 0
31401   0.000907 libpthread.so.0->__clone(0x2b3291b19de0, 0x2b32aa5c1fc0, 0x3d0f00, 0x2b32aa5c2700) = 0x7aac
31401   0.044622 libjvm.so->fopen(0x2b32940f1810, 0x2b32932afccb, 4, 0x6f732e70) = 0x2b32940f1d10
31401   0.002014 libjvm.so->dlopen(0x2b32940f1810, 1, 0xffffffff, 0x2b32940e8c00) = 0x2b3294057c00
31401   0.005127 libjvm.so->open64(0x2b3291a2b510, 0, 0, 16) = 5
31401   0.000993 libjvm.so->__fxstat64(1, 5, 0x2b3291a2b340, -1) = 0
31401   0.019958 libjvm.so->fopen(0x2b3291a28130, 0x2b32932afccb, 4009, 3994) = 0x2b32940fcce0
31401   0.001172 libjvm.so->fopen(0x2b3291a28130, 0x2b32932afccb, 4009, 3994) = 0x2b32940fcce0
31401   0.001096 libjvm.so->fopen(0x2b3291a28130, 0x2b32932afccb, 4009, 4002) = 0x2b32940fcce0
31401   0.015506 libjvm.so->pthread_attr_setdetachstate(0x2b3291a2cb50, 1, 0, 0) = 0
31401   0.001718 libpthread.so.0->__clone(0x2b3291b19de0, 0x2b32aa6c2fc0, 0x3d0f00, 0x2b32aa6c3700) = 0x7abf
31401   0.004466 libjvm.so->__xstat64(1, 0x2b3291a2cbe0, 0x2b3291a2cb50, 19) = -1
31401   0.001265 libjvm.so->pthread_attr_setdetachstate(0x2b3291a2c950, 1, 0, 0) = 0
31401   0.001128 libpthread.so.0->__clone(0x2b3291b19de0, 0x2b32aa7c3fc0, 0x3d0f00, 0x2b32aa7c4700) = 0x7ac0
31401   0.001632 libjvm.so->pthread_attr_setdetachstate(0x2b3291a2c950, 1, 0, 0) = 0
31401   0.001248 libpthread.so.0->__clone(0x2b3291b19de0, 0x2b32aa8c4fc0, 0x3d0f00, 0x2b32aa8c5700) = 0x7ac1
31401   0.011466 libjvm.so->pthread_attr_setdetachstate(0x2b3291a2caa0, 1, 0, 0) = 0
31401   0.002318 libpthread.so.0->__clone(0x2b3291b19de0, 0x2b32aa9c5fc0, 0x3d0f00, 0x2b32aa9c6700) = 0x7ac8
31401   0.004153 libjvm.so->pthread_attr_setdetachstate(0x2b3291a2cbb0, 1, 0, 0) = 0
31401   0.001584 libpthread.so.0->__clone(0x2b3291b19de0, 0x2b32aaac6fc0, 0x3d0f00, 0x2b32aaac7700) = 0x7ac9
31401   0.017299 libjvm.so->open64(0x2b329412e9f0, 0, 0, 48) = 7
31401   0.001733 libjvm.so->__fxstat64(1, 7, 0x2b3291a29f60, -1) = 0
31401   0.029881 libjvm.so->fopen(0x2b32941546b0, 0x2b32932afccb, 4, 0x6f732e6f) = 0x2b3294154770
31401   0.003799 libjvm.so->dlopen(0x2b32941546b0, 1, 0xffffffff, 0x2b3294154700) = 0x2b3294154770
31401   0.102818 libjvm.so->fopen(0x2b3291a26e40, 0x2b32932afccb, 0x6f732e, 0x6d766a62696c2f72) = 0x2b3294197080
31401   0.007707 libjvm.so->dlopen(0x2b3291a26e40, 1, 0xffffffff, 0x2b3294197000) = 0x55c1b27374b0
31401   0.001687 libjvm.so->fopen(0x2b3291a26e40, 0x2b32932afccb, 0x6f732e, 0x6d766a62696c2f72) = 0x2b32941974f0
31401   0.005413 libjvm.so->dlopen(0x2b3291a26e40, 1, 0xffffffff, 0x2b3294197000) = 0x55c1b27374b0
31401   0.001644 libjvm.so->fopen(0x2b3291a26e40, 0x2b32932afccb, 0x6f732e, 0x6d766a62696c2f72) = 0x2b3294197120
31401   0.003342 libjvm.so->dlopen(0x2b3291a26e40, 1, 0xffffffff, 0x2b3294197000) = 0x55c1b27374b0
31401   0.001624 libjvm.so->fopen(0x2b3291a26e40, 0x2b32932afccb, 0x6f732e, 0x6d766a62696c2f72) = 0x2b3294197590
31401   0.003688 libjvm.so->dlopen(0x2b3291a26e40, 1, 0xffffffff, 0x2b3294197000) = 0x55c1b27374b0
31401   0.046038 libjvm.so->fopen(0x2b32941c2e80, 0x2b32932afccb, 4, 0x6f732e74) = 0x2b32941b94a0
31401   0.003487 libjvm.so->dlopen(0x2b32941c2e80, 1, 0xffffffff, 0x2b32941c2800) = 0x2b32941b94a0
31401   0.167373 libjvm.so->fopen(0x2b32942405a0, 0x2b32932afccb, 0x6f732e7373656c, 0x656c646165685f74) = 0x2b3294240680
31401   0.003018 libjvm.so->dlopen(0x2b32942405a0, 1, 0xffffffff, 0x2b3294240600) = 0x2b3294240680
31433   0.044800 +++ exited (status 0) +++
31423   0.000253 +++ exited (status 0) +++
31402   0.000302 +++ exited (status 0) +++
31401   0.000202 +++ exited (status 0) +++
31432   0.000250 +++ exited (status 1) +++
31424   0.000030 +++ exited (status 1) +++
31404   0.000017 +++ exited (status 1) +++
31403   0.000014 +++ exited (status 1) +++
31425   0.003629 +++ exited (status 1) +++
31400   0.000059 +++ exited (status 1) +++
Wrote an ltrace for command: "java -cp ./tools/maxent.jar density.Project outputs/Somatidia_olliffi_Lea/Somatidia_olliffi_Lea.lambdas data/layers/worldclim outputs/Somatidia_olliffi_Lea_worldclim.asc nowarnings nocache autorun -z" with PID 31398 from PPID 31382 on disc25.crc.nd.edu with result 1
REMOTEHOST=10.17.148.247
_CONDOR_JOB_PIDS=
MANPATH=/afs/crc.nd.edu/user/n/nkremerh/cctools/share/man/:/afs/crc.nd.edu/group/ccl/software/x86_64/redhat7/ruby/current/share/man:/afs/crc.nd.edu/group/ccl/software/x86_64/redhat7/graphviz/current/share/man:/afs/crc.nd.edu/group/ccl/software/x86_64/redhat7/gnuplot/current/share/man:/afs/crc.nd.edu/group/ccl/software/x86_64/redhat7/git/current/share/man:/afs/crc.nd.edu/group/ccl/software/x86_64/redhat7/condor/current/share/man:/afs/crc.nd.edu/group/ccl/software/x86_64/redhat7/clang/current/share/man:/afs/crc.nd.edu/group/ccl/software/x86_64/redhat7/condor/current/share/man:/afs/crc.nd.edu/group/ccl/software/x86_64/redhat7/cctools/current/share/man:/afs/crc.nd.edu/group/ccl/software/x86_64/redhat7/cctools/current/share/man:/afs/crc.nd.edu/x86_64_linux/Modules/4.5.0/share/man:/opt/crc/usr/local/man:/opt/sge/man:/usr/share/man/overrides:/usr/share/man:/usr/local/share/man
XDG_SESSION_ID=2686
_CONDOR_ANCESTOR_3764=17350:1599499132:1712875697
HOSTNAME=disc01.crc.nd.edu
_LMFILES__modshare=/afs/crc.nd.edu/x86_64_linux/Modules/modules/system_modules/CRC_default/1.1:1
MODULEPATH_modshare=/afs/crc.nd.edu/x86_64_linux/Modules/modules/general_software:1:/afs/crc.nd.edu/x86_64_linux/Modules/modules/development_tools_and_libraries:1:/afs/crc.nd.edu/x86_64_linux/Modules/modules/system_modules:1:/afs/crc.nd.edu/x86_64_linux/Modules/current/modulefiles:1:/afs/crc.nd.edu/x86_64_linux/Modules/modules/restricted_software:1:/afs/crc.nd.edu/x86_64_linux/Modules/modules/deprecated_software:1
MODULES_CMD=/afs/crc.nd.edu/x86_64_linux/Modules/4.5.0/libexec/modulecmd.tcl
HOST=disc01.crc.nd.edu
SHELL=/bin/tcsh
TERM=xterm-256color
MAKEFLAGS=
HISTSIZE=5000
TMPDIR=/var/condor/execute/dir_17350/worker-213124-17416/t.1728/cctools-temp-t.1728.o9kW3Z
SSH_CLIENT=10.17.148.247 49750 22
PERL5LIB=/afs/crc.nd.edu/user/n/nkremerh/cctools/lib/perl5/site_perl/5.16.3:/afs/crc.nd.edu/user/n/nkremerh/.perl5/lib/perl5
SGE_CELL=crc
_CONDOR_SCRATCH_DIR=/var/condor/execute/dir_17350
_CONDOR_ANCESTOR_17350=17367:1599499133:3234713304
PERL_MB_OPT=--install_base '/afs/crc.nd.edu/user/n/nkremerh/.perl5/'
SSH_TTY=/dev/pts/0
SGE_LOAD_AVG=load_avg
MAKEFLOW_MAX_LOCAL_JOBS=2
HISTFILESIZE=10000
_CHIRP_DELAYED_UPDATE_PREFIX=Chirp*
USER=nkremerh
GROUP=campus
LD_LIBRARY_PATH=/afs/crc.nd.edu/group/ccl/software/x86_64/redhat7/ruby/current/lib:/afs/crc.nd.edu/group/ccl/software/x86_64/redhat7/graphviz/current/lib:/afs/crc.nd.edu/group/ccl/software/x86_64/redhat7/git/current/lib:/afs/crc.nd.edu/group/ccl/software/x86_64/redhat7/condor/current/lib:/afs/crc.nd.edu/group/ccl/software/x86_64/redhat7/clang/current/lib:/afs/crc.nd.edu/group/ccl/software/x86_64/redhat7/condor/current/lib:/afs/crc.nd.edu/group/ccl/software/x86_64/redhat7/cctools/current/lib:/opt/crc/usr/local/lib
TEMP=/var/condor/execute/dir_17350/worker-213124-17416/t.1728/cctools-temp-t.1728.o9kW3Z
BATCH_SYSTEM=HTCondor
WORKER_TMPDIR=/var/condor/execute/dir_17350/worker-213124-17416/cache/tmp
ENV=/afs/crc.nd.edu/x86_64_linux/Modules/4.5.0/init/profile.sh
MODULES_LMALTNAME=CRC_default/1.1&CRC_default/default&CRC_default
_CONDOR_CHIRP_CONFIG=/var/condor/execute/dir_17350/.chirp.config
GLOBUS_GSSAPI_MAX_TLS_PROTOCOL=0
_CONDOR_HIGHPORT=9999
HOSTTYPE=x86_64-linux
MAKELEVEL=1
MFLAGS=
CCLSOFTWARE=/afs/crc.nd.edu/group/ccl/software/x86_64/redhat7
PATH=/afs/crc.nd.edu/user/n/nkremerh/cctools/bin:/afs/crc.nd.edu/user/n/nkremerh/miniconda/bin:/afs/crc.nd.edu/group/ccl/software/git:/afs/crc.nd.edu/user/n/nkremerh/.local/bin:/afs/crc.nd.edu/group/ccl/software/x86_64/redhat7/povray/3.7/bin:/afs/crc.nd.edu/user/n/nkremerh/.perl5/bin:/afs/crc.nd.edu/user/n/nkremerh/pegasus/bin:/afs/crc.nd.edu/user/n/nkremerh/nodejs/bin:/afs/crc.nd.edu/user/n/nkremerh/montage/bin:/afs/crc.nd.edu/user/n/nkremerh/latexdiff:/afs/crc.nd.edu/user/n/nkremerh/envtrace:/afs/crc.nd.edu/user/n/nkremerh/endlines:/afs/crc.nd.edu/user/n/nkremerh/cctools/bin:/afs/crc.nd.edu/user/n/nkremerh/.cargo/bin:/afs/crc.nd.edu/group/ccl/software/x86_64/redhat7/ruby/current/bin:/afs/crc.nd.edu/group/ccl/software/x86_64/redhat7/graphviz/current/bin:/afs/crc.nd.edu/group/ccl/software/x86_64/redhat7/gnuplot/current/bin:/afs/crc.nd.edu/group/ccl/software/x86_64/redhat7/git/current/bin:/afs/crc.nd.edu/group/ccl/software/x86_64/redhat7/condor/current/sbin:/afs/crc.nd.edu/group/ccl/software/x86_64/redhat7/condor/current/bin:/afs/crc.nd.edu/group/ccl/software/x86_64/redhat7/cmake/current/bin:/afs/crc.nd.edu/group/ccl/software/x86_64/redhat7/clang/current/bin:/afs/crc.nd.edu/group/ccl/software/x86_64/redhat7/condor/current/sbin:/afs/crc.nd.edu/group/ccl/software/x86_64/redhat7/condor/current/bin:/afs/crc.nd.edu/group/ccl/software/x86_64/redhat7/cctools/current/bin:/afs/crc.nd.edu/x86_64_linux/Modules/4.5.0/bin:/opt/crc/usr/local/bin:/opt/sge/bin/lx-amd64:/usr/local/bin:/usr/bin:/usr/local/sbin:/usr/sbin:/afs/crc.nd.edu/user/c/condor/software/bin:/afs/crc.nd.edu/user/c/condor/software/sbin
MAIL=/var/spool/mail/nkremerh
PWD=/var/condor/execute/dir_17350/worker-213124-17416/t.1728
_LMFILES_=/afs/crc.nd.edu/x86_64_linux/Modules/modules/system_modules/CRC_default/1.1
SGE_EXECD_PORT=6445
EDITOR=vim
LANG=en_US.UTF-8
MODULEPATH=/afs/crc.nd.edu/x86_64_linux/Modules/modules/development_tools_and_libraries:/afs/crc.nd.edu/x86_64_linux/Modules/modules/general_software:/afs/crc.nd.edu/x86_64_linux/Modules/modules/restricted_software:/afs/crc.nd.edu/x86_64_linux/Modules/modules/system_modules:/afs/crc.nd.edu/x86_64_linux/Modules/modules/deprecated_software:/afs/crc.nd.edu/x86_64_linux/Modules/current/modulefiles
SGE_QMASTER_PORT=6444
SGE_ROOT=/opt/sge
LOADEDMODULES=CRC_default/1.1
WORK_QUEUE_SANDBOX=/var/condor/execute/dir_17350/worker-213124-17416
_CONDOR_SLOT=slot2_1
CCLPLATFORM=x86_64/redhat7
USE_SYSTEMD=true
_CONDOR_ANCESTOR_3611=3764:1598184024:3503519607
_CONDOR_LOWPORT=9100
KRB5CCNAME=FILE:/tmp/krb5cc_213124_dlYXoi
HISTCONTROL=ignoreboth:erasedups
PATH_modshare=/opt/crc/usr/local/bin:1:/opt/sge/bin/lx-amd64:1:/usr/sbin:1:/usr/bin:1:/afs/crc.nd.edu/user/c/condor/software/sbin:1:/usr/local/sbin:1:/afs/crc.nd.edu/user/c/condor/software/bin:1:/usr/local/bin:1
SHLVL=7
HOME=disc01.crc.nd.edu
GLOBUS_GSSAPI_NAME_COMPATIBILITY=STRICT_RFC2818
_CONDOR_MACHINE_AD=/var/condor/execute/dir_17350/.machine.ad
OSTYPE=linux
DISK=18234
GREP_OPTIONS=--color=auto
GLOBUS_GSSAPI_MIN_TLS_PROTOCOL=TLS1_VERSION
MEMORY=1948
MANPATH_modshare=/usr/share/man/overrides:1:/usr/local/share/man:1:/usr/share/man:1:/opt/crc/usr/local/man:1:/opt/sge/man:1
VENDOR=unknown
BASH_ENV=/afs/crc.nd.edu/x86_64_linux/Modules/4.5.0/init/bash
PERL_LOCAL_LIB_ROOT=/afs/crc.nd.edu/user/n/nkremerh/.perl5/
PYTHONPATH=/afs/crc.nd.edu/user/n/nkremerh/cctools/lib/python3.6/site-packages/
CCLHOME=/afs/crc.nd.edu/group/ccl
MACHTYPE=x86_64
LOGNAME=nkremerh
TMP=/var/condor/execute/dir_17350/worker-213124-17416/t.1728/cctools-temp-t.1728.o9kW3Z
LD_LIBRARY_PATH_modshare=/opt/crc/usr/local/lib:1
MODULES_LMALTNAME_modshare=CRC_default/1.1&CRC_default/default&CRC_default:1
SSH_CONNECTION=10.17.148.247 49750 129.74.128.103 22
MODULESHOME=/afs/crc.nd.edu/x86_64_linux/Modules/4.5.0
OMP_NUM_THREADS=1
LESSOPEN=||/usr/bin/lesspipe.sh %s
GLOBUS_GSSAPI_BACKWARD_COMPATIBLE_MIC=true
GLOBUS_GSSAPI_CIPHERS=HIGH
LOADEDMODULES_modshare=CRC_default/1.1:1
_CONDOR_JOB_AD=/var/condor/execute/dir_17350/.job.ad
SGE_CLUSTER_NAME=CRC
XDG_RUNTIME_DIR=/run/user/213124
CCTOOLS=../cctools
CORES=2
_CONDOR_JOB_IWD=/var/condor/execute/dir_17350
PERL_MM_OPT=INSTALL_BASE=/afs/crc.nd.edu/user/n/nkremerh/.perl5/
GLOBUS_GSSAPI_SERVER_CIPHER_ORDER=true
BASH_FUNC_module()=() {  unset _mlshdbg;
 if [ "${MODULES_SILENT_SHELL_DEBUG:-0}" = '1' ]; then
 case "$-" in 
 *v*x*)
 set +vx;
 _mlshdbg='vx'
 ;;
 *v*)
 set +v;
 _mlshdbg='v'
 ;;
 *x*)
 set +x;
 _mlshdbg='x'
 ;;
 *)
 _mlshdbg=''
 ;;
 esac;
 fi;
 unset _mlre _mlIFS;
 if [ -n "${IFS+x}" ]; then
 _mlIFS=$IFS;
 fi;
 IFS=' ';
 for _mlv in ${MODULES_RUN_QUARANTINE:-};
 do
 if [ "${_mlv}" = "${_mlv##*[!A-Za-z0-9_]}" -a "${_mlv}" = "${_mlv#[0-9]}" ]; then
 if [ -n "`eval 'echo ${'$_mlv'+x}'`" ]; then
 _mlre="${_mlre:-}${_mlv}_modquar='`eval 'echo ${'$_mlv'}'`' ";
 fi;
 _mlrv="MODULES_RUNENV_${_mlv}";
 _mlre="${_mlre:-}${_mlv}='`eval 'echo ${'$_mlrv':-}'`' ";
 fi;
 done;
 if [ -n "${_mlre:-}" ]; then
 eval `eval ${_mlre}/usr/bin/tclsh /afs/crc.nd.edu/x86_64_linux/Modules/4.5.0/libexec/modulecmd.tcl bash '"$@"'`;
 else
 eval `/usr/bin/tclsh /afs/crc.nd.edu/x86_64_linux/Modules/4.5.0/libexec/modulecmd.tcl bash "$@"`;
 fi;
 _mlstatus=$?;
 if [ -n "${_mlIFS+x}" ]; then
 IFS=$_mlIFS;
 else
 unset IFS;
 fi;
 unset _mlre _mlv _mlrv _mlIFS;
 if [ -n "${_mlshdbg:-}" ]; then
 set -$_mlshdbg;
 fi;
 unset _mlshdbg;
 return $_mlstatus
}
BASH_FUNC_ml()=() {  module ml "$@"
}
_=/usr/bin/printenv
