3376   0.000000 libjli.so->getenv("_JAVA_LAUNCHER_DEBUG") = nil
3376   0.001779 libjli.so->getenv("_JAVA_VERSION_SET") = nil
3376   0.000790 libjli.so->fopen("/usr/lib/jvm/java-1.8.0-openjdk-1.8.0.262.b10-0.el7_8.x86_64/jre/lib/amd64/jvm.cfg", "r") = 0x55fe6022a0e0
3376   0.000802 libjli.so->getenv("JDK_ALTERNATE_VM") = nil
3376   0.000320 libjli.so->__xstat(1, "/usr/lib/jvm/java-1.8.0-openjdk-1.8.0.262.b10-0.el7_8.x86_64/jre/lib/amd64/server/libjvm.so", 0x7ffc7757de60) = 0
3376   0.000590 libjli.so->getenv("LD_LIBRARY_PATH") = "/afs/crc.nd.edu/group/ccl/software/x86_64/redhat7/ruby/current/lib:/afs/crc.nd.edu/group/ccl/software/x86_64/redhat7/graphviz/current/lib:/afs/crc.nd.edu/group/ccl/software/x86_64/redhat7/git/current/lib:/afs/crc.nd.edu/group/ccl/software/x86_64/redhat7/condor/current/lib:/afs/crc.nd.edu/group/ccl/software/x86_64/redhat7/clang/current/lib:/afs/crc.nd.edu/group/ccl/software/x86_64/redhat7/condor/current/lib:/afs/crc.nd.edu/group/ccl/software/x86_64/redhat7/cctools/current/lib:/opt/crc/usr/local/lib"
3376   0.002164 libjli.so->dlopen("/usr/lib/jvm/java-1.8.0-openjdk-1.8.0.262.b10-0.el7_8.x86_64/jre/lib/amd64/server/libjvm.so", 258 <unfinished ...>
3376   0.038489 libjvm.so->getenv("NMT_LEVEL_3376") = nil
3376   0.001603 <... dlopen resumed> )           = 0x55fe6022a4b0
3376   0.000079 libjli.so->getenv("CLASSPATH")   = nil
3376   0.000304 libjli.so->getenv("_JAVA_SPLASH_JAR") = nil
3376   0.000300 libjli.so->getenv("_JAVA_SPLASH_FILE") = nil
3376   0.000362 libjli.so->pthread_attr_setdetachstate(0x7ffc7757de10, 0, 0x7ffc7757dea0, 0) = 0
3376   0.000483 libpthread.so.0->__clone(0x2b09913f9de0, 0x2b099130cfc0, 0x3d0f00, 0x2b099130d700) = 3385
3385   0.001412 libjvm.so->dlopen(0x2b0992bd89ae, 1, 0xfffffffffff42c48, 4096) = 0x2b0994000990
3385   0.002537 libjvm.so->getenv(0x2b0992bf383e, 0, 115, 0x65737361) = 0x7ffc775846b5
3385   0.000434 libjvm.so->fopen(0x2b099130bc10, 0x2b0992b8fccb, 0x6f732e79666972, 0x2b0991cd1ab0) = 0x2b0994001440
3385   0.001346 libjvm.so->dlopen(0x2b099130bc10, 1, 0xffffffff, 0x2b0994002b00) = 0x2b0994001440
3385   0.001512 libjvm.so->fopen(0x2b099130bc10, 0x2b0992b8fccb, 111, 0x732e6176) = 0x2b0994001b10
3385   0.001715 libjvm.so->dlopen(0x2b099130bc10, 1, 0xffffffff, 0x2b0994001a00) = 0x2b0994001b10
3385   0.001566 libjvm.so->__xstat(1, 0x2b099130c360, 0x2b099130cba0, 0x746f7073746f682e) = -1
3385   0.000474 libjvm.so->getenv(0x2b0992b88541, 0x2b099130c6d0, 1024, 0x2b099304261b) = 0
3385   0.000433 libjvm.so->getenv(0x2b0992b88533, 0x2b099130c6d0, 1024, 0) = 0
3385   0.000411 libjvm.so->fopen(0x2b0992bd8315, 0x2b0992b8fccb, 4095, 0xffffd4f66d477b03) = 0x2b09940032d0
3385   0.001013 libjvm.so->fopen(0x2b0992bd8361, 0x2b0992b8fccb, 0x2b0994000078, 0x2b09940032c0) = 0x2b09940032d0
3385   0.000707 libjvm.so->fopen(0x2b09913069b0, 0x2b0992b8fccb, 4014, 3995) = 0x2b09940032d0
3385   0.000640 libjvm.so->opendir(0x2b0994002b40, 0x2b0994002b40, 13, 16) = 0
3385   0.000487 libjvm.so->__xstat(1, 0x2b099130b8f0, 0x2b099130a860, 0x6f732e7477616d62) = -1
3385   0.000453 libjvm.so->__xstat(1, 0x2b099130b8f0, 0x2b099130a860, 0x5f74776162696c2f) = 0
3385   0.000538 libjvm.so->fopen(0x2b099130ab90, 0x2b0992b8fccb, 4009, 3994) = 0x2b09940037b0
3385   0.000589 libjvm.so->fopen(0x2b099130ab90, 0x2b0992b8fccb, 4009, 3994) = 0x2b09940037b0
3385   0.000638 libjvm.so->fopen(0x2b099130ab90, 0x2b0992b8fccb, 4009, 4002) = 0x2b09940037b0
3385   0.000655 libjvm.so->fopen(0x2b099130ab20, 0x2b0992b8fccb, 4009, 3994) = 0x2b09940037b0
3385   0.000675 libjvm.so->fopen(0x2b099130ab20, 0x2b0992b8fccb, 4009, 3994) = 0x2b09940037b0
3385   0.000660 libjvm.so->fopen(0x2b099130ab20, 0x2b0992b8fccb, 4009, 4002) = 0x2b09940037b0
3385   0.000598 libjvm.so->fopen(0x2b099130ab50, 0x2b0992b8fccb, 4014, 3995) = 0x2b09940037b0
3385   0.000801 libjvm.so->getenv(0x2b0992bd90ff, 4096, 3, -1) = 0
3385   0.000923 libjvm.so->fopen(0x2b0992bd8998, 0x2b0992b8fccb, 0x2b09913f0908, 0x2b09913efdf0) = 0x2b09940037b0
3385   0.004892 libjvm.so->open(0x2b099404a5a0, 0x20000, 0, 0x2b099404a5e9) = 3
3385   0.000562 libjvm.so->__fxstat(1, 3, 0x2b099130ca00, -1) = 0
3385   0.001876 libjvm.so->opendir(0x2b099404a5a0, 0x2b099130ca00, 0x4000, -1) = 0x2b099404b4b0
3385   0.000603 libjvm.so->__fxstat(1, 3, 0x2b099130c8a0, 0x2b099404b4b0) = 0
3385   0.000563 libjvm.so->__fxstat(1, 5, 0x2b099130c930, -1) = 0
3385   0.000575 libjvm.so->open(0x2b0992ba69dc, 0, 0, 0) = 3
3385   0.000817 libjvm.so->__lxstat(1, 0x2b099404a5a0, 0x2b099130cb50, -144) = 0
3385   0.000604 libjvm.so->open(0x2b099404a5a0, 0x20000, 0x4000, -1) = 3
3385   0.000547 libjvm.so->__fxstat(1, 3, 0x2b099130ca00, -1) = 0
3385   0.000587 libjvm.so->opendir(0x2b099404a5a0, 0x2b099130ca00, 0x4000, -1) = 0x2b099404b4b0
3385   0.000561 libjvm.so->__fxstat(1, 3, 0x2b099130c8a0, 0x2b099404b4b0) = 0
3385   0.000531 libjvm.so->__fxstat(1, 5, 0x2b099130c930, -1) = 0
3385   0.000463 libjvm.so->open(0x2b0992ba69dc, 0, 0, 0) = 3
3385   0.000561 libjvm.so->open(0x2b099404a5e9, 0x20042, 384, -1) = 7
3385   0.000656 libjvm.so->__fxstat(1, 7, 0x2b099130cb50, -1) = 0
3385   0.001672 libjvm.so->fopen(0x2b099130bb60, 0x2b0992b8fccb, 4, 0x6f732e70) = 0x2b0994057c00
3385   0.001581 libjvm.so->dlopen(0x2b099130bb60, 1, 0xffffffff, 0x2b0994057b00) = 0x2b0994057c00
3385   0.001497 libjvm.so->__xstat(1, 0x2b099130c120, 0x2b099130c950, 2048) = 0
3385   0.000480 libjvm.so->__xstat(1, 0x2b099130c120, 0x2b099130c950, 2048) = 0
3385   0.000415 libjvm.so->__xstat(1, 0x2b099130c120, 0x2b099130c950, 2048) = -1
3385   0.000469 libjvm.so->__xstat(1, 0x2b099130c120, 0x2b099130c950, 2048) = 0
3385   0.000477 libjvm.so->__xstat(1, 0x2b099130c120, 0x2b099130c950, 2048) = 0
3385   0.000500 libjvm.so->__xstat(1, 0x2b099130c120, 0x2b099130c950, 2048) = 0
3385   0.000415 libjvm.so->__xstat(1, 0x2b099130c120, 0x2b099130c950, 2048) = 0
3385   0.000464 libjvm.so->__xstat(1, 0x2b099130c120, 0x2b099130c950, 2048) = -1
3385   0.000453 libjvm.so->fopen(0x2b0994002520, 0x2b0992b8fccb, 0, 0) = 0x2b0994058aa0
3385   0.008710 libjvm.so->open64(0x2b099130b410, 0, 0, 16) = 3
3385   0.000509 libjvm.so->__fxstat64(1, 3, 0x2b099130b240, -1) = 0
3385   0.036293 libjvm.so->__xstat(1, 0x2b099130bf20, 0x2b099130c750, 2048) = -1
3385   0.000491 libjvm.so->fopen(0x2b099130ab20, 0x2b0992b8fccb, 4009, 3994) = 0x2b09940b1fb0
3385   0.000607 libjvm.so->fopen(0x2b099130ab20, 0x2b0992b8fccb, 4009, 3994) = 0x2b09940b1fb0
3385   0.000617 libjvm.so->fopen(0x2b099130ab20, 0x2b0992b8fccb, 4009, 4002) = 0x2b09940b1fb0
3385   0.004152 libjvm.so->pthread_attr_setdetachstate(0x2b099130cc00, 1, 0, 0) = 0
3385   0.000508 libpthread.so.0->__clone(0x2b09913f9de0, 0x2b09a9cb8fc0, 0x3d0f00, 0x2b09a9cb9700) = 3398
3385   0.015243 libjvm.so->pthread_attr_setdetachstate(0x2b099130c290, 1, 0, 0) = 0
3385   0.000674 libpthread.so.0->__clone(0x2b09913f9de0, 0x2b09a9db9fc0, 0x3d0f00, 0x2b09a9dba700) = 3399
3385   0.006851 libjvm.so->pthread_attr_setdetachstate(0x2b099130c610, 1, 0, 0) = 0
3385   0.000752 libpthread.so.0->__clone(0x2b09913f9de0, 0x2b09a9ebafc0, 0x3d0f00, 0x2b09a9ebb700) = 3400
3385   0.040370 libjvm.so->fopen(0x2b09940f1810, 0x2b0992b8fccb, 4, 0x6f732e70) = 0x2b09940f1d10
3385   0.001893 libjvm.so->dlopen(0x2b09940f1810, 1, 0xffffffff, 0x2b09940e8c00) = 0x2b0994057c00
3385   0.005334 libjvm.so->open64(0x2b099130b510, 0, 0, 16) = 5
3385   0.000955 libjvm.so->__fxstat64(1, 5, 0x2b099130b340, -1) = 0
3385   0.024810 libjvm.so->fopen(0x2b0991308130, 0x2b0992b8fccb, 4009, 3994) = 0x2b09940fcce0
3385   0.001125 libjvm.so->fopen(0x2b0991308130, 0x2b0992b8fccb, 4009, 3994) = 0x2b09940fcce0
3385   0.001058 libjvm.so->fopen(0x2b0991308130, 0x2b0992b8fccb, 4009, 4002) = 0x2b09940fcce0
3385   0.016192 libjvm.so->pthread_attr_setdetachstate(0x2b099130cb50, 1, 0, 0) = 0
3385   0.001002 libpthread.so.0->__clone(0x2b09913f9de0, 0x2b09a9fbbfc0, 0x3d0f00, 0x2b09a9fbc700) = 3403
3385   0.001676 libjvm.so->__xstat64(1, 0x2b099130cbe0, 0x2b099130cb50, 18) = -1
3385   0.001246 libjvm.so->pthread_attr_setdetachstate(0x2b099130c950, 1, 0, 0) = 0
3385   0.001137 libpthread.so.0->__clone(0x2b09913f9de0, 0x2b09aa0bcfc0, 0x3d0f00, 0x2b09aa0bd700) = 3404
3385   0.002581 libjvm.so->pthread_attr_setdetachstate(0x2b099130c950, 1, 0, 0) = 0
3385   0.003858 libpthread.so.0->__clone(0x2b09913f9de0, 0x2b09aa1bdfc0, 0x3d0f00, 0x2b09aa1be700) = 3408
3385   0.008345 libjvm.so->pthread_attr_setdetachstate(0x2b099130caa0, 1, 0, 0) = 0
3385   0.001438 libpthread.so.0->__clone(0x2b09913f9de0, 0x2b09aa2befc0, 0x3d0f00, 0x2b09aa2bf700) = 3411
3385   0.004470 libjvm.so->pthread_attr_setdetachstate(0x2b099130cbb0, 1, 0, 0) = 0
3385   0.001665 libpthread.so.0->__clone(0x2b09913f9de0, 0x2b09aa3bffc0, 0x3d0f00, 0x2b09aa3c0700) = 3412
3385   0.022099 libjvm.so->open64(0x2b09941368d0, 0, 0, 16) = 7
3385   0.001951 libjvm.so->__fxstat64(1, 7, 0x2b0991309f60, -1) = 0
3385   0.028871 libjvm.so->fopen(0x2b099415c5f0, 0x2b0992b8fccb, 4, 0x6f732e6f) = 0x2b099415c6b0
3385   0.005106 libjvm.so->dlopen(0x2b099415c5f0, 1, 0xffffffff, 0x2b099415c600) = 0x2b099415c6b0
3385   0.127069 libjvm.so->fopen(0x2b0991306e40, 0x2b0992b8fccb, 0x6f732e, 0x6d766a62696c2f72) = 0x2b0994171e10
3385   0.006338 libjvm.so->dlopen(0x2b0991306e40, 1, 0xffffffff, 0x2b0994171d00) = 0x55fe6022a4b0
3385   0.001665 libjvm.so->fopen(0x2b0991306e40, 0x2b0992b8fccb, 0x6f732e, 0x6d766a62696c2f72) = 0x2b0994172210
3385   0.005953 libjvm.so->dlopen(0x2b0991306e40, 1, 0xffffffff, 0x2b0994171d00) = 0x55fe6022a4b0
3385   0.001593 libjvm.so->fopen(0x2b0991306e40, 0x2b0992b8fccb, 0x6f732e, 0x6d766a62696c2f72) = 0x2b0994171e10
3385   0.005006 libjvm.so->dlopen(0x2b0991306e40, 1, 0xffffffff, 0x2b0994171d00) = 0x55fe6022a4b0
3385   0.001632 libjvm.so->fopen(0x2b0991306e40, 0x2b0992b8fccb, 0x6f732e, 0x6d766a62696c2f72) = 0x2b0994171e10
3385   0.007312 libjvm.so->dlopen(0x2b0991306e40, 1, 0xffffffff, 0x2b0994171d00) = 0x55fe6022a4b0
3385   0.051850 libjvm.so->fopen(0x2b09941af3e0, 0x2b0992b8fccb, 4, 0x6f732e74) = 0x2b09941bd330
3385   0.003258 libjvm.so->dlopen(0x2b09941af3e0, 1, 0xffffffff, 0x2b09941a5600) = 0x2b09941bd330
3385   0.147445 libjvm.so->fopen(0x2b09941f85a0, 0x2b0992b8fccb, 0x6f732e7373656c, 0x656c646165685f74) = 0x2b09941f8680
3385   0.004040 libjvm.so->dlopen(0x2b09941f85a0, 1, 0xffffffff, 0x2b09941f8600) = 0x2b09941f8680
3412   0.041902 +++ exited (status 0) +++
3403   0.000414 +++ exited (status 0) +++
3398   0.000295 +++ exited (status 0) +++
3385   0.001310 +++ exited (status 0) +++
3411   0.000961 +++ exited (status 1) +++
3404   0.000030 +++ exited (status 1) +++
3400   0.000015 +++ exited (status 1) +++
3399   0.000014 +++ exited (status 1) +++
3408   0.005214 +++ exited (status 1) +++
3376   0.000052 +++ exited (status 1) +++
Wrote an ltrace for command: "java -cp ./tools/maxent.jar density.Project outputs/Ecnomina_scindens_Neboiss/Ecnomina_scindens_Neboiss.lambdas data/layers/worldclim outputs/Ecnomina_scindens_Neboiss_worldclim.asc nowarnings nocache autorun -z" with PID 3374 from PPID 3349 on disc24.crc.nd.edu with result 1
REMOTEHOST=10.17.150.11
_CONDOR_JOB_PIDS=
MANPATH=/afs/crc.nd.edu/user/n/nkremerh/cctools/share/man/:/afs/crc.nd.edu/group/ccl/software/x86_64/redhat7/ruby/current/share/man:/afs/crc.nd.edu/group/ccl/software/x86_64/redhat7/graphviz/current/share/man:/afs/crc.nd.edu/group/ccl/software/x86_64/redhat7/gnuplot/current/share/man:/afs/crc.nd.edu/group/ccl/software/x86_64/redhat7/git/current/share/man:/afs/crc.nd.edu/group/ccl/software/x86_64/redhat7/condor/current/share/man:/afs/crc.nd.edu/group/ccl/software/x86_64/redhat7/clang/current/share/man:/afs/crc.nd.edu/group/ccl/software/x86_64/redhat7/condor/current/share/man:/afs/crc.nd.edu/group/ccl/software/x86_64/redhat7/cctools/current/share/man:/afs/crc.nd.edu/group/ccl/software/x86_64/redhat7/cctools/current/share/man:/afs/crc.nd.edu/x86_64_linux/Modules/4.5.0/share/man:/opt/crc/usr/local/man:/opt/sge/man:/usr/share/man/overrides:/usr/share/man:/usr/local/share/man
XDG_SESSION_ID=4102
HOSTNAME=disc01.crc.nd.edu
_LMFILES__modshare=/afs/crc.nd.edu/x86_64_linux/Modules/modules/system_modules/CRC_default/1.1:1
MODULEPATH_modshare=/afs/crc.nd.edu/x86_64_linux/Modules/modules/general_software:1:/afs/crc.nd.edu/x86_64_linux/Modules/modules/development_tools_and_libraries:1:/afs/crc.nd.edu/x86_64_linux/Modules/modules/system_modules:1:/afs/crc.nd.edu/x86_64_linux/Modules/current/modulefiles:1:/afs/crc.nd.edu/x86_64_linux/Modules/modules/restricted_software:1:/afs/crc.nd.edu/x86_64_linux/Modules/modules/deprecated_software:1
MODULES_CMD=/afs/crc.nd.edu/x86_64_linux/Modules/4.5.0/libexec/modulecmd.tcl
HOST=disc01.crc.nd.edu
SHELL=/bin/tcsh
TERM=xterm-256color
_CONDOR_ANCESTOR_24619=24649:1600190003:3726164566
MAKEFLAGS=
HISTSIZE=5000
TMPDIR=/var/condor/execute/dir_24619/worker-213124-24684/t.1374/cctools-temp-t.1374.XXVcsy
SSH_CLIENT=10.17.150.11 36546 22
PERL5LIB=/afs/crc.nd.edu/user/n/nkremerh/cctools/lib/perl5/site_perl/5.16.3:/afs/crc.nd.edu/user/n/nkremerh/.perl5/lib/perl5
SGE_CELL=crc
_CONDOR_ANCESTOR_3661=24619:1600190002:3585230409
_CONDOR_SCRATCH_DIR=/var/condor/execute/dir_24619
PERL_MB_OPT=--install_base '/afs/crc.nd.edu/user/n/nkremerh/.perl5/'
SSH_TTY=/dev/pts/2
SGE_LOAD_AVG=load_avg
MAKEFLOW_MAX_LOCAL_JOBS=2
HISTFILESIZE=10000
_CHIRP_DELAYED_UPDATE_PREFIX=Chirp*
USER=nkremerh
GROUP=campus
LD_LIBRARY_PATH=/afs/crc.nd.edu/group/ccl/software/x86_64/redhat7/ruby/current/lib:/afs/crc.nd.edu/group/ccl/software/x86_64/redhat7/graphviz/current/lib:/afs/crc.nd.edu/group/ccl/software/x86_64/redhat7/git/current/lib:/afs/crc.nd.edu/group/ccl/software/x86_64/redhat7/condor/current/lib:/afs/crc.nd.edu/group/ccl/software/x86_64/redhat7/clang/current/lib:/afs/crc.nd.edu/group/ccl/software/x86_64/redhat7/condor/current/lib:/afs/crc.nd.edu/group/ccl/software/x86_64/redhat7/cctools/current/lib:/opt/crc/usr/local/lib
TEMP=/var/condor/execute/dir_24619/worker-213124-24684/t.1374/cctools-temp-t.1374.XXVcsy
BATCH_SYSTEM=HTCondor
WORKER_TMPDIR=/var/condor/execute/dir_24619/worker-213124-24684/cache/tmp
ENV=/afs/crc.nd.edu/x86_64_linux/Modules/4.5.0/init/profile.sh
MODULES_LMALTNAME=CRC_default/1.1&CRC_default/default&CRC_default
_CONDOR_CHIRP_CONFIG=/var/condor/execute/dir_24619/.chirp.config
GLOBUS_GSSAPI_MAX_TLS_PROTOCOL=0
_CONDOR_HIGHPORT=9999
HOSTTYPE=x86_64-linux
MAKELEVEL=1
MFLAGS=
CCLSOFTWARE=/afs/crc.nd.edu/group/ccl/software/x86_64/redhat7
PATH=/afs/crc.nd.edu/user/n/nkremerh/cctools/bin:/afs/crc.nd.edu/user/n/nkremerh/miniconda/bin:/afs/crc.nd.edu/group/ccl/software/git:/afs/crc.nd.edu/user/n/nkremerh/.local/bin:/afs/crc.nd.edu/group/ccl/software/x86_64/redhat7/povray/3.7/bin:/afs/crc.nd.edu/user/n/nkremerh/.perl5/bin:/afs/crc.nd.edu/user/n/nkremerh/pegasus/bin:/afs/crc.nd.edu/user/n/nkremerh/nodejs/bin:/afs/crc.nd.edu/user/n/nkremerh/montage/bin:/afs/crc.nd.edu/user/n/nkremerh/latexdiff:/afs/crc.nd.edu/user/n/nkremerh/envtrace:/afs/crc.nd.edu/user/n/nkremerh/endlines:/afs/crc.nd.edu/user/n/nkremerh/cctools/bin:/afs/crc.nd.edu/user/n/nkremerh/.cargo/bin:/afs/crc.nd.edu/group/ccl/software/x86_64/redhat7/ruby/current/bin:/afs/crc.nd.edu/group/ccl/software/x86_64/redhat7/graphviz/current/bin:/afs/crc.nd.edu/group/ccl/software/x86_64/redhat7/gnuplot/current/bin:/afs/crc.nd.edu/group/ccl/software/x86_64/redhat7/git/current/bin:/afs/crc.nd.edu/group/ccl/software/x86_64/redhat7/condor/current/sbin:/afs/crc.nd.edu/group/ccl/software/x86_64/redhat7/condor/current/bin:/afs/crc.nd.edu/group/ccl/software/x86_64/redhat7/cmake/current/bin:/afs/crc.nd.edu/group/ccl/software/x86_64/redhat7/clang/current/bin:/afs/crc.nd.edu/group/ccl/software/x86_64/redhat7/condor/current/sbin:/afs/crc.nd.edu/group/ccl/software/x86_64/redhat7/condor/current/bin:/afs/crc.nd.edu/group/ccl/software/x86_64/redhat7/cctools/current/bin:/afs/crc.nd.edu/x86_64_linux/Modules/4.5.0/bin:/opt/crc/usr/local/bin:/opt/sge/bin/lx-amd64:/usr/local/bin:/usr/bin:/usr/local/sbin:/usr/sbin:/afs/crc.nd.edu/user/c/condor/software/bin:/afs/crc.nd.edu/user/c/condor/software/sbin
MAIL=/var/spool/mail/nkremerh
_CONDOR_ANCESTOR_3620=3661:1598183993:2394854300
PWD=/var/condor/execute/dir_24619/worker-213124-24684/t.1374
_LMFILES_=/afs/crc.nd.edu/x86_64_linux/Modules/modules/system_modules/CRC_default/1.1
SGE_EXECD_PORT=6445
EDITOR=vim
LANG=en_US.UTF-8
MODULEPATH=/afs/crc.nd.edu/x86_64_linux/Modules/modules/development_tools_and_libraries:/afs/crc.nd.edu/x86_64_linux/Modules/modules/general_software:/afs/crc.nd.edu/x86_64_linux/Modules/modules/restricted_software:/afs/crc.nd.edu/x86_64_linux/Modules/modules/system_modules:/afs/crc.nd.edu/x86_64_linux/Modules/modules/deprecated_software:/afs/crc.nd.edu/x86_64_linux/Modules/current/modulefiles
SGE_QMASTER_PORT=6444
SGE_ROOT=/opt/sge
LOADEDMODULES=CRC_default/1.1
WORK_QUEUE_SANDBOX=/var/condor/execute/dir_24619/worker-213124-24684
_CONDOR_SLOT=slot2_1
CCLPLATFORM=x86_64/redhat7
USE_SYSTEMD=true
_CONDOR_LOWPORT=9100
KRB5CCNAME=FILE:/tmp/krb5cc_213124_DZSV7p
HISTCONTROL=ignoreboth:erasedups
PATH_modshare=/opt/crc/usr/local/bin:1:/opt/sge/bin/lx-amd64:1:/usr/sbin:1:/usr/bin:1:/afs/crc.nd.edu/user/c/condor/software/sbin:1:/usr/local/sbin:1:/afs/crc.nd.edu/user/c/condor/software/bin:1:/usr/local/bin:1
SHLVL=7
HOME=disc01.crc.nd.edu
GLOBUS_GSSAPI_NAME_COMPATIBILITY=STRICT_RFC2818
_CONDOR_MACHINE_AD=/var/condor/execute/dir_24619/.machine.ad
OSTYPE=linux
DISK=18226
GREP_OPTIONS=--color=auto
GLOBUS_GSSAPI_MIN_TLS_PROTOCOL=TLS1_VERSION
MEMORY=1948
MANPATH_modshare=/usr/share/man/overrides:1:/usr/local/share/man:1:/usr/share/man:1:/opt/crc/usr/local/man:1:/opt/sge/man:1
VENDOR=unknown
BASH_ENV=/afs/crc.nd.edu/x86_64_linux/Modules/4.5.0/init/bash
PERL_LOCAL_LIB_ROOT=/afs/crc.nd.edu/user/n/nkremerh/.perl5/
PYTHONPATH=/afs/crc.nd.edu/user/n/nkremerh/cctools/lib/python3.6/site-packages/
CCLHOME=/afs/crc.nd.edu/group/ccl
MACHTYPE=x86_64
LOGNAME=nkremerh
TMP=/var/condor/execute/dir_24619/worker-213124-24684/t.1374/cctools-temp-t.1374.XXVcsy
LD_LIBRARY_PATH_modshare=/opt/crc/usr/local/lib:1
MODULES_LMALTNAME_modshare=CRC_default/1.1&CRC_default/default&CRC_default:1
SSH_CONNECTION=10.17.150.11 36546 129.74.128.103 22
MODULESHOME=/afs/crc.nd.edu/x86_64_linux/Modules/4.5.0
OMP_NUM_THREADS=1
LESSOPEN=||/usr/bin/lesspipe.sh %s
GLOBUS_GSSAPI_BACKWARD_COMPATIBLE_MIC=true
GLOBUS_GSSAPI_CIPHERS=HIGH
LOADEDMODULES_modshare=CRC_default/1.1:1
_CONDOR_JOB_AD=/var/condor/execute/dir_24619/.job.ad
SGE_CLUSTER_NAME=CRC
XDG_RUNTIME_DIR=/run/user/213124
CCTOOLS=../cctools
CORES=2
_CONDOR_JOB_IWD=/var/condor/execute/dir_24619
PERL_MM_OPT=INSTALL_BASE=/afs/crc.nd.edu/user/n/nkremerh/.perl5/
GLOBUS_GSSAPI_SERVER_CIPHER_ORDER=true
BASH_FUNC_module()=() {  unset _mlshdbg;
 if [ "${MODULES_SILENT_SHELL_DEBUG:-0}" = '1' ]; then
 case "$-" in 
 *v*x*)
 set +vx;
 _mlshdbg='vx'
 ;;
 *v*)
 set +v;
 _mlshdbg='v'
 ;;
 *x*)
 set +x;
 _mlshdbg='x'
 ;;
 *)
 _mlshdbg=''
 ;;
 esac;
 fi;
 unset _mlre _mlIFS;
 if [ -n "${IFS+x}" ]; then
 _mlIFS=$IFS;
 fi;
 IFS=' ';
 for _mlv in ${MODULES_RUN_QUARANTINE:-};
 do
 if [ "${_mlv}" = "${_mlv##*[!A-Za-z0-9_]}" -a "${_mlv}" = "${_mlv#[0-9]}" ]; then
 if [ -n "`eval 'echo ${'$_mlv'+x}'`" ]; then
 _mlre="${_mlre:-}${_mlv}_modquar='`eval 'echo ${'$_mlv'}'`' ";
 fi;
 _mlrv="MODULES_RUNENV_${_mlv}";
 _mlre="${_mlre:-}${_mlv}='`eval 'echo ${'$_mlrv':-}'`' ";
 fi;
 done;
 if [ -n "${_mlre:-}" ]; then
 eval `eval ${_mlre}/usr/bin/tclsh /afs/crc.nd.edu/x86_64_linux/Modules/4.5.0/libexec/modulecmd.tcl bash '"$@"'`;
 else
 eval `/usr/bin/tclsh /afs/crc.nd.edu/x86_64_linux/Modules/4.5.0/libexec/modulecmd.tcl bash "$@"`;
 fi;
 _mlstatus=$?;
 if [ -n "${_mlIFS+x}" ]; then
 IFS=$_mlIFS;
 else
 unset IFS;
 fi;
 unset _mlre _mlv _mlrv _mlIFS;
 if [ -n "${_mlshdbg:-}" ]; then
 set -$_mlshdbg;
 fi;
 unset _mlshdbg;
 return $_mlstatus
}
BASH_FUNC_ml()=() {  module ml "$@"
}
_=/usr/bin/printenv
