28927   0.000000 libjli.so->getenv("_JAVA_LAUNCHER_DEBUG") = nil
28927   0.001144 libjli.so->getenv("_JAVA_VERSION_SET") = nil
28927   0.000469 libjli.so->fopen("/usr/lib/jvm/java-1.8.0-openjdk-1.8.0.262.b10-0.el7_8.x86_64/jre/lib/amd64/jvm.cfg", "r") = 0x5611c90ac0f0
28927   0.000571 libjli.so->getenv("JDK_ALTERNATE_VM") = nil
28927   0.000206 libjli.so->__xstat(1, "/usr/lib/jvm/java-1.8.0-openjdk-1.8.0.262.b10-0.el7_8.x86_64/jre/lib/amd64/server/libjvm.so", 0x7ffc8b20af40) = 0
28927   0.000395 libjli.so->getenv("LD_LIBRARY_PATH") = "/afs/crc.nd.edu/group/ccl/software/x86_64/redhat7/ruby/current/lib:/afs/crc.nd.edu/group/ccl/software/x86_64/redhat7/graphviz/current/lib:/afs/crc.nd.edu/group/ccl/software/x86_64/redhat7/git/current/lib:/afs/crc.nd.edu/group/ccl/software/x86_64/redhat7/condor/current/lib:/afs/crc.nd.edu/group/ccl/software/x86_64/redhat7/clang/current/lib:/afs/crc.nd.edu/group/ccl/software/x86_64/redhat7/condor/current/lib:/afs/crc.nd.edu/group/ccl/software/x86_64/redhat7/cctools/current/lib:/opt/crc/usr/local/lib"
28927   0.001385 libjli.so->dlopen("/usr/lib/jvm/java-1.8.0-openjdk-1.8.0.262.b10-0.el7_8.x86_64/jre/lib/amd64/server/libjvm.so", 258 <unfinished ...>
28927   0.024534 libjvm.so->getenv("NMT_LEVEL_28927") = nil
28927   0.001114 <... dlopen resumed> )          = 0x5611c90ac4c0
28927   0.000063 libjli.so->getenv("CLASSPATH")  = nil
28927   0.000205 libjli.so->getenv("_JAVA_SPLASH_JAR") = nil
28927   0.000235 libjli.so->getenv("_JAVA_SPLASH_FILE") = nil
28927   0.000215 libjli.so->pthread_attr_setdetachstate(0x7ffc8b20aef0, 0, 0x7ffc8b20af80, 0) = 0
28927   0.000292 libpthread.so.0->__clone(0x2b5c35909de0, 0x2b5c3581cfc0, 0x3d0f00, 0x2b5c3581d700) = 0x7105
28933   0.001235 libjvm.so->dlopen(0x2b5c370e89ae, 1, 0xfffffffffff42c48, 4096) = 0x2b5c38000990
28933   0.001691 libjvm.so->getenv(0x2b5c3710383e, 0, 115, 0x65737361) = 0x7ffc8b2116de
28933   0.000290 libjvm.so->fopen(0x2b5c3581bc10, 0x2b5c3709fccb, 0x6f732e79666972, 0x2b5c361e1ab0) = 0x2b5c38001440
28933   0.001542 libjvm.so->dlopen(0x2b5c3581bc10, 1, 0xffffffff, 0x2b5c38002b00) = 0x2b5c38001440
28933   0.001011 libjvm.so->fopen(0x2b5c3581bc10, 0x2b5c3709fccb, 111, 0x732e6176) = 0x2b5c38001b10
28933   0.001203 libjvm.so->dlopen(0x2b5c3581bc10, 1, 0xffffffff, 0x2b5c38001a00) = 0x2b5c38001b10
28933   0.001129 libjvm.so->__xstat(1, 0x2b5c3581c360, 0x2b5c3581cba0, 0x746f7073746f682e) = -1
28933   0.000311 libjvm.so->getenv(0x2b5c37098541, 0x2b5c3581c6d0, 1024, 0x2b5c3755261b) = 0
28933   0.000297 libjvm.so->getenv(0x2b5c37098533, 0x2b5c3581c6d0, 1024, 0) = 0
28933   0.000288 libjvm.so->fopen(0x2b5c370e8315, 0x2b5c3709fccb, 4095, 0xffffd4a3c8f67b03) = 0x2b5c38003290
28933   0.000802 libjvm.so->fopen(0x2b5c370e8361, 0x2b5c3709fccb, 0x2b5c38000078, 0x2b5c38003280) = 0x2b5c38003290
28933   0.000456 libjvm.so->fopen(0x2b5c358169b0, 0x2b5c3709fccb, 4016, 3997) = 0x2b5c38003290
28933   0.000469 libjvm.so->opendir(0x2b5c38002b40, 0x2b5c38002b40, 13, 16) = 0
28933   0.000305 libjvm.so->__xstat(1, 0x2b5c3581b8f0, 0x2b5c3581a860, 0x6f732e7477616d62) = -1
28933   0.000320 libjvm.so->__xstat(1, 0x2b5c3581b8f0, 0x2b5c3581a860, 0x5f74776162696c2f) = 0
28933   0.000318 libjvm.so->fopen(0x2b5c3581ab90, 0x2b5c3709fccb, 4011, 3996) = 0x2b5c38003770
28933   0.000425 libjvm.so->fopen(0x2b5c3581ab90, 0x2b5c3709fccb, 4011, 3996) = 0x2b5c38003770
28933   0.000428 libjvm.so->fopen(0x2b5c3581ab90, 0x2b5c3709fccb, 4011, 4004) = 0x2b5c38003770
28933   0.000415 libjvm.so->fopen(0x2b5c3581ab20, 0x2b5c3709fccb, 4011, 3996) = 0x2b5c38003770
28933   0.000504 libjvm.so->fopen(0x2b5c3581ab20, 0x2b5c3709fccb, 4011, 3996) = 0x2b5c38003770
28933   0.000466 libjvm.so->fopen(0x2b5c3581ab20, 0x2b5c3709fccb, 4011, 4004) = 0x2b5c38003770
28933   0.000713 libjvm.so->fopen(0x2b5c3581ab50, 0x2b5c3709fccb, 4016, 3997) = 0x2b5c38003770
28933   0.000629 libjvm.so->getenv(0x2b5c370e90ff, 4096, 3, -1) = 0
28933   0.000675 libjvm.so->fopen(0x2b5c370e8998, 0x2b5c3709fccb, 0x2b5c35900908, 0x2b5c358ffdf0) = 0x2b5c38003770
28933   0.003509 libjvm.so->open(0x2b5c3804a560, 0x20000, 0, 0x2b5c3804a5a9) = 3
28933   0.000334 libjvm.so->__fxstat(1, 3, 0x2b5c3581ca00, -1) = 0
28933   0.000322 libjvm.so->opendir(0x2b5c3804a560, 0x2b5c3581ca00, 0x4000, -1) = 0x2b5c3804b470
28933   0.000367 libjvm.so->__fxstat(1, 3, 0x2b5c3581c8a0, 0x2b5c3804b470) = 0
28933   0.000277 libjvm.so->__fxstat(1, 5, 0x2b5c3581c930, -1) = 0
28933   0.000295 libjvm.so->open(0x2b5c370b69dc, 0, 0, 0) = 3
28933   0.000480 libjvm.so->__lxstat(1, 0x2b5c3804a560, 0x2b5c3581cb50, -144) = 0
28933   0.000371 libjvm.so->open(0x2b5c3804a560, 0x20000, 0x4000, -1) = 3
28933   0.000284 libjvm.so->__fxstat(1, 3, 0x2b5c3581ca00, -1) = 0
28933   0.000335 libjvm.so->opendir(0x2b5c3804a560, 0x2b5c3581ca00, 0x4000, -1) = 0x2b5c3804b470
28933   0.000285 libjvm.so->__fxstat(1, 3, 0x2b5c3581c8a0, 0x2b5c3804b470) = 0
28933   0.000291 libjvm.so->__fxstat(1, 5, 0x2b5c3581c930, -1) = 0
28933   0.000300 libjvm.so->open(0x2b5c370b69dc, 0, 0, 0) = 3
28933   0.000326 libjvm.so->open(0x2b5c3804a5a9, 0x20042, 384, -1) = 7
28933   0.000416 libjvm.so->__fxstat(1, 7, 0x2b5c3581cb50, -1) = 0
28933   0.001334 libjvm.so->fopen(0x2b5c3581bb60, 0x2b5c3709fccb, 4, 0x6f732e70) = 0x2b5c38057bc0
28933   0.001140 libjvm.so->dlopen(0x2b5c3581bb60, 1, 0xffffffff, 0x2b5c38057b00) = 0x2b5c38057bc0
28933   0.001039 libjvm.so->__xstat(1, 0x2b5c3581c120, 0x2b5c3581c950, 2048) = 0
28933   0.000313 libjvm.so->__xstat(1, 0x2b5c3581c120, 0x2b5c3581c950, 2048) = 0
28933   0.000294 libjvm.so->__xstat(1, 0x2b5c3581c120, 0x2b5c3581c950, 2048) = -1
28933   0.000334 libjvm.so->__xstat(1, 0x2b5c3581c120, 0x2b5c3581c950, 2048) = 0
28933   0.000342 libjvm.so->__xstat(1, 0x2b5c3581c120, 0x2b5c3581c950, 2048) = 0
28933   0.000286 libjvm.so->__xstat(1, 0x2b5c3581c120, 0x2b5c3581c950, 2048) = 0
28933   0.000299 libjvm.so->__xstat(1, 0x2b5c3581c120, 0x2b5c3581c950, 2048) = 0
28933   0.000276 libjvm.so->__xstat(1, 0x2b5c3581c120, 0x2b5c3581c950, 2048) = -1
28933   0.000303 libjvm.so->fopen(0x2b5c38002520, 0x2b5c3709fccb, 0, 0) = 0x2b5c38058a60
28933   0.007445 libjvm.so->open64(0x2b5c3581b410, 0, 0, 16) = 3
28933   0.000394 libjvm.so->__fxstat64(1, 3, 0x2b5c3581b240, -1) = 0
28933   0.029448 libjvm.so->__xstat(1, 0x2b5c3581bf20, 0x2b5c3581c750, 2048) = -1
28933   0.000418 libjvm.so->fopen(0x2b5c3581ab20, 0x2b5c3709fccb, 4011, 3996) = 0x2b5c380b5e20
28933   0.000533 libjvm.so->fopen(0x2b5c3581ab20, 0x2b5c3709fccb, 4011, 3996) = 0x2b5c380b5e20
28933   0.000469 libjvm.so->fopen(0x2b5c3581ab20, 0x2b5c3709fccb, 4011, 4004) = 0x2b5c380b5e20
28933   0.003066 libjvm.so->pthread_attr_setdetachstate(0x2b5c3581cc00, 1, 0, 0) = 0
28933   0.000358 libpthread.so.0->__clone(0x2b5c35909de0, 0x2b5c4e1b7fc0, 0x3d0f00, 0x2b5c4e1b8700) = 0x7106
28933   0.012318 libjvm.so->pthread_attr_setdetachstate(0x2b5c3581c290, 1, 0, 0) = 0
28933   0.000624 libpthread.so.0->__clone(0x2b5c35909de0, 0x2b5c4e2b8fc0, 0x3d0f00, 0x2b5c4e2b9700) = 0x7107
28933   0.004789 libjvm.so->pthread_attr_setdetachstate(0x2b5c3581c610, 1, 0, 0) = 0
28933   0.000517 libpthread.so.0->__clone(0x2b5c35909de0, 0x2b5c4e3b9fc0, 0x3d0f00, 0x2b5c4e3ba700) = 0x7108
28933   0.025869 libjvm.so->fopen(0x2b5c380e9130, 0x2b5c3709fccb, 4, 0x6f732e70) = 0x2b5c380f1c70
28933   0.001258 libjvm.so->dlopen(0x2b5c380e9130, 1, 0xffffffff, 0x2b5c380ec300) = 0x2b5c38057bc0
28933   0.003252 libjvm.so->open64(0x2b5c3581b510, 0, 0, 16) = 5
28933   0.000582 libjvm.so->__fxstat64(1, 5, 0x2b5c3581b340, -1) = 0
28933   0.012839 libjvm.so->fopen(0x2b5c35818130, 0x2b5c3709fccb, 4011, 3996) = 0x2b5c380fcbc0
28933   0.000721 libjvm.so->fopen(0x2b5c35818130, 0x2b5c3709fccb, 4011, 3996) = 0x2b5c380fcbc0
28933   0.000771 libjvm.so->fopen(0x2b5c35818130, 0x2b5c3709fccb, 4011, 4004) = 0x2b5c380fcbc0
28933   0.009739 libjvm.so->pthread_attr_setdetachstate(0x2b5c3581cb50, 1, 0, 0) = 0
28933   0.000590 libpthread.so.0->__clone(0x2b5c35909de0, 0x2b5c4e4bafc0, 0x3d0f00, 0x2b5c4e4bb700) = 0x7109
28933   0.000930 libjvm.so->__xstat64(1, 0x2b5c3581cbe0, 0x2b5c3581cb50, 19) = -1
28933   0.000740 libjvm.so->pthread_attr_setdetachstate(0x2b5c3581c950, 1, 0, 0) = 0
28933   0.000708 libpthread.so.0->__clone(0x2b5c35909de0, 0x2b5c4e5bbfc0, 0x3d0f00, 0x2b5c4e5bc700) = 0x710a
28933   0.001052 libjvm.so->pthread_attr_setdetachstate(0x2b5c3581c950, 1, 0, 0) = 0
28933   0.000809 libpthread.so.0->__clone(0x2b5c35909de0, 0x2b5c4e6bcfc0, 0x3d0f00, 0x2b5c4e6bd700) = 0x710b
28933   0.005296 libjvm.so->pthread_attr_setdetachstate(0x2b5c3581caa0, 1, 0, 0) = 0
28933   0.000929 libpthread.so.0->__clone(0x2b5c35909de0, 0x2b5c4e7bdfc0, 0x3d0f00, 0x2b5c4e7be700) = 0x710c
28933   0.001396 libjvm.so->pthread_attr_setdetachstate(0x2b5c3581cbb0, 1, 0, 0) = 0
28933   0.001046 libpthread.so.0->__clone(0x2b5c35909de0, 0x2b5c4e8befc0, 0x3d0f00, 0x2b5c4e8bf700) = 0x710d
28933   0.009869 libjvm.so->open64(0x2b5c3812e840, 0, 0, 0) = 7
28933   0.001091 libjvm.so->__fxstat64(1, 7, 0x2b5c35819f60, -1) = 0
28933   0.016488 libjvm.so->fopen(0x2b5c38154580, 0x2b5c3709fccb, 4, 0x6f732e6f) = 0x2b5c38154640
28933   0.002093 libjvm.so->dlopen(0x2b5c38154580, 1, 0xffffffff, 0x2b5c38154500) = 0x2b5c38154640
28933   0.090454 libjvm.so->fopen(0x2b5c381adc20, 0x2b5c3709fccb, 4, 0x6f732e74) = 0x2b5c3819a8b0
28933   0.002110 libjvm.so->dlopen(0x2b5c381adc20, 1, 0xffffffff, 0x2b5c3819a800) = 0x2b5c3819a8b0
28933   0.094778 libjvm.so->fopen(0x2b5c38229020, 0x2b5c3709fccb, 0x6f732e7373656c, 0x656c646165685f74) = 0x2b5c38229100
28933   0.002557 libjvm.so->dlopen(0x2b5c38229020, 1, 0xffffffff, 0x2b5c38229000) = 0x2b5c38229100
28933   0.012438 libjvm.so->fopen(0x2b5c35815990, 0x2b5c3709fccb, 0x6f732e, 0x6d766a62696c2f72) = 0x2b5c38232fc0
28933   0.004144 libjvm.so->dlopen(0x2b5c35815990, 1, 0xffffffff, 0x2b5c38232500) = 0x5611c90ac4c0
28933   0.001126 libjvm.so->fopen(0x2b5c35815990, 0x2b5c3709fccb, 0x6f732e, 0x6d766a62696c2f72) = 0x2b5c38232f60
28933   0.003387 libjvm.so->dlopen(0x2b5c35815990, 1, 0xffffffff, 0x2b5c38232500) = 0x5611c90ac4c0
28933   0.001119 libjvm.so->fopen(0x2b5c35815990, 0x2b5c3709fccb, 0x6f732e, 0x6d766a62696c2f72) = 0x2b5c38232f60
28933   0.002197 libjvm.so->dlopen(0x2b5c35815990, 1, 0xffffffff, 0x2b5c38232500) = 0x5611c90ac4c0
28933   0.001559 libjvm.so->fopen(0x2b5c35815990, 0x2b5c3709fccb, 0x6f732e, 0x6d766a62696c2f72) = 0x2b5c38232f60
28933   0.002384 libjvm.so->dlopen(0x2b5c35815990, 1, 0xffffffff, 0x2b5c38232500) = 0x5611c90ac4c0
28933   0.168144 libjvm.so->fopen(0x2b5c35819ed0, 0x2b5c3709fccb, 111, 0x732e6176) = 0x2b5c38278780
28933   0.001957 libjvm.so->dlopen(0x2b5c35819ed0, 1, 0xffffffff, 0x2b5c38278700) = 0x2b5c38001b10
28933   0.001064 libjvm.so->fopen(0x2b5c35819ed0, 0x2b5c3709fccb, 111, 0x732e6176) = 0x2b5c38278a30
28933   0.003398 libjvm.so->dlopen(0x2b5c35819ed0, 1, 0xffffffff, 0x2b5c38278700) = 0x2b5c38001b10
28933   0.001107 libjvm.so->fopen(0x2b5c35819ed0, 0x2b5c3709fccb, 111, 0x732e6176) = 0x2b5c38278640
28933   0.001751 libjvm.so->dlopen(0x2b5c35819ed0, 1, 0xffffffff, 0x2b5c38278500) = 0x2b5c38001b10
28933   0.001049 libjvm.so->fopen(0x2b5c35819ed0, 0x2b5c3709fccb, 111, 0x732e6176) = 0x2b5c38278640
28933   0.001759 libjvm.so->dlopen(0x2b5c35819ed0, 1, 0xffffffff, 0x2b5c38278500) = 0x2b5c38001b10
28933   0.010510 libjvm.so->fopen(0x2b5c35819eb0, 0x2b5c3709fccb, 111, 0x732e6176) = 0x2b5c382786a0
28933   0.002832 libjvm.so->dlopen(0x2b5c35819eb0, 1, 0xffffffff, 0x2b5c38278600) = 0x2b5c38001b10
28933   0.002113 libjvm.so->fopen(0x2b5c35819eb0, 0x2b5c3709fccb, 111, 0x732e6176) = 0x2b5c382786a0
28933   0.001857 libjvm.so->dlopen(0x2b5c35819eb0, 1, 0xffffffff, 0x2b5c38278600) = 0x2b5c38001b10
28933   0.001086 libjvm.so->fopen(0x2b5c35819eb0, 0x2b5c3709fccb, 111, 0x732e6176) = 0x2b5c382786a0
28933   0.001835 libjvm.so->dlopen(0x2b5c35819eb0, 1, 0xffffffff, 0x2b5c38278600) = 0x2b5c38001b10
28933   0.001075 libjvm.so->fopen(0x2b5c35819eb0, 0x2b5c3709fccb, 111, 0x732e6176) = 0x2b5c382786a0
28933   0.002815 libjvm.so->dlopen(0x2b5c35819eb0, 1, 0xffffffff, 0x2b5c38278600) = 0x2b5c38001b10
28938   0.557037 --- SIGSEGV (Segmentation fault) ---
28933   8.123476 libjvm.so->fopen(0x2b5c35816920, 0x2b5c3709fccb, 4, 0x6f732e70) = 0x2b5c3820d950
28933   0.001967 libjvm.so->dlopen(0x2b5c35816920, 1, 0xffffffff, 0x2b5c38213700) = 0x2b5c38057bc0
28933   0.001063 libjvm.so->fopen(0x2b5c35816920, 0x2b5c3709fccb, 4, 0x6f732e70) = 0x2b5c3820d950
28933   0.001733 libjvm.so->dlopen(0x2b5c35816920, 1, 0xffffffff, 0x2b5c38213700) = 0x2b5c38057bc0
28933   0.001053 libjvm.so->fopen(0x2b5c35816920, 0x2b5c3709fccb, 4, 0x6f732e70) = 0x2b5c382103d0
28933   0.001671 libjvm.so->dlopen(0x2b5c35816920, 1, 0xffffffff, 0x2b5c38213700) = 0x2b5c38057bc0
28933   0.001043 libjvm.so->fopen(0x2b5c35816920, 0x2b5c3709fccb, 4, 0x6f732e70) = 0x2b5c38212860
28933   0.001655 libjvm.so->dlopen(0x2b5c35816920, 1, 0xffffffff, 0x2b5c38213700) = 0x2b5c38057bc0
28933   0.001116 libjvm.so->fopen(0x2b5c35816920, 0x2b5c3709fccb, 4, 0x6f732e70) = 0x2b5c3820d950
28933   0.001695 libjvm.so->dlopen(0x2b5c35816920, 1, 0xffffffff, 0x2b5c38212b00) = 0x2b5c38057bc0
28933   0.001044 libjvm.so->fopen(0x2b5c35816920, 0x2b5c3709fccb, 4, 0x6f732e70) = 0x2b5c3820d950
28933   0.001686 libjvm.so->dlopen(0x2b5c35816920, 1, 0xffffffff, 0x2b5c38212b00) = 0x2b5c38057bc0
28933   0.001047 libjvm.so->fopen(0x2b5c35816920, 0x2b5c3709fccb, 4, 0x6f732e70) = 0x2b5c3820d950
28933   0.001644 libjvm.so->dlopen(0x2b5c35816920, 1, 0xffffffff, 0x2b5c38212b00) = 0x2b5c38057bc0
28933   0.001055 libjvm.so->fopen(0x2b5c35816920, 0x2b5c3709fccb, 4, 0x6f732e70) = 0x2b5c3820d950
28933   0.001649 libjvm.so->dlopen(0x2b5c35816920, 1, 0xffffffff, 0x2b5c38212b00) = 0x2b5c38057bc0
28939   0.733694 --- SIGSEGV (Segmentation fault) ---
28933   1.000517 --- SIGSEGV (Segmentation fault) ---
28933  10.152071 libjvm.so->fopen(0x2b5c3828c5a0, 0x2b5c3709fccb, 0x6f732e72656761, 0x6567616e616d746e) = 0x2b5c3828c680
28933   0.002414 libjvm.so->dlopen(0x2b5c3828c5a0, 1, 0xffffffff, 0x2b5c3828c600) = 0x2b5c3828c680
28933   0.013776 libjvm.so->pthread_attr_setdetachstate(0x2b5c35818df0, 1, 0, 0) = 0
28933   0.001223 libpthread.so.0->__clone(0x2b5c35909de0, 0x2b5c4fe46fc0, 0x3d0f00, 0x2b5c4fe47700) = 0x7244
28933   0.015542 libjvm.so->fopen(0x2b5c382a1530, 0x2b5c3709fccb, 4, 0x6f732e74) = 0x2b5c382a3b40
28933   0.002049 libjvm.so->dlopen(0x2b5c382a1530, 1, 0xffffffff, 0x2b5c382a3a00) = 0x2b5c38154ce0
28933   0.079151 libjvm.so->open64(0x2b5c358170c0, 0, 0, 0) = 14
28933   0.001273 libjvm.so->__fxstat64(1, 14, 0x2b5c35816ef0, -1) = 0
28933   0.083317 libjvm.so->fopen(0x2b5c35818b50, 0x2b5c3709fccb, 0x6f732e, 0x6d766a62696c2f72) = 0x2b5c383384e0
28933   0.004098 libjvm.so->dlopen(0x2b5c35818b50, 1, 0xffffffff, 0x2b5c3833e500) = 0x5611c90ac4c0
28933   0.001348 libjvm.so->fopen(0x2b5c35818b50, 0x2b5c3709fccb, 0x6f732e, 0x6d766a62696c2f72) = 0x2b5c3833ef20
28933   0.006878 libjvm.so->dlopen(0x2b5c35818b50, 1, 0xffffffff, 0x2b5c3833e500) = 0x5611c90ac4c0
28933   0.001260 libjvm.so->fopen(0x2b5c35818b50, 0x2b5c3709fccb, 0x6f732e, 0x6d766a62696c2f72) = 0x2b5c3833ef20
28933   0.003781 libjvm.so->dlopen(0x2b5c35818b50, 1, 0xffffffff, 0x2b5c3833e500) = 0x5611c90ac4c0
28933   0.001209 libjvm.so->fopen(0x2b5c35818b50, 0x2b5c3709fccb, 0x6f732e, 0x6d766a62696c2f72) = 0x2b5c3833ef20
28933   0.002548 libjvm.so->dlopen(0x2b5c35818b50, 1, 0xffffffff, 0x2b5c3833e500) = 0x5611c90ac4c0
28933   0.025672 libjvm.so->fopen(0x2b5c358186e0, 0x2b5c3709fccb, 4, 0x6f732e6f) = 0x2b5c3833ef20
28933   0.003497 libjvm.so->dlopen(0x2b5c358186e0, 1, 0xffffffff, 0x2b5c3833de00) = 0x2b5c38154640
28933   0.001217 libjvm.so->fopen(0x2b5c358186e0, 0x2b5c3709fccb, 4, 0x6f732e6f) = 0x2b5c3833ef20
28933   0.003825 libjvm.so->dlopen(0x2b5c358186e0, 1, 0xffffffff, 0x2b5c3833de00) = 0x2b5c38154640
28933   0.005348 libjvm.so->fopen(0x2b5c358186e0, 0x2b5c3709fccb, 4, 0x6f732e6f) = 0x2b5c3833ef20
28933   0.003724 libjvm.so->dlopen(0x2b5c358186e0, 1, 0xffffffff, 0x2b5c3833de00) = 0x2b5c38154640
28933   0.001265 libjvm.so->fopen(0x2b5c358186e0, 0x2b5c3709fccb, 4, 0x6f732e6f) = 0x2b5c3833ef20
28933   0.002183 libjvm.so->dlopen(0x2b5c358186e0, 1, 0xffffffff, 0x2b5c3833de00) = 0x2b5c38154640
28933   0.164891 libjvm.so->open64(0x2b5c383ec140, 0, 0, 0) = 23
28933   0.001275 libjvm.so->__fxstat64(1, 23, 0x2b5c35819790, -1) = 0
28933   0.416229 libjvm.so->fopen(0x2b5c358183f0, 0x2b5c3709fccb, 4, 0x6f732e70) = 0x2b5c3818c620
28933   0.004497 libjvm.so->dlopen(0x2b5c358183f0, 1, 0xffffffff, 0x2b5c3818c500) = 0x2b5c38057bc0
28933   0.001198 libjvm.so->fopen(0x2b5c358183f0, 0x2b5c3709fccb, 4, 0x6f732e70) = 0x2b5c3841d700
28933   0.003549 libjvm.so->dlopen(0x2b5c358183f0, 1, 0xffffffff, 0x2b5c3818c500) = 0x2b5c38057bc0
28933   0.001438 libjvm.so->fopen(0x2b5c358183f0, 0x2b5c3709fccb, 4, 0x6f732e70) = 0x2b5c3841d700
28933   0.002028 libjvm.so->dlopen(0x2b5c358183f0, 1, 0xffffffff, 0x2b5c3818c500) = 0x2b5c38057bc0
28933   0.001199 libjvm.so->fopen(0x2b5c358183f0, 0x2b5c3709fccb, 4, 0x6f732e70) = 0x2b5c383ffc40
28933   0.002132 libjvm.so->dlopen(0x2b5c358183f0, 1, 0xffffffff, 0x2b5c3818c500) = 0x2b5c38057bc0
28933   0.001339 libjvm.so->fopen(0x2b5c358184d0, 0x2b5c3709fccb, 4, 0x6f732e70) = 0x2b5c383ffc40
28933   0.002086 libjvm.so->dlopen(0x2b5c358184d0, 1, 0xffffffff, 0x2b5c3818c500) = 0x2b5c38057bc0
28933   0.001198 libjvm.so->fopen(0x2b5c358184d0, 0x2b5c3709fccb, 4, 0x6f732e70) = 0x2b5c383ffc40
28933   0.002422 libjvm.so->dlopen(0x2b5c358184d0, 1, 0xffffffff, 0x2b5c3818c500) = 0x2b5c38057bc0
28933   0.005289 libjvm.so->fopen(0x2b5c358184d0, 0x2b5c3709fccb, 4, 0x6f732e70) = 0x2b5c383ffc40
28933   0.002993 libjvm.so->dlopen(0x2b5c358184d0, 1, 0xffffffff, 0x2b5c3818c500) = 0x2b5c38057bc0
28933   0.001192 libjvm.so->fopen(0x2b5c358184d0, 0x2b5c3709fccb, 4, 0x6f732e70) = 0x2b5c383ffc40
28933   0.001835 libjvm.so->dlopen(0x2b5c358184d0, 1, 0xffffffff, 0x2b5c3818c500) = 0x2b5c38057bc0
28933   0.001487 libjvm.so->fopen(0x2b5c358183e0, 0x2b5c3709fccb, 4, 0x6f732e70) = 0x2b5c383fff60
28933   0.001962 libjvm.so->dlopen(0x2b5c358183e0, 1, 0xffffffff, 0x2b5c383ffc00) = 0x2b5c38057bc0
28933   0.002485 libjvm.so->fopen(0x2b5c358183e0, 0x2b5c3709fccb, 4, 0x6f732e70) = 0x2b5c383ffd80
28933   0.004185 libjvm.so->dlopen(0x2b5c358183e0, 1, 0xffffffff, 0x2b5c383ffc00) = 0x2b5c38057bc0
28933   0.001220 libjvm.so->fopen(0x2b5c358183e0, 0x2b5c3709fccb, 4, 0x6f732e70) = 0x2b5c383ffd80
28933   0.002026 libjvm.so->dlopen(0x2b5c358183e0, 1, 0xffffffff, 0x2b5c383ffc00) = 0x2b5c38057bc0
28933   0.001214 libjvm.so->fopen(0x2b5c358183e0, 0x2b5c3709fccb, 4, 0x6f732e70) = 0x2b5c383ffd80
28933   0.002214 libjvm.so->dlopen(0x2b5c358183e0, 1, 0xffffffff, 0x2b5c383ffc00) = 0x2b5c38057bc0
28933   0.129972 --- SIGSEGV (Segmentation fault) ---
28933   0.001573 --- SIGSEGV (Segmentation fault) ---
28933   0.001928 --- SIGSEGV (Segmentation fault) ---
28933   0.000670 --- SIGSEGV (Segmentation fault) ---
28933   0.000774 --- SIGSEGV (Segmentation fault) ---
28933   0.000678 --- SIGSEGV (Segmentation fault) ---
28933   0.000427 --- SIGSEGV (Segmentation fault) ---
28933   0.000339 --- SIGSEGV (Segmentation fault) ---
28933   0.000859 --- SIGSEGV (Segmentation fault) ---
28933   0.000386 --- SIGSEGV (Segmentation fault) ---
28933   0.000275 --- SIGSEGV (Segmentation fault) ---
28933   0.000341 --- SIGSEGV (Segmentation fault) ---
28933   0.000727 --- SIGSEGV (Segmentation fault) ---
28938   0.000325 --- SIGSEGV (Segmentation fault) ---
28933   0.000102 --- SIGSEGV (Segmentation fault) ---
28933  12.318617 libjvm.so->fopen(0x2b5c3581a030, 0x2b5c3709fccb, 111, 0x732e6176) = 0x2b5c38400480
28933   0.002304 libjvm.so->dlopen(0x2b5c3581a030, 1, 0xffffffff, 0x2b5c3841c100) = 0x2b5c38001b10
28933   0.001959 libjvm.so->fopen(0x2b5c3581a030, 0x2b5c3709fccb, 111, 0x732e6176) = 0x2b5c384230e0
28933   0.002411 libjvm.so->dlopen(0x2b5c3581a030, 1, 0xffffffff, 0x2b5c3841c100) = 0x2b5c38001b10
28933   0.001187 libjvm.so->fopen(0x2b5c3581a030, 0x2b5c3709fccb, 111, 0x732e6176) = 0x2b5c384230e0
28933   0.001957 libjvm.so->dlopen(0x2b5c3581a030, 1, 0xffffffff, 0x2b5c3841c100) = 0x2b5c38001b10
28933   0.001218 libjvm.so->fopen(0x2b5c3581a030, 0x2b5c3709fccb, 111, 0x732e6176) = 0x2b5c384230e0
28933   0.001941 libjvm.so->dlopen(0x2b5c3581a030, 1, 0xffffffff, 0x2b5c3841c100) = 0x2b5c38001b10
28933   0.001522 libjvm.so->fopen(0x2b5c3581a030, 0x2b5c3709fccb, 111, 0x732e6176) = 0x2b5c384230e0
28933   0.001936 libjvm.so->dlopen(0x2b5c3581a030, 1, 0xffffffff, 0x2b5c3818c400) = 0x2b5c38001b10
28933   0.001190 libjvm.so->fopen(0x2b5c3581a030, 0x2b5c3709fccb, 111, 0x732e6176) = 0x2b5c384230e0
28933   0.001918 libjvm.so->dlopen(0x2b5c3581a030, 1, 0xffffffff, 0x2b5c3818c400) = 0x2b5c38001b10
28933   0.001187 libjvm.so->fopen(0x2b5c3581a030, 0x2b5c3709fccb, 111, 0x732e6176) = 0x2b5c384230e0
28933   0.002078 libjvm.so->dlopen(0x2b5c3581a030, 1, 0xffffffff, 0x2b5c3818c400) = 0x2b5c38001b10
28933   0.001692 libjvm.so->fopen(0x2b5c3581a030, 0x2b5c3709fccb, 111, 0x732e6176) = 0x2b5c384230e0
28933   0.001908 libjvm.so->dlopen(0x2b5c3581a030, 1, 0xffffffff, 0x2b5c3818c400) = 0x2b5c38001b10
28941   3.504104 +++ exited (status 0) +++
28937   0.000255 +++ exited (status 0) +++
28934   0.010367 +++ exited (status 0) +++
28933   0.000425 +++ exited (status 0) +++
28936   0.000301 +++ exited (status 0) +++
29252   0.000019 +++ exited (status 0) +++
28940   0.000011 +++ exited (status 0) +++
28938   0.000011 +++ exited (status 0) +++
28935   0.000009 +++ exited (status 0) +++
28939   0.017381 +++ exited (status 0) +++
28927   0.000119 +++ exited (status 0) +++
Wrote an ltrace for command: "java -cp ./tools/maxent.jar density.MaxEnt -s outputs/Euplexia_lucipara_Linnaeus.csv -e data/layers/worldclim -o outputs/Euplexia_lucipara_Linnaeus nowarnings nocache autorun -z" with PID 28924 from PPID 28906 on disc23.crc.nd.edu with result 0
REMOTEHOST=10.17.148.247
MANPATH=/afs/crc.nd.edu/user/n/nkremerh/cctools/share/man/:/afs/crc.nd.edu/group/ccl/software/x86_64/redhat7/ruby/current/share/man:/afs/crc.nd.edu/group/ccl/software/x86_64/redhat7/graphviz/current/share/man:/afs/crc.nd.edu/group/ccl/software/x86_64/redhat7/gnuplot/current/share/man:/afs/crc.nd.edu/group/ccl/software/x86_64/redhat7/git/current/share/man:/afs/crc.nd.edu/group/ccl/software/x86_64/redhat7/condor/current/share/man:/afs/crc.nd.edu/group/ccl/software/x86_64/redhat7/clang/current/share/man:/afs/crc.nd.edu/group/ccl/software/x86_64/redhat7/condor/current/share/man:/afs/crc.nd.edu/group/ccl/software/x86_64/redhat7/cctools/current/share/man:/afs/crc.nd.edu/group/ccl/software/x86_64/redhat7/cctools/current/share/man:/afs/crc.nd.edu/x86_64_linux/Modules/4.5.0/share/man:/opt/crc/usr/local/man:/opt/sge/man:/usr/share/man/overrides:/usr/share/man:/usr/local/share/man
_CONDOR_JOB_PIDS=
XDG_SESSION_ID=2686
HOSTNAME=disc01.crc.nd.edu
_LMFILES__modshare=/afs/crc.nd.edu/x86_64_linux/Modules/modules/system_modules/CRC_default/1.1:1
MODULEPATH_modshare=/afs/crc.nd.edu/x86_64_linux/Modules/modules/general_software:1:/afs/crc.nd.edu/x86_64_linux/Modules/modules/development_tools_and_libraries:1:/afs/crc.nd.edu/x86_64_linux/Modules/modules/system_modules:1:/afs/crc.nd.edu/x86_64_linux/Modules/current/modulefiles:1:/afs/crc.nd.edu/x86_64_linux/Modules/modules/restricted_software:1:/afs/crc.nd.edu/x86_64_linux/Modules/modules/deprecated_software:1
TERM=xterm-256color
SHELL=/bin/tcsh
HOST=disc01.crc.nd.edu
MODULES_CMD=/afs/crc.nd.edu/x86_64_linux/Modules/4.5.0/libexec/modulecmd.tcl
HISTSIZE=5000
MAKEFLAGS=
_CONDOR_ANCESTOR_23320=23335:1599499133:3917961144
SSH_CLIENT=10.17.148.247 49750 22
TMPDIR=/var/condor/execute/dir_23320/worker-213124-23376/t.677/cctools-temp-t.677.IyHgzz
PERL5LIB=/afs/crc.nd.edu/user/n/nkremerh/cctools/lib/perl5/site_perl/5.16.3:/afs/crc.nd.edu/user/n/nkremerh/.perl5/lib/perl5
SGE_CELL=crc
_CONDOR_SCRATCH_DIR=/var/condor/execute/dir_23320
PERL_MB_OPT=--install_base '/afs/crc.nd.edu/user/n/nkremerh/.perl5/'
SSH_TTY=/dev/pts/0
SGE_LOAD_AVG=load_avg
MAKEFLOW_MAX_LOCAL_JOBS=2
GROUP=campus
USER=nkremerh
_CHIRP_DELAYED_UPDATE_PREFIX=Chirp*
HISTFILESIZE=10000
TEMP=/var/condor/execute/dir_23320/worker-213124-23376/t.677/cctools-temp-t.677.IyHgzz
LD_LIBRARY_PATH=/afs/crc.nd.edu/group/ccl/software/x86_64/redhat7/ruby/current/lib:/afs/crc.nd.edu/group/ccl/software/x86_64/redhat7/graphviz/current/lib:/afs/crc.nd.edu/group/ccl/software/x86_64/redhat7/git/current/lib:/afs/crc.nd.edu/group/ccl/software/x86_64/redhat7/condor/current/lib:/afs/crc.nd.edu/group/ccl/software/x86_64/redhat7/clang/current/lib:/afs/crc.nd.edu/group/ccl/software/x86_64/redhat7/condor/current/lib:/afs/crc.nd.edu/group/ccl/software/x86_64/redhat7/cctools/current/lib:/opt/crc/usr/local/lib
BATCH_SYSTEM=HTCondor
MODULES_LMALTNAME=CRC_default/1.1&CRC_default/default&CRC_default
ENV=/afs/crc.nd.edu/x86_64_linux/Modules/4.5.0/init/profile.sh
WORKER_TMPDIR=/var/condor/execute/dir_23320/worker-213124-23376/cache/tmp
HOSTTYPE=x86_64-linux
_CONDOR_HIGHPORT=9999
GLOBUS_GSSAPI_MAX_TLS_PROTOCOL=0
_CONDOR_CHIRP_CONFIG=/var/condor/execute/dir_23320/.chirp.config
_CONDOR_ANCESTOR_3574=23320:1599499132:4040868322
MAKELEVEL=1
MFLAGS=
MAIL=/var/spool/mail/nkremerh
PATH=/afs/crc.nd.edu/user/n/nkremerh/cctools/bin:/afs/crc.nd.edu/user/n/nkremerh/miniconda/bin:/afs/crc.nd.edu/group/ccl/software/git:/afs/crc.nd.edu/user/n/nkremerh/.local/bin:/afs/crc.nd.edu/group/ccl/software/x86_64/redhat7/povray/3.7/bin:/afs/crc.nd.edu/user/n/nkremerh/.perl5/bin:/afs/crc.nd.edu/user/n/nkremerh/pegasus/bin:/afs/crc.nd.edu/user/n/nkremerh/nodejs/bin:/afs/crc.nd.edu/user/n/nkremerh/montage/bin:/afs/crc.nd.edu/user/n/nkremerh/latexdiff:/afs/crc.nd.edu/user/n/nkremerh/envtrace:/afs/crc.nd.edu/user/n/nkremerh/endlines:/afs/crc.nd.edu/user/n/nkremerh/cctools/bin:/afs/crc.nd.edu/user/n/nkremerh/.cargo/bin:/afs/crc.nd.edu/group/ccl/software/x86_64/redhat7/ruby/current/bin:/afs/crc.nd.edu/group/ccl/software/x86_64/redhat7/graphviz/current/bin:/afs/crc.nd.edu/group/ccl/software/x86_64/redhat7/gnuplot/current/bin:/afs/crc.nd.edu/group/ccl/software/x86_64/redhat7/git/current/bin:/afs/crc.nd.edu/group/ccl/software/x86_64/redhat7/condor/current/sbin:/afs/crc.nd.edu/group/ccl/software/x86_64/redhat7/condor/current/bin:/afs/crc.nd.edu/group/ccl/software/x86_64/redhat7/cmake/current/bin:/afs/crc.nd.edu/group/ccl/software/x86_64/redhat7/clang/current/bin:/afs/crc.nd.edu/group/ccl/software/x86_64/redhat7/condor/current/sbin:/afs/crc.nd.edu/group/ccl/software/x86_64/redhat7/condor/current/bin:/afs/crc.nd.edu/group/ccl/software/x86_64/redhat7/cctools/current/bin:/afs/crc.nd.edu/x86_64_linux/Modules/4.5.0/bin:/opt/crc/usr/local/bin:/opt/sge/bin/lx-amd64:/usr/local/bin:/usr/bin:/usr/local/sbin:/usr/sbin:/afs/crc.nd.edu/user/c/condor/software/bin:/afs/crc.nd.edu/user/c/condor/software/sbin
CCLSOFTWARE=/afs/crc.nd.edu/group/ccl/software/x86_64/redhat7
_CONDOR_ANCESTOR_3382=3574:1598183948:1170902758
PWD=/var/condor/execute/dir_23320/worker-213124-23376/t.677
_LMFILES_=/afs/crc.nd.edu/x86_64_linux/Modules/modules/system_modules/CRC_default/1.1
EDITOR=vim
SGE_EXECD_PORT=6445
LANG=en_US.UTF-8
SGE_QMASTER_PORT=6444
MODULEPATH=/afs/crc.nd.edu/x86_64_linux/Modules/modules/development_tools_and_libraries:/afs/crc.nd.edu/x86_64_linux/Modules/modules/general_software:/afs/crc.nd.edu/x86_64_linux/Modules/modules/restricted_software:/afs/crc.nd.edu/x86_64_linux/Modules/modules/system_modules:/afs/crc.nd.edu/x86_64_linux/Modules/modules/deprecated_software:/afs/crc.nd.edu/x86_64_linux/Modules/current/modulefiles
LOADEDMODULES=CRC_default/1.1
SGE_ROOT=/opt/sge
CCLPLATFORM=x86_64/redhat7
_CONDOR_SLOT=slot1
WORK_QUEUE_SANDBOX=/var/condor/execute/dir_23320/worker-213124-23376
USE_SYSTEMD=true
_CONDOR_LOWPORT=9100
HISTCONTROL=ignoreboth:erasedups
KRB5CCNAME=FILE:/tmp/krb5cc_213124_dlYXoi
GLOBUS_GSSAPI_NAME_COMPATIBILITY=STRICT_RFC2818
HOME=disc01.crc.nd.edu
SHLVL=6
PATH_modshare=/opt/crc/usr/local/bin:1:/opt/sge/bin/lx-amd64:1:/usr/sbin:1:/usr/bin:1:/afs/crc.nd.edu/user/c/condor/software/sbin:1:/usr/local/sbin:1:/afs/crc.nd.edu/user/c/condor/software/bin:1:/usr/local/bin:1
OSTYPE=linux
_CONDOR_MACHINE_AD=/var/condor/execute/dir_23320/.machine.ad
GREP_OPTIONS=--color=auto
DISK=917322
GLOBUS_GSSAPI_MIN_TLS_PROTOCOL=TLS1_VERSION
MANPATH_modshare=/usr/share/man/overrides:1:/usr/local/share/man:1:/usr/share/man:1:/opt/crc/usr/local/man:1:/opt/sge/man:1
MEMORY=15899
PERL_LOCAL_LIB_ROOT=/afs/crc.nd.edu/user/n/nkremerh/.perl5/
BASH_ENV=/afs/crc.nd.edu/x86_64_linux/Modules/4.5.0/init/bash
VENDOR=unknown
TMP=/var/condor/execute/dir_23320/worker-213124-23376/t.677/cctools-temp-t.677.IyHgzz
LOGNAME=nkremerh
MACHTYPE=x86_64
CCLHOME=/afs/crc.nd.edu/group/ccl
PYTHONPATH=/afs/crc.nd.edu/user/n/nkremerh/cctools/lib/python3.6/site-packages/
LD_LIBRARY_PATH_modshare=/opt/crc/usr/local/lib:1
SSH_CONNECTION=10.17.148.247 49750 129.74.128.103 22
MODULES_LMALTNAME_modshare=CRC_default/1.1&CRC_default/default&CRC_default:1
MODULESHOME=/afs/crc.nd.edu/x86_64_linux/Modules/4.5.0
GLOBUS_GSSAPI_CIPHERS=HIGH
GLOBUS_GSSAPI_BACKWARD_COMPATIBLE_MIC=true
LESSOPEN=||/usr/bin/lesspipe.sh %s
OMP_NUM_THREADS=1
_CONDOR_JOB_AD=/var/condor/execute/dir_23320/.job.ad
LOADEDMODULES_modshare=CRC_default/1.1:1
XDG_RUNTIME_DIR=/run/user/213124
SGE_CLUSTER_NAME=CRC
CCTOOLS=../cctools
CORES=4
_CONDOR_JOB_IWD=/var/condor/execute/dir_23320
PERL_MM_OPT=INSTALL_BASE=/afs/crc.nd.edu/user/n/nkremerh/.perl5/
GLOBUS_GSSAPI_SERVER_CIPHER_ORDER=true
BASH_FUNC_module()=() {  unset _mlshdbg;
 if [ "${MODULES_SILENT_SHELL_DEBUG:-0}" = '1' ]; then
 case "$-" in 
 *v*x*)
 set +vx;
 _mlshdbg='vx'
 ;;
 *v*)
 set +v;
 _mlshdbg='v'
 ;;
 *x*)
 set +x;
 _mlshdbg='x'
 ;;
 *)
 _mlshdbg=''
 ;;
 esac;
 fi;
 unset _mlre _mlIFS;
 if [ -n "${IFS+x}" ]; then
 _mlIFS=$IFS;
 fi;
 IFS=' ';
 for _mlv in ${MODULES_RUN_QUARANTINE:-};
 do
 if [ "${_mlv}" = "${_mlv##*[!A-Za-z0-9_]}" -a "${_mlv}" = "${_mlv#[0-9]}" ]; then
 if [ -n "`eval 'echo ${'$_mlv'+x}'`" ]; then
 _mlre="${_mlre:-}${_mlv}_modquar='`eval 'echo ${'$_mlv'}'`' ";
 fi;
 _mlrv="MODULES_RUNENV_${_mlv}";
 _mlre="${_mlre:-}${_mlv}='`eval 'echo ${'$_mlrv':-}'`' ";
 fi;
 done;
 if [ -n "${_mlre:-}" ]; then
 eval `eval ${_mlre}/usr/bin/tclsh /afs/crc.nd.edu/x86_64_linux/Modules/4.5.0/libexec/modulecmd.tcl bash '"$@"'`;
 else
 eval `/usr/bin/tclsh /afs/crc.nd.edu/x86_64_linux/Modules/4.5.0/libexec/modulecmd.tcl bash "$@"`;
 fi;
 _mlstatus=$?;
 if [ -n "${_mlIFS+x}" ]; then
 IFS=$_mlIFS;
 else
 unset IFS;
 fi;
 unset _mlre _mlv _mlrv _mlIFS;
 if [ -n "${_mlshdbg:-}" ]; then
 set -$_mlshdbg;
 fi;
 unset _mlshdbg;
 return $_mlstatus
}
BASH_FUNC_ml()=() {  module ml "$@"
}
_=/usr/bin/printenv
