17909   0.000000 libjli.so->getenv("_JAVA_LAUNCHER_DEBUG") = nil
17909   0.001797 libjli.so->getenv("_JAVA_VERSION_SET") = nil
17909   0.000642 libjli.so->fopen("/usr/lib/jvm/java-1.8.0-openjdk-1.8.0.262.b10-0.el7_8.x86_64/jre/lib/amd64/jvm.cfg", "r") = 0x5619577fd0e0
17909   0.000800 libjli.so->getenv("JDK_ALTERNATE_VM") = nil
17909   0.000307 libjli.so->__xstat(1, "/usr/lib/jvm/java-1.8.0-openjdk-1.8.0.262.b10-0.el7_8.x86_64/jre/lib/amd64/server/libjvm.so", 0x7ffe695eef60) = 0
17909   0.000617 libjli.so->getenv("LD_LIBRARY_PATH") = "/afs/crc.nd.edu/group/ccl/software/x86_64/redhat7/ruby/current/lib:/afs/crc.nd.edu/group/ccl/software/x86_64/redhat7/graphviz/current/lib:/afs/crc.nd.edu/group/ccl/software/x86_64/redhat7/git/current/lib:/afs/crc.nd.edu/group/ccl/software/x86_64/redhat7/condor/current/lib:/afs/crc.nd.edu/group/ccl/software/x86_64/redhat7/clang/current/lib:/afs/crc.nd.edu/group/ccl/software/x86_64/redhat7/condor/current/lib:/afs/crc.nd.edu/group/ccl/software/x86_64/redhat7/cctools/current/lib:/opt/crc/usr/local/lib"
17909   0.002131 libjli.so->dlopen("/usr/lib/jvm/java-1.8.0-openjdk-1.8.0.262.b10-0.el7_8.x86_64/jre/lib/amd64/server/libjvm.so", 258 <unfinished ...>
17909   0.038088 libjvm.so->getenv("NMT_LEVEL_17909") = nil
17909   0.001691 <... dlopen resumed> )          = 0x5619577fd4b0
17909   0.000079 libjli.so->getenv("CLASSPATH")  = nil
17909   0.000360 libjli.so->getenv("_JAVA_SPLASH_JAR") = nil
17909   0.000372 libjli.so->getenv("_JAVA_SPLASH_FILE") = nil
17909   0.000329 libjli.so->pthread_attr_setdetachstate(0x7ffe695eef10, 0, 0x7ffe695eefa0, 0) = 0
17909   0.000431 libpthread.so.0->__clone(0x2af6be0dede0, 0x2af6bdff3fc0, 0x3d0f00, 0x2af6bdff4700) = 0x45fa
17914   0.001650 libjvm.so->dlopen(0x2af6bf8bd9ae, 1, 0xfffffffffff42c48, 4096) = 0x2af6c4000990
17914   0.002878 libjvm.so->getenv(0x2af6bf8d883e, 0, 115, 0x65737361) = 0x7ffe695f4693
17914   0.000455 libjvm.so->fopen(0x2af6bdff2c10, 0x2af6bf874ccb, 0x6f732e79666972, 0x2af6be9b6ab0) = 0x2af6c4001440
17914   0.001630 libjvm.so->dlopen(0x2af6bdff2c10, 1, 0xffffffff, 0x2af6c4002b00) = 0x2af6c4001440
17914   0.001557 libjvm.so->fopen(0x2af6bdff2c10, 0x2af6bf874ccb, 111, 0x732e6176) = 0x2af6c4001b10
17914   0.001616 libjvm.so->dlopen(0x2af6bdff2c10, 1, 0xffffffff, 0x2af6c4001a00) = 0x2af6c4001b10
17914   0.001590 libjvm.so->__xstat(1, 0x2af6bdff3360, 0x2af6bdff3ba0, 0x746f7073746f682e) = -1
17914   0.000483 libjvm.so->getenv(0x2af6bf86d541, 0x2af6bdff36d0, 1024, 0x2af6bfd2761b) = 0
17914   0.000524 libjvm.so->getenv(0x2af6bf86d533, 0x2af6bdff36d0, 1024, 0) = 0
17914   0.000493 libjvm.so->fopen(0x2af6bf8bd315, 0x2af6bf874ccb, 4095, 0xffffd50940792b03) = 0x2af6c40032b0
17914   0.001170 libjvm.so->fopen(0x2af6bf8bd361, 0x2af6bf874ccb, 0x2af6c4000078, 0x2af6c40032a0) = 0x2af6c40032b0
17914   0.000713 libjvm.so->fopen(0x2af6bdfed9b0, 0x2af6bf874ccb, 4014, 3995) = 0x2af6c40032b0
17914   0.000658 libjvm.so->opendir(0x2af6c4002b40, 0x2af6c4002b40, 13, 16) = 0
17914   0.000482 libjvm.so->__xstat(1, 0x2af6bdff28f0, 0x2af6bdff1860, 0x6f732e7477616d62) = -1
17914   0.000527 libjvm.so->__xstat(1, 0x2af6bdff28f0, 0x2af6bdff1860, 0x5f74776162696c2f) = 0
17914   0.000479 libjvm.so->fopen(0x2af6bdff1b90, 0x2af6bf874ccb, 4009, 3994) = 0x2af6c4003790
17914   0.000608 libjvm.so->fopen(0x2af6bdff1b90, 0x2af6bf874ccb, 4009, 3994) = 0x2af6c4003790
17914   0.000578 libjvm.so->fopen(0x2af6bdff1b90, 0x2af6bf874ccb, 4009, 4002) = 0x2af6c4003790
17914   0.000625 libjvm.so->fopen(0x2af6bdff1b20, 0x2af6bf874ccb, 4009, 3994) = 0x2af6c4003790
17914   0.000639 libjvm.so->fopen(0x2af6bdff1b20, 0x2af6bf874ccb, 4009, 3994) = 0x2af6c4003790
17914   0.000622 libjvm.so->fopen(0x2af6bdff1b20, 0x2af6bf874ccb, 4009, 4002) = 0x2af6c4003790
17914   0.000678 libjvm.so->fopen(0x2af6bdff1b50, 0x2af6bf874ccb, 4014, 3995) = 0x2af6c4003790
17914   0.000781 libjvm.so->getenv(0x2af6bf8be0ff, 4096, 3, -1) = 0
17914   0.000908 libjvm.so->fopen(0x2af6bf8bd998, 0x2af6bf874ccb, 0x2af6be0d5908, 0x2af6be0d4df0) = 0x2af6c4003790
17914   0.004648 libjvm.so->open(0x2af6c404a580, 0x20000, 0, 0x2af6c404a5c9) = 3
17914   0.000514 libjvm.so->__fxstat(1, 3, 0x2af6bdff3a00, -1) = 0
17914   0.000723 libjvm.so->opendir(0x2af6c404a580, 0x2af6bdff3a00, 0x4000, -1) = 0x2af6c404b490
17914   0.000531 libjvm.so->__fxstat(1, 3, 0x2af6bdff38a0, 0x2af6c404b490) = 0
17914   0.000474 libjvm.so->__fxstat(1, 5, 0x2af6bdff3930, -1) = 0
17914   0.000486 libjvm.so->open(0x2af6bf88b9dc, 0, 0, 0) = 3
17914   0.000716 libjvm.so->__lxstat(1, 0x2af6c404a580, 0x2af6bdff3b50, -144) = 0
17914   0.000524 libjvm.so->open(0x2af6c404a580, 0x20000, 0x4000, -1) = 3
17914   0.000553 libjvm.so->__fxstat(1, 3, 0x2af6bdff3a00, -1) = 0
17914   0.000565 libjvm.so->opendir(0x2af6c404a580, 0x2af6bdff3a00, 0x4000, -1) = 0x2af6c404b490
17914   0.000502 libjvm.so->__fxstat(1, 3, 0x2af6bdff38a0, 0x2af6c404b490) = 0
17914   0.000458 libjvm.so->__fxstat(1, 5, 0x2af6bdff3930, -1) = 0
17914   0.000554 libjvm.so->open(0x2af6bf88b9dc, 0, 0, 0) = 3
17914   0.000453 libjvm.so->open(0x2af6c404a5c9, 0x20042, 384, -1) = 7
17914   0.000612 libjvm.so->__fxstat(1, 7, 0x2af6bdff3b50, -1) = 0
17914   0.001726 libjvm.so->fopen(0x2af6bdff2b60, 0x2af6bf874ccb, 4, 0x6f732e70) = 0x2af6c4057be0
17914   0.001475 libjvm.so->dlopen(0x2af6bdff2b60, 1, 0xffffffff, 0x2af6c4057b00) = 0x2af6c4057be0
17914   0.001563 libjvm.so->__xstat(1, 0x2af6bdff3120, 0x2af6bdff3950, 2048) = 0
17914   0.000473 libjvm.so->__xstat(1, 0x2af6bdff3120, 0x2af6bdff3950, 2048) = 0
17914   0.000614 libjvm.so->__xstat(1, 0x2af6bdff3120, 0x2af6bdff3950, 2048) = -1
17914   0.000498 libjvm.so->__xstat(1, 0x2af6bdff3120, 0x2af6bdff3950, 2048) = 0
17914   0.000535 libjvm.so->__xstat(1, 0x2af6bdff3120, 0x2af6bdff3950, 2048) = 0
17914   0.000462 libjvm.so->__xstat(1, 0x2af6bdff3120, 0x2af6bdff3950, 2048) = 0
17914   0.000573 libjvm.so->__xstat(1, 0x2af6bdff3120, 0x2af6bdff3950, 2048) = 0
17914   0.000503 libjvm.so->__xstat(1, 0x2af6bdff3120, 0x2af6bdff3950, 2048) = -1
17914   0.000570 libjvm.so->fopen(0x2af6c4002520, 0x2af6bf874ccb, 0, 0) = 0x2af6c4058a80
17914   0.008725 libjvm.so->open64(0x2af6bdff2410, 0, 0, 16) = 3
17914   0.000515 libjvm.so->__fxstat64(1, 3, 0x2af6bdff2240, -1) = 0
17914   0.036051 libjvm.so->__xstat(1, 0x2af6bdff2f20, 0x2af6bdff3750, 2048) = -1
17914   0.000626 libjvm.so->fopen(0x2af6bdff1b20, 0x2af6bf874ccb, 4009, 3994) = 0x2af6c40b5ec0
17914   0.000725 libjvm.so->fopen(0x2af6bdff1b20, 0x2af6bf874ccb, 4009, 3994) = 0x2af6c40b5ec0
17914   0.000621 libjvm.so->fopen(0x2af6bdff1b20, 0x2af6bf874ccb, 4009, 4002) = 0x2af6c40b5ec0
17914   0.004519 libjvm.so->pthread_attr_setdetachstate(0x2af6bdff3c00, 1, 0, 0) = 0
17914   0.000558 libpthread.so.0->__clone(0x2af6be0dede0, 0x2af6c3962fc0, 0x3d0f00, 0x2af6c3963700) = 0x45fb
17914   0.016819 libjvm.so->pthread_attr_setdetachstate(0x2af6bdff3290, 1, 0, 0) = 0
17914   0.000667 libpthread.so.0->__clone(0x2af6be0dede0, 0x2af6c3a63fc0, 0x3d0f00, 0x2af6c3a64700) = 0x45fc
17914   0.007231 libjvm.so->pthread_attr_setdetachstate(0x2af6bdff3610, 1, 0, 0) = 0
17914   0.001119 libpthread.so.0->__clone(0x2af6be0dede0, 0x2af6c3b64fc0, 0x3d0f00, 0x2af6c3b65700) = 0x45fd
17914   0.040854 libjvm.so->fopen(0x2af6c40ec390, 0x2af6bf874ccb, 4, 0x6f732e70) = 0x2af6c40f1cd0
17914   0.001985 libjvm.so->dlopen(0x2af6c40ec390, 1, 0xffffffff, 0x2af6c40ec200) = 0x2af6c4057be0
17914   0.005230 libjvm.so->open64(0x2af6bdff2510, 0, 0, 16) = 5
17914   0.000966 libjvm.so->__fxstat64(1, 5, 0x2af6bdff2340, -1) = 0
17914   0.021007 libjvm.so->fopen(0x2af6bdfef130, 0x2af6bf874ccb, 4009, 3994) = 0x2af6c40fcc60
17914   0.001222 libjvm.so->fopen(0x2af6bdfef130, 0x2af6bf874ccb, 4009, 3994) = 0x2af6c40fcc60
17914   0.001135 libjvm.so->fopen(0x2af6bdfef130, 0x2af6bf874ccb, 4009, 4002) = 0x2af6c40fcc60
17914   0.015528 libjvm.so->pthread_attr_setdetachstate(0x2af6bdff3b50, 1, 0, 0) = 0
17914   0.001025 libpthread.so.0->__clone(0x2af6be0dede0, 0x2af6c3c65fc0, 0x3d0f00, 0x2af6c3c66700) = 0x45fe
17914   0.001534 libjvm.so->__xstat64(1, 0x2af6bdff3be0, 0x2af6bdff3b50, 19) = -1
17914   0.001162 libjvm.so->pthread_attr_setdetachstate(0x2af6bdff3950, 1, 0, 0) = 0
17914   0.001173 libpthread.so.0->__clone(0x2af6be0dede0, 0x2af6c3d66fc0, 0x3d0f00, 0x2af6c3d67700) = 0x45ff
17914   0.001803 libjvm.so->pthread_attr_setdetachstate(0x2af6bdff3950, 1, 0, 0) = 0
17914   0.001323 libpthread.so.0->__clone(0x2af6be0dede0, 0x2af6c3e67fc0, 0x3d0f00, 0x2af6c3e68700) = 0x4600
17914   0.013648 libjvm.so->pthread_attr_setdetachstate(0x2af6bdff3aa0, 1, 0, 0) = 0
17914   0.001392 libpthread.so.0->__clone(0x2af6be0dede0, 0x2af6c3f68fc0, 0x3d0f00, 0x2af6c3f69700) = 0x4601
17914   0.002449 libjvm.so->pthread_attr_setdetachstate(0x2af6bdff3bb0, 1, 0, 0) = 0
17914   0.003161 libpthread.so.0->__clone(0x2af6be0dede0, 0x2af6d70fffc0, 0x3d0f00, 0x2af6d7100700) = 0x4602
17914   0.017713 libjvm.so->open64(0x2af6c4128880, 0, 0, 0) = 7
17914   0.001748 libjvm.so->__fxstat64(1, 7, 0x2af6bdff0f60, -1) = 0
17914   0.027431 libjvm.so->fopen(0x2af6c4154670, 0x2af6bf874ccb, 4, 0x6f732e6f) = 0x2af6c4154730
17914   0.005056 libjvm.so->dlopen(0x2af6c4154670, 1, 0xffffffff, 0x2af6c4154600) = 0x2af6c4154730
17920   0.048785 --- SIGSEGV (Segmentation fault) ---
17914   0.057132 libjvm.so->fopen(0x2af6bdfede40, 0x2af6bf874ccb, 0x6f732e, 0x6d766a62696c2f72) = 0x2af6c4169ef0
17914   0.007252 libjvm.so->dlopen(0x2af6bdfede40, 1, 0xffffffff, 0x2af6c4169e00) = 0x5619577fd4b0
17914   0.001792 libjvm.so->fopen(0x2af6bdfede40, 0x2af6bf874ccb, 0x6f732e, 0x6d766a62696c2f72) = 0x2af6c416a2f0
17914   0.007980 libjvm.so->dlopen(0x2af6bdfede40, 1, 0xffffffff, 0x2af6c4169e00) = 0x5619577fd4b0
17914   0.001703 libjvm.so->fopen(0x2af6bdfede40, 0x2af6bf874ccb, 0x6f732e, 0x6d766a62696c2f72) = 0x2af6c4169ef0
17914   0.004159 libjvm.so->dlopen(0x2af6bdfede40, 1, 0xffffffff, 0x2af6c4169e00) = 0x5619577fd4b0
17914   0.001693 libjvm.so->fopen(0x2af6bdfede40, 0x2af6bf874ccb, 0x6f732e, 0x6d766a62696c2f72) = 0x2af6c4169ef0
17914   0.004440 libjvm.so->dlopen(0x2af6bdfede40, 1, 0xffffffff, 0x2af6c4169e00) = 0x5619577fd4b0
17914   0.052962 libjvm.so->fopen(0x2af6c41a74c0, 0x2af6bf874ccb, 4, 0x6f732e74) = 0x2af6c41b5350
17914   0.003909 libjvm.so->dlopen(0x2af6c41a74c0, 1, 0xffffffff, 0x2af6c419d600) = 0x2af6c41b5350
17914   0.144063 libjvm.so->fopen(0x2af6c4230640, 0x2af6bf874ccb, 0x6f732e7373656c, 0x656c646165685f74) = 0x2af6c4230720
17914   0.002953 libjvm.so->dlopen(0x2af6c4230640, 1, 0xffffffff, 0x2af6c4230600) = 0x2af6c4230720
17922   0.038959 +++ exited (status 0) +++
17915   0.000627 +++ exited (status 0) +++
17914   0.000244 +++ exited (status 0) +++
17921   0.002177 +++ exited (status 1) +++
17920   0.000035 +++ exited (status 1) +++
17919   0.000015 +++ exited (status 1) +++
17917   0.000015 +++ exited (status 1) +++
17916   0.000014 +++ exited (status 1) +++
17918   0.003435 +++ exited (status 1) +++
17909   0.000035 +++ exited (status 1) +++
Wrote an ltrace for command: "java -cp ./tools/maxent.jar density.Project outputs/Parnassius_actius/Parnassius_actius.lambdas data/layers/worldclim outputs/Parnassius_actius_worldclim.asc nowarnings nocache autorun -z" with PID 17906 from PPID 17890 on disc21.crc.nd.edu with result 1
REMOTEHOST=129.74.154.87
_CONDOR_JOB_PIDS=
MANPATH=/afs/crc.nd.edu/user/n/nkremerh/cctools/share/man/:/afs/crc.nd.edu/group/ccl/software/x86_64/redhat7/ruby/current/share/man:/afs/crc.nd.edu/group/ccl/software/x86_64/redhat7/graphviz/current/share/man:/afs/crc.nd.edu/group/ccl/software/x86_64/redhat7/gnuplot/current/share/man:/afs/crc.nd.edu/group/ccl/software/x86_64/redhat7/git/current/share/man:/afs/crc.nd.edu/group/ccl/software/x86_64/redhat7/condor/current/share/man:/afs/crc.nd.edu/group/ccl/software/x86_64/redhat7/clang/current/share/man:/afs/crc.nd.edu/group/ccl/software/x86_64/redhat7/condor/current/share/man:/afs/crc.nd.edu/group/ccl/software/x86_64/redhat7/cctools/current/share/man:/afs/crc.nd.edu/group/ccl/software/x86_64/redhat7/cctools/current/share/man:/afs/crc.nd.edu/x86_64_linux/Modules/4.5.0/share/man:/opt/crc/usr/local/man:/opt/sge/man:/usr/share/man/overrides:/usr/share/man:/usr/local/share/man
XDG_SESSION_ID=2226
HOSTNAME=disc01.crc.nd.edu
_CONDOR_ANCESTOR_5743=5755:1597419253:3558016326
_LMFILES__modshare=/afs/crc.nd.edu/x86_64_linux/Modules/modules/system_modules/CRC_default/1.1:1
MODULEPATH_modshare=/afs/crc.nd.edu/x86_64_linux/Modules/modules/general_software:1:/afs/crc.nd.edu/x86_64_linux/Modules/modules/development_tools_and_libraries:1:/afs/crc.nd.edu/x86_64_linux/Modules/modules/system_modules:1:/afs/crc.nd.edu/x86_64_linux/Modules/current/modulefiles:1:/afs/crc.nd.edu/x86_64_linux/Modules/modules/restricted_software:1:/afs/crc.nd.edu/x86_64_linux/Modules/modules/deprecated_software:1
MODULES_CMD=/afs/crc.nd.edu/x86_64_linux/Modules/4.5.0/libexec/modulecmd.tcl
HOST=disc01.crc.nd.edu
SHELL=/bin/tcsh
TERM=xterm-256color
MAKEFLAGS=
HISTSIZE=5000
TMPDIR=/var/condor/execute/dir_5743/worker-213124-5820/t.1523/cctools-temp-t.1523.Xi0GJ5
SSH_CLIENT=129.74.154.87 57278 22
PERL5LIB=/afs/crc.nd.edu/user/n/nkremerh/cctools/lib/perl5/site_perl/5.16.3:/afs/crc.nd.edu/user/n/nkremerh/.perl5/lib/perl5
SGE_CELL=crc
_CONDOR_SCRATCH_DIR=/var/condor/execute/dir_5743
PERL_MB_OPT=--install_base '/afs/crc.nd.edu/user/n/nkremerh/.perl5/'
SSH_TTY=/dev/pts/0
SGE_LOAD_AVG=load_avg
MAKEFLOW_MAX_LOCAL_JOBS=2
HISTFILESIZE=10000
_CHIRP_DELAYED_UPDATE_PREFIX=Chirp*
USER=nkremerh
GROUP=campus
LD_LIBRARY_PATH=/afs/crc.nd.edu/group/ccl/software/x86_64/redhat7/ruby/current/lib:/afs/crc.nd.edu/group/ccl/software/x86_64/redhat7/graphviz/current/lib:/afs/crc.nd.edu/group/ccl/software/x86_64/redhat7/git/current/lib:/afs/crc.nd.edu/group/ccl/software/x86_64/redhat7/condor/current/lib:/afs/crc.nd.edu/group/ccl/software/x86_64/redhat7/clang/current/lib:/afs/crc.nd.edu/group/ccl/software/x86_64/redhat7/condor/current/lib:/afs/crc.nd.edu/group/ccl/software/x86_64/redhat7/cctools/current/lib:/opt/crc/usr/local/lib
TEMP=/var/condor/execute/dir_5743/worker-213124-5820/t.1523/cctools-temp-t.1523.Xi0GJ5
BATCH_SYSTEM=HTCondor
WORKER_TMPDIR=/var/condor/execute/dir_5743/worker-213124-5820/cache/tmp
ENV=/afs/crc.nd.edu/x86_64_linux/Modules/4.5.0/init/profile.sh
MODULES_LMALTNAME=CRC_default/1.1&CRC_default/default&CRC_default
_CONDOR_CHIRP_CONFIG=/var/condor/execute/dir_5743/.chirp.config
GLOBUS_GSSAPI_MAX_TLS_PROTOCOL=0
_CONDOR_HIGHPORT=9999
HOSTTYPE=x86_64-linux
MAKELEVEL=1
MFLAGS=
CCLSOFTWARE=/afs/crc.nd.edu/group/ccl/software/x86_64/redhat7
PATH=/afs/crc.nd.edu/user/n/nkremerh/cctools/bin:/afs/crc.nd.edu/user/n/nkremerh/miniconda/bin:/afs/crc.nd.edu/group/ccl/software/git:/afs/crc.nd.edu/user/n/nkremerh/.local/bin:/afs/crc.nd.edu/group/ccl/software/x86_64/redhat7/povray/3.7/bin:/afs/crc.nd.edu/user/n/nkremerh/.perl5/bin:/afs/crc.nd.edu/user/n/nkremerh/pegasus/bin:/afs/crc.nd.edu/user/n/nkremerh/nodejs/bin:/afs/crc.nd.edu/user/n/nkremerh/montage/bin:/afs/crc.nd.edu/user/n/nkremerh/latexdiff:/afs/crc.nd.edu/user/n/nkremerh/envtrace:/afs/crc.nd.edu/user/n/nkremerh/endlines:/afs/crc.nd.edu/user/n/nkremerh/cctools/bin:/afs/crc.nd.edu/user/n/nkremerh/.cargo/bin:/afs/crc.nd.edu/group/ccl/software/x86_64/redhat7/ruby/current/bin:/afs/crc.nd.edu/group/ccl/software/x86_64/redhat7/graphviz/current/bin:/afs/crc.nd.edu/group/ccl/software/x86_64/redhat7/gnuplot/current/bin:/afs/crc.nd.edu/group/ccl/software/x86_64/redhat7/git/current/bin:/afs/crc.nd.edu/group/ccl/software/x86_64/redhat7/condor/current/sbin:/afs/crc.nd.edu/group/ccl/software/x86_64/redhat7/condor/current/bin:/afs/crc.nd.edu/group/ccl/software/x86_64/redhat7/cmake/current/bin:/afs/crc.nd.edu/group/ccl/software/x86_64/redhat7/clang/current/bin:/afs/crc.nd.edu/group/ccl/software/x86_64/redhat7/condor/current/sbin:/afs/crc.nd.edu/group/ccl/software/x86_64/redhat7/condor/current/bin:/afs/crc.nd.edu/group/ccl/software/x86_64/redhat7/cctools/current/bin:/afs/crc.nd.edu/x86_64_linux/Modules/4.5.0/bin:/opt/crc/usr/local/bin:/opt/sge/bin/lx-amd64:/usr/local/bin:/usr/bin:/usr/local/sbin:/usr/sbin:/afs/crc.nd.edu/user/c/condor/software/bin:/afs/crc.nd.edu/user/c/condor/software/sbin
MAIL=/var/spool/mail/nkremerh
_CONDOR_ANCESTOR_3724=5743:1597419250:3107182970
PWD=/var/condor/execute/dir_5743/worker-213124-5820/t.1523
_LMFILES_=/afs/crc.nd.edu/x86_64_linux/Modules/modules/system_modules/CRC_default/1.1
SGE_EXECD_PORT=6445
EDITOR=vim
LANG=en_US.UTF-8
MODULEPATH=/afs/crc.nd.edu/x86_64_linux/Modules/modules/development_tools_and_libraries:/afs/crc.nd.edu/x86_64_linux/Modules/modules/general_software:/afs/crc.nd.edu/x86_64_linux/Modules/modules/restricted_software:/afs/crc.nd.edu/x86_64_linux/Modules/modules/system_modules:/afs/crc.nd.edu/x86_64_linux/Modules/modules/deprecated_software:/afs/crc.nd.edu/x86_64_linux/Modules/current/modulefiles
SGE_QMASTER_PORT=6444
SGE_ROOT=/opt/sge
LOADEDMODULES=CRC_default/1.1
WORK_QUEUE_SANDBOX=/var/condor/execute/dir_5743/worker-213124-5820
_CONDOR_SLOT=slot2_1
CCLPLATFORM=x86_64/redhat7
USE_SYSTEMD=true
_CONDOR_LOWPORT=9100
KRB5CCNAME=FILE:/tmp/krb5cc_213124_jfvfni
HISTCONTROL=ignoreboth:erasedups
PATH_modshare=/opt/crc/usr/local/bin:1:/opt/sge/bin/lx-amd64:1:/usr/sbin:1:/usr/bin:1:/afs/crc.nd.edu/user/c/condor/software/sbin:1:/usr/local/sbin:1:/afs/crc.nd.edu/user/c/condor/software/bin:1:/usr/local/bin:1
SHLVL=7
HOME=disc01.crc.nd.edu
GLOBUS_GSSAPI_NAME_COMPATIBILITY=STRICT_RFC2818
_CONDOR_MACHINE_AD=/var/condor/execute/dir_5743/.machine.ad
OSTYPE=linux
DISK=18253
GREP_OPTIONS=--color=auto
GLOBUS_GSSAPI_MIN_TLS_PROTOCOL=TLS1_VERSION
MEMORY=1948
MANPATH_modshare=/usr/share/man/overrides:1:/usr/local/share/man:1:/usr/share/man:1:/opt/crc/usr/local/man:1:/opt/sge/man:1
VENDOR=unknown
BASH_ENV=/afs/crc.nd.edu/x86_64_linux/Modules/4.5.0/init/bash
PERL_LOCAL_LIB_ROOT=/afs/crc.nd.edu/user/n/nkremerh/.perl5/
PYTHONPATH=/afs/crc.nd.edu/user/n/nkremerh/cctools/lib/python3.6/site-packages/
CCLHOME=/afs/crc.nd.edu/group/ccl
MACHTYPE=x86_64
LOGNAME=nkremerh
TMP=/var/condor/execute/dir_5743/worker-213124-5820/t.1523/cctools-temp-t.1523.Xi0GJ5
LD_LIBRARY_PATH_modshare=/opt/crc/usr/local/lib:1
MODULES_LMALTNAME_modshare=CRC_default/1.1&CRC_default/default&CRC_default:1
SSH_CONNECTION=129.74.154.87 57278 129.74.128.103 22
MODULESHOME=/afs/crc.nd.edu/x86_64_linux/Modules/4.5.0
OMP_NUM_THREADS=1
LESSOPEN=||/usr/bin/lesspipe.sh %s
GLOBUS_GSSAPI_BACKWARD_COMPATIBLE_MIC=true
GLOBUS_GSSAPI_CIPHERS=HIGH
LOADEDMODULES_modshare=CRC_default/1.1:1
_CONDOR_JOB_AD=/var/condor/execute/dir_5743/.job.ad
_CONDOR_ANCESTOR_3674=3724:1596369966:37829754
SGE_CLUSTER_NAME=CRC
XDG_RUNTIME_DIR=/run/user/213124
CCTOOLS=../cctools
CORES=2
_CONDOR_JOB_IWD=/var/condor/execute/dir_5743
PERL_MM_OPT=INSTALL_BASE=/afs/crc.nd.edu/user/n/nkremerh/.perl5/
GLOBUS_GSSAPI_SERVER_CIPHER_ORDER=true
BASH_FUNC_module()=() {  unset _mlshdbg;
 if [ "${MODULES_SILENT_SHELL_DEBUG:-0}" = '1' ]; then
 case "$-" in 
 *v*x*)
 set +vx;
 _mlshdbg='vx'
 ;;
 *v*)
 set +v;
 _mlshdbg='v'
 ;;
 *x*)
 set +x;
 _mlshdbg='x'
 ;;
 *)
 _mlshdbg=''
 ;;
 esac;
 fi;
 unset _mlre _mlIFS;
 if [ -n "${IFS+x}" ]; then
 _mlIFS=$IFS;
 fi;
 IFS=' ';
 for _mlv in ${MODULES_RUN_QUARANTINE:-};
 do
 if [ "${_mlv}" = "${_mlv##*[!A-Za-z0-9_]}" -a "${_mlv}" = "${_mlv#[0-9]}" ]; then
 if [ -n "`eval 'echo ${'$_mlv'+x}'`" ]; then
 _mlre="${_mlre:-}${_mlv}_modquar='`eval 'echo ${'$_mlv'}'`' ";
 fi;
 _mlrv="MODULES_RUNENV_${_mlv}";
 _mlre="${_mlre:-}${_mlv}='`eval 'echo ${'$_mlrv':-}'`' ";
 fi;
 done;
 if [ -n "${_mlre:-}" ]; then
 eval `eval ${_mlre}/usr/bin/tclsh /afs/crc.nd.edu/x86_64_linux/Modules/4.5.0/libexec/modulecmd.tcl bash '"$@"'`;
 else
 eval `/usr/bin/tclsh /afs/crc.nd.edu/x86_64_linux/Modules/4.5.0/libexec/modulecmd.tcl bash "$@"`;
 fi;
 _mlstatus=$?;
 if [ -n "${_mlIFS+x}" ]; then
 IFS=$_mlIFS;
 else
 unset IFS;
 fi;
 unset _mlre _mlv _mlrv _mlIFS;
 if [ -n "${_mlshdbg:-}" ]; then
 set -$_mlshdbg;
 fi;
 unset _mlshdbg;
 return $_mlstatus
}
BASH_FUNC_ml()=() {  module ml "$@"
}
_=/usr/bin/printenv
