24653   0.000000 libjli.so->getenv("_JAVA_LAUNCHER_DEBUG") = nil
24653   0.001711 libjli.so->getenv("_JAVA_VERSION_SET") = nil
24653   0.000793 libjli.so->fopen("/usr/lib/jvm/java-1.8.0-openjdk-1.8.0.262.b10-0.el7_8.x86_64/jre/lib/amd64/jvm.cfg", "r") = 0x56032a7580f0
24653   0.000823 libjli.so->getenv("JDK_ALTERNATE_VM") = nil
24653   0.000348 libjli.so->__xstat(1, "/usr/lib/jvm/java-1.8.0-openjdk-1.8.0.262.b10-0.el7_8.x86_64/jre/lib/amd64/server/libjvm.so", 0x7ffe4727bdf0) = 0
24653   0.000617 libjli.so->getenv("LD_LIBRARY_PATH") = "/afs/crc.nd.edu/group/ccl/software/x86_64/redhat7/ruby/current/lib:/afs/crc.nd.edu/group/ccl/software/x86_64/redhat7/graphviz/current/lib:/afs/crc.nd.edu/group/ccl/software/x86_64/redhat7/git/current/lib:/afs/crc.nd.edu/group/ccl/software/x86_64/redhat7/condor/current/lib:/afs/crc.nd.edu/group/ccl/software/x86_64/redhat7/clang/current/lib:/afs/crc.nd.edu/group/ccl/software/x86_64/redhat7/condor/current/lib:/afs/crc.nd.edu/group/ccl/software/x86_64/redhat7/cctools/current/lib:/opt/crc/usr/local/lib"
24653   0.002235 libjli.so->dlopen("/usr/lib/jvm/java-1.8.0-openjdk-1.8.0.262.b10-0.el7_8.x86_64/jre/lib/amd64/server/libjvm.so", 258 <unfinished ...>
24653   0.038699 libjvm.so->getenv("NMT_LEVEL_24653") = nil
24653   0.001777 <... dlopen resumed> )          = 0x56032a7584c0
24653   0.000066 libjli.so->getenv("CLASSPATH")  = nil
24653   0.000285 libjli.so->getenv("_JAVA_SPLASH_JAR") = nil
24653   0.000292 libjli.so->getenv("_JAVA_SPLASH_FILE") = nil
24653   0.000300 libjli.so->pthread_attr_setdetachstate(0x7ffe4727bda0, 0, 0x7ffe4727be30, 0) = 0
24653   0.000395 libpthread.so.0->__clone(0x2b9b1a93bde0, 0x2b9b1a84efc0, 0x3d0f00, 0x2b9b1a84f700) = 0x6052
24658   0.001463 libjvm.so->dlopen(0x2b9b1c11a9ae, 1, 0xfffffffffff42c48, 4096) = 0x2b9b20000990
24658   0.002261 libjvm.so->getenv(0x2b9b1c13583e, 0, 115, 0x65737361) = 0x7ffe472826da
24658   0.000409 libjvm.so->fopen(0x2b9b1a84dc10, 0x2b9b1c0d1ccb, 0x6f732e79666972, 0x2b9b1b213ab0) = 0x2b9b20001440
24658   0.001330 libjvm.so->dlopen(0x2b9b1a84dc10, 1, 0xffffffff, 0x2b9b20002b00) = 0x2b9b20001440
24658   0.001305 libjvm.so->fopen(0x2b9b1a84dc10, 0x2b9b1c0d1ccb, 111, 0x732e6176) = 0x2b9b20001b10
24658   0.001453 libjvm.so->dlopen(0x2b9b1a84dc10, 1, 0xffffffff, 0x2b9b20001a00) = 0x2b9b20001b10
24658   0.001529 libjvm.so->__xstat(1, 0x2b9b1a84e360, 0x2b9b1a84eba0, 0x746f7073746f682e) = -1
24658   0.000478 libjvm.so->getenv(0x2b9b1c0ca541, 0x2b9b1a84e6d0, 1024, 0x2b9b1c58461b) = 0
24658   0.000410 libjvm.so->getenv(0x2b9b1c0ca533, 0x2b9b1a84e6d0, 1024, 0) = 0
24658   0.000394 libjvm.so->fopen(0x2b9b1c11a315, 0x2b9b1c0d1ccb, 4095, 0xffffd464e3f35b03) = 0x2b9b200032b0
24658   0.001014 libjvm.so->fopen(0x2b9b1c11a361, 0x2b9b1c0d1ccb, 0x2b9b20000078, 0x2b9b200032a0) = 0x2b9b200032b0
24658   0.000645 libjvm.so->fopen(0x2b9b1a8489b0, 0x2b9b1c0d1ccb, 4014, 3995) = 0x2b9b200032b0
24658   0.000634 libjvm.so->opendir(0x2b9b20002b40, 0x2b9b20002b40, 13, 16) = 0
24658   0.000447 libjvm.so->__xstat(1, 0x2b9b1a84d8f0, 0x2b9b1a84c860, 0x6f732e7477616d62) = -1
24658   0.000398 libjvm.so->__xstat(1, 0x2b9b1a84d8f0, 0x2b9b1a84c860, 0x5f74776162696c2f) = 0
24658   0.000439 libjvm.so->fopen(0x2b9b1a84cb90, 0x2b9b1c0d1ccb, 4009, 3994) = 0x2b9b20003790
24658   0.000587 libjvm.so->fopen(0x2b9b1a84cb90, 0x2b9b1c0d1ccb, 4009, 3994) = 0x2b9b20003790
24658   0.000555 libjvm.so->fopen(0x2b9b1a84cb90, 0x2b9b1c0d1ccb, 4009, 4002) = 0x2b9b20003790
24658   0.000609 libjvm.so->fopen(0x2b9b1a84cb20, 0x2b9b1c0d1ccb, 4009, 3994) = 0x2b9b20003790
24658   0.000580 libjvm.so->fopen(0x2b9b1a84cb20, 0x2b9b1c0d1ccb, 4009, 3994) = 0x2b9b20003790
24658   0.000545 libjvm.so->fopen(0x2b9b1a84cb20, 0x2b9b1c0d1ccb, 4009, 4002) = 0x2b9b20003790
24658   0.000602 libjvm.so->fopen(0x2b9b1a84cb50, 0x2b9b1c0d1ccb, 4014, 3995) = 0x2b9b20003790
24658   0.000764 libjvm.so->getenv(0x2b9b1c11b0ff, 4096, 3, -1) = 0
24658   0.000884 libjvm.so->fopen(0x2b9b1c11a998, 0x2b9b1c0d1ccb, 0x2b9b1a932908, 0x2b9b1a931df0) = 0x2b9b20003790
24658   0.004445 libjvm.so->open(0x2b9b2004a580, 0x20000, 0, 0x2b9b2004a5c9) = 3
24658   0.000410 libjvm.so->__fxstat(1, 3, 0x2b9b1a84ea00, -1) = 0
24658   0.000445 libjvm.so->opendir(0x2b9b2004a580, 0x2b9b1a84ea00, 0x4000, -1) = 0x2b9b2004b490
24658   0.000478 libjvm.so->__fxstat(1, 3, 0x2b9b1a84e8a0, 0x2b9b2004b490) = 0
24658   0.000396 libjvm.so->__fxstat(1, 5, 0x2b9b1a84e930, -1) = 0
24658   0.000499 libjvm.so->open(0x2b9b1c0e89dc, 0, 0, 0) = 3
24658   0.000605 libjvm.so->__lxstat(1, 0x2b9b2004a580, 0x2b9b1a84eb50, -144) = 0
24658   0.000427 libjvm.so->open(0x2b9b2004a580, 0x20000, 0x4000, -1) = 3
24658   0.000384 libjvm.so->__fxstat(1, 3, 0x2b9b1a84ea00, -1) = 0
24658   0.000446 libjvm.so->opendir(0x2b9b2004a580, 0x2b9b1a84ea00, 0x4000, -1) = 0x2b9b2004b490
24658   0.000394 libjvm.so->__fxstat(1, 3, 0x2b9b1a84e8a0, 0x2b9b2004b490) = 0
24658   0.000398 libjvm.so->__fxstat(1, 5, 0x2b9b1a84e930, -1) = 0
24658   0.000460 libjvm.so->open(0x2b9b1c0e89dc, 0, 0, 0) = 3
24658   0.000424 libjvm.so->open(0x2b9b2004a5c9, 0x20042, 384, -1) = 7
24658   0.000594 libjvm.so->__fxstat(1, 7, 0x2b9b1a84eb50, -1) = 0
24658   0.001706 libjvm.so->fopen(0x2b9b1a84db60, 0x2b9b1c0d1ccb, 4, 0x6f732e70) = 0x2b9b20057be0
24658   0.001349 libjvm.so->dlopen(0x2b9b1a84db60, 1, 0xffffffff, 0x2b9b20057b00) = 0x2b9b20057be0
24658   0.001385 libjvm.so->__xstat(1, 0x2b9b1a84e120, 0x2b9b1a84e950, 2048) = 0
24658   0.000502 libjvm.so->__xstat(1, 0x2b9b1a84e120, 0x2b9b1a84e950, 2048) = 0
24658   0.000417 libjvm.so->__xstat(1, 0x2b9b1a84e120, 0x2b9b1a84e950, 2048) = -1
24658   0.000422 libjvm.so->__xstat(1, 0x2b9b1a84e120, 0x2b9b1a84e950, 2048) = 0
24658   0.000413 libjvm.so->__xstat(1, 0x2b9b1a84e120, 0x2b9b1a84e950, 2048) = 0
24658   0.000414 libjvm.so->__xstat(1, 0x2b9b1a84e120, 0x2b9b1a84e950, 2048) = 0
24658   0.000398 libjvm.so->__xstat(1, 0x2b9b1a84e120, 0x2b9b1a84e950, 2048) = 0
24658   0.000407 libjvm.so->__xstat(1, 0x2b9b1a84e120, 0x2b9b1a84e950, 2048) = -1
24658   0.000423 libjvm.so->fopen(0x2b9b20002520, 0x2b9b1c0d1ccb, 0, 0) = 0x2b9b20058a80
24658   0.008974 libjvm.so->open64(0x2b9b1a84d410, 0, 0, 16) = 3
24658   0.000486 libjvm.so->__fxstat64(1, 3, 0x2b9b1a84d240, -1) = 0
24658   0.033740 libjvm.so->__xstat(1, 0x2b9b1a84df20, 0x2b9b1a84e750, 2048) = -1
24658   0.000598 libjvm.so->fopen(0x2b9b1a84cb20, 0x2b9b1c0d1ccb, 4009, 3994) = 0x2b9b200b5ec0
24658   0.000626 libjvm.so->fopen(0x2b9b1a84cb20, 0x2b9b1c0d1ccb, 4009, 3994) = 0x2b9b200b5ec0
24658   0.000572 libjvm.so->fopen(0x2b9b1a84cb20, 0x2b9b1c0d1ccb, 4009, 4002) = 0x2b9b200b5ec0
24658   0.004060 libjvm.so->pthread_attr_setdetachstate(0x2b9b1a84ec00, 1, 0, 0) = 0
24658   0.000476 libpthread.so.0->__clone(0x2b9b1a93bde0, 0x2b9b1ffeefc0, 0x3d0f00, 0x2b9b1ffef700) = 0x6053
24658   0.014939 libjvm.so->pthread_attr_setdetachstate(0x2b9b1a84e290, 1, 0, 0) = 0
24658   0.000645 libpthread.so.0->__clone(0x2b9b1a93bde0, 0x2b9b332d0fc0, 0x3d0f00, 0x2b9b332d1700) = 0x6054
24658   0.006512 libjvm.so->pthread_attr_setdetachstate(0x2b9b1a84e610, 1, 0, 0) = 0
24658   0.000733 libpthread.so.0->__clone(0x2b9b1a93bde0, 0x2b9b333d1fc0, 0x3d0f00, 0x2b9b333d2700) = 0x6055
24658   0.037302 libjvm.so->fopen(0x2b9b200f17e0, 0x2b9b1c0d1ccb, 4, 0x6f732e70) = 0x2b9b200f1ce0
24658   0.001866 libjvm.so->dlopen(0x2b9b200f17e0, 1, 0xffffffff, 0x2b9b200e8c00) = 0x2b9b20057be0
24658   0.004681 libjvm.so->open64(0x2b9b1a84d510, 0, 0, 16) = 5
24658   0.000891 libjvm.so->__fxstat64(1, 5, 0x2b9b1a84d340, -1) = 0
24658   0.018343 libjvm.so->fopen(0x2b9b1a84a130, 0x2b9b1c0d1ccb, 4009, 3994) = 0x2b9b200fccb0
24658   0.001063 libjvm.so->fopen(0x2b9b1a84a130, 0x2b9b1c0d1ccb, 4009, 3994) = 0x2b9b200fccb0
24658   0.000975 libjvm.so->fopen(0x2b9b1a84a130, 0x2b9b1c0d1ccb, 4009, 4002) = 0x2b9b200fccb0
24658   0.014275 libjvm.so->pthread_attr_setdetachstate(0x2b9b1a84eb50, 1, 0, 0) = 0
24658   0.000946 libpthread.so.0->__clone(0x2b9b1a93bde0, 0x2b9b334d2fc0, 0x3d0f00, 0x2b9b334d3700) = 0x6056
24658   0.001397 libjvm.so->__xstat64(1, 0x2b9b1a84ebe0, 0x2b9b1a84eb50, 19) = -1
24658   0.001318 libjvm.so->pthread_attr_setdetachstate(0x2b9b1a84e950, 1, 0, 0) = 0
24658   0.001007 libpthread.so.0->__clone(0x2b9b1a93bde0, 0x2b9b335d3fc0, 0x3d0f00, 0x2b9b335d4700) = 0x6057
24658   0.001596 libjvm.so->pthread_attr_setdetachstate(0x2b9b1a84e950, 1, 0, 0) = 0
24658   0.001273 libpthread.so.0->__clone(0x2b9b1a93bde0, 0x2b9b336d4fc0, 0x3d0f00, 0x2b9b336d5700) = 0x6058
24658   0.008309 libjvm.so->pthread_attr_setdetachstate(0x2b9b1a84eaa0, 1, 0, 0) = 0
24658   0.001362 libpthread.so.0->__clone(0x2b9b1a93bde0, 0x2b9b337d5fc0, 0x3d0f00, 0x2b9b337d6700) = 0x6059
24658   0.002059 libjvm.so->pthread_attr_setdetachstate(0x2b9b1a84ebb0, 1, 0, 0) = 0
24658   0.001917 libpthread.so.0->__clone(0x2b9b1a93bde0, 0x2b9b338d6fc0, 0x3d0f00, 0x2b9b338d7700) = 0x605a
24658   0.014283 libjvm.so->open64(0x2b9b20136890, 0, 0, 16) = 7
24658   0.001634 libjvm.so->__fxstat64(1, 7, 0x2b9b1a84bf60, -1) = 0
24658   0.023697 libjvm.so->fopen(0x2b9b2015c710, 0x2b9b1c0d1ccb, 4, 0x6f732e6f) = 0x2b9b2015c7d0
24658   0.004522 libjvm.so->dlopen(0x2b9b2015c710, 1, 0xffffffff, 0x2b9b2015c700) = 0x2b9b2015c7d0
24658   0.131169 libjvm.so->fopen(0x2b9b2019a920, 0x2b9b1c0d1ccb, 4, 0x6f732e74) = 0x2b9b2019dbd0
24658   0.003491 libjvm.so->dlopen(0x2b9b2019a920, 1, 0xffffffff, 0x2b9b2019db00) = 0x2b9b201a7f80
24658   0.138899 libjvm.so->fopen(0x2b9b20220300, 0x2b9b1c0d1ccb, 0x6f732e7373656c, 0x656c646165685f74) = 0x2b9b20220ff0
24658   0.003785 libjvm.so->dlopen(0x2b9b20220300, 1, 0xffffffff, 0x2b9b20220300) = 0x2b9b20220ff0
24658   0.023125 libjvm.so->fopen(0x2b9b1a847990, 0x2b9b1c0d1ccb, 0x6f732e, 0x6d766a62696c2f72) = 0x2b9b2022af70
24658   0.006394 libjvm.so->dlopen(0x2b9b1a847990, 1, 0xffffffff, 0x2b9b2022a500) = 0x56032a7584c0
24658   0.002743 libjvm.so->fopen(0x2b9b1a847990, 0x2b9b1c0d1ccb, 0x6f732e, 0x6d766a62696c2f72) = 0x2b9b2022af10
24658   0.005322 libjvm.so->dlopen(0x2b9b1a847990, 1, 0xffffffff, 0x2b9b2022a500) = 0x56032a7584c0
24658   0.001700 libjvm.so->fopen(0x2b9b1a847990, 0x2b9b1c0d1ccb, 0x6f732e, 0x6d766a62696c2f72) = 0x2b9b2022af10
24658   0.003805 libjvm.so->dlopen(0x2b9b1a847990, 1, 0xffffffff, 0x2b9b2022a500) = 0x56032a7584c0
24658   0.001664 libjvm.so->fopen(0x2b9b1a847990, 0x2b9b1c0d1ccb, 0x6f732e, 0x6d766a62696c2f72) = 0x2b9b2022af10
24658   0.003476 libjvm.so->dlopen(0x2b9b1a847990, 1, 0xffffffff, 0x2b9b2022a500) = 0x56032a7584c0
24658   3.647174 --- SIGSEGV (Segmentation fault) ---
24658   3.534032 libjvm.so->fopen(0x2b9b1a84bc70, 0x2b9b1c0d1ccb, 111, 0x732e6176) = 0x2b9b202692f0
24658   0.003724 libjvm.so->dlopen(0x2b9b1a84bc70, 1, 0xffffffff, 0x2b9b20269700) = 0x2b9b20001b10
24658   0.001683 libjvm.so->fopen(0x2b9b1a84bc70, 0x2b9b1c0d1ccb, 111, 0x732e6176) = 0x2b9b20268ee0
24658   0.005934 libjvm.so->dlopen(0x2b9b1a84bc70, 1, 0xffffffff, 0x2b9b20269700) = 0x2b9b20001b10
24658   0.001751 libjvm.so->fopen(0x2b9b1a84bc70, 0x2b9b1c0d1ccb, 111, 0x732e6176) = 0x2b9b202692f0
24658   0.002123 libjvm.so->dlopen(0x2b9b1a84bc70, 1, 0xffffffff, 0x2b9b20269700) = 0x2b9b20001b10
24658   0.001108 libjvm.so->fopen(0x2b9b1a84bc70, 0x2b9b1c0d1ccb, 111, 0x732e6176) = 0x2b9b20268ee0
24658   0.001867 libjvm.so->dlopen(0x2b9b1a84bc70, 1, 0xffffffff, 0x2b9b20269700) = 0x2b9b20001b10
24658   0.018170 libjvm.so->fopen(0x2b9b1a84bbf0, 0x2b9b1c0d1ccb, 111, 0x732e6176) = 0x2b9b20268ee0
24658   0.002724 libjvm.so->dlopen(0x2b9b1a84bbf0, 1, 0xffffffff, 0x2b9b20269400) = 0x2b9b20001b10
24658   0.001642 libjvm.so->fopen(0x2b9b1a84bbf0, 0x2b9b1c0d1ccb, 111, 0x732e6176) = 0x2b9b20268ee0
24658   0.002833 libjvm.so->dlopen(0x2b9b1a84bbf0, 1, 0xffffffff, 0x2b9b20269400) = 0x2b9b20001b10
24658   0.001704 libjvm.so->fopen(0x2b9b1a84bbf0, 0x2b9b1c0d1ccb, 111, 0x732e6176) = 0x2b9b20268ee0
24658   0.002912 libjvm.so->dlopen(0x2b9b1a84bbf0, 1, 0xffffffff, 0x2b9b20269400) = 0x2b9b20001b10
24658   0.001675 libjvm.so->fopen(0x2b9b1a84bbf0, 0x2b9b1c0d1ccb, 111, 0x732e6176) = 0x2b9b20268ee0
24658   0.002769 libjvm.so->dlopen(0x2b9b1a84bbf0, 1, 0xffffffff, 0x2b9b20269400) = 0x2b9b20001b10
24664   5.606750 --- SIGSEGV (Segmentation fault) ---
24658   0.002666 libjvm.so->fopen(0x2b9b1a8489e0, 0x2b9b1c0d1ccb, 4, 0x6f732e70) = 0x2b9b201cff00
24658   0.002288 libjvm.so->dlopen(0x2b9b1a8489e0, 1, 0xffffffff, 0x2b9b20268d00) = 0x2b9b20057be0
24658   0.001548 libjvm.so->fopen(0x2b9b1a8489e0, 0x2b9b1c0d1ccb, 4, 0x6f732e70) = 0x2b9b201cff00
24658   0.002117 libjvm.so->dlopen(0x2b9b1a8489e0, 1, 0xffffffff, 0x2b9b20268d00) = 0x2b9b20057be0
24658   0.001770 libjvm.so->fopen(0x2b9b1a8489e0, 0x2b9b1c0d1ccb, 4, 0x6f732e70) = 0x2b9b201cff00
24658   0.002496 libjvm.so->dlopen(0x2b9b1a8489e0, 1, 0xffffffff, 0x2b9b20268d00) = 0x2b9b20057be0
24658   0.003746 libjvm.so->fopen(0x2b9b1a8489e0, 0x2b9b1c0d1ccb, 4, 0x6f732e70) = 0x2b9b201cff00
24658   0.004640 libjvm.so->dlopen(0x2b9b1a8489e0, 1, 0xffffffff, 0x2b9b20268d00) = 0x2b9b20057be0
24658   0.003537 libjvm.so->fopen(0x2b9b1a8489e0, 0x2b9b1c0d1ccb, 4, 0x6f732e70) = 0x2b9b201cff00
24658   0.002912 libjvm.so->dlopen(0x2b9b1a8489e0, 1, 0xffffffff, 0x2b9b20268c00) = 0x2b9b20057be0
24658   0.002152 libjvm.so->fopen(0x2b9b1a8489e0, 0x2b9b1c0d1ccb, 4, 0x6f732e70) = 0x2b9b201cff00
24658   0.005744 libjvm.so->dlopen(0x2b9b1a8489e0, 1, 0xffffffff, 0x2b9b20268c00) = 0x2b9b20057be0
24658   0.001827 libjvm.so->fopen(0x2b9b1a8489e0, 0x2b9b1c0d1ccb, 4, 0x6f732e70) = 0x2b9b201cff00
24658   0.002821 libjvm.so->dlopen(0x2b9b1a8489e0, 1, 0xffffffff, 0x2b9b20268c00) = 0x2b9b20057be0
24658   0.002239 libjvm.so->fopen(0x2b9b1a8489e0, 0x2b9b1c0d1ccb, 4, 0x6f732e70) = 0x2b9b201cff00
24658   0.002825 libjvm.so->dlopen(0x2b9b1a8489e0, 1, 0xffffffff, 0x2b9b20268c00) = 0x2b9b20057be0
24658   0.668968 libjvm.so->fopen(0x2b9b20200650, 0x2b9b1c0d1ccb, 0x6f732e72656761, 0x6567616e616d746e) = 0x2b9b20200730
24658   0.002987 libjvm.so->dlopen(0x2b9b20200650, 1, 0xffffffff, 0x2b9b20200600) = 0x2b9b20200730
24658   0.018072 libjvm.so->pthread_attr_setdetachstate(0x2b9b1a84adf0, 1, 0, 0) = 0
24658   0.002636 libpthread.so.0->__clone(0x2b9b1a93bde0, 0x2b9b47264fc0, 0x3d0f00, 0x2b9b47265700) = 0x60bd
24658   0.021489 libjvm.so->fopen(0x2b9b20294b20, 0x2b9b1c0d1ccb, 4, 0x6f732e74) = 0x2b9b20294be0
24658   0.004137 libjvm.so->dlopen(0x2b9b20294b20, 1, 0xffffffff, 0x2b9b20294b00) = 0x2b9b2015ce70
24658   0.120977 libjvm.so->open64(0x2b9b1a8490c0, 0, 0, 0) = 14
24658   0.001879 libjvm.so->__fxstat64(1, 14, 0x2b9b1a848ef0, -1) = 0
24658   0.114031 libjvm.so->fopen(0x2b9b1a84ab50, 0x2b9b1c0d1ccb, 0x6f732e, 0x6d766a62696c2f72) = 0x2b9b2032d6e0
24658   0.005191 libjvm.so->dlopen(0x2b9b1a84ab50, 1, 0xffffffff, 0x2b9b2032d600) = 0x56032a7584c0
24658   0.001842 libjvm.so->fopen(0x2b9b1a84ab50, 0x2b9b1c0d1ccb, 0x6f732e, 0x6d766a62696c2f72) = 0x2b9b2032d6e0
24658   0.003774 libjvm.so->dlopen(0x2b9b1a84ab50, 1, 0xffffffff, 0x2b9b2032d600) = 0x56032a7584c0
24658   0.001834 libjvm.so->fopen(0x2b9b1a84ab50, 0x2b9b1c0d1ccb, 0x6f732e, 0x6d766a62696c2f72) = 0x2b9b2032d6e0
24658   0.007506 libjvm.so->dlopen(0x2b9b1a84ab50, 1, 0xffffffff, 0x2b9b2032d600) = 0x56032a7584c0
24658   0.001822 libjvm.so->fopen(0x2b9b1a84ab50, 0x2b9b1c0d1ccb, 0x6f732e, 0x6d766a62696c2f72) = 0x2b9b2032d6e0
24658   0.003528 libjvm.so->dlopen(0x2b9b1a84ab50, 1, 0xffffffff, 0x2b9b2032d600) = 0x56032a7584c0
24658   0.033650 libjvm.so->fopen(0x2b9b1a84a6e0, 0x2b9b1c0d1ccb, 4, 0x6f732e6f) = 0x2b9b20350210
24658   0.003082 libjvm.so->dlopen(0x2b9b1a84a6e0, 1, 0xffffffff, 0x2b9b2035ab00) = 0x2b9b2015c7d0
24658   0.001828 libjvm.so->fopen(0x2b9b1a84a6e0, 0x2b9b1c0d1ccb, 4, 0x6f732e6f) = 0x2b9b20350210
24658   0.003062 libjvm.so->dlopen(0x2b9b1a84a6e0, 1, 0xffffffff, 0x2b9b2035ab00) = 0x2b9b2015c7d0
24658   0.007049 libjvm.so->fopen(0x2b9b1a84a6e0, 0x2b9b1c0d1ccb, 4, 0x6f732e6f) = 0x2b9b20350210
24658   0.007609 libjvm.so->dlopen(0x2b9b1a84a6e0, 1, 0xffffffff, 0x2b9b2035ab00) = 0x2b9b2015c7d0
24658   0.001946 libjvm.so->fopen(0x2b9b1a84a6e0, 0x2b9b1c0d1ccb, 4, 0x6f732e6f) = 0x2b9b20350210
24658   0.003268 libjvm.so->dlopen(0x2b9b1a84a6e0, 1, 0xffffffff, 0x2b9b2035ab00) = 0x2b9b2015c7d0
24658   0.281130 libjvm.so->open64(0x2b9b20387550, 0, 0, 16) = 23
24658   0.005120 libjvm.so->__fxstat64(1, 23, 0x2b9b1a84b780, -1) = 0
24658   0.906124 --- SIGSEGV (Segmentation fault) ---
24658   0.000641 --- SIGSEGV (Segmentation fault) ---
24658   0.000582 --- SIGSEGV (Segmentation fault) ---
24765   0.000954 --- SIGSEGV (Segmentation fault) ---
24658   0.000055 --- SIGSEGV (Segmentation fault) ---
24661   0.000684 --- SIGSEGV (Segmentation fault) ---
24658   0.000044 --- SIGSEGV (Segmentation fault) ---
24658   1.827210 --- SIGSEGV (Segmentation fault) ---
24658  11.615464 --- SIGSEGV (Segmentation fault) ---
24658   0.004065 --- SIGSEGV (Segmentation fault) ---
24658   0.000450 --- SIGSEGV (Segmentation fault) ---
24663   0.000319 --- SIGSEGV (Segmentation fault) ---
24658   0.000138 --- SIGSEGV (Segmentation fault) ---
24658   0.000401 --- SIGSEGV (Segmentation fault) ---
24658   0.000930 --- SIGSEGV (Segmentation fault) ---
24666   0.221999 +++ exited (status 0) +++
24662   0.000298 +++ exited (status 0) +++
24659   0.010491 +++ exited (status 0) +++
24658   0.000253 +++ exited (status 0) +++
24765   0.000333 +++ exited (status 0) +++
24665   0.000014 +++ exited (status 0) +++
24663   0.000011 +++ exited (status 0) +++
24661   0.000010 +++ exited (status 0) +++
24660   0.000009 +++ exited (status 0) +++
24664   0.019063 +++ exited (status 0) +++
24653   0.000071 +++ exited (status 0) +++
Wrote an ltrace for command: "java -cp ./tools/maxent.jar density.MaxEnt -s outputs/Somatochlora_arctica_Zetterstedt.csv -e data/layers/worldclim -o outputs/Somatochlora_arctica_Zetterstedt nowarnings nocache autorun -z" with PID 24650 from PPID 24632 on disc21.crc.nd.edu with result 0
REMOTEHOST=10.17.148.247
MANPATH=/afs/crc.nd.edu/user/n/nkremerh/cctools/share/man/:/afs/crc.nd.edu/group/ccl/software/x86_64/redhat7/ruby/current/share/man:/afs/crc.nd.edu/group/ccl/software/x86_64/redhat7/graphviz/current/share/man:/afs/crc.nd.edu/group/ccl/software/x86_64/redhat7/gnuplot/current/share/man:/afs/crc.nd.edu/group/ccl/software/x86_64/redhat7/git/current/share/man:/afs/crc.nd.edu/group/ccl/software/x86_64/redhat7/condor/current/share/man:/afs/crc.nd.edu/group/ccl/software/x86_64/redhat7/clang/current/share/man:/afs/crc.nd.edu/group/ccl/software/x86_64/redhat7/condor/current/share/man:/afs/crc.nd.edu/group/ccl/software/x86_64/redhat7/cctools/current/share/man:/afs/crc.nd.edu/group/ccl/software/x86_64/redhat7/cctools/current/share/man:/afs/crc.nd.edu/x86_64_linux/Modules/4.5.0/share/man:/opt/crc/usr/local/man:/opt/sge/man:/usr/share/man/overrides:/usr/share/man:/usr/local/share/man
_CONDOR_JOB_PIDS=
XDG_SESSION_ID=2686
HOSTNAME=disc01.crc.nd.edu
_CONDOR_ANCESTOR_3669=16405:1599499132:729388362
_LMFILES__modshare=/afs/crc.nd.edu/x86_64_linux/Modules/modules/system_modules/CRC_default/1.1:1
MODULEPATH_modshare=/afs/crc.nd.edu/x86_64_linux/Modules/modules/general_software:1:/afs/crc.nd.edu/x86_64_linux/Modules/modules/development_tools_and_libraries:1:/afs/crc.nd.edu/x86_64_linux/Modules/modules/system_modules:1:/afs/crc.nd.edu/x86_64_linux/Modules/current/modulefiles:1:/afs/crc.nd.edu/x86_64_linux/Modules/modules/restricted_software:1:/afs/crc.nd.edu/x86_64_linux/Modules/modules/deprecated_software:1
TERM=xterm-256color
SHELL=/bin/tcsh
HOST=disc01.crc.nd.edu
MODULES_CMD=/afs/crc.nd.edu/x86_64_linux/Modules/4.5.0/libexec/modulecmd.tcl
HISTSIZE=5000
MAKEFLAGS=
SSH_CLIENT=10.17.148.247 49750 22
TMPDIR=/var/condor/execute/dir_16405/worker-213124-16471/t.1042/cctools-temp-t.1042.di52B0
PERL5LIB=/afs/crc.nd.edu/user/n/nkremerh/cctools/lib/perl5/site_perl/5.16.3:/afs/crc.nd.edu/user/n/nkremerh/.perl5/lib/perl5
SGE_CELL=crc
_CONDOR_SCRATCH_DIR=/var/condor/execute/dir_16405
PERL_MB_OPT=--install_base '/afs/crc.nd.edu/user/n/nkremerh/.perl5/'
SSH_TTY=/dev/pts/0
SGE_LOAD_AVG=load_avg
MAKEFLOW_MAX_LOCAL_JOBS=2
GROUP=campus
USER=nkremerh
_CHIRP_DELAYED_UPDATE_PREFIX=Chirp*
HISTFILESIZE=10000
TEMP=/var/condor/execute/dir_16405/worker-213124-16471/t.1042/cctools-temp-t.1042.di52B0
LD_LIBRARY_PATH=/afs/crc.nd.edu/group/ccl/software/x86_64/redhat7/ruby/current/lib:/afs/crc.nd.edu/group/ccl/software/x86_64/redhat7/graphviz/current/lib:/afs/crc.nd.edu/group/ccl/software/x86_64/redhat7/git/current/lib:/afs/crc.nd.edu/group/ccl/software/x86_64/redhat7/condor/current/lib:/afs/crc.nd.edu/group/ccl/software/x86_64/redhat7/clang/current/lib:/afs/crc.nd.edu/group/ccl/software/x86_64/redhat7/condor/current/lib:/afs/crc.nd.edu/group/ccl/software/x86_64/redhat7/cctools/current/lib:/opt/crc/usr/local/lib
BATCH_SYSTEM=HTCondor
MODULES_LMALTNAME=CRC_default/1.1&CRC_default/default&CRC_default
ENV=/afs/crc.nd.edu/x86_64_linux/Modules/4.5.0/init/profile.sh
WORKER_TMPDIR=/var/condor/execute/dir_16405/worker-213124-16471/cache/tmp
HOSTTYPE=x86_64-linux
_CONDOR_HIGHPORT=9999
GLOBUS_GSSAPI_MAX_TLS_PROTOCOL=0
_CONDOR_CHIRP_CONFIG=/var/condor/execute/dir_16405/.chirp.config
MAKELEVEL=1
MFLAGS=
MAIL=/var/spool/mail/nkremerh
PATH=/afs/crc.nd.edu/user/n/nkremerh/cctools/bin:/afs/crc.nd.edu/user/n/nkremerh/miniconda/bin:/afs/crc.nd.edu/group/ccl/software/git:/afs/crc.nd.edu/user/n/nkremerh/.local/bin:/afs/crc.nd.edu/group/ccl/software/x86_64/redhat7/povray/3.7/bin:/afs/crc.nd.edu/user/n/nkremerh/.perl5/bin:/afs/crc.nd.edu/user/n/nkremerh/pegasus/bin:/afs/crc.nd.edu/user/n/nkremerh/nodejs/bin:/afs/crc.nd.edu/user/n/nkremerh/montage/bin:/afs/crc.nd.edu/user/n/nkremerh/latexdiff:/afs/crc.nd.edu/user/n/nkremerh/envtrace:/afs/crc.nd.edu/user/n/nkremerh/endlines:/afs/crc.nd.edu/user/n/nkremerh/cctools/bin:/afs/crc.nd.edu/user/n/nkremerh/.cargo/bin:/afs/crc.nd.edu/group/ccl/software/x86_64/redhat7/ruby/current/bin:/afs/crc.nd.edu/group/ccl/software/x86_64/redhat7/graphviz/current/bin:/afs/crc.nd.edu/group/ccl/software/x86_64/redhat7/gnuplot/current/bin:/afs/crc.nd.edu/group/ccl/software/x86_64/redhat7/git/current/bin:/afs/crc.nd.edu/group/ccl/software/x86_64/redhat7/condor/current/sbin:/afs/crc.nd.edu/group/ccl/software/x86_64/redhat7/condor/current/bin:/afs/crc.nd.edu/group/ccl/software/x86_64/redhat7/cmake/current/bin:/afs/crc.nd.edu/group/ccl/software/x86_64/redhat7/clang/current/bin:/afs/crc.nd.edu/group/ccl/software/x86_64/redhat7/condor/current/sbin:/afs/crc.nd.edu/group/ccl/software/x86_64/redhat7/condor/current/bin:/afs/crc.nd.edu/group/ccl/software/x86_64/redhat7/cctools/current/bin:/afs/crc.nd.edu/x86_64_linux/Modules/4.5.0/bin:/opt/crc/usr/local/bin:/opt/sge/bin/lx-amd64:/usr/local/bin:/usr/bin:/usr/local/sbin:/usr/sbin:/afs/crc.nd.edu/user/c/condor/software/bin:/afs/crc.nd.edu/user/c/condor/software/sbin
CCLSOFTWARE=/afs/crc.nd.edu/group/ccl/software/x86_64/redhat7
PWD=/var/condor/execute/dir_16405/worker-213124-16471/t.1042
_LMFILES_=/afs/crc.nd.edu/x86_64_linux/Modules/modules/system_modules/CRC_default/1.1
EDITOR=vim
SGE_EXECD_PORT=6445
LANG=en_US.UTF-8
SGE_QMASTER_PORT=6444
MODULEPATH=/afs/crc.nd.edu/x86_64_linux/Modules/modules/development_tools_and_libraries:/afs/crc.nd.edu/x86_64_linux/Modules/modules/general_software:/afs/crc.nd.edu/x86_64_linux/Modules/modules/restricted_software:/afs/crc.nd.edu/x86_64_linux/Modules/modules/system_modules:/afs/crc.nd.edu/x86_64_linux/Modules/modules/deprecated_software:/afs/crc.nd.edu/x86_64_linux/Modules/current/modulefiles
LOADEDMODULES=CRC_default/1.1
SGE_ROOT=/opt/sge
CCLPLATFORM=x86_64/redhat7
_CONDOR_SLOT=slot2_1
WORK_QUEUE_SANDBOX=/var/condor/execute/dir_16405/worker-213124-16471
USE_SYSTEMD=true
_CONDOR_LOWPORT=9100
HISTCONTROL=ignoreboth:erasedups
KRB5CCNAME=FILE:/tmp/krb5cc_213124_dlYXoi
GLOBUS_GSSAPI_NAME_COMPATIBILITY=STRICT_RFC2818
HOME=disc01.crc.nd.edu
SHLVL=6
PATH_modshare=/opt/crc/usr/local/bin:1:/opt/sge/bin/lx-amd64:1:/usr/sbin:1:/usr/bin:1:/afs/crc.nd.edu/user/c/condor/software/sbin:1:/usr/local/sbin:1:/afs/crc.nd.edu/user/c/condor/software/bin:1:/usr/local/bin:1
OSTYPE=linux
_CONDOR_MACHINE_AD=/var/condor/execute/dir_16405/.machine.ad
GREP_OPTIONS=--color=auto
DISK=18251
GLOBUS_GSSAPI_MIN_TLS_PROTOCOL=TLS1_VERSION
MANPATH_modshare=/usr/share/man/overrides:1:/usr/local/share/man:1:/usr/share/man:1:/opt/crc/usr/local/man:1:/opt/sge/man:1
MEMORY=1948
PERL_LOCAL_LIB_ROOT=/afs/crc.nd.edu/user/n/nkremerh/.perl5/
BASH_ENV=/afs/crc.nd.edu/x86_64_linux/Modules/4.5.0/init/bash
VENDOR=unknown
TMP=/var/condor/execute/dir_16405/worker-213124-16471/t.1042/cctools-temp-t.1042.di52B0
LOGNAME=nkremerh
MACHTYPE=x86_64
CCLHOME=/afs/crc.nd.edu/group/ccl
PYTHONPATH=/afs/crc.nd.edu/user/n/nkremerh/cctools/lib/python3.6/site-packages/
LD_LIBRARY_PATH_modshare=/opt/crc/usr/local/lib:1
SSH_CONNECTION=10.17.148.247 49750 129.74.128.103 22
MODULES_LMALTNAME_modshare=CRC_default/1.1&CRC_default/default&CRC_default:1
MODULESHOME=/afs/crc.nd.edu/x86_64_linux/Modules/4.5.0
_CONDOR_ANCESTOR_3314=3669:1598183978:1434769074
GLOBUS_GSSAPI_CIPHERS=HIGH
GLOBUS_GSSAPI_BACKWARD_COMPATIBLE_MIC=true
LESSOPEN=||/usr/bin/lesspipe.sh %s
OMP_NUM_THREADS=1
_CONDOR_JOB_AD=/var/condor/execute/dir_16405/.job.ad
LOADEDMODULES_modshare=CRC_default/1.1:1
XDG_RUNTIME_DIR=/run/user/213124
SGE_CLUSTER_NAME=CRC
CCTOOLS=../cctools
_CONDOR_ANCESTOR_16405=16436:1599499133:3044183768
CORES=2
_CONDOR_JOB_IWD=/var/condor/execute/dir_16405
PERL_MM_OPT=INSTALL_BASE=/afs/crc.nd.edu/user/n/nkremerh/.perl5/
GLOBUS_GSSAPI_SERVER_CIPHER_ORDER=true
BASH_FUNC_module()=() {  unset _mlshdbg;
 if [ "${MODULES_SILENT_SHELL_DEBUG:-0}" = '1' ]; then
 case "$-" in 
 *v*x*)
 set +vx;
 _mlshdbg='vx'
 ;;
 *v*)
 set +v;
 _mlshdbg='v'
 ;;
 *x*)
 set +x;
 _mlshdbg='x'
 ;;
 *)
 _mlshdbg=''
 ;;
 esac;
 fi;
 unset _mlre _mlIFS;
 if [ -n "${IFS+x}" ]; then
 _mlIFS=$IFS;
 fi;
 IFS=' ';
 for _mlv in ${MODULES_RUN_QUARANTINE:-};
 do
 if [ "${_mlv}" = "${_mlv##*[!A-Za-z0-9_]}" -a "${_mlv}" = "${_mlv#[0-9]}" ]; then
 if [ -n "`eval 'echo ${'$_mlv'+x}'`" ]; then
 _mlre="${_mlre:-}${_mlv}_modquar='`eval 'echo ${'$_mlv'}'`' ";
 fi;
 _mlrv="MODULES_RUNENV_${_mlv}";
 _mlre="${_mlre:-}${_mlv}='`eval 'echo ${'$_mlrv':-}'`' ";
 fi;
 done;
 if [ -n "${_mlre:-}" ]; then
 eval `eval ${_mlre}/usr/bin/tclsh /afs/crc.nd.edu/x86_64_linux/Modules/4.5.0/libexec/modulecmd.tcl bash '"$@"'`;
 else
 eval `/usr/bin/tclsh /afs/crc.nd.edu/x86_64_linux/Modules/4.5.0/libexec/modulecmd.tcl bash "$@"`;
 fi;
 _mlstatus=$?;
 if [ -n "${_mlIFS+x}" ]; then
 IFS=$_mlIFS;
 else
 unset IFS;
 fi;
 unset _mlre _mlv _mlrv _mlIFS;
 if [ -n "${_mlshdbg:-}" ]; then
 set -$_mlshdbg;
 fi;
 unset _mlshdbg;
 return $_mlstatus
}
BASH_FUNC_ml()=() {  module ml "$@"
}
_=/usr/bin/printenv
