21362   0.000000 libjli.so->getenv("_JAVA_LAUNCHER_DEBUG") = nil
21362   0.001882 libjli.so->getenv("_JAVA_VERSION_SET") = nil
21362   0.000828 libjli.so->fopen("/usr/lib/jvm/java-1.8.0-openjdk-1.8.0.262.b10-0.el7_8.x86_64/jre/lib/amd64/jvm.cfg", "r") = 0x55a939f960e0
21362   0.000801 libjli.so->getenv("JDK_ALTERNATE_VM") = nil
21362   0.000328 libjli.so->__xstat(1, "/usr/lib/jvm/java-1.8.0-openjdk-1.8.0.262.b10-0.el7_8.x86_64/jre/lib/amd64/server/libjvm.so", 0x7fffe231e020) = 0
21362   0.000593 libjli.so->getenv("LD_LIBRARY_PATH") = "/afs/crc.nd.edu/group/ccl/software/x86_64/redhat7/ruby/current/lib:/afs/crc.nd.edu/group/ccl/software/x86_64/redhat7/graphviz/current/lib:/afs/crc.nd.edu/group/ccl/software/x86_64/redhat7/git/current/lib:/afs/crc.nd.edu/group/ccl/software/x86_64/redhat7/condor/current/lib:/afs/crc.nd.edu/group/ccl/software/x86_64/redhat7/clang/current/lib:/afs/crc.nd.edu/group/ccl/software/x86_64/redhat7/condor/current/lib:/afs/crc.nd.edu/group/ccl/software/x86_64/redhat7/cctools/current/lib:/opt/crc/usr/local/lib"
21362   0.002173 libjli.so->dlopen("/usr/lib/jvm/java-1.8.0-openjdk-1.8.0.262.b10-0.el7_8.x86_64/jre/lib/amd64/server/libjvm.so", 258 <unfinished ...>
21362   0.038079 libjvm.so->getenv("NMT_LEVEL_21362") = nil
21362   0.001765 <... dlopen resumed> )          = 0x55a939f964b0
21362   0.000078 libjli.so->getenv("CLASSPATH")  = nil
21362   0.000340 libjli.so->getenv("_JAVA_SPLASH_JAR") = nil
21362   0.000306 libjli.so->getenv("_JAVA_SPLASH_FILE") = nil
21362   0.000312 libjli.so->pthread_attr_setdetachstate(0x7fffe231dfd0, 0, 0x7fffe231e060, 0) = 0
21362   0.000529 libpthread.so.0->__clone(0x2b5354f7fde0, 0x2b5354e92fc0, 0x3d0f00, 0x2b5354e93700) = 0x5373
21363   0.001492 libjvm.so->dlopen(0x2b535675e9ae, 1, 0xfffffffffff42c48, 4096) = 0x2b5358000990
21363   0.002419 libjvm.so->getenv(0x2b535677983e, 0, 115, 0x65737361) = 0x7fffe232464f
21363   0.000470 libjvm.so->fopen(0x2b5354e91c10, 0x2b5356715ccb, 0x6f732e79666972, 0x2b5355857ab0) = 0x2b5358001440
21363   0.001484 libjvm.so->dlopen(0x2b5354e91c10, 1, 0xffffffff, 0x2b5358002b00) = 0x2b5358001440
21363   0.001496 libjvm.so->fopen(0x2b5354e91c10, 0x2b5356715ccb, 111, 0x732e6176) = 0x2b5358001b10
21363   0.001677 libjvm.so->dlopen(0x2b5354e91c10, 1, 0xffffffff, 0x2b5358001a00) = 0x2b5358001b10
21363   0.001640 libjvm.so->__xstat(1, 0x2b5354e92360, 0x2b5354e92ba0, 0x746f7073746f682e) = -1
21363   0.000469 libjvm.so->getenv(0x2b535670e541, 0x2b5354e926d0, 1024, 0x2b5356bc861b) = 0
21363   0.000439 libjvm.so->getenv(0x2b535670e533, 0x2b5354e926d0, 1024, 0) = 0
21363   0.000458 libjvm.so->fopen(0x2b535675e315, 0x2b5356715ccb, 4095, 0xffffd4aca98f1b03) = 0x2b53580032f0
21363   0.001067 libjvm.so->fopen(0x2b535675e361, 0x2b5356715ccb, 0x2b5358000078, 0x2b53580032e0) = 0x2b53580032f0
21363   0.000715 libjvm.so->fopen(0x2b5354e8c9b0, 0x2b5356715ccb, 4014, 3995) = 0x2b53580032f0
21363   0.000652 libjvm.so->opendir(0x2b5358002b40, 0x2b5358002b40, 13, 16) = 0
21363   0.000490 libjvm.so->__xstat(1, 0x2b5354e918f0, 0x2b5354e90860, 0x6f732e7477616d62) = -1
21363   0.000437 libjvm.so->__xstat(1, 0x2b5354e918f0, 0x2b5354e90860, 0x5f74776162696c2f) = 0
21363   0.000522 libjvm.so->fopen(0x2b5354e90b90, 0x2b5356715ccb, 4009, 3994) = 0x2b53580037d0
21363   0.000640 libjvm.so->fopen(0x2b5354e90b90, 0x2b5356715ccb, 4009, 3994) = 0x2b53580037d0
21363   0.000623 libjvm.so->fopen(0x2b5354e90b90, 0x2b5356715ccb, 4009, 4002) = 0x2b53580037d0
21363   0.000628 libjvm.so->fopen(0x2b5354e90b20, 0x2b5356715ccb, 4009, 3994) = 0x2b53580037d0
21363   0.000622 libjvm.so->fopen(0x2b5354e90b20, 0x2b5356715ccb, 4009, 3994) = 0x2b53580037d0
21363   0.000631 libjvm.so->fopen(0x2b5354e90b20, 0x2b5356715ccb, 4009, 4002) = 0x2b53580037d0
21363   0.000645 libjvm.so->fopen(0x2b5354e90b50, 0x2b5356715ccb, 4014, 3995) = 0x2b53580037d0
21363   0.000811 libjvm.so->getenv(0x2b535675f0ff, 4096, 3, -1) = 0
21363   0.000901 libjvm.so->fopen(0x2b535675e998, 0x2b5356715ccb, 0x2b5354f76908, 0x2b5354f75df0) = 0x2b53580037d0
21363   0.004851 libjvm.so->open(0x2b535804a5c0, 0x20000, 0, 0x2b535804a609) = 3
21363   0.000456 libjvm.so->__fxstat(1, 3, 0x2b5354e92a00, -1) = 0
21363   0.000459 libjvm.so->opendir(0x2b535804a5c0, 0x2b5354e92a00, 0x4000, -1) = 0x2b535804b4d0
21363   0.000475 libjvm.so->__fxstat(1, 3, 0x2b5354e928a0, 0x2b535804b4d0) = 0
21363   0.000421 libjvm.so->__fxstat(1, 5, 0x2b5354e92930, -1) = 0
21363   0.000458 libjvm.so->open(0x2b535672c9dc, 0, 0, 0) = 3
21363   0.000641 libjvm.so->__lxstat(1, 0x2b535804a5c0, 0x2b5354e92b50, -144) = 0
21363   0.000463 libjvm.so->open(0x2b535804a5c0, 0x20000, 0x4000, -1) = 3
21363   0.000426 libjvm.so->__fxstat(1, 3, 0x2b5354e92a00, -1) = 0
21363   0.000447 libjvm.so->opendir(0x2b535804a5c0, 0x2b5354e92a00, 0x4000, -1) = 0x2b535804b4d0
21363   0.000438 libjvm.so->__fxstat(1, 3, 0x2b5354e928a0, 0x2b535804b4d0) = 0
21363   0.000419 libjvm.so->__fxstat(1, 5, 0x2b5354e92930, -1) = 0
21363   0.000539 libjvm.so->open(0x2b535672c9dc, 0, 0, 0) = 3
21363   0.000596 libjvm.so->open(0x2b535804a609, 0x20042, 384, -1) = 7
21363   0.000973 libjvm.so->__fxstat(1, 7, 0x2b5354e92b50, -1) = 0
21363   0.002219 libjvm.so->fopen(0x2b5354e91b60, 0x2b5356715ccb, 4, 0x6f732e70) = 0x2b5358057c20
21363   0.003356 libjvm.so->dlopen(0x2b5354e91b60, 1, 0xffffffff, 0x2b5358057b00) = 0x2b5358057c20
21363   0.001432 libjvm.so->__xstat(1, 0x2b5354e92120, 0x2b5354e92950, 2048) = 0
21363   0.000462 libjvm.so->__xstat(1, 0x2b5354e92120, 0x2b5354e92950, 2048) = 0
21363   0.000433 libjvm.so->__xstat(1, 0x2b5354e92120, 0x2b5354e92950, 2048) = -1
21363   0.000444 libjvm.so->__xstat(1, 0x2b5354e92120, 0x2b5354e92950, 2048) = 0
21363   0.000431 libjvm.so->__xstat(1, 0x2b5354e92120, 0x2b5354e92950, 2048) = 0
21363   0.000448 libjvm.so->__xstat(1, 0x2b5354e92120, 0x2b5354e92950, 2048) = 0
21363   0.000433 libjvm.so->__xstat(1, 0x2b5354e92120, 0x2b5354e92950, 2048) = 0
21363   0.000450 libjvm.so->__xstat(1, 0x2b5354e92120, 0x2b5354e92950, 2048) = -1
21363   0.000483 libjvm.so->fopen(0x2b5358002520, 0x2b5356715ccb, 0, 0) = 0x2b5358058ac0
21363   0.008944 libjvm.so->open64(0x2b5354e91410, 0, 0, 16) = 3
21363   0.000481 libjvm.so->__fxstat64(1, 3, 0x2b5354e91240, -1) = 0
21363   0.041714 libjvm.so->__xstat(1, 0x2b5354e91f20, 0x2b5354e92750, 2048) = -1
21363   0.000561 libjvm.so->fopen(0x2b5354e90b20, 0x2b5356715ccb, 4009, 3994) = 0x2b53580b5d40
21363   0.000611 libjvm.so->fopen(0x2b5354e90b20, 0x2b5356715ccb, 4009, 3994) = 0x2b53580b5d40
21363   0.000591 libjvm.so->fopen(0x2b5354e90b20, 0x2b5356715ccb, 4009, 4002) = 0x2b53580b5d40
21363   0.004036 libjvm.so->pthread_attr_setdetachstate(0x2b5354e92c00, 1, 0, 0) = 0
21363   0.000447 libpthread.so.0->__clone(0x2b5354f7fde0, 0x2b536d89cfc0, 0x3d0f00, 0x2b536d89d700) = 0x5374
21363   0.014252 libjvm.so->pthread_attr_setdetachstate(0x2b5354e92290, 1, 0, 0) = 0
21363   0.000608 libpthread.so.0->__clone(0x2b5354f7fde0, 0x2b536d99dfc0, 0x3d0f00, 0x2b536d99e700) = 0x5375
21363   0.006374 libjvm.so->pthread_attr_setdetachstate(0x2b5354e92610, 1, 0, 0) = 0
21363   0.000715 libpthread.so.0->__clone(0x2b5354f7fde0, 0x2b536da9efc0, 0x3d0f00, 0x2b536da9f700) = 0x5376
21363   0.036641 libjvm.so->fopen(0x2b53580f1810, 0x2b5356715ccb, 4, 0x6f732e70) = 0x2b53580f1d10
21363   0.001840 libjvm.so->dlopen(0x2b53580f1810, 1, 0xffffffff, 0x2b53580e8c00) = 0x2b5358057c20
21363   0.004843 libjvm.so->open64(0x2b5354e91510, 0, 0, 16) = 5
21363   0.000898 libjvm.so->__fxstat64(1, 5, 0x2b5354e91340, -1) = 0
21363   0.018359 libjvm.so->fopen(0x2b5354e8e130, 0x2b5356715ccb, 4009, 3994) = 0x2b53580fcce0
21363   0.001065 libjvm.so->fopen(0x2b5354e8e130, 0x2b5356715ccb, 4009, 3994) = 0x2b53580fcce0
21363   0.001028 libjvm.so->fopen(0x2b5354e8e130, 0x2b5356715ccb, 4009, 4002) = 0x2b53580fcce0
21363   0.016143 libjvm.so->pthread_attr_setdetachstate(0x2b5354e92b50, 1, 0, 0) = 0
21363   0.001002 libpthread.so.0->__clone(0x2b5354f7fde0, 0x2b536db9ffc0, 0x3d0f00, 0x2b536dba0700) = 0x537b
21363   0.001472 libjvm.so->__xstat64(1, 0x2b5354e92be0, 0x2b5354e92b50, 19) = -1
21363   0.001122 libjvm.so->pthread_attr_setdetachstate(0x2b5354e92950, 1, 0, 0) = 0
21363   0.001128 libpthread.so.0->__clone(0x2b5354f7fde0, 0x2b536dca0fc0, 0x3d0f00, 0x2b536dca1700) = 0x537c
21363   0.001624 libjvm.so->pthread_attr_setdetachstate(0x2b5354e92950, 1, 0, 0) = 0
21363   0.001265 libpthread.so.0->__clone(0x2b5354f7fde0, 0x2b536dda1fc0, 0x3d0f00, 0x2b536dda2700) = 0x537e
21363   0.008809 libjvm.so->pthread_attr_setdetachstate(0x2b5354e92aa0, 1, 0, 0) = 0
21363   0.001474 libpthread.so.0->__clone(0x2b5354f7fde0, 0x2b536dea2fc0, 0x3d0f00, 0x2b536dea3700) = 0x537f
21363   0.002248 libjvm.so->pthread_attr_setdetachstate(0x2b5354e92bb0, 1, 0, 0) = 0
21363   0.001583 libpthread.so.0->__clone(0x2b5354f7fde0, 0x2b536dfa3fc0, 0x3d0f00, 0x2b536dfa4700) = 0x5380
21363   0.014543 libjvm.so->open64(0x2b53581368d0, 0, 0, 16) = 7
21363   0.001749 libjvm.so->__fxstat64(1, 7, 0x2b5354e8ff60, -1) = 0
21363   0.026540 libjvm.so->fopen(0x2b535815c700, 0x2b5356715ccb, 4, 0x6f732e6f) = 0x2b535815c7c0
21363   0.003506 libjvm.so->dlopen(0x2b535815c700, 1, 0xffffffff, 0x2b535815c700) = 0x2b535815c7c0
21363   0.105219 libjvm.so->fopen(0x2b5354e8ce40, 0x2b5356715ccb, 0x6f732e, 0x6d766a62696c2f72) = 0x2b5358171e20
21363   0.006661 libjvm.so->dlopen(0x2b5354e8ce40, 1, 0xffffffff, 0x2b5358171d00) = 0x55a939f964b0
21363   0.001780 libjvm.so->fopen(0x2b5354e8ce40, 0x2b5356715ccb, 0x6f732e, 0x6d766a62696c2f72) = 0x2b5358172220
21363   0.005115 libjvm.so->dlopen(0x2b5354e8ce40, 1, 0xffffffff, 0x2b5358171d00) = 0x55a939f964b0
21363   0.001647 libjvm.so->fopen(0x2b5354e8ce40, 0x2b5356715ccb, 0x6f732e, 0x6d766a62696c2f72) = 0x2b5358171e20
21363   0.003307 libjvm.so->dlopen(0x2b5354e8ce40, 1, 0xffffffff, 0x2b5358171d00) = 0x55a939f964b0
21363   0.001664 libjvm.so->fopen(0x2b5354e8ce40, 0x2b5356715ccb, 0x6f732e, 0x6d766a62696c2f72) = 0x2b5358171e20
21363   0.006795 libjvm.so->dlopen(0x2b5354e8ce40, 1, 0xffffffff, 0x2b5358171d00) = 0x55a939f964b0
21363   0.046492 libjvm.so->fopen(0x2b53581af3a0, 0x2b5356715ccb, 4, 0x6f732e74) = 0x2b53581cf430
21363   0.003723 libjvm.so->dlopen(0x2b53581af3a0, 1, 0xffffffff, 0x2b53581bbe00) = 0x2b53581cf430
21363   0.146292 libjvm.so->fopen(0x2b5358248490, 0x2b5356715ccb, 0x6f732e7373656c, 0x656c646165685f74) = 0x2b5358248570
21363   0.004198 libjvm.so->dlopen(0x2b5358248490, 1, 0xffffffff, 0x2b5358248400) = 0x2b5358248570
21376   0.055339 +++ exited (status 0) +++
21371   0.000302 --- SIGSEGV (Segmentation fault) ---
21364   0.000625 +++ exited (status 0) +++
21363   0.000243 +++ exited (status 0) +++
21374   0.000261 +++ exited (status 1) +++
21372   0.000021 +++ exited (status 1) +++
21371   0.000015 +++ exited (status 1) +++
21366   0.000015 +++ exited (status 1) +++
21365   0.000012 +++ exited (status 1) +++
21375   0.006173 +++ exited (status 1) +++
21362   0.000037 +++ exited (status 1) +++
Wrote an ltrace for command: "java -cp ./tools/maxent.jar density.Project outputs/Perdita_lateralis_Timberlake/Perdita_lateralis_Timberlake.lambdas data/layers/worldclim outputs/Perdita_lateralis_Timberlake_worldclim.asc nowarnings nocache autorun -z" with PID 21360 from PPID 21344 on disc20.crc.nd.edu with result 1
REMOTEHOST=129.74.154.87
_CONDOR_JOB_PIDS=
MANPATH=/afs/crc.nd.edu/user/n/nkremerh/cctools/share/man/:/afs/crc.nd.edu/group/ccl/software/x86_64/redhat7/ruby/current/share/man:/afs/crc.nd.edu/group/ccl/software/x86_64/redhat7/graphviz/current/share/man:/afs/crc.nd.edu/group/ccl/software/x86_64/redhat7/gnuplot/current/share/man:/afs/crc.nd.edu/group/ccl/software/x86_64/redhat7/git/current/share/man:/afs/crc.nd.edu/group/ccl/software/x86_64/redhat7/condor/current/share/man:/afs/crc.nd.edu/group/ccl/software/x86_64/redhat7/clang/current/share/man:/afs/crc.nd.edu/group/ccl/software/x86_64/redhat7/condor/current/share/man:/afs/crc.nd.edu/group/ccl/software/x86_64/redhat7/cctools/current/share/man:/afs/crc.nd.edu/group/ccl/software/x86_64/redhat7/cctools/current/share/man:/afs/crc.nd.edu/x86_64_linux/Modules/4.5.0/share/man:/opt/crc/usr/local/man:/opt/sge/man:/usr/share/man/overrides:/usr/share/man:/usr/local/share/man
XDG_SESSION_ID=2226
HOSTNAME=disc01.crc.nd.edu
_LMFILES__modshare=/afs/crc.nd.edu/x86_64_linux/Modules/modules/system_modules/CRC_default/1.1:1
MODULEPATH_modshare=/afs/crc.nd.edu/x86_64_linux/Modules/modules/general_software:1:/afs/crc.nd.edu/x86_64_linux/Modules/modules/development_tools_and_libraries:1:/afs/crc.nd.edu/x86_64_linux/Modules/modules/system_modules:1:/afs/crc.nd.edu/x86_64_linux/Modules/current/modulefiles:1:/afs/crc.nd.edu/x86_64_linux/Modules/modules/restricted_software:1:/afs/crc.nd.edu/x86_64_linux/Modules/modules/deprecated_software:1
MODULES_CMD=/afs/crc.nd.edu/x86_64_linux/Modules/4.5.0/libexec/modulecmd.tcl
HOST=disc01.crc.nd.edu
SHELL=/bin/tcsh
TERM=xterm-256color
MAKEFLAGS=
HISTSIZE=5000
TMPDIR=/var/condor/execute/dir_11104/worker-213124-11181/t.1316/cctools-temp-t.1316.luoMYv
SSH_CLIENT=129.74.154.87 57278 22
PERL5LIB=/afs/crc.nd.edu/user/n/nkremerh/cctools/lib/perl5/site_perl/5.16.3:/afs/crc.nd.edu/user/n/nkremerh/.perl5/lib/perl5
SGE_CELL=crc
_CONDOR_SCRATCH_DIR=/var/condor/execute/dir_11104
PERL_MB_OPT=--install_base '/afs/crc.nd.edu/user/n/nkremerh/.perl5/'
SSH_TTY=/dev/pts/0
SGE_LOAD_AVG=load_avg
MAKEFLOW_MAX_LOCAL_JOBS=2
HISTFILESIZE=10000
_CHIRP_DELAYED_UPDATE_PREFIX=Chirp*
USER=nkremerh
GROUP=campus
LD_LIBRARY_PATH=/afs/crc.nd.edu/group/ccl/software/x86_64/redhat7/ruby/current/lib:/afs/crc.nd.edu/group/ccl/software/x86_64/redhat7/graphviz/current/lib:/afs/crc.nd.edu/group/ccl/software/x86_64/redhat7/git/current/lib:/afs/crc.nd.edu/group/ccl/software/x86_64/redhat7/condor/current/lib:/afs/crc.nd.edu/group/ccl/software/x86_64/redhat7/clang/current/lib:/afs/crc.nd.edu/group/ccl/software/x86_64/redhat7/condor/current/lib:/afs/crc.nd.edu/group/ccl/software/x86_64/redhat7/cctools/current/lib:/opt/crc/usr/local/lib
TEMP=/var/condor/execute/dir_11104/worker-213124-11181/t.1316/cctools-temp-t.1316.luoMYv
BATCH_SYSTEM=HTCondor
WORKER_TMPDIR=/var/condor/execute/dir_11104/worker-213124-11181/cache/tmp
ENV=/afs/crc.nd.edu/x86_64_linux/Modules/4.5.0/init/profile.sh
MODULES_LMALTNAME=CRC_default/1.1&CRC_default/default&CRC_default
_CONDOR_ANCESTOR_3365=3581:1596369961:2310611161
_CONDOR_CHIRP_CONFIG=/var/condor/execute/dir_11104/.chirp.config
GLOBUS_GSSAPI_MAX_TLS_PROTOCOL=0
_CONDOR_HIGHPORT=9999
HOSTTYPE=x86_64-linux
MAKELEVEL=1
MFLAGS=
CCLSOFTWARE=/afs/crc.nd.edu/group/ccl/software/x86_64/redhat7
PATH=/afs/crc.nd.edu/user/n/nkremerh/cctools/bin:/afs/crc.nd.edu/user/n/nkremerh/miniconda/bin:/afs/crc.nd.edu/group/ccl/software/git:/afs/crc.nd.edu/user/n/nkremerh/.local/bin:/afs/crc.nd.edu/group/ccl/software/x86_64/redhat7/povray/3.7/bin:/afs/crc.nd.edu/user/n/nkremerh/.perl5/bin:/afs/crc.nd.edu/user/n/nkremerh/pegasus/bin:/afs/crc.nd.edu/user/n/nkremerh/nodejs/bin:/afs/crc.nd.edu/user/n/nkremerh/montage/bin:/afs/crc.nd.edu/user/n/nkremerh/latexdiff:/afs/crc.nd.edu/user/n/nkremerh/envtrace:/afs/crc.nd.edu/user/n/nkremerh/endlines:/afs/crc.nd.edu/user/n/nkremerh/cctools/bin:/afs/crc.nd.edu/user/n/nkremerh/.cargo/bin:/afs/crc.nd.edu/group/ccl/software/x86_64/redhat7/ruby/current/bin:/afs/crc.nd.edu/group/ccl/software/x86_64/redhat7/graphviz/current/bin:/afs/crc.nd.edu/group/ccl/software/x86_64/redhat7/gnuplot/current/bin:/afs/crc.nd.edu/group/ccl/software/x86_64/redhat7/git/current/bin:/afs/crc.nd.edu/group/ccl/software/x86_64/redhat7/condor/current/sbin:/afs/crc.nd.edu/group/ccl/software/x86_64/redhat7/condor/current/bin:/afs/crc.nd.edu/group/ccl/software/x86_64/redhat7/cmake/current/bin:/afs/crc.nd.edu/group/ccl/software/x86_64/redhat7/clang/current/bin:/afs/crc.nd.edu/group/ccl/software/x86_64/redhat7/condor/current/sbin:/afs/crc.nd.edu/group/ccl/software/x86_64/redhat7/condor/current/bin:/afs/crc.nd.edu/group/ccl/software/x86_64/redhat7/cctools/current/bin:/afs/crc.nd.edu/x86_64_linux/Modules/4.5.0/bin:/opt/crc/usr/local/bin:/opt/sge/bin/lx-amd64:/usr/local/bin:/usr/bin:/usr/local/sbin:/usr/sbin:/afs/crc.nd.edu/user/c/condor/software/bin:/afs/crc.nd.edu/user/c/condor/software/sbin
MAIL=/var/spool/mail/nkremerh
_CONDOR_ANCESTOR_11104=11116:1597419253:1067789334
PWD=/var/condor/execute/dir_11104/worker-213124-11181/t.1316
_LMFILES_=/afs/crc.nd.edu/x86_64_linux/Modules/modules/system_modules/CRC_default/1.1
SGE_EXECD_PORT=6445
EDITOR=vim
LANG=en_US.UTF-8
MODULEPATH=/afs/crc.nd.edu/x86_64_linux/Modules/modules/development_tools_and_libraries:/afs/crc.nd.edu/x86_64_linux/Modules/modules/general_software:/afs/crc.nd.edu/x86_64_linux/Modules/modules/restricted_software:/afs/crc.nd.edu/x86_64_linux/Modules/modules/system_modules:/afs/crc.nd.edu/x86_64_linux/Modules/modules/deprecated_software:/afs/crc.nd.edu/x86_64_linux/Modules/current/modulefiles
SGE_QMASTER_PORT=6444
SGE_ROOT=/opt/sge
LOADEDMODULES=CRC_default/1.1
WORK_QUEUE_SANDBOX=/var/condor/execute/dir_11104/worker-213124-11181
_CONDOR_SLOT=slot2_1
CCLPLATFORM=x86_64/redhat7
USE_SYSTEMD=true
_CONDOR_ANCESTOR_3581=11104:1597419250:2078877539
_CONDOR_LOWPORT=9100
KRB5CCNAME=FILE:/tmp/krb5cc_213124_jfvfni
HISTCONTROL=ignoreboth:erasedups
PATH_modshare=/opt/crc/usr/local/bin:1:/opt/sge/bin/lx-amd64:1:/usr/sbin:1:/usr/bin:1:/afs/crc.nd.edu/user/c/condor/software/sbin:1:/usr/local/sbin:1:/afs/crc.nd.edu/user/c/condor/software/bin:1:/usr/local/bin:1
SHLVL=7
HOME=disc01.crc.nd.edu
GLOBUS_GSSAPI_NAME_COMPATIBILITY=STRICT_RFC2818
_CONDOR_MACHINE_AD=/var/condor/execute/dir_11104/.machine.ad
OSTYPE=linux
DISK=18236
GREP_OPTIONS=--color=auto
GLOBUS_GSSAPI_MIN_TLS_PROTOCOL=TLS1_VERSION
MEMORY=1948
MANPATH_modshare=/usr/share/man/overrides:1:/usr/local/share/man:1:/usr/share/man:1:/opt/crc/usr/local/man:1:/opt/sge/man:1
VENDOR=unknown
BASH_ENV=/afs/crc.nd.edu/x86_64_linux/Modules/4.5.0/init/bash
PERL_LOCAL_LIB_ROOT=/afs/crc.nd.edu/user/n/nkremerh/.perl5/
PYTHONPATH=/afs/crc.nd.edu/user/n/nkremerh/cctools/lib/python3.6/site-packages/
CCLHOME=/afs/crc.nd.edu/group/ccl
MACHTYPE=x86_64
LOGNAME=nkremerh
TMP=/var/condor/execute/dir_11104/worker-213124-11181/t.1316/cctools-temp-t.1316.luoMYv
LD_LIBRARY_PATH_modshare=/opt/crc/usr/local/lib:1
MODULES_LMALTNAME_modshare=CRC_default/1.1&CRC_default/default&CRC_default:1
SSH_CONNECTION=129.74.154.87 57278 129.74.128.103 22
MODULESHOME=/afs/crc.nd.edu/x86_64_linux/Modules/4.5.0
OMP_NUM_THREADS=1
LESSOPEN=||/usr/bin/lesspipe.sh %s
GLOBUS_GSSAPI_BACKWARD_COMPATIBLE_MIC=true
GLOBUS_GSSAPI_CIPHERS=HIGH
LOADEDMODULES_modshare=CRC_default/1.1:1
_CONDOR_JOB_AD=/var/condor/execute/dir_11104/.job.ad
SGE_CLUSTER_NAME=CRC
XDG_RUNTIME_DIR=/run/user/213124
CCTOOLS=../cctools
CORES=2
_CONDOR_JOB_IWD=/var/condor/execute/dir_11104
PERL_MM_OPT=INSTALL_BASE=/afs/crc.nd.edu/user/n/nkremerh/.perl5/
GLOBUS_GSSAPI_SERVER_CIPHER_ORDER=true
BASH_FUNC_module()=() {  unset _mlshdbg;
 if [ "${MODULES_SILENT_SHELL_DEBUG:-0}" = '1' ]; then
 case "$-" in 
 *v*x*)
 set +vx;
 _mlshdbg='vx'
 ;;
 *v*)
 set +v;
 _mlshdbg='v'
 ;;
 *x*)
 set +x;
 _mlshdbg='x'
 ;;
 *)
 _mlshdbg=''
 ;;
 esac;
 fi;
 unset _mlre _mlIFS;
 if [ -n "${IFS+x}" ]; then
 _mlIFS=$IFS;
 fi;
 IFS=' ';
 for _mlv in ${MODULES_RUN_QUARANTINE:-};
 do
 if [ "${_mlv}" = "${_mlv##*[!A-Za-z0-9_]}" -a "${_mlv}" = "${_mlv#[0-9]}" ]; then
 if [ -n "`eval 'echo ${'$_mlv'+x}'`" ]; then
 _mlre="${_mlre:-}${_mlv}_modquar='`eval 'echo ${'$_mlv'}'`' ";
 fi;
 _mlrv="MODULES_RUNENV_${_mlv}";
 _mlre="${_mlre:-}${_mlv}='`eval 'echo ${'$_mlrv':-}'`' ";
 fi;
 done;
 if [ -n "${_mlre:-}" ]; then
 eval `eval ${_mlre}/usr/bin/tclsh /afs/crc.nd.edu/x86_64_linux/Modules/4.5.0/libexec/modulecmd.tcl bash '"$@"'`;
 else
 eval `/usr/bin/tclsh /afs/crc.nd.edu/x86_64_linux/Modules/4.5.0/libexec/modulecmd.tcl bash "$@"`;
 fi;
 _mlstatus=$?;
 if [ -n "${_mlIFS+x}" ]; then
 IFS=$_mlIFS;
 else
 unset IFS;
 fi;
 unset _mlre _mlv _mlrv _mlIFS;
 if [ -n "${_mlshdbg:-}" ]; then
 set -$_mlshdbg;
 fi;
 unset _mlshdbg;
 return $_mlstatus
}
BASH_FUNC_ml()=() {  module ml "$@"
}
_=/usr/bin/printenv
