24523   0.000000 libjli.so->getenv("_JAVA_LAUNCHER_DEBUG") = nil
24523   0.001745 libjli.so->getenv("_JAVA_VERSION_SET") = nil
24523   0.000748 libjli.so->fopen("/usr/lib/jvm/java-1.8.0-openjdk-1.8.0.262.b10-0.el7_8.x86_64/jre/lib/amd64/jvm.cfg", "r") = 0x55b7d06120f0
24523   0.000943 libjli.so->getenv("JDK_ALTERNATE_VM") = nil
24523   0.000356 libjli.so->__xstat(1, "/usr/lib/jvm/java-1.8.0-openjdk-1.8.0.262.b10-0.el7_8.x86_64/jre/lib/amd64/server/libjvm.so", 0x7ffee67bda80) = 0
24523   0.000603 libjli.so->getenv("LD_LIBRARY_PATH") = "/afs/crc.nd.edu/group/ccl/software/x86_64/redhat7/ruby/current/lib:/afs/crc.nd.edu/group/ccl/software/x86_64/redhat7/graphviz/current/lib:/afs/crc.nd.edu/group/ccl/software/x86_64/redhat7/git/current/lib:/afs/crc.nd.edu/group/ccl/software/x86_64/redhat7/condor/current/lib:/afs/crc.nd.edu/group/ccl/software/x86_64/redhat7/clang/current/lib:/afs/crc.nd.edu/group/ccl/software/x86_64/redhat7/condor/current/lib:/afs/crc.nd.edu/group/ccl/software/x86_64/redhat7/cctools/current/lib:/opt/crc/usr/local/lib"
24523   0.002209 libjli.so->dlopen("/usr/lib/jvm/java-1.8.0-openjdk-1.8.0.262.b10-0.el7_8.x86_64/jre/lib/amd64/server/libjvm.so", 258 <unfinished ...>
24523   0.038997 libjvm.so->getenv("NMT_LEVEL_24523") = nil
24523   0.001621 <... dlopen resumed> )          = 0x55b7d06124c0
24523   0.000073 libjli.so->getenv("CLASSPATH")  = nil
24523   0.002175 libjli.so->getenv("_JAVA_SPLASH_JAR") = nil
24523   0.000357 libjli.so->getenv("_JAVA_SPLASH_FILE") = nil
24523   0.000318 libjli.so->pthread_attr_setdetachstate(0x7ffee67bda30, 0, 0x7ffee67bdac0, 0) = 0
24523   0.000438 libpthread.so.0->__clone(0x2b589f313de0, 0x2b589f226fc0, 0x3d0f00, 0x2b589f227700) = 0x5fd1
24529   0.001556 libjvm.so->dlopen(0x2b58a0af29ae, 1, 0xfffffffffff42c48, 4096) = 0x2b58a4000990
24529   0.002451 libjvm.so->getenv(0x2b58a0b0d83e, 0, 115, 0x65737361) = 0x7ffee67c370d
24529   0.000451 libjvm.so->fopen(0x2b589f225c10, 0x2b58a0aa9ccb, 0x6f732e79666972, 0x2b589fbebab0) = 0x2b58a4001440
24529   0.002017 libjvm.so->dlopen(0x2b589f225c10, 1, 0xffffffff, 0x2b58a4002b00) = 0x2b58a4001440
24529   0.001501 libjvm.so->fopen(0x2b589f225c10, 0x2b58a0aa9ccb, 111, 0x732e6176) = 0x2b58a4001b10
24529   0.001525 libjvm.so->dlopen(0x2b589f225c10, 1, 0xffffffff, 0x2b58a4001a00) = 0x2b58a4001b10
24529   0.005614 libjvm.so->__xstat(1, 0x2b589f226360, 0x2b589f226ba0, 0x746f7073746f682e) = -1
24529   0.004101 libjvm.so->getenv(0x2b58a0aa2541, 0x2b589f2266d0, 1024, 0x2b58a0f5c61b) = 0
24529   0.001132 libjvm.so->getenv(0x2b58a0aa2533, 0x2b589f2266d0, 1024, 0) = 0
24529   0.000529 libjvm.so->fopen(0x2b58a0af2315, 0x2b58a0aa9ccb, 4095, 0xffffd4a75f55db03) = 0x2b58a4003290
24529   0.001305 libjvm.so->fopen(0x2b58a0af2361, 0x2b58a0aa9ccb, 0x2b58a4000078, 0x2b58a4003280) = 0x2b58a4003290
24529   0.000760 libjvm.so->fopen(0x2b589f2209b0, 0x2b58a0aa9ccb, 4014, 3995) = 0x2b58a4003290
24529   0.000797 libjvm.so->opendir(0x2b58a4002b40, 0x2b58a4002b40, 13, 16) = 0
24529   0.000523 libjvm.so->__xstat(1, 0x2b589f2258f0, 0x2b589f224860, 0x6f732e7477616d62) = -1
24529   0.000456 libjvm.so->__xstat(1, 0x2b589f2258f0, 0x2b589f224860, 0x5f74776162696c2f) = 0
24529   0.001134 libjvm.so->fopen(0x2b589f224b90, 0x2b58a0aa9ccb, 4009, 3994) = 0x2b58a4003770
24529   0.000670 libjvm.so->fopen(0x2b589f224b90, 0x2b58a0aa9ccb, 4009, 3994) = 0x2b58a4003770
24529   0.000589 libjvm.so->fopen(0x2b589f224b90, 0x2b58a0aa9ccb, 4009, 4002) = 0x2b58a4003770
24529   0.000657 libjvm.so->fopen(0x2b589f224b20, 0x2b58a0aa9ccb, 4009, 3994) = 0x2b58a4003770
24529   0.000734 libjvm.so->fopen(0x2b589f224b20, 0x2b58a0aa9ccb, 4009, 3994) = 0x2b58a4003770
24529   0.001439 libjvm.so->fopen(0x2b589f224b20, 0x2b58a0aa9ccb, 4009, 4002) = 0x2b58a4003770
24529   0.000690 libjvm.so->fopen(0x2b589f224b50, 0x2b58a0aa9ccb, 4014, 3995) = 0x2b58a4003770
24529   0.000908 libjvm.so->getenv(0x2b58a0af30ff, 4096, 3, -1) = 0
24529   0.001002 libjvm.so->fopen(0x2b58a0af2998, 0x2b58a0aa9ccb, 0x2b589f30a908, 0x2b589f309df0) = 0x2b58a4003770
24529   0.005249 libjvm.so->open(0x2b58a404a560, 0x20000, 0, 0x2b58a404a5a9) = 3
24529   0.000520 libjvm.so->__fxstat(1, 3, 0x2b589f226a00, -1) = 0
24529   0.000490 libjvm.so->opendir(0x2b58a404a560, 0x2b589f226a00, 0x4000, -1) = 0x2b58a404b470
24529   0.000559 libjvm.so->__fxstat(1, 3, 0x2b589f2268a0, 0x2b58a404b470) = 0
24529   0.000461 libjvm.so->__fxstat(1, 5, 0x2b589f226930, -1) = 0
24529   0.000501 libjvm.so->open(0x2b58a0ac09dc, 0, 0, 0) = 3
24529   0.000669 libjvm.so->__lxstat(1, 0x2b58a404a560, 0x2b589f226b50, -144) = 0
24529   0.000533 libjvm.so->open(0x2b58a404a560, 0x20000, 0x4000, -1) = 3
24529   0.000449 libjvm.so->__fxstat(1, 3, 0x2b589f226a00, -1) = 0
24529   0.000516 libjvm.so->opendir(0x2b58a404a560, 0x2b589f226a00, 0x4000, -1) = 0x2b58a404b470
24529   0.000432 libjvm.so->__fxstat(1, 3, 0x2b589f2268a0, 0x2b58a404b470) = 0
24529   0.000510 libjvm.so->__fxstat(1, 5, 0x2b589f226930, -1) = 0
24529   0.000469 libjvm.so->open(0x2b58a0ac09dc, 0, 0, 0) = 3
24529   0.000472 libjvm.so->open(0x2b58a404a5a9, 0x20042, 384, -1) = 7
24529   0.000602 libjvm.so->__fxstat(1, 7, 0x2b589f226b50, -1) = 0
24529   0.002066 libjvm.so->fopen(0x2b589f225b60, 0x2b58a0aa9ccb, 4, 0x6f732e70) = 0x2b58a4057bc0
24529   0.001826 libjvm.so->dlopen(0x2b589f225b60, 1, 0xffffffff, 0x2b58a4057b00) = 0x2b58a4057bc0
24529   0.002329 libjvm.so->__xstat(1, 0x2b589f226120, 0x2b589f226950, 2048) = 0
24529   0.001493 libjvm.so->__xstat(1, 0x2b589f226120, 0x2b589f226950, 2048) = 0
24529   0.000488 libjvm.so->__xstat(1, 0x2b589f226120, 0x2b589f226950, 2048) = -1
24529   0.000440 libjvm.so->__xstat(1, 0x2b589f226120, 0x2b589f226950, 2048) = 0
24529   0.000445 libjvm.so->__xstat(1, 0x2b589f226120, 0x2b589f226950, 2048) = 0
24529   0.000499 libjvm.so->__xstat(1, 0x2b589f226120, 0x2b589f226950, 2048) = 0
24529   0.000464 libjvm.so->__xstat(1, 0x2b589f226120, 0x2b589f226950, 2048) = 0
24529   0.000450 libjvm.so->__xstat(1, 0x2b589f226120, 0x2b589f226950, 2048) = -1
24529   0.000726 libjvm.so->fopen(0x2b58a4002520, 0x2b58a0aa9ccb, 0, 0) = 0x2b58a4058a60
24529   0.009152 libjvm.so->open64(0x2b589f225410, 0, 0, 16) = 3
24529   0.000513 libjvm.so->__fxstat64(1, 3, 0x2b589f225240, -1) = 0
24529   0.037636 libjvm.so->__xstat(1, 0x2b589f225f20, 0x2b589f226750, 2048) = -1
24529   0.000717 libjvm.so->fopen(0x2b589f224b20, 0x2b58a0aa9ccb, 4009, 3994) = 0x2b58a40b5e20
24529   0.000857 libjvm.so->fopen(0x2b589f224b20, 0x2b58a0aa9ccb, 4009, 3994) = 0x2b58a40b5e20
24529   0.000719 libjvm.so->fopen(0x2b589f224b20, 0x2b58a0aa9ccb, 4009, 4002) = 0x2b58a40b5e20
24529   0.005040 libjvm.so->pthread_attr_setdetachstate(0x2b589f226c00, 1, 0, 0) = 0
24529   0.000637 libpthread.so.0->__clone(0x2b589f313de0, 0x2b58b7bb8fc0, 0x3d0f00, 0x2b58b7bb9700) = 0x5fd3
24529   0.017788 libjvm.so->pthread_attr_setdetachstate(0x2b589f226290, 1, 0, 0) = 0
24529   0.000731 libpthread.so.0->__clone(0x2b589f313de0, 0x2b58b7cb9fc0, 0x3d0f00, 0x2b58b7cba700) = 0x5fd4
24529   0.008614 libjvm.so->pthread_attr_setdetachstate(0x2b589f226610, 1, 0, 0) = 0
24529   0.000871 libpthread.so.0->__clone(0x2b589f313de0, 0x2b58b7dbafc0, 0x3d0f00, 0x2b58b7dbb700) = 0x5fd5
24529   0.051589 libjvm.so->fopen(0x2b58a40e9150, 0x2b58a0aa9ccb, 4, 0x6f732e70) = 0x2b58a40f1c90
24529   0.003931 libjvm.so->dlopen(0x2b58a40e9150, 1, 0xffffffff, 0x2b58a40ec300) = 0x2b58a4057bc0
24529   0.005676 libjvm.so->open64(0x2b589f225510, 0, 0, 16) = 5
24529   0.001015 libjvm.so->__fxstat64(1, 5, 0x2b589f225340, -1) = 0
24529   0.026401 libjvm.so->fopen(0x2b589f222130, 0x2b58a0aa9ccb, 4009, 3994) = 0x2b58a40fcbe0
24529   0.001255 libjvm.so->fopen(0x2b589f222130, 0x2b58a0aa9ccb, 4009, 3994) = 0x2b58a40fcbe0
24529   0.001945 libjvm.so->fopen(0x2b589f222130, 0x2b58a0aa9ccb, 4009, 4002) = 0x2b58a40fcbe0
24529   0.020215 libjvm.so->pthread_attr_setdetachstate(0x2b589f226b50, 1, 0, 0) = 0
24529   0.001022 libpthread.so.0->__clone(0x2b589f313de0, 0x2b58b7ebbfc0, 0x3d0f00, 0x2b58b7ebc700) = 0x5fd6
24529   0.003698 libjvm.so->__xstat64(1, 0x2b589f226be0, 0x2b589f226b50, 19) = -1
24529   0.001247 libjvm.so->pthread_attr_setdetachstate(0x2b589f226950, 1, 0, 0) = 0
24529   0.001709 libpthread.so.0->__clone(0x2b589f313de0, 0x2b58b7fbcfc0, 0x3d0f00, 0x2b58b7fbd700) = 0x5fd7
24529   0.002019 libjvm.so->pthread_attr_setdetachstate(0x2b589f226950, 1, 0, 0) = 0
24529   0.002840 libpthread.so.0->__clone(0x2b589f313de0, 0x2b58ca642fc0, 0x3d0f00, 0x2b58ca643700) = 0x5fd8
24529   0.013491 libjvm.so->pthread_attr_setdetachstate(0x2b589f226aa0, 1, 0, 0) = 0
24529   0.001559 libpthread.so.0->__clone(0x2b589f313de0, 0x2b58ca743fc0, 0x3d0f00, 0x2b58ca744700) = 0x5fd9
24529   0.003787 libjvm.so->pthread_attr_setdetachstate(0x2b589f226bb0, 1, 0, 0) = 0
24529   0.001600 libpthread.so.0->__clone(0x2b589f313de0, 0x2b58ca844fc0, 0x3d0f00, 0x2b58ca845700) = 0x5fda
24529   0.021012 libjvm.so->open64(0x2b58a4126980, 0, 0, 0) = 7
24529   0.001787 libjvm.so->__fxstat64(1, 7, 0x2b589f223f60, -1) = 0
24529   0.032397 libjvm.so->fopen(0x2b58a414c6d0, 0x2b58a0aa9ccb, 4, 0x6f732e6f) = 0x2b58a414c790
24529   0.003695 libjvm.so->dlopen(0x2b58a414c6d0, 1, 0xffffffff, 0x2b58a414c700) = 0x2b58a414c790
24529   0.148262 libjvm.so->fopen(0x2b58a41928c0, 0x2b58a0aa9ccb, 4, 0x6f732e74) = 0x2b58a4195b70
24529   0.003410 libjvm.so->dlopen(0x2b58a41928c0, 1, 0xffffffff, 0x2b58a4195b00) = 0x2b58a419ff20
24529   0.161262 libjvm.so->fopen(0x2b58a4215550, 0x2b58a0aa9ccb, 0x6f732e7373656c, 0x656c646165685f74) = 0x2b58a4218fb0
24529   0.003501 libjvm.so->dlopen(0x2b58a4215550, 1, 0xffffffff, 0x2b58a4218f00) = 0x2b58a4218fb0
24529   0.019740 libjvm.so->fopen(0x2b589f21f990, 0x2b58a0aa9ccb, 0x6f732e, 0x6d766a62696c2f72) = 0x2b58a4222da0
24529   0.006209 libjvm.so->dlopen(0x2b589f21f990, 1, 0xffffffff, 0x2b58a4222300) = 0x55b7d06124c0
24529   0.001690 libjvm.so->fopen(0x2b589f21f990, 0x2b58a0aa9ccb, 0x6f732e, 0x6d766a62696c2f72) = 0x2b58a4222d40
24529   0.004897 libjvm.so->dlopen(0x2b589f21f990, 1, 0xffffffff, 0x2b58a4222300) = 0x55b7d06124c0
24529   0.001668 libjvm.so->fopen(0x2b589f21f990, 0x2b58a0aa9ccb, 0x6f732e, 0x6d766a62696c2f72) = 0x2b58a4222d40
24529   0.003731 libjvm.so->dlopen(0x2b589f21f990, 1, 0xffffffff, 0x2b58a4222300) = 0x55b7d06124c0
24529   0.004524 libjvm.so->fopen(0x2b589f21f990, 0x2b58a0aa9ccb, 0x6f732e, 0x6d766a62696c2f72) = 0x2b58a4222d40
24529   0.003517 libjvm.so->dlopen(0x2b589f21f990, 1, 0xffffffff, 0x2b58a4222300) = 0x55b7d06124c0
24529   0.407950 --- SIGSEGV (Segmentation fault) ---
24529   3.188357 --- SIGSEGV (Segmentation fault) ---
24538   9.384737 +++ exited (status 0) +++
24534   0.000390 +++ exited (status 0) +++
24531   0.010533 +++ exited (status 0) +++
24529   0.000283 +++ exited (status 0) +++
24537   0.000335 +++ exited (status 0) +++
24536   0.000024 +++ exited (status 0) +++
24532   0.000016 +++ exited (status 0) +++
24535   0.000016 +++ exited (status 0) +++
24533   0.024707 +++ exited (status 0) +++
24523   0.000100 +++ exited (status 0) +++
Wrote an ltrace for command: "java -cp ./tools/maxent.jar density.MaxEnt -s outputs/Callipielus_arenosus_Butler.csv -e data/layers/worldclim -o outputs/Callipielus_arenosus_Butler nowarnings nocache autorun -z" with PID 24521 from PPID 24500 on disc21.crc.nd.edu with result 0
REMOTEHOST=10.17.148.247
MANPATH=/afs/crc.nd.edu/user/n/nkremerh/cctools/share/man/:/afs/crc.nd.edu/group/ccl/software/x86_64/redhat7/ruby/current/share/man:/afs/crc.nd.edu/group/ccl/software/x86_64/redhat7/graphviz/current/share/man:/afs/crc.nd.edu/group/ccl/software/x86_64/redhat7/gnuplot/current/share/man:/afs/crc.nd.edu/group/ccl/software/x86_64/redhat7/git/current/share/man:/afs/crc.nd.edu/group/ccl/software/x86_64/redhat7/condor/current/share/man:/afs/crc.nd.edu/group/ccl/software/x86_64/redhat7/clang/current/share/man:/afs/crc.nd.edu/group/ccl/software/x86_64/redhat7/condor/current/share/man:/afs/crc.nd.edu/group/ccl/software/x86_64/redhat7/cctools/current/share/man:/afs/crc.nd.edu/group/ccl/software/x86_64/redhat7/cctools/current/share/man:/afs/crc.nd.edu/x86_64_linux/Modules/4.5.0/share/man:/opt/crc/usr/local/man:/opt/sge/man:/usr/share/man/overrides:/usr/share/man:/usr/local/share/man
_CONDOR_JOB_PIDS=
XDG_SESSION_ID=2686
HOSTNAME=disc01.crc.nd.edu
_CONDOR_ANCESTOR_3669=16410:1599499132:729388363
_LMFILES__modshare=/afs/crc.nd.edu/x86_64_linux/Modules/modules/system_modules/CRC_default/1.1:1
MODULEPATH_modshare=/afs/crc.nd.edu/x86_64_linux/Modules/modules/general_software:1:/afs/crc.nd.edu/x86_64_linux/Modules/modules/development_tools_and_libraries:1:/afs/crc.nd.edu/x86_64_linux/Modules/modules/system_modules:1:/afs/crc.nd.edu/x86_64_linux/Modules/current/modulefiles:1:/afs/crc.nd.edu/x86_64_linux/Modules/modules/restricted_software:1:/afs/crc.nd.edu/x86_64_linux/Modules/modules/deprecated_software:1
TERM=xterm-256color
SHELL=/bin/tcsh
HOST=disc01.crc.nd.edu
MODULES_CMD=/afs/crc.nd.edu/x86_64_linux/Modules/4.5.0/libexec/modulecmd.tcl
HISTSIZE=5000
MAKEFLAGS=
SSH_CLIENT=10.17.148.247 49750 22
TMPDIR=/var/condor/execute/dir_16410/worker-213124-16502/t.1030/cctools-temp-t.1030.RuYd8k
PERL5LIB=/afs/crc.nd.edu/user/n/nkremerh/cctools/lib/perl5/site_perl/5.16.3:/afs/crc.nd.edu/user/n/nkremerh/.perl5/lib/perl5
SGE_CELL=crc
_CONDOR_SCRATCH_DIR=/var/condor/execute/dir_16410
PERL_MB_OPT=--install_base '/afs/crc.nd.edu/user/n/nkremerh/.perl5/'
SSH_TTY=/dev/pts/0
SGE_LOAD_AVG=load_avg
MAKEFLOW_MAX_LOCAL_JOBS=2
GROUP=campus
USER=nkremerh
_CHIRP_DELAYED_UPDATE_PREFIX=Chirp*
HISTFILESIZE=10000
_CONDOR_ANCESTOR_16410=16453:1599499133:2946449512
TEMP=/var/condor/execute/dir_16410/worker-213124-16502/t.1030/cctools-temp-t.1030.RuYd8k
LD_LIBRARY_PATH=/afs/crc.nd.edu/group/ccl/software/x86_64/redhat7/ruby/current/lib:/afs/crc.nd.edu/group/ccl/software/x86_64/redhat7/graphviz/current/lib:/afs/crc.nd.edu/group/ccl/software/x86_64/redhat7/git/current/lib:/afs/crc.nd.edu/group/ccl/software/x86_64/redhat7/condor/current/lib:/afs/crc.nd.edu/group/ccl/software/x86_64/redhat7/clang/current/lib:/afs/crc.nd.edu/group/ccl/software/x86_64/redhat7/condor/current/lib:/afs/crc.nd.edu/group/ccl/software/x86_64/redhat7/cctools/current/lib:/opt/crc/usr/local/lib
BATCH_SYSTEM=HTCondor
MODULES_LMALTNAME=CRC_default/1.1&CRC_default/default&CRC_default
ENV=/afs/crc.nd.edu/x86_64_linux/Modules/4.5.0/init/profile.sh
WORKER_TMPDIR=/var/condor/execute/dir_16410/worker-213124-16502/cache/tmp
HOSTTYPE=x86_64-linux
_CONDOR_HIGHPORT=9999
GLOBUS_GSSAPI_MAX_TLS_PROTOCOL=0
_CONDOR_CHIRP_CONFIG=/var/condor/execute/dir_16410/.chirp.config
MAKELEVEL=1
MFLAGS=
MAIL=/var/spool/mail/nkremerh
PATH=/afs/crc.nd.edu/user/n/nkremerh/cctools/bin:/afs/crc.nd.edu/user/n/nkremerh/miniconda/bin:/afs/crc.nd.edu/group/ccl/software/git:/afs/crc.nd.edu/user/n/nkremerh/.local/bin:/afs/crc.nd.edu/group/ccl/software/x86_64/redhat7/povray/3.7/bin:/afs/crc.nd.edu/user/n/nkremerh/.perl5/bin:/afs/crc.nd.edu/user/n/nkremerh/pegasus/bin:/afs/crc.nd.edu/user/n/nkremerh/nodejs/bin:/afs/crc.nd.edu/user/n/nkremerh/montage/bin:/afs/crc.nd.edu/user/n/nkremerh/latexdiff:/afs/crc.nd.edu/user/n/nkremerh/envtrace:/afs/crc.nd.edu/user/n/nkremerh/endlines:/afs/crc.nd.edu/user/n/nkremerh/cctools/bin:/afs/crc.nd.edu/user/n/nkremerh/.cargo/bin:/afs/crc.nd.edu/group/ccl/software/x86_64/redhat7/ruby/current/bin:/afs/crc.nd.edu/group/ccl/software/x86_64/redhat7/graphviz/current/bin:/afs/crc.nd.edu/group/ccl/software/x86_64/redhat7/gnuplot/current/bin:/afs/crc.nd.edu/group/ccl/software/x86_64/redhat7/git/current/bin:/afs/crc.nd.edu/group/ccl/software/x86_64/redhat7/condor/current/sbin:/afs/crc.nd.edu/group/ccl/software/x86_64/redhat7/condor/current/bin:/afs/crc.nd.edu/group/ccl/software/x86_64/redhat7/cmake/current/bin:/afs/crc.nd.edu/group/ccl/software/x86_64/redhat7/clang/current/bin:/afs/crc.nd.edu/group/ccl/software/x86_64/redhat7/condor/current/sbin:/afs/crc.nd.edu/group/ccl/software/x86_64/redhat7/condor/current/bin:/afs/crc.nd.edu/group/ccl/software/x86_64/redhat7/cctools/current/bin:/afs/crc.nd.edu/x86_64_linux/Modules/4.5.0/bin:/opt/crc/usr/local/bin:/opt/sge/bin/lx-amd64:/usr/local/bin:/usr/bin:/usr/local/sbin:/usr/sbin:/afs/crc.nd.edu/user/c/condor/software/bin:/afs/crc.nd.edu/user/c/condor/software/sbin
CCLSOFTWARE=/afs/crc.nd.edu/group/ccl/software/x86_64/redhat7
PWD=/var/condor/execute/dir_16410/worker-213124-16502/t.1030
_LMFILES_=/afs/crc.nd.edu/x86_64_linux/Modules/modules/system_modules/CRC_default/1.1
EDITOR=vim
SGE_EXECD_PORT=6445
LANG=en_US.UTF-8
SGE_QMASTER_PORT=6444
MODULEPATH=/afs/crc.nd.edu/x86_64_linux/Modules/modules/development_tools_and_libraries:/afs/crc.nd.edu/x86_64_linux/Modules/modules/general_software:/afs/crc.nd.edu/x86_64_linux/Modules/modules/restricted_software:/afs/crc.nd.edu/x86_64_linux/Modules/modules/system_modules:/afs/crc.nd.edu/x86_64_linux/Modules/modules/deprecated_software:/afs/crc.nd.edu/x86_64_linux/Modules/current/modulefiles
LOADEDMODULES=CRC_default/1.1
SGE_ROOT=/opt/sge
CCLPLATFORM=x86_64/redhat7
_CONDOR_SLOT=slot2_2
WORK_QUEUE_SANDBOX=/var/condor/execute/dir_16410/worker-213124-16502
USE_SYSTEMD=true
_CONDOR_LOWPORT=9100
HISTCONTROL=ignoreboth:erasedups
KRB5CCNAME=FILE:/tmp/krb5cc_213124_dlYXoi
GLOBUS_GSSAPI_NAME_COMPATIBILITY=STRICT_RFC2818
HOME=disc01.crc.nd.edu
SHLVL=6
PATH_modshare=/opt/crc/usr/local/bin:1:/opt/sge/bin/lx-amd64:1:/usr/sbin:1:/usr/bin:1:/afs/crc.nd.edu/user/c/condor/software/sbin:1:/usr/local/sbin:1:/afs/crc.nd.edu/user/c/condor/software/bin:1:/usr/local/bin:1
OSTYPE=linux
_CONDOR_MACHINE_AD=/var/condor/execute/dir_16410/.machine.ad
GREP_OPTIONS=--color=auto
DISK=18251
GLOBUS_GSSAPI_MIN_TLS_PROTOCOL=TLS1_VERSION
MANPATH_modshare=/usr/share/man/overrides:1:/usr/local/share/man:1:/usr/share/man:1:/opt/crc/usr/local/man:1:/opt/sge/man:1
MEMORY=1948
PERL_LOCAL_LIB_ROOT=/afs/crc.nd.edu/user/n/nkremerh/.perl5/
BASH_ENV=/afs/crc.nd.edu/x86_64_linux/Modules/4.5.0/init/bash
VENDOR=unknown
TMP=/var/condor/execute/dir_16410/worker-213124-16502/t.1030/cctools-temp-t.1030.RuYd8k
LOGNAME=nkremerh
MACHTYPE=x86_64
CCLHOME=/afs/crc.nd.edu/group/ccl
PYTHONPATH=/afs/crc.nd.edu/user/n/nkremerh/cctools/lib/python3.6/site-packages/
LD_LIBRARY_PATH_modshare=/opt/crc/usr/local/lib:1
SSH_CONNECTION=10.17.148.247 49750 129.74.128.103 22
MODULES_LMALTNAME_modshare=CRC_default/1.1&CRC_default/default&CRC_default:1
MODULESHOME=/afs/crc.nd.edu/x86_64_linux/Modules/4.5.0
_CONDOR_ANCESTOR_3314=3669:1598183978:1434769074
GLOBUS_GSSAPI_CIPHERS=HIGH
GLOBUS_GSSAPI_BACKWARD_COMPATIBLE_MIC=true
LESSOPEN=||/usr/bin/lesspipe.sh %s
OMP_NUM_THREADS=1
_CONDOR_JOB_AD=/var/condor/execute/dir_16410/.job.ad
LOADEDMODULES_modshare=CRC_default/1.1:1
XDG_RUNTIME_DIR=/run/user/213124
SGE_CLUSTER_NAME=CRC
CCTOOLS=../cctools
CORES=2
_CONDOR_JOB_IWD=/var/condor/execute/dir_16410
PERL_MM_OPT=INSTALL_BASE=/afs/crc.nd.edu/user/n/nkremerh/.perl5/
GLOBUS_GSSAPI_SERVER_CIPHER_ORDER=true
BASH_FUNC_module()=() {  unset _mlshdbg;
 if [ "${MODULES_SILENT_SHELL_DEBUG:-0}" = '1' ]; then
 case "$-" in 
 *v*x*)
 set +vx;
 _mlshdbg='vx'
 ;;
 *v*)
 set +v;
 _mlshdbg='v'
 ;;
 *x*)
 set +x;
 _mlshdbg='x'
 ;;
 *)
 _mlshdbg=''
 ;;
 esac;
 fi;
 unset _mlre _mlIFS;
 if [ -n "${IFS+x}" ]; then
 _mlIFS=$IFS;
 fi;
 IFS=' ';
 for _mlv in ${MODULES_RUN_QUARANTINE:-};
 do
 if [ "${_mlv}" = "${_mlv##*[!A-Za-z0-9_]}" -a "${_mlv}" = "${_mlv#[0-9]}" ]; then
 if [ -n "`eval 'echo ${'$_mlv'+x}'`" ]; then
 _mlre="${_mlre:-}${_mlv}_modquar='`eval 'echo ${'$_mlv'}'`' ";
 fi;
 _mlrv="MODULES_RUNENV_${_mlv}";
 _mlre="${_mlre:-}${_mlv}='`eval 'echo ${'$_mlrv':-}'`' ";
 fi;
 done;
 if [ -n "${_mlre:-}" ]; then
 eval `eval ${_mlre}/usr/bin/tclsh /afs/crc.nd.edu/x86_64_linux/Modules/4.5.0/libexec/modulecmd.tcl bash '"$@"'`;
 else
 eval `/usr/bin/tclsh /afs/crc.nd.edu/x86_64_linux/Modules/4.5.0/libexec/modulecmd.tcl bash "$@"`;
 fi;
 _mlstatus=$?;
 if [ -n "${_mlIFS+x}" ]; then
 IFS=$_mlIFS;
 else
 unset IFS;
 fi;
 unset _mlre _mlv _mlrv _mlIFS;
 if [ -n "${_mlshdbg:-}" ]; then
 set -$_mlshdbg;
 fi;
 unset _mlshdbg;
 return $_mlstatus
}
BASH_FUNC_ml()=() {  module ml "$@"
}
_=/usr/bin/printenv
