30134   0.000000 libjli.so->getenv("_JAVA_LAUNCHER_DEBUG") = nil
30134   0.001690 libjli.so->getenv("_JAVA_VERSION_SET") = nil
30134   0.001463 libjli.so->fopen("/usr/lib/jvm/java-1.8.0-openjdk-1.8.0.262.b10-0.el7_8.x86_64/jre/lib/amd64/jvm.cfg", "r") = 0x562b452eb0f0
30134   0.000859 libjli.so->getenv("JDK_ALTERNATE_VM") = nil
30134   0.000329 libjli.so->__xstat(1, "/usr/lib/jvm/java-1.8.0-openjdk-1.8.0.262.b10-0.el7_8.x86_64/jre/lib/amd64/server/libjvm.so", 0x7fffc0871630) = 0
30134   0.001336 libjli.so->getenv("LD_LIBRARY_PATH") = "/afs/crc.nd.edu/group/ccl/software/x86_64/redhat7/ruby/current/lib:/afs/crc.nd.edu/group/ccl/software/x86_64/redhat7/graphviz/current/lib:/afs/crc.nd.edu/group/ccl/software/x86_64/redhat7/git/current/lib:/afs/crc.nd.edu/group/ccl/software/x86_64/redhat7/condor/current/lib:/afs/crc.nd.edu/group/ccl/software/x86_64/redhat7/clang/current/lib:/afs/crc.nd.edu/group/ccl/software/x86_64/redhat7/condor/current/lib:/afs/crc.nd.edu/group/ccl/software/x86_64/redhat7/cctools/current/lib:/opt/crc/usr/local/lib"
30134   0.004261 libjli.so->dlopen("/usr/lib/jvm/java-1.8.0-openjdk-1.8.0.262.b10-0.el7_8.x86_64/jre/lib/amd64/server/libjvm.so", 258 <unfinished ...>
30134   0.039755 libjvm.so->getenv("NMT_LEVEL_30134") = nil
30134   0.001651 <... dlopen resumed> )          = 0x562b452eb4c0
30134   0.000096 libjli.so->getenv("CLASSPATH")  = nil
30134   0.000515 libjli.so->getenv("_JAVA_SPLASH_JAR") = nil
30134   0.000496 libjli.so->getenv("_JAVA_SPLASH_FILE") = nil
30134   0.000367 libjli.so->pthread_attr_setdetachstate(0x7fffc08715e0, 0, 0x7fffc0871670, 0) = 0
30134   0.000492 libpthread.so.0->__clone(0x2b93bfb96de0, 0x2b93bfaa9fc0, 0x3d0f00, 0x2b93bfaaa700) = 0x75b8
30136   0.002556 libjvm.so->dlopen(0x2b93c13759ae, 1, 0xfffffffffff42c48, 4096) = 0x2b93c4000990
30136   0.002544 libjvm.so->getenv(0x2b93c139083e, 0, 115, 0x65737361) = 0x7fffc08776d9
30136   0.000465 libjvm.so->fopen(0x2b93bfaa8c10, 0x2b93c132cccb, 0x6f732e79666972, 0x2b93c046eab0) = 0x2b93c4001440
30136   0.001478 libjvm.so->dlopen(0x2b93bfaa8c10, 1, 0xffffffff, 0x2b93c4002b00) = 0x2b93c4001440
30136   0.004499 libjvm.so->fopen(0x2b93bfaa8c10, 0x2b93c132cccb, 111, 0x732e6176) = 0x2b93c4001b10
30136   0.002341 libjvm.so->dlopen(0x2b93bfaa8c10, 1, 0xffffffff, 0x2b93c4001a00) = 0x2b93c4001b10
30136   0.001578 libjvm.so->__xstat(1, 0x2b93bfaa9360, 0x2b93bfaa9ba0, 0x746f7073746f682e) = -1
30136   0.000622 libjvm.so->getenv(0x2b93c1325541, 0x2b93bfaa96d0, 1024, 0x2b93c17df61b) = 0
30136   0.000681 libjvm.so->getenv(0x2b93c1325533, 0x2b93bfaa96d0, 1024, 0) = 0
30136   0.000467 libjvm.so->fopen(0x2b93c1375315, 0x2b93c132cccb, 4095, 0xffffd46c3ecdab03) = 0x2b93c4003270
30136   0.001178 libjvm.so->fopen(0x2b93c1375361, 0x2b93c132cccb, 0x2b93c4000078, 0x2b93c4003260) = 0x2b93c4003270
30136   0.000671 libjvm.so->fopen(0x2b93bfaa39b0, 0x2b93c132cccb, 4016, 3997) = 0x2b93c4003270
30136   0.000753 libjvm.so->opendir(0x2b93c4002b40, 0x2b93c4002b40, 13, 16) = 0
30136   0.000454 libjvm.so->__xstat(1, 0x2b93bfaa88f0, 0x2b93bfaa7860, 0x6f732e7477616d62) = -1
30136   0.000475 libjvm.so->__xstat(1, 0x2b93bfaa88f0, 0x2b93bfaa7860, 0x5f74776162696c2f) = 0
30136   0.000488 libjvm.so->fopen(0x2b93bfaa7b90, 0x2b93c132cccb, 4011, 3996) = 0x2b93c4003750
30136   0.000670 libjvm.so->fopen(0x2b93bfaa7b90, 0x2b93c132cccb, 4011, 3996) = 0x2b93c4003750
30136   0.000622 libjvm.so->fopen(0x2b93bfaa7b90, 0x2b93c132cccb, 4011, 4004) = 0x2b93c4003750
30136   0.000639 libjvm.so->fopen(0x2b93bfaa7b20, 0x2b93c132cccb, 4011, 3996) = 0x2b93c4003750
30136   0.001156 libjvm.so->fopen(0x2b93bfaa7b20, 0x2b93c132cccb, 4011, 3996) = 0x2b93c4003750
30136   0.000610 libjvm.so->fopen(0x2b93bfaa7b20, 0x2b93c132cccb, 4011, 4004) = 0x2b93c4003750
30136   0.000626 libjvm.so->fopen(0x2b93bfaa7b50, 0x2b93c132cccb, 4016, 3997) = 0x2b93c4003750
30136   0.000776 libjvm.so->getenv(0x2b93c13760ff, 4096, 3, -1) = 0
30136   0.001121 libjvm.so->fopen(0x2b93c1375998, 0x2b93c132cccb, 0x2b93bfb8d908, 0x2b93bfb8cdf0) = 0x2b93c4003750
30136   0.004966 libjvm.so->open(0x2b93c404a540, 0x20000, 0, 0x2b93c404a589) = 3
30136   0.000478 libjvm.so->__fxstat(1, 3, 0x2b93bfaa9a00, -1) = 0
30136   0.000467 libjvm.so->opendir(0x2b93c404a540, 0x2b93bfaa9a00, 0x4000, -1) = 0x2b93c404b450
30136   0.000500 libjvm.so->__fxstat(1, 3, 0x2b93bfaa98a0, 0x2b93c404b450) = 0
30136   0.000454 libjvm.so->__fxstat(1, 5, 0x2b93bfaa9930, -1) = 0
30136   0.000493 libjvm.so->open(0x2b93c13439dc, 0, 0, 0) = 3
30136   0.000673 libjvm.so->__lxstat(1, 0x2b93c404a540, 0x2b93bfaa9b50, -144) = 0
30136   0.000574 libjvm.so->open(0x2b93c404a540, 0x20000, 0x4000, -1) = 3
30136   0.000525 libjvm.so->__fxstat(1, 3, 0x2b93bfaa9a00, -1) = 0
30136   0.000509 libjvm.so->opendir(0x2b93c404a540, 0x2b93bfaa9a00, 0x4000, -1) = 0x2b93c404b450
30136   0.000459 libjvm.so->__fxstat(1, 3, 0x2b93bfaa98a0, 0x2b93c404b450) = 0
30136   0.000439 libjvm.so->__fxstat(1, 5, 0x2b93bfaa9930, -1) = 0
30136   0.000480 libjvm.so->open(0x2b93c13439dc, 0, 0, 0) = 3
30136   0.000451 libjvm.so->open(0x2b93c404a589, 0x20042, 384, -1) = 7
30136   0.000631 libjvm.so->__fxstat(1, 7, 0x2b93bfaa9b50, -1) = 0
30136   0.001734 libjvm.so->fopen(0x2b93bfaa8b60, 0x2b93c132cccb, 4, 0x6f732e70) = 0x2b93c4057ba0
30136   0.001662 libjvm.so->dlopen(0x2b93bfaa8b60, 1, 0xffffffff, 0x2b93c4057b00) = 0x2b93c4057ba0
30136   0.001533 libjvm.so->__xstat(1, 0x2b93bfaa9120, 0x2b93bfaa9950, 2048) = 0
30136   0.000452 libjvm.so->__xstat(1, 0x2b93bfaa9120, 0x2b93bfaa9950, 2048) = 0
30136   0.000425 libjvm.so->__xstat(1, 0x2b93bfaa9120, 0x2b93bfaa9950, 2048) = -1
30136   0.000441 libjvm.so->__xstat(1, 0x2b93bfaa9120, 0x2b93bfaa9950, 2048) = 0
30136   0.000424 libjvm.so->__xstat(1, 0x2b93bfaa9120, 0x2b93bfaa9950, 2048) = 0
30136   0.000461 libjvm.so->__xstat(1, 0x2b93bfaa9120, 0x2b93bfaa9950, 2048) = 0
30136   0.000455 libjvm.so->__xstat(1, 0x2b93bfaa9120, 0x2b93bfaa9950, 2048) = 0
30136   0.000468 libjvm.so->__xstat(1, 0x2b93bfaa9120, 0x2b93bfaa9950, 2048) = -1
30136   0.000437 libjvm.so->fopen(0x2b93c4002520, 0x2b93c132cccb, 0, 0) = 0x2b93c4058a40
30136   0.008750 libjvm.so->open64(0x2b93bfaa8410, 0, 0, 16) = 3
30136   0.000506 libjvm.so->__fxstat64(1, 3, 0x2b93bfaa8240, -1) = 0
30136   0.048351 libjvm.so->__xstat(1, 0x2b93bfaa8f20, 0x2b93bfaa9750, 2048) = -1
30136   0.000579 libjvm.so->fopen(0x2b93bfaa7b20, 0x2b93c132cccb, 4011, 3996) = 0x2b93c40b1fd0
30136   0.000648 libjvm.so->fopen(0x2b93bfaa7b20, 0x2b93c132cccb, 4011, 3996) = 0x2b93c40b1fd0
30136   0.000610 libjvm.so->fopen(0x2b93bfaa7b20, 0x2b93c132cccb, 4011, 4004) = 0x2b93c40b1fd0
30136   0.006233 libjvm.so->pthread_attr_setdetachstate(0x2b93bfaa9c00, 1, 0, 0) = 0
30136   0.000552 libpthread.so.0->__clone(0x2b93bfb96de0, 0x2b93c3fdefc0, 0x3d0f00, 0x2b93c3fdf700) = 0x75b9
30136   0.017466 libjvm.so->pthread_attr_setdetachstate(0x2b93bfaa9290, 1, 0, 0) = 0
30136   0.000663 libpthread.so.0->__clone(0x2b93bfb96de0, 0x2b93d853bfc0, 0x3d0f00, 0x2b93d853c700) = 0x75ba
30136   0.007412 libjvm.so->pthread_attr_setdetachstate(0x2b93bfaa9610, 1, 0, 0) = 0
30136   0.000898 libpthread.so.0->__clone(0x2b93bfb96de0, 0x2b93d863cfc0, 0x3d0f00, 0x2b93d863d700) = 0x75bb
30136   0.044065 libjvm.so->fopen(0x2b93c40ec3a0, 0x2b93c132cccb, 4, 0x6f732e70) = 0x2b93c40f1ce0
30136   0.002314 libjvm.so->dlopen(0x2b93c40ec3a0, 1, 0xffffffff, 0x2b93c40ec200) = 0x2b93c4057ba0
30136   0.007094 libjvm.so->open64(0x2b93bfaa8510, 0, 0, 16) = 5
30136   0.002455 libjvm.so->__fxstat64(1, 5, 0x2b93bfaa8340, -1) = 0
30136   0.022954 libjvm.so->fopen(0x2b93bfaa5130, 0x2b93c132cccb, 4011, 3996) = 0x2b93c40fcc70
30136   0.001144 libjvm.so->fopen(0x2b93bfaa5130, 0x2b93c132cccb, 4011, 3996) = 0x2b93c40fcc70
30136   0.003015 libjvm.so->fopen(0x2b93bfaa5130, 0x2b93c132cccb, 4011, 4004) = 0x2b93c40fcc70
30136   0.020005 libjvm.so->pthread_attr_setdetachstate(0x2b93bfaa9b50, 1, 0, 0) = 0
30136   0.001008 libpthread.so.0->__clone(0x2b93bfb96de0, 0x2b93d873dfc0, 0x3d0f00, 0x2b93d873e700) = 0x75bc
30136   0.001557 libjvm.so->__xstat64(1, 0x2b93bfaa9be0, 0x2b93bfaa9b50, 19) = -1
30136   0.002348 libjvm.so->pthread_attr_setdetachstate(0x2b93bfaa9950, 1, 0, 0) = 0
30136   0.001126 libpthread.so.0->__clone(0x2b93bfb96de0, 0x2b93d883efc0, 0x3d0f00, 0x2b93d883f700) = 0x75bd
30136   0.004417 libjvm.so->pthread_attr_setdetachstate(0x2b93bfaa9950, 1, 0, 0) = 0
30136   0.001687 libpthread.so.0->__clone(0x2b93bfb96de0, 0x2b93d893ffc0, 0x3d0f00, 0x2b93d8940700) = 0x75be
30136   0.014942 libjvm.so->pthread_attr_setdetachstate(0x2b93bfaa9aa0, 1, 0, 0) = 0
30136   0.002312 libpthread.so.0->__clone(0x2b93bfb96de0, 0x2b93d8a40fc0, 0x3d0f00, 0x2b93d8a41700) = 0x75bf
30136   0.003004 libjvm.so->pthread_attr_setdetachstate(0x2b93bfaa9bb0, 1, 0, 0) = 0
30136   0.001663 libpthread.so.0->__clone(0x2b93bfb96de0, 0x2b93d8b41fc0, 0x3d0f00, 0x2b93d8b42700) = 0x75c0
30136   0.017812 libjvm.so->open64(0x2b93c41269e0, 0, 0, 32) = 7
30136   0.001721 libjvm.so->__fxstat64(1, 7, 0x2b93bfaa6f60, -1) = 0
30136   0.027609 libjvm.so->fopen(0x2b93c414c6a0, 0x2b93c132cccb, 4, 0x6f732e6f) = 0x2b93c414c760
30136   0.005558 libjvm.so->dlopen(0x2b93c414c6a0, 1, 0xffffffff, 0x2b93c414c600) = 0x2b93c414c760
30136   0.158247 libjvm.so->fopen(0x2b93c418a6f0, 0x2b93c132cccb, 4, 0x6f732e74) = 0x2b93c418d9a0
30136   0.003757 libjvm.so->dlopen(0x2b93c418a6f0, 1, 0xffffffff, 0x2b93c418d900) = 0x2b93c4197d50
30136   0.148385 libjvm.so->fopen(0x2b93c4208e50, 0x2b93c132cccb, 0x6f732e7373656c, 0x656c646165685f74) = 0x2b93c4208f30
30136   0.004668 libjvm.so->dlopen(0x2b93c4208e50, 1, 0xffffffff, 0x2b93c4208e00) = 0x2b93c4208f30
30136   0.022347 libjvm.so->fopen(0x2b93bfaa2990, 0x2b93c132cccb, 0x6f732e, 0x6d766a62696c2f72) = 0x2b93c4212d50
30136   0.006147 libjvm.so->dlopen(0x2b93bfaa2990, 1, 0xffffffff, 0x2b93c4212300) = 0x562b452eb4c0
30136   0.001728 libjvm.so->fopen(0x2b93bfaa2990, 0x2b93c132cccb, 0x6f732e, 0x6d766a62696c2f72) = 0x2b93c4212cf0
30136   0.005147 libjvm.so->dlopen(0x2b93bfaa2990, 1, 0xffffffff, 0x2b93c4212300) = 0x562b452eb4c0
30136   0.001715 libjvm.so->fopen(0x2b93bfaa2990, 0x2b93c132cccb, 0x6f732e, 0x6d766a62696c2f72) = 0x2b93c4212cf0
30136   0.003548 libjvm.so->dlopen(0x2b93bfaa2990, 1, 0xffffffff, 0x2b93c4212300) = 0x562b452eb4c0
30136   0.001739 libjvm.so->fopen(0x2b93bfaa2990, 0x2b93c132cccb, 0x6f732e, 0x6d766a62696c2f72) = 0x2b93c4212cf0
30136   0.003552 libjvm.so->dlopen(0x2b93bfaa2990, 1, 0xffffffff, 0x2b93c4212300) = 0x562b452eb4c0
30136  13.577616 libjvm.so->fopen(0x2b93bfaa3930, 0x2b93c132cccb, 4, 0x6f732e70) = 0x2b93c41e5900
30136   0.002891 libjvm.so->dlopen(0x2b93bfaa3930, 1, 0xffffffff, 0x2b93c41e5800) = 0x2b93c4057ba0
30136   0.001854 libjvm.so->fopen(0x2b93bfaa3930, 0x2b93c132cccb, 4, 0x6f732e70) = 0x2b93c41e27c0
30136   0.002600 libjvm.so->dlopen(0x2b93bfaa3930, 1, 0xffffffff, 0x2b93c41e5800) = 0x2b93c4057ba0
30136   0.001952 libjvm.so->fopen(0x2b93bfaa3930, 0x2b93c132cccb, 4, 0x6f732e70) = 0x2b93c41dfff0
30136   0.002577 libjvm.so->dlopen(0x2b93bfaa3930, 1, 0xffffffff, 0x2b93c41e5800) = 0x2b93c4057ba0
30136   0.001727 libjvm.so->fopen(0x2b93bfaa3930, 0x2b93c132cccb, 4, 0x6f732e70) = 0x2b93c41dfff0
30136   0.002565 libjvm.so->dlopen(0x2b93bfaa3930, 1, 0xffffffff, 0x2b93c41e5800) = 0x2b93c4057ba0
30136   0.001814 libjvm.so->fopen(0x2b93bfaa3930, 0x2b93c132cccb, 4, 0x6f732e70) = 0x2b93c41dfff0
30136   0.002656 libjvm.so->dlopen(0x2b93bfaa3930, 1, 0xffffffff, 0x2b93c41e5d00) = 0x2b93c4057ba0
30136   0.001734 libjvm.so->fopen(0x2b93bfaa3930, 0x2b93c132cccb, 4, 0x6f732e70) = 0x2b93c41dfff0
30136   0.002685 libjvm.so->dlopen(0x2b93bfaa3930, 1, 0xffffffff, 0x2b93c41e5d00) = 0x2b93c4057ba0
30136   0.001702 libjvm.so->fopen(0x2b93bfaa3930, 0x2b93c132cccb, 4, 0x6f732e70) = 0x2b93c41dfff0
30136   0.002576 libjvm.so->dlopen(0x2b93bfaa3930, 1, 0xffffffff, 0x2b93c41e5d00) = 0x2b93c4057ba0
30136   0.002471 libjvm.so->fopen(0x2b93bfaa3930, 0x2b93c132cccb, 4, 0x6f732e70) = 0x2b93c41dfff0
30136   0.004172 libjvm.so->dlopen(0x2b93bfaa3930, 1, 0xffffffff, 0x2b93c41e5d00) = 0x2b93c4057ba0
30136   0.409884 libjvm.so->fopen(0x2b93bfaa6cb0, 0x2b93c132cccb, 111, 0x732e6176) = 0x2b93c412bab0
30136   0.003177 libjvm.so->dlopen(0x2b93bfaa6cb0, 1, 0xffffffff, 0x2b93c41e5100) = 0x2b93c4001b10
30136   0.001710 libjvm.so->fopen(0x2b93bfaa6cb0, 0x2b93c132cccb, 111, 0x732e6176) = 0x2b93c412beb0
30136   0.002880 libjvm.so->dlopen(0x2b93bfaa6cb0, 1, 0xffffffff, 0x2b93c412ba00) = 0x2b93c4001b10
30136   0.001659 libjvm.so->fopen(0x2b93bfaa6cb0, 0x2b93c132cccb, 111, 0x732e6176) = 0x2b93c412bc60
30136   0.002801 libjvm.so->dlopen(0x2b93bfaa6cb0, 1, 0xffffffff, 0x2b93c412ba00) = 0x2b93c4001b10
30136   0.006477 libjvm.so->fopen(0x2b93bfaa6cb0, 0x2b93c132cccb, 111, 0x732e6176) = 0x2b93c412bc60
30136   0.002773 libjvm.so->dlopen(0x2b93bfaa6cb0, 1, 0xffffffff, 0x2b93c412ba00) = 0x2b93c4001b10
30136   0.308563 libjvm.so->fopen(0x2b93c42ab170, 0x2b93c132cccb, 0x6f732e72656761, 0x6567616e616d746e) = 0x2b93c42ab250
30136   0.003751 libjvm.so->dlopen(0x2b93c42ab170, 1, 0xffffffff, 0x2b93c42ab100) = 0x2b93c42ab250
30136   0.026692 libjvm.so->pthread_attr_setdetachstate(0x2b93bfaa5df0, 1, 0, 0) = 0
30136   0.005249 libpthread.so.0->__clone(0x2b93bfb96de0, 0x2b93d9ec9fc0, 0x3d0f00, 0x2b93d9eca700) = 0x7654
30136   0.024424 libjvm.so->fopen(0x2b93c42c0750, 0x2b93c132cccb, 4, 0x6f732e74) = 0x2b93c42c0810
30136   0.003409 libjvm.so->dlopen(0x2b93c42c0750, 1, 0xffffffff, 0x2b93c42c0700) = 0x2b93c414ce00
30136   0.125028 libjvm.so->open64(0x2b93bfaa40c0, 0, 0, 0) = 14
30136   0.001903 libjvm.so->__fxstat64(1, 14, 0x2b93bfaa3ef0, -1) = 0
30136   0.119886 libjvm.so->fopen(0x2b93bfaa5a80, 0x2b93c132cccb, 0x6f732e, 0x6d766a62696c2f72) = 0x2b93c4386640
30136   0.005167 libjvm.so->dlopen(0x2b93bfaa5a80, 1, 0xffffffff, 0x2b93c4372100) = 0x562b452eb4c0
30136   0.001786 libjvm.so->fopen(0x2b93bfaa5a80, 0x2b93c132cccb, 0x6f732e, 0x6d766a62696c2f72) = 0x2b93c4386640
30136   0.003777 libjvm.so->dlopen(0x2b93bfaa5a80, 1, 0xffffffff, 0x2b93c4372100) = 0x562b452eb4c0
30136   0.001859 libjvm.so->fopen(0x2b93bfaa5a80, 0x2b93c132cccb, 0x6f732e, 0x6d766a62696c2f72) = 0x2b93c4386640
30136   0.005254 libjvm.so->dlopen(0x2b93bfaa5a80, 1, 0xffffffff, 0x2b93c4372100) = 0x562b452eb4c0
30136   0.004577 libjvm.so->fopen(0x2b93bfaa5a80, 0x2b93c132cccb, 0x6f732e, 0x6d766a62696c2f72) = 0x2b93c4386640
30136   0.005124 libjvm.so->dlopen(0x2b93bfaa5a80, 1, 0xffffffff, 0x2b93c4372100) = 0x562b452eb4c0
30136   0.037050 libjvm.so->fopen(0x2b93bfaa56e0, 0x2b93c132cccb, 4, 0x6f732e6f) = 0x2b93c4386640
30136   0.003630 libjvm.so->dlopen(0x2b93bfaa56e0, 1, 0xffffffff, 0x2b93c4372000) = 0x2b93c414c760
30136   0.001831 libjvm.so->fopen(0x2b93bfaa56e0, 0x2b93c132cccb, 4, 0x6f732e6f) = 0x2b93c4386640
30136   0.004392 libjvm.so->dlopen(0x2b93bfaa56e0, 1, 0xffffffff, 0x2b93c435da00) = 0x2b93c414c760
30136   0.002772 libjvm.so->fopen(0x2b93bfaa56e0, 0x2b93c132cccb, 4, 0x6f732e6f) = 0x2b93c4386640
30136   0.006542 libjvm.so->dlopen(0x2b93bfaa56e0, 1, 0xffffffff, 0x2b93c435da00) = 0x2b93c414c760
30136   0.001938 libjvm.so->fopen(0x2b93bfaa56e0, 0x2b93c132cccb, 4, 0x6f732e6f) = 0x2b93c4386640
30136   0.002974 libjvm.so->dlopen(0x2b93bfaa56e0, 1, 0xffffffff, 0x2b93c435da00) = 0x2b93c414c760
30136   0.143063 libjvm.so->fopen(0x2b93bfaa6b90, 0x2b93c132cccb, 111, 0x732e6176) = 0x2b93c43566e0
30136   0.003704 libjvm.so->dlopen(0x2b93bfaa6b90, 1, 0xffffffff, 0x2b93c4356500) = 0x2b93c4001b10
30136   0.001847 libjvm.so->fopen(0x2b93bfaa6b90, 0x2b93c132cccb, 111, 0x732e6176) = 0x2b93c43566e0
30136   0.004620 libjvm.so->dlopen(0x2b93bfaa6b90, 1, 0xffffffff, 0x2b93c4356500) = 0x2b93c4001b10
30136   0.001920 libjvm.so->fopen(0x2b93bfaa6b90, 0x2b93c132cccb, 111, 0x732e6176) = 0x2b93c43566e0
30136   0.003356 libjvm.so->dlopen(0x2b93bfaa6b90, 1, 0xffffffff, 0x2b93c4356500) = 0x2b93c4001b10
30136   0.001939 libjvm.so->fopen(0x2b93bfaa6b90, 0x2b93c132cccb, 111, 0x732e6176) = 0x2b93c43566e0
30136   0.004224 libjvm.so->dlopen(0x2b93bfaa6b90, 1, 0xffffffff, 0x2b93c4356500) = 0x2b93c4001b10
30136   0.151415 libjvm.so->open64(0x2b93c42c6b40, 0, 0, 0) = 23
30136   0.001967 libjvm.so->__fxstat64(1, 23, 0x2b93bfaa6780, -1) = 0
30136   0.860843 --- SIGSEGV (Segmentation fault) ---
30136   0.000517 --- SIGSEGV (Segmentation fault) ---
30136   0.000721 --- SIGSEGV (Segmentation fault) ---
30136  15.275152 libjvm.so->fopen(0x2b93bfaa7050, 0x2b93c132cccb, 111, 0x732e6176) = 0x2b93c43b6010
30136   0.003355 libjvm.so->dlopen(0x2b93bfaa7050, 1, 0xffffffff, 0x2b93c43b5800) = 0x2b93c4001b10
30136   0.001907 libjvm.so->fopen(0x2b93bfaa7050, 0x2b93c132cccb, 111, 0x732e6176) = 0x2b93c43b6010
30136   0.003063 libjvm.so->dlopen(0x2b93bfaa7050, 1, 0xffffffff, 0x2b93c43b5800) = 0x2b93c4001b10
30136   0.001824 libjvm.so->fopen(0x2b93bfaa7050, 0x2b93c132cccb, 111, 0x732e6176) = 0x2b93c43b6010
30136   0.006281 libjvm.so->dlopen(0x2b93bfaa7050, 1, 0xffffffff, 0x2b93c43b5800) = 0x2b93c4001b10
30136   0.004973 libjvm.so->fopen(0x2b93bfaa7050, 0x2b93c132cccb, 111, 0x732e6176) = 0x2b93c43b6010
30136   0.003826 libjvm.so->dlopen(0x2b93bfaa7050, 1, 0xffffffff, 0x2b93c43b5800) = 0x2b93c4001b10
30136   0.002593 libjvm.so->fopen(0x2b93bfaa7050, 0x2b93c132cccb, 111, 0x732e6176) = 0x2b93c43b6010
30136   0.003429 libjvm.so->dlopen(0x2b93bfaa7050, 1, 0xffffffff, 0x2b93c43b6200) = 0x2b93c4001b10
30136   0.001833 libjvm.so->fopen(0x2b93bfaa7050, 0x2b93c132cccb, 111, 0x732e6176) = 0x2b93c43b6010
30136   0.004413 libjvm.so->dlopen(0x2b93bfaa7050, 1, 0xffffffff, 0x2b93c43b6200) = 0x2b93c4001b10
30136   0.001847 libjvm.so->fopen(0x2b93bfaa7050, 0x2b93c132cccb, 111, 0x732e6176) = 0x2b93c43b6010
30136   0.003745 libjvm.so->dlopen(0x2b93bfaa7050, 1, 0xffffffff, 0x2b93c43b6200) = 0x2b93c4001b10
30136   0.001821 libjvm.so->fopen(0x2b93bfaa7050, 0x2b93c132cccb, 111, 0x732e6176) = 0x2b93c43b6010
30136   0.003075 libjvm.so->dlopen(0x2b93bfaa7050, 1, 0xffffffff, 0x2b93c43b6200) = 0x2b93c4001b10
30136   2.842351 --- SIGSEGV (Segmentation fault) ---
30136   0.001014 --- SIGSEGV (Segmentation fault) ---
30136   0.000970 --- SIGSEGV (Segmentation fault) ---
30136   0.000780 --- SIGSEGV (Segmentation fault) ---
30144   0.247471 +++ exited (status 0) +++
30140   0.005268 +++ exited (status 0) +++
30137   0.010960 +++ exited (status 0) +++
30136   0.000310 +++ exited (status 0) +++
30143   0.000402 +++ exited (status 0) +++
30141   0.000027 +++ exited (status 0) +++
30292   0.000015 +++ exited (status 0) +++
30139   0.000012 +++ exited (status 0) +++
30138   0.000013 +++ exited (status 0) +++
30142   0.033485 +++ exited (status 0) +++
30134   0.000086 +++ exited (status 0) +++
Wrote an ltrace for command: "java -cp ./tools/maxent.jar density.MaxEnt -s outputs/Hilarella_hilarella.csv -e data/layers/worldclim -o outputs/Hilarella_hilarella nowarnings nocache autorun -z" with PID 30132 from PPID 30114 on disc24.crc.nd.edu with result 0
REMOTEHOST=129.74.154.87
MANPATH=/afs/crc.nd.edu/user/n/nkremerh/cctools/share/man/:/afs/crc.nd.edu/group/ccl/software/x86_64/redhat7/ruby/current/share/man:/afs/crc.nd.edu/group/ccl/software/x86_64/redhat7/graphviz/current/share/man:/afs/crc.nd.edu/group/ccl/software/x86_64/redhat7/gnuplot/current/share/man:/afs/crc.nd.edu/group/ccl/software/x86_64/redhat7/git/current/share/man:/afs/crc.nd.edu/group/ccl/software/x86_64/redhat7/condor/current/share/man:/afs/crc.nd.edu/group/ccl/software/x86_64/redhat7/clang/current/share/man:/afs/crc.nd.edu/group/ccl/software/x86_64/redhat7/condor/current/share/man:/afs/crc.nd.edu/group/ccl/software/x86_64/redhat7/cctools/current/share/man:/afs/crc.nd.edu/group/ccl/software/x86_64/redhat7/cctools/current/share/man:/afs/crc.nd.edu/x86_64_linux/Modules/4.5.0/share/man:/opt/crc/usr/local/man:/opt/sge/man:/usr/share/man/overrides:/usr/share/man:/usr/local/share/man
_CONDOR_JOB_PIDS=
XDG_SESSION_ID=2226
HOSTNAME=disc01.crc.nd.edu
_LMFILES__modshare=/afs/crc.nd.edu/x86_64_linux/Modules/modules/system_modules/CRC_default/1.1:1
_CONDOR_ANCESTOR_3558=3653:1596369982:487954646
MODULEPATH_modshare=/afs/crc.nd.edu/x86_64_linux/Modules/modules/general_software:1:/afs/crc.nd.edu/x86_64_linux/Modules/modules/development_tools_and_libraries:1:/afs/crc.nd.edu/x86_64_linux/Modules/modules/system_modules:1:/afs/crc.nd.edu/x86_64_linux/Modules/current/modulefiles:1:/afs/crc.nd.edu/x86_64_linux/Modules/modules/restricted_software:1:/afs/crc.nd.edu/x86_64_linux/Modules/modules/deprecated_software:1
TERM=xterm-256color
SHELL=/bin/tcsh
HOST=disc01.crc.nd.edu
MODULES_CMD=/afs/crc.nd.edu/x86_64_linux/Modules/4.5.0/libexec/modulecmd.tcl
HISTSIZE=5000
MAKEFLAGS=
SSH_CLIENT=129.74.154.87 57278 22
TMPDIR=/var/condor/execute/dir_20557/worker-213124-20637/t.1253/cctools-temp-t.1253.1kgmZL
PERL5LIB=/afs/crc.nd.edu/user/n/nkremerh/cctools/lib/perl5/site_perl/5.16.3:/afs/crc.nd.edu/user/n/nkremerh/.perl5/lib/perl5
SGE_CELL=crc
_CONDOR_SCRATCH_DIR=/var/condor/execute/dir_20557
PERL_MB_OPT=--install_base '/afs/crc.nd.edu/user/n/nkremerh/.perl5/'
SSH_TTY=/dev/pts/0
SGE_LOAD_AVG=load_avg
MAKEFLOW_MAX_LOCAL_JOBS=2
GROUP=campus
USER=nkremerh
_CHIRP_DELAYED_UPDATE_PREFIX=Chirp*
HISTFILESIZE=10000
TEMP=/var/condor/execute/dir_20557/worker-213124-20637/t.1253/cctools-temp-t.1253.1kgmZL
LD_LIBRARY_PATH=/afs/crc.nd.edu/group/ccl/software/x86_64/redhat7/ruby/current/lib:/afs/crc.nd.edu/group/ccl/software/x86_64/redhat7/graphviz/current/lib:/afs/crc.nd.edu/group/ccl/software/x86_64/redhat7/git/current/lib:/afs/crc.nd.edu/group/ccl/software/x86_64/redhat7/condor/current/lib:/afs/crc.nd.edu/group/ccl/software/x86_64/redhat7/clang/current/lib:/afs/crc.nd.edu/group/ccl/software/x86_64/redhat7/condor/current/lib:/afs/crc.nd.edu/group/ccl/software/x86_64/redhat7/cctools/current/lib:/opt/crc/usr/local/lib
BATCH_SYSTEM=HTCondor
_CONDOR_ANCESTOR_3653=20557:1597419249:2146104682
MODULES_LMALTNAME=CRC_default/1.1&CRC_default/default&CRC_default
ENV=/afs/crc.nd.edu/x86_64_linux/Modules/4.5.0/init/profile.sh
WORKER_TMPDIR=/var/condor/execute/dir_20557/worker-213124-20637/cache/tmp
HOSTTYPE=x86_64-linux
_CONDOR_HIGHPORT=9999
GLOBUS_GSSAPI_MAX_TLS_PROTOCOL=0
_CONDOR_CHIRP_CONFIG=/var/condor/execute/dir_20557/.chirp.config
MAKELEVEL=1
MFLAGS=
MAIL=/var/spool/mail/nkremerh
PATH=/afs/crc.nd.edu/user/n/nkremerh/cctools/bin:/afs/crc.nd.edu/user/n/nkremerh/miniconda/bin:/afs/crc.nd.edu/group/ccl/software/git:/afs/crc.nd.edu/user/n/nkremerh/.local/bin:/afs/crc.nd.edu/group/ccl/software/x86_64/redhat7/povray/3.7/bin:/afs/crc.nd.edu/user/n/nkremerh/.perl5/bin:/afs/crc.nd.edu/user/n/nkremerh/pegasus/bin:/afs/crc.nd.edu/user/n/nkremerh/nodejs/bin:/afs/crc.nd.edu/user/n/nkremerh/montage/bin:/afs/crc.nd.edu/user/n/nkremerh/latexdiff:/afs/crc.nd.edu/user/n/nkremerh/envtrace:/afs/crc.nd.edu/user/n/nkremerh/endlines:/afs/crc.nd.edu/user/n/nkremerh/cctools/bin:/afs/crc.nd.edu/user/n/nkremerh/.cargo/bin:/afs/crc.nd.edu/group/ccl/software/x86_64/redhat7/ruby/current/bin:/afs/crc.nd.edu/group/ccl/software/x86_64/redhat7/graphviz/current/bin:/afs/crc.nd.edu/group/ccl/software/x86_64/redhat7/gnuplot/current/bin:/afs/crc.nd.edu/group/ccl/software/x86_64/redhat7/git/current/bin:/afs/crc.nd.edu/group/ccl/software/x86_64/redhat7/condor/current/sbin:/afs/crc.nd.edu/group/ccl/software/x86_64/redhat7/condor/current/bin:/afs/crc.nd.edu/group/ccl/software/x86_64/redhat7/cmake/current/bin:/afs/crc.nd.edu/group/ccl/software/x86_64/redhat7/clang/current/bin:/afs/crc.nd.edu/group/ccl/software/x86_64/redhat7/condor/current/sbin:/afs/crc.nd.edu/group/ccl/software/x86_64/redhat7/condor/current/bin:/afs/crc.nd.edu/group/ccl/software/x86_64/redhat7/cctools/current/bin:/afs/crc.nd.edu/x86_64_linux/Modules/4.5.0/bin:/opt/crc/usr/local/bin:/opt/sge/bin/lx-amd64:/usr/local/bin:/usr/bin:/usr/local/sbin:/usr/sbin:/afs/crc.nd.edu/user/c/condor/software/bin:/afs/crc.nd.edu/user/c/condor/software/sbin
CCLSOFTWARE=/afs/crc.nd.edu/group/ccl/software/x86_64/redhat7
PWD=/var/condor/execute/dir_20557/worker-213124-20637/t.1253
_LMFILES_=/afs/crc.nd.edu/x86_64_linux/Modules/modules/system_modules/CRC_default/1.1
_CONDOR_ANCESTOR_20557=20570:1597419253:1892533206
EDITOR=vim
SGE_EXECD_PORT=6445
LANG=en_US.UTF-8
SGE_QMASTER_PORT=6444
MODULEPATH=/afs/crc.nd.edu/x86_64_linux/Modules/modules/development_tools_and_libraries:/afs/crc.nd.edu/x86_64_linux/Modules/modules/general_software:/afs/crc.nd.edu/x86_64_linux/Modules/modules/restricted_software:/afs/crc.nd.edu/x86_64_linux/Modules/modules/system_modules:/afs/crc.nd.edu/x86_64_linux/Modules/modules/deprecated_software:/afs/crc.nd.edu/x86_64_linux/Modules/current/modulefiles
LOADEDMODULES=CRC_default/1.1
SGE_ROOT=/opt/sge
CCLPLATFORM=x86_64/redhat7
_CONDOR_SLOT=slot1
WORK_QUEUE_SANDBOX=/var/condor/execute/dir_20557/worker-213124-20637
USE_SYSTEMD=true
_CONDOR_LOWPORT=9100
HISTCONTROL=ignoreboth:erasedups
KRB5CCNAME=FILE:/tmp/krb5cc_213124_jfvfni
GLOBUS_GSSAPI_NAME_COMPATIBILITY=STRICT_RFC2818
HOME=disc01.crc.nd.edu
SHLVL=6
PATH_modshare=/opt/crc/usr/local/bin:1:/opt/sge/bin/lx-amd64:1:/usr/sbin:1:/usr/bin:1:/afs/crc.nd.edu/user/c/condor/software/sbin:1:/usr/local/sbin:1:/afs/crc.nd.edu/user/c/condor/software/bin:1:/usr/local/bin:1
OSTYPE=linux
_CONDOR_MACHINE_AD=/var/condor/execute/dir_20557/.machine.ad
GREP_OPTIONS=--color=auto
DISK=916272
GLOBUS_GSSAPI_MIN_TLS_PROTOCOL=TLS1_VERSION
MANPATH_modshare=/usr/share/man/overrides:1:/usr/local/share/man:1:/usr/share/man:1:/opt/crc/usr/local/man:1:/opt/sge/man:1
MEMORY=15899
PERL_LOCAL_LIB_ROOT=/afs/crc.nd.edu/user/n/nkremerh/.perl5/
BASH_ENV=/afs/crc.nd.edu/x86_64_linux/Modules/4.5.0/init/bash
VENDOR=unknown
TMP=/var/condor/execute/dir_20557/worker-213124-20637/t.1253/cctools-temp-t.1253.1kgmZL
LOGNAME=nkremerh
MACHTYPE=x86_64
CCLHOME=/afs/crc.nd.edu/group/ccl
PYTHONPATH=/afs/crc.nd.edu/user/n/nkremerh/cctools/lib/python3.6/site-packages/
LD_LIBRARY_PATH_modshare=/opt/crc/usr/local/lib:1
SSH_CONNECTION=129.74.154.87 57278 129.74.128.103 22
MODULES_LMALTNAME_modshare=CRC_default/1.1&CRC_default/default&CRC_default:1
MODULESHOME=/afs/crc.nd.edu/x86_64_linux/Modules/4.5.0
GLOBUS_GSSAPI_CIPHERS=HIGH
GLOBUS_GSSAPI_BACKWARD_COMPATIBLE_MIC=true
LESSOPEN=||/usr/bin/lesspipe.sh %s
OMP_NUM_THREADS=1
_CONDOR_JOB_AD=/var/condor/execute/dir_20557/.job.ad
LOADEDMODULES_modshare=CRC_default/1.1:1
XDG_RUNTIME_DIR=/run/user/213124
SGE_CLUSTER_NAME=CRC
CCTOOLS=../cctools
CORES=4
_CONDOR_JOB_IWD=/var/condor/execute/dir_20557
PERL_MM_OPT=INSTALL_BASE=/afs/crc.nd.edu/user/n/nkremerh/.perl5/
GLOBUS_GSSAPI_SERVER_CIPHER_ORDER=true
BASH_FUNC_module()=() {  unset _mlshdbg;
 if [ "${MODULES_SILENT_SHELL_DEBUG:-0}" = '1' ]; then
 case "$-" in 
 *v*x*)
 set +vx;
 _mlshdbg='vx'
 ;;
 *v*)
 set +v;
 _mlshdbg='v'
 ;;
 *x*)
 set +x;
 _mlshdbg='x'
 ;;
 *)
 _mlshdbg=''
 ;;
 esac;
 fi;
 unset _mlre _mlIFS;
 if [ -n "${IFS+x}" ]; then
 _mlIFS=$IFS;
 fi;
 IFS=' ';
 for _mlv in ${MODULES_RUN_QUARANTINE:-};
 do
 if [ "${_mlv}" = "${_mlv##*[!A-Za-z0-9_]}" -a "${_mlv}" = "${_mlv#[0-9]}" ]; then
 if [ -n "`eval 'echo ${'$_mlv'+x}'`" ]; then
 _mlre="${_mlre:-}${_mlv}_modquar='`eval 'echo ${'$_mlv'}'`' ";
 fi;
 _mlrv="MODULES_RUNENV_${_mlv}";
 _mlre="${_mlre:-}${_mlv}='`eval 'echo ${'$_mlrv':-}'`' ";
 fi;
 done;
 if [ -n "${_mlre:-}" ]; then
 eval `eval ${_mlre}/usr/bin/tclsh /afs/crc.nd.edu/x86_64_linux/Modules/4.5.0/libexec/modulecmd.tcl bash '"$@"'`;
 else
 eval `/usr/bin/tclsh /afs/crc.nd.edu/x86_64_linux/Modules/4.5.0/libexec/modulecmd.tcl bash "$@"`;
 fi;
 _mlstatus=$?;
 if [ -n "${_mlIFS+x}" ]; then
 IFS=$_mlIFS;
 else
 unset IFS;
 fi;
 unset _mlre _mlv _mlrv _mlIFS;
 if [ -n "${_mlshdbg:-}" ]; then
 set -$_mlshdbg;
 fi;
 unset _mlshdbg;
 return $_mlstatus
}
BASH_FUNC_ml()=() {  module ml "$@"
}
_=/usr/bin/printenv
