24191   0.000000 libjli.so->getenv("_JAVA_LAUNCHER_DEBUG") = nil
24191   0.001749 libjli.so->getenv("_JAVA_VERSION_SET") = nil
24191   0.000745 libjli.so->fopen("/usr/lib/jvm/java-1.8.0-openjdk-1.8.0.262.b10-0.el7_8.x86_64/jre/lib/amd64/jvm.cfg", "r") = 0x55598c46c0e0
24191   0.000827 libjli.so->getenv("JDK_ALTERNATE_VM") = nil
24191   0.000316 libjli.so->__xstat(1, "/usr/lib/jvm/java-1.8.0-openjdk-1.8.0.262.b10-0.el7_8.x86_64/jre/lib/amd64/server/libjvm.so", 0x7ffecdb1b650) = 0
24191   0.000591 libjli.so->getenv("LD_LIBRARY_PATH") = "/afs/crc.nd.edu/group/ccl/software/x86_64/redhat7/ruby/current/lib:/afs/crc.nd.edu/group/ccl/software/x86_64/redhat7/graphviz/current/lib:/afs/crc.nd.edu/group/ccl/software/x86_64/redhat7/git/current/lib:/afs/crc.nd.edu/group/ccl/software/x86_64/redhat7/condor/current/lib:/afs/crc.nd.edu/group/ccl/software/x86_64/redhat7/clang/current/lib:/afs/crc.nd.edu/group/ccl/software/x86_64/redhat7/condor/current/lib:/afs/crc.nd.edu/group/ccl/software/x86_64/redhat7/cctools/current/lib:/opt/crc/usr/local/lib"
24191   0.002170 libjli.so->dlopen("/usr/lib/jvm/java-1.8.0-openjdk-1.8.0.262.b10-0.el7_8.x86_64/jre/lib/amd64/server/libjvm.so", 258 <unfinished ...>
24191   0.037935 libjvm.so->getenv("NMT_LEVEL_24191") = nil
24191   0.001694 <... dlopen resumed> )          = 0x55598c46c4b0
24191   0.000073 libjli.so->getenv("CLASSPATH")  = nil
24191   0.000305 libjli.so->getenv("_JAVA_SPLASH_JAR") = nil
24191   0.000363 libjli.so->getenv("_JAVA_SPLASH_FILE") = nil
24191   0.000373 libjli.so->pthread_attr_setdetachstate(0x7ffecdb1b600, 0, 0x7ffecdb1b690, 0) = 0
24191   0.000482 libpthread.so.0->__clone(0x2ab2410cede0, 0x2ab240fe1fc0, 0x3d0f00, 0x2ab240fe2700) = 0x5e80
24192   0.001634 libjvm.so->dlopen(0x2ab2428ad9ae, 1, 0xfffffffffff42c48, 4096) = 0x2ab244000990
24192   0.002354 libjvm.so->getenv(0x2ab2428c883e, 0, 115, 0x65737361) = 0x7ffecdb21692
24192   0.000451 libjvm.so->fopen(0x2ab240fe0c10, 0x2ab242864ccb, 0x6f732e79666972, 0x2ab2419a6ab0) = 0x2ab244001440
24192   0.001432 libjvm.so->dlopen(0x2ab240fe0c10, 1, 0xffffffff, 0x2ab244002b00) = 0x2ab244001440
24192   0.001517 libjvm.so->fopen(0x2ab240fe0c10, 0x2ab242864ccb, 111, 0x732e6176) = 0x2ab244001b10
24192   0.001573 libjvm.so->dlopen(0x2ab240fe0c10, 1, 0xffffffff, 0x2ab244001a00) = 0x2ab244001b10
24192   0.001535 libjvm.so->__xstat(1, 0x2ab240fe1360, 0x2ab240fe1ba0, 0x746f7073746f682e) = -1
24192   0.000474 libjvm.so->getenv(0x2ab24285d541, 0x2ab240fe16d0, 1024, 0x2ab242d1761b) = 0
24192   0.000458 libjvm.so->getenv(0x2ab24285d533, 0x2ab240fe16d0, 1024, 0) = 0
24192   0.000421 libjvm.so->fopen(0x2ab2428ad315, 0x2ab242864ccb, 4095, 0xffffd54dbd7a2b03) = 0x2ab2440032d0
24192   0.001127 libjvm.so->fopen(0x2ab2428ad361, 0x2ab242864ccb, 0x2ab244000078, 0x2ab2440032c0) = 0x2ab2440032d0
24192   0.000675 libjvm.so->fopen(0x2ab240fdb9b0, 0x2ab242864ccb, 4014, 3995) = 0x2ab2440032d0
24192   0.000632 libjvm.so->opendir(0x2ab244002b40, 0x2ab244002b40, 13, 16) = 0
24192   0.000454 libjvm.so->__xstat(1, 0x2ab240fe08f0, 0x2ab240fdf860, 0x6f732e7477616d62) = -1
24192   0.000448 libjvm.so->__xstat(1, 0x2ab240fe08f0, 0x2ab240fdf860, 0x5f74776162696c2f) = 0
24192   0.000487 libjvm.so->fopen(0x2ab240fdfb90, 0x2ab242864ccb, 4009, 3994) = 0x2ab2440037b0
24192   0.000626 libjvm.so->fopen(0x2ab240fdfb90, 0x2ab242864ccb, 4009, 3994) = 0x2ab2440037b0
24192   0.000597 libjvm.so->fopen(0x2ab240fdfb90, 0x2ab242864ccb, 4009, 4002) = 0x2ab2440037b0
24192   0.000647 libjvm.so->fopen(0x2ab240fdfb20, 0x2ab242864ccb, 4009, 3994) = 0x2ab2440037b0
24192   0.000618 libjvm.so->fopen(0x2ab240fdfb20, 0x2ab242864ccb, 4009, 3994) = 0x2ab2440037b0
24192   0.000574 libjvm.so->fopen(0x2ab240fdfb20, 0x2ab242864ccb, 4009, 4002) = 0x2ab2440037b0
24192   0.000602 libjvm.so->fopen(0x2ab240fdfb50, 0x2ab242864ccb, 4014, 3995) = 0x2ab2440037b0
24192   0.000768 libjvm.so->getenv(0x2ab2428ae0ff, 4096, 3, -1) = 0
24192   0.000911 libjvm.so->fopen(0x2ab2428ad998, 0x2ab242864ccb, 0x2ab2410c5908, 0x2ab2410c4df0) = 0x2ab2440037b0
24192   0.004825 libjvm.so->open(0x2ab24404a5a0, 0x20000, 0, 0x2ab24404a5e9) = 3
24192   0.000467 libjvm.so->__fxstat(1, 3, 0x2ab240fe1a00, -1) = 0
24192   0.000472 libjvm.so->opendir(0x2ab24404a5a0, 0x2ab240fe1a00, 0x4000, -1) = 0x2ab24404b4b0
24192   0.000488 libjvm.so->__fxstat(1, 3, 0x2ab240fe18a0, 0x2ab24404b4b0) = 0
24192   0.000431 libjvm.so->__fxstat(1, 5, 0x2ab240fe1930, -1) = 0
24192   0.000500 libjvm.so->open(0x2ab24287b9dc, 0, 0, 0) = 3
24192   0.000660 libjvm.so->__lxstat(1, 0x2ab24404a5a0, 0x2ab240fe1b50, -144) = 0
24192   0.000481 libjvm.so->open(0x2ab24404a5a0, 0x20000, 0x4000, -1) = 3
24192   0.000433 libjvm.so->__fxstat(1, 3, 0x2ab240fe1a00, -1) = 0
24192   0.000484 libjvm.so->opendir(0x2ab24404a5a0, 0x2ab240fe1a00, 0x4000, -1) = 0x2ab24404b4b0
24192   0.000442 libjvm.so->__fxstat(1, 3, 0x2ab240fe18a0, 0x2ab24404b4b0) = 0
24192   0.000476 libjvm.so->__fxstat(1, 5, 0x2ab240fe1930, -1) = 0
24192   0.000469 libjvm.so->open(0x2ab24287b9dc, 0, 0, 0) = 3
24192   0.000493 libjvm.so->open(0x2ab24404a5e9, 0x20042, 384, -1) = 7
24192   0.000603 libjvm.so->__fxstat(1, 7, 0x2ab240fe1b50, -1) = 0
24192   0.001724 libjvm.so->fopen(0x2ab240fe0b60, 0x2ab242864ccb, 4, 0x6f732e70) = 0x2ab244057c00
24192   0.001417 libjvm.so->dlopen(0x2ab240fe0b60, 1, 0xffffffff, 0x2ab244057b00) = 0x2ab244057c00
24192   0.001441 libjvm.so->__xstat(1, 0x2ab240fe1120, 0x2ab240fe1950, 2048) = 0
24192   0.000430 libjvm.so->__xstat(1, 0x2ab240fe1120, 0x2ab240fe1950, 2048) = 0
24192   0.000454 libjvm.so->__xstat(1, 0x2ab240fe1120, 0x2ab240fe1950, 2048) = -1
24192   0.000434 libjvm.so->__xstat(1, 0x2ab240fe1120, 0x2ab240fe1950, 2048) = 0
24192   0.000438 libjvm.so->__xstat(1, 0x2ab240fe1120, 0x2ab240fe1950, 2048) = 0
24192   0.000435 libjvm.so->__xstat(1, 0x2ab240fe1120, 0x2ab240fe1950, 2048) = 0
24192   0.000453 libjvm.so->__xstat(1, 0x2ab240fe1120, 0x2ab240fe1950, 2048) = 0
24192   0.000419 libjvm.so->__xstat(1, 0x2ab240fe1120, 0x2ab240fe1950, 2048) = -1
24192   0.000420 libjvm.so->fopen(0x2ab244002520, 0x2ab242864ccb, 0, 0) = 0x2ab244058aa0
24192   0.008593 libjvm.so->open64(0x2ab240fe0410, 0, 0, 16) = 3
24192   0.000484 libjvm.so->__fxstat64(1, 3, 0x2ab240fe0240, -1) = 0
24192   0.035813 libjvm.so->__xstat(1, 0x2ab240fe0f20, 0x2ab240fe1750, 2048) = -1
24192   0.000560 libjvm.so->fopen(0x2ab240fdfb20, 0x2ab242864ccb, 4009, 3994) = 0x2ab2440b1fb0
24192   0.000641 libjvm.so->fopen(0x2ab240fdfb20, 0x2ab242864ccb, 4009, 3994) = 0x2ab2440b1fb0
24192   0.000642 libjvm.so->fopen(0x2ab240fdfb20, 0x2ab242864ccb, 4009, 4002) = 0x2ab2440b1fb0
24192   0.004079 libjvm.so->pthread_attr_setdetachstate(0x2ab240fe1c00, 1, 0, 0) = 0
24192   0.000530 libpthread.so.0->__clone(0x2ab2410cede0, 0x2ab259960fc0, 0x3d0f00, 0x2ab259961700) = 0x5e81
24192   0.015447 libjvm.so->pthread_attr_setdetachstate(0x2ab240fe1290, 1, 0, 0) = 0
24192   0.000607 libpthread.so.0->__clone(0x2ab2410cede0, 0x2ab259a61fc0, 0x3d0f00, 0x2ab259a62700) = 0x5e82
24192   0.006866 libjvm.so->pthread_attr_setdetachstate(0x2ab240fe1610, 1, 0, 0) = 0
24192   0.000755 libpthread.so.0->__clone(0x2ab2410cede0, 0x2ab259b62fc0, 0x3d0f00, 0x2ab259b63700) = 0x5e83
24192   0.042968 libjvm.so->fopen(0x2ab2440f17f0, 0x2ab242864ccb, 4, 0x6f732e70) = 0x2ab2440f1cf0
24192   0.003217 libjvm.so->dlopen(0x2ab2440f17f0, 1, 0xffffffff, 0x2ab2440e8c00) = 0x2ab244057c00
24192   0.005741 libjvm.so->open64(0x2ab240fe0510, 0, 0, 16) = 5
24192   0.000999 libjvm.so->__fxstat64(1, 5, 0x2ab240fe0340, -1) = 0
24192   0.024365 libjvm.so->fopen(0x2ab240fdd130, 0x2ab242864ccb, 4009, 3994) = 0x2ab2440fccc0
24192   0.001332 libjvm.so->fopen(0x2ab240fdd130, 0x2ab242864ccb, 4009, 3994) = 0x2ab2440fccc0
24192   0.001132 libjvm.so->fopen(0x2ab240fdd130, 0x2ab242864ccb, 4009, 4002) = 0x2ab2440fccc0
24192   0.019573 libjvm.so->pthread_attr_setdetachstate(0x2ab240fe1b50, 1, 0, 0) = 0
24192   0.001031 libpthread.so.0->__clone(0x2ab2410cede0, 0x2ab259c63fc0, 0x3d0f00, 0x2ab259c64700) = 0x5e89
24192   0.001664 libjvm.so->__xstat64(1, 0x2ab240fe1be0, 0x2ab240fe1b50, 19) = -1
24192   0.001207 libjvm.so->pthread_attr_setdetachstate(0x2ab240fe1950, 1, 0, 0) = 0
24192   0.001195 libpthread.so.0->__clone(0x2ab2410cede0, 0x2ab259d64fc0, 0x3d0f00, 0x2ab259d65700) = 0x5e8a
24192   0.001741 libjvm.so->pthread_attr_setdetachstate(0x2ab240fe1950, 1, 0, 0) = 0
24192   0.001287 libpthread.so.0->__clone(0x2ab2410cede0, 0x2ab259e65fc0, 0x3d0f00, 0x2ab259e66700) = 0x5e8b
24192   0.008804 libjvm.so->pthread_attr_setdetachstate(0x2ab240fe1aa0, 1, 0, 0) = 0
24192   0.001522 libpthread.so.0->__clone(0x2ab2410cede0, 0x2ab259f66fc0, 0x3d0f00, 0x2ab259f67700) = 0x5e8c
24192   0.002778 libjvm.so->pthread_attr_setdetachstate(0x2ab240fe1bb0, 1, 0, 0) = 0
24192   0.001940 libpthread.so.0->__clone(0x2ab2410cede0, 0x2ab25a067fc0, 0x3d0f00, 0x2ab25a068700) = 0x5e8d
24192   0.015438 libjvm.so->open64(0x2ab244128890, 0, 0, 16) = 7
24192   0.001736 libjvm.so->__fxstat64(1, 7, 0x2ab240fdef60, -1) = 0
24192   0.026389 libjvm.so->fopen(0x2ab2441546e0, 0x2ab242864ccb, 4, 0x6f732e6f) = 0x2ab2441547a0
24192   0.003761 libjvm.so->dlopen(0x2ab2441546e0, 1, 0xffffffff, 0x2ab244154700) = 0x2ab2441547a0
24192   0.100156 libjvm.so->fopen(0x2ab240fdbe40, 0x2ab242864ccb, 0x6f732e, 0x6d766a62696c2f72) = 0x2ab244169eb0
24192   0.006012 libjvm.so->dlopen(0x2ab240fdbe40, 1, 0xffffffff, 0x2ab244169e00) = 0x55598c46c4b0
24192   0.001708 libjvm.so->fopen(0x2ab240fdbe40, 0x2ab242864ccb, 0x6f732e, 0x6d766a62696c2f72) = 0x2ab24416a2b0
24192   0.004994 libjvm.so->dlopen(0x2ab240fdbe40, 1, 0xffffffff, 0x2ab244169e00) = 0x55598c46c4b0
24192   0.002072 libjvm.so->fopen(0x2ab240fdbe40, 0x2ab242864ccb, 0x6f732e, 0x6d766a62696c2f72) = 0x2ab244169eb0
24192   0.003475 libjvm.so->dlopen(0x2ab240fdbe40, 1, 0xffffffff, 0x2ab244169e00) = 0x55598c46c4b0
24192   0.001647 libjvm.so->fopen(0x2ab240fdbe40, 0x2ab242864ccb, 0x6f732e, 0x6d766a62696c2f72) = 0x2ab244169eb0
24192   0.003411 libjvm.so->dlopen(0x2ab240fdbe40, 1, 0xffffffff, 0x2ab244169e00) = 0x55598c46c4b0
24192   0.049004 libjvm.so->fopen(0x2ab2441a7460, 0x2ab242864ccb, 4, 0x6f732e74) = 0x2ab2441b5300
24192   0.003948 libjvm.so->dlopen(0x2ab2441a7460, 1, 0xffffffff, 0x2ab24419d600) = 0x2ab2441b5300
24192   0.141954 libjvm.so->fopen(0x2ab2442304c0, 0x2ab242864ccb, 0x6f732e7373656c, 0x656c646165685f74) = 0x2ab2442305a0
24192   0.002963 libjvm.so->dlopen(0x2ab2442304c0, 1, 0xffffffff, 0x2ab244230500) = 0x2ab2442305a0
24192   3.648765 --- SIGSEGV (Segmentation fault) ---
24192   0.659852 --- SIGSEGV (Segmentation fault) ---
24192   0.000725 --- SIGSEGV (Segmentation fault) ---
24192   0.832937 --- SIGSEGV (Segmentation fault) ---
24192   0.000418 --- SIGSEGV (Segmentation fault) ---
24192   0.000598 --- SIGSEGV (Segmentation fault) ---
24192   0.708853 --- SIGSEGV (Segmentation fault) ---
24192   0.000511 --- SIGSEGV (Segmentation fault) ---
24192   0.874910 --- SIGSEGV (Segmentation fault) ---
24192   0.000578 --- SIGSEGV (Segmentation fault) ---
24192   0.507147 --- SIGSEGV (Segmentation fault) ---
24192   0.000455 --- SIGSEGV (Segmentation fault) ---
24192   0.000533 --- SIGSEGV (Segmentation fault) ---
24192   0.839412 --- SIGSEGV (Segmentation fault) ---
24192   0.000857 --- SIGSEGV (Segmentation fault) ---
24192   0.000967 --- SIGSEGV (Segmentation fault) ---
24192   0.925390 --- SIGSEGV (Segmentation fault) ---
24192   0.000632 --- SIGSEGV (Segmentation fault) ---
24192   0.001237 --- SIGSEGV (Segmentation fault) ---
24192   0.891823 --- SIGSEGV (Segmentation fault) ---
24192   0.001640 --- SIGSEGV (Segmentation fault) ---
24192   0.911895 --- SIGSEGV (Segmentation fault) ---
24192   0.000531 --- SIGSEGV (Segmentation fault) ---
24192   0.001044 --- SIGSEGV (Segmentation fault) ---
24192   0.000366 --- SIGSEGV (Segmentation fault) ---
24192   0.868307 --- SIGSEGV (Segmentation fault) ---
24192   0.001060 --- SIGSEGV (Segmentation fault) ---
24192   0.929644 --- SIGSEGV (Segmentation fault) ---
24192   0.000652 --- SIGSEGV (Segmentation fault) ---
24192   0.000682 --- SIGSEGV (Segmentation fault) ---
24192   0.001150 --- SIGSEGV (Segmentation fault) ---
24203   0.000029 --- SIGSEGV (Segmentation fault) ---
24192   0.746014 --- SIGSEGV (Segmentation fault) ---
24192   0.001052 --- SIGSEGV (Segmentation fault) ---
24192   0.000781 --- SIGSEGV (Segmentation fault) ---
24192   0.716590 --- SIGSEGV (Segmentation fault) ---
24192   0.000997 --- SIGSEGV (Segmentation fault) ---
24203   0.904114 --- SIGSEGV (Segmentation fault) ---
24192   0.000055 --- SIGSEGV (Segmentation fault) ---
24192   0.001664 --- SIGSEGV (Segmentation fault) ---
24192   3.545881 --- SIGSEGV (Segmentation fault) ---
24192   0.541465 libjvm.so->fopen(0x2ab240fdf190, 0x2ab242864ccb, 111, 0x732e6176) = 0x2ab2441ebec0
24192   0.005132 libjvm.so->dlopen(0x2ab240fdf190, 1, 0xffffffff, 0x2ab244243500) = 0x2ab244001b10
24192   0.001775 libjvm.so->fopen(0x2ab240fdf190, 0x2ab242864ccb, 111, 0x732e6176) = 0x2ab2441ec170
24192   0.003017 libjvm.so->dlopen(0x2ab240fdf190, 1, 0xffffffff, 0x2ab244243500) = 0x2ab244001b10
24192   0.001853 libjvm.so->fopen(0x2ab240fdf190, 0x2ab242864ccb, 111, 0x732e6176) = 0x2ab2441ec170
24192   0.003010 libjvm.so->dlopen(0x2ab240fdf190, 1, 0xffffffff, 0x2ab244243500) = 0x2ab244001b10
24192   0.001678 libjvm.so->fopen(0x2ab240fdf190, 0x2ab242864ccb, 111, 0x732e6176) = 0x2ab2441ebfe0
24192   0.003843 libjvm.so->dlopen(0x2ab240fdf190, 1, 0xffffffff, 0x2ab244243500) = 0x2ab244001b10
24192   0.073969 libjvm.so->fopen(0x2ab240fdefc0, 0x2ab242864ccb, 111, 0x732e6176) = 0x2ab244287d70
24192   0.003021 libjvm.so->dlopen(0x2ab240fdefc0, 1, 0xffffffff, 0x2ab244242400) = 0x2ab244001b10
24192   0.001662 libjvm.so->fopen(0x2ab240fdefc0, 0x2ab242864ccb, 111, 0x732e6176) = 0x2ab244287e10
24192   0.003488 libjvm.so->dlopen(0x2ab240fdefc0, 1, 0xffffffff, 0x2ab244242400) = 0x2ab244001b10
24192   0.002106 libjvm.so->fopen(0x2ab240fdefc0, 0x2ab242864ccb, 111, 0x732e6176) = 0x2ab244287e20
24192   0.002914 libjvm.so->dlopen(0x2ab240fdefc0, 1, 0xffffffff, 0x2ab244242400) = 0x2ab244001b10
24192   0.001678 libjvm.so->fopen(0x2ab240fdefc0, 0x2ab242864ccb, 111, 0x732e6176) = 0x2ab244287e10
24192   0.002954 libjvm.so->dlopen(0x2ab240fdefc0, 1, 0xffffffff, 0x2ab244242400) = 0x2ab244001b10
24205   4.055872 +++ exited (status 0) +++
24201   0.000443 +++ exited (status 0) +++
24193   0.001689 +++ exited (status 0) +++
24192   0.000332 +++ exited (status 0) +++
24204   0.000350 +++ exited (status 0) +++
24203   0.000029 +++ exited (status 0) +++
24195   0.000015 +++ exited (status 0) +++
24194   0.000015 +++ exited (status 0) +++
24202   0.027857 +++ exited (status 0) +++
24191   0.000098 +++ exited (status 0) +++
Wrote an ltrace for command: "java -cp ./tools/maxent.jar density.Project outputs/Dynatosoma_majus_Landrock/Dynatosoma_majus_Landrock.lambdas data/layers/worldclim outputs/Dynatosoma_majus_Landrock_worldclim.asc nowarnings nocache autorun -z" with PID 24189 from PPID 24173 on disc21.crc.nd.edu with result 0
REMOTEHOST=10.17.150.200
_CONDOR_JOB_PIDS=
MANPATH=/afs/crc.nd.edu/user/n/nkremerh/cctools/share/man/:/afs/crc.nd.edu/group/ccl/software/x86_64/redhat7/ruby/current/share/man:/afs/crc.nd.edu/group/ccl/software/x86_64/redhat7/graphviz/current/share/man:/afs/crc.nd.edu/group/ccl/software/x86_64/redhat7/gnuplot/current/share/man:/afs/crc.nd.edu/group/ccl/software/x86_64/redhat7/git/current/share/man:/afs/crc.nd.edu/group/ccl/software/x86_64/redhat7/condor/current/share/man:/afs/crc.nd.edu/group/ccl/software/x86_64/redhat7/clang/current/share/man:/afs/crc.nd.edu/group/ccl/software/x86_64/redhat7/condor/current/share/man:/afs/crc.nd.edu/group/ccl/software/x86_64/redhat7/cctools/current/share/man:/afs/crc.nd.edu/group/ccl/software/x86_64/redhat7/cctools/current/share/man:/afs/crc.nd.edu/x86_64_linux/Modules/4.5.0/share/man:/opt/crc/usr/local/man:/opt/sge/man:/usr/share/man/overrides:/usr/share/man:/usr/local/share/man
XDG_SESSION_ID=5195
_CONDOR_ANCESTOR_3669=7511:1600703217:729388718
HOSTNAME=disc01.crc.nd.edu
_LMFILES__modshare=/afs/crc.nd.edu/x86_64_linux/Modules/modules/system_modules/CRC_default/1.1:1
MODULEPATH_modshare=/afs/crc.nd.edu/x86_64_linux/Modules/modules/general_software:1:/afs/crc.nd.edu/x86_64_linux/Modules/modules/development_tools_and_libraries:1:/afs/crc.nd.edu/x86_64_linux/Modules/modules/system_modules:1:/afs/crc.nd.edu/x86_64_linux/Modules/current/modulefiles:1:/afs/crc.nd.edu/x86_64_linux/Modules/modules/restricted_software:1:/afs/crc.nd.edu/x86_64_linux/Modules/modules/deprecated_software:1
MODULES_CMD=/afs/crc.nd.edu/x86_64_linux/Modules/4.5.0/libexec/modulecmd.tcl
HOST=disc01.crc.nd.edu
SHELL=/bin/tcsh
TERM=xterm-256color
MAKEFLAGS=
HISTSIZE=5000
TMPDIR=/var/condor/execute/dir_7511/worker-213124-7576/t.1809/cctools-temp-t.1809.bVE55A
SSH_CLIENT=10.17.150.200 39500 22
PERL5LIB=/afs/crc.nd.edu/user/n/nkremerh/cctools/lib/perl5/site_perl/5.16.3:/afs/crc.nd.edu/user/n/nkremerh/.perl5/lib/perl5
SGE_CELL=crc
_CONDOR_SCRATCH_DIR=/var/condor/execute/dir_7511
PERL_MB_OPT=--install_base '/afs/crc.nd.edu/user/n/nkremerh/.perl5/'
SSH_TTY=/dev/pts/0
SGE_LOAD_AVG=load_avg
MAKEFLOW_MAX_LOCAL_JOBS=2
HISTFILESIZE=10000
_CHIRP_DELAYED_UPDATE_PREFIX=Chirp*
USER=nkremerh
GROUP=campus
LD_LIBRARY_PATH=/afs/crc.nd.edu/group/ccl/software/x86_64/redhat7/ruby/current/lib:/afs/crc.nd.edu/group/ccl/software/x86_64/redhat7/graphviz/current/lib:/afs/crc.nd.edu/group/ccl/software/x86_64/redhat7/git/current/lib:/afs/crc.nd.edu/group/ccl/software/x86_64/redhat7/condor/current/lib:/afs/crc.nd.edu/group/ccl/software/x86_64/redhat7/clang/current/lib:/afs/crc.nd.edu/group/ccl/software/x86_64/redhat7/condor/current/lib:/afs/crc.nd.edu/group/ccl/software/x86_64/redhat7/cctools/current/lib:/opt/crc/usr/local/lib
TEMP=/var/condor/execute/dir_7511/worker-213124-7576/t.1809/cctools-temp-t.1809.bVE55A
BATCH_SYSTEM=HTCondor
WORKER_TMPDIR=/var/condor/execute/dir_7511/worker-213124-7576/cache/tmp
_CONDOR_ANCESTOR_7511=7524:1600703218:159567241
ENV=/afs/crc.nd.edu/x86_64_linux/Modules/4.5.0/init/profile.sh
MODULES_LMALTNAME=CRC_default/1.1&CRC_default/default&CRC_default
_CONDOR_CHIRP_CONFIG=/var/condor/execute/dir_7511/.chirp.config
GLOBUS_GSSAPI_MAX_TLS_PROTOCOL=0
_CONDOR_HIGHPORT=9999
HOSTTYPE=x86_64-linux
MAKELEVEL=1
MFLAGS=
CCLSOFTWARE=/afs/crc.nd.edu/group/ccl/software/x86_64/redhat7
PATH=/afs/crc.nd.edu/user/n/nkremerh/cctools/bin:/afs/crc.nd.edu/user/n/nkremerh/miniconda/bin:/afs/crc.nd.edu/group/ccl/software/git:/afs/crc.nd.edu/user/n/nkremerh/.local/bin:/afs/crc.nd.edu/group/ccl/software/x86_64/redhat7/povray/3.7/bin:/afs/crc.nd.edu/user/n/nkremerh/.perl5/bin:/afs/crc.nd.edu/user/n/nkremerh/pegasus/bin:/afs/crc.nd.edu/user/n/nkremerh/nodejs/bin:/afs/crc.nd.edu/user/n/nkremerh/montage/bin:/afs/crc.nd.edu/user/n/nkremerh/latexdiff:/afs/crc.nd.edu/user/n/nkremerh/envtrace:/afs/crc.nd.edu/user/n/nkremerh/endlines:/afs/crc.nd.edu/user/n/nkremerh/cctools/bin:/afs/crc.nd.edu/user/n/nkremerh/.cargo/bin:/afs/crc.nd.edu/group/ccl/software/x86_64/redhat7/ruby/current/bin:/afs/crc.nd.edu/group/ccl/software/x86_64/redhat7/graphviz/current/bin:/afs/crc.nd.edu/group/ccl/software/x86_64/redhat7/gnuplot/current/bin:/afs/crc.nd.edu/group/ccl/software/x86_64/redhat7/git/current/bin:/afs/crc.nd.edu/group/ccl/software/x86_64/redhat7/condor/current/sbin:/afs/crc.nd.edu/group/ccl/software/x86_64/redhat7/condor/current/bin:/afs/crc.nd.edu/group/ccl/software/x86_64/redhat7/cmake/current/bin:/afs/crc.nd.edu/group/ccl/software/x86_64/redhat7/clang/current/bin:/afs/crc.nd.edu/group/ccl/software/x86_64/redhat7/condor/current/sbin:/afs/crc.nd.edu/group/ccl/software/x86_64/redhat7/condor/current/bin:/afs/crc.nd.edu/group/ccl/software/x86_64/redhat7/cctools/current/bin:/afs/crc.nd.edu/x86_64_linux/Modules/4.5.0/bin:/opt/crc/usr/local/bin:/opt/sge/bin/lx-amd64:/usr/local/bin:/usr/bin:/usr/local/sbin:/usr/sbin:/afs/crc.nd.edu/user/c/condor/software/bin:/afs/crc.nd.edu/user/c/condor/software/sbin
MAIL=/var/spool/mail/nkremerh
PWD=/var/condor/execute/dir_7511/worker-213124-7576/t.1809
_LMFILES_=/afs/crc.nd.edu/x86_64_linux/Modules/modules/system_modules/CRC_default/1.1
SGE_EXECD_PORT=6445
EDITOR=vim
LANG=en_US.UTF-8
MODULEPATH=/afs/crc.nd.edu/x86_64_linux/Modules/modules/development_tools_and_libraries:/afs/crc.nd.edu/x86_64_linux/Modules/modules/general_software:/afs/crc.nd.edu/x86_64_linux/Modules/modules/restricted_software:/afs/crc.nd.edu/x86_64_linux/Modules/modules/system_modules:/afs/crc.nd.edu/x86_64_linux/Modules/modules/deprecated_software:/afs/crc.nd.edu/x86_64_linux/Modules/current/modulefiles
SGE_QMASTER_PORT=6444
SGE_ROOT=/opt/sge
LOADEDMODULES=CRC_default/1.1
WORK_QUEUE_SANDBOX=/var/condor/execute/dir_7511/worker-213124-7576
_CONDOR_SLOT=slot2_1
CCLPLATFORM=x86_64/redhat7
USE_SYSTEMD=true
_CONDOR_LOWPORT=9100
KRB5CCNAME=FILE:/tmp/krb5cc_213124_6nLDKQ
HISTCONTROL=ignoreboth:erasedups
PATH_modshare=/opt/crc/usr/local/bin:1:/opt/sge/bin/lx-amd64:1:/usr/sbin:1:/usr/bin:1:/afs/crc.nd.edu/user/c/condor/software/sbin:1:/usr/local/sbin:1:/afs/crc.nd.edu/user/c/condor/software/bin:1:/usr/local/bin:1
SHLVL=7
HOME=disc01.crc.nd.edu
GLOBUS_GSSAPI_NAME_COMPATIBILITY=STRICT_RFC2818
_CONDOR_MACHINE_AD=/var/condor/execute/dir_7511/.machine.ad
OSTYPE=linux
DISK=18251
GREP_OPTIONS=--color=auto
GLOBUS_GSSAPI_MIN_TLS_PROTOCOL=TLS1_VERSION
MEMORY=1948
MANPATH_modshare=/usr/share/man/overrides:1:/usr/local/share/man:1:/usr/share/man:1:/opt/crc/usr/local/man:1:/opt/sge/man:1
VENDOR=unknown
BASH_ENV=/afs/crc.nd.edu/x86_64_linux/Modules/4.5.0/init/bash
PERL_LOCAL_LIB_ROOT=/afs/crc.nd.edu/user/n/nkremerh/.perl5/
PYTHONPATH=/afs/crc.nd.edu/user/n/nkremerh/cctools/lib/python3.6/site-packages/
CCLHOME=/afs/crc.nd.edu/group/ccl
MACHTYPE=x86_64
LOGNAME=nkremerh
TMP=/var/condor/execute/dir_7511/worker-213124-7576/t.1809/cctools-temp-t.1809.bVE55A
LD_LIBRARY_PATH_modshare=/opt/crc/usr/local/lib:1
MODULES_LMALTNAME_modshare=CRC_default/1.1&CRC_default/default&CRC_default:1
SSH_CONNECTION=10.17.150.200 39500 129.74.128.103 22
_CONDOR_ANCESTOR_3314=3669:1598183978:1434769074
MODULESHOME=/afs/crc.nd.edu/x86_64_linux/Modules/4.5.0
OMP_NUM_THREADS=1
LESSOPEN=||/usr/bin/lesspipe.sh %s
GLOBUS_GSSAPI_BACKWARD_COMPATIBLE_MIC=true
GLOBUS_GSSAPI_CIPHERS=HIGH
LOADEDMODULES_modshare=CRC_default/1.1:1
_CONDOR_JOB_AD=/var/condor/execute/dir_7511/.job.ad
SGE_CLUSTER_NAME=CRC
XDG_RUNTIME_DIR=/run/user/213124
CCTOOLS=../cctools
CORES=2
_CONDOR_JOB_IWD=/var/condor/execute/dir_7511
PERL_MM_OPT=INSTALL_BASE=/afs/crc.nd.edu/user/n/nkremerh/.perl5/
GLOBUS_GSSAPI_SERVER_CIPHER_ORDER=true
BASH_FUNC_module()=() {  unset _mlshdbg;
 if [ "${MODULES_SILENT_SHELL_DEBUG:-0}" = '1' ]; then
 case "$-" in 
 *v*x*)
 set +vx;
 _mlshdbg='vx'
 ;;
 *v*)
 set +v;
 _mlshdbg='v'
 ;;
 *x*)
 set +x;
 _mlshdbg='x'
 ;;
 *)
 _mlshdbg=''
 ;;
 esac;
 fi;
 unset _mlre _mlIFS;
 if [ -n "${IFS+x}" ]; then
 _mlIFS=$IFS;
 fi;
 IFS=' ';
 for _mlv in ${MODULES_RUN_QUARANTINE:-};
 do
 if [ "${_mlv}" = "${_mlv##*[!A-Za-z0-9_]}" -a "${_mlv}" = "${_mlv#[0-9]}" ]; then
 if [ -n "`eval 'echo ${'$_mlv'+x}'`" ]; then
 _mlre="${_mlre:-}${_mlv}_modquar='`eval 'echo ${'$_mlv'}'`' ";
 fi;
 _mlrv="MODULES_RUNENV_${_mlv}";
 _mlre="${_mlre:-}${_mlv}='`eval 'echo ${'$_mlrv':-}'`' ";
 fi;
 done;
 if [ -n "${_mlre:-}" ]; then
 eval `eval ${_mlre}/usr/bin/tclsh /afs/crc.nd.edu/x86_64_linux/Modules/4.5.0/libexec/modulecmd.tcl bash '"$@"'`;
 else
 eval `/usr/bin/tclsh /afs/crc.nd.edu/x86_64_linux/Modules/4.5.0/libexec/modulecmd.tcl bash "$@"`;
 fi;
 _mlstatus=$?;
 if [ -n "${_mlIFS+x}" ]; then
 IFS=$_mlIFS;
 else
 unset IFS;
 fi;
 unset _mlre _mlv _mlrv _mlIFS;
 if [ -n "${_mlshdbg:-}" ]; then
 set -$_mlshdbg;
 fi;
 unset _mlshdbg;
 return $_mlstatus
}
BASH_FUNC_ml()=() {  module ml "$@"
}
_=/usr/bin/printenv
