14089   0.000000 libjli.so->getenv("_JAVA_LAUNCHER_DEBUG") = nil
14089   0.001877 libjli.so->getenv("_JAVA_VERSION_SET") = nil
14089   0.000965 libjli.so->fopen("/usr/lib/jvm/java-1.8.0-openjdk-1.8.0.262.b10-0.el7_8.x86_64/jre/lib/amd64/jvm.cfg", "r") = 0x55f2d8f940f0
14089   0.000814 libjli.so->getenv("JDK_ALTERNATE_VM") = nil
14089   0.000307 libjli.so->__xstat(1, "/usr/lib/jvm/java-1.8.0-openjdk-1.8.0.262.b10-0.el7_8.x86_64/jre/lib/amd64/server/libjvm.so", 0x7fff1b6a20c0) = 0
14089   0.000614 libjli.so->getenv("LD_LIBRARY_PATH") = "/afs/crc.nd.edu/group/ccl/software/x86_64/redhat7/ruby/current/lib:/afs/crc.nd.edu/group/ccl/software/x86_64/redhat7/graphviz/current/lib:/afs/crc.nd.edu/group/ccl/software/x86_64/redhat7/git/current/lib:/afs/crc.nd.edu/group/ccl/software/x86_64/redhat7/condor/current/lib:/afs/crc.nd.edu/group/ccl/software/x86_64/redhat7/clang/current/lib:/afs/crc.nd.edu/group/ccl/software/x86_64/redhat7/condor/current/lib:/afs/crc.nd.edu/group/ccl/software/x86_64/redhat7/cctools/current/lib:/opt/crc/usr/local/lib"
14089   0.002291 libjli.so->dlopen("/usr/lib/jvm/java-1.8.0-openjdk-1.8.0.262.b10-0.el7_8.x86_64/jre/lib/amd64/server/libjvm.so", 258 <unfinished ...>
14089   0.038490 libjvm.so->getenv("NMT_LEVEL_14089") = nil
14089   0.001646 <... dlopen resumed> )          = 0x55f2d8f944c0
14089   0.000091 libjli.so->getenv("CLASSPATH")  = nil
14089   0.000315 libjli.so->getenv("_JAVA_SPLASH_JAR") = nil
14089   0.000303 libjli.so->getenv("_JAVA_SPLASH_FILE") = nil
14089   0.000320 libjli.so->pthread_attr_setdetachstate(0x7fff1b6a2070, 0, 0x7fff1b6a2100, 0) = 0
14089   0.000459 libpthread.so.0->__clone(0x2aafc8e5dde0, 0x2aafc8d70fc0, 0x3d0f00, 0x2aafc8d71700) = 0x370f
14095   0.001949 libjvm.so->dlopen(0x2aafca63c9ae, 1, 0xfffffffffff42c48, 4096) = 0x2aafcc000990
14095   0.002445 libjvm.so->getenv(0x2aafca65783e, 0, 115, 0x65737361) = 0x7fff1b6a871c
14095   0.000461 libjvm.so->fopen(0x2aafc8d6fc10, 0x2aafca5f3ccb, 0x6f732e79666972, 0x2aafc9735ab0) = 0x2aafcc001440
14095   0.001397 libjvm.so->dlopen(0x2aafc8d6fc10, 1, 0xffffffff, 0x2aafcc002b00) = 0x2aafcc001440
14095   0.001458 libjvm.so->fopen(0x2aafc8d6fc10, 0x2aafca5f3ccb, 111, 0x732e6176) = 0x2aafcc001b10
14095   0.001552 libjvm.so->dlopen(0x2aafc8d6fc10, 1, 0xffffffff, 0x2aafcc001a00) = 0x2aafcc001b10
14095   0.001669 libjvm.so->__xstat(1, 0x2aafc8d70360, 0x2aafc8d70ba0, 0x746f7073746f682e) = -1
14095   0.000473 libjvm.so->getenv(0x2aafca5ec541, 0x2aafc8d706d0, 1024, 0x2aafcaaa661b) = 0
14095   0.000507 libjvm.so->getenv(0x2aafca5ec533, 0x2aafc8d706d0, 1024, 0) = 0
14095   0.000460 libjvm.so->fopen(0x2aafca63c315, 0x2aafca5f3ccb, 4095, 0xffffd55035a13b03) = 0x2aafcc0032b0
14095   0.001102 libjvm.so->fopen(0x2aafca63c361, 0x2aafca5f3ccb, 0x2aafcc000078, 0x2aafcc0032a0) = 0x2aafcc0032b0
14095   0.000681 libjvm.so->fopen(0x2aafc8d6a9b0, 0x2aafca5f3ccb, 4014, 3995) = 0x2aafcc0032b0
14095   0.000617 libjvm.so->opendir(0x2aafcc002b40, 0x2aafcc002b40, 13, 16) = 0
14095   0.000444 libjvm.so->__xstat(1, 0x2aafc8d6f8f0, 0x2aafc8d6e860, 0x6f732e7477616d62) = -1
14095   0.000451 libjvm.so->__xstat(1, 0x2aafc8d6f8f0, 0x2aafc8d6e860, 0x5f74776162696c2f) = 0
14095   0.000469 libjvm.so->fopen(0x2aafc8d6eb90, 0x2aafca5f3ccb, 4009, 3994) = 0x2aafcc003790
14095   0.000601 libjvm.so->fopen(0x2aafc8d6eb90, 0x2aafca5f3ccb, 4009, 3994) = 0x2aafcc003790
14095   0.000578 libjvm.so->fopen(0x2aafc8d6eb90, 0x2aafca5f3ccb, 4009, 4002) = 0x2aafcc003790
14095   0.000631 libjvm.so->fopen(0x2aafc8d6eb20, 0x2aafca5f3ccb, 4009, 3994) = 0x2aafcc003790
14095   0.000577 libjvm.so->fopen(0x2aafc8d6eb20, 0x2aafca5f3ccb, 4009, 3994) = 0x2aafcc003790
14095   0.000594 libjvm.so->fopen(0x2aafc8d6eb20, 0x2aafca5f3ccb, 4009, 4002) = 0x2aafcc003790
14095   0.000600 libjvm.so->fopen(0x2aafc8d6eb50, 0x2aafca5f3ccb, 4014, 3995) = 0x2aafcc003790
14095   0.000769 libjvm.so->getenv(0x2aafca63d0ff, 4096, 3, -1) = 0
14095   0.000884 libjvm.so->fopen(0x2aafca63c998, 0x2aafca5f3ccb, 0x2aafc8e54908, 0x2aafc8e53df0) = 0x2aafcc003790
14095   0.004615 libjvm.so->open(0x2aafcc04a580, 0x20000, 0, 0x2aafcc04a5c9) = 3
14095   0.000465 libjvm.so->__fxstat(1, 3, 0x2aafc8d70a00, -1) = 0
14095   0.000481 libjvm.so->opendir(0x2aafcc04a580, 0x2aafc8d70a00, 0x4000, -1) = 0x2aafcc04b490
14095   0.000457 libjvm.so->__fxstat(1, 3, 0x2aafc8d708a0, 0x2aafcc04b490) = 0
14095   0.000428 libjvm.so->__fxstat(1, 5, 0x2aafc8d70930, -1) = 0
14095   0.000443 libjvm.so->open(0x2aafca60a9dc, 0, 0, 0) = 3
14095   0.000647 libjvm.so->__lxstat(1, 0x2aafcc04a580, 0x2aafc8d70b50, -144) = 0
14095   0.000443 libjvm.so->open(0x2aafcc04a580, 0x20000, 0x4000, -1) = 3
14095   0.000435 libjvm.so->__fxstat(1, 3, 0x2aafc8d70a00, -1) = 0
14095   0.000439 libjvm.so->opendir(0x2aafcc04a580, 0x2aafc8d70a00, 0x4000, -1) = 0x2aafcc04b490
14095   0.000429 libjvm.so->__fxstat(1, 3, 0x2aafc8d708a0, 0x2aafcc04b490) = 0
14095   0.000415 libjvm.so->__fxstat(1, 5, 0x2aafc8d70930, -1) = 0
14095   0.000439 libjvm.so->open(0x2aafca60a9dc, 0, 0, 0) = 3
14095   0.000452 libjvm.so->open(0x2aafcc04a5c9, 0x20042, 384, -1) = 7
14095   0.000594 libjvm.so->__fxstat(1, 7, 0x2aafc8d70b50, -1) = 0
14095   0.001634 libjvm.so->fopen(0x2aafc8d6fb60, 0x2aafca5f3ccb, 4, 0x6f732e70) = 0x2aafcc057be0
14095   0.001444 libjvm.so->dlopen(0x2aafc8d6fb60, 1, 0xffffffff, 0x2aafcc057b00) = 0x2aafcc057be0
14095   0.001403 libjvm.so->__xstat(1, 0x2aafc8d70120, 0x2aafc8d70950, 2048) = 0
14095   0.000430 libjvm.so->__xstat(1, 0x2aafc8d70120, 0x2aafc8d70950, 2048) = 0
14095   0.000454 libjvm.so->__xstat(1, 0x2aafc8d70120, 0x2aafc8d70950, 2048) = -1
14095   0.000429 libjvm.so->__xstat(1, 0x2aafc8d70120, 0x2aafc8d70950, 2048) = 0
14095   0.000458 libjvm.so->__xstat(1, 0x2aafc8d70120, 0x2aafc8d70950, 2048) = 0
14095   0.000416 libjvm.so->__xstat(1, 0x2aafc8d70120, 0x2aafc8d70950, 2048) = 0
14095   0.000427 libjvm.so->__xstat(1, 0x2aafc8d70120, 0x2aafc8d70950, 2048) = 0
14095   0.000416 libjvm.so->__xstat(1, 0x2aafc8d70120, 0x2aafc8d70950, 2048) = -1
14095   0.000426 libjvm.so->fopen(0x2aafcc002520, 0x2aafca5f3ccb, 0, 0) = 0x2aafcc058a80
14095   0.008501 libjvm.so->open64(0x2aafc8d6f410, 0, 0, 16) = 3
14095   0.000469 libjvm.so->__fxstat64(1, 3, 0x2aafc8d6f240, -1) = 0
14095   0.035617 libjvm.so->__xstat(1, 0x2aafc8d6ff20, 0x2aafc8d70750, 2048) = -1
14095   0.000575 libjvm.so->fopen(0x2aafc8d6eb20, 0x2aafca5f3ccb, 4009, 3994) = 0x2aafcc0b5ec0
14095   0.000709 libjvm.so->fopen(0x2aafc8d6eb20, 0x2aafca5f3ccb, 4009, 3994) = 0x2aafcc0b5ec0
14095   0.000687 libjvm.so->fopen(0x2aafc8d6eb20, 0x2aafca5f3ccb, 4009, 4002) = 0x2aafcc0b5ec0
14095   0.004150 libjvm.so->pthread_attr_setdetachstate(0x2aafc8d70c00, 1, 0, 0) = 0
14095   0.000505 libpthread.so.0->__clone(0x2aafc8e5dde0, 0x2aafe1719fc0, 0x3d0f00, 0x2aafe171a700) = 0x3710
14095   0.015890 libjvm.so->pthread_attr_setdetachstate(0x2aafc8d70290, 1, 0, 0) = 0
14095   0.000674 libpthread.so.0->__clone(0x2aafc8e5dde0, 0x2aafe181afc0, 0x3d0f00, 0x2aafe181b700) = 0x3711
14095   0.006919 libjvm.so->pthread_attr_setdetachstate(0x2aafc8d70610, 1, 0, 0) = 0
14095   0.000833 libpthread.so.0->__clone(0x2aafc8e5dde0, 0x2aafe191bfc0, 0x3d0f00, 0x2aafe191c700) = 0x3712
14095   0.039538 libjvm.so->fopen(0x2aafcc0ec390, 0x2aafca5f3ccb, 4, 0x6f732e70) = 0x2aafcc0f1cd0
14095   0.002035 libjvm.so->dlopen(0x2aafcc0ec390, 1, 0xffffffff, 0x2aafcc0ec200) = 0x2aafcc057be0
14095   0.005022 libjvm.so->open64(0x2aafc8d6f510, 0, 0, 16) = 5
14095   0.000934 libjvm.so->__fxstat64(1, 5, 0x2aafc8d6f340, -1) = 0
14095   0.019456 libjvm.so->fopen(0x2aafc8d6c130, 0x2aafca5f3ccb, 4009, 3994) = 0x2aafcc0fcc60
14095   0.001186 libjvm.so->fopen(0x2aafc8d6c130, 0x2aafca5f3ccb, 4009, 3994) = 0x2aafcc0fcc60
14095   0.001078 libjvm.so->fopen(0x2aafc8d6c130, 0x2aafca5f3ccb, 4009, 4002) = 0x2aafcc0fcc60
14095   0.015254 libjvm.so->pthread_attr_setdetachstate(0x2aafc8d70b50, 1, 0, 0) = 0
14095   0.000935 libpthread.so.0->__clone(0x2aafc8e5dde0, 0x2aafe1a1cfc0, 0x3d0f00, 0x2aafe1a1d700) = 0x3713
14095   0.001512 libjvm.so->__xstat64(1, 0x2aafc8d70be0, 0x2aafc8d70b50, 19) = -1
14095   0.001168 libjvm.so->pthread_attr_setdetachstate(0x2aafc8d70950, 1, 0, 0) = 0
14095   0.001148 libpthread.so.0->__clone(0x2aafc8e5dde0, 0x2aafe1b1dfc0, 0x3d0f00, 0x2aafe1b1e700) = 0x3714
14095   0.001863 libjvm.so->pthread_attr_setdetachstate(0x2aafc8d70950, 1, 0, 0) = 0
14095   0.001259 libpthread.so.0->__clone(0x2aafc8e5dde0, 0x2aafe1c1efc0, 0x3d0f00, 0x2aafe1c1f700) = 0x3715
14095   0.007304 libjvm.so->pthread_attr_setdetachstate(0x2aafc8d70aa0, 1, 0, 0) = 0
14095   0.001878 libpthread.so.0->__clone(0x2aafc8e5dde0, 0x2aafe1d1ffc0, 0x3d0f00, 0x2aafe1d20700) = 0x3717
14095   0.002142 libjvm.so->pthread_attr_setdetachstate(0x2aafc8d70bb0, 1, 0, 0) = 0
14095   0.001554 libpthread.so.0->__clone(0x2aafc8e5dde0, 0x2aafe1e20fc0, 0x3d0f00, 0x2aafe1e21700) = 0x3718
14095   0.014190 libjvm.so->open64(0x2aafcc128880, 0, 0, 0) = 7
14095   0.001739 libjvm.so->__fxstat64(1, 7, 0x2aafc8d6df60, -1) = 0
14095   0.025687 libjvm.so->fopen(0x2aafcc154730, 0x2aafca5f3ccb, 4, 0x6f732e6f) = 0x2aafcc1547f0
14095   0.003174 libjvm.so->dlopen(0x2aafcc154730, 1, 0xffffffff, 0x2aafcc154700) = 0x2aafcc1547f0
14095   0.129058 libjvm.so->fopen(0x2aafcc1924c0, 0x2aafca5f3ccb, 4, 0x6f732e74) = 0x2aafcc195770
14095   0.003141 libjvm.so->dlopen(0x2aafcc1924c0, 1, 0xffffffff, 0x2aafcc195700) = 0x2aafcc19fb20
14095   0.134915 libjvm.so->fopen(0x2aafcc218b60, 0x2aafca5f3ccb, 0x6f732e7373656c, 0x656c646165685f74) = 0x2aafcc218c40
14095   0.002930 libjvm.so->dlopen(0x2aafcc218b60, 1, 0xffffffff, 0x2aafcc218b00) = 0x2aafcc218c40
14095   0.020940 libjvm.so->fopen(0x2aafc8d69990, 0x2aafca5f3ccb, 0x6f732e, 0x6d766a62696c2f72) = 0x2aafcc222ac0
14095   0.006792 libjvm.so->dlopen(0x2aafc8d69990, 1, 0xffffffff, 0x2aafcc222000) = 0x55f2d8f944c0
14095   0.001666 libjvm.so->fopen(0x2aafc8d69990, 0x2aafca5f3ccb, 0x6f732e, 0x6d766a62696c2f72) = 0x2aafcc222a60
14095   0.004785 libjvm.so->dlopen(0x2aafc8d69990, 1, 0xffffffff, 0x2aafcc222000) = 0x55f2d8f944c0
14095   0.001668 libjvm.so->fopen(0x2aafc8d69990, 0x2aafca5f3ccb, 0x6f732e, 0x6d766a62696c2f72) = 0x2aafcc222a60
14095   0.003394 libjvm.so->dlopen(0x2aafc8d69990, 1, 0xffffffff, 0x2aafcc222000) = 0x55f2d8f944c0
14095   0.001711 libjvm.so->fopen(0x2aafc8d69990, 0x2aafca5f3ccb, 0x6f732e, 0x6d766a62696c2f72) = 0x2aafcc222a60
14095   0.003335 libjvm.so->dlopen(0x2aafc8d69990, 1, 0xffffffff, 0x2aafcc222000) = 0x55f2d8f944c0
14104  12.125652 +++ exited (status 0) +++
14099   0.000311 +++ exited (status 0) +++
14096   0.001005 +++ exited (status 0) +++
14095   0.000188 +++ exited (status 0) +++
14101   0.000331 +++ exited (status 0) +++
14103   0.000047 +++ exited (status 0) +++
14098   0.000014 +++ exited (status 0) +++
14097   0.000011 +++ exited (status 0) +++
14100   0.029420 +++ exited (status 0) +++
14089   0.000094 +++ exited (status 0) +++
Wrote an ltrace for command: "java -cp ./tools/maxent.jar density.MaxEnt -s outputs/Brachycerus_discolor_Gyllenhal.csv -e data/layers/worldclim -o outputs/Brachycerus_discolor_Gyllenhal nowarnings nocache autorun -z" with PID 14086 from PPID 14068 on disc20.crc.nd.edu with result 0
REMOTEHOST=10.17.150.200
MANPATH=/afs/crc.nd.edu/user/n/nkremerh/cctools/share/man/:/afs/crc.nd.edu/group/ccl/software/x86_64/redhat7/ruby/current/share/man:/afs/crc.nd.edu/group/ccl/software/x86_64/redhat7/graphviz/current/share/man:/afs/crc.nd.edu/group/ccl/software/x86_64/redhat7/gnuplot/current/share/man:/afs/crc.nd.edu/group/ccl/software/x86_64/redhat7/git/current/share/man:/afs/crc.nd.edu/group/ccl/software/x86_64/redhat7/condor/current/share/man:/afs/crc.nd.edu/group/ccl/software/x86_64/redhat7/clang/current/share/man:/afs/crc.nd.edu/group/ccl/software/x86_64/redhat7/condor/current/share/man:/afs/crc.nd.edu/group/ccl/software/x86_64/redhat7/cctools/current/share/man:/afs/crc.nd.edu/group/ccl/software/x86_64/redhat7/cctools/current/share/man:/afs/crc.nd.edu/x86_64_linux/Modules/4.5.0/share/man:/opt/crc/usr/local/man:/opt/sge/man:/usr/share/man/overrides:/usr/share/man:/usr/local/share/man
_CONDOR_JOB_PIDS=
XDG_SESSION_ID=5195
HOSTNAME=disc01.crc.nd.edu
_LMFILES__modshare=/afs/crc.nd.edu/x86_64_linux/Modules/modules/system_modules/CRC_default/1.1:1
MODULEPATH_modshare=/afs/crc.nd.edu/x86_64_linux/Modules/modules/general_software:1:/afs/crc.nd.edu/x86_64_linux/Modules/modules/development_tools_and_libraries:1:/afs/crc.nd.edu/x86_64_linux/Modules/modules/system_modules:1:/afs/crc.nd.edu/x86_64_linux/Modules/current/modulefiles:1:/afs/crc.nd.edu/x86_64_linux/Modules/modules/restricted_software:1:/afs/crc.nd.edu/x86_64_linux/Modules/modules/deprecated_software:1
_CONDOR_ANCESTOR_3560=6167:1600703217:3669882799
TERM=xterm-256color
SHELL=/bin/tcsh
HOST=disc01.crc.nd.edu
MODULES_CMD=/afs/crc.nd.edu/x86_64_linux/Modules/4.5.0/libexec/modulecmd.tcl
HISTSIZE=5000
MAKEFLAGS=
SSH_CLIENT=10.17.150.200 39500 22
TMPDIR=/var/condor/execute/dir_6167/worker-213124-6262/t.979/cctools-temp-t.979.eT9JVl
PERL5LIB=/afs/crc.nd.edu/user/n/nkremerh/cctools/lib/perl5/site_perl/5.16.3:/afs/crc.nd.edu/user/n/nkremerh/.perl5/lib/perl5
SGE_CELL=crc
_CONDOR_SCRATCH_DIR=/var/condor/execute/dir_6167
_CONDOR_ANCESTOR_3197=3560:1598183979:2962516177
PERL_MB_OPT=--install_base '/afs/crc.nd.edu/user/n/nkremerh/.perl5/'
SSH_TTY=/dev/pts/0
SGE_LOAD_AVG=load_avg
MAKEFLOW_MAX_LOCAL_JOBS=2
GROUP=campus
USER=nkremerh
_CHIRP_DELAYED_UPDATE_PREFIX=Chirp*
HISTFILESIZE=10000
TEMP=/var/condor/execute/dir_6167/worker-213124-6262/t.979/cctools-temp-t.979.eT9JVl
LD_LIBRARY_PATH=/afs/crc.nd.edu/group/ccl/software/x86_64/redhat7/ruby/current/lib:/afs/crc.nd.edu/group/ccl/software/x86_64/redhat7/graphviz/current/lib:/afs/crc.nd.edu/group/ccl/software/x86_64/redhat7/git/current/lib:/afs/crc.nd.edu/group/ccl/software/x86_64/redhat7/condor/current/lib:/afs/crc.nd.edu/group/ccl/software/x86_64/redhat7/clang/current/lib:/afs/crc.nd.edu/group/ccl/software/x86_64/redhat7/condor/current/lib:/afs/crc.nd.edu/group/ccl/software/x86_64/redhat7/cctools/current/lib:/opt/crc/usr/local/lib
BATCH_SYSTEM=HTCondor
MODULES_LMALTNAME=CRC_default/1.1&CRC_default/default&CRC_default
ENV=/afs/crc.nd.edu/x86_64_linux/Modules/4.5.0/init/profile.sh
WORKER_TMPDIR=/var/condor/execute/dir_6167/worker-213124-6262/cache/tmp
HOSTTYPE=x86_64-linux
_CONDOR_HIGHPORT=9999
GLOBUS_GSSAPI_MAX_TLS_PROTOCOL=0
_CONDOR_CHIRP_CONFIG=/var/condor/execute/dir_6167/.chirp.config
MAKELEVEL=1
MFLAGS=
MAIL=/var/spool/mail/nkremerh
PATH=/afs/crc.nd.edu/user/n/nkremerh/cctools/bin:/afs/crc.nd.edu/user/n/nkremerh/miniconda/bin:/afs/crc.nd.edu/group/ccl/software/git:/afs/crc.nd.edu/user/n/nkremerh/.local/bin:/afs/crc.nd.edu/group/ccl/software/x86_64/redhat7/povray/3.7/bin:/afs/crc.nd.edu/user/n/nkremerh/.perl5/bin:/afs/crc.nd.edu/user/n/nkremerh/pegasus/bin:/afs/crc.nd.edu/user/n/nkremerh/nodejs/bin:/afs/crc.nd.edu/user/n/nkremerh/montage/bin:/afs/crc.nd.edu/user/n/nkremerh/latexdiff:/afs/crc.nd.edu/user/n/nkremerh/envtrace:/afs/crc.nd.edu/user/n/nkremerh/endlines:/afs/crc.nd.edu/user/n/nkremerh/cctools/bin:/afs/crc.nd.edu/user/n/nkremerh/.cargo/bin:/afs/crc.nd.edu/group/ccl/software/x86_64/redhat7/ruby/current/bin:/afs/crc.nd.edu/group/ccl/software/x86_64/redhat7/graphviz/current/bin:/afs/crc.nd.edu/group/ccl/software/x86_64/redhat7/gnuplot/current/bin:/afs/crc.nd.edu/group/ccl/software/x86_64/redhat7/git/current/bin:/afs/crc.nd.edu/group/ccl/software/x86_64/redhat7/condor/current/sbin:/afs/crc.nd.edu/group/ccl/software/x86_64/redhat7/condor/current/bin:/afs/crc.nd.edu/group/ccl/software/x86_64/redhat7/cmake/current/bin:/afs/crc.nd.edu/group/ccl/software/x86_64/redhat7/clang/current/bin:/afs/crc.nd.edu/group/ccl/software/x86_64/redhat7/condor/current/sbin:/afs/crc.nd.edu/group/ccl/software/x86_64/redhat7/condor/current/bin:/afs/crc.nd.edu/group/ccl/software/x86_64/redhat7/cctools/current/bin:/afs/crc.nd.edu/x86_64_linux/Modules/4.5.0/bin:/opt/crc/usr/local/bin:/opt/sge/bin/lx-amd64:/usr/local/bin:/usr/bin:/usr/local/sbin:/usr/sbin:/afs/crc.nd.edu/user/c/condor/software/bin:/afs/crc.nd.edu/user/c/condor/software/sbin
CCLSOFTWARE=/afs/crc.nd.edu/group/ccl/software/x86_64/redhat7
PWD=/var/condor/execute/dir_6167/worker-213124-6262/t.979
_LMFILES_=/afs/crc.nd.edu/x86_64_linux/Modules/modules/system_modules/CRC_default/1.1
EDITOR=vim
SGE_EXECD_PORT=6445
LANG=en_US.UTF-8
SGE_QMASTER_PORT=6444
MODULEPATH=/afs/crc.nd.edu/x86_64_linux/Modules/modules/development_tools_and_libraries:/afs/crc.nd.edu/x86_64_linux/Modules/modules/general_software:/afs/crc.nd.edu/x86_64_linux/Modules/modules/restricted_software:/afs/crc.nd.edu/x86_64_linux/Modules/modules/system_modules:/afs/crc.nd.edu/x86_64_linux/Modules/modules/deprecated_software:/afs/crc.nd.edu/x86_64_linux/Modules/current/modulefiles
LOADEDMODULES=CRC_default/1.1
SGE_ROOT=/opt/sge
CCLPLATFORM=x86_64/redhat7
_CONDOR_SLOT=slot2_2
WORK_QUEUE_SANDBOX=/var/condor/execute/dir_6167/worker-213124-6262
USE_SYSTEMD=true
_CONDOR_LOWPORT=9100
HISTCONTROL=ignoreboth:erasedups
KRB5CCNAME=FILE:/tmp/krb5cc_213124_6nLDKQ
GLOBUS_GSSAPI_NAME_COMPATIBILITY=STRICT_RFC2818
HOME=disc01.crc.nd.edu
SHLVL=6
PATH_modshare=/opt/crc/usr/local/bin:1:/opt/sge/bin/lx-amd64:1:/usr/sbin:1:/usr/bin:1:/afs/crc.nd.edu/user/c/condor/software/sbin:1:/usr/local/sbin:1:/afs/crc.nd.edu/user/c/condor/software/bin:1:/usr/local/bin:1
OSTYPE=linux
_CONDOR_MACHINE_AD=/var/condor/execute/dir_6167/.machine.ad
GREP_OPTIONS=--color=auto
DISK=18235
GLOBUS_GSSAPI_MIN_TLS_PROTOCOL=TLS1_VERSION
MANPATH_modshare=/usr/share/man/overrides:1:/usr/local/share/man:1:/usr/share/man:1:/opt/crc/usr/local/man:1:/opt/sge/man:1
_CONDOR_ANCESTOR_6167=6231:1600703219:3527723001
MEMORY=1948
PERL_LOCAL_LIB_ROOT=/afs/crc.nd.edu/user/n/nkremerh/.perl5/
BASH_ENV=/afs/crc.nd.edu/x86_64_linux/Modules/4.5.0/init/bash
VENDOR=unknown
TMP=/var/condor/execute/dir_6167/worker-213124-6262/t.979/cctools-temp-t.979.eT9JVl
LOGNAME=nkremerh
MACHTYPE=x86_64
CCLHOME=/afs/crc.nd.edu/group/ccl
PYTHONPATH=/afs/crc.nd.edu/user/n/nkremerh/cctools/lib/python3.6/site-packages/
LD_LIBRARY_PATH_modshare=/opt/crc/usr/local/lib:1
SSH_CONNECTION=10.17.150.200 39500 129.74.128.103 22
MODULES_LMALTNAME_modshare=CRC_default/1.1&CRC_default/default&CRC_default:1
MODULESHOME=/afs/crc.nd.edu/x86_64_linux/Modules/4.5.0
GLOBUS_GSSAPI_CIPHERS=HIGH
GLOBUS_GSSAPI_BACKWARD_COMPATIBLE_MIC=true
LESSOPEN=||/usr/bin/lesspipe.sh %s
OMP_NUM_THREADS=1
_CONDOR_JOB_AD=/var/condor/execute/dir_6167/.job.ad
LOADEDMODULES_modshare=CRC_default/1.1:1
XDG_RUNTIME_DIR=/run/user/213124
SGE_CLUSTER_NAME=CRC
CCTOOLS=../cctools
CORES=2
_CONDOR_JOB_IWD=/var/condor/execute/dir_6167
PERL_MM_OPT=INSTALL_BASE=/afs/crc.nd.edu/user/n/nkremerh/.perl5/
GLOBUS_GSSAPI_SERVER_CIPHER_ORDER=true
BASH_FUNC_module()=() {  unset _mlshdbg;
 if [ "${MODULES_SILENT_SHELL_DEBUG:-0}" = '1' ]; then
 case "$-" in 
 *v*x*)
 set +vx;
 _mlshdbg='vx'
 ;;
 *v*)
 set +v;
 _mlshdbg='v'
 ;;
 *x*)
 set +x;
 _mlshdbg='x'
 ;;
 *)
 _mlshdbg=''
 ;;
 esac;
 fi;
 unset _mlre _mlIFS;
 if [ -n "${IFS+x}" ]; then
 _mlIFS=$IFS;
 fi;
 IFS=' ';
 for _mlv in ${MODULES_RUN_QUARANTINE:-};
 do
 if [ "${_mlv}" = "${_mlv##*[!A-Za-z0-9_]}" -a "${_mlv}" = "${_mlv#[0-9]}" ]; then
 if [ -n "`eval 'echo ${'$_mlv'+x}'`" ]; then
 _mlre="${_mlre:-}${_mlv}_modquar='`eval 'echo ${'$_mlv'}'`' ";
 fi;
 _mlrv="MODULES_RUNENV_${_mlv}";
 _mlre="${_mlre:-}${_mlv}='`eval 'echo ${'$_mlrv':-}'`' ";
 fi;
 done;
 if [ -n "${_mlre:-}" ]; then
 eval `eval ${_mlre}/usr/bin/tclsh /afs/crc.nd.edu/x86_64_linux/Modules/4.5.0/libexec/modulecmd.tcl bash '"$@"'`;
 else
 eval `/usr/bin/tclsh /afs/crc.nd.edu/x86_64_linux/Modules/4.5.0/libexec/modulecmd.tcl bash "$@"`;
 fi;
 _mlstatus=$?;
 if [ -n "${_mlIFS+x}" ]; then
 IFS=$_mlIFS;
 else
 unset IFS;
 fi;
 unset _mlre _mlv _mlrv _mlIFS;
 if [ -n "${_mlshdbg:-}" ]; then
 set -$_mlshdbg;
 fi;
 unset _mlshdbg;
 return $_mlstatus
}
BASH_FUNC_ml()=() {  module ml "$@"
}
_=/usr/bin/printenv
