13269   0.000000 libjli.so->getenv("_JAVA_LAUNCHER_DEBUG") = nil
13269   0.001901 libjli.so->getenv("_JAVA_VERSION_SET") = nil
13269   0.000851 libjli.so->fopen("/usr/lib/jvm/java-1.8.0-openjdk-1.8.0.262.b10-0.el7_8.x86_64/jre/lib/amd64/jvm.cfg", "r") = 0x55ffdfdfa0f0
13269   0.000936 libjli.so->getenv("JDK_ALTERNATE_VM") = nil
13269   0.000349 libjli.so->__xstat(1, "/usr/lib/jvm/java-1.8.0-openjdk-1.8.0.262.b10-0.el7_8.x86_64/jre/lib/amd64/server/libjvm.so", 0x7ffdd78c9c10) = 0
13269   0.000618 libjli.so->getenv("LD_LIBRARY_PATH") = "/afs/crc.nd.edu/group/ccl/software/x86_64/redhat7/ruby/current/lib:/afs/crc.nd.edu/group/ccl/software/x86_64/redhat7/graphviz/current/lib:/afs/crc.nd.edu/group/ccl/software/x86_64/redhat7/git/current/lib:/afs/crc.nd.edu/group/ccl/software/x86_64/redhat7/condor/current/lib:/afs/crc.nd.edu/group/ccl/software/x86_64/redhat7/clang/current/lib:/afs/crc.nd.edu/group/ccl/software/x86_64/redhat7/condor/current/lib:/afs/crc.nd.edu/group/ccl/software/x86_64/redhat7/cctools/current/lib:/opt/crc/usr/local/lib"
13269   0.002222 libjli.so->dlopen("/usr/lib/jvm/java-1.8.0-openjdk-1.8.0.262.b10-0.el7_8.x86_64/jre/lib/amd64/server/libjvm.so", 258 <unfinished ...>
13269   0.039521 libjvm.so->getenv("NMT_LEVEL_13269") = nil
13269   0.001723 <... dlopen resumed> )          = 0x55ffdfdfa4c0
13269   0.000074 libjli.so->getenv("CLASSPATH")  = nil
13269   0.000339 libjli.so->getenv("_JAVA_SPLASH_JAR") = nil
13269   0.000375 libjli.so->getenv("_JAVA_SPLASH_FILE") = nil
13269   0.000391 libjli.so->pthread_attr_setdetachstate(0x7ffdd78c9bc0, 0, 0x7ffdd78c9c50, 0) = 0
13269   0.000500 libpthread.so.0->__clone(0x2b502f9f8de0, 0x2b502f90bfc0, 0x3d0f00, 0x2b502f90c700) = 0x33d6
13270   0.002027 libjvm.so->dlopen(0x2b50311d79ae, 1, 0xfffffffffff42c48, 4096) = 0x2b5034000990
13270   0.003160 libjvm.so->getenv(0x2b50311f283e, 0, 115, 0x65737361) = 0x7ffdd78cf6eb
13270   0.000457 libjvm.so->fopen(0x2b502f90ac10, 0x2b503118eccb, 0x6f732e79666972, 0x2b50302d0ab0) = 0x2b5034001440
13270   0.001481 libjvm.so->dlopen(0x2b502f90ac10, 1, 0xffffffff, 0x2b5034002b00) = 0x2b5034001440
13270   0.001832 libjvm.so->fopen(0x2b502f90ac10, 0x2b503118eccb, 111, 0x732e6176) = 0x2b5034001b10
13270   0.002443 libjvm.so->dlopen(0x2b502f90ac10, 1, 0xffffffff, 0x2b5034001a00) = 0x2b5034001b10
13270   0.001915 libjvm.so->__xstat(1, 0x2b502f90b360, 0x2b502f90bba0, 0x746f7073746f682e) = -1
13270   0.000628 libjvm.so->getenv(0x2b5031187541, 0x2b502f90b6d0, 1024, 0x2b503164161b) = 0
13270   0.000554 libjvm.so->getenv(0x2b5031187533, 0x2b502f90b6d0, 1024, 0) = 0
13270   0.000487 libjvm.so->fopen(0x2b50311d7315, 0x2b503118eccb, 4095, 0xffffd4afcee78b03) = 0x2b50340032b0
13270   0.001478 libjvm.so->fopen(0x2b50311d7361, 0x2b503118eccb, 0x2b5034000078, 0x2b50340032a0) = 0x2b50340032b0
13270   0.000898 libjvm.so->fopen(0x2b502f9059b0, 0x2b503118eccb, 4014, 3995) = 0x2b50340032b0
13270   0.000835 libjvm.so->opendir(0x2b5034002b40, 0x2b5034002b40, 13, 16) = 0
13270   0.000466 libjvm.so->__xstat(1, 0x2b502f90a8f0, 0x2b502f909860, 0x6f732e7477616d62) = -1
13270   0.000926 libjvm.so->__xstat(1, 0x2b502f90a8f0, 0x2b502f909860, 0x5f74776162696c2f) = 0
13270   0.000513 libjvm.so->fopen(0x2b502f909b90, 0x2b503118eccb, 4009, 3994) = 0x2b5034003790
13270   0.000749 libjvm.so->fopen(0x2b502f909b90, 0x2b503118eccb, 4009, 3994) = 0x2b5034003790
13270   0.000706 libjvm.so->fopen(0x2b502f909b90, 0x2b503118eccb, 4009, 4002) = 0x2b5034003790
13270   0.000808 libjvm.so->fopen(0x2b502f909b20, 0x2b503118eccb, 4009, 3994) = 0x2b5034003790
13270   0.000788 libjvm.so->fopen(0x2b502f909b20, 0x2b503118eccb, 4009, 3994) = 0x2b5034003790
13270   0.000695 libjvm.so->fopen(0x2b502f909b20, 0x2b503118eccb, 4009, 4002) = 0x2b5034003790
13270   0.000631 libjvm.so->fopen(0x2b502f909b50, 0x2b503118eccb, 4014, 3995) = 0x2b5034003790
13270   0.000947 libjvm.so->getenv(0x2b50311d80ff, 4096, 3, -1) = 0
13270   0.001395 libjvm.so->fopen(0x2b50311d7998, 0x2b503118eccb, 0x2b502f9ef908, 0x2b502f9eedf0) = 0x2b5034003790
13270   0.005840 libjvm.so->open(0x2b503404a580, 0x20000, 0, 0x2b503404a5c9) = 3
13270   0.000546 libjvm.so->__fxstat(1, 3, 0x2b502f90ba00, -1) = 0
13270   0.000546 libjvm.so->opendir(0x2b503404a580, 0x2b502f90ba00, 0x4000, -1) = 0x2b503404b490
13270   0.000485 libjvm.so->__fxstat(1, 3, 0x2b502f90b8a0, 0x2b503404b490) = 0
13270   0.000428 libjvm.so->__fxstat(1, 5, 0x2b502f90b930, -1) = 0
13270   0.000483 libjvm.so->open(0x2b50311a59dc, 0, 0, 0) = 3
13270   0.000798 libjvm.so->__lxstat(1, 0x2b503404a580, 0x2b502f90bb50, -144) = 0
13270   0.000515 libjvm.so->open(0x2b503404a580, 0x20000, 0x4000, -1) = 3
13270   0.000468 libjvm.so->__fxstat(1, 3, 0x2b502f90ba00, -1) = 0
13270   0.000456 libjvm.so->opendir(0x2b503404a580, 0x2b502f90ba00, 0x4000, -1) = 0x2b503404b490
13270   0.000483 libjvm.so->__fxstat(1, 3, 0x2b502f90b8a0, 0x2b503404b490) = 0
13270   0.000486 libjvm.so->__fxstat(1, 5, 0x2b502f90b930, -1) = 0
13270   0.000480 libjvm.so->open(0x2b50311a59dc, 0, 0, 0) = 3
13270   0.000467 libjvm.so->open(0x2b503404a5c9, 0x20042, 384, -1) = 7
13270   0.000637 libjvm.so->__fxstat(1, 7, 0x2b502f90bb50, -1) = 0
13270   0.002380 libjvm.so->fopen(0x2b502f90ab60, 0x2b503118eccb, 4, 0x6f732e70) = 0x2b5034057be0
13270   0.002123 libjvm.so->dlopen(0x2b502f90ab60, 1, 0xffffffff, 0x2b5034057b00) = 0x2b5034057be0
13270   0.001812 libjvm.so->__xstat(1, 0x2b502f90b120, 0x2b502f90b950, 2048) = 0
13270   0.000468 libjvm.so->__xstat(1, 0x2b502f90b120, 0x2b502f90b950, 2048) = 0
13270   0.000449 libjvm.so->__xstat(1, 0x2b502f90b120, 0x2b502f90b950, 2048) = -1
13270   0.000520 libjvm.so->__xstat(1, 0x2b502f90b120, 0x2b502f90b950, 2048) = 0
13270   0.000490 libjvm.so->__xstat(1, 0x2b502f90b120, 0x2b502f90b950, 2048) = 0
13270   0.000461 libjvm.so->__xstat(1, 0x2b502f90b120, 0x2b502f90b950, 2048) = 0
13270   0.000511 libjvm.so->__xstat(1, 0x2b502f90b120, 0x2b502f90b950, 2048) = 0
13270   0.000442 libjvm.so->__xstat(1, 0x2b502f90b120, 0x2b502f90b950, 2048) = -1
13270   0.000458 libjvm.so->fopen(0x2b5034002520, 0x2b503118eccb, 0, 0) = 0x2b5034058a80
13270   0.010875 libjvm.so->open64(0x2b502f90a410, 0, 0, 16) = 3
13270   0.000579 libjvm.so->__fxstat64(1, 3, 0x2b502f90a240, -1) = 0
13270   0.035801 libjvm.so->__xstat(1, 0x2b502f90af20, 0x2b502f90b750, 2048) = -1
13270   0.000558 libjvm.so->fopen(0x2b502f909b20, 0x2b503118eccb, 4009, 3994) = 0x2b50340b5ec0
13270   0.000661 libjvm.so->fopen(0x2b502f909b20, 0x2b503118eccb, 4009, 3994) = 0x2b50340b5ec0
13270   0.000625 libjvm.so->fopen(0x2b502f909b20, 0x2b503118eccb, 4009, 4002) = 0x2b50340b5ec0
13270   0.004270 libjvm.so->pthread_attr_setdetachstate(0x2b502f90bc00, 1, 0, 0) = 0
13270   0.000494 libpthread.so.0->__clone(0x2b502f9f8de0, 0x2b504836afc0, 0x3d0f00, 0x2b504836b700) = 0x33dd
13270   0.017386 libjvm.so->pthread_attr_setdetachstate(0x2b502f90b290, 1, 0, 0) = 0
13270   0.001069 libpthread.so.0->__clone(0x2b502f9f8de0, 0x2b504846bfc0, 0x3d0f00, 0x2b504846c700) = 0x33de
13270   0.007843 libjvm.so->pthread_attr_setdetachstate(0x2b502f90b610, 1, 0, 0) = 0
13270   0.000917 libpthread.so.0->__clone(0x2b502f9f8de0, 0x2b504856cfc0, 0x3d0f00, 0x2b504856d700) = 0x33df
13270   0.040564 libjvm.so->fopen(0x2b50340ec390, 0x2b503118eccb, 4, 0x6f732e70) = 0x2b50340f1cd0
13270   0.001996 libjvm.so->dlopen(0x2b50340ec390, 1, 0xffffffff, 0x2b50340ec200) = 0x2b5034057be0
13270   0.005007 libjvm.so->open64(0x2b502f90a510, 0, 0, 16) = 5
13270   0.000951 libjvm.so->__fxstat64(1, 5, 0x2b502f90a340, -1) = 0
13270   0.021235 libjvm.so->fopen(0x2b502f907130, 0x2b503118eccb, 4009, 3994) = 0x2b50340fcc60
13270   0.001277 libjvm.so->fopen(0x2b502f907130, 0x2b503118eccb, 4009, 3994) = 0x2b50340fcc60
13270   0.001131 libjvm.so->fopen(0x2b502f907130, 0x2b503118eccb, 4009, 4002) = 0x2b50340fcc60
13270   0.015653 libjvm.so->pthread_attr_setdetachstate(0x2b502f90bb50, 1, 0, 0) = 0
13270   0.000968 libpthread.so.0->__clone(0x2b502f9f8de0, 0x2b504866dfc0, 0x3d0f00, 0x2b504866e700) = 0x33e0
13270   0.001451 libjvm.so->__xstat64(1, 0x2b502f90bbe0, 0x2b502f90bb50, 19) = -1
13270   0.001231 libjvm.so->pthread_attr_setdetachstate(0x2b502f90b950, 1, 0, 0) = 0
13270   0.001172 libpthread.so.0->__clone(0x2b502f9f8de0, 0x2b504876efc0, 0x3d0f00, 0x2b504876f700) = 0x33e1
13270   0.001723 libjvm.so->pthread_attr_setdetachstate(0x2b502f90b950, 1, 0, 0) = 0
13270   0.001367 libpthread.so.0->__clone(0x2b502f9f8de0, 0x2b504886ffc0, 0x3d0f00, 0x2b5048870700) = 0x33e2
13270   0.008752 libjvm.so->pthread_attr_setdetachstate(0x2b502f90baa0, 1, 0, 0) = 0
13270   0.001464 libpthread.so.0->__clone(0x2b502f9f8de0, 0x2b5048970fc0, 0x3d0f00, 0x2b5048971700) = 0x33e3
13270   0.002247 libjvm.so->pthread_attr_setdetachstate(0x2b502f90bbb0, 1, 0, 0) = 0
13270   0.001645 libpthread.so.0->__clone(0x2b502f9f8de0, 0x2b5048a71fc0, 0x3d0f00, 0x2b5048a72700) = 0x33e4
13270   0.016414 libjvm.so->open64(0x2b5034128880, 0, 0, 0) = 7
13270   0.003118 libjvm.so->__fxstat64(1, 7, 0x2b502f908f60, -1) = 0
13270   0.029313 libjvm.so->fopen(0x2b5034154730, 0x2b503118eccb, 4, 0x6f732e6f) = 0x2b50341547f0
13270   0.003638 libjvm.so->dlopen(0x2b5034154730, 1, 0xffffffff, 0x2b5034154700) = 0x2b50341547f0
13270   0.143490 libjvm.so->fopen(0x2b5034192b60, 0x2b503118eccb, 4, 0x6f732e74) = 0x2b50341a0160
13270   0.003229 libjvm.so->dlopen(0x2b5034192b60, 1, 0xffffffff, 0x2b5034195e00) = 0x2b50341a0160
13270   0.147532 libjvm.so->fopen(0x2b5034211230, 0x2b503118eccb, 0x6f732e7373656c, 0x656c646165685f74) = 0x2b5034211310
13270   0.004021 libjvm.so->dlopen(0x2b5034211230, 1, 0xffffffff, 0x2b5034211200) = 0x2b5034211310
13270   0.020310 libjvm.so->fopen(0x2b502f904990, 0x2b503118eccb, 0x6f732e, 0x6d766a62696c2f72) = 0x2b503421b160
13270   0.006445 libjvm.so->dlopen(0x2b502f904990, 1, 0xffffffff, 0x2b503421a700) = 0x55ffdfdfa4c0
13270   0.001759 libjvm.so->fopen(0x2b502f904990, 0x2b503118eccb, 0x6f732e, 0x6d766a62696c2f72) = 0x2b503421b100
13270   0.005093 libjvm.so->dlopen(0x2b502f904990, 1, 0xffffffff, 0x2b503421a700) = 0x55ffdfdfa4c0
13270   0.001696 libjvm.so->fopen(0x2b502f904990, 0x2b503118eccb, 0x6f732e, 0x6d766a62696c2f72) = 0x2b503421b100
13270   0.003774 libjvm.so->dlopen(0x2b502f904990, 1, 0xffffffff, 0x2b503421a700) = 0x55ffdfdfa4c0
13270   0.001696 libjvm.so->fopen(0x2b502f904990, 0x2b503118eccb, 0x6f732e, 0x6d766a62696c2f72) = 0x2b503421b100
13270   0.003542 libjvm.so->dlopen(0x2b502f904990, 1, 0xffffffff, 0x2b503421a700) = 0x55ffdfdfa4c0
13282   0.469448 --- SIGSEGV (Segmentation fault) ---
13281   0.000048 --- SIGSEGV (Segmentation fault) ---
13270   0.000244 --- SIGSEGV (Segmentation fault) ---
13270   3.153320 --- SIGSEGV (Segmentation fault) ---
13284   8.738983 +++ exited (status 0) +++
13280   0.000358 +++ exited (status 0) +++
13277   0.000658 +++ exited (status 0) +++
13270   0.000129 +++ exited (status 0) +++
13283   0.000339 +++ exited (status 0) +++
13282   0.000038 +++ exited (status 0) +++
13281   0.000048 +++ exited (status 0) +++
13279   0.000024 +++ exited (status 0) +++
13278   0.027070 +++ exited (status 0) +++
13269   0.000098 +++ exited (status 0) +++
Wrote an ltrace for command: "java -cp ./tools/maxent.jar density.MaxEnt -s outputs/Penstemonia_clarkei_Engelhardt.csv -e data/layers/worldclim -o outputs/Penstemonia_clarkei_Engelhardt nowarnings nocache autorun -z" with PID 13267 from PPID 13248 on disc25.crc.nd.edu with result 0
REMOTEHOST=10.17.150.200
MANPATH=/afs/crc.nd.edu/user/n/nkremerh/cctools/share/man/:/afs/crc.nd.edu/group/ccl/software/x86_64/redhat7/ruby/current/share/man:/afs/crc.nd.edu/group/ccl/software/x86_64/redhat7/graphviz/current/share/man:/afs/crc.nd.edu/group/ccl/software/x86_64/redhat7/gnuplot/current/share/man:/afs/crc.nd.edu/group/ccl/software/x86_64/redhat7/git/current/share/man:/afs/crc.nd.edu/group/ccl/software/x86_64/redhat7/condor/current/share/man:/afs/crc.nd.edu/group/ccl/software/x86_64/redhat7/clang/current/share/man:/afs/crc.nd.edu/group/ccl/software/x86_64/redhat7/condor/current/share/man:/afs/crc.nd.edu/group/ccl/software/x86_64/redhat7/cctools/current/share/man:/afs/crc.nd.edu/group/ccl/software/x86_64/redhat7/cctools/current/share/man:/afs/crc.nd.edu/x86_64_linux/Modules/4.5.0/share/man:/opt/crc/usr/local/man:/opt/sge/man:/usr/share/man/overrides:/usr/share/man:/usr/local/share/man
_CONDOR_JOB_PIDS=
XDG_SESSION_ID=5195
HOSTNAME=disc01.crc.nd.edu
_CONDOR_ANCESTOR_3764=9268:1600703217:1712876056
_LMFILES__modshare=/afs/crc.nd.edu/x86_64_linux/Modules/modules/system_modules/CRC_default/1.1:1
MODULEPATH_modshare=/afs/crc.nd.edu/x86_64_linux/Modules/modules/general_software:1:/afs/crc.nd.edu/x86_64_linux/Modules/modules/development_tools_and_libraries:1:/afs/crc.nd.edu/x86_64_linux/Modules/modules/system_modules:1:/afs/crc.nd.edu/x86_64_linux/Modules/current/modulefiles:1:/afs/crc.nd.edu/x86_64_linux/Modules/modules/restricted_software:1:/afs/crc.nd.edu/x86_64_linux/Modules/modules/deprecated_software:1
TERM=xterm-256color
SHELL=/bin/tcsh
HOST=disc01.crc.nd.edu
MODULES_CMD=/afs/crc.nd.edu/x86_64_linux/Modules/4.5.0/libexec/modulecmd.tcl
HISTSIZE=5000
MAKEFLAGS=
SSH_CLIENT=10.17.150.200 39500 22
TMPDIR=/var/condor/execute/dir_9268/worker-213124-9361/t.665/cctools-temp-t.665.6UakCZ
PERL5LIB=/afs/crc.nd.edu/user/n/nkremerh/cctools/lib/perl5/site_perl/5.16.3:/afs/crc.nd.edu/user/n/nkremerh/.perl5/lib/perl5
SGE_CELL=crc
_CONDOR_SCRATCH_DIR=/var/condor/execute/dir_9268
PERL_MB_OPT=--install_base '/afs/crc.nd.edu/user/n/nkremerh/.perl5/'
SSH_TTY=/dev/pts/0
SGE_LOAD_AVG=load_avg
MAKEFLOW_MAX_LOCAL_JOBS=2
GROUP=campus
USER=nkremerh
_CHIRP_DELAYED_UPDATE_PREFIX=Chirp*
HISTFILESIZE=10000
TEMP=/var/condor/execute/dir_9268/worker-213124-9361/t.665/cctools-temp-t.665.6UakCZ
LD_LIBRARY_PATH=/afs/crc.nd.edu/group/ccl/software/x86_64/redhat7/ruby/current/lib:/afs/crc.nd.edu/group/ccl/software/x86_64/redhat7/graphviz/current/lib:/afs/crc.nd.edu/group/ccl/software/x86_64/redhat7/git/current/lib:/afs/crc.nd.edu/group/ccl/software/x86_64/redhat7/condor/current/lib:/afs/crc.nd.edu/group/ccl/software/x86_64/redhat7/clang/current/lib:/afs/crc.nd.edu/group/ccl/software/x86_64/redhat7/condor/current/lib:/afs/crc.nd.edu/group/ccl/software/x86_64/redhat7/cctools/current/lib:/opt/crc/usr/local/lib
BATCH_SYSTEM=HTCondor
MODULES_LMALTNAME=CRC_default/1.1&CRC_default/default&CRC_default
ENV=/afs/crc.nd.edu/x86_64_linux/Modules/4.5.0/init/profile.sh
WORKER_TMPDIR=/var/condor/execute/dir_9268/worker-213124-9361/cache/tmp
HOSTTYPE=x86_64-linux
_CONDOR_HIGHPORT=9999
GLOBUS_GSSAPI_MAX_TLS_PROTOCOL=0
_CONDOR_CHIRP_CONFIG=/var/condor/execute/dir_9268/.chirp.config
MAKELEVEL=1
MFLAGS=
MAIL=/var/spool/mail/nkremerh
PATH=/afs/crc.nd.edu/user/n/nkremerh/cctools/bin:/afs/crc.nd.edu/user/n/nkremerh/miniconda/bin:/afs/crc.nd.edu/group/ccl/software/git:/afs/crc.nd.edu/user/n/nkremerh/.local/bin:/afs/crc.nd.edu/group/ccl/software/x86_64/redhat7/povray/3.7/bin:/afs/crc.nd.edu/user/n/nkremerh/.perl5/bin:/afs/crc.nd.edu/user/n/nkremerh/pegasus/bin:/afs/crc.nd.edu/user/n/nkremerh/nodejs/bin:/afs/crc.nd.edu/user/n/nkremerh/montage/bin:/afs/crc.nd.edu/user/n/nkremerh/latexdiff:/afs/crc.nd.edu/user/n/nkremerh/envtrace:/afs/crc.nd.edu/user/n/nkremerh/endlines:/afs/crc.nd.edu/user/n/nkremerh/cctools/bin:/afs/crc.nd.edu/user/n/nkremerh/.cargo/bin:/afs/crc.nd.edu/group/ccl/software/x86_64/redhat7/ruby/current/bin:/afs/crc.nd.edu/group/ccl/software/x86_64/redhat7/graphviz/current/bin:/afs/crc.nd.edu/group/ccl/software/x86_64/redhat7/gnuplot/current/bin:/afs/crc.nd.edu/group/ccl/software/x86_64/redhat7/git/current/bin:/afs/crc.nd.edu/group/ccl/software/x86_64/redhat7/condor/current/sbin:/afs/crc.nd.edu/group/ccl/software/x86_64/redhat7/condor/current/bin:/afs/crc.nd.edu/group/ccl/software/x86_64/redhat7/cmake/current/bin:/afs/crc.nd.edu/group/ccl/software/x86_64/redhat7/clang/current/bin:/afs/crc.nd.edu/group/ccl/software/x86_64/redhat7/condor/current/sbin:/afs/crc.nd.edu/group/ccl/software/x86_64/redhat7/condor/current/bin:/afs/crc.nd.edu/group/ccl/software/x86_64/redhat7/cctools/current/bin:/afs/crc.nd.edu/x86_64_linux/Modules/4.5.0/bin:/opt/crc/usr/local/bin:/opt/sge/bin/lx-amd64:/usr/local/bin:/usr/bin:/usr/local/sbin:/usr/sbin:/afs/crc.nd.edu/user/c/condor/software/bin:/afs/crc.nd.edu/user/c/condor/software/sbin
CCLSOFTWARE=/afs/crc.nd.edu/group/ccl/software/x86_64/redhat7
PWD=/var/condor/execute/dir_9268/worker-213124-9361/t.665
_LMFILES_=/afs/crc.nd.edu/x86_64_linux/Modules/modules/system_modules/CRC_default/1.1
EDITOR=vim
SGE_EXECD_PORT=6445
LANG=en_US.UTF-8
SGE_QMASTER_PORT=6444
MODULEPATH=/afs/crc.nd.edu/x86_64_linux/Modules/modules/development_tools_and_libraries:/afs/crc.nd.edu/x86_64_linux/Modules/modules/general_software:/afs/crc.nd.edu/x86_64_linux/Modules/modules/restricted_software:/afs/crc.nd.edu/x86_64_linux/Modules/modules/system_modules:/afs/crc.nd.edu/x86_64_linux/Modules/modules/deprecated_software:/afs/crc.nd.edu/x86_64_linux/Modules/current/modulefiles
LOADEDMODULES=CRC_default/1.1
SGE_ROOT=/opt/sge
CCLPLATFORM=x86_64/redhat7
_CONDOR_SLOT=slot2_2
WORK_QUEUE_SANDBOX=/var/condor/execute/dir_9268/worker-213124-9361
_CONDOR_ANCESTOR_9268=9307:1600703218:2548271097
USE_SYSTEMD=true
_CONDOR_LOWPORT=9100
_CONDOR_ANCESTOR_3611=3764:1598184024:3503519607
HISTCONTROL=ignoreboth:erasedups
KRB5CCNAME=FILE:/tmp/krb5cc_213124_6nLDKQ
GLOBUS_GSSAPI_NAME_COMPATIBILITY=STRICT_RFC2818
HOME=disc01.crc.nd.edu
SHLVL=6
PATH_modshare=/opt/crc/usr/local/bin:1:/opt/sge/bin/lx-amd64:1:/usr/sbin:1:/usr/bin:1:/afs/crc.nd.edu/user/c/condor/software/sbin:1:/usr/local/sbin:1:/afs/crc.nd.edu/user/c/condor/software/bin:1:/usr/local/bin:1
OSTYPE=linux
_CONDOR_MACHINE_AD=/var/condor/execute/dir_9268/.machine.ad
GREP_OPTIONS=--color=auto
DISK=18234
GLOBUS_GSSAPI_MIN_TLS_PROTOCOL=TLS1_VERSION
MANPATH_modshare=/usr/share/man/overrides:1:/usr/local/share/man:1:/usr/share/man:1:/opt/crc/usr/local/man:1:/opt/sge/man:1
MEMORY=1948
PERL_LOCAL_LIB_ROOT=/afs/crc.nd.edu/user/n/nkremerh/.perl5/
BASH_ENV=/afs/crc.nd.edu/x86_64_linux/Modules/4.5.0/init/bash
VENDOR=unknown
TMP=/var/condor/execute/dir_9268/worker-213124-9361/t.665/cctools-temp-t.665.6UakCZ
LOGNAME=nkremerh
MACHTYPE=x86_64
CCLHOME=/afs/crc.nd.edu/group/ccl
PYTHONPATH=/afs/crc.nd.edu/user/n/nkremerh/cctools/lib/python3.6/site-packages/
LD_LIBRARY_PATH_modshare=/opt/crc/usr/local/lib:1
SSH_CONNECTION=10.17.150.200 39500 129.74.128.103 22
MODULES_LMALTNAME_modshare=CRC_default/1.1&CRC_default/default&CRC_default:1
MODULESHOME=/afs/crc.nd.edu/x86_64_linux/Modules/4.5.0
GLOBUS_GSSAPI_CIPHERS=HIGH
GLOBUS_GSSAPI_BACKWARD_COMPATIBLE_MIC=true
LESSOPEN=||/usr/bin/lesspipe.sh %s
OMP_NUM_THREADS=1
_CONDOR_JOB_AD=/var/condor/execute/dir_9268/.job.ad
LOADEDMODULES_modshare=CRC_default/1.1:1
XDG_RUNTIME_DIR=/run/user/213124
SGE_CLUSTER_NAME=CRC
CCTOOLS=../cctools
CORES=2
_CONDOR_JOB_IWD=/var/condor/execute/dir_9268
PERL_MM_OPT=INSTALL_BASE=/afs/crc.nd.edu/user/n/nkremerh/.perl5/
GLOBUS_GSSAPI_SERVER_CIPHER_ORDER=true
BASH_FUNC_module()=() {  unset _mlshdbg;
 if [ "${MODULES_SILENT_SHELL_DEBUG:-0}" = '1' ]; then
 case "$-" in 
 *v*x*)
 set +vx;
 _mlshdbg='vx'
 ;;
 *v*)
 set +v;
 _mlshdbg='v'
 ;;
 *x*)
 set +x;
 _mlshdbg='x'
 ;;
 *)
 _mlshdbg=''
 ;;
 esac;
 fi;
 unset _mlre _mlIFS;
 if [ -n "${IFS+x}" ]; then
 _mlIFS=$IFS;
 fi;
 IFS=' ';
 for _mlv in ${MODULES_RUN_QUARANTINE:-};
 do
 if [ "${_mlv}" = "${_mlv##*[!A-Za-z0-9_]}" -a "${_mlv}" = "${_mlv#[0-9]}" ]; then
 if [ -n "`eval 'echo ${'$_mlv'+x}'`" ]; then
 _mlre="${_mlre:-}${_mlv}_modquar='`eval 'echo ${'$_mlv'}'`' ";
 fi;
 _mlrv="MODULES_RUNENV_${_mlv}";
 _mlre="${_mlre:-}${_mlv}='`eval 'echo ${'$_mlrv':-}'`' ";
 fi;
 done;
 if [ -n "${_mlre:-}" ]; then
 eval `eval ${_mlre}/usr/bin/tclsh /afs/crc.nd.edu/x86_64_linux/Modules/4.5.0/libexec/modulecmd.tcl bash '"$@"'`;
 else
 eval `/usr/bin/tclsh /afs/crc.nd.edu/x86_64_linux/Modules/4.5.0/libexec/modulecmd.tcl bash "$@"`;
 fi;
 _mlstatus=$?;
 if [ -n "${_mlIFS+x}" ]; then
 IFS=$_mlIFS;
 else
 unset IFS;
 fi;
 unset _mlre _mlv _mlrv _mlIFS;
 if [ -n "${_mlshdbg:-}" ]; then
 set -$_mlshdbg;
 fi;
 unset _mlshdbg;
 return $_mlstatus
}
BASH_FUNC_ml()=() {  module ml "$@"
}
_=/usr/bin/printenv
