5650   0.000000 libjli.so->getenv("_JAVA_LAUNCHER_DEBUG") = nil
5650   0.001180 libjli.so->getenv("_JAVA_VERSION_SET") = nil
5650   0.000568 libjli.so->fopen("/usr/lib/jvm/java-1.8.0-openjdk-1.8.0.262.b10-0.el7_8.x86_64/jre/lib/amd64/jvm.cfg", "r") = 0x5564975c00f0
5650   0.000709 libjli.so->getenv("JDK_ALTERNATE_VM") = nil
5650   0.000250 libjli.so->__xstat(1, "/usr/lib/jvm/java-1.8.0-openjdk-1.8.0.262.b10-0.el7_8.x86_64/jre/lib/amd64/server/libjvm.so", 0x7fff2e5a8610) = 0
5650   0.000453 libjli.so->getenv("LD_LIBRARY_PATH") = "/afs/crc.nd.edu/group/ccl/software/x86_64/redhat7/ruby/current/lib:/afs/crc.nd.edu/group/ccl/software/x86_64/redhat7/graphviz/current/lib:/afs/crc.nd.edu/group/ccl/software/x86_64/redhat7/git/current/lib:/afs/crc.nd.edu/group/ccl/software/x86_64/redhat7/condor/current/lib:/afs/crc.nd.edu/group/ccl/software/x86_64/redhat7/clang/current/lib:/afs/crc.nd.edu/group/ccl/software/x86_64/redhat7/condor/current/lib:/afs/crc.nd.edu/group/ccl/software/x86_64/redhat7/cctools/current/lib:/opt/crc/usr/local/lib"
5650   0.001526 libjli.so->dlopen("/usr/lib/jvm/java-1.8.0-openjdk-1.8.0.262.b10-0.el7_8.x86_64/jre/lib/amd64/server/libjvm.so", 258 <unfinished ...>
5650   0.025968 libjvm.so->getenv("NMT_LEVEL_5650") = nil
5650   0.001132 <... dlopen resumed> )           = 0x5564975c04c0
5650   0.000062 libjli.so->getenv("CLASSPATH")   = nil
5650   0.000246 libjli.so->getenv("_JAVA_SPLASH_JAR") = nil
5650   0.000217 libjli.so->getenv("_JAVA_SPLASH_FILE") = nil
5650   0.000244 libjli.so->pthread_attr_setdetachstate(0x7fff2e5a85c0, 0, 0x7fff2e5a8650, 0) = 0
5650   0.000298 libpthread.so.0->__clone(0x2b55276aede0, 0x2b55275c1fc0, 0x3d0f00, 0x2b55275c2700) = 5651
5651   0.001723 libjvm.so->dlopen(0x2b5528e8d9ae, 1, 0xfffffffffff42c48, 4096) = 0x2b552c000990
5651   0.003169 libjvm.so->getenv(0x2b5528ea883e, 0, 115, 0x65737361) = 0x7fff2e5af6a8
5651   0.000353 libjvm.so->fopen(0x2b55275c0c10, 0x2b5528e44ccb, 0x6f732e79666972, 0x2b5527f86ab0) = 0x2b552c001440
5651   0.001394 libjvm.so->dlopen(0x2b55275c0c10, 1, 0xffffffff, 0x2b552c002b00) = 0x2b552c001440
5651   0.001109 libjvm.so->fopen(0x2b55275c0c10, 0x2b5528e44ccb, 111, 0x732e6176) = 0x2b552c001b10
5651   0.001690 libjvm.so->dlopen(0x2b55275c0c10, 1, 0xffffffff, 0x2b552c001a00) = 0x2b552c001b10
5651   0.001619 libjvm.so->__xstat(1, 0x2b55275c1360, 0x2b55275c1ba0, 0x746f7073746f682e) = -1
5651   0.000347 libjvm.so->getenv(0x2b5528e3d541, 0x2b55275c16d0, 1024, 0x2b55292f761b) = 0
5651   0.000314 libjvm.so->getenv(0x2b5528e3d533, 0x2b55275c16d0, 1024, 0) = 0
5651   0.000337 libjvm.so->fopen(0x2b5528e8d315, 0x2b5528e44ccb, 4095, 0xffffd4aad71c2b03) = 0x2b552c003290
5651   0.000908 libjvm.so->fopen(0x2b5528e8d361, 0x2b5528e44ccb, 0x2b552c000078, 0x2b552c003280) = 0x2b552c003290
5651   0.000594 libjvm.so->fopen(0x2b55275bb9b0, 0x2b5528e44ccb, 4014, 3995) = 0x2b552c003290
5651   0.000656 libjvm.so->opendir(0x2b552c002b40, 0x2b552c002b40, 13, 16) = 0
5651   0.000350 libjvm.so->__xstat(1, 0x2b55275c08f0, 0x2b55275bf860, 0x6f732e7477616d62) = -1
5651   0.000331 libjvm.so->__xstat(1, 0x2b55275c08f0, 0x2b55275bf860, 0x5f74776162696c2f) = 0
5651   0.000820 libjvm.so->fopen(0x2b55275bfb90, 0x2b5528e44ccb, 4009, 3994) = 0x2b552c003770
5651   0.000894 libjvm.so->fopen(0x2b55275bfb90, 0x2b5528e44ccb, 4009, 3994) = 0x2b552c003770
5651   0.000439 libjvm.so->fopen(0x2b55275bfb90, 0x2b5528e44ccb, 4009, 4002) = 0x2b552c003770
5651   0.000573 libjvm.so->fopen(0x2b55275bfb20, 0x2b5528e44ccb, 4009, 3994) = 0x2b552c003770
5651   0.000613 libjvm.so->fopen(0x2b55275bfb20, 0x2b5528e44ccb, 4009, 3994) = 0x2b552c003770
5651   0.000771 libjvm.so->fopen(0x2b55275bfb20, 0x2b5528e44ccb, 4009, 4002) = 0x2b552c003770
5651   0.000646 libjvm.so->fopen(0x2b55275bfb50, 0x2b5528e44ccb, 4014, 3995) = 0x2b552c003770
5651   0.001067 libjvm.so->getenv(0x2b5528e8e0ff, 4096, 3, -1) = 0
5651   0.001132 libjvm.so->fopen(0x2b5528e8d998, 0x2b5528e44ccb, 0x2b55276a5908, 0x2b55276a4df0) = 0x2b552c003770
5651   0.004746 libjvm.so->open(0x2b552c04a560, 0x20000, 0, 0x2b552c04a5a9) = 3
5651   0.000318 libjvm.so->__fxstat(1, 3, 0x2b55275c1a00, -1) = 0
5651   0.000673 libjvm.so->opendir(0x2b552c04a560, 0x2b55275c1a00, 0x4000, -1) = 0x2b552c04b470
5651   0.000643 libjvm.so->__fxstat(1, 3, 0x2b55275c18a0, 0x2b552c04b470) = 0
5651   0.000305 libjvm.so->__fxstat(1, 5, 0x2b55275c1930, -1) = 0
5651   0.000482 libjvm.so->open(0x2b5528e5b9dc, 0, 0, 0) = 3
5651   0.000589 libjvm.so->__lxstat(1, 0x2b552c04a560, 0x2b55275c1b50, -144) = 0
5651   0.000739 libjvm.so->open(0x2b552c04a560, 0x20000, 0x4000, -1) = 3
5651   0.000368 libjvm.so->__fxstat(1, 3, 0x2b55275c1a00, -1) = 0
5651   0.000342 libjvm.so->opendir(0x2b552c04a560, 0x2b55275c1a00, 0x4000, -1) = 0x2b552c04b470
5651   0.000299 libjvm.so->__fxstat(1, 3, 0x2b55275c18a0, 0x2b552c04b470) = 0
5651   0.000341 libjvm.so->__fxstat(1, 5, 0x2b55275c1930, -1) = 0
5651   0.000329 libjvm.so->open(0x2b5528e5b9dc, 0, 0, 0) = 3
5651   0.000353 libjvm.so->open(0x2b552c04a5a9, 0x20042, 384, -1) = 7
5651   0.000487 libjvm.so->__fxstat(1, 7, 0x2b55275c1b50, -1) = 0
5651   0.001825 libjvm.so->fopen(0x2b55275c0b60, 0x2b5528e44ccb, 4, 0x6f732e70) = 0x2b552c057bc0
5651   0.001868 libjvm.so->dlopen(0x2b55275c0b60, 1, 0xffffffff, 0x2b552c057b00) = 0x2b552c057bc0
5651   0.001426 libjvm.so->__xstat(1, 0x2b55275c1120, 0x2b55275c1950, 2048) = 0
5651   0.000629 libjvm.so->__xstat(1, 0x2b55275c1120, 0x2b55275c1950, 2048) = 0
5651   0.000719 libjvm.so->__xstat(1, 0x2b55275c1120, 0x2b55275c1950, 2048) = -1
5651   0.000631 libjvm.so->__xstat(1, 0x2b55275c1120, 0x2b55275c1950, 2048) = 0
5651   0.000644 libjvm.so->__xstat(1, 0x2b55275c1120, 0x2b55275c1950, 2048) = 0
5651   0.000496 libjvm.so->__xstat(1, 0x2b55275c1120, 0x2b55275c1950, 2048) = 0
5651   0.000522 libjvm.so->__xstat(1, 0x2b55275c1120, 0x2b55275c1950, 2048) = 0
5651   0.000665 libjvm.so->__xstat(1, 0x2b55275c1120, 0x2b55275c1950, 2048) = -1
5651   0.000335 libjvm.so->fopen(0x2b552c002520, 0x2b5528e44ccb, 0, 0) = 0x2b552c058a60
5651   0.008103 libjvm.so->open64(0x2b55275c0410, 0, 0, 16) = 3
5651   0.000374 libjvm.so->__fxstat64(1, 3, 0x2b55275c0240, -1) = 0
5651   0.036961 libjvm.so->__xstat(1, 0x2b55275c0f20, 0x2b55275c1750, 2048) = -1
5651   0.000498 libjvm.so->fopen(0x2b55275bfb20, 0x2b5528e44ccb, 4009, 3994) = 0x2b552c0b5e20
5651   0.000848 libjvm.so->fopen(0x2b55275bfb20, 0x2b5528e44ccb, 4009, 3994) = 0x2b552c0b5e20
5651   0.000732 libjvm.so->fopen(0x2b55275bfb20, 0x2b5528e44ccb, 4009, 4002) = 0x2b552c0b5e20
5651   0.003880 libjvm.so->pthread_attr_setdetachstate(0x2b55275c1c00, 1, 0, 0) = 0
5651   0.000471 libpthread.so.0->__clone(0x2b55276aede0, 0x2b552bcc7fc0, 0x3d0f00, 0x2b552bcc8700) = 5652
5651   0.018488 libjvm.so->pthread_attr_setdetachstate(0x2b55275c1290, 1, 0, 0) = 0
5651   0.000668 libpthread.so.0->__clone(0x2b55276aede0, 0x2b552bdc8fc0, 0x3d0f00, 0x2b552bdc9700) = 5653
5651   0.006359 libjvm.so->pthread_attr_setdetachstate(0x2b55275c1610, 1, 0, 0) = 0
5651   0.000605 libpthread.so.0->__clone(0x2b55276aede0, 0x2b552bec9fc0, 0x3d0f00, 0x2b552beca700) = 5654
5651   0.039906 libjvm.so->fopen(0x2b552c0e9150, 0x2b5528e44ccb, 4, 0x6f732e70) = 0x2b552c0f1c90
5651   0.002084 libjvm.so->dlopen(0x2b552c0e9150, 1, 0xffffffff, 0x2b552c0ec300) = 0x2b552c057bc0
5651   0.005745 libjvm.so->open64(0x2b55275c0510, 0, 0, 16) = 5
5651   0.000680 libjvm.so->__fxstat64(1, 5, 0x2b55275c0340, -1) = 0
5651   0.016903 libjvm.so->fopen(0x2b55275bd130, 0x2b5528e44ccb, 4009, 3994) = 0x2b552c0fcbe0
5651   0.001192 libjvm.so->fopen(0x2b55275bd130, 0x2b5528e44ccb, 4009, 3994) = 0x2b552c0fcbe0
5651   0.001585 libjvm.so->fopen(0x2b55275bd130, 0x2b5528e44ccb, 4009, 4002) = 0x2b552c0fcbe0
5651   0.011258 libjvm.so->pthread_attr_setdetachstate(0x2b55275c1b50, 1, 0, 0) = 0
5651   0.000670 libpthread.so.0->__clone(0x2b55276aede0, 0x2b552bfcafc0, 0x3d0f00, 0x2b552bfcb700) = 5659
5651   0.001073 libjvm.so->__xstat64(1, 0x2b55275c1be0, 0x2b55275c1b50, 18) = -1
5651   0.000807 libjvm.so->pthread_attr_setdetachstate(0x2b55275c1950, 1, 0, 0) = 0
5651   0.000696 libpthread.so.0->__clone(0x2b55276aede0, 0x2b554036afc0, 0x3d0f00, 0x2b554036b700) = 5660
5651   0.001339 libjvm.so->pthread_attr_setdetachstate(0x2b55275c1950, 1, 0, 0) = 0
5651   0.000895 libpthread.so.0->__clone(0x2b55276aede0, 0x2b554046bfc0, 0x3d0f00, 0x2b554046c700) = 5662
5651   0.006923 libjvm.so->pthread_attr_setdetachstate(0x2b55275c1aa0, 1, 0, 0) = 0
5651   0.001028 libpthread.so.0->__clone(0x2b55276aede0, 0x2b554056cfc0, 0x3d0f00, 0x2b554056d700) = 5664
5651   0.001506 libjvm.so->pthread_attr_setdetachstate(0x2b55275c1bb0, 1, 0, 0) = 0
5651   0.001135 libpthread.so.0->__clone(0x2b55276aede0, 0x2b554066dfc0, 0x3d0f00, 0x2b554066e700) = 5665
5651   0.011407 libjvm.so->open64(0x2b552c12e970, 0, 0, 48) = 7
5651   0.001187 libjvm.so->__fxstat64(1, 7, 0x2b55275bef60, -1) = 0
5651   0.019770 libjvm.so->fopen(0x2b552c1546c0, 0x2b5528e44ccb, 4, 0x6f732e6f) = 0x2b552c154780
5651   0.003400 libjvm.so->dlopen(0x2b552c1546c0, 1, 0xffffffff, 0x2b552c154700) = 0x2b552c154780
5651   0.098864 libjvm.so->fopen(0x2b552c192490, 0x2b5528e44ccb, 4, 0x6f732e74) = 0x2b552c195740
5651   0.002169 libjvm.so->dlopen(0x2b552c192490, 1, 0xffffffff, 0x2b552c195600) = 0x2b552c19faf0
5651   0.096897 libjvm.so->fopen(0x2b552c210b40, 0x2b5528e44ccb, 0x6f732e7373656c, 0x656c646165685f74) = 0x2b552c210c20
5651   0.002169 libjvm.so->dlopen(0x2b552c210b40, 1, 0xffffffff, 0x2b552c210b00) = 0x2b552c210c20
5651   0.012940 libjvm.so->fopen(0x2b55275ba990, 0x2b5528e44ccb, 0x6f732e, 0x6d766a62696c2f72) = 0x2b552c21aad0
5651   0.004222 libjvm.so->dlopen(0x2b55275ba990, 1, 0xffffffff, 0x2b552c21a000) = 0x5564975c04c0
5651   0.001148 libjvm.so->fopen(0x2b55275ba990, 0x2b5528e44ccb, 0x6f732e, 0x6d766a62696c2f72) = 0x2b552c21aa70
5651   0.003605 libjvm.so->dlopen(0x2b55275ba990, 1, 0xffffffff, 0x2b552c21a000) = 0x5564975c04c0
5651   0.001116 libjvm.so->fopen(0x2b55275ba990, 0x2b5528e44ccb, 0x6f732e, 0x6d766a62696c2f72) = 0x2b552c21aa70
5651   0.002694 libjvm.so->dlopen(0x2b55275ba990, 1, 0xffffffff, 0x2b552c21a000) = 0x5564975c04c0
5651   0.001119 libjvm.so->fopen(0x2b55275ba990, 0x2b5528e44ccb, 0x6f732e, 0x6d766a62696c2f72) = 0x2b552c21aa70
5651   0.002486 libjvm.so->dlopen(0x2b55275ba990, 1, 0xffffffff, 0x2b552c21a000) = 0x5564975c04c0
5651   3.752316 --- SIGSEGV (Segmentation fault) ---
5665   5.073027 +++ exited (status 0) +++
5659   0.000549 +++ exited (status 0) +++
5652   0.000164 +++ exited (status 0) +++
5651   0.000245 +++ exited (status 0) +++
5653   0.000221 +++ exited (status 0) +++
5664   0.000062 +++ exited (status 0) +++
5662   0.000033 +++ exited (status 0) +++
5654   0.000015 +++ exited (status 0) +++
5660   0.017147 +++ exited (status 0) +++
5650   0.000076 +++ exited (status 0) +++
Wrote an ltrace for command: "java -cp ./tools/maxent.jar density.MaxEnt -s outputs/Mesochorus_ottawaensis.csv -e data/layers/worldclim -o outputs/Mesochorus_ottawaensis nowarnings nocache autorun -z" with PID 5648 from PPID 5629 on disc23.crc.nd.edu with result 0
REMOTEHOST=10.17.150.200
MANPATH=/afs/crc.nd.edu/user/n/nkremerh/cctools/share/man/:/afs/crc.nd.edu/group/ccl/software/x86_64/redhat7/ruby/current/share/man:/afs/crc.nd.edu/group/ccl/software/x86_64/redhat7/graphviz/current/share/man:/afs/crc.nd.edu/group/ccl/software/x86_64/redhat7/gnuplot/current/share/man:/afs/crc.nd.edu/group/ccl/software/x86_64/redhat7/git/current/share/man:/afs/crc.nd.edu/group/ccl/software/x86_64/redhat7/condor/current/share/man:/afs/crc.nd.edu/group/ccl/software/x86_64/redhat7/clang/current/share/man:/afs/crc.nd.edu/group/ccl/software/x86_64/redhat7/condor/current/share/man:/afs/crc.nd.edu/group/ccl/software/x86_64/redhat7/cctools/current/share/man:/afs/crc.nd.edu/group/ccl/software/x86_64/redhat7/cctools/current/share/man:/afs/crc.nd.edu/x86_64_linux/Modules/4.5.0/share/man:/opt/crc/usr/local/man:/opt/sge/man:/usr/share/man/overrides:/usr/share/man:/usr/local/share/man
_CONDOR_JOB_PIDS=
XDG_SESSION_ID=5195
HOSTNAME=disc01.crc.nd.edu
_LMFILES__modshare=/afs/crc.nd.edu/x86_64_linux/Modules/modules/system_modules/CRC_default/1.1:1
MODULEPATH_modshare=/afs/crc.nd.edu/x86_64_linux/Modules/modules/general_software:1:/afs/crc.nd.edu/x86_64_linux/Modules/modules/development_tools_and_libraries:1:/afs/crc.nd.edu/x86_64_linux/Modules/modules/system_modules:1:/afs/crc.nd.edu/x86_64_linux/Modules/current/modulefiles:1:/afs/crc.nd.edu/x86_64_linux/Modules/modules/restricted_software:1:/afs/crc.nd.edu/x86_64_linux/Modules/modules/deprecated_software:1
TERM=xterm-256color
SHELL=/bin/tcsh
HOST=disc01.crc.nd.edu
MODULES_CMD=/afs/crc.nd.edu/x86_64_linux/Modules/4.5.0/libexec/modulecmd.tcl
HISTSIZE=5000
MAKEFLAGS=
SSH_CLIENT=10.17.150.200 39500 22
TMPDIR=/var/condor/execute/dir_25344/worker-213124-25414/t.1025/cctools-temp-t.1025.HmF2n0
PERL5LIB=/afs/crc.nd.edu/user/n/nkremerh/cctools/lib/perl5/site_perl/5.16.3:/afs/crc.nd.edu/user/n/nkremerh/.perl5/lib/perl5
SGE_CELL=crc
_CONDOR_SCRATCH_DIR=/var/condor/execute/dir_25344
PERL_MB_OPT=--install_base '/afs/crc.nd.edu/user/n/nkremerh/.perl5/'
SSH_TTY=/dev/pts/0
SGE_LOAD_AVG=load_avg
MAKEFLOW_MAX_LOCAL_JOBS=2
GROUP=campus
USER=nkremerh
_CHIRP_DELAYED_UPDATE_PREFIX=Chirp*
HISTFILESIZE=10000
TEMP=/var/condor/execute/dir_25344/worker-213124-25414/t.1025/cctools-temp-t.1025.HmF2n0
LD_LIBRARY_PATH=/afs/crc.nd.edu/group/ccl/software/x86_64/redhat7/ruby/current/lib:/afs/crc.nd.edu/group/ccl/software/x86_64/redhat7/graphviz/current/lib:/afs/crc.nd.edu/group/ccl/software/x86_64/redhat7/git/current/lib:/afs/crc.nd.edu/group/ccl/software/x86_64/redhat7/condor/current/lib:/afs/crc.nd.edu/group/ccl/software/x86_64/redhat7/clang/current/lib:/afs/crc.nd.edu/group/ccl/software/x86_64/redhat7/condor/current/lib:/afs/crc.nd.edu/group/ccl/software/x86_64/redhat7/cctools/current/lib:/opt/crc/usr/local/lib
BATCH_SYSTEM=HTCondor
MODULES_LMALTNAME=CRC_default/1.1&CRC_default/default&CRC_default
ENV=/afs/crc.nd.edu/x86_64_linux/Modules/4.5.0/init/profile.sh
WORKER_TMPDIR=/var/condor/execute/dir_25344/worker-213124-25414/cache/tmp
HOSTTYPE=x86_64-linux
_CONDOR_HIGHPORT=9999
GLOBUS_GSSAPI_MAX_TLS_PROTOCOL=0
_CONDOR_CHIRP_CONFIG=/var/condor/execute/dir_25344/.chirp.config
_CONDOR_ANCESTOR_3574=25344:1600703217:4040868674
MAKELEVEL=1
MFLAGS=
MAIL=/var/spool/mail/nkremerh
PATH=/afs/crc.nd.edu/user/n/nkremerh/cctools/bin:/afs/crc.nd.edu/user/n/nkremerh/miniconda/bin:/afs/crc.nd.edu/group/ccl/software/git:/afs/crc.nd.edu/user/n/nkremerh/.local/bin:/afs/crc.nd.edu/group/ccl/software/x86_64/redhat7/povray/3.7/bin:/afs/crc.nd.edu/user/n/nkremerh/.perl5/bin:/afs/crc.nd.edu/user/n/nkremerh/pegasus/bin:/afs/crc.nd.edu/user/n/nkremerh/nodejs/bin:/afs/crc.nd.edu/user/n/nkremerh/montage/bin:/afs/crc.nd.edu/user/n/nkremerh/latexdiff:/afs/crc.nd.edu/user/n/nkremerh/envtrace:/afs/crc.nd.edu/user/n/nkremerh/endlines:/afs/crc.nd.edu/user/n/nkremerh/cctools/bin:/afs/crc.nd.edu/user/n/nkremerh/.cargo/bin:/afs/crc.nd.edu/group/ccl/software/x86_64/redhat7/ruby/current/bin:/afs/crc.nd.edu/group/ccl/software/x86_64/redhat7/graphviz/current/bin:/afs/crc.nd.edu/group/ccl/software/x86_64/redhat7/gnuplot/current/bin:/afs/crc.nd.edu/group/ccl/software/x86_64/redhat7/git/current/bin:/afs/crc.nd.edu/group/ccl/software/x86_64/redhat7/condor/current/sbin:/afs/crc.nd.edu/group/ccl/software/x86_64/redhat7/condor/current/bin:/afs/crc.nd.edu/group/ccl/software/x86_64/redhat7/cmake/current/bin:/afs/crc.nd.edu/group/ccl/software/x86_64/redhat7/clang/current/bin:/afs/crc.nd.edu/group/ccl/software/x86_64/redhat7/condor/current/sbin:/afs/crc.nd.edu/group/ccl/software/x86_64/redhat7/condor/current/bin:/afs/crc.nd.edu/group/ccl/software/x86_64/redhat7/cctools/current/bin:/afs/crc.nd.edu/x86_64_linux/Modules/4.5.0/bin:/opt/crc/usr/local/bin:/opt/sge/bin/lx-amd64:/usr/local/bin:/usr/bin:/usr/local/sbin:/usr/sbin:/afs/crc.nd.edu/user/c/condor/software/bin:/afs/crc.nd.edu/user/c/condor/software/sbin
CCLSOFTWARE=/afs/crc.nd.edu/group/ccl/software/x86_64/redhat7
_CONDOR_ANCESTOR_3382=3574:1598183948:1170902758
PWD=/var/condor/execute/dir_25344/worker-213124-25414/t.1025
_LMFILES_=/afs/crc.nd.edu/x86_64_linux/Modules/modules/system_modules/CRC_default/1.1
EDITOR=vim
SGE_EXECD_PORT=6445
LANG=en_US.UTF-8
SGE_QMASTER_PORT=6444
MODULEPATH=/afs/crc.nd.edu/x86_64_linux/Modules/modules/development_tools_and_libraries:/afs/crc.nd.edu/x86_64_linux/Modules/modules/general_software:/afs/crc.nd.edu/x86_64_linux/Modules/modules/restricted_software:/afs/crc.nd.edu/x86_64_linux/Modules/modules/system_modules:/afs/crc.nd.edu/x86_64_linux/Modules/modules/deprecated_software:/afs/crc.nd.edu/x86_64_linux/Modules/current/modulefiles
LOADEDMODULES=CRC_default/1.1
SGE_ROOT=/opt/sge
CCLPLATFORM=x86_64/redhat7
_CONDOR_SLOT=slot2_1
WORK_QUEUE_SANDBOX=/var/condor/execute/dir_25344/worker-213124-25414
USE_SYSTEMD=true
_CONDOR_LOWPORT=9100
HISTCONTROL=ignoreboth:erasedups
KRB5CCNAME=FILE:/tmp/krb5cc_213124_6nLDKQ
GLOBUS_GSSAPI_NAME_COMPATIBILITY=STRICT_RFC2818
HOME=disc01.crc.nd.edu
SHLVL=6
PATH_modshare=/opt/crc/usr/local/bin:1:/opt/sge/bin/lx-amd64:1:/usr/sbin:1:/usr/bin:1:/afs/crc.nd.edu/user/c/condor/software/sbin:1:/usr/local/sbin:1:/afs/crc.nd.edu/user/c/condor/software/bin:1:/usr/local/bin:1
OSTYPE=linux
_CONDOR_MACHINE_AD=/var/condor/execute/dir_25344/.machine.ad
GREP_OPTIONS=--color=auto
DISK=18248
GLOBUS_GSSAPI_MIN_TLS_PROTOCOL=TLS1_VERSION
MANPATH_modshare=/usr/share/man/overrides:1:/usr/local/share/man:1:/usr/share/man:1:/opt/crc/usr/local/man:1:/opt/sge/man:1
MEMORY=1948
PERL_LOCAL_LIB_ROOT=/afs/crc.nd.edu/user/n/nkremerh/.perl5/
BASH_ENV=/afs/crc.nd.edu/x86_64_linux/Modules/4.5.0/init/bash
VENDOR=unknown
TMP=/var/condor/execute/dir_25344/worker-213124-25414/t.1025/cctools-temp-t.1025.HmF2n0
LOGNAME=nkremerh
MACHTYPE=x86_64
CCLHOME=/afs/crc.nd.edu/group/ccl
PYTHONPATH=/afs/crc.nd.edu/user/n/nkremerh/cctools/lib/python3.6/site-packages/
LD_LIBRARY_PATH_modshare=/opt/crc/usr/local/lib:1
SSH_CONNECTION=10.17.150.200 39500 129.74.128.103 22
MODULES_LMALTNAME_modshare=CRC_default/1.1&CRC_default/default&CRC_default:1
MODULESHOME=/afs/crc.nd.edu/x86_64_linux/Modules/4.5.0
GLOBUS_GSSAPI_CIPHERS=HIGH
GLOBUS_GSSAPI_BACKWARD_COMPATIBLE_MIC=true
LESSOPEN=||/usr/bin/lesspipe.sh %s
OMP_NUM_THREADS=1
_CONDOR_JOB_AD=/var/condor/execute/dir_25344/.job.ad
LOADEDMODULES_modshare=CRC_default/1.1:1
XDG_RUNTIME_DIR=/run/user/213124
SGE_CLUSTER_NAME=CRC
CCTOOLS=../cctools
CORES=2
_CONDOR_JOB_IWD=/var/condor/execute/dir_25344
PERL_MM_OPT=INSTALL_BASE=/afs/crc.nd.edu/user/n/nkremerh/.perl5/
GLOBUS_GSSAPI_SERVER_CIPHER_ORDER=true
_CONDOR_ANCESTOR_25344=25359:1600703218:1015133273
BASH_FUNC_module()=() {  unset _mlshdbg;
 if [ "${MODULES_SILENT_SHELL_DEBUG:-0}" = '1' ]; then
 case "$-" in 
 *v*x*)
 set +vx;
 _mlshdbg='vx'
 ;;
 *v*)
 set +v;
 _mlshdbg='v'
 ;;
 *x*)
 set +x;
 _mlshdbg='x'
 ;;
 *)
 _mlshdbg=''
 ;;
 esac;
 fi;
 unset _mlre _mlIFS;
 if [ -n "${IFS+x}" ]; then
 _mlIFS=$IFS;
 fi;
 IFS=' ';
 for _mlv in ${MODULES_RUN_QUARANTINE:-};
 do
 if [ "${_mlv}" = "${_mlv##*[!A-Za-z0-9_]}" -a "${_mlv}" = "${_mlv#[0-9]}" ]; then
 if [ -n "`eval 'echo ${'$_mlv'+x}'`" ]; then
 _mlre="${_mlre:-}${_mlv}_modquar='`eval 'echo ${'$_mlv'}'`' ";
 fi;
 _mlrv="MODULES_RUNENV_${_mlv}";
 _mlre="${_mlre:-}${_mlv}='`eval 'echo ${'$_mlrv':-}'`' ";
 fi;
 done;
 if [ -n "${_mlre:-}" ]; then
 eval `eval ${_mlre}/usr/bin/tclsh /afs/crc.nd.edu/x86_64_linux/Modules/4.5.0/libexec/modulecmd.tcl bash '"$@"'`;
 else
 eval `/usr/bin/tclsh /afs/crc.nd.edu/x86_64_linux/Modules/4.5.0/libexec/modulecmd.tcl bash "$@"`;
 fi;
 _mlstatus=$?;
 if [ -n "${_mlIFS+x}" ]; then
 IFS=$_mlIFS;
 else
 unset IFS;
 fi;
 unset _mlre _mlv _mlrv _mlIFS;
 if [ -n "${_mlshdbg:-}" ]; then
 set -$_mlshdbg;
 fi;
 unset _mlshdbg;
 return $_mlstatus
}
BASH_FUNC_ml()=() {  module ml "$@"
}
_=/usr/bin/printenv
