13670   0.000000 libjli.so->getenv("_JAVA_LAUNCHER_DEBUG") = nil
13670   0.001122 libjli.so->getenv("_JAVA_VERSION_SET") = nil
13670   0.000443 libjli.so->fopen("/usr/lib/jvm/java-1.8.0-openjdk-1.8.0.262.b10-0.el7_8.x86_64/jre/lib/amd64/jvm.cfg", "r") = 0x55c5870340e0
13670   0.000532 libjli.so->getenv("JDK_ALTERNATE_VM") = nil
13670   0.000200 libjli.so->__xstat(1, "/usr/lib/jvm/java-1.8.0-openjdk-1.8.0.262.b10-0.el7_8.x86_64/jre/lib/amd64/server/libjvm.so", 0x7ffc270b1430) = 0
13670   0.000386 libjli.so->getenv("LD_LIBRARY_PATH") = "/afs/crc.nd.edu/group/ccl/software/x86_64/redhat7/ruby/current/lib:/afs/crc.nd.edu/group/ccl/software/x86_64/redhat7/graphviz/current/lib:/afs/crc.nd.edu/group/ccl/software/x86_64/redhat7/git/current/lib:/afs/crc.nd.edu/group/ccl/software/x86_64/redhat7/condor/current/lib:/afs/crc.nd.edu/group/ccl/software/x86_64/redhat7/clang/current/lib:/afs/crc.nd.edu/group/ccl/software/x86_64/redhat7/condor/current/lib:/afs/crc.nd.edu/group/ccl/software/x86_64/redhat7/cctools/current/lib:/opt/crc/usr/local/lib"
13670   0.001344 libjli.so->dlopen("/usr/lib/jvm/java-1.8.0-openjdk-1.8.0.262.b10-0.el7_8.x86_64/jre/lib/amd64/server/libjvm.so", 258 <unfinished ...>
13670   0.023349 libjvm.so->getenv("NMT_LEVEL_13670") = nil
13670   0.001009 <... dlopen resumed> )          = 0x55c5870344b0
13670   0.000042 libjli.so->getenv("CLASSPATH")  = nil
13670   0.000204 libjli.so->getenv("_JAVA_SPLASH_JAR") = nil
13670   0.000204 libjli.so->getenv("_JAVA_SPLASH_FILE") = nil
13670   0.000206 libjli.so->pthread_attr_setdetachstate(0x7ffc270b13e0, 0, 0x7ffc270b1470, 0) = 0
13670   0.000273 libpthread.so.0->__clone(0x2b9c14fedde0, 0x2b9c14f00fc0, 0x3d0f00, 0x2b9c14f01700) = 0x3568
13672   0.000956 libjvm.so->dlopen(0x2b9c167cc9ae, 1, 0xfffffffffff42c48, 4096) = 0x2b9c18000990
13672   0.001590 libjvm.so->getenv(0x2b9c167e783e, 0, 115, 0x65737361) = 0x7ffc270b764f
13672   0.000307 libjvm.so->fopen(0x2b9c14effc10, 0x2b9c16783ccb, 0x6f732e79666972, 0x2b9c158c5ab0) = 0x2b9c18001440
13672   0.000906 libjvm.so->dlopen(0x2b9c14effc10, 1, 0xffffffff, 0x2b9c18002b00) = 0x2b9c18001440
13672   0.000982 libjvm.so->fopen(0x2b9c14effc10, 0x2b9c16783ccb, 111, 0x732e6176) = 0x2b9c18001b10
13672   0.001008 libjvm.so->dlopen(0x2b9c14effc10, 1, 0xffffffff, 0x2b9c18001a00) = 0x2b9c18001b10
13672   0.001122 libjvm.so->__xstat(1, 0x2b9c14f00360, 0x2b9c14f00ba0, 0x746f7073746f682e) = -1
13672   0.000316 libjvm.so->getenv(0x2b9c1677c541, 0x2b9c14f006d0, 1024, 0x2b9c16c3661b) = 0
13672   0.000340 libjvm.so->getenv(0x2b9c1677c533, 0x2b9c14f006d0, 1024, 0) = 0
13672   0.000288 libjvm.so->fopen(0x2b9c167cc315, 0x2b9c16783ccb, 4095, 0xffffd463e9883b03) = 0x2b9c180032f0
13672   0.000658 libjvm.so->fopen(0x2b9c167cc361, 0x2b9c16783ccb, 0x2b9c18000078, 0x2b9c180032e0) = 0x2b9c180032f0
13672   0.000460 libjvm.so->fopen(0x2b9c14efa9b0, 0x2b9c16783ccb, 4016, 3997) = 0x2b9c180032f0
13672   0.000408 libjvm.so->opendir(0x2b9c18002b40, 0x2b9c18002b40, 13, 16) = 0
13672   0.000291 libjvm.so->__xstat(1, 0x2b9c14eff8f0, 0x2b9c14efe860, 0x6f732e7477616d62) = -1
13672   0.000279 libjvm.so->__xstat(1, 0x2b9c14eff8f0, 0x2b9c14efe860, 0x5f74776162696c2f) = 0
13672   0.000311 libjvm.so->fopen(0x2b9c14efeb90, 0x2b9c16783ccb, 4011, 3996) = 0x2b9c180037d0
13672   0.000401 libjvm.so->fopen(0x2b9c14efeb90, 0x2b9c16783ccb, 4011, 3996) = 0x2b9c180037d0
13672   0.000384 libjvm.so->fopen(0x2b9c14efeb90, 0x2b9c16783ccb, 4011, 4004) = 0x2b9c180037d0
13672   0.000425 libjvm.so->fopen(0x2b9c14efeb20, 0x2b9c16783ccb, 4011, 3996) = 0x2b9c180037d0
13672   0.000383 libjvm.so->fopen(0x2b9c14efeb20, 0x2b9c16783ccb, 4011, 3996) = 0x2b9c180037d0
13672   0.000383 libjvm.so->fopen(0x2b9c14efeb20, 0x2b9c16783ccb, 4011, 4004) = 0x2b9c180037d0
13672   0.000408 libjvm.so->fopen(0x2b9c14efeb50, 0x2b9c16783ccb, 4016, 3997) = 0x2b9c180037d0
13672   0.000518 libjvm.so->getenv(0x2b9c167cd0ff, 4096, 3, -1) = 0
13672   0.000663 libjvm.so->fopen(0x2b9c167cc998, 0x2b9c16783ccb, 0x2b9c14fe4908, 0x2b9c14fe3df0) = 0x2b9c180037d0
13672   0.003003 libjvm.so->open(0x2b9c1804a5c0, 0x20000, 0, 0x2b9c1804a609) = 3
13672   0.000303 libjvm.so->__fxstat(1, 3, 0x2b9c14f00a00, -1) = 0
13672   0.000329 libjvm.so->opendir(0x2b9c1804a5c0, 0x2b9c14f00a00, 0x4000, -1) = 0x2b9c1804b4d0
13672   0.000323 libjvm.so->__fxstat(1, 3, 0x2b9c14f008a0, 0x2b9c1804b4d0) = 0
13672   0.000319 libjvm.so->__fxstat(1, 5, 0x2b9c14f00930, -1) = 0
13672   0.000310 libjvm.so->open(0x2b9c1679a9dc, 0, 0, 0) = 3
13672   0.000452 libjvm.so->__lxstat(1, 0x2b9c1804a5c0, 0x2b9c14f00b50, -144) = 0
13672   0.000320 libjvm.so->open(0x2b9c1804a5c0, 0x20000, 0x4000, -1) = 3
13672   0.000316 libjvm.so->__fxstat(1, 3, 0x2b9c14f00a00, -1) = 0
13672   0.000324 libjvm.so->opendir(0x2b9c1804a5c0, 0x2b9c14f00a00, 0x4000, -1) = 0x2b9c1804b4d0
13672   0.000308 libjvm.so->__fxstat(1, 3, 0x2b9c14f008a0, 0x2b9c1804b4d0) = 0
13672   0.000301 libjvm.so->__fxstat(1, 5, 0x2b9c14f00930, -1) = 0
13672   0.000296 libjvm.so->open(0x2b9c1679a9dc, 0, 0, 0) = 3
13672   0.000300 libjvm.so->open(0x2b9c1804a609, 0x20042, 384, -1) = 7
13672   0.000436 libjvm.so->__fxstat(1, 7, 0x2b9c14f00b50, -1) = 0
13672   0.001106 libjvm.so->fopen(0x2b9c14effb60, 0x2b9c16783ccb, 4, 0x6f732e70) = 0x2b9c18057c20
13672   0.000949 libjvm.so->dlopen(0x2b9c14effb60, 1, 0xffffffff, 0x2b9c18057b00) = 0x2b9c18057c20
13672   0.001024 libjvm.so->__xstat(1, 0x2b9c14f00120, 0x2b9c14f00950, 2048) = 0
13672   0.000323 libjvm.so->__xstat(1, 0x2b9c14f00120, 0x2b9c14f00950, 2048) = 0
13672   0.000317 libjvm.so->__xstat(1, 0x2b9c14f00120, 0x2b9c14f00950, 2048) = -1
13672   0.000311 libjvm.so->__xstat(1, 0x2b9c14f00120, 0x2b9c14f00950, 2048) = 0
13672   0.000308 libjvm.so->__xstat(1, 0x2b9c14f00120, 0x2b9c14f00950, 2048) = 0
13672   0.000295 libjvm.so->__xstat(1, 0x2b9c14f00120, 0x2b9c14f00950, 2048) = 0
13672   0.000298 libjvm.so->__xstat(1, 0x2b9c14f00120, 0x2b9c14f00950, 2048) = 0
13672   0.000283 libjvm.so->__xstat(1, 0x2b9c14f00120, 0x2b9c14f00950, 2048) = -1
13672   0.000282 libjvm.so->fopen(0x2b9c18002520, 0x2b9c16783ccb, 0, 0) = 0x2b9c18058ac0
13672   0.005901 libjvm.so->open64(0x2b9c14eff410, 0, 0, 16) = 3
13672   0.000314 libjvm.so->__fxstat64(1, 3, 0x2b9c14eff240, -1) = 0
13672   0.025595 libjvm.so->__xstat(1, 0x2b9c14efff20, 0x2b9c14f00750, 2048) = -1
13672   0.000397 libjvm.so->fopen(0x2b9c14efeb20, 0x2b9c16783ccb, 4011, 3996) = 0x2b9c180b5d40
13672   0.000506 libjvm.so->fopen(0x2b9c14efeb20, 0x2b9c16783ccb, 4011, 3996) = 0x2b9c180b5d40
13672   0.000423 libjvm.so->fopen(0x2b9c14efeb20, 0x2b9c16783ccb, 4011, 4004) = 0x2b9c180b5d40
13672   0.002819 libjvm.so->pthread_attr_setdetachstate(0x2b9c14f00c00, 1, 0, 0) = 0
13672   0.000332 libpthread.so.0->__clone(0x2b9c14fedde0, 0x2b9c2d89cfc0, 0x3d0f00, 0x2b9c2d89d700) = 0x356f
13672   0.010859 libjvm.so->pthread_attr_setdetachstate(0x2b9c14f00290, 1, 0, 0) = 0
13672   0.000505 libpthread.so.0->__clone(0x2b9c14fedde0, 0x2b9c2d99dfc0, 0x3d0f00, 0x2b9c2d99e700) = 0x3574
13672   0.004662 libjvm.so->pthread_attr_setdetachstate(0x2b9c14f00610, 1, 0, 0) = 0
13672   0.000520 libpthread.so.0->__clone(0x2b9c14fedde0, 0x2b9c2da9efc0, 0x3d0f00, 0x2b9c2da9f700) = 0x3576
13672   0.026182 libjvm.so->fopen(0x2b9c180f1810, 0x2b9c16783ccb, 4, 0x6f732e70) = 0x2b9c180f1d10
13672   0.001286 libjvm.so->dlopen(0x2b9c180f1810, 1, 0xffffffff, 0x2b9c180e8c00) = 0x2b9c18057c20
13672   0.003404 libjvm.so->open64(0x2b9c14eff510, 0, 0, 16) = 5
13672   0.000595 libjvm.so->__fxstat64(1, 5, 0x2b9c14eff340, -1) = 0
13672   0.012740 libjvm.so->fopen(0x2b9c14efc130, 0x2b9c16783ccb, 4011, 3996) = 0x2b9c180fcce0
13672   0.000728 libjvm.so->fopen(0x2b9c14efc130, 0x2b9c16783ccb, 4011, 3996) = 0x2b9c180fcce0
13672   0.000703 libjvm.so->fopen(0x2b9c14efc130, 0x2b9c16783ccb, 4011, 4004) = 0x2b9c180fcce0
13672   0.010056 libjvm.so->pthread_attr_setdetachstate(0x2b9c14f00b50, 1, 0, 0) = 0
13672   0.000583 libpthread.so.0->__clone(0x2b9c14fedde0, 0x2b9c2db9ffc0, 0x3d0f00, 0x2b9c2dba0700) = 0x3578
13672   0.000964 libjvm.so->__xstat64(1, 0x2b9c14f00be0, 0x2b9c14f00b50, 19) = -1
13672   0.000775 libjvm.so->pthread_attr_setdetachstate(0x2b9c14f00950, 1, 0, 0) = 0
13672   0.000838 libpthread.so.0->__clone(0x2b9c14fedde0, 0x2b9c2dca0fc0, 0x3d0f00, 0x2b9c2dca1700) = 0x357a
13672   0.001145 libjvm.so->pthread_attr_setdetachstate(0x2b9c14f00950, 1, 0, 0) = 0
13672   0.000907 libpthread.so.0->__clone(0x2b9c14fedde0, 0x2b9c2dda1fc0, 0x3d0f00, 0x2b9c2dda2700) = 0x357c
13672   0.008222 libjvm.so->pthread_attr_setdetachstate(0x2b9c14f00aa0, 1, 0, 0) = 0
13672   0.000958 libpthread.so.0->__clone(0x2b9c14fedde0, 0x2b9c2dea2fc0, 0x3d0f00, 0x2b9c2dea3700) = 0x357f
13672   0.001921 libjvm.so->pthread_attr_setdetachstate(0x2b9c14f00bb0, 1, 0, 0) = 0
13672   0.001017 libpthread.so.0->__clone(0x2b9c14fedde0, 0x2b9c2dfa3fc0, 0x3d0f00, 0x2b9c2dfa4700) = 0x3581
13672   0.010513 libjvm.so->open64(0x2b9c181369e0, 0, 0, 32) = 7
13672   0.001139 libjvm.so->__fxstat64(1, 7, 0x2b9c14efdf60, -1) = 0
13672   0.020158 libjvm.so->fopen(0x2b9c1815c6a0, 0x2b9c16783ccb, 4, 0x6f732e6f) = 0x2b9c1815c760
13672   0.003022 libjvm.so->dlopen(0x2b9c1815c6a0, 1, 0xffffffff, 0x2b9c1815c600) = 0x2b9c1815c760
13690   0.034537 --- SIGSEGV (Segmentation fault) ---
13672   0.072370 libjvm.so->fopen(0x2b9c181ad300, 0x2b9c16783ccb, 4, 0x6f732e74) = 0x2b9c181c53c0
13672   0.002878 libjvm.so->dlopen(0x2b9c181ad300, 1, 0xffffffff, 0x2b9c181ad600) = 0x2b9c181c53c0
13672   0.041432 libjvm.so->fopen(0x2b9c14ef9070, 0x2b9c16783ccb, 0x6f732e, 0x6d766a62696c2f72) = 0x2b9c181f1f40
13672   0.003961 libjvm.so->dlopen(0x2b9c14ef9070, 1, 0xffffffff, 0x2b9c181f1e00) = 0x55c5870344b0
13672   0.001084 libjvm.so->fopen(0x2b9c14ef9070, 0x2b9c16783ccb, 0x6f732e, 0x6d766a62696c2f72) = 0x2b9c181f23b0
13672   0.004042 libjvm.so->dlopen(0x2b9c14ef9070, 1, 0xffffffff, 0x2b9c181f1e00) = 0x55c5870344b0
13672   0.001129 libjvm.so->fopen(0x2b9c14ef9070, 0x2b9c16783ccb, 0x6f732e, 0x6d766a62696c2f72) = 0x2b9c181f1fe0
13672   0.002377 libjvm.so->dlopen(0x2b9c14ef9070, 1, 0xffffffff, 0x2b9c181f1e00) = 0x55c5870344b0
13672   0.001130 libjvm.so->fopen(0x2b9c14ef9070, 0x2b9c16783ccb, 0x6f732e, 0x6d766a62696c2f72) = 0x2b9c181f1fe0
13672   0.003158 libjvm.so->dlopen(0x2b9c14ef9070, 1, 0xffffffff, 0x2b9c181f1e00) = 0x55c5870344b0
13672   0.064789 libjvm.so->fopen(0x2b9c18248800, 0x2b9c16783ccb, 0x6f732e7373656c, 0x656c646165685f74) = 0x2b9c182488e0
13672   0.002526 libjvm.so->dlopen(0x2b9c18248800, 1, 0xffffffff, 0x2b9c18248800) = 0x2b9c182488e0
13697   0.028423 +++ exited (status 0) +++
13688   0.000399 +++ exited (status 0) +++
13679   0.000293 +++ exited (status 0) +++
13672   0.000371 +++ exited (status 0) +++
13690   0.000199 +++ exited (status 1) +++
13692   0.000017 +++ exited (status 1) +++
13686   0.000009 +++ exited (status 1) +++
13684   0.000010 +++ exited (status 1) +++
13695   0.003987 +++ exited (status 1) +++
13670   0.000035 +++ exited (status 1) +++
Wrote an ltrace for command: "java -cp ./tools/maxent.jar density.Project outputs/Estola_hirsutella_Aurivillius/Estola_hirsutella_Aurivillius.lambdas data/layers/worldclim outputs/Estola_hirsutella_Aurivillius_worldclim.asc nowarnings nocache autorun -z" with PID 13666 from PPID 13634 on disc23.crc.nd.edu with result 1
REMOTEHOST=10.17.150.200
_CONDOR_JOB_PIDS=
MANPATH=/afs/crc.nd.edu/user/n/nkremerh/cctools/share/man/:/afs/crc.nd.edu/group/ccl/software/x86_64/redhat7/ruby/current/share/man:/afs/crc.nd.edu/group/ccl/software/x86_64/redhat7/graphviz/current/share/man:/afs/crc.nd.edu/group/ccl/software/x86_64/redhat7/gnuplot/current/share/man:/afs/crc.nd.edu/group/ccl/software/x86_64/redhat7/git/current/share/man:/afs/crc.nd.edu/group/ccl/software/x86_64/redhat7/condor/current/share/man:/afs/crc.nd.edu/group/ccl/software/x86_64/redhat7/clang/current/share/man:/afs/crc.nd.edu/group/ccl/software/x86_64/redhat7/condor/current/share/man:/afs/crc.nd.edu/group/ccl/software/x86_64/redhat7/cctools/current/share/man:/afs/crc.nd.edu/group/ccl/software/x86_64/redhat7/cctools/current/share/man:/afs/crc.nd.edu/x86_64_linux/Modules/4.5.0/share/man:/opt/crc/usr/local/man:/opt/sge/man:/usr/share/man/overrides:/usr/share/man:/usr/local/share/man
XDG_SESSION_ID=5195
HOSTNAME=disc01.crc.nd.edu
_LMFILES__modshare=/afs/crc.nd.edu/x86_64_linux/Modules/modules/system_modules/CRC_default/1.1:1
MODULEPATH_modshare=/afs/crc.nd.edu/x86_64_linux/Modules/modules/general_software:1:/afs/crc.nd.edu/x86_64_linux/Modules/modules/development_tools_and_libraries:1:/afs/crc.nd.edu/x86_64_linux/Modules/modules/system_modules:1:/afs/crc.nd.edu/x86_64_linux/Modules/current/modulefiles:1:/afs/crc.nd.edu/x86_64_linux/Modules/modules/restricted_software:1:/afs/crc.nd.edu/x86_64_linux/Modules/modules/deprecated_software:1
MODULES_CMD=/afs/crc.nd.edu/x86_64_linux/Modules/4.5.0/libexec/modulecmd.tcl
HOST=disc01.crc.nd.edu
SHELL=/bin/tcsh
TERM=xterm-256color
MAKEFLAGS=
HISTSIZE=5000
TMPDIR=/var/condor/execute/dir_25343/worker-213124-25388/t.1665/cctools-temp-t.1665.lJaWwe
SSH_CLIENT=10.17.150.200 39500 22
PERL5LIB=/afs/crc.nd.edu/user/n/nkremerh/cctools/lib/perl5/site_perl/5.16.3:/afs/crc.nd.edu/user/n/nkremerh/.perl5/lib/perl5
SGE_CELL=crc
_CONDOR_SCRATCH_DIR=/var/condor/execute/dir_25343
PERL_MB_OPT=--install_base '/afs/crc.nd.edu/user/n/nkremerh/.perl5/'
SSH_TTY=/dev/pts/0
SGE_LOAD_AVG=load_avg
MAKEFLOW_MAX_LOCAL_JOBS=2
HISTFILESIZE=10000
_CHIRP_DELAYED_UPDATE_PREFIX=Chirp*
USER=nkremerh
GROUP=campus
LD_LIBRARY_PATH=/afs/crc.nd.edu/group/ccl/software/x86_64/redhat7/ruby/current/lib:/afs/crc.nd.edu/group/ccl/software/x86_64/redhat7/graphviz/current/lib:/afs/crc.nd.edu/group/ccl/software/x86_64/redhat7/git/current/lib:/afs/crc.nd.edu/group/ccl/software/x86_64/redhat7/condor/current/lib:/afs/crc.nd.edu/group/ccl/software/x86_64/redhat7/clang/current/lib:/afs/crc.nd.edu/group/ccl/software/x86_64/redhat7/condor/current/lib:/afs/crc.nd.edu/group/ccl/software/x86_64/redhat7/cctools/current/lib:/opt/crc/usr/local/lib
TEMP=/var/condor/execute/dir_25343/worker-213124-25388/t.1665/cctools-temp-t.1665.lJaWwe
BATCH_SYSTEM=HTCondor
WORKER_TMPDIR=/var/condor/execute/dir_25343/worker-213124-25388/cache/tmp
ENV=/afs/crc.nd.edu/x86_64_linux/Modules/4.5.0/init/profile.sh
MODULES_LMALTNAME=CRC_default/1.1&CRC_default/default&CRC_default
_CONDOR_ANCESTOR_3574=25343:1600703217:4040868673
_CONDOR_CHIRP_CONFIG=/var/condor/execute/dir_25343/.chirp.config
GLOBUS_GSSAPI_MAX_TLS_PROTOCOL=0
_CONDOR_HIGHPORT=9999
HOSTTYPE=x86_64-linux
MAKELEVEL=1
MFLAGS=
CCLSOFTWARE=/afs/crc.nd.edu/group/ccl/software/x86_64/redhat7
PATH=/afs/crc.nd.edu/user/n/nkremerh/cctools/bin:/afs/crc.nd.edu/user/n/nkremerh/miniconda/bin:/afs/crc.nd.edu/group/ccl/software/git:/afs/crc.nd.edu/user/n/nkremerh/.local/bin:/afs/crc.nd.edu/group/ccl/software/x86_64/redhat7/povray/3.7/bin:/afs/crc.nd.edu/user/n/nkremerh/.perl5/bin:/afs/crc.nd.edu/user/n/nkremerh/pegasus/bin:/afs/crc.nd.edu/user/n/nkremerh/nodejs/bin:/afs/crc.nd.edu/user/n/nkremerh/montage/bin:/afs/crc.nd.edu/user/n/nkremerh/latexdiff:/afs/crc.nd.edu/user/n/nkremerh/envtrace:/afs/crc.nd.edu/user/n/nkremerh/endlines:/afs/crc.nd.edu/user/n/nkremerh/cctools/bin:/afs/crc.nd.edu/user/n/nkremerh/.cargo/bin:/afs/crc.nd.edu/group/ccl/software/x86_64/redhat7/ruby/current/bin:/afs/crc.nd.edu/group/ccl/software/x86_64/redhat7/graphviz/current/bin:/afs/crc.nd.edu/group/ccl/software/x86_64/redhat7/gnuplot/current/bin:/afs/crc.nd.edu/group/ccl/software/x86_64/redhat7/git/current/bin:/afs/crc.nd.edu/group/ccl/software/x86_64/redhat7/condor/current/sbin:/afs/crc.nd.edu/group/ccl/software/x86_64/redhat7/condor/current/bin:/afs/crc.nd.edu/group/ccl/software/x86_64/redhat7/cmake/current/bin:/afs/crc.nd.edu/group/ccl/software/x86_64/redhat7/clang/current/bin:/afs/crc.nd.edu/group/ccl/software/x86_64/redhat7/condor/current/sbin:/afs/crc.nd.edu/group/ccl/software/x86_64/redhat7/condor/current/bin:/afs/crc.nd.edu/group/ccl/software/x86_64/redhat7/cctools/current/bin:/afs/crc.nd.edu/x86_64_linux/Modules/4.5.0/bin:/opt/crc/usr/local/bin:/opt/sge/bin/lx-amd64:/usr/local/bin:/usr/bin:/usr/local/sbin:/usr/sbin:/afs/crc.nd.edu/user/c/condor/software/bin:/afs/crc.nd.edu/user/c/condor/software/sbin
MAIL=/var/spool/mail/nkremerh
_CONDOR_ANCESTOR_3382=3574:1598183948:1170902758
PWD=/var/condor/execute/dir_25343/worker-213124-25388/t.1665
_LMFILES_=/afs/crc.nd.edu/x86_64_linux/Modules/modules/system_modules/CRC_default/1.1
SGE_EXECD_PORT=6445
EDITOR=vim
LANG=en_US.UTF-8
MODULEPATH=/afs/crc.nd.edu/x86_64_linux/Modules/modules/development_tools_and_libraries:/afs/crc.nd.edu/x86_64_linux/Modules/modules/general_software:/afs/crc.nd.edu/x86_64_linux/Modules/modules/restricted_software:/afs/crc.nd.edu/x86_64_linux/Modules/modules/system_modules:/afs/crc.nd.edu/x86_64_linux/Modules/modules/deprecated_software:/afs/crc.nd.edu/x86_64_linux/Modules/current/modulefiles
SGE_QMASTER_PORT=6444
SGE_ROOT=/opt/sge
LOADEDMODULES=CRC_default/1.1
WORK_QUEUE_SANDBOX=/var/condor/execute/dir_25343/worker-213124-25388
_CONDOR_SLOT=slot1
CCLPLATFORM=x86_64/redhat7
USE_SYSTEMD=true
_CONDOR_LOWPORT=9100
KRB5CCNAME=FILE:/tmp/krb5cc_213124_6nLDKQ
HISTCONTROL=ignoreboth:erasedups
PATH_modshare=/opt/crc/usr/local/bin:1:/opt/sge/bin/lx-amd64:1:/usr/sbin:1:/usr/bin:1:/afs/crc.nd.edu/user/c/condor/software/sbin:1:/usr/local/sbin:1:/afs/crc.nd.edu/user/c/condor/software/bin:1:/usr/local/bin:1
SHLVL=7
HOME=disc01.crc.nd.edu
GLOBUS_GSSAPI_NAME_COMPATIBILITY=STRICT_RFC2818
_CONDOR_MACHINE_AD=/var/condor/execute/dir_25343/.machine.ad
OSTYPE=linux
DISK=917322
GREP_OPTIONS=--color=auto
GLOBUS_GSSAPI_MIN_TLS_PROTOCOL=TLS1_VERSION
MEMORY=15899
MANPATH_modshare=/usr/share/man/overrides:1:/usr/local/share/man:1:/usr/share/man:1:/opt/crc/usr/local/man:1:/opt/sge/man:1
VENDOR=unknown
BASH_ENV=/afs/crc.nd.edu/x86_64_linux/Modules/4.5.0/init/bash
PERL_LOCAL_LIB_ROOT=/afs/crc.nd.edu/user/n/nkremerh/.perl5/
PYTHONPATH=/afs/crc.nd.edu/user/n/nkremerh/cctools/lib/python3.6/site-packages/
CCLHOME=/afs/crc.nd.edu/group/ccl
MACHTYPE=x86_64
LOGNAME=nkremerh
TMP=/var/condor/execute/dir_25343/worker-213124-25388/t.1665/cctools-temp-t.1665.lJaWwe
LD_LIBRARY_PATH_modshare=/opt/crc/usr/local/lib:1
MODULES_LMALTNAME_modshare=CRC_default/1.1&CRC_default/default&CRC_default:1
SSH_CONNECTION=10.17.150.200 39500 129.74.128.103 22
MODULESHOME=/afs/crc.nd.edu/x86_64_linux/Modules/4.5.0
OMP_NUM_THREADS=1
LESSOPEN=||/usr/bin/lesspipe.sh %s
GLOBUS_GSSAPI_BACKWARD_COMPATIBLE_MIC=true
GLOBUS_GSSAPI_CIPHERS=HIGH
_CONDOR_ANCESTOR_25343=25356:1600703218:3939290345
LOADEDMODULES_modshare=CRC_default/1.1:1
_CONDOR_JOB_AD=/var/condor/execute/dir_25343/.job.ad
SGE_CLUSTER_NAME=CRC
XDG_RUNTIME_DIR=/run/user/213124
CCTOOLS=../cctools
CORES=4
_CONDOR_JOB_IWD=/var/condor/execute/dir_25343
PERL_MM_OPT=INSTALL_BASE=/afs/crc.nd.edu/user/n/nkremerh/.perl5/
GLOBUS_GSSAPI_SERVER_CIPHER_ORDER=true
BASH_FUNC_module()=() {  unset _mlshdbg;
 if [ "${MODULES_SILENT_SHELL_DEBUG:-0}" = '1' ]; then
 case "$-" in 
 *v*x*)
 set +vx;
 _mlshdbg='vx'
 ;;
 *v*)
 set +v;
 _mlshdbg='v'
 ;;
 *x*)
 set +x;
 _mlshdbg='x'
 ;;
 *)
 _mlshdbg=''
 ;;
 esac;
 fi;
 unset _mlre _mlIFS;
 if [ -n "${IFS+x}" ]; then
 _mlIFS=$IFS;
 fi;
 IFS=' ';
 for _mlv in ${MODULES_RUN_QUARANTINE:-};
 do
 if [ "${_mlv}" = "${_mlv##*[!A-Za-z0-9_]}" -a "${_mlv}" = "${_mlv#[0-9]}" ]; then
 if [ -n "`eval 'echo ${'$_mlv'+x}'`" ]; then
 _mlre="${_mlre:-}${_mlv}_modquar='`eval 'echo ${'$_mlv'}'`' ";
 fi;
 _mlrv="MODULES_RUNENV_${_mlv}";
 _mlre="${_mlre:-}${_mlv}='`eval 'echo ${'$_mlrv':-}'`' ";
 fi;
 done;
 if [ -n "${_mlre:-}" ]; then
 eval `eval ${_mlre}/usr/bin/tclsh /afs/crc.nd.edu/x86_64_linux/Modules/4.5.0/libexec/modulecmd.tcl bash '"$@"'`;
 else
 eval `/usr/bin/tclsh /afs/crc.nd.edu/x86_64_linux/Modules/4.5.0/libexec/modulecmd.tcl bash "$@"`;
 fi;
 _mlstatus=$?;
 if [ -n "${_mlIFS+x}" ]; then
 IFS=$_mlIFS;
 else
 unset IFS;
 fi;
 unset _mlre _mlv _mlrv _mlIFS;
 if [ -n "${_mlshdbg:-}" ]; then
 set -$_mlshdbg;
 fi;
 unset _mlshdbg;
 return $_mlstatus
}
BASH_FUNC_ml()=() {  module ml "$@"
}
_=/usr/bin/printenv
