13836   0.000000 libjli.so->getenv("_JAVA_LAUNCHER_DEBUG") = nil
13836   0.001146 libjli.so->getenv("_JAVA_VERSION_SET") = nil
13836   0.000469 libjli.so->fopen("/usr/lib/jvm/java-1.8.0-openjdk-1.8.0.262.b10-0.el7_8.x86_64/jre/lib/amd64/jvm.cfg", "r") = 0x5606683960e0
13836   0.000533 libjli.so->getenv("JDK_ALTERNATE_VM") = nil
13836   0.000208 libjli.so->__xstat(1, "/usr/lib/jvm/java-1.8.0-openjdk-1.8.0.262.b10-0.el7_8.x86_64/jre/lib/amd64/server/libjvm.so", 0x7ffd5b0e1820) = 0
13836   0.000418 libjli.so->getenv("LD_LIBRARY_PATH") = "/afs/crc.nd.edu/group/ccl/software/x86_64/redhat7/ruby/current/lib:/afs/crc.nd.edu/group/ccl/software/x86_64/redhat7/graphviz/current/lib:/afs/crc.nd.edu/group/ccl/software/x86_64/redhat7/git/current/lib:/afs/crc.nd.edu/group/ccl/software/x86_64/redhat7/condor/current/lib:/afs/crc.nd.edu/group/ccl/software/x86_64/redhat7/clang/current/lib:/afs/crc.nd.edu/group/ccl/software/x86_64/redhat7/condor/current/lib:/afs/crc.nd.edu/group/ccl/software/x86_64/redhat7/cctools/current/lib:/opt/crc/usr/local/lib"
13836   0.001396 libjli.so->dlopen("/usr/lib/jvm/java-1.8.0-openjdk-1.8.0.262.b10-0.el7_8.x86_64/jre/lib/amd64/server/libjvm.so", 258 <unfinished ...>
13836   0.025309 libjvm.so->getenv("NMT_LEVEL_13836") = nil
13836   0.001143 <... dlopen resumed> )          = 0x5606683964b0
13836   0.000064 libjli.so->getenv("CLASSPATH")  = nil
13836   0.000213 libjli.so->getenv("_JAVA_SPLASH_JAR") = nil
13836   0.000199 libjli.so->getenv("_JAVA_SPLASH_FILE") = nil
13836   0.000202 libjli.so->pthread_attr_setdetachstate(0x7ffd5b0e17d0, 0, 0x7ffd5b0e1860, 0) = 0
13836   0.000353 libpthread.so.0->__clone(0x2b10496a7de0, 0x2b10495bafc0, 0x3d0f00, 0x2b10495bb700) = 0x3611
13841   0.001609 libjvm.so->dlopen(0x2b104ae869ae, 1, 0xfffffffffff42c48, 4096) = 0x2b104c000990
13841   0.001679 libjvm.so->getenv(0x2b104aea183e, 0, 115, 0x65737361) = 0x7ffd5b0e764f
13841   0.000289 libjvm.so->fopen(0x2b10495b9c10, 0x2b104ae3dccb, 0x6f732e79666972, 0x2b1049f7fab0) = 0x2b104c001440
13841   0.000902 libjvm.so->dlopen(0x2b10495b9c10, 1, 0xffffffff, 0x2b104c002b00) = 0x2b104c001440
13841   0.000931 libjvm.so->fopen(0x2b10495b9c10, 0x2b104ae3dccb, 111, 0x732e6176) = 0x2b104c001b10
13841   0.001005 libjvm.so->dlopen(0x2b10495b9c10, 1, 0xffffffff, 0x2b104c001a00) = 0x2b104c001b10
13841   0.001005 libjvm.so->__xstat(1, 0x2b10495ba360, 0x2b10495baba0, 0x746f7073746f682e) = -1
13841   0.000297 libjvm.so->getenv(0x2b104ae36541, 0x2b10495ba6d0, 1024, 0x2b104b2f061b) = 0
13841   0.000305 libjvm.so->getenv(0x2b104ae36533, 0x2b10495ba6d0, 1024, 0) = 0
13841   0.000300 libjvm.so->fopen(0x2b104ae86315, 0x2b104ae3dccb, 4095, 0xffffd4efb51c9b03) = 0x2b104c0032b0
13841   0.000761 libjvm.so->fopen(0x2b104ae86361, 0x2b104ae3dccb, 0x2b104c000078, 0x2b104c0032a0) = 0x2b104c0032b0
13841   0.000476 libjvm.so->fopen(0x2b10495b49b0, 0x2b104ae3dccb, 4014, 3995) = 0x2b104c0032b0
13841   0.000414 libjvm.so->opendir(0x2b104c002b40, 0x2b104c002b40, 13, 16) = 0
13841   0.000303 libjvm.so->__xstat(1, 0x2b10495b98f0, 0x2b10495b8860, 0x6f732e7477616d62) = -1
13841   0.000281 libjvm.so->__xstat(1, 0x2b10495b98f0, 0x2b10495b8860, 0x5f74776162696c2f) = 0
13841   0.000318 libjvm.so->fopen(0x2b10495b8b90, 0x2b104ae3dccb, 4009, 3994) = 0x2b104c003790
13841   0.000410 libjvm.so->fopen(0x2b10495b8b90, 0x2b104ae3dccb, 4009, 3994) = 0x2b104c003790
13841   0.000397 libjvm.so->fopen(0x2b10495b8b90, 0x2b104ae3dccb, 4009, 4002) = 0x2b104c003790
13841   0.000417 libjvm.so->fopen(0x2b10495b8b20, 0x2b104ae3dccb, 4009, 3994) = 0x2b104c003790
13841   0.000384 libjvm.so->fopen(0x2b10495b8b20, 0x2b104ae3dccb, 4009, 3994) = 0x2b104c003790
13841   0.000397 libjvm.so->fopen(0x2b10495b8b20, 0x2b104ae3dccb, 4009, 4002) = 0x2b104c003790
13841   0.000418 libjvm.so->fopen(0x2b10495b8b50, 0x2b104ae3dccb, 4014, 3995) = 0x2b104c003790
13841   0.000544 libjvm.so->getenv(0x2b104ae870ff, 4096, 3, -1) = 0
13841   0.000583 libjvm.so->fopen(0x2b104ae86998, 0x2b104ae3dccb, 0x2b104969e908, 0x2b104969ddf0) = 0x2b104c003790
13841   0.003104 libjvm.so->open(0x2b104c04a580, 0x20000, 0, 0x2b104c04a5c9) = 3
13841   0.000292 libjvm.so->__fxstat(1, 3, 0x2b10495baa00, -1) = 0
13841   0.000329 libjvm.so->opendir(0x2b104c04a580, 0x2b10495baa00, 0x4000, -1) = 0x2b104c04b490
13841   0.000307 libjvm.so->__fxstat(1, 3, 0x2b10495ba8a0, 0x2b104c04b490) = 0
13841   0.000302 libjvm.so->__fxstat(1, 5, 0x2b10495ba930, -1) = 0
13841   0.000316 libjvm.so->open(0x2b104ae549dc, 0, 0, 0) = 3
13841   0.000435 libjvm.so->__lxstat(1, 0x2b104c04a580, 0x2b10495bab50, -144) = 0
13841   0.000297 libjvm.so->open(0x2b104c04a580, 0x20000, 0x4000, -1) = 3
13841   0.000304 libjvm.so->__fxstat(1, 3, 0x2b10495baa00, -1) = 0
13841   0.000294 libjvm.so->opendir(0x2b104c04a580, 0x2b10495baa00, 0x4000, -1) = 0x2b104c04b490
13841   0.000282 libjvm.so->__fxstat(1, 3, 0x2b10495ba8a0, 0x2b104c04b490) = 0
13841   0.000338 libjvm.so->__fxstat(1, 5, 0x2b10495ba930, -1) = 0
13841   0.000317 libjvm.so->open(0x2b104ae549dc, 0, 0, 0) = 3
13841   0.000312 libjvm.so->open(0x2b104c04a5c9, 0x20042, 384, -1) = 7
13841   0.000504 libjvm.so->__fxstat(1, 7, 0x2b10495bab50, -1) = 0
13841   0.001123 libjvm.so->fopen(0x2b10495b9b60, 0x2b104ae3dccb, 4, 0x6f732e70) = 0x2b104c057be0
13841   0.001002 libjvm.so->dlopen(0x2b10495b9b60, 1, 0xffffffff, 0x2b104c057b00) = 0x2b104c057be0
13841   0.000962 libjvm.so->__xstat(1, 0x2b10495ba120, 0x2b10495ba950, 2048) = 0
13841   0.000313 libjvm.so->__xstat(1, 0x2b10495ba120, 0x2b10495ba950, 2048) = 0
13841   0.000295 libjvm.so->__xstat(1, 0x2b10495ba120, 0x2b10495ba950, 2048) = -1
13841   0.000294 libjvm.so->__xstat(1, 0x2b10495ba120, 0x2b10495ba950, 2048) = 0
13841   0.000291 libjvm.so->__xstat(1, 0x2b10495ba120, 0x2b10495ba950, 2048) = 0
13841   0.000293 libjvm.so->__xstat(1, 0x2b10495ba120, 0x2b10495ba950, 2048) = 0
13841   0.000298 libjvm.so->__xstat(1, 0x2b10495ba120, 0x2b10495ba950, 2048) = 0
13841   0.000308 libjvm.so->__xstat(1, 0x2b10495ba120, 0x2b10495ba950, 2048) = -1
13841   0.000296 libjvm.so->fopen(0x2b104c002520, 0x2b104ae3dccb, 0, 0) = 0x2b104c058a80
13841   0.006465 libjvm.so->open64(0x2b10495b9410, 0, 0, 16) = 3
13841   0.000324 libjvm.so->__fxstat64(1, 3, 0x2b10495b9240, -1) = 0
13841   0.024074 libjvm.so->__xstat(1, 0x2b10495b9f20, 0x2b10495ba750, 2048) = -1
13841   0.000429 libjvm.so->fopen(0x2b10495b8b20, 0x2b104ae3dccb, 4009, 3994) = 0x2b104c0b5ec0
13841   0.000453 libjvm.so->fopen(0x2b10495b8b20, 0x2b104ae3dccb, 4009, 3994) = 0x2b104c0b5ec0
13841   0.000406 libjvm.so->fopen(0x2b10495b8b20, 0x2b104ae3dccb, 4009, 4002) = 0x2b104c0b5ec0
13841   0.003002 libjvm.so->pthread_attr_setdetachstate(0x2b10495bac00, 1, 0, 0) = 0
13841   0.000331 libpthread.so.0->__clone(0x2b10496a7de0, 0x2b1061f32fc0, 0x3d0f00, 0x2b1061f33700) = 0x3612
13841   0.010235 libjvm.so->pthread_attr_setdetachstate(0x2b10495ba290, 1, 0, 0) = 0
13841   0.000467 libpthread.so.0->__clone(0x2b10496a7de0, 0x2b1062033fc0, 0x3d0f00, 0x2b1062034700) = 0x3613
13841   0.004773 libjvm.so->pthread_attr_setdetachstate(0x2b10495ba610, 1, 0, 0) = 0
13841   0.000544 libpthread.so.0->__clone(0x2b10496a7de0, 0x2b1062134fc0, 0x3d0f00, 0x2b1062135700) = 0x3614
13841   0.026780 libjvm.so->fopen(0x2b104c0f17e0, 0x2b104ae3dccb, 4, 0x6f732e70) = 0x2b104c0f1ce0
13841   0.001339 libjvm.so->dlopen(0x2b104c0f17e0, 1, 0xffffffff, 0x2b104c0e8c00) = 0x2b104c057be0
13841   0.003493 libjvm.so->open64(0x2b10495b9510, 0, 0, 16) = 5
13841   0.000692 libjvm.so->__fxstat64(1, 5, 0x2b10495b9340, -1) = 0
13841   0.013135 libjvm.so->fopen(0x2b10495b6130, 0x2b104ae3dccb, 4009, 3994) = 0x2b104c0fccb0
13841   0.000789 libjvm.so->fopen(0x2b10495b6130, 0x2b104ae3dccb, 4009, 3994) = 0x2b104c0fccb0
13841   0.000726 libjvm.so->fopen(0x2b10495b6130, 0x2b104ae3dccb, 4009, 4002) = 0x2b104c0fccb0
13841   0.010363 libjvm.so->pthread_attr_setdetachstate(0x2b10495bab50, 1, 0, 0) = 0
13841   0.000649 libpthread.so.0->__clone(0x2b10496a7de0, 0x2b1062235fc0, 0x3d0f00, 0x2b1062236700) = 0x3615
13841   0.000930 libjvm.so->__xstat64(1, 0x2b10495babe0, 0x2b10495bab50, 19) = -1
13841   0.000790 libjvm.so->pthread_attr_setdetachstate(0x2b10495ba950, 1, 0, 0) = 0
13841   0.000696 libpthread.so.0->__clone(0x2b10496a7de0, 0x2b1062336fc0, 0x3d0f00, 0x2b1062337700) = 0x3616
13841   0.001112 libjvm.so->pthread_attr_setdetachstate(0x2b10495ba950, 1, 0, 0) = 0
13841   0.000873 libpthread.so.0->__clone(0x2b10496a7de0, 0x2b1062437fc0, 0x3d0f00, 0x2b1062438700) = 0x3617
13841   0.006111 libjvm.so->pthread_attr_setdetachstate(0x2b10495baaa0, 1, 0, 0) = 0
13841   0.000948 libpthread.so.0->__clone(0x2b10496a7de0, 0x2b1062538fc0, 0x3d0f00, 0x2b1062539700) = 0x3618
13841   0.001519 libjvm.so->pthread_attr_setdetachstate(0x2b10495babb0, 1, 0, 0) = 0
13841   0.001078 libpthread.so.0->__clone(0x2b10496a7de0, 0x2b1062639fc0, 0x3d0f00, 0x2b106263a700) = 0x3619
13841   0.010564 libjvm.so->open64(0x2b104c12e8b0, 0, 0, 48) = 7
13841   0.001156 libjvm.so->__fxstat64(1, 7, 0x2b10495b7f60, -1) = 0
13841   0.017592 libjvm.so->fopen(0x2b104c1546e0, 0x2b104ae3dccb, 4, 0x6f732e6f) = 0x2b104c1547a0
13841   0.002502 libjvm.so->dlopen(0x2b104c1546e0, 1, 0xffffffff, 0x2b104c154700) = 0x2b104c1547a0
13841   0.100558 libjvm.so->fopen(0x2b104c1a74d0, 0x2b104ae3dccb, 4, 0x6f732e74) = 0x2b104c1cf400
13841   0.002139 libjvm.so->dlopen(0x2b104c1a74d0, 1, 0xffffffff, 0x2b104c1b7200) = 0x2b104c1cf400
13841   0.039162 libjvm.so->fopen(0x2b10495b3070, 0x2b104ae3dccb, 0x6f732e, 0x6d766a62696c2f72) = 0x2b104c1e1f00
13841   0.004329 libjvm.so->dlopen(0x2b10495b3070, 1, 0xffffffff, 0x2b104c1e1e00) = 0x5606683964b0
13841   0.001131 libjvm.so->fopen(0x2b10495b3070, 0x2b104ae3dccb, 0x6f732e, 0x6d766a62696c2f72) = 0x2b104c1e2300
13841   0.003097 libjvm.so->dlopen(0x2b10495b3070, 1, 0xffffffff, 0x2b104c1e1e00) = 0x5606683964b0
13841   0.001592 libjvm.so->fopen(0x2b10495b3070, 0x2b104ae3dccb, 0x6f732e, 0x6d766a62696c2f72) = 0x2b104c1e2290
13841   0.002292 libjvm.so->dlopen(0x2b10495b3070, 1, 0xffffffff, 0x2b104c1e1e00) = 0x5606683964b0
13841   0.001085 libjvm.so->fopen(0x2b10495b3070, 0x2b104ae3dccb, 0x6f732e, 0x6d766a62696c2f72) = 0x2b104c1e2290
13841   0.002184 libjvm.so->dlopen(0x2b10495b3070, 1, 0xffffffff, 0x2b104c1e1e00) = 0x5606683964b0
13841   0.057485 libjvm.so->fopen(0x2b104c258780, 0x2b104ae3dccb, 0x6f732e7373656c, 0x656c646165685f74) = 0x2b104c258860
13841   0.002620 libjvm.so->dlopen(0x2b104c258780, 1, 0xffffffff, 0x2b104c258700) = 0x2b104c258860
13849   0.031247 +++ exited (status 0) +++
13845   0.000209 --- SIGSEGV (Segmentation fault) ---
13842   0.000279 +++ exited (status 0) +++
13841   0.000161 +++ exited (status 0) +++
13847   0.000218 +++ exited (status 1) +++
13846   0.000015 +++ exited (status 1) +++
13845   0.000010 +++ exited (status 1) +++
13844   0.000010 +++ exited (status 1) +++
13843   0.000009 +++ exited (status 1) +++
13848   0.003699 +++ exited (status 1) +++
13836   0.000037 +++ exited (status 1) +++
Wrote an ltrace for command: "java -cp ./tools/maxent.jar density.Project outputs/Neoceratitis_minima/Neoceratitis_minima.lambdas data/layers/worldclim outputs/Neoceratitis_minima_worldclim.asc nowarnings nocache autorun -z" with PID 13833 from PPID 13817 on disc23.crc.nd.edu with result 1
REMOTEHOST=10.17.150.200
_CONDOR_JOB_PIDS=
MANPATH=/afs/crc.nd.edu/user/n/nkremerh/cctools/share/man/:/afs/crc.nd.edu/group/ccl/software/x86_64/redhat7/ruby/current/share/man:/afs/crc.nd.edu/group/ccl/software/x86_64/redhat7/graphviz/current/share/man:/afs/crc.nd.edu/group/ccl/software/x86_64/redhat7/gnuplot/current/share/man:/afs/crc.nd.edu/group/ccl/software/x86_64/redhat7/git/current/share/man:/afs/crc.nd.edu/group/ccl/software/x86_64/redhat7/condor/current/share/man:/afs/crc.nd.edu/group/ccl/software/x86_64/redhat7/clang/current/share/man:/afs/crc.nd.edu/group/ccl/software/x86_64/redhat7/condor/current/share/man:/afs/crc.nd.edu/group/ccl/software/x86_64/redhat7/cctools/current/share/man:/afs/crc.nd.edu/group/ccl/software/x86_64/redhat7/cctools/current/share/man:/afs/crc.nd.edu/x86_64_linux/Modules/4.5.0/share/man:/opt/crc/usr/local/man:/opt/sge/man:/usr/share/man/overrides:/usr/share/man:/usr/local/share/man
XDG_SESSION_ID=5195
HOSTNAME=disc01.crc.nd.edu
_LMFILES__modshare=/afs/crc.nd.edu/x86_64_linux/Modules/modules/system_modules/CRC_default/1.1:1
MODULEPATH_modshare=/afs/crc.nd.edu/x86_64_linux/Modules/modules/general_software:1:/afs/crc.nd.edu/x86_64_linux/Modules/modules/development_tools_and_libraries:1:/afs/crc.nd.edu/x86_64_linux/Modules/modules/system_modules:1:/afs/crc.nd.edu/x86_64_linux/Modules/current/modulefiles:1:/afs/crc.nd.edu/x86_64_linux/Modules/modules/restricted_software:1:/afs/crc.nd.edu/x86_64_linux/Modules/modules/deprecated_software:1
MODULES_CMD=/afs/crc.nd.edu/x86_64_linux/Modules/4.5.0/libexec/modulecmd.tcl
HOST=disc01.crc.nd.edu
SHELL=/bin/tcsh
TERM=xterm-256color
MAKEFLAGS=
HISTSIZE=5000
TMPDIR=/var/condor/execute/dir_25344/worker-213124-25414/t.1680/cctools-temp-t.1680.zmkoId
SSH_CLIENT=10.17.150.200 39500 22
PERL5LIB=/afs/crc.nd.edu/user/n/nkremerh/cctools/lib/perl5/site_perl/5.16.3:/afs/crc.nd.edu/user/n/nkremerh/.perl5/lib/perl5
SGE_CELL=crc
_CONDOR_SCRATCH_DIR=/var/condor/execute/dir_25344
PERL_MB_OPT=--install_base '/afs/crc.nd.edu/user/n/nkremerh/.perl5/'
SSH_TTY=/dev/pts/0
SGE_LOAD_AVG=load_avg
MAKEFLOW_MAX_LOCAL_JOBS=2
HISTFILESIZE=10000
_CHIRP_DELAYED_UPDATE_PREFIX=Chirp*
USER=nkremerh
GROUP=campus
LD_LIBRARY_PATH=/afs/crc.nd.edu/group/ccl/software/x86_64/redhat7/ruby/current/lib:/afs/crc.nd.edu/group/ccl/software/x86_64/redhat7/graphviz/current/lib:/afs/crc.nd.edu/group/ccl/software/x86_64/redhat7/git/current/lib:/afs/crc.nd.edu/group/ccl/software/x86_64/redhat7/condor/current/lib:/afs/crc.nd.edu/group/ccl/software/x86_64/redhat7/clang/current/lib:/afs/crc.nd.edu/group/ccl/software/x86_64/redhat7/condor/current/lib:/afs/crc.nd.edu/group/ccl/software/x86_64/redhat7/cctools/current/lib:/opt/crc/usr/local/lib
TEMP=/var/condor/execute/dir_25344/worker-213124-25414/t.1680/cctools-temp-t.1680.zmkoId
BATCH_SYSTEM=HTCondor
WORKER_TMPDIR=/var/condor/execute/dir_25344/worker-213124-25414/cache/tmp
ENV=/afs/crc.nd.edu/x86_64_linux/Modules/4.5.0/init/profile.sh
MODULES_LMALTNAME=CRC_default/1.1&CRC_default/default&CRC_default
_CONDOR_ANCESTOR_3574=25344:1600703217:4040868674
_CONDOR_CHIRP_CONFIG=/var/condor/execute/dir_25344/.chirp.config
GLOBUS_GSSAPI_MAX_TLS_PROTOCOL=0
_CONDOR_HIGHPORT=9999
HOSTTYPE=x86_64-linux
MAKELEVEL=1
MFLAGS=
CCLSOFTWARE=/afs/crc.nd.edu/group/ccl/software/x86_64/redhat7
PATH=/afs/crc.nd.edu/user/n/nkremerh/cctools/bin:/afs/crc.nd.edu/user/n/nkremerh/miniconda/bin:/afs/crc.nd.edu/group/ccl/software/git:/afs/crc.nd.edu/user/n/nkremerh/.local/bin:/afs/crc.nd.edu/group/ccl/software/x86_64/redhat7/povray/3.7/bin:/afs/crc.nd.edu/user/n/nkremerh/.perl5/bin:/afs/crc.nd.edu/user/n/nkremerh/pegasus/bin:/afs/crc.nd.edu/user/n/nkremerh/nodejs/bin:/afs/crc.nd.edu/user/n/nkremerh/montage/bin:/afs/crc.nd.edu/user/n/nkremerh/latexdiff:/afs/crc.nd.edu/user/n/nkremerh/envtrace:/afs/crc.nd.edu/user/n/nkremerh/endlines:/afs/crc.nd.edu/user/n/nkremerh/cctools/bin:/afs/crc.nd.edu/user/n/nkremerh/.cargo/bin:/afs/crc.nd.edu/group/ccl/software/x86_64/redhat7/ruby/current/bin:/afs/crc.nd.edu/group/ccl/software/x86_64/redhat7/graphviz/current/bin:/afs/crc.nd.edu/group/ccl/software/x86_64/redhat7/gnuplot/current/bin:/afs/crc.nd.edu/group/ccl/software/x86_64/redhat7/git/current/bin:/afs/crc.nd.edu/group/ccl/software/x86_64/redhat7/condor/current/sbin:/afs/crc.nd.edu/group/ccl/software/x86_64/redhat7/condor/current/bin:/afs/crc.nd.edu/group/ccl/software/x86_64/redhat7/cmake/current/bin:/afs/crc.nd.edu/group/ccl/software/x86_64/redhat7/clang/current/bin:/afs/crc.nd.edu/group/ccl/software/x86_64/redhat7/condor/current/sbin:/afs/crc.nd.edu/group/ccl/software/x86_64/redhat7/condor/current/bin:/afs/crc.nd.edu/group/ccl/software/x86_64/redhat7/cctools/current/bin:/afs/crc.nd.edu/x86_64_linux/Modules/4.5.0/bin:/opt/crc/usr/local/bin:/opt/sge/bin/lx-amd64:/usr/local/bin:/usr/bin:/usr/local/sbin:/usr/sbin:/afs/crc.nd.edu/user/c/condor/software/bin:/afs/crc.nd.edu/user/c/condor/software/sbin
MAIL=/var/spool/mail/nkremerh
_CONDOR_ANCESTOR_3382=3574:1598183948:1170902758
PWD=/var/condor/execute/dir_25344/worker-213124-25414/t.1680
_LMFILES_=/afs/crc.nd.edu/x86_64_linux/Modules/modules/system_modules/CRC_default/1.1
SGE_EXECD_PORT=6445
EDITOR=vim
LANG=en_US.UTF-8
MODULEPATH=/afs/crc.nd.edu/x86_64_linux/Modules/modules/development_tools_and_libraries:/afs/crc.nd.edu/x86_64_linux/Modules/modules/general_software:/afs/crc.nd.edu/x86_64_linux/Modules/modules/restricted_software:/afs/crc.nd.edu/x86_64_linux/Modules/modules/system_modules:/afs/crc.nd.edu/x86_64_linux/Modules/modules/deprecated_software:/afs/crc.nd.edu/x86_64_linux/Modules/current/modulefiles
SGE_QMASTER_PORT=6444
SGE_ROOT=/opt/sge
LOADEDMODULES=CRC_default/1.1
WORK_QUEUE_SANDBOX=/var/condor/execute/dir_25344/worker-213124-25414
_CONDOR_SLOT=slot2_1
CCLPLATFORM=x86_64/redhat7
USE_SYSTEMD=true
_CONDOR_LOWPORT=9100
KRB5CCNAME=FILE:/tmp/krb5cc_213124_6nLDKQ
HISTCONTROL=ignoreboth:erasedups
PATH_modshare=/opt/crc/usr/local/bin:1:/opt/sge/bin/lx-amd64:1:/usr/sbin:1:/usr/bin:1:/afs/crc.nd.edu/user/c/condor/software/sbin:1:/usr/local/sbin:1:/afs/crc.nd.edu/user/c/condor/software/bin:1:/usr/local/bin:1
SHLVL=7
HOME=disc01.crc.nd.edu
GLOBUS_GSSAPI_NAME_COMPATIBILITY=STRICT_RFC2818
_CONDOR_MACHINE_AD=/var/condor/execute/dir_25344/.machine.ad
OSTYPE=linux
DISK=18248
GREP_OPTIONS=--color=auto
GLOBUS_GSSAPI_MIN_TLS_PROTOCOL=TLS1_VERSION
MEMORY=1948
MANPATH_modshare=/usr/share/man/overrides:1:/usr/local/share/man:1:/usr/share/man:1:/opt/crc/usr/local/man:1:/opt/sge/man:1
VENDOR=unknown
BASH_ENV=/afs/crc.nd.edu/x86_64_linux/Modules/4.5.0/init/bash
PERL_LOCAL_LIB_ROOT=/afs/crc.nd.edu/user/n/nkremerh/.perl5/
PYTHONPATH=/afs/crc.nd.edu/user/n/nkremerh/cctools/lib/python3.6/site-packages/
CCLHOME=/afs/crc.nd.edu/group/ccl
MACHTYPE=x86_64
LOGNAME=nkremerh
TMP=/var/condor/execute/dir_25344/worker-213124-25414/t.1680/cctools-temp-t.1680.zmkoId
LD_LIBRARY_PATH_modshare=/opt/crc/usr/local/lib:1
MODULES_LMALTNAME_modshare=CRC_default/1.1&CRC_default/default&CRC_default:1
SSH_CONNECTION=10.17.150.200 39500 129.74.128.103 22
MODULESHOME=/afs/crc.nd.edu/x86_64_linux/Modules/4.5.0
OMP_NUM_THREADS=1
LESSOPEN=||/usr/bin/lesspipe.sh %s
GLOBUS_GSSAPI_BACKWARD_COMPATIBLE_MIC=true
GLOBUS_GSSAPI_CIPHERS=HIGH
LOADEDMODULES_modshare=CRC_default/1.1:1
_CONDOR_JOB_AD=/var/condor/execute/dir_25344/.job.ad
SGE_CLUSTER_NAME=CRC
XDG_RUNTIME_DIR=/run/user/213124
CCTOOLS=../cctools
CORES=2
_CONDOR_JOB_IWD=/var/condor/execute/dir_25344
PERL_MM_OPT=INSTALL_BASE=/afs/crc.nd.edu/user/n/nkremerh/.perl5/
_CONDOR_ANCESTOR_25344=25359:1600703218:1015133273
GLOBUS_GSSAPI_SERVER_CIPHER_ORDER=true
BASH_FUNC_module()=() {  unset _mlshdbg;
 if [ "${MODULES_SILENT_SHELL_DEBUG:-0}" = '1' ]; then
 case "$-" in 
 *v*x*)
 set +vx;
 _mlshdbg='vx'
 ;;
 *v*)
 set +v;
 _mlshdbg='v'
 ;;
 *x*)
 set +x;
 _mlshdbg='x'
 ;;
 *)
 _mlshdbg=''
 ;;
 esac;
 fi;
 unset _mlre _mlIFS;
 if [ -n "${IFS+x}" ]; then
 _mlIFS=$IFS;
 fi;
 IFS=' ';
 for _mlv in ${MODULES_RUN_QUARANTINE:-};
 do
 if [ "${_mlv}" = "${_mlv##*[!A-Za-z0-9_]}" -a "${_mlv}" = "${_mlv#[0-9]}" ]; then
 if [ -n "`eval 'echo ${'$_mlv'+x}'`" ]; then
 _mlre="${_mlre:-}${_mlv}_modquar='`eval 'echo ${'$_mlv'}'`' ";
 fi;
 _mlrv="MODULES_RUNENV_${_mlv}";
 _mlre="${_mlre:-}${_mlv}='`eval 'echo ${'$_mlrv':-}'`' ";
 fi;
 done;
 if [ -n "${_mlre:-}" ]; then
 eval `eval ${_mlre}/usr/bin/tclsh /afs/crc.nd.edu/x86_64_linux/Modules/4.5.0/libexec/modulecmd.tcl bash '"$@"'`;
 else
 eval `/usr/bin/tclsh /afs/crc.nd.edu/x86_64_linux/Modules/4.5.0/libexec/modulecmd.tcl bash "$@"`;
 fi;
 _mlstatus=$?;
 if [ -n "${_mlIFS+x}" ]; then
 IFS=$_mlIFS;
 else
 unset IFS;
 fi;
 unset _mlre _mlv _mlrv _mlIFS;
 if [ -n "${_mlshdbg:-}" ]; then
 set -$_mlshdbg;
 fi;
 unset _mlshdbg;
 return $_mlstatus
}
BASH_FUNC_ml()=() {  module ml "$@"
}
_=/usr/bin/printenv
