21698   0.000000 libjli.so->getenv("_JAVA_LAUNCHER_DEBUG") = nil
21698   0.001749 libjli.so->getenv("_JAVA_VERSION_SET") = nil
21698   0.000707 libjli.so->fopen("/usr/lib/jvm/java-1.8.0-openjdk-1.8.0.262.b10-0.el7_8.x86_64/jre/lib/amd64/jvm.cfg", "r") = 0x562b2a7d10e0
21698   0.000812 libjli.so->getenv("JDK_ALTERNATE_VM") = nil
21698   0.000309 libjli.so->__xstat(1, "/usr/lib/jvm/java-1.8.0-openjdk-1.8.0.262.b10-0.el7_8.x86_64/jre/lib/amd64/server/libjvm.so", 0x7ffd92347490) = 0
21698   0.000590 libjli.so->getenv("LD_LIBRARY_PATH") = "/afs/crc.nd.edu/group/ccl/software/x86_64/redhat7/ruby/current/lib:/afs/crc.nd.edu/group/ccl/software/x86_64/redhat7/graphviz/current/lib:/afs/crc.nd.edu/group/ccl/software/x86_64/redhat7/git/current/lib:/afs/crc.nd.edu/group/ccl/software/x86_64/redhat7/condor/current/lib:/afs/crc.nd.edu/group/ccl/software/x86_64/redhat7/clang/current/lib:/afs/crc.nd.edu/group/ccl/software/x86_64/redhat7/condor/current/lib:/afs/crc.nd.edu/group/ccl/software/x86_64/redhat7/cctools/current/lib:/opt/crc/usr/local/lib"
21698   0.002177 libjli.so->dlopen("/usr/lib/jvm/java-1.8.0-openjdk-1.8.0.262.b10-0.el7_8.x86_64/jre/lib/amd64/server/libjvm.so", 258 <unfinished ...>
21698   0.038905 libjvm.so->getenv("NMT_LEVEL_21698") = nil
21698   0.001602 <... dlopen resumed> )          = 0x562b2a7d14b0
21698   0.000063 libjli.so->getenv("CLASSPATH")  = nil
21698   0.000303 libjli.so->getenv("_JAVA_SPLASH_JAR") = nil
21698   0.000317 libjli.so->getenv("_JAVA_SPLASH_FILE") = nil
21698   0.000307 libjli.so->pthread_attr_setdetachstate(0x7ffd92347440, 0, 0x7ffd923474d0, 0) = 0
21698   0.000448 libpthread.so.0->__clone(0x2b13631a8de0, 0x2b13630bbfc0, 0x3d0f00, 0x2b13630bc700) = 0x54c3
21699   0.002093 libjvm.so->dlopen(0x2b13649879ae, 1, 0xfffffffffff42c48, 4096) = 0x2b1368000990
21699   0.002489 libjvm.so->getenv(0x2b13649a283e, 0, 115, 0x65737361) = 0x7ffd9234d692
21699   0.000458 libjvm.so->fopen(0x2b13630bac10, 0x2b136493eccb, 0x6f732e79666972, 0x2b1363a80ab0) = 0x2b1368001440
21699   0.001427 libjvm.so->dlopen(0x2b13630bac10, 1, 0xffffffff, 0x2b1368002b00) = 0x2b1368001440
21699   0.001422 libjvm.so->fopen(0x2b13630bac10, 0x2b136493eccb, 111, 0x732e6176) = 0x2b1368001b10
21699   0.001661 libjvm.so->dlopen(0x2b13630bac10, 1, 0xffffffff, 0x2b1368001a00) = 0x2b1368001b10
21699   0.001534 libjvm.so->__xstat(1, 0x2b13630bb360, 0x2b13630bbba0, 0x746f7073746f682e) = -1
21699   0.000465 libjvm.so->getenv(0x2b1364937541, 0x2b13630bb6d0, 1024, 0x2b1364df161b) = 0
21699   0.000445 libjvm.so->getenv(0x2b1364937533, 0x2b13630bb6d0, 1024, 0) = 0
21699   0.000436 libjvm.so->fopen(0x2b1364987315, 0x2b136493eccb, 4095, 0xffffd4ec9b6c8b03) = 0x2b13680032f0
21699   0.001063 libjvm.so->fopen(0x2b1364987361, 0x2b136493eccb, 0x2b1368000078, 0x2b13680032e0) = 0x2b13680032f0
21699   0.000710 libjvm.so->fopen(0x2b13630b59b0, 0x2b136493eccb, 4014, 3995) = 0x2b13680032f0
21699   0.000667 libjvm.so->opendir(0x2b1368002b40, 0x2b1368002b40, 13, 16) = 0
21699   0.000459 libjvm.so->__xstat(1, 0x2b13630ba8f0, 0x2b13630b9860, 0x6f732e7477616d62) = -1
21699   0.000432 libjvm.so->__xstat(1, 0x2b13630ba8f0, 0x2b13630b9860, 0x5f74776162696c2f) = 0
21699   0.000518 libjvm.so->fopen(0x2b13630b9b90, 0x2b136493eccb, 4009, 3994) = 0x2b13680037d0
21699   0.000598 libjvm.so->fopen(0x2b13630b9b90, 0x2b136493eccb, 4009, 3994) = 0x2b13680037d0
21699   0.000621 libjvm.so->fopen(0x2b13630b9b90, 0x2b136493eccb, 4009, 4002) = 0x2b13680037d0
21699   0.000638 libjvm.so->fopen(0x2b13630b9b20, 0x2b136493eccb, 4009, 3994) = 0x2b13680037d0
21699   0.000599 libjvm.so->fopen(0x2b13630b9b20, 0x2b136493eccb, 4009, 3994) = 0x2b13680037d0
21699   0.000597 libjvm.so->fopen(0x2b13630b9b20, 0x2b136493eccb, 4009, 4002) = 0x2b13680037d0
21699   0.000667 libjvm.so->fopen(0x2b13630b9b50, 0x2b136493eccb, 4014, 3995) = 0x2b13680037d0
21699   0.000784 libjvm.so->getenv(0x2b13649880ff, 4096, 3, -1) = 0
21699   0.000906 libjvm.so->fopen(0x2b1364987998, 0x2b136493eccb, 0x2b136319f908, 0x2b136319edf0) = 0x2b13680037d0
21699   0.004979 libjvm.so->open(0x2b136804a5c0, 0x20000, 0, 0x2b136804a609) = 3
21699   0.000464 libjvm.so->__fxstat(1, 3, 0x2b13630bba00, -1) = 0
21699   0.000462 libjvm.so->opendir(0x2b136804a5c0, 0x2b13630bba00, 0x4000, -1) = 0x2b136804b4d0
21699   0.000492 libjvm.so->__fxstat(1, 3, 0x2b13630bb8a0, 0x2b136804b4d0) = 0
21699   0.000465 libjvm.so->__fxstat(1, 5, 0x2b13630bb930, -1) = 0
21699   0.000465 libjvm.so->open(0x2b13649559dc, 0, 0, 0) = 3
21699   0.000647 libjvm.so->__lxstat(1, 0x2b136804a5c0, 0x2b13630bbb50, -144) = 0
21699   0.000459 libjvm.so->open(0x2b136804a5c0, 0x20000, 0x4000, -1) = 3
21699   0.000461 libjvm.so->__fxstat(1, 3, 0x2b13630bba00, -1) = 0
21699   0.000466 libjvm.so->opendir(0x2b136804a5c0, 0x2b13630bba00, 0x4000, -1) = 0x2b136804b4d0
21699   0.000457 libjvm.so->__fxstat(1, 3, 0x2b13630bb8a0, 0x2b136804b4d0) = 0
21699   0.000420 libjvm.so->__fxstat(1, 5, 0x2b13630bb930, -1) = 0
21699   0.000495 libjvm.so->open(0x2b13649559dc, 0, 0, 0) = 3
21699   0.000459 libjvm.so->open(0x2b136804a609, 0x20042, 384, -1) = 7
21699   0.000621 libjvm.so->__fxstat(1, 7, 0x2b13630bbb50, -1) = 0
21699   0.001662 libjvm.so->fopen(0x2b13630bab60, 0x2b136493eccb, 4, 0x6f732e70) = 0x2b1368057c20
21699   0.001404 libjvm.so->dlopen(0x2b13630bab60, 1, 0xffffffff, 0x2b1368057b00) = 0x2b1368057c20
21699   0.001410 libjvm.so->__xstat(1, 0x2b13630bb120, 0x2b13630bb950, 2048) = 0
21699   0.000448 libjvm.so->__xstat(1, 0x2b13630bb120, 0x2b13630bb950, 2048) = 0
21699   0.000436 libjvm.so->__xstat(1, 0x2b13630bb120, 0x2b13630bb950, 2048) = -1
21699   0.000460 libjvm.so->__xstat(1, 0x2b13630bb120, 0x2b13630bb950, 2048) = 0
21699   0.000459 libjvm.so->__xstat(1, 0x2b13630bb120, 0x2b13630bb950, 2048) = 0
21699   0.000446 libjvm.so->__xstat(1, 0x2b13630bb120, 0x2b13630bb950, 2048) = 0
21699   0.000453 libjvm.so->__xstat(1, 0x2b13630bb120, 0x2b13630bb950, 2048) = 0
21699   0.000453 libjvm.so->__xstat(1, 0x2b13630bb120, 0x2b13630bb950, 2048) = -1
21699   0.000426 libjvm.so->fopen(0x2b1368002520, 0x2b136493eccb, 0, 0) = 0x2b1368058ac0
21699   0.009317 libjvm.so->open64(0x2b13630ba410, 0, 0, 16) = 3
21699   0.000503 libjvm.so->__fxstat64(1, 3, 0x2b13630ba240, -1) = 0
21699   0.037565 libjvm.so->__xstat(1, 0x2b13630baf20, 0x2b13630bb750, 2048) = -1
21699   0.000567 libjvm.so->fopen(0x2b13630b9b20, 0x2b136493eccb, 4009, 3994) = 0x2b13680b5d40
21699   0.000625 libjvm.so->fopen(0x2b13630b9b20, 0x2b136493eccb, 4009, 3994) = 0x2b13680b5d40
21699   0.000634 libjvm.so->fopen(0x2b13630b9b20, 0x2b136493eccb, 4009, 4002) = 0x2b13680b5d40
21699   0.004363 libjvm.so->pthread_attr_setdetachstate(0x2b13630bbc00, 1, 0, 0) = 0
21699   0.000530 libpthread.so.0->__clone(0x2b13631a8de0, 0x2b137bad0fc0, 0x3d0f00, 0x2b137bad1700) = 0x54c9
21699   0.015515 libjvm.so->pthread_attr_setdetachstate(0x2b13630bb290, 1, 0, 0) = 0
21699   0.000637 libpthread.so.0->__clone(0x2b13631a8de0, 0x2b137bbd1fc0, 0x3d0f00, 0x2b137bbd2700) = 0x54ca
21699   0.006868 libjvm.so->pthread_attr_setdetachstate(0x2b13630bb610, 1, 0, 0) = 0
21699   0.000756 libpthread.so.0->__clone(0x2b13631a8de0, 0x2b137bcd2fc0, 0x3d0f00, 0x2b137bcd3700) = 0x54cb
21699   0.041626 libjvm.so->fopen(0x2b13680f17f0, 0x2b136493eccb, 4, 0x6f732e70) = 0x2b13680f1cf0
21699   0.002098 libjvm.so->dlopen(0x2b13680f17f0, 1, 0xffffffff, 0x2b13680e8c00) = 0x2b1368057c20
21699   0.005032 libjvm.so->open64(0x2b13630ba510, 0, 0, 16) = 5
21699   0.001275 libjvm.so->__fxstat64(1, 5, 0x2b13630ba340, -1) = 0
21699   0.019859 libjvm.so->fopen(0x2b13630b7130, 0x2b136493eccb, 4009, 3994) = 0x2b13680fccc0
21699   0.001127 libjvm.so->fopen(0x2b13630b7130, 0x2b136493eccb, 4009, 3994) = 0x2b13680fccc0
21699   0.001145 libjvm.so->fopen(0x2b13630b7130, 0x2b136493eccb, 4009, 4002) = 0x2b13680fccc0
21699   0.015642 libjvm.so->pthread_attr_setdetachstate(0x2b13630bbb50, 1, 0, 0) = 0
21699   0.000948 libpthread.so.0->__clone(0x2b13631a8de0, 0x2b137bdd3fc0, 0x3d0f00, 0x2b137bdd4700) = 0x54cc
21699   0.001677 libjvm.so->__xstat64(1, 0x2b13630bbbe0, 0x2b13630bbb50, 19) = -1
21699   0.001220 libjvm.so->pthread_attr_setdetachstate(0x2b13630bb950, 1, 0, 0) = 0
21699   0.001095 libpthread.so.0->__clone(0x2b13631a8de0, 0x2b137bed4fc0, 0x3d0f00, 0x2b137bed5700) = 0x54cd
21699   0.001678 libjvm.so->pthread_attr_setdetachstate(0x2b13630bb950, 1, 0, 0) = 0
21699   0.001335 libpthread.so.0->__clone(0x2b13631a8de0, 0x2b137bfd5fc0, 0x3d0f00, 0x2b137bfd6700) = 0x54ce
21699   0.011131 libjvm.so->pthread_attr_setdetachstate(0x2b13630bbaa0, 1, 0, 0) = 0
21699   0.001747 libpthread.so.0->__clone(0x2b13631a8de0, 0x2b138e642fc0, 0x3d0f00, 0x2b138e643700) = 0x54cf
21699   0.002289 libjvm.so->pthread_attr_setdetachstate(0x2b13630bbbb0, 1, 0, 0) = 0
21699   0.004893 libpthread.so.0->__clone(0x2b13631a8de0, 0x2b138e743fc0, 0x3d0f00, 0x2b138e744700) = 0x54d0
21699   0.015574 libjvm.so->open64(0x2b13681208a0, 0, 0, 32) = 7
21699   0.001781 libjvm.so->__fxstat64(1, 7, 0x2b13630b8f60, -1) = 0
21699   0.026117 libjvm.so->fopen(0x2b13681545e0, 0x2b136493eccb, 4, 0x6f732e6f) = 0x2b13681546a0
21699   0.003062 libjvm.so->dlopen(0x2b13681545e0, 1, 0xffffffff, 0x2b1368154600) = 0x2b13681546a0
21699   0.099990 libjvm.so->fopen(0x2b13630b5e40, 0x2b136493eccb, 0x6f732e, 0x6d766a62696c2f72) = 0x2b1368169e00
21699   0.005952 libjvm.so->dlopen(0x2b13630b5e40, 1, 0xffffffff, 0x2b1368169d00) = 0x562b2a7d14b0
21699   0.001784 libjvm.so->fopen(0x2b13630b5e40, 0x2b136493eccb, 0x6f732e, 0x6d766a62696c2f72) = 0x2b136816a200
21699   0.004849 libjvm.so->dlopen(0x2b13630b5e40, 1, 0xffffffff, 0x2b1368169d00) = 0x562b2a7d14b0
21699   0.001679 libjvm.so->fopen(0x2b13630b5e40, 0x2b136493eccb, 0x6f732e, 0x6d766a62696c2f72) = 0x2b1368169e00
21699   0.003430 libjvm.so->dlopen(0x2b13630b5e40, 1, 0xffffffff, 0x2b1368169d00) = 0x562b2a7d14b0
21699   0.001694 libjvm.so->fopen(0x2b13630b5e40, 0x2b136493eccb, 0x6f732e, 0x6d766a62696c2f72) = 0x2b1368169e00
21699   0.003406 libjvm.so->dlopen(0x2b13630b5e40, 1, 0xffffffff, 0x2b1368169d00) = 0x562b2a7d14b0
21699   0.045841 libjvm.so->fopen(0x2b136819d300, 0x2b136493eccb, 4, 0x6f732e74) = 0x2b13681d7410
21699   0.003147 libjvm.so->dlopen(0x2b136819d300, 1, 0xffffffff, 0x2b13681b3e00) = 0x2b13681d7410
21699   0.144722 libjvm.so->fopen(0x2b1368260400, 0x2b136493eccb, 0x6f732e7373656c, 0x656c646165685f74) = 0x2b13682604e0
21699   0.003704 libjvm.so->dlopen(0x2b1368260400, 1, 0xffffffff, 0x2b1368260400) = 0x2b13682604e0
21712   0.045203 +++ exited (status 0) +++
21705   0.001075 +++ exited (status 0) +++
21699   0.000298 +++ exited (status 0) +++
21711   0.000305 +++ exited (status 1) +++
21710   0.000024 +++ exited (status 1) +++
21709   0.000015 +++ exited (status 1) +++
21707   0.000015 +++ exited (status 1) +++
21706   0.000013 +++ exited (status 1) +++
21708   0.005281 +++ exited (status 1) +++
21698   0.000035 +++ exited (status 1) +++
Wrote an ltrace for command: "java -cp ./tools/maxent.jar density.Project outputs/Simulium_lumbwanum_Meillon/Simulium_lumbwanum_Meillon.lambdas data/layers/worldclim outputs/Simulium_lumbwanum_Meillon_worldclim.asc nowarnings nocache autorun -z" with PID 21696 from PPID 21680 on disc21.crc.nd.edu with result 1
REMOTEHOST=10.17.150.200
_CONDOR_JOB_PIDS=
MANPATH=/afs/crc.nd.edu/user/n/nkremerh/cctools/share/man/:/afs/crc.nd.edu/group/ccl/software/x86_64/redhat7/ruby/current/share/man:/afs/crc.nd.edu/group/ccl/software/x86_64/redhat7/graphviz/current/share/man:/afs/crc.nd.edu/group/ccl/software/x86_64/redhat7/gnuplot/current/share/man:/afs/crc.nd.edu/group/ccl/software/x86_64/redhat7/git/current/share/man:/afs/crc.nd.edu/group/ccl/software/x86_64/redhat7/condor/current/share/man:/afs/crc.nd.edu/group/ccl/software/x86_64/redhat7/clang/current/share/man:/afs/crc.nd.edu/group/ccl/software/x86_64/redhat7/condor/current/share/man:/afs/crc.nd.edu/group/ccl/software/x86_64/redhat7/cctools/current/share/man:/afs/crc.nd.edu/group/ccl/software/x86_64/redhat7/cctools/current/share/man:/afs/crc.nd.edu/x86_64_linux/Modules/4.5.0/share/man:/opt/crc/usr/local/man:/opt/sge/man:/usr/share/man/overrides:/usr/share/man:/usr/local/share/man
XDG_SESSION_ID=5195
_CONDOR_ANCESTOR_3669=7518:1600703217:729388719
HOSTNAME=disc01.crc.nd.edu
_LMFILES__modshare=/afs/crc.nd.edu/x86_64_linux/Modules/modules/system_modules/CRC_default/1.1:1
MODULEPATH_modshare=/afs/crc.nd.edu/x86_64_linux/Modules/modules/general_software:1:/afs/crc.nd.edu/x86_64_linux/Modules/modules/development_tools_and_libraries:1:/afs/crc.nd.edu/x86_64_linux/Modules/modules/system_modules:1:/afs/crc.nd.edu/x86_64_linux/Modules/current/modulefiles:1:/afs/crc.nd.edu/x86_64_linux/Modules/modules/restricted_software:1:/afs/crc.nd.edu/x86_64_linux/Modules/modules/deprecated_software:1
MODULES_CMD=/afs/crc.nd.edu/x86_64_linux/Modules/4.5.0/libexec/modulecmd.tcl
HOST=disc01.crc.nd.edu
SHELL=/bin/tcsh
TERM=xterm-256color
MAKEFLAGS=
HISTSIZE=5000
TMPDIR=/var/condor/execute/dir_7518/worker-213124-7609/t.1536/cctools-temp-t.1536.xZQVik
SSH_CLIENT=10.17.150.200 39500 22
PERL5LIB=/afs/crc.nd.edu/user/n/nkremerh/cctools/lib/perl5/site_perl/5.16.3:/afs/crc.nd.edu/user/n/nkremerh/.perl5/lib/perl5
SGE_CELL=crc
_CONDOR_SCRATCH_DIR=/var/condor/execute/dir_7518
PERL_MB_OPT=--install_base '/afs/crc.nd.edu/user/n/nkremerh/.perl5/'
SSH_TTY=/dev/pts/0
SGE_LOAD_AVG=load_avg
MAKEFLOW_MAX_LOCAL_JOBS=2
HISTFILESIZE=10000
_CHIRP_DELAYED_UPDATE_PREFIX=Chirp*
USER=nkremerh
GROUP=campus
LD_LIBRARY_PATH=/afs/crc.nd.edu/group/ccl/software/x86_64/redhat7/ruby/current/lib:/afs/crc.nd.edu/group/ccl/software/x86_64/redhat7/graphviz/current/lib:/afs/crc.nd.edu/group/ccl/software/x86_64/redhat7/git/current/lib:/afs/crc.nd.edu/group/ccl/software/x86_64/redhat7/condor/current/lib:/afs/crc.nd.edu/group/ccl/software/x86_64/redhat7/clang/current/lib:/afs/crc.nd.edu/group/ccl/software/x86_64/redhat7/condor/current/lib:/afs/crc.nd.edu/group/ccl/software/x86_64/redhat7/cctools/current/lib:/opt/crc/usr/local/lib
TEMP=/var/condor/execute/dir_7518/worker-213124-7609/t.1536/cctools-temp-t.1536.xZQVik
BATCH_SYSTEM=HTCondor
WORKER_TMPDIR=/var/condor/execute/dir_7518/worker-213124-7609/cache/tmp
ENV=/afs/crc.nd.edu/x86_64_linux/Modules/4.5.0/init/profile.sh
MODULES_LMALTNAME=CRC_default/1.1&CRC_default/default&CRC_default
_CONDOR_CHIRP_CONFIG=/var/condor/execute/dir_7518/.chirp.config
GLOBUS_GSSAPI_MAX_TLS_PROTOCOL=0
_CONDOR_HIGHPORT=9999
HOSTTYPE=x86_64-linux
MAKELEVEL=1
MFLAGS=
_CONDOR_ANCESTOR_7518=7587:1600703219:277833721
CCLSOFTWARE=/afs/crc.nd.edu/group/ccl/software/x86_64/redhat7
PATH=/afs/crc.nd.edu/user/n/nkremerh/cctools/bin:/afs/crc.nd.edu/user/n/nkremerh/miniconda/bin:/afs/crc.nd.edu/group/ccl/software/git:/afs/crc.nd.edu/user/n/nkremerh/.local/bin:/afs/crc.nd.edu/group/ccl/software/x86_64/redhat7/povray/3.7/bin:/afs/crc.nd.edu/user/n/nkremerh/.perl5/bin:/afs/crc.nd.edu/user/n/nkremerh/pegasus/bin:/afs/crc.nd.edu/user/n/nkremerh/nodejs/bin:/afs/crc.nd.edu/user/n/nkremerh/montage/bin:/afs/crc.nd.edu/user/n/nkremerh/latexdiff:/afs/crc.nd.edu/user/n/nkremerh/envtrace:/afs/crc.nd.edu/user/n/nkremerh/endlines:/afs/crc.nd.edu/user/n/nkremerh/cctools/bin:/afs/crc.nd.edu/user/n/nkremerh/.cargo/bin:/afs/crc.nd.edu/group/ccl/software/x86_64/redhat7/ruby/current/bin:/afs/crc.nd.edu/group/ccl/software/x86_64/redhat7/graphviz/current/bin:/afs/crc.nd.edu/group/ccl/software/x86_64/redhat7/gnuplot/current/bin:/afs/crc.nd.edu/group/ccl/software/x86_64/redhat7/git/current/bin:/afs/crc.nd.edu/group/ccl/software/x86_64/redhat7/condor/current/sbin:/afs/crc.nd.edu/group/ccl/software/x86_64/redhat7/condor/current/bin:/afs/crc.nd.edu/group/ccl/software/x86_64/redhat7/cmake/current/bin:/afs/crc.nd.edu/group/ccl/software/x86_64/redhat7/clang/current/bin:/afs/crc.nd.edu/group/ccl/software/x86_64/redhat7/condor/current/sbin:/afs/crc.nd.edu/group/ccl/software/x86_64/redhat7/condor/current/bin:/afs/crc.nd.edu/group/ccl/software/x86_64/redhat7/cctools/current/bin:/afs/crc.nd.edu/x86_64_linux/Modules/4.5.0/bin:/opt/crc/usr/local/bin:/opt/sge/bin/lx-amd64:/usr/local/bin:/usr/bin:/usr/local/sbin:/usr/sbin:/afs/crc.nd.edu/user/c/condor/software/bin:/afs/crc.nd.edu/user/c/condor/software/sbin
MAIL=/var/spool/mail/nkremerh
PWD=/var/condor/execute/dir_7518/worker-213124-7609/t.1536
_LMFILES_=/afs/crc.nd.edu/x86_64_linux/Modules/modules/system_modules/CRC_default/1.1
SGE_EXECD_PORT=6445
EDITOR=vim
LANG=en_US.UTF-8
MODULEPATH=/afs/crc.nd.edu/x86_64_linux/Modules/modules/development_tools_and_libraries:/afs/crc.nd.edu/x86_64_linux/Modules/modules/general_software:/afs/crc.nd.edu/x86_64_linux/Modules/modules/restricted_software:/afs/crc.nd.edu/x86_64_linux/Modules/modules/system_modules:/afs/crc.nd.edu/x86_64_linux/Modules/modules/deprecated_software:/afs/crc.nd.edu/x86_64_linux/Modules/current/modulefiles
SGE_QMASTER_PORT=6444
SGE_ROOT=/opt/sge
LOADEDMODULES=CRC_default/1.1
WORK_QUEUE_SANDBOX=/var/condor/execute/dir_7518/worker-213124-7609
_CONDOR_SLOT=slot2_2
CCLPLATFORM=x86_64/redhat7
USE_SYSTEMD=true
_CONDOR_LOWPORT=9100
KRB5CCNAME=FILE:/tmp/krb5cc_213124_6nLDKQ
HISTCONTROL=ignoreboth:erasedups
PATH_modshare=/opt/crc/usr/local/bin:1:/opt/sge/bin/lx-amd64:1:/usr/sbin:1:/usr/bin:1:/afs/crc.nd.edu/user/c/condor/software/sbin:1:/usr/local/sbin:1:/afs/crc.nd.edu/user/c/condor/software/bin:1:/usr/local/bin:1
SHLVL=7
HOME=disc01.crc.nd.edu
GLOBUS_GSSAPI_NAME_COMPATIBILITY=STRICT_RFC2818
_CONDOR_MACHINE_AD=/var/condor/execute/dir_7518/.machine.ad
OSTYPE=linux
DISK=18251
GREP_OPTIONS=--color=auto
GLOBUS_GSSAPI_MIN_TLS_PROTOCOL=TLS1_VERSION
MEMORY=1948
MANPATH_modshare=/usr/share/man/overrides:1:/usr/local/share/man:1:/usr/share/man:1:/opt/crc/usr/local/man:1:/opt/sge/man:1
VENDOR=unknown
BASH_ENV=/afs/crc.nd.edu/x86_64_linux/Modules/4.5.0/init/bash
PERL_LOCAL_LIB_ROOT=/afs/crc.nd.edu/user/n/nkremerh/.perl5/
PYTHONPATH=/afs/crc.nd.edu/user/n/nkremerh/cctools/lib/python3.6/site-packages/
CCLHOME=/afs/crc.nd.edu/group/ccl
MACHTYPE=x86_64
LOGNAME=nkremerh
TMP=/var/condor/execute/dir_7518/worker-213124-7609/t.1536/cctools-temp-t.1536.xZQVik
LD_LIBRARY_PATH_modshare=/opt/crc/usr/local/lib:1
MODULES_LMALTNAME_modshare=CRC_default/1.1&CRC_default/default&CRC_default:1
SSH_CONNECTION=10.17.150.200 39500 129.74.128.103 22
_CONDOR_ANCESTOR_3314=3669:1598183978:1434769074
MODULESHOME=/afs/crc.nd.edu/x86_64_linux/Modules/4.5.0
OMP_NUM_THREADS=1
LESSOPEN=||/usr/bin/lesspipe.sh %s
GLOBUS_GSSAPI_BACKWARD_COMPATIBLE_MIC=true
GLOBUS_GSSAPI_CIPHERS=HIGH
LOADEDMODULES_modshare=CRC_default/1.1:1
_CONDOR_JOB_AD=/var/condor/execute/dir_7518/.job.ad
SGE_CLUSTER_NAME=CRC
XDG_RUNTIME_DIR=/run/user/213124
CCTOOLS=../cctools
CORES=2
_CONDOR_JOB_IWD=/var/condor/execute/dir_7518
PERL_MM_OPT=INSTALL_BASE=/afs/crc.nd.edu/user/n/nkremerh/.perl5/
GLOBUS_GSSAPI_SERVER_CIPHER_ORDER=true
BASH_FUNC_module()=() {  unset _mlshdbg;
 if [ "${MODULES_SILENT_SHELL_DEBUG:-0}" = '1' ]; then
 case "$-" in 
 *v*x*)
 set +vx;
 _mlshdbg='vx'
 ;;
 *v*)
 set +v;
 _mlshdbg='v'
 ;;
 *x*)
 set +x;
 _mlshdbg='x'
 ;;
 *)
 _mlshdbg=''
 ;;
 esac;
 fi;
 unset _mlre _mlIFS;
 if [ -n "${IFS+x}" ]; then
 _mlIFS=$IFS;
 fi;
 IFS=' ';
 for _mlv in ${MODULES_RUN_QUARANTINE:-};
 do
 if [ "${_mlv}" = "${_mlv##*[!A-Za-z0-9_]}" -a "${_mlv}" = "${_mlv#[0-9]}" ]; then
 if [ -n "`eval 'echo ${'$_mlv'+x}'`" ]; then
 _mlre="${_mlre:-}${_mlv}_modquar='`eval 'echo ${'$_mlv'}'`' ";
 fi;
 _mlrv="MODULES_RUNENV_${_mlv}";
 _mlre="${_mlre:-}${_mlv}='`eval 'echo ${'$_mlrv':-}'`' ";
 fi;
 done;
 if [ -n "${_mlre:-}" ]; then
 eval `eval ${_mlre}/usr/bin/tclsh /afs/crc.nd.edu/x86_64_linux/Modules/4.5.0/libexec/modulecmd.tcl bash '"$@"'`;
 else
 eval `/usr/bin/tclsh /afs/crc.nd.edu/x86_64_linux/Modules/4.5.0/libexec/modulecmd.tcl bash "$@"`;
 fi;
 _mlstatus=$?;
 if [ -n "${_mlIFS+x}" ]; then
 IFS=$_mlIFS;
 else
 unset IFS;
 fi;
 unset _mlre _mlv _mlrv _mlIFS;
 if [ -n "${_mlshdbg:-}" ]; then
 set -$_mlshdbg;
 fi;
 unset _mlshdbg;
 return $_mlstatus
}
BASH_FUNC_ml()=() {  module ml "$@"
}
_=/usr/bin/printenv
