19893   0.000000 libjli.so->getenv("_JAVA_LAUNCHER_DEBUG") = nil
19893   0.001747 libjli.so->getenv("_JAVA_VERSION_SET") = nil
19893   0.000885 libjli.so->fopen("/usr/lib/jvm/java-1.8.0-openjdk-1.8.0.262.b10-0.el7_8.x86_64/jre/lib/amd64/jvm.cfg", "r") = 0x5596c68950e0
19893   0.000958 libjli.so->getenv("JDK_ALTERNATE_VM") = nil
19893   0.000350 libjli.so->__xstat(1, "/usr/lib/jvm/java-1.8.0-openjdk-1.8.0.262.b10-0.el7_8.x86_64/jre/lib/amd64/server/libjvm.so", 0x7ffd3a6a2050) = 0
19893   0.000598 libjli.so->getenv("LD_LIBRARY_PATH") = "/afs/crc.nd.edu/group/ccl/software/x86_64/redhat7/ruby/current/lib:/afs/crc.nd.edu/group/ccl/software/x86_64/redhat7/graphviz/current/lib:/afs/crc.nd.edu/group/ccl/software/x86_64/redhat7/git/current/lib:/afs/crc.nd.edu/group/ccl/software/x86_64/redhat7/condor/current/lib:/afs/crc.nd.edu/group/ccl/software/x86_64/redhat7/clang/current/lib:/afs/crc.nd.edu/group/ccl/software/x86_64/redhat7/condor/current/lib:/afs/crc.nd.edu/group/ccl/software/x86_64/redhat7/cctools/current/lib:/opt/crc/usr/local/lib"
19893   0.002145 libjli.so->dlopen("/usr/lib/jvm/java-1.8.0-openjdk-1.8.0.262.b10-0.el7_8.x86_64/jre/lib/amd64/server/libjvm.so", 258 <unfinished ...>
19893   0.039688 libjvm.so->getenv("NMT_LEVEL_19893") = nil
19893   0.001669 <... dlopen resumed> )          = 0x5596c68954b0
19893   0.000094 libjli.so->getenv("CLASSPATH")  = nil
19893   0.000365 libjli.so->getenv("_JAVA_SPLASH_JAR") = nil
19893   0.000346 libjli.so->getenv("_JAVA_SPLASH_FILE") = nil
19893   0.000359 libjli.so->pthread_attr_setdetachstate(0x7ffd3a6a2000, 0, 0x7ffd3a6a2090, 0) = 0
19893   0.000472 libpthread.so.0->__clone(0x2ae3a18fade0, 0x2ae3a180dfc0, 0x3d0f00, 0x2ae3a180e700) = 0x4db6
19894   0.002299 libjvm.so->dlopen(0x2ae3a30d99ae, 1, 0xfffffffffff42c48, 4096) = 0x2ae3a4000990
19894   0.003864 libjvm.so->getenv(0x2ae3a30f483e, 0, 115, 0x65737361) = 0x7ffd3a6a76c2
19894   0.000712 libjvm.so->fopen(0x2ae3a180cc10, 0x2ae3a3090ccb, 0x6f732e79666972, 0x2ae3a21d2ab0) = 0x2ae3a4001440
19894   0.001642 libjvm.so->dlopen(0x2ae3a180cc10, 1, 0xffffffff, 0x2ae3a4002b00) = 0x2ae3a4001440
19894   0.001950 libjvm.so->fopen(0x2ae3a180cc10, 0x2ae3a3090ccb, 111, 0x732e6176) = 0x2ae3a4001b10
19894   0.002332 libjvm.so->dlopen(0x2ae3a180cc10, 1, 0xffffffff, 0x2ae3a4001a00) = 0x2ae3a4001b10
19894   0.001815 libjvm.so->__xstat(1, 0x2ae3a180d360, 0x2ae3a180dba0, 0x746f7073746f682e) = -1
19894   0.000994 libjvm.so->getenv(0x2ae3a3089541, 0x2ae3a180d6d0, 1024, 0x2ae3a354361b) = 0
19894   0.000460 libjvm.so->getenv(0x2ae3a3089533, 0x2ae3a180d6d0, 1024, 0) = 0
19894   0.000439 libjvm.so->fopen(0x2ae3a30d9315, 0x2ae3a3090ccb, 4095, 0xffffd51c5cf76b03) = 0x2ae3a40032f0
19894   0.001877 libjvm.so->fopen(0x2ae3a30d9361, 0x2ae3a3090ccb, 0x2ae3a4000078, 0x2ae3a40032e0) = 0x2ae3a40032f0
19894   0.000811 libjvm.so->fopen(0x2ae3a18079b0, 0x2ae3a3090ccb, 4016, 3997) = 0x2ae3a40032f0
19894   0.000780 libjvm.so->opendir(0x2ae3a4002b40, 0x2ae3a4002b40, 13, 16) = 0
19894   0.000531 libjvm.so->__xstat(1, 0x2ae3a180c8f0, 0x2ae3a180b860, 0x6f732e7477616d62) = -1
19894   0.000459 libjvm.so->__xstat(1, 0x2ae3a180c8f0, 0x2ae3a180b860, 0x5f74776162696c2f) = 0
19894   0.000608 libjvm.so->fopen(0x2ae3a180bb90, 0x2ae3a3090ccb, 4011, 3996) = 0x2ae3a40037d0
19894   0.000787 libjvm.so->fopen(0x2ae3a180bb90, 0x2ae3a3090ccb, 4011, 3996) = 0x2ae3a40037d0
19894   0.000708 libjvm.so->fopen(0x2ae3a180bb90, 0x2ae3a3090ccb, 4011, 4004) = 0x2ae3a40037d0
19894   0.000710 libjvm.so->fopen(0x2ae3a180bb20, 0x2ae3a3090ccb, 4011, 3996) = 0x2ae3a40037d0
19894   0.000800 libjvm.so->fopen(0x2ae3a180bb20, 0x2ae3a3090ccb, 4011, 3996) = 0x2ae3a40037d0
19894   0.000796 libjvm.so->fopen(0x2ae3a180bb20, 0x2ae3a3090ccb, 4011, 4004) = 0x2ae3a40037d0
19894   0.000628 libjvm.so->fopen(0x2ae3a180bb50, 0x2ae3a3090ccb, 4016, 3997) = 0x2ae3a40037d0
19894   0.001592 libjvm.so->getenv(0x2ae3a30da0ff, 4096, 3, -1) = 0
19894   0.001088 libjvm.so->fopen(0x2ae3a30d9998, 0x2ae3a3090ccb, 0x2ae3a18f1908, 0x2ae3a18f0df0) = 0x2ae3a40037d0
19894   0.006682 libjvm.so->open(0x2ae3a404a5c0, 0x20000, 0, 0x2ae3a404a609) = 3
19894   0.000699 libjvm.so->__fxstat(1, 3, 0x2ae3a180da00, -1) = 0
19894   0.000535 libjvm.so->opendir(0x2ae3a404a5c0, 0x2ae3a180da00, 0x4000, -1) = 0x2ae3a404b4d0
19894   0.000550 libjvm.so->__fxstat(1, 3, 0x2ae3a180d8a0, 0x2ae3a404b4d0) = 0
19894   0.000511 libjvm.so->__fxstat(1, 5, 0x2ae3a180d930, -1) = 0
19894   0.000533 libjvm.so->open(0x2ae3a30a79dc, 0, 0, 0) = 3
19894   0.000786 libjvm.so->__lxstat(1, 0x2ae3a404a5c0, 0x2ae3a180db50, -144) = 0
19894   0.000519 libjvm.so->open(0x2ae3a404a5c0, 0x20000, 0x4000, -1) = 3
19894   0.000454 libjvm.so->__fxstat(1, 3, 0x2ae3a180da00, -1) = 0
19894   0.000468 libjvm.so->opendir(0x2ae3a404a5c0, 0x2ae3a180da00, 0x4000, -1) = 0x2ae3a404b4d0
19894   0.000430 libjvm.so->__fxstat(1, 3, 0x2ae3a180d8a0, 0x2ae3a404b4d0) = 0
19894   0.000452 libjvm.so->__fxstat(1, 5, 0x2ae3a180d930, -1) = 0
19894   0.000449 libjvm.so->open(0x2ae3a30a79dc, 0, 0, 0) = 3
19894   0.000487 libjvm.so->open(0x2ae3a404a609, 0x20042, 384, -1) = 7
19894   0.000622 libjvm.so->__fxstat(1, 7, 0x2ae3a180db50, -1) = 0
19894   0.001685 libjvm.so->fopen(0x2ae3a180cb60, 0x2ae3a3090ccb, 4, 0x6f732e70) = 0x2ae3a4057c20
19894   0.001495 libjvm.so->dlopen(0x2ae3a180cb60, 1, 0xffffffff, 0x2ae3a4057b00) = 0x2ae3a4057c20
19894   0.001438 libjvm.so->__xstat(1, 0x2ae3a180d120, 0x2ae3a180d950, 2048) = 0
19894   0.000442 libjvm.so->__xstat(1, 0x2ae3a180d120, 0x2ae3a180d950, 2048) = 0
19894   0.000445 libjvm.so->__xstat(1, 0x2ae3a180d120, 0x2ae3a180d950, 2048) = -1
19894   0.000429 libjvm.so->__xstat(1, 0x2ae3a180d120, 0x2ae3a180d950, 2048) = 0
19894   0.000452 libjvm.so->__xstat(1, 0x2ae3a180d120, 0x2ae3a180d950, 2048) = 0
19894   0.000417 libjvm.so->__xstat(1, 0x2ae3a180d120, 0x2ae3a180d950, 2048) = 0
19894   0.000434 libjvm.so->__xstat(1, 0x2ae3a180d120, 0x2ae3a180d950, 2048) = 0
19894   0.000432 libjvm.so->__xstat(1, 0x2ae3a180d120, 0x2ae3a180d950, 2048) = -1
19894   0.000435 libjvm.so->fopen(0x2ae3a4002520, 0x2ae3a3090ccb, 0, 0) = 0x2ae3a4058ac0
19894   0.009195 libjvm.so->open64(0x2ae3a180c410, 0, 0, 16) = 3
19894   0.000481 libjvm.so->__fxstat64(1, 3, 0x2ae3a180c240, -1) = 0
19894   0.038716 libjvm.so->__xstat(1, 0x2ae3a180cf20, 0x2ae3a180d750, 2048) = -1
19894   0.000651 libjvm.so->fopen(0x2ae3a180bb20, 0x2ae3a3090ccb, 4011, 3996) = 0x2ae3a40b5d40
19894   0.000778 libjvm.so->fopen(0x2ae3a180bb20, 0x2ae3a3090ccb, 4011, 3996) = 0x2ae3a40b5d40
19894   0.000698 libjvm.so->fopen(0x2ae3a180bb20, 0x2ae3a3090ccb, 4011, 4004) = 0x2ae3a40b5d40
19894   0.004559 libjvm.so->pthread_attr_setdetachstate(0x2ae3a180dc00, 1, 0, 0) = 0
19894   0.000951 libpthread.so.0->__clone(0x2ae3a18fade0, 0x2ae3ba1b7fc0, 0x3d0f00, 0x2ae3ba1b8700) = 0x4db7
19894   0.015839 libjvm.so->pthread_attr_setdetachstate(0x2ae3a180d290, 1, 0, 0) = 0
19894   0.000646 libpthread.so.0->__clone(0x2ae3a18fade0, 0x2ae3ba2b8fc0, 0x3d0f00, 0x2ae3ba2b9700) = 0x4db8
19894   0.006831 libjvm.so->pthread_attr_setdetachstate(0x2ae3a180d610, 1, 0, 0) = 0
19894   0.000766 libpthread.so.0->__clone(0x2ae3a18fade0, 0x2ae3ba3b9fc0, 0x3d0f00, 0x2ae3ba3ba700) = 0x4db9
19894   0.039766 libjvm.so->fopen(0x2ae3a40f17f0, 0x2ae3a3090ccb, 4, 0x6f732e70) = 0x2ae3a40f1cf0
19894   0.001944 libjvm.so->dlopen(0x2ae3a40f17f0, 1, 0xffffffff, 0x2ae3a40e8c00) = 0x2ae3a4057c20
19894   0.005183 libjvm.so->open64(0x2ae3a180c510, 0, 0, 16) = 5
19894   0.000926 libjvm.so->__fxstat64(1, 5, 0x2ae3a180c340, -1) = 0
19894   0.021133 libjvm.so->fopen(0x2ae3a1809130, 0x2ae3a3090ccb, 4011, 3996) = 0x2ae3a40fccc0
19894   0.001248 libjvm.so->fopen(0x2ae3a1809130, 0x2ae3a3090ccb, 4011, 3996) = 0x2ae3a40fccc0
19894   0.001139 libjvm.so->fopen(0x2ae3a1809130, 0x2ae3a3090ccb, 4011, 4004) = 0x2ae3a40fccc0
19894   0.017543 libjvm.so->pthread_attr_setdetachstate(0x2ae3a180db50, 1, 0, 0) = 0
19894   0.001090 libpthread.so.0->__clone(0x2ae3a18fade0, 0x2ae3ba4bafc0, 0x3d0f00, 0x2ae3ba4bb700) = 0x4dba
19894   0.001470 libjvm.so->__xstat64(1, 0x2ae3a180dbe0, 0x2ae3a180db50, 19) = -1
19894   0.001165 libjvm.so->pthread_attr_setdetachstate(0x2ae3a180d950, 1, 0, 0) = 0
19894   0.001176 libpthread.so.0->__clone(0x2ae3a18fade0, 0x2ae3ba5bbfc0, 0x3d0f00, 0x2ae3ba5bc700) = 0x4dbb
19894   0.001714 libjvm.so->pthread_attr_setdetachstate(0x2ae3a180d950, 1, 0, 0) = 0
19894   0.001297 libpthread.so.0->__clone(0x2ae3a18fade0, 0x2ae3ba6bcfc0, 0x3d0f00, 0x2ae3ba6bd700) = 0x4dbc
19894   0.007734 libjvm.so->pthread_attr_setdetachstate(0x2ae3a180daa0, 1, 0, 0) = 0
19894   0.001442 libpthread.so.0->__clone(0x2ae3a18fade0, 0x2ae3ba7bdfc0, 0x3d0f00, 0x2ae3ba7be700) = 0x4dbd
19894   0.002134 libjvm.so->pthread_attr_setdetachstate(0x2ae3a180dbb0, 1, 0, 0) = 0
19894   0.001809 libpthread.so.0->__clone(0x2ae3a18fade0, 0x2ae3ba8befc0, 0x3d0f00, 0x2ae3ba8bf700) = 0x4dbe
19894   0.015806 libjvm.so->open64(0x2ae3a4128890, 0, 0, 16) = 7
19894   0.001793 libjvm.so->__fxstat64(1, 7, 0x2ae3a180af60, -1) = 0
19894   0.028343 libjvm.so->fopen(0x2ae3a41545e0, 0x2ae3a3090ccb, 4, 0x6f732e6f) = 0x2ae3a41546a0
19894   0.005741 libjvm.so->dlopen(0x2ae3a41545e0, 1, 0xffffffff, 0x2ae3a4154600) = 0x2ae3a41546a0
19900   0.050597 --- SIGSEGV (Segmentation fault) ---
19894   0.054339 libjvm.so->fopen(0x2ae3a1807e40, 0x2ae3a3090ccb, 0x6f732e, 0x6d766a62696c2f72) = 0x2ae3a419f2d0
19894   0.005861 libjvm.so->dlopen(0x2ae3a1807e40, 1, 0xffffffff, 0x2ae3a419f200) = 0x5596c68954b0
19894   0.001650 libjvm.so->fopen(0x2ae3a1807e40, 0x2ae3a3090ccb, 0x6f732e, 0x6d766a62696c2f72) = 0x2ae3a419f2d0
19894   0.004815 libjvm.so->dlopen(0x2ae3a1807e40, 1, 0xffffffff, 0x2ae3a419f200) = 0x5596c68954b0
19894   0.001747 libjvm.so->fopen(0x2ae3a1807e40, 0x2ae3a3090ccb, 0x6f732e, 0x6d766a62696c2f72) = 0x2ae3a419f2d0
19894   0.003637 libjvm.so->dlopen(0x2ae3a1807e40, 1, 0xffffffff, 0x2ae3a419f200) = 0x5596c68954b0
19894   0.001632 libjvm.so->fopen(0x2ae3a1807e40, 0x2ae3a3090ccb, 0x6f732e, 0x6d766a62696c2f72) = 0x2ae3a419f2d0
19894   0.003344 libjvm.so->dlopen(0x2ae3a1807e40, 1, 0xffffffff, 0x2ae3a419f200) = 0x5596c68954b0
19894   0.046183 libjvm.so->fopen(0x2ae3a41c2f40, 0x2ae3a3090ccb, 4, 0x6f732e74) = 0x2ae3a41b9530
19894   0.003130 libjvm.so->dlopen(0x2ae3a41c2f40, 1, 0xffffffff, 0x2ae3a41c2800) = 0x2ae3a41b9530
19894   0.136217 libjvm.so->fopen(0x2ae3a42404c0, 0x2ae3a3090ccb, 0x6f732e7373656c, 0x656c646165685f74) = 0x2ae3a42405a0
19894   0.002768 libjvm.so->dlopen(0x2ae3a42404c0, 1, 0xffffffff, 0x2ae3a4240500) = 0x2ae3a42405a0
19902   0.036843 +++ exited (status 0) +++
19898   0.000278 +++ exited (status 0) +++
19895   0.000300 +++ exited (status 0) +++
19894   0.000245 +++ exited (status 0) +++
19901   0.000271 +++ exited (status 1) +++
19900   0.000026 +++ exited (status 1) +++
19897   0.000015 +++ exited (status 1) +++
19896   0.000014 +++ exited (status 1) +++
19899   0.005072 +++ exited (status 1) +++
19893   0.000047 +++ exited (status 1) +++
Wrote an ltrace for command: "java -cp ./tools/maxent.jar density.Project outputs/Pyrausta_obtusanalis_Druce/Pyrausta_obtusanalis_Druce.lambdas data/layers/worldclim outputs/Pyrausta_obtusanalis_Druce_worldclim.asc nowarnings nocache autorun -z" with PID 19891 from PPID 19875 on disc24.crc.nd.edu with result 1
REMOTEHOST=10.17.150.200
_CONDOR_JOB_PIDS=
MANPATH=/afs/crc.nd.edu/user/n/nkremerh/cctools/share/man/:/afs/crc.nd.edu/group/ccl/software/x86_64/redhat7/ruby/current/share/man:/afs/crc.nd.edu/group/ccl/software/x86_64/redhat7/graphviz/current/share/man:/afs/crc.nd.edu/group/ccl/software/x86_64/redhat7/gnuplot/current/share/man:/afs/crc.nd.edu/group/ccl/software/x86_64/redhat7/git/current/share/man:/afs/crc.nd.edu/group/ccl/software/x86_64/redhat7/condor/current/share/man:/afs/crc.nd.edu/group/ccl/software/x86_64/redhat7/clang/current/share/man:/afs/crc.nd.edu/group/ccl/software/x86_64/redhat7/condor/current/share/man:/afs/crc.nd.edu/group/ccl/software/x86_64/redhat7/cctools/current/share/man:/afs/crc.nd.edu/group/ccl/software/x86_64/redhat7/cctools/current/share/man:/afs/crc.nd.edu/x86_64_linux/Modules/4.5.0/share/man:/opt/crc/usr/local/man:/opt/sge/man:/usr/share/man/overrides:/usr/share/man:/usr/local/share/man
XDG_SESSION_ID=5195
HOSTNAME=disc01.crc.nd.edu
_LMFILES__modshare=/afs/crc.nd.edu/x86_64_linux/Modules/modules/system_modules/CRC_default/1.1:1
MODULEPATH_modshare=/afs/crc.nd.edu/x86_64_linux/Modules/modules/general_software:1:/afs/crc.nd.edu/x86_64_linux/Modules/modules/development_tools_and_libraries:1:/afs/crc.nd.edu/x86_64_linux/Modules/modules/system_modules:1:/afs/crc.nd.edu/x86_64_linux/Modules/current/modulefiles:1:/afs/crc.nd.edu/x86_64_linux/Modules/modules/restricted_software:1:/afs/crc.nd.edu/x86_64_linux/Modules/modules/deprecated_software:1
MODULES_CMD=/afs/crc.nd.edu/x86_64_linux/Modules/4.5.0/libexec/modulecmd.tcl
HOST=disc01.crc.nd.edu
SHELL=/bin/tcsh
TERM=xterm-256color
MAKEFLAGS=
HISTSIZE=5000
TMPDIR=/var/condor/execute/dir_6841/worker-213124-6896/t.1524/cctools-temp-t.1524.FUbP1k
SSH_CLIENT=10.17.150.200 39500 22
PERL5LIB=/afs/crc.nd.edu/user/n/nkremerh/cctools/lib/perl5/site_perl/5.16.3:/afs/crc.nd.edu/user/n/nkremerh/.perl5/lib/perl5
SGE_CELL=crc
_CONDOR_ANCESTOR_3661=6841:1600703217:3585230565
_CONDOR_SCRATCH_DIR=/var/condor/execute/dir_6841
PERL_MB_OPT=--install_base '/afs/crc.nd.edu/user/n/nkremerh/.perl5/'
SSH_TTY=/dev/pts/0
SGE_LOAD_AVG=load_avg
_CONDOR_ANCESTOR_6841=6857:1600703218:1270120265
MAKEFLOW_MAX_LOCAL_JOBS=2
HISTFILESIZE=10000
_CHIRP_DELAYED_UPDATE_PREFIX=Chirp*
USER=nkremerh
GROUP=campus
LD_LIBRARY_PATH=/afs/crc.nd.edu/group/ccl/software/x86_64/redhat7/ruby/current/lib:/afs/crc.nd.edu/group/ccl/software/x86_64/redhat7/graphviz/current/lib:/afs/crc.nd.edu/group/ccl/software/x86_64/redhat7/git/current/lib:/afs/crc.nd.edu/group/ccl/software/x86_64/redhat7/condor/current/lib:/afs/crc.nd.edu/group/ccl/software/x86_64/redhat7/clang/current/lib:/afs/crc.nd.edu/group/ccl/software/x86_64/redhat7/condor/current/lib:/afs/crc.nd.edu/group/ccl/software/x86_64/redhat7/cctools/current/lib:/opt/crc/usr/local/lib
TEMP=/var/condor/execute/dir_6841/worker-213124-6896/t.1524/cctools-temp-t.1524.FUbP1k
BATCH_SYSTEM=HTCondor
WORKER_TMPDIR=/var/condor/execute/dir_6841/worker-213124-6896/cache/tmp
ENV=/afs/crc.nd.edu/x86_64_linux/Modules/4.5.0/init/profile.sh
MODULES_LMALTNAME=CRC_default/1.1&CRC_default/default&CRC_default
_CONDOR_CHIRP_CONFIG=/var/condor/execute/dir_6841/.chirp.config
GLOBUS_GSSAPI_MAX_TLS_PROTOCOL=0
_CONDOR_HIGHPORT=9999
HOSTTYPE=x86_64-linux
MAKELEVEL=1
MFLAGS=
CCLSOFTWARE=/afs/crc.nd.edu/group/ccl/software/x86_64/redhat7
PATH=/afs/crc.nd.edu/user/n/nkremerh/cctools/bin:/afs/crc.nd.edu/user/n/nkremerh/miniconda/bin:/afs/crc.nd.edu/group/ccl/software/git:/afs/crc.nd.edu/user/n/nkremerh/.local/bin:/afs/crc.nd.edu/group/ccl/software/x86_64/redhat7/povray/3.7/bin:/afs/crc.nd.edu/user/n/nkremerh/.perl5/bin:/afs/crc.nd.edu/user/n/nkremerh/pegasus/bin:/afs/crc.nd.edu/user/n/nkremerh/nodejs/bin:/afs/crc.nd.edu/user/n/nkremerh/montage/bin:/afs/crc.nd.edu/user/n/nkremerh/latexdiff:/afs/crc.nd.edu/user/n/nkremerh/envtrace:/afs/crc.nd.edu/user/n/nkremerh/endlines:/afs/crc.nd.edu/user/n/nkremerh/cctools/bin:/afs/crc.nd.edu/user/n/nkremerh/.cargo/bin:/afs/crc.nd.edu/group/ccl/software/x86_64/redhat7/ruby/current/bin:/afs/crc.nd.edu/group/ccl/software/x86_64/redhat7/graphviz/current/bin:/afs/crc.nd.edu/group/ccl/software/x86_64/redhat7/gnuplot/current/bin:/afs/crc.nd.edu/group/ccl/software/x86_64/redhat7/git/current/bin:/afs/crc.nd.edu/group/ccl/software/x86_64/redhat7/condor/current/sbin:/afs/crc.nd.edu/group/ccl/software/x86_64/redhat7/condor/current/bin:/afs/crc.nd.edu/group/ccl/software/x86_64/redhat7/cmake/current/bin:/afs/crc.nd.edu/group/ccl/software/x86_64/redhat7/clang/current/bin:/afs/crc.nd.edu/group/ccl/software/x86_64/redhat7/condor/current/sbin:/afs/crc.nd.edu/group/ccl/software/x86_64/redhat7/condor/current/bin:/afs/crc.nd.edu/group/ccl/software/x86_64/redhat7/cctools/current/bin:/afs/crc.nd.edu/x86_64_linux/Modules/4.5.0/bin:/opt/crc/usr/local/bin:/opt/sge/bin/lx-amd64:/usr/local/bin:/usr/bin:/usr/local/sbin:/usr/sbin:/afs/crc.nd.edu/user/c/condor/software/bin:/afs/crc.nd.edu/user/c/condor/software/sbin
MAIL=/var/spool/mail/nkremerh
_CONDOR_ANCESTOR_3620=3661:1598183993:2394854300
PWD=/var/condor/execute/dir_6841/worker-213124-6896/t.1524
_LMFILES_=/afs/crc.nd.edu/x86_64_linux/Modules/modules/system_modules/CRC_default/1.1
SGE_EXECD_PORT=6445
EDITOR=vim
LANG=en_US.UTF-8
MODULEPATH=/afs/crc.nd.edu/x86_64_linux/Modules/modules/development_tools_and_libraries:/afs/crc.nd.edu/x86_64_linux/Modules/modules/general_software:/afs/crc.nd.edu/x86_64_linux/Modules/modules/restricted_software:/afs/crc.nd.edu/x86_64_linux/Modules/modules/system_modules:/afs/crc.nd.edu/x86_64_linux/Modules/modules/deprecated_software:/afs/crc.nd.edu/x86_64_linux/Modules/current/modulefiles
SGE_QMASTER_PORT=6444
SGE_ROOT=/opt/sge
LOADEDMODULES=CRC_default/1.1
WORK_QUEUE_SANDBOX=/var/condor/execute/dir_6841/worker-213124-6896
_CONDOR_SLOT=slot1
CCLPLATFORM=x86_64/redhat7
USE_SYSTEMD=true
_CONDOR_LOWPORT=9100
KRB5CCNAME=FILE:/tmp/krb5cc_213124_6nLDKQ
HISTCONTROL=ignoreboth:erasedups
PATH_modshare=/opt/crc/usr/local/bin:1:/opt/sge/bin/lx-amd64:1:/usr/sbin:1:/usr/bin:1:/afs/crc.nd.edu/user/c/condor/software/sbin:1:/usr/local/sbin:1:/afs/crc.nd.edu/user/c/condor/software/bin:1:/usr/local/bin:1
SHLVL=7
HOME=disc01.crc.nd.edu
GLOBUS_GSSAPI_NAME_COMPATIBILITY=STRICT_RFC2818
_CONDOR_MACHINE_AD=/var/condor/execute/dir_6841/.machine.ad
OSTYPE=linux
DISK=916206
GREP_OPTIONS=--color=auto
GLOBUS_GSSAPI_MIN_TLS_PROTOCOL=TLS1_VERSION
MEMORY=15899
MANPATH_modshare=/usr/share/man/overrides:1:/usr/local/share/man:1:/usr/share/man:1:/opt/crc/usr/local/man:1:/opt/sge/man:1
VENDOR=unknown
BASH_ENV=/afs/crc.nd.edu/x86_64_linux/Modules/4.5.0/init/bash
PERL_LOCAL_LIB_ROOT=/afs/crc.nd.edu/user/n/nkremerh/.perl5/
PYTHONPATH=/afs/crc.nd.edu/user/n/nkremerh/cctools/lib/python3.6/site-packages/
CCLHOME=/afs/crc.nd.edu/group/ccl
MACHTYPE=x86_64
LOGNAME=nkremerh
TMP=/var/condor/execute/dir_6841/worker-213124-6896/t.1524/cctools-temp-t.1524.FUbP1k
LD_LIBRARY_PATH_modshare=/opt/crc/usr/local/lib:1
MODULES_LMALTNAME_modshare=CRC_default/1.1&CRC_default/default&CRC_default:1
SSH_CONNECTION=10.17.150.200 39500 129.74.128.103 22
MODULESHOME=/afs/crc.nd.edu/x86_64_linux/Modules/4.5.0
OMP_NUM_THREADS=1
LESSOPEN=||/usr/bin/lesspipe.sh %s
GLOBUS_GSSAPI_BACKWARD_COMPATIBLE_MIC=true
GLOBUS_GSSAPI_CIPHERS=HIGH
LOADEDMODULES_modshare=CRC_default/1.1:1
_CONDOR_JOB_AD=/var/condor/execute/dir_6841/.job.ad
SGE_CLUSTER_NAME=CRC
XDG_RUNTIME_DIR=/run/user/213124
CCTOOLS=../cctools
CORES=4
_CONDOR_JOB_IWD=/var/condor/execute/dir_6841
PERL_MM_OPT=INSTALL_BASE=/afs/crc.nd.edu/user/n/nkremerh/.perl5/
GLOBUS_GSSAPI_SERVER_CIPHER_ORDER=true
BASH_FUNC_module()=() {  unset _mlshdbg;
 if [ "${MODULES_SILENT_SHELL_DEBUG:-0}" = '1' ]; then
 case "$-" in 
 *v*x*)
 set +vx;
 _mlshdbg='vx'
 ;;
 *v*)
 set +v;
 _mlshdbg='v'
 ;;
 *x*)
 set +x;
 _mlshdbg='x'
 ;;
 *)
 _mlshdbg=''
 ;;
 esac;
 fi;
 unset _mlre _mlIFS;
 if [ -n "${IFS+x}" ]; then
 _mlIFS=$IFS;
 fi;
 IFS=' ';
 for _mlv in ${MODULES_RUN_QUARANTINE:-};
 do
 if [ "${_mlv}" = "${_mlv##*[!A-Za-z0-9_]}" -a "${_mlv}" = "${_mlv#[0-9]}" ]; then
 if [ -n "`eval 'echo ${'$_mlv'+x}'`" ]; then
 _mlre="${_mlre:-}${_mlv}_modquar='`eval 'echo ${'$_mlv'}'`' ";
 fi;
 _mlrv="MODULES_RUNENV_${_mlv}";
 _mlre="${_mlre:-}${_mlv}='`eval 'echo ${'$_mlrv':-}'`' ";
 fi;
 done;
 if [ -n "${_mlre:-}" ]; then
 eval `eval ${_mlre}/usr/bin/tclsh /afs/crc.nd.edu/x86_64_linux/Modules/4.5.0/libexec/modulecmd.tcl bash '"$@"'`;
 else
 eval `/usr/bin/tclsh /afs/crc.nd.edu/x86_64_linux/Modules/4.5.0/libexec/modulecmd.tcl bash "$@"`;
 fi;
 _mlstatus=$?;
 if [ -n "${_mlIFS+x}" ]; then
 IFS=$_mlIFS;
 else
 unset IFS;
 fi;
 unset _mlre _mlv _mlrv _mlIFS;
 if [ -n "${_mlshdbg:-}" ]; then
 set -$_mlshdbg;
 fi;
 unset _mlshdbg;
 return $_mlstatus
}
BASH_FUNC_ml()=() {  module ml "$@"
}
_=/usr/bin/printenv
