17499   0.000000 libjli.so->getenv("_JAVA_LAUNCHER_DEBUG") = nil
17499   0.001817 libjli.so->getenv("_JAVA_VERSION_SET") = nil
17499   0.000792 libjli.so->fopen("/usr/lib/jvm/java-1.8.0-openjdk-1.8.0.262.b10-0.el7_8.x86_64/jre/lib/amd64/jvm.cfg", "r") = 0x5581ed4c90f0
17499   0.000826 libjli.so->getenv("JDK_ALTERNATE_VM") = nil
17499   0.000312 libjli.so->__xstat(1, "/usr/lib/jvm/java-1.8.0-openjdk-1.8.0.262.b10-0.el7_8.x86_64/jre/lib/amd64/server/libjvm.so", 0x7ffd5c87bcc0) = 0
17499   0.000622 libjli.so->getenv("LD_LIBRARY_PATH") = "/afs/crc.nd.edu/group/ccl/software/x86_64/redhat7/ruby/current/lib:/afs/crc.nd.edu/group/ccl/software/x86_64/redhat7/graphviz/current/lib:/afs/crc.nd.edu/group/ccl/software/x86_64/redhat7/git/current/lib:/afs/crc.nd.edu/group/ccl/software/x86_64/redhat7/condor/current/lib:/afs/crc.nd.edu/group/ccl/software/x86_64/redhat7/clang/current/lib:/afs/crc.nd.edu/group/ccl/software/x86_64/redhat7/condor/current/lib:/afs/crc.nd.edu/group/ccl/software/x86_64/redhat7/cctools/current/lib:/opt/crc/usr/local/lib"
17499   0.002920 libjli.so->dlopen("/usr/lib/jvm/java-1.8.0-openjdk-1.8.0.262.b10-0.el7_8.x86_64/jre/lib/amd64/server/libjvm.so", 258 <unfinished ...>
17499   0.039393 libjvm.so->getenv("NMT_LEVEL_17499") = nil
17499   0.001821 <... dlopen resumed> )          = 0x5581ed4c94c0
17499   0.000074 libjli.so->getenv("CLASSPATH")  = nil
17499   0.000354 libjli.so->getenv("_JAVA_SPLASH_JAR") = nil
17499   0.000337 libjli.so->getenv("_JAVA_SPLASH_FILE") = nil
17499   0.000319 libjli.so->pthread_attr_setdetachstate(0x7ffd5c87bc70, 0, 0x7ffd5c87bd00, 0) = 0
17499   0.001002 libpthread.so.0->__clone(0x2b12f89cbde0, 0x2b12f88defc0, 0x3d0f00, 0x2b12f88df700) = 0x4461
17505   0.002136 libjvm.so->dlopen(0x2b12fa1aa9ae, 1, 0xfffffffffff42c48, 4096) = 0x2b12fc000990
17505   0.002781 libjvm.so->getenv(0x2b12fa1c583e, 0, 115, 0x65737361) = 0x7ffd5c882719
17505   0.000515 libjvm.so->fopen(0x2b12f88ddc10, 0x2b12fa161ccb, 0x6f732e79666972, 0x2b12f92a3ab0) = 0x2b12fc001440
17505   0.001378 libjvm.so->dlopen(0x2b12f88ddc10, 1, 0xffffffff, 0x2b12fc002b00) = 0x2b12fc001440
17505   0.001592 libjvm.so->fopen(0x2b12f88ddc10, 0x2b12fa161ccb, 111, 0x732e6176) = 0x2b12fc001b10
17505   0.001687 libjvm.so->dlopen(0x2b12f88ddc10, 1, 0xffffffff, 0x2b12fc001a00) = 0x2b12fc001b10
17505   0.001625 libjvm.so->__xstat(1, 0x2b12f88de360, 0x2b12f88deba0, 0x746f7073746f682e) = -1
17505   0.000455 libjvm.so->getenv(0x2b12fa15a541, 0x2b12f88de6d0, 1024, 0x2b12fa61461b) = 0
17505   0.000497 libjvm.so->getenv(0x2b12fa15a533, 0x2b12f88de6d0, 1024, 0) = 0
17505   0.000454 libjvm.so->fopen(0x2b12fa1aa315, 0x2b12fa161ccb, 4095, 0xffffd4ed05ea5b03) = 0x2b12fc003290
17505   0.001099 libjvm.so->fopen(0x2b12fa1aa361, 0x2b12fa161ccb, 0x2b12fc000078, 0x2b12fc003280) = 0x2b12fc003290
17505   0.000722 libjvm.so->fopen(0x2b12f88d89b0, 0x2b12fa161ccb, 4016, 3997) = 0x2b12fc003290
17505   0.000644 libjvm.so->opendir(0x2b12fc002b40, 0x2b12fc002b40, 13, 16) = 0
17505   0.000455 libjvm.so->__xstat(1, 0x2b12f88dd8f0, 0x2b12f88dc860, 0x6f732e7477616d62) = -1
17505   0.000482 libjvm.so->__xstat(1, 0x2b12f88dd8f0, 0x2b12f88dc860, 0x5f74776162696c2f) = 0
17505   0.000523 libjvm.so->fopen(0x2b12f88dcb90, 0x2b12fa161ccb, 4011, 3996) = 0x2b12fc003770
17505   0.000658 libjvm.so->fopen(0x2b12f88dcb90, 0x2b12fa161ccb, 4011, 3996) = 0x2b12fc003770
17505   0.000601 libjvm.so->fopen(0x2b12f88dcb90, 0x2b12fa161ccb, 4011, 4004) = 0x2b12fc003770
17505   0.000656 libjvm.so->fopen(0x2b12f88dcb20, 0x2b12fa161ccb, 4011, 3996) = 0x2b12fc003770
17505   0.000607 libjvm.so->fopen(0x2b12f88dcb20, 0x2b12fa161ccb, 4011, 3996) = 0x2b12fc003770
17505   0.000614 libjvm.so->fopen(0x2b12f88dcb20, 0x2b12fa161ccb, 4011, 4004) = 0x2b12fc003770
17505   0.000644 libjvm.so->fopen(0x2b12f88dcb50, 0x2b12fa161ccb, 4016, 3997) = 0x2b12fc003770
17505   0.000833 libjvm.so->getenv(0x2b12fa1ab0ff, 4096, 3, -1) = 0
17505   0.001220 libjvm.so->fopen(0x2b12fa1aa998, 0x2b12fa161ccb, 0x2b12f89c2908, 0x2b12f89c1df0) = 0x2b12fc003770
17505   0.006184 libjvm.so->open(0x2b12fc04a560, 0x20000, 0, 0x2b12fc04a5a9) = 3
17505   0.000477 libjvm.so->__fxstat(1, 3, 0x2b12f88dea00, -1) = 0
17505   0.000481 libjvm.so->opendir(0x2b12fc04a560, 0x2b12f88dea00, 0x4000, -1) = 0x2b12fc04b470
17505   0.000513 libjvm.so->__fxstat(1, 3, 0x2b12f88de8a0, 0x2b12fc04b470) = 0
17505   0.000563 libjvm.so->__fxstat(1, 5, 0x2b12f88de930, -1) = 0
17505   0.000540 libjvm.so->open(0x2b12fa1789dc, 0, 0, 0) = 3
17505   0.000704 libjvm.so->__lxstat(1, 0x2b12fc04a560, 0x2b12f88deb50, -144) = 0
17505   0.000495 libjvm.so->open(0x2b12fc04a560, 0x20000, 0x4000, -1) = 3
17505   0.000522 libjvm.so->__fxstat(1, 3, 0x2b12f88dea00, -1) = 0
17505   0.000477 libjvm.so->opendir(0x2b12fc04a560, 0x2b12f88dea00, 0x4000, -1) = 0x2b12fc04b470
17505   0.000456 libjvm.so->__fxstat(1, 3, 0x2b12f88de8a0, 0x2b12fc04b470) = 0
17505   0.000436 libjvm.so->__fxstat(1, 5, 0x2b12f88de930, -1) = 0
17505   0.000457 libjvm.so->open(0x2b12fa1789dc, 0, 0, 0) = 3
17505   0.000641 libjvm.so->open(0x2b12fc04a5a9, 0x20042, 384, -1) = 7
17505   0.000646 libjvm.so->__fxstat(1, 7, 0x2b12f88deb50, -1) = 0
17505   0.002015 libjvm.so->fopen(0x2b12f88ddb60, 0x2b12fa161ccb, 4, 0x6f732e70) = 0x2b12fc057bc0
17505   0.001730 libjvm.so->dlopen(0x2b12f88ddb60, 1, 0xffffffff, 0x2b12fc057b00) = 0x2b12fc057bc0
17505   0.001459 libjvm.so->__xstat(1, 0x2b12f88de120, 0x2b12f88de950, 2048) = 0
17505   0.000444 libjvm.so->__xstat(1, 0x2b12f88de120, 0x2b12f88de950, 2048) = 0
17505   0.000454 libjvm.so->__xstat(1, 0x2b12f88de120, 0x2b12f88de950, 2048) = -1
17505   0.000469 libjvm.so->__xstat(1, 0x2b12f88de120, 0x2b12f88de950, 2048) = 0
17505   0.000474 libjvm.so->__xstat(1, 0x2b12f88de120, 0x2b12f88de950, 2048) = 0
17505   0.000431 libjvm.so->__xstat(1, 0x2b12f88de120, 0x2b12f88de950, 2048) = 0
17505   0.000447 libjvm.so->__xstat(1, 0x2b12f88de120, 0x2b12f88de950, 2048) = 0
17505   0.000485 libjvm.so->__xstat(1, 0x2b12f88de120, 0x2b12f88de950, 2048) = -1
17505   0.000463 libjvm.so->fopen(0x2b12fc002520, 0x2b12fa161ccb, 0, 0) = 0x2b12fc058a60
17505   0.010169 libjvm.so->open64(0x2b12f88dd410, 0, 0, 16) = 3
17505   0.000506 libjvm.so->__fxstat64(1, 3, 0x2b12f88dd240, -1) = 0
17505   0.041760 libjvm.so->__xstat(1, 0x2b12f88ddf20, 0x2b12f88de750, 2048) = -1
17505   0.000615 libjvm.so->fopen(0x2b12f88dcb20, 0x2b12fa161ccb, 4011, 3996) = 0x2b12fc0b5e20
17505   0.000757 libjvm.so->fopen(0x2b12f88dcb20, 0x2b12fa161ccb, 4011, 3996) = 0x2b12fc0b5e20
17505   0.000663 libjvm.so->fopen(0x2b12f88dcb20, 0x2b12fa161ccb, 4011, 4004) = 0x2b12fc0b5e20
17505   0.004430 libjvm.so->pthread_attr_setdetachstate(0x2b12f88dec00, 1, 0, 0) = 0
17505   0.000626 libpthread.so.0->__clone(0x2b12f89cbde0, 0x2b131130bfc0, 0x3d0f00, 0x2b131130c700) = 0x4462
17505   0.016712 libjvm.so->pthread_attr_setdetachstate(0x2b12f88de290, 1, 0, 0) = 0
17505   0.000784 libpthread.so.0->__clone(0x2b12f89cbde0, 0x2b131140cfc0, 0x3d0f00, 0x2b131140d700) = 0x4463
17505   0.008818 libjvm.so->pthread_attr_setdetachstate(0x2b12f88de610, 1, 0, 0) = 0
17505   0.001216 libpthread.so.0->__clone(0x2b12f89cbde0, 0x2b131150dfc0, 0x3d0f00, 0x2b131150e700) = 0x4464
17505   0.046115 libjvm.so->fopen(0x2b12fc0e9130, 0x2b12fa161ccb, 4, 0x6f732e70) = 0x2b12fc0f1c70
17505   0.002566 libjvm.so->dlopen(0x2b12fc0e9130, 1, 0xffffffff, 0x2b12fc0ec300) = 0x2b12fc057bc0
17505   0.006536 libjvm.so->open64(0x2b12f88dd510, 0, 0, 16) = 5
17505   0.000954 libjvm.so->__fxstat64(1, 5, 0x2b12f88dd340, -1) = 0
17505   0.022469 libjvm.so->fopen(0x2b12f88da130, 0x2b12fa161ccb, 4011, 3996) = 0x2b12fc0fcbc0
17505   0.001172 libjvm.so->fopen(0x2b12f88da130, 0x2b12fa161ccb, 4011, 3996) = 0x2b12fc0fcbc0
17505   0.001109 libjvm.so->fopen(0x2b12f88da130, 0x2b12fa161ccb, 4011, 4004) = 0x2b12fc0fcbc0
17505   0.016615 libjvm.so->pthread_attr_setdetachstate(0x2b12f88deb50, 1, 0, 0) = 0
17505   0.001061 libpthread.so.0->__clone(0x2b12f89cbde0, 0x2b131160efc0, 0x3d0f00, 0x2b131160f700) = 0x4465
17505   0.004170 libjvm.so->__xstat64(1, 0x2b12f88debe0, 0x2b12f88deb50, 19) = -1
17505   0.001195 libjvm.so->pthread_attr_setdetachstate(0x2b12f88de950, 1, 0, 0) = 0
17505   0.001518 libpthread.so.0->__clone(0x2b12f89cbde0, 0x2b131170ffc0, 0x3d0f00, 0x2b1311710700) = 0x4466
17505   0.001840 libjvm.so->pthread_attr_setdetachstate(0x2b12f88de950, 1, 0, 0) = 0
17505   0.001267 libpthread.so.0->__clone(0x2b12f89cbde0, 0x2b1311810fc0, 0x3d0f00, 0x2b1311811700) = 0x4467
17505   0.013425 libjvm.so->pthread_attr_setdetachstate(0x2b12f88deaa0, 1, 0, 0) = 0
17505   0.001490 libpthread.so.0->__clone(0x2b12f89cbde0, 0x2b1311911fc0, 0x3d0f00, 0x2b1311912700) = 0x4468
17505   0.002360 libjvm.so->pthread_attr_setdetachstate(0x2b12f88debb0, 1, 0, 0) = 0
17505   0.003144 libpthread.so.0->__clone(0x2b12f89cbde0, 0x2b1311a12fc0, 0x3d0f00, 0x2b1311a13700) = 0x4469
17505   0.018787 libjvm.so->open64(0x2b12fc120860, 0, 0, 32) = 7
17505   0.002205 libjvm.so->__fxstat64(1, 7, 0x2b12f88dbf60, -1) = 0
17505   0.029321 libjvm.so->fopen(0x2b12fc14c5d0, 0x2b12fa161ccb, 4, 0x6f732e6f) = 0x2b12fc14c690
17505   0.007337 libjvm.so->dlopen(0x2b12fc14c5d0, 1, 0xffffffff, 0x2b12fc14c600) = 0x2b12fc14c690
17505   0.147611 libjvm.so->fopen(0x2b12fc192350, 0x2b12fa161ccb, 4, 0x6f732e74) = 0x2b12fc195600
17505   0.003154 libjvm.so->dlopen(0x2b12fc192350, 1, 0xffffffff, 0x2b12fc195500) = 0x2b12fc19f9b0
17505   0.147455 libjvm.so->fopen(0x2b12fc200c90, 0x2b12fa161ccb, 0x6f732e7373656c, 0x656c646165685f74) = 0x2b12fc200d70
17505   0.003229 libjvm.so->dlopen(0x2b12fc200c90, 1, 0xffffffff, 0x2b12fc200c00) = 0x2b12fc200d70
17505   0.022359 libjvm.so->fopen(0x2b12f88d7990, 0x2b12fa161ccb, 0x6f732e, 0x6d766a62696c2f72) = 0x2b12fc20ac10
17505   0.008874 libjvm.so->dlopen(0x2b12f88d7990, 1, 0xffffffff, 0x2b12fc20a100) = 0x5581ed4c94c0
17505   0.001716 libjvm.so->fopen(0x2b12f88d7990, 0x2b12fa161ccb, 0x6f732e, 0x6d766a62696c2f72) = 0x2b12fc20abb0
17505   0.005526 libjvm.so->dlopen(0x2b12f88d7990, 1, 0xffffffff, 0x2b12fc20a100) = 0x5581ed4c94c0
17505   0.004526 libjvm.so->fopen(0x2b12f88d7990, 0x2b12fa161ccb, 0x6f732e, 0x6d766a62696c2f72) = 0x2b12fc20abb0
17505   0.007074 libjvm.so->dlopen(0x2b12f88d7990, 1, 0xffffffff, 0x2b12fc20a100) = 0x5581ed4c94c0
17505   0.001688 libjvm.so->fopen(0x2b12f88d7990, 0x2b12fa161ccb, 0x6f732e, 0x6d766a62696c2f72) = 0x2b12fc20abb0
17505   0.005350 libjvm.so->dlopen(0x2b12f88d7990, 1, 0xffffffff, 0x2b12fc20a100) = 0x5581ed4c94c0
17513  13.431661 +++ exited (status 0) +++
17509   0.000229 +++ exited (status 0) +++
17506   0.000368 +++ exited (status 0) +++
17505   0.000230 +++ exited (status 0) +++
17512   0.001163 +++ exited (status 0) +++
17510   0.000027 +++ exited (status 0) +++
17508   0.000016 +++ exited (status 0) +++
17507   0.000014 +++ exited (status 0) +++
17511   0.023688 +++ exited (status 0) +++
17499   0.000098 +++ exited (status 0) +++
Wrote an ltrace for command: "java -cp ./tools/maxent.jar density.MaxEnt -s outputs/Dorytomus_tortrix_Billberg.csv -e data/layers/worldclim -o outputs/Dorytomus_tortrix_Billberg nowarnings nocache autorun -z" with PID 17497 from PPID 17469 on disc24.crc.nd.edu with result 0
REMOTEHOST=10.17.150.200
MANPATH=/afs/crc.nd.edu/user/n/nkremerh/cctools/share/man/:/afs/crc.nd.edu/group/ccl/software/x86_64/redhat7/ruby/current/share/man:/afs/crc.nd.edu/group/ccl/software/x86_64/redhat7/graphviz/current/share/man:/afs/crc.nd.edu/group/ccl/software/x86_64/redhat7/gnuplot/current/share/man:/afs/crc.nd.edu/group/ccl/software/x86_64/redhat7/git/current/share/man:/afs/crc.nd.edu/group/ccl/software/x86_64/redhat7/condor/current/share/man:/afs/crc.nd.edu/group/ccl/software/x86_64/redhat7/clang/current/share/man:/afs/crc.nd.edu/group/ccl/software/x86_64/redhat7/condor/current/share/man:/afs/crc.nd.edu/group/ccl/software/x86_64/redhat7/cctools/current/share/man:/afs/crc.nd.edu/group/ccl/software/x86_64/redhat7/cctools/current/share/man:/afs/crc.nd.edu/x86_64_linux/Modules/4.5.0/share/man:/opt/crc/usr/local/man:/opt/sge/man:/usr/share/man/overrides:/usr/share/man:/usr/local/share/man
_CONDOR_JOB_PIDS=
XDG_SESSION_ID=5195
HOSTNAME=disc01.crc.nd.edu
_LMFILES__modshare=/afs/crc.nd.edu/x86_64_linux/Modules/modules/system_modules/CRC_default/1.1:1
MODULEPATH_modshare=/afs/crc.nd.edu/x86_64_linux/Modules/modules/general_software:1:/afs/crc.nd.edu/x86_64_linux/Modules/modules/development_tools_and_libraries:1:/afs/crc.nd.edu/x86_64_linux/Modules/modules/system_modules:1:/afs/crc.nd.edu/x86_64_linux/Modules/current/modulefiles:1:/afs/crc.nd.edu/x86_64_linux/Modules/modules/restricted_software:1:/afs/crc.nd.edu/x86_64_linux/Modules/modules/deprecated_software:1
TERM=xterm-256color
SHELL=/bin/tcsh
HOST=disc01.crc.nd.edu
MODULES_CMD=/afs/crc.nd.edu/x86_64_linux/Modules/4.5.0/libexec/modulecmd.tcl
HISTSIZE=5000
MAKEFLAGS=
SSH_CLIENT=10.17.150.200 39500 22
TMPDIR=/var/condor/execute/dir_6841/worker-213124-6896/t.1236/cctools-temp-t.1236.QGkzUI
PERL5LIB=/afs/crc.nd.edu/user/n/nkremerh/cctools/lib/perl5/site_perl/5.16.3:/afs/crc.nd.edu/user/n/nkremerh/.perl5/lib/perl5
SGE_CELL=crc
_CONDOR_SCRATCH_DIR=/var/condor/execute/dir_6841
_CONDOR_ANCESTOR_3661=6841:1600703217:3585230565
PERL_MB_OPT=--install_base '/afs/crc.nd.edu/user/n/nkremerh/.perl5/'
SSH_TTY=/dev/pts/0
SGE_LOAD_AVG=load_avg
MAKEFLOW_MAX_LOCAL_JOBS=2
_CONDOR_ANCESTOR_6841=6857:1600703218:1270120265
GROUP=campus
USER=nkremerh
_CHIRP_DELAYED_UPDATE_PREFIX=Chirp*
HISTFILESIZE=10000
TEMP=/var/condor/execute/dir_6841/worker-213124-6896/t.1236/cctools-temp-t.1236.QGkzUI
LD_LIBRARY_PATH=/afs/crc.nd.edu/group/ccl/software/x86_64/redhat7/ruby/current/lib:/afs/crc.nd.edu/group/ccl/software/x86_64/redhat7/graphviz/current/lib:/afs/crc.nd.edu/group/ccl/software/x86_64/redhat7/git/current/lib:/afs/crc.nd.edu/group/ccl/software/x86_64/redhat7/condor/current/lib:/afs/crc.nd.edu/group/ccl/software/x86_64/redhat7/clang/current/lib:/afs/crc.nd.edu/group/ccl/software/x86_64/redhat7/condor/current/lib:/afs/crc.nd.edu/group/ccl/software/x86_64/redhat7/cctools/current/lib:/opt/crc/usr/local/lib
BATCH_SYSTEM=HTCondor
MODULES_LMALTNAME=CRC_default/1.1&CRC_default/default&CRC_default
ENV=/afs/crc.nd.edu/x86_64_linux/Modules/4.5.0/init/profile.sh
WORKER_TMPDIR=/var/condor/execute/dir_6841/worker-213124-6896/cache/tmp
HOSTTYPE=x86_64-linux
_CONDOR_HIGHPORT=9999
GLOBUS_GSSAPI_MAX_TLS_PROTOCOL=0
_CONDOR_CHIRP_CONFIG=/var/condor/execute/dir_6841/.chirp.config
MAKELEVEL=1
MFLAGS=
MAIL=/var/spool/mail/nkremerh
PATH=/afs/crc.nd.edu/user/n/nkremerh/cctools/bin:/afs/crc.nd.edu/user/n/nkremerh/miniconda/bin:/afs/crc.nd.edu/group/ccl/software/git:/afs/crc.nd.edu/user/n/nkremerh/.local/bin:/afs/crc.nd.edu/group/ccl/software/x86_64/redhat7/povray/3.7/bin:/afs/crc.nd.edu/user/n/nkremerh/.perl5/bin:/afs/crc.nd.edu/user/n/nkremerh/pegasus/bin:/afs/crc.nd.edu/user/n/nkremerh/nodejs/bin:/afs/crc.nd.edu/user/n/nkremerh/montage/bin:/afs/crc.nd.edu/user/n/nkremerh/latexdiff:/afs/crc.nd.edu/user/n/nkremerh/envtrace:/afs/crc.nd.edu/user/n/nkremerh/endlines:/afs/crc.nd.edu/user/n/nkremerh/cctools/bin:/afs/crc.nd.edu/user/n/nkremerh/.cargo/bin:/afs/crc.nd.edu/group/ccl/software/x86_64/redhat7/ruby/current/bin:/afs/crc.nd.edu/group/ccl/software/x86_64/redhat7/graphviz/current/bin:/afs/crc.nd.edu/group/ccl/software/x86_64/redhat7/gnuplot/current/bin:/afs/crc.nd.edu/group/ccl/software/x86_64/redhat7/git/current/bin:/afs/crc.nd.edu/group/ccl/software/x86_64/redhat7/condor/current/sbin:/afs/crc.nd.edu/group/ccl/software/x86_64/redhat7/condor/current/bin:/afs/crc.nd.edu/group/ccl/software/x86_64/redhat7/cmake/current/bin:/afs/crc.nd.edu/group/ccl/software/x86_64/redhat7/clang/current/bin:/afs/crc.nd.edu/group/ccl/software/x86_64/redhat7/condor/current/sbin:/afs/crc.nd.edu/group/ccl/software/x86_64/redhat7/condor/current/bin:/afs/crc.nd.edu/group/ccl/software/x86_64/redhat7/cctools/current/bin:/afs/crc.nd.edu/x86_64_linux/Modules/4.5.0/bin:/opt/crc/usr/local/bin:/opt/sge/bin/lx-amd64:/usr/local/bin:/usr/bin:/usr/local/sbin:/usr/sbin:/afs/crc.nd.edu/user/c/condor/software/bin:/afs/crc.nd.edu/user/c/condor/software/sbin
CCLSOFTWARE=/afs/crc.nd.edu/group/ccl/software/x86_64/redhat7
_CONDOR_ANCESTOR_3620=3661:1598183993:2394854300
PWD=/var/condor/execute/dir_6841/worker-213124-6896/t.1236
_LMFILES_=/afs/crc.nd.edu/x86_64_linux/Modules/modules/system_modules/CRC_default/1.1
EDITOR=vim
SGE_EXECD_PORT=6445
LANG=en_US.UTF-8
SGE_QMASTER_PORT=6444
MODULEPATH=/afs/crc.nd.edu/x86_64_linux/Modules/modules/development_tools_and_libraries:/afs/crc.nd.edu/x86_64_linux/Modules/modules/general_software:/afs/crc.nd.edu/x86_64_linux/Modules/modules/restricted_software:/afs/crc.nd.edu/x86_64_linux/Modules/modules/system_modules:/afs/crc.nd.edu/x86_64_linux/Modules/modules/deprecated_software:/afs/crc.nd.edu/x86_64_linux/Modules/current/modulefiles
LOADEDMODULES=CRC_default/1.1
SGE_ROOT=/opt/sge
CCLPLATFORM=x86_64/redhat7
_CONDOR_SLOT=slot1
WORK_QUEUE_SANDBOX=/var/condor/execute/dir_6841/worker-213124-6896
USE_SYSTEMD=true
_CONDOR_LOWPORT=9100
HISTCONTROL=ignoreboth:erasedups
KRB5CCNAME=FILE:/tmp/krb5cc_213124_6nLDKQ
GLOBUS_GSSAPI_NAME_COMPATIBILITY=STRICT_RFC2818
HOME=disc01.crc.nd.edu
SHLVL=6
PATH_modshare=/opt/crc/usr/local/bin:1:/opt/sge/bin/lx-amd64:1:/usr/sbin:1:/usr/bin:1:/afs/crc.nd.edu/user/c/condor/software/sbin:1:/usr/local/sbin:1:/afs/crc.nd.edu/user/c/condor/software/bin:1:/usr/local/bin:1
OSTYPE=linux
_CONDOR_MACHINE_AD=/var/condor/execute/dir_6841/.machine.ad
GREP_OPTIONS=--color=auto
DISK=916206
GLOBUS_GSSAPI_MIN_TLS_PROTOCOL=TLS1_VERSION
MANPATH_modshare=/usr/share/man/overrides:1:/usr/local/share/man:1:/usr/share/man:1:/opt/crc/usr/local/man:1:/opt/sge/man:1
MEMORY=15899
PERL_LOCAL_LIB_ROOT=/afs/crc.nd.edu/user/n/nkremerh/.perl5/
BASH_ENV=/afs/crc.nd.edu/x86_64_linux/Modules/4.5.0/init/bash
VENDOR=unknown
TMP=/var/condor/execute/dir_6841/worker-213124-6896/t.1236/cctools-temp-t.1236.QGkzUI
LOGNAME=nkremerh
MACHTYPE=x86_64
CCLHOME=/afs/crc.nd.edu/group/ccl
PYTHONPATH=/afs/crc.nd.edu/user/n/nkremerh/cctools/lib/python3.6/site-packages/
LD_LIBRARY_PATH_modshare=/opt/crc/usr/local/lib:1
SSH_CONNECTION=10.17.150.200 39500 129.74.128.103 22
MODULES_LMALTNAME_modshare=CRC_default/1.1&CRC_default/default&CRC_default:1
MODULESHOME=/afs/crc.nd.edu/x86_64_linux/Modules/4.5.0
GLOBUS_GSSAPI_CIPHERS=HIGH
GLOBUS_GSSAPI_BACKWARD_COMPATIBLE_MIC=true
LESSOPEN=||/usr/bin/lesspipe.sh %s
OMP_NUM_THREADS=1
_CONDOR_JOB_AD=/var/condor/execute/dir_6841/.job.ad
LOADEDMODULES_modshare=CRC_default/1.1:1
XDG_RUNTIME_DIR=/run/user/213124
SGE_CLUSTER_NAME=CRC
CCTOOLS=../cctools
CORES=4
_CONDOR_JOB_IWD=/var/condor/execute/dir_6841
PERL_MM_OPT=INSTALL_BASE=/afs/crc.nd.edu/user/n/nkremerh/.perl5/
GLOBUS_GSSAPI_SERVER_CIPHER_ORDER=true
BASH_FUNC_module()=() {  unset _mlshdbg;
 if [ "${MODULES_SILENT_SHELL_DEBUG:-0}" = '1' ]; then
 case "$-" in 
 *v*x*)
 set +vx;
 _mlshdbg='vx'
 ;;
 *v*)
 set +v;
 _mlshdbg='v'
 ;;
 *x*)
 set +x;
 _mlshdbg='x'
 ;;
 *)
 _mlshdbg=''
 ;;
 esac;
 fi;
 unset _mlre _mlIFS;
 if [ -n "${IFS+x}" ]; then
 _mlIFS=$IFS;
 fi;
 IFS=' ';
 for _mlv in ${MODULES_RUN_QUARANTINE:-};
 do
 if [ "${_mlv}" = "${_mlv##*[!A-Za-z0-9_]}" -a "${_mlv}" = "${_mlv#[0-9]}" ]; then
 if [ -n "`eval 'echo ${'$_mlv'+x}'`" ]; then
 _mlre="${_mlre:-}${_mlv}_modquar='`eval 'echo ${'$_mlv'}'`' ";
 fi;
 _mlrv="MODULES_RUNENV_${_mlv}";
 _mlre="${_mlre:-}${_mlv}='`eval 'echo ${'$_mlrv':-}'`' ";
 fi;
 done;
 if [ -n "${_mlre:-}" ]; then
 eval `eval ${_mlre}/usr/bin/tclsh /afs/crc.nd.edu/x86_64_linux/Modules/4.5.0/libexec/modulecmd.tcl bash '"$@"'`;
 else
 eval `/usr/bin/tclsh /afs/crc.nd.edu/x86_64_linux/Modules/4.5.0/libexec/modulecmd.tcl bash "$@"`;
 fi;
 _mlstatus=$?;
 if [ -n "${_mlIFS+x}" ]; then
 IFS=$_mlIFS;
 else
 unset IFS;
 fi;
 unset _mlre _mlv _mlrv _mlIFS;
 if [ -n "${_mlshdbg:-}" ]; then
 set -$_mlshdbg;
 fi;
 unset _mlshdbg;
 return $_mlstatus
}
BASH_FUNC_ml()=() {  module ml "$@"
}
_=/usr/bin/printenv
