12678   0.000000 libjli.so->getenv("_JAVA_LAUNCHER_DEBUG") = nil
12678   0.001751 libjli.so->getenv("_JAVA_VERSION_SET") = nil
12678   0.002390 libjli.so->fopen("/usr/lib/jvm/java-1.8.0-openjdk-1.8.0.262.b10-0.el7_8.x86_64/jre/lib/amd64/jvm.cfg", "r") = 0x55a17aaa40f0
12678   0.000852 libjli.so->getenv("JDK_ALTERNATE_VM") = nil
12678   0.000369 libjli.so->__xstat(1, "/usr/lib/jvm/java-1.8.0-openjdk-1.8.0.262.b10-0.el7_8.x86_64/jre/lib/amd64/server/libjvm.so", 0x7ffc6df97450) = 0
12678   0.000600 libjli.so->getenv("LD_LIBRARY_PATH") = "/afs/crc.nd.edu/group/ccl/software/x86_64/redhat7/ruby/current/lib:/afs/crc.nd.edu/group/ccl/software/x86_64/redhat7/graphviz/current/lib:/afs/crc.nd.edu/group/ccl/software/x86_64/redhat7/git/current/lib:/afs/crc.nd.edu/group/ccl/software/x86_64/redhat7/condor/current/lib:/afs/crc.nd.edu/group/ccl/software/x86_64/redhat7/clang/current/lib:/afs/crc.nd.edu/group/ccl/software/x86_64/redhat7/condor/current/lib:/afs/crc.nd.edu/group/ccl/software/x86_64/redhat7/cctools/current/lib:/opt/crc/usr/local/lib"
12678   0.002275 libjli.so->dlopen("/usr/lib/jvm/java-1.8.0-openjdk-1.8.0.262.b10-0.el7_8.x86_64/jre/lib/amd64/server/libjvm.so", 258 <unfinished ...>
12678   0.038627 libjvm.so->getenv("NMT_LEVEL_12678") = nil
12678   0.001707 <... dlopen resumed> )          = 0x55a17aaa44c0
12678   0.000069 libjli.so->getenv("CLASSPATH")  = nil
12678   0.000304 libjli.so->getenv("_JAVA_SPLASH_JAR") = nil
12678   0.000299 libjli.so->getenv("_JAVA_SPLASH_FILE") = nil
12678   0.000333 libjli.so->pthread_attr_setdetachstate(0x7ffc6df97400, 0, 0x7ffc6df97490, 0) = 0
12678   0.000428 libpthread.so.0->__clone(0x2acc6f809de0, 0x2acc6f71cfc0, 0x3d0f00, 0x2acc6f71d700) = 0x3187
12679   0.002008 libjvm.so->dlopen(0x2acc70fe89ae, 1, 0xfffffffffff42c48, 4096) = 0x2acc74000990
12679   0.002417 libjvm.so->getenv(0x2acc7100383e, 0, 115, 0x65737361) = 0x7ffc6df9c6b8
12679   0.000449 libjvm.so->fopen(0x2acc6f71bc10, 0x2acc70f9fccb, 0x6f732e79666972, 0x2acc700e1ab0) = 0x2acc74001440
12679   0.002058 libjvm.so->dlopen(0x2acc6f71bc10, 1, 0xffffffff, 0x2acc74002b00) = 0x2acc74001440
12679   0.001681 libjvm.so->fopen(0x2acc6f71bc10, 0x2acc70f9fccb, 111, 0x732e6176) = 0x2acc74001b10
12679   0.002452 libjvm.so->dlopen(0x2acc6f71bc10, 1, 0xffffffff, 0x2acc74001a00) = 0x2acc74001b10
12679   0.001496 libjvm.so->__xstat(1, 0x2acc6f71c360, 0x2acc6f71cba0, 0x746f7073746f682e) = -1
12679   0.000454 libjvm.so->getenv(0x2acc70f98541, 0x2acc6f71c6d0, 1024, 0x2acc7145261b) = 0
12679   0.000485 libjvm.so->getenv(0x2acc70f98533, 0x2acc6f71c6d0, 1024, 0) = 0
12679   0.000461 libjvm.so->fopen(0x2acc70fe8315, 0x2acc70f9fccb, 4095, 0xffffd5338f067b03) = 0x2acc74003290
12679   0.001073 libjvm.so->fopen(0x2acc70fe8361, 0x2acc70f9fccb, 0x2acc74000078, 0x2acc74003280) = 0x2acc74003290
12679   0.000708 libjvm.so->fopen(0x2acc6f7169b0, 0x2acc70f9fccb, 4016, 3997) = 0x2acc74003290
12679   0.000647 libjvm.so->opendir(0x2acc74002b40, 0x2acc74002b40, 13, 16) = 0
12679   0.000442 libjvm.so->__xstat(1, 0x2acc6f71b8f0, 0x2acc6f71a860, 0x6f732e7477616d62) = -1
12679   0.000453 libjvm.so->__xstat(1, 0x2acc6f71b8f0, 0x2acc6f71a860, 0x5f74776162696c2f) = 0
12679   0.000484 libjvm.so->fopen(0x2acc6f71ab90, 0x2acc70f9fccb, 4011, 3996) = 0x2acc74003770
12679   0.000618 libjvm.so->fopen(0x2acc6f71ab90, 0x2acc70f9fccb, 4011, 3996) = 0x2acc74003770
12679   0.000619 libjvm.so->fopen(0x2acc6f71ab90, 0x2acc70f9fccb, 4011, 4004) = 0x2acc74003770
12679   0.001180 libjvm.so->fopen(0x2acc6f71ab20, 0x2acc70f9fccb, 4011, 3996) = 0x2acc74003770
12679   0.000745 libjvm.so->fopen(0x2acc6f71ab20, 0x2acc70f9fccb, 4011, 3996) = 0x2acc74003770
12679   0.000633 libjvm.so->fopen(0x2acc6f71ab20, 0x2acc70f9fccb, 4011, 4004) = 0x2acc74003770
12679   0.000627 libjvm.so->fopen(0x2acc6f71ab50, 0x2acc70f9fccb, 4016, 3997) = 0x2acc74003770
12679   0.000814 libjvm.so->getenv(0x2acc70fe90ff, 4096, 3, -1) = 0
12679   0.000887 libjvm.so->fopen(0x2acc70fe8998, 0x2acc70f9fccb, 0x2acc6f800908, 0x2acc6f7ffdf0) = 0x2acc74003770
12679   0.004648 libjvm.so->open(0x2acc7404a560, 0x20000, 0, 0x2acc7404a5a9) = 3
12679   0.000438 libjvm.so->__fxstat(1, 3, 0x2acc6f71ca00, -1) = 0
12679   0.000575 libjvm.so->opendir(0x2acc7404a560, 0x2acc6f71ca00, 0x4000, -1) = 0x2acc7404b470
12679   0.000476 libjvm.so->__fxstat(1, 3, 0x2acc6f71c8a0, 0x2acc7404b470) = 0
12679   0.000433 libjvm.so->__fxstat(1, 5, 0x2acc6f71c930, -1) = 0
12679   0.000467 libjvm.so->open(0x2acc70fb69dc, 0, 0, 0) = 3
12679   0.000655 libjvm.so->__lxstat(1, 0x2acc7404a560, 0x2acc6f71cb50, -144) = 0
12679   0.000458 libjvm.so->open(0x2acc7404a560, 0x20000, 0x4000, -1) = 3
12679   0.000443 libjvm.so->__fxstat(1, 3, 0x2acc6f71ca00, -1) = 0
12679   0.000569 libjvm.so->opendir(0x2acc7404a560, 0x2acc6f71ca00, 0x4000, -1) = 0x2acc7404b470
12679   0.000485 libjvm.so->__fxstat(1, 3, 0x2acc6f71c8a0, 0x2acc7404b470) = 0
12679   0.000420 libjvm.so->__fxstat(1, 5, 0x2acc6f71c930, -1) = 0
12679   0.000466 libjvm.so->open(0x2acc70fb69dc, 0, 0, 0) = 3
12679   0.000503 libjvm.so->open(0x2acc7404a5a9, 0x20042, 384, -1) = 7
12679   0.000763 libjvm.so->__fxstat(1, 7, 0x2acc6f71cb50, -1) = 0
12679   0.003263 libjvm.so->fopen(0x2acc6f71bb60, 0x2acc70f9fccb, 4, 0x6f732e70) = 0x2acc74057bc0
12679   0.002671 libjvm.so->dlopen(0x2acc6f71bb60, 1, 0xffffffff, 0x2acc74057b00) = 0x2acc74057bc0
12679   0.001803 libjvm.so->__xstat(1, 0x2acc6f71c120, 0x2acc6f71c950, 2048) = 0
12679   0.000573 libjvm.so->__xstat(1, 0x2acc6f71c120, 0x2acc6f71c950, 2048) = 0
12679   0.000470 libjvm.so->__xstat(1, 0x2acc6f71c120, 0x2acc6f71c950, 2048) = -1
12679   0.000442 libjvm.so->__xstat(1, 0x2acc6f71c120, 0x2acc6f71c950, 2048) = 0
12679   0.000479 libjvm.so->__xstat(1, 0x2acc6f71c120, 0x2acc6f71c950, 2048) = 0
12679   0.000439 libjvm.so->__xstat(1, 0x2acc6f71c120, 0x2acc6f71c950, 2048) = 0
12679   0.000426 libjvm.so->__xstat(1, 0x2acc6f71c120, 0x2acc6f71c950, 2048) = 0
12679   0.000448 libjvm.so->__xstat(1, 0x2acc6f71c120, 0x2acc6f71c950, 2048) = -1
12679   0.000445 libjvm.so->fopen(0x2acc74002520, 0x2acc70f9fccb, 0, 0) = 0x2acc74058a60
12679   0.009705 libjvm.so->open64(0x2acc6f71b410, 0, 0, 16) = 3
12679   0.000492 libjvm.so->__fxstat64(1, 3, 0x2acc6f71b240, -1) = 0
12679   0.038502 libjvm.so->__xstat(1, 0x2acc6f71bf20, 0x2acc6f71c750, 2048) = -1
12679   0.000558 libjvm.so->fopen(0x2acc6f71ab20, 0x2acc70f9fccb, 4011, 3996) = 0x2acc740b5e20
12679   0.000651 libjvm.so->fopen(0x2acc6f71ab20, 0x2acc70f9fccb, 4011, 3996) = 0x2acc740b5e20
12679   0.000611 libjvm.so->fopen(0x2acc6f71ab20, 0x2acc70f9fccb, 4011, 4004) = 0x2acc740b5e20
12679   0.004243 libjvm.so->pthread_attr_setdetachstate(0x2acc6f71cc00, 1, 0, 0) = 0
12679   0.000526 libpthread.so.0->__clone(0x2acc6f809de0, 0x2acc73e22fc0, 0x3d0f00, 0x2acc73e23700) = 0x3188
12679   0.016337 libjvm.so->pthread_attr_setdetachstate(0x2acc6f71c290, 1, 0, 0) = 0
12679   0.000625 libpthread.so.0->__clone(0x2acc6f809de0, 0x2acc73f23fc0, 0x3d0f00, 0x2acc73f24700) = 0x3189
12679   0.007272 libjvm.so->pthread_attr_setdetachstate(0x2acc6f71c610, 1, 0, 0) = 0
12679   0.000907 libpthread.so.0->__clone(0x2acc6f809de0, 0x2acc8836afc0, 0x3d0f00, 0x2acc8836b700) = 0x318b
12679   0.039256 libjvm.so->fopen(0x2acc740e9130, 0x2acc70f9fccb, 4, 0x6f732e70) = 0x2acc740f1c70
12679   0.002522 libjvm.so->dlopen(0x2acc740e9130, 1, 0xffffffff, 0x2acc740ec300) = 0x2acc74057bc0
12679   0.005119 libjvm.so->open64(0x2acc6f71b510, 0, 0, 16) = 5
12679   0.000984 libjvm.so->__fxstat64(1, 5, 0x2acc6f71b340, -1) = 0
12679   0.019657 libjvm.so->fopen(0x2acc6f718130, 0x2acc70f9fccb, 4011, 3996) = 0x2acc740fcbc0
12679   0.001114 libjvm.so->fopen(0x2acc6f718130, 0x2acc70f9fccb, 4011, 3996) = 0x2acc740fcbc0
12679   0.001081 libjvm.so->fopen(0x2acc6f718130, 0x2acc70f9fccb, 4011, 4004) = 0x2acc740fcbc0
12679   0.015391 libjvm.so->pthread_attr_setdetachstate(0x2acc6f71cb50, 1, 0, 0) = 0
12679   0.001142 libpthread.so.0->__clone(0x2acc6f809de0, 0x2acc8846bfc0, 0x3d0f00, 0x2acc8846c700) = 0x3193
12679   0.001509 libjvm.so->__xstat64(1, 0x2acc6f71cbe0, 0x2acc6f71cb50, 19) = -1
12679   0.001162 libjvm.so->pthread_attr_setdetachstate(0x2acc6f71c950, 1, 0, 0) = 0
12679   0.001111 libpthread.so.0->__clone(0x2acc6f809de0, 0x2acc8856cfc0, 0x3d0f00, 0x2acc8856d700) = 0x3194
12679   0.001678 libjvm.so->pthread_attr_setdetachstate(0x2acc6f71c950, 1, 0, 0) = 0
12679   0.001257 libpthread.so.0->__clone(0x2acc6f809de0, 0x2acc8866dfc0, 0x3d0f00, 0x2acc8866e700) = 0x3195
12679   0.009863 libjvm.so->pthread_attr_setdetachstate(0x2acc6f71caa0, 1, 0, 0) = 0
12679   0.001459 libpthread.so.0->__clone(0x2acc6f809de0, 0x2acc8876efc0, 0x3d0f00, 0x2acc8876f700) = 0x3196
12679   0.002329 libjvm.so->pthread_attr_setdetachstate(0x2acc6f71cbb0, 1, 0, 0) = 0
12679   0.001670 libpthread.so.0->__clone(0x2acc6f809de0, 0x2acc8886ffc0, 0x3d0f00, 0x2acc88870700) = 0x3197
12679   0.015077 libjvm.so->open64(0x2acc74120860, 0, 0, 32) = 7
12679   0.001793 libjvm.so->__fxstat64(1, 7, 0x2acc6f719f60, -1) = 0
12679   0.026986 libjvm.so->fopen(0x2acc7414c670, 0x2acc70f9fccb, 4, 0x6f732e6f) = 0x2acc7414c730
12679   0.004363 libjvm.so->dlopen(0x2acc7414c670, 1, 0xffffffff, 0x2acc7414c600) = 0x2acc7414c730
12679   0.140664 libjvm.so->fopen(0x2acc741937a0, 0x2acc70f9fccb, 4, 0x6f732e74) = 0x2acc74196a50
12679   0.003498 libjvm.so->dlopen(0x2acc741937a0, 1, 0xffffffff, 0x2acc74196900) = 0x2acc741a0e00
12679   0.151299 libjvm.so->fopen(0x2acc74211260, 0x2acc70f9fccb, 0x6f732e7373656c, 0x656c646165685f74) = 0x2acc74211fb0
12679   0.003242 libjvm.so->dlopen(0x2acc74211260, 1, 0xffffffff, 0x2acc74211200) = 0x2acc74211fb0
12679   0.020119 libjvm.so->fopen(0x2acc6f715990, 0x2acc70f9fccb, 0x6f732e, 0x6d766a62696c2f72) = 0x2acc7421beb0
12679   0.006356 libjvm.so->dlopen(0x2acc6f715990, 1, 0xffffffff, 0x2acc7421b400) = 0x55a17aaa44c0
12679   0.001698 libjvm.so->fopen(0x2acc6f715990, 0x2acc70f9fccb, 0x6f732e, 0x6d766a62696c2f72) = 0x2acc7421be50
12679   0.005389 libjvm.so->dlopen(0x2acc6f715990, 1, 0xffffffff, 0x2acc7421b400) = 0x55a17aaa44c0
12679   0.003541 libjvm.so->fopen(0x2acc6f715990, 0x2acc70f9fccb, 0x6f732e, 0x6d766a62696c2f72) = 0x2acc7421be50
12679   0.004695 libjvm.so->dlopen(0x2acc6f715990, 1, 0xffffffff, 0x2acc7421b400) = 0x55a17aaa44c0
12679   0.003238 libjvm.so->fopen(0x2acc6f715990, 0x2acc70f9fccb, 0x6f732e, 0x6d766a62696c2f72) = 0x2acc7421be50
12679   0.004456 libjvm.so->dlopen(0x2acc6f715990, 1, 0xffffffff, 0x2acc7421b400) = 0x55a17aaa44c0
12679   3.621515 --- SIGSEGV (Segmentation fault) ---
12695   8.743227 +++ exited (status 0) +++
12691   0.000403 +++ exited (status 0) +++
12680   0.000177 +++ exited (status 0) +++
12679   0.000230 +++ exited (status 0) +++
12694   0.000370 +++ exited (status 0) +++
12693   0.000022 +++ exited (status 0) +++
12692   0.000016 +++ exited (status 0) +++
12681   0.000029 +++ exited (status 0) +++
12683   0.017509 +++ exited (status 0) +++
12678   0.000077 +++ exited (status 0) +++
Wrote an ltrace for command: "java -cp ./tools/maxent.jar density.MaxEnt -s outputs/Endothenia_antiquana_H.csv -e data/layers/worldclim -o outputs/Endothenia_antiquana_H nowarnings nocache autorun -z" with PID 12676 from PPID 12657 on disc22.crc.nd.edu with result 0
REMOTEHOST=10.17.150.200
MANPATH=/afs/crc.nd.edu/user/n/nkremerh/cctools/share/man/:/afs/crc.nd.edu/group/ccl/software/x86_64/redhat7/ruby/current/share/man:/afs/crc.nd.edu/group/ccl/software/x86_64/redhat7/graphviz/current/share/man:/afs/crc.nd.edu/group/ccl/software/x86_64/redhat7/gnuplot/current/share/man:/afs/crc.nd.edu/group/ccl/software/x86_64/redhat7/git/current/share/man:/afs/crc.nd.edu/group/ccl/software/x86_64/redhat7/condor/current/share/man:/afs/crc.nd.edu/group/ccl/software/x86_64/redhat7/clang/current/share/man:/afs/crc.nd.edu/group/ccl/software/x86_64/redhat7/condor/current/share/man:/afs/crc.nd.edu/group/ccl/software/x86_64/redhat7/cctools/current/share/man:/afs/crc.nd.edu/group/ccl/software/x86_64/redhat7/cctools/current/share/man:/afs/crc.nd.edu/x86_64_linux/Modules/4.5.0/share/man:/opt/crc/usr/local/man:/opt/sge/man:/usr/share/man/overrides:/usr/share/man:/usr/local/share/man
_CONDOR_JOB_PIDS=
XDG_SESSION_ID=5195
HOSTNAME=disc01.crc.nd.edu
_LMFILES__modshare=/afs/crc.nd.edu/x86_64_linux/Modules/modules/system_modules/CRC_default/1.1:1
MODULEPATH_modshare=/afs/crc.nd.edu/x86_64_linux/Modules/modules/general_software:1:/afs/crc.nd.edu/x86_64_linux/Modules/modules/development_tools_and_libraries:1:/afs/crc.nd.edu/x86_64_linux/Modules/modules/system_modules:1:/afs/crc.nd.edu/x86_64_linux/Modules/current/modulefiles:1:/afs/crc.nd.edu/x86_64_linux/Modules/modules/restricted_software:1:/afs/crc.nd.edu/x86_64_linux/Modules/modules/deprecated_software:1
TERM=xterm-256color
SHELL=/bin/tcsh
HOST=disc01.crc.nd.edu
MODULES_CMD=/afs/crc.nd.edu/x86_64_linux/Modules/4.5.0/libexec/modulecmd.tcl
HISTSIZE=5000
MAKEFLAGS=
SSH_CLIENT=10.17.150.200 39500 22
TMPDIR=/var/condor/execute/dir_3810/worker-213124-3868/t.1027/cctools-temp-t.1027.wFXVIc
PERL5LIB=/afs/crc.nd.edu/user/n/nkremerh/cctools/lib/perl5/site_perl/5.16.3:/afs/crc.nd.edu/user/n/nkremerh/.perl5/lib/perl5
SGE_CELL=crc
_CONDOR_SCRATCH_DIR=/var/condor/execute/dir_3810
PERL_MB_OPT=--install_base '/afs/crc.nd.edu/user/n/nkremerh/.perl5/'
SSH_TTY=/dev/pts/0
SGE_LOAD_AVG=load_avg
MAKEFLOW_MAX_LOCAL_JOBS=2
GROUP=campus
USER=nkremerh
_CHIRP_DELAYED_UPDATE_PREFIX=Chirp*
HISTFILESIZE=10000
TEMP=/var/condor/execute/dir_3810/worker-213124-3868/t.1027/cctools-temp-t.1027.wFXVIc
LD_LIBRARY_PATH=/afs/crc.nd.edu/group/ccl/software/x86_64/redhat7/ruby/current/lib:/afs/crc.nd.edu/group/ccl/software/x86_64/redhat7/graphviz/current/lib:/afs/crc.nd.edu/group/ccl/software/x86_64/redhat7/git/current/lib:/afs/crc.nd.edu/group/ccl/software/x86_64/redhat7/condor/current/lib:/afs/crc.nd.edu/group/ccl/software/x86_64/redhat7/clang/current/lib:/afs/crc.nd.edu/group/ccl/software/x86_64/redhat7/condor/current/lib:/afs/crc.nd.edu/group/ccl/software/x86_64/redhat7/cctools/current/lib:/opt/crc/usr/local/lib
BATCH_SYSTEM=HTCondor
MODULES_LMALTNAME=CRC_default/1.1&CRC_default/default&CRC_default
ENV=/afs/crc.nd.edu/x86_64_linux/Modules/4.5.0/init/profile.sh
WORKER_TMPDIR=/var/condor/execute/dir_3810/worker-213124-3868/cache/tmp
HOSTTYPE=x86_64-linux
_CONDOR_HIGHPORT=9999
GLOBUS_GSSAPI_MAX_TLS_PROTOCOL=0
_CONDOR_CHIRP_CONFIG=/var/condor/execute/dir_3810/.chirp.config
MAKELEVEL=1
MFLAGS=
MAIL=/var/spool/mail/nkremerh
PATH=/afs/crc.nd.edu/user/n/nkremerh/cctools/bin:/afs/crc.nd.edu/user/n/nkremerh/miniconda/bin:/afs/crc.nd.edu/group/ccl/software/git:/afs/crc.nd.edu/user/n/nkremerh/.local/bin:/afs/crc.nd.edu/group/ccl/software/x86_64/redhat7/povray/3.7/bin:/afs/crc.nd.edu/user/n/nkremerh/.perl5/bin:/afs/crc.nd.edu/user/n/nkremerh/pegasus/bin:/afs/crc.nd.edu/user/n/nkremerh/nodejs/bin:/afs/crc.nd.edu/user/n/nkremerh/montage/bin:/afs/crc.nd.edu/user/n/nkremerh/latexdiff:/afs/crc.nd.edu/user/n/nkremerh/envtrace:/afs/crc.nd.edu/user/n/nkremerh/endlines:/afs/crc.nd.edu/user/n/nkremerh/cctools/bin:/afs/crc.nd.edu/user/n/nkremerh/.cargo/bin:/afs/crc.nd.edu/group/ccl/software/x86_64/redhat7/ruby/current/bin:/afs/crc.nd.edu/group/ccl/software/x86_64/redhat7/graphviz/current/bin:/afs/crc.nd.edu/group/ccl/software/x86_64/redhat7/gnuplot/current/bin:/afs/crc.nd.edu/group/ccl/software/x86_64/redhat7/git/current/bin:/afs/crc.nd.edu/group/ccl/software/x86_64/redhat7/condor/current/sbin:/afs/crc.nd.edu/group/ccl/software/x86_64/redhat7/condor/current/bin:/afs/crc.nd.edu/group/ccl/software/x86_64/redhat7/cmake/current/bin:/afs/crc.nd.edu/group/ccl/software/x86_64/redhat7/clang/current/bin:/afs/crc.nd.edu/group/ccl/software/x86_64/redhat7/condor/current/sbin:/afs/crc.nd.edu/group/ccl/software/x86_64/redhat7/condor/current/bin:/afs/crc.nd.edu/group/ccl/software/x86_64/redhat7/cctools/current/bin:/afs/crc.nd.edu/x86_64_linux/Modules/4.5.0/bin:/opt/crc/usr/local/bin:/opt/sge/bin/lx-amd64:/usr/local/bin:/usr/bin:/usr/local/sbin:/usr/sbin:/afs/crc.nd.edu/user/c/condor/software/bin:/afs/crc.nd.edu/user/c/condor/software/sbin
CCLSOFTWARE=/afs/crc.nd.edu/group/ccl/software/x86_64/redhat7
PWD=/var/condor/execute/dir_3810/worker-213124-3868/t.1027
_LMFILES_=/afs/crc.nd.edu/x86_64_linux/Modules/modules/system_modules/CRC_default/1.1
EDITOR=vim
SGE_EXECD_PORT=6445
LANG=en_US.UTF-8
SGE_QMASTER_PORT=6444
MODULEPATH=/afs/crc.nd.edu/x86_64_linux/Modules/modules/development_tools_and_libraries:/afs/crc.nd.edu/x86_64_linux/Modules/modules/general_software:/afs/crc.nd.edu/x86_64_linux/Modules/modules/restricted_software:/afs/crc.nd.edu/x86_64_linux/Modules/modules/system_modules:/afs/crc.nd.edu/x86_64_linux/Modules/modules/deprecated_software:/afs/crc.nd.edu/x86_64_linux/Modules/current/modulefiles
LOADEDMODULES=CRC_default/1.1
SGE_ROOT=/opt/sge
CCLPLATFORM=x86_64/redhat7
_CONDOR_SLOT=slot1
WORK_QUEUE_SANDBOX=/var/condor/execute/dir_3810/worker-213124-3868
USE_SYSTEMD=true
_CONDOR_LOWPORT=9100
HISTCONTROL=ignoreboth:erasedups
KRB5CCNAME=FILE:/tmp/krb5cc_213124_6nLDKQ
GLOBUS_GSSAPI_NAME_COMPATIBILITY=STRICT_RFC2818
HOME=disc01.crc.nd.edu
SHLVL=6
PATH_modshare=/opt/crc/usr/local/bin:1:/opt/sge/bin/lx-amd64:1:/usr/sbin:1:/usr/bin:1:/afs/crc.nd.edu/user/c/condor/software/sbin:1:/usr/local/sbin:1:/afs/crc.nd.edu/user/c/condor/software/bin:1:/usr/local/bin:1
OSTYPE=linux
_CONDOR_MACHINE_AD=/var/condor/execute/dir_3810/.machine.ad
GREP_OPTIONS=--color=auto
DISK=917739
GLOBUS_GSSAPI_MIN_TLS_PROTOCOL=TLS1_VERSION
MANPATH_modshare=/usr/share/man/overrides:1:/usr/local/share/man:1:/usr/share/man:1:/opt/crc/usr/local/man:1:/opt/sge/man:1
MEMORY=15899
PERL_LOCAL_LIB_ROOT=/afs/crc.nd.edu/user/n/nkremerh/.perl5/
BASH_ENV=/afs/crc.nd.edu/x86_64_linux/Modules/4.5.0/init/bash
VENDOR=unknown
TMP=/var/condor/execute/dir_3810/worker-213124-3868/t.1027/cctools-temp-t.1027.wFXVIc
LOGNAME=nkremerh
MACHTYPE=x86_64
CCLHOME=/afs/crc.nd.edu/group/ccl
PYTHONPATH=/afs/crc.nd.edu/user/n/nkremerh/cctools/lib/python3.6/site-packages/
LD_LIBRARY_PATH_modshare=/opt/crc/usr/local/lib:1
SSH_CONNECTION=10.17.150.200 39500 129.74.128.103 22
MODULES_LMALTNAME_modshare=CRC_default/1.1&CRC_default/default&CRC_default:1
MODULESHOME=/afs/crc.nd.edu/x86_64_linux/Modules/4.5.0
GLOBUS_GSSAPI_CIPHERS=HIGH
GLOBUS_GSSAPI_BACKWARD_COMPATIBLE_MIC=true
LESSOPEN=||/usr/bin/lesspipe.sh %s
OMP_NUM_THREADS=1
_CONDOR_JOB_AD=/var/condor/execute/dir_3810/.job.ad
LOADEDMODULES_modshare=CRC_default/1.1:1
_CONDOR_ANCESTOR_3810=3826:1600703218:2505781673
XDG_RUNTIME_DIR=/run/user/213124
SGE_CLUSTER_NAME=CRC
_CONDOR_ANCESTOR_3813=3810:1600703217:863843002
CCTOOLS=../cctools
CORES=4
_CONDOR_JOB_IWD=/var/condor/execute/dir_3810
PERL_MM_OPT=INSTALL_BASE=/afs/crc.nd.edu/user/n/nkremerh/.perl5/
GLOBUS_GSSAPI_SERVER_CIPHER_ORDER=true
_CONDOR_ANCESTOR_3607=3813:1598183989:3519041155
BASH_FUNC_module()=() {  unset _mlshdbg;
 if [ "${MODULES_SILENT_SHELL_DEBUG:-0}" = '1' ]; then
 case "$-" in 
 *v*x*)
 set +vx;
 _mlshdbg='vx'
 ;;
 *v*)
 set +v;
 _mlshdbg='v'
 ;;
 *x*)
 set +x;
 _mlshdbg='x'
 ;;
 *)
 _mlshdbg=''
 ;;
 esac;
 fi;
 unset _mlre _mlIFS;
 if [ -n "${IFS+x}" ]; then
 _mlIFS=$IFS;
 fi;
 IFS=' ';
 for _mlv in ${MODULES_RUN_QUARANTINE:-};
 do
 if [ "${_mlv}" = "${_mlv##*[!A-Za-z0-9_]}" -a "${_mlv}" = "${_mlv#[0-9]}" ]; then
 if [ -n "`eval 'echo ${'$_mlv'+x}'`" ]; then
 _mlre="${_mlre:-}${_mlv}_modquar='`eval 'echo ${'$_mlv'}'`' ";
 fi;
 _mlrv="MODULES_RUNENV_${_mlv}";
 _mlre="${_mlre:-}${_mlv}='`eval 'echo ${'$_mlrv':-}'`' ";
 fi;
 done;
 if [ -n "${_mlre:-}" ]; then
 eval `eval ${_mlre}/usr/bin/tclsh /afs/crc.nd.edu/x86_64_linux/Modules/4.5.0/libexec/modulecmd.tcl bash '"$@"'`;
 else
 eval `/usr/bin/tclsh /afs/crc.nd.edu/x86_64_linux/Modules/4.5.0/libexec/modulecmd.tcl bash "$@"`;
 fi;
 _mlstatus=$?;
 if [ -n "${_mlIFS+x}" ]; then
 IFS=$_mlIFS;
 else
 unset IFS;
 fi;
 unset _mlre _mlv _mlrv _mlIFS;
 if [ -n "${_mlshdbg:-}" ]; then
 set -$_mlshdbg;
 fi;
 unset _mlshdbg;
 return $_mlstatus
}
BASH_FUNC_ml()=() {  module ml "$@"
}
_=/usr/bin/printenv
