2070   0.000000 libjli.so->getenv("_JAVA_LAUNCHER_DEBUG") = nil
2070   0.001887 libjli.so->getenv("_JAVA_VERSION_SET") = nil
2070   0.000717 libjli.so->fopen("/usr/lib/jvm/java-1.8.0-openjdk-1.8.0.262.b10-0.el7_8.x86_64/jre/lib/amd64/jvm.cfg", "r") = 0x55a63bc940f0
2070   0.001047 libjli.so->getenv("JDK_ALTERNATE_VM") = nil
2070   0.000345 libjli.so->__xstat(1, "/usr/lib/jvm/java-1.8.0-openjdk-1.8.0.262.b10-0.el7_8.x86_64/jre/lib/amd64/server/libjvm.so", 0x7ffc1e902110) = 0
2070   0.000646 libjli.so->getenv("LD_LIBRARY_PATH") = "/afs/crc.nd.edu/group/ccl/software/x86_64/redhat7/ruby/current/lib:/afs/crc.nd.edu/group/ccl/software/x86_64/redhat7/graphviz/current/lib:/afs/crc.nd.edu/group/ccl/software/x86_64/redhat7/git/current/lib:/afs/crc.nd.edu/group/ccl/software/x86_64/redhat7/condor/current/lib:/afs/crc.nd.edu/group/ccl/software/x86_64/redhat7/clang/current/lib:/afs/crc.nd.edu/group/ccl/software/x86_64/redhat7/condor/current/lib:/afs/crc.nd.edu/group/ccl/software/x86_64/redhat7/cctools/current/lib:/opt/crc/usr/local/lib"
2070   0.002156 libjli.so->dlopen("/usr/lib/jvm/java-1.8.0-openjdk-1.8.0.262.b10-0.el7_8.x86_64/jre/lib/amd64/server/libjvm.so", 258 <unfinished ...>
2070   0.039538 libjvm.so->getenv("NMT_LEVEL_2070") = nil
2070   0.001794 <... dlopen resumed> )           = 0x55a63bc944c0
2070   0.000090 libjli.so->getenv("CLASSPATH")   = nil
2070   0.000367 libjli.so->getenv("_JAVA_SPLASH_JAR") = nil
2070   0.000307 libjli.so->getenv("_JAVA_SPLASH_FILE") = nil
2070   0.000330 libjli.so->pthread_attr_setdetachstate(0x7ffc1e9020c0, 0, 0x7ffc1e902150, 0) = 0
2070   0.000529 libpthread.so.0->__clone(0x2b4bf7003de0, 0x2b4bf6f16fc0, 0x3d0f00, 0x2b4bf6f17700) = 2071
2071   0.002652 libjvm.so->dlopen(0x2b4bf87e29ae, 1, 0xfffffffffff42c48, 4096) = 0x2b4bfc000990
2071   0.002363 libjvm.so->getenv(0x2b4bf87fd83e, 0, 115, 0x65737361) = 0x7ffc1e9076ad
2071   0.000439 libjvm.so->fopen(0x2b4bf6f15c10, 0x2b4bf8799ccb, 0x6f732e79666972, 0x2b4bf78dbab0) = 0x2b4bfc001440
2071   0.001351 libjvm.so->dlopen(0x2b4bf6f15c10, 1, 0xffffffff, 0x2b4bfc002b00) = 0x2b4bfc001440
2071   0.001519 libjvm.so->fopen(0x2b4bf6f15c10, 0x2b4bf8799ccb, 111, 0x732e6176) = 0x2b4bfc001b10
2071   0.001582 libjvm.so->dlopen(0x2b4bf6f15c10, 1, 0xffffffff, 0x2b4bfc001a00) = 0x2b4bfc001b10
2071   0.001544 libjvm.so->__xstat(1, 0x2b4bf6f16360, 0x2b4bf6f16ba0, 0x746f7073746f682e) = -1
2071   0.000446 libjvm.so->getenv(0x2b4bf8792541, 0x2b4bf6f166d0, 1024, 0x2b4bf8c4c61b) = 0
2071   0.000436 libjvm.so->getenv(0x2b4bf8792533, 0x2b4bf6f166d0, 1024, 0) = 0
2071   0.000430 libjvm.so->fopen(0x2b4bf87e2315, 0x2b4bf8799ccb, 4095, 0xffffd4b40786db03) = 0x2b4bfc003290
2071   0.001030 libjvm.so->fopen(0x2b4bf87e2361, 0x2b4bf8799ccb, 0x2b4bfc000078, 0x2b4bfc003280) = 0x2b4bfc003290
2071   0.000670 libjvm.so->fopen(0x2b4bf6f109b0, 0x2b4bf8799ccb, 4014, 3995) = 0x2b4bfc003290
2071   0.000714 libjvm.so->opendir(0x2b4bfc002b40, 0x2b4bfc002b40, 13, 16) = 0
2071   0.000525 libjvm.so->__xstat(1, 0x2b4bf6f158f0, 0x2b4bf6f14860, 0x6f732e7477616d62) = -1
2071   0.000425 libjvm.so->__xstat(1, 0x2b4bf6f158f0, 0x2b4bf6f14860, 0x5f74776162696c2f) = 0
2071   0.000530 libjvm.so->fopen(0x2b4bf6f14b90, 0x2b4bf8799ccb, 4009, 3994) = 0x2b4bfc003770
2071   0.000647 libjvm.so->fopen(0x2b4bf6f14b90, 0x2b4bf8799ccb, 4009, 3994) = 0x2b4bfc003770
2071   0.000592 libjvm.so->fopen(0x2b4bf6f14b90, 0x2b4bf8799ccb, 4009, 4002) = 0x2b4bfc003770
2071   0.000612 libjvm.so->fopen(0x2b4bf6f14b20, 0x2b4bf8799ccb, 4009, 3994) = 0x2b4bfc003770
2071   0.000577 libjvm.so->fopen(0x2b4bf6f14b20, 0x2b4bf8799ccb, 4009, 3994) = 0x2b4bfc003770
2071   0.000576 libjvm.so->fopen(0x2b4bf6f14b20, 0x2b4bf8799ccb, 4009, 4002) = 0x2b4bfc003770
2071   0.000658 libjvm.so->fopen(0x2b4bf6f14b50, 0x2b4bf8799ccb, 4014, 3995) = 0x2b4bfc003770
2071   0.000854 libjvm.so->getenv(0x2b4bf87e30ff, 4096, 3, -1) = 0
2071   0.000912 libjvm.so->fopen(0x2b4bf87e2998, 0x2b4bf8799ccb, 0x2b4bf6ffa908, 0x2b4bf6ff9df0) = 0x2b4bfc003770
2071   0.004689 libjvm.so->open(0x2b4bfc04a560, 0x20000, 0, 0x2b4bfc04a5a9) = 3
2071   0.000432 libjvm.so->__fxstat(1, 3, 0x2b4bf6f16a00, -1) = 0
2071   0.000613 libjvm.so->opendir(0x2b4bfc04a560, 0x2b4bf6f16a00, 0x4000, -1) = 0x2b4bfc04b470
2071   0.000473 libjvm.so->__fxstat(1, 3, 0x2b4bf6f168a0, 0x2b4bfc04b470) = 0
2071   0.000477 libjvm.so->__fxstat(1, 5, 0x2b4bf6f16930, -1) = 0
2071   0.000455 libjvm.so->open(0x2b4bf87b09dc, 0, 0, 0) = 3
2071   0.000660 libjvm.so->__lxstat(1, 0x2b4bfc04a560, 0x2b4bf6f16b50, -144) = 0
2071   0.000452 libjvm.so->open(0x2b4bfc04a560, 0x20000, 0x4000, -1) = 3
2071   0.000467 libjvm.so->__fxstat(1, 3, 0x2b4bf6f16a00, -1) = 0
2071   0.000470 libjvm.so->opendir(0x2b4bfc04a560, 0x2b4bf6f16a00, 0x4000, -1) = 0x2b4bfc04b470
2071   0.000448 libjvm.so->__fxstat(1, 3, 0x2b4bf6f168a0, 0x2b4bfc04b470) = 0
2071   0.000419 libjvm.so->__fxstat(1, 5, 0x2b4bf6f16930, -1) = 0
2071   0.000491 libjvm.so->open(0x2b4bf87b09dc, 0, 0, 0) = 3
2071   0.000482 libjvm.so->open(0x2b4bfc04a5a9, 0x20042, 384, -1) = 7
2071   0.000638 libjvm.so->__fxstat(1, 7, 0x2b4bf6f16b50, -1) = 0
2071   0.001709 libjvm.so->fopen(0x2b4bf6f15b60, 0x2b4bf8799ccb, 4, 0x6f732e70) = 0x2b4bfc057bc0
2071   0.001398 libjvm.so->dlopen(0x2b4bf6f15b60, 1, 0xffffffff, 0x2b4bfc057b00) = 0x2b4bfc057bc0
2071   0.001398 libjvm.so->__xstat(1, 0x2b4bf6f16120, 0x2b4bf6f16950, 2048) = 0
2071   0.000491 libjvm.so->__xstat(1, 0x2b4bf6f16120, 0x2b4bf6f16950, 2048) = 0
2071   0.000475 libjvm.so->__xstat(1, 0x2b4bf6f16120, 0x2b4bf6f16950, 2048) = -1
2071   0.000476 libjvm.so->__xstat(1, 0x2b4bf6f16120, 0x2b4bf6f16950, 2048) = 0
2071   0.000464 libjvm.so->__xstat(1, 0x2b4bf6f16120, 0x2b4bf6f16950, 2048) = 0
2071   0.000477 libjvm.so->__xstat(1, 0x2b4bf6f16120, 0x2b4bf6f16950, 2048) = 0
2071   0.000453 libjvm.so->__xstat(1, 0x2b4bf6f16120, 0x2b4bf6f16950, 2048) = 0
2071   0.000444 libjvm.so->__xstat(1, 0x2b4bf6f16120, 0x2b4bf6f16950, 2048) = -1
2071   0.000467 libjvm.so->fopen(0x2b4bfc002520, 0x2b4bf8799ccb, 0, 0) = 0x2b4bfc058a60
2071   0.009035 libjvm.so->open64(0x2b4bf6f15410, 0, 0, 16) = 3
2071   0.000507 libjvm.so->__fxstat64(1, 3, 0x2b4bf6f15240, -1) = 0
2071   0.037115 libjvm.so->__xstat(1, 0x2b4bf6f15f20, 0x2b4bf6f16750, 2048) = -1
2071   0.000607 libjvm.so->fopen(0x2b4bf6f14b20, 0x2b4bf8799ccb, 4009, 3994) = 0x2b4bfc0b5e20
2071   0.000743 libjvm.so->fopen(0x2b4bf6f14b20, 0x2b4bf8799ccb, 4009, 3994) = 0x2b4bfc0b5e20
2071   0.000695 libjvm.so->fopen(0x2b4bf6f14b20, 0x2b4bf8799ccb, 4009, 4002) = 0x2b4bfc0b5e20
2071   0.004386 libjvm.so->pthread_attr_setdetachstate(0x2b4bf6f16c00, 1, 0, 0) = 0
2071   0.000506 libpthread.so.0->__clone(0x2b4bf7003de0, 0x2b4c0f8fffc0, 0x3d0f00, 0x2b4c0f900700) = 2072
2071   0.015654 libjvm.so->pthread_attr_setdetachstate(0x2b4bf6f16290, 1, 0, 0) = 0
2071   0.000690 libpthread.so.0->__clone(0x2b4bf7003de0, 0x2b4c0fa00fc0, 0x3d0f00, 0x2b4c0fa01700) = 2073
2071   0.007016 libjvm.so->pthread_attr_setdetachstate(0x2b4bf6f16610, 1, 0, 0) = 0
2071   0.000819 libpthread.so.0->__clone(0x2b4bf7003de0, 0x2b4c0fb01fc0, 0x3d0f00, 0x2b4c0fb02700) = 2074
2071   0.054529 libjvm.so->fopen(0x2b4bfc0e9130, 0x2b4bf8799ccb, 4, 0x6f732e70) = 0x2b4bfc0f1c70
2071   0.003062 libjvm.so->dlopen(0x2b4bfc0e9130, 1, 0xffffffff, 0x2b4bfc0ec300) = 0x2b4bfc057bc0
2071   0.007048 libjvm.so->open64(0x2b4bf6f15510, 0, 0, 16) = 5
2071   0.001686 libjvm.so->__fxstat64(1, 5, 0x2b4bf6f15340, -1) = 0
2071   0.028561 libjvm.so->fopen(0x2b4bf6f12130, 0x2b4bf8799ccb, 4009, 3994) = 0x2b4bfc0fcbc0
2071   0.001575 libjvm.so->fopen(0x2b4bf6f12130, 0x2b4bf8799ccb, 4009, 3994) = 0x2b4bfc0fcbc0
2071   0.001276 libjvm.so->fopen(0x2b4bf6f12130, 0x2b4bf8799ccb, 4009, 4002) = 0x2b4bfc0fcbc0
2071   0.022140 libjvm.so->pthread_attr_setdetachstate(0x2b4bf6f16b50, 1, 0, 0) = 0
2071   0.001088 libpthread.so.0->__clone(0x2b4bf7003de0, 0x2b4c0fc02fc0, 0x3d0f00, 0x2b4c0fc03700) = 2075
2071   0.001470 libjvm.so->__xstat64(1, 0x2b4bf6f16be0, 0x2b4bf6f16b50, 18) = -1
2071   0.001687 libjvm.so->pthread_attr_setdetachstate(0x2b4bf6f16950, 1, 0, 0) = 0
2071   0.001362 libpthread.so.0->__clone(0x2b4bf7003de0, 0x2b4c0fd03fc0, 0x3d0f00, 0x2b4c0fd04700) = 2076
2071   0.002585 libjvm.so->pthread_attr_setdetachstate(0x2b4bf6f16950, 1, 0, 0) = 0
2071   0.001581 libpthread.so.0->__clone(0x2b4bf7003de0, 0x2b4c0fe04fc0, 0x3d0f00, 0x2b4c0fe05700) = 2077
2071   0.012362 libjvm.so->pthread_attr_setdetachstate(0x2b4bf6f16aa0, 1, 0, 0) = 0
2071   0.001648 libpthread.so.0->__clone(0x2b4bf7003de0, 0x2b4c0ff05fc0, 0x3d0f00, 0x2b4c0ff06700) = 2078
2071   0.003462 libjvm.so->pthread_attr_setdetachstate(0x2b4bf6f16bb0, 1, 0, 0) = 0
2071   0.002507 libpthread.so.0->__clone(0x2b4bf7003de0, 0x2b4c22642fc0, 0x3d0f00, 0x2b4c22643700) = 2079
2071   0.017128 libjvm.so->open64(0x2b4bfc132fc0, 0, 0, 0) = 7
2071   0.001749 libjvm.so->__fxstat64(1, 7, 0x2b4bf6f13f60, -1) = 0
2071   0.025814 libjvm.so->fopen(0x2b4bfc15c4d0, 0x2b4bf8799ccb, 4, 0x6f732e6f) = 0x2b4bfc15c590
2071   0.003995 libjvm.so->dlopen(0x2b4bfc15c4d0, 1, 0xffffffff, 0x2b4bfc15c500) = 0x2b4bfc15c590
2071   0.149658 libjvm.so->fopen(0x2b4bfc19a440, 0x2b4bf8799ccb, 4, 0x6f732e74) = 0x2b4bfc19d6f0
2071   0.003231 libjvm.so->dlopen(0x2b4bfc19a440, 1, 0xffffffff, 0x2b4bfc19d600) = 0x2b4bfc1a7aa0
2071   0.155947 libjvm.so->fopen(0x2b4bfc200bf0, 0x2b4bf8799ccb, 0x6f732e7373656c, 0x656c646165685f74) = 0x2b4bfc200cd0
2071   0.004645 libjvm.so->dlopen(0x2b4bfc200bf0, 1, 0xffffffff, 0x2b4bfc200c00) = 0x2b4bfc200cd0
2071   0.022926 libjvm.so->fopen(0x2b4bf6f0f990, 0x2b4bf8799ccb, 0x6f732e, 0x6d766a62696c2f72) = 0x2b4bfc20abd0
2071   0.006179 libjvm.so->dlopen(0x2b4bf6f0f990, 1, 0xffffffff, 0x2b4bfc20a100) = 0x55a63bc944c0
2071   0.001949 libjvm.so->fopen(0x2b4bf6f0f990, 0x2b4bf8799ccb, 0x6f732e, 0x6d766a62696c2f72) = 0x2b4bfc20ab70
2071   0.005352 libjvm.so->dlopen(0x2b4bf6f0f990, 1, 0xffffffff, 0x2b4bfc20a100) = 0x55a63bc944c0
2071   0.001683 libjvm.so->fopen(0x2b4bf6f0f990, 0x2b4bf8799ccb, 0x6f732e, 0x6d766a62696c2f72) = 0x2b4bfc20ab70
2071   0.003601 libjvm.so->dlopen(0x2b4bf6f0f990, 1, 0xffffffff, 0x2b4bfc20a100) = 0x55a63bc944c0
2071   0.001744 libjvm.so->fopen(0x2b4bf6f0f990, 0x2b4bf8799ccb, 0x6f732e, 0x6d766a62696c2f72) = 0x2b4bfc20ab70
2071   0.003465 libjvm.so->dlopen(0x2b4bf6f0f990, 1, 0xffffffff, 0x2b4bfc20a100) = 0x55a63bc944c0
2071   0.418683 --- SIGSEGV (Segmentation fault) ---
2071   3.193176 --- SIGSEGV (Segmentation fault) ---
2071  10.412879 libjvm.so->fopen(0x2b4bf6f109d0, 0x2b4bf8799ccb, 4, 0x6f732e70) = 0x2b4bfc1e55a0
2071   0.003794 libjvm.so->dlopen(0x2b4bf6f109d0, 1, 0xffffffff, 0x2b4bfc249500) = 0x2b4bfc057bc0
2071   0.002049 libjvm.so->fopen(0x2b4bf6f109d0, 0x2b4bf8799ccb, 4, 0x6f732e70) = 0x2b4bfc1e34a0
2071   0.003485 libjvm.so->dlopen(0x2b4bf6f109d0, 1, 0xffffffff, 0x2b4bfc249500) = 0x2b4bfc057bc0
2071   0.001968 libjvm.so->fopen(0x2b4bf6f109d0, 0x2b4bf8799ccb, 4, 0x6f732e70) = 0x2b4bfc1dfdc0
2071   0.002566 libjvm.so->dlopen(0x2b4bf6f109d0, 1, 0xffffffff, 0x2b4bfc249500) = 0x2b4bfc057bc0
2071   0.001640 libjvm.so->fopen(0x2b4bf6f109d0, 0x2b4bf8799ccb, 4, 0x6f732e70) = 0x2b4bfc1dfdc0
2071   0.002600 libjvm.so->dlopen(0x2b4bf6f109d0, 1, 0xffffffff, 0x2b4bfc249500) = 0x2b4bfc057bc0
2071   0.001840 libjvm.so->fopen(0x2b4bf6f109d0, 0x2b4bf8799ccb, 4, 0x6f732e70) = 0x2b4bfc1dfdc0
2071   0.002926 libjvm.so->dlopen(0x2b4bf6f109d0, 1, 0xffffffff, 0x2b4bfc1e5c00) = 0x2b4bfc057bc0
2071   0.001657 libjvm.so->fopen(0x2b4bf6f109d0, 0x2b4bf8799ccb, 4, 0x6f732e70) = 0x2b4bfc1dfdc0
2071   0.002503 libjvm.so->dlopen(0x2b4bf6f109d0, 1, 0xffffffff, 0x2b4bfc1e5c00) = 0x2b4bfc057bc0
2071   0.001658 libjvm.so->fopen(0x2b4bf6f109d0, 0x2b4bf8799ccb, 4, 0x6f732e70) = 0x2b4bfc1dfdc0
2071   0.002508 libjvm.so->dlopen(0x2b4bf6f109d0, 1, 0xffffffff, 0x2b4bfc1e5c00) = 0x2b4bfc057bc0
2071   0.001633 libjvm.so->fopen(0x2b4bf6f109d0, 0x2b4bf8799ccb, 4, 0x6f732e70) = 0x2b4bfc1dfdc0
2071   0.002520 libjvm.so->dlopen(0x2b4bf6f109d0, 1, 0xffffffff, 0x2b4bfc1e5c00) = 0x2b4bfc057bc0
2071   0.433460 libjvm.so->fopen(0x2b4bfc284f80, 0x2b4bf8799ccb, 0x6f732e72656761, 0x6567616e616d746e) = 0x2b4bfc285060
2071   0.003088 libjvm.so->dlopen(0x2b4bfc284f80, 1, 0xffffffff, 0x2b4bfc284f00) = 0x2b4bfc285060
2071   0.018387 libjvm.so->pthread_attr_setdetachstate(0x2b4bf6f12df0, 1, 0, 0) = 0
2071   0.001816 libpthread.so.0->__clone(0x2b4bf7003de0, 0x2b4c23999fc0, 0x3d0f00, 0x2b4c2399a700) = 2170
2071   0.022396 libjvm.so->fopen(0x2b4bfc2a23f0, 0x2b4bf8799ccb, 4, 0x6f732e74) = 0x2b4bfc2a24b0
2071   0.003076 libjvm.so->dlopen(0x2b4bfc2a23f0, 1, 0xffffffff, 0x2b4bfc2a2400) = 0x2b4bfc15cc30
2071   0.117708 libjvm.so->open64(0x2b4bf6f110c0, 0, 0, 0) = 14
2071   0.001933 libjvm.so->__fxstat64(1, 14, 0x2b4bf6f10ef0, -1) = 0
2071   0.132315 libjvm.so->fopen(0x2b4bf6f12a70, 0x2b4bf8799ccb, 0x6f732e, 0x6d766a62696c2f72) = 0x2b4bfc3300c0
2071   0.006575 libjvm.so->dlopen(0x2b4bf6f12a70, 1, 0xffffffff, 0x2b4bfc330000) = 0x55a63bc944c0
2071   0.001884 libjvm.so->fopen(0x2b4bf6f12a70, 0x2b4bf8799ccb, 0x6f732e, 0x6d766a62696c2f72) = 0x2b4bfc34d4f0
2071   0.004790 libjvm.so->dlopen(0x2b4bf6f12a70, 1, 0xffffffff, 0x2b4bfc330000) = 0x55a63bc944c0
2071   0.001850 libjvm.so->fopen(0x2b4bf6f12a70, 0x2b4bf8799ccb, 0x6f732e, 0x6d766a62696c2f72) = 0x2b4bfc34d4f0
2071   0.003614 libjvm.so->dlopen(0x2b4bf6f12a70, 1, 0xffffffff, 0x2b4bfc330000) = 0x55a63bc944c0
2071   0.001799 libjvm.so->fopen(0x2b4bf6f12a70, 0x2b4bf8799ccb, 0x6f732e, 0x6d766a62696c2f72) = 0x2b4bfc34d4f0
2071   0.004118 libjvm.so->dlopen(0x2b4bf6f12a70, 1, 0xffffffff, 0x2b4bfc330000) = 0x55a63bc944c0
2071   0.028503 libjvm.so->fopen(0x2b4bf6f126e0, 0x2b4bf8799ccb, 4, 0x6f732e6f) = 0x2b4bfc34d4f0
2071   0.003294 libjvm.so->dlopen(0x2b4bf6f126e0, 1, 0xffffffff, 0x2b4bfc335700) = 0x2b4bfc15c590
2071   0.001857 libjvm.so->fopen(0x2b4bf6f126e0, 0x2b4bf8799ccb, 4, 0x6f732e6f) = 0x2b4bfc34d4f0
2071   0.002982 libjvm.so->dlopen(0x2b4bf6f126e0, 1, 0xffffffff, 0x2b4bfc335700) = 0x2b4bfc15c590
2071   0.001856 libjvm.so->fopen(0x2b4bf6f126e0, 0x2b4bf8799ccb, 4, 0x6f732e6f) = 0x2b4bfc34d4f0
2071   0.003047 libjvm.so->dlopen(0x2b4bf6f126e0, 1, 0xffffffff, 0x2b4bfc335700) = 0x2b4bfc15c590
2071   0.001802 libjvm.so->fopen(0x2b4bf6f126e0, 0x2b4bf8799ccb, 4, 0x6f732e6f) = 0x2b4bfc34d4f0
2071   0.002912 libjvm.so->dlopen(0x2b4bf6f126e0, 1, 0xffffffff, 0x2b4bfc335700) = 0x2b4bfc15c590
2071   0.121404 libjvm.so->open64(0x2b4bfc378770, 0, 0, 48) = 23
2071   0.001928 libjvm.so->__fxstat64(1, 23, 0x2b4bf6f13780, -1) = 0
2071   0.062606 libjvm.so->fopen(0x2b4bf6f13980, 0x2b4bf8799ccb, 111, 0x732e6176) = 0x2b4bfc3952a0
2071   0.003135 libjvm.so->dlopen(0x2b4bf6f13980, 1, 0xffffffff, 0x2b4bfc395200) = 0x2b4bfc001b10
2071   0.001797 libjvm.so->fopen(0x2b4bf6f13980, 0x2b4bf8799ccb, 111, 0x732e6176) = 0x2b4bfc395550
2071   0.002918 libjvm.so->dlopen(0x2b4bf6f13980, 1, 0xffffffff, 0x2b4bfc395200) = 0x2b4bfc001b10
2071   0.001809 libjvm.so->fopen(0x2b4bf6f13980, 0x2b4bf8799ccb, 111, 0x732e6176) = 0x2b4bfc395430
2071   0.002920 libjvm.so->dlopen(0x2b4bf6f13980, 1, 0xffffffff, 0x2b4bfc395200) = 0x2b4bfc001b10
2071   0.001813 libjvm.so->fopen(0x2b4bf6f13980, 0x2b4bf8799ccb, 111, 0x732e6176) = 0x2b4bfc39b980
2071   0.002989 libjvm.so->dlopen(0x2b4bf6f13980, 1, 0xffffffff, 0x2b4bfc395200) = 0x2b4bfc001b10
2071   0.006522 libjvm.so->fopen(0x2b4bf6f139e0, 0x2b4bf8799ccb, 111, 0x732e6176) = 0x2b4bfc395850
2071   0.003096 libjvm.so->dlopen(0x2b4bf6f139e0, 1, 0xffffffff, 0x2b4bfc395700) = 0x2b4bfc001b10
2071   0.002065 libjvm.so->fopen(0x2b4bf6f139e0, 0x2b4bf8799ccb, 111, 0x732e6176) = 0x2b4bfc3958f0
2071   0.002971 libjvm.so->dlopen(0x2b4bf6f139e0, 1, 0xffffffff, 0x2b4bfc395700) = 0x2b4bfc001b10
2071   0.001771 libjvm.so->fopen(0x2b4bf6f139e0, 0x2b4bf8799ccb, 111, 0x732e6176) = 0x2b4bfc395900
2071   0.002886 libjvm.so->dlopen(0x2b4bf6f139e0, 1, 0xffffffff, 0x2b4bfc395700) = 0x2b4bfc001b10
2071   0.001826 libjvm.so->fopen(0x2b4bf6f139e0, 0x2b4bf8799ccb, 111, 0x732e6176) = 0x2b4bfc3958f0
2071   0.002989 libjvm.so->dlopen(0x2b4bf6f139e0, 1, 0xffffffff, 0x2b4bfc395700) = 0x2b4bfc001b10
2071   0.454476 --- SIGSEGV (Segmentation fault) ---
2071   0.391286 --- SIGSEGV (Segmentation fault) ---
2071   0.001680 --- SIGSEGV (Segmentation fault) ---
2071   0.000642 --- SIGSEGV (Segmentation fault) ---
2071  15.550916 --- SIGSEGV (Segmentation fault) ---
2071   1.937156 --- SIGSEGV (Segmentation fault) ---
2170   0.000083 --- SIGSEGV (Segmentation fault) ---
2074   0.000117 --- SIGSEGV (Segmentation fault) ---
2077   0.001216 --- SIGSEGV (Segmentation fault) ---
2071   0.011308 --- SIGSEGV (Segmentation fault) ---
2071   0.606173 --- SIGSEGV (Segmentation fault) ---
2079   0.048523 +++ exited (status 0) +++
2072   0.016831 +++ exited (status 0) +++
2071   0.000287 +++ exited (status 0) +++
2170   0.000384 +++ exited (status 0) +++
2078   0.000031 +++ exited (status 0) +++
2077   0.000016 +++ exited (status 0) +++
2076   0.000016 +++ exited (status 0) +++
2074   0.000014 +++ exited (status 0) +++
2073   0.000014 +++ exited (status 0) +++
2075   0.029937 +++ exited (status 0) +++
2070   0.000157 +++ exited (status 0) +++
Wrote an ltrace for command: "java -cp ./tools/maxent.jar density.MaxEnt -s outputs/Phumosia_spangleri_Zumpt.csv -e data/layers/worldclim -o outputs/Phumosia_spangleri_Zumpt nowarnings nocache autorun -z" with PID 2068 from PPID 2049 on disc25.crc.nd.edu with result 0
REMOTEHOST=10.17.145.58
MANPATH=/afs/crc.nd.edu/user/n/nkremerh/cctools/share/man/:/afs/crc.nd.edu/group/ccl/software/x86_64/redhat7/ruby/current/share/man:/afs/crc.nd.edu/group/ccl/software/x86_64/redhat7/graphviz/current/share/man:/afs/crc.nd.edu/group/ccl/software/x86_64/redhat7/gnuplot/current/share/man:/afs/crc.nd.edu/group/ccl/software/x86_64/redhat7/git/current/share/man:/afs/crc.nd.edu/group/ccl/software/x86_64/redhat7/condor/current/share/man:/afs/crc.nd.edu/group/ccl/software/x86_64/redhat7/clang/current/share/man:/afs/crc.nd.edu/group/ccl/software/x86_64/redhat7/condor/current/share/man:/afs/crc.nd.edu/group/ccl/software/x86_64/redhat7/cctools/current/share/man:/afs/crc.nd.edu/group/ccl/software/x86_64/redhat7/cctools/current/share/man:/afs/crc.nd.edu/x86_64_linux/Modules/4.5.0/share/man:/opt/crc/usr/local/man:/opt/sge/man:/usr/share/man/overrides:/usr/share/man:/usr/local/share/man
_CONDOR_JOB_PIDS=
XDG_SESSION_ID=3301
HOSTNAME=disc01.crc.nd.edu
_LMFILES__modshare=/afs/crc.nd.edu/x86_64_linux/Modules/modules/system_modules/CRC_default/1.1:1
MODULEPATH_modshare=/afs/crc.nd.edu/x86_64_linux/Modules/modules/general_software:1:/afs/crc.nd.edu/x86_64_linux/Modules/modules/development_tools_and_libraries:1:/afs/crc.nd.edu/x86_64_linux/Modules/modules/system_modules:1:/afs/crc.nd.edu/x86_64_linux/Modules/current/modulefiles:1:/afs/crc.nd.edu/x86_64_linux/Modules/modules/restricted_software:1:/afs/crc.nd.edu/x86_64_linux/Modules/modules/deprecated_software:1
TERM=xterm-256color
SHELL=/bin/tcsh
HOST=disc01.crc.nd.edu
MODULES_CMD=/afs/crc.nd.edu/x86_64_linux/Modules/4.5.0/libexec/modulecmd.tcl
HISTSIZE=5000
MAKEFLAGS=
SSH_CLIENT=10.17.145.58 38176 22
TMPDIR=/var/condor/execute/dir_3432/worker-213124-3506/t.797/cctools-temp-t.797.LlIYPB
PERL5LIB=/afs/crc.nd.edu/user/n/nkremerh/cctools/lib/perl5/site_perl/5.16.3:/afs/crc.nd.edu/user/n/nkremerh/.perl5/lib/perl5
SGE_CELL=crc
_CONDOR_SCRATCH_DIR=/var/condor/execute/dir_3432
PERL_MB_OPT=--install_base '/afs/crc.nd.edu/user/n/nkremerh/.perl5/'
SSH_TTY=/dev/pts/0
SGE_LOAD_AVG=load_avg
MAKEFLOW_MAX_LOCAL_JOBS=2
GROUP=campus
USER=nkremerh
_CHIRP_DELAYED_UPDATE_PREFIX=Chirp*
HISTFILESIZE=10000
TEMP=/var/condor/execute/dir_3432/worker-213124-3506/t.797/cctools-temp-t.797.LlIYPB
LD_LIBRARY_PATH=/afs/crc.nd.edu/group/ccl/software/x86_64/redhat7/ruby/current/lib:/afs/crc.nd.edu/group/ccl/software/x86_64/redhat7/graphviz/current/lib:/afs/crc.nd.edu/group/ccl/software/x86_64/redhat7/git/current/lib:/afs/crc.nd.edu/group/ccl/software/x86_64/redhat7/condor/current/lib:/afs/crc.nd.edu/group/ccl/software/x86_64/redhat7/clang/current/lib:/afs/crc.nd.edu/group/ccl/software/x86_64/redhat7/condor/current/lib:/afs/crc.nd.edu/group/ccl/software/x86_64/redhat7/cctools/current/lib:/opt/crc/usr/local/lib
BATCH_SYSTEM=HTCondor
MODULES_LMALTNAME=CRC_default/1.1&CRC_default/default&CRC_default
ENV=/afs/crc.nd.edu/x86_64_linux/Modules/4.5.0/init/profile.sh
WORKER_TMPDIR=/var/condor/execute/dir_3432/worker-213124-3506/cache/tmp
HOSTTYPE=x86_64-linux
_CONDOR_HIGHPORT=9999
GLOBUS_GSSAPI_MAX_TLS_PROTOCOL=0
_CONDOR_CHIRP_CONFIG=/var/condor/execute/dir_3432/.chirp.config
MAKELEVEL=1
MFLAGS=
MAIL=/var/spool/mail/nkremerh
PATH=/afs/crc.nd.edu/user/n/nkremerh/cctools/bin:/afs/crc.nd.edu/user/n/nkremerh/miniconda/bin:/afs/crc.nd.edu/group/ccl/software/git:/afs/crc.nd.edu/user/n/nkremerh/.local/bin:/afs/crc.nd.edu/group/ccl/software/x86_64/redhat7/povray/3.7/bin:/afs/crc.nd.edu/user/n/nkremerh/.perl5/bin:/afs/crc.nd.edu/user/n/nkremerh/pegasus/bin:/afs/crc.nd.edu/user/n/nkremerh/nodejs/bin:/afs/crc.nd.edu/user/n/nkremerh/montage/bin:/afs/crc.nd.edu/user/n/nkremerh/latexdiff:/afs/crc.nd.edu/user/n/nkremerh/envtrace:/afs/crc.nd.edu/user/n/nkremerh/endlines:/afs/crc.nd.edu/user/n/nkremerh/cctools/bin:/afs/crc.nd.edu/user/n/nkremerh/.cargo/bin:/afs/crc.nd.edu/group/ccl/software/x86_64/redhat7/ruby/current/bin:/afs/crc.nd.edu/group/ccl/software/x86_64/redhat7/graphviz/current/bin:/afs/crc.nd.edu/group/ccl/software/x86_64/redhat7/gnuplot/current/bin:/afs/crc.nd.edu/group/ccl/software/x86_64/redhat7/git/current/bin:/afs/crc.nd.edu/group/ccl/software/x86_64/redhat7/condor/current/sbin:/afs/crc.nd.edu/group/ccl/software/x86_64/redhat7/condor/current/bin:/afs/crc.nd.edu/group/ccl/software/x86_64/redhat7/cmake/current/bin:/afs/crc.nd.edu/group/ccl/software/x86_64/redhat7/clang/current/bin:/afs/crc.nd.edu/group/ccl/software/x86_64/redhat7/condor/current/sbin:/afs/crc.nd.edu/group/ccl/software/x86_64/redhat7/condor/current/bin:/afs/crc.nd.edu/group/ccl/software/x86_64/redhat7/cctools/current/bin:/afs/crc.nd.edu/x86_64_linux/Modules/4.5.0/bin:/opt/crc/usr/local/bin:/opt/sge/bin/lx-amd64:/usr/local/bin:/usr/bin:/usr/local/sbin:/usr/sbin:/afs/crc.nd.edu/user/c/condor/software/bin:/afs/crc.nd.edu/user/c/condor/software/sbin
CCLSOFTWARE=/afs/crc.nd.edu/group/ccl/software/x86_64/redhat7
PWD=/var/condor/execute/dir_3432/worker-213124-3506/t.797
_LMFILES_=/afs/crc.nd.edu/x86_64_linux/Modules/modules/system_modules/CRC_default/1.1
EDITOR=vim
SGE_EXECD_PORT=6445
LANG=en_US.UTF-8
SGE_QMASTER_PORT=6444
MODULEPATH=/afs/crc.nd.edu/x86_64_linux/Modules/modules/development_tools_and_libraries:/afs/crc.nd.edu/x86_64_linux/Modules/modules/general_software:/afs/crc.nd.edu/x86_64_linux/Modules/modules/restricted_software:/afs/crc.nd.edu/x86_64_linux/Modules/modules/system_modules:/afs/crc.nd.edu/x86_64_linux/Modules/modules/deprecated_software:/afs/crc.nd.edu/x86_64_linux/Modules/current/modulefiles
LOADEDMODULES=CRC_default/1.1
SGE_ROOT=/opt/sge
CCLPLATFORM=x86_64/redhat7
_CONDOR_SLOT=slot2_1
WORK_QUEUE_SANDBOX=/var/condor/execute/dir_3432/worker-213124-3506
USE_SYSTEMD=true
_CONDOR_LOWPORT=9100
_CONDOR_ANCESTOR_4261=3432:1594946670:4145456537
HISTCONTROL=ignoreboth:erasedups
KRB5CCNAME=FILE:/tmp/krb5cc_213124_0wTNSp
GLOBUS_GSSAPI_NAME_COMPATIBILITY=STRICT_RFC2818
HOME=/afs/crc.nd.edu/user/n/nkremerh
SHLVL=6
PATH_modshare=/opt/crc/usr/local/bin:1:/opt/sge/bin/lx-amd64:1:/usr/sbin:1:/usr/bin:1:/afs/crc.nd.edu/user/c/condor/software/sbin:1:/usr/local/sbin:1:/afs/crc.nd.edu/user/c/condor/software/bin:1:/usr/local/bin:1
OSTYPE=linux
_CONDOR_MACHINE_AD=/var/condor/execute/dir_3432/.machine.ad
_CONDOR_ANCESTOR_3989=4261:1593343483:4184216969
GREP_OPTIONS=--color=auto
DISK=18236
GLOBUS_GSSAPI_MIN_TLS_PROTOCOL=TLS1_VERSION
MANPATH_modshare=/usr/share/man/overrides:1:/usr/local/share/man:1:/usr/share/man:1:/opt/crc/usr/local/man:1:/opt/sge/man:1
MEMORY=1948
PERL_LOCAL_LIB_ROOT=/afs/crc.nd.edu/user/n/nkremerh/.perl5/
BASH_ENV=/afs/crc.nd.edu/x86_64_linux/Modules/4.5.0/init/bash
VENDOR=unknown
TMP=/var/condor/execute/dir_3432/worker-213124-3506/t.797/cctools-temp-t.797.LlIYPB
LOGNAME=nkremerh
MACHTYPE=x86_64
CCLHOME=/afs/crc.nd.edu/group/ccl
PYTHONPATH=/afs/crc.nd.edu/user/n/nkremerh/cctools/lib/python3.6/site-packages/
LD_LIBRARY_PATH_modshare=/opt/crc/usr/local/lib:1
SSH_CONNECTION=10.17.145.58 38176 129.74.128.103 22
MODULES_LMALTNAME_modshare=CRC_default/1.1&CRC_default/default&CRC_default:1
_CONDOR_ANCESTOR_3432=3449:1594946671:1383377506
MODULESHOME=/afs/crc.nd.edu/x86_64_linux/Modules/4.5.0
GLOBUS_GSSAPI_CIPHERS=HIGH
GLOBUS_GSSAPI_BACKWARD_COMPATIBLE_MIC=true
LESSOPEN=||/usr/bin/lesspipe.sh %s
OMP_NUM_THREADS=1
_CONDOR_JOB_AD=/var/condor/execute/dir_3432/.job.ad
LOADEDMODULES_modshare=CRC_default/1.1:1
XDG_RUNTIME_DIR=/run/user/213124
SGE_CLUSTER_NAME=CRC
CCTOOLS=../cctools
CORES=1
_CONDOR_JOB_IWD=/var/condor/execute/dir_3432
PERL_MM_OPT=INSTALL_BASE=/afs/crc.nd.edu/user/n/nkremerh/.perl5/
GLOBUS_GSSAPI_SERVER_CIPHER_ORDER=true
BASH_FUNC_module()=() {  unset _mlshdbg;
 if [ "${MODULES_SILENT_SHELL_DEBUG:-0}" = '1' ]; then
 case "$-" in 
 *v*x*)
 set +vx;
 _mlshdbg='vx'
 ;;
 *v*)
 set +v;
 _mlshdbg='v'
 ;;
 *x*)
 set +x;
 _mlshdbg='x'
 ;;
 *)
 _mlshdbg=''
 ;;
 esac;
 fi;
 unset _mlre _mlIFS;
 if [ -n "${IFS+x}" ]; then
 _mlIFS=$IFS;
 fi;
 IFS=' ';
 for _mlv in ${MODULES_RUN_QUARANTINE:-};
 do
 if [ "${_mlv}" = "${_mlv##*[!A-Za-z0-9_]}" -a "${_mlv}" = "${_mlv#[0-9]}" ]; then
 if [ -n "`eval 'echo ${'$_mlv'+x}'`" ]; then
 _mlre="${_mlre:-}${_mlv}_modquar='`eval 'echo ${'$_mlv'}'`' ";
 fi;
 _mlrv="MODULES_RUNENV_${_mlv}";
 _mlre="${_mlre:-}${_mlv}='`eval 'echo ${'$_mlrv':-}'`' ";
 fi;
 done;
 if [ -n "${_mlre:-}" ]; then
 eval `eval ${_mlre}/usr/bin/tclsh /afs/crc.nd.edu/x86_64_linux/Modules/4.5.0/libexec/modulecmd.tcl bash '"$@"'`;
 else
 eval `/usr/bin/tclsh /afs/crc.nd.edu/x86_64_linux/Modules/4.5.0/libexec/modulecmd.tcl bash "$@"`;
 fi;
 _mlstatus=$?;
 if [ -n "${_mlIFS+x}" ]; then
 IFS=$_mlIFS;
 else
 unset IFS;
 fi;
 unset _mlre _mlv _mlrv _mlIFS;
 if [ -n "${_mlshdbg:-}" ]; then
 set -$_mlshdbg;
 fi;
 unset _mlshdbg;
 return $_mlstatus
}
BASH_FUNC_ml()=() {  module ml "$@"
}
_=/usr/bin/printenv
