30598   0.000000 libjli.so->getenv("_JAVA_LAUNCHER_DEBUG") = nil
30598   0.001997 libjli.so->getenv("_JAVA_VERSION_SET") = nil
30598   0.000824 libjli.so->fopen("/usr/lib/jvm/java-1.8.0-openjdk-1.8.0.262.b10-0.el7_8.x86_64/jre/lib/amd64/jvm.cfg", "r") = 0x5589d3fa90f0
30598   0.000806 libjli.so->getenv("JDK_ALTERNATE_VM") = nil
30598   0.000330 libjli.so->__xstat(1, "/usr/lib/jvm/java-1.8.0-openjdk-1.8.0.262.b10-0.el7_8.x86_64/jre/lib/amd64/server/libjvm.so", 0x7ffe7b8a79d0) = 0
30598   0.000576 libjli.so->getenv("LD_LIBRARY_PATH") = "/afs/crc.nd.edu/group/ccl/software/x86_64/redhat7/ruby/current/lib:/afs/crc.nd.edu/group/ccl/software/x86_64/redhat7/graphviz/current/lib:/afs/crc.nd.edu/group/ccl/software/x86_64/redhat7/git/current/lib:/afs/crc.nd.edu/group/ccl/software/x86_64/redhat7/condor/current/lib:/afs/crc.nd.edu/group/ccl/software/x86_64/redhat7/clang/current/lib:/afs/crc.nd.edu/group/ccl/software/x86_64/redhat7/condor/current/lib:/afs/crc.nd.edu/group/ccl/software/x86_64/redhat7/cctools/current/lib:/opt/crc/usr/local/lib"
30598   0.002115 libjli.so->dlopen("/usr/lib/jvm/java-1.8.0-openjdk-1.8.0.262.b10-0.el7_8.x86_64/jre/lib/amd64/server/libjvm.so", 258 <unfinished ...>
30598   0.038788 libjvm.so->getenv("NMT_LEVEL_30598") = nil
30598   0.001849 <... dlopen resumed> )          = 0x5589d3fa94c0
30598   0.000074 libjli.so->getenv("CLASSPATH")  = nil
30598   0.000304 libjli.so->getenv("_JAVA_SPLASH_JAR") = nil
30598   0.000366 libjli.so->getenv("_JAVA_SPLASH_FILE") = nil
30598   0.000397 libjli.so->pthread_attr_setdetachstate(0x7ffe7b8a7980, 0, 0x7ffe7b8a7a10, 0) = 0
30598   0.000585 libpthread.so.0->__clone(0x2b6c9ada2de0, 0x2b6c9acb5fc0, 0x3d0f00, 0x2b6c9acb6700) = 0x7787
30599   0.001791 libjvm.so->dlopen(0x2b6c9c5819ae, 1, 0xfffffffffff42c48, 4096) = 0x2b6ca0000990
30599   0.002439 libjvm.so->getenv(0x2b6c9c59c83e, 0, 115, 0x65737361) = 0x7ffe7b8ae6ad
30599   0.000439 libjvm.so->fopen(0x2b6c9acb4c10, 0x2b6c9c538ccb, 0x6f732e79666972, 0x2b6c9b67aab0) = 0x2b6ca0001440
30599   0.001504 libjvm.so->dlopen(0x2b6c9acb4c10, 1, 0xffffffff, 0x2b6ca0002b00) = 0x2b6ca0001440
30599   0.001879 libjvm.so->fopen(0x2b6c9acb4c10, 0x2b6c9c538ccb, 111, 0x732e6176) = 0x2b6ca0001b10
30599   0.001768 libjvm.so->dlopen(0x2b6c9acb4c10, 1, 0xffffffff, 0x2b6ca0001a00) = 0x2b6ca0001b10
30599   0.001749 libjvm.so->__xstat(1, 0x2b6c9acb5360, 0x2b6c9acb5ba0, 0x746f7073746f682e) = -1
30599   0.000473 libjvm.so->getenv(0x2b6c9c531541, 0x2b6c9acb56d0, 1024, 0x2b6c9c9eb61b) = 0
30599   0.000424 libjvm.so->getenv(0x2b6c9c531533, 0x2b6c9acb56d0, 1024, 0) = 0
30599   0.000468 libjvm.so->fopen(0x2b6c9c581315, 0x2b6c9c538ccb, 4095, 0xffffd49363aceb03) = 0x2b6ca00032b0
30599   0.001085 libjvm.so->fopen(0x2b6c9c581361, 0x2b6c9c538ccb, 0x2b6ca0000078, 0x2b6ca00032a0) = 0x2b6ca00032b0
30599   0.000677 libjvm.so->fopen(0x2b6c9acaf9b0, 0x2b6c9c538ccb, 4014, 3995) = 0x2b6ca00032b0
30599   0.000645 libjvm.so->opendir(0x2b6ca0002b40, 0x2b6ca0002b40, 13, 16) = 0
30599   0.000454 libjvm.so->__xstat(1, 0x2b6c9acb48f0, 0x2b6c9acb3860, 0x6f732e7477616d62) = -1
30599   0.000437 libjvm.so->__xstat(1, 0x2b6c9acb48f0, 0x2b6c9acb3860, 0x5f74776162696c2f) = 0
30599   0.000513 libjvm.so->fopen(0x2b6c9acb3b90, 0x2b6c9c538ccb, 4009, 3994) = 0x2b6ca0003790
30599   0.000592 libjvm.so->fopen(0x2b6c9acb3b90, 0x2b6c9c538ccb, 4009, 3994) = 0x2b6ca0003790
30599   0.000615 libjvm.so->fopen(0x2b6c9acb3b90, 0x2b6c9c538ccb, 4009, 4002) = 0x2b6ca0003790
30599   0.000637 libjvm.so->fopen(0x2b6c9acb3b20, 0x2b6c9c538ccb, 4009, 3994) = 0x2b6ca0003790
30599   0.000643 libjvm.so->fopen(0x2b6c9acb3b20, 0x2b6c9c538ccb, 4009, 3994) = 0x2b6ca0003790
30599   0.000595 libjvm.so->fopen(0x2b6c9acb3b20, 0x2b6c9c538ccb, 4009, 4002) = 0x2b6ca0003790
30599   0.000610 libjvm.so->fopen(0x2b6c9acb3b50, 0x2b6c9c538ccb, 4014, 3995) = 0x2b6ca0003790
30599   0.000808 libjvm.so->getenv(0x2b6c9c5820ff, 4096, 3, -1) = 0
30599   0.000900 libjvm.so->fopen(0x2b6c9c581998, 0x2b6c9c538ccb, 0x2b6c9ad99908, 0x2b6c9ad98df0) = 0x2b6ca0003790
30599   0.005108 libjvm.so->open(0x2b6ca004a580, 0x20000, 0, 0x2b6ca004a5c9) = 3
30599   0.000438 libjvm.so->__fxstat(1, 3, 0x2b6c9acb5a00, -1) = 0
30599   0.000496 libjvm.so->opendir(0x2b6ca004a580, 0x2b6c9acb5a00, 0x4000, -1) = 0x2b6ca004b490
30599   0.000472 libjvm.so->__fxstat(1, 3, 0x2b6c9acb58a0, 0x2b6ca004b490) = 0
30599   0.000458 libjvm.so->__fxstat(1, 5, 0x2b6c9acb5930, -1) = 0
30599   0.000461 libjvm.so->open(0x2b6c9c54f9dc, 0, 0, 0) = 3
30599   0.000703 libjvm.so->__lxstat(1, 0x2b6ca004a580, 0x2b6c9acb5b50, -144) = 0
30599   0.000466 libjvm.so->open(0x2b6ca004a580, 0x20000, 0x4000, -1) = 3
30599   0.000453 libjvm.so->__fxstat(1, 3, 0x2b6c9acb5a00, -1) = 0
30599   0.000487 libjvm.so->opendir(0x2b6ca004a580, 0x2b6c9acb5a00, 0x4000, -1) = 0x2b6ca004b490
30599   0.000451 libjvm.so->__fxstat(1, 3, 0x2b6c9acb58a0, 0x2b6ca004b490) = 0
30599   0.000419 libjvm.so->__fxstat(1, 5, 0x2b6c9acb5930, -1) = 0
30599   0.000473 libjvm.so->open(0x2b6c9c54f9dc, 0, 0, 0) = 3
30599   0.000455 libjvm.so->open(0x2b6ca004a5c9, 0x20042, 384, -1) = 7
30599   0.000657 libjvm.so->__fxstat(1, 7, 0x2b6c9acb5b50, -1) = 0
30599   0.001673 libjvm.so->fopen(0x2b6c9acb4b60, 0x2b6c9c538ccb, 4, 0x6f732e70) = 0x2b6ca0057be0
30599   0.001393 libjvm.so->dlopen(0x2b6c9acb4b60, 1, 0xffffffff, 0x2b6ca0057b00) = 0x2b6ca0057be0
30599   0.001406 libjvm.so->__xstat(1, 0x2b6c9acb5120, 0x2b6c9acb5950, 2048) = 0
30599   0.000463 libjvm.so->__xstat(1, 0x2b6c9acb5120, 0x2b6c9acb5950, 2048) = 0
30599   0.000435 libjvm.so->__xstat(1, 0x2b6c9acb5120, 0x2b6c9acb5950, 2048) = -1
30599   0.000455 libjvm.so->__xstat(1, 0x2b6c9acb5120, 0x2b6c9acb5950, 2048) = 0
30599   0.000426 libjvm.so->__xstat(1, 0x2b6c9acb5120, 0x2b6c9acb5950, 2048) = 0
30599   0.000448 libjvm.so->__xstat(1, 0x2b6c9acb5120, 0x2b6c9acb5950, 2048) = 0
30599   0.000428 libjvm.so->__xstat(1, 0x2b6c9acb5120, 0x2b6c9acb5950, 2048) = 0
30599   0.000430 libjvm.so->__xstat(1, 0x2b6c9acb5120, 0x2b6c9acb5950, 2048) = -1
30599   0.000458 libjvm.so->fopen(0x2b6ca0002520, 0x2b6c9c538ccb, 0, 0) = 0x2b6ca0058a80
30599   0.008849 libjvm.so->open64(0x2b6c9acb4410, 0, 0, 16) = 3
30599   0.000512 libjvm.so->__fxstat64(1, 3, 0x2b6c9acb4240, -1) = 0
30599   0.039564 libjvm.so->__xstat(1, 0x2b6c9acb4f20, 0x2b6c9acb5750, 2048) = -1
30599   0.002694 libjvm.so->fopen(0x2b6c9acb3b20, 0x2b6c9c538ccb, 4009, 3994) = 0x2b6ca00b5ec0
30599   0.000672 libjvm.so->fopen(0x2b6c9acb3b20, 0x2b6c9c538ccb, 4009, 3994) = 0x2b6ca00b5ec0
30599   0.000601 libjvm.so->fopen(0x2b6c9acb3b20, 0x2b6c9c538ccb, 4009, 4002) = 0x2b6ca00b5ec0
30599   0.004351 libjvm.so->pthread_attr_setdetachstate(0x2b6c9acb5c00, 1, 0, 0) = 0
30599   0.000533 libpthread.so.0->__clone(0x2b6c9ada2de0, 0x2b6c9fe26fc0, 0x3d0f00, 0x2b6c9fe27700) = 0x7788
30599   0.016744 libjvm.so->pthread_attr_setdetachstate(0x2b6c9acb5290, 1, 0, 0) = 0
30599   0.000704 libpthread.so.0->__clone(0x2b6c9ada2de0, 0x2b6c9ff27fc0, 0x3d0f00, 0x2b6c9ff28700) = 0x7789
30599   0.007017 libjvm.so->pthread_attr_setdetachstate(0x2b6c9acb5610, 1, 0, 0) = 0
30599   0.000826 libpthread.so.0->__clone(0x2b6c9ada2de0, 0x2b6cb38fffc0, 0x3d0f00, 0x2b6cb3900700) = 0x778a
30599   0.045351 libjvm.so->fopen(0x2b6ca00ec390, 0x2b6c9c538ccb, 4, 0x6f732e70) = 0x2b6ca00f1cd0
30599   0.001939 libjvm.so->dlopen(0x2b6ca00ec390, 1, 0xffffffff, 0x2b6ca00ec200) = 0x2b6ca0057be0
30599   0.005042 libjvm.so->open64(0x2b6c9acb4510, 0, 0, 16) = 5
30599   0.000898 libjvm.so->__fxstat64(1, 5, 0x2b6c9acb4340, -1) = 0
30599   0.019942 libjvm.so->fopen(0x2b6c9acb1130, 0x2b6c9c538ccb, 4009, 3994) = 0x2b6ca00fcc60
30599   0.001154 libjvm.so->fopen(0x2b6c9acb1130, 0x2b6c9c538ccb, 4009, 3994) = 0x2b6ca00fcc60
30599   0.001060 libjvm.so->fopen(0x2b6c9acb1130, 0x2b6c9c538ccb, 4009, 4002) = 0x2b6ca00fcc60
30599   0.015950 libjvm.so->pthread_attr_setdetachstate(0x2b6c9acb5b50, 1, 0, 0) = 0
30599   0.000966 libpthread.so.0->__clone(0x2b6c9ada2de0, 0x2b6cb3a00fc0, 0x3d0f00, 0x2b6cb3a01700) = 0x778b
30599   0.001398 libjvm.so->__xstat64(1, 0x2b6c9acb5be0, 0x2b6c9acb5b50, 19) = -1
30599   0.001161 libjvm.so->pthread_attr_setdetachstate(0x2b6c9acb5950, 1, 0, 0) = 0
30599   0.001090 libpthread.so.0->__clone(0x2b6c9ada2de0, 0x2b6cb3b01fc0, 0x3d0f00, 0x2b6cb3b02700) = 0x778c
30599   0.001677 libjvm.so->pthread_attr_setdetachstate(0x2b6c9acb5950, 1, 0, 0) = 0
30599   0.001296 libpthread.so.0->__clone(0x2b6c9ada2de0, 0x2b6cb3c02fc0, 0x3d0f00, 0x2b6cb3c03700) = 0x778d
30599   0.010251 libjvm.so->pthread_attr_setdetachstate(0x2b6c9acb5aa0, 1, 0, 0) = 0
30599   0.001440 libpthread.so.0->__clone(0x2b6c9ada2de0, 0x2b6cb3d03fc0, 0x3d0f00, 0x2b6cb3d04700) = 0x778e
30599   0.002219 libjvm.so->pthread_attr_setdetachstate(0x2b6c9acb5bb0, 1, 0, 0) = 0
30599   0.001880 libpthread.so.0->__clone(0x2b6c9ada2de0, 0x2b6cb3e04fc0, 0x3d0f00, 0x2b6cb3e05700) = 0x778f
30599   0.017739 libjvm.so->open64(0x2b6ca0128880, 0, 0, 0) = 7
30599   0.001961 libjvm.so->__fxstat64(1, 7, 0x2b6c9acb2f60, -1) = 0
30599   0.031404 libjvm.so->fopen(0x2b6ca0154670, 0x2b6c9c538ccb, 4, 0x6f732e6f) = 0x2b6ca0154730
30599   0.006629 libjvm.so->dlopen(0x2b6ca0154670, 1, 0xffffffff, 0x2b6ca0154600) = 0x2b6ca0154730
30599   0.149318 libjvm.so->fopen(0x2b6ca01925b0, 0x2b6c9c538ccb, 4, 0x6f732e74) = 0x2b6ca0195860
30599   0.003509 libjvm.so->dlopen(0x2b6ca01925b0, 1, 0xffffffff, 0x2b6ca0195700) = 0x2b6ca019fc10
30599   0.154764 libjvm.so->fopen(0x2b6ca0228c90, 0x2b6c9c538ccb, 0x6f732e7373656c, 0x656c646165685f74) = 0x2b6ca0228d70
30599   0.003134 libjvm.so->dlopen(0x2b6ca0228c90, 1, 0xffffffff, 0x2b6ca0228c00) = 0x2b6ca0228d70
30599   0.023149 libjvm.so->fopen(0x2b6c9acae990, 0x2b6c9c538ccb, 0x6f732e, 0x6d766a62696c2f72) = 0x2b6ca0232bc0
30599   0.005958 libjvm.so->dlopen(0x2b6c9acae990, 1, 0xffffffff, 0x2b6ca0232100) = 0x5589d3fa94c0
30599   0.001737 libjvm.so->fopen(0x2b6c9acae990, 0x2b6c9c538ccb, 0x6f732e, 0x6d766a62696c2f72) = 0x2b6ca0232b60
30599   0.004998 libjvm.so->dlopen(0x2b6c9acae990, 1, 0xffffffff, 0x2b6ca0232100) = 0x5589d3fa94c0
30599   0.001716 libjvm.so->fopen(0x2b6c9acae990, 0x2b6c9c538ccb, 0x6f732e, 0x6d766a62696c2f72) = 0x2b6ca0232b60
30599   0.003622 libjvm.so->dlopen(0x2b6c9acae990, 1, 0xffffffff, 0x2b6ca0232100) = 0x5589d3fa94c0
30599   0.001656 libjvm.so->fopen(0x2b6c9acae990, 0x2b6c9c538ccb, 0x6f732e, 0x6d766a62696c2f72) = 0x2b6ca0232b60
30599   0.003474 libjvm.so->dlopen(0x2b6c9acae990, 1, 0xffffffff, 0x2b6ca0232100) = 0x5589d3fa94c0
30599   0.447105 --- SIGSEGV (Segmentation fault) ---
30599   3.156050 --- SIGSEGV (Segmentation fault) ---
30607   9.511588 +++ exited (status 0) +++
30603   0.000337 +++ exited (status 0) +++
30600   0.000837 +++ exited (status 0) +++
30599   0.000295 +++ exited (status 0) +++
30606   0.000338 +++ exited (status 0) +++
30605   0.000022 +++ exited (status 0) +++
30602   0.000016 +++ exited (status 0) +++
30601   0.000013 +++ exited (status 0) +++
30604   0.022190 +++ exited (status 0) +++
30598   0.000093 +++ exited (status 0) +++
Wrote an ltrace for command: "java -cp ./tools/maxent.jar density.MaxEnt -s outputs/Ocladius_subundulatus_Fahraeus.csv -e data/layers/worldclim -o outputs/Ocladius_subundulatus_Fahraeus nowarnings nocache autorun -z" with PID 30596 from PPID 30578 on disc25.crc.nd.edu with result 0
REMOTEHOST=10.17.145.58
MANPATH=/afs/crc.nd.edu/user/n/nkremerh/cctools/share/man/:/afs/crc.nd.edu/group/ccl/software/x86_64/redhat7/ruby/current/share/man:/afs/crc.nd.edu/group/ccl/software/x86_64/redhat7/graphviz/current/share/man:/afs/crc.nd.edu/group/ccl/software/x86_64/redhat7/gnuplot/current/share/man:/afs/crc.nd.edu/group/ccl/software/x86_64/redhat7/git/current/share/man:/afs/crc.nd.edu/group/ccl/software/x86_64/redhat7/condor/current/share/man:/afs/crc.nd.edu/group/ccl/software/x86_64/redhat7/clang/current/share/man:/afs/crc.nd.edu/group/ccl/software/x86_64/redhat7/condor/current/share/man:/afs/crc.nd.edu/group/ccl/software/x86_64/redhat7/cctools/current/share/man:/afs/crc.nd.edu/group/ccl/software/x86_64/redhat7/cctools/current/share/man:/afs/crc.nd.edu/x86_64_linux/Modules/4.5.0/share/man:/opt/crc/usr/local/man:/opt/sge/man:/usr/share/man/overrides:/usr/share/man:/usr/local/share/man
_CONDOR_JOB_PIDS=
XDG_SESSION_ID=3301
HOSTNAME=disc01.crc.nd.edu
_LMFILES__modshare=/afs/crc.nd.edu/x86_64_linux/Modules/modules/system_modules/CRC_default/1.1:1
MODULEPATH_modshare=/afs/crc.nd.edu/x86_64_linux/Modules/modules/general_software:1:/afs/crc.nd.edu/x86_64_linux/Modules/modules/development_tools_and_libraries:1:/afs/crc.nd.edu/x86_64_linux/Modules/modules/system_modules:1:/afs/crc.nd.edu/x86_64_linux/Modules/current/modulefiles:1:/afs/crc.nd.edu/x86_64_linux/Modules/modules/restricted_software:1:/afs/crc.nd.edu/x86_64_linux/Modules/modules/deprecated_software:1
TERM=xterm-256color
SHELL=/bin/tcsh
HOST=disc01.crc.nd.edu
MODULES_CMD=/afs/crc.nd.edu/x86_64_linux/Modules/4.5.0/libexec/modulecmd.tcl
HISTSIZE=5000
MAKEFLAGS=
SSH_CLIENT=10.17.145.58 38176 22
TMPDIR=/var/condor/execute/dir_3432/worker-213124-3506/t.728/cctools-temp-t.728.WJU8NH
PERL5LIB=/afs/crc.nd.edu/user/n/nkremerh/cctools/lib/perl5/site_perl/5.16.3:/afs/crc.nd.edu/user/n/nkremerh/.perl5/lib/perl5
SGE_CELL=crc
_CONDOR_SCRATCH_DIR=/var/condor/execute/dir_3432
PERL_MB_OPT=--install_base '/afs/crc.nd.edu/user/n/nkremerh/.perl5/'
SSH_TTY=/dev/pts/0
SGE_LOAD_AVG=load_avg
MAKEFLOW_MAX_LOCAL_JOBS=2
GROUP=campus
USER=nkremerh
_CHIRP_DELAYED_UPDATE_PREFIX=Chirp*
HISTFILESIZE=10000
TEMP=/var/condor/execute/dir_3432/worker-213124-3506/t.728/cctools-temp-t.728.WJU8NH
LD_LIBRARY_PATH=/afs/crc.nd.edu/group/ccl/software/x86_64/redhat7/ruby/current/lib:/afs/crc.nd.edu/group/ccl/software/x86_64/redhat7/graphviz/current/lib:/afs/crc.nd.edu/group/ccl/software/x86_64/redhat7/git/current/lib:/afs/crc.nd.edu/group/ccl/software/x86_64/redhat7/condor/current/lib:/afs/crc.nd.edu/group/ccl/software/x86_64/redhat7/clang/current/lib:/afs/crc.nd.edu/group/ccl/software/x86_64/redhat7/condor/current/lib:/afs/crc.nd.edu/group/ccl/software/x86_64/redhat7/cctools/current/lib:/opt/crc/usr/local/lib
BATCH_SYSTEM=HTCondor
MODULES_LMALTNAME=CRC_default/1.1&CRC_default/default&CRC_default
ENV=/afs/crc.nd.edu/x86_64_linux/Modules/4.5.0/init/profile.sh
WORKER_TMPDIR=/var/condor/execute/dir_3432/worker-213124-3506/cache/tmp
HOSTTYPE=x86_64-linux
_CONDOR_HIGHPORT=9999
GLOBUS_GSSAPI_MAX_TLS_PROTOCOL=0
_CONDOR_CHIRP_CONFIG=/var/condor/execute/dir_3432/.chirp.config
MAKELEVEL=1
MFLAGS=
MAIL=/var/spool/mail/nkremerh
PATH=/afs/crc.nd.edu/user/n/nkremerh/cctools/bin:/afs/crc.nd.edu/user/n/nkremerh/miniconda/bin:/afs/crc.nd.edu/group/ccl/software/git:/afs/crc.nd.edu/user/n/nkremerh/.local/bin:/afs/crc.nd.edu/group/ccl/software/x86_64/redhat7/povray/3.7/bin:/afs/crc.nd.edu/user/n/nkremerh/.perl5/bin:/afs/crc.nd.edu/user/n/nkremerh/pegasus/bin:/afs/crc.nd.edu/user/n/nkremerh/nodejs/bin:/afs/crc.nd.edu/user/n/nkremerh/montage/bin:/afs/crc.nd.edu/user/n/nkremerh/latexdiff:/afs/crc.nd.edu/user/n/nkremerh/envtrace:/afs/crc.nd.edu/user/n/nkremerh/endlines:/afs/crc.nd.edu/user/n/nkremerh/cctools/bin:/afs/crc.nd.edu/user/n/nkremerh/.cargo/bin:/afs/crc.nd.edu/group/ccl/software/x86_64/redhat7/ruby/current/bin:/afs/crc.nd.edu/group/ccl/software/x86_64/redhat7/graphviz/current/bin:/afs/crc.nd.edu/group/ccl/software/x86_64/redhat7/gnuplot/current/bin:/afs/crc.nd.edu/group/ccl/software/x86_64/redhat7/git/current/bin:/afs/crc.nd.edu/group/ccl/software/x86_64/redhat7/condor/current/sbin:/afs/crc.nd.edu/group/ccl/software/x86_64/redhat7/condor/current/bin:/afs/crc.nd.edu/group/ccl/software/x86_64/redhat7/cmake/current/bin:/afs/crc.nd.edu/group/ccl/software/x86_64/redhat7/clang/current/bin:/afs/crc.nd.edu/group/ccl/software/x86_64/redhat7/condor/current/sbin:/afs/crc.nd.edu/group/ccl/software/x86_64/redhat7/condor/current/bin:/afs/crc.nd.edu/group/ccl/software/x86_64/redhat7/cctools/current/bin:/afs/crc.nd.edu/x86_64_linux/Modules/4.5.0/bin:/opt/crc/usr/local/bin:/opt/sge/bin/lx-amd64:/usr/local/bin:/usr/bin:/usr/local/sbin:/usr/sbin:/afs/crc.nd.edu/user/c/condor/software/bin:/afs/crc.nd.edu/user/c/condor/software/sbin
CCLSOFTWARE=/afs/crc.nd.edu/group/ccl/software/x86_64/redhat7
PWD=/var/condor/execute/dir_3432/worker-213124-3506/t.728
_LMFILES_=/afs/crc.nd.edu/x86_64_linux/Modules/modules/system_modules/CRC_default/1.1
EDITOR=vim
SGE_EXECD_PORT=6445
LANG=en_US.UTF-8
SGE_QMASTER_PORT=6444
MODULEPATH=/afs/crc.nd.edu/x86_64_linux/Modules/modules/development_tools_and_libraries:/afs/crc.nd.edu/x86_64_linux/Modules/modules/general_software:/afs/crc.nd.edu/x86_64_linux/Modules/modules/restricted_software:/afs/crc.nd.edu/x86_64_linux/Modules/modules/system_modules:/afs/crc.nd.edu/x86_64_linux/Modules/modules/deprecated_software:/afs/crc.nd.edu/x86_64_linux/Modules/current/modulefiles
LOADEDMODULES=CRC_default/1.1
SGE_ROOT=/opt/sge
CCLPLATFORM=x86_64/redhat7
_CONDOR_SLOT=slot2_1
WORK_QUEUE_SANDBOX=/var/condor/execute/dir_3432/worker-213124-3506
USE_SYSTEMD=true
_CONDOR_LOWPORT=9100
_CONDOR_ANCESTOR_4261=3432:1594946670:4145456537
HISTCONTROL=ignoreboth:erasedups
KRB5CCNAME=FILE:/tmp/krb5cc_213124_0wTNSp
GLOBUS_GSSAPI_NAME_COMPATIBILITY=STRICT_RFC2818
HOME=/afs/crc.nd.edu/user/n/nkremerh
SHLVL=6
PATH_modshare=/opt/crc/usr/local/bin:1:/opt/sge/bin/lx-amd64:1:/usr/sbin:1:/usr/bin:1:/afs/crc.nd.edu/user/c/condor/software/sbin:1:/usr/local/sbin:1:/afs/crc.nd.edu/user/c/condor/software/bin:1:/usr/local/bin:1
OSTYPE=linux
_CONDOR_MACHINE_AD=/var/condor/execute/dir_3432/.machine.ad
_CONDOR_ANCESTOR_3989=4261:1593343483:4184216969
GREP_OPTIONS=--color=auto
DISK=18236
GLOBUS_GSSAPI_MIN_TLS_PROTOCOL=TLS1_VERSION
MANPATH_modshare=/usr/share/man/overrides:1:/usr/local/share/man:1:/usr/share/man:1:/opt/crc/usr/local/man:1:/opt/sge/man:1
MEMORY=1948
PERL_LOCAL_LIB_ROOT=/afs/crc.nd.edu/user/n/nkremerh/.perl5/
BASH_ENV=/afs/crc.nd.edu/x86_64_linux/Modules/4.5.0/init/bash
VENDOR=unknown
TMP=/var/condor/execute/dir_3432/worker-213124-3506/t.728/cctools-temp-t.728.WJU8NH
LOGNAME=nkremerh
MACHTYPE=x86_64
CCLHOME=/afs/crc.nd.edu/group/ccl
PYTHONPATH=/afs/crc.nd.edu/user/n/nkremerh/cctools/lib/python3.6/site-packages/
LD_LIBRARY_PATH_modshare=/opt/crc/usr/local/lib:1
SSH_CONNECTION=10.17.145.58 38176 129.74.128.103 22
MODULES_LMALTNAME_modshare=CRC_default/1.1&CRC_default/default&CRC_default:1
_CONDOR_ANCESTOR_3432=3449:1594946671:1383377506
MODULESHOME=/afs/crc.nd.edu/x86_64_linux/Modules/4.5.0
GLOBUS_GSSAPI_CIPHERS=HIGH
GLOBUS_GSSAPI_BACKWARD_COMPATIBLE_MIC=true
LESSOPEN=||/usr/bin/lesspipe.sh %s
OMP_NUM_THREADS=1
_CONDOR_JOB_AD=/var/condor/execute/dir_3432/.job.ad
LOADEDMODULES_modshare=CRC_default/1.1:1
XDG_RUNTIME_DIR=/run/user/213124
SGE_CLUSTER_NAME=CRC
CCTOOLS=../cctools
CORES=1
_CONDOR_JOB_IWD=/var/condor/execute/dir_3432
PERL_MM_OPT=INSTALL_BASE=/afs/crc.nd.edu/user/n/nkremerh/.perl5/
GLOBUS_GSSAPI_SERVER_CIPHER_ORDER=true
BASH_FUNC_module()=() {  unset _mlshdbg;
 if [ "${MODULES_SILENT_SHELL_DEBUG:-0}" = '1' ]; then
 case "$-" in 
 *v*x*)
 set +vx;
 _mlshdbg='vx'
 ;;
 *v*)
 set +v;
 _mlshdbg='v'
 ;;
 *x*)
 set +x;
 _mlshdbg='x'
 ;;
 *)
 _mlshdbg=''
 ;;
 esac;
 fi;
 unset _mlre _mlIFS;
 if [ -n "${IFS+x}" ]; then
 _mlIFS=$IFS;
 fi;
 IFS=' ';
 for _mlv in ${MODULES_RUN_QUARANTINE:-};
 do
 if [ "${_mlv}" = "${_mlv##*[!A-Za-z0-9_]}" -a "${_mlv}" = "${_mlv#[0-9]}" ]; then
 if [ -n "`eval 'echo ${'$_mlv'+x}'`" ]; then
 _mlre="${_mlre:-}${_mlv}_modquar='`eval 'echo ${'$_mlv'}'`' ";
 fi;
 _mlrv="MODULES_RUNENV_${_mlv}";
 _mlre="${_mlre:-}${_mlv}='`eval 'echo ${'$_mlrv':-}'`' ";
 fi;
 done;
 if [ -n "${_mlre:-}" ]; then
 eval `eval ${_mlre}/usr/bin/tclsh /afs/crc.nd.edu/x86_64_linux/Modules/4.5.0/libexec/modulecmd.tcl bash '"$@"'`;
 else
 eval `/usr/bin/tclsh /afs/crc.nd.edu/x86_64_linux/Modules/4.5.0/libexec/modulecmd.tcl bash "$@"`;
 fi;
 _mlstatus=$?;
 if [ -n "${_mlIFS+x}" ]; then
 IFS=$_mlIFS;
 else
 unset IFS;
 fi;
 unset _mlre _mlv _mlrv _mlIFS;
 if [ -n "${_mlshdbg:-}" ]; then
 set -$_mlshdbg;
 fi;
 unset _mlshdbg;
 return $_mlstatus
}
BASH_FUNC_ml()=() {  module ml "$@"
}
_=/usr/bin/printenv
