17528   0.000000 libjli.so->getenv("_JAVA_LAUNCHER_DEBUG") = nil
17528   0.001728 libjli.so->getenv("_JAVA_VERSION_SET") = nil
17528   0.000795 libjli.so->fopen("/usr/lib/jvm/java-1.8.0-openjdk-1.8.0.262.b10-0.el7_8.x86_64/jre/lib/amd64/jvm.cfg", "r") = 0x55c4b19920f0
17528   0.000807 libjli.so->getenv("JDK_ALTERNATE_VM") = nil
17528   0.000318 libjli.so->__xstat(1, "/usr/lib/jvm/java-1.8.0-openjdk-1.8.0.262.b10-0.el7_8.x86_64/jre/lib/amd64/server/libjvm.so", 0x7ffe031183c0) = 0
17528   0.000587 libjli.so->getenv("LD_LIBRARY_PATH") = "/afs/crc.nd.edu/group/ccl/software/x86_64/redhat7/ruby/current/lib:/afs/crc.nd.edu/group/ccl/software/x86_64/redhat7/graphviz/current/lib:/afs/crc.nd.edu/group/ccl/software/x86_64/redhat7/git/current/lib:/afs/crc.nd.edu/group/ccl/software/x86_64/redhat7/condor/current/lib:/afs/crc.nd.edu/group/ccl/software/x86_64/redhat7/clang/current/lib:/afs/crc.nd.edu/group/ccl/software/x86_64/redhat7/condor/current/lib:/afs/crc.nd.edu/group/ccl/software/x86_64/redhat7/cctools/current/lib:/opt/crc/usr/local/lib"
17528   0.002125 libjli.so->dlopen("/usr/lib/jvm/java-1.8.0-openjdk-1.8.0.262.b10-0.el7_8.x86_64/jre/lib/amd64/server/libjvm.so", 258 <unfinished ...>
17528   0.038246 libjvm.so->getenv("NMT_LEVEL_17528") = nil
17528   0.001679 <... dlopen resumed> )          = 0x55c4b19924c0
17528   0.000079 libjli.so->getenv("CLASSPATH")  = nil
17528   0.000333 libjli.so->getenv("_JAVA_SPLASH_JAR") = nil
17528   0.000354 libjli.so->getenv("_JAVA_SPLASH_FILE") = nil
17528   0.000354 libjli.so->pthread_attr_setdetachstate(0x7ffe03118370, 0, 0x7ffe03118400, 0) = 0
17528   0.000544 libpthread.so.0->__clone(0x2aebae9a5de0, 0x2aebae8b8fc0, 0x3d0f00, 0x2aebae8b9700) = 0x4479
17529   0.001864 libjvm.so->dlopen(0x2aebb01849ae, 1, 0xfffffffffff42c48, 4096) = 0x2aebb4000990
17529   0.002489 libjvm.so->getenv(0x2aebb019f83e, 0, 115, 0x65737361) = 0x7ffe0311d6e8
17529   0.000495 libjvm.so->fopen(0x2aebae8b7c10, 0x2aebb013bccb, 0x6f732e79666972, 0x2aebaf27dab0) = 0x2aebb4001440
17529   0.001930 libjvm.so->dlopen(0x2aebae8b7c10, 1, 0xffffffff, 0x2aebb4002b00) = 0x2aebb4001440
17529   0.001456 libjvm.so->fopen(0x2aebae8b7c10, 0x2aebb013bccb, 111, 0x732e6176) = 0x2aebb4001b10
17529   0.001568 libjvm.so->dlopen(0x2aebae8b7c10, 1, 0xffffffff, 0x2aebb4001a00) = 0x2aebb4001b10
17529   0.001519 libjvm.so->__xstat(1, 0x2aebae8b8360, 0x2aebae8b8ba0, 0x746f7073746f682e) = -1
17529   0.000461 libjvm.so->getenv(0x2aebb0134541, 0x2aebae8b86d0, 1024, 0x2aebb05ee61b) = 0
17529   0.000422 libjvm.so->getenv(0x2aebb0134533, 0x2aebae8b86d0, 1024, 0) = 0
17529   0.000433 libjvm.so->fopen(0x2aebb0184315, 0x2aebb013bccb, 4095, 0xffffd5144fecbb03) = 0x2aebb4003270
17529   0.001025 libjvm.so->fopen(0x2aebb0184361, 0x2aebb013bccb, 0x2aebb4000078, 0x2aebb4003260) = 0x2aebb4003270
17529   0.000660 libjvm.so->fopen(0x2aebae8b29b0, 0x2aebb013bccb, 4016, 3997) = 0x2aebb4003270
17529   0.000647 libjvm.so->opendir(0x2aebb4002b40, 0x2aebb4002b40, 13, 16) = 0
17529   0.000440 libjvm.so->__xstat(1, 0x2aebae8b78f0, 0x2aebae8b6860, 0x6f732e7477616d62) = -1
17529   0.000447 libjvm.so->__xstat(1, 0x2aebae8b78f0, 0x2aebae8b6860, 0x5f74776162696c2f) = 0
17529   0.000491 libjvm.so->fopen(0x2aebae8b6b90, 0x2aebb013bccb, 4011, 3996) = 0x2aebb4003750
17529   0.000633 libjvm.so->fopen(0x2aebae8b6b90, 0x2aebb013bccb, 4011, 3996) = 0x2aebb4003750
17529   0.000579 libjvm.so->fopen(0x2aebae8b6b90, 0x2aebb013bccb, 4011, 4004) = 0x2aebb4003750
17529   0.000718 libjvm.so->fopen(0x2aebae8b6b20, 0x2aebb013bccb, 4011, 3996) = 0x2aebb4003750
17529   0.000672 libjvm.so->fopen(0x2aebae8b6b20, 0x2aebb013bccb, 4011, 3996) = 0x2aebb4003750
17529   0.000602 libjvm.so->fopen(0x2aebae8b6b20, 0x2aebb013bccb, 4011, 4004) = 0x2aebb4003750
17529   0.000658 libjvm.so->fopen(0x2aebae8b6b50, 0x2aebb013bccb, 4016, 3997) = 0x2aebb4003750
17529   0.000777 libjvm.so->getenv(0x2aebb01850ff, 4096, 3, -1) = 0
17529   0.000898 libjvm.so->fopen(0x2aebb0184998, 0x2aebb013bccb, 0x2aebae99c908, 0x2aebae99bdf0) = 0x2aebb4003750
17529   0.004681 libjvm.so->open(0x2aebb404a540, 0x20000, 0, 0x2aebb404a589) = 3
17529   0.000449 libjvm.so->__fxstat(1, 3, 0x2aebae8b8a00, -1) = 0
17529   0.000478 libjvm.so->opendir(0x2aebb404a540, 0x2aebae8b8a00, 0x4000, -1) = 0x2aebb404b450
17529   0.000509 libjvm.so->__fxstat(1, 3, 0x2aebae8b88a0, 0x2aebb404b450) = 0
17529   0.000431 libjvm.so->__fxstat(1, 5, 0x2aebae8b8930, -1) = 0
17529   0.000461 libjvm.so->open(0x2aebb01529dc, 0, 0, 0) = 3
17529   0.000690 libjvm.so->__lxstat(1, 0x2aebb404a540, 0x2aebae8b8b50, -144) = 0
17529   0.000446 libjvm.so->open(0x2aebb404a540, 0x20000, 0x4000, -1) = 3
17529   0.000426 libjvm.so->__fxstat(1, 3, 0x2aebae8b8a00, -1) = 0
17529   0.000545 libjvm.so->opendir(0x2aebb404a540, 0x2aebae8b8a00, 0x4000, -1) = 0x2aebb404b450
17529   0.000428 libjvm.so->__fxstat(1, 3, 0x2aebae8b88a0, 0x2aebb404b450) = 0
17529   0.000501 libjvm.so->__fxstat(1, 5, 0x2aebae8b8930, -1) = 0
17529   0.000446 libjvm.so->open(0x2aebb01529dc, 0, 0, 0) = 3
17529   0.000612 libjvm.so->open(0x2aebb404a589, 0x20042, 384, -1) = 7
17529   0.000636 libjvm.so->__fxstat(1, 7, 0x2aebae8b8b50, -1) = 0
17529   0.001671 libjvm.so->fopen(0x2aebae8b7b60, 0x2aebb013bccb, 4, 0x6f732e70) = 0x2aebb4057ba0
17529   0.001527 libjvm.so->dlopen(0x2aebae8b7b60, 1, 0xffffffff, 0x2aebb4057b00) = 0x2aebb4057ba0
17529   0.001527 libjvm.so->__xstat(1, 0x2aebae8b8120, 0x2aebae8b8950, 2048) = 0
17529   0.000499 libjvm.so->__xstat(1, 0x2aebae8b8120, 0x2aebae8b8950, 2048) = 0
17529   0.000466 libjvm.so->__xstat(1, 0x2aebae8b8120, 0x2aebae8b8950, 2048) = -1
17529   0.000440 libjvm.so->__xstat(1, 0x2aebae8b8120, 0x2aebae8b8950, 2048) = 0
17529   0.000435 libjvm.so->__xstat(1, 0x2aebae8b8120, 0x2aebae8b8950, 2048) = 0
17529   0.000440 libjvm.so->__xstat(1, 0x2aebae8b8120, 0x2aebae8b8950, 2048) = 0
17529   0.000437 libjvm.so->__xstat(1, 0x2aebae8b8120, 0x2aebae8b8950, 2048) = 0
17529   0.000423 libjvm.so->__xstat(1, 0x2aebae8b8120, 0x2aebae8b8950, 2048) = -1
17529   0.000475 libjvm.so->fopen(0x2aebb4002520, 0x2aebb013bccb, 0, 0) = 0x2aebb4058a40
17529   0.008985 libjvm.so->open64(0x2aebae8b7410, 0, 0, 16) = 3
17529   0.000475 libjvm.so->__fxstat64(1, 3, 0x2aebae8b7240, -1) = 0
17529   0.036082 libjvm.so->__xstat(1, 0x2aebae8b7f20, 0x2aebae8b8750, 2048) = -1
17529   0.000595 libjvm.so->fopen(0x2aebae8b6b20, 0x2aebb013bccb, 4011, 3996) = 0x2aebb40b1fd0
17529   0.000644 libjvm.so->fopen(0x2aebae8b6b20, 0x2aebb013bccb, 4011, 3996) = 0x2aebb40b1fd0
17529   0.000577 libjvm.so->fopen(0x2aebae8b6b20, 0x2aebb013bccb, 4011, 4004) = 0x2aebb40b1fd0
17529   0.004312 libjvm.so->pthread_attr_setdetachstate(0x2aebae8b8c00, 1, 0, 0) = 0
17529   0.000477 libpthread.so.0->__clone(0x2aebae9a5de0, 0x2aebc72d0fc0, 0x3d0f00, 0x2aebc72d1700) = 0x447a
17529   0.015671 libjvm.so->pthread_attr_setdetachstate(0x2aebae8b8290, 1, 0, 0) = 0
17529   0.000653 libpthread.so.0->__clone(0x2aebae9a5de0, 0x2aebc73d1fc0, 0x3d0f00, 0x2aebc73d2700) = 0x447b
17529   0.007078 libjvm.so->pthread_attr_setdetachstate(0x2aebae8b8610, 1, 0, 0) = 0
17529   0.000815 libpthread.so.0->__clone(0x2aebae9a5de0, 0x2aebc74d2fc0, 0x3d0f00, 0x2aebc74d3700) = 0x447c
17529   0.040453 libjvm.so->fopen(0x2aebb40e9160, 0x2aebb013bccb, 4, 0x6f732e70) = 0x2aebb40f1ca0
17529   0.002203 libjvm.so->dlopen(0x2aebb40e9160, 1, 0xffffffff, 0x2aebb40ec300) = 0x2aebb4057ba0
17529   0.005337 libjvm.so->open64(0x2aebae8b7510, 0, 0, 16) = 5
17529   0.001586 libjvm.so->__fxstat64(1, 5, 0x2aebae8b7340, -1) = 0
17529   0.021144 libjvm.so->fopen(0x2aebae8b4130, 0x2aebb013bccb, 4011, 3996) = 0x2aebb40fcbf0
17529   0.001983 libjvm.so->fopen(0x2aebae8b4130, 0x2aebb013bccb, 4011, 3996) = 0x2aebb40fcbf0
17529   0.001151 libjvm.so->fopen(0x2aebae8b4130, 0x2aebb013bccb, 4011, 4004) = 0x2aebb40fcbf0
17529   0.020296 libjvm.so->pthread_attr_setdetachstate(0x2aebae8b8b50, 1, 0, 0) = 0
17529   0.001029 libpthread.so.0->__clone(0x2aebae9a5de0, 0x2aebc75d3fc0, 0x3d0f00, 0x2aebc75d4700) = 0x4483
17529   0.001451 libjvm.so->__xstat64(1, 0x2aebae8b8be0, 0x2aebae8b8b50, 19) = -1
17529   0.001162 libjvm.so->pthread_attr_setdetachstate(0x2aebae8b8950, 1, 0, 0) = 0
17529   0.001159 libpthread.so.0->__clone(0x2aebae9a5de0, 0x2aebc76d4fc0, 0x3d0f00, 0x2aebc76d5700) = 0x4484
17529   0.001725 libjvm.so->pthread_attr_setdetachstate(0x2aebae8b8950, 1, 0, 0) = 0
17529   0.001602 libpthread.so.0->__clone(0x2aebae9a5de0, 0x2aebc77d5fc0, 0x3d0f00, 0x2aebc77d6700) = 0x4485
17529   0.008377 libjvm.so->pthread_attr_setdetachstate(0x2aebae8b8aa0, 1, 0, 0) = 0
17529   0.001462 libpthread.so.0->__clone(0x2aebae9a5de0, 0x2aebc78d6fc0, 0x3d0f00, 0x2aebc78d7700) = 0x4486
17529   0.002124 libjvm.so->pthread_attr_setdetachstate(0x2aebae8b8bb0, 1, 0, 0) = 0
17529   0.001636 libpthread.so.0->__clone(0x2aebae9a5de0, 0x2aebc79d7fc0, 0x3d0f00, 0x2aebc79d8700) = 0x4487
17529   0.016031 libjvm.so->open64(0x2aebb4128880, 0, 0, 0) = 7
17529   0.001756 libjvm.so->__fxstat64(1, 7, 0x2aebae8b5f60, -1) = 0
17529   0.025807 libjvm.so->fopen(0x2aebb41545f0, 0x2aebb013bccb, 4, 0x6f732e6f) = 0x2aebb41546b0
17529   0.003227 libjvm.so->dlopen(0x2aebb41545f0, 1, 0xffffffff, 0x2aebb4154600) = 0x2aebb41546b0
17529   0.132166 libjvm.so->fopen(0x2aebb4192700, 0x2aebb013bccb, 4, 0x6f732e74) = 0x2aebb41959b0
17529   0.003464 libjvm.so->dlopen(0x2aebb4192700, 1, 0xffffffff, 0x2aebb4195900) = 0x2aebb419fd60
17529   0.137682 libjvm.so->fopen(0x2aebb4208df0, 0x2aebb013bccb, 0x6f732e7373656c, 0x656c646165685f74) = 0x2aebb4208ed0
17529   0.002895 libjvm.so->dlopen(0x2aebb4208df0, 1, 0xffffffff, 0x2aebb4208e00) = 0x2aebb4208ed0
17529   0.019024 libjvm.so->fopen(0x2aebae8b1990, 0x2aebb013bccb, 0x6f732e, 0x6d766a62696c2f72) = 0x2aebb4212d80
17529   0.006699 libjvm.so->dlopen(0x2aebae8b1990, 1, 0xffffffff, 0x2aebb4212300) = 0x55c4b19924c0
17529   0.001746 libjvm.so->fopen(0x2aebae8b1990, 0x2aebb013bccb, 0x6f732e, 0x6d766a62696c2f72) = 0x2aebb4212d20
17529   0.005469 libjvm.so->dlopen(0x2aebae8b1990, 1, 0xffffffff, 0x2aebb4212300) = 0x55c4b19924c0
17529   0.001725 libjvm.so->fopen(0x2aebae8b1990, 0x2aebb013bccb, 0x6f732e, 0x6d766a62696c2f72) = 0x2aebb4212d20
17529   0.003735 libjvm.so->dlopen(0x2aebae8b1990, 1, 0xffffffff, 0x2aebb4212300) = 0x55c4b19924c0
17529   0.001657 libjvm.so->fopen(0x2aebae8b1990, 0x2aebb013bccb, 0x6f732e, 0x6d766a62696c2f72) = 0x2aebb4212d20
17529   0.004135 libjvm.so->dlopen(0x2aebae8b1990, 1, 0xffffffff, 0x2aebb4212300) = 0x55c4b19924c0
17543  12.445062 +++ exited (status 0) +++
17530   0.000714 +++ exited (status 0) +++
17529   0.000281 +++ exited (status 0) +++
17540   0.000330 +++ exited (status 0) +++
17542   0.000033 +++ exited (status 0) +++
17541   0.000012 +++ exited (status 0) +++
17532   0.000012 +++ exited (status 0) +++
17531   0.000011 +++ exited (status 0) +++
17539   0.023043 +++ exited (status 0) +++
17528   0.000094 +++ exited (status 0) +++
Wrote an ltrace for command: "java -cp ./tools/maxent.jar density.MaxEnt -s outputs/Rapala_caerulea.csv -e data/layers/worldclim -o outputs/Rapala_caerulea nowarnings nocache autorun -z" with PID 17526 from PPID 17507 on disc21.crc.nd.edu with result 0
REMOTEHOST=10.17.150.200
MANPATH=/afs/crc.nd.edu/user/n/nkremerh/cctools/share/man/:/afs/crc.nd.edu/group/ccl/software/x86_64/redhat7/ruby/current/share/man:/afs/crc.nd.edu/group/ccl/software/x86_64/redhat7/graphviz/current/share/man:/afs/crc.nd.edu/group/ccl/software/x86_64/redhat7/gnuplot/current/share/man:/afs/crc.nd.edu/group/ccl/software/x86_64/redhat7/git/current/share/man:/afs/crc.nd.edu/group/ccl/software/x86_64/redhat7/condor/current/share/man:/afs/crc.nd.edu/group/ccl/software/x86_64/redhat7/clang/current/share/man:/afs/crc.nd.edu/group/ccl/software/x86_64/redhat7/condor/current/share/man:/afs/crc.nd.edu/group/ccl/software/x86_64/redhat7/cctools/current/share/man:/afs/crc.nd.edu/group/ccl/software/x86_64/redhat7/cctools/current/share/man:/afs/crc.nd.edu/x86_64_linux/Modules/4.5.0/share/man:/opt/crc/usr/local/man:/opt/sge/man:/usr/share/man/overrides:/usr/share/man:/usr/local/share/man
_CONDOR_JOB_PIDS=
XDG_SESSION_ID=5195
HOSTNAME=disc01.crc.nd.edu
_CONDOR_ANCESTOR_3669=7510:1600703217:729388717
_LMFILES__modshare=/afs/crc.nd.edu/x86_64_linux/Modules/modules/system_modules/CRC_default/1.1:1
MODULEPATH_modshare=/afs/crc.nd.edu/x86_64_linux/Modules/modules/general_software:1:/afs/crc.nd.edu/x86_64_linux/Modules/modules/development_tools_and_libraries:1:/afs/crc.nd.edu/x86_64_linux/Modules/modules/system_modules:1:/afs/crc.nd.edu/x86_64_linux/Modules/current/modulefiles:1:/afs/crc.nd.edu/x86_64_linux/Modules/modules/restricted_software:1:/afs/crc.nd.edu/x86_64_linux/Modules/modules/deprecated_software:1
TERM=xterm-256color
SHELL=/bin/tcsh
HOST=disc01.crc.nd.edu
MODULES_CMD=/afs/crc.nd.edu/x86_64_linux/Modules/4.5.0/libexec/modulecmd.tcl
HISTSIZE=5000
MAKEFLAGS=
SSH_CLIENT=10.17.150.200 39500 22
TMPDIR=/var/condor/execute/dir_7510/worker-213124-7558/t.1165/cctools-temp-t.1165.Eoyljf
PERL5LIB=/afs/crc.nd.edu/user/n/nkremerh/cctools/lib/perl5/site_perl/5.16.3:/afs/crc.nd.edu/user/n/nkremerh/.perl5/lib/perl5
SGE_CELL=crc
_CONDOR_SCRATCH_DIR=/var/condor/execute/dir_7510
PERL_MB_OPT=--install_base '/afs/crc.nd.edu/user/n/nkremerh/.perl5/'
SSH_TTY=/dev/pts/0
SGE_LOAD_AVG=load_avg
MAKEFLOW_MAX_LOCAL_JOBS=2
GROUP=campus
USER=nkremerh
_CHIRP_DELAYED_UPDATE_PREFIX=Chirp*
HISTFILESIZE=10000
TEMP=/var/condor/execute/dir_7510/worker-213124-7558/t.1165/cctools-temp-t.1165.Eoyljf
LD_LIBRARY_PATH=/afs/crc.nd.edu/group/ccl/software/x86_64/redhat7/ruby/current/lib:/afs/crc.nd.edu/group/ccl/software/x86_64/redhat7/graphviz/current/lib:/afs/crc.nd.edu/group/ccl/software/x86_64/redhat7/git/current/lib:/afs/crc.nd.edu/group/ccl/software/x86_64/redhat7/condor/current/lib:/afs/crc.nd.edu/group/ccl/software/x86_64/redhat7/clang/current/lib:/afs/crc.nd.edu/group/ccl/software/x86_64/redhat7/condor/current/lib:/afs/crc.nd.edu/group/ccl/software/x86_64/redhat7/cctools/current/lib:/opt/crc/usr/local/lib
BATCH_SYSTEM=HTCondor
_CONDOR_ANCESTOR_7510=7523:1600703218:1199798233
MODULES_LMALTNAME=CRC_default/1.1&CRC_default/default&CRC_default
ENV=/afs/crc.nd.edu/x86_64_linux/Modules/4.5.0/init/profile.sh
WORKER_TMPDIR=/var/condor/execute/dir_7510/worker-213124-7558/cache/tmp
HOSTTYPE=x86_64-linux
_CONDOR_HIGHPORT=9999
GLOBUS_GSSAPI_MAX_TLS_PROTOCOL=0
_CONDOR_CHIRP_CONFIG=/var/condor/execute/dir_7510/.chirp.config
MAKELEVEL=1
MFLAGS=
MAIL=/var/spool/mail/nkremerh
PATH=/afs/crc.nd.edu/user/n/nkremerh/cctools/bin:/afs/crc.nd.edu/user/n/nkremerh/miniconda/bin:/afs/crc.nd.edu/group/ccl/software/git:/afs/crc.nd.edu/user/n/nkremerh/.local/bin:/afs/crc.nd.edu/group/ccl/software/x86_64/redhat7/povray/3.7/bin:/afs/crc.nd.edu/user/n/nkremerh/.perl5/bin:/afs/crc.nd.edu/user/n/nkremerh/pegasus/bin:/afs/crc.nd.edu/user/n/nkremerh/nodejs/bin:/afs/crc.nd.edu/user/n/nkremerh/montage/bin:/afs/crc.nd.edu/user/n/nkremerh/latexdiff:/afs/crc.nd.edu/user/n/nkremerh/envtrace:/afs/crc.nd.edu/user/n/nkremerh/endlines:/afs/crc.nd.edu/user/n/nkremerh/cctools/bin:/afs/crc.nd.edu/user/n/nkremerh/.cargo/bin:/afs/crc.nd.edu/group/ccl/software/x86_64/redhat7/ruby/current/bin:/afs/crc.nd.edu/group/ccl/software/x86_64/redhat7/graphviz/current/bin:/afs/crc.nd.edu/group/ccl/software/x86_64/redhat7/gnuplot/current/bin:/afs/crc.nd.edu/group/ccl/software/x86_64/redhat7/git/current/bin:/afs/crc.nd.edu/group/ccl/software/x86_64/redhat7/condor/current/sbin:/afs/crc.nd.edu/group/ccl/software/x86_64/redhat7/condor/current/bin:/afs/crc.nd.edu/group/ccl/software/x86_64/redhat7/cmake/current/bin:/afs/crc.nd.edu/group/ccl/software/x86_64/redhat7/clang/current/bin:/afs/crc.nd.edu/group/ccl/software/x86_64/redhat7/condor/current/sbin:/afs/crc.nd.edu/group/ccl/software/x86_64/redhat7/condor/current/bin:/afs/crc.nd.edu/group/ccl/software/x86_64/redhat7/cctools/current/bin:/afs/crc.nd.edu/x86_64_linux/Modules/4.5.0/bin:/opt/crc/usr/local/bin:/opt/sge/bin/lx-amd64:/usr/local/bin:/usr/bin:/usr/local/sbin:/usr/sbin:/afs/crc.nd.edu/user/c/condor/software/bin:/afs/crc.nd.edu/user/c/condor/software/sbin
CCLSOFTWARE=/afs/crc.nd.edu/group/ccl/software/x86_64/redhat7
PWD=/var/condor/execute/dir_7510/worker-213124-7558/t.1165
_LMFILES_=/afs/crc.nd.edu/x86_64_linux/Modules/modules/system_modules/CRC_default/1.1
EDITOR=vim
SGE_EXECD_PORT=6445
LANG=en_US.UTF-8
SGE_QMASTER_PORT=6444
MODULEPATH=/afs/crc.nd.edu/x86_64_linux/Modules/modules/development_tools_and_libraries:/afs/crc.nd.edu/x86_64_linux/Modules/modules/general_software:/afs/crc.nd.edu/x86_64_linux/Modules/modules/restricted_software:/afs/crc.nd.edu/x86_64_linux/Modules/modules/system_modules:/afs/crc.nd.edu/x86_64_linux/Modules/modules/deprecated_software:/afs/crc.nd.edu/x86_64_linux/Modules/current/modulefiles
LOADEDMODULES=CRC_default/1.1
SGE_ROOT=/opt/sge
CCLPLATFORM=x86_64/redhat7
_CONDOR_SLOT=slot1
WORK_QUEUE_SANDBOX=/var/condor/execute/dir_7510/worker-213124-7558
USE_SYSTEMD=true
_CONDOR_LOWPORT=9100
HISTCONTROL=ignoreboth:erasedups
KRB5CCNAME=FILE:/tmp/krb5cc_213124_6nLDKQ
GLOBUS_GSSAPI_NAME_COMPATIBILITY=STRICT_RFC2818
HOME=disc01.crc.nd.edu
SHLVL=6
PATH_modshare=/opt/crc/usr/local/bin:1:/opt/sge/bin/lx-amd64:1:/usr/sbin:1:/usr/bin:1:/afs/crc.nd.edu/user/c/condor/software/sbin:1:/usr/local/sbin:1:/afs/crc.nd.edu/user/c/condor/software/bin:1:/usr/local/bin:1
OSTYPE=linux
_CONDOR_MACHINE_AD=/var/condor/execute/dir_7510/.machine.ad
GREP_OPTIONS=--color=auto
DISK=917490
GLOBUS_GSSAPI_MIN_TLS_PROTOCOL=TLS1_VERSION
MANPATH_modshare=/usr/share/man/overrides:1:/usr/local/share/man:1:/usr/share/man:1:/opt/crc/usr/local/man:1:/opt/sge/man:1
MEMORY=15899
PERL_LOCAL_LIB_ROOT=/afs/crc.nd.edu/user/n/nkremerh/.perl5/
BASH_ENV=/afs/crc.nd.edu/x86_64_linux/Modules/4.5.0/init/bash
VENDOR=unknown
TMP=/var/condor/execute/dir_7510/worker-213124-7558/t.1165/cctools-temp-t.1165.Eoyljf
LOGNAME=nkremerh
MACHTYPE=x86_64
CCLHOME=/afs/crc.nd.edu/group/ccl
PYTHONPATH=/afs/crc.nd.edu/user/n/nkremerh/cctools/lib/python3.6/site-packages/
LD_LIBRARY_PATH_modshare=/opt/crc/usr/local/lib:1
SSH_CONNECTION=10.17.150.200 39500 129.74.128.103 22
MODULES_LMALTNAME_modshare=CRC_default/1.1&CRC_default/default&CRC_default:1
MODULESHOME=/afs/crc.nd.edu/x86_64_linux/Modules/4.5.0
_CONDOR_ANCESTOR_3314=3669:1598183978:1434769074
GLOBUS_GSSAPI_CIPHERS=HIGH
GLOBUS_GSSAPI_BACKWARD_COMPATIBLE_MIC=true
LESSOPEN=||/usr/bin/lesspipe.sh %s
OMP_NUM_THREADS=1
_CONDOR_JOB_AD=/var/condor/execute/dir_7510/.job.ad
LOADEDMODULES_modshare=CRC_default/1.1:1
XDG_RUNTIME_DIR=/run/user/213124
SGE_CLUSTER_NAME=CRC
CCTOOLS=../cctools
CORES=4
_CONDOR_JOB_IWD=/var/condor/execute/dir_7510
PERL_MM_OPT=INSTALL_BASE=/afs/crc.nd.edu/user/n/nkremerh/.perl5/
GLOBUS_GSSAPI_SERVER_CIPHER_ORDER=true
BASH_FUNC_module()=() {  unset _mlshdbg;
 if [ "${MODULES_SILENT_SHELL_DEBUG:-0}" = '1' ]; then
 case "$-" in 
 *v*x*)
 set +vx;
 _mlshdbg='vx'
 ;;
 *v*)
 set +v;
 _mlshdbg='v'
 ;;
 *x*)
 set +x;
 _mlshdbg='x'
 ;;
 *)
 _mlshdbg=''
 ;;
 esac;
 fi;
 unset _mlre _mlIFS;
 if [ -n "${IFS+x}" ]; then
 _mlIFS=$IFS;
 fi;
 IFS=' ';
 for _mlv in ${MODULES_RUN_QUARANTINE:-};
 do
 if [ "${_mlv}" = "${_mlv##*[!A-Za-z0-9_]}" -a "${_mlv}" = "${_mlv#[0-9]}" ]; then
 if [ -n "`eval 'echo ${'$_mlv'+x}'`" ]; then
 _mlre="${_mlre:-}${_mlv}_modquar='`eval 'echo ${'$_mlv'}'`' ";
 fi;
 _mlrv="MODULES_RUNENV_${_mlv}";
 _mlre="${_mlre:-}${_mlv}='`eval 'echo ${'$_mlrv':-}'`' ";
 fi;
 done;
 if [ -n "${_mlre:-}" ]; then
 eval `eval ${_mlre}/usr/bin/tclsh /afs/crc.nd.edu/x86_64_linux/Modules/4.5.0/libexec/modulecmd.tcl bash '"$@"'`;
 else
 eval `/usr/bin/tclsh /afs/crc.nd.edu/x86_64_linux/Modules/4.5.0/libexec/modulecmd.tcl bash "$@"`;
 fi;
 _mlstatus=$?;
 if [ -n "${_mlIFS+x}" ]; then
 IFS=$_mlIFS;
 else
 unset IFS;
 fi;
 unset _mlre _mlv _mlrv _mlIFS;
 if [ -n "${_mlshdbg:-}" ]; then
 set -$_mlshdbg;
 fi;
 unset _mlshdbg;
 return $_mlstatus
}
BASH_FUNC_ml()=() {  module ml "$@"
}
_=/usr/bin/printenv
