9926   0.000000 libjli.so->getenv("_JAVA_LAUNCHER_DEBUG") = nil
9926   0.001157 libjli.so->getenv("_JAVA_VERSION_SET") = nil
9926   0.000417 libjli.so->fopen("/usr/lib/jvm/java-1.8.0-openjdk-1.8.0.262.b10-0.el7_8.x86_64/jre/lib/amd64/jvm.cfg", "r") = 0x55888cd2f0e0
9926   0.000598 libjli.so->getenv("JDK_ALTERNATE_VM") = nil
9926   0.000220 libjli.so->__xstat(1, "/usr/lib/jvm/java-1.8.0-openjdk-1.8.0.262.b10-0.el7_8.x86_64/jre/lib/amd64/server/libjvm.so", 0x7fff1d9714a0) = 0
9926   0.000394 libjli.so->getenv("LD_LIBRARY_PATH") = "/afs/crc.nd.edu/group/ccl/software/x86_64/redhat7/ruby/current/lib:/afs/crc.nd.edu/group/ccl/software/x86_64/redhat7/graphviz/current/lib:/afs/crc.nd.edu/group/ccl/software/x86_64/redhat7/git/current/lib:/afs/crc.nd.edu/group/ccl/software/x86_64/redhat7/condor/current/lib:/afs/crc.nd.edu/group/ccl/software/x86_64/redhat7/clang/current/lib:/afs/crc.nd.edu/group/ccl/software/x86_64/redhat7/condor/current/lib:/afs/crc.nd.edu/group/ccl/software/x86_64/redhat7/cctools/current/lib:/opt/crc/usr/local/lib"
9926   0.001408 libjli.so->dlopen("/usr/lib/jvm/java-1.8.0-openjdk-1.8.0.262.b10-0.el7_8.x86_64/jre/lib/amd64/server/libjvm.so", 258 <unfinished ...>
9926   0.024726 libjvm.so->getenv("NMT_LEVEL_9926") = nil
9926   0.001099 <... dlopen resumed> )           = 0x55888cd2f4b0
9926   0.000056 libjli.so->getenv("CLASSPATH")   = nil
9926   0.000244 libjli.so->getenv("_JAVA_SPLASH_JAR") = nil
9926   0.000221 libjli.so->getenv("_JAVA_SPLASH_FILE") = nil
9926   0.000227 libjli.so->pthread_attr_setdetachstate(0x7fff1d971450, 0, 0x7fff1d9714e0, 0) = 0
9926   0.000304 libpthread.so.0->__clone(0x2ad6cd70cde0, 0x2ad6cd61ffc0, 0x3d0f00, 0x2ad6cd620700) = 9932
9932   0.001747 libjvm.so->dlopen(0x2ad6ceeeb9ae, 1, 0xfffffffffff42c48, 4096) = 0x2ad6d0000990
9932   0.001950 libjvm.so->getenv(0x2ad6cef0683e, 0, 115, 0x65737361) = 0x7fff1d97764f
9932   0.000353 libjvm.so->fopen(0x2ad6cd61ec10, 0x2ad6ceea2ccb, 0x6f732e79666972, 0x2ad6cdfe4ab0) = 0x2ad6d0001440
9932   0.001148 libjvm.so->dlopen(0x2ad6cd61ec10, 1, 0xffffffff, 0x2ad6d0002b00) = 0x2ad6d0001440
9932   0.001037 libjvm.so->fopen(0x2ad6cd61ec10, 0x2ad6ceea2ccb, 111, 0x732e6176) = 0x2ad6d0001b10
9932   0.001346 libjvm.so->dlopen(0x2ad6cd61ec10, 1, 0xffffffff, 0x2ad6d0001a00) = 0x2ad6d0001b10
9932   0.001133 libjvm.so->__xstat(1, 0x2ad6cd61f360, 0x2ad6cd61fba0, 0x746f7073746f682e) = -1
9932   0.000331 libjvm.so->getenv(0x2ad6cee9b541, 0x2ad6cd61f6d0, 1024, 0x2ad6cf35561b) = 0
9932   0.000298 libjvm.so->getenv(0x2ad6cee9b533, 0x2ad6cd61f6d0, 1024, 0) = 0
9932   0.000297 libjvm.so->fopen(0x2ad6ceeeb315, 0x2ad6ceea2ccb, 4095, 0xffffd52931164b03) = 0x2ad6d00032f0
9932   0.000825 libjvm.so->fopen(0x2ad6ceeeb361, 0x2ad6ceea2ccb, 0x2ad6d0000078, 0x2ad6d00032e0) = 0x2ad6d00032f0
9932   0.000597 libjvm.so->fopen(0x2ad6cd6199b0, 0x2ad6ceea2ccb, 4016, 3997) = 0x2ad6d00032f0
9932   0.000451 libjvm.so->opendir(0x2ad6d0002b40, 0x2ad6d0002b40, 13, 16) = 0
9932   0.000348 libjvm.so->__xstat(1, 0x2ad6cd61e8f0, 0x2ad6cd61d860, 0x6f732e7477616d62) = -1
9932   0.000314 libjvm.so->__xstat(1, 0x2ad6cd61e8f0, 0x2ad6cd61d860, 0x5f74776162696c2f) = 0
9932   0.000354 libjvm.so->fopen(0x2ad6cd61db90, 0x2ad6ceea2ccb, 4011, 3996) = 0x2ad6d00037d0
9932   0.000413 libjvm.so->fopen(0x2ad6cd61db90, 0x2ad6ceea2ccb, 4011, 3996) = 0x2ad6d00037d0
9932   0.000392 libjvm.so->fopen(0x2ad6cd61db90, 0x2ad6ceea2ccb, 4011, 4004) = 0x2ad6d00037d0
9932   0.000418 libjvm.so->fopen(0x2ad6cd61db20, 0x2ad6ceea2ccb, 4011, 3996) = 0x2ad6d00037d0
9932   0.000410 libjvm.so->fopen(0x2ad6cd61db20, 0x2ad6ceea2ccb, 4011, 3996) = 0x2ad6d00037d0
9932   0.000388 libjvm.so->fopen(0x2ad6cd61db20, 0x2ad6ceea2ccb, 4011, 4004) = 0x2ad6d00037d0
9932   0.000429 libjvm.so->fopen(0x2ad6cd61db50, 0x2ad6ceea2ccb, 4016, 3997) = 0x2ad6d00037d0
9932   0.000568 libjvm.so->getenv(0x2ad6ceeec0ff, 4096, 3, -1) = 0
9932   0.000734 libjvm.so->fopen(0x2ad6ceeeb998, 0x2ad6ceea2ccb, 0x2ad6cd703908, 0x2ad6cd702df0) = 0x2ad6d00037d0
9932   0.003467 libjvm.so->open(0x2ad6d004a5c0, 0x20000, 0, 0x2ad6d004a609) = 3
9932   0.000299 libjvm.so->__fxstat(1, 3, 0x2ad6cd61fa00, -1) = 0
9932   0.000327 libjvm.so->opendir(0x2ad6d004a5c0, 0x2ad6cd61fa00, 0x4000, -1) = 0x2ad6d004b4d0
9932   0.000325 libjvm.so->__fxstat(1, 3, 0x2ad6cd61f8a0, 0x2ad6d004b4d0) = 0
9932   0.000297 libjvm.so->__fxstat(1, 5, 0x2ad6cd61f930, -1) = 0
9932   0.000298 libjvm.so->open(0x2ad6ceeb99dc, 0, 0, 0) = 3
9932   0.000436 libjvm.so->__lxstat(1, 0x2ad6d004a5c0, 0x2ad6cd61fb50, -144) = 0
9932   0.000311 libjvm.so->open(0x2ad6d004a5c0, 0x20000, 0x4000, -1) = 3
9932   0.000278 libjvm.so->__fxstat(1, 3, 0x2ad6cd61fa00, -1) = 0
9932   0.000294 libjvm.so->opendir(0x2ad6d004a5c0, 0x2ad6cd61fa00, 0x4000, -1) = 0x2ad6d004b4d0
9932   0.000363 libjvm.so->__fxstat(1, 3, 0x2ad6cd61f8a0, 0x2ad6d004b4d0) = 0
9932   0.000329 libjvm.so->__fxstat(1, 5, 0x2ad6cd61f930, -1) = 0
9932   0.000375 libjvm.so->open(0x2ad6ceeb99dc, 0, 0, 0) = 3
9932   0.000382 libjvm.so->open(0x2ad6d004a609, 0x20042, 384, -1) = 7
9932   0.000484 libjvm.so->__fxstat(1, 7, 0x2ad6cd61fb50, -1) = 0
9932   0.001399 libjvm.so->fopen(0x2ad6cd61eb60, 0x2ad6ceea2ccb, 4, 0x6f732e70) = 0x2ad6d0057c20
9932   0.001232 libjvm.so->dlopen(0x2ad6cd61eb60, 1, 0xffffffff, 0x2ad6d0057b00) = 0x2ad6d0057c20
9932   0.001132 libjvm.so->__xstat(1, 0x2ad6cd61f120, 0x2ad6cd61f950, 2048) = 0
9932   0.000313 libjvm.so->__xstat(1, 0x2ad6cd61f120, 0x2ad6cd61f950, 2048) = 0
9932   0.000349 libjvm.so->__xstat(1, 0x2ad6cd61f120, 0x2ad6cd61f950, 2048) = -1
9932   0.000328 libjvm.so->__xstat(1, 0x2ad6cd61f120, 0x2ad6cd61f950, 2048) = 0
9932   0.000294 libjvm.so->__xstat(1, 0x2ad6cd61f120, 0x2ad6cd61f950, 2048) = 0
9932   0.000336 libjvm.so->__xstat(1, 0x2ad6cd61f120, 0x2ad6cd61f950, 2048) = 0
9932   0.000319 libjvm.so->__xstat(1, 0x2ad6cd61f120, 0x2ad6cd61f950, 2048) = 0
9932   0.000352 libjvm.so->__xstat(1, 0x2ad6cd61f120, 0x2ad6cd61f950, 2048) = -1
9932   0.000364 libjvm.so->fopen(0x2ad6d0002520, 0x2ad6ceea2ccb, 0, 0) = 0x2ad6d0058ac0
9932   0.007164 libjvm.so->open64(0x2ad6cd61e410, 0, 0, 16) = 3
9932   0.000357 libjvm.so->__fxstat64(1, 3, 0x2ad6cd61e240, -1) = 0
9932   0.027026 libjvm.so->__xstat(1, 0x2ad6cd61ef20, 0x2ad6cd61f750, 2048) = -1
9932   0.000427 libjvm.so->fopen(0x2ad6cd61db20, 0x2ad6ceea2ccb, 4011, 3996) = 0x2ad6d00b5d40
9932   0.000433 libjvm.so->fopen(0x2ad6cd61db20, 0x2ad6ceea2ccb, 4011, 3996) = 0x2ad6d00b5d40
9932   0.000403 libjvm.so->fopen(0x2ad6cd61db20, 0x2ad6ceea2ccb, 4011, 4004) = 0x2ad6d00b5d40
9932   0.003127 libjvm.so->pthread_attr_setdetachstate(0x2ad6cd61fc00, 1, 0, 0) = 0
9932   0.000373 libpthread.so.0->__clone(0x2ad6cd70cde0, 0x2ad6e5fa8fc0, 0x3d0f00, 0x2ad6e5fa9700) = 9933
9932   0.011158 libjvm.so->pthread_attr_setdetachstate(0x2ad6cd61f290, 1, 0, 0) = 0
9932   0.000485 libpthread.so.0->__clone(0x2ad6cd70cde0, 0x2ad6e60a9fc0, 0x3d0f00, 0x2ad6e60aa700) = 9934
9932   0.005382 libjvm.so->pthread_attr_setdetachstate(0x2ad6cd61f610, 1, 0, 0) = 0
9932   0.001237 libpthread.so.0->__clone(0x2ad6cd70cde0, 0x2ad6e61aafc0, 0x3d0f00, 0x2ad6e61ab700) = 9935
9932   0.030546 libjvm.so->fopen(0x2ad6d00f1810, 0x2ad6ceea2ccb, 4, 0x6f732e70) = 0x2ad6d00f1d10
9932   0.002081 libjvm.so->dlopen(0x2ad6d00f1810, 1, 0xffffffff, 0x2ad6d00e8c00) = 0x2ad6d0057c20
9932   0.003470 libjvm.so->open64(0x2ad6cd61e510, 0, 0, 16) = 5
9932   0.000636 libjvm.so->__fxstat64(1, 5, 0x2ad6cd61e340, -1) = 0
9932   0.014192 libjvm.so->fopen(0x2ad6cd61b130, 0x2ad6ceea2ccb, 4011, 3996) = 0x2ad6d00fcce0
9932   0.000804 libjvm.so->fopen(0x2ad6cd61b130, 0x2ad6ceea2ccb, 4011, 3996) = 0x2ad6d00fcce0
9932   0.000731 libjvm.so->fopen(0x2ad6cd61b130, 0x2ad6ceea2ccb, 4011, 4004) = 0x2ad6d00fcce0
9932   0.011255 libjvm.so->pthread_attr_setdetachstate(0x2ad6cd61fb50, 1, 0, 0) = 0
9932   0.000670 libpthread.so.0->__clone(0x2ad6cd70cde0, 0x2ad6e62abfc0, 0x3d0f00, 0x2ad6e62ac700) = 9936
9932   0.000992 libjvm.so->__xstat64(1, 0x2ad6cd61fbe0, 0x2ad6cd61fb50, 18) = -1
9932   0.000783 libjvm.so->pthread_attr_setdetachstate(0x2ad6cd61f950, 1, 0, 0) = 0
9932   0.000742 libpthread.so.0->__clone(0x2ad6cd70cde0, 0x2ad6e63acfc0, 0x3d0f00, 0x2ad6e63ad700) = 9937
9932   0.001133 libjvm.so->pthread_attr_setdetachstate(0x2ad6cd61f950, 1, 0, 0) = 0
9932   0.001290 libpthread.so.0->__clone(0x2ad6cd70cde0, 0x2ad6e64adfc0, 0x3d0f00, 0x2ad6e64ae700) = 9938
9932   0.010093 libjvm.so->pthread_attr_setdetachstate(0x2ad6cd61faa0, 1, 0, 0) = 0
9932   0.001913 libpthread.so.0->__clone(0x2ad6cd70cde0, 0x2ad6e65aefc0, 0x3d0f00, 0x2ad6e65af700) = 9939
9932   0.002042 libjvm.so->pthread_attr_setdetachstate(0x2ad6cd61fbb0, 1, 0, 0) = 0
9932   0.001074 libpthread.so.0->__clone(0x2ad6cd70cde0, 0x2ad6e66affc0, 0x3d0f00, 0x2ad6e66b0700) = 9940
9932   0.010764 libjvm.so->open64(0x2ad6d0126a00, 0, 0, 0) = 7
9932   0.001337 libjvm.so->__fxstat64(1, 7, 0x2ad6cd61cf60, -1) = 0
9932   0.022944 libjvm.so->fopen(0x2ad6d014c6c0, 0x2ad6ceea2ccb, 4, 0x6f732e6f) = 0x2ad6d014c780
9932   0.002405 libjvm.so->dlopen(0x2ad6d014c6c0, 1, 0xffffffff, 0x2ad6d014c700) = 0x2ad6d014c780
9932   0.072384 libjvm.so->fopen(0x2ad6cd619e40, 0x2ad6ceea2ccb, 0x6f732e, 0x6d766a62696c2f72) = 0x2ad6d0161f80
9932   0.005053 libjvm.so->dlopen(0x2ad6cd619e40, 1, 0xffffffff, 0x2ad6d0161f00) = 0x55888cd2f4b0
9932   0.001115 libjvm.so->fopen(0x2ad6cd619e40, 0x2ad6ceea2ccb, 0x6f732e, 0x6d766a62696c2f72) = 0x2ad6d0162380
9932   0.006240 libjvm.so->dlopen(0x2ad6cd619e40, 1, 0xffffffff, 0x2ad6d0161f00) = 0x55888cd2f4b0
9932   0.002653 libjvm.so->fopen(0x2ad6cd619e40, 0x2ad6ceea2ccb, 0x6f732e, 0x6d766a62696c2f72) = 0x2ad6d0161f80
9932   0.003777 libjvm.so->dlopen(0x2ad6cd619e40, 1, 0xffffffff, 0x2ad6d0161f00) = 0x55888cd2f4b0
9932   0.001125 libjvm.so->fopen(0x2ad6cd619e40, 0x2ad6ceea2ccb, 0x6f732e, 0x6d766a62696c2f72) = 0x2ad6d0161f80
9932   0.002540 libjvm.so->dlopen(0x2ad6cd619e40, 1, 0xffffffff, 0x2ad6d0161f00) = 0x55888cd2f4b0
9932   0.034189 libjvm.so->fopen(0x2ad6d019f590, 0x2ad6ceea2ccb, 4, 0x6f732e74) = 0x2ad6d01b7470
9932   0.002282 libjvm.so->dlopen(0x2ad6d019f590, 1, 0xffffffff, 0x2ad6d0195800) = 0x2ad6d01b7470
9932   0.093435 libjvm.so->fopen(0x2ad6d0238550, 0x2ad6ceea2ccb, 0x6f732e7373656c, 0x656c646165685f74) = 0x2ad6d0238630
9932   0.001810 libjvm.so->dlopen(0x2ad6d0238550, 1, 0xffffffff, 0x2ad6d0238500) = 0x2ad6d0238630
9940   0.026685 +++ exited (status 0) +++
9936   0.000218 +++ exited (status 0) +++
9933   0.000528 +++ exited (status 0) +++
9932   0.000163 +++ exited (status 0) +++
9935   0.000218 +++ exited (status 1) +++
9939   0.000020 +++ exited (status 1) +++
9934   0.000013 +++ exited (status 1) +++
9938   0.000031 +++ exited (status 1) +++
9937   0.004714 +++ exited (status 1) +++
9926   0.000026 +++ exited (status 1) +++
Wrote an ltrace for command: "java -cp ./tools/maxent.jar density.Project outputs/Itoplectis_insignis_Perkins/Itoplectis_insignis_Perkins.lambdas data/layers/worldclim outputs/Itoplectis_insignis_Perkins_worldclim.asc nowarnings nocache autorun -z" with PID 9924 from PPID 9908 on disc23.crc.nd.edu with result 1
REMOTEHOST=10.17.150.200
_CONDOR_JOB_PIDS=
MANPATH=/afs/crc.nd.edu/user/n/nkremerh/cctools/share/man/:/afs/crc.nd.edu/group/ccl/software/x86_64/redhat7/ruby/current/share/man:/afs/crc.nd.edu/group/ccl/software/x86_64/redhat7/graphviz/current/share/man:/afs/crc.nd.edu/group/ccl/software/x86_64/redhat7/gnuplot/current/share/man:/afs/crc.nd.edu/group/ccl/software/x86_64/redhat7/git/current/share/man:/afs/crc.nd.edu/group/ccl/software/x86_64/redhat7/condor/current/share/man:/afs/crc.nd.edu/group/ccl/software/x86_64/redhat7/clang/current/share/man:/afs/crc.nd.edu/group/ccl/software/x86_64/redhat7/condor/current/share/man:/afs/crc.nd.edu/group/ccl/software/x86_64/redhat7/cctools/current/share/man:/afs/crc.nd.edu/group/ccl/software/x86_64/redhat7/cctools/current/share/man:/afs/crc.nd.edu/x86_64_linux/Modules/4.5.0/share/man:/opt/crc/usr/local/man:/opt/sge/man:/usr/share/man/overrides:/usr/share/man:/usr/local/share/man
XDG_SESSION_ID=5195
HOSTNAME=disc01.crc.nd.edu
_LMFILES__modshare=/afs/crc.nd.edu/x86_64_linux/Modules/modules/system_modules/CRC_default/1.1:1
MODULEPATH_modshare=/afs/crc.nd.edu/x86_64_linux/Modules/modules/general_software:1:/afs/crc.nd.edu/x86_64_linux/Modules/modules/development_tools_and_libraries:1:/afs/crc.nd.edu/x86_64_linux/Modules/modules/system_modules:1:/afs/crc.nd.edu/x86_64_linux/Modules/current/modulefiles:1:/afs/crc.nd.edu/x86_64_linux/Modules/modules/restricted_software:1:/afs/crc.nd.edu/x86_64_linux/Modules/modules/deprecated_software:1
MODULES_CMD=/afs/crc.nd.edu/x86_64_linux/Modules/4.5.0/libexec/modulecmd.tcl
HOST=disc01.crc.nd.edu
SHELL=/bin/tcsh
TERM=xterm-256color
MAKEFLAGS=
HISTSIZE=5000
TMPDIR=/var/condor/execute/dir_25343/worker-213124-25388/t.1356/cctools-temp-t.1356.C7JThI
SSH_CLIENT=10.17.150.200 39500 22
PERL5LIB=/afs/crc.nd.edu/user/n/nkremerh/cctools/lib/perl5/site_perl/5.16.3:/afs/crc.nd.edu/user/n/nkremerh/.perl5/lib/perl5
SGE_CELL=crc
_CONDOR_SCRATCH_DIR=/var/condor/execute/dir_25343
PERL_MB_OPT=--install_base '/afs/crc.nd.edu/user/n/nkremerh/.perl5/'
SSH_TTY=/dev/pts/0
SGE_LOAD_AVG=load_avg
MAKEFLOW_MAX_LOCAL_JOBS=2
HISTFILESIZE=10000
_CHIRP_DELAYED_UPDATE_PREFIX=Chirp*
USER=nkremerh
GROUP=campus
LD_LIBRARY_PATH=/afs/crc.nd.edu/group/ccl/software/x86_64/redhat7/ruby/current/lib:/afs/crc.nd.edu/group/ccl/software/x86_64/redhat7/graphviz/current/lib:/afs/crc.nd.edu/group/ccl/software/x86_64/redhat7/git/current/lib:/afs/crc.nd.edu/group/ccl/software/x86_64/redhat7/condor/current/lib:/afs/crc.nd.edu/group/ccl/software/x86_64/redhat7/clang/current/lib:/afs/crc.nd.edu/group/ccl/software/x86_64/redhat7/condor/current/lib:/afs/crc.nd.edu/group/ccl/software/x86_64/redhat7/cctools/current/lib:/opt/crc/usr/local/lib
TEMP=/var/condor/execute/dir_25343/worker-213124-25388/t.1356/cctools-temp-t.1356.C7JThI
BATCH_SYSTEM=HTCondor
WORKER_TMPDIR=/var/condor/execute/dir_25343/worker-213124-25388/cache/tmp
ENV=/afs/crc.nd.edu/x86_64_linux/Modules/4.5.0/init/profile.sh
MODULES_LMALTNAME=CRC_default/1.1&CRC_default/default&CRC_default
_CONDOR_ANCESTOR_3574=25343:1600703217:4040868673
_CONDOR_CHIRP_CONFIG=/var/condor/execute/dir_25343/.chirp.config
GLOBUS_GSSAPI_MAX_TLS_PROTOCOL=0
_CONDOR_HIGHPORT=9999
HOSTTYPE=x86_64-linux
MAKELEVEL=1
MFLAGS=
CCLSOFTWARE=/afs/crc.nd.edu/group/ccl/software/x86_64/redhat7
PATH=/afs/crc.nd.edu/user/n/nkremerh/cctools/bin:/afs/crc.nd.edu/user/n/nkremerh/miniconda/bin:/afs/crc.nd.edu/group/ccl/software/git:/afs/crc.nd.edu/user/n/nkremerh/.local/bin:/afs/crc.nd.edu/group/ccl/software/x86_64/redhat7/povray/3.7/bin:/afs/crc.nd.edu/user/n/nkremerh/.perl5/bin:/afs/crc.nd.edu/user/n/nkremerh/pegasus/bin:/afs/crc.nd.edu/user/n/nkremerh/nodejs/bin:/afs/crc.nd.edu/user/n/nkremerh/montage/bin:/afs/crc.nd.edu/user/n/nkremerh/latexdiff:/afs/crc.nd.edu/user/n/nkremerh/envtrace:/afs/crc.nd.edu/user/n/nkremerh/endlines:/afs/crc.nd.edu/user/n/nkremerh/cctools/bin:/afs/crc.nd.edu/user/n/nkremerh/.cargo/bin:/afs/crc.nd.edu/group/ccl/software/x86_64/redhat7/ruby/current/bin:/afs/crc.nd.edu/group/ccl/software/x86_64/redhat7/graphviz/current/bin:/afs/crc.nd.edu/group/ccl/software/x86_64/redhat7/gnuplot/current/bin:/afs/crc.nd.edu/group/ccl/software/x86_64/redhat7/git/current/bin:/afs/crc.nd.edu/group/ccl/software/x86_64/redhat7/condor/current/sbin:/afs/crc.nd.edu/group/ccl/software/x86_64/redhat7/condor/current/bin:/afs/crc.nd.edu/group/ccl/software/x86_64/redhat7/cmake/current/bin:/afs/crc.nd.edu/group/ccl/software/x86_64/redhat7/clang/current/bin:/afs/crc.nd.edu/group/ccl/software/x86_64/redhat7/condor/current/sbin:/afs/crc.nd.edu/group/ccl/software/x86_64/redhat7/condor/current/bin:/afs/crc.nd.edu/group/ccl/software/x86_64/redhat7/cctools/current/bin:/afs/crc.nd.edu/x86_64_linux/Modules/4.5.0/bin:/opt/crc/usr/local/bin:/opt/sge/bin/lx-amd64:/usr/local/bin:/usr/bin:/usr/local/sbin:/usr/sbin:/afs/crc.nd.edu/user/c/condor/software/bin:/afs/crc.nd.edu/user/c/condor/software/sbin
MAIL=/var/spool/mail/nkremerh
_CONDOR_ANCESTOR_3382=3574:1598183948:1170902758
PWD=/var/condor/execute/dir_25343/worker-213124-25388/t.1356
_LMFILES_=/afs/crc.nd.edu/x86_64_linux/Modules/modules/system_modules/CRC_default/1.1
SGE_EXECD_PORT=6445
EDITOR=vim
LANG=en_US.UTF-8
MODULEPATH=/afs/crc.nd.edu/x86_64_linux/Modules/modules/development_tools_and_libraries:/afs/crc.nd.edu/x86_64_linux/Modules/modules/general_software:/afs/crc.nd.edu/x86_64_linux/Modules/modules/restricted_software:/afs/crc.nd.edu/x86_64_linux/Modules/modules/system_modules:/afs/crc.nd.edu/x86_64_linux/Modules/modules/deprecated_software:/afs/crc.nd.edu/x86_64_linux/Modules/current/modulefiles
SGE_QMASTER_PORT=6444
SGE_ROOT=/opt/sge
LOADEDMODULES=CRC_default/1.1
WORK_QUEUE_SANDBOX=/var/condor/execute/dir_25343/worker-213124-25388
_CONDOR_SLOT=slot1
CCLPLATFORM=x86_64/redhat7
USE_SYSTEMD=true
_CONDOR_LOWPORT=9100
KRB5CCNAME=FILE:/tmp/krb5cc_213124_6nLDKQ
HISTCONTROL=ignoreboth:erasedups
PATH_modshare=/opt/crc/usr/local/bin:1:/opt/sge/bin/lx-amd64:1:/usr/sbin:1:/usr/bin:1:/afs/crc.nd.edu/user/c/condor/software/sbin:1:/usr/local/sbin:1:/afs/crc.nd.edu/user/c/condor/software/bin:1:/usr/local/bin:1
SHLVL=7
HOME=disc01.crc.nd.edu
GLOBUS_GSSAPI_NAME_COMPATIBILITY=STRICT_RFC2818
_CONDOR_MACHINE_AD=/var/condor/execute/dir_25343/.machine.ad
OSTYPE=linux
DISK=917322
GREP_OPTIONS=--color=auto
GLOBUS_GSSAPI_MIN_TLS_PROTOCOL=TLS1_VERSION
MEMORY=15899
MANPATH_modshare=/usr/share/man/overrides:1:/usr/local/share/man:1:/usr/share/man:1:/opt/crc/usr/local/man:1:/opt/sge/man:1
VENDOR=unknown
BASH_ENV=/afs/crc.nd.edu/x86_64_linux/Modules/4.5.0/init/bash
PERL_LOCAL_LIB_ROOT=/afs/crc.nd.edu/user/n/nkremerh/.perl5/
PYTHONPATH=/afs/crc.nd.edu/user/n/nkremerh/cctools/lib/python3.6/site-packages/
CCLHOME=/afs/crc.nd.edu/group/ccl
MACHTYPE=x86_64
LOGNAME=nkremerh
TMP=/var/condor/execute/dir_25343/worker-213124-25388/t.1356/cctools-temp-t.1356.C7JThI
LD_LIBRARY_PATH_modshare=/opt/crc/usr/local/lib:1
MODULES_LMALTNAME_modshare=CRC_default/1.1&CRC_default/default&CRC_default:1
SSH_CONNECTION=10.17.150.200 39500 129.74.128.103 22
MODULESHOME=/afs/crc.nd.edu/x86_64_linux/Modules/4.5.0
OMP_NUM_THREADS=1
LESSOPEN=||/usr/bin/lesspipe.sh %s
GLOBUS_GSSAPI_BACKWARD_COMPATIBLE_MIC=true
GLOBUS_GSSAPI_CIPHERS=HIGH
_CONDOR_ANCESTOR_25343=25356:1600703218:3939290345
LOADEDMODULES_modshare=CRC_default/1.1:1
_CONDOR_JOB_AD=/var/condor/execute/dir_25343/.job.ad
SGE_CLUSTER_NAME=CRC
XDG_RUNTIME_DIR=/run/user/213124
CCTOOLS=../cctools
CORES=4
_CONDOR_JOB_IWD=/var/condor/execute/dir_25343
PERL_MM_OPT=INSTALL_BASE=/afs/crc.nd.edu/user/n/nkremerh/.perl5/
GLOBUS_GSSAPI_SERVER_CIPHER_ORDER=true
BASH_FUNC_module()=() {  unset _mlshdbg;
 if [ "${MODULES_SILENT_SHELL_DEBUG:-0}" = '1' ]; then
 case "$-" in 
 *v*x*)
 set +vx;
 _mlshdbg='vx'
 ;;
 *v*)
 set +v;
 _mlshdbg='v'
 ;;
 *x*)
 set +x;
 _mlshdbg='x'
 ;;
 *)
 _mlshdbg=''
 ;;
 esac;
 fi;
 unset _mlre _mlIFS;
 if [ -n "${IFS+x}" ]; then
 _mlIFS=$IFS;
 fi;
 IFS=' ';
 for _mlv in ${MODULES_RUN_QUARANTINE:-};
 do
 if [ "${_mlv}" = "${_mlv##*[!A-Za-z0-9_]}" -a "${_mlv}" = "${_mlv#[0-9]}" ]; then
 if [ -n "`eval 'echo ${'$_mlv'+x}'`" ]; then
 _mlre="${_mlre:-}${_mlv}_modquar='`eval 'echo ${'$_mlv'}'`' ";
 fi;
 _mlrv="MODULES_RUNENV_${_mlv}";
 _mlre="${_mlre:-}${_mlv}='`eval 'echo ${'$_mlrv':-}'`' ";
 fi;
 done;
 if [ -n "${_mlre:-}" ]; then
 eval `eval ${_mlre}/usr/bin/tclsh /afs/crc.nd.edu/x86_64_linux/Modules/4.5.0/libexec/modulecmd.tcl bash '"$@"'`;
 else
 eval `/usr/bin/tclsh /afs/crc.nd.edu/x86_64_linux/Modules/4.5.0/libexec/modulecmd.tcl bash "$@"`;
 fi;
 _mlstatus=$?;
 if [ -n "${_mlIFS+x}" ]; then
 IFS=$_mlIFS;
 else
 unset IFS;
 fi;
 unset _mlre _mlv _mlrv _mlIFS;
 if [ -n "${_mlshdbg:-}" ]; then
 set -$_mlshdbg;
 fi;
 unset _mlshdbg;
 return $_mlstatus
}
BASH_FUNC_ml()=() {  module ml "$@"
}
_=/usr/bin/printenv
