13909   0.000000 libjli.so->getenv("_JAVA_LAUNCHER_DEBUG") = nil
13909   0.001681 libjli.so->getenv("_JAVA_VERSION_SET") = nil
13909   0.000727 libjli.so->fopen("/usr/lib/jvm/java-1.8.0-openjdk-1.8.0.262.b10-0.el7_8.x86_64/jre/lib/amd64/jvm.cfg", "r") = 0x55c4944800f0
13909   0.000812 libjli.so->getenv("JDK_ALTERNATE_VM") = nil
13909   0.000306 libjli.so->__xstat(1, "/usr/lib/jvm/java-1.8.0-openjdk-1.8.0.262.b10-0.el7_8.x86_64/jre/lib/amd64/server/libjvm.so", 0x7ffd953a57d0) = 0
13909   0.000709 libjli.so->getenv("LD_LIBRARY_PATH") = "/afs/crc.nd.edu/group/ccl/software/x86_64/redhat7/ruby/current/lib:/afs/crc.nd.edu/group/ccl/software/x86_64/redhat7/graphviz/current/lib:/afs/crc.nd.edu/group/ccl/software/x86_64/redhat7/git/current/lib:/afs/crc.nd.edu/group/ccl/software/x86_64/redhat7/condor/current/lib:/afs/crc.nd.edu/group/ccl/software/x86_64/redhat7/clang/current/lib:/afs/crc.nd.edu/group/ccl/software/x86_64/redhat7/condor/current/lib:/afs/crc.nd.edu/group/ccl/software/x86_64/redhat7/cctools/current/lib:/opt/crc/usr/local/lib"
13909   0.002202 libjli.so->dlopen("/usr/lib/jvm/java-1.8.0-openjdk-1.8.0.262.b10-0.el7_8.x86_64/jre/lib/amd64/server/libjvm.so", 258 <unfinished ...>
13909   0.037915 libjvm.so->getenv("NMT_LEVEL_13909") = nil
13909   0.001843 <... dlopen resumed> )          = 0x55c4944804c0
13909   0.000079 libjli.so->getenv("CLASSPATH")  = nil
13909   0.000310 libjli.so->getenv("_JAVA_SPLASH_JAR") = nil
13909   0.000314 libjli.so->getenv("_JAVA_SPLASH_FILE") = nil
13909   0.000351 libjli.so->pthread_attr_setdetachstate(0x7ffd953a5780, 0, 0x7ffd953a5810, 0) = 0
13909   0.000443 libpthread.so.0->__clone(0x2ba457bf1de0, 0x2ba457b04fc0, 0x3d0f00, 0x2ba457b05700) = 0x3656
13910   0.001973 libjvm.so->dlopen(0x2ba4593d09ae, 1, 0xfffffffffff42c48, 4096) = 0x2ba45c000990
13910   0.002404 libjvm.so->getenv(0x2ba4593eb83e, 0, 115, 0x65737361) = 0x7ffd953ab71c
13910   0.000521 libjvm.so->fopen(0x2ba457b03c10, 0x2ba459387ccb, 0x6f732e79666972, 0x2ba4584c9ab0) = 0x2ba45c001440
13910   0.001617 libjvm.so->dlopen(0x2ba457b03c10, 1, 0xffffffff, 0x2ba45c002b00) = 0x2ba45c001440
13910   0.001438 libjvm.so->fopen(0x2ba457b03c10, 0x2ba459387ccb, 111, 0x732e6176) = 0x2ba45c001b10
13910   0.001551 libjvm.so->dlopen(0x2ba457b03c10, 1, 0xffffffff, 0x2ba45c001a00) = 0x2ba45c001b10
13910   0.001616 libjvm.so->__xstat(1, 0x2ba457b04360, 0x2ba457b04ba0, 0x746f7073746f682e) = -1
13910   0.000456 libjvm.so->getenv(0x2ba459380541, 0x2ba457b046d0, 1024, 0x2ba45983a61b) = 0
13910   0.000421 libjvm.so->getenv(0x2ba459380533, 0x2ba457b046d0, 1024, 0) = 0
13910   0.000549 libjvm.so->fopen(0x2ba4593d0315, 0x2ba459387ccb, 4095, 0xffffd45ba6c7fb03) = 0x2ba45c0032b0
13910   0.001029 libjvm.so->fopen(0x2ba4593d0361, 0x2ba459387ccb, 0x2ba45c000078, 0x2ba45c0032a0) = 0x2ba45c0032b0
13910   0.000696 libjvm.so->fopen(0x2ba457afe9b0, 0x2ba459387ccb, 4016, 3997) = 0x2ba45c0032b0
13910   0.000634 libjvm.so->opendir(0x2ba45c002b40, 0x2ba45c002b40, 13, 16) = 0
13910   0.000487 libjvm.so->__xstat(1, 0x2ba457b038f0, 0x2ba457b02860, 0x6f732e7477616d62) = -1
13910   0.000449 libjvm.so->__xstat(1, 0x2ba457b038f0, 0x2ba457b02860, 0x5f74776162696c2f) = 0
13910   0.000547 libjvm.so->fopen(0x2ba457b02b90, 0x2ba459387ccb, 4011, 3996) = 0x2ba45c003790
13910   0.000625 libjvm.so->fopen(0x2ba457b02b90, 0x2ba459387ccb, 4011, 3996) = 0x2ba45c003790
13910   0.000621 libjvm.so->fopen(0x2ba457b02b90, 0x2ba459387ccb, 4011, 4004) = 0x2ba45c003790
13910   0.000618 libjvm.so->fopen(0x2ba457b02b20, 0x2ba459387ccb, 4011, 3996) = 0x2ba45c003790
13910   0.000606 libjvm.so->fopen(0x2ba457b02b20, 0x2ba459387ccb, 4011, 3996) = 0x2ba45c003790
13910   0.000622 libjvm.so->fopen(0x2ba457b02b20, 0x2ba459387ccb, 4011, 4004) = 0x2ba45c003790
13910   0.000649 libjvm.so->fopen(0x2ba457b02b50, 0x2ba459387ccb, 4016, 3997) = 0x2ba45c003790
13910   0.000833 libjvm.so->getenv(0x2ba4593d10ff, 4096, 3, -1) = 0
13910   0.000902 libjvm.so->fopen(0x2ba4593d0998, 0x2ba459387ccb, 0x2ba457be8908, 0x2ba457be7df0) = 0x2ba45c003790
13910   0.004604 libjvm.so->open(0x2ba45c04a580, 0x20000, 0, 0x2ba45c04a5c9) = 3
13910   0.000461 libjvm.so->__fxstat(1, 3, 0x2ba457b04a00, -1) = 0
13910   0.000500 libjvm.so->opendir(0x2ba45c04a580, 0x2ba457b04a00, 0x4000, -1) = 0x2ba45c04b490
13910   0.000462 libjvm.so->__fxstat(1, 3, 0x2ba457b048a0, 0x2ba45c04b490) = 0
13910   0.000464 libjvm.so->__fxstat(1, 5, 0x2ba457b04930, -1) = 0
13910   0.000447 libjvm.so->open(0x2ba45939e9dc, 0, 0, 0) = 3
13910   0.000655 libjvm.so->__lxstat(1, 0x2ba45c04a580, 0x2ba457b04b50, -144) = 0
13910   0.000448 libjvm.so->open(0x2ba45c04a580, 0x20000, 0x4000, -1) = 3
13910   0.000466 libjvm.so->__fxstat(1, 3, 0x2ba457b04a00, -1) = 0
13910   0.000444 libjvm.so->opendir(0x2ba45c04a580, 0x2ba457b04a00, 0x4000, -1) = 0x2ba45c04b490
13910   0.000471 libjvm.so->__fxstat(1, 3, 0x2ba457b048a0, 0x2ba45c04b490) = 0
13910   0.000554 libjvm.so->__fxstat(1, 5, 0x2ba457b04930, -1) = 0
13910   0.000618 libjvm.so->open(0x2ba45939e9dc, 0, 0, 0) = 3
13910   0.000532 libjvm.so->open(0x2ba45c04a5c9, 0x20042, 384, -1) = 7
13910   0.000760 libjvm.so->__fxstat(1, 7, 0x2ba457b04b50, -1) = 0
13910   0.001640 libjvm.so->fopen(0x2ba457b03b60, 0x2ba459387ccb, 4, 0x6f732e70) = 0x2ba45c057be0
13910   0.001428 libjvm.so->dlopen(0x2ba457b03b60, 1, 0xffffffff, 0x2ba45c057b00) = 0x2ba45c057be0
13910   0.001518 libjvm.so->__xstat(1, 0x2ba457b04120, 0x2ba457b04950, 2048) = 0
13910   0.000467 libjvm.so->__xstat(1, 0x2ba457b04120, 0x2ba457b04950, 2048) = 0
13910   0.000428 libjvm.so->__xstat(1, 0x2ba457b04120, 0x2ba457b04950, 2048) = -1
13910   0.000448 libjvm.so->__xstat(1, 0x2ba457b04120, 0x2ba457b04950, 2048) = 0
13910   0.000423 libjvm.so->__xstat(1, 0x2ba457b04120, 0x2ba457b04950, 2048) = 0
13910   0.000478 libjvm.so->__xstat(1, 0x2ba457b04120, 0x2ba457b04950, 2048) = 0
13910   0.000464 libjvm.so->__xstat(1, 0x2ba457b04120, 0x2ba457b04950, 2048) = 0
13910   0.000529 libjvm.so->__xstat(1, 0x2ba457b04120, 0x2ba457b04950, 2048) = -1
13910   0.000420 libjvm.so->fopen(0x2ba45c002520, 0x2ba459387ccb, 0, 0) = 0x2ba45c058a80
13910   0.009068 libjvm.so->open64(0x2ba457b03410, 0, 0, 16) = 3
13910   0.000507 libjvm.so->__fxstat64(1, 3, 0x2ba457b03240, -1) = 0
13910   0.036320 libjvm.so->__xstat(1, 0x2ba457b03f20, 0x2ba457b04750, 2048) = -1
13910   0.000702 libjvm.so->fopen(0x2ba457b02b20, 0x2ba459387ccb, 4011, 3996) = 0x2ba45c0b5ec0
13910   0.000756 libjvm.so->fopen(0x2ba457b02b20, 0x2ba459387ccb, 4011, 3996) = 0x2ba45c0b5ec0
13910   0.000616 libjvm.so->fopen(0x2ba457b02b20, 0x2ba459387ccb, 4011, 4004) = 0x2ba45c0b5ec0
13910   0.004227 libjvm.so->pthread_attr_setdetachstate(0x2ba457b04c00, 1, 0, 0) = 0
13910   0.000532 libpthread.so.0->__clone(0x2ba457bf1de0, 0x2ba47053bfc0, 0x3d0f00, 0x2ba47053c700) = 0x3657
13910   0.015484 libjvm.so->pthread_attr_setdetachstate(0x2ba457b04290, 1, 0, 0) = 0
13910   0.000672 libpthread.so.0->__clone(0x2ba457bf1de0, 0x2ba47063cfc0, 0x3d0f00, 0x2ba47063d700) = 0x3658
13910   0.006857 libjvm.so->pthread_attr_setdetachstate(0x2ba457b04610, 1, 0, 0) = 0
13910   0.000782 libpthread.so.0->__clone(0x2ba457bf1de0, 0x2ba47073dfc0, 0x3d0f00, 0x2ba47073e700) = 0x365a
13910   0.040241 libjvm.so->fopen(0x2ba45c0ec390, 0x2ba459387ccb, 4, 0x6f732e70) = 0x2ba45c0f1cd0
13910   0.001991 libjvm.so->dlopen(0x2ba45c0ec390, 1, 0xffffffff, 0x2ba45c0ec200) = 0x2ba45c057be0
13910   0.005312 libjvm.so->open64(0x2ba457b03510, 0, 0, 16) = 5
13910   0.000927 libjvm.so->__fxstat64(1, 5, 0x2ba457b03340, -1) = 0
13910   0.019790 libjvm.so->fopen(0x2ba457b00130, 0x2ba459387ccb, 4011, 3996) = 0x2ba45c0fcc60
13910   0.001132 libjvm.so->fopen(0x2ba457b00130, 0x2ba459387ccb, 4011, 3996) = 0x2ba45c0fcc60
13910   0.001069 libjvm.so->fopen(0x2ba457b00130, 0x2ba459387ccb, 4011, 4004) = 0x2ba45c0fcc60
13910   0.015719 libjvm.so->pthread_attr_setdetachstate(0x2ba457b04b50, 1, 0, 0) = 0
13910   0.001320 libpthread.so.0->__clone(0x2ba457bf1de0, 0x2ba47083efc0, 0x3d0f00, 0x2ba47083f700) = 0x3660
13910   0.001525 libjvm.so->__xstat64(1, 0x2ba457b04be0, 0x2ba457b04b50, 19) = -1
13910   0.001163 libjvm.so->pthread_attr_setdetachstate(0x2ba457b04950, 1, 0, 0) = 0
13910   0.001083 libpthread.so.0->__clone(0x2ba457bf1de0, 0x2ba47093ffc0, 0x3d0f00, 0x2ba470940700) = 0x3661
13910   0.001684 libjvm.so->pthread_attr_setdetachstate(0x2ba457b04950, 1, 0, 0) = 0
13910   0.001318 libpthread.so.0->__clone(0x2ba457bf1de0, 0x2ba470a40fc0, 0x3d0f00, 0x2ba470a41700) = 0x3662
13910   0.008770 libjvm.so->pthread_attr_setdetachstate(0x2ba457b04aa0, 1, 0, 0) = 0
13910   0.001440 libpthread.so.0->__clone(0x2ba457bf1de0, 0x2ba470b41fc0, 0x3d0f00, 0x2ba470b42700) = 0x3663
13910   0.002318 libjvm.so->pthread_attr_setdetachstate(0x2ba457b04bb0, 1, 0, 0) = 0
13910   0.001541 libpthread.so.0->__clone(0x2ba457bf1de0, 0x2ba470c42fc0, 0x3d0f00, 0x2ba470c43700) = 0x3664
13910   0.014816 libjvm.so->open64(0x2ba45c133050, 0, 0, 16) = 7
13910   0.001764 libjvm.so->__fxstat64(1, 7, 0x2ba457b01f60, -1) = 0
13910   0.026215 libjvm.so->fopen(0x2ba45c15c7a0, 0x2ba459387ccb, 4, 0x6f732e6f) = 0x2ba45c15c860
13910   0.005535 libjvm.so->dlopen(0x2ba45c15c7a0, 1, 0xffffffff, 0x2ba45c15c700) = 0x2ba45c15c860
13910   0.151646 libjvm.so->fopen(0x2ba45c19d9f0, 0x2ba459387ccb, 4, 0x6f732e74) = 0x2ba45c19dab0
13910   0.003581 libjvm.so->dlopen(0x2ba45c19d9f0, 1, 0xffffffff, 0x2ba45c19da00) = 0x2ba45c1afe80
13910   0.143062 libjvm.so->fopen(0x2ba45c218ee0, 0x2ba459387ccb, 0x6f732e7373656c, 0x656c646165685f74) = 0x2ba45c218fc0
13910   0.002911 libjvm.so->dlopen(0x2ba45c218ee0, 1, 0xffffffff, 0x2ba45c218f00) = 0x2ba45c218fc0
13910   0.019671 libjvm.so->fopen(0x2ba457afd990, 0x2ba459387ccb, 0x6f732e, 0x6d766a62696c2f72) = 0x2ba45c222e10
13910   0.005986 libjvm.so->dlopen(0x2ba457afd990, 1, 0xffffffff, 0x2ba45c222300) = 0x55c4944804c0
13910   0.001763 libjvm.so->fopen(0x2ba457afd990, 0x2ba459387ccb, 0x6f732e, 0x6d766a62696c2f72) = 0x2ba45c222db0
13910   0.005211 libjvm.so->dlopen(0x2ba457afd990, 1, 0xffffffff, 0x2ba45c222300) = 0x55c4944804c0
13910   0.001698 libjvm.so->fopen(0x2ba457afd990, 0x2ba459387ccb, 0x6f732e, 0x6d766a62696c2f72) = 0x2ba45c222db0
13910   0.003469 libjvm.so->dlopen(0x2ba457afd990, 1, 0xffffffff, 0x2ba45c222300) = 0x55c4944804c0
13910   0.001669 libjvm.so->fopen(0x2ba457afd990, 0x2ba459387ccb, 0x6f732e, 0x6d766a62696c2f72) = 0x2ba45c222db0
13910   0.003524 libjvm.so->dlopen(0x2ba457afd990, 1, 0xffffffff, 0x2ba45c222300) = 0x55c4944804c0
13910   0.278290 libjvm.so->fopen(0x2ba457b01ed0, 0x2ba459387ccb, 111, 0x732e6176) = 0x2ba45c2696e0
13910   0.003032 libjvm.so->dlopen(0x2ba457b01ed0, 1, 0xffffffff, 0x2ba45c269600) = 0x2ba45c001b10
13910   0.001944 libjvm.so->fopen(0x2ba457b01ed0, 0x2ba459387ccb, 111, 0x732e6176) = 0x2ba45c269990
13910   0.002750 libjvm.so->dlopen(0x2ba457b01ed0, 1, 0xffffffff, 0x2ba45c269600) = 0x2ba45c001b10
13910   0.001671 libjvm.so->fopen(0x2ba457b01ed0, 0x2ba459387ccb, 111, 0x732e6176) = 0x2ba45c269800
13910   0.002744 libjvm.so->dlopen(0x2ba457b01ed0, 1, 0xffffffff, 0x2ba45c269600) = 0x2ba45c001b10
13910   0.001691 libjvm.so->fopen(0x2ba457b01ed0, 0x2ba459387ccb, 111, 0x732e6176) = 0x2ba45c269800
13910   0.002735 libjvm.so->dlopen(0x2ba457b01ed0, 1, 0xffffffff, 0x2ba45c269600) = 0x2ba45c001b10
13910   0.018001 libjvm.so->fopen(0x2ba457b01eb0, 0x2ba459387ccb, 111, 0x732e6176) = 0x2ba45c269800
13910   0.002945 libjvm.so->dlopen(0x2ba457b01eb0, 1, 0xffffffff, 0x2ba45c269600) = 0x2ba45c001b10
13910   0.001652 libjvm.so->fopen(0x2ba457b01eb0, 0x2ba459387ccb, 111, 0x732e6176) = 0x2ba45c269800
13910   0.002791 libjvm.so->dlopen(0x2ba457b01eb0, 1, 0xffffffff, 0x2ba45c269600) = 0x2ba45c001b10
13910   0.001648 libjvm.so->fopen(0x2ba457b01eb0, 0x2ba459387ccb, 111, 0x732e6176) = 0x2ba45c269800
13910   0.004024 libjvm.so->dlopen(0x2ba457b01eb0, 1, 0xffffffff, 0x2ba45c269600) = 0x2ba45c001b10
13910   0.001957 libjvm.so->fopen(0x2ba457b01eb0, 0x2ba459387ccb, 111, 0x732e6176) = 0x2ba45c269800
13910   0.003713 libjvm.so->dlopen(0x2ba457b01eb0, 1, 0xffffffff, 0x2ba45c269600) = 0x2ba45c001b10
13910   0.152249 --- SIGSEGV (Segmentation fault) ---
13910   3.143312 --- SIGSEGV (Segmentation fault) ---
13924   9.057467 +++ exited (status 0) +++
13920   0.000268 +++ exited (status 0) +++
13911   0.000248 +++ exited (status 0) +++
13910   0.000262 +++ exited (status 0) +++
13921   0.000348 +++ exited (status 0) +++
13923   0.000036 +++ exited (status 0) +++
13914   0.000017 +++ exited (status 0) +++
13912   0.000014 +++ exited (status 0) +++
13922   0.025612 +++ exited (status 0) +++
13909   0.000093 +++ exited (status 0) +++
Wrote an ltrace for command: "java -cp ./tools/maxent.jar density.MaxEnt -s outputs/Hesperocharis_graphites_Bates.csv -e data/layers/worldclim -o outputs/Hesperocharis_graphites_Bates nowarnings nocache autorun -z" with PID 13907 from PPID 13887 on disc20.crc.nd.edu with result 0
REMOTEHOST=10.17.150.200
MANPATH=/afs/crc.nd.edu/user/n/nkremerh/cctools/share/man/:/afs/crc.nd.edu/group/ccl/software/x86_64/redhat7/ruby/current/share/man:/afs/crc.nd.edu/group/ccl/software/x86_64/redhat7/graphviz/current/share/man:/afs/crc.nd.edu/group/ccl/software/x86_64/redhat7/gnuplot/current/share/man:/afs/crc.nd.edu/group/ccl/software/x86_64/redhat7/git/current/share/man:/afs/crc.nd.edu/group/ccl/software/x86_64/redhat7/condor/current/share/man:/afs/crc.nd.edu/group/ccl/software/x86_64/redhat7/clang/current/share/man:/afs/crc.nd.edu/group/ccl/software/x86_64/redhat7/condor/current/share/man:/afs/crc.nd.edu/group/ccl/software/x86_64/redhat7/cctools/current/share/man:/afs/crc.nd.edu/group/ccl/software/x86_64/redhat7/cctools/current/share/man:/afs/crc.nd.edu/x86_64_linux/Modules/4.5.0/share/man:/opt/crc/usr/local/man:/opt/sge/man:/usr/share/man/overrides:/usr/share/man:/usr/local/share/man
_CONDOR_JOB_PIDS=
XDG_SESSION_ID=5195
HOSTNAME=disc01.crc.nd.edu
_LMFILES__modshare=/afs/crc.nd.edu/x86_64_linux/Modules/modules/system_modules/CRC_default/1.1:1
MODULEPATH_modshare=/afs/crc.nd.edu/x86_64_linux/Modules/modules/general_software:1:/afs/crc.nd.edu/x86_64_linux/Modules/modules/development_tools_and_libraries:1:/afs/crc.nd.edu/x86_64_linux/Modules/modules/system_modules:1:/afs/crc.nd.edu/x86_64_linux/Modules/current/modulefiles:1:/afs/crc.nd.edu/x86_64_linux/Modules/modules/restricted_software:1:/afs/crc.nd.edu/x86_64_linux/Modules/modules/deprecated_software:1
_CONDOR_ANCESTOR_3560=6161:1600703217:3669882797
TERM=xterm-256color
SHELL=/bin/tcsh
HOST=disc01.crc.nd.edu
MODULES_CMD=/afs/crc.nd.edu/x86_64_linux/Modules/4.5.0/libexec/modulecmd.tcl
HISTSIZE=5000
MAKEFLAGS=
SSH_CLIENT=10.17.150.200 39500 22
TMPDIR=/var/condor/execute/dir_6161/worker-213124-6210/t.949/cctools-temp-t.949.gY7MEL
PERL5LIB=/afs/crc.nd.edu/user/n/nkremerh/cctools/lib/perl5/site_perl/5.16.3:/afs/crc.nd.edu/user/n/nkremerh/.perl5/lib/perl5
SGE_CELL=crc
_CONDOR_SCRATCH_DIR=/var/condor/execute/dir_6161
_CONDOR_ANCESTOR_3197=3560:1598183979:2962516177
PERL_MB_OPT=--install_base '/afs/crc.nd.edu/user/n/nkremerh/.perl5/'
SSH_TTY=/dev/pts/0
SGE_LOAD_AVG=load_avg
MAKEFLOW_MAX_LOCAL_JOBS=2
GROUP=campus
USER=nkremerh
_CHIRP_DELAYED_UPDATE_PREFIX=Chirp*
HISTFILESIZE=10000
TEMP=/var/condor/execute/dir_6161/worker-213124-6210/t.949/cctools-temp-t.949.gY7MEL
LD_LIBRARY_PATH=/afs/crc.nd.edu/group/ccl/software/x86_64/redhat7/ruby/current/lib:/afs/crc.nd.edu/group/ccl/software/x86_64/redhat7/graphviz/current/lib:/afs/crc.nd.edu/group/ccl/software/x86_64/redhat7/git/current/lib:/afs/crc.nd.edu/group/ccl/software/x86_64/redhat7/condor/current/lib:/afs/crc.nd.edu/group/ccl/software/x86_64/redhat7/clang/current/lib:/afs/crc.nd.edu/group/ccl/software/x86_64/redhat7/condor/current/lib:/afs/crc.nd.edu/group/ccl/software/x86_64/redhat7/cctools/current/lib:/opt/crc/usr/local/lib
BATCH_SYSTEM=HTCondor
MODULES_LMALTNAME=CRC_default/1.1&CRC_default/default&CRC_default
ENV=/afs/crc.nd.edu/x86_64_linux/Modules/4.5.0/init/profile.sh
WORKER_TMPDIR=/var/condor/execute/dir_6161/worker-213124-6210/cache/tmp
HOSTTYPE=x86_64-linux
_CONDOR_HIGHPORT=9999
GLOBUS_GSSAPI_MAX_TLS_PROTOCOL=0
_CONDOR_CHIRP_CONFIG=/var/condor/execute/dir_6161/.chirp.config
MAKELEVEL=1
MFLAGS=
MAIL=/var/spool/mail/nkremerh
PATH=/afs/crc.nd.edu/user/n/nkremerh/cctools/bin:/afs/crc.nd.edu/user/n/nkremerh/miniconda/bin:/afs/crc.nd.edu/group/ccl/software/git:/afs/crc.nd.edu/user/n/nkremerh/.local/bin:/afs/crc.nd.edu/group/ccl/software/x86_64/redhat7/povray/3.7/bin:/afs/crc.nd.edu/user/n/nkremerh/.perl5/bin:/afs/crc.nd.edu/user/n/nkremerh/pegasus/bin:/afs/crc.nd.edu/user/n/nkremerh/nodejs/bin:/afs/crc.nd.edu/user/n/nkremerh/montage/bin:/afs/crc.nd.edu/user/n/nkremerh/latexdiff:/afs/crc.nd.edu/user/n/nkremerh/envtrace:/afs/crc.nd.edu/user/n/nkremerh/endlines:/afs/crc.nd.edu/user/n/nkremerh/cctools/bin:/afs/crc.nd.edu/user/n/nkremerh/.cargo/bin:/afs/crc.nd.edu/group/ccl/software/x86_64/redhat7/ruby/current/bin:/afs/crc.nd.edu/group/ccl/software/x86_64/redhat7/graphviz/current/bin:/afs/crc.nd.edu/group/ccl/software/x86_64/redhat7/gnuplot/current/bin:/afs/crc.nd.edu/group/ccl/software/x86_64/redhat7/git/current/bin:/afs/crc.nd.edu/group/ccl/software/x86_64/redhat7/condor/current/sbin:/afs/crc.nd.edu/group/ccl/software/x86_64/redhat7/condor/current/bin:/afs/crc.nd.edu/group/ccl/software/x86_64/redhat7/cmake/current/bin:/afs/crc.nd.edu/group/ccl/software/x86_64/redhat7/clang/current/bin:/afs/crc.nd.edu/group/ccl/software/x86_64/redhat7/condor/current/sbin:/afs/crc.nd.edu/group/ccl/software/x86_64/redhat7/condor/current/bin:/afs/crc.nd.edu/group/ccl/software/x86_64/redhat7/cctools/current/bin:/afs/crc.nd.edu/x86_64_linux/Modules/4.5.0/bin:/opt/crc/usr/local/bin:/opt/sge/bin/lx-amd64:/usr/local/bin:/usr/bin:/usr/local/sbin:/usr/sbin:/afs/crc.nd.edu/user/c/condor/software/bin:/afs/crc.nd.edu/user/c/condor/software/sbin
CCLSOFTWARE=/afs/crc.nd.edu/group/ccl/software/x86_64/redhat7
PWD=/var/condor/execute/dir_6161/worker-213124-6210/t.949
_LMFILES_=/afs/crc.nd.edu/x86_64_linux/Modules/modules/system_modules/CRC_default/1.1
EDITOR=vim
SGE_EXECD_PORT=6445
LANG=en_US.UTF-8
SGE_QMASTER_PORT=6444
MODULEPATH=/afs/crc.nd.edu/x86_64_linux/Modules/modules/development_tools_and_libraries:/afs/crc.nd.edu/x86_64_linux/Modules/modules/general_software:/afs/crc.nd.edu/x86_64_linux/Modules/modules/restricted_software:/afs/crc.nd.edu/x86_64_linux/Modules/modules/system_modules:/afs/crc.nd.edu/x86_64_linux/Modules/modules/deprecated_software:/afs/crc.nd.edu/x86_64_linux/Modules/current/modulefiles
LOADEDMODULES=CRC_default/1.1
SGE_ROOT=/opt/sge
CCLPLATFORM=x86_64/redhat7
_CONDOR_SLOT=slot1
WORK_QUEUE_SANDBOX=/var/condor/execute/dir_6161/worker-213124-6210
USE_SYSTEMD=true
_CONDOR_LOWPORT=9100
HISTCONTROL=ignoreboth:erasedups
KRB5CCNAME=FILE:/tmp/krb5cc_213124_6nLDKQ
GLOBUS_GSSAPI_NAME_COMPATIBILITY=STRICT_RFC2818
HOME=disc01.crc.nd.edu
SHLVL=6
PATH_modshare=/opt/crc/usr/local/bin:1:/opt/sge/bin/lx-amd64:1:/usr/sbin:1:/usr/bin:1:/afs/crc.nd.edu/user/c/condor/software/sbin:1:/usr/local/sbin:1:/afs/crc.nd.edu/user/c/condor/software/bin:1:/usr/local/bin:1
OSTYPE=linux
_CONDOR_MACHINE_AD=/var/condor/execute/dir_6161/.machine.ad
GREP_OPTIONS=--color=auto
DISK=916662
GLOBUS_GSSAPI_MIN_TLS_PROTOCOL=TLS1_VERSION
MANPATH_modshare=/usr/share/man/overrides:1:/usr/local/share/man:1:/usr/share/man:1:/opt/crc/usr/local/man:1:/opt/sge/man:1
MEMORY=15899
PERL_LOCAL_LIB_ROOT=/afs/crc.nd.edu/user/n/nkremerh/.perl5/
BASH_ENV=/afs/crc.nd.edu/x86_64_linux/Modules/4.5.0/init/bash
VENDOR=unknown
TMP=/var/condor/execute/dir_6161/worker-213124-6210/t.949/cctools-temp-t.949.gY7MEL
LOGNAME=nkremerh
MACHTYPE=x86_64
CCLHOME=/afs/crc.nd.edu/group/ccl
PYTHONPATH=/afs/crc.nd.edu/user/n/nkremerh/cctools/lib/python3.6/site-packages/
LD_LIBRARY_PATH_modshare=/opt/crc/usr/local/lib:1
SSH_CONNECTION=10.17.150.200 39500 129.74.128.103 22
MODULES_LMALTNAME_modshare=CRC_default/1.1&CRC_default/default&CRC_default:1
MODULESHOME=/afs/crc.nd.edu/x86_64_linux/Modules/4.5.0
GLOBUS_GSSAPI_CIPHERS=HIGH
GLOBUS_GSSAPI_BACKWARD_COMPATIBLE_MIC=true
LESSOPEN=||/usr/bin/lesspipe.sh %s
OMP_NUM_THREADS=1
_CONDOR_ANCESTOR_6161=6174:1600703218:1981079369
_CONDOR_JOB_AD=/var/condor/execute/dir_6161/.job.ad
LOADEDMODULES_modshare=CRC_default/1.1:1
XDG_RUNTIME_DIR=/run/user/213124
SGE_CLUSTER_NAME=CRC
CCTOOLS=../cctools
CORES=4
_CONDOR_JOB_IWD=/var/condor/execute/dir_6161
PERL_MM_OPT=INSTALL_BASE=/afs/crc.nd.edu/user/n/nkremerh/.perl5/
GLOBUS_GSSAPI_SERVER_CIPHER_ORDER=true
BASH_FUNC_module()=() {  unset _mlshdbg;
 if [ "${MODULES_SILENT_SHELL_DEBUG:-0}" = '1' ]; then
 case "$-" in 
 *v*x*)
 set +vx;
 _mlshdbg='vx'
 ;;
 *v*)
 set +v;
 _mlshdbg='v'
 ;;
 *x*)
 set +x;
 _mlshdbg='x'
 ;;
 *)
 _mlshdbg=''
 ;;
 esac;
 fi;
 unset _mlre _mlIFS;
 if [ -n "${IFS+x}" ]; then
 _mlIFS=$IFS;
 fi;
 IFS=' ';
 for _mlv in ${MODULES_RUN_QUARANTINE:-};
 do
 if [ "${_mlv}" = "${_mlv##*[!A-Za-z0-9_]}" -a "${_mlv}" = "${_mlv#[0-9]}" ]; then
 if [ -n "`eval 'echo ${'$_mlv'+x}'`" ]; then
 _mlre="${_mlre:-}${_mlv}_modquar='`eval 'echo ${'$_mlv'}'`' ";
 fi;
 _mlrv="MODULES_RUNENV_${_mlv}";
 _mlre="${_mlre:-}${_mlv}='`eval 'echo ${'$_mlrv':-}'`' ";
 fi;
 done;
 if [ -n "${_mlre:-}" ]; then
 eval `eval ${_mlre}/usr/bin/tclsh /afs/crc.nd.edu/x86_64_linux/Modules/4.5.0/libexec/modulecmd.tcl bash '"$@"'`;
 else
 eval `/usr/bin/tclsh /afs/crc.nd.edu/x86_64_linux/Modules/4.5.0/libexec/modulecmd.tcl bash "$@"`;
 fi;
 _mlstatus=$?;
 if [ -n "${_mlIFS+x}" ]; then
 IFS=$_mlIFS;
 else
 unset IFS;
 fi;
 unset _mlre _mlv _mlrv _mlIFS;
 if [ -n "${_mlshdbg:-}" ]; then
 set -$_mlshdbg;
 fi;
 unset _mlshdbg;
 return $_mlstatus
}
BASH_FUNC_ml()=() {  module ml "$@"
}
_=/usr/bin/printenv
