1985   0.000000 libjli.so->getenv("_JAVA_LAUNCHER_DEBUG") = nil
1985   0.001876 libjli.so->getenv("_JAVA_VERSION_SET") = nil
1985   0.000755 libjli.so->fopen("/usr/lib/jvm/java-1.8.0-openjdk-1.8.0.262.b10-0.el7_8.x86_64/jre/lib/amd64/jvm.cfg", "r") = 0x564f307740e0
1985   0.000968 libjli.so->getenv("JDK_ALTERNATE_VM") = nil
1985   0.000378 libjli.so->__xstat(1, "/usr/lib/jvm/java-1.8.0-openjdk-1.8.0.262.b10-0.el7_8.x86_64/jre/lib/amd64/server/libjvm.so", 0x7fff6941c100) = 0
1985   0.000620 libjli.so->getenv("LD_LIBRARY_PATH") = "/afs/crc.nd.edu/group/ccl/software/x86_64/redhat7/ruby/current/lib:/afs/crc.nd.edu/group/ccl/software/x86_64/redhat7/graphviz/current/lib:/afs/crc.nd.edu/group/ccl/software/x86_64/redhat7/git/current/lib:/afs/crc.nd.edu/group/ccl/software/x86_64/redhat7/condor/current/lib:/afs/crc.nd.edu/group/ccl/software/x86_64/redhat7/clang/current/lib:/afs/crc.nd.edu/group/ccl/software/x86_64/redhat7/condor/current/lib:/afs/crc.nd.edu/group/ccl/software/x86_64/redhat7/cctools/current/lib:/opt/crc/usr/local/lib"
1985   0.002170 libjli.so->dlopen("/usr/lib/jvm/java-1.8.0-openjdk-1.8.0.262.b10-0.el7_8.x86_64/jre/lib/amd64/server/libjvm.so", 258 <unfinished ...>
1985   0.040433 libjvm.so->getenv("NMT_LEVEL_1985") = nil
1985   0.001792 <... dlopen resumed> )           = 0x564f307744b0
1985   0.000080 libjli.so->getenv("CLASSPATH")   = nil
1985   0.000415 libjli.so->getenv("_JAVA_SPLASH_JAR") = nil
1985   0.000360 libjli.so->getenv("_JAVA_SPLASH_FILE") = nil
1985   0.000342 libjli.so->pthread_attr_setdetachstate(0x7fff6941c0b0, 0, 0x7fff6941c140, 0) = 0
1985   0.000554 libpthread.so.0->__clone(0x2aacae070de0, 0x2aacadf83fc0, 0x3d0f00, 0x2aacadf84700) = 1986
1986   0.001909 libjvm.so->dlopen(0x2aacaf84f9ae, 1, 0xfffffffffff42c48, 4096) = 0x2aacb4000990
1986   0.002832 libjvm.so->getenv(0x2aacaf86a83e, 0, 115, 0x65737361) = 0x7fff69421653
1986   0.000539 libjvm.so->fopen(0x2aacadf82c10, 0x2aacaf806ccb, 0x6f732e79666972, 0x2aacae948ab0) = 0x2aacb4001440
1986   0.001997 libjvm.so->dlopen(0x2aacadf82c10, 1, 0xffffffff, 0x2aacb4002b00) = 0x2aacb4001440
1986   0.002104 libjvm.so->fopen(0x2aacadf82c10, 0x2aacaf806ccb, 111, 0x732e6176) = 0x2aacb4001b10
1986   0.002965 libjvm.so->dlopen(0x2aacadf82c10, 1, 0xffffffff, 0x2aacb4001a00) = 0x2aacb4001b10
1986   0.002242 libjvm.so->__xstat(1, 0x2aacadf83360, 0x2aacadf83ba0, 0x746f7073746f682e) = -1
1986   0.000569 libjvm.so->getenv(0x2aacaf7ff541, 0x2aacadf836d0, 1024, 0x2aacafcb961b) = 0
1986   0.000474 libjvm.so->getenv(0x2aacaf7ff533, 0x2aacadf836d0, 1024, 0) = 0
1986   0.000499 libjvm.so->fopen(0x2aacaf84f315, 0x2aacaf806ccb, 4095, 0xffffd55350800b03) = 0x2aacb40032d0
1986   0.001360 libjvm.so->fopen(0x2aacaf84f361, 0x2aacaf806ccb, 0x2aacb4000078, 0x2aacb40032c0) = 0x2aacb40032d0
1986   0.000893 libjvm.so->fopen(0x2aacadf7d9b0, 0x2aacaf806ccb, 4014, 3995) = 0x2aacb40032d0
1986   0.002628 libjvm.so->opendir(0x2aacb4002b40, 0x2aacb4002b40, 13, 16) = 0
1986   0.000499 libjvm.so->__xstat(1, 0x2aacadf828f0, 0x2aacadf81860, 0x6f732e7477616d62) = -1
1986   0.000657 libjvm.so->__xstat(1, 0x2aacadf828f0, 0x2aacadf81860, 0x5f74776162696c2f) = 0
1986   0.000544 libjvm.so->fopen(0x2aacadf81b90, 0x2aacaf806ccb, 4009, 3994) = 0x2aacb40037b0
1986   0.000797 libjvm.so->fopen(0x2aacadf81b90, 0x2aacaf806ccb, 4009, 3994) = 0x2aacb40037b0
1986   0.001235 libjvm.so->fopen(0x2aacadf81b90, 0x2aacaf806ccb, 4009, 4002) = 0x2aacb40037b0
1986   0.000734 libjvm.so->fopen(0x2aacadf81b20, 0x2aacaf806ccb, 4009, 3994) = 0x2aacb40037b0
1986   0.000724 libjvm.so->fopen(0x2aacadf81b20, 0x2aacaf806ccb, 4009, 3994) = 0x2aacb40037b0
1986   0.000738 libjvm.so->fopen(0x2aacadf81b20, 0x2aacaf806ccb, 4009, 4002) = 0x2aacb40037b0
1986   0.000697 libjvm.so->fopen(0x2aacadf81b50, 0x2aacaf806ccb, 4014, 3995) = 0x2aacb40037b0
1986   0.000948 libjvm.so->getenv(0x2aacaf8500ff, 4096, 3, -1) = 0
1986   0.001135 libjvm.so->fopen(0x2aacaf84f998, 0x2aacaf806ccb, 0x2aacae067908, 0x2aacae066df0) = 0x2aacb40037b0
1986   0.005811 libjvm.so->open(0x2aacb404a5a0, 0x20000, 0, 0x2aacb404a5e9) = 3
1986   0.000542 libjvm.so->__fxstat(1, 3, 0x2aacadf83a00, -1) = 0
1986   0.000580 libjvm.so->opendir(0x2aacb404a5a0, 0x2aacadf83a00, 0x4000, -1) = 0x2aacb404b4b0
1986   0.003502 libjvm.so->__fxstat(1, 3, 0x2aacadf838a0, 0x2aacb404b4b0) = 0
1986   0.000558 libjvm.so->__fxstat(1, 5, 0x2aacadf83930, -1) = 0
1986   0.000499 libjvm.so->open(0x2aacaf81d9dc, 0, 0, 0) = 3
1986   0.000803 libjvm.so->__lxstat(1, 0x2aacb404a5a0, 0x2aacadf83b50, -144) = 0
1986   0.000932 libjvm.so->open(0x2aacb404a5a0, 0x20000, 0x4000, -1) = 3
1986   0.000487 libjvm.so->__fxstat(1, 3, 0x2aacadf83a00, -1) = 0
1986   0.000566 libjvm.so->opendir(0x2aacb404a5a0, 0x2aacadf83a00, 0x4000, -1) = 0x2aacb404b4b0
1986   0.000525 libjvm.so->__fxstat(1, 3, 0x2aacadf838a0, 0x2aacb404b4b0) = 0
1986   0.000832 libjvm.so->__fxstat(1, 5, 0x2aacadf83930, -1) = 0
1986   0.000477 libjvm.so->open(0x2aacaf81d9dc, 0, 0, 0) = 3
1986   0.000469 libjvm.so->open(0x2aacb404a5e9, 0x20042, 384, -1) = 7
1986   0.000754 libjvm.so->__fxstat(1, 7, 0x2aacadf83b50, -1) = 0
1986   0.002332 libjvm.so->fopen(0x2aacadf82b60, 0x2aacaf806ccb, 4, 0x6f732e70) = 0x2aacb4057c00
1986   0.002098 libjvm.so->dlopen(0x2aacadf82b60, 1, 0xffffffff, 0x2aacb4057b00) = 0x2aacb4057c00
1986   0.002010 libjvm.so->__xstat(1, 0x2aacadf83120, 0x2aacadf83950, 2048) = 0
1986   0.000493 libjvm.so->__xstat(1, 0x2aacadf83120, 0x2aacadf83950, 2048) = 0
1986   0.000440 libjvm.so->__xstat(1, 0x2aacadf83120, 0x2aacadf83950, 2048) = -1
1986   0.000538 libjvm.so->__xstat(1, 0x2aacadf83120, 0x2aacadf83950, 2048) = 0
1986   0.000655 libjvm.so->__xstat(1, 0x2aacadf83120, 0x2aacadf83950, 2048) = 0
1986   0.000539 libjvm.so->__xstat(1, 0x2aacadf83120, 0x2aacadf83950, 2048) = 0
1986   0.000502 libjvm.so->__xstat(1, 0x2aacadf83120, 0x2aacadf83950, 2048) = 0
1986   0.000468 libjvm.so->__xstat(1, 0x2aacadf83120, 0x2aacadf83950, 2048) = -1
1986   0.000455 libjvm.so->fopen(0x2aacb4002520, 0x2aacaf806ccb, 0, 0) = 0x2aacb4058aa0
1986   0.010147 libjvm.so->open64(0x2aacadf82410, 0, 0, 16) = 3
1986   0.000493 libjvm.so->__fxstat64(1, 3, 0x2aacadf82240, -1) = 0
1986   0.040846 libjvm.so->__xstat(1, 0x2aacadf82f20, 0x2aacadf83750, 2048) = -1
1986   0.000641 libjvm.so->fopen(0x2aacadf81b20, 0x2aacaf806ccb, 4009, 3994) = 0x2aacb40b1fb0
1986   0.000838 libjvm.so->fopen(0x2aacadf81b20, 0x2aacaf806ccb, 4009, 3994) = 0x2aacb40b1fb0
1986   0.000867 libjvm.so->fopen(0x2aacadf81b20, 0x2aacaf806ccb, 4009, 4002) = 0x2aacb40b1fb0
1986   0.004168 libjvm.so->pthread_attr_setdetachstate(0x2aacadf83c00, 1, 0, 0) = 0
1986   0.000613 libpthread.so.0->__clone(0x2aacae070de0, 0x2aacb38f4fc0, 0x3d0f00, 0x2aacb38f5700) = 1999
1986   0.015606 libjvm.so->pthread_attr_setdetachstate(0x2aacadf83290, 1, 0, 0) = 0
1986   0.000614 libpthread.so.0->__clone(0x2aacae070de0, 0x2aacb39f5fc0, 0x3d0f00, 0x2aacb39f6700) = 2005
1986   0.007018 libjvm.so->pthread_attr_setdetachstate(0x2aacadf83610, 1, 0, 0) = 0
1986   0.000805 libpthread.so.0->__clone(0x2aacae070de0, 0x2aacb3af6fc0, 0x3d0f00, 0x2aacb3af7700) = 2006
1986   0.041156 libjvm.so->fopen(0x2aacb40f17f0, 0x2aacaf806ccb, 4, 0x6f732e70) = 0x2aacb40f1cf0
1986   0.002009 libjvm.so->dlopen(0x2aacb40f17f0, 1, 0xffffffff, 0x2aacb40e8c00) = 0x2aacb4057c00
1986   0.005055 libjvm.so->open64(0x2aacadf82510, 0, 0, 16) = 5
1986   0.001151 libjvm.so->__fxstat64(1, 5, 0x2aacadf82340, -1) = 0
1986   0.020321 libjvm.so->fopen(0x2aacadf7f130, 0x2aacaf806ccb, 4009, 3994) = 0x2aacb40fccc0
1986   0.001184 libjvm.so->fopen(0x2aacadf7f130, 0x2aacaf806ccb, 4009, 3994) = 0x2aacb40fccc0
1986   0.001086 libjvm.so->fopen(0x2aacadf7f130, 0x2aacaf806ccb, 4009, 4002) = 0x2aacb40fccc0
1986   0.015604 libjvm.so->pthread_attr_setdetachstate(0x2aacadf83b50, 1, 0, 0) = 0
1986   0.001009 libpthread.so.0->__clone(0x2aacae070de0, 0x2aacb3bf7fc0, 0x3d0f00, 0x2aacb3bf8700) = 2020
1986   0.001462 libjvm.so->__xstat64(1, 0x2aacadf83be0, 0x2aacadf83b50, 18) = -1
1986   0.001371 libjvm.so->pthread_attr_setdetachstate(0x2aacadf83950, 1, 0, 0) = 0
1986   0.001127 libpthread.so.0->__clone(0x2aacae070de0, 0x2aacb3cf8fc0, 0x3d0f00, 0x2aacb3cf9700) = 2022
1986   0.001705 libjvm.so->pthread_attr_setdetachstate(0x2aacadf83950, 1, 0, 0) = 0
1986   0.001408 libpthread.so.0->__clone(0x2aacae070de0, 0x2aacb3df9fc0, 0x3d0f00, 0x2aacb3dfa700) = 2023
1986   0.008104 libjvm.so->pthread_attr_setdetachstate(0x2aacadf83aa0, 1, 0, 0) = 0
1986   0.001434 libpthread.so.0->__clone(0x2aacae070de0, 0x2aacb3efafc0, 0x3d0f00, 0x2aacb3efb700) = 2024
1986   0.002744 libjvm.so->pthread_attr_setdetachstate(0x2aacadf83bb0, 1, 0, 0) = 0
1986   0.001594 libpthread.so.0->__clone(0x2aacae070de0, 0x2aacb3ffbfc0, 0x3d0f00, 0x2aacb3ffc700) = 2026
1986   0.018669 libjvm.so->open64(0x2aacb4128890, 0, 0, 16) = 7
1986   0.001846 libjvm.so->__fxstat64(1, 7, 0x2aacadf80f60, -1) = 0
1986   0.033150 libjvm.so->fopen(0x2aacb41545e0, 0x2aacaf806ccb, 4, 0x6f732e6f) = 0x2aacb41546a0
1986   0.003902 libjvm.so->dlopen(0x2aacb41545e0, 1, 0xffffffff, 0x2aacb4154600) = 0x2aacb41546a0
1986   0.120833 libjvm.so->fopen(0x2aacadf7de40, 0x2aacaf806ccb, 0x6f732e, 0x6d766a62696c2f72) = 0x2aacb416a130
1986   0.006389 libjvm.so->dlopen(0x2aacadf7de40, 1, 0xffffffff, 0x2aacb416a000) = 0x564f307744b0
1986   0.001906 libjvm.so->fopen(0x2aacadf7de40, 0x2aacaf806ccb, 0x6f732e, 0x6d766a62696c2f72) = 0x2aacb416a530
1986   0.005181 libjvm.so->dlopen(0x2aacadf7de40, 1, 0xffffffff, 0x2aacb416a000) = 0x564f307744b0
1986   0.004185 libjvm.so->fopen(0x2aacadf7de40, 0x2aacaf806ccb, 0x6f732e, 0x6d766a62696c2f72) = 0x2aacb416a130
1986   0.003911 libjvm.so->dlopen(0x2aacadf7de40, 1, 0xffffffff, 0x2aacb416a000) = 0x564f307744b0
1986   0.002007 libjvm.so->fopen(0x2aacadf7de40, 0x2aacaf806ccb, 0x6f732e, 0x6d766a62696c2f72) = 0x2aacb416a130
1986   0.004278 libjvm.so->dlopen(0x2aacadf7de40, 1, 0xffffffff, 0x2aacb416a000) = 0x564f307744b0
1986   0.048222 libjvm.so->fopen(0x2aacb41a7670, 0x2aacaf806ccb, 4, 0x6f732e74) = 0x2aacb41c7530
1986   0.003123 libjvm.so->dlopen(0x2aacb41a7670, 1, 0xffffffff, 0x2aacb41b3f00) = 0x2aacb41c7530
1986   0.140473 libjvm.so->fopen(0x2aacb4250760, 0x2aacaf806ccb, 0x6f732e7373656c, 0x656c646165685f74) = 0x2aacb4250840
1986   0.003439 libjvm.so->dlopen(0x2aacb4250760, 1, 0xffffffff, 0x2aacb4250700) = 0x2aacb4250840
1986   4.541259 --- SIGSEGV (Segmentation fault) ---
1986   0.982488 --- SIGSEGV (Segmentation fault) ---
1986   0.000724 --- SIGSEGV (Segmentation fault) ---
1986   0.000968 --- SIGSEGV (Segmentation fault) ---
1986   1.000541 --- SIGSEGV (Segmentation fault) ---
1986   0.000671 --- SIGSEGV (Segmentation fault) ---
1986   0.866468 --- SIGSEGV (Segmentation fault) ---
1986   0.001664 --- SIGSEGV (Segmentation fault) ---
1986   0.000823 --- SIGSEGV (Segmentation fault) ---
1986   1.022662 --- SIGSEGV (Segmentation fault) ---
1986   0.000796 --- SIGSEGV (Segmentation fault) ---
1986   0.688059 --- SIGSEGV (Segmentation fault) ---
1986   0.003346 --- SIGSEGV (Segmentation fault) ---
1986   0.001054 --- SIGSEGV (Segmentation fault) ---
1986   0.000588 --- SIGSEGV (Segmentation fault) ---
1986   0.987043 --- SIGSEGV (Segmentation fault) ---
1986   0.001681 --- SIGSEGV (Segmentation fault) ---
1986   0.000648 --- SIGSEGV (Segmentation fault) ---
1986   0.966365 --- SIGSEGV (Segmentation fault) ---
1986   0.000844 --- SIGSEGV (Segmentation fault) ---
1986   0.000468 --- SIGSEGV (Segmentation fault) ---
1986   0.919934 --- SIGSEGV (Segmentation fault) ---
1986   0.000482 --- SIGSEGV (Segmentation fault) ---
1986   0.000961 --- SIGSEGV (Segmentation fault) ---
1986   1.339855 --- SIGSEGV (Segmentation fault) ---
1986   0.001495 --- SIGSEGV (Segmentation fault) ---
1986   0.961502 --- SIGSEGV (Segmentation fault) ---
1986   0.969533 --- SIGSEGV (Segmentation fault) ---
1986   0.000773 --- SIGSEGV (Segmentation fault) ---
1986   0.000901 --- SIGSEGV (Segmentation fault) ---
1986   0.697588 --- SIGSEGV (Segmentation fault) ---
1986   0.000784 --- SIGSEGV (Segmentation fault) ---
1986   0.000653 --- SIGSEGV (Segmentation fault) ---
1986   1.989668 --- SIGSEGV (Segmentation fault) ---
1986   0.957944 --- SIGSEGV (Segmentation fault) ---
1986   1.109571 libjvm.so->fopen(0x2aacadf80e40, 0x2aacaf806ccb, 111, 0x732e6176) = 0x2aacb42397e0
1986   0.007917 libjvm.so->dlopen(0x2aacadf80e40, 1, 0xffffffff, 0x2aacb4215800) = 0x2aacb4001b10
1986   0.001783 libjvm.so->fopen(0x2aacadf80e40, 0x2aacaf806ccb, 111, 0x732e6176) = 0x2aacb4204ca0
1986   0.003240 libjvm.so->dlopen(0x2aacadf80e40, 1, 0xffffffff, 0x2aacb4215800) = 0x2aacb4001b10
1986   0.001667 libjvm.so->fopen(0x2aacadf80e40, 0x2aacaf806ccb, 111, 0x732e6176) = 0x2aacb4204ca0
1986   0.005080 libjvm.so->dlopen(0x2aacadf80e40, 1, 0xffffffff, 0x2aacb4215800) = 0x2aacb4001b10
1986   0.003938 libjvm.so->fopen(0x2aacadf80e40, 0x2aacaf806ccb, 111, 0x732e6176) = 0x2aacb4204ca0
1986   0.006551 libjvm.so->dlopen(0x2aacadf80e40, 1, 0xffffffff, 0x2aacb4215800) = 0x2aacb4001b10
1986   0.020570 libjvm.so->fopen(0x2aacadf80e50, 0x2aacaf806ccb, 111, 0x732e6176) = 0x2aacb4205080
1986   0.003855 libjvm.so->dlopen(0x2aacadf80e50, 1, 0xffffffff, 0x2aacb4174100) = 0x2aacb4001b10
1986   0.001692 libjvm.so->fopen(0x2aacadf80e50, 0x2aacaf806ccb, 111, 0x732e6176) = 0x2aacb4205050
1986   0.005426 libjvm.so->dlopen(0x2aacadf80e50, 1, 0xffffffff, 0x2aacb4174100) = 0x2aacb4001b10
1986   0.001666 libjvm.so->fopen(0x2aacadf80e50, 0x2aacaf806ccb, 111, 0x732e6176) = 0x2aacb4205050
1986   0.002806 libjvm.so->dlopen(0x2aacadf80e50, 1, 0xffffffff, 0x2aacb4174100) = 0x2aacb4001b10
1986   0.001764 libjvm.so->fopen(0x2aacadf80e50, 0x2aacaf806ccb, 111, 0x732e6176) = 0x2aacb4205050
1986   0.002800 libjvm.so->dlopen(0x2aacadf80e50, 1, 0xffffffff, 0x2aacb4174100) = 0x2aacb4001b10
1986   0.091777 --- SIGSEGV (Segmentation fault) ---
1986   1.571195 --- SIGSEGV (Segmentation fault) ---
1986   1.000993 --- SIGSEGV (Segmentation fault) ---
1986   2.067128 --- SIGSEGV (Segmentation fault) ---
1986   2.090722 --- SIGSEGV (Segmentation fault) ---
2026   0.668403 +++ exited (status 0) +++
1999   0.009303 +++ exited (status 0) +++
1986   0.001734 +++ exited (status 0) +++
2023   0.000415 +++ exited (status 0) +++
2006   0.000035 +++ exited (status 0) +++
2005   0.000017 +++ exited (status 0) +++
2022   0.000189 +++ exited (status 0) +++
2024   0.010008 +++ exited (status 0) +++
2020   0.023011 +++ exited (status 0) +++
1985   0.000096 +++ exited (status 0) +++
Wrote an ltrace for command: "java -cp ./tools/maxent.jar density.Project outputs/Technomyrmex_voeltzkowi/Technomyrmex_voeltzkowi.lambdas data/layers/worldclim outputs/Technomyrmex_voeltzkowi_worldclim.asc nowarnings nocache autorun -z" with PID 1983 from PPID 1967 on disc25.crc.nd.edu with result 0
REMOTEHOST=10.17.145.58
_CONDOR_JOB_PIDS=
MANPATH=/afs/crc.nd.edu/user/n/nkremerh/cctools/share/man/:/afs/crc.nd.edu/group/ccl/software/x86_64/redhat7/ruby/current/share/man:/afs/crc.nd.edu/group/ccl/software/x86_64/redhat7/graphviz/current/share/man:/afs/crc.nd.edu/group/ccl/software/x86_64/redhat7/gnuplot/current/share/man:/afs/crc.nd.edu/group/ccl/software/x86_64/redhat7/git/current/share/man:/afs/crc.nd.edu/group/ccl/software/x86_64/redhat7/condor/current/share/man:/afs/crc.nd.edu/group/ccl/software/x86_64/redhat7/clang/current/share/man:/afs/crc.nd.edu/group/ccl/software/x86_64/redhat7/condor/current/share/man:/afs/crc.nd.edu/group/ccl/software/x86_64/redhat7/cctools/current/share/man:/afs/crc.nd.edu/group/ccl/software/x86_64/redhat7/cctools/current/share/man:/afs/crc.nd.edu/x86_64_linux/Modules/4.5.0/share/man:/opt/crc/usr/local/man:/opt/sge/man:/usr/share/man/overrides:/usr/share/man:/usr/local/share/man
XDG_SESSION_ID=3301
HOSTNAME=disc01.crc.nd.edu
_LMFILES__modshare=/afs/crc.nd.edu/x86_64_linux/Modules/modules/system_modules/CRC_default/1.1:1
MODULEPATH_modshare=/afs/crc.nd.edu/x86_64_linux/Modules/modules/general_software:1:/afs/crc.nd.edu/x86_64_linux/Modules/modules/development_tools_and_libraries:1:/afs/crc.nd.edu/x86_64_linux/Modules/modules/system_modules:1:/afs/crc.nd.edu/x86_64_linux/Modules/current/modulefiles:1:/afs/crc.nd.edu/x86_64_linux/Modules/modules/restricted_software:1:/afs/crc.nd.edu/x86_64_linux/Modules/modules/deprecated_software:1
MODULES_CMD=/afs/crc.nd.edu/x86_64_linux/Modules/4.5.0/libexec/modulecmd.tcl
HOST=disc01.crc.nd.edu
SHELL=/bin/tcsh
TERM=xterm-256color
MAKEFLAGS=
HISTSIZE=5000
TMPDIR=/var/condor/execute/dir_3434/worker-213124-3537/t.1418/cctools-temp-t.1418.pYrQG3
SSH_CLIENT=10.17.145.58 38176 22
PERL5LIB=/afs/crc.nd.edu/user/n/nkremerh/cctools/lib/perl5/site_perl/5.16.3:/afs/crc.nd.edu/user/n/nkremerh/.perl5/lib/perl5
SGE_CELL=crc
_CONDOR_SCRATCH_DIR=/var/condor/execute/dir_3434
PERL_MB_OPT=--install_base '/afs/crc.nd.edu/user/n/nkremerh/.perl5/'
SSH_TTY=/dev/pts/0
SGE_LOAD_AVG=load_avg
MAKEFLOW_MAX_LOCAL_JOBS=2
HISTFILESIZE=10000
_CHIRP_DELAYED_UPDATE_PREFIX=Chirp*
USER=nkremerh
GROUP=campus
LD_LIBRARY_PATH=/afs/crc.nd.edu/group/ccl/software/x86_64/redhat7/ruby/current/lib:/afs/crc.nd.edu/group/ccl/software/x86_64/redhat7/graphviz/current/lib:/afs/crc.nd.edu/group/ccl/software/x86_64/redhat7/git/current/lib:/afs/crc.nd.edu/group/ccl/software/x86_64/redhat7/condor/current/lib:/afs/crc.nd.edu/group/ccl/software/x86_64/redhat7/clang/current/lib:/afs/crc.nd.edu/group/ccl/software/x86_64/redhat7/condor/current/lib:/afs/crc.nd.edu/group/ccl/software/x86_64/redhat7/cctools/current/lib:/opt/crc/usr/local/lib
TEMP=/var/condor/execute/dir_3434/worker-213124-3537/t.1418/cctools-temp-t.1418.pYrQG3
BATCH_SYSTEM=HTCondor
WORKER_TMPDIR=/var/condor/execute/dir_3434/worker-213124-3537/cache/tmp
ENV=/afs/crc.nd.edu/x86_64_linux/Modules/4.5.0/init/profile.sh
MODULES_LMALTNAME=CRC_default/1.1&CRC_default/default&CRC_default
_CONDOR_CHIRP_CONFIG=/var/condor/execute/dir_3434/.chirp.config
GLOBUS_GSSAPI_MAX_TLS_PROTOCOL=0
_CONDOR_HIGHPORT=9999
HOSTTYPE=x86_64-linux
MAKELEVEL=1
MFLAGS=
CCLSOFTWARE=/afs/crc.nd.edu/group/ccl/software/x86_64/redhat7
PATH=/afs/crc.nd.edu/user/n/nkremerh/cctools/bin:/afs/crc.nd.edu/user/n/nkremerh/miniconda/bin:/afs/crc.nd.edu/group/ccl/software/git:/afs/crc.nd.edu/user/n/nkremerh/.local/bin:/afs/crc.nd.edu/group/ccl/software/x86_64/redhat7/povray/3.7/bin:/afs/crc.nd.edu/user/n/nkremerh/.perl5/bin:/afs/crc.nd.edu/user/n/nkremerh/pegasus/bin:/afs/crc.nd.edu/user/n/nkremerh/nodejs/bin:/afs/crc.nd.edu/user/n/nkremerh/montage/bin:/afs/crc.nd.edu/user/n/nkremerh/latexdiff:/afs/crc.nd.edu/user/n/nkremerh/envtrace:/afs/crc.nd.edu/user/n/nkremerh/endlines:/afs/crc.nd.edu/user/n/nkremerh/cctools/bin:/afs/crc.nd.edu/user/n/nkremerh/.cargo/bin:/afs/crc.nd.edu/group/ccl/software/x86_64/redhat7/ruby/current/bin:/afs/crc.nd.edu/group/ccl/software/x86_64/redhat7/graphviz/current/bin:/afs/crc.nd.edu/group/ccl/software/x86_64/redhat7/gnuplot/current/bin:/afs/crc.nd.edu/group/ccl/software/x86_64/redhat7/git/current/bin:/afs/crc.nd.edu/group/ccl/software/x86_64/redhat7/condor/current/sbin:/afs/crc.nd.edu/group/ccl/software/x86_64/redhat7/condor/current/bin:/afs/crc.nd.edu/group/ccl/software/x86_64/redhat7/cmake/current/bin:/afs/crc.nd.edu/group/ccl/software/x86_64/redhat7/clang/current/bin:/afs/crc.nd.edu/group/ccl/software/x86_64/redhat7/condor/current/sbin:/afs/crc.nd.edu/group/ccl/software/x86_64/redhat7/condor/current/bin:/afs/crc.nd.edu/group/ccl/software/x86_64/redhat7/cctools/current/bin:/afs/crc.nd.edu/x86_64_linux/Modules/4.5.0/bin:/opt/crc/usr/local/bin:/opt/sge/bin/lx-amd64:/usr/local/bin:/usr/bin:/usr/local/sbin:/usr/sbin:/afs/crc.nd.edu/user/c/condor/software/bin:/afs/crc.nd.edu/user/c/condor/software/sbin
MAIL=/var/spool/mail/nkremerh
PWD=/var/condor/execute/dir_3434/worker-213124-3537/t.1418
_LMFILES_=/afs/crc.nd.edu/x86_64_linux/Modules/modules/system_modules/CRC_default/1.1
SGE_EXECD_PORT=6445
EDITOR=vim
LANG=en_US.UTF-8
MODULEPATH=/afs/crc.nd.edu/x86_64_linux/Modules/modules/development_tools_and_libraries:/afs/crc.nd.edu/x86_64_linux/Modules/modules/general_software:/afs/crc.nd.edu/x86_64_linux/Modules/modules/restricted_software:/afs/crc.nd.edu/x86_64_linux/Modules/modules/system_modules:/afs/crc.nd.edu/x86_64_linux/Modules/modules/deprecated_software:/afs/crc.nd.edu/x86_64_linux/Modules/current/modulefiles
SGE_QMASTER_PORT=6444
SGE_ROOT=/opt/sge
LOADEDMODULES=CRC_default/1.1
WORK_QUEUE_SANDBOX=/var/condor/execute/dir_3434/worker-213124-3537
_CONDOR_SLOT=slot2_2
CCLPLATFORM=x86_64/redhat7
USE_SYSTEMD=true
_CONDOR_ANCESTOR_4261=3434:1594946670:4145456538
_CONDOR_LOWPORT=9100
KRB5CCNAME=FILE:/tmp/krb5cc_213124_0wTNSp
HISTCONTROL=ignoreboth:erasedups
PATH_modshare=/opt/crc/usr/local/bin:1:/opt/sge/bin/lx-amd64:1:/usr/sbin:1:/usr/bin:1:/afs/crc.nd.edu/user/c/condor/software/sbin:1:/usr/local/sbin:1:/afs/crc.nd.edu/user/c/condor/software/bin:1:/usr/local/bin:1
SHLVL=7
HOME=/afs/crc.nd.edu/user/n/nkremerh
GLOBUS_GSSAPI_NAME_COMPATIBILITY=STRICT_RFC2818
_CONDOR_ANCESTOR_3989=4261:1593343483:4184216969
_CONDOR_MACHINE_AD=/var/condor/execute/dir_3434/.machine.ad
OSTYPE=linux
DISK=18236
GREP_OPTIONS=--color=auto
GLOBUS_GSSAPI_MIN_TLS_PROTOCOL=TLS1_VERSION
MEMORY=1948
MANPATH_modshare=/usr/share/man/overrides:1:/usr/local/share/man:1:/usr/share/man:1:/opt/crc/usr/local/man:1:/opt/sge/man:1
VENDOR=unknown
BASH_ENV=/afs/crc.nd.edu/x86_64_linux/Modules/4.5.0/init/bash
PERL_LOCAL_LIB_ROOT=/afs/crc.nd.edu/user/n/nkremerh/.perl5/
_CONDOR_ANCESTOR_3434=3465:1594946671:1802231298
PYTHONPATH=/afs/crc.nd.edu/user/n/nkremerh/cctools/lib/python3.6/site-packages/
CCLHOME=/afs/crc.nd.edu/group/ccl
MACHTYPE=x86_64
LOGNAME=nkremerh
TMP=/var/condor/execute/dir_3434/worker-213124-3537/t.1418/cctools-temp-t.1418.pYrQG3
LD_LIBRARY_PATH_modshare=/opt/crc/usr/local/lib:1
MODULES_LMALTNAME_modshare=CRC_default/1.1&CRC_default/default&CRC_default:1
SSH_CONNECTION=10.17.145.58 38176 129.74.128.103 22
MODULESHOME=/afs/crc.nd.edu/x86_64_linux/Modules/4.5.0
OMP_NUM_THREADS=1
LESSOPEN=||/usr/bin/lesspipe.sh %s
GLOBUS_GSSAPI_BACKWARD_COMPATIBLE_MIC=true
GLOBUS_GSSAPI_CIPHERS=HIGH
LOADEDMODULES_modshare=CRC_default/1.1:1
_CONDOR_JOB_AD=/var/condor/execute/dir_3434/.job.ad
SGE_CLUSTER_NAME=CRC
XDG_RUNTIME_DIR=/run/user/213124
CCTOOLS=../cctools
CORES=1
_CONDOR_JOB_IWD=/var/condor/execute/dir_3434
PERL_MM_OPT=INSTALL_BASE=/afs/crc.nd.edu/user/n/nkremerh/.perl5/
GLOBUS_GSSAPI_SERVER_CIPHER_ORDER=true
BASH_FUNC_module()=() {  unset _mlshdbg;
 if [ "${MODULES_SILENT_SHELL_DEBUG:-0}" = '1' ]; then
 case "$-" in 
 *v*x*)
 set +vx;
 _mlshdbg='vx'
 ;;
 *v*)
 set +v;
 _mlshdbg='v'
 ;;
 *x*)
 set +x;
 _mlshdbg='x'
 ;;
 *)
 _mlshdbg=''
 ;;
 esac;
 fi;
 unset _mlre _mlIFS;
 if [ -n "${IFS+x}" ]; then
 _mlIFS=$IFS;
 fi;
 IFS=' ';
 for _mlv in ${MODULES_RUN_QUARANTINE:-};
 do
 if [ "${_mlv}" = "${_mlv##*[!A-Za-z0-9_]}" -a "${_mlv}" = "${_mlv#[0-9]}" ]; then
 if [ -n "`eval 'echo ${'$_mlv'+x}'`" ]; then
 _mlre="${_mlre:-}${_mlv}_modquar='`eval 'echo ${'$_mlv'}'`' ";
 fi;
 _mlrv="MODULES_RUNENV_${_mlv}";
 _mlre="${_mlre:-}${_mlv}='`eval 'echo ${'$_mlrv':-}'`' ";
 fi;
 done;
 if [ -n "${_mlre:-}" ]; then
 eval `eval ${_mlre}/usr/bin/tclsh /afs/crc.nd.edu/x86_64_linux/Modules/4.5.0/libexec/modulecmd.tcl bash '"$@"'`;
 else
 eval `/usr/bin/tclsh /afs/crc.nd.edu/x86_64_linux/Modules/4.5.0/libexec/modulecmd.tcl bash "$@"`;
 fi;
 _mlstatus=$?;
 if [ -n "${_mlIFS+x}" ]; then
 IFS=$_mlIFS;
 else
 unset IFS;
 fi;
 unset _mlre _mlv _mlrv _mlIFS;
 if [ -n "${_mlshdbg:-}" ]; then
 set -$_mlshdbg;
 fi;
 unset _mlshdbg;
 return $_mlstatus
}
BASH_FUNC_ml()=() {  module ml "$@"
}
_=/usr/bin/printenv
