19759   0.000000 libjli.so->getenv("_JAVA_LAUNCHER_DEBUG") = nil
19759   0.001792 libjli.so->getenv("_JAVA_VERSION_SET") = nil
19759   0.000772 libjli.so->fopen("/usr/lib/jvm/java-1.8.0-openjdk-1.8.0.262.b10-0.el7_8.x86_64/jre/lib/amd64/jvm.cfg", "r") = 0x55e574b6d0e0
19759   0.000819 libjli.so->getenv("JDK_ALTERNATE_VM") = nil
19759   0.000311 libjli.so->__xstat(1, "/usr/lib/jvm/java-1.8.0-openjdk-1.8.0.262.b10-0.el7_8.x86_64/jre/lib/amd64/server/libjvm.so", 0x7ffe21deb6e0) = 0
19759   0.000635 libjli.so->getenv("LD_LIBRARY_PATH") = "/afs/crc.nd.edu/group/ccl/software/x86_64/redhat7/ruby/current/lib:/afs/crc.nd.edu/group/ccl/software/x86_64/redhat7/graphviz/current/lib:/afs/crc.nd.edu/group/ccl/software/x86_64/redhat7/git/current/lib:/afs/crc.nd.edu/group/ccl/software/x86_64/redhat7/condor/current/lib:/afs/crc.nd.edu/group/ccl/software/x86_64/redhat7/clang/current/lib:/afs/crc.nd.edu/group/ccl/software/x86_64/redhat7/condor/current/lib:/afs/crc.nd.edu/group/ccl/software/x86_64/redhat7/cctools/current/lib:/opt/crc/usr/local/lib"
19759   0.002225 libjli.so->dlopen("/usr/lib/jvm/java-1.8.0-openjdk-1.8.0.262.b10-0.el7_8.x86_64/jre/lib/amd64/server/libjvm.so", 258 <unfinished ...>
19759   0.039103 libjvm.so->getenv("NMT_LEVEL_19759") = nil
19759   0.001885 <... dlopen resumed> )          = 0x55e574b6d4b0
19759   0.000076 libjli.so->getenv("CLASSPATH")  = nil
19759   0.000321 libjli.so->getenv("_JAVA_SPLASH_JAR") = nil
19759   0.000315 libjli.so->getenv("_JAVA_SPLASH_FILE") = nil
19759   0.000307 libjli.so->pthread_attr_setdetachstate(0x7ffe21deb690, 0, 0x7ffe21deb720, 0) = 0
19759   0.000558 libpthread.so.0->__clone(0x2b142d8c6de0, 0x2b142d7d9fc0, 0x3d0f00, 0x2b142d7da700) = 0x4d34
19764   0.001958 libjvm.so->dlopen(0x2b142f0a59ae, 1, 0xfffffffffff42c48, 4096) = 0x2b1430000990
19764   0.002415 libjvm.so->getenv(0x2b142f0c083e, 0, 115, 0x65737361) = 0x7ffe21df26c2
19764   0.000584 libjvm.so->fopen(0x2b142d7d8c10, 0x2b142f05cccb, 0x6f732e79666972, 0x2b142e19eab0) = 0x2b1430001440
19764   0.001477 libjvm.so->dlopen(0x2b142d7d8c10, 1, 0xffffffff, 0x2b1430002b00) = 0x2b1430001440
19764   0.001471 libjvm.so->fopen(0x2b142d7d8c10, 0x2b142f05cccb, 111, 0x732e6176) = 0x2b1430001b10
19764   0.001687 libjvm.so->dlopen(0x2b142d7d8c10, 1, 0xffffffff, 0x2b1430001a00) = 0x2b1430001b10
19764   0.001509 libjvm.so->__xstat(1, 0x2b142d7d9360, 0x2b142d7d9ba0, 0x746f7073746f682e) = -1
19764   0.000447 libjvm.so->getenv(0x2b142f055541, 0x2b142d7d96d0, 1024, 0x2b142f50f61b) = 0
19764   0.000438 libjvm.so->getenv(0x2b142f055533, 0x2b142d7d96d0, 1024, 0) = 0
19764   0.000418 libjvm.so->fopen(0x2b142f0a5315, 0x2b142f05cccb, 4095, 0xffffd4ebd0faab03) = 0x2b14300032f0
19764   0.001043 libjvm.so->fopen(0x2b142f0a5361, 0x2b142f05cccb, 0x2b1430000078, 0x2b14300032e0) = 0x2b14300032f0
19764   0.000845 libjvm.so->fopen(0x2b142d7d39b0, 0x2b142f05cccb, 4014, 3995) = 0x2b14300032f0
19764   0.000649 libjvm.so->opendir(0x2b1430002b40, 0x2b1430002b40, 13, 16) = 0
19764   0.000454 libjvm.so->__xstat(1, 0x2b142d7d88f0, 0x2b142d7d7860, 0x6f732e7477616d62) = -1
19764   0.000641 libjvm.so->__xstat(1, 0x2b142d7d88f0, 0x2b142d7d7860, 0x5f74776162696c2f) = 0
19764   0.000634 libjvm.so->fopen(0x2b142d7d7b90, 0x2b142f05cccb, 4009, 3994) = 0x2b14300037d0
19764   0.000702 libjvm.so->fopen(0x2b142d7d7b90, 0x2b142f05cccb, 4009, 3994) = 0x2b14300037d0
19764   0.000813 libjvm.so->fopen(0x2b142d7d7b90, 0x2b142f05cccb, 4009, 4002) = 0x2b14300037d0
19764   0.000784 libjvm.so->fopen(0x2b142d7d7b20, 0x2b142f05cccb, 4009, 3994) = 0x2b14300037d0
19764   0.001002 libjvm.so->fopen(0x2b142d7d7b20, 0x2b142f05cccb, 4009, 3994) = 0x2b14300037d0
19764   0.000664 libjvm.so->fopen(0x2b142d7d7b20, 0x2b142f05cccb, 4009, 4002) = 0x2b14300037d0
19764   0.000706 libjvm.so->fopen(0x2b142d7d7b50, 0x2b142f05cccb, 4014, 3995) = 0x2b14300037d0
19764   0.000908 libjvm.so->getenv(0x2b142f0a60ff, 4096, 3, -1) = 0
19764   0.000984 libjvm.so->fopen(0x2b142f0a5998, 0x2b142f05cccb, 0x2b142d8bd908, 0x2b142d8bcdf0) = 0x2b14300037d0
19764   0.004978 libjvm.so->open(0x2b143004a5c0, 0x20000, 0, 0x2b143004a609) = 3
19764   0.000455 libjvm.so->__fxstat(1, 3, 0x2b142d7d9a00, -1) = 0
19764   0.000486 libjvm.so->opendir(0x2b143004a5c0, 0x2b142d7d9a00, 0x4000, -1) = 0x2b143004b4d0
19764   0.000461 libjvm.so->__fxstat(1, 3, 0x2b142d7d98a0, 0x2b143004b4d0) = 0
19764   0.000473 libjvm.so->__fxstat(1, 5, 0x2b142d7d9930, -1) = 0
19764   0.000476 libjvm.so->open(0x2b142f0739dc, 0, 0, 0) = 3
19764   0.000687 libjvm.so->__lxstat(1, 0x2b143004a5c0, 0x2b142d7d9b50, -144) = 0
19764   0.000477 libjvm.so->open(0x2b143004a5c0, 0x20000, 0x4000, -1) = 3
19764   0.000432 libjvm.so->__fxstat(1, 3, 0x2b142d7d9a00, -1) = 0
19764   0.000480 libjvm.so->opendir(0x2b143004a5c0, 0x2b142d7d9a00, 0x4000, -1) = 0x2b143004b4d0
19764   0.000488 libjvm.so->__fxstat(1, 3, 0x2b142d7d98a0, 0x2b143004b4d0) = 0
19764   0.000432 libjvm.so->__fxstat(1, 5, 0x2b142d7d9930, -1) = 0
19764   0.000494 libjvm.so->open(0x2b142f0739dc, 0, 0, 0) = 3
19764   0.000515 libjvm.so->open(0x2b143004a609, 0x20042, 384, -1) = 7
19764   0.000625 libjvm.so->__fxstat(1, 7, 0x2b142d7d9b50, -1) = 0
19764   0.001790 libjvm.so->fopen(0x2b142d7d8b60, 0x2b142f05cccb, 4, 0x6f732e70) = 0x2b1430057c20
19764   0.001649 libjvm.so->dlopen(0x2b142d7d8b60, 1, 0xffffffff, 0x2b1430057b00) = 0x2b1430057c20
19764   0.001971 libjvm.so->__xstat(1, 0x2b142d7d9120, 0x2b142d7d9950, 2048) = 0
19764   0.000510 libjvm.so->__xstat(1, 0x2b142d7d9120, 0x2b142d7d9950, 2048) = 0
19764   0.000691 libjvm.so->__xstat(1, 0x2b142d7d9120, 0x2b142d7d9950, 2048) = -1
19764   0.000498 libjvm.so->__xstat(1, 0x2b142d7d9120, 0x2b142d7d9950, 2048) = 0
19764   0.000511 libjvm.so->__xstat(1, 0x2b142d7d9120, 0x2b142d7d9950, 2048) = 0
19764   0.000497 libjvm.so->__xstat(1, 0x2b142d7d9120, 0x2b142d7d9950, 2048) = 0
19764   0.000598 libjvm.so->__xstat(1, 0x2b142d7d9120, 0x2b142d7d9950, 2048) = 0
19764   0.000641 libjvm.so->__xstat(1, 0x2b142d7d9120, 0x2b142d7d9950, 2048) = -1
19764   0.000538 libjvm.so->fopen(0x2b1430002520, 0x2b142f05cccb, 0, 0) = 0x2b1430058ac0
19764   0.011333 libjvm.so->open64(0x2b142d7d8410, 0, 0, 16) = 3
19764   0.000775 libjvm.so->__fxstat64(1, 3, 0x2b142d7d8240, -1) = 0
19764   0.036670 libjvm.so->__xstat(1, 0x2b142d7d8f20, 0x2b142d7d9750, 2048) = -1
19764   0.000670 libjvm.so->fopen(0x2b142d7d7b20, 0x2b142f05cccb, 4009, 3994) = 0x2b14300b5d40
19764   0.000709 libjvm.so->fopen(0x2b142d7d7b20, 0x2b142f05cccb, 4009, 3994) = 0x2b14300b5d40
19764   0.000612 libjvm.so->fopen(0x2b142d7d7b20, 0x2b142f05cccb, 4009, 4002) = 0x2b14300b5d40
19764   0.004321 libjvm.so->pthread_attr_setdetachstate(0x2b142d7d9c00, 1, 0, 0) = 0
19764   0.000601 libpthread.so.0->__clone(0x2b142d8c6de0, 0x2b1446169fc0, 0x3d0f00, 0x2b144616a700) = 0x4d3d
19764   0.015838 libjvm.so->pthread_attr_setdetachstate(0x2b142d7d9290, 1, 0, 0) = 0
19764   0.000678 libpthread.so.0->__clone(0x2b142d8c6de0, 0x2b144626afc0, 0x3d0f00, 0x2b144626b700) = 0x4d3e
19764   0.006998 libjvm.so->pthread_attr_setdetachstate(0x2b142d7d9610, 1, 0, 0) = 0
19764   0.000831 libpthread.so.0->__clone(0x2b142d8c6de0, 0x2b144636bfc0, 0x3d0f00, 0x2b144636c700) = 0x4d3f
19764   0.041929 libjvm.so->fopen(0x2b14300f17f0, 0x2b142f05cccb, 4, 0x6f732e70) = 0x2b14300f1cf0
19764   0.001984 libjvm.so->dlopen(0x2b14300f17f0, 1, 0xffffffff, 0x2b14300e8c00) = 0x2b1430057c20
19764   0.005016 libjvm.so->open64(0x2b142d7d8510, 0, 0, 16) = 5
19764   0.000911 libjvm.so->__fxstat64(1, 5, 0x2b142d7d8340, -1) = 0
19764   0.020811 libjvm.so->fopen(0x2b142d7d5130, 0x2b142f05cccb, 4009, 3994) = 0x2b14300fccc0
19764   0.001115 libjvm.so->fopen(0x2b142d7d5130, 0x2b142f05cccb, 4009, 3994) = 0x2b14300fccc0
19764   0.001059 libjvm.so->fopen(0x2b142d7d5130, 0x2b142f05cccb, 4009, 4002) = 0x2b14300fccc0
19764   0.016099 libjvm.so->pthread_attr_setdetachstate(0x2b142d7d9b50, 1, 0, 0) = 0
19764   0.000947 libpthread.so.0->__clone(0x2b142d8c6de0, 0x2b144646cfc0, 0x3d0f00, 0x2b144646d700) = 0x4d40
19764   0.001454 libjvm.so->__xstat64(1, 0x2b142d7d9be0, 0x2b142d7d9b50, 19) = -1
19764   0.001152 libjvm.so->pthread_attr_setdetachstate(0x2b142d7d9950, 1, 0, 0) = 0
19764   0.001110 libpthread.so.0->__clone(0x2b142d8c6de0, 0x2b144656dfc0, 0x3d0f00, 0x2b144656e700) = 0x4d41
19764   0.001967 libjvm.so->pthread_attr_setdetachstate(0x2b142d7d9950, 1, 0, 0) = 0
19764   0.001810 libpthread.so.0->__clone(0x2b142d8c6de0, 0x2b144666efc0, 0x3d0f00, 0x2b144666f700) = 0x4d42
19764   0.012301 libjvm.so->pthread_attr_setdetachstate(0x2b142d7d9aa0, 1, 0, 0) = 0
19764   0.001532 libpthread.so.0->__clone(0x2b142d8c6de0, 0x2b144676ffc0, 0x3d0f00, 0x2b1446770700) = 0x4d43
19764   0.002143 libjvm.so->pthread_attr_setdetachstate(0x2b142d7d9bb0, 1, 0, 0) = 0
19764   0.001650 libpthread.so.0->__clone(0x2b142d8c6de0, 0x2b1446870fc0, 0x3d0f00, 0x2b1446871700) = 0x4d44
19764   0.019372 libjvm.so->open64(0x2b14301208a0, 0, 0, 32) = 7
19764   0.001736 libjvm.so->__fxstat64(1, 7, 0x2b142d7d6f60, -1) = 0
19764   0.027358 libjvm.so->fopen(0x2b143014c840, 0x2b142f05cccb, 4, 0x6f732e6f) = 0x2b143014c900
19764   0.003384 libjvm.so->dlopen(0x2b143014c840, 1, 0xffffffff, 0x2b143014c800) = 0x2b143014c900
19764   0.106937 libjvm.so->fopen(0x2b142d7d3e40, 0x2b142f05cccb, 0x6f732e, 0x6d766a62696c2f72) = 0x2b1430161ed0
19764   0.009456 libjvm.so->dlopen(0x2b142d7d3e40, 1, 0xffffffff, 0x2b1430161e00) = 0x55e574b6d4b0
19764   0.001708 libjvm.so->fopen(0x2b142d7d3e40, 0x2b142f05cccb, 0x6f732e, 0x6d766a62696c2f72) = 0x2b14301622d0
19764   0.005378 libjvm.so->dlopen(0x2b142d7d3e40, 1, 0xffffffff, 0x2b1430161e00) = 0x55e574b6d4b0
19764   0.001719 libjvm.so->fopen(0x2b142d7d3e40, 0x2b142f05cccb, 0x6f732e, 0x6d766a62696c2f72) = 0x2b1430161ed0
19764   0.004164 libjvm.so->dlopen(0x2b142d7d3e40, 1, 0xffffffff, 0x2b1430161e00) = 0x55e574b6d4b0
19764   0.001732 libjvm.so->fopen(0x2b142d7d3e40, 0x2b142f05cccb, 0x6f732e, 0x6d766a62696c2f72) = 0x2b1430161ed0
19764   0.003831 libjvm.so->dlopen(0x2b142d7d3e40, 1, 0xffffffff, 0x2b1430161e00) = 0x55e574b6d4b0
19764   0.048644 libjvm.so->fopen(0x2b143019f490, 0x2b142f05cccb, 4, 0x6f732e74) = 0x2b14301ad360
19764   0.002997 libjvm.so->dlopen(0x2b143019f490, 1, 0xffffffff, 0x2b1430195800) = 0x2b14301ad360
19764   0.153018 libjvm.so->fopen(0x2b14302005a0, 0x2b142f05cccb, 0x6f732e7373656c, 0x656c646165685f74) = 0x2b1430200680
19764   0.002837 libjvm.so->dlopen(0x2b14302005a0, 1, 0xffffffff, 0x2b1430200600) = 0x2b1430200680
19780   0.039750 +++ exited (status 0) +++
19773   0.000720 +++ exited (status 0) +++
19764   0.000196 +++ exited (status 0) +++
19778   0.000264 +++ exited (status 1) +++
19777   0.000021 +++ exited (status 1) +++
19776   0.000019 +++ exited (status 1) +++
19775   0.000015 +++ exited (status 1) +++
19774   0.000013 +++ exited (status 1) +++
19779   0.005483 +++ exited (status 1) +++
19759   0.000051 +++ exited (status 1) +++
Wrote an ltrace for command: "java -cp ./tools/maxent.jar density.Project outputs/Eueretagrotis_sigmoides_Guen/Eueretagrotis_sigmoides_Guen.lambdas data/layers/worldclim outputs/Eueretagrotis_sigmoides_Guen_worldclim.asc nowarnings nocache autorun -z" with PID 19753 from PPID 19731 on disc20.crc.nd.edu with result 1
REMOTEHOST=10.17.150.200
_CONDOR_JOB_PIDS=
MANPATH=/afs/crc.nd.edu/user/n/nkremerh/cctools/share/man/:/afs/crc.nd.edu/group/ccl/software/x86_64/redhat7/ruby/current/share/man:/afs/crc.nd.edu/group/ccl/software/x86_64/redhat7/graphviz/current/share/man:/afs/crc.nd.edu/group/ccl/software/x86_64/redhat7/gnuplot/current/share/man:/afs/crc.nd.edu/group/ccl/software/x86_64/redhat7/git/current/share/man:/afs/crc.nd.edu/group/ccl/software/x86_64/redhat7/condor/current/share/man:/afs/crc.nd.edu/group/ccl/software/x86_64/redhat7/clang/current/share/man:/afs/crc.nd.edu/group/ccl/software/x86_64/redhat7/condor/current/share/man:/afs/crc.nd.edu/group/ccl/software/x86_64/redhat7/cctools/current/share/man:/afs/crc.nd.edu/group/ccl/software/x86_64/redhat7/cctools/current/share/man:/afs/crc.nd.edu/x86_64_linux/Modules/4.5.0/share/man:/opt/crc/usr/local/man:/opt/sge/man:/usr/share/man/overrides:/usr/share/man:/usr/local/share/man
XDG_SESSION_ID=5195
HOSTNAME=disc01.crc.nd.edu
_LMFILES__modshare=/afs/crc.nd.edu/x86_64_linux/Modules/modules/system_modules/CRC_default/1.1:1
_CONDOR_ANCESTOR_3560=6167:1600703217:3669882799
MODULEPATH_modshare=/afs/crc.nd.edu/x86_64_linux/Modules/modules/general_software:1:/afs/crc.nd.edu/x86_64_linux/Modules/modules/development_tools_and_libraries:1:/afs/crc.nd.edu/x86_64_linux/Modules/modules/system_modules:1:/afs/crc.nd.edu/x86_64_linux/Modules/current/modulefiles:1:/afs/crc.nd.edu/x86_64_linux/Modules/modules/restricted_software:1:/afs/crc.nd.edu/x86_64_linux/Modules/modules/deprecated_software:1
MODULES_CMD=/afs/crc.nd.edu/x86_64_linux/Modules/4.5.0/libexec/modulecmd.tcl
HOST=disc01.crc.nd.edu
SHELL=/bin/tcsh
TERM=xterm-256color
MAKEFLAGS=
HISTSIZE=5000
TMPDIR=/var/condor/execute/dir_6167/worker-213124-6262/t.1577/cctools-temp-t.1577.Z30fy7
SSH_CLIENT=10.17.150.200 39500 22
PERL5LIB=/afs/crc.nd.edu/user/n/nkremerh/cctools/lib/perl5/site_perl/5.16.3:/afs/crc.nd.edu/user/n/nkremerh/.perl5/lib/perl5
SGE_CELL=crc
_CONDOR_ANCESTOR_3197=3560:1598183979:2962516177
_CONDOR_SCRATCH_DIR=/var/condor/execute/dir_6167
PERL_MB_OPT=--install_base '/afs/crc.nd.edu/user/n/nkremerh/.perl5/'
SSH_TTY=/dev/pts/0
SGE_LOAD_AVG=load_avg
MAKEFLOW_MAX_LOCAL_JOBS=2
HISTFILESIZE=10000
_CHIRP_DELAYED_UPDATE_PREFIX=Chirp*
USER=nkremerh
GROUP=campus
LD_LIBRARY_PATH=/afs/crc.nd.edu/group/ccl/software/x86_64/redhat7/ruby/current/lib:/afs/crc.nd.edu/group/ccl/software/x86_64/redhat7/graphviz/current/lib:/afs/crc.nd.edu/group/ccl/software/x86_64/redhat7/git/current/lib:/afs/crc.nd.edu/group/ccl/software/x86_64/redhat7/condor/current/lib:/afs/crc.nd.edu/group/ccl/software/x86_64/redhat7/clang/current/lib:/afs/crc.nd.edu/group/ccl/software/x86_64/redhat7/condor/current/lib:/afs/crc.nd.edu/group/ccl/software/x86_64/redhat7/cctools/current/lib:/opt/crc/usr/local/lib
TEMP=/var/condor/execute/dir_6167/worker-213124-6262/t.1577/cctools-temp-t.1577.Z30fy7
BATCH_SYSTEM=HTCondor
WORKER_TMPDIR=/var/condor/execute/dir_6167/worker-213124-6262/cache/tmp
ENV=/afs/crc.nd.edu/x86_64_linux/Modules/4.5.0/init/profile.sh
MODULES_LMALTNAME=CRC_default/1.1&CRC_default/default&CRC_default
_CONDOR_CHIRP_CONFIG=/var/condor/execute/dir_6167/.chirp.config
GLOBUS_GSSAPI_MAX_TLS_PROTOCOL=0
_CONDOR_HIGHPORT=9999
HOSTTYPE=x86_64-linux
MAKELEVEL=1
MFLAGS=
CCLSOFTWARE=/afs/crc.nd.edu/group/ccl/software/x86_64/redhat7
PATH=/afs/crc.nd.edu/user/n/nkremerh/cctools/bin:/afs/crc.nd.edu/user/n/nkremerh/miniconda/bin:/afs/crc.nd.edu/group/ccl/software/git:/afs/crc.nd.edu/user/n/nkremerh/.local/bin:/afs/crc.nd.edu/group/ccl/software/x86_64/redhat7/povray/3.7/bin:/afs/crc.nd.edu/user/n/nkremerh/.perl5/bin:/afs/crc.nd.edu/user/n/nkremerh/pegasus/bin:/afs/crc.nd.edu/user/n/nkremerh/nodejs/bin:/afs/crc.nd.edu/user/n/nkremerh/montage/bin:/afs/crc.nd.edu/user/n/nkremerh/latexdiff:/afs/crc.nd.edu/user/n/nkremerh/envtrace:/afs/crc.nd.edu/user/n/nkremerh/endlines:/afs/crc.nd.edu/user/n/nkremerh/cctools/bin:/afs/crc.nd.edu/user/n/nkremerh/.cargo/bin:/afs/crc.nd.edu/group/ccl/software/x86_64/redhat7/ruby/current/bin:/afs/crc.nd.edu/group/ccl/software/x86_64/redhat7/graphviz/current/bin:/afs/crc.nd.edu/group/ccl/software/x86_64/redhat7/gnuplot/current/bin:/afs/crc.nd.edu/group/ccl/software/x86_64/redhat7/git/current/bin:/afs/crc.nd.edu/group/ccl/software/x86_64/redhat7/condor/current/sbin:/afs/crc.nd.edu/group/ccl/software/x86_64/redhat7/condor/current/bin:/afs/crc.nd.edu/group/ccl/software/x86_64/redhat7/cmake/current/bin:/afs/crc.nd.edu/group/ccl/software/x86_64/redhat7/clang/current/bin:/afs/crc.nd.edu/group/ccl/software/x86_64/redhat7/condor/current/sbin:/afs/crc.nd.edu/group/ccl/software/x86_64/redhat7/condor/current/bin:/afs/crc.nd.edu/group/ccl/software/x86_64/redhat7/cctools/current/bin:/afs/crc.nd.edu/x86_64_linux/Modules/4.5.0/bin:/opt/crc/usr/local/bin:/opt/sge/bin/lx-amd64:/usr/local/bin:/usr/bin:/usr/local/sbin:/usr/sbin:/afs/crc.nd.edu/user/c/condor/software/bin:/afs/crc.nd.edu/user/c/condor/software/sbin
MAIL=/var/spool/mail/nkremerh
PWD=/var/condor/execute/dir_6167/worker-213124-6262/t.1577
_LMFILES_=/afs/crc.nd.edu/x86_64_linux/Modules/modules/system_modules/CRC_default/1.1
SGE_EXECD_PORT=6445
EDITOR=vim
LANG=en_US.UTF-8
MODULEPATH=/afs/crc.nd.edu/x86_64_linux/Modules/modules/development_tools_and_libraries:/afs/crc.nd.edu/x86_64_linux/Modules/modules/general_software:/afs/crc.nd.edu/x86_64_linux/Modules/modules/restricted_software:/afs/crc.nd.edu/x86_64_linux/Modules/modules/system_modules:/afs/crc.nd.edu/x86_64_linux/Modules/modules/deprecated_software:/afs/crc.nd.edu/x86_64_linux/Modules/current/modulefiles
SGE_QMASTER_PORT=6444
SGE_ROOT=/opt/sge
LOADEDMODULES=CRC_default/1.1
WORK_QUEUE_SANDBOX=/var/condor/execute/dir_6167/worker-213124-6262
_CONDOR_SLOT=slot2_2
CCLPLATFORM=x86_64/redhat7
USE_SYSTEMD=true
_CONDOR_LOWPORT=9100
KRB5CCNAME=FILE:/tmp/krb5cc_213124_6nLDKQ
HISTCONTROL=ignoreboth:erasedups
PATH_modshare=/opt/crc/usr/local/bin:1:/opt/sge/bin/lx-amd64:1:/usr/sbin:1:/usr/bin:1:/afs/crc.nd.edu/user/c/condor/software/sbin:1:/usr/local/sbin:1:/afs/crc.nd.edu/user/c/condor/software/bin:1:/usr/local/bin:1
SHLVL=7
HOME=disc01.crc.nd.edu
GLOBUS_GSSAPI_NAME_COMPATIBILITY=STRICT_RFC2818
_CONDOR_MACHINE_AD=/var/condor/execute/dir_6167/.machine.ad
OSTYPE=linux
DISK=18235
GREP_OPTIONS=--color=auto
GLOBUS_GSSAPI_MIN_TLS_PROTOCOL=TLS1_VERSION
MEMORY=1948
_CONDOR_ANCESTOR_6167=6231:1600703219:3527723001
MANPATH_modshare=/usr/share/man/overrides:1:/usr/local/share/man:1:/usr/share/man:1:/opt/crc/usr/local/man:1:/opt/sge/man:1
VENDOR=unknown
BASH_ENV=/afs/crc.nd.edu/x86_64_linux/Modules/4.5.0/init/bash
PERL_LOCAL_LIB_ROOT=/afs/crc.nd.edu/user/n/nkremerh/.perl5/
PYTHONPATH=/afs/crc.nd.edu/user/n/nkremerh/cctools/lib/python3.6/site-packages/
CCLHOME=/afs/crc.nd.edu/group/ccl
MACHTYPE=x86_64
LOGNAME=nkremerh
TMP=/var/condor/execute/dir_6167/worker-213124-6262/t.1577/cctools-temp-t.1577.Z30fy7
LD_LIBRARY_PATH_modshare=/opt/crc/usr/local/lib:1
MODULES_LMALTNAME_modshare=CRC_default/1.1&CRC_default/default&CRC_default:1
SSH_CONNECTION=10.17.150.200 39500 129.74.128.103 22
MODULESHOME=/afs/crc.nd.edu/x86_64_linux/Modules/4.5.0
OMP_NUM_THREADS=1
LESSOPEN=||/usr/bin/lesspipe.sh %s
GLOBUS_GSSAPI_BACKWARD_COMPATIBLE_MIC=true
GLOBUS_GSSAPI_CIPHERS=HIGH
LOADEDMODULES_modshare=CRC_default/1.1:1
_CONDOR_JOB_AD=/var/condor/execute/dir_6167/.job.ad
SGE_CLUSTER_NAME=CRC
XDG_RUNTIME_DIR=/run/user/213124
CCTOOLS=../cctools
CORES=2
_CONDOR_JOB_IWD=/var/condor/execute/dir_6167
PERL_MM_OPT=INSTALL_BASE=/afs/crc.nd.edu/user/n/nkremerh/.perl5/
GLOBUS_GSSAPI_SERVER_CIPHER_ORDER=true
BASH_FUNC_module()=() {  unset _mlshdbg;
 if [ "${MODULES_SILENT_SHELL_DEBUG:-0}" = '1' ]; then
 case "$-" in 
 *v*x*)
 set +vx;
 _mlshdbg='vx'
 ;;
 *v*)
 set +v;
 _mlshdbg='v'
 ;;
 *x*)
 set +x;
 _mlshdbg='x'
 ;;
 *)
 _mlshdbg=''
 ;;
 esac;
 fi;
 unset _mlre _mlIFS;
 if [ -n "${IFS+x}" ]; then
 _mlIFS=$IFS;
 fi;
 IFS=' ';
 for _mlv in ${MODULES_RUN_QUARANTINE:-};
 do
 if [ "${_mlv}" = "${_mlv##*[!A-Za-z0-9_]}" -a "${_mlv}" = "${_mlv#[0-9]}" ]; then
 if [ -n "`eval 'echo ${'$_mlv'+x}'`" ]; then
 _mlre="${_mlre:-}${_mlv}_modquar='`eval 'echo ${'$_mlv'}'`' ";
 fi;
 _mlrv="MODULES_RUNENV_${_mlv}";
 _mlre="${_mlre:-}${_mlv}='`eval 'echo ${'$_mlrv':-}'`' ";
 fi;
 done;
 if [ -n "${_mlre:-}" ]; then
 eval `eval ${_mlre}/usr/bin/tclsh /afs/crc.nd.edu/x86_64_linux/Modules/4.5.0/libexec/modulecmd.tcl bash '"$@"'`;
 else
 eval `/usr/bin/tclsh /afs/crc.nd.edu/x86_64_linux/Modules/4.5.0/libexec/modulecmd.tcl bash "$@"`;
 fi;
 _mlstatus=$?;
 if [ -n "${_mlIFS+x}" ]; then
 IFS=$_mlIFS;
 else
 unset IFS;
 fi;
 unset _mlre _mlv _mlrv _mlIFS;
 if [ -n "${_mlshdbg:-}" ]; then
 set -$_mlshdbg;
 fi;
 unset _mlshdbg;
 return $_mlstatus
}
BASH_FUNC_ml()=() {  module ml "$@"
}
_=/usr/bin/printenv
