8899   0.000000 libjli.so->getenv("_JAVA_LAUNCHER_DEBUG") = nil
8899   0.001856 libjli.so->getenv("_JAVA_VERSION_SET") = nil
8899   0.000785 libjli.so->fopen("/usr/lib/jvm/java-1.8.0-openjdk-1.8.0.262.b10-0.el7_8.x86_64/jre/lib/amd64/jvm.cfg", "r") = 0x55cfd2eaa0e0
8899   0.000992 libjli.so->getenv("JDK_ALTERNATE_VM") = nil
8899   0.000380 libjli.so->__xstat(1, "/usr/lib/jvm/java-1.8.0-openjdk-1.8.0.262.b10-0.el7_8.x86_64/jre/lib/amd64/server/libjvm.so", 0x7fff7434b840) = 0
8899   0.000719 libjli.so->getenv("LD_LIBRARY_PATH") = "/afs/crc.nd.edu/group/ccl/software/x86_64/redhat7/ruby/current/lib:/afs/crc.nd.edu/group/ccl/software/x86_64/redhat7/graphviz/current/lib:/afs/crc.nd.edu/group/ccl/software/x86_64/redhat7/git/current/lib:/afs/crc.nd.edu/group/ccl/software/x86_64/redhat7/condor/current/lib:/afs/crc.nd.edu/group/ccl/software/x86_64/redhat7/clang/current/lib:/afs/crc.nd.edu/group/ccl/software/x86_64/redhat7/condor/current/lib:/afs/crc.nd.edu/group/ccl/software/x86_64/redhat7/cctools/current/lib:/opt/crc/usr/local/lib"
8899   0.002319 libjli.so->dlopen("/usr/lib/jvm/java-1.8.0-openjdk-1.8.0.262.b10-0.el7_8.x86_64/jre/lib/amd64/server/libjvm.so", 258 <unfinished ...>
8899   0.042853 libjvm.so->getenv("NMT_LEVEL_8899") = nil
8899   0.001700 <... dlopen resumed> )           = 0x55cfd2eaa4b0
8899   0.000077 libjli.so->getenv("CLASSPATH")   = nil
8899   0.000674 libjli.so->getenv("_JAVA_SPLASH_JAR") = nil
8899   0.000358 libjli.so->getenv("_JAVA_SPLASH_FILE") = nil
8899   0.000366 libjli.so->pthread_attr_setdetachstate(0x7fff7434b7f0, 0, 0x7fff7434b880, 0) = 0
8899   0.000543 libpthread.so.0->__clone(0x2ae7ebab2de0, 0x2ae7eb9c5fc0, 0x3d0f00, 0x2ae7eb9c6700) = 8900
8900   0.002061 libjvm.so->dlopen(0x2ae7ed2919ae, 1, 0xfffffffffff42c48, 4096) = 0x2ae7f0000990
8900   0.002904 libjvm.so->getenv(0x2ae7ed2ac83e, 0, 115, 0x65737361) = 0x7fff74351653
8900   0.000459 libjvm.so->fopen(0x2ae7eb9c4c10, 0x2ae7ed248ccb, 0x6f732e79666972, 0x2ae7ec38aab0) = 0x2ae7f0001440
8900   0.001592 libjvm.so->dlopen(0x2ae7eb9c4c10, 1, 0xffffffff, 0x2ae7f0002b00) = 0x2ae7f0001440
8900   0.002948 libjvm.so->fopen(0x2ae7eb9c4c10, 0x2ae7ed248ccb, 111, 0x732e6176) = 0x2ae7f0001b10
8900   0.002513 libjvm.so->dlopen(0x2ae7eb9c4c10, 1, 0xffffffff, 0x2ae7f0001a00) = 0x2ae7f0001b10
8900   0.007830 libjvm.so->__xstat(1, 0x2ae7eb9c5360, 0x2ae7eb9c5ba0, 0x746f7073746f682e) = -1
8900   0.000822 libjvm.so->getenv(0x2ae7ed241541, 0x2ae7eb9c56d0, 1024, 0x2ae7ed6fb61b) = 0
8900   0.000533 libjvm.so->getenv(0x2ae7ed241533, 0x2ae7eb9c56d0, 1024, 0) = 0
8900   0.000535 libjvm.so->fopen(0x2ae7ed291315, 0x2ae7ed248ccb, 4095, 0xffffd51812dbeb03) = 0x2ae7f00032d0
8900   0.001209 libjvm.so->fopen(0x2ae7ed291361, 0x2ae7ed248ccb, 0x2ae7f0000078, 0x2ae7f00032c0) = 0x2ae7f00032d0
8900   0.000810 libjvm.so->fopen(0x2ae7eb9bf9b0, 0x2ae7ed248ccb, 4014, 3995) = 0x2ae7f00032d0
8900   0.000758 libjvm.so->opendir(0x2ae7f0002b40, 0x2ae7f0002b40, 13, 16) = 0
8900   0.000604 libjvm.so->__xstat(1, 0x2ae7eb9c48f0, 0x2ae7eb9c3860, 0x6f732e7477616d62) = -1
8900   0.000541 libjvm.so->__xstat(1, 0x2ae7eb9c48f0, 0x2ae7eb9c3860, 0x5f74776162696c2f) = 0
8900   0.000622 libjvm.so->fopen(0x2ae7eb9c3b90, 0x2ae7ed248ccb, 4009, 3994) = 0x2ae7f00037b0
8900   0.000739 libjvm.so->fopen(0x2ae7eb9c3b90, 0x2ae7ed248ccb, 4009, 3994) = 0x2ae7f00037b0
8900   0.000730 libjvm.so->fopen(0x2ae7eb9c3b90, 0x2ae7ed248ccb, 4009, 4002) = 0x2ae7f00037b0
8900   0.000801 libjvm.so->fopen(0x2ae7eb9c3b20, 0x2ae7ed248ccb, 4009, 3994) = 0x2ae7f00037b0
8900   0.000735 libjvm.so->fopen(0x2ae7eb9c3b20, 0x2ae7ed248ccb, 4009, 3994) = 0x2ae7f00037b0
8900   0.000734 libjvm.so->fopen(0x2ae7eb9c3b20, 0x2ae7ed248ccb, 4009, 4002) = 0x2ae7f00037b0
8900   0.000741 libjvm.so->fopen(0x2ae7eb9c3b50, 0x2ae7ed248ccb, 4014, 3995) = 0x2ae7f00037b0
8900   0.000970 libjvm.so->getenv(0x2ae7ed2920ff, 4096, 3, -1) = 0
8900   0.001050 libjvm.so->fopen(0x2ae7ed291998, 0x2ae7ed248ccb, 0x2ae7ebaa9908, 0x2ae7ebaa8df0) = 0x2ae7f00037b0
8900   0.005592 libjvm.so->open(0x2ae7f004a5a0, 0x20000, 0, 0x2ae7f004a5e9) = 3
8900   0.000567 libjvm.so->__fxstat(1, 3, 0x2ae7eb9c5a00, -1) = 0
8900   0.000583 libjvm.so->opendir(0x2ae7f004a5a0, 0x2ae7eb9c5a00, 0x4000, -1) = 0x2ae7f004b4b0
8900   0.000610 libjvm.so->__fxstat(1, 3, 0x2ae7eb9c58a0, 0x2ae7f004b4b0) = 0
8900   0.000538 libjvm.so->__fxstat(1, 5, 0x2ae7eb9c5930, -1) = 0
8900   0.000586 libjvm.so->open(0x2ae7ed25f9dc, 0, 0, 0) = 3
8900   0.001472 libjvm.so->__lxstat(1, 0x2ae7f004a5a0, 0x2ae7eb9c5b50, -144) = 0
8900   0.000608 libjvm.so->open(0x2ae7f004a5a0, 0x20000, 0x4000, -1) = 3
8900   0.000636 libjvm.so->__fxstat(1, 3, 0x2ae7eb9c5a00, -1) = 0
8900   0.000566 libjvm.so->opendir(0x2ae7f004a5a0, 0x2ae7eb9c5a00, 0x4000, -1) = 0x2ae7f004b4b0
8900   0.000569 libjvm.so->__fxstat(1, 3, 0x2ae7eb9c58a0, 0x2ae7f004b4b0) = 0
8900   0.000571 libjvm.so->__fxstat(1, 5, 0x2ae7eb9c5930, -1) = 0
8900   0.000598 libjvm.so->open(0x2ae7ed25f9dc, 0, 0, 0) = 3
8900   0.000580 libjvm.so->open(0x2ae7f004a5e9, 0x20042, 384, -1) = 7
8900   0.001418 libjvm.so->__fxstat(1, 7, 0x2ae7eb9c5b50, -1) = 0
8900   0.004934 libjvm.so->fopen(0x2ae7eb9c4b60, 0x2ae7ed248ccb, 4, 0x6f732e70) = 0x2ae7f0057c00
8900   0.002236 libjvm.so->dlopen(0x2ae7eb9c4b60, 1, 0xffffffff, 0x2ae7f0057b00) = 0x2ae7f0057c00
8900   0.001552 libjvm.so->__xstat(1, 0x2ae7eb9c5120, 0x2ae7eb9c5950, 2048) = 0
8900   0.000447 libjvm.so->__xstat(1, 0x2ae7eb9c5120, 0x2ae7eb9c5950, 2048) = 0
8900   0.000458 libjvm.so->__xstat(1, 0x2ae7eb9c5120, 0x2ae7eb9c5950, 2048) = -1
8900   0.000433 libjvm.so->__xstat(1, 0x2ae7eb9c5120, 0x2ae7eb9c5950, 2048) = 0
8900   0.000432 libjvm.so->__xstat(1, 0x2ae7eb9c5120, 0x2ae7eb9c5950, 2048) = 0
8900   0.000449 libjvm.so->__xstat(1, 0x2ae7eb9c5120, 0x2ae7eb9c5950, 2048) = 0
8900   0.000434 libjvm.so->__xstat(1, 0x2ae7eb9c5120, 0x2ae7eb9c5950, 2048) = 0
8900   0.000451 libjvm.so->__xstat(1, 0x2ae7eb9c5120, 0x2ae7eb9c5950, 2048) = -1
8900   0.000430 libjvm.so->fopen(0x2ae7f0002520, 0x2ae7ed248ccb, 0, 0) = 0x2ae7f0058aa0
8900   0.009039 libjvm.so->open64(0x2ae7eb9c4410, 0, 0, 16) = 3
8900   0.000489 libjvm.so->__fxstat64(1, 3, 0x2ae7eb9c4240, -1) = 0
8900   0.047798 libjvm.so->__xstat(1, 0x2ae7eb9c4f20, 0x2ae7eb9c5750, 2048) = -1
8900   0.004839 libjvm.so->fopen(0x2ae7eb9c3b20, 0x2ae7ed248ccb, 4009, 3994) = 0x2ae7f00b1fb0
8900   0.000718 libjvm.so->fopen(0x2ae7eb9c3b20, 0x2ae7ed248ccb, 4009, 3994) = 0x2ae7f00b1fb0
8900   0.000764 libjvm.so->fopen(0x2ae7eb9c3b20, 0x2ae7ed248ccb, 4009, 4002) = 0x2ae7f00b1fb0
8900   0.004196 libjvm.so->pthread_attr_setdetachstate(0x2ae7eb9c5c00, 1, 0, 0) = 0
8900   0.000496 libpthread.so.0->__clone(0x2ae7ebab2de0, 0x2ae80436afc0, 0x3d0f00, 0x2ae80436b700) = 8902
8900   0.015397 libjvm.so->pthread_attr_setdetachstate(0x2ae7eb9c5290, 1, 0, 0) = 0
8900   0.000636 libpthread.so.0->__clone(0x2ae7ebab2de0, 0x2ae80446bfc0, 0x3d0f00, 0x2ae80446c700) = 8903
8900   0.007094 libjvm.so->pthread_attr_setdetachstate(0x2ae7eb9c5610, 1, 0, 0) = 0
8900   0.000759 libpthread.so.0->__clone(0x2ae7ebab2de0, 0x2ae80456cfc0, 0x3d0f00, 0x2ae80456d700) = 8904
8900   0.040584 libjvm.so->fopen(0x2ae7f00f17f0, 0x2ae7ed248ccb, 4, 0x6f732e70) = 0x2ae7f00f1cf0
8900   0.002088 libjvm.so->dlopen(0x2ae7f00f17f0, 1, 0xffffffff, 0x2ae7f00e8c00) = 0x2ae7f0057c00
8900   0.005064 libjvm.so->open64(0x2ae7eb9c4510, 0, 0, 16) = 5
8900   0.002366 libjvm.so->__fxstat64(1, 5, 0x2ae7eb9c4340, -1) = 0
8900   0.023583 libjvm.so->fopen(0x2ae7eb9c1130, 0x2ae7ed248ccb, 4009, 3994) = 0x2ae7f00fccc0
8900   0.001191 libjvm.so->fopen(0x2ae7eb9c1130, 0x2ae7ed248ccb, 4009, 3994) = 0x2ae7f00fccc0
8900   0.001068 libjvm.so->fopen(0x2ae7eb9c1130, 0x2ae7ed248ccb, 4009, 4002) = 0x2ae7f00fccc0
8900   0.016361 libjvm.so->pthread_attr_setdetachstate(0x2ae7eb9c5b50, 1, 0, 0) = 0
8900   0.000952 libpthread.so.0->__clone(0x2ae7ebab2de0, 0x2ae80466dfc0, 0x3d0f00, 0x2ae80466e700) = 8917
8900   0.001476 libjvm.so->__xstat64(1, 0x2ae7eb9c5be0, 0x2ae7eb9c5b50, 18) = -1
8900   0.002494 libjvm.so->pthread_attr_setdetachstate(0x2ae7eb9c5950, 1, 0, 0) = 0
8900   0.002725 libpthread.so.0->__clone(0x2ae7ebab2de0, 0x2ae80476efc0, 0x3d0f00, 0x2ae80476f700) = 8923
8900   0.003379 libjvm.so->pthread_attr_setdetachstate(0x2ae7eb9c5950, 1, 0, 0) = 0
8900   0.001835 libpthread.so.0->__clone(0x2ae7ebab2de0, 0x2ae80486ffc0, 0x3d0f00, 0x2ae804870700) = 8924
8900   0.008974 libjvm.so->pthread_attr_setdetachstate(0x2ae7eb9c5aa0, 1, 0, 0) = 0
8900   0.002312 libpthread.so.0->__clone(0x2ae7ebab2de0, 0x2ae804970fc0, 0x3d0f00, 0x2ae804971700) = 8925
8900   0.003091 libjvm.so->pthread_attr_setdetachstate(0x2ae7eb9c5bb0, 1, 0, 0) = 0
8900   0.003805 libpthread.so.0->__clone(0x2ae7ebab2de0, 0x2ae804a71fc0, 0x3d0f00, 0x2ae804a72700) = 8926
8900   0.015813 libjvm.so->open64(0x2ae7f012b050, 0, 0, 16) = 7
8900   0.004155 libjvm.so->__fxstat64(1, 7, 0x2ae7eb9c2f60, -1) = 0
8900   0.031359 libjvm.so->fopen(0x2ae7f01547a0, 0x2ae7ed248ccb, 4, 0x6f732e6f) = 0x2ae7f0154860
8900   0.006847 libjvm.so->dlopen(0x2ae7f01547a0, 1, 0xffffffff, 0x2ae7f0154700) = 0x2ae7f0154860
8923   0.053093 --- SIGSEGV (Segmentation fault) ---
8900   0.122505 libjvm.so->fopen(0x2ae7f01dbf90, 0x2ae7ed248ccb, 4, 0x6f732e74) = 0x2ae7f01e5320
8900   0.004010 libjvm.so->dlopen(0x2ae7f01dbf90, 1, 0xffffffff, 0x2ae7f01cd600) = 0x2ae7f01e5320
8900   0.070047 libjvm.so->fopen(0x2ae7eb9be070, 0x2ae7ed248ccb, 0x6f732e, 0x6d766a62696c2f72) = 0x2ae7f01f9e50
8900   0.007111 libjvm.so->dlopen(0x2ae7eb9be070, 1, 0xffffffff, 0x2ae7f01f9d00) = 0x55cfd2eaa4b0
8900   0.001657 libjvm.so->fopen(0x2ae7eb9be070, 0x2ae7ed248ccb, 0x6f732e, 0x6d766a62696c2f72) = 0x2ae7f01fa2c0
8900   0.006633 libjvm.so->dlopen(0x2ae7eb9be070, 1, 0xffffffff, 0x2ae7f01f9d00) = 0x55cfd2eaa4b0
8900   0.001857 libjvm.so->fopen(0x2ae7eb9be070, 0x2ae7ed248ccb, 0x6f732e, 0x6d766a62696c2f72) = 0x2ae7f01f9ef0
8900   0.005493 libjvm.so->dlopen(0x2ae7eb9be070, 1, 0xffffffff, 0x2ae7f01f9d00) = 0x55cfd2eaa4b0
8900   0.001702 libjvm.so->fopen(0x2ae7eb9be070, 0x2ae7ed248ccb, 0x6f732e, 0x6d766a62696c2f72) = 0x2ae7f01f9ef0
8900   0.004259 libjvm.so->dlopen(0x2ae7eb9be070, 1, 0xffffffff, 0x2ae7f01f9d00) = 0x55cfd2eaa4b0
8900   0.083246 libjvm.so->fopen(0x2ae7f0238730, 0x2ae7ed248ccb, 0x6f732e7373656c, 0x656c646165685f74) = 0x2ae7f0238810
8900   0.003029 libjvm.so->dlopen(0x2ae7f0238730, 1, 0xffffffff, 0x2ae7f0238700) = 0x2ae7f0238810
8926   0.043663 +++ exited (status 0) +++
8917   0.000426 +++ exited (status 0) +++
8902   0.000323 +++ exited (status 0) +++
8900   0.000299 +++ exited (status 0) +++
8925   0.000337 +++ exited (status 1) +++
8924   0.000026 +++ exited (status 1) +++
8923   0.000032 +++ exited (status 1) +++
8903   0.000021 +++ exited (status 1) +++
8904   0.005525 +++ exited (status 1) +++
8899   0.000065 +++ exited (status 1) +++
Wrote an ltrace for command: "java -cp ./tools/maxent.jar density.Project outputs/Bombus_bellicosus_Smith/Bombus_bellicosus_Smith.lambdas data/layers/worldclim outputs/Bombus_bellicosus_Smith_worldclim.asc nowarnings nocache autorun -z" with PID 8897 from PPID 8881 on disc25.crc.nd.edu with result 1
REMOTEHOST=10.17.145.58
_CONDOR_JOB_PIDS=
MANPATH=/afs/crc.nd.edu/user/n/nkremerh/cctools/share/man/:/afs/crc.nd.edu/group/ccl/software/x86_64/redhat7/ruby/current/share/man:/afs/crc.nd.edu/group/ccl/software/x86_64/redhat7/graphviz/current/share/man:/afs/crc.nd.edu/group/ccl/software/x86_64/redhat7/gnuplot/current/share/man:/afs/crc.nd.edu/group/ccl/software/x86_64/redhat7/git/current/share/man:/afs/crc.nd.edu/group/ccl/software/x86_64/redhat7/condor/current/share/man:/afs/crc.nd.edu/group/ccl/software/x86_64/redhat7/clang/current/share/man:/afs/crc.nd.edu/group/ccl/software/x86_64/redhat7/condor/current/share/man:/afs/crc.nd.edu/group/ccl/software/x86_64/redhat7/cctools/current/share/man:/afs/crc.nd.edu/group/ccl/software/x86_64/redhat7/cctools/current/share/man:/afs/crc.nd.edu/x86_64_linux/Modules/4.5.0/share/man:/opt/crc/usr/local/man:/opt/sge/man:/usr/share/man/overrides:/usr/share/man:/usr/local/share/man
XDG_SESSION_ID=3301
HOSTNAME=disc01.crc.nd.edu
_LMFILES__modshare=/afs/crc.nd.edu/x86_64_linux/Modules/modules/system_modules/CRC_default/1.1:1
MODULEPATH_modshare=/afs/crc.nd.edu/x86_64_linux/Modules/modules/general_software:1:/afs/crc.nd.edu/x86_64_linux/Modules/modules/development_tools_and_libraries:1:/afs/crc.nd.edu/x86_64_linux/Modules/modules/system_modules:1:/afs/crc.nd.edu/x86_64_linux/Modules/current/modulefiles:1:/afs/crc.nd.edu/x86_64_linux/Modules/modules/restricted_software:1:/afs/crc.nd.edu/x86_64_linux/Modules/modules/deprecated_software:1
MODULES_CMD=/afs/crc.nd.edu/x86_64_linux/Modules/4.5.0/libexec/modulecmd.tcl
HOST=disc01.crc.nd.edu
SHELL=/bin/tcsh
TERM=xterm-256color
MAKEFLAGS=
HISTSIZE=5000
TMPDIR=/var/condor/execute/dir_3432/worker-213124-3506/t.1559/cctools-temp-t.1559.ML39qv
SSH_CLIENT=10.17.145.58 38176 22
PERL5LIB=/afs/crc.nd.edu/user/n/nkremerh/cctools/lib/perl5/site_perl/5.16.3:/afs/crc.nd.edu/user/n/nkremerh/.perl5/lib/perl5
SGE_CELL=crc
_CONDOR_SCRATCH_DIR=/var/condor/execute/dir_3432
PERL_MB_OPT=--install_base '/afs/crc.nd.edu/user/n/nkremerh/.perl5/'
SSH_TTY=/dev/pts/0
SGE_LOAD_AVG=load_avg
MAKEFLOW_MAX_LOCAL_JOBS=2
HISTFILESIZE=10000
_CHIRP_DELAYED_UPDATE_PREFIX=Chirp*
USER=nkremerh
GROUP=campus
LD_LIBRARY_PATH=/afs/crc.nd.edu/group/ccl/software/x86_64/redhat7/ruby/current/lib:/afs/crc.nd.edu/group/ccl/software/x86_64/redhat7/graphviz/current/lib:/afs/crc.nd.edu/group/ccl/software/x86_64/redhat7/git/current/lib:/afs/crc.nd.edu/group/ccl/software/x86_64/redhat7/condor/current/lib:/afs/crc.nd.edu/group/ccl/software/x86_64/redhat7/clang/current/lib:/afs/crc.nd.edu/group/ccl/software/x86_64/redhat7/condor/current/lib:/afs/crc.nd.edu/group/ccl/software/x86_64/redhat7/cctools/current/lib:/opt/crc/usr/local/lib
TEMP=/var/condor/execute/dir_3432/worker-213124-3506/t.1559/cctools-temp-t.1559.ML39qv
BATCH_SYSTEM=HTCondor
WORKER_TMPDIR=/var/condor/execute/dir_3432/worker-213124-3506/cache/tmp
ENV=/afs/crc.nd.edu/x86_64_linux/Modules/4.5.0/init/profile.sh
MODULES_LMALTNAME=CRC_default/1.1&CRC_default/default&CRC_default
_CONDOR_CHIRP_CONFIG=/var/condor/execute/dir_3432/.chirp.config
GLOBUS_GSSAPI_MAX_TLS_PROTOCOL=0
_CONDOR_HIGHPORT=9999
HOSTTYPE=x86_64-linux
MAKELEVEL=1
MFLAGS=
CCLSOFTWARE=/afs/crc.nd.edu/group/ccl/software/x86_64/redhat7
PATH=/afs/crc.nd.edu/user/n/nkremerh/cctools/bin:/afs/crc.nd.edu/user/n/nkremerh/miniconda/bin:/afs/crc.nd.edu/group/ccl/software/git:/afs/crc.nd.edu/user/n/nkremerh/.local/bin:/afs/crc.nd.edu/group/ccl/software/x86_64/redhat7/povray/3.7/bin:/afs/crc.nd.edu/user/n/nkremerh/.perl5/bin:/afs/crc.nd.edu/user/n/nkremerh/pegasus/bin:/afs/crc.nd.edu/user/n/nkremerh/nodejs/bin:/afs/crc.nd.edu/user/n/nkremerh/montage/bin:/afs/crc.nd.edu/user/n/nkremerh/latexdiff:/afs/crc.nd.edu/user/n/nkremerh/envtrace:/afs/crc.nd.edu/user/n/nkremerh/endlines:/afs/crc.nd.edu/user/n/nkremerh/cctools/bin:/afs/crc.nd.edu/user/n/nkremerh/.cargo/bin:/afs/crc.nd.edu/group/ccl/software/x86_64/redhat7/ruby/current/bin:/afs/crc.nd.edu/group/ccl/software/x86_64/redhat7/graphviz/current/bin:/afs/crc.nd.edu/group/ccl/software/x86_64/redhat7/gnuplot/current/bin:/afs/crc.nd.edu/group/ccl/software/x86_64/redhat7/git/current/bin:/afs/crc.nd.edu/group/ccl/software/x86_64/redhat7/condor/current/sbin:/afs/crc.nd.edu/group/ccl/software/x86_64/redhat7/condor/current/bin:/afs/crc.nd.edu/group/ccl/software/x86_64/redhat7/cmake/current/bin:/afs/crc.nd.edu/group/ccl/software/x86_64/redhat7/clang/current/bin:/afs/crc.nd.edu/group/ccl/software/x86_64/redhat7/condor/current/sbin:/afs/crc.nd.edu/group/ccl/software/x86_64/redhat7/condor/current/bin:/afs/crc.nd.edu/group/ccl/software/x86_64/redhat7/cctools/current/bin:/afs/crc.nd.edu/x86_64_linux/Modules/4.5.0/bin:/opt/crc/usr/local/bin:/opt/sge/bin/lx-amd64:/usr/local/bin:/usr/bin:/usr/local/sbin:/usr/sbin:/afs/crc.nd.edu/user/c/condor/software/bin:/afs/crc.nd.edu/user/c/condor/software/sbin
MAIL=/var/spool/mail/nkremerh
PWD=/var/condor/execute/dir_3432/worker-213124-3506/t.1559
_LMFILES_=/afs/crc.nd.edu/x86_64_linux/Modules/modules/system_modules/CRC_default/1.1
SGE_EXECD_PORT=6445
EDITOR=vim
LANG=en_US.UTF-8
MODULEPATH=/afs/crc.nd.edu/x86_64_linux/Modules/modules/development_tools_and_libraries:/afs/crc.nd.edu/x86_64_linux/Modules/modules/general_software:/afs/crc.nd.edu/x86_64_linux/Modules/modules/restricted_software:/afs/crc.nd.edu/x86_64_linux/Modules/modules/system_modules:/afs/crc.nd.edu/x86_64_linux/Modules/modules/deprecated_software:/afs/crc.nd.edu/x86_64_linux/Modules/current/modulefiles
SGE_QMASTER_PORT=6444
SGE_ROOT=/opt/sge
LOADEDMODULES=CRC_default/1.1
WORK_QUEUE_SANDBOX=/var/condor/execute/dir_3432/worker-213124-3506
_CONDOR_SLOT=slot2_1
CCLPLATFORM=x86_64/redhat7
USE_SYSTEMD=true
_CONDOR_ANCESTOR_4261=3432:1594946670:4145456537
_CONDOR_LOWPORT=9100
KRB5CCNAME=FILE:/tmp/krb5cc_213124_0wTNSp
HISTCONTROL=ignoreboth:erasedups
PATH_modshare=/opt/crc/usr/local/bin:1:/opt/sge/bin/lx-amd64:1:/usr/sbin:1:/usr/bin:1:/afs/crc.nd.edu/user/c/condor/software/sbin:1:/usr/local/sbin:1:/afs/crc.nd.edu/user/c/condor/software/bin:1:/usr/local/bin:1
SHLVL=7
HOME=/afs/crc.nd.edu/user/n/nkremerh
GLOBUS_GSSAPI_NAME_COMPATIBILITY=STRICT_RFC2818
_CONDOR_ANCESTOR_3989=4261:1593343483:4184216969
_CONDOR_MACHINE_AD=/var/condor/execute/dir_3432/.machine.ad
OSTYPE=linux
DISK=18236
GREP_OPTIONS=--color=auto
GLOBUS_GSSAPI_MIN_TLS_PROTOCOL=TLS1_VERSION
MEMORY=1948
MANPATH_modshare=/usr/share/man/overrides:1:/usr/local/share/man:1:/usr/share/man:1:/opt/crc/usr/local/man:1:/opt/sge/man:1
VENDOR=unknown
BASH_ENV=/afs/crc.nd.edu/x86_64_linux/Modules/4.5.0/init/bash
PERL_LOCAL_LIB_ROOT=/afs/crc.nd.edu/user/n/nkremerh/.perl5/
PYTHONPATH=/afs/crc.nd.edu/user/n/nkremerh/cctools/lib/python3.6/site-packages/
CCLHOME=/afs/crc.nd.edu/group/ccl
MACHTYPE=x86_64
LOGNAME=nkremerh
TMP=/var/condor/execute/dir_3432/worker-213124-3506/t.1559/cctools-temp-t.1559.ML39qv
LD_LIBRARY_PATH_modshare=/opt/crc/usr/local/lib:1
_CONDOR_ANCESTOR_3432=3449:1594946671:1383377506
MODULES_LMALTNAME_modshare=CRC_default/1.1&CRC_default/default&CRC_default:1
SSH_CONNECTION=10.17.145.58 38176 129.74.128.103 22
MODULESHOME=/afs/crc.nd.edu/x86_64_linux/Modules/4.5.0
OMP_NUM_THREADS=1
LESSOPEN=||/usr/bin/lesspipe.sh %s
GLOBUS_GSSAPI_BACKWARD_COMPATIBLE_MIC=true
GLOBUS_GSSAPI_CIPHERS=HIGH
LOADEDMODULES_modshare=CRC_default/1.1:1
_CONDOR_JOB_AD=/var/condor/execute/dir_3432/.job.ad
SGE_CLUSTER_NAME=CRC
XDG_RUNTIME_DIR=/run/user/213124
CCTOOLS=../cctools
CORES=1
_CONDOR_JOB_IWD=/var/condor/execute/dir_3432
PERL_MM_OPT=INSTALL_BASE=/afs/crc.nd.edu/user/n/nkremerh/.perl5/
GLOBUS_GSSAPI_SERVER_CIPHER_ORDER=true
BASH_FUNC_module()=() {  unset _mlshdbg;
 if [ "${MODULES_SILENT_SHELL_DEBUG:-0}" = '1' ]; then
 case "$-" in 
 *v*x*)
 set +vx;
 _mlshdbg='vx'
 ;;
 *v*)
 set +v;
 _mlshdbg='v'
 ;;
 *x*)
 set +x;
 _mlshdbg='x'
 ;;
 *)
 _mlshdbg=''
 ;;
 esac;
 fi;
 unset _mlre _mlIFS;
 if [ -n "${IFS+x}" ]; then
 _mlIFS=$IFS;
 fi;
 IFS=' ';
 for _mlv in ${MODULES_RUN_QUARANTINE:-};
 do
 if [ "${_mlv}" = "${_mlv##*[!A-Za-z0-9_]}" -a "${_mlv}" = "${_mlv#[0-9]}" ]; then
 if [ -n "`eval 'echo ${'$_mlv'+x}'`" ]; then
 _mlre="${_mlre:-}${_mlv}_modquar='`eval 'echo ${'$_mlv'}'`' ";
 fi;
 _mlrv="MODULES_RUNENV_${_mlv}";
 _mlre="${_mlre:-}${_mlv}='`eval 'echo ${'$_mlrv':-}'`' ";
 fi;
 done;
 if [ -n "${_mlre:-}" ]; then
 eval `eval ${_mlre}/usr/bin/tclsh /afs/crc.nd.edu/x86_64_linux/Modules/4.5.0/libexec/modulecmd.tcl bash '"$@"'`;
 else
 eval `/usr/bin/tclsh /afs/crc.nd.edu/x86_64_linux/Modules/4.5.0/libexec/modulecmd.tcl bash "$@"`;
 fi;
 _mlstatus=$?;
 if [ -n "${_mlIFS+x}" ]; then
 IFS=$_mlIFS;
 else
 unset IFS;
 fi;
 unset _mlre _mlv _mlrv _mlIFS;
 if [ -n "${_mlshdbg:-}" ]; then
 set -$_mlshdbg;
 fi;
 unset _mlshdbg;
 return $_mlstatus
}
BASH_FUNC_ml()=() {  module ml "$@"
}
_=/usr/bin/printenv
