1188   0.000000 libjli.so->getenv("_JAVA_LAUNCHER_DEBUG") = nil
1188   0.001807 libjli.so->getenv("_JAVA_VERSION_SET") = nil
1188   0.000772 libjli.so->fopen("/usr/lib/jvm/java-1.8.0-openjdk-1.8.0.262.b10-0.el7_8.x86_64/jre/lib/amd64/jvm.cfg", "r") = 0x5583671d60f0
1188   0.000815 libjli.so->getenv("JDK_ALTERNATE_VM") = nil
1188   0.000320 libjli.so->__xstat(1, "/usr/lib/jvm/java-1.8.0-openjdk-1.8.0.262.b10-0.el7_8.x86_64/jre/lib/amd64/server/libjvm.so", 0x7ffcccd64b10) = 0
1188   0.000614 libjli.so->getenv("LD_LIBRARY_PATH") = "/afs/crc.nd.edu/group/ccl/software/x86_64/redhat7/ruby/current/lib:/afs/crc.nd.edu/group/ccl/software/x86_64/redhat7/graphviz/current/lib:/afs/crc.nd.edu/group/ccl/software/x86_64/redhat7/git/current/lib:/afs/crc.nd.edu/group/ccl/software/x86_64/redhat7/condor/current/lib:/afs/crc.nd.edu/group/ccl/software/x86_64/redhat7/clang/current/lib:/afs/crc.nd.edu/group/ccl/software/x86_64/redhat7/condor/current/lib:/afs/crc.nd.edu/group/ccl/software/x86_64/redhat7/cctools/current/lib:/opt/crc/usr/local/lib"
1188   0.002222 libjli.so->dlopen("/usr/lib/jvm/java-1.8.0-openjdk-1.8.0.262.b10-0.el7_8.x86_64/jre/lib/amd64/server/libjvm.so", 258 <unfinished ...>
1188   0.039443 libjvm.so->getenv("NMT_LEVEL_1188") = nil
1188   0.001868 <... dlopen resumed> )           = 0x5583671d64c0
1188   0.000082 libjli.so->getenv("CLASSPATH")   = nil
1188   0.000341 libjli.so->getenv("_JAVA_SPLASH_JAR") = nil
1188   0.000334 libjli.so->getenv("_JAVA_SPLASH_FILE") = nil
1188   0.000331 libjli.so->pthread_attr_setdetachstate(0x7ffcccd64ac0, 0, 0x7ffcccd64b50, 0) = 0
1188   0.000512 libpthread.so.0->__clone(0x2afff4999de0, 0x2afff48acfc0, 0x3d0f00, 0x2afff48ad700) = 1189
1189   0.002046 libjvm.so->dlopen(0x2afff61789ae, 1, 0xfffffffffff42c48, 4096) = 0x2afff8000990
1189   0.002533 libjvm.so->getenv(0x2afff619383e, 0, 115, 0x65737361) = 0x7ffcccd6b6ad
1189   0.000441 libjvm.so->fopen(0x2afff48abc10, 0x2afff612fccb, 0x6f732e79666972, 0x2afff5271ab0) = 0x2afff8001440
1189   0.002949 libjvm.so->dlopen(0x2afff48abc10, 1, 0xffffffff, 0x2afff8002b00) = 0x2afff8001440
1189   0.001544 libjvm.so->fopen(0x2afff48abc10, 0x2afff612fccb, 111, 0x732e6176) = 0x2afff8001b10
1189   0.002165 libjvm.so->dlopen(0x2afff48abc10, 1, 0xffffffff, 0x2afff8001a00) = 0x2afff8001b10
1189   0.001739 libjvm.so->__xstat(1, 0x2afff48ac360, 0x2afff48acba0, 0x746f7073746f682e) = -1
1189   0.000460 libjvm.so->getenv(0x2afff6128541, 0x2afff48ac6d0, 1024, 0x2afff65e261b) = 0
1189   0.000471 libjvm.so->getenv(0x2afff6128533, 0x2afff48ac6d0, 1024, 0) = 0
1189   0.000424 libjvm.so->fopen(0x2afff6178315, 0x2afff612fccb, 4095, 0xffffd50009ed7b03) = 0x2afff8003270
1189   0.001193 libjvm.so->fopen(0x2afff6178361, 0x2afff612fccb, 0x2afff8000078, 0x2afff8003260) = 0x2afff8003270
1189   0.000782 libjvm.so->fopen(0x2afff48a69b0, 0x2afff612fccb, 4016, 3997) = 0x2afff8003270
1189   0.000749 libjvm.so->opendir(0x2afff8002b40, 0x2afff8002b40, 13, 16) = 0
1189   0.000455 libjvm.so->__xstat(1, 0x2afff48ab8f0, 0x2afff48aa860, 0x6f732e7477616d62) = -1
1189   0.000999 libjvm.so->__xstat(1, 0x2afff48ab8f0, 0x2afff48aa860, 0x5f74776162696c2f) = 0
1189   0.000564 libjvm.so->fopen(0x2afff48aab90, 0x2afff612fccb, 4011, 3996) = 0x2afff8003750
1189   0.000708 libjvm.so->fopen(0x2afff48aab90, 0x2afff612fccb, 4011, 3996) = 0x2afff8003750
1189   0.001097 libjvm.so->fopen(0x2afff48aab90, 0x2afff612fccb, 4011, 4004) = 0x2afff8003750
1189   0.000759 libjvm.so->fopen(0x2afff48aab20, 0x2afff612fccb, 4011, 3996) = 0x2afff8003750
1189   0.000615 libjvm.so->fopen(0x2afff48aab20, 0x2afff612fccb, 4011, 3996) = 0x2afff8003750
1189   0.000655 libjvm.so->fopen(0x2afff48aab20, 0x2afff612fccb, 4011, 4004) = 0x2afff8003750
1189   0.000662 libjvm.so->fopen(0x2afff48aab50, 0x2afff612fccb, 4016, 3997) = 0x2afff8003750
1189   0.001027 libjvm.so->getenv(0x2afff61790ff, 4096, 3, -1) = 0
1189   0.000960 libjvm.so->fopen(0x2afff6178998, 0x2afff612fccb, 0x2afff4990908, 0x2afff498fdf0) = 0x2afff8003750
1189   0.005867 libjvm.so->open(0x2afff804a540, 0x20000, 0, 0x2afff804a589) = 3
1189   0.000581 libjvm.so->__fxstat(1, 3, 0x2afff48aca00, -1) = 0
1189   0.000503 libjvm.so->opendir(0x2afff804a540, 0x2afff48aca00, 0x4000, -1) = 0x2afff804b450
1189   0.000567 libjvm.so->__fxstat(1, 3, 0x2afff48ac8a0, 0x2afff804b450) = 0
1189   0.000456 libjvm.so->__fxstat(1, 5, 0x2afff48ac930, -1) = 0
1189   0.000474 libjvm.so->open(0x2afff61469dc, 0, 0, 0) = 3
1189   0.000709 libjvm.so->__lxstat(1, 0x2afff804a540, 0x2afff48acb50, -144) = 0
1189   0.000532 libjvm.so->open(0x2afff804a540, 0x20000, 0x4000, -1) = 3
1189   0.000455 libjvm.so->__fxstat(1, 3, 0x2afff48aca00, -1) = 0
1189   0.000489 libjvm.so->opendir(0x2afff804a540, 0x2afff48aca00, 0x4000, -1) = 0x2afff804b450
1189   0.000470 libjvm.so->__fxstat(1, 3, 0x2afff48ac8a0, 0x2afff804b450) = 0
1189   0.000446 libjvm.so->__fxstat(1, 5, 0x2afff48ac930, -1) = 0
1189   0.000466 libjvm.so->open(0x2afff61469dc, 0, 0, 0) = 3
1189   0.000485 libjvm.so->open(0x2afff804a589, 0x20042, 384, -1) = 7
1189   0.000674 libjvm.so->__fxstat(1, 7, 0x2afff48acb50, -1) = 0
1189   0.002026 libjvm.so->fopen(0x2afff48abb60, 0x2afff612fccb, 4, 0x6f732e70) = 0x2afff8057ba0
1189   0.001635 libjvm.so->dlopen(0x2afff48abb60, 1, 0xffffffff, 0x2afff8057b00) = 0x2afff8057ba0
1189   0.001553 libjvm.so->__xstat(1, 0x2afff48ac120, 0x2afff48ac950, 2048) = 0
1189   0.000478 libjvm.so->__xstat(1, 0x2afff48ac120, 0x2afff48ac950, 2048) = 0
1189   0.000445 libjvm.so->__xstat(1, 0x2afff48ac120, 0x2afff48ac950, 2048) = -1
1189   0.000431 libjvm.so->__xstat(1, 0x2afff48ac120, 0x2afff48ac950, 2048) = 0
1189   0.000417 libjvm.so->__xstat(1, 0x2afff48ac120, 0x2afff48ac950, 2048) = 0
1189   0.000445 libjvm.so->__xstat(1, 0x2afff48ac120, 0x2afff48ac950, 2048) = 0
1189   0.000431 libjvm.so->__xstat(1, 0x2afff48ac120, 0x2afff48ac950, 2048) = 0
1189   0.000459 libjvm.so->__xstat(1, 0x2afff48ac120, 0x2afff48ac950, 2048) = -1
1189   0.000444 libjvm.so->fopen(0x2afff8002520, 0x2afff612fccb, 0, 0) = 0x2afff8058a40
1189   0.009295 libjvm.so->open64(0x2afff48ab410, 0, 0, 16) = 3
1189   0.000508 libjvm.so->__fxstat64(1, 3, 0x2afff48ab240, -1) = 0
1189   0.039822 libjvm.so->__xstat(1, 0x2afff48abf20, 0x2afff48ac750, 2048) = -1
1189   0.000614 libjvm.so->fopen(0x2afff48aab20, 0x2afff612fccb, 4011, 3996) = 0x2afff80b1fd0
1189   0.000637 libjvm.so->fopen(0x2afff48aab20, 0x2afff612fccb, 4011, 3996) = 0x2afff80b1fd0
1189   0.000613 libjvm.so->fopen(0x2afff48aab20, 0x2afff612fccb, 4011, 4004) = 0x2afff80b1fd0
1189   0.004513 libjvm.so->pthread_attr_setdetachstate(0x2afff48acc00, 1, 0, 0) = 0
1189   0.000632 libpthread.so.0->__clone(0x2afff4999de0, 0x2b000d30bfc0, 0x3d0f00, 0x2b000d30c700) = 1190
1189   0.018241 libjvm.so->pthread_attr_setdetachstate(0x2afff48ac290, 1, 0, 0) = 0
1189   0.000731 libpthread.so.0->__clone(0x2afff4999de0, 0x2b000d40cfc0, 0x3d0f00, 0x2b000d40d700) = 1191
1189   0.008333 libjvm.so->pthread_attr_setdetachstate(0x2afff48ac610, 1, 0, 0) = 0
1189   0.000847 libpthread.so.0->__clone(0x2afff4999de0, 0x2b000d50dfc0, 0x3d0f00, 0x2b000d50e700) = 1192
1189   0.045272 libjvm.so->fopen(0x2afff80e9160, 0x2afff612fccb, 4, 0x6f732e70) = 0x2afff80f1ca0
1189   0.002948 libjvm.so->dlopen(0x2afff80e9160, 1, 0xffffffff, 0x2afff80ec300) = 0x2afff8057ba0
1189   0.005838 libjvm.so->open64(0x2afff48ab510, 0, 0, 16) = 5
1189   0.000956 libjvm.so->__fxstat64(1, 5, 0x2afff48ab340, -1) = 0
1189   0.022870 libjvm.so->fopen(0x2afff48a8130, 0x2afff612fccb, 4011, 3996) = 0x2afff80fcbf0
1189   0.001483 libjvm.so->fopen(0x2afff48a8130, 0x2afff612fccb, 4011, 3996) = 0x2afff80fcbf0
1189   0.001148 libjvm.so->fopen(0x2afff48a8130, 0x2afff612fccb, 4011, 4004) = 0x2afff80fcbf0
1189   0.017189 libjvm.so->pthread_attr_setdetachstate(0x2afff48acb50, 1, 0, 0) = 0
1189   0.001526 libpthread.so.0->__clone(0x2afff4999de0, 0x2b000d60efc0, 0x3d0f00, 0x2b000d60f700) = 1193
1189   0.001845 libjvm.so->__xstat64(1, 0x2afff48acbe0, 0x2afff48acb50, 18) = -1
1189   0.001229 libjvm.so->pthread_attr_setdetachstate(0x2afff48ac950, 1, 0, 0) = 0
1189   0.001811 libpthread.so.0->__clone(0x2afff4999de0, 0x2b000d70ffc0, 0x3d0f00, 0x2b000d710700) = 1194
1189   0.002801 libjvm.so->pthread_attr_setdetachstate(0x2afff48ac950, 1, 0, 0) = 0
1189   0.001335 libpthread.so.0->__clone(0x2afff4999de0, 0x2b000d810fc0, 0x3d0f00, 0x2b000d811700) = 1195
1189   0.016221 libjvm.so->pthread_attr_setdetachstate(0x2afff48acaa0, 1, 0, 0) = 0
1189   0.004081 libpthread.so.0->__clone(0x2afff4999de0, 0x2b000d911fc0, 0x3d0f00, 0x2b000d912700) = 1197
1189   0.002703 libjvm.so->pthread_attr_setdetachstate(0x2afff48acbb0, 1, 0, 0) = 0
1189   0.002986 libpthread.so.0->__clone(0x2afff4999de0, 0x2b000da12fc0, 0x3d0f00, 0x2b000da13700) = 1198
1189   0.021379 libjvm.so->open64(0x2afff8128880, 0, 0, 0) = 7
1189   0.002621 libjvm.so->__fxstat64(1, 7, 0x2afff48a9f60, -1) = 0
1189   0.028920 libjvm.so->fopen(0x2afff8154880, 0x2afff612fccb, 4, 0x6f732e6f) = 0x2afff8154940
1189   0.007892 libjvm.so->dlopen(0x2afff8154880, 1, 0xffffffff, 0x2afff8154800) = 0x2afff8154940
1189   0.138230 libjvm.so->fopen(0x2afff81aa690, 0x2afff612fccb, 4, 0x6f732e74) = 0x2afff81ad940
1189   0.005057 libjvm.so->dlopen(0x2afff81aa690, 1, 0xffffffff, 0x2afff81ad800) = 0x2afff81b7cf0
1189   0.157440 libjvm.so->fopen(0x2afff8228ca0, 0x2afff612fccb, 0x6f732e7373656c, 0x656c646165685f74) = 0x2afff8228d80
1189   0.003722 libjvm.so->dlopen(0x2afff8228ca0, 1, 0xffffffff, 0x2afff8228d00) = 0x2afff8228d80
1189   0.020840 libjvm.so->fopen(0x2afff48a5990, 0x2afff612fccb, 0x6f732e, 0x6d766a62696c2f72) = 0x2afff8232c50
1189   0.006597 libjvm.so->dlopen(0x2afff48a5990, 1, 0xffffffff, 0x2afff8232200) = 0x5583671d64c0
1189   0.001763 libjvm.so->fopen(0x2afff48a5990, 0x2afff612fccb, 0x6f732e, 0x6d766a62696c2f72) = 0x2afff8232bf0
1189   0.005585 libjvm.so->dlopen(0x2afff48a5990, 1, 0xffffffff, 0x2afff8232200) = 0x5583671d64c0
1189   0.001709 libjvm.so->fopen(0x2afff48a5990, 0x2afff612fccb, 0x6f732e, 0x6d766a62696c2f72) = 0x2afff8232bf0
1189   0.003580 libjvm.so->dlopen(0x2afff48a5990, 1, 0xffffffff, 0x2afff8232200) = 0x5583671d64c0
1189   0.001680 libjvm.so->fopen(0x2afff48a5990, 0x2afff612fccb, 0x6f732e, 0x6d766a62696c2f72) = 0x2afff8232bf0
1189   0.003652 libjvm.so->dlopen(0x2afff48a5990, 1, 0xffffffff, 0x2afff8232200) = 0x5583671d64c0
1189   0.262072 libjvm.so->fopen(0x2afff48a9ed0, 0x2afff612fccb, 111, 0x732e6176) = 0x2afff82720f0
1189   0.003632 libjvm.so->dlopen(0x2afff48a9ed0, 1, 0xffffffff, 0x2afff8270e00) = 0x2afff8001b10
1189   0.001628 libjvm.so->fopen(0x2afff48a9ed0, 0x2afff612fccb, 111, 0x732e6176) = 0x2afff82723a0
1189   0.003280 libjvm.so->dlopen(0x2afff48a9ed0, 1, 0xffffffff, 0x2afff8270e00) = 0x2afff8001b10
1189   0.002252 libjvm.so->fopen(0x2afff48a9ed0, 0x2afff612fccb, 111, 0x732e6176) = 0x2afff82721b0
1189   0.003252 libjvm.so->dlopen(0x2afff48a9ed0, 1, 0xffffffff, 0x2afff8270e00) = 0x2afff8001b10
1189   0.001633 libjvm.so->fopen(0x2afff48a9ed0, 0x2afff612fccb, 111, 0x732e6176) = 0x2afff82721b0
1189   0.003778 libjvm.so->dlopen(0x2afff48a9ed0, 1, 0xffffffff, 0x2afff8270e00) = 0x2afff8001b10
1189   0.147585 --- SIGSEGV (Segmentation fault) ---
1189   3.180146 --- SIGSEGV (Segmentation fault) ---
1198   9.456212 +++ exited (status 0) +++
1193   0.000227 +++ exited (status 0) +++
1190   0.000247 +++ exited (status 0) +++
1189   0.000232 +++ exited (status 0) +++
1197   0.000326 +++ exited (status 0) +++
1194   0.000025 +++ exited (status 0) +++
1192   0.000028 +++ exited (status 0) +++
1191   0.000014 +++ exited (status 0) +++
1195   0.023459 +++ exited (status 0) +++
1188   0.000101 +++ exited (status 0) +++
Wrote an ltrace for command: "java -cp ./tools/maxent.jar density.MaxEnt -s outputs/Plebeia_tica.csv -e data/layers/worldclim -o outputs/Plebeia_tica nowarnings nocache autorun -z" with PID 1186 from PPID 1165 on disc25.crc.nd.edu with result 0
REMOTEHOST=10.17.145.58
MANPATH=/afs/crc.nd.edu/user/n/nkremerh/cctools/share/man/:/afs/crc.nd.edu/group/ccl/software/x86_64/redhat7/ruby/current/share/man:/afs/crc.nd.edu/group/ccl/software/x86_64/redhat7/graphviz/current/share/man:/afs/crc.nd.edu/group/ccl/software/x86_64/redhat7/gnuplot/current/share/man:/afs/crc.nd.edu/group/ccl/software/x86_64/redhat7/git/current/share/man:/afs/crc.nd.edu/group/ccl/software/x86_64/redhat7/condor/current/share/man:/afs/crc.nd.edu/group/ccl/software/x86_64/redhat7/clang/current/share/man:/afs/crc.nd.edu/group/ccl/software/x86_64/redhat7/condor/current/share/man:/afs/crc.nd.edu/group/ccl/software/x86_64/redhat7/cctools/current/share/man:/afs/crc.nd.edu/group/ccl/software/x86_64/redhat7/cctools/current/share/man:/afs/crc.nd.edu/x86_64_linux/Modules/4.5.0/share/man:/opt/crc/usr/local/man:/opt/sge/man:/usr/share/man/overrides:/usr/share/man:/usr/local/share/man
_CONDOR_JOB_PIDS=
XDG_SESSION_ID=3301
HOSTNAME=disc01.crc.nd.edu
_LMFILES__modshare=/afs/crc.nd.edu/x86_64_linux/Modules/modules/system_modules/CRC_default/1.1:1
MODULEPATH_modshare=/afs/crc.nd.edu/x86_64_linux/Modules/modules/general_software:1:/afs/crc.nd.edu/x86_64_linux/Modules/modules/development_tools_and_libraries:1:/afs/crc.nd.edu/x86_64_linux/Modules/modules/system_modules:1:/afs/crc.nd.edu/x86_64_linux/Modules/current/modulefiles:1:/afs/crc.nd.edu/x86_64_linux/Modules/modules/restricted_software:1:/afs/crc.nd.edu/x86_64_linux/Modules/modules/deprecated_software:1
TERM=xterm-256color
SHELL=/bin/tcsh
HOST=disc01.crc.nd.edu
MODULES_CMD=/afs/crc.nd.edu/x86_64_linux/Modules/4.5.0/libexec/modulecmd.tcl
HISTSIZE=5000
MAKEFLAGS=
SSH_CLIENT=10.17.145.58 38176 22
TMPDIR=/var/condor/execute/dir_3431/worker-213124-3484/t.784/cctools-temp-t.784.D9Usv6
PERL5LIB=/afs/crc.nd.edu/user/n/nkremerh/cctools/lib/perl5/site_perl/5.16.3:/afs/crc.nd.edu/user/n/nkremerh/.perl5/lib/perl5
SGE_CELL=crc
_CONDOR_SCRATCH_DIR=/var/condor/execute/dir_3431
PERL_MB_OPT=--install_base '/afs/crc.nd.edu/user/n/nkremerh/.perl5/'
SSH_TTY=/dev/pts/0
SGE_LOAD_AVG=load_avg
MAKEFLOW_MAX_LOCAL_JOBS=2
GROUP=campus
USER=nkremerh
_CHIRP_DELAYED_UPDATE_PREFIX=Chirp*
HISTFILESIZE=10000
TEMP=/var/condor/execute/dir_3431/worker-213124-3484/t.784/cctools-temp-t.784.D9Usv6
LD_LIBRARY_PATH=/afs/crc.nd.edu/group/ccl/software/x86_64/redhat7/ruby/current/lib:/afs/crc.nd.edu/group/ccl/software/x86_64/redhat7/graphviz/current/lib:/afs/crc.nd.edu/group/ccl/software/x86_64/redhat7/git/current/lib:/afs/crc.nd.edu/group/ccl/software/x86_64/redhat7/condor/current/lib:/afs/crc.nd.edu/group/ccl/software/x86_64/redhat7/clang/current/lib:/afs/crc.nd.edu/group/ccl/software/x86_64/redhat7/condor/current/lib:/afs/crc.nd.edu/group/ccl/software/x86_64/redhat7/cctools/current/lib:/opt/crc/usr/local/lib
BATCH_SYSTEM=HTCondor
MODULES_LMALTNAME=CRC_default/1.1&CRC_default/default&CRC_default
ENV=/afs/crc.nd.edu/x86_64_linux/Modules/4.5.0/init/profile.sh
WORKER_TMPDIR=/var/condor/execute/dir_3431/worker-213124-3484/cache/tmp
HOSTTYPE=x86_64-linux
_CONDOR_HIGHPORT=9999
GLOBUS_GSSAPI_MAX_TLS_PROTOCOL=0
_CONDOR_CHIRP_CONFIG=/var/condor/execute/dir_3431/.chirp.config
MAKELEVEL=1
MFLAGS=
MAIL=/var/spool/mail/nkremerh
PATH=/afs/crc.nd.edu/user/n/nkremerh/cctools/bin:/afs/crc.nd.edu/user/n/nkremerh/miniconda/bin:/afs/crc.nd.edu/group/ccl/software/git:/afs/crc.nd.edu/user/n/nkremerh/.local/bin:/afs/crc.nd.edu/group/ccl/software/x86_64/redhat7/povray/3.7/bin:/afs/crc.nd.edu/user/n/nkremerh/.perl5/bin:/afs/crc.nd.edu/user/n/nkremerh/pegasus/bin:/afs/crc.nd.edu/user/n/nkremerh/nodejs/bin:/afs/crc.nd.edu/user/n/nkremerh/montage/bin:/afs/crc.nd.edu/user/n/nkremerh/latexdiff:/afs/crc.nd.edu/user/n/nkremerh/envtrace:/afs/crc.nd.edu/user/n/nkremerh/endlines:/afs/crc.nd.edu/user/n/nkremerh/cctools/bin:/afs/crc.nd.edu/user/n/nkremerh/.cargo/bin:/afs/crc.nd.edu/group/ccl/software/x86_64/redhat7/ruby/current/bin:/afs/crc.nd.edu/group/ccl/software/x86_64/redhat7/graphviz/current/bin:/afs/crc.nd.edu/group/ccl/software/x86_64/redhat7/gnuplot/current/bin:/afs/crc.nd.edu/group/ccl/software/x86_64/redhat7/git/current/bin:/afs/crc.nd.edu/group/ccl/software/x86_64/redhat7/condor/current/sbin:/afs/crc.nd.edu/group/ccl/software/x86_64/redhat7/condor/current/bin:/afs/crc.nd.edu/group/ccl/software/x86_64/redhat7/cmake/current/bin:/afs/crc.nd.edu/group/ccl/software/x86_64/redhat7/clang/current/bin:/afs/crc.nd.edu/group/ccl/software/x86_64/redhat7/condor/current/sbin:/afs/crc.nd.edu/group/ccl/software/x86_64/redhat7/condor/current/bin:/afs/crc.nd.edu/group/ccl/software/x86_64/redhat7/cctools/current/bin:/afs/crc.nd.edu/x86_64_linux/Modules/4.5.0/bin:/opt/crc/usr/local/bin:/opt/sge/bin/lx-amd64:/usr/local/bin:/usr/bin:/usr/local/sbin:/usr/sbin:/afs/crc.nd.edu/user/c/condor/software/bin:/afs/crc.nd.edu/user/c/condor/software/sbin
CCLSOFTWARE=/afs/crc.nd.edu/group/ccl/software/x86_64/redhat7
PWD=/var/condor/execute/dir_3431/worker-213124-3484/t.784
_LMFILES_=/afs/crc.nd.edu/x86_64_linux/Modules/modules/system_modules/CRC_default/1.1
EDITOR=vim
SGE_EXECD_PORT=6445
LANG=en_US.UTF-8
SGE_QMASTER_PORT=6444
MODULEPATH=/afs/crc.nd.edu/x86_64_linux/Modules/modules/development_tools_and_libraries:/afs/crc.nd.edu/x86_64_linux/Modules/modules/general_software:/afs/crc.nd.edu/x86_64_linux/Modules/modules/restricted_software:/afs/crc.nd.edu/x86_64_linux/Modules/modules/system_modules:/afs/crc.nd.edu/x86_64_linux/Modules/modules/deprecated_software:/afs/crc.nd.edu/x86_64_linux/Modules/current/modulefiles
LOADEDMODULES=CRC_default/1.1
SGE_ROOT=/opt/sge
CCLPLATFORM=x86_64/redhat7
_CONDOR_SLOT=slot1
WORK_QUEUE_SANDBOX=/var/condor/execute/dir_3431/worker-213124-3484
USE_SYSTEMD=true
_CONDOR_LOWPORT=9100
_CONDOR_ANCESTOR_4261=3431:1594946670:4145456536
HISTCONTROL=ignoreboth:erasedups
KRB5CCNAME=FILE:/tmp/krb5cc_213124_0wTNSp
GLOBUS_GSSAPI_NAME_COMPATIBILITY=STRICT_RFC2818
HOME=/afs/crc.nd.edu/user/n/nkremerh
SHLVL=6
PATH_modshare=/opt/crc/usr/local/bin:1:/opt/sge/bin/lx-amd64:1:/usr/sbin:1:/usr/bin:1:/afs/crc.nd.edu/user/c/condor/software/sbin:1:/usr/local/sbin:1:/afs/crc.nd.edu/user/c/condor/software/bin:1:/usr/local/bin:1
OSTYPE=linux
_CONDOR_MACHINE_AD=/var/condor/execute/dir_3431/.machine.ad
_CONDOR_ANCESTOR_3989=4261:1593343483:4184216969
GREP_OPTIONS=--color=auto
DISK=916727
GLOBUS_GSSAPI_MIN_TLS_PROTOCOL=TLS1_VERSION
MANPATH_modshare=/usr/share/man/overrides:1:/usr/local/share/man:1:/usr/share/man:1:/opt/crc/usr/local/man:1:/opt/sge/man:1
MEMORY=15899
PERL_LOCAL_LIB_ROOT=/afs/crc.nd.edu/user/n/nkremerh/.perl5/
BASH_ENV=/afs/crc.nd.edu/x86_64_linux/Modules/4.5.0/init/bash
VENDOR=unknown
TMP=/var/condor/execute/dir_3431/worker-213124-3484/t.784/cctools-temp-t.784.D9Usv6
LOGNAME=nkremerh
MACHTYPE=x86_64
CCLHOME=/afs/crc.nd.edu/group/ccl
PYTHONPATH=/afs/crc.nd.edu/user/n/nkremerh/cctools/lib/python3.6/site-packages/
LD_LIBRARY_PATH_modshare=/opt/crc/usr/local/lib:1
SSH_CONNECTION=10.17.145.58 38176 129.74.128.103 22
MODULES_LMALTNAME_modshare=CRC_default/1.1&CRC_default/default&CRC_default:1
MODULESHOME=/afs/crc.nd.edu/x86_64_linux/Modules/4.5.0
_CONDOR_ANCESTOR_3431=3448:1594946671:2687029234
GLOBUS_GSSAPI_CIPHERS=HIGH
GLOBUS_GSSAPI_BACKWARD_COMPATIBLE_MIC=true
LESSOPEN=||/usr/bin/lesspipe.sh %s
OMP_NUM_THREADS=1
_CONDOR_JOB_AD=/var/condor/execute/dir_3431/.job.ad
LOADEDMODULES_modshare=CRC_default/1.1:1
XDG_RUNTIME_DIR=/run/user/213124
SGE_CLUSTER_NAME=CRC
CCTOOLS=../cctools
CORES=4
_CONDOR_JOB_IWD=/var/condor/execute/dir_3431
PERL_MM_OPT=INSTALL_BASE=/afs/crc.nd.edu/user/n/nkremerh/.perl5/
GLOBUS_GSSAPI_SERVER_CIPHER_ORDER=true
BASH_FUNC_module()=() {  unset _mlshdbg;
 if [ "${MODULES_SILENT_SHELL_DEBUG:-0}" = '1' ]; then
 case "$-" in 
 *v*x*)
 set +vx;
 _mlshdbg='vx'
 ;;
 *v*)
 set +v;
 _mlshdbg='v'
 ;;
 *x*)
 set +x;
 _mlshdbg='x'
 ;;
 *)
 _mlshdbg=''
 ;;
 esac;
 fi;
 unset _mlre _mlIFS;
 if [ -n "${IFS+x}" ]; then
 _mlIFS=$IFS;
 fi;
 IFS=' ';
 for _mlv in ${MODULES_RUN_QUARANTINE:-};
 do
 if [ "${_mlv}" = "${_mlv##*[!A-Za-z0-9_]}" -a "${_mlv}" = "${_mlv#[0-9]}" ]; then
 if [ -n "`eval 'echo ${'$_mlv'+x}'`" ]; then
 _mlre="${_mlre:-}${_mlv}_modquar='`eval 'echo ${'$_mlv'}'`' ";
 fi;
 _mlrv="MODULES_RUNENV_${_mlv}";
 _mlre="${_mlre:-}${_mlv}='`eval 'echo ${'$_mlrv':-}'`' ";
 fi;
 done;
 if [ -n "${_mlre:-}" ]; then
 eval `eval ${_mlre}/usr/bin/tclsh /afs/crc.nd.edu/x86_64_linux/Modules/4.5.0/libexec/modulecmd.tcl bash '"$@"'`;
 else
 eval `/usr/bin/tclsh /afs/crc.nd.edu/x86_64_linux/Modules/4.5.0/libexec/modulecmd.tcl bash "$@"`;
 fi;
 _mlstatus=$?;
 if [ -n "${_mlIFS+x}" ]; then
 IFS=$_mlIFS;
 else
 unset IFS;
 fi;
 unset _mlre _mlv _mlrv _mlIFS;
 if [ -n "${_mlshdbg:-}" ]; then
 set -$_mlshdbg;
 fi;
 unset _mlshdbg;
 return $_mlstatus
}
BASH_FUNC_ml()=() {  module ml "$@"
}
_=/usr/bin/printenv
