16452   0.000000 libjli.so->getenv("_JAVA_LAUNCHER_DEBUG") = nil
16452   0.001695 libjli.so->getenv("_JAVA_VERSION_SET") = nil
16452   0.000690 libjli.so->fopen("/usr/lib/jvm/java-1.8.0-openjdk-1.8.0.262.b10-0.el7_8.x86_64/jre/lib/amd64/jvm.cfg", "r") = 0x55a02514f0f0
16452   0.000835 libjli.so->getenv("JDK_ALTERNATE_VM") = nil
16452   0.000309 libjli.so->__xstat(1, "/usr/lib/jvm/java-1.8.0-openjdk-1.8.0.262.b10-0.el7_8.x86_64/jre/lib/amd64/server/libjvm.so", 0x7ffe28ed0870) = 0
16452   0.000629 libjli.so->getenv("LD_LIBRARY_PATH") = "/afs/crc.nd.edu/group/ccl/software/x86_64/redhat7/ruby/current/lib:/afs/crc.nd.edu/group/ccl/software/x86_64/redhat7/graphviz/current/lib:/afs/crc.nd.edu/group/ccl/software/x86_64/redhat7/git/current/lib:/afs/crc.nd.edu/group/ccl/software/x86_64/redhat7/condor/current/lib:/afs/crc.nd.edu/group/ccl/software/x86_64/redhat7/clang/current/lib:/afs/crc.nd.edu/group/ccl/software/x86_64/redhat7/condor/current/lib:/afs/crc.nd.edu/group/ccl/software/x86_64/redhat7/cctools/current/lib:/opt/crc/usr/local/lib"
16452   0.002174 libjli.so->dlopen("/usr/lib/jvm/java-1.8.0-openjdk-1.8.0.262.b10-0.el7_8.x86_64/jre/lib/amd64/server/libjvm.so", 258 <unfinished ...>
16452   0.041131 libjvm.so->getenv("NMT_LEVEL_16452") = nil
16452   0.001753 <... dlopen resumed> )          = 0x55a02514f4c0
16452   0.000092 libjli.so->getenv("CLASSPATH")  = nil
16452   0.000326 libjli.so->getenv("_JAVA_SPLASH_JAR") = nil
16452   0.000339 libjli.so->getenv("_JAVA_SPLASH_FILE") = nil
16452   0.000340 libjli.so->pthread_attr_setdetachstate(0x7ffe28ed0820, 0, 0x7ffe28ed08b0, 0) = 0
16452   0.000434 libpthread.so.0->__clone(0x2b93f2be4de0, 0x2b93f2af7fc0, 0x3d0f00, 0x2b93f2af8700) = 0x404a
16458   0.002377 libjvm.so->dlopen(0x2b93f43c39ae, 1, 0xfffffffffff42c48, 4096) = 0x2b93f8000990
16458   0.002847 libjvm.so->getenv(0x2b93f43de83e, 0, 115, 0x65737361) = 0x7ffe28ed6719
16458   0.000469 libjvm.so->fopen(0x2b93f2af6c10, 0x2b93f437accb, 0x6f732e79666972, 0x2b93f34bcab0) = 0x2b93f8001440
16458   0.001603 libjvm.so->dlopen(0x2b93f2af6c10, 1, 0xffffffff, 0x2b93f8002b00) = 0x2b93f8001440
16458   0.001501 libjvm.so->fopen(0x2b93f2af6c10, 0x2b93f437accb, 111, 0x732e6176) = 0x2b93f8001b10
16458   0.001812 libjvm.so->dlopen(0x2b93f2af6c10, 1, 0xffffffff, 0x2b93f8001a00) = 0x2b93f8001b10
16458   0.001714 libjvm.so->__xstat(1, 0x2b93f2af7360, 0x2b93f2af7ba0, 0x746f7073746f682e) = -1
16458   0.000491 libjvm.so->getenv(0x2b93f4373541, 0x2b93f2af76d0, 1024, 0x2b93f482d61b) = 0
16458   0.000450 libjvm.so->getenv(0x2b93f4373533, 0x2b93f2af76d0, 1024, 0) = 0
16458   0.000455 libjvm.so->fopen(0x2b93f43c3315, 0x2b93f437accb, 4095, 0xffffd46c0bc8cb03) = 0x2b93f8003270
16458   0.001032 libjvm.so->fopen(0x2b93f43c3361, 0x2b93f437accb, 0x2b93f8000078, 0x2b93f8003260) = 0x2b93f8003270
16458   0.000769 libjvm.so->fopen(0x2b93f2af19b0, 0x2b93f437accb, 4016, 3997) = 0x2b93f8003270
16458   0.000702 libjvm.so->opendir(0x2b93f8002b40, 0x2b93f8002b40, 13, 16) = 0
16458   0.000470 libjvm.so->__xstat(1, 0x2b93f2af68f0, 0x2b93f2af5860, 0x6f732e7477616d62) = -1
16458   0.000464 libjvm.so->__xstat(1, 0x2b93f2af68f0, 0x2b93f2af5860, 0x5f74776162696c2f) = 0
16458   0.000507 libjvm.so->fopen(0x2b93f2af5b90, 0x2b93f437accb, 4011, 3996) = 0x2b93f8003750
16458   0.000657 libjvm.so->fopen(0x2b93f2af5b90, 0x2b93f437accb, 4011, 3996) = 0x2b93f8003750
16458   0.000631 libjvm.so->fopen(0x2b93f2af5b90, 0x2b93f437accb, 4011, 4004) = 0x2b93f8003750
16458   0.000743 libjvm.so->fopen(0x2b93f2af5b20, 0x2b93f437accb, 4011, 3996) = 0x2b93f8003750
16458   0.000682 libjvm.so->fopen(0x2b93f2af5b20, 0x2b93f437accb, 4011, 3996) = 0x2b93f8003750
16458   0.000606 libjvm.so->fopen(0x2b93f2af5b20, 0x2b93f437accb, 4011, 4004) = 0x2b93f8003750
16458   0.000648 libjvm.so->fopen(0x2b93f2af5b50, 0x2b93f437accb, 4016, 3997) = 0x2b93f8003750
16458   0.000786 libjvm.so->getenv(0x2b93f43c40ff, 4096, 3, -1) = 0
16458   0.000980 libjvm.so->fopen(0x2b93f43c3998, 0x2b93f437accb, 0x2b93f2bdb908, 0x2b93f2bdadf0) = 0x2b93f8003750
16458   0.004901 libjvm.so->open(0x2b93f804a540, 0x20000, 0, 0x2b93f804a589) = 3
16458   0.000482 libjvm.so->__fxstat(1, 3, 0x2b93f2af7a00, -1) = 0
16458   0.000511 libjvm.so->opendir(0x2b93f804a540, 0x2b93f2af7a00, 0x4000, -1) = 0x2b93f804b450
16458   0.000504 libjvm.so->__fxstat(1, 3, 0x2b93f2af78a0, 0x2b93f804b450) = 0
16458   0.000461 libjvm.so->__fxstat(1, 5, 0x2b93f2af7930, -1) = 0
16458   0.000479 libjvm.so->open(0x2b93f43919dc, 0, 0, 0) = 3
16458   0.000656 libjvm.so->__lxstat(1, 0x2b93f804a540, 0x2b93f2af7b50, -144) = 0
16458   0.000493 libjvm.so->open(0x2b93f804a540, 0x20000, 0x4000, -1) = 3
16458   0.000501 libjvm.so->__fxstat(1, 3, 0x2b93f2af7a00, -1) = 0
16458   0.000501 libjvm.so->opendir(0x2b93f804a540, 0x2b93f2af7a00, 0x4000, -1) = 0x2b93f804b450
16458   0.000521 libjvm.so->__fxstat(1, 3, 0x2b93f2af78a0, 0x2b93f804b450) = 0
16458   0.000529 libjvm.so->__fxstat(1, 5, 0x2b93f2af7930, -1) = 0
16458   0.000535 libjvm.so->open(0x2b93f43919dc, 0, 0, 0) = 3
16458   0.000500 libjvm.so->open(0x2b93f804a589, 0x20042, 384, -1) = 7
16458   0.000810 libjvm.so->__fxstat(1, 7, 0x2b93f2af7b50, -1) = 0
16458   0.001803 libjvm.so->fopen(0x2b93f2af6b60, 0x2b93f437accb, 4, 0x6f732e70) = 0x2b93f8057ba0
16458   0.001540 libjvm.so->dlopen(0x2b93f2af6b60, 1, 0xffffffff, 0x2b93f8057b00) = 0x2b93f8057ba0
16458   0.001511 libjvm.so->__xstat(1, 0x2b93f2af7120, 0x2b93f2af7950, 2048) = 0
16458   0.000474 libjvm.so->__xstat(1, 0x2b93f2af7120, 0x2b93f2af7950, 2048) = 0
16458   0.000553 libjvm.so->__xstat(1, 0x2b93f2af7120, 0x2b93f2af7950, 2048) = -1
16458   0.000524 libjvm.so->__xstat(1, 0x2b93f2af7120, 0x2b93f2af7950, 2048) = 0
16458   0.000584 libjvm.so->__xstat(1, 0x2b93f2af7120, 0x2b93f2af7950, 2048) = 0
16458   0.000594 libjvm.so->__xstat(1, 0x2b93f2af7120, 0x2b93f2af7950, 2048) = 0
16458   0.000554 libjvm.so->__xstat(1, 0x2b93f2af7120, 0x2b93f2af7950, 2048) = 0
16458   0.000603 libjvm.so->__xstat(1, 0x2b93f2af7120, 0x2b93f2af7950, 2048) = -1
16458   0.000507 libjvm.so->fopen(0x2b93f8002520, 0x2b93f437accb, 0, 0) = 0x2b93f8058a40
16458   0.009434 libjvm.so->open64(0x2b93f2af6410, 0, 0, 16) = 3
16458   0.000514 libjvm.so->__fxstat64(1, 3, 0x2b93f2af6240, -1) = 0
16458   0.036967 libjvm.so->__xstat(1, 0x2b93f2af6f20, 0x2b93f2af7750, 2048) = -1
16458   0.000611 libjvm.so->fopen(0x2b93f2af5b20, 0x2b93f437accb, 4011, 3996) = 0x2b93f80b1fd0
16458   0.000674 libjvm.so->fopen(0x2b93f2af5b20, 0x2b93f437accb, 4011, 3996) = 0x2b93f80b1fd0
16458   0.000735 libjvm.so->fopen(0x2b93f2af5b20, 0x2b93f437accb, 4011, 4004) = 0x2b93f80b1fd0
16458   0.004523 libjvm.so->pthread_attr_setdetachstate(0x2b93f2af7c00, 1, 0, 0) = 0
16458   0.000579 libpthread.so.0->__clone(0x2b93f2be4de0, 0x2b93f7c68fc0, 0x3d0f00, 0x2b93f7c69700) = 0x404b
16458   0.017307 libjvm.so->pthread_attr_setdetachstate(0x2b93f2af7290, 1, 0, 0) = 0
16458   0.000873 libpthread.so.0->__clone(0x2b93f2be4de0, 0x2b93f7d69fc0, 0x3d0f00, 0x2b93f7d6a700) = 0x404c
16458   0.007531 libjvm.so->pthread_attr_setdetachstate(0x2b93f2af7610, 1, 0, 0) = 0
16458   0.000844 libpthread.so.0->__clone(0x2b93f2be4de0, 0x2b93f7e6afc0, 0x3d0f00, 0x2b93f7e6b700) = 0x404d
16458   0.042123 libjvm.so->fopen(0x2b93f80e9160, 0x2b93f437accb, 4, 0x6f732e70) = 0x2b93f80f1ca0
16458   0.002198 libjvm.so->dlopen(0x2b93f80e9160, 1, 0xffffffff, 0x2b93f80ec300) = 0x2b93f8057ba0
16458   0.005385 libjvm.so->open64(0x2b93f2af6510, 0, 0, 16) = 5
16458   0.001021 libjvm.so->__fxstat64(1, 5, 0x2b93f2af6340, -1) = 0
16458   0.020559 libjvm.so->fopen(0x2b93f2af3130, 0x2b93f437accb, 4011, 3996) = 0x2b93f80fcbf0
16458   0.001303 libjvm.so->fopen(0x2b93f2af3130, 0x2b93f437accb, 4011, 3996) = 0x2b93f80fcbf0
16458   0.001192 libjvm.so->fopen(0x2b93f2af3130, 0x2b93f437accb, 4011, 4004) = 0x2b93f80fcbf0
16458   0.015746 libjvm.so->pthread_attr_setdetachstate(0x2b93f2af7b50, 1, 0, 0) = 0
16458   0.001098 libpthread.so.0->__clone(0x2b93f2be4de0, 0x2b93f7f6bfc0, 0x3d0f00, 0x2b93f7f6c700) = 0x404e
16458   0.001657 libjvm.so->__xstat64(1, 0x2b93f2af7be0, 0x2b93f2af7b50, 19) = -1
16458   0.001178 libjvm.so->pthread_attr_setdetachstate(0x2b93f2af7950, 1, 0, 0) = 0
16458   0.001134 libpthread.so.0->__clone(0x2b93f2be4de0, 0x2b940b8fffc0, 0x3d0f00, 0x2b940b900700) = 0x404f
16458   0.001722 libjvm.so->pthread_attr_setdetachstate(0x2b93f2af7950, 1, 0, 0) = 0
16458   0.001412 libpthread.so.0->__clone(0x2b93f2be4de0, 0x2b940ba00fc0, 0x3d0f00, 0x2b940ba01700) = 0x4050
16458   0.009831 libjvm.so->pthread_attr_setdetachstate(0x2b93f2af7aa0, 1, 0, 0) = 0
16458   0.001435 libpthread.so.0->__clone(0x2b93f2be4de0, 0x2b940bb01fc0, 0x3d0f00, 0x2b940bb02700) = 0x4051
16458   0.002237 libjvm.so->pthread_attr_setdetachstate(0x2b93f2af7bb0, 1, 0, 0) = 0
16458   0.002106 libpthread.so.0->__clone(0x2b93f2be4de0, 0x2b940bc02fc0, 0x3d0f00, 0x2b940bc03700) = 0x4052
16458   0.015785 libjvm.so->open64(0x2b93f8128880, 0, 0, 0) = 7
16458   0.001823 libjvm.so->__fxstat64(1, 7, 0x2b93f2af4f60, -1) = 0
16458   0.027913 libjvm.so->fopen(0x2b93f81545f0, 0x2b93f437accb, 4, 0x6f732e6f) = 0x2b93f81546b0
16458   0.003487 libjvm.so->dlopen(0x2b93f81545f0, 1, 0xffffffff, 0x2b93f8154600) = 0x2b93f81546b0
16458   0.140773 libjvm.so->fopen(0x2b93f81aa860, 0x2b93f437accb, 4, 0x6f732e74) = 0x2b93f81b7e60
16458   0.003295 libjvm.so->dlopen(0x2b93f81aa860, 1, 0xffffffff, 0x2b93f81adb00) = 0x2b93f81b7e60
16458   0.144139 libjvm.so->fopen(0x2b93f8228f80, 0x2b93f437accb, 0x6f732e7373656c, 0x656c646165685f74) = 0x2b93f8228ff0
16458   0.004566 libjvm.so->dlopen(0x2b93f8228f80, 1, 0xffffffff, 0x2b93f8228000) = 0x2b93f8228ff0
16458   0.023130 libjvm.so->fopen(0x2b93f2af0990, 0x2b93f437accb, 0x6f732e, 0x6d766a62696c2f72) = 0x2b93f8232e80
16458   0.006342 libjvm.so->dlopen(0x2b93f2af0990, 1, 0xffffffff, 0x2b93f8232400) = 0x55a02514f4c0
16458   0.001771 libjvm.so->fopen(0x2b93f2af0990, 0x2b93f437accb, 0x6f732e, 0x6d766a62696c2f72) = 0x2b93f8232e20
16458   0.005169 libjvm.so->dlopen(0x2b93f2af0990, 1, 0xffffffff, 0x2b93f8232400) = 0x55a02514f4c0
16458   0.001674 libjvm.so->fopen(0x2b93f2af0990, 0x2b93f437accb, 0x6f732e, 0x6d766a62696c2f72) = 0x2b93f8232e20
16458   0.003706 libjvm.so->dlopen(0x2b93f2af0990, 1, 0xffffffff, 0x2b93f8232400) = 0x55a02514f4c0
16458   0.001669 libjvm.so->fopen(0x2b93f2af0990, 0x2b93f437accb, 0x6f732e, 0x6d766a62696c2f72) = 0x2b93f8232e20
16458   0.003574 libjvm.so->dlopen(0x2b93f2af0990, 1, 0xffffffff, 0x2b93f8232400) = 0x55a02514f4c0
16458   0.253498 libjvm.so->fopen(0x2b93f2af4ed0, 0x2b93f437accb, 111, 0x732e6176) = 0x2b93f8272140
16458   0.004890 libjvm.so->dlopen(0x2b93f2af4ed0, 1, 0xffffffff, 0x2b93f8272000) = 0x2b93f8001b10
16458   0.005148 libjvm.so->fopen(0x2b93f2af4ed0, 0x2b93f437accb, 111, 0x732e6176) = 0x2b93f82723f0
16458   0.003190 libjvm.so->dlopen(0x2b93f2af4ed0, 1, 0xffffffff, 0x2b93f8272000) = 0x2b93f8001b10
16458   0.001672 libjvm.so->fopen(0x2b93f2af4ed0, 0x2b93f437accb, 111, 0x732e6176) = 0x2b93f8272260
16458   0.009685 libjvm.so->dlopen(0x2b93f2af4ed0, 1, 0xffffffff, 0x2b93f8272000) = 0x2b93f8001b10
16458   0.001689 libjvm.so->fopen(0x2b93f2af4ed0, 0x2b93f437accb, 111, 0x732e6176) = 0x2b93f8272260
16458   0.002971 libjvm.so->dlopen(0x2b93f2af4ed0, 1, 0xffffffff, 0x2b93f8272000) = 0x2b93f8001b10
16458   0.019062 libjvm.so->fopen(0x2b93f2af4c40, 0x2b93f437accb, 111, 0x732e6176) = 0x2b93f8272260
16458   0.002966 libjvm.so->dlopen(0x2b93f2af4c40, 1, 0xffffffff, 0x2b93f8271200) = 0x2b93f8001b10
16458   0.001640 libjvm.so->fopen(0x2b93f2af4c40, 0x2b93f437accb, 111, 0x732e6176) = 0x2b93f8272260
16458   0.003190 libjvm.so->dlopen(0x2b93f2af4c40, 1, 0xffffffff, 0x2b93f8271200) = 0x2b93f8001b10
16458   0.001644 libjvm.so->fopen(0x2b93f2af4c40, 0x2b93f437accb, 111, 0x732e6176) = 0x2b93f8272260
16458   0.002827 libjvm.so->dlopen(0x2b93f2af4c40, 1, 0xffffffff, 0x2b93f8271200) = 0x2b93f8001b10
16458   0.001683 libjvm.so->fopen(0x2b93f2af4c40, 0x2b93f437accb, 111, 0x732e6176) = 0x2b93f8272260
16458   0.002943 libjvm.so->dlopen(0x2b93f2af4c40, 1, 0xffffffff, 0x2b93f8271200) = 0x2b93f8001b10
16458   3.312756 --- SIGSEGV (Segmentation fault) ---
16458   7.795145 --- SIGSEGV (Segmentation fault) ---
16466   1.159387 +++ exited (status 0) +++
16462   0.000320 +++ exited (status 0) +++
16459   0.000261 +++ exited (status 0) +++
16458   0.000310 +++ exited (status 0) +++
16460   0.000435 +++ exited (status 0) +++
16465   0.000043 +++ exited (status 0) +++
16463   0.000020 +++ exited (status 0) +++
16461   0.000014 +++ exited (status 0) +++
16464   0.024428 +++ exited (status 0) +++
16452   0.000096 +++ exited (status 0) +++
Wrote an ltrace for command: "java -cp ./tools/maxent.jar density.MaxEnt -s outputs/Diacamma_australe.csv -e data/layers/worldclim -o outputs/Diacamma_australe nowarnings nocache autorun -z" with PID 16450 from PPID 16431 on disc24.crc.nd.edu with result 0
REMOTEHOST=10.17.150.200
MANPATH=/afs/crc.nd.edu/user/n/nkremerh/cctools/share/man/:/afs/crc.nd.edu/group/ccl/software/x86_64/redhat7/ruby/current/share/man:/afs/crc.nd.edu/group/ccl/software/x86_64/redhat7/graphviz/current/share/man:/afs/crc.nd.edu/group/ccl/software/x86_64/redhat7/gnuplot/current/share/man:/afs/crc.nd.edu/group/ccl/software/x86_64/redhat7/git/current/share/man:/afs/crc.nd.edu/group/ccl/software/x86_64/redhat7/condor/current/share/man:/afs/crc.nd.edu/group/ccl/software/x86_64/redhat7/clang/current/share/man:/afs/crc.nd.edu/group/ccl/software/x86_64/redhat7/condor/current/share/man:/afs/crc.nd.edu/group/ccl/software/x86_64/redhat7/cctools/current/share/man:/afs/crc.nd.edu/group/ccl/software/x86_64/redhat7/cctools/current/share/man:/afs/crc.nd.edu/x86_64_linux/Modules/4.5.0/share/man:/opt/crc/usr/local/man:/opt/sge/man:/usr/share/man/overrides:/usr/share/man:/usr/local/share/man
_CONDOR_JOB_PIDS=
XDG_SESSION_ID=5195
HOSTNAME=disc01.crc.nd.edu
_LMFILES__modshare=/afs/crc.nd.edu/x86_64_linux/Modules/modules/system_modules/CRC_default/1.1:1
MODULEPATH_modshare=/afs/crc.nd.edu/x86_64_linux/Modules/modules/general_software:1:/afs/crc.nd.edu/x86_64_linux/Modules/modules/development_tools_and_libraries:1:/afs/crc.nd.edu/x86_64_linux/Modules/modules/system_modules:1:/afs/crc.nd.edu/x86_64_linux/Modules/current/modulefiles:1:/afs/crc.nd.edu/x86_64_linux/Modules/modules/restricted_software:1:/afs/crc.nd.edu/x86_64_linux/Modules/modules/deprecated_software:1
TERM=xterm-256color
SHELL=/bin/tcsh
HOST=disc01.crc.nd.edu
MODULES_CMD=/afs/crc.nd.edu/x86_64_linux/Modules/4.5.0/libexec/modulecmd.tcl
HISTSIZE=5000
MAKEFLAGS=
SSH_CLIENT=10.17.150.200 39500 22
TMPDIR=/var/condor/execute/dir_6841/worker-213124-6896/t.1151/cctools-temp-t.1151.YsA70H
PERL5LIB=/afs/crc.nd.edu/user/n/nkremerh/cctools/lib/perl5/site_perl/5.16.3:/afs/crc.nd.edu/user/n/nkremerh/.perl5/lib/perl5
SGE_CELL=crc
_CONDOR_SCRATCH_DIR=/var/condor/execute/dir_6841
_CONDOR_ANCESTOR_3661=6841:1600703217:3585230565
PERL_MB_OPT=--install_base '/afs/crc.nd.edu/user/n/nkremerh/.perl5/'
SSH_TTY=/dev/pts/0
SGE_LOAD_AVG=load_avg
MAKEFLOW_MAX_LOCAL_JOBS=2
_CONDOR_ANCESTOR_6841=6857:1600703218:1270120265
GROUP=campus
USER=nkremerh
_CHIRP_DELAYED_UPDATE_PREFIX=Chirp*
HISTFILESIZE=10000
TEMP=/var/condor/execute/dir_6841/worker-213124-6896/t.1151/cctools-temp-t.1151.YsA70H
LD_LIBRARY_PATH=/afs/crc.nd.edu/group/ccl/software/x86_64/redhat7/ruby/current/lib:/afs/crc.nd.edu/group/ccl/software/x86_64/redhat7/graphviz/current/lib:/afs/crc.nd.edu/group/ccl/software/x86_64/redhat7/git/current/lib:/afs/crc.nd.edu/group/ccl/software/x86_64/redhat7/condor/current/lib:/afs/crc.nd.edu/group/ccl/software/x86_64/redhat7/clang/current/lib:/afs/crc.nd.edu/group/ccl/software/x86_64/redhat7/condor/current/lib:/afs/crc.nd.edu/group/ccl/software/x86_64/redhat7/cctools/current/lib:/opt/crc/usr/local/lib
BATCH_SYSTEM=HTCondor
MODULES_LMALTNAME=CRC_default/1.1&CRC_default/default&CRC_default
ENV=/afs/crc.nd.edu/x86_64_linux/Modules/4.5.0/init/profile.sh
WORKER_TMPDIR=/var/condor/execute/dir_6841/worker-213124-6896/cache/tmp
HOSTTYPE=x86_64-linux
_CONDOR_HIGHPORT=9999
GLOBUS_GSSAPI_MAX_TLS_PROTOCOL=0
_CONDOR_CHIRP_CONFIG=/var/condor/execute/dir_6841/.chirp.config
MAKELEVEL=1
MFLAGS=
MAIL=/var/spool/mail/nkremerh
PATH=/afs/crc.nd.edu/user/n/nkremerh/cctools/bin:/afs/crc.nd.edu/user/n/nkremerh/miniconda/bin:/afs/crc.nd.edu/group/ccl/software/git:/afs/crc.nd.edu/user/n/nkremerh/.local/bin:/afs/crc.nd.edu/group/ccl/software/x86_64/redhat7/povray/3.7/bin:/afs/crc.nd.edu/user/n/nkremerh/.perl5/bin:/afs/crc.nd.edu/user/n/nkremerh/pegasus/bin:/afs/crc.nd.edu/user/n/nkremerh/nodejs/bin:/afs/crc.nd.edu/user/n/nkremerh/montage/bin:/afs/crc.nd.edu/user/n/nkremerh/latexdiff:/afs/crc.nd.edu/user/n/nkremerh/envtrace:/afs/crc.nd.edu/user/n/nkremerh/endlines:/afs/crc.nd.edu/user/n/nkremerh/cctools/bin:/afs/crc.nd.edu/user/n/nkremerh/.cargo/bin:/afs/crc.nd.edu/group/ccl/software/x86_64/redhat7/ruby/current/bin:/afs/crc.nd.edu/group/ccl/software/x86_64/redhat7/graphviz/current/bin:/afs/crc.nd.edu/group/ccl/software/x86_64/redhat7/gnuplot/current/bin:/afs/crc.nd.edu/group/ccl/software/x86_64/redhat7/git/current/bin:/afs/crc.nd.edu/group/ccl/software/x86_64/redhat7/condor/current/sbin:/afs/crc.nd.edu/group/ccl/software/x86_64/redhat7/condor/current/bin:/afs/crc.nd.edu/group/ccl/software/x86_64/redhat7/cmake/current/bin:/afs/crc.nd.edu/group/ccl/software/x86_64/redhat7/clang/current/bin:/afs/crc.nd.edu/group/ccl/software/x86_64/redhat7/condor/current/sbin:/afs/crc.nd.edu/group/ccl/software/x86_64/redhat7/condor/current/bin:/afs/crc.nd.edu/group/ccl/software/x86_64/redhat7/cctools/current/bin:/afs/crc.nd.edu/x86_64_linux/Modules/4.5.0/bin:/opt/crc/usr/local/bin:/opt/sge/bin/lx-amd64:/usr/local/bin:/usr/bin:/usr/local/sbin:/usr/sbin:/afs/crc.nd.edu/user/c/condor/software/bin:/afs/crc.nd.edu/user/c/condor/software/sbin
CCLSOFTWARE=/afs/crc.nd.edu/group/ccl/software/x86_64/redhat7
_CONDOR_ANCESTOR_3620=3661:1598183993:2394854300
PWD=/var/condor/execute/dir_6841/worker-213124-6896/t.1151
_LMFILES_=/afs/crc.nd.edu/x86_64_linux/Modules/modules/system_modules/CRC_default/1.1
EDITOR=vim
SGE_EXECD_PORT=6445
LANG=en_US.UTF-8
SGE_QMASTER_PORT=6444
MODULEPATH=/afs/crc.nd.edu/x86_64_linux/Modules/modules/development_tools_and_libraries:/afs/crc.nd.edu/x86_64_linux/Modules/modules/general_software:/afs/crc.nd.edu/x86_64_linux/Modules/modules/restricted_software:/afs/crc.nd.edu/x86_64_linux/Modules/modules/system_modules:/afs/crc.nd.edu/x86_64_linux/Modules/modules/deprecated_software:/afs/crc.nd.edu/x86_64_linux/Modules/current/modulefiles
LOADEDMODULES=CRC_default/1.1
SGE_ROOT=/opt/sge
CCLPLATFORM=x86_64/redhat7
_CONDOR_SLOT=slot1
WORK_QUEUE_SANDBOX=/var/condor/execute/dir_6841/worker-213124-6896
USE_SYSTEMD=true
_CONDOR_LOWPORT=9100
HISTCONTROL=ignoreboth:erasedups
KRB5CCNAME=FILE:/tmp/krb5cc_213124_6nLDKQ
GLOBUS_GSSAPI_NAME_COMPATIBILITY=STRICT_RFC2818
HOME=disc01.crc.nd.edu
SHLVL=6
PATH_modshare=/opt/crc/usr/local/bin:1:/opt/sge/bin/lx-amd64:1:/usr/sbin:1:/usr/bin:1:/afs/crc.nd.edu/user/c/condor/software/sbin:1:/usr/local/sbin:1:/afs/crc.nd.edu/user/c/condor/software/bin:1:/usr/local/bin:1
OSTYPE=linux
_CONDOR_MACHINE_AD=/var/condor/execute/dir_6841/.machine.ad
GREP_OPTIONS=--color=auto
DISK=916206
GLOBUS_GSSAPI_MIN_TLS_PROTOCOL=TLS1_VERSION
MANPATH_modshare=/usr/share/man/overrides:1:/usr/local/share/man:1:/usr/share/man:1:/opt/crc/usr/local/man:1:/opt/sge/man:1
MEMORY=15899
PERL_LOCAL_LIB_ROOT=/afs/crc.nd.edu/user/n/nkremerh/.perl5/
BASH_ENV=/afs/crc.nd.edu/x86_64_linux/Modules/4.5.0/init/bash
VENDOR=unknown
TMP=/var/condor/execute/dir_6841/worker-213124-6896/t.1151/cctools-temp-t.1151.YsA70H
LOGNAME=nkremerh
MACHTYPE=x86_64
CCLHOME=/afs/crc.nd.edu/group/ccl
PYTHONPATH=/afs/crc.nd.edu/user/n/nkremerh/cctools/lib/python3.6/site-packages/
LD_LIBRARY_PATH_modshare=/opt/crc/usr/local/lib:1
SSH_CONNECTION=10.17.150.200 39500 129.74.128.103 22
MODULES_LMALTNAME_modshare=CRC_default/1.1&CRC_default/default&CRC_default:1
MODULESHOME=/afs/crc.nd.edu/x86_64_linux/Modules/4.5.0
GLOBUS_GSSAPI_CIPHERS=HIGH
GLOBUS_GSSAPI_BACKWARD_COMPATIBLE_MIC=true
LESSOPEN=||/usr/bin/lesspipe.sh %s
OMP_NUM_THREADS=1
_CONDOR_JOB_AD=/var/condor/execute/dir_6841/.job.ad
LOADEDMODULES_modshare=CRC_default/1.1:1
XDG_RUNTIME_DIR=/run/user/213124
SGE_CLUSTER_NAME=CRC
CCTOOLS=../cctools
CORES=4
_CONDOR_JOB_IWD=/var/condor/execute/dir_6841
PERL_MM_OPT=INSTALL_BASE=/afs/crc.nd.edu/user/n/nkremerh/.perl5/
GLOBUS_GSSAPI_SERVER_CIPHER_ORDER=true
BASH_FUNC_module()=() {  unset _mlshdbg;
 if [ "${MODULES_SILENT_SHELL_DEBUG:-0}" = '1' ]; then
 case "$-" in 
 *v*x*)
 set +vx;
 _mlshdbg='vx'
 ;;
 *v*)
 set +v;
 _mlshdbg='v'
 ;;
 *x*)
 set +x;
 _mlshdbg='x'
 ;;
 *)
 _mlshdbg=''
 ;;
 esac;
 fi;
 unset _mlre _mlIFS;
 if [ -n "${IFS+x}" ]; then
 _mlIFS=$IFS;
 fi;
 IFS=' ';
 for _mlv in ${MODULES_RUN_QUARANTINE:-};
 do
 if [ "${_mlv}" = "${_mlv##*[!A-Za-z0-9_]}" -a "${_mlv}" = "${_mlv#[0-9]}" ]; then
 if [ -n "`eval 'echo ${'$_mlv'+x}'`" ]; then
 _mlre="${_mlre:-}${_mlv}_modquar='`eval 'echo ${'$_mlv'}'`' ";
 fi;
 _mlrv="MODULES_RUNENV_${_mlv}";
 _mlre="${_mlre:-}${_mlv}='`eval 'echo ${'$_mlrv':-}'`' ";
 fi;
 done;
 if [ -n "${_mlre:-}" ]; then
 eval `eval ${_mlre}/usr/bin/tclsh /afs/crc.nd.edu/x86_64_linux/Modules/4.5.0/libexec/modulecmd.tcl bash '"$@"'`;
 else
 eval `/usr/bin/tclsh /afs/crc.nd.edu/x86_64_linux/Modules/4.5.0/libexec/modulecmd.tcl bash "$@"`;
 fi;
 _mlstatus=$?;
 if [ -n "${_mlIFS+x}" ]; then
 IFS=$_mlIFS;
 else
 unset IFS;
 fi;
 unset _mlre _mlv _mlrv _mlIFS;
 if [ -n "${_mlshdbg:-}" ]; then
 set -$_mlshdbg;
 fi;
 unset _mlshdbg;
 return $_mlstatus
}
BASH_FUNC_ml()=() {  module ml "$@"
}
_=/usr/bin/printenv
