17447   0.000000 libjli.so->getenv("_JAVA_LAUNCHER_DEBUG") = nil
17447   0.001846 libjli.so->getenv("_JAVA_VERSION_SET") = nil
17447   0.000853 libjli.so->fopen("/usr/lib/jvm/java-1.8.0-openjdk-1.8.0.262.b10-0.el7_8.x86_64/jre/lib/amd64/jvm.cfg", "r") = 0x5647a4d330e0
17447   0.000825 libjli.so->getenv("JDK_ALTERNATE_VM") = nil
17447   0.000311 libjli.so->__xstat(1, "/usr/lib/jvm/java-1.8.0-openjdk-1.8.0.262.b10-0.el7_8.x86_64/jre/lib/amd64/server/libjvm.so", 0x7ffe5564d330) = 0
17447   0.000635 libjli.so->getenv("LD_LIBRARY_PATH") = "/afs/crc.nd.edu/group/ccl/software/x86_64/redhat7/ruby/current/lib:/afs/crc.nd.edu/group/ccl/software/x86_64/redhat7/graphviz/current/lib:/afs/crc.nd.edu/group/ccl/software/x86_64/redhat7/git/current/lib:/afs/crc.nd.edu/group/ccl/software/x86_64/redhat7/condor/current/lib:/afs/crc.nd.edu/group/ccl/software/x86_64/redhat7/clang/current/lib:/afs/crc.nd.edu/group/ccl/software/x86_64/redhat7/condor/current/lib:/afs/crc.nd.edu/group/ccl/software/x86_64/redhat7/cctools/current/lib:/opt/crc/usr/local/lib"
17447   0.002201 libjli.so->dlopen("/usr/lib/jvm/java-1.8.0-openjdk-1.8.0.262.b10-0.el7_8.x86_64/jre/lib/amd64/server/libjvm.so", 258 <unfinished ...>
17447   0.038102 libjvm.so->getenv("NMT_LEVEL_17447") = nil
17447   0.001635 <... dlopen resumed> )          = 0x5647a4d334b0
17447   0.000075 libjli.so->getenv("CLASSPATH")  = nil
17447   0.000306 libjli.so->getenv("_JAVA_SPLASH_JAR") = nil
17447   0.000302 libjli.so->getenv("_JAVA_SPLASH_FILE") = nil
17447   0.000337 libjli.so->pthread_attr_setdetachstate(0x7ffe5564d2e0, 0, 0x7ffe5564d370, 0) = 0
17447   0.000420 libpthread.so.0->__clone(0x2ab9ec0c0de0, 0x2ab9ebfd3fc0, 0x3d0f00, 0x2ab9ebfd4700) = 0x4428
17448   0.001690 libjvm.so->dlopen(0x2ab9ed89f9ae, 1, 0xfffffffffff42c48, 4096) = 0x2ab9f0000990
17448   0.002409 libjvm.so->getenv(0x2ab9ed8ba83e, 0, 115, 0x65737361) = 0x7ffe55652661
17448   0.000480 libjvm.so->fopen(0x2ab9ebfd2c10, 0x2ab9ed856ccb, 0x6f732e79666972, 0x2ab9ec998ab0) = 0x2ab9f0001440
17448   0.001321 libjvm.so->dlopen(0x2ab9ebfd2c10, 1, 0xffffffff, 0x2ab9f0002b00) = 0x2ab9f0001440
17448   0.001409 libjvm.so->fopen(0x2ab9ebfd2c10, 0x2ab9ed856ccb, 111, 0x732e6176) = 0x2ab9f0001b10
17448   0.001567 libjvm.so->dlopen(0x2ab9ebfd2c10, 1, 0xffffffff, 0x2ab9f0001a00) = 0x2ab9f0001b10
17448   0.001744 libjvm.so->__xstat(1, 0x2ab9ebfd3360, 0x2ab9ebfd3ba0, 0x746f7073746f682e) = -1
17448   0.000472 libjvm.so->getenv(0x2ab9ed84f541, 0x2ab9ebfd36d0, 1024, 0x2ab9edd0961b) = 0
17448   0.000467 libjvm.so->getenv(0x2ab9ed84f533, 0x2ab9ebfd36d0, 1024, 0) = 0
17448   0.000411 libjvm.so->fopen(0x2ab9ed89f315, 0x2ab9ed856ccb, 4095, 0xffffd546127b0b03) = 0x2ab9f0003310
17448   0.001029 libjvm.so->fopen(0x2ab9ed89f361, 0x2ab9ed856ccb, 0x2ab9f0000078, 0x2ab9f0003300) = 0x2ab9f0003310
17448   0.000685 libjvm.so->fopen(0x2ab9ebfcd9b0, 0x2ab9ed856ccb, 4014, 3995) = 0x2ab9f0003310
17448   0.001270 libjvm.so->opendir(0x2ab9f0002b40, 0x2ab9f0002b40, 13, 16) = 0
17448   0.000450 libjvm.so->__xstat(1, 0x2ab9ebfd28f0, 0x2ab9ebfd1860, 0x6f732e7477616d62) = -1
17448   0.000454 libjvm.so->__xstat(1, 0x2ab9ebfd28f0, 0x2ab9ebfd1860, 0x5f74776162696c2f) = 0
17448   0.000478 libjvm.so->fopen(0x2ab9ebfd1b90, 0x2ab9ed856ccb, 4009, 3994) = 0x2ab9f00037f0
17448   0.000689 libjvm.so->fopen(0x2ab9ebfd1b90, 0x2ab9ed856ccb, 4009, 3994) = 0x2ab9f00037f0
17448   0.000650 libjvm.so->fopen(0x2ab9ebfd1b90, 0x2ab9ed856ccb, 4009, 4002) = 0x2ab9f00037f0
17448   0.000698 libjvm.so->fopen(0x2ab9ebfd1b20, 0x2ab9ed856ccb, 4009, 3994) = 0x2ab9f00037f0
17448   0.000620 libjvm.so->fopen(0x2ab9ebfd1b20, 0x2ab9ed856ccb, 4009, 3994) = 0x2ab9f00037f0
17448   0.000635 libjvm.so->fopen(0x2ab9ebfd1b20, 0x2ab9ed856ccb, 4009, 4002) = 0x2ab9f00037f0
17448   0.000626 libjvm.so->fopen(0x2ab9ebfd1b50, 0x2ab9ed856ccb, 4014, 3995) = 0x2ab9f00037f0
17448   0.000797 libjvm.so->getenv(0x2ab9ed8a00ff, 4096, 3, -1) = 0
17448   0.000904 libjvm.so->fopen(0x2ab9ed89f998, 0x2ab9ed856ccb, 0x2ab9ec0b7908, 0x2ab9ec0b6df0) = 0x2ab9f00037f0
17448   0.004632 libjvm.so->open(0x2ab9f004a5e0, 0x20000, 0, 0x2ab9f004a629) = 3
17448   0.000467 libjvm.so->__fxstat(1, 3, 0x2ab9ebfd3a00, -1) = 0
17448   0.000603 libjvm.so->opendir(0x2ab9f004a5e0, 0x2ab9ebfd3a00, 0x4000, -1) = 0x2ab9f004b4f0
17448   0.000493 libjvm.so->__fxstat(1, 3, 0x2ab9ebfd38a0, 0x2ab9f004b4f0) = 0
17448   0.000473 libjvm.so->__fxstat(1, 5, 0x2ab9ebfd3930, -1) = 0
17448   0.000474 libjvm.so->open(0x2ab9ed86d9dc, 0, 0, 0) = 3
17448   0.000676 libjvm.so->__lxstat(1, 0x2ab9f004a5e0, 0x2ab9ebfd3b50, -144) = 0
17448   0.000440 libjvm.so->open(0x2ab9f004a5e0, 0x20000, 0x4000, -1) = 3
17448   0.000770 libjvm.so->__fxstat(1, 3, 0x2ab9ebfd3a00, -1) = 0
17448   0.000482 libjvm.so->opendir(0x2ab9f004a5e0, 0x2ab9ebfd3a00, 0x4000, -1) = 0x2ab9f004b4f0
17448   0.000460 libjvm.so->__fxstat(1, 3, 0x2ab9ebfd38a0, 0x2ab9f004b4f0) = 0
17448   0.000430 libjvm.so->__fxstat(1, 5, 0x2ab9ebfd3930, -1) = 0
17448   0.000479 libjvm.so->open(0x2ab9ed86d9dc, 0, 0, 0) = 3
17448   0.000466 libjvm.so->open(0x2ab9f004a629, 0x20042, 384, -1) = 7
17448   0.000743 libjvm.so->__fxstat(1, 7, 0x2ab9ebfd3b50, -1) = 0
17448   0.001756 libjvm.so->fopen(0x2ab9ebfd2b60, 0x2ab9ed856ccb, 4, 0x6f732e70) = 0x2ab9f0057c40
17448   0.001528 libjvm.so->dlopen(0x2ab9ebfd2b60, 1, 0xffffffff, 0x2ab9f0057b00) = 0x2ab9f0057c40
17448   0.001440 libjvm.so->__xstat(1, 0x2ab9ebfd3120, 0x2ab9ebfd3950, 2048) = 0
17448   0.000433 libjvm.so->__xstat(1, 0x2ab9ebfd3120, 0x2ab9ebfd3950, 2048) = 0
17448   0.000528 libjvm.so->__xstat(1, 0x2ab9ebfd3120, 0x2ab9ebfd3950, 2048) = -1
17448   0.000449 libjvm.so->__xstat(1, 0x2ab9ebfd3120, 0x2ab9ebfd3950, 2048) = 0
17448   0.000558 libjvm.so->__xstat(1, 0x2ab9ebfd3120, 0x2ab9ebfd3950, 2048) = 0
17448   0.000479 libjvm.so->__xstat(1, 0x2ab9ebfd3120, 0x2ab9ebfd3950, 2048) = 0
17448   0.000568 libjvm.so->__xstat(1, 0x2ab9ebfd3120, 0x2ab9ebfd3950, 2048) = 0
17448   0.000450 libjvm.so->__xstat(1, 0x2ab9ebfd3120, 0x2ab9ebfd3950, 2048) = -1
17448   0.000531 libjvm.so->fopen(0x2ab9f0002520, 0x2ab9ed856ccb, 0, 0) = 0x2ab9f0058ae0
17448   0.008815 libjvm.so->open64(0x2ab9ebfd2410, 0, 0, 16) = 3
17448   0.000490 libjvm.so->__fxstat64(1, 3, 0x2ab9ebfd2240, -1) = 0
17448   0.036298 libjvm.so->__xstat(1, 0x2ab9ebfd2f20, 0x2ab9ebfd3750, 2048) = -1
17448   0.000583 libjvm.so->fopen(0x2ab9ebfd1b20, 0x2ab9ed856ccb, 4009, 3994) = 0x2ab9f00b5fa0
17448   0.001415 libjvm.so->fopen(0x2ab9ebfd1b20, 0x2ab9ed856ccb, 4009, 3994) = 0x2ab9f00b5fa0
17448   0.000595 libjvm.so->fopen(0x2ab9ebfd1b20, 0x2ab9ed856ccb, 4009, 4002) = 0x2ab9f00b5fa0
17448   0.004133 libjvm.so->pthread_attr_setdetachstate(0x2ab9ebfd3c00, 1, 0, 0) = 0
17448   0.000546 libpthread.so.0->__clone(0x2ab9ec0c0de0, 0x2ab9effd2fc0, 0x3d0f00, 0x2ab9effd3700) = 0x4429
17448   0.015432 libjvm.so->pthread_attr_setdetachstate(0x2ab9ebfd3290, 1, 0, 0) = 0
17448   0.000678 libpthread.so.0->__clone(0x2ab9ec0c0de0, 0x2aba04a71fc0, 0x3d0f00, 0x2aba04a72700) = 0x442a
17448   0.006911 libjvm.so->pthread_attr_setdetachstate(0x2ab9ebfd3610, 1, 0, 0) = 0
17448   0.000746 libpthread.so.0->__clone(0x2ab9ec0c0de0, 0x2aba04b72fc0, 0x3d0f00, 0x2aba04b73700) = 0x442b
17448   0.039932 libjvm.so->fopen(0x2ab9f00e55c0, 0x2ab9ed856ccb, 4, 0x6f732e70) = 0x2ab9f00f1ce0
17448   0.002034 libjvm.so->dlopen(0x2ab9f00e55c0, 1, 0xffffffff, 0x2ab9f00ec300) = 0x2ab9f0057c40
17448   0.005057 libjvm.so->open64(0x2ab9ebfd2510, 0, 0, 16) = 5
17448   0.000952 libjvm.so->__fxstat64(1, 5, 0x2ab9ebfd2340, -1) = 0
17448   0.026583 libjvm.so->fopen(0x2ab9ebfcf130, 0x2ab9ed856ccb, 4009, 3994) = 0x2ab9f00fcc80
17448   0.001161 libjvm.so->fopen(0x2ab9ebfcf130, 0x2ab9ed856ccb, 4009, 3994) = 0x2ab9f00fcc80
17448   0.001863 libjvm.so->fopen(0x2ab9ebfcf130, 0x2ab9ed856ccb, 4009, 4002) = 0x2ab9f00fcc80
17448   0.016424 libjvm.so->pthread_attr_setdetachstate(0x2ab9ebfd3b50, 1, 0, 0) = 0
17448   0.000952 libpthread.so.0->__clone(0x2ab9ec0c0de0, 0x2aba04c73fc0, 0x3d0f00, 0x2aba04c74700) = 0x4430
17448   0.001444 libjvm.so->__xstat64(1, 0x2ab9ebfd3be0, 0x2ab9ebfd3b50, 19) = -1
17448   0.001169 libjvm.so->pthread_attr_setdetachstate(0x2ab9ebfd3950, 1, 0, 0) = 0
17448   0.001126 libpthread.so.0->__clone(0x2ab9ec0c0de0, 0x2aba04d74fc0, 0x3d0f00, 0x2aba04d75700) = 0x4431
17448   0.001800 libjvm.so->pthread_attr_setdetachstate(0x2ab9ebfd3950, 1, 0, 0) = 0
17448   0.001306 libpthread.so.0->__clone(0x2ab9ec0c0de0, 0x2aba04e75fc0, 0x3d0f00, 0x2aba04e76700) = 0x4433
17448   0.008036 libjvm.so->pthread_attr_setdetachstate(0x2ab9ebfd3aa0, 1, 0, 0) = 0
17448   0.001402 libpthread.so.0->__clone(0x2ab9ec0c0de0, 0x2aba04f76fc0, 0x3d0f00, 0x2aba04f77700) = 0x4435
17448   0.002320 libjvm.so->pthread_attr_setdetachstate(0x2ab9ebfd3bb0, 1, 0, 0) = 0
17448   0.004767 libpthread.so.0->__clone(0x2ab9ec0c0de0, 0x2aba05077fc0, 0x3d0f00, 0x2aba05078700) = 0x4436
17448   0.021383 libjvm.so->open64(0x2ab9f01288f0, 0, 0, 48) = 7
17448   0.001768 libjvm.so->__fxstat64(1, 7, 0x2ab9ebfd0f60, -1) = 0
17448   0.027619 libjvm.so->fopen(0x2ab9f0154680, 0x2ab9ed856ccb, 4, 0x6f732e6f) = 0x2ab9f0154740
17448   0.004746 libjvm.so->dlopen(0x2ab9f0154680, 1, 0xffffffff, 0x2ab9f0154600) = 0x2ab9f0154740
17448   0.108691 libjvm.so->fopen(0x2ab9ebfcde40, 0x2ab9ed856ccb, 0x6f732e, 0x6d766a62696c2f72) = 0x2ab9f0169e90
17448   0.007304 libjvm.so->dlopen(0x2ab9ebfcde40, 1, 0xffffffff, 0x2ab9f0169e00) = 0x5647a4d334b0
17448   0.001761 libjvm.so->fopen(0x2ab9ebfcde40, 0x2ab9ed856ccb, 0x6f732e, 0x6d766a62696c2f72) = 0x2ab9f016a290
17448   0.005347 libjvm.so->dlopen(0x2ab9ebfcde40, 1, 0xffffffff, 0x2ab9f0169e00) = 0x5647a4d334b0
17448   0.002049 libjvm.so->fopen(0x2ab9ebfcde40, 0x2ab9ed856ccb, 0x6f732e, 0x6d766a62696c2f72) = 0x2ab9f0169e90
17448   0.008924 libjvm.so->dlopen(0x2ab9ebfcde40, 1, 0xffffffff, 0x2ab9f0169e00) = 0x5647a4d334b0
17448   0.001677 libjvm.so->fopen(0x2ab9ebfcde40, 0x2ab9ed856ccb, 0x6f732e, 0x6d766a62696c2f72) = 0x2ab9f0169e90
17448   0.003582 libjvm.so->dlopen(0x2ab9ebfcde40, 1, 0xffffffff, 0x2ab9f0169e00) = 0x5647a4d334b0
17448   0.047735 libjvm.so->fopen(0x2ab9f01af450, 0x2ab9ed856ccb, 4, 0x6f732e74) = 0x2ab9f01bd340
17448   0.003067 libjvm.so->dlopen(0x2ab9f01af450, 1, 0xffffffff, 0x2ab9f01a5600) = 0x2ab9f01bd340
17448   0.151629 libjvm.so->fopen(0x2ab9f0238600, 0x2ab9ed856ccb, 0x6f732e7373656c, 0x656c646165685f74) = 0x2ab9f02386e0
17448   0.003389 libjvm.so->dlopen(0x2ab9f0238600, 1, 0xffffffff, 0x2ab9f0238600) = 0x2ab9f02386e0
17462   0.041314 +++ exited (status 0) +++
17448   0.000898 +++ exited (status 0) +++
17449   0.000071 +++ exited (status 0) +++
17461   0.000217 +++ exited (status 1) +++
17457   0.000022 +++ exited (status 1) +++
17456   0.000015 +++ exited (status 1) +++
17451   0.000014 +++ exited (status 1) +++
17450   0.000013 +++ exited (status 1) +++
17459   0.005269 +++ exited (status 1) +++
17447   0.000047 +++ exited (status 1) +++
Wrote an ltrace for command: "java -cp ./tools/maxent.jar density.Project outputs/Coccophagus_margaritatus_Compere/Coccophagus_margaritatus_Compere.lambdas data/layers/worldclim outputs/Coccophagus_margaritatus_Compere_worldclim.asc nowarnings nocache autorun -z" with PID 17445 from PPID 17429 on disc22.crc.nd.edu with result 1
REMOTEHOST=10.17.150.200
_CONDOR_JOB_PIDS=
MANPATH=/afs/crc.nd.edu/user/n/nkremerh/cctools/share/man/:/afs/crc.nd.edu/group/ccl/software/x86_64/redhat7/ruby/current/share/man:/afs/crc.nd.edu/group/ccl/software/x86_64/redhat7/graphviz/current/share/man:/afs/crc.nd.edu/group/ccl/software/x86_64/redhat7/gnuplot/current/share/man:/afs/crc.nd.edu/group/ccl/software/x86_64/redhat7/git/current/share/man:/afs/crc.nd.edu/group/ccl/software/x86_64/redhat7/condor/current/share/man:/afs/crc.nd.edu/group/ccl/software/x86_64/redhat7/clang/current/share/man:/afs/crc.nd.edu/group/ccl/software/x86_64/redhat7/condor/current/share/man:/afs/crc.nd.edu/group/ccl/software/x86_64/redhat7/cctools/current/share/man:/afs/crc.nd.edu/group/ccl/software/x86_64/redhat7/cctools/current/share/man:/afs/crc.nd.edu/x86_64_linux/Modules/4.5.0/share/man:/opt/crc/usr/local/man:/opt/sge/man:/usr/share/man/overrides:/usr/share/man:/usr/local/share/man
XDG_SESSION_ID=5195
HOSTNAME=disc01.crc.nd.edu
_LMFILES__modshare=/afs/crc.nd.edu/x86_64_linux/Modules/modules/system_modules/CRC_default/1.1:1
MODULEPATH_modshare=/afs/crc.nd.edu/x86_64_linux/Modules/modules/general_software:1:/afs/crc.nd.edu/x86_64_linux/Modules/modules/development_tools_and_libraries:1:/afs/crc.nd.edu/x86_64_linux/Modules/modules/system_modules:1:/afs/crc.nd.edu/x86_64_linux/Modules/current/modulefiles:1:/afs/crc.nd.edu/x86_64_linux/Modules/modules/restricted_software:1:/afs/crc.nd.edu/x86_64_linux/Modules/modules/deprecated_software:1
MODULES_CMD=/afs/crc.nd.edu/x86_64_linux/Modules/4.5.0/libexec/modulecmd.tcl
HOST=disc01.crc.nd.edu
SHELL=/bin/tcsh
TERM=xterm-256color
MAKEFLAGS=
HISTSIZE=5000
TMPDIR=/var/condor/execute/dir_3816/worker-213124-3912/t.1616/cctools-temp-t.1616.gRusMl
SSH_CLIENT=10.17.150.200 39500 22
PERL5LIB=/afs/crc.nd.edu/user/n/nkremerh/cctools/lib/perl5/site_perl/5.16.3:/afs/crc.nd.edu/user/n/nkremerh/.perl5/lib/perl5
SGE_CELL=crc
_CONDOR_SCRATCH_DIR=/var/condor/execute/dir_3816
PERL_MB_OPT=--install_base '/afs/crc.nd.edu/user/n/nkremerh/.perl5/'
SSH_TTY=/dev/pts/0
SGE_LOAD_AVG=load_avg
MAKEFLOW_MAX_LOCAL_JOBS=2
HISTFILESIZE=10000
_CHIRP_DELAYED_UPDATE_PREFIX=Chirp*
USER=nkremerh
GROUP=campus
LD_LIBRARY_PATH=/afs/crc.nd.edu/group/ccl/software/x86_64/redhat7/ruby/current/lib:/afs/crc.nd.edu/group/ccl/software/x86_64/redhat7/graphviz/current/lib:/afs/crc.nd.edu/group/ccl/software/x86_64/redhat7/git/current/lib:/afs/crc.nd.edu/group/ccl/software/x86_64/redhat7/condor/current/lib:/afs/crc.nd.edu/group/ccl/software/x86_64/redhat7/clang/current/lib:/afs/crc.nd.edu/group/ccl/software/x86_64/redhat7/condor/current/lib:/afs/crc.nd.edu/group/ccl/software/x86_64/redhat7/cctools/current/lib:/opt/crc/usr/local/lib
TEMP=/var/condor/execute/dir_3816/worker-213124-3912/t.1616/cctools-temp-t.1616.gRusMl
BATCH_SYSTEM=HTCondor
WORKER_TMPDIR=/var/condor/execute/dir_3816/worker-213124-3912/cache/tmp
ENV=/afs/crc.nd.edu/x86_64_linux/Modules/4.5.0/init/profile.sh
MODULES_LMALTNAME=CRC_default/1.1&CRC_default/default&CRC_default
_CONDOR_CHIRP_CONFIG=/var/condor/execute/dir_3816/.chirp.config
GLOBUS_GSSAPI_MAX_TLS_PROTOCOL=0
_CONDOR_HIGHPORT=9999
HOSTTYPE=x86_64-linux
MAKELEVEL=1
MFLAGS=
CCLSOFTWARE=/afs/crc.nd.edu/group/ccl/software/x86_64/redhat7
PATH=/afs/crc.nd.edu/user/n/nkremerh/cctools/bin:/afs/crc.nd.edu/user/n/nkremerh/miniconda/bin:/afs/crc.nd.edu/group/ccl/software/git:/afs/crc.nd.edu/user/n/nkremerh/.local/bin:/afs/crc.nd.edu/group/ccl/software/x86_64/redhat7/povray/3.7/bin:/afs/crc.nd.edu/user/n/nkremerh/.perl5/bin:/afs/crc.nd.edu/user/n/nkremerh/pegasus/bin:/afs/crc.nd.edu/user/n/nkremerh/nodejs/bin:/afs/crc.nd.edu/user/n/nkremerh/montage/bin:/afs/crc.nd.edu/user/n/nkremerh/latexdiff:/afs/crc.nd.edu/user/n/nkremerh/envtrace:/afs/crc.nd.edu/user/n/nkremerh/endlines:/afs/crc.nd.edu/user/n/nkremerh/cctools/bin:/afs/crc.nd.edu/user/n/nkremerh/.cargo/bin:/afs/crc.nd.edu/group/ccl/software/x86_64/redhat7/ruby/current/bin:/afs/crc.nd.edu/group/ccl/software/x86_64/redhat7/graphviz/current/bin:/afs/crc.nd.edu/group/ccl/software/x86_64/redhat7/gnuplot/current/bin:/afs/crc.nd.edu/group/ccl/software/x86_64/redhat7/git/current/bin:/afs/crc.nd.edu/group/ccl/software/x86_64/redhat7/condor/current/sbin:/afs/crc.nd.edu/group/ccl/software/x86_64/redhat7/condor/current/bin:/afs/crc.nd.edu/group/ccl/software/x86_64/redhat7/cmake/current/bin:/afs/crc.nd.edu/group/ccl/software/x86_64/redhat7/clang/current/bin:/afs/crc.nd.edu/group/ccl/software/x86_64/redhat7/condor/current/sbin:/afs/crc.nd.edu/group/ccl/software/x86_64/redhat7/condor/current/bin:/afs/crc.nd.edu/group/ccl/software/x86_64/redhat7/cctools/current/bin:/afs/crc.nd.edu/x86_64_linux/Modules/4.5.0/bin:/opt/crc/usr/local/bin:/opt/sge/bin/lx-amd64:/usr/local/bin:/usr/bin:/usr/local/sbin:/usr/sbin:/afs/crc.nd.edu/user/c/condor/software/bin:/afs/crc.nd.edu/user/c/condor/software/sbin
MAIL=/var/spool/mail/nkremerh
PWD=/var/condor/execute/dir_3816/worker-213124-3912/t.1616
_LMFILES_=/afs/crc.nd.edu/x86_64_linux/Modules/modules/system_modules/CRC_default/1.1
SGE_EXECD_PORT=6445
EDITOR=vim
LANG=en_US.UTF-8
MODULEPATH=/afs/crc.nd.edu/x86_64_linux/Modules/modules/development_tools_and_libraries:/afs/crc.nd.edu/x86_64_linux/Modules/modules/general_software:/afs/crc.nd.edu/x86_64_linux/Modules/modules/restricted_software:/afs/crc.nd.edu/x86_64_linux/Modules/modules/system_modules:/afs/crc.nd.edu/x86_64_linux/Modules/modules/deprecated_software:/afs/crc.nd.edu/x86_64_linux/Modules/current/modulefiles
SGE_QMASTER_PORT=6444
SGE_ROOT=/opt/sge
LOADEDMODULES=CRC_default/1.1
WORK_QUEUE_SANDBOX=/var/condor/execute/dir_3816/worker-213124-3912
_CONDOR_SLOT=slot2_2
CCLPLATFORM=x86_64/redhat7
USE_SYSTEMD=true
_CONDOR_LOWPORT=9100
KRB5CCNAME=FILE:/tmp/krb5cc_213124_6nLDKQ
HISTCONTROL=ignoreboth:erasedups
PATH_modshare=/opt/crc/usr/local/bin:1:/opt/sge/bin/lx-amd64:1:/usr/sbin:1:/usr/bin:1:/afs/crc.nd.edu/user/c/condor/software/sbin:1:/usr/local/sbin:1:/afs/crc.nd.edu/user/c/condor/software/bin:1:/usr/local/bin:1
SHLVL=7
HOME=disc01.crc.nd.edu
GLOBUS_GSSAPI_NAME_COMPATIBILITY=STRICT_RFC2818
_CONDOR_MACHINE_AD=/var/condor/execute/dir_3816/.machine.ad
OSTYPE=linux
DISK=18256
GREP_OPTIONS=--color=auto
GLOBUS_GSSAPI_MIN_TLS_PROTOCOL=TLS1_VERSION
MEMORY=1948
MANPATH_modshare=/usr/share/man/overrides:1:/usr/local/share/man:1:/usr/share/man:1:/opt/crc/usr/local/man:1:/opt/sge/man:1
VENDOR=unknown
BASH_ENV=/afs/crc.nd.edu/x86_64_linux/Modules/4.5.0/init/bash
PERL_LOCAL_LIB_ROOT=/afs/crc.nd.edu/user/n/nkremerh/.perl5/
PYTHONPATH=/afs/crc.nd.edu/user/n/nkremerh/cctools/lib/python3.6/site-packages/
CCLHOME=/afs/crc.nd.edu/group/ccl
MACHTYPE=x86_64
LOGNAME=nkremerh
TMP=/var/condor/execute/dir_3816/worker-213124-3912/t.1616/cctools-temp-t.1616.gRusMl
LD_LIBRARY_PATH_modshare=/opt/crc/usr/local/lib:1
MODULES_LMALTNAME_modshare=CRC_default/1.1&CRC_default/default&CRC_default:1
SSH_CONNECTION=10.17.150.200 39500 129.74.128.103 22
MODULESHOME=/afs/crc.nd.edu/x86_64_linux/Modules/4.5.0
OMP_NUM_THREADS=1
LESSOPEN=||/usr/bin/lesspipe.sh %s
GLOBUS_GSSAPI_BACKWARD_COMPATIBLE_MIC=true
GLOBUS_GSSAPI_CIPHERS=HIGH
LOADEDMODULES_modshare=CRC_default/1.1:1
_CONDOR_JOB_AD=/var/condor/execute/dir_3816/.job.ad
_CONDOR_ANCESTOR_3813=3816:1600703217:863843004
SGE_CLUSTER_NAME=CRC
XDG_RUNTIME_DIR=/run/user/213124
CCTOOLS=../cctools
CORES=2
_CONDOR_JOB_IWD=/var/condor/execute/dir_3816
PERL_MM_OPT=INSTALL_BASE=/afs/crc.nd.edu/user/n/nkremerh/.perl5/
_CONDOR_ANCESTOR_3816=3873:1600703219:3055618041
_CONDOR_ANCESTOR_3607=3813:1598183989:3519041155
GLOBUS_GSSAPI_SERVER_CIPHER_ORDER=true
BASH_FUNC_module()=() {  unset _mlshdbg;
 if [ "${MODULES_SILENT_SHELL_DEBUG:-0}" = '1' ]; then
 case "$-" in 
 *v*x*)
 set +vx;
 _mlshdbg='vx'
 ;;
 *v*)
 set +v;
 _mlshdbg='v'
 ;;
 *x*)
 set +x;
 _mlshdbg='x'
 ;;
 *)
 _mlshdbg=''
 ;;
 esac;
 fi;
 unset _mlre _mlIFS;
 if [ -n "${IFS+x}" ]; then
 _mlIFS=$IFS;
 fi;
 IFS=' ';
 for _mlv in ${MODULES_RUN_QUARANTINE:-};
 do
 if [ "${_mlv}" = "${_mlv##*[!A-Za-z0-9_]}" -a "${_mlv}" = "${_mlv#[0-9]}" ]; then
 if [ -n "`eval 'echo ${'$_mlv'+x}'`" ]; then
 _mlre="${_mlre:-}${_mlv}_modquar='`eval 'echo ${'$_mlv'}'`' ";
 fi;
 _mlrv="MODULES_RUNENV_${_mlv}";
 _mlre="${_mlre:-}${_mlv}='`eval 'echo ${'$_mlrv':-}'`' ";
 fi;
 done;
 if [ -n "${_mlre:-}" ]; then
 eval `eval ${_mlre}/usr/bin/tclsh /afs/crc.nd.edu/x86_64_linux/Modules/4.5.0/libexec/modulecmd.tcl bash '"$@"'`;
 else
 eval `/usr/bin/tclsh /afs/crc.nd.edu/x86_64_linux/Modules/4.5.0/libexec/modulecmd.tcl bash "$@"`;
 fi;
 _mlstatus=$?;
 if [ -n "${_mlIFS+x}" ]; then
 IFS=$_mlIFS;
 else
 unset IFS;
 fi;
 unset _mlre _mlv _mlrv _mlIFS;
 if [ -n "${_mlshdbg:-}" ]; then
 set -$_mlshdbg;
 fi;
 unset _mlshdbg;
 return $_mlstatus
}
BASH_FUNC_ml()=() {  module ml "$@"
}
_=/usr/bin/printenv
