18423   0.000000 libjli.so->getenv("_JAVA_LAUNCHER_DEBUG") = nil
18423   0.001717 libjli.so->getenv("_JAVA_VERSION_SET") = nil
18423   0.000648 libjli.so->fopen("/usr/lib/jvm/java-1.8.0-openjdk-1.8.0.262.b10-0.el7_8.x86_64/jre/lib/amd64/jvm.cfg", "r") = 0x5644967e00e0
18423   0.000856 libjli.so->getenv("JDK_ALTERNATE_VM") = nil
18423   0.000381 libjli.so->__xstat(1, "/usr/lib/jvm/java-1.8.0-openjdk-1.8.0.262.b10-0.el7_8.x86_64/jre/lib/amd64/server/libjvm.so", 0x7ffd6451d650) = 0
18423   0.001227 libjli.so->getenv("LD_LIBRARY_PATH") = "/afs/crc.nd.edu/group/ccl/software/x86_64/redhat7/ruby/current/lib:/afs/crc.nd.edu/group/ccl/software/x86_64/redhat7/graphviz/current/lib:/afs/crc.nd.edu/group/ccl/software/x86_64/redhat7/git/current/lib:/afs/crc.nd.edu/group/ccl/software/x86_64/redhat7/condor/current/lib:/afs/crc.nd.edu/group/ccl/software/x86_64/redhat7/clang/current/lib:/afs/crc.nd.edu/group/ccl/software/x86_64/redhat7/condor/current/lib:/afs/crc.nd.edu/group/ccl/software/x86_64/redhat7/cctools/current/lib:/opt/crc/usr/local/lib"
18423   0.002168 libjli.so->dlopen("/usr/lib/jvm/java-1.8.0-openjdk-1.8.0.262.b10-0.el7_8.x86_64/jre/lib/amd64/server/libjvm.so", 258 <unfinished ...>
18423   0.039772 libjvm.so->getenv("NMT_LEVEL_18423") = nil
18423   0.001656 <... dlopen resumed> )          = 0x5644967e04b0
18423   0.000078 libjli.so->getenv("CLASSPATH")  = nil
18423   0.000322 libjli.so->getenv("_JAVA_SPLASH_JAR") = nil
18423   0.000330 libjli.so->getenv("_JAVA_SPLASH_FILE") = nil
18423   0.000342 libjli.so->pthread_attr_setdetachstate(0x7ffd6451d600, 0, 0x7ffd6451d690, 0) = 0
18423   0.000420 libpthread.so.0->__clone(0x2b88cc858de0, 0x2b88cc76bfc0, 0x3d0f00, 0x2b88cc76c700) = 0x47f8
18424   0.002332 libjvm.so->dlopen(0x2b88ce0379ae, 1, 0xfffffffffff42c48, 4096) = 0x2b88d0000990
18424   0.003801 libjvm.so->getenv(0x2b88ce05283e, 0, 115, 0x65737361) = 0x7ffd645246c2
18424   0.000485 libjvm.so->fopen(0x2b88cc76ac10, 0x2b88cdfeeccb, 0x6f732e79666972, 0x2b88cd130ab0) = 0x2b88d0001440
18424   0.001825 libjvm.so->dlopen(0x2b88cc76ac10, 1, 0xffffffff, 0x2b88d0002b00) = 0x2b88d0001440
18424   0.001460 libjvm.so->fopen(0x2b88cc76ac10, 0x2b88cdfeeccb, 111, 0x732e6176) = 0x2b88d0001b10
18424   0.002940 libjvm.so->dlopen(0x2b88cc76ac10, 1, 0xffffffff, 0x2b88d0001a00) = 0x2b88d0001b10
18424   0.001976 libjvm.so->__xstat(1, 0x2b88cc76b360, 0x2b88cc76bba0, 0x746f7073746f682e) = -1
18424   0.000966 libjvm.so->getenv(0x2b88cdfe7541, 0x2b88cc76b6d0, 1024, 0x2b88ce4a161b) = 0
18424   0.000454 libjvm.so->getenv(0x2b88cdfe7533, 0x2b88cc76b6d0, 1024, 0) = 0
18424   0.000447 libjvm.so->fopen(0x2b88ce037315, 0x2b88cdfeeccb, 4095, 0xffffd47732018b03) = 0x2b88d00032f0
18424   0.001422 libjvm.so->fopen(0x2b88ce037361, 0x2b88cdfeeccb, 0x2b88d0000078, 0x2b88d00032e0) = 0x2b88d00032f0
18424   0.000932 libjvm.so->fopen(0x2b88cc7659b0, 0x2b88cdfeeccb, 4014, 3995) = 0x2b88d00032f0
18424   0.000710 libjvm.so->opendir(0x2b88d0002b40, 0x2b88d0002b40, 13, 16) = 0
18424   0.000537 libjvm.so->__xstat(1, 0x2b88cc76a8f0, 0x2b88cc769860, 0x6f732e7477616d62) = -1
18424   0.000553 libjvm.so->__xstat(1, 0x2b88cc76a8f0, 0x2b88cc769860, 0x5f74776162696c2f) = 0
18424   0.000559 libjvm.so->fopen(0x2b88cc769b90, 0x2b88cdfeeccb, 4009, 3994) = 0x2b88d00037d0
18424   0.000750 libjvm.so->fopen(0x2b88cc769b90, 0x2b88cdfeeccb, 4009, 3994) = 0x2b88d00037d0
18424   0.001147 libjvm.so->fopen(0x2b88cc769b90, 0x2b88cdfeeccb, 4009, 4002) = 0x2b88d00037d0
18424   0.000727 libjvm.so->fopen(0x2b88cc769b20, 0x2b88cdfeeccb, 4009, 3994) = 0x2b88d00037d0
18424   0.001342 libjvm.so->fopen(0x2b88cc769b20, 0x2b88cdfeeccb, 4009, 3994) = 0x2b88d00037d0
18424   0.001210 libjvm.so->fopen(0x2b88cc769b20, 0x2b88cdfeeccb, 4009, 4002) = 0x2b88d00037d0
18424   0.000849 libjvm.so->fopen(0x2b88cc769b50, 0x2b88cdfeeccb, 4014, 3995) = 0x2b88d00037d0
18424   0.002243 libjvm.so->getenv(0x2b88ce0380ff, 4096, 3, -1) = 0
18424   0.002541 libjvm.so->fopen(0x2b88ce037998, 0x2b88cdfeeccb, 0x2b88cc84f908, 0x2b88cc84edf0) = 0x2b88d00037d0
18424   0.005400 libjvm.so->open(0x2b88d004a5c0, 0x20000, 0, 0x2b88d004a609) = 3
18424   0.000480 libjvm.so->__fxstat(1, 3, 0x2b88cc76ba00, -1) = 0
18424   0.000496 libjvm.so->opendir(0x2b88d004a5c0, 0x2b88cc76ba00, 0x4000, -1) = 0x2b88d004b4d0
18424   0.000495 libjvm.so->__fxstat(1, 3, 0x2b88cc76b8a0, 0x2b88d004b4d0) = 0
18424   0.000508 libjvm.so->__fxstat(1, 5, 0x2b88cc76b930, -1) = 0
18424   0.000454 libjvm.so->open(0x2b88ce0059dc, 0, 0, 0) = 3
18424   0.000737 libjvm.so->__lxstat(1, 0x2b88d004a5c0, 0x2b88cc76bb50, -144) = 0
18424   0.000483 libjvm.so->open(0x2b88d004a5c0, 0x20000, 0x4000, -1) = 3
18424   0.000491 libjvm.so->__fxstat(1, 3, 0x2b88cc76ba00, -1) = 0
18424   0.000456 libjvm.so->opendir(0x2b88d004a5c0, 0x2b88cc76ba00, 0x4000, -1) = 0x2b88d004b4d0
18424   0.000456 libjvm.so->__fxstat(1, 3, 0x2b88cc76b8a0, 0x2b88d004b4d0) = 0
18424   0.000456 libjvm.so->__fxstat(1, 5, 0x2b88cc76b930, -1) = 0
18424   0.000514 libjvm.so->open(0x2b88ce0059dc, 0, 0, 0) = 3
18424   0.000468 libjvm.so->open(0x2b88d004a609, 0x20042, 384, -1) = 7
18424   0.001063 libjvm.so->__fxstat(1, 7, 0x2b88cc76bb50, -1) = 0
18424   0.001976 libjvm.so->fopen(0x2b88cc76ab60, 0x2b88cdfeeccb, 4, 0x6f732e70) = 0x2b88d0057c20
18424   0.001982 libjvm.so->dlopen(0x2b88cc76ab60, 1, 0xffffffff, 0x2b88d0057b00) = 0x2b88d0057c20
18424   0.002374 libjvm.so->__xstat(1, 0x2b88cc76b120, 0x2b88cc76b950, 2048) = 0
18424   0.000461 libjvm.so->__xstat(1, 0x2b88cc76b120, 0x2b88cc76b950, 2048) = 0
18424   0.000576 libjvm.so->__xstat(1, 0x2b88cc76b120, 0x2b88cc76b950, 2048) = -1
18424   0.000452 libjvm.so->__xstat(1, 0x2b88cc76b120, 0x2b88cc76b950, 2048) = 0
18424   0.000542 libjvm.so->__xstat(1, 0x2b88cc76b120, 0x2b88cc76b950, 2048) = 0
18424   0.000510 libjvm.so->__xstat(1, 0x2b88cc76b120, 0x2b88cc76b950, 2048) = 0
18424   0.000518 libjvm.so->__xstat(1, 0x2b88cc76b120, 0x2b88cc76b950, 2048) = 0
18424   0.000504 libjvm.so->__xstat(1, 0x2b88cc76b120, 0x2b88cc76b950, 2048) = -1
18424   0.000712 libjvm.so->fopen(0x2b88d0002520, 0x2b88cdfeeccb, 0, 0) = 0x2b88d0058ac0
18424   0.010818 libjvm.so->open64(0x2b88cc76a410, 0, 0, 16) = 3
18424   0.000473 libjvm.so->__fxstat64(1, 3, 0x2b88cc76a240, -1) = 0
18424   0.051335 libjvm.so->__xstat(1, 0x2b88cc76af20, 0x2b88cc76b750, 2048) = -1
18424   0.000947 libjvm.so->fopen(0x2b88cc769b20, 0x2b88cdfeeccb, 4009, 3994) = 0x2b88d00b5d40
18424   0.001289 libjvm.so->fopen(0x2b88cc769b20, 0x2b88cdfeeccb, 4009, 3994) = 0x2b88d00b5d40
18424   0.000844 libjvm.so->fopen(0x2b88cc769b20, 0x2b88cdfeeccb, 4009, 4002) = 0x2b88d00b5d40
18424   0.004582 libjvm.so->pthread_attr_setdetachstate(0x2b88cc76bc00, 1, 0, 0) = 0
18424   0.000775 libpthread.so.0->__clone(0x2b88cc858de0, 0x2b88cfed0fc0, 0x3d0f00, 0x2b88cfed1700) = 0x47fa
18424   0.020468 libjvm.so->pthread_attr_setdetachstate(0x2b88cc76b290, 1, 0, 0) = 0
18424   0.000730 libpthread.so.0->__clone(0x2b88cc858de0, 0x2b88cffd1fc0, 0x3d0f00, 0x2b88cffd2700) = 0x47fc
18424   0.009941 libjvm.so->pthread_attr_setdetachstate(0x2b88cc76b610, 1, 0, 0) = 0
18424   0.001253 libpthread.so.0->__clone(0x2b88cc858de0, 0x2b88e530bfc0, 0x3d0f00, 0x2b88e530c700) = 0x47ff
18424   0.053732 libjvm.so->fopen(0x2b88d00f17f0, 0x2b88cdfeeccb, 4, 0x6f732e70) = 0x2b88d00f1cf0
18424   0.002259 libjvm.so->dlopen(0x2b88d00f17f0, 1, 0xffffffff, 0x2b88d00e8c00) = 0x2b88d0057c20
18424   0.007398 libjvm.so->open64(0x2b88cc76a510, 0, 0, 16) = 5
18424   0.001894 libjvm.so->__fxstat64(1, 5, 0x2b88cc76a340, -1) = 0
18424   0.023238 libjvm.so->fopen(0x2b88cc767130, 0x2b88cdfeeccb, 4009, 3994) = 0x2b88d00fccc0
18424   0.001177 libjvm.so->fopen(0x2b88cc767130, 0x2b88cdfeeccb, 4009, 3994) = 0x2b88d00fccc0
18424   0.001173 libjvm.so->fopen(0x2b88cc767130, 0x2b88cdfeeccb, 4009, 4002) = 0x2b88d00fccc0
18424   0.021060 libjvm.so->pthread_attr_setdetachstate(0x2b88cc76bb50, 1, 0, 0) = 0
18424   0.001201 libpthread.so.0->__clone(0x2b88cc858de0, 0x2b88e540cfc0, 0x3d0f00, 0x2b88e540d700) = 0x4808
18424   0.001596 libjvm.so->__xstat64(1, 0x2b88cc76bbe0, 0x2b88cc76bb50, 19) = -1
18424   0.001465 libjvm.so->pthread_attr_setdetachstate(0x2b88cc76b950, 1, 0, 0) = 0
18424   0.001881 libpthread.so.0->__clone(0x2b88cc858de0, 0x2b88e550dfc0, 0x3d0f00, 0x2b88e550e700) = 0x480c
18424   0.004991 libjvm.so->pthread_attr_setdetachstate(0x2b88cc76b950, 1, 0, 0) = 0
18424   0.001308 libpthread.so.0->__clone(0x2b88cc858de0, 0x2b88e560efc0, 0x3d0f00, 0x2b88e560f700) = 0x480d
18424   0.009969 libjvm.so->pthread_attr_setdetachstate(0x2b88cc76baa0, 1, 0, 0) = 0
18424   0.001413 libpthread.so.0->__clone(0x2b88cc858de0, 0x2b88e570ffc0, 0x3d0f00, 0x2b88e5710700) = 0x480f
18424   0.002312 libjvm.so->pthread_attr_setdetachstate(0x2b88cc76bbb0, 1, 0, 0) = 0
18424   0.003546 libpthread.so.0->__clone(0x2b88cc858de0, 0x2b88e5810fc0, 0x3d0f00, 0x2b88e5811700) = 0x4811
18424   0.016834 libjvm.so->open64(0x2b88d0128890, 0, 0, 16) = 7
18424   0.001735 libjvm.so->__fxstat64(1, 7, 0x2b88cc768f60, -1) = 0
18424   0.026686 libjvm.so->fopen(0x2b88d01545e0, 0x2b88cdfeeccb, 4, 0x6f732e6f) = 0x2b88d01546a0
18424   0.004673 libjvm.so->dlopen(0x2b88d01545e0, 1, 0xffffffff, 0x2b88d0154600) = 0x2b88d01546a0
18424   0.109127 libjvm.so->fopen(0x2b88cc765e40, 0x2b88cdfeeccb, 0x6f732e, 0x6d766a62696c2f72) = 0x2b88d016c480
18424   0.015452 libjvm.so->dlopen(0x2b88cc765e40, 1, 0xffffffff, 0x2b88d016c400) = 0x5644967e04b0
18424   0.004561 libjvm.so->fopen(0x2b88cc765e40, 0x2b88cdfeeccb, 0x6f732e, 0x6d766a62696c2f72) = 0x2b88d016c880
18424   0.007913 libjvm.so->dlopen(0x2b88cc765e40, 1, 0xffffffff, 0x2b88d016c400) = 0x5644967e04b0
18424   0.001859 libjvm.so->fopen(0x2b88cc765e40, 0x2b88cdfeeccb, 0x6f732e, 0x6d766a62696c2f72) = 0x2b88d016c480
18424   0.004440 libjvm.so->dlopen(0x2b88cc765e40, 1, 0xffffffff, 0x2b88d016c400) = 0x5644967e04b0
18424   0.003964 libjvm.so->fopen(0x2b88cc765e40, 0x2b88cdfeeccb, 0x6f732e, 0x6d766a62696c2f72) = 0x2b88d016c480
18424   0.005184 libjvm.so->dlopen(0x2b88cc765e40, 1, 0xffffffff, 0x2b88d016c400) = 0x5644967e04b0
18424   0.053251 libjvm.so->fopen(0x2b88d01a72a0, 0x2b88cdfeeccb, 4, 0x6f732e74) = 0x2b88d01c7310
18424   0.003192 libjvm.so->dlopen(0x2b88d01a72a0, 1, 0xffffffff, 0x2b88d01b3e00) = 0x2b88d01c7310
18424   0.154590 libjvm.so->fopen(0x2b88d02403a0, 0x2b88cdfeeccb, 0x6f732e7373656c, 0x656c646165685f74) = 0x2b88d0240480
18424   0.003052 libjvm.so->dlopen(0x2b88d02403a0, 1, 0xffffffff, 0x2b88d0240400) = 0x2b88d0240480
18449   0.043714 +++ exited (status 0) +++
18440   0.000447 +++ exited (status 0) +++
18426   0.000305 +++ exited (status 0) +++
18424   0.000282 +++ exited (status 0) +++
18447   0.000234 +++ exited (status 1) +++
18445   0.000021 +++ exited (status 1) +++
18444   0.000015 +++ exited (status 1) +++
18431   0.000014 +++ exited (status 1) +++
18428   0.005199 +++ exited (status 1) +++
18423   0.000046 +++ exited (status 1) +++
Wrote an ltrace for command: "java -cp ./tools/maxent.jar density.Project outputs/Actinotia_intermediata_Bremer/Actinotia_intermediata_Bremer.lambdas data/layers/worldclim outputs/Actinotia_intermediata_Bremer_worldclim.asc nowarnings nocache autorun -z" with PID 18418 from PPID 18387 on disc20.crc.nd.edu with result 1
REMOTEHOST=10.17.150.200
_CONDOR_JOB_PIDS=
MANPATH=/afs/crc.nd.edu/user/n/nkremerh/cctools/share/man/:/afs/crc.nd.edu/group/ccl/software/x86_64/redhat7/ruby/current/share/man:/afs/crc.nd.edu/group/ccl/software/x86_64/redhat7/graphviz/current/share/man:/afs/crc.nd.edu/group/ccl/software/x86_64/redhat7/gnuplot/current/share/man:/afs/crc.nd.edu/group/ccl/software/x86_64/redhat7/git/current/share/man:/afs/crc.nd.edu/group/ccl/software/x86_64/redhat7/condor/current/share/man:/afs/crc.nd.edu/group/ccl/software/x86_64/redhat7/clang/current/share/man:/afs/crc.nd.edu/group/ccl/software/x86_64/redhat7/condor/current/share/man:/afs/crc.nd.edu/group/ccl/software/x86_64/redhat7/cctools/current/share/man:/afs/crc.nd.edu/group/ccl/software/x86_64/redhat7/cctools/current/share/man:/afs/crc.nd.edu/x86_64_linux/Modules/4.5.0/share/man:/opt/crc/usr/local/man:/opt/sge/man:/usr/share/man/overrides:/usr/share/man:/usr/local/share/man
XDG_SESSION_ID=5195
HOSTNAME=disc01.crc.nd.edu
_LMFILES__modshare=/afs/crc.nd.edu/x86_64_linux/Modules/modules/system_modules/CRC_default/1.1:1
_CONDOR_ANCESTOR_3560=6167:1600703217:3669882799
MODULEPATH_modshare=/afs/crc.nd.edu/x86_64_linux/Modules/modules/general_software:1:/afs/crc.nd.edu/x86_64_linux/Modules/modules/development_tools_and_libraries:1:/afs/crc.nd.edu/x86_64_linux/Modules/modules/system_modules:1:/afs/crc.nd.edu/x86_64_linux/Modules/current/modulefiles:1:/afs/crc.nd.edu/x86_64_linux/Modules/modules/restricted_software:1:/afs/crc.nd.edu/x86_64_linux/Modules/modules/deprecated_software:1
MODULES_CMD=/afs/crc.nd.edu/x86_64_linux/Modules/4.5.0/libexec/modulecmd.tcl
HOST=disc01.crc.nd.edu
SHELL=/bin/tcsh
TERM=xterm-256color
MAKEFLAGS=
HISTSIZE=5000
TMPDIR=/var/condor/execute/dir_6167/worker-213124-6262/t.1415/cctools-temp-t.1415.BtrHzy
SSH_CLIENT=10.17.150.200 39500 22
PERL5LIB=/afs/crc.nd.edu/user/n/nkremerh/cctools/lib/perl5/site_perl/5.16.3:/afs/crc.nd.edu/user/n/nkremerh/.perl5/lib/perl5
SGE_CELL=crc
_CONDOR_ANCESTOR_3197=3560:1598183979:2962516177
_CONDOR_SCRATCH_DIR=/var/condor/execute/dir_6167
PERL_MB_OPT=--install_base '/afs/crc.nd.edu/user/n/nkremerh/.perl5/'
SSH_TTY=/dev/pts/0
SGE_LOAD_AVG=load_avg
MAKEFLOW_MAX_LOCAL_JOBS=2
HISTFILESIZE=10000
_CHIRP_DELAYED_UPDATE_PREFIX=Chirp*
USER=nkremerh
GROUP=campus
LD_LIBRARY_PATH=/afs/crc.nd.edu/group/ccl/software/x86_64/redhat7/ruby/current/lib:/afs/crc.nd.edu/group/ccl/software/x86_64/redhat7/graphviz/current/lib:/afs/crc.nd.edu/group/ccl/software/x86_64/redhat7/git/current/lib:/afs/crc.nd.edu/group/ccl/software/x86_64/redhat7/condor/current/lib:/afs/crc.nd.edu/group/ccl/software/x86_64/redhat7/clang/current/lib:/afs/crc.nd.edu/group/ccl/software/x86_64/redhat7/condor/current/lib:/afs/crc.nd.edu/group/ccl/software/x86_64/redhat7/cctools/current/lib:/opt/crc/usr/local/lib
TEMP=/var/condor/execute/dir_6167/worker-213124-6262/t.1415/cctools-temp-t.1415.BtrHzy
BATCH_SYSTEM=HTCondor
WORKER_TMPDIR=/var/condor/execute/dir_6167/worker-213124-6262/cache/tmp
ENV=/afs/crc.nd.edu/x86_64_linux/Modules/4.5.0/init/profile.sh
MODULES_LMALTNAME=CRC_default/1.1&CRC_default/default&CRC_default
_CONDOR_CHIRP_CONFIG=/var/condor/execute/dir_6167/.chirp.config
GLOBUS_GSSAPI_MAX_TLS_PROTOCOL=0
_CONDOR_HIGHPORT=9999
HOSTTYPE=x86_64-linux
MAKELEVEL=1
MFLAGS=
CCLSOFTWARE=/afs/crc.nd.edu/group/ccl/software/x86_64/redhat7
PATH=/afs/crc.nd.edu/user/n/nkremerh/cctools/bin:/afs/crc.nd.edu/user/n/nkremerh/miniconda/bin:/afs/crc.nd.edu/group/ccl/software/git:/afs/crc.nd.edu/user/n/nkremerh/.local/bin:/afs/crc.nd.edu/group/ccl/software/x86_64/redhat7/povray/3.7/bin:/afs/crc.nd.edu/user/n/nkremerh/.perl5/bin:/afs/crc.nd.edu/user/n/nkremerh/pegasus/bin:/afs/crc.nd.edu/user/n/nkremerh/nodejs/bin:/afs/crc.nd.edu/user/n/nkremerh/montage/bin:/afs/crc.nd.edu/user/n/nkremerh/latexdiff:/afs/crc.nd.edu/user/n/nkremerh/envtrace:/afs/crc.nd.edu/user/n/nkremerh/endlines:/afs/crc.nd.edu/user/n/nkremerh/cctools/bin:/afs/crc.nd.edu/user/n/nkremerh/.cargo/bin:/afs/crc.nd.edu/group/ccl/software/x86_64/redhat7/ruby/current/bin:/afs/crc.nd.edu/group/ccl/software/x86_64/redhat7/graphviz/current/bin:/afs/crc.nd.edu/group/ccl/software/x86_64/redhat7/gnuplot/current/bin:/afs/crc.nd.edu/group/ccl/software/x86_64/redhat7/git/current/bin:/afs/crc.nd.edu/group/ccl/software/x86_64/redhat7/condor/current/sbin:/afs/crc.nd.edu/group/ccl/software/x86_64/redhat7/condor/current/bin:/afs/crc.nd.edu/group/ccl/software/x86_64/redhat7/cmake/current/bin:/afs/crc.nd.edu/group/ccl/software/x86_64/redhat7/clang/current/bin:/afs/crc.nd.edu/group/ccl/software/x86_64/redhat7/condor/current/sbin:/afs/crc.nd.edu/group/ccl/software/x86_64/redhat7/condor/current/bin:/afs/crc.nd.edu/group/ccl/software/x86_64/redhat7/cctools/current/bin:/afs/crc.nd.edu/x86_64_linux/Modules/4.5.0/bin:/opt/crc/usr/local/bin:/opt/sge/bin/lx-amd64:/usr/local/bin:/usr/bin:/usr/local/sbin:/usr/sbin:/afs/crc.nd.edu/user/c/condor/software/bin:/afs/crc.nd.edu/user/c/condor/software/sbin
MAIL=/var/spool/mail/nkremerh
PWD=/var/condor/execute/dir_6167/worker-213124-6262/t.1415
_LMFILES_=/afs/crc.nd.edu/x86_64_linux/Modules/modules/system_modules/CRC_default/1.1
SGE_EXECD_PORT=6445
EDITOR=vim
LANG=en_US.UTF-8
MODULEPATH=/afs/crc.nd.edu/x86_64_linux/Modules/modules/development_tools_and_libraries:/afs/crc.nd.edu/x86_64_linux/Modules/modules/general_software:/afs/crc.nd.edu/x86_64_linux/Modules/modules/restricted_software:/afs/crc.nd.edu/x86_64_linux/Modules/modules/system_modules:/afs/crc.nd.edu/x86_64_linux/Modules/modules/deprecated_software:/afs/crc.nd.edu/x86_64_linux/Modules/current/modulefiles
SGE_QMASTER_PORT=6444
SGE_ROOT=/opt/sge
LOADEDMODULES=CRC_default/1.1
WORK_QUEUE_SANDBOX=/var/condor/execute/dir_6167/worker-213124-6262
_CONDOR_SLOT=slot2_2
CCLPLATFORM=x86_64/redhat7
USE_SYSTEMD=true
_CONDOR_LOWPORT=9100
KRB5CCNAME=FILE:/tmp/krb5cc_213124_6nLDKQ
HISTCONTROL=ignoreboth:erasedups
PATH_modshare=/opt/crc/usr/local/bin:1:/opt/sge/bin/lx-amd64:1:/usr/sbin:1:/usr/bin:1:/afs/crc.nd.edu/user/c/condor/software/sbin:1:/usr/local/sbin:1:/afs/crc.nd.edu/user/c/condor/software/bin:1:/usr/local/bin:1
SHLVL=7
HOME=disc01.crc.nd.edu
GLOBUS_GSSAPI_NAME_COMPATIBILITY=STRICT_RFC2818
_CONDOR_MACHINE_AD=/var/condor/execute/dir_6167/.machine.ad
OSTYPE=linux
DISK=18235
GREP_OPTIONS=--color=auto
GLOBUS_GSSAPI_MIN_TLS_PROTOCOL=TLS1_VERSION
MEMORY=1948
_CONDOR_ANCESTOR_6167=6231:1600703219:3527723001
MANPATH_modshare=/usr/share/man/overrides:1:/usr/local/share/man:1:/usr/share/man:1:/opt/crc/usr/local/man:1:/opt/sge/man:1
VENDOR=unknown
BASH_ENV=/afs/crc.nd.edu/x86_64_linux/Modules/4.5.0/init/bash
PERL_LOCAL_LIB_ROOT=/afs/crc.nd.edu/user/n/nkremerh/.perl5/
PYTHONPATH=/afs/crc.nd.edu/user/n/nkremerh/cctools/lib/python3.6/site-packages/
CCLHOME=/afs/crc.nd.edu/group/ccl
MACHTYPE=x86_64
LOGNAME=nkremerh
TMP=/var/condor/execute/dir_6167/worker-213124-6262/t.1415/cctools-temp-t.1415.BtrHzy
LD_LIBRARY_PATH_modshare=/opt/crc/usr/local/lib:1
MODULES_LMALTNAME_modshare=CRC_default/1.1&CRC_default/default&CRC_default:1
SSH_CONNECTION=10.17.150.200 39500 129.74.128.103 22
MODULESHOME=/afs/crc.nd.edu/x86_64_linux/Modules/4.5.0
OMP_NUM_THREADS=1
LESSOPEN=||/usr/bin/lesspipe.sh %s
GLOBUS_GSSAPI_BACKWARD_COMPATIBLE_MIC=true
GLOBUS_GSSAPI_CIPHERS=HIGH
LOADEDMODULES_modshare=CRC_default/1.1:1
_CONDOR_JOB_AD=/var/condor/execute/dir_6167/.job.ad
SGE_CLUSTER_NAME=CRC
XDG_RUNTIME_DIR=/run/user/213124
CCTOOLS=../cctools
CORES=2
_CONDOR_JOB_IWD=/var/condor/execute/dir_6167
PERL_MM_OPT=INSTALL_BASE=/afs/crc.nd.edu/user/n/nkremerh/.perl5/
GLOBUS_GSSAPI_SERVER_CIPHER_ORDER=true
BASH_FUNC_module()=() {  unset _mlshdbg;
 if [ "${MODULES_SILENT_SHELL_DEBUG:-0}" = '1' ]; then
 case "$-" in 
 *v*x*)
 set +vx;
 _mlshdbg='vx'
 ;;
 *v*)
 set +v;
 _mlshdbg='v'
 ;;
 *x*)
 set +x;
 _mlshdbg='x'
 ;;
 *)
 _mlshdbg=''
 ;;
 esac;
 fi;
 unset _mlre _mlIFS;
 if [ -n "${IFS+x}" ]; then
 _mlIFS=$IFS;
 fi;
 IFS=' ';
 for _mlv in ${MODULES_RUN_QUARANTINE:-};
 do
 if [ "${_mlv}" = "${_mlv##*[!A-Za-z0-9_]}" -a "${_mlv}" = "${_mlv#[0-9]}" ]; then
 if [ -n "`eval 'echo ${'$_mlv'+x}'`" ]; then
 _mlre="${_mlre:-}${_mlv}_modquar='`eval 'echo ${'$_mlv'}'`' ";
 fi;
 _mlrv="MODULES_RUNENV_${_mlv}";
 _mlre="${_mlre:-}${_mlv}='`eval 'echo ${'$_mlrv':-}'`' ";
 fi;
 done;
 if [ -n "${_mlre:-}" ]; then
 eval `eval ${_mlre}/usr/bin/tclsh /afs/crc.nd.edu/x86_64_linux/Modules/4.5.0/libexec/modulecmd.tcl bash '"$@"'`;
 else
 eval `/usr/bin/tclsh /afs/crc.nd.edu/x86_64_linux/Modules/4.5.0/libexec/modulecmd.tcl bash "$@"`;
 fi;
 _mlstatus=$?;
 if [ -n "${_mlIFS+x}" ]; then
 IFS=$_mlIFS;
 else
 unset IFS;
 fi;
 unset _mlre _mlv _mlrv _mlIFS;
 if [ -n "${_mlshdbg:-}" ]; then
 set -$_mlshdbg;
 fi;
 unset _mlshdbg;
 return $_mlstatus
}
BASH_FUNC_ml()=() {  module ml "$@"
}
_=/usr/bin/printenv
