8690   0.000000 libjli.so->getenv("_JAVA_LAUNCHER_DEBUG") = nil
8690   0.001616 libjli.so->getenv("_JAVA_VERSION_SET") = nil
8690   0.000697 libjli.so->fopen("/usr/lib/jvm/java-1.8.0-openjdk-1.8.0.262.b10-0.el7_8.x86_64/jre/lib/amd64/jvm.cfg", "r") = 0x55feecdef0f0
8690   0.000731 libjli.so->getenv("JDK_ALTERNATE_VM") = nil
8690   0.000311 libjli.so->__xstat(1, "/usr/lib/jvm/java-1.8.0-openjdk-1.8.0.262.b10-0.el7_8.x86_64/jre/lib/amd64/server/libjvm.so", 0x7ffd75817ae0) = 0
8690   0.000580 libjli.so->getenv("LD_LIBRARY_PATH") = "/afs/crc.nd.edu/group/ccl/software/x86_64/redhat7/ruby/current/lib:/afs/crc.nd.edu/group/ccl/software/x86_64/redhat7/graphviz/current/lib:/afs/crc.nd.edu/group/ccl/software/x86_64/redhat7/git/current/lib:/afs/crc.nd.edu/group/ccl/software/x86_64/redhat7/condor/current/lib:/afs/crc.nd.edu/group/ccl/software/x86_64/redhat7/clang/current/lib:/afs/crc.nd.edu/group/ccl/software/x86_64/redhat7/condor/current/lib:/afs/crc.nd.edu/group/ccl/software/x86_64/redhat7/cctools/current/lib:/opt/crc/usr/local/lib"
8690   0.001965 libjli.so->dlopen("/usr/lib/jvm/java-1.8.0-openjdk-1.8.0.262.b10-0.el7_8.x86_64/jre/lib/amd64/server/libjvm.so", 258 <unfinished ...>
8690   0.034492 libjvm.so->getenv("NMT_LEVEL_8690") = nil
8690   0.001623 <... dlopen resumed> )           = 0x55feecdef4c0
8690   0.000062 libjli.so->getenv("CLASSPATH")   = nil
8690   0.000281 libjli.so->getenv("_JAVA_SPLASH_JAR") = nil
8690   0.000275 libjli.so->getenv("_JAVA_SPLASH_FILE") = nil
8690   0.000344 libjli.so->pthread_attr_setdetachstate(0x7ffd75817a90, 0, 0x7ffd75817b20, 0) = 0
8690   0.000525 libpthread.so.0->__clone(0x2b54c949ade0, 0x2b54c93adfc0, 0x3d0f00, 0x2b54c93ae700) = 8693
8693   0.001682 libjvm.so->dlopen(0x2b54cac799ae, 1, 0xfffffffffff42c48, 4096) = 0x2b54cc000990
8693   0.002155 libjvm.so->getenv(0x2b54cac9483e, 0, 115, 0x65737361) = 0x7ffd7581e6ae
8693   0.000409 libjvm.so->fopen(0x2b54c93acc10, 0x2b54cac30ccb, 0x6f732e79666972, 0x2b54c9d72ab0) = 0x2b54cc001440
8693   0.001333 libjvm.so->dlopen(0x2b54c93acc10, 1, 0xffffffff, 0x2b54cc002b00) = 0x2b54cc001440
8693   0.001371 libjvm.so->fopen(0x2b54c93acc10, 0x2b54cac30ccb, 111, 0x732e6176) = 0x2b54cc001b10
8693   0.001930 libjvm.so->dlopen(0x2b54c93acc10, 1, 0xffffffff, 0x2b54cc001a00) = 0x2b54cc001b10
8693   0.001693 libjvm.so->__xstat(1, 0x2b54c93ad360, 0x2b54c93adba0, 0x746f7073746f682e) = -1
8693   0.000432 libjvm.so->getenv(0x2b54cac29541, 0x2b54c93ad6d0, 1024, 0x2b54cb0e361b) = 0
8693   0.000462 libjvm.so->getenv(0x2b54cac29533, 0x2b54c93ad6d0, 1024, 0) = 0
8693   0.000400 libjvm.so->fopen(0x2b54cac79315, 0x2b54cac30ccb, 4095, 0xffffd4ab353d6b03) = 0x2b54cc003290
8693   0.000965 libjvm.so->fopen(0x2b54cac79361, 0x2b54cac30ccb, 0x2b54cc000078, 0x2b54cc003280) = 0x2b54cc003290
8693   0.000638 libjvm.so->fopen(0x2b54c93a79b0, 0x2b54cac30ccb, 4014, 3995) = 0x2b54cc003290
8693   0.000605 libjvm.so->opendir(0x2b54cc002b40, 0x2b54cc002b40, 13, 16) = 0
8693   0.000557 libjvm.so->__xstat(1, 0x2b54c93ac8f0, 0x2b54c93ab860, 0x6f732e7477616d62) = -1
8693   0.000629 libjvm.so->__xstat(1, 0x2b54c93ac8f0, 0x2b54c93ab860, 0x5f74776162696c2f) = 0
8693   0.000507 libjvm.so->fopen(0x2b54c93abb90, 0x2b54cac30ccb, 4009, 3994) = 0x2b54cc003770
8693   0.001609 libjvm.so->fopen(0x2b54c93abb90, 0x2b54cac30ccb, 4009, 3994) = 0x2b54cc003770
8693   0.000617 libjvm.so->fopen(0x2b54c93abb90, 0x2b54cac30ccb, 4009, 4002) = 0x2b54cc003770
8693   0.000600 libjvm.so->fopen(0x2b54c93abb20, 0x2b54cac30ccb, 4009, 3994) = 0x2b54cc003770
8693   0.000581 libjvm.so->fopen(0x2b54c93abb20, 0x2b54cac30ccb, 4009, 3994) = 0x2b54cc003770
8693   0.000650 libjvm.so->fopen(0x2b54c93abb20, 0x2b54cac30ccb, 4009, 4002) = 0x2b54cc003770
8693   0.000594 libjvm.so->fopen(0x2b54c93abb50, 0x2b54cac30ccb, 4014, 3995) = 0x2b54cc003770
8693   0.000749 libjvm.so->getenv(0x2b54cac7a0ff, 4096, 3, -1) = 0
8693   0.000843 libjvm.so->fopen(0x2b54cac79998, 0x2b54cac30ccb, 0x2b54c9491908, 0x2b54c9490df0) = 0x2b54cc003770
8693   0.005183 libjvm.so->open(0x2b54cc04a560, 0x20000, 0, 0x2b54cc04a5a9) = 3
8693   0.000461 libjvm.so->__fxstat(1, 3, 0x2b54c93ada00, -1) = 0
8693   0.000485 libjvm.so->opendir(0x2b54cc04a560, 0x2b54c93ada00, 0x4000, -1) = 0x2b54cc04b470
8693   0.000484 libjvm.so->__fxstat(1, 3, 0x2b54c93ad8a0, 0x2b54cc04b470) = 0
8693   0.000397 libjvm.so->__fxstat(1, 5, 0x2b54c93ad930, -1) = 0
8693   0.000427 libjvm.so->open(0x2b54cac479dc, 0, 0, 0) = 3
8693   0.000602 libjvm.so->__lxstat(1, 0x2b54cc04a560, 0x2b54c93adb50, -144) = 0
8693   0.000442 libjvm.so->open(0x2b54cc04a560, 0x20000, 0x4000, -1) = 3
8693   0.000473 libjvm.so->__fxstat(1, 3, 0x2b54c93ada00, -1) = 0
8693   0.000454 libjvm.so->opendir(0x2b54cc04a560, 0x2b54c93ada00, 0x4000, -1) = 0x2b54cc04b470
8693   0.000492 libjvm.so->__fxstat(1, 3, 0x2b54c93ad8a0, 0x2b54cc04b470) = 0
8693   0.000468 libjvm.so->__fxstat(1, 5, 0x2b54c93ad930, -1) = 0
8693   0.000447 libjvm.so->open(0x2b54cac479dc, 0, 0, 0) = 3
8693   0.000425 libjvm.so->open(0x2b54cc04a5a9, 0x20042, 384, -1) = 7
8693   0.000573 libjvm.so->__fxstat(1, 7, 0x2b54c93adb50, -1) = 0
8693   0.002442 libjvm.so->fopen(0x2b54c93acb60, 0x2b54cac30ccb, 4, 0x6f732e70) = 0x2b54cc057bc0
8693   0.001954 libjvm.so->dlopen(0x2b54c93acb60, 1, 0xffffffff, 0x2b54cc057b00) = 0x2b54cc057bc0
8693   0.002830 libjvm.so->__xstat(1, 0x2b54c93ad120, 0x2b54c93ad950, 2048) = 0
8693   0.000555 libjvm.so->__xstat(1, 0x2b54c93ad120, 0x2b54c93ad950, 2048) = 0
8693   0.000468 libjvm.so->__xstat(1, 0x2b54c93ad120, 0x2b54c93ad950, 2048) = -1
8693   0.000494 libjvm.so->__xstat(1, 0x2b54c93ad120, 0x2b54c93ad950, 2048) = 0
8693   0.000417 libjvm.so->__xstat(1, 0x2b54c93ad120, 0x2b54c93ad950, 2048) = 0
8693   0.000600 libjvm.so->__xstat(1, 0x2b54c93ad120, 0x2b54c93ad950, 2048) = 0
8693   0.000592 libjvm.so->__xstat(1, 0x2b54c93ad120, 0x2b54c93ad950, 2048) = 0
8693   0.000549 libjvm.so->__xstat(1, 0x2b54c93ad120, 0x2b54c93ad950, 2048) = -1
8693   0.000426 libjvm.so->fopen(0x2b54cc002520, 0x2b54cac30ccb, 0, 0) = 0x2b54cc058a60
8693   0.008949 libjvm.so->open64(0x2b54c93ac410, 0, 0, 16) = 3
8693   0.000554 libjvm.so->__fxstat64(1, 3, 0x2b54c93ac240, -1) = 0
8693   0.043532 libjvm.so->__xstat(1, 0x2b54c93acf20, 0x2b54c93ad750, 2048) = -1
8693   0.000584 libjvm.so->fopen(0x2b54c93abb20, 0x2b54cac30ccb, 4009, 3994) = 0x2b54cc0b5e20
8693   0.000702 libjvm.so->fopen(0x2b54c93abb20, 0x2b54cac30ccb, 4009, 3994) = 0x2b54cc0b5e20
8693   0.003851 libjvm.so->fopen(0x2b54c93abb20, 0x2b54cac30ccb, 4009, 4002) = 0x2b54cc0b5e20
8693   0.006142 libjvm.so->pthread_attr_setdetachstate(0x2b54c93adc00, 1, 0, 0) = 0
8693   0.000540 libpthread.so.0->__clone(0x2b54c949ade0, 0x2b54e1d2efc0, 0x3d0f00, 0x2b54e1d2f700) = 8698
8693   0.020280 libjvm.so->pthread_attr_setdetachstate(0x2b54c93ad290, 1, 0, 0) = 0
8693   0.000842 libpthread.so.0->__clone(0x2b54c949ade0, 0x2b54e1e2ffc0, 0x3d0f00, 0x2b54e1e30700) = 8699
8693   0.008530 libjvm.so->pthread_attr_setdetachstate(0x2b54c93ad610, 1, 0, 0) = 0
8693   0.002530 libpthread.so.0->__clone(0x2b54c949ade0, 0x2b54e1f30fc0, 0x3d0f00, 0x2b54e1f31700) = 8700
8693   0.050817 libjvm.so->fopen(0x2b54cc0e9130, 0x2b54cac30ccb, 4, 0x6f732e70) = 0x2b54cc0f1c70
8693   0.002667 libjvm.so->dlopen(0x2b54cc0e9130, 1, 0xffffffff, 0x2b54cc0ec300) = 0x2b54cc057bc0
8693   0.013726 libjvm.so->open64(0x2b54c93ac510, 0, 0, 16) = 5
8693   0.001475 libjvm.so->__fxstat64(1, 5, 0x2b54c93ac340, -1) = 0
8693   0.021605 libjvm.so->fopen(0x2b54c93a9130, 0x2b54cac30ccb, 4009, 3994) = 0x2b54cc0fcbc0
8693   0.002370 libjvm.so->fopen(0x2b54c93a9130, 0x2b54cac30ccb, 4009, 3994) = 0x2b54cc0fcbc0
8693   0.001410 libjvm.so->fopen(0x2b54c93a9130, 0x2b54cac30ccb, 4009, 4002) = 0x2b54cc0fcbc0
8693   0.016547 libjvm.so->pthread_attr_setdetachstate(0x2b54c93adb50, 1, 0, 0) = 0
8693   0.000980 libpthread.so.0->__clone(0x2b54c949ade0, 0x2b54e2031fc0, 0x3d0f00, 0x2b54e2032700) = 8706
8693   0.001456 libjvm.so->__xstat64(1, 0x2b54c93adbe0, 0x2b54c93adb50, 18) = -1
8693   0.001125 libjvm.so->pthread_attr_setdetachstate(0x2b54c93ad950, 1, 0, 0) = 0
8693   0.001063 libpthread.so.0->__clone(0x2b54c949ade0, 0x2b54e2132fc0, 0x3d0f00, 0x2b54e2133700) = 8707
8693   0.001713 libjvm.so->pthread_attr_setdetachstate(0x2b54c93ad950, 1, 0, 0) = 0
8693   0.004487 libpthread.so.0->__clone(0x2b54c949ade0, 0x2b54e2233fc0, 0x3d0f00, 0x2b54e2234700) = 8708
8693   0.020253 libjvm.so->pthread_attr_setdetachstate(0x2b54c93adaa0, 1, 0, 0) = 0
8693   0.002019 libpthread.so.0->__clone(0x2b54c949ade0, 0x2b54e2334fc0, 0x3d0f00, 0x2b54e2335700) = 8709
8693   0.002889 libjvm.so->pthread_attr_setdetachstate(0x2b54c93adbb0, 1, 0, 0) = 0
8693   0.002947 libpthread.so.0->__clone(0x2b54c949ade0, 0x2b54e2435fc0, 0x3d0f00, 0x2b54e2436700) = 8710
8693   0.023182 libjvm.so->open64(0x2b54cc120860, 0, 0, 32) = 7
8693   0.002663 libjvm.so->__fxstat64(1, 7, 0x2b54c93aaf60, -1) = 0
8693   0.032786 libjvm.so->fopen(0x2b54cc1545c0, 0x2b54cac30ccb, 4, 0x6f732e6f) = 0x2b54cc154680
8693   0.009246 libjvm.so->dlopen(0x2b54cc1545c0, 1, 0xffffffff, 0x2b54cc154600) = 0x2b54cc154680
8693   0.160829 libjvm.so->fopen(0x2b54cc1a2780, 0x2b54cac30ccb, 4, 0x6f732e74) = 0x2b54cc1a5a30
8693   0.005819 libjvm.so->dlopen(0x2b54cc1a2780, 1, 0xffffffff, 0x2b54cc1a5900) = 0x2b54cc1afde0
8693   0.172348 libjvm.so->fopen(0x2b54cc230d80, 0x2b54cac30ccb, 0x6f732e7373656c, 0x656c646165685f74) = 0x2b54cc230e60
8693   0.008341 libjvm.so->dlopen(0x2b54cc230d80, 1, 0xffffffff, 0x2b54cc230d00) = 0x2b54cc230e60
8693   0.024374 libjvm.so->fopen(0x2b54c93a6990, 0x2b54cac30ccb, 0x6f732e, 0x6d766a62696c2f72) = 0x2b54cc23ad20
8693   0.009097 libjvm.so->dlopen(0x2b54c93a6990, 1, 0xffffffff, 0x2b54cc23a200) = 0x55feecdef4c0
8693   0.005023 libjvm.so->fopen(0x2b54c93a6990, 0x2b54cac30ccb, 0x6f732e, 0x6d766a62696c2f72) = 0x2b54cc23acc0
8693   0.008152 libjvm.so->dlopen(0x2b54c93a6990, 1, 0xffffffff, 0x2b54cc23a200) = 0x55feecdef4c0
8693   0.003317 libjvm.so->fopen(0x2b54c93a6990, 0x2b54cac30ccb, 0x6f732e, 0x6d766a62696c2f72) = 0x2b54cc23acc0
8693   0.006104 libjvm.so->dlopen(0x2b54c93a6990, 1, 0xffffffff, 0x2b54cc23a200) = 0x55feecdef4c0
8693   0.001818 libjvm.so->fopen(0x2b54c93a6990, 0x2b54cac30ccb, 0x6f732e, 0x6d766a62696c2f72) = 0x2b54cc23acc0
8693   0.004894 libjvm.so->dlopen(0x2b54c93a6990, 1, 0xffffffff, 0x2b54cc23a200) = 0x55feecdef4c0
8693   0.299758 libjvm.so->fopen(0x2b54c93aaed0, 0x2b54cac30ccb, 111, 0x732e6176) = 0x2b54cc2794f0
8693   0.007788 libjvm.so->dlopen(0x2b54c93aaed0, 1, 0xffffffff, 0x2b54cc279400) = 0x2b54cc001b10
8693   0.002223 libjvm.so->fopen(0x2b54c93aaed0, 0x2b54cac30ccb, 111, 0x732e6176) = 0x2b54cc2797a0
8693   0.009445 libjvm.so->dlopen(0x2b54c93aaed0, 1, 0xffffffff, 0x2b54cc279400) = 0x2b54cc001b10
8693   0.004565 libjvm.so->fopen(0x2b54c93aaed0, 0x2b54cac30ccb, 111, 0x732e6176) = 0x2b54cc279610
8693   0.002974 libjvm.so->dlopen(0x2b54c93aaed0, 1, 0xffffffff, 0x2b54cc279400) = 0x2b54cc001b10
8693   0.004924 libjvm.so->fopen(0x2b54c93aaed0, 0x2b54cac30ccb, 111, 0x732e6176) = 0x2b54cc279610
8693   0.012578 libjvm.so->dlopen(0x2b54c93aaed0, 1, 0xffffffff, 0x2b54cc279400) = 0x2b54cc001b10
8693   0.024333 libjvm.so->fopen(0x2b54c93aaeb0, 0x2b54cac30ccb, 111, 0x732e6176) = 0x2b54cc279610
8693   0.003632 libjvm.so->dlopen(0x2b54c93aaeb0, 1, 0xffffffff, 0x2b54cc279200) = 0x2b54cc001b10
8693   0.002871 libjvm.so->fopen(0x2b54c93aaeb0, 0x2b54cac30ccb, 111, 0x732e6176) = 0x2b54cc279610
8693   0.006645 libjvm.so->dlopen(0x2b54c93aaeb0, 1, 0xffffffff, 0x2b54cc279200) = 0x2b54cc001b10
8693   0.002039 libjvm.so->fopen(0x2b54c93aaeb0, 0x2b54cac30ccb, 111, 0x732e6176) = 0x2b54cc279610
8693   0.002861 libjvm.so->dlopen(0x2b54c93aaeb0, 1, 0xffffffff, 0x2b54cc279200) = 0x2b54cc001b10
8693   0.001665 libjvm.so->fopen(0x2b54c93aaeb0, 0x2b54cac30ccb, 111, 0x732e6176) = 0x2b54cc279610
8693   0.002897 libjvm.so->dlopen(0x2b54c93aaeb0, 1, 0xffffffff, 0x2b54cc279200) = 0x2b54cc001b10
8693   3.153277 --- SIGSEGV (Segmentation fault) ---
8710  10.052131 +++ exited (status 0) +++
8706   0.000357 +++ exited (status 0) +++
8698   0.000255 +++ exited (status 0) +++
8693   0.000245 +++ exited (status 0) +++
8709   0.000420 +++ exited (status 0) +++
8707   0.000023 +++ exited (status 0) +++
8700   0.000016 +++ exited (status 0) +++
8699   0.000014 +++ exited (status 0) +++
8708   0.022657 +++ exited (status 0) +++
8690   0.000115 +++ exited (status 0) +++
Wrote an ltrace for command: "java -cp ./tools/maxent.jar density.MaxEnt -s outputs/Anopheles_bradleyi_King.csv -e data/layers/worldclim -o outputs/Anopheles_bradleyi_King nowarnings nocache autorun -z" with PID 8688 from PPID 8663 on disc25.crc.nd.edu with result 0
REMOTEHOST=10.17.145.58
MANPATH=/afs/crc.nd.edu/user/n/nkremerh/cctools/share/man/:/afs/crc.nd.edu/group/ccl/software/x86_64/redhat7/ruby/current/share/man:/afs/crc.nd.edu/group/ccl/software/x86_64/redhat7/graphviz/current/share/man:/afs/crc.nd.edu/group/ccl/software/x86_64/redhat7/gnuplot/current/share/man:/afs/crc.nd.edu/group/ccl/software/x86_64/redhat7/git/current/share/man:/afs/crc.nd.edu/group/ccl/software/x86_64/redhat7/condor/current/share/man:/afs/crc.nd.edu/group/ccl/software/x86_64/redhat7/clang/current/share/man:/afs/crc.nd.edu/group/ccl/software/x86_64/redhat7/condor/current/share/man:/afs/crc.nd.edu/group/ccl/software/x86_64/redhat7/cctools/current/share/man:/afs/crc.nd.edu/group/ccl/software/x86_64/redhat7/cctools/current/share/man:/afs/crc.nd.edu/x86_64_linux/Modules/4.5.0/share/man:/opt/crc/usr/local/man:/opt/sge/man:/usr/share/man/overrides:/usr/share/man:/usr/local/share/man
_CONDOR_JOB_PIDS=
XDG_SESSION_ID=3301
HOSTNAME=disc01.crc.nd.edu
_LMFILES__modshare=/afs/crc.nd.edu/x86_64_linux/Modules/modules/system_modules/CRC_default/1.1:1
MODULEPATH_modshare=/afs/crc.nd.edu/x86_64_linux/Modules/modules/general_software:1:/afs/crc.nd.edu/x86_64_linux/Modules/modules/development_tools_and_libraries:1:/afs/crc.nd.edu/x86_64_linux/Modules/modules/system_modules:1:/afs/crc.nd.edu/x86_64_linux/Modules/current/modulefiles:1:/afs/crc.nd.edu/x86_64_linux/Modules/modules/restricted_software:1:/afs/crc.nd.edu/x86_64_linux/Modules/modules/deprecated_software:1
TERM=xterm-256color
SHELL=/bin/tcsh
HOST=disc01.crc.nd.edu
MODULES_CMD=/afs/crc.nd.edu/x86_64_linux/Modules/4.5.0/libexec/modulecmd.tcl
HISTSIZE=5000
MAKEFLAGS=
SSH_CLIENT=10.17.145.58 38176 22
TMPDIR=/var/condor/execute/dir_3437/worker-213124-3579/t.915/cctools-temp-t.915.qAwxJh
PERL5LIB=/afs/crc.nd.edu/user/n/nkremerh/cctools/lib/perl5/site_perl/5.16.3:/afs/crc.nd.edu/user/n/nkremerh/.perl5/lib/perl5
SGE_CELL=crc
_CONDOR_SCRATCH_DIR=/var/condor/execute/dir_3437
PERL_MB_OPT=--install_base '/afs/crc.nd.edu/user/n/nkremerh/.perl5/'
SSH_TTY=/dev/pts/0
SGE_LOAD_AVG=load_avg
MAKEFLOW_MAX_LOCAL_JOBS=2
GROUP=campus
USER=nkremerh
_CHIRP_DELAYED_UPDATE_PREFIX=Chirp*
HISTFILESIZE=10000
TEMP=/var/condor/execute/dir_3437/worker-213124-3579/t.915/cctools-temp-t.915.qAwxJh
LD_LIBRARY_PATH=/afs/crc.nd.edu/group/ccl/software/x86_64/redhat7/ruby/current/lib:/afs/crc.nd.edu/group/ccl/software/x86_64/redhat7/graphviz/current/lib:/afs/crc.nd.edu/group/ccl/software/x86_64/redhat7/git/current/lib:/afs/crc.nd.edu/group/ccl/software/x86_64/redhat7/condor/current/lib:/afs/crc.nd.edu/group/ccl/software/x86_64/redhat7/clang/current/lib:/afs/crc.nd.edu/group/ccl/software/x86_64/redhat7/condor/current/lib:/afs/crc.nd.edu/group/ccl/software/x86_64/redhat7/cctools/current/lib:/opt/crc/usr/local/lib
BATCH_SYSTEM=HTCondor
MODULES_LMALTNAME=CRC_default/1.1&CRC_default/default&CRC_default
ENV=/afs/crc.nd.edu/x86_64_linux/Modules/4.5.0/init/profile.sh
WORKER_TMPDIR=/var/condor/execute/dir_3437/worker-213124-3579/cache/tmp
HOSTTYPE=x86_64-linux
_CONDOR_HIGHPORT=9999
GLOBUS_GSSAPI_MAX_TLS_PROTOCOL=0
_CONDOR_CHIRP_CONFIG=/var/condor/execute/dir_3437/.chirp.config
MAKELEVEL=1
MFLAGS=
MAIL=/var/spool/mail/nkremerh
PATH=/afs/crc.nd.edu/user/n/nkremerh/cctools/bin:/afs/crc.nd.edu/user/n/nkremerh/miniconda/bin:/afs/crc.nd.edu/group/ccl/software/git:/afs/crc.nd.edu/user/n/nkremerh/.local/bin:/afs/crc.nd.edu/group/ccl/software/x86_64/redhat7/povray/3.7/bin:/afs/crc.nd.edu/user/n/nkremerh/.perl5/bin:/afs/crc.nd.edu/user/n/nkremerh/pegasus/bin:/afs/crc.nd.edu/user/n/nkremerh/nodejs/bin:/afs/crc.nd.edu/user/n/nkremerh/montage/bin:/afs/crc.nd.edu/user/n/nkremerh/latexdiff:/afs/crc.nd.edu/user/n/nkremerh/envtrace:/afs/crc.nd.edu/user/n/nkremerh/endlines:/afs/crc.nd.edu/user/n/nkremerh/cctools/bin:/afs/crc.nd.edu/user/n/nkremerh/.cargo/bin:/afs/crc.nd.edu/group/ccl/software/x86_64/redhat7/ruby/current/bin:/afs/crc.nd.edu/group/ccl/software/x86_64/redhat7/graphviz/current/bin:/afs/crc.nd.edu/group/ccl/software/x86_64/redhat7/gnuplot/current/bin:/afs/crc.nd.edu/group/ccl/software/x86_64/redhat7/git/current/bin:/afs/crc.nd.edu/group/ccl/software/x86_64/redhat7/condor/current/sbin:/afs/crc.nd.edu/group/ccl/software/x86_64/redhat7/condor/current/bin:/afs/crc.nd.edu/group/ccl/software/x86_64/redhat7/cmake/current/bin:/afs/crc.nd.edu/group/ccl/software/x86_64/redhat7/clang/current/bin:/afs/crc.nd.edu/group/ccl/software/x86_64/redhat7/condor/current/sbin:/afs/crc.nd.edu/group/ccl/software/x86_64/redhat7/condor/current/bin:/afs/crc.nd.edu/group/ccl/software/x86_64/redhat7/cctools/current/bin:/afs/crc.nd.edu/x86_64_linux/Modules/4.5.0/bin:/opt/crc/usr/local/bin:/opt/sge/bin/lx-amd64:/usr/local/bin:/usr/bin:/usr/local/sbin:/usr/sbin:/afs/crc.nd.edu/user/c/condor/software/bin:/afs/crc.nd.edu/user/c/condor/software/sbin
CCLSOFTWARE=/afs/crc.nd.edu/group/ccl/software/x86_64/redhat7
PWD=/var/condor/execute/dir_3437/worker-213124-3579/t.915
_LMFILES_=/afs/crc.nd.edu/x86_64_linux/Modules/modules/system_modules/CRC_default/1.1
EDITOR=vim
SGE_EXECD_PORT=6445
LANG=en_US.UTF-8
SGE_QMASTER_PORT=6444
MODULEPATH=/afs/crc.nd.edu/x86_64_linux/Modules/modules/development_tools_and_libraries:/afs/crc.nd.edu/x86_64_linux/Modules/modules/general_software:/afs/crc.nd.edu/x86_64_linux/Modules/modules/restricted_software:/afs/crc.nd.edu/x86_64_linux/Modules/modules/system_modules:/afs/crc.nd.edu/x86_64_linux/Modules/modules/deprecated_software:/afs/crc.nd.edu/x86_64_linux/Modules/current/modulefiles
LOADEDMODULES=CRC_default/1.1
SGE_ROOT=/opt/sge
CCLPLATFORM=x86_64/redhat7
_CONDOR_SLOT=slot2_3
WORK_QUEUE_SANDBOX=/var/condor/execute/dir_3437/worker-213124-3579
USE_SYSTEMD=true
_CONDOR_LOWPORT=9100
_CONDOR_ANCESTOR_4261=3437:1594946670:4145456539
HISTCONTROL=ignoreboth:erasedups
KRB5CCNAME=FILE:/tmp/krb5cc_213124_0wTNSp
GLOBUS_GSSAPI_NAME_COMPATIBILITY=STRICT_RFC2818
HOME=/afs/crc.nd.edu/user/n/nkremerh
SHLVL=6
PATH_modshare=/opt/crc/usr/local/bin:1:/opt/sge/bin/lx-amd64:1:/usr/sbin:1:/usr/bin:1:/afs/crc.nd.edu/user/c/condor/software/sbin:1:/usr/local/sbin:1:/afs/crc.nd.edu/user/c/condor/software/bin:1:/usr/local/bin:1
OSTYPE=linux
_CONDOR_MACHINE_AD=/var/condor/execute/dir_3437/.machine.ad
_CONDOR_ANCESTOR_3989=4261:1593343483:4184216969
GREP_OPTIONS=--color=auto
DISK=18236
GLOBUS_GSSAPI_MIN_TLS_PROTOCOL=TLS1_VERSION
_CONDOR_ANCESTOR_3437=3498:1594946671:905281026
MANPATH_modshare=/usr/share/man/overrides:1:/usr/local/share/man:1:/usr/share/man:1:/opt/crc/usr/local/man:1:/opt/sge/man:1
MEMORY=1948
PERL_LOCAL_LIB_ROOT=/afs/crc.nd.edu/user/n/nkremerh/.perl5/
BASH_ENV=/afs/crc.nd.edu/x86_64_linux/Modules/4.5.0/init/bash
VENDOR=unknown
TMP=/var/condor/execute/dir_3437/worker-213124-3579/t.915/cctools-temp-t.915.qAwxJh
LOGNAME=nkremerh
MACHTYPE=x86_64
CCLHOME=/afs/crc.nd.edu/group/ccl
PYTHONPATH=/afs/crc.nd.edu/user/n/nkremerh/cctools/lib/python3.6/site-packages/
LD_LIBRARY_PATH_modshare=/opt/crc/usr/local/lib:1
SSH_CONNECTION=10.17.145.58 38176 129.74.128.103 22
MODULES_LMALTNAME_modshare=CRC_default/1.1&CRC_default/default&CRC_default:1
MODULESHOME=/afs/crc.nd.edu/x86_64_linux/Modules/4.5.0
GLOBUS_GSSAPI_CIPHERS=HIGH
GLOBUS_GSSAPI_BACKWARD_COMPATIBLE_MIC=true
LESSOPEN=||/usr/bin/lesspipe.sh %s
OMP_NUM_THREADS=1
_CONDOR_JOB_AD=/var/condor/execute/dir_3437/.job.ad
LOADEDMODULES_modshare=CRC_default/1.1:1
XDG_RUNTIME_DIR=/run/user/213124
SGE_CLUSTER_NAME=CRC
CCTOOLS=../cctools
CORES=1
_CONDOR_JOB_IWD=/var/condor/execute/dir_3437
PERL_MM_OPT=INSTALL_BASE=/afs/crc.nd.edu/user/n/nkremerh/.perl5/
GLOBUS_GSSAPI_SERVER_CIPHER_ORDER=true
BASH_FUNC_module()=() {  unset _mlshdbg;
 if [ "${MODULES_SILENT_SHELL_DEBUG:-0}" = '1' ]; then
 case "$-" in 
 *v*x*)
 set +vx;
 _mlshdbg='vx'
 ;;
 *v*)
 set +v;
 _mlshdbg='v'
 ;;
 *x*)
 set +x;
 _mlshdbg='x'
 ;;
 *)
 _mlshdbg=''
 ;;
 esac;
 fi;
 unset _mlre _mlIFS;
 if [ -n "${IFS+x}" ]; then
 _mlIFS=$IFS;
 fi;
 IFS=' ';
 for _mlv in ${MODULES_RUN_QUARANTINE:-};
 do
 if [ "${_mlv}" = "${_mlv##*[!A-Za-z0-9_]}" -a "${_mlv}" = "${_mlv#[0-9]}" ]; then
 if [ -n "`eval 'echo ${'$_mlv'+x}'`" ]; then
 _mlre="${_mlre:-}${_mlv}_modquar='`eval 'echo ${'$_mlv'}'`' ";
 fi;
 _mlrv="MODULES_RUNENV_${_mlv}";
 _mlre="${_mlre:-}${_mlv}='`eval 'echo ${'$_mlrv':-}'`' ";
 fi;
 done;
 if [ -n "${_mlre:-}" ]; then
 eval `eval ${_mlre}/usr/bin/tclsh /afs/crc.nd.edu/x86_64_linux/Modules/4.5.0/libexec/modulecmd.tcl bash '"$@"'`;
 else
 eval `/usr/bin/tclsh /afs/crc.nd.edu/x86_64_linux/Modules/4.5.0/libexec/modulecmd.tcl bash "$@"`;
 fi;
 _mlstatus=$?;
 if [ -n "${_mlIFS+x}" ]; then
 IFS=$_mlIFS;
 else
 unset IFS;
 fi;
 unset _mlre _mlv _mlrv _mlIFS;
 if [ -n "${_mlshdbg:-}" ]; then
 set -$_mlshdbg;
 fi;
 unset _mlshdbg;
 return $_mlstatus
}
BASH_FUNC_ml()=() {  module ml "$@"
}
_=/usr/bin/printenv
