11344   0.000000 libjli.so->getenv("_JAVA_LAUNCHER_DEBUG") = nil
11344   0.001096 libjli.so->getenv("_JAVA_VERSION_SET") = nil
11344   0.000466 libjli.so->fopen("/usr/lib/jvm/java-1.8.0-openjdk-1.8.0.262.b10-0.el7_8.x86_64/jre/lib/amd64/jvm.cfg", "r") = 0x55fb4cce70e0
11344   0.000576 libjli.so->getenv("JDK_ALTERNATE_VM") = nil
11344   0.000220 libjli.so->__xstat(1, "/usr/lib/jvm/java-1.8.0-openjdk-1.8.0.262.b10-0.el7_8.x86_64/jre/lib/amd64/server/libjvm.so", 0x7ffe381f6fb0) = 0
11344   0.000369 libjli.so->getenv("LD_LIBRARY_PATH") = "/afs/crc.nd.edu/group/ccl/software/x86_64/redhat7/ruby/current/lib:/afs/crc.nd.edu/group/ccl/software/x86_64/redhat7/graphviz/current/lib:/afs/crc.nd.edu/group/ccl/software/x86_64/redhat7/git/current/lib:/afs/crc.nd.edu/group/ccl/software/x86_64/redhat7/condor/current/lib:/afs/crc.nd.edu/group/ccl/software/x86_64/redhat7/clang/current/lib:/afs/crc.nd.edu/group/ccl/software/x86_64/redhat7/condor/current/lib:/afs/crc.nd.edu/group/ccl/software/x86_64/redhat7/cctools/current/lib:/opt/crc/usr/local/lib"
11344   0.001363 libjli.so->dlopen("/usr/lib/jvm/java-1.8.0-openjdk-1.8.0.262.b10-0.el7_8.x86_64/jre/lib/amd64/server/libjvm.so", 258 <unfinished ...>
11344   0.023978 libjvm.so->getenv("NMT_LEVEL_11344") = nil
11344   0.001032 <... dlopen resumed> )          = 0x55fb4cce74b0
11344   0.000042 libjli.so->getenv("CLASSPATH")  = nil
11344   0.000210 libjli.so->getenv("_JAVA_SPLASH_JAR") = nil
11344   0.000199 libjli.so->getenv("_JAVA_SPLASH_FILE") = nil
11344   0.000199 libjli.so->pthread_attr_setdetachstate(0x7ffe381f6f60, 0, 0x7ffe381f6ff0, 0) = 0
11344   0.000278 libpthread.so.0->__clone(0x2aaf80a19de0, 0x2aaf8092efc0, 0x3d0f00, 0x2aaf8092f700) = 0x2c56
11350   0.001464 libjvm.so->dlopen(0x2aaf821f89ae, 1, 0xfffffffffff42c48, 4096) = 0x2aaf84000990
11350   0.001621 libjvm.so->getenv(0x2aaf8221383e, 0, 115, 0x65737361) = 0x7ffe381fd651
11350   0.000298 libjvm.so->fopen(0x2aaf8092dc10, 0x2aaf821afccb, 0x6f732e79666972, 0x2aaf812f1ab0) = 0x2aaf84001440
11350   0.000874 libjvm.so->dlopen(0x2aaf8092dc10, 1, 0xffffffff, 0x2aaf84002b00) = 0x2aaf84001440
11350   0.000973 libjvm.so->fopen(0x2aaf8092dc10, 0x2aaf821afccb, 111, 0x732e6176) = 0x2aaf84001b10
11350   0.001043 libjvm.so->dlopen(0x2aaf8092dc10, 1, 0xffffffff, 0x2aaf84001a00) = 0x2aaf84001b10
11350   0.001417 libjvm.so->__xstat(1, 0x2aaf8092e360, 0x2aaf8092eba0, 0x746f7073746f682e) = -1
11350   0.000325 libjvm.so->getenv(0x2aaf821a8541, 0x2aaf8092e6d0, 1024, 0x2aaf8266261b) = 0
11350   0.000303 libjvm.so->getenv(0x2aaf821a8533, 0x2aaf8092e6d0, 1024, 0) = 0
11350   0.000296 libjvm.so->fopen(0x2aaf821f8315, 0x2aaf821afccb, 4095, 0xffffd5507de57b03) = 0x2aaf840032b0
11350   0.000700 libjvm.so->fopen(0x2aaf821f8361, 0x2aaf821afccb, 0x2aaf84000078, 0x2aaf840032a0) = 0x2aaf840032b0
11350   0.000449 libjvm.so->fopen(0x2aaf809289b0, 0x2aaf821afccb, 4014, 3995) = 0x2aaf840032b0
11350   0.000400 libjvm.so->opendir(0x2aaf84002b40, 0x2aaf84002b40, 13, 16) = 0
11350   0.000315 libjvm.so->__xstat(1, 0x2aaf8092d8f0, 0x2aaf8092c860, 0x6f732e7477616d62) = -1
11350   0.000294 libjvm.so->__xstat(1, 0x2aaf8092d8f0, 0x2aaf8092c860, 0x5f74776162696c2f) = 0
11350   0.000330 libjvm.so->fopen(0x2aaf8092cb90, 0x2aaf821afccb, 4009, 3994) = 0x2aaf84003790
11350   0.000439 libjvm.so->fopen(0x2aaf8092cb90, 0x2aaf821afccb, 4009, 3994) = 0x2aaf84003790
11350   0.000398 libjvm.so->fopen(0x2aaf8092cb90, 0x2aaf821afccb, 4009, 4002) = 0x2aaf84003790
11350   0.000441 libjvm.so->fopen(0x2aaf8092cb20, 0x2aaf821afccb, 4009, 3994) = 0x2aaf84003790
11350   0.000406 libjvm.so->fopen(0x2aaf8092cb20, 0x2aaf821afccb, 4009, 3994) = 0x2aaf84003790
11350   0.000378 libjvm.so->fopen(0x2aaf8092cb20, 0x2aaf821afccb, 4009, 4002) = 0x2aaf84003790
11350   0.000437 libjvm.so->fopen(0x2aaf8092cb50, 0x2aaf821afccb, 4014, 3995) = 0x2aaf84003790
11350   0.000513 libjvm.so->getenv(0x2aaf821f90ff, 4096, 3, -1) = 0
11350   0.000669 libjvm.so->fopen(0x2aaf821f8998, 0x2aaf821afccb, 0x2aaf80a10908, 0x2aaf80a0fdf0) = 0x2aaf84003790
11350   0.003052 libjvm.so->open(0x2aaf8404a580, 0x20000, 0, 0x2aaf8404a5c9) = 3
11350   0.000284 libjvm.so->__fxstat(1, 3, 0x2aaf8092ea00, -1) = 0
11350   0.000334 libjvm.so->opendir(0x2aaf8404a580, 0x2aaf8092ea00, 0x4000, -1) = 0x2aaf8404b490
11350   0.000348 libjvm.so->__fxstat(1, 3, 0x2aaf8092e8a0, 0x2aaf8404b490) = 0
11350   0.000288 libjvm.so->__fxstat(1, 5, 0x2aaf8092e930, -1) = 0
11350   0.000316 libjvm.so->open(0x2aaf821c69dc, 0, 0, 0) = 3
11350   0.000445 libjvm.so->__lxstat(1, 0x2aaf8404a580, 0x2aaf8092eb50, -144) = 0
11350   0.000331 libjvm.so->open(0x2aaf8404a580, 0x20000, 0x4000, -1) = 3
11350   0.000287 libjvm.so->__fxstat(1, 3, 0x2aaf8092ea00, -1) = 0
11350   0.000287 libjvm.so->opendir(0x2aaf8404a580, 0x2aaf8092ea00, 0x4000, -1) = 0x2aaf8404b490
11350   0.000273 libjvm.so->__fxstat(1, 3, 0x2aaf8092e8a0, 0x2aaf8404b490) = 0
11350   0.000303 libjvm.so->__fxstat(1, 5, 0x2aaf8092e930, -1) = 0
11350   0.000310 libjvm.so->open(0x2aaf821c69dc, 0, 0, 0) = 3
11350   0.000289 libjvm.so->open(0x2aaf8404a5c9, 0x20042, 384, -1) = 7
11350   0.000411 libjvm.so->__fxstat(1, 7, 0x2aaf8092eb50, -1) = 0
11350   0.001100 libjvm.so->fopen(0x2aaf8092db60, 0x2aaf821afccb, 4, 0x6f732e70) = 0x2aaf84057be0
11350   0.001013 libjvm.so->dlopen(0x2aaf8092db60, 1, 0xffffffff, 0x2aaf84057b00) = 0x2aaf84057be0
11350   0.000968 libjvm.so->__xstat(1, 0x2aaf8092e120, 0x2aaf8092e950, 2048) = 0
11350   0.000311 libjvm.so->__xstat(1, 0x2aaf8092e120, 0x2aaf8092e950, 2048) = 0
11350   0.000284 libjvm.so->__xstat(1, 0x2aaf8092e120, 0x2aaf8092e950, 2048) = -1
11350   0.000324 libjvm.so->__xstat(1, 0x2aaf8092e120, 0x2aaf8092e950, 2048) = 0
11350   0.000294 libjvm.so->__xstat(1, 0x2aaf8092e120, 0x2aaf8092e950, 2048) = 0
11350   0.000307 libjvm.so->__xstat(1, 0x2aaf8092e120, 0x2aaf8092e950, 2048) = 0
11350   0.000292 libjvm.so->__xstat(1, 0x2aaf8092e120, 0x2aaf8092e950, 2048) = 0
11350   0.000279 libjvm.so->__xstat(1, 0x2aaf8092e120, 0x2aaf8092e950, 2048) = -1
11350   0.000284 libjvm.so->fopen(0x2aaf84002520, 0x2aaf821afccb, 0, 0) = 0x2aaf84058a80
11350   0.006625 libjvm.so->open64(0x2aaf8092d410, 0, 0, 16) = 3
11350   0.000343 libjvm.so->__fxstat64(1, 3, 0x2aaf8092d240, -1) = 0
11350   0.033819 libjvm.so->__xstat(1, 0x2aaf8092df20, 0x2aaf8092e750, 2048) = -1
11350   0.000510 libjvm.so->fopen(0x2aaf8092cb20, 0x2aaf821afccb, 4009, 3994) = 0x2aaf840b5ec0
11350   0.000622 libjvm.so->fopen(0x2aaf8092cb20, 0x2aaf821afccb, 4009, 3994) = 0x2aaf840b5ec0
11350   0.000554 libjvm.so->fopen(0x2aaf8092cb20, 0x2aaf821afccb, 4009, 4002) = 0x2aaf840b5ec0
11350   0.003146 libjvm.so->pthread_attr_setdetachstate(0x2aaf8092ec00, 1, 0, 0) = 0
11350   0.000406 libpthread.so.0->__clone(0x2aaf80a19de0, 0x2aaf9930bfc0, 0x3d0f00, 0x2aaf9930c700) = 0x2c57
11350   0.014933 libjvm.so->pthread_attr_setdetachstate(0x2aaf8092e290, 1, 0, 0) = 0
11350   0.000480 libpthread.so.0->__clone(0x2aaf80a19de0, 0x2aaf9940cfc0, 0x3d0f00, 0x2aaf9940d700) = 0x2c58
11350   0.005821 libjvm.so->pthread_attr_setdetachstate(0x2aaf8092e610, 1, 0, 0) = 0
11350   0.000570 libpthread.so.0->__clone(0x2aaf80a19de0, 0x2aaf9950dfc0, 0x3d0f00, 0x2aaf9950e700) = 0x2c59
11350   0.037381 libjvm.so->fopen(0x2aaf840f17e0, 0x2aaf821afccb, 4, 0x6f732e70) = 0x2aaf840f1ce0
11350   0.002106 libjvm.so->dlopen(0x2aaf840f17e0, 1, 0xffffffff, 0x2aaf840e8c00) = 0x2aaf84057be0
11350   0.005429 libjvm.so->open64(0x2aaf8092d510, 0, 0, 16) = 5
11350   0.000690 libjvm.so->__fxstat64(1, 5, 0x2aaf8092d340, -1) = 0
11350   0.015749 libjvm.so->fopen(0x2aaf8092a130, 0x2aaf821afccb, 4009, 3994) = 0x2aaf840fccb0
11350   0.000860 libjvm.so->fopen(0x2aaf8092a130, 0x2aaf821afccb, 4009, 3994) = 0x2aaf840fccb0
11350   0.000741 libjvm.so->fopen(0x2aaf8092a130, 0x2aaf821afccb, 4009, 4002) = 0x2aaf840fccb0
11350   0.010507 libjvm.so->pthread_attr_setdetachstate(0x2aaf8092eb50, 1, 0, 0) = 0
11350   0.000852 libpthread.so.0->__clone(0x2aaf80a19de0, 0x2aaf9960efc0, 0x3d0f00, 0x2aaf9960f700) = 0x2c5a
11350   0.000961 libjvm.so->__xstat64(1, 0x2aaf8092ebe0, 0x2aaf8092eb50, 19) = -1
11350   0.000799 libjvm.so->pthread_attr_setdetachstate(0x2aaf8092e950, 1, 0, 0) = 0
11350   0.000750 libpthread.so.0->__clone(0x2aaf80a19de0, 0x2aaf9970ffc0, 0x3d0f00, 0x2aaf99710700) = 0x2c5b
11350   0.001374 libjvm.so->pthread_attr_setdetachstate(0x2aaf8092e950, 1, 0, 0) = 0
11350   0.001003 libpthread.so.0->__clone(0x2aaf80a19de0, 0x2aaf99810fc0, 0x3d0f00, 0x2aaf99811700) = 0x2c5c
11350   0.006641 libjvm.so->pthread_attr_setdetachstate(0x2aaf8092eaa0, 1, 0, 0) = 0
11350   0.000941 libpthread.so.0->__clone(0x2aaf80a19de0, 0x2aaf99911fc0, 0x3d0f00, 0x2aaf99912700) = 0x2c5d
11350   0.001393 libjvm.so->pthread_attr_setdetachstate(0x2aaf8092ebb0, 1, 0, 0) = 0
11350   0.001298 libpthread.so.0->__clone(0x2aaf80a19de0, 0x2aaf99a12fc0, 0x3d0f00, 0x2aaf99a13700) = 0x2c5e
11350   0.010924 libjvm.so->open64(0x2aaf841369b0, 0, 0, 48) = 7
11350   0.001173 libjvm.so->__fxstat64(1, 7, 0x2aaf8092bf60, -1) = 0
11350   0.018342 libjvm.so->fopen(0x2aaf8415c670, 0x2aaf821afccb, 4, 0x6f732e6f) = 0x2aaf8415c730
11350   0.002890 libjvm.so->dlopen(0x2aaf8415c670, 1, 0xffffffff, 0x2aaf8415c600) = 0x2aaf8415c730
11350   0.080250 libjvm.so->fopen(0x2aaf80928e40, 0x2aaf821afccb, 0x6f732e, 0x6d766a62696c2f72) = 0x2aaf84172030
11350   0.004450 libjvm.so->dlopen(0x2aaf80928e40, 1, 0xffffffff, 0x2aaf84171f00) = 0x55fb4cce74b0
11350   0.001103 libjvm.so->fopen(0x2aaf80928e40, 0x2aaf821afccb, 0x6f732e, 0x6d766a62696c2f72) = 0x2aaf84172430
11350   0.004037 libjvm.so->dlopen(0x2aaf80928e40, 1, 0xffffffff, 0x2aaf84171f00) = 0x55fb4cce74b0
11350   0.001444 libjvm.so->fopen(0x2aaf80928e40, 0x2aaf821afccb, 0x6f732e, 0x6d766a62696c2f72) = 0x2aaf84172030
11350   0.002817 libjvm.so->dlopen(0x2aaf80928e40, 1, 0xffffffff, 0x2aaf84171f00) = 0x55fb4cce74b0
11350   0.001329 libjvm.so->fopen(0x2aaf80928e40, 0x2aaf821afccb, 0x6f732e, 0x6d766a62696c2f72) = 0x2aaf84172030
11350   0.005241 libjvm.so->dlopen(0x2aaf80928e40, 1, 0xffffffff, 0x2aaf84171f00) = 0x55fb4cce74b0
11350   0.034343 libjvm.so->fopen(0x2aaf84171cb0, 0x2aaf821afccb, 4, 0x6f732e74) = 0x2aaf841cf410
11350   0.004801 libjvm.so->dlopen(0x2aaf84171cb0, 1, 0xffffffff, 0x2aaf841bf300) = 0x2aaf841cf410
11350   0.099242 libjvm.so->fopen(0x2aaf84240700, 0x2aaf821afccb, 0x6f732e7373656c, 0x656c646165685f74) = 0x2aaf842407e0
11350   0.003815 libjvm.so->dlopen(0x2aaf84240700, 1, 0xffffffff, 0x2aaf84240700) = 0x2aaf842407e0
11358   0.026554 +++ exited (status 0) +++
11354   0.000171 +++ exited (status 0) +++
11351   0.002927 +++ exited (status 0) +++
11350   0.000173 +++ exited (status 0) +++
11357   0.000259 +++ exited (status 1) +++
11356   0.000020 +++ exited (status 1) +++
11355   0.000018 +++ exited (status 1) +++
11352   0.000015 +++ exited (status 1) +++
11353   0.003512 +++ exited (status 1) +++
11344   0.000054 +++ exited (status 1) +++
Wrote an ltrace for command: "java -cp ./tools/maxent.jar density.Project outputs/Fraus_fusca_Lucas/Fraus_fusca_Lucas.lambdas data/layers/worldclim outputs/Fraus_fusca_Lucas_worldclim.asc nowarnings nocache autorun -z" with PID 11342 from PPID 11325 on disc23.crc.nd.edu with result 1
REMOTEHOST=10.17.150.200
_CONDOR_JOB_PIDS=
MANPATH=/afs/crc.nd.edu/user/n/nkremerh/cctools/share/man/:/afs/crc.nd.edu/group/ccl/software/x86_64/redhat7/ruby/current/share/man:/afs/crc.nd.edu/group/ccl/software/x86_64/redhat7/graphviz/current/share/man:/afs/crc.nd.edu/group/ccl/software/x86_64/redhat7/gnuplot/current/share/man:/afs/crc.nd.edu/group/ccl/software/x86_64/redhat7/git/current/share/man:/afs/crc.nd.edu/group/ccl/software/x86_64/redhat7/condor/current/share/man:/afs/crc.nd.edu/group/ccl/software/x86_64/redhat7/clang/current/share/man:/afs/crc.nd.edu/group/ccl/software/x86_64/redhat7/condor/current/share/man:/afs/crc.nd.edu/group/ccl/software/x86_64/redhat7/cctools/current/share/man:/afs/crc.nd.edu/group/ccl/software/x86_64/redhat7/cctools/current/share/man:/afs/crc.nd.edu/x86_64_linux/Modules/4.5.0/share/man:/opt/crc/usr/local/man:/opt/sge/man:/usr/share/man/overrides:/usr/share/man:/usr/local/share/man
XDG_SESSION_ID=5195
HOSTNAME=disc01.crc.nd.edu
_LMFILES__modshare=/afs/crc.nd.edu/x86_64_linux/Modules/modules/system_modules/CRC_default/1.1:1
MODULEPATH_modshare=/afs/crc.nd.edu/x86_64_linux/Modules/modules/general_software:1:/afs/crc.nd.edu/x86_64_linux/Modules/modules/development_tools_and_libraries:1:/afs/crc.nd.edu/x86_64_linux/Modules/modules/system_modules:1:/afs/crc.nd.edu/x86_64_linux/Modules/current/modulefiles:1:/afs/crc.nd.edu/x86_64_linux/Modules/modules/restricted_software:1:/afs/crc.nd.edu/x86_64_linux/Modules/modules/deprecated_software:1
MODULES_CMD=/afs/crc.nd.edu/x86_64_linux/Modules/4.5.0/libexec/modulecmd.tcl
HOST=disc01.crc.nd.edu
SHELL=/bin/tcsh
TERM=xterm-256color
MAKEFLAGS=
HISTSIZE=5000
TMPDIR=/var/condor/execute/dir_25348/worker-213124-25441/t.1463/cctools-temp-t.1463.Pst8VM
SSH_CLIENT=10.17.150.200 39500 22
PERL5LIB=/afs/crc.nd.edu/user/n/nkremerh/cctools/lib/perl5/site_perl/5.16.3:/afs/crc.nd.edu/user/n/nkremerh/.perl5/lib/perl5
SGE_CELL=crc
_CONDOR_SCRATCH_DIR=/var/condor/execute/dir_25348
PERL_MB_OPT=--install_base '/afs/crc.nd.edu/user/n/nkremerh/.perl5/'
SSH_TTY=/dev/pts/0
SGE_LOAD_AVG=load_avg
MAKEFLOW_MAX_LOCAL_JOBS=2
HISTFILESIZE=10000
_CHIRP_DELAYED_UPDATE_PREFIX=Chirp*
USER=nkremerh
GROUP=campus
LD_LIBRARY_PATH=/afs/crc.nd.edu/group/ccl/software/x86_64/redhat7/ruby/current/lib:/afs/crc.nd.edu/group/ccl/software/x86_64/redhat7/graphviz/current/lib:/afs/crc.nd.edu/group/ccl/software/x86_64/redhat7/git/current/lib:/afs/crc.nd.edu/group/ccl/software/x86_64/redhat7/condor/current/lib:/afs/crc.nd.edu/group/ccl/software/x86_64/redhat7/clang/current/lib:/afs/crc.nd.edu/group/ccl/software/x86_64/redhat7/condor/current/lib:/afs/crc.nd.edu/group/ccl/software/x86_64/redhat7/cctools/current/lib:/opt/crc/usr/local/lib
TEMP=/var/condor/execute/dir_25348/worker-213124-25441/t.1463/cctools-temp-t.1463.Pst8VM
BATCH_SYSTEM=HTCondor
WORKER_TMPDIR=/var/condor/execute/dir_25348/worker-213124-25441/cache/tmp
ENV=/afs/crc.nd.edu/x86_64_linux/Modules/4.5.0/init/profile.sh
MODULES_LMALTNAME=CRC_default/1.1&CRC_default/default&CRC_default
_CONDOR_ANCESTOR_3574=25348:1600703217:4040868675
_CONDOR_CHIRP_CONFIG=/var/condor/execute/dir_25348/.chirp.config
GLOBUS_GSSAPI_MAX_TLS_PROTOCOL=0
_CONDOR_HIGHPORT=9999
HOSTTYPE=x86_64-linux
MAKELEVEL=1
MFLAGS=
CCLSOFTWARE=/afs/crc.nd.edu/group/ccl/software/x86_64/redhat7
PATH=/afs/crc.nd.edu/user/n/nkremerh/cctools/bin:/afs/crc.nd.edu/user/n/nkremerh/miniconda/bin:/afs/crc.nd.edu/group/ccl/software/git:/afs/crc.nd.edu/user/n/nkremerh/.local/bin:/afs/crc.nd.edu/group/ccl/software/x86_64/redhat7/povray/3.7/bin:/afs/crc.nd.edu/user/n/nkremerh/.perl5/bin:/afs/crc.nd.edu/user/n/nkremerh/pegasus/bin:/afs/crc.nd.edu/user/n/nkremerh/nodejs/bin:/afs/crc.nd.edu/user/n/nkremerh/montage/bin:/afs/crc.nd.edu/user/n/nkremerh/latexdiff:/afs/crc.nd.edu/user/n/nkremerh/envtrace:/afs/crc.nd.edu/user/n/nkremerh/endlines:/afs/crc.nd.edu/user/n/nkremerh/cctools/bin:/afs/crc.nd.edu/user/n/nkremerh/.cargo/bin:/afs/crc.nd.edu/group/ccl/software/x86_64/redhat7/ruby/current/bin:/afs/crc.nd.edu/group/ccl/software/x86_64/redhat7/graphviz/current/bin:/afs/crc.nd.edu/group/ccl/software/x86_64/redhat7/gnuplot/current/bin:/afs/crc.nd.edu/group/ccl/software/x86_64/redhat7/git/current/bin:/afs/crc.nd.edu/group/ccl/software/x86_64/redhat7/condor/current/sbin:/afs/crc.nd.edu/group/ccl/software/x86_64/redhat7/condor/current/bin:/afs/crc.nd.edu/group/ccl/software/x86_64/redhat7/cmake/current/bin:/afs/crc.nd.edu/group/ccl/software/x86_64/redhat7/clang/current/bin:/afs/crc.nd.edu/group/ccl/software/x86_64/redhat7/condor/current/sbin:/afs/crc.nd.edu/group/ccl/software/x86_64/redhat7/condor/current/bin:/afs/crc.nd.edu/group/ccl/software/x86_64/redhat7/cctools/current/bin:/afs/crc.nd.edu/x86_64_linux/Modules/4.5.0/bin:/opt/crc/usr/local/bin:/opt/sge/bin/lx-amd64:/usr/local/bin:/usr/bin:/usr/local/sbin:/usr/sbin:/afs/crc.nd.edu/user/c/condor/software/bin:/afs/crc.nd.edu/user/c/condor/software/sbin
MAIL=/var/spool/mail/nkremerh
_CONDOR_ANCESTOR_3382=3574:1598183948:1170902758
PWD=/var/condor/execute/dir_25348/worker-213124-25441/t.1463
_LMFILES_=/afs/crc.nd.edu/x86_64_linux/Modules/modules/system_modules/CRC_default/1.1
SGE_EXECD_PORT=6445
EDITOR=vim
LANG=en_US.UTF-8
MODULEPATH=/afs/crc.nd.edu/x86_64_linux/Modules/modules/development_tools_and_libraries:/afs/crc.nd.edu/x86_64_linux/Modules/modules/general_software:/afs/crc.nd.edu/x86_64_linux/Modules/modules/restricted_software:/afs/crc.nd.edu/x86_64_linux/Modules/modules/system_modules:/afs/crc.nd.edu/x86_64_linux/Modules/modules/deprecated_software:/afs/crc.nd.edu/x86_64_linux/Modules/current/modulefiles
SGE_QMASTER_PORT=6444
SGE_ROOT=/opt/sge
LOADEDMODULES=CRC_default/1.1
WORK_QUEUE_SANDBOX=/var/condor/execute/dir_25348/worker-213124-25441
_CONDOR_SLOT=slot2_2
CCLPLATFORM=x86_64/redhat7
USE_SYSTEMD=true
_CONDOR_LOWPORT=9100
KRB5CCNAME=FILE:/tmp/krb5cc_213124_6nLDKQ
HISTCONTROL=ignoreboth:erasedups
PATH_modshare=/opt/crc/usr/local/bin:1:/opt/sge/bin/lx-amd64:1:/usr/sbin:1:/usr/bin:1:/afs/crc.nd.edu/user/c/condor/software/sbin:1:/usr/local/sbin:1:/afs/crc.nd.edu/user/c/condor/software/bin:1:/usr/local/bin:1
SHLVL=7
HOME=disc01.crc.nd.edu
GLOBUS_GSSAPI_NAME_COMPATIBILITY=STRICT_RFC2818
_CONDOR_MACHINE_AD=/var/condor/execute/dir_25348/.machine.ad
OSTYPE=linux
DISK=18248
GREP_OPTIONS=--color=auto
GLOBUS_GSSAPI_MIN_TLS_PROTOCOL=TLS1_VERSION
MEMORY=1948
MANPATH_modshare=/usr/share/man/overrides:1:/usr/local/share/man:1:/usr/share/man:1:/opt/crc/usr/local/man:1:/opt/sge/man:1
VENDOR=unknown
BASH_ENV=/afs/crc.nd.edu/x86_64_linux/Modules/4.5.0/init/bash
PERL_LOCAL_LIB_ROOT=/afs/crc.nd.edu/user/n/nkremerh/.perl5/
_CONDOR_ANCESTOR_25348=25380:1600703219:72996249
PYTHONPATH=/afs/crc.nd.edu/user/n/nkremerh/cctools/lib/python3.6/site-packages/
CCLHOME=/afs/crc.nd.edu/group/ccl
MACHTYPE=x86_64
LOGNAME=nkremerh
TMP=/var/condor/execute/dir_25348/worker-213124-25441/t.1463/cctools-temp-t.1463.Pst8VM
LD_LIBRARY_PATH_modshare=/opt/crc/usr/local/lib:1
MODULES_LMALTNAME_modshare=CRC_default/1.1&CRC_default/default&CRC_default:1
SSH_CONNECTION=10.17.150.200 39500 129.74.128.103 22
MODULESHOME=/afs/crc.nd.edu/x86_64_linux/Modules/4.5.0
OMP_NUM_THREADS=1
LESSOPEN=||/usr/bin/lesspipe.sh %s
GLOBUS_GSSAPI_BACKWARD_COMPATIBLE_MIC=true
GLOBUS_GSSAPI_CIPHERS=HIGH
LOADEDMODULES_modshare=CRC_default/1.1:1
_CONDOR_JOB_AD=/var/condor/execute/dir_25348/.job.ad
SGE_CLUSTER_NAME=CRC
XDG_RUNTIME_DIR=/run/user/213124
CCTOOLS=../cctools
CORES=2
_CONDOR_JOB_IWD=/var/condor/execute/dir_25348
PERL_MM_OPT=INSTALL_BASE=/afs/crc.nd.edu/user/n/nkremerh/.perl5/
GLOBUS_GSSAPI_SERVER_CIPHER_ORDER=true
BASH_FUNC_module()=() {  unset _mlshdbg;
 if [ "${MODULES_SILENT_SHELL_DEBUG:-0}" = '1' ]; then
 case "$-" in 
 *v*x*)
 set +vx;
 _mlshdbg='vx'
 ;;
 *v*)
 set +v;
 _mlshdbg='v'
 ;;
 *x*)
 set +x;
 _mlshdbg='x'
 ;;
 *)
 _mlshdbg=''
 ;;
 esac;
 fi;
 unset _mlre _mlIFS;
 if [ -n "${IFS+x}" ]; then
 _mlIFS=$IFS;
 fi;
 IFS=' ';
 for _mlv in ${MODULES_RUN_QUARANTINE:-};
 do
 if [ "${_mlv}" = "${_mlv##*[!A-Za-z0-9_]}" -a "${_mlv}" = "${_mlv#[0-9]}" ]; then
 if [ -n "`eval 'echo ${'$_mlv'+x}'`" ]; then
 _mlre="${_mlre:-}${_mlv}_modquar='`eval 'echo ${'$_mlv'}'`' ";
 fi;
 _mlrv="MODULES_RUNENV_${_mlv}";
 _mlre="${_mlre:-}${_mlv}='`eval 'echo ${'$_mlrv':-}'`' ";
 fi;
 done;
 if [ -n "${_mlre:-}" ]; then
 eval `eval ${_mlre}/usr/bin/tclsh /afs/crc.nd.edu/x86_64_linux/Modules/4.5.0/libexec/modulecmd.tcl bash '"$@"'`;
 else
 eval `/usr/bin/tclsh /afs/crc.nd.edu/x86_64_linux/Modules/4.5.0/libexec/modulecmd.tcl bash "$@"`;
 fi;
 _mlstatus=$?;
 if [ -n "${_mlIFS+x}" ]; then
 IFS=$_mlIFS;
 else
 unset IFS;
 fi;
 unset _mlre _mlv _mlrv _mlIFS;
 if [ -n "${_mlshdbg:-}" ]; then
 set -$_mlshdbg;
 fi;
 unset _mlshdbg;
 return $_mlstatus
}
BASH_FUNC_ml()=() {  module ml "$@"
}
_=/usr/bin/printenv
