11224   0.000000 libjli.so->getenv("_JAVA_LAUNCHER_DEBUG") = nil
11224   0.001899 libjli.so->getenv("_JAVA_VERSION_SET") = nil
11224   0.000721 libjli.so->fopen("/usr/lib/jvm/java-1.8.0-openjdk-1.8.0.262.b10-0.el7_8.x86_64/jre/lib/amd64/jvm.cfg", "r") = 0x55a6b68a40e0
11224   0.000800 libjli.so->getenv("JDK_ALTERNATE_VM") = nil
11224   0.000313 libjli.so->__xstat(1, "/usr/lib/jvm/java-1.8.0-openjdk-1.8.0.262.b10-0.el7_8.x86_64/jre/lib/amd64/server/libjvm.so", 0x7ffdad5b2530) = 0
11224   0.000585 libjli.so->getenv("LD_LIBRARY_PATH") = "/afs/crc.nd.edu/group/ccl/software/x86_64/redhat7/ruby/current/lib:/afs/crc.nd.edu/group/ccl/software/x86_64/redhat7/graphviz/current/lib:/afs/crc.nd.edu/group/ccl/software/x86_64/redhat7/git/current/lib:/afs/crc.nd.edu/group/ccl/software/x86_64/redhat7/condor/current/lib:/afs/crc.nd.edu/group/ccl/software/x86_64/redhat7/clang/current/lib:/afs/crc.nd.edu/group/ccl/software/x86_64/redhat7/condor/current/lib:/afs/crc.nd.edu/group/ccl/software/x86_64/redhat7/cctools/current/lib:/opt/crc/usr/local/lib"
11224   0.002176 libjli.so->dlopen("/usr/lib/jvm/java-1.8.0-openjdk-1.8.0.262.b10-0.el7_8.x86_64/jre/lib/amd64/server/libjvm.so", 258 <unfinished ...>
11224   0.039718 libjvm.so->getenv("NMT_LEVEL_11224") = nil
11224   0.001825 <... dlopen resumed> )          = 0x55a6b68a44b0
11224   0.000076 libjli.so->getenv("CLASSPATH")  = nil
11224   0.000335 libjli.so->getenv("_JAVA_SPLASH_JAR") = nil
11224   0.000306 libjli.so->getenv("_JAVA_SPLASH_FILE") = nil
11224   0.000311 libjli.so->pthread_attr_setdetachstate(0x7ffdad5b24e0, 0, 0x7ffdad5b2570, 0) = 0
11224   0.000626 libpthread.so.0->__clone(0x2ac32d169de0, 0x2ac32d07cfc0, 0x3d0f00, 0x2ac32d07d700) = 0x2bd9
11225   0.001738 libjvm.so->dlopen(0x2ac32e9489ae, 1, 0xfffffffffff42c48, 4096) = 0x2ac330000990
11225   0.002425 libjvm.so->getenv(0x2ac32e96383e, 0, 115, 0x65737361) = 0x7ffdad5b8654
11225   0.000452 libjvm.so->fopen(0x2ac32d07bc10, 0x2ac32e8ffccb, 0x6f732e79666972, 0x2ac32da41ab0) = 0x2ac330001440
11225   0.001622 libjvm.so->dlopen(0x2ac32d07bc10, 1, 0xffffffff, 0x2ac330002b00) = 0x2ac330001440
11225   0.001737 libjvm.so->fopen(0x2ac32d07bc10, 0x2ac32e8ffccb, 111, 0x732e6176) = 0x2ac330001b10
11225   0.001561 libjvm.so->dlopen(0x2ac32d07bc10, 1, 0xffffffff, 0x2ac330001a00) = 0x2ac330001b10
11225   0.001578 libjvm.so->__xstat(1, 0x2ac32d07c360, 0x2ac32d07cba0, 0x746f7073746f682e) = -1
11225   0.000449 libjvm.so->getenv(0x2ac32e8f8541, 0x2ac32d07c6d0, 1024, 0x2ac32edb261b) = 0
11225   0.000477 libjvm.so->getenv(0x2ac32e8f8533, 0x2ac32d07c6d0, 1024, 0) = 0
11225   0.000461 libjvm.so->fopen(0x2ac32e948315, 0x2ac32e8ffccb, 4095, 0xffffd53cd1707b03) = 0x2ac3300032d0
11225   0.001156 libjvm.so->fopen(0x2ac32e948361, 0x2ac32e8ffccb, 0x2ac330000078, 0x2ac3300032c0) = 0x2ac3300032d0
11225   0.000800 libjvm.so->fopen(0x2ac32d0769b0, 0x2ac32e8ffccb, 4014, 3995) = 0x2ac3300032d0
11225   0.000663 libjvm.so->opendir(0x2ac330002b40, 0x2ac330002b40, 13, 16) = 0
11225   0.000446 libjvm.so->__xstat(1, 0x2ac32d07b8f0, 0x2ac32d07a860, 0x6f732e7477616d62) = -1
11225   0.000445 libjvm.so->__xstat(1, 0x2ac32d07b8f0, 0x2ac32d07a860, 0x5f74776162696c2f) = 0
11225   0.000476 libjvm.so->fopen(0x2ac32d07ab90, 0x2ac32e8ffccb, 4009, 3994) = 0x2ac3300037b0
11225   0.000715 libjvm.so->fopen(0x2ac32d07ab90, 0x2ac32e8ffccb, 4009, 3994) = 0x2ac3300037b0
11225   0.000701 libjvm.so->fopen(0x2ac32d07ab90, 0x2ac32e8ffccb, 4009, 4002) = 0x2ac3300037b0
11225   0.000629 libjvm.so->fopen(0x2ac32d07ab20, 0x2ac32e8ffccb, 4009, 3994) = 0x2ac3300037b0
11225   0.000616 libjvm.so->fopen(0x2ac32d07ab20, 0x2ac32e8ffccb, 4009, 3994) = 0x2ac3300037b0
11225   0.000694 libjvm.so->fopen(0x2ac32d07ab20, 0x2ac32e8ffccb, 4009, 4002) = 0x2ac3300037b0
11225   0.000636 libjvm.so->fopen(0x2ac32d07ab50, 0x2ac32e8ffccb, 4014, 3995) = 0x2ac3300037b0
11225   0.000802 libjvm.so->getenv(0x2ac32e9490ff, 4096, 3, -1) = 0
11225   0.000905 libjvm.so->fopen(0x2ac32e948998, 0x2ac32e8ffccb, 0x2ac32d160908, 0x2ac32d15fdf0) = 0x2ac3300037b0
11225   0.006021 libjvm.so->open(0x2ac33004a5a0, 0x20000, 0, 0x2ac33004a5e9) = 3
11225   0.000457 libjvm.so->__fxstat(1, 3, 0x2ac32d07ca00, -1) = 0
11225   0.000471 libjvm.so->opendir(0x2ac33004a5a0, 0x2ac32d07ca00, 0x4000, -1) = 0x2ac33004b4b0
11225   0.000468 libjvm.so->__fxstat(1, 3, 0x2ac32d07c8a0, 0x2ac33004b4b0) = 0
11225   0.000441 libjvm.so->__fxstat(1, 5, 0x2ac32d07c930, -1) = 0
11225   0.000453 libjvm.so->open(0x2ac32e9169dc, 0, 0, 0) = 3
11225   0.000719 libjvm.so->__lxstat(1, 0x2ac33004a5a0, 0x2ac32d07cb50, -144) = 0
11225   0.000468 libjvm.so->open(0x2ac33004a5a0, 0x20000, 0x4000, -1) = 3
11225   0.000428 libjvm.so->__fxstat(1, 3, 0x2ac32d07ca00, -1) = 0
11225   0.000479 libjvm.so->opendir(0x2ac33004a5a0, 0x2ac32d07ca00, 0x4000, -1) = 0x2ac33004b4b0
11225   0.000476 libjvm.so->__fxstat(1, 3, 0x2ac32d07c8a0, 0x2ac33004b4b0) = 0
11225   0.000435 libjvm.so->__fxstat(1, 5, 0x2ac32d07c930, -1) = 0
11225   0.000773 libjvm.so->open(0x2ac32e9169dc, 0, 0, 0) = 3
11225   0.001446 libjvm.so->open(0x2ac33004a5e9, 0x20042, 384, -1) = 7
11225   0.001346 libjvm.so->__fxstat(1, 7, 0x2ac32d07cb50, -1) = 0
11225   0.001843 libjvm.so->fopen(0x2ac32d07bb60, 0x2ac32e8ffccb, 4, 0x6f732e70) = 0x2ac330057c00
11225   0.001870 libjvm.so->dlopen(0x2ac32d07bb60, 1, 0xffffffff, 0x2ac330057b00) = 0x2ac330057c00
11225   0.001542 libjvm.so->__xstat(1, 0x2ac32d07c120, 0x2ac32d07c950, 2048) = 0
11225   0.000476 libjvm.so->__xstat(1, 0x2ac32d07c120, 0x2ac32d07c950, 2048) = 0
11225   0.000452 libjvm.so->__xstat(1, 0x2ac32d07c120, 0x2ac32d07c950, 2048) = -1
11225   0.001562 libjvm.so->__xstat(1, 0x2ac32d07c120, 0x2ac32d07c950, 2048) = 0
11225   0.000470 libjvm.so->__xstat(1, 0x2ac32d07c120, 0x2ac32d07c950, 2048) = 0
11225   0.000568 libjvm.so->__xstat(1, 0x2ac32d07c120, 0x2ac32d07c950, 2048) = 0
11225   0.000433 libjvm.so->__xstat(1, 0x2ac32d07c120, 0x2ac32d07c950, 2048) = 0
11225   0.000488 libjvm.so->__xstat(1, 0x2ac32d07c120, 0x2ac32d07c950, 2048) = -1
11225   0.000535 libjvm.so->fopen(0x2ac330002520, 0x2ac32e8ffccb, 0, 0) = 0x2ac330058aa0
11225   0.010313 libjvm.so->open64(0x2ac32d07b410, 0, 0, 16) = 3
11225   0.000533 libjvm.so->__fxstat64(1, 3, 0x2ac32d07b240, -1) = 0
11225   0.040108 libjvm.so->__xstat(1, 0x2ac32d07bf20, 0x2ac32d07c750, 2048) = -1
11225   0.000575 libjvm.so->fopen(0x2ac32d07ab20, 0x2ac32e8ffccb, 4009, 3994) = 0x2ac3300b1fb0
11225   0.000648 libjvm.so->fopen(0x2ac32d07ab20, 0x2ac32e8ffccb, 4009, 3994) = 0x2ac3300b1fb0
11225   0.000681 libjvm.so->fopen(0x2ac32d07ab20, 0x2ac32e8ffccb, 4009, 4002) = 0x2ac3300b1fb0
11225   0.004165 libjvm.so->pthread_attr_setdetachstate(0x2ac32d07cc00, 1, 0, 0) = 0
11225   0.000499 libpthread.so.0->__clone(0x2ac32d169de0, 0x2ac345aa5fc0, 0x3d0f00, 0x2ac345aa6700) = 0x2bda
11225   0.015553 libjvm.so->pthread_attr_setdetachstate(0x2ac32d07c290, 1, 0, 0) = 0
11225   0.000647 libpthread.so.0->__clone(0x2ac32d169de0, 0x2ac345ba6fc0, 0x3d0f00, 0x2ac345ba7700) = 0x2bdb
11225   0.006952 libjvm.so->pthread_attr_setdetachstate(0x2ac32d07c610, 1, 0, 0) = 0
11225   0.000769 libpthread.so.0->__clone(0x2ac32d169de0, 0x2ac345ca7fc0, 0x3d0f00, 0x2ac345ca8700) = 0x2bdc
11225   0.043174 libjvm.so->fopen(0x2ac3300f17f0, 0x2ac32e8ffccb, 4, 0x6f732e70) = 0x2ac3300f1cf0
11225   0.002038 libjvm.so->dlopen(0x2ac3300f17f0, 1, 0xffffffff, 0x2ac3300e8c00) = 0x2ac330057c00
11225   0.006817 libjvm.so->open64(0x2ac32d07b510, 0, 0, 16) = 5
11225   0.001038 libjvm.so->__fxstat64(1, 5, 0x2ac32d07b340, -1) = 0
11225   0.029742 libjvm.so->fopen(0x2ac32d078130, 0x2ac32e8ffccb, 4009, 3994) = 0x2ac3300fccc0
11225   0.001186 libjvm.so->fopen(0x2ac32d078130, 0x2ac32e8ffccb, 4009, 3994) = 0x2ac3300fccc0
11225   0.001416 libjvm.so->fopen(0x2ac32d078130, 0x2ac32e8ffccb, 4009, 4002) = 0x2ac3300fccc0
11225   0.018559 libjvm.so->pthread_attr_setdetachstate(0x2ac32d07cb50, 1, 0, 0) = 0
11225   0.001554 libpthread.so.0->__clone(0x2ac32d169de0, 0x2ac345da8fc0, 0x3d0f00, 0x2ac345da9700) = 0x2bdd
11225   0.001498 libjvm.so->__xstat64(1, 0x2ac32d07cbe0, 0x2ac32d07cb50, 19) = -1
11225   0.001166 libjvm.so->pthread_attr_setdetachstate(0x2ac32d07c950, 1, 0, 0) = 0
11225   0.001152 libpthread.so.0->__clone(0x2ac32d169de0, 0x2ac345ea9fc0, 0x3d0f00, 0x2ac345eaa700) = 0x2bde
11225   0.001884 libjvm.so->pthread_attr_setdetachstate(0x2ac32d07c950, 1, 0, 0) = 0
11225   0.001956 libpthread.so.0->__clone(0x2ac32d169de0, 0x2ac345faafc0, 0x3d0f00, 0x2ac345fab700) = 0x2bdf
11225   0.011356 libjvm.so->pthread_attr_setdetachstate(0x2ac32d07caa0, 1, 0, 0) = 0
11225   0.001562 libpthread.so.0->__clone(0x2ac32d169de0, 0x2ac3460abfc0, 0x3d0f00, 0x2ac3460ac700) = 0x2be0
11225   0.007017 libjvm.so->pthread_attr_setdetachstate(0x2ac32d07cbb0, 1, 0, 0) = 0
11225   0.001987 libpthread.so.0->__clone(0x2ac32d169de0, 0x2ac3461acfc0, 0x3d0f00, 0x2ac3461ad700) = 0x2be1
11225   0.016163 libjvm.so->open64(0x2ac330128890, 0, 0, 16) = 7
11225   0.001698 libjvm.so->__fxstat64(1, 7, 0x2ac32d079f60, -1) = 0
11225   0.029042 libjvm.so->fopen(0x2ac330154680, 0x2ac32e8ffccb, 4, 0x6f732e6f) = 0x2ac330154740
11225   0.003058 libjvm.so->dlopen(0x2ac330154680, 1, 0xffffffff, 0x2ac330154600) = 0x2ac330154740
11225   0.115523 libjvm.so->fopen(0x2ac32d076e40, 0x2ac32e8ffccb, 0x6f732e, 0x6d766a62696c2f72) = 0x2ac33016a060
11225   0.012762 libjvm.so->dlopen(0x2ac32d076e40, 1, 0xffffffff, 0x2ac330169f00) = 0x55a6b68a44b0
11225   0.005569 libjvm.so->fopen(0x2ac32d076e40, 0x2ac32e8ffccb, 0x6f732e, 0x6d766a62696c2f72) = 0x2ac33016a460
11225   0.005852 libjvm.so->dlopen(0x2ac32d076e40, 1, 0xffffffff, 0x2ac330169f00) = 0x55a6b68a44b0
11225   0.002102 libjvm.so->fopen(0x2ac32d076e40, 0x2ac32e8ffccb, 0x6f732e, 0x6d766a62696c2f72) = 0x2ac33016a060
11225   0.003562 libjvm.so->dlopen(0x2ac32d076e40, 1, 0xffffffff, 0x2ac330169f00) = 0x55a6b68a44b0
11225   0.001666 libjvm.so->fopen(0x2ac32d076e40, 0x2ac32e8ffccb, 0x6f732e, 0x6d766a62696c2f72) = 0x2ac33016a060
11225   0.003318 libjvm.so->dlopen(0x2ac32d076e40, 1, 0xffffffff, 0x2ac330169f00) = 0x55a6b68a44b0
11225   0.050377 libjvm.so->fopen(0x2ac3301abf00, 0x2ac32e8ffccb, 4, 0x6f732e74) = 0x2ac3301b5570
11225   0.003769 libjvm.so->dlopen(0x2ac3301abf00, 1, 0xffffffff, 0x2ac33019d200) = 0x2ac3301b5570
11225   0.156530 libjvm.so->fopen(0x2ac3302407d0, 0x2ac32e8ffccb, 0x6f732e7373656c, 0x656c646165685f74) = 0x2ac3302408b0
11225   0.003332 libjvm.so->dlopen(0x2ac3302407d0, 1, 0xffffffff, 0x2ac330240800) = 0x2ac3302408b0
11233   0.042254 +++ exited (status 0) +++
11226   0.000919 +++ exited (status 0) +++
11225   0.000199 +++ exited (status 0) +++
11232   0.000291 +++ exited (status 1) +++
11230   0.000026 +++ exited (status 1) +++
11229   0.000016 +++ exited (status 1) +++
11228   0.000014 +++ exited (status 1) +++
11227   0.000013 +++ exited (status 1) +++
11231   0.005101 +++ exited (status 1) +++
11224   0.000063 +++ exited (status 1) +++
Wrote an ltrace for command: "java -cp ./tools/maxent.jar density.Project outputs/Scardiella_approximatella/Scardiella_approximatella.lambdas data/layers/worldclim outputs/Scardiella_approximatella_worldclim.asc nowarnings nocache autorun -z" with PID 11222 from PPID 11201 on disc25.crc.nd.edu with result 1
REMOTEHOST=10.17.145.58
_CONDOR_JOB_PIDS=
MANPATH=/afs/crc.nd.edu/user/n/nkremerh/cctools/share/man/:/afs/crc.nd.edu/group/ccl/software/x86_64/redhat7/ruby/current/share/man:/afs/crc.nd.edu/group/ccl/software/x86_64/redhat7/graphviz/current/share/man:/afs/crc.nd.edu/group/ccl/software/x86_64/redhat7/gnuplot/current/share/man:/afs/crc.nd.edu/group/ccl/software/x86_64/redhat7/git/current/share/man:/afs/crc.nd.edu/group/ccl/software/x86_64/redhat7/condor/current/share/man:/afs/crc.nd.edu/group/ccl/software/x86_64/redhat7/clang/current/share/man:/afs/crc.nd.edu/group/ccl/software/x86_64/redhat7/condor/current/share/man:/afs/crc.nd.edu/group/ccl/software/x86_64/redhat7/cctools/current/share/man:/afs/crc.nd.edu/group/ccl/software/x86_64/redhat7/cctools/current/share/man:/afs/crc.nd.edu/x86_64_linux/Modules/4.5.0/share/man:/opt/crc/usr/local/man:/opt/sge/man:/usr/share/man/overrides:/usr/share/man:/usr/local/share/man
XDG_SESSION_ID=3301
HOSTNAME=disc01.crc.nd.edu
_LMFILES__modshare=/afs/crc.nd.edu/x86_64_linux/Modules/modules/system_modules/CRC_default/1.1:1
MODULEPATH_modshare=/afs/crc.nd.edu/x86_64_linux/Modules/modules/general_software:1:/afs/crc.nd.edu/x86_64_linux/Modules/modules/development_tools_and_libraries:1:/afs/crc.nd.edu/x86_64_linux/Modules/modules/system_modules:1:/afs/crc.nd.edu/x86_64_linux/Modules/current/modulefiles:1:/afs/crc.nd.edu/x86_64_linux/Modules/modules/restricted_software:1:/afs/crc.nd.edu/x86_64_linux/Modules/modules/deprecated_software:1
MODULES_CMD=/afs/crc.nd.edu/x86_64_linux/Modules/4.5.0/libexec/modulecmd.tcl
HOST=disc01.crc.nd.edu
SHELL=/bin/tcsh
TERM=xterm-256color
MAKEFLAGS=
HISTSIZE=5000
TMPDIR=/var/condor/execute/dir_3437/worker-213124-3579/t.1610/cctools-temp-t.1610.4sNhis
SSH_CLIENT=10.17.145.58 38176 22
PERL5LIB=/afs/crc.nd.edu/user/n/nkremerh/cctools/lib/perl5/site_perl/5.16.3:/afs/crc.nd.edu/user/n/nkremerh/.perl5/lib/perl5
SGE_CELL=crc
_CONDOR_SCRATCH_DIR=/var/condor/execute/dir_3437
PERL_MB_OPT=--install_base '/afs/crc.nd.edu/user/n/nkremerh/.perl5/'
SSH_TTY=/dev/pts/0
SGE_LOAD_AVG=load_avg
MAKEFLOW_MAX_LOCAL_JOBS=2
HISTFILESIZE=10000
_CHIRP_DELAYED_UPDATE_PREFIX=Chirp*
USER=nkremerh
GROUP=campus
LD_LIBRARY_PATH=/afs/crc.nd.edu/group/ccl/software/x86_64/redhat7/ruby/current/lib:/afs/crc.nd.edu/group/ccl/software/x86_64/redhat7/graphviz/current/lib:/afs/crc.nd.edu/group/ccl/software/x86_64/redhat7/git/current/lib:/afs/crc.nd.edu/group/ccl/software/x86_64/redhat7/condor/current/lib:/afs/crc.nd.edu/group/ccl/software/x86_64/redhat7/clang/current/lib:/afs/crc.nd.edu/group/ccl/software/x86_64/redhat7/condor/current/lib:/afs/crc.nd.edu/group/ccl/software/x86_64/redhat7/cctools/current/lib:/opt/crc/usr/local/lib
TEMP=/var/condor/execute/dir_3437/worker-213124-3579/t.1610/cctools-temp-t.1610.4sNhis
BATCH_SYSTEM=HTCondor
WORKER_TMPDIR=/var/condor/execute/dir_3437/worker-213124-3579/cache/tmp
ENV=/afs/crc.nd.edu/x86_64_linux/Modules/4.5.0/init/profile.sh
MODULES_LMALTNAME=CRC_default/1.1&CRC_default/default&CRC_default
_CONDOR_CHIRP_CONFIG=/var/condor/execute/dir_3437/.chirp.config
GLOBUS_GSSAPI_MAX_TLS_PROTOCOL=0
_CONDOR_HIGHPORT=9999
HOSTTYPE=x86_64-linux
MAKELEVEL=1
MFLAGS=
CCLSOFTWARE=/afs/crc.nd.edu/group/ccl/software/x86_64/redhat7
PATH=/afs/crc.nd.edu/user/n/nkremerh/cctools/bin:/afs/crc.nd.edu/user/n/nkremerh/miniconda/bin:/afs/crc.nd.edu/group/ccl/software/git:/afs/crc.nd.edu/user/n/nkremerh/.local/bin:/afs/crc.nd.edu/group/ccl/software/x86_64/redhat7/povray/3.7/bin:/afs/crc.nd.edu/user/n/nkremerh/.perl5/bin:/afs/crc.nd.edu/user/n/nkremerh/pegasus/bin:/afs/crc.nd.edu/user/n/nkremerh/nodejs/bin:/afs/crc.nd.edu/user/n/nkremerh/montage/bin:/afs/crc.nd.edu/user/n/nkremerh/latexdiff:/afs/crc.nd.edu/user/n/nkremerh/envtrace:/afs/crc.nd.edu/user/n/nkremerh/endlines:/afs/crc.nd.edu/user/n/nkremerh/cctools/bin:/afs/crc.nd.edu/user/n/nkremerh/.cargo/bin:/afs/crc.nd.edu/group/ccl/software/x86_64/redhat7/ruby/current/bin:/afs/crc.nd.edu/group/ccl/software/x86_64/redhat7/graphviz/current/bin:/afs/crc.nd.edu/group/ccl/software/x86_64/redhat7/gnuplot/current/bin:/afs/crc.nd.edu/group/ccl/software/x86_64/redhat7/git/current/bin:/afs/crc.nd.edu/group/ccl/software/x86_64/redhat7/condor/current/sbin:/afs/crc.nd.edu/group/ccl/software/x86_64/redhat7/condor/current/bin:/afs/crc.nd.edu/group/ccl/software/x86_64/redhat7/cmake/current/bin:/afs/crc.nd.edu/group/ccl/software/x86_64/redhat7/clang/current/bin:/afs/crc.nd.edu/group/ccl/software/x86_64/redhat7/condor/current/sbin:/afs/crc.nd.edu/group/ccl/software/x86_64/redhat7/condor/current/bin:/afs/crc.nd.edu/group/ccl/software/x86_64/redhat7/cctools/current/bin:/afs/crc.nd.edu/x86_64_linux/Modules/4.5.0/bin:/opt/crc/usr/local/bin:/opt/sge/bin/lx-amd64:/usr/local/bin:/usr/bin:/usr/local/sbin:/usr/sbin:/afs/crc.nd.edu/user/c/condor/software/bin:/afs/crc.nd.edu/user/c/condor/software/sbin
MAIL=/var/spool/mail/nkremerh
PWD=/var/condor/execute/dir_3437/worker-213124-3579/t.1610
_LMFILES_=/afs/crc.nd.edu/x86_64_linux/Modules/modules/system_modules/CRC_default/1.1
SGE_EXECD_PORT=6445
EDITOR=vim
LANG=en_US.UTF-8
MODULEPATH=/afs/crc.nd.edu/x86_64_linux/Modules/modules/development_tools_and_libraries:/afs/crc.nd.edu/x86_64_linux/Modules/modules/general_software:/afs/crc.nd.edu/x86_64_linux/Modules/modules/restricted_software:/afs/crc.nd.edu/x86_64_linux/Modules/modules/system_modules:/afs/crc.nd.edu/x86_64_linux/Modules/modules/deprecated_software:/afs/crc.nd.edu/x86_64_linux/Modules/current/modulefiles
SGE_QMASTER_PORT=6444
SGE_ROOT=/opt/sge
LOADEDMODULES=CRC_default/1.1
WORK_QUEUE_SANDBOX=/var/condor/execute/dir_3437/worker-213124-3579
_CONDOR_SLOT=slot2_3
CCLPLATFORM=x86_64/redhat7
USE_SYSTEMD=true
_CONDOR_ANCESTOR_4261=3437:1594946670:4145456539
_CONDOR_LOWPORT=9100
KRB5CCNAME=FILE:/tmp/krb5cc_213124_0wTNSp
HISTCONTROL=ignoreboth:erasedups
PATH_modshare=/opt/crc/usr/local/bin:1:/opt/sge/bin/lx-amd64:1:/usr/sbin:1:/usr/bin:1:/afs/crc.nd.edu/user/c/condor/software/sbin:1:/usr/local/sbin:1:/afs/crc.nd.edu/user/c/condor/software/bin:1:/usr/local/bin:1
SHLVL=7
HOME=/afs/crc.nd.edu/user/n/nkremerh
GLOBUS_GSSAPI_NAME_COMPATIBILITY=STRICT_RFC2818
_CONDOR_ANCESTOR_3989=4261:1593343483:4184216969
_CONDOR_MACHINE_AD=/var/condor/execute/dir_3437/.machine.ad
OSTYPE=linux
DISK=18236
GREP_OPTIONS=--color=auto
_CONDOR_ANCESTOR_3437=3498:1594946671:905281026
GLOBUS_GSSAPI_MIN_TLS_PROTOCOL=TLS1_VERSION
MEMORY=1948
MANPATH_modshare=/usr/share/man/overrides:1:/usr/local/share/man:1:/usr/share/man:1:/opt/crc/usr/local/man:1:/opt/sge/man:1
VENDOR=unknown
BASH_ENV=/afs/crc.nd.edu/x86_64_linux/Modules/4.5.0/init/bash
PERL_LOCAL_LIB_ROOT=/afs/crc.nd.edu/user/n/nkremerh/.perl5/
PYTHONPATH=/afs/crc.nd.edu/user/n/nkremerh/cctools/lib/python3.6/site-packages/
CCLHOME=/afs/crc.nd.edu/group/ccl
MACHTYPE=x86_64
LOGNAME=nkremerh
TMP=/var/condor/execute/dir_3437/worker-213124-3579/t.1610/cctools-temp-t.1610.4sNhis
LD_LIBRARY_PATH_modshare=/opt/crc/usr/local/lib:1
MODULES_LMALTNAME_modshare=CRC_default/1.1&CRC_default/default&CRC_default:1
SSH_CONNECTION=10.17.145.58 38176 129.74.128.103 22
MODULESHOME=/afs/crc.nd.edu/x86_64_linux/Modules/4.5.0
OMP_NUM_THREADS=1
LESSOPEN=||/usr/bin/lesspipe.sh %s
GLOBUS_GSSAPI_BACKWARD_COMPATIBLE_MIC=true
GLOBUS_GSSAPI_CIPHERS=HIGH
LOADEDMODULES_modshare=CRC_default/1.1:1
_CONDOR_JOB_AD=/var/condor/execute/dir_3437/.job.ad
SGE_CLUSTER_NAME=CRC
XDG_RUNTIME_DIR=/run/user/213124
CCTOOLS=../cctools
CORES=1
_CONDOR_JOB_IWD=/var/condor/execute/dir_3437
PERL_MM_OPT=INSTALL_BASE=/afs/crc.nd.edu/user/n/nkremerh/.perl5/
GLOBUS_GSSAPI_SERVER_CIPHER_ORDER=true
BASH_FUNC_module()=() {  unset _mlshdbg;
 if [ "${MODULES_SILENT_SHELL_DEBUG:-0}" = '1' ]; then
 case "$-" in 
 *v*x*)
 set +vx;
 _mlshdbg='vx'
 ;;
 *v*)
 set +v;
 _mlshdbg='v'
 ;;
 *x*)
 set +x;
 _mlshdbg='x'
 ;;
 *)
 _mlshdbg=''
 ;;
 esac;
 fi;
 unset _mlre _mlIFS;
 if [ -n "${IFS+x}" ]; then
 _mlIFS=$IFS;
 fi;
 IFS=' ';
 for _mlv in ${MODULES_RUN_QUARANTINE:-};
 do
 if [ "${_mlv}" = "${_mlv##*[!A-Za-z0-9_]}" -a "${_mlv}" = "${_mlv#[0-9]}" ]; then
 if [ -n "`eval 'echo ${'$_mlv'+x}'`" ]; then
 _mlre="${_mlre:-}${_mlv}_modquar='`eval 'echo ${'$_mlv'}'`' ";
 fi;
 _mlrv="MODULES_RUNENV_${_mlv}";
 _mlre="${_mlre:-}${_mlv}='`eval 'echo ${'$_mlrv':-}'`' ";
 fi;
 done;
 if [ -n "${_mlre:-}" ]; then
 eval `eval ${_mlre}/usr/bin/tclsh /afs/crc.nd.edu/x86_64_linux/Modules/4.5.0/libexec/modulecmd.tcl bash '"$@"'`;
 else
 eval `/usr/bin/tclsh /afs/crc.nd.edu/x86_64_linux/Modules/4.5.0/libexec/modulecmd.tcl bash "$@"`;
 fi;
 _mlstatus=$?;
 if [ -n "${_mlIFS+x}" ]; then
 IFS=$_mlIFS;
 else
 unset IFS;
 fi;
 unset _mlre _mlv _mlrv _mlIFS;
 if [ -n "${_mlshdbg:-}" ]; then
 set -$_mlshdbg;
 fi;
 unset _mlshdbg;
 return $_mlstatus
}
BASH_FUNC_ml()=() {  module ml "$@"
}
_=/usr/bin/printenv
