13268   0.000000 libjli.so->getenv("_JAVA_LAUNCHER_DEBUG") = nil
13268   0.001770 libjli.so->getenv("_JAVA_VERSION_SET") = nil
13268   0.000725 libjli.so->fopen("/usr/lib/jvm/java-1.8.0-openjdk-1.8.0.262.b10-0.el7_8.x86_64/jre/lib/amd64/jvm.cfg", "r") = 0x55a6e12ed0f0
13268   0.000846 libjli.so->getenv("JDK_ALTERNATE_VM") = nil
13268   0.000317 libjli.so->__xstat(1, "/usr/lib/jvm/java-1.8.0-openjdk-1.8.0.262.b10-0.el7_8.x86_64/jre/lib/amd64/server/libjvm.so", 0x7fff5b4dc930) = 0
13268   0.000600 libjli.so->getenv("LD_LIBRARY_PATH") = "/afs/crc.nd.edu/group/ccl/software/x86_64/redhat7/ruby/current/lib:/afs/crc.nd.edu/group/ccl/software/x86_64/redhat7/graphviz/current/lib:/afs/crc.nd.edu/group/ccl/software/x86_64/redhat7/git/current/lib:/afs/crc.nd.edu/group/ccl/software/x86_64/redhat7/condor/current/lib:/afs/crc.nd.edu/group/ccl/software/x86_64/redhat7/clang/current/lib:/afs/crc.nd.edu/group/ccl/software/x86_64/redhat7/condor/current/lib:/afs/crc.nd.edu/group/ccl/software/x86_64/redhat7/cctools/current/lib:/opt/crc/usr/local/lib"
13268   0.002133 libjli.so->dlopen("/usr/lib/jvm/java-1.8.0-openjdk-1.8.0.262.b10-0.el7_8.x86_64/jre/lib/amd64/server/libjvm.so", 258 <unfinished ...>
13268   0.038036 libjvm.so->getenv("NMT_LEVEL_13268") = nil
13268   0.001601 <... dlopen resumed> )          = 0x55a6e12ed4c0
13268   0.000076 libjli.so->getenv("CLASSPATH")  = nil
13268   0.000308 libjli.so->getenv("_JAVA_SPLASH_JAR") = nil
13268   0.000298 libjli.so->getenv("_JAVA_SPLASH_FILE") = nil
13268   0.000308 libjli.so->pthread_attr_setdetachstate(0x7fff5b4dc8e0, 0, 0x7fff5b4dc970, 0) = 0
13268   0.000435 libpthread.so.0->__clone(0x2ad49f125de0, 0x2ad49f038fc0, 0x3d0f00, 0x2ad49f039700) = 0x33da
13274   0.002262 libjvm.so->dlopen(0x2ad4a09049ae, 1, 0xfffffffffff42c48, 4096) = 0x2ad4a4000990
13274   0.002866 libjvm.so->getenv(0x2ad4a091f83e, 0, 115, 0x65737361) = 0x7fff5b4e271c
13274   0.000486 libjvm.so->fopen(0x2ad49f037c10, 0x2ad4a08bbccb, 0x6f732e79666972, 0x2ad49f9fdab0) = 0x2ad4a4001440
13274   0.001944 libjvm.so->dlopen(0x2ad49f037c10, 1, 0xffffffff, 0x2ad4a4002b00) = 0x2ad4a4001440
13274   0.001619 libjvm.so->fopen(0x2ad49f037c10, 0x2ad4a08bbccb, 111, 0x732e6176) = 0x2ad4a4001b10
13274   0.001921 libjvm.so->dlopen(0x2ad49f037c10, 1, 0xffffffff, 0x2ad4a4001a00) = 0x2ad4a4001b10
13274   0.001674 libjvm.so->__xstat(1, 0x2ad49f038360, 0x2ad49f038ba0, 0x746f7073746f682e) = -1
13274   0.000493 libjvm.so->getenv(0x2ad4a08b4541, 0x2ad49f0386d0, 1024, 0x2ad4a0d6e61b) = 0
13274   0.000447 libjvm.so->getenv(0x2ad4a08b4533, 0x2ad49f0386d0, 1024, 0) = 0
13274   0.000426 libjvm.so->fopen(0x2ad4a0904315, 0x2ad4a08bbccb, 4095, 0xffffd52b5f74bb03) = 0x2ad4a4003290
13274   0.001152 libjvm.so->fopen(0x2ad4a0904361, 0x2ad4a08bbccb, 0x2ad4a4000078, 0x2ad4a4003280) = 0x2ad4a4003290
13274   0.001179 libjvm.so->fopen(0x2ad49f0329b0, 0x2ad4a08bbccb, 4014, 3995) = 0x2ad4a4003290
13274   0.000961 libjvm.so->opendir(0x2ad4a4002b40, 0x2ad4a4002b40, 13, 16) = 0
13274   0.000525 libjvm.so->__xstat(1, 0x2ad49f0378f0, 0x2ad49f036860, 0x6f732e7477616d62) = -1
13274   0.000456 libjvm.so->__xstat(1, 0x2ad49f0378f0, 0x2ad49f036860, 0x5f74776162696c2f) = 0
13274   0.000862 libjvm.so->fopen(0x2ad49f036b90, 0x2ad4a08bbccb, 4009, 3994) = 0x2ad4a4003770
13274   0.000814 libjvm.so->fopen(0x2ad49f036b90, 0x2ad4a08bbccb, 4009, 3994) = 0x2ad4a4003770
13274   0.000720 libjvm.so->fopen(0x2ad49f036b90, 0x2ad4a08bbccb, 4009, 4002) = 0x2ad4a4003770
13274   0.000784 libjvm.so->fopen(0x2ad49f036b20, 0x2ad4a08bbccb, 4009, 3994) = 0x2ad4a4003770
13274   0.000690 libjvm.so->fopen(0x2ad49f036b20, 0x2ad4a08bbccb, 4009, 3994) = 0x2ad4a4003770
13274   0.000697 libjvm.so->fopen(0x2ad49f036b20, 0x2ad4a08bbccb, 4009, 4002) = 0x2ad4a4003770
13274   0.000720 libjvm.so->fopen(0x2ad49f036b50, 0x2ad4a08bbccb, 4014, 3995) = 0x2ad4a4003770
13274   0.000925 libjvm.so->getenv(0x2ad4a09050ff, 4096, 3, -1) = 0
13274   0.001100 libjvm.so->fopen(0x2ad4a0904998, 0x2ad4a08bbccb, 0x2ad49f11c908, 0x2ad49f11bdf0) = 0x2ad4a4003770
13274   0.005739 libjvm.so->open(0x2ad4a404a560, 0x20000, 0, 0x2ad4a404a5a9) = 3
13274   0.000551 libjvm.so->__fxstat(1, 3, 0x2ad49f038a00, -1) = 0
13274   0.000605 libjvm.so->opendir(0x2ad4a404a560, 0x2ad49f038a00, 0x4000, -1) = 0x2ad4a404b470
13274   0.000552 libjvm.so->__fxstat(1, 3, 0x2ad49f0388a0, 0x2ad4a404b470) = 0
13274   0.000516 libjvm.so->__fxstat(1, 5, 0x2ad49f038930, -1) = 0
13274   0.000488 libjvm.so->open(0x2ad4a08d29dc, 0, 0, 0) = 3
13274   0.001482 libjvm.so->__lxstat(1, 0x2ad4a404a560, 0x2ad49f038b50, -144) = 0
13274   0.000540 libjvm.so->open(0x2ad4a404a560, 0x20000, 0x4000, -1) = 3
13274   0.000579 libjvm.so->__fxstat(1, 3, 0x2ad49f038a00, -1) = 0
13274   0.000485 libjvm.so->opendir(0x2ad4a404a560, 0x2ad49f038a00, 0x4000, -1) = 0x2ad4a404b470
13274   0.000550 libjvm.so->__fxstat(1, 3, 0x2ad49f0388a0, 0x2ad4a404b470) = 0
13274   0.000505 libjvm.so->__fxstat(1, 5, 0x2ad49f038930, -1) = 0
13274   0.000566 libjvm.so->open(0x2ad4a08d29dc, 0, 0, 0) = 3
13274   0.000590 libjvm.so->open(0x2ad4a404a5a9, 0x20042, 384, -1) = 7
13274   0.000695 libjvm.so->__fxstat(1, 7, 0x2ad49f038b50, -1) = 0
13274   0.002427 libjvm.so->fopen(0x2ad49f037b60, 0x2ad4a08bbccb, 4, 0x6f732e70) = 0x2ad4a4057bc0
13274   0.002732 libjvm.so->dlopen(0x2ad49f037b60, 1, 0xffffffff, 0x2ad4a4057b00) = 0x2ad4a4057bc0
13274   0.001666 libjvm.so->__xstat(1, 0x2ad49f038120, 0x2ad49f038950, 2048) = 0
13274   0.000541 libjvm.so->__xstat(1, 0x2ad49f038120, 0x2ad49f038950, 2048) = 0
13274   0.000603 libjvm.so->__xstat(1, 0x2ad49f038120, 0x2ad49f038950, 2048) = -1
13274   0.000529 libjvm.so->__xstat(1, 0x2ad49f038120, 0x2ad49f038950, 2048) = 0
13274   0.000445 libjvm.so->__xstat(1, 0x2ad49f038120, 0x2ad49f038950, 2048) = 0
13274   0.000460 libjvm.so->__xstat(1, 0x2ad49f038120, 0x2ad49f038950, 2048) = 0
13274   0.000435 libjvm.so->__xstat(1, 0x2ad49f038120, 0x2ad49f038950, 2048) = 0
13274   0.000423 libjvm.so->__xstat(1, 0x2ad49f038120, 0x2ad49f038950, 2048) = -1
13274   0.000567 libjvm.so->fopen(0x2ad4a4002520, 0x2ad4a08bbccb, 0, 0) = 0x2ad4a4058a60
13274   0.009322 libjvm.so->open64(0x2ad49f037410, 0, 0, 16) = 3
13274   0.000608 libjvm.so->__fxstat64(1, 3, 0x2ad49f037240, -1) = 0
13274   0.036480 libjvm.so->__xstat(1, 0x2ad49f037f20, 0x2ad49f038750, 2048) = -1
13274   0.000660 libjvm.so->fopen(0x2ad49f036b20, 0x2ad4a08bbccb, 4009, 3994) = 0x2ad4a40b5e20
13274   0.000716 libjvm.so->fopen(0x2ad49f036b20, 0x2ad4a08bbccb, 4009, 3994) = 0x2ad4a40b5e20
13274   0.000731 libjvm.so->fopen(0x2ad49f036b20, 0x2ad4a08bbccb, 4009, 4002) = 0x2ad4a40b5e20
13274   0.004456 libjvm.so->pthread_attr_setdetachstate(0x2ad49f038c00, 1, 0, 0) = 0
13274   0.000580 libpthread.so.0->__clone(0x2ad49f125de0, 0x2ad4a3fd8fc0, 0x3d0f00, 0x2ad4a3fd9700) = 0x33db
13274   0.015636 libjvm.so->pthread_attr_setdetachstate(0x2ad49f038290, 1, 0, 0) = 0
13274   0.000673 libpthread.so.0->__clone(0x2ad49f125de0, 0x2ad4b7ad0fc0, 0x3d0f00, 0x2ad4b7ad1700) = 0x33dc
13274   0.007594 libjvm.so->pthread_attr_setdetachstate(0x2ad49f038610, 1, 0, 0) = 0
13274   0.000837 libpthread.so.0->__clone(0x2ad49f125de0, 0x2ad4b7bd1fc0, 0x3d0f00, 0x2ad4b7bd2700) = 0x33dd
13274   0.041260 libjvm.so->fopen(0x2ad4a40e9130, 0x2ad4a08bbccb, 4, 0x6f732e70) = 0x2ad4a40f1c70
13274   0.002343 libjvm.so->dlopen(0x2ad4a40e9130, 1, 0xffffffff, 0x2ad4a40ec300) = 0x2ad4a4057bc0
13274   0.005817 libjvm.so->open64(0x2ad49f037510, 0, 0, 16) = 5
13274   0.001020 libjvm.so->__fxstat64(1, 5, 0x2ad49f037340, -1) = 0
13274   0.023587 libjvm.so->fopen(0x2ad49f034130, 0x2ad4a08bbccb, 4009, 3994) = 0x2ad4a40fcbc0
13274   0.001456 libjvm.so->fopen(0x2ad49f034130, 0x2ad4a08bbccb, 4009, 3994) = 0x2ad4a40fcbc0
13274   0.001120 libjvm.so->fopen(0x2ad49f034130, 0x2ad4a08bbccb, 4009, 4002) = 0x2ad4a40fcbc0
13274   0.018003 libjvm.so->pthread_attr_setdetachstate(0x2ad49f038b50, 1, 0, 0) = 0
13274   0.001002 libpthread.so.0->__clone(0x2ad49f125de0, 0x2ad4b7cd2fc0, 0x3d0f00, 0x2ad4b7cd3700) = 0x33de
13274   0.001449 libjvm.so->__xstat64(1, 0x2ad49f038be0, 0x2ad49f038b50, 19) = -1
13274   0.001480 libjvm.so->pthread_attr_setdetachstate(0x2ad49f038950, 1, 0, 0) = 0
13274   0.001282 libpthread.so.0->__clone(0x2ad49f125de0, 0x2ad4b7dd3fc0, 0x3d0f00, 0x2ad4b7dd4700) = 0x33df
13274   0.001723 libjvm.so->pthread_attr_setdetachstate(0x2ad49f038950, 1, 0, 0) = 0
13274   0.001292 libpthread.so.0->__clone(0x2ad49f125de0, 0x2ad4b7ed4fc0, 0x3d0f00, 0x2ad4b7ed5700) = 0x33e0
13274   0.009497 libjvm.so->pthread_attr_setdetachstate(0x2ad49f038aa0, 1, 0, 0) = 0
13274   0.001418 libpthread.so.0->__clone(0x2ad49f125de0, 0x2ad4b7fd5fc0, 0x3d0f00, 0x2ad4b7fd6700) = 0x33e1
13274   0.002225 libjvm.so->pthread_attr_setdetachstate(0x2ad49f038bb0, 1, 0, 0) = 0
13274   0.001606 libpthread.so.0->__clone(0x2ad49f125de0, 0x2ad4ca642fc0, 0x3d0f00, 0x2ad4ca643700) = 0x33e2
13274   0.015455 libjvm.so->open64(0x2ad4a4120860, 0, 0, 32) = 7
13274   0.001797 libjvm.so->__fxstat64(1, 7, 0x2ad49f035f60, -1) = 0
13274   0.025855 libjvm.so->fopen(0x2ad4a414c560, 0x2ad4a08bbccb, 4, 0x6f732e6f) = 0x2ad4a414c620
13274   0.004351 libjvm.so->dlopen(0x2ad4a414c560, 1, 0xffffffff, 0x2ad4a414c500) = 0x2ad4a414c620
13274   0.142687 libjvm.so->fopen(0x2ad4a4192490, 0x2ad4a08bbccb, 4, 0x6f732e74) = 0x2ad4a4195740
13274   0.003512 libjvm.so->dlopen(0x2ad4a4192490, 1, 0xffffffff, 0x2ad4a4195600) = 0x2ad4a419faf0
13274   0.142931 libjvm.so->fopen(0x2ad4a4228a30, 0x2ad4a08bbccb, 0x6f732e7373656c, 0x656c646165685f74) = 0x2ad4a4228b10
13274   0.003164 libjvm.so->dlopen(0x2ad4a4228a30, 1, 0xffffffff, 0x2ad4a4228a00) = 0x2ad4a4228b10
13274   0.021019 libjvm.so->fopen(0x2ad49f031990, 0x2ad4a08bbccb, 0x6f732e, 0x6d766a62696c2f72) = 0x2ad4a42329c0
13274   0.006432 libjvm.so->dlopen(0x2ad49f031990, 1, 0xffffffff, 0x2ad4a4231f00) = 0x55a6e12ed4c0
13274   0.001675 libjvm.so->fopen(0x2ad49f031990, 0x2ad4a08bbccb, 0x6f732e, 0x6d766a62696c2f72) = 0x2ad4a4232960
13274   0.005565 libjvm.so->dlopen(0x2ad49f031990, 1, 0xffffffff, 0x2ad4a4231f00) = 0x55a6e12ed4c0
13274   0.001680 libjvm.so->fopen(0x2ad49f031990, 0x2ad4a08bbccb, 0x6f732e, 0x6d766a62696c2f72) = 0x2ad4a4232960
13274   0.003982 libjvm.so->dlopen(0x2ad49f031990, 1, 0xffffffff, 0x2ad4a4231f00) = 0x55a6e12ed4c0
13274   0.001764 libjvm.so->fopen(0x2ad49f031990, 0x2ad4a08bbccb, 0x6f732e, 0x6d766a62696c2f72) = 0x2ad4a4232960
13274   0.004538 libjvm.so->dlopen(0x2ad49f031990, 1, 0xffffffff, 0x2ad4a4231f00) = 0x55a6e12ed4c0
13274   3.632952 --- SIGSEGV (Segmentation fault) ---
13274   9.443359 libjvm.so->fopen(0x2ad49f0329d0, 0x2ad4a08bbccb, 4, 0x6f732e70) = 0x2ad4a412b210
13274   0.002230 libjvm.so->dlopen(0x2ad49f0329d0, 1, 0xffffffff, 0x2ad4a412b100) = 0x2ad4a4057bc0
13274   0.001230 libjvm.so->fopen(0x2ad49f0329d0, 0x2ad4a08bbccb, 4, 0x6f732e70) = 0x2ad4a41fc1d0
13274   0.001798 libjvm.so->dlopen(0x2ad49f0329d0, 1, 0xffffffff, 0x2ad4a412b100) = 0x2ad4a4057bc0
13274   0.001526 libjvm.so->fopen(0x2ad49f0329d0, 0x2ad4a08bbccb, 4, 0x6f732e70) = 0x2ad4a41f9a00
13274   0.001906 libjvm.so->dlopen(0x2ad49f0329d0, 1, 0xffffffff, 0x2ad4a412b100) = 0x2ad4a4057bc0
13274   0.004980 libjvm.so->fopen(0x2ad49f0329d0, 0x2ad4a08bbccb, 4, 0x6f732e70) = 0x2ad4a41f9a00
13274   0.001881 libjvm.so->dlopen(0x2ad49f0329d0, 1, 0xffffffff, 0x2ad4a412b100) = 0x2ad4a4057bc0
13274   0.001234 libjvm.so->fopen(0x2ad49f0329d0, 0x2ad4a08bbccb, 4, 0x6f732e70) = 0x2ad4a41f9a00
13274   0.002437 libjvm.so->dlopen(0x2ad49f0329d0, 1, 0xffffffff, 0x2ad4a412b300) = 0x2ad4a4057bc0
13274   0.001091 libjvm.so->fopen(0x2ad49f0329d0, 0x2ad4a08bbccb, 4, 0x6f732e70) = 0x2ad4a41f9a00
13274   0.001903 libjvm.so->dlopen(0x2ad49f0329d0, 1, 0xffffffff, 0x2ad4a412b300) = 0x2ad4a4057bc0
13274   0.001488 libjvm.so->fopen(0x2ad49f0329d0, 0x2ad4a08bbccb, 4, 0x6f732e70) = 0x2ad4a41f9a00
13274   0.001780 libjvm.so->dlopen(0x2ad49f0329d0, 1, 0xffffffff, 0x2ad4a412b300) = 0x2ad4a4057bc0
13274   0.001152 libjvm.so->fopen(0x2ad49f0329d0, 0x2ad4a08bbccb, 4, 0x6f732e70) = 0x2ad4a41f9a00
13274   0.002715 libjvm.so->dlopen(0x2ad49f0329d0, 1, 0xffffffff, 0x2ad4a412b300) = 0x2ad4a4057bc0
13274   0.247801 libjvm.so->fopen(0x2ad49f036120, 0x2ad4a08bbccb, 111, 0x732e6176) = 0x2ad4a41fd2c0
13274   0.003341 libjvm.so->dlopen(0x2ad49f036120, 1, 0xffffffff, 0x2ad4a41feb00) = 0x2ad4a4001b10
13274   0.002279 libjvm.so->fopen(0x2ad49f036120, 0x2ad4a08bbccb, 111, 0x732e6176) = 0x2ad4a41dfee0
13274   0.003091 libjvm.so->dlopen(0x2ad49f036120, 1, 0xffffffff, 0x2ad4a41feb00) = 0x2ad4a4001b10
13274   0.001703 libjvm.so->fopen(0x2ad49f036120, 0x2ad4a08bbccb, 111, 0x732e6176) = 0x2ad4a41dfee0
13274   0.003235 libjvm.so->dlopen(0x2ad49f036120, 1, 0xffffffff, 0x2ad4a41feb00) = 0x2ad4a4001b10
13274   0.001722 libjvm.so->fopen(0x2ad49f036120, 0x2ad4a08bbccb, 111, 0x732e6176) = 0x2ad4a41dfee0
13274   0.002890 libjvm.so->dlopen(0x2ad49f036120, 1, 0xffffffff, 0x2ad4a41feb00) = 0x2ad4a4001b10
13274   0.136937 libjvm.so->fopen(0x2ad4a41c9d70, 0x2ad4a08bbccb, 0x6f732e72656761, 0x6567616e616d746e) = 0x2ad4a4284f90
13274   0.002885 libjvm.so->dlopen(0x2ad4a41c9d70, 1, 0xffffffff, 0x2ad4a41c9f00) = 0x2ad4a4284f90
13274   0.016861 libjvm.so->pthread_attr_setdetachstate(0x2ad49f034df0, 1, 0, 0) = 0
13274   0.001613 libpthread.so.0->__clone(0x2ad49f125de0, 0x2ad4cb9cafc0, 0x3d0f00, 0x2ad4cb9cb700) = 0x344c
13274   0.021646 libjvm.so->fopen(0x2ad4a42a2450, 0x2ad4a08bbccb, 4, 0x6f732e74) = 0x2ad4a42a2510
13274   0.003003 libjvm.so->dlopen(0x2ad4a42a2450, 1, 0xffffffff, 0x2ad4a42a2400) = 0x2ad4a414ccc0
13274   0.129734 libjvm.so->open64(0x2ad49f0330c0, 0, 0, 0) = 14
13274   0.002027 libjvm.so->__fxstat64(1, 14, 0x2ad49f032ef0, -1) = 0
13274   0.134570 libjvm.so->fopen(0x2ad49f034a70, 0x2ad4a08bbccb, 0x6f732e, 0x6d766a62696c2f72) = 0x2ad4a4338630
13274   0.005742 libjvm.so->dlopen(0x2ad49f034a70, 1, 0xffffffff, 0x2ad4a4338500) = 0x55a6e12ed4c0
13274   0.001921 libjvm.so->fopen(0x2ad49f034a70, 0x2ad4a08bbccb, 0x6f732e, 0x6d766a62696c2f72) = 0x2ad4a4338630
13274   0.007870 libjvm.so->dlopen(0x2ad49f034a70, 1, 0xffffffff, 0x2ad4a4338500) = 0x55a6e12ed4c0
13274   0.001919 libjvm.so->fopen(0x2ad49f034a70, 0x2ad4a08bbccb, 0x6f732e, 0x6d766a62696c2f72) = 0x2ad4a4338630
13274   0.004118 libjvm.so->dlopen(0x2ad49f034a70, 1, 0xffffffff, 0x2ad4a4338500) = 0x55a6e12ed4c0
13274   0.001893 libjvm.so->fopen(0x2ad49f034a70, 0x2ad4a08bbccb, 0x6f732e, 0x6d766a62696c2f72) = 0x2ad4a4338630
13274   0.006191 libjvm.so->dlopen(0x2ad49f034a70, 1, 0xffffffff, 0x2ad4a4338500) = 0x55a6e12ed4c0
13274   0.030789 libjvm.so->fopen(0x2ad49f0346e0, 0x2ad4a08bbccb, 4, 0x6f732e6f) = 0x2ad4a4351ec0
13274   0.005039 libjvm.so->dlopen(0x2ad49f0346e0, 1, 0xffffffff, 0x2ad4a4360200) = 0x2ad4a414c620
13274   0.001892 libjvm.so->fopen(0x2ad49f0346e0, 0x2ad4a08bbccb, 4, 0x6f732e6f) = 0x2ad4a4351ec0
13274   0.003196 libjvm.so->dlopen(0x2ad49f0346e0, 1, 0xffffffff, 0x2ad4a4360200) = 0x2ad4a414c620
13274   0.001788 libjvm.so->fopen(0x2ad49f0346e0, 0x2ad4a08bbccb, 4, 0x6f732e6f) = 0x2ad4a4351ec0
13274   0.003225 libjvm.so->dlopen(0x2ad49f0346e0, 1, 0xffffffff, 0x2ad4a4360200) = 0x2ad4a414c620
13274   0.001930 libjvm.so->fopen(0x2ad49f0346e0, 0x2ad4a08bbccb, 4, 0x6f732e6f) = 0x2ad4a4351ec0
13274   0.003018 libjvm.so->dlopen(0x2ad49f0346e0, 1, 0xffffffff, 0x2ad4a4360200) = 0x2ad4a414c620
13274   0.143369 libjvm.so->open64(0x2ad4a4380ae0, 0, 0, 32) = 23
13274   0.002006 libjvm.so->__fxstat64(1, 23, 0x2ad49f035780, -1) = 0
13274   0.075650 libjvm.so->fopen(0x2ad49f0359e0, 0x2ad4a08bbccb, 111, 0x732e6176) = 0x2ad4a439db40
13274   0.003488 libjvm.so->dlopen(0x2ad49f0359e0, 1, 0xffffffff, 0x2ad4a439da00) = 0x2ad4a4001b10
13274   0.002508 libjvm.so->fopen(0x2ad49f0359e0, 0x2ad4a08bbccb, 111, 0x732e6176) = 0x2ad4a439ddf0
13274   0.005342 libjvm.so->dlopen(0x2ad49f0359e0, 1, 0xffffffff, 0x2ad4a439da00) = 0x2ad4a4001b10
13274   0.002348 libjvm.so->fopen(0x2ad49f0359e0, 0x2ad4a08bbccb, 111, 0x732e6176) = 0x2ad4a439dcc0
13274   0.003481 libjvm.so->dlopen(0x2ad49f0359e0, 1, 0xffffffff, 0x2ad4a439da00) = 0x2ad4a4001b10
13274   0.001861 libjvm.so->fopen(0x2ad49f0359e0, 0x2ad4a08bbccb, 111, 0x732e6176) = 0x2ad4a439dcc0
13274   0.003367 libjvm.so->dlopen(0x2ad49f0359e0, 1, 0xffffffff, 0x2ad4a439da00) = 0x2ad4a4001b10
13274   0.879925 --- SIGSEGV (Segmentation fault) ---
13274   0.000865 --- SIGSEGV (Segmentation fault) ---
13274   0.001173 --- SIGSEGV (Segmentation fault) ---
13274   0.001966 --- SIGSEGV (Segmentation fault) ---
13274  15.044460 --- SIGSEGV (Segmentation fault) ---
13274   2.338403 --- SIGSEGV (Segmentation fault) ---
13274   0.161121 --- SIGSEGV (Segmentation fault) ---
13274   0.001049 --- SIGSEGV (Segmentation fault) ---
13274   0.000603 --- SIGSEGV (Segmentation fault) ---
13274   0.001155 --- SIGSEGV (Segmentation fault) ---
13274   0.000690 --- SIGSEGV (Segmentation fault) ---
13282   0.090235 +++ exited (status 0) +++
13278   0.000883 +++ exited (status 0) +++
13275   0.010417 +++ exited (status 0) +++
13274   0.000354 +++ exited (status 0) +++
13388   0.001129 +++ exited (status 0) +++
13281   0.000039 +++ exited (status 0) +++
13280   0.000014 +++ exited (status 0) +++
13277   0.000015 +++ exited (status 0) +++
13276   0.000013 +++ exited (status 0) +++
13279   0.032175 +++ exited (status 0) +++
13268   0.000153 +++ exited (status 0) +++
Wrote an ltrace for command: "java -cp ./tools/maxent.jar density.MaxEnt -s outputs/Dynatosoma_thoracicum.csv -e data/layers/worldclim -o outputs/Dynatosoma_thoracicum nowarnings nocache autorun -z" with PID 13265 from PPID 13247 on disc20.crc.nd.edu with result 0
REMOTEHOST=10.17.150.200
MANPATH=/afs/crc.nd.edu/user/n/nkremerh/cctools/share/man/:/afs/crc.nd.edu/group/ccl/software/x86_64/redhat7/ruby/current/share/man:/afs/crc.nd.edu/group/ccl/software/x86_64/redhat7/graphviz/current/share/man:/afs/crc.nd.edu/group/ccl/software/x86_64/redhat7/gnuplot/current/share/man:/afs/crc.nd.edu/group/ccl/software/x86_64/redhat7/git/current/share/man:/afs/crc.nd.edu/group/ccl/software/x86_64/redhat7/condor/current/share/man:/afs/crc.nd.edu/group/ccl/software/x86_64/redhat7/clang/current/share/man:/afs/crc.nd.edu/group/ccl/software/x86_64/redhat7/condor/current/share/man:/afs/crc.nd.edu/group/ccl/software/x86_64/redhat7/cctools/current/share/man:/afs/crc.nd.edu/group/ccl/software/x86_64/redhat7/cctools/current/share/man:/afs/crc.nd.edu/x86_64_linux/Modules/4.5.0/share/man:/opt/crc/usr/local/man:/opt/sge/man:/usr/share/man/overrides:/usr/share/man:/usr/local/share/man
_CONDOR_JOB_PIDS=
XDG_SESSION_ID=5195
HOSTNAME=disc01.crc.nd.edu
_LMFILES__modshare=/afs/crc.nd.edu/x86_64_linux/Modules/modules/system_modules/CRC_default/1.1:1
MODULEPATH_modshare=/afs/crc.nd.edu/x86_64_linux/Modules/modules/general_software:1:/afs/crc.nd.edu/x86_64_linux/Modules/modules/development_tools_and_libraries:1:/afs/crc.nd.edu/x86_64_linux/Modules/modules/system_modules:1:/afs/crc.nd.edu/x86_64_linux/Modules/current/modulefiles:1:/afs/crc.nd.edu/x86_64_linux/Modules/modules/restricted_software:1:/afs/crc.nd.edu/x86_64_linux/Modules/modules/deprecated_software:1
_CONDOR_ANCESTOR_3560=6167:1600703217:3669882799
TERM=xterm-256color
SHELL=/bin/tcsh
HOST=disc01.crc.nd.edu
MODULES_CMD=/afs/crc.nd.edu/x86_64_linux/Modules/4.5.0/libexec/modulecmd.tcl
HISTSIZE=5000
MAKEFLAGS=
SSH_CLIENT=10.17.150.200 39500 22
TMPDIR=/var/condor/execute/dir_6167/worker-213124-6262/t.893/cctools-temp-t.893.euDqEu
PERL5LIB=/afs/crc.nd.edu/user/n/nkremerh/cctools/lib/perl5/site_perl/5.16.3:/afs/crc.nd.edu/user/n/nkremerh/.perl5/lib/perl5
SGE_CELL=crc
_CONDOR_SCRATCH_DIR=/var/condor/execute/dir_6167
_CONDOR_ANCESTOR_3197=3560:1598183979:2962516177
PERL_MB_OPT=--install_base '/afs/crc.nd.edu/user/n/nkremerh/.perl5/'
SSH_TTY=/dev/pts/0
SGE_LOAD_AVG=load_avg
MAKEFLOW_MAX_LOCAL_JOBS=2
GROUP=campus
USER=nkremerh
_CHIRP_DELAYED_UPDATE_PREFIX=Chirp*
HISTFILESIZE=10000
TEMP=/var/condor/execute/dir_6167/worker-213124-6262/t.893/cctools-temp-t.893.euDqEu
LD_LIBRARY_PATH=/afs/crc.nd.edu/group/ccl/software/x86_64/redhat7/ruby/current/lib:/afs/crc.nd.edu/group/ccl/software/x86_64/redhat7/graphviz/current/lib:/afs/crc.nd.edu/group/ccl/software/x86_64/redhat7/git/current/lib:/afs/crc.nd.edu/group/ccl/software/x86_64/redhat7/condor/current/lib:/afs/crc.nd.edu/group/ccl/software/x86_64/redhat7/clang/current/lib:/afs/crc.nd.edu/group/ccl/software/x86_64/redhat7/condor/current/lib:/afs/crc.nd.edu/group/ccl/software/x86_64/redhat7/cctools/current/lib:/opt/crc/usr/local/lib
BATCH_SYSTEM=HTCondor
MODULES_LMALTNAME=CRC_default/1.1&CRC_default/default&CRC_default
ENV=/afs/crc.nd.edu/x86_64_linux/Modules/4.5.0/init/profile.sh
WORKER_TMPDIR=/var/condor/execute/dir_6167/worker-213124-6262/cache/tmp
HOSTTYPE=x86_64-linux
_CONDOR_HIGHPORT=9999
GLOBUS_GSSAPI_MAX_TLS_PROTOCOL=0
_CONDOR_CHIRP_CONFIG=/var/condor/execute/dir_6167/.chirp.config
MAKELEVEL=1
MFLAGS=
MAIL=/var/spool/mail/nkremerh
PATH=/afs/crc.nd.edu/user/n/nkremerh/cctools/bin:/afs/crc.nd.edu/user/n/nkremerh/miniconda/bin:/afs/crc.nd.edu/group/ccl/software/git:/afs/crc.nd.edu/user/n/nkremerh/.local/bin:/afs/crc.nd.edu/group/ccl/software/x86_64/redhat7/povray/3.7/bin:/afs/crc.nd.edu/user/n/nkremerh/.perl5/bin:/afs/crc.nd.edu/user/n/nkremerh/pegasus/bin:/afs/crc.nd.edu/user/n/nkremerh/nodejs/bin:/afs/crc.nd.edu/user/n/nkremerh/montage/bin:/afs/crc.nd.edu/user/n/nkremerh/latexdiff:/afs/crc.nd.edu/user/n/nkremerh/envtrace:/afs/crc.nd.edu/user/n/nkremerh/endlines:/afs/crc.nd.edu/user/n/nkremerh/cctools/bin:/afs/crc.nd.edu/user/n/nkremerh/.cargo/bin:/afs/crc.nd.edu/group/ccl/software/x86_64/redhat7/ruby/current/bin:/afs/crc.nd.edu/group/ccl/software/x86_64/redhat7/graphviz/current/bin:/afs/crc.nd.edu/group/ccl/software/x86_64/redhat7/gnuplot/current/bin:/afs/crc.nd.edu/group/ccl/software/x86_64/redhat7/git/current/bin:/afs/crc.nd.edu/group/ccl/software/x86_64/redhat7/condor/current/sbin:/afs/crc.nd.edu/group/ccl/software/x86_64/redhat7/condor/current/bin:/afs/crc.nd.edu/group/ccl/software/x86_64/redhat7/cmake/current/bin:/afs/crc.nd.edu/group/ccl/software/x86_64/redhat7/clang/current/bin:/afs/crc.nd.edu/group/ccl/software/x86_64/redhat7/condor/current/sbin:/afs/crc.nd.edu/group/ccl/software/x86_64/redhat7/condor/current/bin:/afs/crc.nd.edu/group/ccl/software/x86_64/redhat7/cctools/current/bin:/afs/crc.nd.edu/x86_64_linux/Modules/4.5.0/bin:/opt/crc/usr/local/bin:/opt/sge/bin/lx-amd64:/usr/local/bin:/usr/bin:/usr/local/sbin:/usr/sbin:/afs/crc.nd.edu/user/c/condor/software/bin:/afs/crc.nd.edu/user/c/condor/software/sbin
CCLSOFTWARE=/afs/crc.nd.edu/group/ccl/software/x86_64/redhat7
PWD=/var/condor/execute/dir_6167/worker-213124-6262/t.893
_LMFILES_=/afs/crc.nd.edu/x86_64_linux/Modules/modules/system_modules/CRC_default/1.1
EDITOR=vim
SGE_EXECD_PORT=6445
LANG=en_US.UTF-8
SGE_QMASTER_PORT=6444
MODULEPATH=/afs/crc.nd.edu/x86_64_linux/Modules/modules/development_tools_and_libraries:/afs/crc.nd.edu/x86_64_linux/Modules/modules/general_software:/afs/crc.nd.edu/x86_64_linux/Modules/modules/restricted_software:/afs/crc.nd.edu/x86_64_linux/Modules/modules/system_modules:/afs/crc.nd.edu/x86_64_linux/Modules/modules/deprecated_software:/afs/crc.nd.edu/x86_64_linux/Modules/current/modulefiles
LOADEDMODULES=CRC_default/1.1
SGE_ROOT=/opt/sge
CCLPLATFORM=x86_64/redhat7
_CONDOR_SLOT=slot2_2
WORK_QUEUE_SANDBOX=/var/condor/execute/dir_6167/worker-213124-6262
USE_SYSTEMD=true
_CONDOR_LOWPORT=9100
HISTCONTROL=ignoreboth:erasedups
KRB5CCNAME=FILE:/tmp/krb5cc_213124_6nLDKQ
GLOBUS_GSSAPI_NAME_COMPATIBILITY=STRICT_RFC2818
HOME=disc01.crc.nd.edu
SHLVL=6
PATH_modshare=/opt/crc/usr/local/bin:1:/opt/sge/bin/lx-amd64:1:/usr/sbin:1:/usr/bin:1:/afs/crc.nd.edu/user/c/condor/software/sbin:1:/usr/local/sbin:1:/afs/crc.nd.edu/user/c/condor/software/bin:1:/usr/local/bin:1
OSTYPE=linux
_CONDOR_MACHINE_AD=/var/condor/execute/dir_6167/.machine.ad
GREP_OPTIONS=--color=auto
DISK=18235
GLOBUS_GSSAPI_MIN_TLS_PROTOCOL=TLS1_VERSION
MANPATH_modshare=/usr/share/man/overrides:1:/usr/local/share/man:1:/usr/share/man:1:/opt/crc/usr/local/man:1:/opt/sge/man:1
_CONDOR_ANCESTOR_6167=6231:1600703219:3527723001
MEMORY=1948
PERL_LOCAL_LIB_ROOT=/afs/crc.nd.edu/user/n/nkremerh/.perl5/
BASH_ENV=/afs/crc.nd.edu/x86_64_linux/Modules/4.5.0/init/bash
VENDOR=unknown
TMP=/var/condor/execute/dir_6167/worker-213124-6262/t.893/cctools-temp-t.893.euDqEu
LOGNAME=nkremerh
MACHTYPE=x86_64
CCLHOME=/afs/crc.nd.edu/group/ccl
PYTHONPATH=/afs/crc.nd.edu/user/n/nkremerh/cctools/lib/python3.6/site-packages/
LD_LIBRARY_PATH_modshare=/opt/crc/usr/local/lib:1
SSH_CONNECTION=10.17.150.200 39500 129.74.128.103 22
MODULES_LMALTNAME_modshare=CRC_default/1.1&CRC_default/default&CRC_default:1
MODULESHOME=/afs/crc.nd.edu/x86_64_linux/Modules/4.5.0
GLOBUS_GSSAPI_CIPHERS=HIGH
GLOBUS_GSSAPI_BACKWARD_COMPATIBLE_MIC=true
LESSOPEN=||/usr/bin/lesspipe.sh %s
OMP_NUM_THREADS=1
_CONDOR_JOB_AD=/var/condor/execute/dir_6167/.job.ad
LOADEDMODULES_modshare=CRC_default/1.1:1
XDG_RUNTIME_DIR=/run/user/213124
SGE_CLUSTER_NAME=CRC
CCTOOLS=../cctools
CORES=2
_CONDOR_JOB_IWD=/var/condor/execute/dir_6167
PERL_MM_OPT=INSTALL_BASE=/afs/crc.nd.edu/user/n/nkremerh/.perl5/
GLOBUS_GSSAPI_SERVER_CIPHER_ORDER=true
BASH_FUNC_module()=() {  unset _mlshdbg;
 if [ "${MODULES_SILENT_SHELL_DEBUG:-0}" = '1' ]; then
 case "$-" in 
 *v*x*)
 set +vx;
 _mlshdbg='vx'
 ;;
 *v*)
 set +v;
 _mlshdbg='v'
 ;;
 *x*)
 set +x;
 _mlshdbg='x'
 ;;
 *)
 _mlshdbg=''
 ;;
 esac;
 fi;
 unset _mlre _mlIFS;
 if [ -n "${IFS+x}" ]; then
 _mlIFS=$IFS;
 fi;
 IFS=' ';
 for _mlv in ${MODULES_RUN_QUARANTINE:-};
 do
 if [ "${_mlv}" = "${_mlv##*[!A-Za-z0-9_]}" -a "${_mlv}" = "${_mlv#[0-9]}" ]; then
 if [ -n "`eval 'echo ${'$_mlv'+x}'`" ]; then
 _mlre="${_mlre:-}${_mlv}_modquar='`eval 'echo ${'$_mlv'}'`' ";
 fi;
 _mlrv="MODULES_RUNENV_${_mlv}";
 _mlre="${_mlre:-}${_mlv}='`eval 'echo ${'$_mlrv':-}'`' ";
 fi;
 done;
 if [ -n "${_mlre:-}" ]; then
 eval `eval ${_mlre}/usr/bin/tclsh /afs/crc.nd.edu/x86_64_linux/Modules/4.5.0/libexec/modulecmd.tcl bash '"$@"'`;
 else
 eval `/usr/bin/tclsh /afs/crc.nd.edu/x86_64_linux/Modules/4.5.0/libexec/modulecmd.tcl bash "$@"`;
 fi;
 _mlstatus=$?;
 if [ -n "${_mlIFS+x}" ]; then
 IFS=$_mlIFS;
 else
 unset IFS;
 fi;
 unset _mlre _mlv _mlrv _mlIFS;
 if [ -n "${_mlshdbg:-}" ]; then
 set -$_mlshdbg;
 fi;
 unset _mlshdbg;
 return $_mlstatus
}
BASH_FUNC_ml()=() {  module ml "$@"
}
_=/usr/bin/printenv
