9947   0.000000 libjli.so->getenv("_JAVA_LAUNCHER_DEBUG") = nil
9947   0.001515 libjli.so->getenv("_JAVA_VERSION_SET") = nil
9947   0.000683 libjli.so->fopen("/usr/lib/jvm/java-1.8.0-openjdk-1.8.0.262.b10-0.el7_8.x86_64/jre/lib/amd64/jvm.cfg", "r") = 0x557a5b9a60f0
9947   0.000712 libjli.so->getenv("JDK_ALTERNATE_VM") = nil
9947   0.000268 libjli.so->__xstat(1, "/usr/lib/jvm/java-1.8.0-openjdk-1.8.0.262.b10-0.el7_8.x86_64/jre/lib/amd64/server/libjvm.so", 0x7fff51f9d590) = 0
9947   0.000550 libjli.so->getenv("LD_LIBRARY_PATH") = "/afs/crc.nd.edu/group/ccl/software/x86_64/redhat7/ruby/current/lib:/afs/crc.nd.edu/group/ccl/software/x86_64/redhat7/graphviz/current/lib:/afs/crc.nd.edu/group/ccl/software/x86_64/redhat7/git/current/lib:/afs/crc.nd.edu/group/ccl/software/x86_64/redhat7/condor/current/lib:/afs/crc.nd.edu/group/ccl/software/x86_64/redhat7/clang/current/lib:/afs/crc.nd.edu/group/ccl/software/x86_64/redhat7/condor/current/lib:/afs/crc.nd.edu/group/ccl/software/x86_64/redhat7/cctools/current/lib:/opt/crc/usr/local/lib"
9947   0.001921 libjli.so->dlopen("/usr/lib/jvm/java-1.8.0-openjdk-1.8.0.262.b10-0.el7_8.x86_64/jre/lib/amd64/server/libjvm.so", 258 <unfinished ...>
9947   0.033812 libjvm.so->getenv("NMT_LEVEL_9947") = nil
9947   0.001720 <... dlopen resumed> )           = 0x557a5b9a64c0
9947   0.000066 libjli.so->getenv("CLASSPATH")   = nil
9947   0.000313 libjli.so->getenv("_JAVA_SPLASH_JAR") = nil
9947   0.000278 libjli.so->getenv("_JAVA_SPLASH_FILE") = nil
9947   0.000270 libjli.so->pthread_attr_setdetachstate(0x7fff51f9d540, 0, 0x7fff51f9d5d0, 0) = 0
9947   0.000502 libpthread.so.0->__clone(0x2b728ae51de0, 0x2b728ad64fc0, 0x3d0f00, 0x2b728ad65700) = 9948
9948   0.001867 libjvm.so->dlopen(0x2b728c6309ae, 1, 0xfffffffffff42c48, 4096) = 0x2b7290000990
9948   0.002178 libjvm.so->getenv(0x2b728c64b83e, 0, 115, 0x65737361) = 0x7fff51fa36bb
9948   0.000382 libjvm.so->fopen(0x2b728ad63c10, 0x2b728c5e7ccb, 0x6f732e79666972, 0x2b728b729ab0) = 0x2b7290001440
9948   0.001348 libjvm.so->dlopen(0x2b728ad63c10, 1, 0xffffffff, 0x2b7290002b00) = 0x2b7290001440
9948   0.001260 libjvm.so->fopen(0x2b728ad63c10, 0x2b728c5e7ccb, 111, 0x732e6176) = 0x2b7290001b10
9948   0.001415 libjvm.so->dlopen(0x2b728ad63c10, 1, 0xffffffff, 0x2b7290001a00) = 0x2b7290001b10
9948   0.001294 libjvm.so->__xstat(1, 0x2b728ad64360, 0x2b728ad64ba0, 0x746f7073746f682e) = -1
9948   0.000400 libjvm.so->getenv(0x2b728c5e0541, 0x2b728ad646d0, 1024, 0x2b728ca9a61b) = 0
9948   0.000401 libjvm.so->getenv(0x2b728c5e0533, 0x2b728ad646d0, 1024, 0) = 0
9948   0.000395 libjvm.so->fopen(0x2b728c630315, 0x2b728c5e7ccb, 4095, 0xffffd48d73a1fb03) = 0x2b72900032b0
9948   0.000951 libjvm.so->fopen(0x2b728c630361, 0x2b728c5e7ccb, 0x2b7290000078, 0x2b72900032a0) = 0x2b72900032b0
9948   0.000625 libjvm.so->fopen(0x2b728ad5e9b0, 0x2b728c5e7ccb, 4014, 3995) = 0x2b72900032b0
9948   0.000560 libjvm.so->opendir(0x2b7290002b40, 0x2b7290002b40, 13, 16) = 0
9948   0.000399 libjvm.so->__xstat(1, 0x2b728ad638f0, 0x2b728ad62860, 0x6f732e7477616d62) = -1
9948   0.000431 libjvm.so->__xstat(1, 0x2b728ad638f0, 0x2b728ad62860, 0x5f74776162696c2f) = 0
9948   0.000960 libjvm.so->fopen(0x2b728ad62b90, 0x2b728c5e7ccb, 4009, 3994) = 0x2b7290003790
9948   0.000533 libjvm.so->fopen(0x2b728ad62b90, 0x2b728c5e7ccb, 4009, 3994) = 0x2b7290003790
9948   0.000518 libjvm.so->fopen(0x2b728ad62b90, 0x2b728c5e7ccb, 4009, 4002) = 0x2b7290003790
9948   0.000562 libjvm.so->fopen(0x2b728ad62b20, 0x2b728c5e7ccb, 4009, 3994) = 0x2b7290003790
9948   0.000546 libjvm.so->fopen(0x2b728ad62b20, 0x2b728c5e7ccb, 4009, 3994) = 0x2b7290003790
9948   0.000512 libjvm.so->fopen(0x2b728ad62b20, 0x2b728c5e7ccb, 4009, 4002) = 0x2b7290003790
9948   0.000629 libjvm.so->fopen(0x2b728ad62b50, 0x2b728c5e7ccb, 4014, 3995) = 0x2b7290003790
9948   0.000717 libjvm.so->getenv(0x2b728c6310ff, 4096, 3, -1) = 0
9948   0.000757 libjvm.so->fopen(0x2b728c630998, 0x2b728c5e7ccb, 0x2b728ae48908, 0x2b728ae47df0) = 0x2b7290003790
9948   0.004144 libjvm.so->open(0x2b729004a580, 0x20000, 0, 0x2b729004a5c9) = 3
9948   0.000395 libjvm.so->__fxstat(1, 3, 0x2b728ad64a00, -1) = 0
9948   0.000404 libjvm.so->opendir(0x2b729004a580, 0x2b728ad64a00, 0x4000, -1) = 0x2b729004b490
9948   0.000433 libjvm.so->__fxstat(1, 3, 0x2b728ad648a0, 0x2b729004b490) = 0
9948   0.000365 libjvm.so->__fxstat(1, 5, 0x2b728ad64930, -1) = 0
9948   0.000399 libjvm.so->open(0x2b728c5fe9dc, 0, 0, 0) = 3
9948   0.000624 libjvm.so->__lxstat(1, 0x2b729004a580, 0x2b728ad64b50, -144) = 0
9948   0.000429 libjvm.so->open(0x2b729004a580, 0x20000, 0x4000, -1) = 3
9948   0.000381 libjvm.so->__fxstat(1, 3, 0x2b728ad64a00, -1) = 0
9948   0.000382 libjvm.so->opendir(0x2b729004a580, 0x2b728ad64a00, 0x4000, -1) = 0x2b729004b490
9948   0.000389 libjvm.so->__fxstat(1, 3, 0x2b728ad648a0, 0x2b729004b490) = 0
9948   0.000366 libjvm.so->__fxstat(1, 5, 0x2b728ad64930, -1) = 0
9948   0.000401 libjvm.so->open(0x2b728c5fe9dc, 0, 0, 0) = 3
9948   0.000395 libjvm.so->open(0x2b729004a5c9, 0x20042, 384, -1) = 7
9948   0.000494 libjvm.so->__fxstat(1, 7, 0x2b728ad64b50, -1) = 0
9948   0.001508 libjvm.so->fopen(0x2b728ad63b60, 0x2b728c5e7ccb, 4, 0x6f732e70) = 0x2b7290057be0
9948   0.001242 libjvm.so->dlopen(0x2b728ad63b60, 1, 0xffffffff, 0x2b7290057b00) = 0x2b7290057be0
9948   0.001252 libjvm.so->__xstat(1, 0x2b728ad64120, 0x2b728ad64950, 2048) = 0
9948   0.000432 libjvm.so->__xstat(1, 0x2b728ad64120, 0x2b728ad64950, 2048) = 0
9948   0.000378 libjvm.so->__xstat(1, 0x2b728ad64120, 0x2b728ad64950, 2048) = -1
9948   0.000415 libjvm.so->__xstat(1, 0x2b728ad64120, 0x2b728ad64950, 2048) = 0
9948   0.000406 libjvm.so->__xstat(1, 0x2b728ad64120, 0x2b728ad64950, 2048) = 0
9948   0.000371 libjvm.so->__xstat(1, 0x2b728ad64120, 0x2b728ad64950, 2048) = 0
9948   0.000417 libjvm.so->__xstat(1, 0x2b728ad64120, 0x2b728ad64950, 2048) = 0
9948   0.000412 libjvm.so->__xstat(1, 0x2b728ad64120, 0x2b728ad64950, 2048) = -1
9948   0.000428 libjvm.so->fopen(0x2b7290002520, 0x2b728c5e7ccb, 0, 0) = 0x2b7290058a80
9948   0.008083 libjvm.so->open64(0x2b728ad63410, 0, 0, 16) = 3
9948   0.000412 libjvm.so->__fxstat64(1, 3, 0x2b728ad63240, -1) = 0
9948   0.032234 libjvm.so->__xstat(1, 0x2b728ad63f20, 0x2b728ad64750, 2048) = -1
9948   0.000576 libjvm.so->fopen(0x2b728ad62b20, 0x2b728c5e7ccb, 4009, 3994) = 0x2b72900b5ec0
9948   0.000679 libjvm.so->fopen(0x2b728ad62b20, 0x2b728c5e7ccb, 4009, 3994) = 0x2b72900b5ec0
9948   0.000675 libjvm.so->fopen(0x2b728ad62b20, 0x2b728c5e7ccb, 4009, 4002) = 0x2b72900b5ec0
9948   0.004526 libjvm.so->pthread_attr_setdetachstate(0x2b728ad64c00, 1, 0, 0) = 0
9948   0.000499 libpthread.so.0->__clone(0x2b728ae51de0, 0x2b728fed5fc0, 0x3d0f00, 0x2b728fed6700) = 9949
9948   0.016449 libjvm.so->pthread_attr_setdetachstate(0x2b728ad64290, 1, 0, 0) = 0
9948   0.000715 libpthread.so.0->__clone(0x2b728ae51de0, 0x2b728ffd6fc0, 0x3d0f00, 0x2b728ffd7700) = 9950
9948   0.007567 libjvm.so->pthread_attr_setdetachstate(0x2b728ad64610, 1, 0, 0) = 0
9948   0.000864 libpthread.so.0->__clone(0x2b728ae51de0, 0x2b72a38fffc0, 0x3d0f00, 0x2b72a3900700) = 9952
9948   0.045201 libjvm.so->fopen(0x2b72900ec390, 0x2b728c5e7ccb, 4, 0x6f732e70) = 0x2b72900f1cd0
9948   0.001957 libjvm.so->dlopen(0x2b72900ec390, 1, 0xffffffff, 0x2b72900ec200) = 0x2b7290057be0
9948   0.005330 libjvm.so->open64(0x2b728ad63510, 0, 0, 16) = 5
9948   0.000919 libjvm.so->__fxstat64(1, 5, 0x2b728ad63340, -1) = 0
9948   0.020399 libjvm.so->fopen(0x2b728ad60130, 0x2b728c5e7ccb, 4009, 3994) = 0x2b72900fcc60
9948   0.001153 libjvm.so->fopen(0x2b728ad60130, 0x2b728c5e7ccb, 4009, 3994) = 0x2b72900fcc60
9948   0.001188 libjvm.so->fopen(0x2b728ad60130, 0x2b728c5e7ccb, 4009, 4002) = 0x2b72900fcc60
9948   0.016107 libjvm.so->pthread_attr_setdetachstate(0x2b728ad64b50, 1, 0, 0) = 0
9948   0.001278 libpthread.so.0->__clone(0x2b728ae51de0, 0x2b72a3a00fc0, 0x3d0f00, 0x2b72a3a01700) = 9959
9948   0.001486 libjvm.so->__xstat64(1, 0x2b728ad64be0, 0x2b728ad64b50, 18) = -1
9948   0.001147 libjvm.so->pthread_attr_setdetachstate(0x2b728ad64950, 1, 0, 0) = 0
9948   0.001124 libpthread.so.0->__clone(0x2b728ae51de0, 0x2b72a3b01fc0, 0x3d0f00, 0x2b72a3b02700) = 9960
9948   0.001707 libjvm.so->pthread_attr_setdetachstate(0x2b728ad64950, 1, 0, 0) = 0
9948   0.001300 libpthread.so.0->__clone(0x2b728ae51de0, 0x2b72a3c02fc0, 0x3d0f00, 0x2b72a3c03700) = 9961
9948   0.012637 libjvm.so->pthread_attr_setdetachstate(0x2b728ad64aa0, 1, 0, 0) = 0
9948   0.001491 libpthread.so.0->__clone(0x2b728ae51de0, 0x2b72a3d03fc0, 0x3d0f00, 0x2b72a3d04700) = 9962
9948   0.002291 libjvm.so->pthread_attr_setdetachstate(0x2b728ad64bb0, 1, 0, 0) = 0
9948   0.002070 libpthread.so.0->__clone(0x2b728ae51de0, 0x2b72a3e04fc0, 0x3d0f00, 0x2b72a3e05700) = 9963
9948   0.015785 libjvm.so->open64(0x2b7290128880, 0, 0, 0) = 7
9948   0.001733 libjvm.so->__fxstat64(1, 7, 0x2b728ad61f60, -1) = 0
9948   0.026582 libjvm.so->fopen(0x2b7290154620, 0x2b728c5e7ccb, 4, 0x6f732e6f) = 0x2b72901546e0
9948   0.003480 libjvm.so->dlopen(0x2b7290154620, 1, 0xffffffff, 0x2b7290154600) = 0x2b72901546e0
9948   0.138931 libjvm.so->fopen(0x2b729019ced0, 0x2b728c5e7ccb, 4, 0x6f732e74) = 0x2b729019aaf0
9948   0.003287 libjvm.so->dlopen(0x2b729019ced0, 1, 0xffffffff, 0x2b729019d800) = 0x2b72901afe60
9948   0.151745 libjvm.so->fopen(0x2b7290228e90, 0x2b728c5e7ccb, 0x6f732e7373656c, 0x656c646165685f74) = 0x2b7290228f70
9948   0.004654 libjvm.so->dlopen(0x2b7290228e90, 1, 0xffffffff, 0x2b7290228e00) = 0x2b7290228f70
9948   0.020850 libjvm.so->fopen(0x2b728ad5d990, 0x2b728c5e7ccb, 0x6f732e, 0x6d766a62696c2f72) = 0x2b7290232e00
9948   0.006259 libjvm.so->dlopen(0x2b728ad5d990, 1, 0xffffffff, 0x2b7290232300) = 0x557a5b9a64c0
9948   0.001720 libjvm.so->fopen(0x2b728ad5d990, 0x2b728c5e7ccb, 0x6f732e, 0x6d766a62696c2f72) = 0x2b7290232da0
9948   0.005646 libjvm.so->dlopen(0x2b728ad5d990, 1, 0xffffffff, 0x2b7290232300) = 0x557a5b9a64c0
9948   0.002151 libjvm.so->fopen(0x2b728ad5d990, 0x2b728c5e7ccb, 0x6f732e, 0x6d766a62696c2f72) = 0x2b7290232da0
9948   0.003820 libjvm.so->dlopen(0x2b728ad5d990, 1, 0xffffffff, 0x2b7290232300) = 0x557a5b9a64c0
9948   0.001724 libjvm.so->fopen(0x2b728ad5d990, 0x2b728c5e7ccb, 0x6f732e, 0x6d766a62696c2f72) = 0x2b7290232da0
9948   0.003328 libjvm.so->dlopen(0x2b728ad5d990, 1, 0xffffffff, 0x2b7290232300) = 0x557a5b9a64c0
9948   0.465560 --- SIGSEGV (Segmentation fault) ---
9948   3.161458 --- SIGSEGV (Segmentation fault) ---
9963   8.072596 +++ exited (status 0) +++
9949   0.000661 +++ exited (status 0) +++
9948   0.000229 +++ exited (status 0) +++
9961   0.000486 +++ exited (status 0) +++
9962   0.000050 +++ exited (status 0) +++
9960   0.000019 +++ exited (status 0) +++
9959   0.000016 +++ exited (status 0) +++
9950   0.000015 +++ exited (status 0) +++
9952   0.027258 +++ exited (status 0) +++
9947   0.000094 +++ exited (status 0) +++
Wrote an ltrace for command: "java -cp ./tools/maxent.jar density.MaxEnt -s outputs/Agathymus_estelleae_Stallings.csv -e data/layers/worldclim -o outputs/Agathymus_estelleae_Stallings nowarnings nocache autorun -z" with PID 9945 from PPID 9927 on disc22.crc.nd.edu with result 0
REMOTEHOST=10.17.150.200
MANPATH=/afs/crc.nd.edu/user/n/nkremerh/cctools/share/man/:/afs/crc.nd.edu/group/ccl/software/x86_64/redhat7/ruby/current/share/man:/afs/crc.nd.edu/group/ccl/software/x86_64/redhat7/graphviz/current/share/man:/afs/crc.nd.edu/group/ccl/software/x86_64/redhat7/gnuplot/current/share/man:/afs/crc.nd.edu/group/ccl/software/x86_64/redhat7/git/current/share/man:/afs/crc.nd.edu/group/ccl/software/x86_64/redhat7/condor/current/share/man:/afs/crc.nd.edu/group/ccl/software/x86_64/redhat7/clang/current/share/man:/afs/crc.nd.edu/group/ccl/software/x86_64/redhat7/condor/current/share/man:/afs/crc.nd.edu/group/ccl/software/x86_64/redhat7/cctools/current/share/man:/afs/crc.nd.edu/group/ccl/software/x86_64/redhat7/cctools/current/share/man:/afs/crc.nd.edu/x86_64_linux/Modules/4.5.0/share/man:/opt/crc/usr/local/man:/opt/sge/man:/usr/share/man/overrides:/usr/share/man:/usr/local/share/man
_CONDOR_JOB_PIDS=
XDG_SESSION_ID=5195
HOSTNAME=disc01.crc.nd.edu
_LMFILES__modshare=/afs/crc.nd.edu/x86_64_linux/Modules/modules/system_modules/CRC_default/1.1:1
MODULEPATH_modshare=/afs/crc.nd.edu/x86_64_linux/Modules/modules/general_software:1:/afs/crc.nd.edu/x86_64_linux/Modules/modules/development_tools_and_libraries:1:/afs/crc.nd.edu/x86_64_linux/Modules/modules/system_modules:1:/afs/crc.nd.edu/x86_64_linux/Modules/current/modulefiles:1:/afs/crc.nd.edu/x86_64_linux/Modules/modules/restricted_software:1:/afs/crc.nd.edu/x86_64_linux/Modules/modules/deprecated_software:1
TERM=xterm-256color
SHELL=/bin/tcsh
HOST=disc01.crc.nd.edu
MODULES_CMD=/afs/crc.nd.edu/x86_64_linux/Modules/4.5.0/libexec/modulecmd.tcl
HISTSIZE=5000
MAKEFLAGS=
SSH_CLIENT=10.17.150.200 39500 22
TMPDIR=/var/condor/execute/dir_3816/worker-213124-3912/t.827/cctools-temp-t.827.LlX2cJ
PERL5LIB=/afs/crc.nd.edu/user/n/nkremerh/cctools/lib/perl5/site_perl/5.16.3:/afs/crc.nd.edu/user/n/nkremerh/.perl5/lib/perl5
SGE_CELL=crc
_CONDOR_SCRATCH_DIR=/var/condor/execute/dir_3816
PERL_MB_OPT=--install_base '/afs/crc.nd.edu/user/n/nkremerh/.perl5/'
SSH_TTY=/dev/pts/0
SGE_LOAD_AVG=load_avg
MAKEFLOW_MAX_LOCAL_JOBS=2
GROUP=campus
USER=nkremerh
_CHIRP_DELAYED_UPDATE_PREFIX=Chirp*
HISTFILESIZE=10000
TEMP=/var/condor/execute/dir_3816/worker-213124-3912/t.827/cctools-temp-t.827.LlX2cJ
LD_LIBRARY_PATH=/afs/crc.nd.edu/group/ccl/software/x86_64/redhat7/ruby/current/lib:/afs/crc.nd.edu/group/ccl/software/x86_64/redhat7/graphviz/current/lib:/afs/crc.nd.edu/group/ccl/software/x86_64/redhat7/git/current/lib:/afs/crc.nd.edu/group/ccl/software/x86_64/redhat7/condor/current/lib:/afs/crc.nd.edu/group/ccl/software/x86_64/redhat7/clang/current/lib:/afs/crc.nd.edu/group/ccl/software/x86_64/redhat7/condor/current/lib:/afs/crc.nd.edu/group/ccl/software/x86_64/redhat7/cctools/current/lib:/opt/crc/usr/local/lib
BATCH_SYSTEM=HTCondor
MODULES_LMALTNAME=CRC_default/1.1&CRC_default/default&CRC_default
ENV=/afs/crc.nd.edu/x86_64_linux/Modules/4.5.0/init/profile.sh
WORKER_TMPDIR=/var/condor/execute/dir_3816/worker-213124-3912/cache/tmp
HOSTTYPE=x86_64-linux
_CONDOR_HIGHPORT=9999
GLOBUS_GSSAPI_MAX_TLS_PROTOCOL=0
_CONDOR_CHIRP_CONFIG=/var/condor/execute/dir_3816/.chirp.config
MAKELEVEL=1
MFLAGS=
MAIL=/var/spool/mail/nkremerh
PATH=/afs/crc.nd.edu/user/n/nkremerh/cctools/bin:/afs/crc.nd.edu/user/n/nkremerh/miniconda/bin:/afs/crc.nd.edu/group/ccl/software/git:/afs/crc.nd.edu/user/n/nkremerh/.local/bin:/afs/crc.nd.edu/group/ccl/software/x86_64/redhat7/povray/3.7/bin:/afs/crc.nd.edu/user/n/nkremerh/.perl5/bin:/afs/crc.nd.edu/user/n/nkremerh/pegasus/bin:/afs/crc.nd.edu/user/n/nkremerh/nodejs/bin:/afs/crc.nd.edu/user/n/nkremerh/montage/bin:/afs/crc.nd.edu/user/n/nkremerh/latexdiff:/afs/crc.nd.edu/user/n/nkremerh/envtrace:/afs/crc.nd.edu/user/n/nkremerh/endlines:/afs/crc.nd.edu/user/n/nkremerh/cctools/bin:/afs/crc.nd.edu/user/n/nkremerh/.cargo/bin:/afs/crc.nd.edu/group/ccl/software/x86_64/redhat7/ruby/current/bin:/afs/crc.nd.edu/group/ccl/software/x86_64/redhat7/graphviz/current/bin:/afs/crc.nd.edu/group/ccl/software/x86_64/redhat7/gnuplot/current/bin:/afs/crc.nd.edu/group/ccl/software/x86_64/redhat7/git/current/bin:/afs/crc.nd.edu/group/ccl/software/x86_64/redhat7/condor/current/sbin:/afs/crc.nd.edu/group/ccl/software/x86_64/redhat7/condor/current/bin:/afs/crc.nd.edu/group/ccl/software/x86_64/redhat7/cmake/current/bin:/afs/crc.nd.edu/group/ccl/software/x86_64/redhat7/clang/current/bin:/afs/crc.nd.edu/group/ccl/software/x86_64/redhat7/condor/current/sbin:/afs/crc.nd.edu/group/ccl/software/x86_64/redhat7/condor/current/bin:/afs/crc.nd.edu/group/ccl/software/x86_64/redhat7/cctools/current/bin:/afs/crc.nd.edu/x86_64_linux/Modules/4.5.0/bin:/opt/crc/usr/local/bin:/opt/sge/bin/lx-amd64:/usr/local/bin:/usr/bin:/usr/local/sbin:/usr/sbin:/afs/crc.nd.edu/user/c/condor/software/bin:/afs/crc.nd.edu/user/c/condor/software/sbin
CCLSOFTWARE=/afs/crc.nd.edu/group/ccl/software/x86_64/redhat7
PWD=/var/condor/execute/dir_3816/worker-213124-3912/t.827
_LMFILES_=/afs/crc.nd.edu/x86_64_linux/Modules/modules/system_modules/CRC_default/1.1
EDITOR=vim
SGE_EXECD_PORT=6445
LANG=en_US.UTF-8
SGE_QMASTER_PORT=6444
MODULEPATH=/afs/crc.nd.edu/x86_64_linux/Modules/modules/development_tools_and_libraries:/afs/crc.nd.edu/x86_64_linux/Modules/modules/general_software:/afs/crc.nd.edu/x86_64_linux/Modules/modules/restricted_software:/afs/crc.nd.edu/x86_64_linux/Modules/modules/system_modules:/afs/crc.nd.edu/x86_64_linux/Modules/modules/deprecated_software:/afs/crc.nd.edu/x86_64_linux/Modules/current/modulefiles
LOADEDMODULES=CRC_default/1.1
SGE_ROOT=/opt/sge
CCLPLATFORM=x86_64/redhat7
_CONDOR_SLOT=slot2_2
WORK_QUEUE_SANDBOX=/var/condor/execute/dir_3816/worker-213124-3912
USE_SYSTEMD=true
_CONDOR_LOWPORT=9100
HISTCONTROL=ignoreboth:erasedups
KRB5CCNAME=FILE:/tmp/krb5cc_213124_6nLDKQ
GLOBUS_GSSAPI_NAME_COMPATIBILITY=STRICT_RFC2818
HOME=disc01.crc.nd.edu
SHLVL=6
PATH_modshare=/opt/crc/usr/local/bin:1:/opt/sge/bin/lx-amd64:1:/usr/sbin:1:/usr/bin:1:/afs/crc.nd.edu/user/c/condor/software/sbin:1:/usr/local/sbin:1:/afs/crc.nd.edu/user/c/condor/software/bin:1:/usr/local/bin:1
OSTYPE=linux
_CONDOR_MACHINE_AD=/var/condor/execute/dir_3816/.machine.ad
GREP_OPTIONS=--color=auto
DISK=18256
GLOBUS_GSSAPI_MIN_TLS_PROTOCOL=TLS1_VERSION
MANPATH_modshare=/usr/share/man/overrides:1:/usr/local/share/man:1:/usr/share/man:1:/opt/crc/usr/local/man:1:/opt/sge/man:1
MEMORY=1948
PERL_LOCAL_LIB_ROOT=/afs/crc.nd.edu/user/n/nkremerh/.perl5/
BASH_ENV=/afs/crc.nd.edu/x86_64_linux/Modules/4.5.0/init/bash
VENDOR=unknown
TMP=/var/condor/execute/dir_3816/worker-213124-3912/t.827/cctools-temp-t.827.LlX2cJ
LOGNAME=nkremerh
MACHTYPE=x86_64
CCLHOME=/afs/crc.nd.edu/group/ccl
PYTHONPATH=/afs/crc.nd.edu/user/n/nkremerh/cctools/lib/python3.6/site-packages/
LD_LIBRARY_PATH_modshare=/opt/crc/usr/local/lib:1
SSH_CONNECTION=10.17.150.200 39500 129.74.128.103 22
MODULES_LMALTNAME_modshare=CRC_default/1.1&CRC_default/default&CRC_default:1
MODULESHOME=/afs/crc.nd.edu/x86_64_linux/Modules/4.5.0
GLOBUS_GSSAPI_CIPHERS=HIGH
GLOBUS_GSSAPI_BACKWARD_COMPATIBLE_MIC=true
LESSOPEN=||/usr/bin/lesspipe.sh %s
OMP_NUM_THREADS=1
_CONDOR_JOB_AD=/var/condor/execute/dir_3816/.job.ad
LOADEDMODULES_modshare=CRC_default/1.1:1
XDG_RUNTIME_DIR=/run/user/213124
SGE_CLUSTER_NAME=CRC
_CONDOR_ANCESTOR_3813=3816:1600703217:863843004
CCTOOLS=../cctools
CORES=2
_CONDOR_JOB_IWD=/var/condor/execute/dir_3816
PERL_MM_OPT=INSTALL_BASE=/afs/crc.nd.edu/user/n/nkremerh/.perl5/
GLOBUS_GSSAPI_SERVER_CIPHER_ORDER=true
_CONDOR_ANCESTOR_3607=3813:1598183989:3519041155
_CONDOR_ANCESTOR_3816=3873:1600703219:3055618041
BASH_FUNC_module()=() {  unset _mlshdbg;
 if [ "${MODULES_SILENT_SHELL_DEBUG:-0}" = '1' ]; then
 case "$-" in 
 *v*x*)
 set +vx;
 _mlshdbg='vx'
 ;;
 *v*)
 set +v;
 _mlshdbg='v'
 ;;
 *x*)
 set +x;
 _mlshdbg='x'
 ;;
 *)
 _mlshdbg=''
 ;;
 esac;
 fi;
 unset _mlre _mlIFS;
 if [ -n "${IFS+x}" ]; then
 _mlIFS=$IFS;
 fi;
 IFS=' ';
 for _mlv in ${MODULES_RUN_QUARANTINE:-};
 do
 if [ "${_mlv}" = "${_mlv##*[!A-Za-z0-9_]}" -a "${_mlv}" = "${_mlv#[0-9]}" ]; then
 if [ -n "`eval 'echo ${'$_mlv'+x}'`" ]; then
 _mlre="${_mlre:-}${_mlv}_modquar='`eval 'echo ${'$_mlv'}'`' ";
 fi;
 _mlrv="MODULES_RUNENV_${_mlv}";
 _mlre="${_mlre:-}${_mlv}='`eval 'echo ${'$_mlrv':-}'`' ";
 fi;
 done;
 if [ -n "${_mlre:-}" ]; then
 eval `eval ${_mlre}/usr/bin/tclsh /afs/crc.nd.edu/x86_64_linux/Modules/4.5.0/libexec/modulecmd.tcl bash '"$@"'`;
 else
 eval `/usr/bin/tclsh /afs/crc.nd.edu/x86_64_linux/Modules/4.5.0/libexec/modulecmd.tcl bash "$@"`;
 fi;
 _mlstatus=$?;
 if [ -n "${_mlIFS+x}" ]; then
 IFS=$_mlIFS;
 else
 unset IFS;
 fi;
 unset _mlre _mlv _mlrv _mlIFS;
 if [ -n "${_mlshdbg:-}" ]; then
 set -$_mlshdbg;
 fi;
 unset _mlshdbg;
 return $_mlstatus
}
BASH_FUNC_ml()=() {  module ml "$@"
}
_=/usr/bin/printenv
