16427   0.000000 libjli.so->getenv("_JAVA_LAUNCHER_DEBUG") = nil
16427   0.001720 libjli.so->getenv("_JAVA_VERSION_SET") = nil
16427   0.000660 libjli.so->fopen("/usr/lib/jvm/java-1.8.0-openjdk-1.8.0.262.b10-0.el7_8.x86_64/jre/lib/amd64/jvm.cfg", "r") = 0x5609edee10f0
16427   0.000808 libjli.so->getenv("JDK_ALTERNATE_VM") = nil
16427   0.000309 libjli.so->__xstat(1, "/usr/lib/jvm/java-1.8.0-openjdk-1.8.0.262.b10-0.el7_8.x86_64/jre/lib/amd64/server/libjvm.so", 0x7ffcccb13aa0) = 0
16427   0.000658 libjli.so->getenv("LD_LIBRARY_PATH") = "/afs/crc.nd.edu/group/ccl/software/x86_64/redhat7/ruby/current/lib:/afs/crc.nd.edu/group/ccl/software/x86_64/redhat7/graphviz/current/lib:/afs/crc.nd.edu/group/ccl/software/x86_64/redhat7/git/current/lib:/afs/crc.nd.edu/group/ccl/software/x86_64/redhat7/condor/current/lib:/afs/crc.nd.edu/group/ccl/software/x86_64/redhat7/clang/current/lib:/afs/crc.nd.edu/group/ccl/software/x86_64/redhat7/condor/current/lib:/afs/crc.nd.edu/group/ccl/software/x86_64/redhat7/cctools/current/lib:/opt/crc/usr/local/lib"
16427   0.002270 libjli.so->dlopen("/usr/lib/jvm/java-1.8.0-openjdk-1.8.0.262.b10-0.el7_8.x86_64/jre/lib/amd64/server/libjvm.so", 258 <unfinished ...>
16427   0.039478 libjvm.so->getenv("NMT_LEVEL_16427") = nil
16427   0.001736 <... dlopen resumed> )          = 0x5609edee14c0
16427   0.000074 libjli.so->getenv("CLASSPATH")  = nil
16427   0.000305 libjli.so->getenv("_JAVA_SPLASH_JAR") = nil
16427   0.000363 libjli.so->getenv("_JAVA_SPLASH_FILE") = nil
16427   0.000348 libjli.so->pthread_attr_setdetachstate(0x7ffcccb13a50, 0, 0x7ffcccb13ae0, 0) = 0
16427   0.000436 libpthread.so.0->__clone(0x2ada28a91de0, 0x2ada289a4fc0, 0x3d0f00, 0x2ada289a5700) = 0x4031
16433   0.001979 libjvm.so->dlopen(0x2ada2a2709ae, 1, 0xfffffffffff42c48, 4096) = 0x2ada2c000990
16433   0.002586 libjvm.so->getenv(0x2ada2a28b83e, 0, 115, 0x65737361) = 0x7ffcccb19719
16433   0.000466 libjvm.so->fopen(0x2ada289a3c10, 0x2ada2a227ccb, 0x6f732e79666972, 0x2ada29369ab0) = 0x2ada2c001440
16433   0.001330 libjvm.so->dlopen(0x2ada289a3c10, 1, 0xffffffff, 0x2ada2c002b00) = 0x2ada2c001440
16433   0.001395 libjvm.so->fopen(0x2ada289a3c10, 0x2ada2a227ccb, 111, 0x732e6176) = 0x2ada2c001b10
16433   0.001603 libjvm.so->dlopen(0x2ada289a3c10, 1, 0xffffffff, 0x2ada2c001a00) = 0x2ada2c001b10
16433   0.001525 libjvm.so->__xstat(1, 0x2ada289a4360, 0x2ada289a4ba0, 0x746f7073746f682e) = -1
16433   0.000465 libjvm.so->getenv(0x2ada2a220541, 0x2ada289a46d0, 1024, 0x2ada2a6da61b) = 0
16433   0.000454 libjvm.so->getenv(0x2ada2a220533, 0x2ada289a46d0, 1024, 0) = 0
16433   0.000457 libjvm.so->fopen(0x2ada2a270315, 0x2ada2a227ccb, 4095, 0xffffd525d5ddfb03) = 0x2ada2c003290
16433   0.001214 libjvm.so->fopen(0x2ada2a270361, 0x2ada2a227ccb, 0x2ada2c000078, 0x2ada2c003280) = 0x2ada2c003290
16433   0.000716 libjvm.so->fopen(0x2ada2899e9b0, 0x2ada2a227ccb, 4014, 3995) = 0x2ada2c003290
16433   0.000605 libjvm.so->opendir(0x2ada2c002b40, 0x2ada2c002b40, 13, 16) = 0
16433   0.000459 libjvm.so->__xstat(1, 0x2ada289a38f0, 0x2ada289a2860, 0x6f732e7477616d62) = -1
16433   0.000432 libjvm.so->__xstat(1, 0x2ada289a38f0, 0x2ada289a2860, 0x5f74776162696c2f) = 0
16433   0.000510 libjvm.so->fopen(0x2ada289a2b90, 0x2ada2a227ccb, 4009, 3994) = 0x2ada2c003770
16433   0.000629 libjvm.so->fopen(0x2ada289a2b90, 0x2ada2a227ccb, 4009, 3994) = 0x2ada2c003770
16433   0.000611 libjvm.so->fopen(0x2ada289a2b90, 0x2ada2a227ccb, 4009, 4002) = 0x2ada2c003770
16433   0.000631 libjvm.so->fopen(0x2ada289a2b20, 0x2ada2a227ccb, 4009, 3994) = 0x2ada2c003770
16433   0.000630 libjvm.so->fopen(0x2ada289a2b20, 0x2ada2a227ccb, 4009, 3994) = 0x2ada2c003770
16433   0.000604 libjvm.so->fopen(0x2ada289a2b20, 0x2ada2a227ccb, 4009, 4002) = 0x2ada2c003770
16433   0.000594 libjvm.so->fopen(0x2ada289a2b50, 0x2ada2a227ccb, 4014, 3995) = 0x2ada2c003770
16433   0.000839 libjvm.so->getenv(0x2ada2a2710ff, 4096, 3, -1) = 0
16433   0.001011 libjvm.so->fopen(0x2ada2a270998, 0x2ada2a227ccb, 0x2ada28a88908, 0x2ada28a87df0) = 0x2ada2c003770
16433   0.004737 libjvm.so->open(0x2ada2c04a560, 0x20000, 0, 0x2ada2c04a5a9) = 3
16433   0.000471 libjvm.so->__fxstat(1, 3, 0x2ada289a4a00, -1) = 0
16433   0.000506 libjvm.so->opendir(0x2ada2c04a560, 0x2ada289a4a00, 0x4000, -1) = 0x2ada2c04b470
16433   0.000505 libjvm.so->__fxstat(1, 3, 0x2ada289a48a0, 0x2ada2c04b470) = 0
16433   0.000425 libjvm.so->__fxstat(1, 5, 0x2ada289a4930, -1) = 0
16433   0.000458 libjvm.so->open(0x2ada2a23e9dc, 0, 0, 0) = 3
16433   0.000745 libjvm.so->__lxstat(1, 0x2ada2c04a560, 0x2ada289a4b50, -144) = 0
16433   0.000522 libjvm.so->open(0x2ada2c04a560, 0x20000, 0x4000, -1) = 3
16433   0.000449 libjvm.so->__fxstat(1, 3, 0x2ada289a4a00, -1) = 0
16433   0.000462 libjvm.so->opendir(0x2ada2c04a560, 0x2ada289a4a00, 0x4000, -1) = 0x2ada2c04b470
16433   0.000470 libjvm.so->__fxstat(1, 3, 0x2ada289a48a0, 0x2ada2c04b470) = 0
16433   0.000437 libjvm.so->__fxstat(1, 5, 0x2ada289a4930, -1) = 0
16433   0.000457 libjvm.so->open(0x2ada2a23e9dc, 0, 0, 0) = 3
16433   0.000546 libjvm.so->open(0x2ada2c04a5a9, 0x20042, 384, -1) = 7
16433   0.000636 libjvm.so->__fxstat(1, 7, 0x2ada289a4b50, -1) = 0
16433   0.001735 libjvm.so->fopen(0x2ada289a3b60, 0x2ada2a227ccb, 4, 0x6f732e70) = 0x2ada2c057bc0
16433   0.001408 libjvm.so->dlopen(0x2ada289a3b60, 1, 0xffffffff, 0x2ada2c057b00) = 0x2ada2c057bc0
16433   0.001418 libjvm.so->__xstat(1, 0x2ada289a4120, 0x2ada289a4950, 2048) = 0
16433   0.000445 libjvm.so->__xstat(1, 0x2ada289a4120, 0x2ada289a4950, 2048) = 0
16433   0.000448 libjvm.so->__xstat(1, 0x2ada289a4120, 0x2ada289a4950, 2048) = -1
16433   0.000447 libjvm.so->__xstat(1, 0x2ada289a4120, 0x2ada289a4950, 2048) = 0
16433   0.000460 libjvm.so->__xstat(1, 0x2ada289a4120, 0x2ada289a4950, 2048) = 0
16433   0.000437 libjvm.so->__xstat(1, 0x2ada289a4120, 0x2ada289a4950, 2048) = 0
16433   0.000417 libjvm.so->__xstat(1, 0x2ada289a4120, 0x2ada289a4950, 2048) = 0
16433   0.000450 libjvm.so->__xstat(1, 0x2ada289a4120, 0x2ada289a4950, 2048) = -1
16433   0.000465 libjvm.so->fopen(0x2ada2c002520, 0x2ada2a227ccb, 0, 0) = 0x2ada2c058a60
16433   0.009181 libjvm.so->open64(0x2ada289a3410, 0, 0, 16) = 3
16433   0.000517 libjvm.so->__fxstat64(1, 3, 0x2ada289a3240, -1) = 0
16433   0.036505 libjvm.so->__xstat(1, 0x2ada289a3f20, 0x2ada289a4750, 2048) = -1
16433   0.000601 libjvm.so->fopen(0x2ada289a2b20, 0x2ada2a227ccb, 4009, 3994) = 0x2ada2c0b5e20
16433   0.000682 libjvm.so->fopen(0x2ada289a2b20, 0x2ada2a227ccb, 4009, 3994) = 0x2ada2c0b5e20
16433   0.000631 libjvm.so->fopen(0x2ada289a2b20, 0x2ada2a227ccb, 4009, 4002) = 0x2ada2c0b5e20
16433   0.004459 libjvm.so->pthread_attr_setdetachstate(0x2ada289a4c00, 1, 0, 0) = 0
16433   0.000516 libpthread.so.0->__clone(0x2ada28a91de0, 0x2ada41359fc0, 0x3d0f00, 0x2ada4135a700) = 0x4032
16433   0.015629 libjvm.so->pthread_attr_setdetachstate(0x2ada289a4290, 1, 0, 0) = 0
16433   0.000695 libpthread.so.0->__clone(0x2ada28a91de0, 0x2ada4145afc0, 0x3d0f00, 0x2ada4145b700) = 0x4033
16433   0.007065 libjvm.so->pthread_attr_setdetachstate(0x2ada289a4610, 1, 0, 0) = 0
16433   0.000843 libpthread.so.0->__clone(0x2ada28a91de0, 0x2ada4155bfc0, 0x3d0f00, 0x2ada4155c700) = 0x4034
16433   0.041094 libjvm.so->fopen(0x2ada2c0e9130, 0x2ada2a227ccb, 4, 0x6f732e70) = 0x2ada2c0f1c70
16433   0.002041 libjvm.so->dlopen(0x2ada2c0e9130, 1, 0xffffffff, 0x2ada2c0ec300) = 0x2ada2c057bc0
16433   0.005039 libjvm.so->open64(0x2ada289a3510, 0, 0, 16) = 5
16433   0.000900 libjvm.so->__fxstat64(1, 5, 0x2ada289a3340, -1) = 0
16433   0.019709 libjvm.so->fopen(0x2ada289a0130, 0x2ada2a227ccb, 4009, 3994) = 0x2ada2c0fcbc0
16433   0.001184 libjvm.so->fopen(0x2ada289a0130, 0x2ada2a227ccb, 4009, 3994) = 0x2ada2c0fcbc0
16433   0.001056 libjvm.so->fopen(0x2ada289a0130, 0x2ada2a227ccb, 4009, 4002) = 0x2ada2c0fcbc0
16433   0.015934 libjvm.so->pthread_attr_setdetachstate(0x2ada289a4b50, 1, 0, 0) = 0
16433   0.000977 libpthread.so.0->__clone(0x2ada28a91de0, 0x2ada4165cfc0, 0x3d0f00, 0x2ada4165d700) = 0x4035
16433   0.001454 libjvm.so->__xstat64(1, 0x2ada289a4be0, 0x2ada289a4b50, 19) = -1
16433   0.001199 libjvm.so->pthread_attr_setdetachstate(0x2ada289a4950, 1, 0, 0) = 0
16433   0.001099 libpthread.so.0->__clone(0x2ada28a91de0, 0x2ada4175dfc0, 0x3d0f00, 0x2ada4175e700) = 0x4036
16433   0.002130 libjvm.so->pthread_attr_setdetachstate(0x2ada289a4950, 1, 0, 0) = 0
16433   0.001300 libpthread.so.0->__clone(0x2ada28a91de0, 0x2ada4185efc0, 0x3d0f00, 0x2ada4185f700) = 0x4037
16433   0.011490 libjvm.so->pthread_attr_setdetachstate(0x2ada289a4aa0, 1, 0, 0) = 0
16433   0.001472 libpthread.so.0->__clone(0x2ada28a91de0, 0x2ada4195ffc0, 0x3d0f00, 0x2ada41960700) = 0x4038
16433   0.002293 libjvm.so->pthread_attr_setdetachstate(0x2ada289a4bb0, 1, 0, 0) = 0
16433   0.002052 libpthread.so.0->__clone(0x2ada28a91de0, 0x2ada41a60fc0, 0x3d0f00, 0x2ada41a61700) = 0x4039
16433   0.015059 libjvm.so->open64(0x2ada2c128850, 0, 0, 16) = 7
16433   0.001810 libjvm.so->__fxstat64(1, 7, 0x2ada289a1f60, -1) = 0
16433   0.026106 libjvm.so->fopen(0x2ada2c1545c0, 0x2ada2a227ccb, 4, 0x6f732e6f) = 0x2ada2c154680
16433   0.003450 libjvm.so->dlopen(0x2ada2c1545c0, 1, 0xffffffff, 0x2ada2c154600) = 0x2ada2c154680
16433   0.150816 libjvm.so->fopen(0x2ada2c1a1cc0, 0x2ada2a227ccb, 4, 0x6f732e74) = 0x2ada2c1a5810
16433   0.004157 libjvm.so->dlopen(0x2ada2c1a1cc0, 1, 0xffffffff, 0x2ada2c1a2600) = 0x2ada2c1bfc00
16433   0.143728 libjvm.so->fopen(0x2ada2c228c90, 0x2ada2a227ccb, 0x6f732e7373656c, 0x656c646165685f74) = 0x2ada2c228d70
16433   0.006012 libjvm.so->dlopen(0x2ada2c228c90, 1, 0xffffffff, 0x2ada2c228c00) = 0x2ada2c228d70
16433   0.024852 libjvm.so->fopen(0x2ada2899d990, 0x2ada2a227ccb, 0x6f732e, 0x6d766a62696c2f72) = 0x2ada2c232bd0
16433   0.005892 libjvm.so->dlopen(0x2ada2899d990, 1, 0xffffffff, 0x2ada2c232100) = 0x5609edee14c0
16433   0.001706 libjvm.so->fopen(0x2ada2899d990, 0x2ada2a227ccb, 0x6f732e, 0x6d766a62696c2f72) = 0x2ada2c232b70
16433   0.004766 libjvm.so->dlopen(0x2ada2899d990, 1, 0xffffffff, 0x2ada2c232100) = 0x5609edee14c0
16433   0.001724 libjvm.so->fopen(0x2ada2899d990, 0x2ada2a227ccb, 0x6f732e, 0x6d766a62696c2f72) = 0x2ada2c232b70
16433   0.003470 libjvm.so->dlopen(0x2ada2899d990, 1, 0xffffffff, 0x2ada2c232100) = 0x5609edee14c0
16433   0.001652 libjvm.so->fopen(0x2ada2899d990, 0x2ada2a227ccb, 0x6f732e, 0x6d766a62696c2f72) = 0x2ada2c232b70
16433   0.003577 libjvm.so->dlopen(0x2ada2899d990, 1, 0xffffffff, 0x2ada2c232100) = 0x5609edee14c0
16433   3.620039 --- SIGSEGV (Segmentation fault) ---
16441   9.337537 +++ exited (status 0) +++
16437   0.000267 +++ exited (status 0) +++
16434   0.000271 +++ exited (status 0) +++
16433   0.000243 +++ exited (status 0) +++
16438   0.000418 +++ exited (status 0) +++
16440   0.000029 +++ exited (status 0) +++
16436   0.000012 +++ exited (status 0) +++
16435   0.000011 +++ exited (status 0) +++
16439   0.021562 +++ exited (status 0) +++
16427   0.000060 +++ exited (status 0) +++
Wrote an ltrace for command: "java -cp ./tools/maxent.jar density.MaxEnt -s outputs/Pteronymia_sao_Hewitson.csv -e data/layers/worldclim -o outputs/Pteronymia_sao_Hewitson nowarnings nocache autorun -z" with PID 16423 from PPID 16405 on disc20.crc.nd.edu with result 0
REMOTEHOST=10.17.150.200
MANPATH=/afs/crc.nd.edu/user/n/nkremerh/cctools/share/man/:/afs/crc.nd.edu/group/ccl/software/x86_64/redhat7/ruby/current/share/man:/afs/crc.nd.edu/group/ccl/software/x86_64/redhat7/graphviz/current/share/man:/afs/crc.nd.edu/group/ccl/software/x86_64/redhat7/gnuplot/current/share/man:/afs/crc.nd.edu/group/ccl/software/x86_64/redhat7/git/current/share/man:/afs/crc.nd.edu/group/ccl/software/x86_64/redhat7/condor/current/share/man:/afs/crc.nd.edu/group/ccl/software/x86_64/redhat7/clang/current/share/man:/afs/crc.nd.edu/group/ccl/software/x86_64/redhat7/condor/current/share/man:/afs/crc.nd.edu/group/ccl/software/x86_64/redhat7/cctools/current/share/man:/afs/crc.nd.edu/group/ccl/software/x86_64/redhat7/cctools/current/share/man:/afs/crc.nd.edu/x86_64_linux/Modules/4.5.0/share/man:/opt/crc/usr/local/man:/opt/sge/man:/usr/share/man/overrides:/usr/share/man:/usr/local/share/man
_CONDOR_JOB_PIDS=
XDG_SESSION_ID=5195
HOSTNAME=disc01.crc.nd.edu
_LMFILES__modshare=/afs/crc.nd.edu/x86_64_linux/Modules/modules/system_modules/CRC_default/1.1:1
MODULEPATH_modshare=/afs/crc.nd.edu/x86_64_linux/Modules/modules/general_software:1:/afs/crc.nd.edu/x86_64_linux/Modules/modules/development_tools_and_libraries:1:/afs/crc.nd.edu/x86_64_linux/Modules/modules/system_modules:1:/afs/crc.nd.edu/x86_64_linux/Modules/current/modulefiles:1:/afs/crc.nd.edu/x86_64_linux/Modules/modules/restricted_software:1:/afs/crc.nd.edu/x86_64_linux/Modules/modules/deprecated_software:1
_CONDOR_ANCESTOR_3560=6162:1600703217:3669882798
TERM=xterm-256color
SHELL=/bin/tcsh
HOST=disc01.crc.nd.edu
MODULES_CMD=/afs/crc.nd.edu/x86_64_linux/Modules/4.5.0/libexec/modulecmd.tcl
HISTSIZE=5000
MAKEFLAGS=
SSH_CLIENT=10.17.150.200 39500 22
TMPDIR=/var/condor/execute/dir_6162/worker-213124-6229/t.1180/cctools-temp-t.1180.EfxJkL
PERL5LIB=/afs/crc.nd.edu/user/n/nkremerh/cctools/lib/perl5/site_perl/5.16.3:/afs/crc.nd.edu/user/n/nkremerh/.perl5/lib/perl5
SGE_CELL=crc
_CONDOR_SCRATCH_DIR=/var/condor/execute/dir_6162
_CONDOR_ANCESTOR_3197=3560:1598183979:2962516177
PERL_MB_OPT=--install_base '/afs/crc.nd.edu/user/n/nkremerh/.perl5/'
SSH_TTY=/dev/pts/0
SGE_LOAD_AVG=load_avg
MAKEFLOW_MAX_LOCAL_JOBS=2
GROUP=campus
USER=nkremerh
_CHIRP_DELAYED_UPDATE_PREFIX=Chirp*
HISTFILESIZE=10000
TEMP=/var/condor/execute/dir_6162/worker-213124-6229/t.1180/cctools-temp-t.1180.EfxJkL
LD_LIBRARY_PATH=/afs/crc.nd.edu/group/ccl/software/x86_64/redhat7/ruby/current/lib:/afs/crc.nd.edu/group/ccl/software/x86_64/redhat7/graphviz/current/lib:/afs/crc.nd.edu/group/ccl/software/x86_64/redhat7/git/current/lib:/afs/crc.nd.edu/group/ccl/software/x86_64/redhat7/condor/current/lib:/afs/crc.nd.edu/group/ccl/software/x86_64/redhat7/clang/current/lib:/afs/crc.nd.edu/group/ccl/software/x86_64/redhat7/condor/current/lib:/afs/crc.nd.edu/group/ccl/software/x86_64/redhat7/cctools/current/lib:/opt/crc/usr/local/lib
BATCH_SYSTEM=HTCondor
MODULES_LMALTNAME=CRC_default/1.1&CRC_default/default&CRC_default
ENV=/afs/crc.nd.edu/x86_64_linux/Modules/4.5.0/init/profile.sh
WORKER_TMPDIR=/var/condor/execute/dir_6162/worker-213124-6229/cache/tmp
HOSTTYPE=x86_64-linux
_CONDOR_HIGHPORT=9999
GLOBUS_GSSAPI_MAX_TLS_PROTOCOL=0
_CONDOR_CHIRP_CONFIG=/var/condor/execute/dir_6162/.chirp.config
MAKELEVEL=1
MFLAGS=
MAIL=/var/spool/mail/nkremerh
PATH=/afs/crc.nd.edu/user/n/nkremerh/cctools/bin:/afs/crc.nd.edu/user/n/nkremerh/miniconda/bin:/afs/crc.nd.edu/group/ccl/software/git:/afs/crc.nd.edu/user/n/nkremerh/.local/bin:/afs/crc.nd.edu/group/ccl/software/x86_64/redhat7/povray/3.7/bin:/afs/crc.nd.edu/user/n/nkremerh/.perl5/bin:/afs/crc.nd.edu/user/n/nkremerh/pegasus/bin:/afs/crc.nd.edu/user/n/nkremerh/nodejs/bin:/afs/crc.nd.edu/user/n/nkremerh/montage/bin:/afs/crc.nd.edu/user/n/nkremerh/latexdiff:/afs/crc.nd.edu/user/n/nkremerh/envtrace:/afs/crc.nd.edu/user/n/nkremerh/endlines:/afs/crc.nd.edu/user/n/nkremerh/cctools/bin:/afs/crc.nd.edu/user/n/nkremerh/.cargo/bin:/afs/crc.nd.edu/group/ccl/software/x86_64/redhat7/ruby/current/bin:/afs/crc.nd.edu/group/ccl/software/x86_64/redhat7/graphviz/current/bin:/afs/crc.nd.edu/group/ccl/software/x86_64/redhat7/gnuplot/current/bin:/afs/crc.nd.edu/group/ccl/software/x86_64/redhat7/git/current/bin:/afs/crc.nd.edu/group/ccl/software/x86_64/redhat7/condor/current/sbin:/afs/crc.nd.edu/group/ccl/software/x86_64/redhat7/condor/current/bin:/afs/crc.nd.edu/group/ccl/software/x86_64/redhat7/cmake/current/bin:/afs/crc.nd.edu/group/ccl/software/x86_64/redhat7/clang/current/bin:/afs/crc.nd.edu/group/ccl/software/x86_64/redhat7/condor/current/sbin:/afs/crc.nd.edu/group/ccl/software/x86_64/redhat7/condor/current/bin:/afs/crc.nd.edu/group/ccl/software/x86_64/redhat7/cctools/current/bin:/afs/crc.nd.edu/x86_64_linux/Modules/4.5.0/bin:/opt/crc/usr/local/bin:/opt/sge/bin/lx-amd64:/usr/local/bin:/usr/bin:/usr/local/sbin:/usr/sbin:/afs/crc.nd.edu/user/c/condor/software/bin:/afs/crc.nd.edu/user/c/condor/software/sbin
CCLSOFTWARE=/afs/crc.nd.edu/group/ccl/software/x86_64/redhat7
PWD=/var/condor/execute/dir_6162/worker-213124-6229/t.1180
_LMFILES_=/afs/crc.nd.edu/x86_64_linux/Modules/modules/system_modules/CRC_default/1.1
EDITOR=vim
SGE_EXECD_PORT=6445
LANG=en_US.UTF-8
SGE_QMASTER_PORT=6444
MODULEPATH=/afs/crc.nd.edu/x86_64_linux/Modules/modules/development_tools_and_libraries:/afs/crc.nd.edu/x86_64_linux/Modules/modules/general_software:/afs/crc.nd.edu/x86_64_linux/Modules/modules/restricted_software:/afs/crc.nd.edu/x86_64_linux/Modules/modules/system_modules:/afs/crc.nd.edu/x86_64_linux/Modules/modules/deprecated_software:/afs/crc.nd.edu/x86_64_linux/Modules/current/modulefiles
LOADEDMODULES=CRC_default/1.1
SGE_ROOT=/opt/sge
CCLPLATFORM=x86_64/redhat7
_CONDOR_SLOT=slot2_1
WORK_QUEUE_SANDBOX=/var/condor/execute/dir_6162/worker-213124-6229
USE_SYSTEMD=true
_CONDOR_LOWPORT=9100
HISTCONTROL=ignoreboth:erasedups
KRB5CCNAME=FILE:/tmp/krb5cc_213124_6nLDKQ
GLOBUS_GSSAPI_NAME_COMPATIBILITY=STRICT_RFC2818
HOME=disc01.crc.nd.edu
SHLVL=6
PATH_modshare=/opt/crc/usr/local/bin:1:/opt/sge/bin/lx-amd64:1:/usr/sbin:1:/usr/bin:1:/afs/crc.nd.edu/user/c/condor/software/sbin:1:/usr/local/sbin:1:/afs/crc.nd.edu/user/c/condor/software/bin:1:/usr/local/bin:1
OSTYPE=linux
_CONDOR_MACHINE_AD=/var/condor/execute/dir_6162/.machine.ad
GREP_OPTIONS=--color=auto
DISK=18235
GLOBUS_GSSAPI_MIN_TLS_PROTOCOL=TLS1_VERSION
MANPATH_modshare=/usr/share/man/overrides:1:/usr/local/share/man:1:/usr/share/man:1:/opt/crc/usr/local/man:1:/opt/sge/man:1
MEMORY=1948
PERL_LOCAL_LIB_ROOT=/afs/crc.nd.edu/user/n/nkremerh/.perl5/
BASH_ENV=/afs/crc.nd.edu/x86_64_linux/Modules/4.5.0/init/bash
VENDOR=unknown
TMP=/var/condor/execute/dir_6162/worker-213124-6229/t.1180/cctools-temp-t.1180.EfxJkL
LOGNAME=nkremerh
MACHTYPE=x86_64
CCLHOME=/afs/crc.nd.edu/group/ccl
PYTHONPATH=/afs/crc.nd.edu/user/n/nkremerh/cctools/lib/python3.6/site-packages/
LD_LIBRARY_PATH_modshare=/opt/crc/usr/local/lib:1
_CONDOR_ANCESTOR_6162=6175:1600703218:2480092249
SSH_CONNECTION=10.17.150.200 39500 129.74.128.103 22
MODULES_LMALTNAME_modshare=CRC_default/1.1&CRC_default/default&CRC_default:1
MODULESHOME=/afs/crc.nd.edu/x86_64_linux/Modules/4.5.0
GLOBUS_GSSAPI_CIPHERS=HIGH
GLOBUS_GSSAPI_BACKWARD_COMPATIBLE_MIC=true
LESSOPEN=||/usr/bin/lesspipe.sh %s
OMP_NUM_THREADS=1
_CONDOR_JOB_AD=/var/condor/execute/dir_6162/.job.ad
LOADEDMODULES_modshare=CRC_default/1.1:1
XDG_RUNTIME_DIR=/run/user/213124
SGE_CLUSTER_NAME=CRC
CCTOOLS=../cctools
CORES=2
_CONDOR_JOB_IWD=/var/condor/execute/dir_6162
PERL_MM_OPT=INSTALL_BASE=/afs/crc.nd.edu/user/n/nkremerh/.perl5/
GLOBUS_GSSAPI_SERVER_CIPHER_ORDER=true
BASH_FUNC_module()=() {  unset _mlshdbg;
 if [ "${MODULES_SILENT_SHELL_DEBUG:-0}" = '1' ]; then
 case "$-" in 
 *v*x*)
 set +vx;
 _mlshdbg='vx'
 ;;
 *v*)
 set +v;
 _mlshdbg='v'
 ;;
 *x*)
 set +x;
 _mlshdbg='x'
 ;;
 *)
 _mlshdbg=''
 ;;
 esac;
 fi;
 unset _mlre _mlIFS;
 if [ -n "${IFS+x}" ]; then
 _mlIFS=$IFS;
 fi;
 IFS=' ';
 for _mlv in ${MODULES_RUN_QUARANTINE:-};
 do
 if [ "${_mlv}" = "${_mlv##*[!A-Za-z0-9_]}" -a "${_mlv}" = "${_mlv#[0-9]}" ]; then
 if [ -n "`eval 'echo ${'$_mlv'+x}'`" ]; then
 _mlre="${_mlre:-}${_mlv}_modquar='`eval 'echo ${'$_mlv'}'`' ";
 fi;
 _mlrv="MODULES_RUNENV_${_mlv}";
 _mlre="${_mlre:-}${_mlv}='`eval 'echo ${'$_mlrv':-}'`' ";
 fi;
 done;
 if [ -n "${_mlre:-}" ]; then
 eval `eval ${_mlre}/usr/bin/tclsh /afs/crc.nd.edu/x86_64_linux/Modules/4.5.0/libexec/modulecmd.tcl bash '"$@"'`;
 else
 eval `/usr/bin/tclsh /afs/crc.nd.edu/x86_64_linux/Modules/4.5.0/libexec/modulecmd.tcl bash "$@"`;
 fi;
 _mlstatus=$?;
 if [ -n "${_mlIFS+x}" ]; then
 IFS=$_mlIFS;
 else
 unset IFS;
 fi;
 unset _mlre _mlv _mlrv _mlIFS;
 if [ -n "${_mlshdbg:-}" ]; then
 set -$_mlshdbg;
 fi;
 unset _mlshdbg;
 return $_mlstatus
}
BASH_FUNC_ml()=() {  module ml "$@"
}
_=/usr/bin/printenv
