24800   0.000000 libjli.so->getenv("_JAVA_LAUNCHER_DEBUG") = nil
24800   0.001746 libjli.so->getenv("_JAVA_VERSION_SET") = nil
24800   0.000642 libjli.so->fopen("/usr/lib/jvm/java-1.8.0-openjdk-1.8.0.262.b10-0.el7_8.x86_64/jre/lib/amd64/jvm.cfg", "r") = 0x557afaf7b0e0
24800   0.000812 libjli.so->getenv("JDK_ALTERNATE_VM") = nil
24800   0.000320 libjli.so->__xstat(1, "/usr/lib/jvm/java-1.8.0-openjdk-1.8.0.262.b10-0.el7_8.x86_64/jre/lib/amd64/server/libjvm.so", 0x7fffa938af80) = 0
24800   0.000581 libjli.so->getenv("LD_LIBRARY_PATH") = "/afs/crc.nd.edu/group/ccl/software/x86_64/redhat7/ruby/current/lib:/afs/crc.nd.edu/group/ccl/software/x86_64/redhat7/graphviz/current/lib:/afs/crc.nd.edu/group/ccl/software/x86_64/redhat7/git/current/lib:/afs/crc.nd.edu/group/ccl/software/x86_64/redhat7/condor/current/lib:/afs/crc.nd.edu/group/ccl/software/x86_64/redhat7/clang/current/lib:/afs/crc.nd.edu/group/ccl/software/x86_64/redhat7/condor/current/lib:/afs/crc.nd.edu/group/ccl/software/x86_64/redhat7/cctools/current/lib:/opt/crc/usr/local/lib"
24800   0.002178 libjli.so->dlopen("/usr/lib/jvm/java-1.8.0-openjdk-1.8.0.262.b10-0.el7_8.x86_64/jre/lib/amd64/server/libjvm.so", 258 <unfinished ...>
24800   0.037937 libjvm.so->getenv("NMT_LEVEL_24800") = nil
24800   0.001719 <... dlopen resumed> )          = 0x557afaf7b4b0
24800   0.000076 libjli.so->getenv("CLASSPATH")  = nil
24800   0.000303 libjli.so->getenv("_JAVA_SPLASH_JAR") = nil
24800   0.000367 libjli.so->getenv("_JAVA_SPLASH_FILE") = nil
24800   0.000391 libjli.so->pthread_attr_setdetachstate(0x7fffa938af30, 0, 0x7fffa938afc0, 0) = 0
24800   0.000499 libpthread.so.0->__clone(0x2b854b2bdde0, 0x2b854b1d0fc0, 0x3d0f00, 0x2b854b1d1700) = 0x60e1
24801   0.002057 libjvm.so->dlopen(0x2b854ca9c9ae, 1, 0xfffffffffff42c48, 4096) = 0x2b8550000990
24801   0.002409 libjvm.so->getenv(0x2b854cab783e, 0, 115, 0x65737361) = 0x7fffa9390692
24801   0.000438 libjvm.so->fopen(0x2b854b1cfc10, 0x2b854ca53ccb, 0x6f732e79666972, 0x2b854bb95ab0) = 0x2b8550001440
24801   0.001444 libjvm.so->dlopen(0x2b854b1cfc10, 1, 0xffffffff, 0x2b8550002b00) = 0x2b8550001440
24801   0.001397 libjvm.so->fopen(0x2b854b1cfc10, 0x2b854ca53ccb, 111, 0x732e6176) = 0x2b8550001b10
24801   0.001534 libjvm.so->dlopen(0x2b854b1cfc10, 1, 0xffffffff, 0x2b8550001a00) = 0x2b8550001b10
24801   0.001489 libjvm.so->__xstat(1, 0x2b854b1d0360, 0x2b854b1d0ba0, 0x746f7073746f682e) = -1
24801   0.000481 libjvm.so->getenv(0x2b854ca4c541, 0x2b854b1d06d0, 1024, 0x2b854cf0661b) = 0
24801   0.000436 libjvm.so->getenv(0x2b854ca4c533, 0x2b854b1d06d0, 1024, 0) = 0
24801   0.000477 libjvm.so->fopen(0x2b854ca9c315, 0x2b854ca53ccb, 4095, 0xffffd47ab35b3b03) = 0x2b8550003310
24801   0.001070 libjvm.so->fopen(0x2b854ca9c361, 0x2b854ca53ccb, 0x2b8550000078, 0x2b8550003300) = 0x2b8550003310
24801   0.000701 libjvm.so->fopen(0x2b854b1ca9b0, 0x2b854ca53ccb, 4014, 3995) = 0x2b8550003310
24801   0.000614 libjvm.so->opendir(0x2b8550002b40, 0x2b8550002b40, 13, 16) = 0
24801   0.000458 libjvm.so->__xstat(1, 0x2b854b1cf8f0, 0x2b854b1ce860, 0x6f732e7477616d62) = -1
24801   0.000431 libjvm.so->__xstat(1, 0x2b854b1cf8f0, 0x2b854b1ce860, 0x5f74776162696c2f) = 0
24801   0.000503 libjvm.so->fopen(0x2b854b1ceb90, 0x2b854ca53ccb, 4009, 3994) = 0x2b85500037f0
24801   0.000719 libjvm.so->fopen(0x2b854b1ceb90, 0x2b854ca53ccb, 4009, 3994) = 0x2b85500037f0
24801   0.000642 libjvm.so->fopen(0x2b854b1ceb90, 0x2b854ca53ccb, 4009, 4002) = 0x2b85500037f0
24801   0.000683 libjvm.so->fopen(0x2b854b1ceb20, 0x2b854ca53ccb, 4009, 3994) = 0x2b85500037f0
24801   0.000604 libjvm.so->fopen(0x2b854b1ceb20, 0x2b854ca53ccb, 4009, 3994) = 0x2b85500037f0
24801   0.000608 libjvm.so->fopen(0x2b854b1ceb20, 0x2b854ca53ccb, 4009, 4002) = 0x2b85500037f0
24801   0.000616 libjvm.so->fopen(0x2b854b1ceb50, 0x2b854ca53ccb, 4014, 3995) = 0x2b85500037f0
24801   0.000786 libjvm.so->getenv(0x2b854ca9d0ff, 4096, 3, -1) = 0
24801   0.000989 libjvm.so->fopen(0x2b854ca9c998, 0x2b854ca53ccb, 0x2b854b2b4908, 0x2b854b2b3df0) = 0x2b85500037f0
24801   0.004621 libjvm.so->open(0x2b855004a5e0, 0x20000, 0, 0x2b855004a629) = 3
24801   0.000464 libjvm.so->__fxstat(1, 3, 0x2b854b1d0a00, -1) = 0
24801   0.000504 libjvm.so->opendir(0x2b855004a5e0, 0x2b854b1d0a00, 0x4000, -1) = 0x2b855004b4f0
24801   0.000487 libjvm.so->__fxstat(1, 3, 0x2b854b1d08a0, 0x2b855004b4f0) = 0
24801   0.000439 libjvm.so->__fxstat(1, 5, 0x2b854b1d0930, -1) = 0
24801   0.000466 libjvm.so->open(0x2b854ca6a9dc, 0, 0, 0) = 3
24801   0.000662 libjvm.so->__lxstat(1, 0x2b855004a5e0, 0x2b854b1d0b50, -144) = 0
24801   0.000485 libjvm.so->open(0x2b855004a5e0, 0x20000, 0x4000, -1) = 3
24801   0.000486 libjvm.so->__fxstat(1, 3, 0x2b854b1d0a00, -1) = 0
24801   0.000490 libjvm.so->opendir(0x2b855004a5e0, 0x2b854b1d0a00, 0x4000, -1) = 0x2b855004b4f0
24801   0.000490 libjvm.so->__fxstat(1, 3, 0x2b854b1d08a0, 0x2b855004b4f0) = 0
24801   0.000473 libjvm.so->__fxstat(1, 5, 0x2b854b1d0930, -1) = 0
24801   0.000465 libjvm.so->open(0x2b854ca6a9dc, 0, 0, 0) = 3
24801   0.000456 libjvm.so->open(0x2b855004a629, 0x20042, 384, -1) = 7
24801   0.000618 libjvm.so->__fxstat(1, 7, 0x2b854b1d0b50, -1) = 0
24801   0.001702 libjvm.so->fopen(0x2b854b1cfb60, 0x2b854ca53ccb, 4, 0x6f732e70) = 0x2b8550057c40
24801   0.001418 libjvm.so->dlopen(0x2b854b1cfb60, 1, 0xffffffff, 0x2b8550057b00) = 0x2b8550057c40
24801   0.001427 libjvm.so->__xstat(1, 0x2b854b1d0120, 0x2b854b1d0950, 2048) = 0
24801   0.000457 libjvm.so->__xstat(1, 0x2b854b1d0120, 0x2b854b1d0950, 2048) = 0
24801   0.000420 libjvm.so->__xstat(1, 0x2b854b1d0120, 0x2b854b1d0950, 2048) = -1
24801   0.000883 libjvm.so->__xstat(1, 0x2b854b1d0120, 0x2b854b1d0950, 2048) = 0
24801   0.000449 libjvm.so->__xstat(1, 0x2b854b1d0120, 0x2b854b1d0950, 2048) = 0
24801   0.000464 libjvm.so->__xstat(1, 0x2b854b1d0120, 0x2b854b1d0950, 2048) = 0
24801   0.000441 libjvm.so->__xstat(1, 0x2b854b1d0120, 0x2b854b1d0950, 2048) = 0
24801   0.000478 libjvm.so->__xstat(1, 0x2b854b1d0120, 0x2b854b1d0950, 2048) = -1
24801   0.000443 libjvm.so->fopen(0x2b8550002520, 0x2b854ca53ccb, 0, 0) = 0x2b8550058ae0
24801   0.009238 libjvm.so->open64(0x2b854b1cf410, 0, 0, 16) = 3
24801   0.000465 libjvm.so->__fxstat64(1, 3, 0x2b854b1cf240, -1) = 0
24801   0.035614 libjvm.so->__xstat(1, 0x2b854b1cff20, 0x2b854b1d0750, 2048) = -1
24801   0.000587 libjvm.so->fopen(0x2b854b1ceb20, 0x2b854ca53ccb, 4009, 3994) = 0x2b85500b5fa0
24801   0.000688 libjvm.so->fopen(0x2b854b1ceb20, 0x2b854ca53ccb, 4009, 3994) = 0x2b85500b5fa0
24801   0.000584 libjvm.so->fopen(0x2b854b1ceb20, 0x2b854ca53ccb, 4009, 4002) = 0x2b85500b5fa0
24801   0.004330 libjvm.so->pthread_attr_setdetachstate(0x2b854b1d0c00, 1, 0, 0) = 0
24801   0.000472 libpthread.so.0->__clone(0x2b854b2bdde0, 0x2b8563b46fc0, 0x3d0f00, 0x2b8563b47700) = 0x60e2
24801   0.016347 libjvm.so->pthread_attr_setdetachstate(0x2b854b1d0290, 1, 0, 0) = 0
24801   0.000734 libpthread.so.0->__clone(0x2b854b2bdde0, 0x2b8563c47fc0, 0x3d0f00, 0x2b8563c48700) = 0x60e3
24801   0.007786 libjvm.so->pthread_attr_setdetachstate(0x2b854b1d0610, 1, 0, 0) = 0
24801   0.000865 libpthread.so.0->__clone(0x2b854b2bdde0, 0x2b8563d48fc0, 0x3d0f00, 0x2b8563d49700) = 0x60e4
24801   0.044124 libjvm.so->fopen(0x2b85500e55c0, 0x2b854ca53ccb, 4, 0x6f732e70) = 0x2b85500f1ce0
24801   0.002082 libjvm.so->dlopen(0x2b85500e55c0, 1, 0xffffffff, 0x2b85500ec300) = 0x2b8550057c40
24801   0.005303 libjvm.so->open64(0x2b854b1cf510, 0, 0, 16) = 5
24801   0.000952 libjvm.so->__fxstat64(1, 5, 0x2b854b1cf340, -1) = 0
24801   0.020518 libjvm.so->fopen(0x2b854b1cc130, 0x2b854ca53ccb, 4009, 3994) = 0x2b85500fcc80
24801   0.001292 libjvm.so->fopen(0x2b854b1cc130, 0x2b854ca53ccb, 4009, 3994) = 0x2b85500fcc80
24801   0.001161 libjvm.so->fopen(0x2b854b1cc130, 0x2b854ca53ccb, 4009, 4002) = 0x2b85500fcc80
24801   0.015846 libjvm.so->pthread_attr_setdetachstate(0x2b854b1d0b50, 1, 0, 0) = 0
24801   0.001038 libpthread.so.0->__clone(0x2b854b2bdde0, 0x2b8563e49fc0, 0x3d0f00, 0x2b8563e4a700) = 0x60e5
24801   0.001520 libjvm.so->__xstat64(1, 0x2b854b1d0be0, 0x2b854b1d0b50, 19) = -1
24801   0.001238 libjvm.so->pthread_attr_setdetachstate(0x2b854b1d0950, 1, 0, 0) = 0
24801   0.001151 libpthread.so.0->__clone(0x2b854b2bdde0, 0x2b8563f4afc0, 0x3d0f00, 0x2b8563f4b700) = 0x60e6
24801   0.001728 libjvm.so->pthread_attr_setdetachstate(0x2b854b1d0950, 1, 0, 0) = 0
24801   0.001327 libpthread.so.0->__clone(0x2b854b2bdde0, 0x2b8576642fc0, 0x3d0f00, 0x2b8576643700) = 0x60e7
24801   0.011568 libjvm.so->pthread_attr_setdetachstate(0x2b854b1d0aa0, 1, 0, 0) = 0
24801   0.001473 libpthread.so.0->__clone(0x2b854b2bdde0, 0x2b8576743fc0, 0x3d0f00, 0x2b8576744700) = 0x60e8
24801   0.002438 libjvm.so->pthread_attr_setdetachstate(0x2b854b1d0bb0, 1, 0, 0) = 0
24801   0.001877 libpthread.so.0->__clone(0x2b854b2bdde0, 0x2b8576844fc0, 0x3d0f00, 0x2b8576845700) = 0x60e9
24801   0.017172 libjvm.so->open64(0x2b855013e930, 0, 0, 48) = 7
24801   0.001805 libjvm.so->__fxstat64(1, 7, 0x2b854b1cdf60, -1) = 0
24801   0.026642 libjvm.so->fopen(0x2b85501645e0, 0x2b854ca53ccb, 4, 0x6f732e6f) = 0x2b85501646a0
24801   0.004912 libjvm.so->dlopen(0x2b85501645e0, 1, 0xffffffff, 0x2b8550164600) = 0x2b85501646a0
24806   0.052134 --- SIGSEGV (Segmentation fault) ---
24807   0.000285 --- SIGSEGV (Segmentation fault) ---
24801   0.055998 libjvm.so->fopen(0x2b854b1cae40, 0x2b854ca53ccb, 0x6f732e, 0x6d766a62696c2f72) = 0x2b8550179f30
24801   0.006090 libjvm.so->dlopen(0x2b854b1cae40, 1, 0xffffffff, 0x2b8550179e00) = 0x557afaf7b4b0
24801   0.001689 libjvm.so->fopen(0x2b854b1cae40, 0x2b854ca53ccb, 0x6f732e, 0x6d766a62696c2f72) = 0x2b855017a330
24801   0.004944 libjvm.so->dlopen(0x2b854b1cae40, 1, 0xffffffff, 0x2b8550179e00) = 0x557afaf7b4b0
24801   0.001686 libjvm.so->fopen(0x2b854b1cae40, 0x2b854ca53ccb, 0x6f732e, 0x6d766a62696c2f72) = 0x2b8550179f30
24801   0.003386 libjvm.so->dlopen(0x2b854b1cae40, 1, 0xffffffff, 0x2b8550179e00) = 0x557afaf7b4b0
24801   0.001674 libjvm.so->fopen(0x2b854b1cae40, 0x2b854ca53ccb, 0x6f732e, 0x6d766a62696c2f72) = 0x2b8550179f30
24801   0.003335 libjvm.so->dlopen(0x2b854b1cae40, 1, 0xffffffff, 0x2b8550179e00) = 0x557afaf7b4b0
24801   0.047454 libjvm.so->fopen(0x2b85501c74e0, 0x2b854ca53ccb, 4, 0x6f732e74) = 0x2b85501d5370
24801   0.004344 libjvm.so->dlopen(0x2b85501c74e0, 1, 0xffffffff, 0x2b85501bd600) = 0x2b85501d5370
24801   0.144603 libjvm.so->fopen(0x2b85502605e0, 0x2b854ca53ccb, 0x6f732e7373656c, 0x656c646165685f74) = 0x2b85502606c0
24801   0.003010 libjvm.so->dlopen(0x2b85502605e0, 1, 0xffffffff, 0x2b8550260600) = 0x2b85502606c0
24809   0.049879 +++ exited (status 0) +++
24805   0.000234 --- SIGSEGV (Segmentation fault) ---
24802   0.000746 +++ exited (status 0) +++
24801   0.000288 +++ exited (status 0) +++
24808   0.000263 +++ exited (status 1) +++
24806   0.000022 +++ exited (status 1) +++
24805   0.000015 +++ exited (status 1) +++
24804   0.000015 +++ exited (status 1) +++
24803   0.000015 +++ exited (status 1) +++
24807   0.005031 +++ exited (status 1) +++
24800   0.000037 +++ exited (status 1) +++
Wrote an ltrace for command: "java -cp ./tools/maxent.jar density.Project outputs/Andrena_limassolica_Mavromoustakis/Andrena_limassolica_Mavromoustakis.lambdas data/layers/worldclim outputs/Andrena_limassolica_Mavromoustakis_worldclim.asc nowarnings nocache autorun -z" with PID 24798 from PPID 24782 on disc25.crc.nd.edu with result 1
REMOTEHOST=10.17.150.200
_CONDOR_JOB_PIDS=
MANPATH=/afs/crc.nd.edu/user/n/nkremerh/cctools/share/man/:/afs/crc.nd.edu/group/ccl/software/x86_64/redhat7/ruby/current/share/man:/afs/crc.nd.edu/group/ccl/software/x86_64/redhat7/graphviz/current/share/man:/afs/crc.nd.edu/group/ccl/software/x86_64/redhat7/gnuplot/current/share/man:/afs/crc.nd.edu/group/ccl/software/x86_64/redhat7/git/current/share/man:/afs/crc.nd.edu/group/ccl/software/x86_64/redhat7/condor/current/share/man:/afs/crc.nd.edu/group/ccl/software/x86_64/redhat7/clang/current/share/man:/afs/crc.nd.edu/group/ccl/software/x86_64/redhat7/condor/current/share/man:/afs/crc.nd.edu/group/ccl/software/x86_64/redhat7/cctools/current/share/man:/afs/crc.nd.edu/group/ccl/software/x86_64/redhat7/cctools/current/share/man:/afs/crc.nd.edu/x86_64_linux/Modules/4.5.0/share/man:/opt/crc/usr/local/man:/opt/sge/man:/usr/share/man/overrides:/usr/share/man:/usr/local/share/man
XDG_SESSION_ID=5195
_CONDOR_ANCESTOR_3764=9263:1600703217:1712876055
HOSTNAME=disc01.crc.nd.edu
_LMFILES__modshare=/afs/crc.nd.edu/x86_64_linux/Modules/modules/system_modules/CRC_default/1.1:1
MODULEPATH_modshare=/afs/crc.nd.edu/x86_64_linux/Modules/modules/general_software:1:/afs/crc.nd.edu/x86_64_linux/Modules/modules/development_tools_and_libraries:1:/afs/crc.nd.edu/x86_64_linux/Modules/modules/system_modules:1:/afs/crc.nd.edu/x86_64_linux/Modules/current/modulefiles:1:/afs/crc.nd.edu/x86_64_linux/Modules/modules/restricted_software:1:/afs/crc.nd.edu/x86_64_linux/Modules/modules/deprecated_software:1
MODULES_CMD=/afs/crc.nd.edu/x86_64_linux/Modules/4.5.0/libexec/modulecmd.tcl
HOST=disc01.crc.nd.edu
SHELL=/bin/tcsh
TERM=xterm-256color
MAKEFLAGS=
HISTSIZE=5000
TMPDIR=/var/condor/execute/dir_9263/worker-213124-9318/t.1821/cctools-temp-t.1821.CI7teJ
SSH_CLIENT=10.17.150.200 39500 22
PERL5LIB=/afs/crc.nd.edu/user/n/nkremerh/cctools/lib/perl5/site_perl/5.16.3:/afs/crc.nd.edu/user/n/nkremerh/.perl5/lib/perl5
SGE_CELL=crc
_CONDOR_SCRATCH_DIR=/var/condor/execute/dir_9263
PERL_MB_OPT=--install_base '/afs/crc.nd.edu/user/n/nkremerh/.perl5/'
SSH_TTY=/dev/pts/0
SGE_LOAD_AVG=load_avg
MAKEFLOW_MAX_LOCAL_JOBS=2
HISTFILESIZE=10000
_CHIRP_DELAYED_UPDATE_PREFIX=Chirp*
USER=nkremerh
GROUP=campus
LD_LIBRARY_PATH=/afs/crc.nd.edu/group/ccl/software/x86_64/redhat7/ruby/current/lib:/afs/crc.nd.edu/group/ccl/software/x86_64/redhat7/graphviz/current/lib:/afs/crc.nd.edu/group/ccl/software/x86_64/redhat7/git/current/lib:/afs/crc.nd.edu/group/ccl/software/x86_64/redhat7/condor/current/lib:/afs/crc.nd.edu/group/ccl/software/x86_64/redhat7/clang/current/lib:/afs/crc.nd.edu/group/ccl/software/x86_64/redhat7/condor/current/lib:/afs/crc.nd.edu/group/ccl/software/x86_64/redhat7/cctools/current/lib:/opt/crc/usr/local/lib
TEMP=/var/condor/execute/dir_9263/worker-213124-9318/t.1821/cctools-temp-t.1821.CI7teJ
BATCH_SYSTEM=HTCondor
WORKER_TMPDIR=/var/condor/execute/dir_9263/worker-213124-9318/cache/tmp
ENV=/afs/crc.nd.edu/x86_64_linux/Modules/4.5.0/init/profile.sh
MODULES_LMALTNAME=CRC_default/1.1&CRC_default/default&CRC_default
_CONDOR_CHIRP_CONFIG=/var/condor/execute/dir_9263/.chirp.config
GLOBUS_GSSAPI_MAX_TLS_PROTOCOL=0
_CONDOR_HIGHPORT=9999
HOSTTYPE=x86_64-linux
MAKELEVEL=1
MFLAGS=
CCLSOFTWARE=/afs/crc.nd.edu/group/ccl/software/x86_64/redhat7
PATH=/afs/crc.nd.edu/user/n/nkremerh/cctools/bin:/afs/crc.nd.edu/user/n/nkremerh/miniconda/bin:/afs/crc.nd.edu/group/ccl/software/git:/afs/crc.nd.edu/user/n/nkremerh/.local/bin:/afs/crc.nd.edu/group/ccl/software/x86_64/redhat7/povray/3.7/bin:/afs/crc.nd.edu/user/n/nkremerh/.perl5/bin:/afs/crc.nd.edu/user/n/nkremerh/pegasus/bin:/afs/crc.nd.edu/user/n/nkremerh/nodejs/bin:/afs/crc.nd.edu/user/n/nkremerh/montage/bin:/afs/crc.nd.edu/user/n/nkremerh/latexdiff:/afs/crc.nd.edu/user/n/nkremerh/envtrace:/afs/crc.nd.edu/user/n/nkremerh/endlines:/afs/crc.nd.edu/user/n/nkremerh/cctools/bin:/afs/crc.nd.edu/user/n/nkremerh/.cargo/bin:/afs/crc.nd.edu/group/ccl/software/x86_64/redhat7/ruby/current/bin:/afs/crc.nd.edu/group/ccl/software/x86_64/redhat7/graphviz/current/bin:/afs/crc.nd.edu/group/ccl/software/x86_64/redhat7/gnuplot/current/bin:/afs/crc.nd.edu/group/ccl/software/x86_64/redhat7/git/current/bin:/afs/crc.nd.edu/group/ccl/software/x86_64/redhat7/condor/current/sbin:/afs/crc.nd.edu/group/ccl/software/x86_64/redhat7/condor/current/bin:/afs/crc.nd.edu/group/ccl/software/x86_64/redhat7/cmake/current/bin:/afs/crc.nd.edu/group/ccl/software/x86_64/redhat7/clang/current/bin:/afs/crc.nd.edu/group/ccl/software/x86_64/redhat7/condor/current/sbin:/afs/crc.nd.edu/group/ccl/software/x86_64/redhat7/condor/current/bin:/afs/crc.nd.edu/group/ccl/software/x86_64/redhat7/cctools/current/bin:/afs/crc.nd.edu/x86_64_linux/Modules/4.5.0/bin:/opt/crc/usr/local/bin:/opt/sge/bin/lx-amd64:/usr/local/bin:/usr/bin:/usr/local/sbin:/usr/sbin:/afs/crc.nd.edu/user/c/condor/software/bin:/afs/crc.nd.edu/user/c/condor/software/sbin
MAIL=/var/spool/mail/nkremerh
PWD=/var/condor/execute/dir_9263/worker-213124-9318/t.1821
_LMFILES_=/afs/crc.nd.edu/x86_64_linux/Modules/modules/system_modules/CRC_default/1.1
_CONDOR_ANCESTOR_9263=9275:1600703218:689984601
SGE_EXECD_PORT=6445
EDITOR=vim
LANG=en_US.UTF-8
MODULEPATH=/afs/crc.nd.edu/x86_64_linux/Modules/modules/development_tools_and_libraries:/afs/crc.nd.edu/x86_64_linux/Modules/modules/general_software:/afs/crc.nd.edu/x86_64_linux/Modules/modules/restricted_software:/afs/crc.nd.edu/x86_64_linux/Modules/modules/system_modules:/afs/crc.nd.edu/x86_64_linux/Modules/modules/deprecated_software:/afs/crc.nd.edu/x86_64_linux/Modules/current/modulefiles
SGE_QMASTER_PORT=6444
SGE_ROOT=/opt/sge
LOADEDMODULES=CRC_default/1.1
WORK_QUEUE_SANDBOX=/var/condor/execute/dir_9263/worker-213124-9318
_CONDOR_SLOT=slot2_1
CCLPLATFORM=x86_64/redhat7
USE_SYSTEMD=true
_CONDOR_ANCESTOR_3611=3764:1598184024:3503519607
_CONDOR_LOWPORT=9100
KRB5CCNAME=FILE:/tmp/krb5cc_213124_6nLDKQ
HISTCONTROL=ignoreboth:erasedups
PATH_modshare=/opt/crc/usr/local/bin:1:/opt/sge/bin/lx-amd64:1:/usr/sbin:1:/usr/bin:1:/afs/crc.nd.edu/user/c/condor/software/sbin:1:/usr/local/sbin:1:/afs/crc.nd.edu/user/c/condor/software/bin:1:/usr/local/bin:1
SHLVL=7
HOME=disc01.crc.nd.edu
GLOBUS_GSSAPI_NAME_COMPATIBILITY=STRICT_RFC2818
_CONDOR_MACHINE_AD=/var/condor/execute/dir_9263/.machine.ad
OSTYPE=linux
DISK=18234
GREP_OPTIONS=--color=auto
GLOBUS_GSSAPI_MIN_TLS_PROTOCOL=TLS1_VERSION
MEMORY=1948
MANPATH_modshare=/usr/share/man/overrides:1:/usr/local/share/man:1:/usr/share/man:1:/opt/crc/usr/local/man:1:/opt/sge/man:1
VENDOR=unknown
BASH_ENV=/afs/crc.nd.edu/x86_64_linux/Modules/4.5.0/init/bash
PERL_LOCAL_LIB_ROOT=/afs/crc.nd.edu/user/n/nkremerh/.perl5/
PYTHONPATH=/afs/crc.nd.edu/user/n/nkremerh/cctools/lib/python3.6/site-packages/
CCLHOME=/afs/crc.nd.edu/group/ccl
MACHTYPE=x86_64
LOGNAME=nkremerh
TMP=/var/condor/execute/dir_9263/worker-213124-9318/t.1821/cctools-temp-t.1821.CI7teJ
LD_LIBRARY_PATH_modshare=/opt/crc/usr/local/lib:1
MODULES_LMALTNAME_modshare=CRC_default/1.1&CRC_default/default&CRC_default:1
SSH_CONNECTION=10.17.150.200 39500 129.74.128.103 22
MODULESHOME=/afs/crc.nd.edu/x86_64_linux/Modules/4.5.0
OMP_NUM_THREADS=1
LESSOPEN=||/usr/bin/lesspipe.sh %s
GLOBUS_GSSAPI_BACKWARD_COMPATIBLE_MIC=true
GLOBUS_GSSAPI_CIPHERS=HIGH
LOADEDMODULES_modshare=CRC_default/1.1:1
_CONDOR_JOB_AD=/var/condor/execute/dir_9263/.job.ad
SGE_CLUSTER_NAME=CRC
XDG_RUNTIME_DIR=/run/user/213124
CCTOOLS=../cctools
CORES=2
_CONDOR_JOB_IWD=/var/condor/execute/dir_9263
PERL_MM_OPT=INSTALL_BASE=/afs/crc.nd.edu/user/n/nkremerh/.perl5/
GLOBUS_GSSAPI_SERVER_CIPHER_ORDER=true
BASH_FUNC_module()=() {  unset _mlshdbg;
 if [ "${MODULES_SILENT_SHELL_DEBUG:-0}" = '1' ]; then
 case "$-" in 
 *v*x*)
 set +vx;
 _mlshdbg='vx'
 ;;
 *v*)
 set +v;
 _mlshdbg='v'
 ;;
 *x*)
 set +x;
 _mlshdbg='x'
 ;;
 *)
 _mlshdbg=''
 ;;
 esac;
 fi;
 unset _mlre _mlIFS;
 if [ -n "${IFS+x}" ]; then
 _mlIFS=$IFS;
 fi;
 IFS=' ';
 for _mlv in ${MODULES_RUN_QUARANTINE:-};
 do
 if [ "${_mlv}" = "${_mlv##*[!A-Za-z0-9_]}" -a "${_mlv}" = "${_mlv#[0-9]}" ]; then
 if [ -n "`eval 'echo ${'$_mlv'+x}'`" ]; then
 _mlre="${_mlre:-}${_mlv}_modquar='`eval 'echo ${'$_mlv'}'`' ";
 fi;
 _mlrv="MODULES_RUNENV_${_mlv}";
 _mlre="${_mlre:-}${_mlv}='`eval 'echo ${'$_mlrv':-}'`' ";
 fi;
 done;
 if [ -n "${_mlre:-}" ]; then
 eval `eval ${_mlre}/usr/bin/tclsh /afs/crc.nd.edu/x86_64_linux/Modules/4.5.0/libexec/modulecmd.tcl bash '"$@"'`;
 else
 eval `/usr/bin/tclsh /afs/crc.nd.edu/x86_64_linux/Modules/4.5.0/libexec/modulecmd.tcl bash "$@"`;
 fi;
 _mlstatus=$?;
 if [ -n "${_mlIFS+x}" ]; then
 IFS=$_mlIFS;
 else
 unset IFS;
 fi;
 unset _mlre _mlv _mlrv _mlIFS;
 if [ -n "${_mlshdbg:-}" ]; then
 set -$_mlshdbg;
 fi;
 unset _mlshdbg;
 return $_mlstatus
}
BASH_FUNC_ml()=() {  module ml "$@"
}
_=/usr/bin/printenv
