19094   0.000000 libjli.so->getenv("_JAVA_LAUNCHER_DEBUG") = nil
19094   0.001793 libjli.so->getenv("_JAVA_VERSION_SET") = nil
19094   0.000697 libjli.so->fopen("/usr/lib/jvm/java-1.8.0-openjdk-1.8.0.262.b10-0.el7_8.x86_64/jre/lib/amd64/jvm.cfg", "r") = 0x55bc0d0850e0
19094   0.000832 libjli.so->getenv("JDK_ALTERNATE_VM") = nil
19094   0.000312 libjli.so->__xstat(1, "/usr/lib/jvm/java-1.8.0-openjdk-1.8.0.262.b10-0.el7_8.x86_64/jre/lib/amd64/server/libjvm.so", 0x7ffc219a1d70) = 0
19094   0.000604 libjli.so->getenv("LD_LIBRARY_PATH") = "/afs/crc.nd.edu/group/ccl/software/x86_64/redhat7/ruby/current/lib:/afs/crc.nd.edu/group/ccl/software/x86_64/redhat7/graphviz/current/lib:/afs/crc.nd.edu/group/ccl/software/x86_64/redhat7/git/current/lib:/afs/crc.nd.edu/group/ccl/software/x86_64/redhat7/condor/current/lib:/afs/crc.nd.edu/group/ccl/software/x86_64/redhat7/clang/current/lib:/afs/crc.nd.edu/group/ccl/software/x86_64/redhat7/condor/current/lib:/afs/crc.nd.edu/group/ccl/software/x86_64/redhat7/cctools/current/lib:/opt/crc/usr/local/lib"
19094   0.002316 libjli.so->dlopen("/usr/lib/jvm/java-1.8.0-openjdk-1.8.0.262.b10-0.el7_8.x86_64/jre/lib/amd64/server/libjvm.so", 258 <unfinished ...>
19094   0.039304 libjvm.so->getenv("NMT_LEVEL_19094") = nil
19094   0.001702 <... dlopen resumed> )          = 0x55bc0d0854b0
19094   0.000076 libjli.so->getenv("CLASSPATH")  = nil
19094   0.000306 libjli.so->getenv("_JAVA_SPLASH_JAR") = nil
19094   0.000354 libjli.so->getenv("_JAVA_SPLASH_FILE") = nil
19094   0.000368 libjli.so->pthread_attr_setdetachstate(0x7ffc219a1d20, 0, 0x7ffc219a1db0, 0) = 0
19094   0.000460 libpthread.so.0->__clone(0x2b6f836c7de0, 0x2b6f835dafc0, 0x3d0f00, 0x2b6f835db700) = 0x4a97
19095   0.002199 libjvm.so->dlopen(0x2b6f84ea69ae, 1, 0xfffffffffff42c48, 4096) = 0x2b6f88000990
19095   0.002501 libjvm.so->getenv(0x2b6f84ec183e, 0, 115, 0x65737361) = 0x7ffc219a8661
19095   0.000482 libjvm.so->fopen(0x2b6f835d9c10, 0x2b6f84e5dccb, 0x6f732e79666972, 0x2b6f83f9fab0) = 0x2b6f88001440
19095   0.001337 libjvm.so->dlopen(0x2b6f835d9c10, 1, 0xffffffff, 0x2b6f88002b00) = 0x2b6f88001440
19095   0.001437 libjvm.so->fopen(0x2b6f835d9c10, 0x2b6f84e5dccb, 111, 0x732e6176) = 0x2b6f88001b10
19095   0.001517 libjvm.so->dlopen(0x2b6f835d9c10, 1, 0xffffffff, 0x2b6f88001a00) = 0x2b6f88001b10
19095   0.001542 libjvm.so->__xstat(1, 0x2b6f835da360, 0x2b6f835daba0, 0x746f7073746f682e) = -1
19095   0.000443 libjvm.so->getenv(0x2b6f84e56541, 0x2b6f835da6d0, 1024, 0x2b6f8531061b) = 0
19095   0.000422 libjvm.so->getenv(0x2b6f84e56533, 0x2b6f835da6d0, 1024, 0) = 0
19095   0.000474 libjvm.so->fopen(0x2b6f84ea6315, 0x2b6f84e5dccb, 4095, 0xffffd4907b1a9b03) = 0x2b6f88003310
19095   0.001031 libjvm.so->fopen(0x2b6f84ea6361, 0x2b6f84e5dccb, 0x2b6f88000078, 0x2b6f88003300) = 0x2b6f88003310
19095   0.000693 libjvm.so->fopen(0x2b6f835d49b0, 0x2b6f84e5dccb, 4014, 3995) = 0x2b6f88003310
19095   0.000648 libjvm.so->opendir(0x2b6f88002b40, 0x2b6f88002b40, 13, 16) = 0
19095   0.000480 libjvm.so->__xstat(1, 0x2b6f835d98f0, 0x2b6f835d8860, 0x6f732e7477616d62) = -1
19095   0.000437 libjvm.so->__xstat(1, 0x2b6f835d98f0, 0x2b6f835d8860, 0x5f74776162696c2f) = 0
19095   0.000533 libjvm.so->fopen(0x2b6f835d8b90, 0x2b6f84e5dccb, 4009, 3994) = 0x2b6f880037f0
19095   0.000629 libjvm.so->fopen(0x2b6f835d8b90, 0x2b6f84e5dccb, 4009, 3994) = 0x2b6f880037f0
19095   0.000607 libjvm.so->fopen(0x2b6f835d8b90, 0x2b6f84e5dccb, 4009, 4002) = 0x2b6f880037f0
19095   0.000619 libjvm.so->fopen(0x2b6f835d8b20, 0x2b6f84e5dccb, 4009, 3994) = 0x2b6f880037f0
19095   0.000600 libjvm.so->fopen(0x2b6f835d8b20, 0x2b6f84e5dccb, 4009, 3994) = 0x2b6f880037f0
19095   0.000600 libjvm.so->fopen(0x2b6f835d8b20, 0x2b6f84e5dccb, 4009, 4002) = 0x2b6f880037f0
19095   0.000609 libjvm.so->fopen(0x2b6f835d8b50, 0x2b6f84e5dccb, 4014, 3995) = 0x2b6f880037f0
19095   0.000805 libjvm.so->getenv(0x2b6f84ea70ff, 4096, 3, -1) = 0
19095   0.000896 libjvm.so->fopen(0x2b6f84ea6998, 0x2b6f84e5dccb, 0x2b6f836be908, 0x2b6f836bddf0) = 0x2b6f880037f0
19095   0.004585 libjvm.so->open(0x2b6f8804a5e0, 0x20000, 0, 0x2b6f8804a629) = 3
19095   0.000457 libjvm.so->__fxstat(1, 3, 0x2b6f835daa00, -1) = 0
19095   0.000490 libjvm.so->opendir(0x2b6f8804a5e0, 0x2b6f835daa00, 0x4000, -1) = 0x2b6f8804b4f0
19095   0.000477 libjvm.so->__fxstat(1, 3, 0x2b6f835da8a0, 0x2b6f8804b4f0) = 0
19095   0.000477 libjvm.so->__fxstat(1, 5, 0x2b6f835da930, -1) = 0
19095   0.000507 libjvm.so->open(0x2b6f84e749dc, 0, 0, 0) = 3
19095   0.000677 libjvm.so->__lxstat(1, 0x2b6f8804a5e0, 0x2b6f835dab50, -144) = 0
19095   0.000469 libjvm.so->open(0x2b6f8804a5e0, 0x20000, 0x4000, -1) = 3
19095   0.000457 libjvm.so->__fxstat(1, 3, 0x2b6f835daa00, -1) = 0
19095   0.000460 libjvm.so->opendir(0x2b6f8804a5e0, 0x2b6f835daa00, 0x4000, -1) = 0x2b6f8804b4f0
19095   0.000453 libjvm.so->__fxstat(1, 3, 0x2b6f835da8a0, 0x2b6f8804b4f0) = 0
19095   0.000438 libjvm.so->__fxstat(1, 5, 0x2b6f835da930, -1) = 0
19095   0.000466 libjvm.so->open(0x2b6f84e749dc, 0, 0, 0) = 3
19095   0.000481 libjvm.so->open(0x2b6f8804a629, 0x20042, 384, -1) = 7
19095   0.000753 libjvm.so->__fxstat(1, 7, 0x2b6f835dab50, -1) = 0
19095   0.001655 libjvm.so->fopen(0x2b6f835d9b60, 0x2b6f84e5dccb, 4, 0x6f732e70) = 0x2b6f88057c40
19095   0.001459 libjvm.so->dlopen(0x2b6f835d9b60, 1, 0xffffffff, 0x2b6f88057b00) = 0x2b6f88057c40
19095   0.001446 libjvm.so->__xstat(1, 0x2b6f835da120, 0x2b6f835da950, 2048) = 0
19095   0.000467 libjvm.so->__xstat(1, 0x2b6f835da120, 0x2b6f835da950, 2048) = 0
19095   0.000420 libjvm.so->__xstat(1, 0x2b6f835da120, 0x2b6f835da950, 2048) = -1
19095   0.000442 libjvm.so->__xstat(1, 0x2b6f835da120, 0x2b6f835da950, 2048) = 0
19095   0.000431 libjvm.so->__xstat(1, 0x2b6f835da120, 0x2b6f835da950, 2048) = 0
19095   0.000502 libjvm.so->__xstat(1, 0x2b6f835da120, 0x2b6f835da950, 2048) = 0
19095   0.000578 libjvm.so->__xstat(1, 0x2b6f835da120, 0x2b6f835da950, 2048) = 0
19095   0.000547 libjvm.so->__xstat(1, 0x2b6f835da120, 0x2b6f835da950, 2048) = -1
19095   0.000538 libjvm.so->fopen(0x2b6f88002520, 0x2b6f84e5dccb, 0, 0) = 0x2b6f88058ae0
19095   0.009056 libjvm.so->open64(0x2b6f835d9410, 0, 0, 16) = 3
19095   0.000500 libjvm.so->__fxstat64(1, 3, 0x2b6f835d9240, -1) = 0
19095   0.036062 libjvm.so->__xstat(1, 0x2b6f835d9f20, 0x2b6f835da750, 2048) = -1
19095   0.000552 libjvm.so->fopen(0x2b6f835d8b20, 0x2b6f84e5dccb, 4009, 3994) = 0x2b6f880b5fa0
19095   0.000706 libjvm.so->fopen(0x2b6f835d8b20, 0x2b6f84e5dccb, 4009, 3994) = 0x2b6f880b5fa0
19095   0.000586 libjvm.so->fopen(0x2b6f835d8b20, 0x2b6f84e5dccb, 4009, 4002) = 0x2b6f880b5fa0
19095   0.004285 libjvm.so->pthread_attr_setdetachstate(0x2b6f835dac00, 1, 0, 0) = 0
19095   0.000505 libpthread.so.0->__clone(0x2b6f836c7de0, 0x2b6f87ce0fc0, 0x3d0f00, 0x2b6f87ce1700) = 0x4a99
19095   0.017533 libjvm.so->pthread_attr_setdetachstate(0x2b6f835da290, 1, 0, 0) = 0
19095   0.000711 libpthread.so.0->__clone(0x2b6f836c7de0, 0x2b6f87de1fc0, 0x3d0f00, 0x2b6f87de2700) = 0x4a9b
19095   0.007906 libjvm.so->pthread_attr_setdetachstate(0x2b6f835da610, 1, 0, 0) = 0
19095   0.000816 libpthread.so.0->__clone(0x2b6f836c7de0, 0x2b6f87ee2fc0, 0x3d0f00, 0x2b6f87ee3700) = 0x4a9d
19095   0.052261 libjvm.so->fopen(0x2b6f880e55c0, 0x2b6f84e5dccb, 4, 0x6f732e70) = 0x2b6f880f1ce0
19095   0.003317 libjvm.so->dlopen(0x2b6f880e55c0, 1, 0xffffffff, 0x2b6f880ec300) = 0x2b6f88057c40
19095   0.006791 libjvm.so->open64(0x2b6f835d9510, 0, 0, 16) = 5
19095   0.001323 libjvm.so->__fxstat64(1, 5, 0x2b6f835d9340, -1) = 0
19095   0.021229 libjvm.so->fopen(0x2b6f835d6130, 0x2b6f84e5dccb, 4009, 3994) = 0x2b6f880fcc80
19095   0.001238 libjvm.so->fopen(0x2b6f835d6130, 0x2b6f84e5dccb, 4009, 3994) = 0x2b6f880fcc80
19095   0.001150 libjvm.so->fopen(0x2b6f835d6130, 0x2b6f84e5dccb, 4009, 4002) = 0x2b6f880fcc80
19095   0.015912 libjvm.so->pthread_attr_setdetachstate(0x2b6f835dab50, 1, 0, 0) = 0
19095   0.000999 libpthread.so.0->__clone(0x2b6f836c7de0, 0x2b6f87fe3fc0, 0x3d0f00, 0x2b6f87fe4700) = 0x4aa0
19095   0.001676 libjvm.so->__xstat64(1, 0x2b6f835dabe0, 0x2b6f835dab50, 19) = -1
19095   0.001210 libjvm.so->pthread_attr_setdetachstate(0x2b6f835da950, 1, 0, 0) = 0
19095   0.001141 libpthread.so.0->__clone(0x2b6f836c7de0, 0x2b6f9c36afc0, 0x3d0f00, 0x2b6f9c36b700) = 0x4aa2
19095   0.002153 libjvm.so->pthread_attr_setdetachstate(0x2b6f835da950, 1, 0, 0) = 0
19095   0.001432 libpthread.so.0->__clone(0x2b6f836c7de0, 0x2b6f9c46bfc0, 0x3d0f00, 0x2b6f9c46c700) = 0x4aa4
19095   0.012846 libjvm.so->pthread_attr_setdetachstate(0x2b6f835daaa0, 1, 0, 0) = 0
19095   0.001502 libpthread.so.0->__clone(0x2b6f836c7de0, 0x2b6f9c56cfc0, 0x3d0f00, 0x2b6f9c56d700) = 0x4aa7
19095   0.002412 libjvm.so->pthread_attr_setdetachstate(0x2b6f835dabb0, 1, 0, 0) = 0
19095   0.001554 libpthread.so.0->__clone(0x2b6f836c7de0, 0x2b6f9c66dfc0, 0x3d0f00, 0x2b6f9c66e700) = 0x4aa9
19095   0.016055 libjvm.so->open64(0x2b6f881288f0, 0, 0, 48) = 7
19095   0.001783 libjvm.so->__fxstat64(1, 7, 0x2b6f835d7f60, -1) = 0
19095   0.027580 libjvm.so->fopen(0x2b6f88154680, 0x2b6f84e5dccb, 4, 0x6f732e6f) = 0x2b6f88154740
19095   0.003579 libjvm.so->dlopen(0x2b6f88154680, 1, 0xffffffff, 0x2b6f88154600) = 0x2b6f88154740
19095   0.101915 libjvm.so->fopen(0x2b6f835d4e40, 0x2b6f84e5dccb, 0x6f732e, 0x6d766a62696c2f72) = 0x2b6f88169f60
19095   0.005871 libjvm.so->dlopen(0x2b6f835d4e40, 1, 0xffffffff, 0x2b6f88169e00) = 0x55bc0d0854b0
19095   0.001700 libjvm.so->fopen(0x2b6f835d4e40, 0x2b6f84e5dccb, 0x6f732e, 0x6d766a62696c2f72) = 0x2b6f8816a360
19095   0.005128 libjvm.so->dlopen(0x2b6f835d4e40, 1, 0xffffffff, 0x2b6f88169e00) = 0x55bc0d0854b0
19095   0.001687 libjvm.so->fopen(0x2b6f835d4e40, 0x2b6f84e5dccb, 0x6f732e, 0x6d766a62696c2f72) = 0x2b6f88169f60
19095   0.003423 libjvm.so->dlopen(0x2b6f835d4e40, 1, 0xffffffff, 0x2b6f88169e00) = 0x55bc0d0854b0
19095   0.001662 libjvm.so->fopen(0x2b6f835d4e40, 0x2b6f84e5dccb, 0x6f732e, 0x6d766a62696c2f72) = 0x2b6f88169f60
19095   0.003274 libjvm.so->dlopen(0x2b6f835d4e40, 1, 0xffffffff, 0x2b6f88169e00) = 0x55bc0d0854b0
19095   0.049524 libjvm.so->fopen(0x2b6f881a52e0, 0x2b6f84e5dccb, 4, 0x6f732e74) = 0x2b6f881c7460
19095   0.003327 libjvm.so->dlopen(0x2b6f881a52e0, 1, 0xffffffff, 0x2b6f881af500) = 0x2b6f881c7460
19095   0.138168 libjvm.so->fopen(0x2b6f88258560, 0x2b6f84e5dccb, 0x6f732e7373656c, 0x656c646165685f74) = 0x2b6f88258640
19095   0.002788 libjvm.so->dlopen(0x2b6f88258560, 1, 0xffffffff, 0x2b6f88258500) = 0x2b6f88258640
19113   0.042981 +++ exited (status 0) +++
19104   0.000424 +++ exited (status 0) +++
19097   0.000188 +++ exited (status 0) +++
19095   0.000294 +++ exited (status 0) +++
19106   0.000255 +++ exited (status 1) +++
19111   0.000024 +++ exited (status 1) +++
19101   0.000017 +++ exited (status 1) +++
19099   0.000014 +++ exited (status 1) +++
19108   0.005039 +++ exited (status 1) +++
19094   0.000052 +++ exited (status 1) +++
Wrote an ltrace for command: "java -cp ./tools/maxent.jar density.Project outputs/Pachyprosopis_grossoscapus_Exley/Pachyprosopis_grossoscapus_Exley.lambdas data/layers/worldclim outputs/Pachyprosopis_grossoscapus_Exley_worldclim.asc nowarnings nocache autorun -z" with PID 19090 from PPID 19057 on disc22.crc.nd.edu with result 1
REMOTEHOST=10.17.150.200
_CONDOR_JOB_PIDS=
MANPATH=/afs/crc.nd.edu/user/n/nkremerh/cctools/share/man/:/afs/crc.nd.edu/group/ccl/software/x86_64/redhat7/ruby/current/share/man:/afs/crc.nd.edu/group/ccl/software/x86_64/redhat7/graphviz/current/share/man:/afs/crc.nd.edu/group/ccl/software/x86_64/redhat7/gnuplot/current/share/man:/afs/crc.nd.edu/group/ccl/software/x86_64/redhat7/git/current/share/man:/afs/crc.nd.edu/group/ccl/software/x86_64/redhat7/condor/current/share/man:/afs/crc.nd.edu/group/ccl/software/x86_64/redhat7/clang/current/share/man:/afs/crc.nd.edu/group/ccl/software/x86_64/redhat7/condor/current/share/man:/afs/crc.nd.edu/group/ccl/software/x86_64/redhat7/cctools/current/share/man:/afs/crc.nd.edu/group/ccl/software/x86_64/redhat7/cctools/current/share/man:/afs/crc.nd.edu/x86_64_linux/Modules/4.5.0/share/man:/opt/crc/usr/local/man:/opt/sge/man:/usr/share/man/overrides:/usr/share/man:/usr/local/share/man
XDG_SESSION_ID=5195
HOSTNAME=disc01.crc.nd.edu
_LMFILES__modshare=/afs/crc.nd.edu/x86_64_linux/Modules/modules/system_modules/CRC_default/1.1:1
MODULEPATH_modshare=/afs/crc.nd.edu/x86_64_linux/Modules/modules/general_software:1:/afs/crc.nd.edu/x86_64_linux/Modules/modules/development_tools_and_libraries:1:/afs/crc.nd.edu/x86_64_linux/Modules/modules/system_modules:1:/afs/crc.nd.edu/x86_64_linux/Modules/current/modulefiles:1:/afs/crc.nd.edu/x86_64_linux/Modules/modules/restricted_software:1:/afs/crc.nd.edu/x86_64_linux/Modules/modules/deprecated_software:1
MODULES_CMD=/afs/crc.nd.edu/x86_64_linux/Modules/4.5.0/libexec/modulecmd.tcl
HOST=disc01.crc.nd.edu
SHELL=/bin/tcsh
TERM=xterm-256color
MAKEFLAGS=
HISTSIZE=5000
TMPDIR=/var/condor/execute/dir_3816/worker-213124-3912/t.1772/cctools-temp-t.1772.QuSQ9z
SSH_CLIENT=10.17.150.200 39500 22
PERL5LIB=/afs/crc.nd.edu/user/n/nkremerh/cctools/lib/perl5/site_perl/5.16.3:/afs/crc.nd.edu/user/n/nkremerh/.perl5/lib/perl5
SGE_CELL=crc
_CONDOR_SCRATCH_DIR=/var/condor/execute/dir_3816
PERL_MB_OPT=--install_base '/afs/crc.nd.edu/user/n/nkremerh/.perl5/'
SSH_TTY=/dev/pts/0
SGE_LOAD_AVG=load_avg
MAKEFLOW_MAX_LOCAL_JOBS=2
HISTFILESIZE=10000
_CHIRP_DELAYED_UPDATE_PREFIX=Chirp*
USER=nkremerh
GROUP=campus
LD_LIBRARY_PATH=/afs/crc.nd.edu/group/ccl/software/x86_64/redhat7/ruby/current/lib:/afs/crc.nd.edu/group/ccl/software/x86_64/redhat7/graphviz/current/lib:/afs/crc.nd.edu/group/ccl/software/x86_64/redhat7/git/current/lib:/afs/crc.nd.edu/group/ccl/software/x86_64/redhat7/condor/current/lib:/afs/crc.nd.edu/group/ccl/software/x86_64/redhat7/clang/current/lib:/afs/crc.nd.edu/group/ccl/software/x86_64/redhat7/condor/current/lib:/afs/crc.nd.edu/group/ccl/software/x86_64/redhat7/cctools/current/lib:/opt/crc/usr/local/lib
TEMP=/var/condor/execute/dir_3816/worker-213124-3912/t.1772/cctools-temp-t.1772.QuSQ9z
BATCH_SYSTEM=HTCondor
WORKER_TMPDIR=/var/condor/execute/dir_3816/worker-213124-3912/cache/tmp
ENV=/afs/crc.nd.edu/x86_64_linux/Modules/4.5.0/init/profile.sh
MODULES_LMALTNAME=CRC_default/1.1&CRC_default/default&CRC_default
_CONDOR_CHIRP_CONFIG=/var/condor/execute/dir_3816/.chirp.config
GLOBUS_GSSAPI_MAX_TLS_PROTOCOL=0
_CONDOR_HIGHPORT=9999
HOSTTYPE=x86_64-linux
MAKELEVEL=1
MFLAGS=
CCLSOFTWARE=/afs/crc.nd.edu/group/ccl/software/x86_64/redhat7
PATH=/afs/crc.nd.edu/user/n/nkremerh/cctools/bin:/afs/crc.nd.edu/user/n/nkremerh/miniconda/bin:/afs/crc.nd.edu/group/ccl/software/git:/afs/crc.nd.edu/user/n/nkremerh/.local/bin:/afs/crc.nd.edu/group/ccl/software/x86_64/redhat7/povray/3.7/bin:/afs/crc.nd.edu/user/n/nkremerh/.perl5/bin:/afs/crc.nd.edu/user/n/nkremerh/pegasus/bin:/afs/crc.nd.edu/user/n/nkremerh/nodejs/bin:/afs/crc.nd.edu/user/n/nkremerh/montage/bin:/afs/crc.nd.edu/user/n/nkremerh/latexdiff:/afs/crc.nd.edu/user/n/nkremerh/envtrace:/afs/crc.nd.edu/user/n/nkremerh/endlines:/afs/crc.nd.edu/user/n/nkremerh/cctools/bin:/afs/crc.nd.edu/user/n/nkremerh/.cargo/bin:/afs/crc.nd.edu/group/ccl/software/x86_64/redhat7/ruby/current/bin:/afs/crc.nd.edu/group/ccl/software/x86_64/redhat7/graphviz/current/bin:/afs/crc.nd.edu/group/ccl/software/x86_64/redhat7/gnuplot/current/bin:/afs/crc.nd.edu/group/ccl/software/x86_64/redhat7/git/current/bin:/afs/crc.nd.edu/group/ccl/software/x86_64/redhat7/condor/current/sbin:/afs/crc.nd.edu/group/ccl/software/x86_64/redhat7/condor/current/bin:/afs/crc.nd.edu/group/ccl/software/x86_64/redhat7/cmake/current/bin:/afs/crc.nd.edu/group/ccl/software/x86_64/redhat7/clang/current/bin:/afs/crc.nd.edu/group/ccl/software/x86_64/redhat7/condor/current/sbin:/afs/crc.nd.edu/group/ccl/software/x86_64/redhat7/condor/current/bin:/afs/crc.nd.edu/group/ccl/software/x86_64/redhat7/cctools/current/bin:/afs/crc.nd.edu/x86_64_linux/Modules/4.5.0/bin:/opt/crc/usr/local/bin:/opt/sge/bin/lx-amd64:/usr/local/bin:/usr/bin:/usr/local/sbin:/usr/sbin:/afs/crc.nd.edu/user/c/condor/software/bin:/afs/crc.nd.edu/user/c/condor/software/sbin
MAIL=/var/spool/mail/nkremerh
PWD=/var/condor/execute/dir_3816/worker-213124-3912/t.1772
_LMFILES_=/afs/crc.nd.edu/x86_64_linux/Modules/modules/system_modules/CRC_default/1.1
SGE_EXECD_PORT=6445
EDITOR=vim
LANG=en_US.UTF-8
MODULEPATH=/afs/crc.nd.edu/x86_64_linux/Modules/modules/development_tools_and_libraries:/afs/crc.nd.edu/x86_64_linux/Modules/modules/general_software:/afs/crc.nd.edu/x86_64_linux/Modules/modules/restricted_software:/afs/crc.nd.edu/x86_64_linux/Modules/modules/system_modules:/afs/crc.nd.edu/x86_64_linux/Modules/modules/deprecated_software:/afs/crc.nd.edu/x86_64_linux/Modules/current/modulefiles
SGE_QMASTER_PORT=6444
SGE_ROOT=/opt/sge
LOADEDMODULES=CRC_default/1.1
WORK_QUEUE_SANDBOX=/var/condor/execute/dir_3816/worker-213124-3912
_CONDOR_SLOT=slot2_2
CCLPLATFORM=x86_64/redhat7
USE_SYSTEMD=true
_CONDOR_LOWPORT=9100
KRB5CCNAME=FILE:/tmp/krb5cc_213124_6nLDKQ
HISTCONTROL=ignoreboth:erasedups
PATH_modshare=/opt/crc/usr/local/bin:1:/opt/sge/bin/lx-amd64:1:/usr/sbin:1:/usr/bin:1:/afs/crc.nd.edu/user/c/condor/software/sbin:1:/usr/local/sbin:1:/afs/crc.nd.edu/user/c/condor/software/bin:1:/usr/local/bin:1
SHLVL=7
HOME=disc01.crc.nd.edu
GLOBUS_GSSAPI_NAME_COMPATIBILITY=STRICT_RFC2818
_CONDOR_MACHINE_AD=/var/condor/execute/dir_3816/.machine.ad
OSTYPE=linux
DISK=18256
GREP_OPTIONS=--color=auto
GLOBUS_GSSAPI_MIN_TLS_PROTOCOL=TLS1_VERSION
MEMORY=1948
MANPATH_modshare=/usr/share/man/overrides:1:/usr/local/share/man:1:/usr/share/man:1:/opt/crc/usr/local/man:1:/opt/sge/man:1
VENDOR=unknown
BASH_ENV=/afs/crc.nd.edu/x86_64_linux/Modules/4.5.0/init/bash
PERL_LOCAL_LIB_ROOT=/afs/crc.nd.edu/user/n/nkremerh/.perl5/
PYTHONPATH=/afs/crc.nd.edu/user/n/nkremerh/cctools/lib/python3.6/site-packages/
CCLHOME=/afs/crc.nd.edu/group/ccl
MACHTYPE=x86_64
LOGNAME=nkremerh
TMP=/var/condor/execute/dir_3816/worker-213124-3912/t.1772/cctools-temp-t.1772.QuSQ9z
LD_LIBRARY_PATH_modshare=/opt/crc/usr/local/lib:1
MODULES_LMALTNAME_modshare=CRC_default/1.1&CRC_default/default&CRC_default:1
SSH_CONNECTION=10.17.150.200 39500 129.74.128.103 22
MODULESHOME=/afs/crc.nd.edu/x86_64_linux/Modules/4.5.0
OMP_NUM_THREADS=1
LESSOPEN=||/usr/bin/lesspipe.sh %s
GLOBUS_GSSAPI_BACKWARD_COMPATIBLE_MIC=true
GLOBUS_GSSAPI_CIPHERS=HIGH
LOADEDMODULES_modshare=CRC_default/1.1:1
_CONDOR_JOB_AD=/var/condor/execute/dir_3816/.job.ad
_CONDOR_ANCESTOR_3813=3816:1600703217:863843004
SGE_CLUSTER_NAME=CRC
XDG_RUNTIME_DIR=/run/user/213124
CCTOOLS=../cctools
CORES=2
_CONDOR_JOB_IWD=/var/condor/execute/dir_3816
PERL_MM_OPT=INSTALL_BASE=/afs/crc.nd.edu/user/n/nkremerh/.perl5/
_CONDOR_ANCESTOR_3816=3873:1600703219:3055618041
_CONDOR_ANCESTOR_3607=3813:1598183989:3519041155
GLOBUS_GSSAPI_SERVER_CIPHER_ORDER=true
BASH_FUNC_module()=() {  unset _mlshdbg;
 if [ "${MODULES_SILENT_SHELL_DEBUG:-0}" = '1' ]; then
 case "$-" in 
 *v*x*)
 set +vx;
 _mlshdbg='vx'
 ;;
 *v*)
 set +v;
 _mlshdbg='v'
 ;;
 *x*)
 set +x;
 _mlshdbg='x'
 ;;
 *)
 _mlshdbg=''
 ;;
 esac;
 fi;
 unset _mlre _mlIFS;
 if [ -n "${IFS+x}" ]; then
 _mlIFS=$IFS;
 fi;
 IFS=' ';
 for _mlv in ${MODULES_RUN_QUARANTINE:-};
 do
 if [ "${_mlv}" = "${_mlv##*[!A-Za-z0-9_]}" -a "${_mlv}" = "${_mlv#[0-9]}" ]; then
 if [ -n "`eval 'echo ${'$_mlv'+x}'`" ]; then
 _mlre="${_mlre:-}${_mlv}_modquar='`eval 'echo ${'$_mlv'}'`' ";
 fi;
 _mlrv="MODULES_RUNENV_${_mlv}";
 _mlre="${_mlre:-}${_mlv}='`eval 'echo ${'$_mlrv':-}'`' ";
 fi;
 done;
 if [ -n "${_mlre:-}" ]; then
 eval `eval ${_mlre}/usr/bin/tclsh /afs/crc.nd.edu/x86_64_linux/Modules/4.5.0/libexec/modulecmd.tcl bash '"$@"'`;
 else
 eval `/usr/bin/tclsh /afs/crc.nd.edu/x86_64_linux/Modules/4.5.0/libexec/modulecmd.tcl bash "$@"`;
 fi;
 _mlstatus=$?;
 if [ -n "${_mlIFS+x}" ]; then
 IFS=$_mlIFS;
 else
 unset IFS;
 fi;
 unset _mlre _mlv _mlrv _mlIFS;
 if [ -n "${_mlshdbg:-}" ]; then
 set -$_mlshdbg;
 fi;
 unset _mlshdbg;
 return $_mlstatus
}
BASH_FUNC_ml()=() {  module ml "$@"
}
_=/usr/bin/printenv
