29390   0.000000 libjli.so->getenv("_JAVA_LAUNCHER_DEBUG") = nil
29390   0.001247 libjli.so->getenv("_JAVA_VERSION_SET") = nil
29390   0.000446 libjli.so->fopen("/usr/lib/jvm/java-1.8.0-openjdk-1.8.0.262.b10-0.el7_8.x86_64/jre/lib/amd64/jvm.cfg", "r") = 0x55dca12890f0
29390   0.000538 libjli.so->getenv("JDK_ALTERNATE_VM") = nil
29390   0.000206 libjli.so->__xstat(1, "/usr/lib/jvm/java-1.8.0-openjdk-1.8.0.262.b10-0.el7_8.x86_64/jre/lib/amd64/server/libjvm.so", 0x7ffe95cfc100) = 0
29390   0.000409 libjli.so->getenv("LD_LIBRARY_PATH") = "/afs/crc.nd.edu/group/ccl/software/x86_64/redhat7/ruby/current/lib:/afs/crc.nd.edu/group/ccl/software/x86_64/redhat7/graphviz/current/lib:/afs/crc.nd.edu/group/ccl/software/x86_64/redhat7/git/current/lib:/afs/crc.nd.edu/group/ccl/software/x86_64/redhat7/condor/current/lib:/afs/crc.nd.edu/group/ccl/software/x86_64/redhat7/clang/current/lib:/afs/crc.nd.edu/group/ccl/software/x86_64/redhat7/condor/current/lib:/afs/crc.nd.edu/group/ccl/software/x86_64/redhat7/cctools/current/lib:/opt/crc/usr/local/lib"
29390   0.001403 libjli.so->dlopen("/usr/lib/jvm/java-1.8.0-openjdk-1.8.0.262.b10-0.el7_8.x86_64/jre/lib/amd64/server/libjvm.so", 258 <unfinished ...>
29390   0.023866 libjvm.so->getenv("NMT_LEVEL_29390") = nil
29390   0.001166 <... dlopen resumed> )          = 0x55dca12894c0
29390   0.000048 libjli.so->getenv("CLASSPATH")  = nil
29390   0.000202 libjli.so->getenv("_JAVA_SPLASH_JAR") = nil
29390   0.000210 libjli.so->getenv("_JAVA_SPLASH_FILE") = nil
29390   0.000217 libjli.so->pthread_attr_setdetachstate(0x7ffe95cfc0b0, 0, 0x7ffe95cfc140, 0) = 0
29390   0.000351 libpthread.so.0->__clone(0x2aca2b4b7de0, 0x2aca2b3cafc0, 0x3d0f00, 0x2aca2b3cb700) = 0x72cf
29391   0.001272 libjvm.so->dlopen(0x2aca2cc969ae, 1, 0xfffffffffff42c48, 4096) = 0x2aca30000990
29391   0.001610 libjvm.so->getenv(0x2aca2ccb183e, 0, 115, 0x65737361) = 0x7ffe95d016ad
29391   0.000289 libjvm.so->fopen(0x2aca2b3c9c10, 0x2aca2cc4dccb, 0x6f732e79666972, 0x2aca2bd8fab0) = 0x2aca30001440
29391   0.000923 libjvm.so->dlopen(0x2aca2b3c9c10, 1, 0xffffffff, 0x2aca30002b00) = 0x2aca30001440
29391   0.000949 libjvm.so->fopen(0x2aca2b3c9c10, 0x2aca2cc4dccb, 111, 0x732e6176) = 0x2aca30001b10
29391   0.001020 libjvm.so->dlopen(0x2aca2b3c9c10, 1, 0xffffffff, 0x2aca30001a00) = 0x2aca30001b10
29391   0.000994 libjvm.so->__xstat(1, 0x2aca2b3ca360, 0x2aca2b3caba0, 0x746f7073746f682e) = -1
29391   0.000301 libjvm.so->getenv(0x2aca2cc46541, 0x2aca2b3ca6d0, 1024, 0x2aca2d10061b) = 0
29391   0.000304 libjvm.so->getenv(0x2aca2cc46533, 0x2aca2b3ca6d0, 1024, 0) = 0
29391   0.000347 libjvm.so->fopen(0x2aca2cc96315, 0x2aca2cc4dccb, 4095, 0xffffd535d33b9b03) = 0x2aca300032b0
29391   0.000752 libjvm.so->fopen(0x2aca2cc96361, 0x2aca2cc4dccb, 0x2aca30000078, 0x2aca300032a0) = 0x2aca300032b0
29391   0.000472 libjvm.so->fopen(0x2aca2b3c49b0, 0x2aca2cc4dccb, 4014, 3995) = 0x2aca300032b0
29391   0.000433 libjvm.so->opendir(0x2aca30002b40, 0x2aca30002b40, 13, 16) = 0
29391   0.000309 libjvm.so->__xstat(1, 0x2aca2b3c98f0, 0x2aca2b3c8860, 0x6f732e7477616d62) = -1
29391   0.000271 libjvm.so->__xstat(1, 0x2aca2b3c98f0, 0x2aca2b3c8860, 0x5f74776162696c2f) = 0
29391   0.000342 libjvm.so->fopen(0x2aca2b3c8b90, 0x2aca2cc4dccb, 4009, 3994) = 0x2aca30003790
29391   0.000409 libjvm.so->fopen(0x2aca2b3c8b90, 0x2aca2cc4dccb, 4009, 3994) = 0x2aca30003790
29391   0.000395 libjvm.so->fopen(0x2aca2b3c8b90, 0x2aca2cc4dccb, 4009, 4002) = 0x2aca30003790
29391   0.000407 libjvm.so->fopen(0x2aca2b3c8b20, 0x2aca2cc4dccb, 4009, 3994) = 0x2aca30003790
29391   0.000382 libjvm.so->fopen(0x2aca2b3c8b20, 0x2aca2cc4dccb, 4009, 3994) = 0x2aca30003790
29391   0.000394 libjvm.so->fopen(0x2aca2b3c8b20, 0x2aca2cc4dccb, 4009, 4002) = 0x2aca30003790
29391   0.000414 libjvm.so->fopen(0x2aca2b3c8b50, 0x2aca2cc4dccb, 4014, 3995) = 0x2aca30003790
29391   0.000517 libjvm.so->getenv(0x2aca2cc970ff, 4096, 3, -1) = 0
29391   0.000607 libjvm.so->fopen(0x2aca2cc96998, 0x2aca2cc4dccb, 0x2aca2b4ae908, 0x2aca2b4addf0) = 0x2aca30003790
29391   0.003190 libjvm.so->open(0x2aca3004a580, 0x20000, 0, 0x2aca3004a5c9) = 3
29391   0.000308 libjvm.so->__fxstat(1, 3, 0x2aca2b3caa00, -1) = 0
29391   0.000325 libjvm.so->opendir(0x2aca3004a580, 0x2aca2b3caa00, 0x4000, -1) = 0x2aca3004b490
29391   0.000318 libjvm.so->__fxstat(1, 3, 0x2aca2b3ca8a0, 0x2aca3004b490) = 0
29391   0.000301 libjvm.so->__fxstat(1, 5, 0x2aca2b3ca930, -1) = 0
29391   0.000307 libjvm.so->open(0x2aca2cc649dc, 0, 0, 0) = 3
29391   0.000431 libjvm.so->__lxstat(1, 0x2aca3004a580, 0x2aca2b3cab50, -144) = 0
29391   0.000314 libjvm.so->open(0x2aca3004a580, 0x20000, 0x4000, -1) = 3
29391   0.000295 libjvm.so->__fxstat(1, 3, 0x2aca2b3caa00, -1) = 0
29391   0.000290 libjvm.so->opendir(0x2aca3004a580, 0x2aca2b3caa00, 0x4000, -1) = 0x2aca3004b490
29391   0.000294 libjvm.so->__fxstat(1, 3, 0x2aca2b3ca8a0, 0x2aca3004b490) = 0
29391   0.000271 libjvm.so->__fxstat(1, 5, 0x2aca2b3ca930, -1) = 0
29391   0.000288 libjvm.so->open(0x2aca2cc649dc, 0, 0, 0) = 3
29391   0.000300 libjvm.so->open(0x2aca3004a5c9, 0x20042, 384, -1) = 7
29391   0.000429 libjvm.so->__fxstat(1, 7, 0x2aca2b3cab50, -1) = 0
29391   0.001107 libjvm.so->fopen(0x2aca2b3c9b60, 0x2aca2cc4dccb, 4, 0x6f732e70) = 0x2aca30057be0
29391   0.000918 libjvm.so->dlopen(0x2aca2b3c9b60, 1, 0xffffffff, 0x2aca30057b00) = 0x2aca30057be0
29391   0.000964 libjvm.so->__xstat(1, 0x2aca2b3ca120, 0x2aca2b3ca950, 2048) = 0
29391   0.000283 libjvm.so->__xstat(1, 0x2aca2b3ca120, 0x2aca2b3ca950, 2048) = 0
29391   0.000283 libjvm.so->__xstat(1, 0x2aca2b3ca120, 0x2aca2b3ca950, 2048) = -1
29391   0.000279 libjvm.so->__xstat(1, 0x2aca2b3ca120, 0x2aca2b3ca950, 2048) = 0
29391   0.000275 libjvm.so->__xstat(1, 0x2aca2b3ca120, 0x2aca2b3ca950, 2048) = 0
29391   0.000293 libjvm.so->__xstat(1, 0x2aca2b3ca120, 0x2aca2b3ca950, 2048) = 0
29391   0.000311 libjvm.so->__xstat(1, 0x2aca2b3ca120, 0x2aca2b3ca950, 2048) = 0
29391   0.000272 libjvm.so->__xstat(1, 0x2aca2b3ca120, 0x2aca2b3ca950, 2048) = -1
29391   0.000278 libjvm.so->fopen(0x2aca30002520, 0x2aca2cc4dccb, 0, 0) = 0x2aca30058a80
29391   0.006132 libjvm.so->open64(0x2aca2b3c9410, 0, 0, 16) = 3
29391   0.000363 libjvm.so->__fxstat64(1, 3, 0x2aca2b3c9240, -1) = 0
29391   0.023971 libjvm.so->__xstat(1, 0x2aca2b3c9f20, 0x2aca2b3ca750, 2048) = -1
29391   0.000441 libjvm.so->fopen(0x2aca2b3c8b20, 0x2aca2cc4dccb, 4009, 3994) = 0x2aca300b5ec0
29391   0.000482 libjvm.so->fopen(0x2aca2b3c8b20, 0x2aca2cc4dccb, 4009, 3994) = 0x2aca300b5ec0
29391   0.000410 libjvm.so->fopen(0x2aca2b3c8b20, 0x2aca2cc4dccb, 4009, 4002) = 0x2aca300b5ec0
29391   0.002973 libjvm.so->pthread_attr_setdetachstate(0x2aca2b3cac00, 1, 0, 0) = 0
29391   0.000346 libpthread.so.0->__clone(0x2aca2b4b7de0, 0x2aca43d3bfc0, 0x3d0f00, 0x2aca43d3c700) = 0x72d0
29391   0.010290 libjvm.so->pthread_attr_setdetachstate(0x2aca2b3ca290, 1, 0, 0) = 0
29391   0.000488 libpthread.so.0->__clone(0x2aca2b4b7de0, 0x2aca43e3cfc0, 0x3d0f00, 0x2aca43e3d700) = 0x72d1
29391   0.004615 libjvm.so->pthread_attr_setdetachstate(0x2aca2b3ca610, 1, 0, 0) = 0
29391   0.000518 libpthread.so.0->__clone(0x2aca2b4b7de0, 0x2aca43f3dfc0, 0x3d0f00, 0x2aca43f3e700) = 0x72d2
29391   0.026931 libjvm.so->fopen(0x2aca300ec390, 0x2aca2cc4dccb, 4, 0x6f732e70) = 0x2aca300f1cd0
29391   0.001411 libjvm.so->dlopen(0x2aca300ec390, 1, 0xffffffff, 0x2aca300ec200) = 0x2aca30057be0
29391   0.003511 libjvm.so->open64(0x2aca2b3c9510, 0, 0, 16) = 5
29391   0.000619 libjvm.so->__fxstat64(1, 5, 0x2aca2b3c9340, -1) = 0
29391   0.013329 libjvm.so->fopen(0x2aca2b3c6130, 0x2aca2cc4dccb, 4009, 3994) = 0x2aca300fcc60
29391   0.000800 libjvm.so->fopen(0x2aca2b3c6130, 0x2aca2cc4dccb, 4009, 3994) = 0x2aca300fcc60
29391   0.000757 libjvm.so->fopen(0x2aca2b3c6130, 0x2aca2cc4dccb, 4009, 4002) = 0x2aca300fcc60
29391   0.010744 libjvm.so->pthread_attr_setdetachstate(0x2aca2b3cab50, 1, 0, 0) = 0
29391   0.000660 libpthread.so.0->__clone(0x2aca2b4b7de0, 0x2aca56642fc0, 0x3d0f00, 0x2aca56643700) = 0x72d3
29391   0.000954 libjvm.so->__xstat64(1, 0x2aca2b3cabe0, 0x2aca2b3cab50, 19) = -1
29391   0.000790 libjvm.so->pthread_attr_setdetachstate(0x2aca2b3ca950, 1, 0, 0) = 0
29391   0.000699 libpthread.so.0->__clone(0x2aca2b4b7de0, 0x2aca56743fc0, 0x3d0f00, 0x2aca56744700) = 0x72d4
29391   0.001071 libjvm.so->pthread_attr_setdetachstate(0x2aca2b3ca950, 1, 0, 0) = 0
29391   0.000809 libpthread.so.0->__clone(0x2aca2b4b7de0, 0x2aca56844fc0, 0x3d0f00, 0x2aca56845700) = 0x72d5
29391   0.006164 libjvm.so->pthread_attr_setdetachstate(0x2aca2b3caaa0, 1, 0, 0) = 0
29391   0.000921 libpthread.so.0->__clone(0x2aca2b4b7de0, 0x2aca56945fc0, 0x3d0f00, 0x2aca56946700) = 0x72d6
29391   0.001475 libjvm.so->pthread_attr_setdetachstate(0x2aca2b3cabb0, 1, 0, 0) = 0
29391   0.001048 libpthread.so.0->__clone(0x2aca2b4b7de0, 0x2aca56a46fc0, 0x3d0f00, 0x2aca56a47700) = 0x72d7
29391   0.010793 libjvm.so->open64(0x2aca30128880, 0, 0, 0) = 7
29391   0.001172 libjvm.so->__fxstat64(1, 7, 0x2aca2b3c7f60, -1) = 0
29391   0.022222 libjvm.so->fopen(0x2aca30154670, 0x2aca2cc4dccb, 4, 0x6f732e6f) = 0x2aca30154730
29391   0.003130 libjvm.so->dlopen(0x2aca30154670, 1, 0xffffffff, 0x2aca30154600) = 0x2aca30154730
29391   0.134302 libjvm.so->fopen(0x2aca301959b0, 0x2aca2cc4dccb, 4, 0x6f732e74) = 0x2aca30195a70
29391   0.003140 libjvm.so->dlopen(0x2aca301959b0, 1, 0xffffffff, 0x2aca30195a00) = 0x2aca301a5e30
29391   0.154079 libjvm.so->fopen(0x2aca30210f40, 0x2aca2cc4dccb, 0x6f732e7373656c, 0x656c646165685f74) = 0x2aca30210fb0
29391   0.002896 libjvm.so->dlopen(0x2aca30210f40, 1, 0xffffffff, 0x2aca30210100) = 0x2aca30210fb0
29391   0.021683 libjvm.so->fopen(0x2aca2b3c3990, 0x2aca2cc4dccb, 0x6f732e, 0x6d766a62696c2f72) = 0x2aca3021ae20
29391   0.006058 libjvm.so->dlopen(0x2aca2b3c3990, 1, 0xffffffff, 0x2aca3021a400) = 0x55dca12894c0
29391   0.001707 libjvm.so->fopen(0x2aca2b3c3990, 0x2aca2cc4dccb, 0x6f732e, 0x6d766a62696c2f72) = 0x2aca3021adc0
29391   0.005121 libjvm.so->dlopen(0x2aca2b3c3990, 1, 0xffffffff, 0x2aca3021a400) = 0x55dca12894c0
29391   0.001714 libjvm.so->fopen(0x2aca2b3c3990, 0x2aca2cc4dccb, 0x6f732e, 0x6d766a62696c2f72) = 0x2aca3021adc0
29391   0.003542 libjvm.so->dlopen(0x2aca2b3c3990, 1, 0xffffffff, 0x2aca3021a400) = 0x55dca12894c0
29391   0.001636 libjvm.so->fopen(0x2aca2b3c3990, 0x2aca2cc4dccb, 0x6f732e, 0x6d766a62696c2f72) = 0x2aca3021adc0
29391   0.003529 libjvm.so->dlopen(0x2aca2b3c3990, 1, 0xffffffff, 0x2aca3021a400) = 0x55dca12894c0
29391   3.640376 --- SIGSEGV (Segmentation fault) ---
29399   9.531953 +++ exited (status 0) +++
29395   0.000379 +++ exited (status 0) +++
29392   0.000258 +++ exited (status 0) +++
29391   0.000225 +++ exited (status 0) +++
29396   0.000293 +++ exited (status 0) +++
29398   0.000022 +++ exited (status 0) +++
29394   0.000016 +++ exited (status 0) +++
29393   0.000015 +++ exited (status 0) +++
29397   0.021591 +++ exited (status 0) +++
29390   0.000107 +++ exited (status 0) +++
Wrote an ltrace for command: "java -cp ./tools/maxent.jar density.MaxEnt -s outputs/Ostracocoelia_mirabilis_Giglio.csv -e data/layers/worldclim -o outputs/Ostracocoelia_mirabilis_Giglio nowarnings nocache autorun -z" with PID 29388 from PPID 29370 on disc25.crc.nd.edu with result 0
REMOTEHOST=10.17.145.58
MANPATH=/afs/crc.nd.edu/user/n/nkremerh/cctools/share/man/:/afs/crc.nd.edu/group/ccl/software/x86_64/redhat7/ruby/current/share/man:/afs/crc.nd.edu/group/ccl/software/x86_64/redhat7/graphviz/current/share/man:/afs/crc.nd.edu/group/ccl/software/x86_64/redhat7/gnuplot/current/share/man:/afs/crc.nd.edu/group/ccl/software/x86_64/redhat7/git/current/share/man:/afs/crc.nd.edu/group/ccl/software/x86_64/redhat7/condor/current/share/man:/afs/crc.nd.edu/group/ccl/software/x86_64/redhat7/clang/current/share/man:/afs/crc.nd.edu/group/ccl/software/x86_64/redhat7/condor/current/share/man:/afs/crc.nd.edu/group/ccl/software/x86_64/redhat7/cctools/current/share/man:/afs/crc.nd.edu/group/ccl/software/x86_64/redhat7/cctools/current/share/man:/afs/crc.nd.edu/x86_64_linux/Modules/4.5.0/share/man:/opt/crc/usr/local/man:/opt/sge/man:/usr/share/man/overrides:/usr/share/man:/usr/local/share/man
_CONDOR_JOB_PIDS=
XDG_SESSION_ID=3301
HOSTNAME=disc01.crc.nd.edu
_LMFILES__modshare=/afs/crc.nd.edu/x86_64_linux/Modules/modules/system_modules/CRC_default/1.1:1
MODULEPATH_modshare=/afs/crc.nd.edu/x86_64_linux/Modules/modules/general_software:1:/afs/crc.nd.edu/x86_64_linux/Modules/modules/development_tools_and_libraries:1:/afs/crc.nd.edu/x86_64_linux/Modules/modules/system_modules:1:/afs/crc.nd.edu/x86_64_linux/Modules/current/modulefiles:1:/afs/crc.nd.edu/x86_64_linux/Modules/modules/restricted_software:1:/afs/crc.nd.edu/x86_64_linux/Modules/modules/deprecated_software:1
TERM=xterm-256color
SHELL=/bin/tcsh
HOST=disc01.crc.nd.edu
MODULES_CMD=/afs/crc.nd.edu/x86_64_linux/Modules/4.5.0/libexec/modulecmd.tcl
HISTSIZE=5000
MAKEFLAGS=
SSH_CLIENT=10.17.145.58 38176 22
TMPDIR=/var/condor/execute/dir_3432/worker-213124-3506/t.706/cctools-temp-t.706.HWcbsq
PERL5LIB=/afs/crc.nd.edu/user/n/nkremerh/cctools/lib/perl5/site_perl/5.16.3:/afs/crc.nd.edu/user/n/nkremerh/.perl5/lib/perl5
SGE_CELL=crc
_CONDOR_SCRATCH_DIR=/var/condor/execute/dir_3432
PERL_MB_OPT=--install_base '/afs/crc.nd.edu/user/n/nkremerh/.perl5/'
SSH_TTY=/dev/pts/0
SGE_LOAD_AVG=load_avg
MAKEFLOW_MAX_LOCAL_JOBS=2
GROUP=campus
USER=nkremerh
_CHIRP_DELAYED_UPDATE_PREFIX=Chirp*
HISTFILESIZE=10000
TEMP=/var/condor/execute/dir_3432/worker-213124-3506/t.706/cctools-temp-t.706.HWcbsq
LD_LIBRARY_PATH=/afs/crc.nd.edu/group/ccl/software/x86_64/redhat7/ruby/current/lib:/afs/crc.nd.edu/group/ccl/software/x86_64/redhat7/graphviz/current/lib:/afs/crc.nd.edu/group/ccl/software/x86_64/redhat7/git/current/lib:/afs/crc.nd.edu/group/ccl/software/x86_64/redhat7/condor/current/lib:/afs/crc.nd.edu/group/ccl/software/x86_64/redhat7/clang/current/lib:/afs/crc.nd.edu/group/ccl/software/x86_64/redhat7/condor/current/lib:/afs/crc.nd.edu/group/ccl/software/x86_64/redhat7/cctools/current/lib:/opt/crc/usr/local/lib
BATCH_SYSTEM=HTCondor
MODULES_LMALTNAME=CRC_default/1.1&CRC_default/default&CRC_default
ENV=/afs/crc.nd.edu/x86_64_linux/Modules/4.5.0/init/profile.sh
WORKER_TMPDIR=/var/condor/execute/dir_3432/worker-213124-3506/cache/tmp
HOSTTYPE=x86_64-linux
_CONDOR_HIGHPORT=9999
GLOBUS_GSSAPI_MAX_TLS_PROTOCOL=0
_CONDOR_CHIRP_CONFIG=/var/condor/execute/dir_3432/.chirp.config
MAKELEVEL=1
MFLAGS=
MAIL=/var/spool/mail/nkremerh
PATH=/afs/crc.nd.edu/user/n/nkremerh/cctools/bin:/afs/crc.nd.edu/user/n/nkremerh/miniconda/bin:/afs/crc.nd.edu/group/ccl/software/git:/afs/crc.nd.edu/user/n/nkremerh/.local/bin:/afs/crc.nd.edu/group/ccl/software/x86_64/redhat7/povray/3.7/bin:/afs/crc.nd.edu/user/n/nkremerh/.perl5/bin:/afs/crc.nd.edu/user/n/nkremerh/pegasus/bin:/afs/crc.nd.edu/user/n/nkremerh/nodejs/bin:/afs/crc.nd.edu/user/n/nkremerh/montage/bin:/afs/crc.nd.edu/user/n/nkremerh/latexdiff:/afs/crc.nd.edu/user/n/nkremerh/envtrace:/afs/crc.nd.edu/user/n/nkremerh/endlines:/afs/crc.nd.edu/user/n/nkremerh/cctools/bin:/afs/crc.nd.edu/user/n/nkremerh/.cargo/bin:/afs/crc.nd.edu/group/ccl/software/x86_64/redhat7/ruby/current/bin:/afs/crc.nd.edu/group/ccl/software/x86_64/redhat7/graphviz/current/bin:/afs/crc.nd.edu/group/ccl/software/x86_64/redhat7/gnuplot/current/bin:/afs/crc.nd.edu/group/ccl/software/x86_64/redhat7/git/current/bin:/afs/crc.nd.edu/group/ccl/software/x86_64/redhat7/condor/current/sbin:/afs/crc.nd.edu/group/ccl/software/x86_64/redhat7/condor/current/bin:/afs/crc.nd.edu/group/ccl/software/x86_64/redhat7/cmake/current/bin:/afs/crc.nd.edu/group/ccl/software/x86_64/redhat7/clang/current/bin:/afs/crc.nd.edu/group/ccl/software/x86_64/redhat7/condor/current/sbin:/afs/crc.nd.edu/group/ccl/software/x86_64/redhat7/condor/current/bin:/afs/crc.nd.edu/group/ccl/software/x86_64/redhat7/cctools/current/bin:/afs/crc.nd.edu/x86_64_linux/Modules/4.5.0/bin:/opt/crc/usr/local/bin:/opt/sge/bin/lx-amd64:/usr/local/bin:/usr/bin:/usr/local/sbin:/usr/sbin:/afs/crc.nd.edu/user/c/condor/software/bin:/afs/crc.nd.edu/user/c/condor/software/sbin
CCLSOFTWARE=/afs/crc.nd.edu/group/ccl/software/x86_64/redhat7
PWD=/var/condor/execute/dir_3432/worker-213124-3506/t.706
_LMFILES_=/afs/crc.nd.edu/x86_64_linux/Modules/modules/system_modules/CRC_default/1.1
EDITOR=vim
SGE_EXECD_PORT=6445
LANG=en_US.UTF-8
SGE_QMASTER_PORT=6444
MODULEPATH=/afs/crc.nd.edu/x86_64_linux/Modules/modules/development_tools_and_libraries:/afs/crc.nd.edu/x86_64_linux/Modules/modules/general_software:/afs/crc.nd.edu/x86_64_linux/Modules/modules/restricted_software:/afs/crc.nd.edu/x86_64_linux/Modules/modules/system_modules:/afs/crc.nd.edu/x86_64_linux/Modules/modules/deprecated_software:/afs/crc.nd.edu/x86_64_linux/Modules/current/modulefiles
LOADEDMODULES=CRC_default/1.1
SGE_ROOT=/opt/sge
CCLPLATFORM=x86_64/redhat7
_CONDOR_SLOT=slot2_1
WORK_QUEUE_SANDBOX=/var/condor/execute/dir_3432/worker-213124-3506
USE_SYSTEMD=true
_CONDOR_LOWPORT=9100
_CONDOR_ANCESTOR_4261=3432:1594946670:4145456537
HISTCONTROL=ignoreboth:erasedups
KRB5CCNAME=FILE:/tmp/krb5cc_213124_0wTNSp
GLOBUS_GSSAPI_NAME_COMPATIBILITY=STRICT_RFC2818
HOME=/afs/crc.nd.edu/user/n/nkremerh
SHLVL=6
PATH_modshare=/opt/crc/usr/local/bin:1:/opt/sge/bin/lx-amd64:1:/usr/sbin:1:/usr/bin:1:/afs/crc.nd.edu/user/c/condor/software/sbin:1:/usr/local/sbin:1:/afs/crc.nd.edu/user/c/condor/software/bin:1:/usr/local/bin:1
OSTYPE=linux
_CONDOR_MACHINE_AD=/var/condor/execute/dir_3432/.machine.ad
_CONDOR_ANCESTOR_3989=4261:1593343483:4184216969
GREP_OPTIONS=--color=auto
DISK=18236
GLOBUS_GSSAPI_MIN_TLS_PROTOCOL=TLS1_VERSION
MANPATH_modshare=/usr/share/man/overrides:1:/usr/local/share/man:1:/usr/share/man:1:/opt/crc/usr/local/man:1:/opt/sge/man:1
MEMORY=1948
PERL_LOCAL_LIB_ROOT=/afs/crc.nd.edu/user/n/nkremerh/.perl5/
BASH_ENV=/afs/crc.nd.edu/x86_64_linux/Modules/4.5.0/init/bash
VENDOR=unknown
TMP=/var/condor/execute/dir_3432/worker-213124-3506/t.706/cctools-temp-t.706.HWcbsq
LOGNAME=nkremerh
MACHTYPE=x86_64
CCLHOME=/afs/crc.nd.edu/group/ccl
PYTHONPATH=/afs/crc.nd.edu/user/n/nkremerh/cctools/lib/python3.6/site-packages/
LD_LIBRARY_PATH_modshare=/opt/crc/usr/local/lib:1
SSH_CONNECTION=10.17.145.58 38176 129.74.128.103 22
MODULES_LMALTNAME_modshare=CRC_default/1.1&CRC_default/default&CRC_default:1
_CONDOR_ANCESTOR_3432=3449:1594946671:1383377506
MODULESHOME=/afs/crc.nd.edu/x86_64_linux/Modules/4.5.0
GLOBUS_GSSAPI_CIPHERS=HIGH
GLOBUS_GSSAPI_BACKWARD_COMPATIBLE_MIC=true
LESSOPEN=||/usr/bin/lesspipe.sh %s
OMP_NUM_THREADS=1
_CONDOR_JOB_AD=/var/condor/execute/dir_3432/.job.ad
LOADEDMODULES_modshare=CRC_default/1.1:1
XDG_RUNTIME_DIR=/run/user/213124
SGE_CLUSTER_NAME=CRC
CCTOOLS=../cctools
CORES=1
_CONDOR_JOB_IWD=/var/condor/execute/dir_3432
PERL_MM_OPT=INSTALL_BASE=/afs/crc.nd.edu/user/n/nkremerh/.perl5/
GLOBUS_GSSAPI_SERVER_CIPHER_ORDER=true
BASH_FUNC_module()=() {  unset _mlshdbg;
 if [ "${MODULES_SILENT_SHELL_DEBUG:-0}" = '1' ]; then
 case "$-" in 
 *v*x*)
 set +vx;
 _mlshdbg='vx'
 ;;
 *v*)
 set +v;
 _mlshdbg='v'
 ;;
 *x*)
 set +x;
 _mlshdbg='x'
 ;;
 *)
 _mlshdbg=''
 ;;
 esac;
 fi;
 unset _mlre _mlIFS;
 if [ -n "${IFS+x}" ]; then
 _mlIFS=$IFS;
 fi;
 IFS=' ';
 for _mlv in ${MODULES_RUN_QUARANTINE:-};
 do
 if [ "${_mlv}" = "${_mlv##*[!A-Za-z0-9_]}" -a "${_mlv}" = "${_mlv#[0-9]}" ]; then
 if [ -n "`eval 'echo ${'$_mlv'+x}'`" ]; then
 _mlre="${_mlre:-}${_mlv}_modquar='`eval 'echo ${'$_mlv'}'`' ";
 fi;
 _mlrv="MODULES_RUNENV_${_mlv}";
 _mlre="${_mlre:-}${_mlv}='`eval 'echo ${'$_mlrv':-}'`' ";
 fi;
 done;
 if [ -n "${_mlre:-}" ]; then
 eval `eval ${_mlre}/usr/bin/tclsh /afs/crc.nd.edu/x86_64_linux/Modules/4.5.0/libexec/modulecmd.tcl bash '"$@"'`;
 else
 eval `/usr/bin/tclsh /afs/crc.nd.edu/x86_64_linux/Modules/4.5.0/libexec/modulecmd.tcl bash "$@"`;
 fi;
 _mlstatus=$?;
 if [ -n "${_mlIFS+x}" ]; then
 IFS=$_mlIFS;
 else
 unset IFS;
 fi;
 unset _mlre _mlv _mlrv _mlIFS;
 if [ -n "${_mlshdbg:-}" ]; then
 set -$_mlshdbg;
 fi;
 unset _mlshdbg;
 return $_mlstatus
}
BASH_FUNC_ml()=() {  module ml "$@"
}
_=/usr/bin/printenv
