17140   0.000000 libjli.so->getenv("_JAVA_LAUNCHER_DEBUG") = nil
17140   0.001782 libjli.so->getenv("_JAVA_VERSION_SET") = nil
17140   0.000757 libjli.so->fopen("/usr/lib/jvm/java-1.8.0-openjdk-1.8.0.262.b10-0.el7_8.x86_64/jre/lib/amd64/jvm.cfg", "r") = 0x55d1ebe840e0
17140   0.000898 libjli.so->getenv("JDK_ALTERNATE_VM") = nil
17140   0.000384 libjli.so->__xstat(1, "/usr/lib/jvm/java-1.8.0-openjdk-1.8.0.262.b10-0.el7_8.x86_64/jre/lib/amd64/server/libjvm.so", 0x7ffed761dd20) = 0
17140   0.000611 libjli.so->getenv("LD_LIBRARY_PATH") = "/afs/crc.nd.edu/group/ccl/software/x86_64/redhat7/ruby/current/lib:/afs/crc.nd.edu/group/ccl/software/x86_64/redhat7/graphviz/current/lib:/afs/crc.nd.edu/group/ccl/software/x86_64/redhat7/git/current/lib:/afs/crc.nd.edu/group/ccl/software/x86_64/redhat7/condor/current/lib:/afs/crc.nd.edu/group/ccl/software/x86_64/redhat7/clang/current/lib:/afs/crc.nd.edu/group/ccl/software/x86_64/redhat7/condor/current/lib:/afs/crc.nd.edu/group/ccl/software/x86_64/redhat7/cctools/current/lib:/opt/crc/usr/local/lib"
17140   0.002291 libjli.so->dlopen("/usr/lib/jvm/java-1.8.0-openjdk-1.8.0.262.b10-0.el7_8.x86_64/jre/lib/amd64/server/libjvm.so", 258 <unfinished ...>
17140   0.038159 libjvm.so->getenv("NMT_LEVEL_17140") = nil
17140   0.001648 <... dlopen resumed> )          = 0x55d1ebe844b0
17140   0.000075 libjli.so->getenv("CLASSPATH")  = nil
17140   0.000332 libjli.so->getenv("_JAVA_SPLASH_JAR") = nil
17140   0.000348 libjli.so->getenv("_JAVA_SPLASH_FILE") = nil
17140   0.000341 libjli.so->pthread_attr_setdetachstate(0x7ffed761dcd0, 0, 0x7ffed761dd60, 0) = 0
17140   0.000428 libpthread.so.0->__clone(0x2b26c0546de0, 0x2b26c0459fc0, 0x3d0f00, 0x2b26c045a700) = 0x42f9
17145   0.002206 libjvm.so->dlopen(0x2b26c1d259ae, 1, 0xfffffffffff42c48, 4096) = 0x2b26c4000990
17145   0.002754 libjvm.so->getenv(0x2b26c1d4083e, 0, 115, 0x65737361) = 0x7ffed76246c2
17145   0.000443 libjvm.so->fopen(0x2b26c0458c10, 0x2b26c1cdcccb, 0x6f732e79666972, 0x2b26c0e1eab0) = 0x2b26c4001440
17145   0.001553 libjvm.so->dlopen(0x2b26c0458c10, 1, 0xffffffff, 0x2b26c4002b00) = 0x2b26c4001440
17145   0.001432 libjvm.so->fopen(0x2b26c0458c10, 0x2b26c1cdcccb, 111, 0x732e6176) = 0x2b26c4001b10
17145   0.001828 libjvm.so->dlopen(0x2b26c0458c10, 1, 0xffffffff, 0x2b26c4001a00) = 0x2b26c4001b10
17145   0.001521 libjvm.so->__xstat(1, 0x2b26c0459360, 0x2b26c0459ba0, 0x746f7073746f682e) = -1
17145   0.000543 libjvm.so->getenv(0x2b26c1cd5541, 0x2b26c04596d0, 1024, 0x2b26c218f61b) = 0
17145   0.000456 libjvm.so->getenv(0x2b26c1cd5533, 0x2b26c04596d0, 1024, 0) = 0
17145   0.000464 libjvm.so->fopen(0x2b26c1d25315, 0x2b26c1cdcccb, 4095, 0xffffd4d93e32ab03) = 0x2b26c40032d0
17145   0.001188 libjvm.so->fopen(0x2b26c1d25361, 0x2b26c1cdcccb, 0x2b26c4000078, 0x2b26c40032c0) = 0x2b26c40032d0
17145   0.000658 libjvm.so->fopen(0x2b26c04539b0, 0x2b26c1cdcccb, 4016, 3997) = 0x2b26c40032d0
17145   0.000570 libjvm.so->opendir(0x2b26c4002b40, 0x2b26c4002b40, 13, 16) = 0
17145   0.000416 libjvm.so->__xstat(1, 0x2b26c04588f0, 0x2b26c0457860, 0x6f732e7477616d62) = -1
17145   0.000403 libjvm.so->__xstat(1, 0x2b26c04588f0, 0x2b26c0457860, 0x5f74776162696c2f) = 0
17145   0.000467 libjvm.so->fopen(0x2b26c0457b90, 0x2b26c1cdcccb, 4011, 3996) = 0x2b26c40037b0
17145   0.000538 libjvm.so->fopen(0x2b26c0457b90, 0x2b26c1cdcccb, 4011, 3996) = 0x2b26c40037b0
17145   0.000525 libjvm.so->fopen(0x2b26c0457b90, 0x2b26c1cdcccb, 4011, 4004) = 0x2b26c40037b0
17145   0.000532 libjvm.so->fopen(0x2b26c0457b20, 0x2b26c1cdcccb, 4011, 3996) = 0x2b26c40037b0
17145   0.000516 libjvm.so->fopen(0x2b26c0457b20, 0x2b26c1cdcccb, 4011, 3996) = 0x2b26c40037b0
17145   0.000501 libjvm.so->fopen(0x2b26c0457b20, 0x2b26c1cdcccb, 4011, 4004) = 0x2b26c40037b0
17145   0.000537 libjvm.so->fopen(0x2b26c0457b50, 0x2b26c1cdcccb, 4016, 3997) = 0x2b26c40037b0
17145   0.000788 libjvm.so->getenv(0x2b26c1d260ff, 4096, 3, -1) = 0
17145   0.001091 libjvm.so->fopen(0x2b26c1d25998, 0x2b26c1cdcccb, 0x2b26c053d908, 0x2b26c053cdf0) = 0x2b26c40037b0
17145   0.004987 libjvm.so->open(0x2b26c404a5a0, 0x20000, 0, 0x2b26c404a5e9) = 3
17145   0.000502 libjvm.so->__fxstat(1, 3, 0x2b26c0459a00, -1) = 0
17145   0.000537 libjvm.so->opendir(0x2b26c404a5a0, 0x2b26c0459a00, 0x4000, -1) = 0x2b26c404b4b0
17145   0.000525 libjvm.so->__fxstat(1, 3, 0x2b26c04598a0, 0x2b26c404b4b0) = 0
17145   0.000508 libjvm.so->__fxstat(1, 5, 0x2b26c0459930, -1) = 0
17145   0.000468 libjvm.so->open(0x2b26c1cf39dc, 0, 0, 0) = 3
17145   0.001494 libjvm.so->__lxstat(1, 0x2b26c404a5a0, 0x2b26c0459b50, -144) = 0
17145   0.000447 libjvm.so->open(0x2b26c404a5a0, 0x20000, 0x4000, -1) = 3
17145   0.000424 libjvm.so->__fxstat(1, 3, 0x2b26c0459a00, -1) = 0
17145   0.000426 libjvm.so->opendir(0x2b26c404a5a0, 0x2b26c0459a00, 0x4000, -1) = 0x2b26c404b4b0
17145   0.000431 libjvm.so->__fxstat(1, 3, 0x2b26c04598a0, 0x2b26c404b4b0) = 0
17145   0.000383 libjvm.so->__fxstat(1, 5, 0x2b26c0459930, -1) = 0
17145   0.000543 libjvm.so->open(0x2b26c1cf39dc, 0, 0, 0) = 3
17145   0.000472 libjvm.so->open(0x2b26c404a5e9, 0x20042, 384, -1) = 7
17145   0.000719 libjvm.so->__fxstat(1, 7, 0x2b26c0459b50, -1) = 0
17145   0.001936 libjvm.so->fopen(0x2b26c0458b60, 0x2b26c1cdcccb, 4, 0x6f732e70) = 0x2b26c4057c00
17145   0.001650 libjvm.so->dlopen(0x2b26c0458b60, 1, 0xffffffff, 0x2b26c4057b00) = 0x2b26c4057c00
17145   0.001626 libjvm.so->__xstat(1, 0x2b26c0459120, 0x2b26c0459950, 2048) = 0
17145   0.000461 libjvm.so->__xstat(1, 0x2b26c0459120, 0x2b26c0459950, 2048) = 0
17145   0.000405 libjvm.so->__xstat(1, 0x2b26c0459120, 0x2b26c0459950, 2048) = -1
17145   0.000383 libjvm.so->__xstat(1, 0x2b26c0459120, 0x2b26c0459950, 2048) = 0
17145   0.000791 libjvm.so->__xstat(1, 0x2b26c0459120, 0x2b26c0459950, 2048) = 0
17145   0.000502 libjvm.so->__xstat(1, 0x2b26c0459120, 0x2b26c0459950, 2048) = 0
17145   0.000522 libjvm.so->__xstat(1, 0x2b26c0459120, 0x2b26c0459950, 2048) = 0
17145   0.000529 libjvm.so->__xstat(1, 0x2b26c0459120, 0x2b26c0459950, 2048) = -1
17145   0.000522 libjvm.so->fopen(0x2b26c4002520, 0x2b26c1cdcccb, 0, 0) = 0x2b26c4058aa0
17145   0.008930 libjvm.so->open64(0x2b26c0458410, 0, 0, 16) = 3
17145   0.000490 libjvm.so->__fxstat64(1, 3, 0x2b26c0458240, -1) = 0
17145   0.039504 libjvm.so->__xstat(1, 0x2b26c0458f20, 0x2b26c0459750, 2048) = -1
17145   0.000674 libjvm.so->fopen(0x2b26c0457b20, 0x2b26c1cdcccb, 4011, 3996) = 0x2b26c40b1fb0
17145   0.000640 libjvm.so->fopen(0x2b26c0457b20, 0x2b26c1cdcccb, 4011, 3996) = 0x2b26c40b1fb0
17145   0.000762 libjvm.so->fopen(0x2b26c0457b20, 0x2b26c1cdcccb, 4011, 4004) = 0x2b26c40b1fb0
17145   0.004200 libjvm.so->pthread_attr_setdetachstate(0x2b26c0459c00, 1, 0, 0) = 0
17145   0.000588 libpthread.so.0->__clone(0x2b26c0546de0, 0x2b26c3bbefc0, 0x3d0f00, 0x2b26c3bbf700) = 0x42fa
17145   0.016016 libjvm.so->pthread_attr_setdetachstate(0x2b26c0459290, 1, 0, 0) = 0
17145   0.000625 libpthread.so.0->__clone(0x2b26c0546de0, 0x2b26c3cbffc0, 0x3d0f00, 0x2b26c3cc0700) = 0x42fb
17145   0.007091 libjvm.so->pthread_attr_setdetachstate(0x2b26c0459610, 1, 0, 0) = 0
17145   0.000834 libpthread.so.0->__clone(0x2b26c0546de0, 0x2b26c3dc0fc0, 0x3d0f00, 0x2b26c3dc1700) = 0x42fc
17145   0.038496 libjvm.so->fopen(0x2b26c40f17f0, 0x2b26c1cdcccb, 4, 0x6f732e70) = 0x2b26c40f1cf0
17145   0.001867 libjvm.so->dlopen(0x2b26c40f17f0, 1, 0xffffffff, 0x2b26c40e8c00) = 0x2b26c4057c00
17145   0.004518 libjvm.so->open64(0x2b26c0458510, 0, 0, 16) = 5
17145   0.000796 libjvm.so->__fxstat64(1, 5, 0x2b26c0458340, -1) = 0
17145   0.017329 libjvm.so->fopen(0x2b26c0455130, 0x2b26c1cdcccb, 4011, 3996) = 0x2b26c40fccc0
17145   0.001088 libjvm.so->fopen(0x2b26c0455130, 0x2b26c1cdcccb, 4011, 3996) = 0x2b26c40fccc0
17145   0.000964 libjvm.so->fopen(0x2b26c0455130, 0x2b26c1cdcccb, 4011, 4004) = 0x2b26c40fccc0
17145   0.013516 libjvm.so->pthread_attr_setdetachstate(0x2b26c0459b50, 1, 0, 0) = 0
17145   0.001016 libpthread.so.0->__clone(0x2b26c0546de0, 0x2b26c3ec1fc0, 0x3d0f00, 0x2b26c3ec2700) = 0x42fe
17145   0.001347 libjvm.so->__xstat64(1, 0x2b26c0459be0, 0x2b26c0459b50, 19) = -1
17145   0.001045 libjvm.so->pthread_attr_setdetachstate(0x2b26c0459950, 1, 0, 0) = 0
17145   0.000968 libpthread.so.0->__clone(0x2b26c0546de0, 0x2b26c3fc2fc0, 0x3d0f00, 0x2b26c3fc3700) = 0x42ff
17145   0.001551 libjvm.so->pthread_attr_setdetachstate(0x2b26c0459950, 1, 0, 0) = 0
17145   0.001134 libpthread.so.0->__clone(0x2b26c0546de0, 0x2b26d930bfc0, 0x3d0f00, 0x2b26d930c700) = 0x4300
17145   0.007191 libjvm.so->pthread_attr_setdetachstate(0x2b26c0459aa0, 1, 0, 0) = 0
17145   0.001294 libpthread.so.0->__clone(0x2b26c0546de0, 0x2b26d940cfc0, 0x3d0f00, 0x2b26d940d700) = 0x4301
17145   0.002019 libjvm.so->pthread_attr_setdetachstate(0x2b26c0459bb0, 1, 0, 0) = 0
17145   0.001423 libpthread.so.0->__clone(0x2b26c0546de0, 0x2b26d950dfc0, 0x3d0f00, 0x2b26d950e700) = 0x4302
17145   0.013505 libjvm.so->open64(0x2b26c4128890, 0, 0, 16) = 7
17145   0.001579 libjvm.so->__fxstat64(1, 7, 0x2b26c0456f60, -1) = 0
17145   0.023421 libjvm.so->fopen(0x2b26c41546e0, 0x2b26c1cdcccb, 4, 0x6f732e6f) = 0x2b26c41547a0
17145   0.003118 libjvm.so->dlopen(0x2b26c41546e0, 1, 0xffffffff, 0x2b26c4154700) = 0x2b26c41547a0
17152   0.040776 --- SIGSEGV (Segmentation fault) ---
17145   0.050021 libjvm.so->fopen(0x2b26c0453e40, 0x2b26c1cdcccb, 0x6f732e, 0x6d766a62696c2f72) = 0x2b26c416c6f0
17145   0.006071 libjvm.so->dlopen(0x2b26c0453e40, 1, 0xffffffff, 0x2b26c416c600) = 0x55d1ebe844b0
17145   0.001718 libjvm.so->fopen(0x2b26c0453e40, 0x2b26c1cdcccb, 0x6f732e, 0x6d766a62696c2f72) = 0x2b26c416cb60
17145   0.004788 libjvm.so->dlopen(0x2b26c0453e40, 1, 0xffffffff, 0x2b26c416c600) = 0x55d1ebe844b0
17145   0.001649 libjvm.so->fopen(0x2b26c0453e40, 0x2b26c1cdcccb, 0x6f732e, 0x6d766a62696c2f72) = 0x2b26c416c790
17145   0.003324 libjvm.so->dlopen(0x2b26c0453e40, 1, 0xffffffff, 0x2b26c416c600) = 0x55d1ebe844b0
17145   0.001650 libjvm.so->fopen(0x2b26c0453e40, 0x2b26c1cdcccb, 0x6f732e, 0x6d766a62696c2f72) = 0x2b26c416c790
17145   0.003348 libjvm.so->dlopen(0x2b26c0453e40, 1, 0xffffffff, 0x2b26c416c600) = 0x55d1ebe844b0
17145   0.048463 libjvm.so->fopen(0x2b26c41abe90, 0x2b26c1cdcccb, 4, 0x6f732e74) = 0x2b26c41b5430
17145   0.003578 libjvm.so->dlopen(0x2b26c41abe90, 1, 0xffffffff, 0x2b26c419d200) = 0x2b26c41b5430
17145   0.143947 libjvm.so->fopen(0x2b26c42207b0, 0x2b26c1cdcccb, 0x6f732e7373656c, 0x656c646165685f74) = 0x2b26c4220890
17145   0.003065 libjvm.so->dlopen(0x2b26c42207b0, 1, 0xffffffff, 0x2b26c4220800) = 0x2b26c4220890
17154   0.039656 +++ exited (status 0) +++
17150   0.000345 +++ exited (status 0) +++
17146   0.001434 +++ exited (status 0) +++
17145   0.000233 +++ exited (status 0) +++
17153   0.000298 +++ exited (status 1) +++
17152   0.000021 +++ exited (status 1) +++
17148   0.000016 +++ exited (status 1) +++
17147   0.000014 +++ exited (status 1) +++
17151   0.027342 +++ exited (status 1) +++
17140   0.000052 +++ exited (status 1) +++
Wrote an ltrace for command: "java -cp ./tools/maxent.jar density.Project outputs/Metriophasma_iphicles/Metriophasma_iphicles.lambdas data/layers/worldclim outputs/Metriophasma_iphicles_worldclim.asc nowarnings nocache autorun -z" with PID 17137 from PPID 17121 on disc20.crc.nd.edu with result 1
REMOTEHOST=10.17.150.200
_CONDOR_JOB_PIDS=
MANPATH=/afs/crc.nd.edu/user/n/nkremerh/cctools/share/man/:/afs/crc.nd.edu/group/ccl/software/x86_64/redhat7/ruby/current/share/man:/afs/crc.nd.edu/group/ccl/software/x86_64/redhat7/graphviz/current/share/man:/afs/crc.nd.edu/group/ccl/software/x86_64/redhat7/gnuplot/current/share/man:/afs/crc.nd.edu/group/ccl/software/x86_64/redhat7/git/current/share/man:/afs/crc.nd.edu/group/ccl/software/x86_64/redhat7/condor/current/share/man:/afs/crc.nd.edu/group/ccl/software/x86_64/redhat7/clang/current/share/man:/afs/crc.nd.edu/group/ccl/software/x86_64/redhat7/condor/current/share/man:/afs/crc.nd.edu/group/ccl/software/x86_64/redhat7/cctools/current/share/man:/afs/crc.nd.edu/group/ccl/software/x86_64/redhat7/cctools/current/share/man:/afs/crc.nd.edu/x86_64_linux/Modules/4.5.0/share/man:/opt/crc/usr/local/man:/opt/sge/man:/usr/share/man/overrides:/usr/share/man:/usr/local/share/man
XDG_SESSION_ID=5195
HOSTNAME=disc01.crc.nd.edu
_LMFILES__modshare=/afs/crc.nd.edu/x86_64_linux/Modules/modules/system_modules/CRC_default/1.1:1
_CONDOR_ANCESTOR_3560=6161:1600703217:3669882797
MODULEPATH_modshare=/afs/crc.nd.edu/x86_64_linux/Modules/modules/general_software:1:/afs/crc.nd.edu/x86_64_linux/Modules/modules/development_tools_and_libraries:1:/afs/crc.nd.edu/x86_64_linux/Modules/modules/system_modules:1:/afs/crc.nd.edu/x86_64_linux/Modules/current/modulefiles:1:/afs/crc.nd.edu/x86_64_linux/Modules/modules/restricted_software:1:/afs/crc.nd.edu/x86_64_linux/Modules/modules/deprecated_software:1
MODULES_CMD=/afs/crc.nd.edu/x86_64_linux/Modules/4.5.0/libexec/modulecmd.tcl
HOST=disc01.crc.nd.edu
SHELL=/bin/tcsh
TERM=xterm-256color
MAKEFLAGS=
HISTSIZE=5000
TMPDIR=/var/condor/execute/dir_6161/worker-213124-6210/t.1263/cctools-temp-t.1263.ZUSov5
SSH_CLIENT=10.17.150.200 39500 22
PERL5LIB=/afs/crc.nd.edu/user/n/nkremerh/cctools/lib/perl5/site_perl/5.16.3:/afs/crc.nd.edu/user/n/nkremerh/.perl5/lib/perl5
SGE_CELL=crc
_CONDOR_ANCESTOR_3197=3560:1598183979:2962516177
_CONDOR_SCRATCH_DIR=/var/condor/execute/dir_6161
PERL_MB_OPT=--install_base '/afs/crc.nd.edu/user/n/nkremerh/.perl5/'
SSH_TTY=/dev/pts/0
SGE_LOAD_AVG=load_avg
MAKEFLOW_MAX_LOCAL_JOBS=2
HISTFILESIZE=10000
_CHIRP_DELAYED_UPDATE_PREFIX=Chirp*
USER=nkremerh
GROUP=campus
LD_LIBRARY_PATH=/afs/crc.nd.edu/group/ccl/software/x86_64/redhat7/ruby/current/lib:/afs/crc.nd.edu/group/ccl/software/x86_64/redhat7/graphviz/current/lib:/afs/crc.nd.edu/group/ccl/software/x86_64/redhat7/git/current/lib:/afs/crc.nd.edu/group/ccl/software/x86_64/redhat7/condor/current/lib:/afs/crc.nd.edu/group/ccl/software/x86_64/redhat7/clang/current/lib:/afs/crc.nd.edu/group/ccl/software/x86_64/redhat7/condor/current/lib:/afs/crc.nd.edu/group/ccl/software/x86_64/redhat7/cctools/current/lib:/opt/crc/usr/local/lib
TEMP=/var/condor/execute/dir_6161/worker-213124-6210/t.1263/cctools-temp-t.1263.ZUSov5
BATCH_SYSTEM=HTCondor
WORKER_TMPDIR=/var/condor/execute/dir_6161/worker-213124-6210/cache/tmp
ENV=/afs/crc.nd.edu/x86_64_linux/Modules/4.5.0/init/profile.sh
MODULES_LMALTNAME=CRC_default/1.1&CRC_default/default&CRC_default
_CONDOR_CHIRP_CONFIG=/var/condor/execute/dir_6161/.chirp.config
GLOBUS_GSSAPI_MAX_TLS_PROTOCOL=0
_CONDOR_HIGHPORT=9999
HOSTTYPE=x86_64-linux
MAKELEVEL=1
MFLAGS=
CCLSOFTWARE=/afs/crc.nd.edu/group/ccl/software/x86_64/redhat7
PATH=/afs/crc.nd.edu/user/n/nkremerh/cctools/bin:/afs/crc.nd.edu/user/n/nkremerh/miniconda/bin:/afs/crc.nd.edu/group/ccl/software/git:/afs/crc.nd.edu/user/n/nkremerh/.local/bin:/afs/crc.nd.edu/group/ccl/software/x86_64/redhat7/povray/3.7/bin:/afs/crc.nd.edu/user/n/nkremerh/.perl5/bin:/afs/crc.nd.edu/user/n/nkremerh/pegasus/bin:/afs/crc.nd.edu/user/n/nkremerh/nodejs/bin:/afs/crc.nd.edu/user/n/nkremerh/montage/bin:/afs/crc.nd.edu/user/n/nkremerh/latexdiff:/afs/crc.nd.edu/user/n/nkremerh/envtrace:/afs/crc.nd.edu/user/n/nkremerh/endlines:/afs/crc.nd.edu/user/n/nkremerh/cctools/bin:/afs/crc.nd.edu/user/n/nkremerh/.cargo/bin:/afs/crc.nd.edu/group/ccl/software/x86_64/redhat7/ruby/current/bin:/afs/crc.nd.edu/group/ccl/software/x86_64/redhat7/graphviz/current/bin:/afs/crc.nd.edu/group/ccl/software/x86_64/redhat7/gnuplot/current/bin:/afs/crc.nd.edu/group/ccl/software/x86_64/redhat7/git/current/bin:/afs/crc.nd.edu/group/ccl/software/x86_64/redhat7/condor/current/sbin:/afs/crc.nd.edu/group/ccl/software/x86_64/redhat7/condor/current/bin:/afs/crc.nd.edu/group/ccl/software/x86_64/redhat7/cmake/current/bin:/afs/crc.nd.edu/group/ccl/software/x86_64/redhat7/clang/current/bin:/afs/crc.nd.edu/group/ccl/software/x86_64/redhat7/condor/current/sbin:/afs/crc.nd.edu/group/ccl/software/x86_64/redhat7/condor/current/bin:/afs/crc.nd.edu/group/ccl/software/x86_64/redhat7/cctools/current/bin:/afs/crc.nd.edu/x86_64_linux/Modules/4.5.0/bin:/opt/crc/usr/local/bin:/opt/sge/bin/lx-amd64:/usr/local/bin:/usr/bin:/usr/local/sbin:/usr/sbin:/afs/crc.nd.edu/user/c/condor/software/bin:/afs/crc.nd.edu/user/c/condor/software/sbin
MAIL=/var/spool/mail/nkremerh
PWD=/var/condor/execute/dir_6161/worker-213124-6210/t.1263
_LMFILES_=/afs/crc.nd.edu/x86_64_linux/Modules/modules/system_modules/CRC_default/1.1
SGE_EXECD_PORT=6445
EDITOR=vim
LANG=en_US.UTF-8
MODULEPATH=/afs/crc.nd.edu/x86_64_linux/Modules/modules/development_tools_and_libraries:/afs/crc.nd.edu/x86_64_linux/Modules/modules/general_software:/afs/crc.nd.edu/x86_64_linux/Modules/modules/restricted_software:/afs/crc.nd.edu/x86_64_linux/Modules/modules/system_modules:/afs/crc.nd.edu/x86_64_linux/Modules/modules/deprecated_software:/afs/crc.nd.edu/x86_64_linux/Modules/current/modulefiles
SGE_QMASTER_PORT=6444
SGE_ROOT=/opt/sge
LOADEDMODULES=CRC_default/1.1
WORK_QUEUE_SANDBOX=/var/condor/execute/dir_6161/worker-213124-6210
_CONDOR_SLOT=slot1
CCLPLATFORM=x86_64/redhat7
USE_SYSTEMD=true
_CONDOR_LOWPORT=9100
KRB5CCNAME=FILE:/tmp/krb5cc_213124_6nLDKQ
HISTCONTROL=ignoreboth:erasedups
PATH_modshare=/opt/crc/usr/local/bin:1:/opt/sge/bin/lx-amd64:1:/usr/sbin:1:/usr/bin:1:/afs/crc.nd.edu/user/c/condor/software/sbin:1:/usr/local/sbin:1:/afs/crc.nd.edu/user/c/condor/software/bin:1:/usr/local/bin:1
SHLVL=7
HOME=disc01.crc.nd.edu
GLOBUS_GSSAPI_NAME_COMPATIBILITY=STRICT_RFC2818
_CONDOR_MACHINE_AD=/var/condor/execute/dir_6161/.machine.ad
OSTYPE=linux
DISK=916662
GREP_OPTIONS=--color=auto
GLOBUS_GSSAPI_MIN_TLS_PROTOCOL=TLS1_VERSION
MEMORY=15899
MANPATH_modshare=/usr/share/man/overrides:1:/usr/local/share/man:1:/usr/share/man:1:/opt/crc/usr/local/man:1:/opt/sge/man:1
VENDOR=unknown
BASH_ENV=/afs/crc.nd.edu/x86_64_linux/Modules/4.5.0/init/bash
PERL_LOCAL_LIB_ROOT=/afs/crc.nd.edu/user/n/nkremerh/.perl5/
PYTHONPATH=/afs/crc.nd.edu/user/n/nkremerh/cctools/lib/python3.6/site-packages/
CCLHOME=/afs/crc.nd.edu/group/ccl
MACHTYPE=x86_64
LOGNAME=nkremerh
TMP=/var/condor/execute/dir_6161/worker-213124-6210/t.1263/cctools-temp-t.1263.ZUSov5
LD_LIBRARY_PATH_modshare=/opt/crc/usr/local/lib:1
MODULES_LMALTNAME_modshare=CRC_default/1.1&CRC_default/default&CRC_default:1
SSH_CONNECTION=10.17.150.200 39500 129.74.128.103 22
MODULESHOME=/afs/crc.nd.edu/x86_64_linux/Modules/4.5.0
_CONDOR_ANCESTOR_6161=6174:1600703218:1981079369
OMP_NUM_THREADS=1
LESSOPEN=||/usr/bin/lesspipe.sh %s
GLOBUS_GSSAPI_BACKWARD_COMPATIBLE_MIC=true
GLOBUS_GSSAPI_CIPHERS=HIGH
LOADEDMODULES_modshare=CRC_default/1.1:1
_CONDOR_JOB_AD=/var/condor/execute/dir_6161/.job.ad
SGE_CLUSTER_NAME=CRC
XDG_RUNTIME_DIR=/run/user/213124
CCTOOLS=../cctools
CORES=4
_CONDOR_JOB_IWD=/var/condor/execute/dir_6161
PERL_MM_OPT=INSTALL_BASE=/afs/crc.nd.edu/user/n/nkremerh/.perl5/
GLOBUS_GSSAPI_SERVER_CIPHER_ORDER=true
BASH_FUNC_module()=() {  unset _mlshdbg;
 if [ "${MODULES_SILENT_SHELL_DEBUG:-0}" = '1' ]; then
 case "$-" in 
 *v*x*)
 set +vx;
 _mlshdbg='vx'
 ;;
 *v*)
 set +v;
 _mlshdbg='v'
 ;;
 *x*)
 set +x;
 _mlshdbg='x'
 ;;
 *)
 _mlshdbg=''
 ;;
 esac;
 fi;
 unset _mlre _mlIFS;
 if [ -n "${IFS+x}" ]; then
 _mlIFS=$IFS;
 fi;
 IFS=' ';
 for _mlv in ${MODULES_RUN_QUARANTINE:-};
 do
 if [ "${_mlv}" = "${_mlv##*[!A-Za-z0-9_]}" -a "${_mlv}" = "${_mlv#[0-9]}" ]; then
 if [ -n "`eval 'echo ${'$_mlv'+x}'`" ]; then
 _mlre="${_mlre:-}${_mlv}_modquar='`eval 'echo ${'$_mlv'}'`' ";
 fi;
 _mlrv="MODULES_RUNENV_${_mlv}";
 _mlre="${_mlre:-}${_mlv}='`eval 'echo ${'$_mlrv':-}'`' ";
 fi;
 done;
 if [ -n "${_mlre:-}" ]; then
 eval `eval ${_mlre}/usr/bin/tclsh /afs/crc.nd.edu/x86_64_linux/Modules/4.5.0/libexec/modulecmd.tcl bash '"$@"'`;
 else
 eval `/usr/bin/tclsh /afs/crc.nd.edu/x86_64_linux/Modules/4.5.0/libexec/modulecmd.tcl bash "$@"`;
 fi;
 _mlstatus=$?;
 if [ -n "${_mlIFS+x}" ]; then
 IFS=$_mlIFS;
 else
 unset IFS;
 fi;
 unset _mlre _mlv _mlrv _mlIFS;
 if [ -n "${_mlshdbg:-}" ]; then
 set -$_mlshdbg;
 fi;
 unset _mlshdbg;
 return $_mlstatus
}
BASH_FUNC_ml()=() {  module ml "$@"
}
_=/usr/bin/printenv
